status file for recon-all
Sat Mar 14 03:28:03 CET 2026
#@# Tessellate lh Sat Mar 14 03:28:03 CET 2026
#@# Smooth1 lh Sat Mar 14 03:28:07 CET 2026
#@# Inflation1 lh Sat Mar 14 03:28:09 CET 2026
#@# QSphere lh Sat Mar 14 03:28:21 CET 2026
#@# Fix Topology lh Sat Mar 14 03:29:14 CET 2026
#@# Smooth2 lh Sat Mar 14 03:40:24 CET 2026
#@# Inflation2 lh Sat Mar 14 03:40:27 CET 2026
#@# Curv .H and .K lh Sat Mar 14 03:40:42 CET 2026
#@# Sphere lh Sat Mar 14 03:41:28 CET 2026
#@# Surf Reg lh Sat Mar 14 03:43:32 CET 2026
#@# Jacobian white lh Sat Mar 14 03:47:54 CET 2026
#@# AvgCurv lh Sat Mar 14 03:47:55 CET 2026
#@# Cortical Parc lh Sat Mar 14 03:47:56 CET 2026
#@# white curv lh Sat Mar 14 03:53:23 CET 2026
#@# white area lh Sat Mar 14 03:53:25 CET 2026
#@# pial curv lh Sat Mar 14 03:53:26 CET 2026
#@# pial area lh Sat Mar 14 03:53:28 CET 2026
#@# thickness lh Sat Mar 14 03:53:28 CET 2026
#@# area and vertex vol lh Sat Mar 14 03:53:57 CET 2026
#@# Curvature Stats lh Sat Mar 14 03:53:58 CET 2026
#@# Cortical Parc 2 lh Sat Mar 14 03:54:01 CET 2026
#@# Cortical Parc 3 lh Sat Mar 14 03:54:14 CET 2026
#@# WM/GM Contrast lh Sat Mar 14 03:54:23 CET 2026
recon-all -s sub-v2s8x29225_ses-1 finished without error at Sat Mar 14 03:54:27 CET 2026



#New# invocation of recon-all 



status file for recon-all
Sat Mar 14 04:37:42 CET 2026
#@# white curv lh Sat Mar 14 04:37:42 CET 2026
#@# white area lh Sat Mar 14 04:37:42 CET 2026
#@# pial curv lh Sat Mar 14 04:37:42 CET 2026
#@# pial area lh Sat Mar 14 04:37:42 CET 2026
#@# thickness lh Sat Mar 14 04:37:42 CET 2026
#@# area and vertex vol lh Sat Mar 14 04:37:42 CET 2026
#@# Parcellation Stats lh Sat Mar 14 04:37:42 CET 2026
#@# Parcellation Stats 2 lh Sat Mar 14 04:38:00 CET 2026
#@# Parcellation Stats 3 lh Sat Mar 14 04:38:10 CET 2026
#@# BA_exvivo Labels lh Sat Mar 14 04:38:19 CET 2026
recon-all -s sub-v2s8x29225_ses-1 finished without error at Sat Mar 14 04:40:44 CET 2026
