status file for recon-all
Fri Mar 13 23:43:40 CET 2026
#@# MotionCor Fri Mar 13 23:43:42 CET 2026
#@# Talairach Fri Mar 13 23:43:52 CET 2026
#@# Talairach Failure Detection Fri Mar 13 23:48:18 CET 2026
#@# Nu Intensity Correction Fri Mar 13 23:48:18 CET 2026
#@# Intensity Normalization Fri Mar 13 23:51:35 CET 2026
recon-all -s sub-v2s8x29180_ses-1 finished without error at Fri Mar 13 23:53:01 CET 2026



#New# invocation of recon-all 



status file for recon-all
Sat Mar 14 00:00:23 CET 2026
#@# EM Registration Sat Mar 14 00:00:23 CET 2026
recon-all -s sub-v2s8x29180_ses-1 finished without error at Sat Mar 14 00:02:37 CET 2026



#New# invocation of recon-all 



status file for recon-all
Sat Mar 14 00:02:39 CET 2026
#@# CA Normalize Sat Mar 14 00:02:39 CET 2026
#@# CA Reg Sat Mar 14 00:03:59 CET 2026
#@# SubCort Seg Sat Mar 14 00:58:17 CET 2026
#@# CC Seg Sat Mar 14 01:25:35 CET 2026
#@# Merge ASeg Sat Mar 14 01:26:11 CET 2026
#@# Intensity Normalization2 Sat Mar 14 01:26:11 CET 2026
#@# Mask BFS Sat Mar 14 01:28:24 CET 2026
#@# WM Segmentation Sat Mar 14 01:28:24 CET 2026
#@# Fill Sat Mar 14 01:30:17 CET 2026
recon-all -s sub-v2s8x29180_ses-1 finished without error at Sat Mar 14 01:31:24 CET 2026



#New# invocation of recon-all 



status file for recon-all
Sat Mar 14 02:20:16 CET 2026
#@# white curv lh Sat Mar 14 02:20:16 CET 2026
#@# white area lh Sat Mar 14 02:20:16 CET 2026
#@# pial curv lh Sat Mar 14 02:20:16 CET 2026
#@# pial area lh Sat Mar 14 02:20:16 CET 2026
#@# thickness lh Sat Mar 14 02:20:16 CET 2026
#@# area and vertex vol lh Sat Mar 14 02:20:16 CET 2026
#@# white curv rh Sat Mar 14 02:20:16 CET 2026
#@# white area rh Sat Mar 14 02:20:16 CET 2026
#@# pial curv rh Sat Mar 14 02:20:16 CET 2026
#@# pial area rh Sat Mar 14 02:20:16 CET 2026
#@# thickness rh Sat Mar 14 02:20:16 CET 2026
#@# area and vertex vol rh Sat Mar 14 02:20:16 CET 2026
#@# Cortical ribbon mask Sat Mar 14 02:20:16 CET 2026
recon-all -s sub-v2s8x29180_ses-1 finished without error at Sat Mar 14 02:25:05 CET 2026



#New# invocation of recon-all 



status file for recon-all
Sat Mar 14 02:31:48 CET 2026
#@# white curv lh Sat Mar 14 02:31:48 CET 2026
#@# white area lh Sat Mar 14 02:31:48 CET 2026
#@# pial curv lh Sat Mar 14 02:31:48 CET 2026
#@# pial area lh Sat Mar 14 02:31:48 CET 2026
#@# thickness lh Sat Mar 14 02:31:48 CET 2026
#@# area and vertex vol lh Sat Mar 14 02:31:48 CET 2026
#@# white curv rh Sat Mar 14 02:31:48 CET 2026
#@# white area rh Sat Mar 14 02:31:48 CET 2026
#@# pial curv rh Sat Mar 14 02:31:48 CET 2026
#@# pial area rh Sat Mar 14 02:31:48 CET 2026
#@# thickness rh Sat Mar 14 02:31:48 CET 2026
#@# area and vertex vol rh Sat Mar 14 02:31:48 CET 2026
#@# Curvature Stats lh Sat Mar 14 02:31:48 CET 2026
#@# Curvature Stats rh Sat Mar 14 02:31:51 CET 2026
#@# Relabel Hypointensities Sat Mar 14 02:31:53 CET 2026
#@# APas-to-ASeg Sat Mar 14 02:32:08 CET 2026
#@# AParc-to-ASeg aparc Sat Mar 14 02:32:17 CET 2026
#@# AParc-to-ASeg aparc.a2009s Sat Mar 14 02:33:02 CET 2026
#@# AParc-to-ASeg aparc.DKTatlas Sat Mar 14 02:33:47 CET 2026
#@# WMParc Sat Mar 14 02:34:33 CET 2026
#@# ASeg Stats Sat Mar 14 02:38:39 CET 2026
recon-all -s sub-v2s8x29180_ses-1 finished without error at Sat Mar 14 02:39:20 CET 2026
