status file for recon-all
Sat Mar 14 01:50:35 CET 2026
#@# Tessellate lh Sat Mar 14 01:50:35 CET 2026
#@# Smooth1 lh Sat Mar 14 01:50:38 CET 2026
#@# Inflation1 lh Sat Mar 14 01:50:40 CET 2026
#@# QSphere lh Sat Mar 14 01:50:50 CET 2026
#@# Fix Topology lh Sat Mar 14 01:51:28 CET 2026
#@# Smooth2 lh Sat Mar 14 01:55:44 CET 2026
#@# Inflation2 lh Sat Mar 14 01:55:46 CET 2026
#@# Curv .H and .K lh Sat Mar 14 01:55:57 CET 2026
#@# Sphere lh Sat Mar 14 01:56:28 CET 2026
#@# Surf Reg lh Sat Mar 14 01:58:40 CET 2026
#@# Jacobian white lh Sat Mar 14 02:01:35 CET 2026
#@# AvgCurv lh Sat Mar 14 02:01:36 CET 2026
#@# Cortical Parc lh Sat Mar 14 02:01:36 CET 2026
#@# white curv lh Sat Mar 14 02:06:07 CET 2026
#@# white area lh Sat Mar 14 02:06:08 CET 2026
#@# pial curv lh Sat Mar 14 02:06:09 CET 2026
#@# pial area lh Sat Mar 14 02:06:10 CET 2026
#@# thickness lh Sat Mar 14 02:06:10 CET 2026
#@# area and vertex vol lh Sat Mar 14 02:06:27 CET 2026
#@# Curvature Stats lh Sat Mar 14 02:06:28 CET 2026
#@# Cortical Parc 2 lh Sat Mar 14 02:06:30 CET 2026
#@# Cortical Parc 3 lh Sat Mar 14 02:06:40 CET 2026
#@# WM/GM Contrast lh Sat Mar 14 02:06:46 CET 2026
recon-all -s sub-v2s8x29196_ses-1 finished without error at Sat Mar 14 02:06:49 CET 2026



#New# invocation of recon-all 



status file for recon-all
Sat Mar 14 02:26:29 CET 2026
#@# white curv lh Sat Mar 14 02:26:29 CET 2026
#@# white area lh Sat Mar 14 02:26:29 CET 2026
#@# pial curv lh Sat Mar 14 02:26:29 CET 2026
#@# pial area lh Sat Mar 14 02:26:30 CET 2026
#@# thickness lh Sat Mar 14 02:26:30 CET 2026
#@# area and vertex vol lh Sat Mar 14 02:26:30 CET 2026
#@# Parcellation Stats lh Sat Mar 14 02:26:30 CET 2026
#@# Parcellation Stats 2 lh Sat Mar 14 02:26:41 CET 2026
#@# Parcellation Stats 3 lh Sat Mar 14 02:26:47 CET 2026
#@# BA_exvivo Labels lh Sat Mar 14 02:26:54 CET 2026
recon-all -s sub-v2s8x29196_ses-1 finished without error at Sat Mar 14 02:28:37 CET 2026
