status file for recon-all
Sat Mar 14 02:02:09 CET 2026
#@# Tessellate rh Sat Mar 14 02:02:09 CET 2026
#@# Smooth1 rh Sat Mar 14 02:02:13 CET 2026
#@# Inflation1 rh Sat Mar 14 02:02:15 CET 2026
#@# QSphere rh Sat Mar 14 02:02:27 CET 2026
#@# Fix Topology rh Sat Mar 14 02:03:25 CET 2026
#@# Smooth2 rh Sat Mar 14 02:09:11 CET 2026
#@# Inflation2 rh Sat Mar 14 02:09:14 CET 2026
#@# Curv .H and .K rh Sat Mar 14 02:09:28 CET 2026
#@# Sphere rh Sat Mar 14 02:10:12 CET 2026
#@# Surf Reg rh Sat Mar 14 02:13:27 CET 2026
#@# Jacobian white rh Sat Mar 14 02:16:58 CET 2026
#@# AvgCurv rh Sat Mar 14 02:16:59 CET 2026
#@# Cortical Parc rh Sat Mar 14 02:17:00 CET 2026
#@# white curv rh Sat Mar 14 02:22:51 CET 2026
#@# white area rh Sat Mar 14 02:22:52 CET 2026
#@# pial curv rh Sat Mar 14 02:22:53 CET 2026
#@# pial area rh Sat Mar 14 02:22:55 CET 2026
#@# thickness rh Sat Mar 14 02:22:55 CET 2026
#@# area and vertex vol rh Sat Mar 14 02:23:27 CET 2026
#@# Curvature Stats rh Sat Mar 14 02:23:29 CET 2026
#@# Cortical Parc 2 rh Sat Mar 14 02:23:31 CET 2026
#@# Cortical Parc 3 rh Sat Mar 14 02:23:44 CET 2026
#@# WM/GM Contrast rh Sat Mar 14 02:23:54 CET 2026
recon-all -s sub-v2s8x29184_ses-1 finished without error at Sat Mar 14 02:23:58 CET 2026



#New# invocation of recon-all 



status file for recon-all
Sat Mar 14 02:31:46 CET 2026
#@# white curv rh Sat Mar 14 02:31:46 CET 2026
#@# white area rh Sat Mar 14 02:31:46 CET 2026
#@# pial curv rh Sat Mar 14 02:31:46 CET 2026
#@# pial area rh Sat Mar 14 02:31:46 CET 2026
#@# thickness rh Sat Mar 14 02:31:46 CET 2026
#@# area and vertex vol rh Sat Mar 14 02:31:46 CET 2026
#@# Parcellation Stats rh Sat Mar 14 02:31:46 CET 2026
#@# Parcellation Stats 2 rh Sat Mar 14 02:32:02 CET 2026
#@# Parcellation Stats 3 rh Sat Mar 14 02:32:11 CET 2026
#@# BA_exvivo Labels rh Sat Mar 14 02:32:19 CET 2026
recon-all -s sub-v2s8x29184_ses-1 finished without error at Sat Mar 14 02:34:47 CET 2026
