status file for recon-all
Sat Mar 14 01:40:19 CET 2026
#@# Tessellate lh Sat Mar 14 01:40:19 CET 2026
#@# Smooth1 lh Sat Mar 14 01:40:23 CET 2026
#@# Inflation1 lh Sat Mar 14 01:40:25 CET 2026
#@# QSphere lh Sat Mar 14 01:40:38 CET 2026
#@# Fix Topology lh Sat Mar 14 01:41:43 CET 2026
#@# Smooth2 lh Sat Mar 14 01:48:00 CET 2026
#@# Inflation2 lh Sat Mar 14 01:48:03 CET 2026
#@# Curv .H and .K lh Sat Mar 14 01:48:15 CET 2026
#@# Sphere lh Sat Mar 14 01:49:00 CET 2026
#@# Surf Reg lh Sat Mar 14 01:51:18 CET 2026
#@# Jacobian white lh Sat Mar 14 01:54:56 CET 2026
#@# AvgCurv lh Sat Mar 14 01:54:57 CET 2026
#@# Cortical Parc lh Sat Mar 14 01:54:58 CET 2026
#@# white curv lh Sat Mar 14 02:01:02 CET 2026
#@# white area lh Sat Mar 14 02:01:04 CET 2026
#@# pial curv lh Sat Mar 14 02:01:04 CET 2026
#@# pial area lh Sat Mar 14 02:01:06 CET 2026
#@# thickness lh Sat Mar 14 02:01:07 CET 2026
#@# area and vertex vol lh Sat Mar 14 02:01:35 CET 2026
#@# Curvature Stats lh Sat Mar 14 02:01:37 CET 2026
#@# Cortical Parc 2 lh Sat Mar 14 02:01:39 CET 2026
#@# Cortical Parc 3 lh Sat Mar 14 02:01:51 CET 2026
#@# WM/GM Contrast lh Sat Mar 14 02:02:01 CET 2026
recon-all -s sub-v2s8x29184_ses-1 finished without error at Sat Mar 14 02:02:05 CET 2026



#New# invocation of recon-all 



status file for recon-all
Sat Mar 14 02:28:39 CET 2026
#@# white curv lh Sat Mar 14 02:28:39 CET 2026
#@# white area lh Sat Mar 14 02:28:39 CET 2026
#@# pial curv lh Sat Mar 14 02:28:39 CET 2026
#@# pial area lh Sat Mar 14 02:28:39 CET 2026
#@# thickness lh Sat Mar 14 02:28:39 CET 2026
#@# area and vertex vol lh Sat Mar 14 02:28:39 CET 2026
#@# Parcellation Stats lh Sat Mar 14 02:28:40 CET 2026
#@# Parcellation Stats 2 lh Sat Mar 14 02:28:57 CET 2026
#@# Parcellation Stats 3 lh Sat Mar 14 02:29:05 CET 2026
#@# BA_exvivo Labels lh Sat Mar 14 02:29:14 CET 2026
recon-all -s sub-v2s8x29184_ses-1 finished without error at Sat Mar 14 02:31:42 CET 2026
