/out/sourcedata/freesurfer/sub-v2s8x29180_ses-1/mri
/opt/freesurfer/bin/talairach_avi
--i orig_nu.mgz --xfm transforms/talairach.auto.xfm
talairach_avi 7.3.2
Linux dna039 5.14.0-427.37.1.el9_4.x86_64 #1 SMP PREEMPT_DYNAMIC Fri Sep 13 12:41:50 EDT 2024 x86_64 x86_64 x86_64 GNU/Linux
Fri Mar 13 23:46:46 CET 2026
mri_convert orig_nu.mgz talsrcimg.img 
reading from orig_nu.mgz...
TR=0.00, TE=0.00, TI=0.00, flip angle=0.00
i_ras = (-1, 0, 0)
j_ras = (0, 0, -1)
k_ras = (0, 1, 0)
writing to talsrcimg.img...
Analyze Output Matrix
-1.00000   0.00000   0.00000   126.05019;
 0.00000   0.00000   1.00000  -128.00000;
 0.00000  -1.00000   0.00000   127.83133;
 0.00000   0.00000   0.00000   1.00000;
--------------------
INFO: set hdr.hist.orient to -1
mpr2mni305 talsrcimg
Fri Mar 13 23:46:47 CET 2026
/opt/freesurfer/bin/mpr2mni305 talsrcimg
mpr2mni305 7.3.2
target=711-2C_as_mni_average_305

---------------------------------------------------------------------
analyzeto4dfp talsrcimg -O0 -y
---------------------------------------------------------------------

freesurfer ifh2hdr.c
Fri Mar 13 23:46:47 2026
Writing: talsrcimg.4dfp.hdr
freesurfer analyzeto4dfp.c
Reading: talsrcimg.hdr
header size 348 bytes
hdr.dime.datatype	offset=70	value=2
hdr.dime.bitpix		offset=72	value=8
hdr.hist.orient		offset=252	value=-1
dimensionality     4
dimensions       256       256       256         1
Reading: talsrcimg.img
Writing: talsrcimg.4dfp.img
Writing: talsrcimg.4dfp.ifh
ifh2hdr talsrcimg -r0to220
ori=2

---------------------------------------------------------------------
gauss_4dfp talsrcimg 1.1
---------------------------------------------------------------------

freesurfer gauss_4dfp.c
Reading: talsrcimg.4dfp.img
Writing: talsrcimg_g11.4dfp.img
image dimensions 256 256 256 padded to 288 288 288
processing volume 1freesurfer ifh2hdr.c
Fri Mar 13 23:46:49 2026
Writing: talsrcimg_g11.4dfp.hdr

Writing: talsrcimg_g11.4dfp.ifh
including: talsrcimg.4dfp.img.rec in talsrcimg_g11.4dfp.img.rec

---------------------------------------------------------------------
imgreg_4dfp /opt/freesurfer/average/711-2C_as_mni_average_305 none talsrcimg_g11 none talsrcimg_to_711-2C_as_mni_average_305_t4 4355
---------------------------------------------------------------------

freesurfer imgreg_4dfp.c
/opt/freesurfer/average/711-2C_as_mni_average_305.4dfp.img
       256       256       256         1
  1.000000  1.000000  1.000000
orientation T byte_order littleendian
Reading image: /opt/freesurfer/average/711-2C_as_mni_average_305.4dfp.img
dimensions:      256       256       256
mmppix:       1.0000   -1.0000   -1.0000
center:     128.0000 -129.0000 -129.0000
talsrcimg_g11.4dfp.img
       256       256       256         1
  1.000000  1.000000  1.000000
orientation T byte_order littleendian
Reading image: talsrcimg_g11.4dfp.img
dimensions:      256       256       256
mmppix:       1.0000   -1.0000   -1.0000
center:     128.0000 -129.0000 -129.0000
t4_read: open error in t4_sub.f l:  41 t4_file(1:l)talsrcimg_to_711-2C_as_mni_average_305_t4 
t4_read: transform initialized to I4
rotation matrix determinant  1.000000
image alignment mode   4355 decimal     1103 hex
   -7.5000  -45.0000  -45.0000 9157.9922   21.7997
    0.0000  -45.0000  -45.0000 9593.3975   21.7761
    7.5000  -45.0000  -45.0000 9184.4189   21.7557
   -7.5000  -37.5000  -45.0000 9556.7852   21.7459
    0.0000  -37.5000  -45.000010005.1768   21.7249
    7.5000  -37.5000  -45.0000 9558.0117   21.7131
   -7.5000  -30.0000  -45.000010244.6660   21.7560
    0.0000  -30.0000  -45.000010739.7500   21.7334
    7.5000  -30.0000  -45.000010235.3486   21.7254
   -7.5000  -22.5000  -45.000010879.2363   21.8385
    0.0000  -22.5000  -45.000011392.0449   21.8125
    7.5000  -22.5000  -45.000010838.7891   21.7997
   -7.5000  -15.0000  -45.000011451.1084   21.9075
    0.0000  -15.0000  -45.000011964.5254   21.8824
    7.5000  -15.0000  -45.000011404.8174   21.8618
   -7.5000   -7.5000  -45.000012002.2393   21.8786
    0.0000   -7.5000  -45.000012512.9375   21.8544
    7.5000   -7.5000  -45.000011942.6641   21.8299
   -7.5000    0.0000  -45.000012459.7852   21.7997
    0.0000    0.0000  -45.000012953.8115   21.7761
    7.5000    0.0000  -45.000012392.7939   21.7557
   -7.5000    7.5000  -45.000011803.0576   21.7459
    0.0000    7.5000  -45.000012258.2793   21.7249
    7.5000    7.5000  -45.000011719.7393   21.7131
   -7.5000   15.0000  -45.000011047.2666   21.7560
    0.0000   15.0000  -45.000011487.4619   21.7334
    7.5000   15.0000  -45.000010948.4180   21.7254
   -7.5000   22.5000  -45.000010221.5420   21.8355
    0.0000   22.5000  -45.000010639.3779   21.8095
    7.5000   22.5000  -45.000010150.8076   21.7967
   -7.5000   30.0000  -45.0000 9369.7793   21.6155
    0.0000   30.0000  -45.0000 9712.6885   21.5908
    7.5000   30.0000  -45.0000 9274.2188   21.5705
   -7.5000   37.5000  -45.0000 8817.9521   21.5871
    0.0000   37.5000  -45.0000 9131.3740   21.5631
    7.5000   37.5000  -45.0000 8715.5713   21.5390
   -7.5000   45.0000  -45.0000 7918.7651   20.9654
    0.0000   45.0000  -45.0000 8202.3564   20.9428
    7.5000   45.0000  -45.0000 7794.8462   20.9231
   -7.5000  -45.0000  -37.5000 9697.2197   21.8335
    0.0000  -45.0000  -37.500010188.7334   21.8023
    7.5000  -45.0000  -37.5000 9749.6113   21.7779
   -7.5000  -37.5000  -37.500010130.8252   21.7866
    0.0000  -37.5000  -37.500010620.3496   21.7594
    7.5000  -37.5000  -37.500010135.2441   21.7402
   -7.5000  -30.0000  -37.500010853.9971   21.7934
    0.0000  -30.0000  -37.500011372.3008   21.7678
    7.5000  -30.0000  -37.500010821.7471   21.7527
   -7.5000  -22.5000  -37.500011494.4297   21.8630
    0.0000  -22.5000  -37.500012054.6816   21.8365
    7.5000  -22.5000  -37.500011449.2969   21.8212
   -7.5000  -15.0000  -37.500012069.6104   21.9226
    0.0000  -15.0000  -37.500012641.2344   21.8959
    7.5000  -15.0000  -37.500012024.0723   21.8771
   -7.5000   -7.5000  -37.500012629.3379   21.8999
    0.0000   -7.5000  -37.500013196.3594   21.8698
    7.5000   -7.5000  -37.500012571.8066   21.8460
   -7.5000    0.0000  -37.500013081.6924   21.8335
    0.0000    0.0000  -37.500013642.8096   21.8023
    7.5000    0.0000  -37.500013024.8594   21.7779
   -7.5000    7.5000  -37.500012372.6992   21.7866
    0.0000    7.5000  -37.500012895.4824   21.7594
    7.5000    7.5000  -37.500012299.4014   21.7402
   -7.5000   15.0000  -37.500011539.8867   21.7934
    0.0000   15.0000  -37.500012031.6348   21.7678
    7.5000   15.0000  -37.500011460.8818   21.7527
   -7.5000   22.5000  -37.500010656.2969   21.8600
    0.0000   22.5000  -37.500011109.2607   21.8335
    7.5000   22.5000  -37.500010578.5146   21.8182
   -7.5000   30.0000  -37.5000 9737.3037   21.6305
    0.0000   30.0000  -37.500010126.4180   21.6041
    7.5000   30.0000  -37.5000 9638.6338   21.5855
   -7.5000   37.5000  -37.5000 9149.6191   21.6081
    0.0000   37.5000  -37.5000 9489.9434   21.5784
    7.5000   37.5000  -37.5000 9057.3291   21.5548
   -7.5000   45.0000  -37.5000 8205.1289   20.9980
    0.0000   45.0000  -37.5000 8501.1406   20.9679
    7.5000   45.0000  -37.5000 8093.5459   20.9446
   -7.5000  -45.0000  -30.000010420.2090   22.8118
    0.0000  -45.0000  -30.000010923.5977   22.7843
    7.5000  -45.0000  -30.000010447.6924   22.7556
   -7.5000  -37.5000  -30.000010862.1484   22.7623
    0.0000  -37.5000  -30.000011369.0420   22.7408
    7.5000  -37.5000  -30.000010854.6562   22.7155
   -7.5000  -30.0000  -30.000011606.7197   22.7606
    0.0000  -30.0000  -30.000012131.0332   22.7443
    7.5000  -30.0000  -30.000011574.4580   22.7236
   -7.5000  -22.5000  -30.000012291.0479   22.8232
    0.0000  -22.5000  -30.000012858.4365   22.8079
    7.5000  -22.5000  -30.000012250.3379   22.7900
   -7.5000  -15.0000  -30.000012893.0518   22.8843
    0.0000  -15.0000  -30.000013482.7676   22.8657
    7.5000  -15.0000  -30.000012844.9551   22.8460
   -7.5000   -7.5000  -30.000013464.1895   22.8713
    0.0000   -7.5000  -30.000014073.8525   22.8454
    7.5000   -7.5000  -30.000013391.5703   22.8195
   -7.5000    0.0000  -30.000013937.8828   22.8118
    0.0000    0.0000  -30.000014547.6680   22.7843
    7.5000    0.0000  -30.000013849.9844   22.7556
   -7.5000    7.5000  -30.000013144.1914   22.7623
    0.0000    7.5000  -30.000013730.7529   22.7408
    7.5000    7.5000  -30.000013065.1074   22.7155
   -7.5000   15.0000  -30.000012251.3271   22.7606
    0.0000   15.0000  -30.000012789.9629   22.7443
    7.5000   15.0000  -30.000012152.8604   22.7236
   -7.5000   22.5000  -30.000011282.8516   22.8177
    0.0000   22.5000  -30.000011780.5664   22.8024
    7.5000   22.5000  -30.000011171.7295   22.7845
   -7.5000   30.0000  -30.000010292.5684   22.5815
    0.0000   30.0000  -30.000010712.3877   22.5631
    7.5000   30.0000  -30.000010169.2021   22.5437
   -7.5000   37.5000  -30.0000 9661.9707   22.5686
    0.0000   37.5000  -30.000010023.1846   22.5431
    7.5000   37.5000  -30.0000 9531.1523   22.5175
   -7.5000   45.0000  -30.0000 8622.7490   21.9550
    0.0000   45.0000  -30.0000 8948.1895   21.9285
    7.5000   45.0000  -30.0000 8504.1875   21.9009
   -7.5000  -45.0000  -22.500011117.4805   23.6250
    0.0000  -45.0000  -22.500011674.1650   23.6102
    7.5000  -45.0000  -22.500011151.7920   23.5795
   -7.5000  -37.5000  -22.500011549.6523   23.5621
    0.0000  -37.5000  -22.500012085.0664   23.5537
    7.5000  -37.5000  -22.500011539.7969   23.5294
   -7.5000  -30.0000  -22.500012349.1396   23.5539
    0.0000  -30.0000  -22.500012851.6670   23.5506
    7.5000  -30.0000  -22.500012292.5352   23.5315
   -7.5000  -22.5000  -22.500013067.9326   23.6253
    0.0000  -22.5000  -22.500013603.3320   23.6222
    7.5000  -22.5000  -22.500013007.9238   23.6031
   -7.5000  -15.0000  -22.500013684.8574   23.7012
    0.0000  -15.0000  -22.500014275.7637   23.6932
    7.5000  -15.0000  -22.500013640.2881   23.6685
   -7.5000   -7.5000  -22.500014271.3096   23.6925
    0.0000   -7.5000  -22.500014875.0098   23.6780
    7.5000   -7.5000  -22.500014196.1963   23.6469
   -7.5000    0.0000  -22.500014718.9961   23.6250
    0.0000    0.0000  -22.500015359.5234   23.6102
    7.5000    0.0000  -22.500014632.4912   23.5795
   -7.5000    7.5000  -22.500013890.2148   23.5621
    0.0000    7.5000  -22.500014477.3604   23.5537
    7.5000    7.5000  -22.500013792.3740   23.5294
   -7.5000   15.0000  -22.500012921.4131   23.5539
    0.0000   15.0000  -22.500013472.1035   23.5506
    7.5000   15.0000  -22.500012829.9854   23.5315
   -7.5000   22.5000  -22.500011893.2725   23.6180
    0.0000   22.5000  -22.500012391.1885   23.6149
    7.5000   22.5000  -22.500011780.0820   23.5958
   -7.5000   30.0000  -22.500010825.0430   23.3912
    0.0000   30.0000  -22.500011276.6758   23.3833
    7.5000   30.0000  -22.500010700.1982   23.3589
   -7.5000   37.5000  -22.500010148.0146   23.3826
    0.0000   37.5000  -22.500010543.4375   23.3683
    7.5000   37.5000  -22.500010008.7129   23.3375
   -7.5000   45.0000  -22.5000 9050.7656   22.7547
    0.0000   45.0000  -22.5000 9395.5869   22.7404
    7.5000   45.0000  -22.5000 8925.2939   22.7109
   -7.5000  -45.0000  -15.000011806.8291   24.1601
    0.0000  -45.0000  -15.000012367.9941   24.1568
    7.5000  -45.0000  -15.000011833.8564   24.1298
   -7.5000  -37.5000  -15.000012230.7832   24.0853
    0.0000  -37.5000  -15.000012751.3193   24.0862
    7.5000  -37.5000  -15.000012221.5010   24.0699
   -7.5000  -30.0000  -15.000013036.3262   24.0776
    0.0000  -30.0000  -15.000013503.4375   24.0806
    7.5000  -30.0000  -15.000012990.0586   24.0695
   -7.5000  -22.5000  -15.000013767.2344   24.1655
    0.0000  -22.5000  -15.000014241.7490   24.1661
    7.5000  -22.5000  -15.000013704.5342   24.1502
   -7.5000  -15.0000  -15.000014402.0361   24.2566
    0.0000  -15.0000  -15.000014942.7295   24.2535
    7.5000  -15.0000  -15.000014357.0850   24.2272
   -7.5000   -7.5000  -15.000015017.1807   24.2434
    0.0000   -7.5000  -15.000015593.0244   24.2383
    7.5000   -7.5000  -15.000014974.3506   24.2061
   -7.5000    0.0000  -15.000015447.4766   24.1601
    0.0000    0.0000  -15.000016036.4238   24.1568
    7.5000    0.0000  -15.000015364.7422   24.1298
   -7.5000    7.5000  -15.000014569.8301   24.0853
    0.0000    7.5000  -15.000015132.0605   24.0862
    7.5000    7.5000  -15.000014488.2402   24.0699
   -7.5000   15.0000  -15.000013557.4922   24.0776
    0.0000   15.0000  -15.000014089.3604   24.0806
    7.5000   15.0000  -15.000013474.0049   24.0695
   -7.5000   22.5000  -15.000012457.9434   24.1569
    0.0000   22.5000  -15.000012959.5908   24.1575
    7.5000   22.5000  -15.000012373.7334   24.1416
   -7.5000   30.0000  -15.000011319.9180   23.9427
    0.0000   30.0000  -15.000011762.5898   23.9396
    7.5000   30.0000  -15.000011220.4385   23.9137
   -7.5000   37.5000  -15.000010564.1074   23.9296
    0.0000   37.5000  -15.000010956.8438   23.9246
    7.5000   37.5000  -15.000010442.3047   23.8928
   -7.5000   45.0000  -15.0000 9411.5625   23.2841
    0.0000   45.0000  -15.0000 9761.2451   23.2809
    7.5000   45.0000  -15.0000 9279.3477   23.2549
   -7.5000  -45.0000   -7.500012486.1631   24.3761
    0.0000  -45.0000   -7.500012996.9434   24.3669
    7.5000  -45.0000   -7.500012453.4395   24.3451
   -7.5000  -37.5000   -7.500012922.7031   24.3045
    0.0000  -37.5000   -7.500013396.6084   24.2982
    7.5000  -37.5000   -7.500012867.0127   24.2882
   -7.5000  -30.0000   -7.500013736.6855   24.3070
    0.0000  -30.0000   -7.500014151.1924   24.2995
    7.5000  -30.0000   -7.500013659.6084   24.2938
   -7.5000  -22.5000   -7.500014472.5908   24.4038
    0.0000  -22.5000   -7.500014891.5996   24.3917
    7.5000  -22.5000   -7.500014402.5098   24.3788
   -7.5000  -15.0000   -7.500015121.5635   24.4932
    0.0000  -15.0000   -7.500015610.4775   24.4804
    7.5000  -15.0000   -7.500015073.0059   24.4562
   -7.5000   -7.5000   -7.500015744.9805   24.4679
    0.0000   -7.5000   -7.500016281.9873   24.4565
    7.5000   -7.5000   -7.500015714.0889   24.4278
   -7.5000    0.0000   -7.500016148.1885   24.3761
    0.0000    0.0000   -7.500016716.4570   24.3669
    7.5000    0.0000   -7.500016092.0059   24.3451
   -7.5000    7.5000   -7.500015206.7910   24.3045
    0.0000    7.5000   -7.500015771.0811   24.2982
    7.5000    7.5000   -7.500015157.8896   24.2882
   -7.5000   15.0000   -7.500014175.2109   24.3070
    0.0000   15.0000   -7.500014670.3057   24.2995
    7.5000   15.0000   -7.500014130.3545   24.2938
   -7.5000   22.5000   -7.500013036.1846   24.3925
    0.0000   22.5000   -7.500013498.4111   24.3805
    7.5000   22.5000   -7.500012985.1289   24.3675
   -7.5000   30.0000   -7.500011827.4062   24.1756
    0.0000   30.0000   -7.500012243.3291   24.1629
    7.5000   30.0000   -7.500011765.2197   24.1390
   -7.5000   37.5000   -7.500011001.7568   24.1506
    0.0000   37.5000   -7.500011376.9648   24.1394
    7.5000   37.5000   -7.500010888.1963   24.1111
   -7.5000   45.0000   -7.5000 9766.9160   23.4966
    0.0000   45.0000   -7.500010094.4111   23.4877
    7.5000   45.0000   -7.5000 9634.2363   23.4668
   -7.5000  -45.0000    0.000013033.1748   24.3944
    0.0000  -45.0000    0.000013549.2686   24.3680
    7.5000  -45.0000    0.000012984.3643   24.3451
   -7.5000  -37.5000    0.000013493.6328   24.3341
    0.0000  -37.5000    0.000013990.5576   24.3106
    7.5000  -37.5000    0.000013425.7012   24.2975
   -7.5000  -30.0000    0.000014320.2598   24.3454
    0.0000  -30.0000    0.000014772.5205   24.3202
    7.5000  -30.0000    0.000014247.7197   24.3112
   -7.5000  -22.5000    0.000015017.4941   24.4378
    0.0000  -22.5000    0.000015441.8408   24.4087
    7.5000  -22.5000    0.000014972.3516   24.3943
   -7.5000  -15.0000    0.000015640.0312   24.5150
    0.0000  -15.0000    0.000016130.3486   24.4869
    7.5000  -15.0000    0.000015642.4736   24.4639
   -7.5000   -7.5000    0.000016303.8154   24.4827
    0.0000   -7.5000    0.000016790.0332   24.4555
    7.5000   -7.5000    0.000016280.4834   24.4281
   -7.5000    0.0000    0.000016723.3809   24.3944
    0.0000    0.0000    0.000017192.6113   24.3680
    7.5000    0.0000    0.000016653.8027   24.3451
   -7.5000    7.5000    0.000015738.3252   24.3341
    0.0000    7.5000    0.000016194.0898   24.3106
    7.5000    7.5000    0.000015678.5898   24.2975
   -7.5000   15.0000    0.000014692.7578   24.3454
    0.0000   15.0000    0.000015072.4736   24.3202
    7.5000   15.0000    0.000014612.9277   24.3112
   -7.5000   22.5000    0.000013535.8516   24.4265
    0.0000   22.5000    0.000013918.4736   24.3975
    7.5000   22.5000    0.000013446.9365   24.3831
   -7.5000   30.0000    0.000012281.2695   24.1977
    0.0000   30.0000    0.000012657.9551   24.1700
    7.5000   30.0000    0.000012194.6719   24.1473
   -7.5000   37.5000    0.000011420.2754   24.1658
    0.0000   37.5000    0.000011762.3770   24.1390
    7.5000   37.5000    0.000011300.6367   24.1120
   -7.5000   45.0000    0.000010108.1240   23.5161
    0.0000   45.0000    0.000010414.0303   23.4906
    7.5000   45.0000    0.0000 9982.9189   23.4686
   -7.5000  -45.0000    7.500012496.0625   24.4323
    0.0000  -45.0000    7.500013046.7998   24.3973
    7.5000  -45.0000    7.500012493.0371   24.3701
   -7.5000  -37.5000    7.500012945.9971   24.3798
    0.0000  -37.5000    7.500013467.2959   24.3494
    7.5000  -37.5000    7.500012917.0977   24.3279
   -7.5000  -30.0000    7.500013761.1787   24.3874
    0.0000  -30.0000    7.500014271.9248   24.3587
    7.5000  -30.0000    7.500013725.8047   24.3418
   -7.5000  -22.5000    7.500014500.1943   24.4653
    0.0000  -22.5000    7.500014962.1660   24.4356
    7.5000  -22.5000    7.500014488.9678   24.4186
   -7.5000  -15.0000    7.500015201.2725   24.5320
    0.0000  -15.0000    7.500015646.6895   24.5021
    7.5000  -15.0000    7.500015168.9697   24.4810
   -7.5000   -7.5000    7.500015849.7549   24.5066
    0.0000   -7.5000    7.500016266.4355   24.4729
    7.5000   -7.5000    7.500015772.7520   24.4462
   -7.5000    0.0000    7.500016229.3740   24.4323
    0.0000    0.0000    7.500016614.4043   24.3973
    7.5000    0.0000    7.500016071.8086   24.3701
   -7.5000    7.5000    7.500015246.1963   24.3798
    0.0000    7.5000    7.500015597.8633   24.3494
    7.5000    7.5000    7.500015084.7988   24.3279
   -7.5000   15.0000    7.500014148.1875   24.3874
    0.0000   15.0000    7.500014506.5781   24.3587
    7.5000   15.0000    7.500014023.8789   24.3418
   -7.5000   22.5000    7.500012991.5215   24.4540
    0.0000   22.5000    7.500013372.3955   24.4244
    7.5000   22.5000    7.500012890.3486   24.4073
   -7.5000   30.0000    7.500011760.3350   24.2145
    0.0000   30.0000    7.500012151.4619   24.1850
    7.5000   30.0000    7.500011648.9092   24.1642
   -7.5000   37.5000    7.500010898.6992   24.1894
    0.0000   37.5000    7.500011272.1055   24.1562
    7.5000   37.5000    7.500010782.1523   24.1299
   -7.5000   45.0000    7.5000 9613.0029   23.5526
    0.0000   45.0000    7.5000 9934.5889   23.5189
    7.5000   45.0000    7.5000 9515.4395   23.4927
   -7.5000  -45.0000   15.000011894.3154   24.5112
    0.0000  -45.0000   15.000012399.0479   24.4818
    7.5000  -45.0000   15.000011889.4062   24.4511
   -7.5000  -37.5000   15.000012317.5703   24.4579
    0.0000  -37.5000   15.000012821.6562   24.4350
    7.5000  -37.5000   15.000012281.4609   24.4079
   -7.5000  -30.0000   15.000013109.4795   24.4562
    0.0000  -30.0000   15.000013601.8408   24.4388
    7.5000  -30.0000   15.000013096.4209   24.4167
   -7.5000  -22.5000   15.000013886.1602   24.5236
    0.0000  -22.5000   15.000014411.7666   24.5074
    7.5000  -22.5000   15.000013875.4131   24.4883
   -7.5000  -15.0000   15.000014623.7012   24.5895
    0.0000  -15.0000   15.000015199.4980   24.5696
    7.5000  -15.0000   15.000014571.9502   24.5485
   -7.5000   -7.5000   15.000015232.1992   24.5753
    0.0000   -7.5000   15.000015830.4365   24.5476
    7.5000   -7.5000   15.000015141.2881   24.5199
   -7.5000    0.0000   15.000015527.0244   24.5112
    0.0000    0.0000   15.000016079.1367   24.4818
    7.5000    0.0000   15.000015343.3398   24.4511
   -7.5000    7.5000   15.000014541.8076   24.4579
    0.0000    7.5000   15.000014996.9521   24.4350
    7.5000    7.5000   15.000014359.3145   24.4079
   -7.5000   15.0000   15.000013469.1475   24.4562
    0.0000   15.0000   15.000013887.4082   24.4388
    7.5000   15.0000   15.000013344.4189   24.4167
   -7.5000   22.5000   15.000012354.0361   24.5123
    0.0000   22.5000   15.000012751.0254   24.4961
    7.5000   22.5000   15.000012263.9238   24.4770
   -7.5000   30.0000   15.000011167.6406   24.2712
    0.0000   30.0000   15.000011526.7402   24.2516
    7.5000   30.0000   15.000011066.2822   24.2308
   -7.5000   37.5000   15.000010321.6533   24.2573
    0.0000   37.5000   15.000010652.9697   24.2299
    7.5000   37.5000   15.000010217.5410   24.2026
   -7.5000   45.0000   15.0000 9100.5195   23.6288
    0.0000   45.0000   15.0000 9393.7344   23.6004
    7.5000   45.0000   15.0000 9017.1973   23.5708
   -7.5000  -45.0000   22.500011169.1240   24.6730
    0.0000  -45.0000   22.500011704.3428   24.6583
    7.5000  -45.0000   22.500011163.9111   24.6262
   -7.5000  -37.5000   22.500011583.1221   24.6081
    0.0000  -37.5000   22.500012109.6543   24.6001
    7.5000  -37.5000   22.500011549.6914   24.5746
   -7.5000  -30.0000   22.500012370.2734   24.6006
    0.0000  -30.0000   22.500012893.7891   24.5979
    7.5000  -30.0000   22.500012355.2168   24.5779
   -7.5000  -22.5000   22.500013140.1865   24.6754
    0.0000  -22.5000   22.500013674.6709   24.6729
    7.5000  -22.5000   22.500013115.5938   24.6530
   -7.5000  -15.0000   22.500013830.1582   24.7539
    0.0000  -15.0000   22.500014401.4004   24.7463
    7.5000  -15.0000   22.500013765.0557   24.7205
   -7.5000   -7.5000   22.500014422.9756   24.7438
    0.0000   -7.5000   22.500015013.8906   24.7294
    7.5000   -7.5000   22.500014330.2451   24.6968
   -7.5000    0.0000   22.500014676.8027   24.6730
    0.0000    0.0000   22.500015250.0869   24.6583
    7.5000    0.0000   22.500014542.9873   24.6262
   -7.5000    7.5000   22.500013738.9053   24.6081
    0.0000    7.5000   22.500014241.6826   24.6001
    7.5000    7.5000   22.500013617.1904   24.5746
   -7.5000   15.0000   22.500012717.3359   24.6006
    0.0000   15.0000   22.500013199.8115   24.5979
    7.5000   15.0000   22.500012625.6768   24.5779
   -7.5000   22.5000   22.500011658.2402   24.6640
    0.0000   22.5000   22.500012088.8418   24.6616
    7.5000   22.5000   22.500011571.6416   24.6416
   -7.5000   30.0000   22.500010524.9941   24.4336
    0.0000   30.0000   22.500010891.2568   24.4261
    7.5000   30.0000   22.500010417.4834   24.4006
   -7.5000   37.5000   22.5000 9712.3965   24.4235
    0.0000   37.5000   22.500010026.5703   24.4093
    7.5000   37.5000   22.5000 9595.6885   24.3772
   -7.5000   45.0000   22.5000 8549.9570   23.7846
    0.0000   45.0000   22.5000 8828.5752   23.7704
    7.5000   45.0000   22.5000 8442.9492   23.7395
   -7.5000  -45.0000   30.000010335.5654   24.7913
    0.0000  -45.0000   30.000010860.0918   24.7891
    7.5000  -45.0000   30.000010347.5010   24.7611
   -7.5000  -37.5000   30.000010720.1006   24.7165
    0.0000  -37.5000   30.000011246.5049   24.7188
    7.5000  -37.5000   30.000010725.2197   24.7018
   -7.5000  -30.0000   30.000011470.5908   24.7102
    0.0000  -30.0000   30.000012007.2705   24.7147
    7.5000  -30.0000   30.000011468.8271   24.7032
   -7.5000  -22.5000   30.000012191.1426   24.8001
    0.0000  -22.5000   30.000012754.8643   24.8021
    7.5000  -22.5000   30.000012180.5635   24.7857
   -7.5000  -15.0000   30.000012831.6582   24.8917
    0.0000  -15.0000   30.000013397.5146   24.8899
    7.5000  -15.0000   30.000012781.4092   24.8626
   -7.5000   -7.5000   30.000013380.4990   24.8764
    0.0000   -7.5000   30.000013944.4785   24.8723
    7.5000   -7.5000   30.000013314.2725   24.8391
   -7.5000    0.0000   30.000013617.7842   24.7913
    0.0000    0.0000   30.000014170.0488   24.7891
    7.5000    0.0000   30.000013519.3018   24.7611
   -7.5000    7.5000   30.000012757.4951   24.7165
    0.0000    7.5000   30.000013263.0645   24.7188
    7.5000    7.5000   30.000012678.8115   24.7018
   -7.5000   15.0000   30.000011827.6787   24.7102
    0.0000   15.0000   30.000012308.6572   24.7147
    7.5000   15.0000   30.000011765.1885   24.7032
   -7.5000   22.5000   30.000010836.7988   24.7887
    0.0000   22.5000   30.000011256.2490   24.7907
    7.5000   22.5000   30.000010769.5508   24.7743
   -7.5000   30.0000   30.0000 9798.2051   24.5695
    0.0000   30.0000   30.000010148.3389   24.5677
    7.5000   30.0000   30.0000 9694.3887   24.5408
   -7.5000   37.5000   30.0000 9037.6133   24.5544
    0.0000   37.5000   30.0000 9344.2207   24.5505
    7.5000   37.5000   30.0000 8941.8057   24.5176
   -7.5000   45.0000   30.0000 7942.5728   23.8985
    0.0000   45.0000   30.0000 8211.8311   23.8964
    7.5000   45.0000   30.0000 7860.1660   23.8694
   -7.5000  -45.0000   37.5000 9883.6465   25.0794
    0.0000  -45.0000   37.500010369.2715   25.0718
    7.5000  -45.0000   37.5000 9890.0596   25.0483
   -7.5000  -37.5000   37.500010269.0459   25.0091
    0.0000  -37.5000   37.500010747.9707   25.0046
    7.5000  -37.5000   37.500010268.9805   24.9935
   -7.5000  -30.0000   37.500010993.9062   25.0153
    0.0000  -30.0000   37.500011499.5791   25.0096
    7.5000  -30.0000   37.500010989.4561   25.0031
   -7.5000  -22.5000   37.500011689.7637   25.1157
    0.0000  -22.5000   37.500012204.6172   25.1050
    7.5000  -22.5000   37.500011678.8652   25.0910
   -7.5000  -15.0000   37.500012292.5732   25.2046
    0.0000  -15.0000   37.500012816.5371   25.1931
    7.5000  -15.0000   37.500012248.7100   25.1672
   -7.5000   -7.5000   37.500012829.4453   25.1746
    0.0000   -7.5000   37.500013377.0703   25.1645
    7.5000   -7.5000   37.500012786.0518   25.1339
   -7.5000    0.0000   37.500013068.9697   25.0794
    0.0000    0.0000   37.500013595.2051   25.0718
    7.5000    0.0000   37.500013003.4932   25.0483
   -7.5000    7.5000   37.500012268.1104   25.0091
    0.0000    7.5000   37.500012759.6660   25.0046
    7.5000    7.5000   37.500012207.1367   24.9935
   -7.5000   15.0000   37.500011394.2539   25.0153
    0.0000   15.0000   37.500011851.2725   25.0096
    7.5000   15.0000   37.500011333.0234   25.0031
   -7.5000   22.5000   37.500010431.9209   25.1041
    0.0000   22.5000   37.500010831.5332   25.0934
    7.5000   22.5000   37.500010360.5010   25.0794
   -7.5000   30.0000   37.5000 9421.6816   24.8784
    0.0000   30.0000   37.5000 9763.9990   24.8670
    7.5000   30.0000   37.5000 9338.8818   24.8415
   -7.5000   37.5000   37.5000 8679.0820   24.8488
    0.0000   37.5000   37.5000 8990.0703   24.8389
    7.5000   37.5000   37.5000 8614.4121   24.8086
   -7.5000   45.0000   37.5000 7615.6304   24.1761
    0.0000   45.0000   37.5000 7892.2505   24.1688
    7.5000   45.0000   37.5000 7560.0918   24.1462
   -7.5000  -45.0000   45.0000 9049.8594   25.4831
    0.0000  -45.0000   45.0000 9469.8809   25.4596
    7.5000  -45.0000   45.0000 9047.8467   25.4327
   -7.5000  -37.5000   45.0000 9411.8027   25.4235
    0.0000  -37.5000   45.0000 9825.3184   25.4032
    7.5000  -37.5000   45.0000 9406.7031   25.3874
   -7.5000  -30.0000   45.000010089.2402   25.4409
    0.0000  -30.0000   45.000010526.8418   25.4190
    7.5000  -30.0000   45.000010060.2305   25.4079
   -7.5000  -22.5000   45.000010717.9160   25.5405
    0.0000  -22.5000   45.000011189.5215   25.5148
    7.5000  -22.5000   45.000010680.4912   25.4974
   -7.5000  -15.0000   45.000011262.9580   25.6181
    0.0000  -15.0000   45.000011753.6123   25.5939
    7.5000  -15.0000   45.000011212.1318   25.5665
   -7.5000   -7.5000   45.000011764.5352   25.5780
    0.0000   -7.5000   45.000012251.3486   25.5543
    7.5000   -7.5000   45.000011722.8281   25.5221
   -7.5000    0.0000   45.000012007.8262   25.4831
    0.0000    0.0000   45.000012480.5078   25.4596
    7.5000    0.0000   45.000011944.4307   25.4327
   -7.5000    7.5000   45.000011280.5732   25.4235
    0.0000    7.5000   45.000011723.6836   25.4032
    7.5000    7.5000   45.000011224.2393   25.3874
   -7.5000   15.0000   45.000010474.6719   25.4409
    0.0000   15.0000   45.000010896.1953   25.4190
    7.5000   15.0000   45.000010421.6816   25.4079
   -7.5000   22.5000   45.0000 9585.3184   25.5287
    0.0000   22.5000   45.0000 9948.3115   25.5030
    7.5000   22.5000   45.0000 9521.2129   25.4855
   -7.5000   30.0000   45.0000 8663.3613   25.2844
    0.0000   30.0000   45.0000 8977.5088   25.2605
    7.5000   30.0000   45.0000 8583.8760   25.2335
   -7.5000   37.5000   45.0000 7997.6636   25.2447
    0.0000   37.5000   45.0000 8276.7129   25.2214
    7.5000   37.5000   45.0000 7912.0586   25.1897
   -7.5000   45.0000   45.0000 7030.5186   24.5763
    0.0000   45.0000   45.0000 7274.9272   24.5537
    7.5000   45.0000   45.0000 6970.0552   24.5277

---------------------------------------------------------------------
imgreg_4dfp /opt/freesurfer/average/711-2C_as_mni_average_305 /opt/freesurfer/average/711-2B_as_mni_average_305_mask talsrcimg_g11 none talsrcimg_to_711-2C_as_mni_average_305_t4 4355
---------------------------------------------------------------------

freesurfer imgreg_4dfp.c
/opt/freesurfer/average/711-2C_as_mni_average_305.4dfp.img
       256       256       256         1
  1.000000  1.000000  1.000000
orientation T byte_order littleendian
Reading image: /opt/freesurfer/average/711-2C_as_mni_average_305.4dfp.img
dimensions:      256       256       256
mmppix:       1.0000   -1.0000   -1.0000
center:     128.0000 -129.0000 -129.0000
/opt/freesurfer/average/711-2B_as_mni_average_305_mask.4dfp.img
       256       256       256         1
  1.000000  1.000000  1.000000
orientation T byte_order littleendian
Reading mask: /opt/freesurfer/average/711-2B_as_mni_average_305_mask.4dfp.img (2306576 pixels)
talsrcimg_g11.4dfp.img
       256       256       256         1
  1.000000  1.000000  1.000000
orientation T byte_order littleendian
Reading image: talsrcimg_g11.4dfp.img
dimensions:      256       256       256
mmppix:       1.0000   -1.0000   -1.0000
center:     128.0000 -129.0000 -129.0000
rotation matrix determinant  1.000000
image alignment mode   4355 decimal     1103 hex
   -7.5000  -45.0000  -45.0000 2231.2456   20.7818
    0.0000  -45.0000  -45.0000 2249.2625   20.6520
    7.5000  -45.0000  -45.0000 2233.9429   20.7756
   -7.5000  -37.5000  -45.0000 2288.7810   19.6030
    0.0000  -37.5000  -45.0000 2305.4963   19.5079
    7.5000  -37.5000  -45.0000 2287.9714   19.5778
   -7.5000  -30.0000  -45.0000 2325.2637   18.8107
    0.0000  -30.0000  -45.0000 2342.6091   18.6970
    7.5000  -30.0000  -45.0000 2324.3279   18.8132
   -7.5000  -22.5000  -45.0000 2339.6018   18.4885
    0.0000  -22.5000  -45.0000 2358.9119   18.3107
    7.5000  -22.5000  -45.0000 2335.8159   18.4866
   -7.5000  -15.0000  -45.0000 2338.8474   18.4670
    0.0000  -15.0000  -45.0000 2354.5078   18.2849
    7.5000  -15.0000  -45.0000 2333.8931   18.4864
   -7.5000   -7.5000  -45.0000 2317.4680   18.8022
    0.0000   -7.5000  -45.0000 2332.2864   18.6278
    7.5000   -7.5000  -45.0000 2308.3508   18.7952
   -7.5000    0.0000  -45.0000 2269.3955   19.4707
    0.0000    0.0000  -45.0000 2283.1213   19.2923
    7.5000    0.0000  -45.0000 2260.4084   19.4821
   -7.5000    7.5000  -45.0000 2198.6965   20.5902
    0.0000    7.5000  -45.0000 2210.1731   20.3985
    7.5000    7.5000  -45.0000 2189.1448   20.6483
   -7.5000   15.0000  -45.0000 2110.6255   22.1852
    0.0000   15.0000  -45.0000 2121.6091   21.9559
    7.5000   15.0000  -45.0000 2097.5237   22.2378
   -7.5000   22.5000  -45.0000 2002.0902   24.4242
    0.0000   22.5000  -45.0000 2013.9583   24.1587
    7.5000   22.5000  -45.0000 1993.2726   24.4772
   -7.5000   30.0000  -45.0000 1888.7588   27.4966
    0.0000   30.0000  -45.0000 1894.5601   27.1881
    7.5000   30.0000  -45.0000 1873.6923   27.5286
   -7.5000   37.5000  -45.0000 1764.0209   31.7513
    0.0000   37.5000  -45.0000 1765.5200   31.3558
    7.5000   37.5000  -45.0000 1750.1914   31.7193
   -7.5000   45.0000  -45.0000 1635.7598   37.5197
    0.0000   45.0000  -45.0000 1637.2108   37.0621
    7.5000   45.0000  -45.0000 1620.3348   37.4716
   -7.5000  -45.0000  -37.5000 2319.1655   19.2318
    0.0000  -45.0000  -37.5000 2343.8125   19.1195
    7.5000  -45.0000  -37.5000 2328.4822   19.2115
   -7.5000  -37.5000  -37.5000 2388.0173   18.1524
    0.0000  -37.5000  -37.5000 2403.0920   18.0725
    7.5000  -37.5000  -37.5000 2386.0930   18.1382
   -7.5000  -30.0000  -37.5000 2428.0591   17.4740
    0.0000  -30.0000  -37.5000 2442.3552   17.4007
    7.5000  -30.0000  -37.5000 2423.4636   17.4507
   -7.5000  -22.5000  -37.5000 2439.5474   17.1783
    0.0000  -22.5000  -37.5000 2460.8086   17.0691
    7.5000  -22.5000  -37.5000 2435.6162   17.2051
   -7.5000  -15.0000  -37.5000 2433.8086   17.1812
    0.0000  -15.0000  -37.5000 2457.3416   17.0426
    7.5000  -15.0000  -37.5000 2432.9119   17.2053
   -7.5000   -7.5000  -37.5000 2411.4170   17.4654
    0.0000   -7.5000  -37.5000 2431.4443   17.3024
    7.5000   -7.5000  -37.5000 2407.1196   17.4806
   -7.5000    0.0000  -37.5000 2364.3667   18.0945
    0.0000    0.0000  -37.5000 2381.6816   17.9187
    7.5000    0.0000  -37.5000 2357.2915   18.1024
   -7.5000    7.5000  -37.5000 2289.5410   19.0845
    0.0000    7.5000  -37.5000 2303.2703   18.9197
    7.5000    7.5000  -37.5000 2279.2366   19.1384
   -7.5000   15.0000  -37.5000 2194.0796   20.5439
    0.0000   15.0000  -37.5000 2207.0601   20.3522
    7.5000   15.0000  -37.5000 2183.2834   20.5986
   -7.5000   22.5000  -37.5000 2080.4763   22.5737
    0.0000   22.5000  -37.5000 2091.6562   22.3489
    7.5000   22.5000  -37.5000 2072.5808   22.5780
   -7.5000   30.0000  -37.5000 1956.8235   25.3246
    0.0000   30.0000  -37.5000 1964.2892   25.0586
    7.5000   30.0000  -37.5000 1943.4673   25.3325
   -7.5000   37.5000  -37.5000 1831.1499   29.1439
    0.0000   37.5000  -37.5000 1835.2766   28.8555
    7.5000   37.5000  -37.5000 1818.1755   29.1903
   -7.5000   45.0000  -37.5000 1693.9567   34.3818
    0.0000   45.0000  -37.5000 1698.8093   33.9552
    7.5000   45.0000  -37.5000 1679.0161   34.3867
   -7.5000  -45.0000  -30.0000 2448.8821   18.5351
    0.0000  -45.0000  -30.0000 2466.5068   18.3963
    7.5000  -45.0000  -30.0000 2449.4744   18.4864
   -7.5000  -37.5000  -30.0000 2528.6528   17.4630
    0.0000  -37.5000  -30.0000 2542.1150   17.3277
    7.5000  -37.5000  -30.0000 2520.3936   17.4264
   -7.5000  -30.0000  -30.0000 2573.7419   16.7929
    0.0000  -30.0000  -30.0000 2587.7910   16.6792
    7.5000  -30.0000  -30.0000 2565.1372   16.7771
   -7.5000  -22.5000  -30.0000 2592.0454   16.5414
    0.0000  -22.5000  -30.0000 2609.3728   16.4421
    7.5000  -22.5000  -30.0000 2584.2839   16.5456
   -7.5000  -15.0000  -30.0000 2584.9827   16.5854
    0.0000  -15.0000  -30.0000 2606.2007   16.4796
    7.5000  -15.0000  -30.0000 2580.8411   16.5980
   -7.5000   -7.5000  -30.0000 2560.2520   16.9086
    0.0000   -7.5000  -30.0000 2579.8020   16.7751
    7.5000   -7.5000  -30.0000 2551.1243   16.9055
   -7.5000    0.0000  -30.0000 2508.3901   17.4844
    0.0000    0.0000  -30.0000 2526.6682   17.3501
    7.5000    0.0000  -30.0000 2497.3711   17.4998
   -7.5000    7.5000  -30.0000 2427.1814   18.4428
    0.0000    7.5000  -30.0000 2444.5139   18.2672
    7.5000    7.5000  -30.0000 2415.0691   18.4724
   -7.5000   15.0000  -30.0000 2322.1414   19.8138
    0.0000   15.0000  -30.0000 2334.9502   19.6307
    7.5000   15.0000  -30.0000 2310.9861   19.8318
   -7.5000   22.5000  -30.0000 2196.5337   21.7579
    0.0000   22.5000  -30.0000 2209.1699   21.5319
    7.5000   22.5000  -30.0000 2185.4590   21.7402
   -7.5000   30.0000  -30.0000 2062.3208   24.3790
    0.0000   30.0000  -30.0000 2069.4668   24.1298
    7.5000   30.0000  -30.0000 2051.2808   24.3328
   -7.5000   37.5000  -30.0000 1929.8029   27.9315
    0.0000   37.5000  -30.0000 1933.6641   27.6729
    7.5000   37.5000  -30.0000 1912.9541   27.9363
   -7.5000   45.0000  -30.0000 1785.1051   32.8614
    0.0000   45.0000  -30.0000 1791.0081   32.4946
    7.5000   45.0000  -30.0000 1770.8518   32.8371
   -7.5000  -45.0000  -22.5000 2543.0962   17.7522
    0.0000  -45.0000  -22.5000 2562.5295   17.5627
    7.5000  -45.0000  -22.5000 2543.2715   17.6998
   -7.5000  -37.5000  -22.5000 2628.6997   16.6720
    0.0000  -37.5000  -22.5000 2644.6052   16.5224
    7.5000  -37.5000  -22.5000 2623.8120   16.6575
   -7.5000  -30.0000  -22.5000 2687.9607   16.0111
    0.0000  -30.0000  -22.5000 2699.8740   15.8508
    7.5000  -30.0000  -22.5000 2676.8650   16.0064
   -7.5000  -22.5000  -22.5000 2712.4180   15.7930
    0.0000  -22.5000  -22.5000 2726.9800   15.6702
    7.5000  -22.5000  -22.5000 2701.2561   15.8025
   -7.5000  -15.0000  -22.5000 2708.5706   15.8734
    0.0000  -15.0000  -22.5000 2730.6257   15.7743
    7.5000  -15.0000  -22.5000 2701.7439   15.8629
   -7.5000   -7.5000  -22.5000 2683.4551   16.1991
    0.0000   -7.5000  -22.5000 2705.0447   16.0886
    7.5000   -7.5000  -22.5000 2673.1238   16.2086
   -7.5000    0.0000  -22.5000 2626.3621   16.7749
    0.0000    0.0000  -22.5000 2650.3430   16.6610
    7.5000    0.0000  -22.5000 2616.2646   16.8067
   -7.5000    7.5000  -22.5000 2542.3127   17.6678
    0.0000    7.5000  -22.5000 2559.4128   17.5205
    7.5000    7.5000  -22.5000 2528.1648   17.7203
   -7.5000   15.0000  -22.5000 2422.6584   18.9501
    0.0000   15.0000  -22.5000 2438.3330   18.7839
    7.5000   15.0000  -22.5000 2413.2664   19.0038
   -7.5000   22.5000  -22.5000 2286.2712   20.7834
    0.0000   22.5000  -22.5000 2298.6965   20.6068
    7.5000   22.5000  -22.5000 2276.6821   20.8321
   -7.5000   30.0000  -22.5000 2145.0205   23.3038
    0.0000   30.0000  -22.5000 2151.8369   23.0746
    7.5000   30.0000  -22.5000 2131.5757   23.2870
   -7.5000   37.5000  -22.5000 2006.7424   26.6815
    0.0000   37.5000  -22.5000 2009.9912   26.3913
    7.5000   37.5000  -22.5000 1989.5161   26.6121
   -7.5000   45.0000  -22.5000 1856.8479   31.2320
    0.0000   45.0000  -22.5000 1863.1305   30.9171
    7.5000   45.0000  -22.5000 1840.9257   31.1909
   -7.5000  -45.0000  -15.0000 2606.7759   17.0510
    0.0000  -45.0000  -15.0000 2623.0146   16.8084
    7.5000  -45.0000  -15.0000 2603.3865   17.0226
   -7.5000  -37.5000  -15.0000 2701.6877   15.9686
    0.0000  -37.5000  -15.0000 2712.7153   15.7266
    7.5000  -37.5000  -15.0000 2692.7717   15.9690
   -7.5000  -30.0000  -15.0000 2769.3118   15.2964
    0.0000  -30.0000  -15.0000 2783.9014   15.0498
    7.5000  -30.0000  -15.0000 2757.2830   15.3167
   -7.5000  -22.5000  -15.0000 2799.3596   15.0879
    0.0000  -22.5000  -15.0000 2817.2673   14.9022
    7.5000  -22.5000  -15.0000 2784.7891   15.1406
   -7.5000  -15.0000  -15.0000 2800.7144   15.2028
    0.0000  -15.0000  -15.0000 2828.8149   15.0456
    7.5000  -15.0000  -15.0000 2790.5125   15.2114
   -7.5000   -7.5000  -15.0000 2779.5056   15.5340
    0.0000   -7.5000  -15.0000 2805.1252   15.3979
    7.5000   -7.5000  -15.0000 2769.4802   15.5389
   -7.5000    0.0000  -15.0000 2716.6321   16.0984
    0.0000    0.0000  -15.0000 2740.7668   15.9896
    7.5000    0.0000  -15.0000 2701.3191   16.1330
   -7.5000    7.5000  -15.0000 2623.1733   16.9411
    0.0000    7.5000  -15.0000 2642.3684   16.8101
    7.5000    7.5000  -15.0000 2606.3706   17.0217
   -7.5000   15.0000  -15.0000 2496.1746   18.1514
    0.0000   15.0000  -15.0000 2514.5286   18.0033
    7.5000   15.0000  -15.0000 2483.8347   18.2105
   -7.5000   22.5000  -15.0000 2347.7590   19.9132
    0.0000   22.5000  -15.0000 2365.8049   19.7576
    7.5000   22.5000  -15.0000 2338.5645   19.9751
   -7.5000   30.0000  -15.0000 2199.8994   22.3556
    0.0000   30.0000  -15.0000 2207.4451   22.1427
    7.5000   30.0000  -15.0000 2189.4453   22.3500
   -7.5000   37.5000  -15.0000 2049.2231   25.5046
    0.0000   37.5000  -15.0000 2056.2310   25.2672
    7.5000   37.5000  -15.0000 2036.6991   25.5145
   -7.5000   45.0000  -15.0000 1897.1345   29.7212
    0.0000   45.0000  -15.0000 1909.4113   29.4459
    7.5000   45.0000  -15.0000 1884.2288   29.7720
   -7.5000  -45.0000   -7.5000 2641.2083   16.4578
    0.0000  -45.0000   -7.5000 2655.0498   16.1340
    7.5000  -45.0000   -7.5000 2636.7166   16.4048
   -7.5000  -37.5000   -7.5000 2746.4580   15.3806
    0.0000  -37.5000   -7.5000 2759.5950   15.0724
    7.5000  -37.5000   -7.5000 2738.8354   15.3639
   -7.5000  -30.0000   -7.5000 2827.5549   14.7151
    0.0000  -30.0000   -7.5000 2847.2373   14.4165
    7.5000  -30.0000   -7.5000 2815.2676   14.7297
   -7.5000  -22.5000   -7.5000 2873.0874   14.4651
    0.0000  -22.5000   -7.5000 2895.8328   14.2034
    7.5000  -22.5000   -7.5000 2856.2141   14.5265
   -7.5000  -15.0000   -7.5000 2877.5320   14.5935
    0.0000  -15.0000   -7.5000 2907.5383   14.3867
    7.5000  -15.0000   -7.5000 2862.7629   14.6332
   -7.5000   -7.5000   -7.5000 2852.0039   14.9266
    0.0000   -7.5000   -7.5000 2880.3105   14.7567
    7.5000   -7.5000   -7.5000 2836.1060   14.9420
   -7.5000    0.0000   -7.5000 2779.0845   15.4930
    0.0000    0.0000   -7.5000 2804.9153   15.3675
    7.5000    0.0000   -7.5000 2761.4670   15.5241
   -7.5000    7.5000   -7.5000 2670.5303   16.3351
    0.0000    7.5000   -7.5000 2696.1182   16.2276
    7.5000    7.5000   -7.5000 2655.8467   16.4164
   -7.5000   15.0000   -7.5000 2538.9690   17.5311
    0.0000   15.0000   -7.5000 2555.6772   17.3753
    7.5000   15.0000   -7.5000 2526.5576   17.5813
   -7.5000   22.5000   -7.5000 2391.7297   19.2364
    0.0000   22.5000   -7.5000 2406.6711   19.0744
    7.5000   22.5000   -7.5000 2376.4758   19.2996
   -7.5000   30.0000   -7.5000 2233.0549   21.5413
    0.0000   30.0000   -7.5000 2244.8479   21.3484
    7.5000   30.0000   -7.5000 2221.7383   21.6013
   -7.5000   37.5000   -7.5000 2077.5974   24.5346
    0.0000   37.5000   -7.5000 2087.2607   24.3335
    7.5000   37.5000   -7.5000 2061.5999   24.5976
   -7.5000   45.0000   -7.5000 1917.8020   28.4839
    0.0000   45.0000   -7.5000 1928.9565   28.2277
    7.5000   45.0000   -7.5000 1907.7008   28.5983
   -7.5000  -45.0000    0.0000 2647.4990   16.1325
    0.0000  -45.0000    0.0000 2665.3831   15.8120
    7.5000  -45.0000    0.0000 2650.1194   16.0803
   -7.5000  -37.5000    0.0000 2764.8774   15.0399
    0.0000  -37.5000    0.0000 2784.3882   14.7151
    7.5000  -37.5000    0.0000 2763.1345   14.9954
   -7.5000  -30.0000    0.0000 2855.9998   14.3807
    0.0000  -30.0000    0.0000 2885.8928   14.0622
    7.5000  -30.0000    0.0000 2850.1106   14.3663
   -7.5000  -22.5000    0.0000 2914.3508   14.1251
    0.0000  -22.5000    0.0000 2949.8845   13.7801
    7.5000  -22.5000    0.0000 2902.3311   14.1378
   -7.5000  -15.0000    0.0000 2922.3679   14.1770
    0.0000  -15.0000    0.0000 2962.6812   13.8764
    7.5000  -15.0000    0.0000 2912.2478   14.1978
   -7.5000   -7.5000    0.0000 2886.6018   14.5377
    0.0000   -7.5000    0.0000 2914.1042   14.2759
    7.5000   -7.5000    0.0000 2870.5759   14.5306
   -7.5000    0.0000    0.0000 2807.2932   15.1297
    0.0000    0.0000    0.0000 2831.0728   14.8891
    7.5000    0.0000    0.0000 2792.1902   15.1108
   -7.5000    7.5000    0.0000 2691.5103   16.0332
    0.0000    7.5000    0.0000 2714.6436   15.7939
    7.5000    7.5000    0.0000 2679.2500   16.0324
   -7.5000   15.0000    0.0000 2555.1648   17.2795
    0.0000   15.0000    0.0000 2572.4424   17.0152
    7.5000   15.0000    0.0000 2543.9546   17.2637
   -7.5000   22.5000    0.0000 2404.2659   18.9473
    0.0000   22.5000    0.0000 2422.3101   18.6676
    7.5000   22.5000    0.0000 2392.3127   18.9639
   -7.5000   30.0000    0.0000 2244.8464   21.1628
    0.0000   30.0000    0.0000 2259.8318   20.8965
    7.5000   30.0000    0.0000 2233.7048   21.1941
   -7.5000   37.5000    0.0000 2087.8809   24.0579
    0.0000   37.5000    0.0000 2098.1729   23.8021
    7.5000   37.5000    0.0000 2072.7180   24.1391
   -7.5000   45.0000    0.0000 1925.1268   27.8764
    0.0000   45.0000    0.0000 1936.6562   27.5698
    7.5000   45.0000    0.0000 1914.5610   27.9802
   -7.5000  -45.0000    7.5000 2633.0872   16.1281
    0.0000  -45.0000    7.5000 2657.9053   15.8789
    7.5000  -45.0000    7.5000 2644.5237   16.0943
   -7.5000  -37.5000    7.5000 2760.2153   14.9877
    0.0000  -37.5000    7.5000 2786.0100   14.7106
    7.5000  -37.5000    7.5000 2767.6191   14.9461
   -7.5000  -30.0000    7.5000 2858.7153   14.3334
    0.0000  -30.0000    7.5000 2896.3848   14.0109
    7.5000  -30.0000    7.5000 2860.3364   14.2917
   -7.5000  -22.5000    7.5000 2922.2231   14.0875
    0.0000  -22.5000    7.5000 2965.1543   13.7348
    7.5000  -22.5000    7.5000 2922.1956   14.0407
   -7.5000  -15.0000    7.5000 2937.9324   14.1832
    0.0000  -15.0000    7.5000 2979.6753   13.8200
    7.5000  -15.0000    7.5000 2933.2651   14.1285
   -7.5000   -7.5000    7.5000 2894.3616   14.5282
    0.0000   -7.5000    7.5000 2925.9097   14.1979
    7.5000   -7.5000    7.5000 2883.7839   14.4643
   -7.5000    0.0000    7.5000 2808.5078   15.1308
    0.0000    0.0000    7.5000 2832.6890   14.8355
    7.5000    0.0000    7.5000 2792.0845   15.0464
   -7.5000    7.5000    7.5000 2693.9121   16.0354
    0.0000    7.5000    7.5000 2711.8008   15.7755
    7.5000    7.5000    7.5000 2678.9248   15.9403
   -7.5000   15.0000    7.5000 2551.0530   17.3029
    0.0000   15.0000    7.5000 2567.2244   17.0760
    7.5000   15.0000    7.5000 2542.2668   17.2384
   -7.5000   22.5000    7.5000 2398.3201   18.9409
    0.0000   22.5000    7.5000 2413.2336   18.7392
    7.5000   22.5000    7.5000 2393.0542   18.9325
   -7.5000   30.0000    7.5000 2239.0764   21.0904
    0.0000   30.0000    7.5000 2253.5745   20.9033
    7.5000   30.0000    7.5000 2229.4646   21.0974
   -7.5000   37.5000    7.5000 2078.6926   23.8749
    0.0000   37.5000    7.5000 2090.8948   23.6938
    7.5000   37.5000    7.5000 2066.3442   23.8982
   -7.5000   45.0000    7.5000 1919.7328   27.6317
    0.0000   45.0000    7.5000 1929.8531   27.3718
    7.5000   45.0000    7.5000 1911.5819   27.6982
   -7.5000  -45.0000   15.0000 2610.3809   16.4973
    0.0000  -45.0000   15.0000 2635.9956   16.2504
    7.5000  -45.0000   15.0000 2622.1118   16.4565
   -7.5000  -37.5000   15.0000 2729.5305   15.3446
    0.0000  -37.5000   15.0000 2759.1294   15.0594
    7.5000  -37.5000   15.0000 2737.0161   15.2709
   -7.5000  -30.0000   15.0000 2830.2534   14.6178
    0.0000  -30.0000   15.0000 2865.3630   14.3510
    7.5000  -30.0000   15.0000 2834.4241   14.5727
   -7.5000  -22.5000   15.0000 2889.8389   14.3561
    0.0000  -22.5000   15.0000 2927.1846   14.0581
    7.5000  -22.5000   15.0000 2893.0300   14.3226
   -7.5000  -15.0000   15.0000 2901.3569   14.4648
    0.0000  -15.0000   15.0000 2939.7329   14.2086
    7.5000  -15.0000   15.0000 2900.4900   14.3827
   -7.5000   -7.5000   15.0000 2852.7788   14.8112
    0.0000   -7.5000   15.0000 2887.0376   14.5809
    7.5000   -7.5000   15.0000 2847.7966   14.7110
   -7.5000    0.0000   15.0000 2771.9316   15.3862
    0.0000    0.0000   15.0000 2797.4016   15.1604
    7.5000    0.0000   15.0000 2758.0632   15.3083
   -7.5000    7.5000   15.0000 2663.4524   16.2785
    0.0000    7.5000   15.0000 2682.5764   16.0385
    7.5000    7.5000   15.0000 2653.7522   16.1919
   -7.5000   15.0000   15.0000 2526.1594   17.5533
    0.0000   15.0000   15.0000 2541.8220   17.3208
    7.5000   15.0000   15.0000 2523.4363   17.4670
   -7.5000   22.5000   15.0000 2376.0632   19.2054
    0.0000   22.5000   15.0000 2387.7837   18.9892
    7.5000   22.5000   15.0000 2372.4507   19.1762
   -7.5000   30.0000   15.0000 2215.6621   21.3491
    0.0000   30.0000   15.0000 2229.1882   21.1385
    7.5000   30.0000   15.0000 2211.7842   21.3519
   -7.5000   37.5000   15.0000 2056.8940   24.1183
    0.0000   37.5000   15.0000 2070.6218   23.8818
    7.5000   37.5000   15.0000 2048.9634   24.1138
   -7.5000   45.0000   15.0000 1900.9016   27.8076
    0.0000   45.0000   15.0000 1910.5995   27.5077
    7.5000   45.0000   15.0000 1896.0999   27.8358
   -7.5000  -45.0000   22.5000 2573.6270   17.1402
    0.0000  -45.0000   22.5000 2602.3545   16.9467
    7.5000  -45.0000   22.5000 2580.2266   17.1066
   -7.5000  -37.5000   22.5000 2687.5042   15.9277
    0.0000  -37.5000   22.5000 2714.9839   15.7264
    7.5000  -37.5000   22.5000 2688.8955   15.8864
   -7.5000  -30.0000   22.5000 2783.5774   15.1700
    0.0000  -30.0000   22.5000 2814.2847   14.9405
    7.5000  -30.0000   22.5000 2783.8247   15.1219
   -7.5000  -22.5000   22.5000 2833.5640   14.9099
    0.0000  -22.5000   22.5000 2862.3149   14.6815
    7.5000  -22.5000   22.5000 2836.0117   14.8606
   -7.5000  -15.0000   22.5000 2835.5784   15.0154
    0.0000  -15.0000   22.5000 2862.9475   14.8058
    7.5000  -15.0000   22.5000 2833.9836   14.9224
   -7.5000   -7.5000   22.5000 2789.1248   15.3782
    0.0000   -7.5000   22.5000 2811.4250   15.1732
    7.5000   -7.5000   22.5000 2781.5430   15.2728
   -7.5000    0.0000   22.5000 2706.5886   15.9557
    0.0000    0.0000   22.5000 2726.6697   15.7517
    7.5000    0.0000   22.5000 2695.9873   15.8885
   -7.5000    7.5000   22.5000 2601.7883   16.8362
    0.0000    7.5000   22.5000 2616.4924   16.6290
    7.5000    7.5000   22.5000 2595.9387   16.7947
   -7.5000   15.0000   22.5000 2475.8994   18.0756
    0.0000   15.0000   22.5000 2491.0330   17.8581
    7.5000   15.0000   22.5000 2474.1904   18.0309
   -7.5000   22.5000   22.5000 2335.4482   19.6918
    0.0000   22.5000   22.5000 2348.4272   19.4801
    7.5000   22.5000   22.5000 2331.6960   19.6805
   -7.5000   30.0000   22.5000 2179.3186   21.8019
    0.0000   30.0000   22.5000 2191.9380   21.6203
    7.5000   30.0000   22.5000 2173.4041   21.8064
   -7.5000   37.5000   22.5000 2028.2594   24.5977
    0.0000   37.5000   22.5000 2036.1375   24.3265
    7.5000   37.5000   22.5000 2021.2450   24.5442
   -7.5000   45.0000   22.5000 1874.6304   28.1878
    0.0000   45.0000   22.5000 1884.4567   27.8414
    7.5000   45.0000   22.5000 1868.9272   28.2095
   -7.5000  -45.0000   30.0000 2523.4077   18.0227
    0.0000  -45.0000   30.0000 2552.8120   17.8815
    7.5000  -45.0000   30.0000 2526.9426   17.9969
   -7.5000  -37.5000   30.0000 2628.9243   16.7526
    0.0000  -37.5000   30.0000 2659.2832   16.5930
    7.5000  -37.5000   30.0000 2631.0400   16.7131
   -7.5000  -30.0000   30.0000 2718.0649   15.9668
    0.0000  -30.0000   30.0000 2746.5786   15.7748
    7.5000  -30.0000   30.0000 2717.3672   15.9246
   -7.5000  -22.5000   30.0000 2760.3293   15.7328
    0.0000  -22.5000   30.0000 2786.5310   15.5305
    7.5000  -22.5000   30.0000 2760.2454   15.6352
   -7.5000  -15.0000   30.0000 2756.5693   15.8182
    0.0000  -15.0000   30.0000 2776.1301   15.6107
    7.5000  -15.0000   30.0000 2752.6917   15.6979
   -7.5000   -7.5000   30.0000 2706.3389   16.1770
    0.0000   -7.5000   30.0000 2723.4009   15.9690
    7.5000   -7.5000   30.0000 2701.1536   16.0470
   -7.5000    0.0000   30.0000 2626.6707   16.7458
    0.0000    0.0000   30.0000 2642.4910   16.5682
    7.5000    0.0000   30.0000 2619.2112   16.6727
   -7.5000    7.5000   30.0000 2525.4148   17.6088
    0.0000    7.5000   30.0000 2537.3577   17.4107
    7.5000    7.5000   30.0000 2521.8704   17.5771
   -7.5000   15.0000   30.0000 2412.2366   18.8220
    0.0000   15.0000   30.0000 2424.9397   18.6400
    7.5000   15.0000   30.0000 2407.6506   18.8036
   -7.5000   22.5000   30.0000 2279.5178   20.4727
    0.0000   22.5000   30.0000 2288.1448   20.2568
    7.5000   22.5000   30.0000 2277.2888   20.4315
   -7.5000   30.0000   30.0000 2137.2131   22.5835
    0.0000   30.0000   30.0000 2143.9573   22.3780
    7.5000   30.0000   30.0000 2128.1008   22.5490
   -7.5000   37.5000   30.0000 1989.2224   25.3478
    0.0000   37.5000   30.0000 1995.1193   25.1043
    7.5000   37.5000   30.0000 1983.2043   25.2706
   -7.5000   45.0000   30.0000 1838.5493   28.9020
    0.0000   45.0000   30.0000 1841.5721   28.5540
    7.5000   45.0000   30.0000 1831.4512   28.9002
   -7.5000  -45.0000   37.5000 2467.4436   19.1219
    0.0000  -45.0000   37.5000 2493.4341   18.9692
    7.5000  -45.0000   37.5000 2467.7776   19.0945
   -7.5000  -37.5000   37.5000 2567.7449   17.7906
    0.0000  -37.5000   37.5000 2591.6819   17.6523
    7.5000  -37.5000   37.5000 2567.9673   17.7671
   -7.5000  -30.0000   37.5000 2645.3530   17.0026
    0.0000  -30.0000   37.5000 2664.6018   16.8561
    7.5000  -30.0000   37.5000 2641.9407   16.9685
   -7.5000  -22.5000   37.5000 2680.2300   16.7129
    0.0000  -22.5000   37.5000 2697.8420   16.5386
    7.5000  -22.5000   37.5000 2679.5964   16.6335
   -7.5000  -15.0000   37.5000 2674.5747   16.7588
    0.0000  -15.0000   37.5000 2688.7341   16.5635
    7.5000  -15.0000   37.5000 2670.2937   16.6392
   -7.5000   -7.5000   37.5000 2625.8794   17.0954
    0.0000   -7.5000   37.5000 2639.2539   16.9330
    7.5000   -7.5000   37.5000 2618.9392   16.9909
   -7.5000    0.0000   37.5000 2548.6543   17.7101
    0.0000    0.0000   37.5000 2555.9553   17.5474
    7.5000    0.0000   37.5000 2540.1062   17.6451
   -7.5000    7.5000   37.5000 2451.3586   18.6168
    0.0000    7.5000   37.5000 2461.4448   18.4264
    7.5000    7.5000   37.5000 2448.9539   18.5583
   -7.5000   15.0000   37.5000 2343.9700   19.8224
    0.0000   15.0000   37.5000 2353.6238   19.6550
    7.5000   15.0000   37.5000 2338.9578   19.7851
   -7.5000   22.5000   37.5000 2219.7261   21.4628
    0.0000   22.5000   37.5000 2231.3628   21.2937
    7.5000   22.5000   37.5000 2217.5295   21.4128
   -7.5000   30.0000   37.5000 2084.0298   23.6116
    0.0000   30.0000   37.5000 2093.2039   23.4156
    7.5000   30.0000   37.5000 2079.5835   23.6006
   -7.5000   37.5000   37.5000 1943.0597   26.4371
    0.0000   37.5000   37.5000 1950.6531   26.1775
    7.5000   37.5000   37.5000 1939.8777   26.3819
   -7.5000   45.0000   37.5000 1788.8347   30.0347
    0.0000   45.0000   37.5000 1796.8406   29.7130
    7.5000   45.0000   37.5000 1788.4840   30.0350
   -7.5000  -45.0000   45.0000 2401.4285   20.4633
    0.0000  -45.0000   45.0000 2418.7576   20.3284
    7.5000  -45.0000   45.0000 2402.3018   20.4563
   -7.5000  -37.5000   45.0000 2495.3489   19.1133
    0.0000  -37.5000   45.0000 2510.8386   18.9596
    7.5000  -37.5000   45.0000 2493.9600   19.0827
   -7.5000  -30.0000   45.0000 2560.1062   18.2674
    0.0000  -30.0000   45.0000 2572.3655   18.1378
    7.5000  -30.0000   45.0000 2554.7417   18.2366
   -7.5000  -22.5000   45.0000 2587.1421   17.9583
    0.0000  -22.5000   45.0000 2604.1948   17.7918
    7.5000  -22.5000   45.0000 2582.7571   17.8877
   -7.5000  -15.0000   45.0000 2578.8022   17.9385
    0.0000  -15.0000   45.0000 2593.3511   17.7707
    7.5000  -15.0000   45.0000 2571.3862   17.8410
   -7.5000   -7.5000   45.0000 2535.8286   18.2684
    0.0000   -7.5000   45.0000 2541.8342   18.1070
    7.5000   -7.5000   45.0000 2528.1750   18.1796
   -7.5000    0.0000   45.0000 2464.8271   18.9174
    0.0000    0.0000   45.0000 2471.0818   18.7821
    7.5000    0.0000   45.0000 2455.6226   18.8800
   -7.5000    7.5000   45.0000 2372.1362   19.8509
    0.0000    7.5000   45.0000 2383.1980   19.6565
    7.5000    7.5000   45.0000 2371.6899   19.8066
   -7.5000   15.0000   45.0000 2266.4648   21.0857
    0.0000   15.0000   45.0000 2281.4580   20.9187
    7.5000   15.0000   45.0000 2266.9570   21.0601
   -7.5000   22.5000   45.0000 2146.8760   22.7820
    0.0000   22.5000   45.0000 2160.6714   22.5834
    7.5000   22.5000   45.0000 2147.5203   22.7401
   -7.5000   30.0000   45.0000 2021.8016   24.9186
    0.0000   30.0000   45.0000 2031.1844   24.7560
    7.5000   30.0000   45.0000 2015.5966   24.9401
   -7.5000   37.5000   45.0000 1887.2900   27.7958
    0.0000   37.5000   45.0000 1895.5569   27.5552
    7.5000   37.5000   45.0000 1879.4940   27.7107
   -7.5000   45.0000   45.0000 1738.9941   31.6321
    0.0000   45.0000   45.0000 1745.4686   31.3282
    7.5000   45.0000   45.0000 1735.4897   31.5264

---------------------------------------------------------------------
imgreg_4dfp /opt/freesurfer/average/711-2C_as_mni_average_305 /opt/freesurfer/average/711-2B_as_mni_average_305_mask talsrcimg_g11 none talsrcimg_to_711-2C_as_mni_average_305_t4 1283
---------------------------------------------------------------------

freesurfer imgreg_4dfp.c
/opt/freesurfer/average/711-2C_as_mni_average_305.4dfp.img
       256       256       256         1
  1.000000  1.000000  1.000000
orientation T byte_order littleendian
Reading image: /opt/freesurfer/average/711-2C_as_mni_average_305.4dfp.img
dimensions:      256       256       256
mmppix:       1.0000   -1.0000   -1.0000
center:     128.0000 -129.0000 -129.0000
/opt/freesurfer/average/711-2B_as_mni_average_305_mask.4dfp.img
       256       256       256         1
  1.000000  1.000000  1.000000
orientation T byte_order littleendian
Reading mask: /opt/freesurfer/average/711-2B_as_mni_average_305_mask.4dfp.img (2306576 pixels)
talsrcimg_g11.4dfp.img
       256       256       256         1
  1.000000  1.000000  1.000000
orientation T byte_order littleendian
Reading image: talsrcimg_g11.4dfp.img
dimensions:      256       256       256
mmppix:       1.0000   -1.0000   -1.0000
center:     128.0000 -129.0000 -129.0000
rotation matrix determinant  1.000000
fimgreg.f
image alignment mode   1283 decimal      503 hex
parameters
    0.0000  -15.0000    7.5000    0.0000    0.0000    0.0000
eta,q 0.93410 13.77339
niter,ni,del,rscale     5    3   12.0000    1.2000
parameter  2  0.671938 ->  0.500000 qaram    1.1500
parameter  4  0.733795 ->  0.500000 qaram    1.1500
parameter  6 -0.507211 -> -0.500000 qaram    1.1500
parameters
   -0.1799  -18.4500    5.4737   -3.4500    0.8875    3.4500
eta,q 0.94199 13.53432
  0.0758  0.0649  0.0633  0.0607  0.0670  0.0682
  0.0719  0.0622  0.0619  0.0595  0.0634  0.0656
  0.0683  0.0630  0.0616  0.0601  0.0607  0.0622
  0.0667  0.0665  0.0618  0.0616  0.0595  0.0592
  0.0677  0.0703  0.0632  0.0638  0.0593  0.0577
  0.0717  0.0752  0.0666  0.0663  0.0610  0.0583
  0.0781  0.0797  0.0715  0.0686  0.0636  0.0598
niter,ni,del,rscale     7    3   12.0000    1.2000
parameters
   -0.3332  -17.1353    5.2597   -4.5088    1.1455    2.6089
eta,q 0.94223 13.53848
  0.0710  0.0792  0.0623  0.0623  0.0644  0.0630
  0.0647  0.0701  0.0601  0.0606  0.0608  0.0599
  0.0598  0.0618  0.0590  0.0583  0.0588  0.0579
  0.0580  0.0580  0.0583  0.0583  0.0580  0.0580
  0.0603  0.0594  0.0588  0.0600  0.0584  0.0595
  0.0657  0.0631  0.0605  0.0625  0.0605  0.0622
  0.0722  0.0673  0.0631  0.0660  0.0632  0.0656
niter,ni,del,rscale     6    3   12.0000    1.2000
parameters
   -0.5419  -16.4044    5.0294   -5.8348    1.2319    2.0629
eta,q 0.94214 13.56056
  0.0709  0.0750  0.0631  0.0614  0.0644  0.0623
  0.0649  0.0660  0.0607  0.0600  0.0606  0.0601
  0.0597  0.0592  0.0590  0.0582  0.0585  0.0584
  0.0578  0.0577  0.0582  0.0582  0.0579  0.0579
  0.0607  0.0600  0.0592  0.0599  0.0589  0.0588
  0.0662  0.0634  0.0613  0.0621  0.0610  0.0612
  0.0726  0.0676  0.0638  0.0656  0.0634  0.0640
niter,ni,del,rscale     5    3   12.0000    1.2000
parameters
   -0.6579  -15.6032    4.4266   -7.5057    1.6216    2.0003
eta,q 0.94237 13.58157
  0.0710  0.0730  0.0633  0.0604  0.0645  0.0617
  0.0654  0.0650  0.0607  0.0592  0.0607  0.0599
  0.0603  0.0593  0.0587  0.0577  0.0583  0.0584
  0.0579  0.0579  0.0581  0.0581  0.0575  0.0576
  0.0605  0.0591  0.0602  0.0598  0.0585  0.0580
  0.0660  0.0620  0.0626  0.0617  0.0602  0.0597
  0.0722  0.0665  0.0651  0.0646  0.0624  0.0622
niter,ni,del,rscale     4    3   12.0000    1.2000
parameters
   -0.8298  -14.4532    3.7124   -9.7602    2.1300    2.6190
eta,q 0.94320 13.57612
  0.0698  0.0718  0.0624  0.0593  0.0639  0.0627
  0.0644  0.0650  0.0599  0.0578  0.0604  0.0601
  0.0598  0.0604  0.0581  0.0568  0.0580  0.0577
  0.0576  0.0576  0.0571  0.0572  0.0568  0.0568
  0.0602  0.0575  0.0595  0.0597  0.0573  0.0573
  0.0654  0.0602  0.0621  0.0618  0.0594  0.0587
  0.0713  0.0649  0.0649  0.0644  0.0617  0.0610
niter,ni,del,rscale     3    3   12.0000    1.2000
parameters
   -1.0678  -12.9672    3.3649  -11.6545    2.3921    2.9901
eta,q 0.94448 13.59335
  0.0686  0.0716  0.0622  0.0589  0.0629  0.0621
  0.0631  0.0655  0.0590  0.0568  0.0594  0.0591
  0.0583  0.0608  0.0568  0.0555  0.0567  0.0565
  0.0568  0.0567  0.0559  0.0559  0.0554  0.0555
  0.0595  0.0563  0.0574  0.0582  0.0565  0.0565
  0.0642  0.0589  0.0601  0.0615  0.0590  0.0582
  0.0705  0.0635  0.0637  0.0649  0.0615  0.0608
niter,ni,del,rscale     2    3   12.0000    1.2000
parameters
   -1.1936  -11.9959    3.1070  -13.1709    2.3540    3.0411
eta,q 0.94428 13.61541
  0.0675  0.0696  0.0626  0.0585  0.0625  0.0613
  0.0623  0.0638  0.0593  0.0574  0.0589  0.0584
  0.0575  0.0591  0.0567  0.0561  0.0563  0.0562
  0.0555  0.0555  0.0555  0.0555  0.0557  0.0557
  0.0575  0.0565  0.0569  0.0570  0.0572  0.0567
  0.0622  0.0593  0.0602  0.0601  0.0595  0.0584
  0.0691  0.0641  0.0639  0.0637  0.0621  0.0609
niter,ni,del,rscale     1    3   12.0000    1.2000
parameters
   -1.2471  -11.1826    2.8518  -14.6762    2.4503    3.1019
eta,q 0.94370 13.63025
  0.0672  0.0684  0.0625  0.0581  0.0624  0.0613
  0.0624  0.0629  0.0596  0.0569  0.0591  0.0585
  0.0578  0.0579  0.0573  0.0565  0.0567  0.0566
  0.0557  0.0557  0.0559  0.0560  0.0563  0.0563
  0.0570  0.0568  0.0572  0.0564  0.0572  0.0571
  0.0614  0.0589  0.0604  0.0590  0.0592  0.0586
  0.0688  0.0640  0.0639  0.0629  0.0616  0.0608
registration optimization eta report
parameter search radius
    6.0000    6.9000    6.0000    6.9000    6.0000    6.9000
100000*second partial in parameter space
       34.       21.       19.       10.       16.       10.
  0.0672  0.0684  0.0625  0.0581  0.0624  0.0613
  0.0624  0.0629  0.0596  0.0569  0.0591  0.0585
  0.0578  0.0579  0.0573  0.0565  0.0567  0.0566
  0.0557  0.0557  0.0559  0.0560  0.0563  0.0563
  0.0570  0.0568  0.0572  0.0564  0.0572  0.0571
  0.0614  0.0589  0.0604  0.0590  0.0592  0.0586
  0.0688  0.0640  0.0639  0.0629  0.0616  0.0608
   -1.2471  -11.1826    2.8518  -14.6762    2.4503    3.1019
eta,q 0.94370 13.63025

---------------------------------------------------------------------
imgreg_4dfp /opt/freesurfer/average/711-2C_as_mni_average_305 /opt/freesurfer/average/711-2B_as_mni_average_305_mask talsrcimg_g11 none talsrcimg_to_711-2C_as_mni_average_305_t4 3335
---------------------------------------------------------------------

freesurfer imgreg_4dfp.c
/opt/freesurfer/average/711-2C_as_mni_average_305.4dfp.img
       256       256       256         1
  1.000000  1.000000  1.000000
orientation T byte_order littleendian
Reading image: /opt/freesurfer/average/711-2C_as_mni_average_305.4dfp.img
dimensions:      256       256       256
mmppix:       1.0000   -1.0000   -1.0000
center:     128.0000 -129.0000 -129.0000
/opt/freesurfer/average/711-2B_as_mni_average_305_mask.4dfp.img
       256       256       256         1
  1.000000  1.000000  1.000000
orientation T byte_order littleendian
Reading mask: /opt/freesurfer/average/711-2B_as_mni_average_305_mask.4dfp.img (2306576 pixels)
talsrcimg_g11.4dfp.img
       256       256       256         1
  1.000000  1.000000  1.000000
orientation T byte_order littleendian
Reading image: talsrcimg_g11.4dfp.img
dimensions:      256       256       256
mmppix:       1.0000   -1.0000   -1.0000
center:     128.0000 -129.0000 -129.0000
fimgreg.f
image alignment mode   3335 decimal      D07 hex
parameters
   -1.2471  -11.1826    2.8518   -0.2378   -3.3458   -3.3511
   -4.1531   -5.5006    5.4062   25.0747    4.2752  -25.3124
eta,q 0.94435 13.76129
niter,ni,del,rscale     5    3    5.0000    1.2000
parameter  4  2.366031 ->  0.500000 qaram    1.1500
parameter  5  3.779866 ->  0.500000 qaram    1.1500
parameter  6  1.456075 ->  0.500000 qaram    1.1500
parameter 10  0.782630 ->  0.500000 qaram    1.1500
parameters
   -1.8793  -10.8735    2.6285   -4.3778   -7.4858   -7.4911
   -4.1213   -4.9338    4.5347   20.9347    2.9298  -23.8498
eta,q 0.96337 12.66545
  0.0565  0.0571  0.0564  0.0471  0.0394  0.0369  0.0407  0.0431  0.0400  0.0368  0.0376  0.0385
  0.0558  0.0563  0.0558  0.0490  0.0423  0.0380  0.0395  0.0407  0.0391  0.0366  0.0370  0.0376
  0.0555  0.0558  0.0555  0.0519  0.0458  0.0400  0.0387  0.0390  0.0385  0.0372  0.0367  0.0370
  0.0556  0.0555  0.0555  0.0555  0.0497  0.0432  0.0384  0.0384  0.0384  0.0384  0.0367  0.0367
  0.0562  0.0555  0.0557  0.0595  0.0540  0.0471  0.0387  0.0386  0.0388  0.0403  0.0370  0.0367
  0.0571  0.0558  0.0561  0.0638  0.0585  0.0514  0.0395  0.0398  0.0397  0.0429  0.0377  0.0370
  0.0585  0.0565  0.0568  0.0684  0.0632  0.0562  0.0406  0.0418  0.0410  0.0461  0.0387  0.0374
niter,ni,del,rscale     7    3    5.0000    1.2000
parameter  4  0.767716 ->  0.500000 qaram    1.3225
parameter  5  1.565234 ->  0.500000 qaram    1.3225
parameter  6  0.551174 ->  0.500000 qaram    1.3225
parameters
   -1.5449  -10.5795    1.7264   -9.1388  -12.2468  -12.2521
   -4.6413   -4.2904    4.7897   20.6666    3.0233  -24.6613
eta,q 0.97165 11.95638
  0.0402  0.0389  0.0370  0.0339  0.0275  0.0288  0.0302  0.0323  0.0306  0.0315  0.0293  0.0291
  0.0384  0.0377  0.0365  0.0336  0.0288  0.0284  0.0291  0.0304  0.0294  0.0299  0.0288  0.0286
  0.0372  0.0369  0.0363  0.0343  0.0309  0.0285  0.0285  0.0290  0.0287  0.0288  0.0285  0.0284
  0.0366  0.0366  0.0366  0.0363  0.0337  0.0293  0.0284  0.0284  0.0284  0.0284  0.0284  0.0284
  0.0367  0.0367  0.0372  0.0395  0.0371  0.0319  0.0288  0.0286  0.0285  0.0287  0.0285  0.0285
  0.0373  0.0371  0.0381  0.0437  0.0412  0.0359  0.0296  0.0295  0.0292  0.0300  0.0288  0.0289
  0.0386  0.0380  0.0394  0.0485  0.0457  0.0408  0.0307  0.0312  0.0303  0.0322  0.0293  0.0294
niter,ni,del,rscale     7    3    5.0000    1.2000
parameter  5  0.758864 ->  0.500000 qaram    1.5209
parameters
   -1.4386  -10.1232    1.1664  -10.2228  -17.7219  -13.8729
   -5.2882   -4.0194    4.8712   21.6796    3.2715  -26.9980
eta,q 0.97389 11.57924
  0.0312  0.0313  0.0289  0.0314  0.0263  0.0284  0.0279  0.0294  0.0281  0.0305  0.0269  0.0266
  0.0297  0.0299  0.0285  0.0301  0.0261  0.0273  0.0270  0.0278  0.0271  0.0285  0.0266  0.0262
  0.0287  0.0289  0.0282  0.0289  0.0267  0.0266  0.0264  0.0267  0.0265  0.0271  0.0263  0.0261
  0.0284  0.0283  0.0283  0.0282  0.0284  0.0262  0.0263  0.0263  0.0263  0.0263  0.0262  0.0262
  0.0286  0.0283  0.0286  0.0286  0.0310  0.0264  0.0267  0.0266  0.0265  0.0264  0.0263  0.0265
  0.0294  0.0288  0.0292  0.0306  0.0343  0.0283  0.0274  0.0274  0.0271  0.0273  0.0265  0.0271
  0.0307  0.0297  0.0301  0.0345  0.0385  0.0322  0.0286  0.0290  0.0280  0.0290  0.0269  0.0277
niter,ni,del,rscale     7    3    5.0000    1.2000
parameters
   -1.3330   -9.9155    0.9195   -9.2589  -20.2817  -13.7476
   -5.0805   -4.0185    4.9156   22.4513    2.6782  -28.2000
eta,q 0.97427 11.51470
  0.0287  0.0288  0.0270  0.0299  0.0284  0.0291  0.0277  0.0289  0.0274  0.0297  0.0264  0.0263
  0.0273  0.0273  0.0265  0.0284  0.0268  0.0276  0.0267  0.0272  0.0265  0.0278  0.0260  0.0260
  0.0264  0.0264  0.0262  0.0271  0.0259  0.0265  0.0260  0.0261  0.0260  0.0264  0.0258  0.0258
  0.0261  0.0261  0.0261  0.0261  0.0259  0.0258  0.0258  0.0258  0.0258  0.0258  0.0257  0.0257
  0.0263  0.0263  0.0263  0.0257  0.0271  0.0257  0.0260  0.0261  0.0260  0.0259  0.0259  0.0259
  0.0270  0.0269  0.0268  0.0266  0.0297  0.0266  0.0265  0.0272  0.0265  0.0269  0.0262  0.0263
  0.0283  0.0279  0.0275  0.0293  0.0334  0.0297  0.0275  0.0289  0.0274  0.0285  0.0267  0.0269
niter,ni,del,rscale     6    3    5.0000    1.2000
parameters
   -1.3312   -9.7116    0.8270   -8.9331  -20.7375  -13.6854
   -5.0287   -3.9979    4.9399   22.8305    2.4514  -28.7330
eta,q 0.97432 11.51853
  0.0281  0.0282  0.0267  0.0294  0.0295  0.0291  0.0275  0.0289  0.0272  0.0292  0.0264  0.0263
  0.0268  0.0268  0.0262  0.0279  0.0277  0.0276  0.0265  0.0272  0.0264  0.0274  0.0260  0.0260
  0.0260  0.0260  0.0259  0.0267  0.0263  0.0264  0.0259  0.0261  0.0259  0.0262  0.0258  0.0258
  0.0257  0.0257  0.0257  0.0257  0.0257  0.0257  0.0257  0.0257  0.0257  0.0257  0.0257  0.0257
  0.0260  0.0259  0.0259  0.0255  0.0260  0.0255  0.0259  0.0261  0.0259  0.0260  0.0258  0.0258
  0.0268  0.0265  0.0263  0.0268  0.0277  0.0265  0.0265  0.0271  0.0264  0.0270  0.0261  0.0261
  0.0281  0.0274  0.0270  0.0298  0.0307  0.0299  0.0275  0.0289  0.0272  0.0287  0.0265  0.0266
niter,ni,del,rscale     5    3    5.0000    1.2000
parameters
   -1.3312   -9.6236    0.7580   -8.8866  -20.8594  -13.6879
   -5.0119   -3.9850    4.9519   22.9865    2.3754  -29.0055
eta,q 0.97430 11.51990
  0.0281  0.0279  0.0267  0.0293  0.0297  0.0291  0.0275  0.0289  0.0272  0.0290  0.0264  0.0263
  0.0268  0.0266  0.0262  0.0279  0.0278  0.0276  0.0265  0.0272  0.0264  0.0273  0.0260  0.0260
  0.0259  0.0259  0.0258  0.0266  0.0264  0.0264  0.0259  0.0261  0.0259  0.0262  0.0258  0.0258
  0.0257  0.0257  0.0257  0.0257  0.0257  0.0257  0.0257  0.0257  0.0257  0.0257  0.0257  0.0257
  0.0260  0.0259  0.0258  0.0256  0.0259  0.0255  0.0259  0.0261  0.0259  0.0260  0.0258  0.0258
  0.0268  0.0265  0.0262  0.0270  0.0275  0.0266  0.0265  0.0272  0.0264  0.0271  0.0260  0.0260
  0.0281  0.0275  0.0269  0.0301  0.0303  0.0300  0.0275  0.0289  0.0272  0.0288  0.0265  0.0265
niter,ni,del,rscale     4    3    5.0000    1.2000
parameters
   -1.3266   -9.5909    0.7223   -8.8734  -20.9065  -13.6970
   -5.0063   -3.9846    4.9340   23.0574    2.3514  -29.1075
eta,q 0.97430 11.52018
  0.0281  0.0277  0.0267  0.0293  0.0297  0.0291  0.0275  0.0289  0.0272  0.0290  0.0265  0.0264
  0.0268  0.0266  0.0262  0.0279  0.0278  0.0276  0.0265  0.0272  0.0264  0.0273  0.0260  0.0260
  0.0260  0.0259  0.0258  0.0266  0.0264  0.0264  0.0259  0.0261  0.0259  0.0261  0.0258  0.0258
  0.0257  0.0257  0.0257  0.0257  0.0257  0.0257  0.0257  0.0257  0.0257  0.0257  0.0257  0.0257
  0.0260  0.0260  0.0258  0.0256  0.0259  0.0255  0.0259  0.0261  0.0259  0.0261  0.0258  0.0258
  0.0268  0.0266  0.0262  0.0270  0.0274  0.0266  0.0265  0.0272  0.0264  0.0272  0.0260  0.0260
  0.0281  0.0275  0.0268  0.0302  0.0303  0.0301  0.0275  0.0290  0.0272  0.0289  0.0265  0.0265
niter,ni,del,rscale     3    3    5.0000    1.2000
parameters
   -1.3258   -9.5761    0.7082   -8.8696  -20.9299  -13.6966
   -4.9939   -3.9833    4.9240   23.0847    2.3286  -29.1819
eta,q 0.97429 11.52041
  0.0281  0.0277  0.0267  0.0293  0.0297  0.0291  0.0275  0.0289  0.0272  0.0289  0.0265  0.0264
  0.0268  0.0265  0.0262  0.0279  0.0278  0.0276  0.0265  0.0272  0.0264  0.0272  0.0260  0.0260
  0.0260  0.0259  0.0258  0.0266  0.0264  0.0264  0.0259  0.0261  0.0259  0.0261  0.0258  0.0258
  0.0257  0.0257  0.0257  0.0257  0.0257  0.0257  0.0257  0.0257  0.0257  0.0257  0.0257  0.0257
  0.0260  0.0260  0.0258  0.0256  0.0259  0.0255  0.0259  0.0261  0.0259  0.0261  0.0258  0.0258
  0.0268  0.0266  0.0262  0.0270  0.0274  0.0266  0.0265  0.0272  0.0264  0.0272  0.0260  0.0260
  0.0281  0.0275  0.0268  0.0302  0.0302  0.0301  0.0275  0.0290  0.0272  0.0289  0.0265  0.0265
niter,ni,del,rscale     2    3    5.0000    1.2000
parameters
   -1.3237   -9.5709    0.7011   -8.8682  -20.9362  -13.6945
   -4.9883   -3.9810    4.9239   23.0953    2.3205  -29.2098
eta,q 0.97429 11.52074
  0.0281  0.0277  0.0267  0.0293  0.0297  0.0291  0.0275  0.0290  0.0272  0.0289  0.0265  0.0264
  0.0268  0.0265  0.0262  0.0279  0.0278  0.0276  0.0265  0.0273  0.0264  0.0272  0.0260  0.0260
  0.0260  0.0259  0.0258  0.0266  0.0264  0.0264  0.0259  0.0261  0.0259  0.0261  0.0258  0.0258
  0.0257  0.0257  0.0257  0.0257  0.0257  0.0257  0.0257  0.0257  0.0257  0.0257  0.0257  0.0257
  0.0260  0.0260  0.0258  0.0256  0.0259  0.0255  0.0259  0.0261  0.0259  0.0261  0.0258  0.0257
  0.0268  0.0266  0.0262  0.0270  0.0274  0.0266  0.0265  0.0272  0.0264  0.0272  0.0260  0.0260
  0.0281  0.0276  0.0268  0.0302  0.0302  0.0301  0.0275  0.0290  0.0272  0.0289  0.0265  0.0264
registration optimization eta report
parameter search radius
    2.4000    2.4000    2.4000    9.5220   10.9503    9.5220
    7.2000    7.2000    7.2000    8.2800    7.2000    7.2000
100000*second partial in parameter space
       42.       33.       18.        5.        4.        4.
        3.        6.        3.        5.        1.        1.
  0.0281  0.0277  0.0267  0.0293  0.0297  0.0291  0.0275  0.0290  0.0272  0.0289  0.0265  0.0264
  0.0268  0.0265  0.0262  0.0279  0.0278  0.0276  0.0265  0.0273  0.0264  0.0272  0.0260  0.0260
  0.0260  0.0259  0.0258  0.0266  0.0264  0.0264  0.0259  0.0261  0.0259  0.0261  0.0258  0.0258
  0.0257  0.0257  0.0257  0.0257  0.0257  0.0257  0.0257  0.0257  0.0257  0.0257  0.0257  0.0257
  0.0260  0.0260  0.0258  0.0256  0.0259  0.0255  0.0259  0.0261  0.0259  0.0261  0.0258  0.0257
  0.0268  0.0266  0.0262  0.0270  0.0274  0.0266  0.0265  0.0272  0.0264  0.0272  0.0260  0.0260
  0.0281  0.0276  0.0268  0.0302  0.0302  0.0301  0.0275  0.0290  0.0272  0.0289  0.0265  0.0264
   -1.3237   -9.5709    0.7011   -8.8682  -20.9362  -13.6945
   -4.9883   -3.9810    4.9239   23.0953    2.3205  -29.2098
eta,q 0.97429 11.52074

---------------------------------------------------------------------
imgreg_4dfp /opt/freesurfer/average/711-2C_as_mni_average_305 /opt/freesurfer/average/711-2B_as_mni_average_305_mask talsrcimg_g11 none talsrcimg_to_711-2C_as_mni_average_305_t4 2311
---------------------------------------------------------------------

freesurfer imgreg_4dfp.c
/opt/freesurfer/average/711-2C_as_mni_average_305.4dfp.img
       256       256       256         1
  1.000000  1.000000  1.000000
orientation T byte_order littleendian
Reading image: /opt/freesurfer/average/711-2C_as_mni_average_305.4dfp.img
dimensions:      256       256       256
mmppix:       1.0000   -1.0000   -1.0000
center:     128.0000 -129.0000 -129.0000
/opt/freesurfer/average/711-2B_as_mni_average_305_mask.4dfp.img
       256       256       256         1
  1.000000  1.000000  1.000000
orientation T byte_order littleendian
Reading mask: /opt/freesurfer/average/711-2B_as_mni_average_305_mask.4dfp.img (2306576 pixels)
talsrcimg_g11.4dfp.img
       256       256       256         1
  1.000000  1.000000  1.000000
orientation T byte_order littleendian
Reading image: talsrcimg_g11.4dfp.img
dimensions:      256       256       256
mmppix:       1.0000   -1.0000   -1.0000
center:     128.0000 -129.0000 -129.0000
fimgreg.f
image alignment mode   2311 decimal      907 hex
parameters
   -1.3237   -9.5709    0.7011   -8.8682  -20.9362  -13.6945
   -4.9883   -3.9810    4.9239   23.0953    2.3205  -29.2098
eta,q 0.97429 11.52074
niter,ni,del,rscale     5    3    5.0000    0.8000
parameters
   -1.3355   -9.6390    0.7349   -7.3408  -20.2454  -11.9779
   -4.6811   -4.0993    4.9227   23.0060    2.1985  -29.2666
eta,q 0.97466 11.67728
  0.0268  0.0265  0.0262  0.0272  0.0266  0.0268  0.0264  0.0272  0.0261  0.0265  0.0258  0.0256
  0.0262  0.0260  0.0259  0.0266  0.0261  0.0263  0.0258  0.0262  0.0257  0.0258  0.0255  0.0255
  0.0258  0.0258  0.0258  0.0261  0.0257  0.0258  0.0255  0.0256  0.0254  0.0255  0.0254  0.0254
  0.0257  0.0257  0.0257  0.0257  0.0255  0.0255  0.0254  0.0253  0.0253  0.0253  0.0253  0.0253
  0.0258  0.0258  0.0257  0.0255  0.0255  0.0254  0.0254  0.0256  0.0254  0.0255  0.0254  0.0254
  0.0262  0.0262  0.0259  0.0256  0.0257  0.0254  0.0257  0.0263  0.0257  0.0259  0.0256  0.0255
  0.0268  0.0266  0.0262  0.0261  0.0262  0.0258  0.0261  0.0274  0.0261  0.0266  0.0259  0.0257
niter,ni,del,rscale     4    3    5.0000    0.7000
parameters
   -1.3817   -9.6473    0.7218   -7.7153  -20.0943  -12.0910
   -4.7012   -4.1009    4.9259   23.0332    2.2203  -29.3144
eta,q 0.97465 11.66970
  0.0262  0.0260  0.0257  0.0262  0.0260  0.0261  0.0260  0.0268  0.0259  0.0263  0.0257  0.0256
  0.0257  0.0256  0.0255  0.0258  0.0257  0.0257  0.0256  0.0260  0.0256  0.0258  0.0255  0.0255
  0.0254  0.0254  0.0254  0.0255  0.0255  0.0255  0.0254  0.0255  0.0254  0.0255  0.0254  0.0254
  0.0253  0.0253  0.0253  0.0253  0.0253  0.0253  0.0254  0.0254  0.0254  0.0254  0.0254  0.0254
  0.0255  0.0254  0.0254  0.0255  0.0254  0.0254  0.0254  0.0255  0.0254  0.0254  0.0254  0.0254
  0.0258  0.0257  0.0255  0.0259  0.0256  0.0256  0.0257  0.0260  0.0256  0.0257  0.0255  0.0254
  0.0264  0.0260  0.0258  0.0267  0.0260  0.0263  0.0260  0.0268  0.0259  0.0262  0.0257  0.0256
niter,ni,del,rscale     3    3    5.0000    0.6000
parameters
   -1.3842   -9.6781    0.7227   -7.6310  -20.0474  -11.9203
   -4.6771   -4.1185    4.9071   23.0125    2.2124  -29.2981
eta,q 0.97466 11.68096
  0.0260  0.0259  0.0257  0.0261  0.0258  0.0259  0.0258  0.0264  0.0258  0.0260  0.0256  0.0255
  0.0257  0.0256  0.0255  0.0258  0.0256  0.0256  0.0256  0.0258  0.0255  0.0256  0.0255  0.0254
  0.0254  0.0254  0.0254  0.0255  0.0254  0.0254  0.0254  0.0255  0.0254  0.0254  0.0254  0.0254
  0.0254  0.0254  0.0254  0.0254  0.0253  0.0253  0.0253  0.0253  0.0253  0.0253  0.0253  0.0253
  0.0254  0.0254  0.0254  0.0254  0.0254  0.0253  0.0254  0.0255  0.0254  0.0254  0.0254  0.0254
  0.0257  0.0256  0.0255  0.0256  0.0256  0.0255  0.0256  0.0259  0.0255  0.0256  0.0255  0.0254
  0.0260  0.0259  0.0256  0.0261  0.0259  0.0259  0.0258  0.0265  0.0258  0.0260  0.0256  0.0255
niter,ni,del,rscale     2    3    5.0000    0.5000
parameters
   -1.3867   -9.6811    0.7151   -7.5858  -19.9978  -11.7971
   -4.6640   -4.1221    4.9081   23.0022    2.1808  -29.3153
eta,q 0.97466 11.68957
  0.0258  0.0257  0.0256  0.0259  0.0257  0.0257  0.0257  0.0261  0.0256  0.0258  0.0255  0.0254
  0.0256  0.0255  0.0254  0.0256  0.0255  0.0255  0.0255  0.0257  0.0255  0.0255  0.0254  0.0254
  0.0254  0.0254  0.0254  0.0254  0.0254  0.0254  0.0254  0.0254  0.0254  0.0254  0.0253  0.0253
  0.0253  0.0253  0.0253  0.0253  0.0253  0.0253  0.0253  0.0253  0.0253  0.0253  0.0253  0.0253
  0.0254  0.0254  0.0254  0.0254  0.0254  0.0253  0.0254  0.0254  0.0254  0.0254  0.0254  0.0253
  0.0256  0.0255  0.0254  0.0256  0.0255  0.0254  0.0255  0.0257  0.0255  0.0255  0.0254  0.0254
  0.0258  0.0257  0.0256  0.0259  0.0257  0.0257  0.0257  0.0261  0.0256  0.0258  0.0255  0.0254
niter,ni,del,rscale     1    3    5.0000    0.4000
parameters
   -1.3894   -9.6893    0.7075   -7.5539  -19.9371  -11.6800
   -4.6527   -4.1172    4.9070   23.0032    2.1710  -29.3328
eta,q 0.97467 11.69845
  0.0256  0.0256  0.0255  0.0257  0.0256  0.0256  0.0256  0.0259  0.0255  0.0256  0.0255  0.0254
  0.0255  0.0254  0.0254  0.0255  0.0254  0.0255  0.0254  0.0256  0.0254  0.0255  0.0254  0.0254
  0.0254  0.0254  0.0254  0.0254  0.0254  0.0254  0.0254  0.0254  0.0254  0.0254  0.0253  0.0253
  0.0253  0.0253  0.0253  0.0253  0.0253  0.0253  0.0253  0.0253  0.0253  0.0253  0.0253  0.0253
  0.0254  0.0254  0.0253  0.0254  0.0253  0.0253  0.0254  0.0254  0.0254  0.0254  0.0254  0.0253
  0.0255  0.0254  0.0254  0.0255  0.0254  0.0254  0.0254  0.0256  0.0254  0.0255  0.0254  0.0254
  0.0257  0.0256  0.0255  0.0257  0.0256  0.0256  0.0256  0.0259  0.0255  0.0256  0.0255  0.0254
registration optimization eta report
parameter search radius
    0.8000    0.8000    0.8000    2.4000    2.4000    2.4000
    2.4000    2.4000    2.4000    2.4000    2.4000    2.4000
100000*second partial in parameter space
       49.       37.       21.        6.        4.        4.
        4.        9.        3.        5.        2.        1.
  0.0256  0.0256  0.0255  0.0257  0.0256  0.0256  0.0256  0.0259  0.0255  0.0256  0.0255  0.0254
  0.0255  0.0254  0.0254  0.0255  0.0254  0.0255  0.0254  0.0256  0.0254  0.0255  0.0254  0.0254
  0.0254  0.0254  0.0254  0.0254  0.0254  0.0254  0.0254  0.0254  0.0254  0.0254  0.0253  0.0253
  0.0253  0.0253  0.0253  0.0253  0.0253  0.0253  0.0253  0.0253  0.0253  0.0253  0.0253  0.0253
  0.0254  0.0254  0.0253  0.0254  0.0253  0.0253  0.0254  0.0254  0.0254  0.0254  0.0254  0.0253
  0.0255  0.0254  0.0254  0.0255  0.0254  0.0254  0.0254  0.0256  0.0254  0.0255  0.0254  0.0254
  0.0257  0.0256  0.0255  0.0257  0.0256  0.0256  0.0256  0.0259  0.0255  0.0256  0.0255  0.0254
   -1.3894   -9.6893    0.7075   -7.5539  -19.9371  -11.6800
   -4.6527   -4.1172    4.9070   23.0032    2.1710  -29.3328
eta,q 0.97467 11.69845

---------------------------------------------------------------------
imgreg_4dfp /opt/freesurfer/average/711-2C_as_mni_average_305 /opt/freesurfer/average/711-2B_as_mni_average_305_mask talsrcimg_g11 none talsrcimg_to_711-2C_as_mni_average_305_t4 2311
---------------------------------------------------------------------

freesurfer imgreg_4dfp.c
/opt/freesurfer/average/711-2C_as_mni_average_305.4dfp.img
       256       256       256         1
  1.000000  1.000000  1.000000
orientation T byte_order littleendian
Reading image: /opt/freesurfer/average/711-2C_as_mni_average_305.4dfp.img
dimensions:      256       256       256
mmppix:       1.0000   -1.0000   -1.0000
center:     128.0000 -129.0000 -129.0000
/opt/freesurfer/average/711-2B_as_mni_average_305_mask.4dfp.img
       256       256       256         1
  1.000000  1.000000  1.000000
orientation T byte_order littleendian
Reading mask: /opt/freesurfer/average/711-2B_as_mni_average_305_mask.4dfp.img (2306576 pixels)
talsrcimg_g11.4dfp.img
       256       256       256         1
  1.000000  1.000000  1.000000
orientation T byte_order littleendian
Reading image: talsrcimg_g11.4dfp.img
dimensions:      256       256       256
mmppix:       1.0000   -1.0000   -1.0000
center:     128.0000 -129.0000 -129.0000
fimgreg.f
image alignment mode   2311 decimal      907 hex
parameters
   -1.3894   -9.6893    0.7075   -7.5539  -19.9371  -11.6800
   -4.6527   -4.1172    4.9070   23.0032    2.1710  -29.3328
eta,q 0.97467 11.69845
niter,ni,del,rscale     5    3    5.0000    0.8000
parameters
   -1.3824   -9.6518    0.7105   -7.9190  -20.1102  -12.2274
   -4.7161   -4.0868    4.9278   23.0455    2.2392  -29.3920
eta,q 0.97463 11.65770
  0.0266  0.0263  0.0259  0.0265  0.0262  0.0262  0.0262  0.0272  0.0261  0.0265  0.0259  0.0257
  0.0259  0.0258  0.0256  0.0259  0.0257  0.0258  0.0257  0.0262  0.0257  0.0259  0.0256  0.0255
  0.0255  0.0254  0.0254  0.0255  0.0255  0.0255  0.0255  0.0256  0.0255  0.0255  0.0254  0.0254
  0.0253  0.0253  0.0253  0.0253  0.0253  0.0253  0.0254  0.0254  0.0254  0.0254  0.0254  0.0254
  0.0255  0.0254  0.0254  0.0255  0.0254  0.0254  0.0255  0.0256  0.0254  0.0255  0.0254  0.0254
  0.0259  0.0257  0.0256  0.0260  0.0258  0.0259  0.0258  0.0262  0.0257  0.0259  0.0256  0.0255
  0.0266  0.0262  0.0259  0.0271  0.0263  0.0270  0.0263  0.0272  0.0261  0.0265  0.0258  0.0257
niter,ni,del,rscale     4    3    5.0000    0.7000
parameters
   -1.3785   -9.6683    0.7093   -7.7050  -20.0994  -12.0717
   -4.6827   -4.1067    4.9181   23.0251    2.2080  -29.3336
eta,q 0.97465 11.67058
  0.0263  0.0261  0.0258  0.0264  0.0260  0.0261  0.0260  0.0268  0.0259  0.0262  0.0257  0.0256
  0.0258  0.0257  0.0255  0.0259  0.0257  0.0258  0.0257  0.0260  0.0256  0.0258  0.0255  0.0255
  0.0255  0.0254  0.0254  0.0256  0.0255  0.0255  0.0254  0.0255  0.0254  0.0255  0.0254  0.0254
  0.0254  0.0254  0.0254  0.0254  0.0254  0.0254  0.0253  0.0253  0.0253  0.0253  0.0253  0.0253
  0.0255  0.0255  0.0254  0.0254  0.0254  0.0253  0.0254  0.0255  0.0254  0.0254  0.0254  0.0254
  0.0258  0.0257  0.0255  0.0257  0.0256  0.0255  0.0256  0.0260  0.0256  0.0258  0.0255  0.0254
  0.0263  0.0261  0.0258  0.0263  0.0261  0.0262  0.0260  0.0268  0.0259  0.0263  0.0257  0.0256
niter,ni,del,rscale     3    3    5.0000    0.6000
parameters
   -1.3826   -9.6745    0.7138   -7.6296  -20.0390  -11.9235
   -4.6710   -4.1151    4.9080   23.0171    2.2095  -29.3157
eta,q 0.97466 11.68160
  0.0260  0.0259  0.0257  0.0261  0.0259  0.0259  0.0258  0.0264  0.0258  0.0260  0.0256  0.0255
  0.0257  0.0256  0.0255  0.0258  0.0256  0.0256  0.0256  0.0258  0.0255  0.0256  0.0255  0.0254
  0.0254  0.0254  0.0254  0.0255  0.0254  0.0254  0.0254  0.0255  0.0254  0.0254  0.0254  0.0254
  0.0254  0.0254  0.0254  0.0254  0.0253  0.0253  0.0253  0.0253  0.0253  0.0253  0.0253  0.0253
  0.0254  0.0254  0.0254  0.0254  0.0254  0.0253  0.0254  0.0255  0.0254  0.0254  0.0254  0.0254
  0.0257  0.0256  0.0255  0.0256  0.0255  0.0255  0.0256  0.0259  0.0255  0.0256  0.0255  0.0254
  0.0260  0.0259  0.0256  0.0261  0.0258  0.0259  0.0258  0.0265  0.0258  0.0260  0.0256  0.0255
niter,ni,del,rscale     2    3    5.0000    0.5000
parameters
   -1.3846   -9.6845    0.7116   -7.5876  -19.9836  -11.8001
   -4.6595   -4.1222    4.9033   23.0008    2.2017  -29.2971
eta,q 0.97466 11.68996
  0.0258  0.0257  0.0256  0.0259  0.0257  0.0257  0.0257  0.0261  0.0256  0.0258  0.0255  0.0254
  0.0256  0.0255  0.0254  0.0256  0.0255  0.0255  0.0255  0.0257  0.0255  0.0255  0.0254  0.0254
  0.0254  0.0254  0.0254  0.0254  0.0254  0.0254  0.0254  0.0254  0.0254  0.0254  0.0253  0.0253
  0.0253  0.0253  0.0253  0.0253  0.0253  0.0253  0.0253  0.0253  0.0253  0.0253  0.0253  0.0253
  0.0254  0.0254  0.0254  0.0254  0.0254  0.0253  0.0254  0.0254  0.0254  0.0254  0.0254  0.0253
  0.0256  0.0255  0.0254  0.0256  0.0255  0.0254  0.0255  0.0257  0.0255  0.0255  0.0254  0.0254
  0.0258  0.0257  0.0256  0.0259  0.0257  0.0257  0.0257  0.0261  0.0256  0.0258  0.0255  0.0254
niter,ni,del,rscale     1    3    5.0000    0.4000
parameters
   -1.3918   -9.6932    0.7100   -7.5446  -19.9457  -11.6814
   -4.6608   -4.1207    4.8989   23.0005    2.1584  -29.3344
eta,q 0.97467 11.69819
  0.0256  0.0256  0.0255  0.0257  0.0256  0.0256  0.0256  0.0259  0.0255  0.0256  0.0255  0.0254
  0.0255  0.0254  0.0254  0.0255  0.0254  0.0255  0.0254  0.0256  0.0254  0.0255  0.0254  0.0254
  0.0254  0.0254  0.0254  0.0254  0.0254  0.0254  0.0254  0.0254  0.0253  0.0254  0.0253  0.0253
  0.0253  0.0253  0.0253  0.0253  0.0253  0.0253  0.0253  0.0253  0.0253  0.0253  0.0253  0.0253
  0.0254  0.0254  0.0253  0.0254  0.0254  0.0253  0.0254  0.0254  0.0254  0.0254  0.0253  0.0253
  0.0255  0.0254  0.0254  0.0255  0.0254  0.0254  0.0254  0.0256  0.0254  0.0255  0.0254  0.0254
  0.0257  0.0256  0.0255  0.0257  0.0256  0.0256  0.0256  0.0259  0.0255  0.0256  0.0255  0.0254
registration optimization eta report
parameter search radius
    0.8000    0.8000    0.8000    2.4000    2.4000    2.4000
    2.4000    2.4000    2.4000    2.4000    2.4000    2.4000
100000*second partial in parameter space
       50.       37.       21.        6.        4.        4.
        4.        9.        3.        5.        2.        1.
  0.0256  0.0256  0.0255  0.0257  0.0256  0.0256  0.0256  0.0259  0.0255  0.0256  0.0255  0.0254
  0.0255  0.0254  0.0254  0.0255  0.0254  0.0255  0.0254  0.0256  0.0254  0.0255  0.0254  0.0254
  0.0254  0.0254  0.0254  0.0254  0.0254  0.0254  0.0254  0.0254  0.0253  0.0254  0.0253  0.0253
  0.0253  0.0253  0.0253  0.0253  0.0253  0.0253  0.0253  0.0253  0.0253  0.0253  0.0253  0.0253
  0.0254  0.0254  0.0253  0.0254  0.0254  0.0253  0.0254  0.0254  0.0254  0.0254  0.0253  0.0253
  0.0255  0.0254  0.0254  0.0255  0.0254  0.0254  0.0254  0.0256  0.0254  0.0255  0.0254  0.0254
  0.0257  0.0256  0.0255  0.0257  0.0256  0.0256  0.0256  0.0259  0.0255  0.0256  0.0255  0.0254
   -1.3918   -9.6932    0.7100   -7.5446  -19.9457  -11.6814
   -4.6608   -4.1207    4.8989   23.0005    2.1584  -29.3344
eta,q 0.97467 11.69819

---------------------------------------------------------------------
compute_vox2vox talsrcimg talsrcimg_to_711-2C_as_mni_average_305_t4 /opt/freesurfer/average/711-2C_as_mni_average_305
---------------------------------------------------------------------

freesurfer compute_vox2vox.c
Reading: talsrcimg.4dfp.ifh
Reading: talsrcimg_to_711-2C_as_mni_average_305_t4
Reading: /opt/freesurfer/average/711-2C_as_mni_average_305.4dfp.ifh
Writing: talsrcimg_to_711-2C_as_mni_average_305_t4_vox2vox.txt

start time Fri Mar 13 23:46:47 CET 2026
end		time Fri Mar 13 23:48:15 CET 2026

mpr2mni305 success

avi2talxfm orig_nu.mgz /opt/freesurfer/average/mni305.cor.mgz talsrcimg_to_711-2C_as_mni_average_305_t4_vox2vox.txt transforms/talairach.auto.xfm
avi2talxfm done
mv -f /out/sourcedata/freesurfer/sub-v2s8x29180_ses-1/mri/talsrcimg_to_711-2C_as_mni_average_305_t4_vox2vox.txt /out/sourcedata/freesurfer/sub-v2s8x29180_ses-1/mri/transforms/talsrcimg_to_711-2C_as_mni_average_305_t4_vox2vox.txt
lta_convert --src orig_nu.mgz --trg /opt/freesurfer/average/mni305.cor.mgz --inxfm transforms/talairach.auto.xfm --outlta transforms/talairach.auto.xfm.lta --subject fsaverage
7.3.2

--src: orig_nu.mgz src image (geometry).
--trg: /opt/freesurfer/average/mni305.cor.mgz trg image (geometry).
--inmni: transforms/talairach.auto.xfm input MNI/XFM transform.
--outlta: transforms/talairach.auto.xfm.lta output LTA.
--s: fsaverage subject name
 LTA read, type : 1
 1.07696   0.03096   0.07405   5.45799;
-0.04401   1.03236   0.37573   2.15704;
-0.05326  -0.29850   1.13667   12.32701;
 0.00000   0.00000   0.00000   1.00000;
setting subject to fsaverage
Writing  LTA to file transforms/talairach.auto.xfm.lta...
lta_convert successful.
 
 
Started at Fri Mar 13 23:46:46 CET 2026
Ended   at Fri Mar 13 23:48:16 CET 2026
talairach_avi done
