/out/sourcedata/freesurfer/sub-v2s8x29217_ses-1/mri
/opt/freesurfer/bin/talairach_avi
--i orig_nu.mgz --xfm transforms/talairach.auto.xfm
talairach_avi 7.3.2
Linux dna003 5.14.0-427.37.1.el9_4.x86_64 #1 SMP PREEMPT_DYNAMIC Fri Sep 13 12:41:50 EDT 2024 x86_64 x86_64 x86_64 GNU/Linux
Sat Mar 14 01:32:21 CET 2026
mri_convert orig_nu.mgz talsrcimg.img 
reading from orig_nu.mgz...
TR=0.00, TE=0.00, TI=0.00, flip angle=0.00
i_ras = (-1, 0, 0)
j_ras = (0, 0, -1)
k_ras = (0, 1, 0)
writing to talsrcimg.img...
Analyze Output Matrix
-1.00000   0.00000   0.00000   129.66513;
 0.00000   0.00000   1.00000  -128.00000;
 0.00000  -1.00000   0.00000   130.00000;
 0.00000   0.00000   0.00000   1.00000;
--------------------
INFO: set hdr.hist.orient to -1
mpr2mni305 talsrcimg
Sat Mar 14 01:32:21 CET 2026
/opt/freesurfer/bin/mpr2mni305 talsrcimg
mpr2mni305 7.3.2
target=711-2C_as_mni_average_305

---------------------------------------------------------------------
analyzeto4dfp talsrcimg -O0 -y
---------------------------------------------------------------------

freesurfer ifh2hdr.c
Sat Mar 14 01:32:22 2026
Writing: talsrcimg.4dfp.hdr
freesurfer analyzeto4dfp.c
Reading: talsrcimg.hdr
header size 348 bytes
hdr.dime.datatype	offset=70	value=2
hdr.dime.bitpix		offset=72	value=8
hdr.hist.orient		offset=252	value=-1
dimensionality     4
dimensions       256       256       256         1
Reading: talsrcimg.img
Writing: talsrcimg.4dfp.img
Writing: talsrcimg.4dfp.ifh
ifh2hdr talsrcimg -r0to207
ori=2

---------------------------------------------------------------------
gauss_4dfp talsrcimg 1.1
---------------------------------------------------------------------

freesurfer gauss_4dfp.c
Reading: talsrcimg.4dfp.img
Writing: talsrcimg_g11.4dfp.img
image dimensions 256 256 256 padded to 288 288 288
processing volume 1freesurfer ifh2hdr.c
Sat Mar 14 01:32:23 2026
Writing: talsrcimg_g11.4dfp.hdr

Writing: talsrcimg_g11.4dfp.ifh
including: talsrcimg.4dfp.img.rec in talsrcimg_g11.4dfp.img.rec

---------------------------------------------------------------------
imgreg_4dfp /opt/freesurfer/average/711-2C_as_mni_average_305 none talsrcimg_g11 none talsrcimg_to_711-2C_as_mni_average_305_t4 4355
---------------------------------------------------------------------

freesurfer imgreg_4dfp.c
/opt/freesurfer/average/711-2C_as_mni_average_305.4dfp.img
       256       256       256         1
  1.000000  1.000000  1.000000
orientation T byte_order littleendian
Reading image: /opt/freesurfer/average/711-2C_as_mni_average_305.4dfp.img
dimensions:      256       256       256
mmppix:       1.0000   -1.0000   -1.0000
center:     128.0000 -129.0000 -129.0000
talsrcimg_g11.4dfp.img
       256       256       256         1
  1.000000  1.000000  1.000000
orientation T byte_order littleendian
Reading image: talsrcimg_g11.4dfp.img
dimensions:      256       256       256
mmppix:       1.0000   -1.0000   -1.0000
center:     128.0000 -129.0000 -129.0000
t4_read: open error in t4_sub.f l:  41 t4_file(1:l)talsrcimg_to_711-2C_as_mni_average_305_t4 
t4_read: transform initialized to I4
rotation matrix determinant  1.000000
image alignment mode   4355 decimal     1103 hex
   -7.5000  -45.0000  -45.0000 9237.2471   21.5869
    0.0000  -45.0000  -45.0000 9599.0508   21.5499
    7.5000  -45.0000  -45.0000 9117.7578   21.5224
   -7.5000  -37.5000  -45.0000 9473.4307   21.5988
    0.0000  -37.5000  -45.0000 9815.4346   21.5728
    7.5000  -37.5000  -45.0000 9320.8340   21.5513
   -7.5000  -30.0000  -45.000010016.5605   21.5709
    0.0000  -30.0000  -45.000010372.7275   21.5598
    7.5000  -30.0000  -45.0000 9846.2910   21.5492
   -7.5000  -22.5000  -45.000010454.5195   21.5331
    0.0000  -22.5000  -45.000010822.1338   21.5241
    7.5000  -22.5000  -45.000010288.5723   21.5152
   -7.5000  -15.0000  -45.000010838.6992   21.5178
    0.0000  -15.0000  -45.000011211.7324   21.4964
    7.5000  -15.0000  -45.000010672.5742   21.4810
   -7.5000   -7.5000  -45.000011163.3330   21.5438
    0.0000   -7.5000  -45.000011561.7441   21.5093
    7.5000   -7.5000  -45.000010990.5830   21.4861
   -7.5000    0.0000  -45.000011297.6152   21.5869
    0.0000    0.0000  -45.000011672.0498   21.5499
    7.5000    0.0000  -45.000011092.5098   21.5224
   -7.5000    7.5000  -45.000010541.7070   21.5988
    0.0000    7.5000  -45.000010865.3525   21.5728
    7.5000    7.5000  -45.000010339.2344   21.5513
   -7.5000   15.0000  -45.0000 9780.9053   21.5709
    0.0000   15.0000  -45.000010067.1094   21.5598
    7.5000   15.0000  -45.0000 9537.0332   21.5492
   -7.5000   22.5000  -45.0000 8969.3906   21.5309
    0.0000   22.5000  -45.0000 9191.2344   21.5219
    7.5000   22.5000  -45.0000 8729.2861   21.5130
   -7.5000   30.0000  -45.0000 8066.1924   21.2617
    0.0000   30.0000  -45.0000 8254.8232   21.2404
    7.5000   30.0000  -45.0000 7809.8809   21.2248
   -7.5000   37.5000  -45.0000 7370.3647   21.4062
    0.0000   37.5000  -45.0000 7558.5493   21.3716
    7.5000   37.5000  -45.0000 7153.2661   21.3479
   -7.5000   45.0000  -45.0000 6411.5601   21.2054
    0.0000   45.0000  -45.0000 6592.3750   21.1696
    7.5000   45.0000  -45.0000 6230.5356   21.1426
   -7.5000  -45.0000  -37.5000 9795.7861   21.5809
    0.0000  -45.0000  -37.500010182.7686   21.5348
    7.5000  -45.0000  -37.5000 9662.2598   21.5190
   -7.5000  -37.5000  -37.500010025.1123   21.5941
    0.0000  -37.5000  -37.500010405.0254   21.5550
    7.5000  -37.5000  -37.5000 9871.7324   21.5466
   -7.5000  -30.0000  -37.500010591.0020   21.5723
    0.0000  -30.0000  -37.500010984.2852   21.5466
    7.5000  -30.0000  -37.500010415.9072   21.5520
   -7.5000  -22.5000  -37.500011041.2773   21.5372
    0.0000  -22.5000  -37.500011458.3770   21.5166
    7.5000  -22.5000  -37.500010866.4639   21.5263
   -7.5000  -15.0000  -37.500011423.1484   21.5200
    0.0000  -15.0000  -37.500011846.9346   21.4918
    7.5000  -15.0000  -37.500011231.1064   21.4950
   -7.5000   -7.5000  -37.500011763.8760   21.5421
    0.0000   -7.5000  -37.500012166.3779   21.5018
    7.5000   -7.5000  -37.500011538.4199   21.4931
   -7.5000    0.0000  -37.500011872.2686   21.5809
    0.0000    0.0000  -37.500012260.3711   21.5348
    7.5000    0.0000  -37.500011646.0928   21.5190
   -7.5000    7.5000  -37.500011032.8438   21.5941
    0.0000    7.5000  -37.500011397.7422   21.5550
    7.5000    7.5000  -37.500010825.1016   21.5466
   -7.5000   15.0000  -37.500010223.5244   21.5723
    0.0000   15.0000  -37.500010565.4580   21.5466
    7.5000   15.0000  -37.500010003.1348   21.5520
   -7.5000   22.5000  -37.5000 9337.0576   21.5351
    0.0000   22.5000  -37.5000 9610.1982   21.5144
    7.5000   22.5000  -37.5000 9106.1396   21.5242
   -7.5000   30.0000  -37.5000 8382.2568   21.2656
    0.0000   30.0000  -37.5000 8605.4131   21.2375
    7.5000   30.0000  -37.5000 8154.2964   21.2401
   -7.5000   37.5000  -37.5000 7676.6943   21.4058
    0.0000   37.5000  -37.5000 7858.2676   21.3650
    7.5000   37.5000  -37.5000 7445.9585   21.3555
   -7.5000   45.0000  -37.5000 6662.1289   21.2018
    0.0000   45.0000  -37.5000 6849.5483   21.1556
    7.5000   45.0000  -37.5000 6492.4985   21.1391
   -7.5000  -45.0000  -30.000010488.9893   22.4506
    0.0000  -45.0000  -30.000010912.4600   22.4142
    7.5000  -45.0000  -30.000010331.0029   22.4194
   -7.5000  -37.5000  -30.000010739.7344   22.4654
    0.0000  -37.5000  -30.000011149.2490   22.4318
    7.5000  -37.5000  -30.000010561.2432   22.4435
   -7.5000  -30.0000  -30.000011330.1475   22.4513
    0.0000  -30.0000  -30.000011752.5303   22.4278
    7.5000  -30.0000  -30.000011103.3096   22.4550
   -7.5000  -22.5000  -30.000011810.4980   22.4188
    0.0000  -22.5000  -30.000012257.4238   22.4016
    7.5000  -22.5000  -30.000011583.3066   22.4369
   -7.5000  -15.0000  -30.000012184.1182   22.4003
    0.0000  -15.0000  -30.000012638.8662   22.3796
    7.5000  -15.0000  -30.000011945.7676   22.4098
   -7.5000   -7.5000  -30.000012523.7275   22.4180
    0.0000   -7.5000  -30.000012956.7861   22.3884
    7.5000   -7.5000  -30.000012255.9102   22.4038
   -7.5000    0.0000  -30.000012652.2324   22.4506
    0.0000    0.0000  -30.000013065.1758   22.4142
    7.5000    0.0000  -30.000012376.4541   22.4194
   -7.5000    7.5000  -30.000011740.6025   22.4654
    0.0000    7.5000  -30.000012091.6514   22.4318
    7.5000    7.5000  -30.000011483.5781   22.4435
   -7.5000   15.0000  -30.000010825.7891   22.4513
    0.0000   15.0000  -30.000011184.6416   22.4278
    7.5000   15.0000  -30.000010596.5078   22.4550
   -7.5000   22.5000  -30.0000 9866.7217   22.4145
    0.0000   22.5000  -30.000010171.6016   22.3973
    7.5000   22.5000  -30.0000 9628.2881   22.4326
   -7.5000   30.0000  -30.0000 8844.5566   22.1403
    0.0000   30.0000  -30.0000 9079.1416   22.1195
    7.5000   30.0000  -30.0000 8613.3350   22.1487
   -7.5000   37.5000  -30.0000 8104.4458   22.2818
    0.0000   37.5000  -30.0000 8287.3184   22.2513
    7.5000   37.5000  -30.0000 7854.0630   22.2655
   -7.5000   45.0000  -30.0000 7040.9990   22.0729
    0.0000   45.0000  -30.0000 7216.1802   22.0358
    7.5000   45.0000  -30.0000 6849.0200   22.0400
   -7.5000  -45.0000  -22.500011179.8916   23.1629
    0.0000  -45.0000  -22.500011593.4707   23.1482
    7.5000  -45.0000  -22.500010967.1104   23.1647
   -7.5000  -37.5000  -22.500011425.2002   23.1787
    0.0000  -37.5000  -22.500011837.0801   23.1674
    7.5000  -37.5000  -22.500011191.2285   23.1870
   -7.5000  -30.0000  -22.500012039.9014   23.1675
    0.0000  -30.0000  -22.500012466.5459   23.1654
    7.5000  -30.0000  -22.500011773.6680   23.1984
   -7.5000  -22.5000  -22.500012555.8008   23.1359
    0.0000  -22.5000  -22.500012993.0605   23.1376
    7.5000  -22.5000  -22.500012269.3867   23.1796
   -7.5000  -15.0000  -22.500012931.5723   23.1179
    0.0000  -15.0000  -22.500013378.2686   23.1146
    7.5000  -15.0000  -22.500012657.8008   23.1532
   -7.5000   -7.5000  -22.500013245.8672   23.1338
    0.0000   -7.5000  -22.500013685.9658   23.1232
    7.5000   -7.5000  -22.500012960.5283   23.1495
   -7.5000    0.0000  -22.500013380.8438   23.1629
    0.0000    0.0000  -22.500013793.3848   23.1482
    7.5000    0.0000  -22.500013090.4434   23.1647
   -7.5000    7.5000  -22.500012398.6729   23.1787
    0.0000    7.5000  -22.500012764.9824   23.1674
    7.5000    7.5000  -22.500012115.1846   23.1870
   -7.5000   15.0000  -22.500011408.9570   23.1675
    0.0000   15.0000  -22.500011753.5938   23.1654
    7.5000   15.0000  -22.500011146.1709   23.1984
   -7.5000   22.5000  -22.500010382.3115   23.1299
    0.0000   22.5000  -22.500010685.1592   23.1317
    7.5000   22.5000  -22.500010116.9287   23.1737
   -7.5000   30.0000  -22.5000 9292.9160   22.8539
    0.0000   30.0000  -22.5000 9556.0576   22.8505
    7.5000   30.0000  -22.5000 9054.2451   22.8880
   -7.5000   37.5000  -22.5000 8482.3105   22.9986
    0.0000   37.5000  -22.5000 8691.0146   22.9876
    7.5000   37.5000  -22.5000 8245.6543   23.0126
   -7.5000   45.0000  -22.5000 7378.4648   22.7880
    0.0000   45.0000  -22.5000 7564.5029   22.7731
    7.5000   45.0000  -22.5000 7193.1968   22.7896
   -7.5000  -45.0000  -15.000011779.8057   23.7045
    0.0000  -45.0000  -15.000012215.0498   23.7023
    7.5000  -45.0000  -15.000011573.5586   23.7057
   -7.5000  -37.5000  -15.000012015.3633   23.7175
    0.0000  -37.5000  -15.000012437.5703   23.7219
    7.5000  -37.5000  -15.000011793.9004   23.7269
   -7.5000  -30.0000  -15.000012682.2676   23.6986
    0.0000  -30.0000  -15.000013134.6758   23.7132
    7.5000  -30.0000  -15.000012433.9189   23.7288
   -7.5000  -22.5000  -15.000013215.9834   23.6652
    0.0000  -22.5000  -15.000013672.1387   23.6807
    7.5000  -22.5000  -15.000012951.4443   23.7029
   -7.5000  -15.0000  -15.000013597.4375   23.6517
    0.0000  -15.0000  -15.000014071.9912   23.6580
    7.5000  -15.0000  -15.000013328.5879   23.6765
   -7.5000   -7.5000  -15.000013898.0947   23.6721
    0.0000   -7.5000  -15.000014370.5713   23.6707
    7.5000   -7.5000  -15.000013601.8789   23.6813
   -7.5000    0.0000  -15.000014013.0820   23.7045
    0.0000    0.0000  -15.000014470.6074   23.7023
    7.5000    0.0000  -15.000013726.1504   23.7057
   -7.5000    7.5000  -15.000012968.6855   23.7175
    0.0000    7.5000  -15.000013387.3105   23.7219
    7.5000    7.5000  -15.000012684.7402   23.7269
   -7.5000   15.0000  -15.000011937.8467   23.6986
    0.0000   15.0000  -15.000012297.0332   23.7132
    7.5000   15.0000  -15.000011654.2500   23.7288
   -7.5000   22.5000  -15.000010863.2139   23.6580
    0.0000   22.5000  -15.000011174.2275   23.6735
    7.5000   22.5000  -15.000010592.3359   23.6956
   -7.5000   30.0000  -15.0000 9695.7490   23.3829
    0.0000   30.0000  -15.0000 9974.1436   23.3893
    7.5000   30.0000  -15.0000 9461.7588   23.4070
   -7.5000   37.5000  -15.0000 8828.8857   23.5356
    0.0000   37.5000  -15.0000 9048.1963   23.5345
    7.5000   37.5000  -15.0000 8615.1396   23.5439
   -7.5000   45.0000  -15.0000 7638.5703   23.3318
    0.0000   45.0000  -15.0000 7827.7686   23.3307
    7.5000   45.0000  -15.0000 7458.5527   23.3353
   -7.5000  -45.0000   -7.500012424.5420   24.0326
    0.0000  -45.0000   -7.500012881.1865   24.0166
    7.5000  -45.0000   -7.500012259.3164   23.9958
   -7.5000  -37.5000   -7.500012690.7061   24.0426
    0.0000  -37.5000   -7.500013151.2568   24.0374
    7.5000  -37.5000   -7.500012505.4854   24.0200
   -7.5000  -30.0000   -7.500013392.1279   24.0129
    0.0000  -30.0000   -7.500013898.9893   24.0211
    7.5000  -30.0000   -7.500013184.0029   24.0141
   -7.5000  -22.5000   -7.500013937.7822   23.9755
    0.0000  -22.5000   -7.500014463.5273   23.9840
    7.5000  -22.5000   -7.500013724.5732   23.9798
   -7.5000  -15.0000   -7.500014315.7061   23.9642
    0.0000  -15.0000   -7.500014870.2148   23.9594
    7.5000  -15.0000   -7.500014092.6504   23.9496
   -7.5000   -7.5000   -7.500014588.7627   23.9915
    0.0000   -7.5000   -7.500015129.3018   23.9758
    7.5000   -7.5000   -7.500014324.8008   23.9597
   -7.5000    0.0000   -7.500014668.1523   24.0326
    0.0000    0.0000   -7.500015206.4170   24.0166
    7.5000    0.0000   -7.500014420.1934   23.9958
   -7.5000    7.5000   -7.500013569.9180   24.0426
    0.0000    7.5000   -7.500014044.3604   24.0374
    7.5000    7.5000   -7.500013312.6211   24.0200
   -7.5000   15.0000   -7.500012488.2529   24.0129
    0.0000   15.0000   -7.500012848.0293   24.0211
    7.5000   15.0000   -7.500012189.3984   24.0141
   -7.5000   22.5000   -7.500011339.2236   23.9654
    0.0000   22.5000   -7.500011658.5127   23.9739
    7.5000   22.5000   -7.500011071.8994   23.9697
   -7.5000   30.0000   -7.500010127.6104   23.6885
    0.0000   30.0000   -7.500010392.5010   23.6838
    7.5000   30.0000   -7.5000 9876.0078   23.6737
   -7.5000   37.5000   -7.5000 9167.2744   23.8490
    0.0000   37.5000   -7.5000 9393.9805   23.8337
    7.5000   37.5000   -7.5000 8962.4531   23.8167
   -7.5000   45.0000   -7.5000 7904.6538   23.6587
    0.0000   45.0000   -7.5000 8109.8442   23.6446
    7.5000   45.0000   -7.5000 7748.4146   23.6254
   -7.5000  -45.0000    0.000012919.2080   24.1375
    0.0000  -45.0000    0.000013426.3223   24.0961
    7.5000  -45.0000    0.000012851.4229   24.0655
   -7.5000  -37.5000    0.000013097.7500   24.1496
    0.0000  -37.5000    0.000013661.7344   24.1204
    7.5000  -37.5000    0.000013061.6689   24.0965
   -7.5000  -30.0000    0.000013820.2363   24.1183
    0.0000  -30.0000    0.000014407.7891   24.1058
    7.5000  -30.0000    0.000013755.5312   24.0939
   -7.5000  -22.5000    0.000014392.4131   24.0773
    0.0000  -22.5000    0.000014988.8662   24.0673
    7.5000  -22.5000    0.000014294.4531   24.0572
   -7.5000  -15.0000    0.000014763.0010   24.0616
    0.0000  -15.0000    0.000015362.1865   24.0377
    7.5000  -15.0000    0.000014633.2461   24.0204
   -7.5000   -7.5000    0.000014989.8848   24.0905
    0.0000   -7.5000    0.000015581.8496   24.0520
    7.5000   -7.5000    0.000014858.4443   24.0262
   -7.5000    0.0000    0.000015072.7803   24.1375
    0.0000    0.0000    0.000015630.9863   24.0961
    7.5000    0.0000    0.000014920.3721   24.0655
   -7.5000    7.5000    0.000014005.3096   24.1496
    0.0000    7.5000    0.000014482.3271   24.1204
    7.5000    7.5000    0.000013798.4463   24.0965
   -7.5000   15.0000    0.000012890.7471   24.1183
    0.0000   15.0000    0.000013279.7949   24.1058
    7.5000   15.0000    0.000012664.2959   24.0939
   -7.5000   22.5000    0.000011709.6338   24.0671
    0.0000   22.5000    0.000012043.8789   24.0570
    7.5000   22.5000    0.000011494.4541   24.0469
   -7.5000   30.0000    0.000010413.1709   23.7844
    0.0000   30.0000    0.000010710.8242   23.7608
    7.5000   30.0000    0.000010229.7930   23.7432
   -7.5000   37.5000    0.0000 9389.3154   23.9458
    0.0000   37.5000    0.0000 9633.9883   23.9073
    7.5000   37.5000    0.0000 9240.3271   23.8808
   -7.5000   45.0000    0.0000 8097.1436   23.7663
    0.0000   45.0000    0.0000 8307.1426   23.7262
    7.5000   45.0000    0.0000 7979.6729   23.6961
   -7.5000  -45.0000    7.500012499.9346   24.1495
    0.0000  -45.0000    7.500012993.3936   24.0980
    7.5000  -45.0000    7.500012494.7969   24.0803
   -7.5000  -37.5000    7.500012689.6699   24.1643
    0.0000  -37.5000    7.500013170.2275   24.1205
    7.5000  -37.5000    7.500012684.5137   24.1112
   -7.5000  -30.0000    7.500013390.0205   24.1399
    0.0000  -30.0000    7.500013886.8115   24.1112
    7.5000  -30.0000    7.500013326.3281   24.1172
   -7.5000  -22.5000    7.500013910.7676   24.1006
    0.0000  -22.5000    7.500014408.4561   24.0775
    7.5000  -22.5000    7.500013838.3467   24.0885
   -7.5000  -15.0000    7.500014256.5508   24.0814
    0.0000  -15.0000    7.500014752.1738   24.0498
    7.5000  -15.0000    7.500014170.6963   24.0534
   -7.5000   -7.5000    7.500014416.4678   24.1061
    0.0000   -7.5000    7.500014916.7705   24.0610
    7.5000   -7.5000    7.500014364.5430   24.0513
   -7.5000    0.0000    7.500014488.0049   24.1495
    0.0000    0.0000    7.500014977.7881   24.0980
    7.5000    0.0000    7.500014418.6494   24.0803
   -7.5000    7.5000    7.500013444.1758   24.1643
    0.0000    7.5000    7.500013876.5869   24.1205
    7.5000    7.5000    7.500013321.0986   24.1112
   -7.5000   15.0000    7.500012366.0586   24.1399
    0.0000   15.0000    7.500012759.8691   24.1112
    7.5000   15.0000    7.500012240.5703   24.1172
   -7.5000   22.5000    7.500011181.8379   24.0905
    0.0000   22.5000    7.500011548.4258   24.0674
    7.5000   22.5000    7.500011084.4805   24.0783
   -7.5000   30.0000    7.5000 9969.5635   23.8060
    0.0000   30.0000    7.500010300.6768   23.7745
    7.5000   30.0000    7.5000 9861.0811   23.7775
   -7.5000   37.5000    7.5000 8983.9639   23.9630
    0.0000   37.5000    7.5000 9268.4629   23.9172
    7.5000   37.5000    7.5000 8866.1660   23.9066
   -7.5000   45.0000    7.5000 7713.0566   23.7812
    0.0000   45.0000    7.5000 7969.1118   23.7294
    7.5000   45.0000    7.5000 7632.1421   23.7108
   -7.5000  -45.0000   15.000011965.2695   24.1181
    0.0000  -45.0000   15.000012436.8779   24.0790
    7.5000  -45.0000   15.000011992.7041   24.0846
   -7.5000  -37.5000   15.000012268.9727   24.1341
    0.0000  -37.5000   15.000012697.5713   24.0980
    7.5000  -37.5000   15.000012249.0557   24.1105
   -7.5000  -30.0000   15.000012954.4531   24.1189
    0.0000  -30.0000   15.000013342.7461   24.0936
    7.5000  -30.0000   15.000012868.2568   24.1228
   -7.5000  -22.5000   15.000013441.5068   24.0840
    0.0000  -22.5000   15.000013815.3643   24.0654
    7.5000  -22.5000   15.000013338.9102   24.1033
   -7.5000  -15.0000   15.000013778.3281   24.0640
    0.0000  -15.0000   15.000014172.7041   24.0418
    7.5000  -15.0000   15.000013664.7158   24.0741
   -7.5000   -7.5000   15.000013881.8955   24.0831
    0.0000   -7.5000   15.000014307.5498   24.0512
    7.5000   -7.5000   15.000013806.6836   24.0677
   -7.5000    0.0000   15.000013930.8848   24.1181
    0.0000    0.0000   15.000014379.9531   24.0790
    7.5000    0.0000   15.000013847.7021   24.0846
   -7.5000    7.5000   15.000012853.7363   24.1341
    0.0000    7.5000   15.000013291.6377   24.0980
    7.5000    7.5000   15.000012779.6572   24.1105
   -7.5000   15.0000   15.000011800.9150   24.1189
    0.0000   15.0000   15.000012213.1104   24.0936
    7.5000   15.0000   15.000011714.2363   24.1228
   -7.5000   22.5000   15.000010633.5518   24.0740
    0.0000   22.5000   15.000011029.8945   24.0554
    7.5000   22.5000   15.000010579.2676   24.0933
   -7.5000   30.0000   15.0000 9447.1582   23.7917
    0.0000   30.0000   15.0000 9807.8691   23.7693
    7.5000   30.0000   15.0000 9391.7285   23.8007
   -7.5000   37.5000   15.0000 8493.9287   23.9438
    0.0000   37.5000   15.0000 8811.5801   23.9110
    7.5000   37.5000   15.0000 8439.3252   23.9263
   -7.5000   45.0000   15.0000 7280.3511   23.7510
    0.0000   45.0000   15.0000 7536.5986   23.7110
    7.5000   45.0000   15.0000 7227.1602   23.7156
   -7.5000  -45.0000   22.500011369.2373   24.1323
    0.0000  -45.0000   22.500011822.5107   24.1166
    7.5000  -45.0000   22.500011365.0762   24.1335
   -7.5000  -37.5000   22.500011655.6523   24.1490
    0.0000  -37.5000   22.500012118.1025   24.1367
    7.5000  -37.5000   22.500011588.1367   24.1569
   -7.5000  -30.0000   22.500012273.4326   24.1369
    0.0000  -30.0000   22.500012791.0732   24.1342
    7.5000  -30.0000   22.500012190.9141   24.1684
   -7.5000  -22.5000   22.500012747.7500   24.1034
    0.0000  -22.5000   22.500013280.4258   24.1048
    7.5000  -22.5000   22.500012659.0293   24.1486
   -7.5000  -15.0000   22.500013110.6611   24.0846
    0.0000  -15.0000   22.500013617.7119   24.0808
    7.5000  -15.0000   22.500012997.9756   24.1209
   -7.5000   -7.5000   22.500013232.9717   24.1015
    0.0000   -7.5000   22.500013747.4326   24.0901
    7.5000   -7.5000   22.500013142.9883   24.1174
   -7.5000    0.0000   22.500013259.5898   24.1323
    0.0000    0.0000   22.500013766.4004   24.1166
    7.5000    0.0000   22.500013160.6855   24.1335
   -7.5000    7.5000   22.500012210.8516   24.1490
    0.0000    7.5000   22.500012664.8301   24.1367
    7.5000    7.5000   22.500012142.7881   24.1569
   -7.5000   15.0000   22.500011181.5645   24.1369
    0.0000   15.0000   22.500011579.4209   24.1342
    7.5000   15.0000   22.500011100.5908   24.1684
   -7.5000   22.5000   22.500010070.7939   24.0936
    0.0000   22.5000   22.500010425.3916   24.0950
    7.5000   22.5000   22.500010011.1504   24.1386
   -7.5000   30.0000   22.5000 8914.4775   23.8130
    0.0000   30.0000   22.5000 9232.5361   23.8091
    7.5000   30.0000   22.5000 8859.7979   23.8481
   -7.5000   37.5000   22.5000 7999.9575   23.9646
    0.0000   37.5000   22.5000 8287.1250   23.9528
    7.5000   37.5000   22.5000 7950.5825   23.9787
   -7.5000   45.0000   22.5000 6847.9487   23.7642
    0.0000   45.0000   22.5000 7085.5474   23.7482
    7.5000   45.0000   22.5000 6800.4014   23.7652
   -7.5000  -45.0000   30.000010655.4082   24.2307
    0.0000  -45.0000   30.000011069.3496   24.2279
    7.5000  -45.0000   30.000010593.5166   24.2307
   -7.5000  -37.5000   30.000010895.1973   24.2438
    0.0000  -37.5000   30.000011320.3320   24.2481
    7.5000  -37.5000   30.000010814.7100   24.2524
   -7.5000  -30.0000   30.000011470.6777   24.2237
    0.0000  -30.0000   30.000011926.2900   24.2385
    7.5000  -30.0000   30.000011398.4785   24.2540
   -7.5000  -22.5000   30.000011936.2051   24.1888
    0.0000  -22.5000   30.000012407.0664   24.2046
    7.5000  -22.5000   30.000011875.9873   24.2269
   -7.5000  -15.0000   30.000012266.1396   24.1751
    0.0000  -15.0000   30.000012740.2490   24.1812
    7.5000  -15.0000   30.000012204.1406   24.1998
   -7.5000   -7.5000   30.000012416.7822   24.1968
    0.0000   -7.5000   30.000012911.9912   24.1948
    7.5000   -7.5000   30.000012365.0449   24.2052
   -7.5000    0.0000   30.000012439.0957   24.2307
    0.0000    0.0000   30.000012928.2725   24.2279
    7.5000    0.0000   30.000012378.6855   24.2307
   -7.5000    7.5000   30.000011464.0127   24.2438
    0.0000    7.5000   30.000011896.2686   24.2481
    7.5000    7.5000   30.000011404.7109   24.2524
   -7.5000   15.0000   30.000010487.4873   24.2237
    0.0000   15.0000   30.000010854.5156   24.2385
    7.5000   15.0000   30.000010390.9814   24.2540
   -7.5000   22.5000   30.0000 9439.0771   24.1789
    0.0000   22.5000   30.0000 9775.0371   24.1946
    7.5000   22.5000   30.0000 9363.9453   24.2169
   -7.5000   30.0000   30.0000 8336.3818   23.9007
    0.0000   30.0000   30.0000 8633.7334   23.9069
    7.5000   30.0000   30.0000 8286.9873   23.9247
   -7.5000   37.5000   30.0000 7492.5093   24.0588
    0.0000   37.5000   30.0000 7742.7358   24.0571
    7.5000   37.5000   30.0000 7423.8857   24.0662
   -7.5000   45.0000   30.0000 6427.6353   23.8602
    0.0000   45.0000   30.0000 6632.1636   23.8584
    7.5000   45.0000   30.0000 6355.3140   23.8625
   -7.5000  -45.0000   37.500010272.6670   24.4909
    0.0000  -45.0000   37.500010665.9268   24.4745
    7.5000  -45.0000   37.500010156.2920   24.4510
   -7.5000  -37.5000   37.500010490.7881   24.4998
    0.0000  -37.5000   37.500010901.6445   24.4944
    7.5000  -37.5000   37.500010369.8613   24.4748
   -7.5000  -30.0000   37.500011033.6289   24.4675
    0.0000  -30.0000   37.500011479.9424   24.4763
    7.5000  -30.0000   37.500010924.6240   24.4676
   -7.5000  -22.5000   37.500011500.2822   24.4289
    0.0000  -22.5000   37.500011966.3125   24.4382
    7.5000  -22.5000   37.500011430.1377   24.4324
   -7.5000  -15.0000   37.500011847.5635   24.4189
    0.0000  -15.0000   37.500012322.6758   24.4144
    7.5000  -15.0000   37.500011767.7852   24.4024
   -7.5000   -7.5000   37.500012016.2510   24.4486
    0.0000   -7.5000   37.500012499.8604   24.4325
    7.5000   -7.5000   37.500011947.5654   24.4138
   -7.5000    0.0000   37.500012043.9570   24.4909
    0.0000    0.0000   37.500012537.6133   24.4745
    7.5000    0.0000   37.500011983.4961   24.4510
   -7.5000    7.5000   37.500011103.5498   24.4998
    0.0000    7.5000   37.500011535.1426   24.4944
    7.5000    7.5000   37.500011026.5059   24.4748
   -7.5000   15.0000   37.500010144.8281   24.4675
    0.0000   15.0000   37.500010520.3857   24.4763
    7.5000   15.0000   37.500010057.9746   24.4676
   -7.5000   22.5000   37.5000 9123.8799   24.4182
    0.0000   22.5000   37.5000 9460.7949   24.4275
    7.5000   22.5000   37.5000 9043.0029   24.4216
   -7.5000   30.0000   37.5000 8059.0679   24.1344
    0.0000   30.0000   37.5000 8360.9971   24.1298
    7.5000   30.0000   37.5000 8005.8135   24.1177
   -7.5000   37.5000   37.5000 7262.8589   24.2961
    0.0000   37.5000   37.5000 7510.3721   24.2804
    7.5000   37.5000   37.5000 7184.0283   24.2610
   -7.5000   45.0000   37.5000 6252.3276   24.1030
    0.0000   45.0000   37.5000 6452.7627   24.0884
    7.5000   45.0000   37.5000 6151.1128   24.0669
   -7.5000  -45.0000   45.0000 9393.9307   24.8061
    0.0000  -45.0000   45.0000 9745.9062   24.7652
    7.5000  -45.0000   45.0000 9251.8643   24.7304
   -7.5000  -37.5000   45.0000 9583.0010   24.8167
    0.0000  -37.5000   45.0000 9947.4287   24.7882
    7.5000  -37.5000   45.0000 9462.0449   24.7608
   -7.5000  -30.0000   45.000010091.4570   24.7833
    0.0000  -30.0000   45.000010479.5703   24.7722
    7.5000  -30.0000   45.0000 9957.6738   24.7576
   -7.5000  -22.5000   45.000010535.3818   24.7423
    0.0000  -22.5000   45.000010960.1514   24.7341
    7.5000  -22.5000   45.000010441.6719   24.7212
   -7.5000  -15.0000   45.000010879.5898   24.7281
    0.0000  -15.0000   45.000011322.6719   24.7056
    7.5000  -15.0000   45.000010793.2617   24.6846
   -7.5000   -7.5000   45.000011085.7910   24.7586
    0.0000   -7.5000   45.000011519.9766   24.7208
    7.5000   -7.5000   45.000010981.7129   24.6907
   -7.5000    0.0000   45.000011126.9004   24.8061
    0.0000    0.0000   45.000011545.8115   24.7652
    7.5000    0.0000   45.000011009.4141   24.7304
   -7.5000    7.5000   45.000010266.1982   24.8167
    0.0000    7.5000   45.000010641.7158   24.7882
    7.5000    7.5000   45.000010130.6484   24.7608
   -7.5000   15.0000   45.0000 9398.1777   24.7833
    0.0000   15.0000   45.0000 9723.5859   24.7722
    7.5000   15.0000   45.0000 9256.4541   24.7576
   -7.5000   22.5000   45.0000 8445.4834   24.7309
    0.0000   22.5000   45.0000 8735.9600   24.7227
    7.5000   22.5000   45.0000 8339.1162   24.7098
   -7.5000   30.0000   45.0000 7461.4585   24.4304
    0.0000   30.0000   45.0000 7729.6699   24.4080
    7.5000   30.0000   45.0000 7397.6226   24.3871
   -7.5000   37.5000   45.0000 6719.7778   24.5892
    0.0000   37.5000   45.0000 6953.5200   24.5514
    7.5000   37.5000   45.0000 6661.8677   24.5210
   -7.5000   45.0000   45.0000 5797.4351   24.4153
    0.0000   45.0000   45.0000 5991.3633   24.3758
    7.5000   45.0000   45.0000 5717.8047   24.3420

---------------------------------------------------------------------
imgreg_4dfp /opt/freesurfer/average/711-2C_as_mni_average_305 /opt/freesurfer/average/711-2B_as_mni_average_305_mask talsrcimg_g11 none talsrcimg_to_711-2C_as_mni_average_305_t4 4355
---------------------------------------------------------------------

freesurfer imgreg_4dfp.c
/opt/freesurfer/average/711-2C_as_mni_average_305.4dfp.img
       256       256       256         1
  1.000000  1.000000  1.000000
orientation T byte_order littleendian
Reading image: /opt/freesurfer/average/711-2C_as_mni_average_305.4dfp.img
dimensions:      256       256       256
mmppix:       1.0000   -1.0000   -1.0000
center:     128.0000 -129.0000 -129.0000
/opt/freesurfer/average/711-2B_as_mni_average_305_mask.4dfp.img
       256       256       256         1
  1.000000  1.000000  1.000000
orientation T byte_order littleendian
Reading mask: /opt/freesurfer/average/711-2B_as_mni_average_305_mask.4dfp.img (2306576 pixels)
talsrcimg_g11.4dfp.img
       256       256       256         1
  1.000000  1.000000  1.000000
orientation T byte_order littleendian
Reading image: talsrcimg_g11.4dfp.img
dimensions:      256       256       256
mmppix:       1.0000   -1.0000   -1.0000
center:     128.0000 -129.0000 -129.0000
rotation matrix determinant  1.000000
image alignment mode   4355 decimal     1103 hex
   -7.5000  -45.0000  -45.0000 2199.2109   18.1995
    0.0000  -45.0000  -45.0000 2210.5166   18.0961
    7.5000  -45.0000  -45.0000 2193.7905   18.3538
   -7.5000  -37.5000  -45.0000 2227.4763   17.6481
    0.0000  -37.5000  -45.0000 2236.8491   17.5211
    7.5000  -37.5000  -45.0000 2215.7358   17.8097
   -7.5000  -30.0000  -45.0000 2234.7839   17.4266
    0.0000  -30.0000  -45.0000 2241.9048   17.3076
    7.5000  -30.0000  -45.0000 2220.1345   17.6181
   -7.5000  -22.5000  -45.0000 2210.2427   17.5927
    0.0000  -22.5000  -45.0000 2218.7131   17.5058
    7.5000  -22.5000  -45.0000 2192.4597   17.8364
   -7.5000  -15.0000  -45.0000 2165.6941   18.1679
    0.0000  -15.0000  -45.0000 2174.5479   18.0560
    7.5000  -15.0000  -45.0000 2147.1912   18.3705
   -7.5000   -7.5000  -45.0000 2094.1797   19.1364
    0.0000   -7.5000  -45.0000 2111.3975   19.0038
    7.5000   -7.5000  -45.0000 2078.1221   19.3657
   -7.5000    0.0000  -45.0000 2009.7341   20.6452
    0.0000    0.0000  -45.0000 2019.7648   20.5266
    7.5000    0.0000  -45.0000 1989.3737   20.8781
   -7.5000    7.5000  -45.0000 1905.8162   22.8638
    0.0000    7.5000  -45.0000 1912.8059   22.6549
    7.5000    7.5000  -45.0000 1882.0013   22.9924
   -7.5000   15.0000  -45.0000 1796.6669   25.9588
    0.0000   15.0000  -45.0000 1799.0188   25.7268
    7.5000   15.0000  -45.0000 1768.1097   25.9719
   -7.5000   22.5000  -45.0000 1676.8624   30.0470
    0.0000   22.5000  -45.0000 1673.8578   29.8552
    7.5000   22.5000  -45.0000 1650.0729   30.0880
   -7.5000   30.0000  -45.0000 1537.3851   35.6030
    0.0000   30.0000  -45.0000 1534.5986   35.2637
    7.5000   30.0000  -45.0000 1514.9932   35.7166
   -7.5000   37.5000  -45.0000 1409.9130   43.9640
    0.0000   37.5000  -45.0000 1405.9614   43.3216
    7.5000   37.5000  -45.0000 1384.0699   44.0921
   -7.5000   45.0000  -45.0000 1264.0009   56.7548
    0.0000   45.0000  -45.0000 1264.1445   56.2870
    7.5000   45.0000  -45.0000 1247.4587   57.2192
   -7.5000  -45.0000  -37.5000 2291.3513   16.7902
    0.0000  -45.0000  -37.5000 2302.7446   16.7336
    7.5000  -45.0000  -37.5000 2284.6355   16.9595
   -7.5000  -37.5000  -37.5000 2320.1423   16.3193
    0.0000  -37.5000  -37.5000 2332.0247   16.2436
    7.5000  -37.5000  -37.5000 2310.9880   16.5096
   -7.5000  -30.0000  -37.5000 2328.9585   16.1101
    0.0000  -30.0000  -37.5000 2339.1143   16.0462
    7.5000  -30.0000  -37.5000 2315.5720   16.3255
   -7.5000  -22.5000  -37.5000 2305.8289   16.2552
    0.0000  -22.5000  -37.5000 2317.9033   16.1791
    7.5000  -22.5000  -37.5000 2289.5403   16.5054
   -7.5000  -15.0000  -37.5000 2258.9360   16.7500
    0.0000  -15.0000  -37.5000 2270.3147   16.6990
    7.5000  -15.0000  -37.5000 2238.1304   17.0154
   -7.5000   -7.5000  -37.5000 2187.1812   17.6976
    0.0000   -7.5000  -37.5000 2197.2620   17.5861
    7.5000   -7.5000  -37.5000 2163.7830   17.9146
   -7.5000    0.0000  -37.5000 2092.8965   19.0692
    0.0000    0.0000  -37.5000 2100.5454   18.9611
    7.5000    0.0000  -37.5000 2069.7671   19.2750
   -7.5000    7.5000  -37.5000 1979.2172   21.0291
    0.0000    7.5000  -37.5000 1989.1312   20.8807
    7.5000    7.5000  -37.5000 1956.7499   21.1817
   -7.5000   15.0000  -37.5000 1874.2805   23.8015
    0.0000   15.0000  -37.5000 1879.0220   23.5784
    7.5000   15.0000  -37.5000 1842.4810   23.8186
   -7.5000   22.5000  -37.5000 1742.4369   27.4978
    0.0000   22.5000  -37.5000 1740.8939   27.3527
    7.5000   22.5000  -37.5000 1714.0441   27.6012
   -7.5000   30.0000  -37.5000 1597.7528   32.4678
    0.0000   30.0000  -37.5000 1601.2827   32.1603
    7.5000   30.0000  -37.5000 1577.3578   32.4780
   -7.5000   37.5000  -37.5000 1462.0199   39.8274
    0.0000   37.5000  -37.5000 1455.8806   39.3842
    7.5000   37.5000  -37.5000 1438.4681   39.8208
   -7.5000   45.0000  -37.5000 1311.5608   50.8097
    0.0000   45.0000  -37.5000 1312.4315   50.3268
    7.5000   45.0000  -37.5000 1297.4938   51.0837
   -7.5000  -45.0000  -30.0000 2431.6157   16.0157
    0.0000  -45.0000  -30.0000 2443.9885   15.9832
    7.5000  -45.0000  -30.0000 2418.3721   16.2159
   -7.5000  -37.5000  -30.0000 2472.1516   15.6262
    0.0000  -37.5000  -30.0000 2481.7756   15.5738
    7.5000  -37.5000  -30.0000 2453.4031   15.8102
   -7.5000  -30.0000  -30.0000 2478.7183   15.4731
    0.0000  -30.0000  -30.0000 2488.9048   15.4330
    7.5000  -30.0000  -30.0000 2454.8318   15.7056
   -7.5000  -22.5000  -30.0000 2454.6550   15.6074
    0.0000  -22.5000  -30.0000 2470.6050   15.5707
    7.5000  -22.5000  -30.0000 2430.6367   15.8919
   -7.5000  -15.0000  -30.0000 2406.1460   16.0906
    0.0000  -15.0000  -30.0000 2418.0652   16.0427
    7.5000  -15.0000  -30.0000 2374.5576   16.3913
   -7.5000   -7.5000  -30.0000 2328.0430   16.9559
    0.0000   -7.5000  -30.0000 2334.1323   16.8912
    7.5000   -7.5000  -30.0000 2293.1572   17.2438
   -7.5000    0.0000  -30.0000 2221.1829   18.2276
    0.0000    0.0000  -30.0000 2228.0815   18.1414
    7.5000    0.0000  -30.0000 2193.4736   18.4937
   -7.5000    7.5000  -30.0000 2094.2886   20.0446
    0.0000    7.5000  -30.0000 2098.1062   19.9320
    7.5000    7.5000  -30.0000 2072.0105   20.2404
   -7.5000   15.0000  -30.0000 1973.8673   22.5620
    0.0000   15.0000  -30.0000 1976.9532   22.4146
    7.5000   15.0000  -30.0000 1950.3475   22.7310
   -7.5000   22.5000  -30.0000 1838.2792   26.0862
    0.0000   22.5000  -30.0000 1839.4011   25.9035
    7.5000   22.5000  -30.0000 1811.4917   26.2440
   -7.5000   30.0000  -30.0000 1688.9858   30.7233
    0.0000   30.0000  -30.0000 1687.8550   30.4742
    7.5000   30.0000  -30.0000 1664.9935   30.8328
   -7.5000   37.5000  -30.0000 1545.2368   37.6565
    0.0000   37.5000  -30.0000 1538.1324   37.2292
    7.5000   37.5000  -30.0000 1515.4844   37.6203
   -7.5000   45.0000  -30.0000 1380.9189   47.4364
    0.0000   45.0000  -30.0000 1381.5989   47.1035
    7.5000   45.0000  -30.0000 1367.2795   47.6683
   -7.5000  -45.0000  -22.5000 2557.1895   15.2034
    0.0000  -45.0000  -22.5000 2564.6895   15.1622
    7.5000  -45.0000  -22.5000 2529.9653   15.4321
   -7.5000  -37.5000  -22.5000 2602.0713   14.8520
    0.0000  -37.5000  -22.5000 2609.2954   14.8061
    7.5000  -37.5000  -22.5000 2571.4231   15.0771
   -7.5000  -30.0000  -22.5000 2609.5427   14.7807
    0.0000  -30.0000  -22.5000 2618.5432   14.7320
    7.5000  -30.0000  -22.5000 2573.8467   15.0232
   -7.5000  -22.5000  -22.5000 2588.4473   14.9435
    0.0000  -22.5000  -22.5000 2596.6416   14.9243
    7.5000  -22.5000  -22.5000 2548.6428   15.2307
   -7.5000  -15.0000  -22.5000 2534.5264   15.3958
    0.0000  -15.0000  -22.5000 2539.7305   15.3856
    7.5000  -15.0000  -22.5000 2493.5632   15.7148
   -7.5000   -7.5000  -22.5000 2444.9043   16.1714
    0.0000   -7.5000  -22.5000 2448.8003   16.1533
    7.5000   -7.5000  -22.5000 2405.6880   16.5062
   -7.5000    0.0000  -22.5000 2325.5190   17.3715
    0.0000    0.0000  -22.5000 2330.3872   17.3105
    7.5000    0.0000  -22.5000 2301.4382   17.6651
   -7.5000    7.5000  -22.5000 2190.7302   19.0821
    0.0000    7.5000  -22.5000 2193.6316   18.9891
    7.5000    7.5000  -22.5000 2168.3123   19.3378
   -7.5000   15.0000  -22.5000 2052.9055   21.3809
    0.0000   15.0000  -22.5000 2054.4851   21.2698
    7.5000   15.0000  -22.5000 2028.0092   21.6620
   -7.5000   22.5000  -22.5000 1908.0570   24.5475
    0.0000   22.5000  -22.5000 1905.7245   24.3566
    7.5000   22.5000  -22.5000 1880.7225   24.8797
   -7.5000   30.0000  -22.5000 1755.5696   28.8408
    0.0000   30.0000  -22.5000 1757.5521   28.6310
    7.5000   30.0000  -22.5000 1732.2731   29.1692
   -7.5000   37.5000  -22.5000 1605.7006   35.3955
    0.0000   37.5000  -22.5000 1603.9238   34.9658
    7.5000   37.5000  -22.5000 1581.9846   35.6179
   -7.5000   45.0000  -22.5000 1441.0702   44.4644
    0.0000   45.0000  -22.5000 1442.9384   44.1782
    7.5000   45.0000  -22.5000 1427.4404   44.7475
   -7.5000  -45.0000  -15.0000 2646.0557   14.4759
    0.0000  -45.0000  -15.0000 2652.6262   14.4449
    7.5000  -45.0000  -15.0000 2615.7939   14.7545
   -7.5000  -37.5000  -15.0000 2702.3816   14.1682
    0.0000  -37.5000  -15.0000 2704.7102   14.1428
    7.5000  -37.5000  -15.0000 2660.9827   14.4474
   -7.5000  -30.0000  -15.0000 2717.9111   14.1560
    0.0000  -30.0000  -15.0000 2723.6042   14.1399
    7.5000  -30.0000  -15.0000 2672.4116   14.4193
   -7.5000  -22.5000  -15.0000 2692.7637   14.3525
    0.0000  -22.5000  -15.0000 2695.0752   14.3520
    7.5000  -22.5000  -15.0000 2647.4272   14.6206
   -7.5000  -15.0000  -15.0000 2626.2412   14.7728
    0.0000  -15.0000  -15.0000 2631.4731   14.7889
    7.5000  -15.0000  -15.0000 2583.4851   15.0815
   -7.5000   -7.5000  -15.0000 2528.4875   15.5141
    0.0000   -7.5000  -15.0000 2534.0652   15.5157
    7.5000   -7.5000  -15.0000 2488.1160   15.8215
   -7.5000    0.0000  -15.0000 2402.9927   16.6684
    0.0000    0.0000  -15.0000 2409.5435   16.6527
    7.5000    0.0000  -15.0000 2370.5864   16.9672
   -7.5000    7.5000  -15.0000 2258.7087   18.3159
    0.0000    7.5000  -15.0000 2266.0889   18.2710
    7.5000    7.5000  -15.0000 2229.1985   18.5792
   -7.5000   15.0000  -15.0000 2107.4719   20.4942
    0.0000   15.0000  -15.0000 2115.7668   20.4255
    7.5000   15.0000  -15.0000 2080.7959   20.7633
   -7.5000   22.5000  -15.0000 1957.4598   23.4140
    0.0000   22.5000  -15.0000 1957.9558   23.3044
    7.5000   22.5000  -15.0000 1926.9420   23.7274
   -7.5000   30.0000  -15.0000 1796.5011   27.4180
    0.0000   30.0000  -15.0000 1801.0283   27.2796
    7.5000   30.0000  -15.0000 1772.8138   27.7551
   -7.5000   37.5000  -15.0000 1642.6434   33.3885
    0.0000   37.5000  -15.0000 1644.8583   33.0864
    7.5000   37.5000  -15.0000 1622.9196   33.5644
   -7.5000   45.0000  -15.0000 1469.9855   41.7281
    0.0000   45.0000  -15.0000 1473.2159   41.5173
    7.5000   45.0000  -15.0000 1459.9678   41.9233
   -7.5000  -45.0000   -7.5000 2716.1367   13.8765
    0.0000  -45.0000   -7.5000 2728.9990   13.8499
    7.5000  -45.0000   -7.5000 2682.6438   14.2076
   -7.5000  -37.5000   -7.5000 2789.1875   13.5997
    0.0000  -37.5000   -7.5000 2791.5637   13.6059
    7.5000  -37.5000   -7.5000 2738.2153   13.9196
   -7.5000  -30.0000   -7.5000 2810.0376   13.6415
    0.0000  -30.0000   -7.5000 2810.7366   13.6544
    7.5000  -30.0000   -7.5000 2749.7866   13.9121
   -7.5000  -22.5000   -7.5000 2776.4553   13.8478
    0.0000  -22.5000   -7.5000 2775.8472   13.8755
    7.5000  -22.5000   -7.5000 2718.7524   14.1171
   -7.5000  -15.0000   -7.5000 2696.9309   14.2817
    0.0000  -15.0000   -7.5000 2701.6887   14.3239
    7.5000  -15.0000   -7.5000 2648.1819   14.5771
   -7.5000   -7.5000   -7.5000 2586.8479   14.9973
    0.0000   -7.5000   -7.5000 2593.3411   15.0065
    7.5000   -7.5000   -7.5000 2542.0068   15.2723
   -7.5000    0.0000   -7.5000 2451.7883   16.1122
    0.0000    0.0000   -7.5000 2463.6389   16.0916
    7.5000    0.0000   -7.5000 2418.1423   16.3336
   -7.5000    7.5000   -7.5000 2302.2520   17.6785
    0.0000    7.5000   -7.5000 2313.5266   17.6145
    7.5000    7.5000   -7.5000 2269.0037   17.8984
   -7.5000   15.0000   -7.5000 2146.8494   19.7261
    0.0000   15.0000   -7.5000 2151.1443   19.6762
    7.5000   15.0000   -7.5000 2114.0115   20.0009
   -7.5000   22.5000   -7.5000 1985.3807   22.5148
    0.0000   22.5000   -7.5000 1987.3379   22.4600
    7.5000   22.5000   -7.5000 1953.0897   22.8183
   -7.5000   30.0000   -7.5000 1822.8694   26.3197
    0.0000   30.0000   -7.5000 1825.7015   26.1061
    7.5000   30.0000   -7.5000 1797.1304   26.6503
   -7.5000   37.5000   -7.5000 1660.4885   31.6728
    0.0000   37.5000   -7.5000 1662.8213   31.3565
    7.5000   37.5000   -7.5000 1641.7858   31.8579
   -7.5000   45.0000   -7.5000 1487.6598   39.1359
    0.0000   45.0000   -7.5000 1497.2523   39.0433
    7.5000   45.0000   -7.5000 1479.4600   39.5039
   -7.5000  -45.0000    0.0000 2760.0547   13.5250
    0.0000  -45.0000    0.0000 2780.0920   13.4889
    7.5000  -45.0000    0.0000 2721.3577   13.8878
   -7.5000  -37.5000    0.0000 2853.5708   13.1706
    0.0000  -37.5000    0.0000 2864.8740   13.1677
    7.5000  -37.5000    0.0000 2790.3647   13.5259
   -7.5000  -30.0000    0.0000 2874.3953   13.1586
    0.0000  -30.0000    0.0000 2877.8218   13.2076
    7.5000  -30.0000    0.0000 2805.2029   13.5033
   -7.5000  -22.5000    0.0000 2826.4463   13.4375
    0.0000  -22.5000    0.0000 2829.2498   13.4757
    7.5000  -22.5000    0.0000 2763.8181   13.7216
   -7.5000  -15.0000    0.0000 2732.8528   13.9272
    0.0000  -15.0000    0.0000 2739.5862   13.9284
    7.5000  -15.0000    0.0000 2682.2454   14.1463
   -7.5000   -7.5000    0.0000 2615.8999   14.6323
    0.0000   -7.5000    0.0000 2625.2456   14.5924
    7.5000   -7.5000    0.0000 2577.5496   14.8285
   -7.5000    0.0000    0.0000 2476.4854   15.6847
    0.0000    0.0000    0.0000 2484.5635   15.6199
    7.5000    0.0000    0.0000 2442.5989   15.8563
   -7.5000    7.5000    0.0000 2326.3813   17.2076
    0.0000    7.5000    0.0000 2330.8086   17.1186
    7.5000    7.5000    0.0000 2291.9944   17.3786
   -7.5000   15.0000    0.0000 2161.1289   19.2534
    0.0000   15.0000    0.0000 2165.1814   19.1522
    7.5000   15.0000    0.0000 2129.6555   19.4602
   -7.5000   22.5000    0.0000 1996.6687   21.9325
    0.0000   22.5000    0.0000 2001.7566   21.7838
    7.5000   22.5000    0.0000 1971.1780   22.1817
   -7.5000   30.0000    0.0000 1833.4440   25.4897
    0.0000   30.0000    0.0000 1840.4595   25.2814
    7.5000   30.0000    0.0000 1812.5703   25.7611
   -7.5000   37.5000    0.0000 1663.3329   30.4137
    0.0000   37.5000    0.0000 1666.4818   30.1882
    7.5000   37.5000    0.0000 1645.7133   30.6966
   -7.5000   45.0000    0.0000 1503.2640   37.6972
    0.0000   45.0000    0.0000 1506.9440   37.4712
    7.5000   45.0000    0.0000 1490.2341   38.0910
   -7.5000  -45.0000    7.5000 2783.0579   13.4511
    0.0000  -45.0000    7.5000 2799.7446   13.3920
    7.5000  -45.0000    7.5000 2732.4272   13.7994
   -7.5000  -37.5000    7.5000 2881.3796   13.0502
    0.0000  -37.5000    7.5000 2894.8970   12.9708
    7.5000  -37.5000    7.5000 2807.7971   13.4298
   -7.5000  -30.0000    7.5000 2902.8022   13.0584
    0.0000  -30.0000    7.5000 2913.0051   12.9676
    7.5000  -30.0000    7.5000 2827.0071   13.3730
   -7.5000  -22.5000    7.5000 2845.5935   13.3550
    0.0000  -22.5000    7.5000 2852.9243   13.2427
    7.5000  -22.5000    7.5000 2785.0884   13.5605
   -7.5000  -15.0000    7.5000 2751.4805   13.8305
    0.0000  -15.0000    7.5000 2756.0042   13.7062
    7.5000  -15.0000    7.5000 2700.6206   13.9874
   -7.5000   -7.5000    7.5000 2624.5540   14.5273
    0.0000   -7.5000    7.5000 2631.9119   14.3786
    7.5000   -7.5000    7.5000 2589.7222   14.6503
   -7.5000    0.0000    7.5000 2480.5073   15.5500
    0.0000    0.0000    7.5000 2488.2332   15.4038
    7.5000    0.0000    7.5000 2449.4839   15.6816
   -7.5000    7.5000    7.5000 2326.7180   16.9811
    0.0000    7.5000    7.5000 2330.9722   16.8329
    7.5000    7.5000    7.5000 2292.5710   17.1465
   -7.5000   15.0000    7.5000 2158.0691   18.9147
    0.0000   15.0000    7.5000 2163.7185   18.7343
    7.5000   15.0000    7.5000 2131.3301   19.1368
   -7.5000   22.5000    7.5000 1992.7455   21.5580
    0.0000   22.5000    7.5000 1997.1567   21.2938
    7.5000   22.5000    7.5000 1968.6003   21.7731
   -7.5000   30.0000    7.5000 1833.6293   25.0958
    0.0000   30.0000    7.5000 1835.9384   24.8772
    7.5000   30.0000    7.5000 1810.6567   25.3368
   -7.5000   37.5000    7.5000 1663.1224   29.8923
    0.0000   37.5000    7.5000 1668.3646   29.6699
    7.5000   37.5000    7.5000 1641.7214   30.1685
   -7.5000   45.0000    7.5000 1498.5071   36.6576
    0.0000   45.0000    7.5000 1504.6708   36.4568
    7.5000   45.0000    7.5000 1481.4813   37.1253
   -7.5000  -45.0000   15.0000 2761.0520   13.5981
    0.0000  -45.0000   15.0000 2772.9741   13.4969
    7.5000  -45.0000   15.0000 2707.3545   13.9811
   -7.5000  -37.5000   15.0000 2856.5632   13.2546
    0.0000  -37.5000   15.0000 2865.7708   13.1413
    7.5000  -37.5000   15.0000 2787.7058   13.6049
   -7.5000  -30.0000   15.0000 2873.6707   13.2720
    0.0000  -30.0000   15.0000 2881.2554   13.1130
    7.5000  -30.0000   15.0000 2804.2288   13.5142
   -7.5000  -22.5000   15.0000 2824.4539   13.4498
    0.0000  -22.5000   15.0000 2829.0225   13.2742
    7.5000  -22.5000   15.0000 2767.2561   13.6288
   -7.5000  -15.0000   15.0000 2737.2825   13.8695
    0.0000  -15.0000   15.0000 2740.4031   13.6911
    7.5000  -15.0000   15.0000 2686.9729   14.0143
   -7.5000   -7.5000   15.0000 2606.1169   14.5914
    0.0000   -7.5000   15.0000 2610.3838   14.4103
    7.5000   -7.5000   15.0000 2572.5442   14.7136
   -7.5000    0.0000   15.0000 2465.3904   15.6218
    0.0000    0.0000   15.0000 2470.4380   15.4484
    7.5000    0.0000   15.0000 2434.7039   15.7426
   -7.5000    7.5000   15.0000 2306.5359   17.0263
    0.0000    7.5000   15.0000 2310.0698   16.8785
    7.5000    7.5000   15.0000 2277.9526   17.1753
   -7.5000   15.0000   15.0000 2139.6292   18.9291
    0.0000   15.0000   15.0000 2140.9905   18.7688
    7.5000   15.0000   15.0000 2110.7803   19.1022
   -7.5000   22.5000   15.0000 1975.6752   21.4791
    0.0000   22.5000   15.0000 1978.0646   21.3292
    7.5000   22.5000   15.0000 1951.8386   21.7142
   -7.5000   30.0000   15.0000 1817.9875   24.9845
    0.0000   30.0000   15.0000 1819.4895   24.8225
    7.5000   30.0000   15.0000 1793.2766   25.1631
   -7.5000   37.5000   15.0000 1654.1091   29.6449
    0.0000   37.5000   15.0000 1653.0209   29.4753
    7.5000   37.5000   15.0000 1627.6283   30.0131
   -7.5000   45.0000   15.0000 1489.7249   36.3272
    0.0000   45.0000   15.0000 1490.6301   36.0961
    7.5000   45.0000   15.0000 1470.6843   36.8188
   -7.5000  -45.0000   22.5000 2714.2737   14.0765
    0.0000  -45.0000   22.5000 2715.4363   14.0219
    7.5000  -45.0000   22.5000 2656.4814   14.4611
   -7.5000  -37.5000   22.5000 2793.7158   13.7383
    0.0000  -37.5000   22.5000 2797.2480   13.6557
    7.5000  -37.5000   22.5000 2730.4231   14.0379
   -7.5000  -30.0000   22.5000 2802.1348   13.6846
    0.0000  -30.0000   22.5000 2813.4888   13.6005
    7.5000  -30.0000   22.5000 2748.5596   13.8847
   -7.5000  -22.5000   22.5000 2756.6943   13.8321
    0.0000  -22.5000   22.5000 2764.3174   13.7587
    7.5000  -22.5000   22.5000 2708.0938   14.0120
   -7.5000  -15.0000   22.5000 2683.8162   14.2070
    0.0000  -15.0000   22.5000 2682.7722   14.1473
    7.5000  -15.0000   22.5000 2633.7871   14.3914
   -7.5000   -7.5000   22.5000 2563.5574   14.8906
    0.0000   -7.5000   22.5000 2568.6436   14.7979
    7.5000   -7.5000   22.5000 2528.7678   15.0557
   -7.5000    0.0000   22.5000 2432.1863   15.8961
    0.0000    0.0000   22.5000 2438.6372   15.7791
    7.5000    0.0000   22.5000 2397.3928   16.0489
   -7.5000    7.5000   22.5000 2273.8618   17.3029
    0.0000    7.5000   22.5000 2279.2368   17.1579
    7.5000    7.5000   22.5000 2249.2449   17.4699
   -7.5000   15.0000   22.5000 2111.3511   19.1523
    0.0000   15.0000   22.5000 2114.0066   18.9946
    7.5000   15.0000   22.5000 2083.4207   19.3830
   -7.5000   22.5000   22.5000 1949.8872   21.7044
    0.0000   22.5000   22.5000 1950.9218   21.5566
    7.5000   22.5000   22.5000 1926.0632   22.0087
   -7.5000   30.0000   22.5000 1792.4335   25.1523
    0.0000   30.0000   22.5000 1789.5923   24.9901
    7.5000   30.0000   22.5000 1766.8834   25.4680
   -7.5000   37.5000   22.5000 1627.6272   29.7806
    0.0000   37.5000   22.5000 1628.6626   29.6643
    7.5000   37.5000   22.5000 1606.4452   30.1835
   -7.5000   45.0000   22.5000 1467.2795   36.3260
    0.0000   45.0000   22.5000 1466.1244   36.1781
    7.5000   45.0000   22.5000 1449.0120   36.9404
   -7.5000  -45.0000   30.0000 2650.9365   14.8517
    0.0000  -45.0000   30.0000 2645.7012   14.8070
    7.5000  -45.0000   30.0000 2590.5625   15.2076
   -7.5000  -37.5000   30.0000 2709.9878   14.4870
    0.0000  -37.5000   30.0000 2709.3311   14.4046
    7.5000  -37.5000   30.0000 2653.4390   14.7345
   -7.5000  -30.0000   30.0000 2717.5259   14.3524
    0.0000  -30.0000   30.0000 2722.0649   14.2677
    7.5000  -30.0000   30.0000 2670.7080   14.5517
   -7.5000  -22.5000   30.0000 2672.4973   14.4757
    0.0000  -22.5000   30.0000 2674.5491   14.4022
    7.5000  -22.5000   30.0000 2632.4111   14.6662
   -7.5000  -15.0000   30.0000 2600.2175   14.8218
    0.0000  -15.0000   30.0000 2601.0459   14.7423
    7.5000  -15.0000   30.0000 2558.6995   15.0206
   -7.5000   -7.5000   30.0000 2496.8203   15.4744
    0.0000   -7.5000   30.0000 2498.7346   15.4119
    7.5000   -7.5000   30.0000 2460.8477   15.6790
   -7.5000    0.0000   30.0000 2375.4873   16.4441
    0.0000    0.0000   30.0000 2377.0378   16.3696
    7.5000    0.0000   30.0000 2341.7080   16.6457
   -7.5000    7.5000   30.0000 2230.3489   17.7935
    0.0000    7.5000   30.0000 2229.7368   17.7151
    7.5000    7.5000   30.0000 2202.5798   18.0109
   -7.5000   15.0000   30.0000 2072.6584   19.6399
    0.0000   15.0000   30.0000 2070.5615   19.5499
    7.5000   15.0000   30.0000 2044.6553   19.9169
   -7.5000   22.5000   30.0000 1917.8015   22.1407
    0.0000   22.5000   30.0000 1917.2151   22.0573
    7.5000   22.5000   30.0000 1891.8054   22.5065
   -7.5000   30.0000   30.0000 1755.3226   25.5560
    0.0000   30.0000   30.0000 1756.9602   25.4257
    7.5000   30.0000   30.0000 1739.4877   26.0376
   -7.5000   37.5000   30.0000 1594.6891   30.1731
    0.0000   37.5000   30.0000 1594.9735   30.0862
    7.5000   37.5000   30.0000 1577.4816   30.7806
   -7.5000   45.0000   30.0000 1441.0337   36.8405
    0.0000   45.0000   30.0000 1440.5649   36.7597
    7.5000   45.0000   30.0000 1425.6364   37.4748
   -7.5000  -45.0000   37.5000 2576.9851   15.8653
    0.0000  -45.0000   37.5000 2571.2290   15.8344
    7.5000  -45.0000   37.5000 2520.9426   16.1856
   -7.5000  -37.5000   37.5000 2623.5002   15.4283
    0.0000  -37.5000   37.5000 2623.8242   15.3668
    7.5000  -37.5000   37.5000 2572.0786   15.6569
   -7.5000  -30.0000   37.5000 2625.0779   15.2240
    0.0000  -30.0000   37.5000 2628.8599   15.1731
    7.5000  -30.0000   37.5000 2580.4646   15.4320
   -7.5000  -22.5000   37.5000 2582.7007   15.3278
    0.0000  -22.5000   37.5000 2585.2349   15.2752
    7.5000  -22.5000   37.5000 2548.9233   15.5308
   -7.5000  -15.0000   37.5000 2514.5518   15.6682
    0.0000  -15.0000   37.5000 2514.1484   15.6130
    7.5000  -15.0000   37.5000 2477.9102   15.8772
   -7.5000   -7.5000   37.5000 2422.2922   16.3092
    0.0000   -7.5000   37.5000 2423.4209   16.2386
    7.5000   -7.5000   37.5000 2389.8091   16.5168
   -7.5000    0.0000   37.5000 2307.3560   17.2778
    0.0000    0.0000   37.5000 2310.8950   17.2042
    7.5000    0.0000   37.5000 2279.4827   17.4805
   -7.5000    7.5000   37.5000 2171.1880   18.6151
    0.0000    7.5000   37.5000 2172.0911   18.5556
    7.5000    7.5000   37.5000 2145.5825   18.8691
   -7.5000   15.0000   37.5000 2022.9078   20.4357
    0.0000   15.0000   37.5000 2023.1968   20.4147
    7.5000   15.0000   37.5000 1999.1666   20.7739
   -7.5000   22.5000   37.5000 1868.7972   22.9361
    0.0000   22.5000   37.5000 1871.8265   22.8926
    7.5000   22.5000   37.5000 1847.7019   23.3685
   -7.5000   30.0000   37.5000 1715.4517   26.3887
    0.0000   30.0000   37.5000 1717.0369   26.3448
    7.5000   30.0000   37.5000 1697.7555   26.9362
   -7.5000   37.5000   37.5000 1560.7861   31.1798
    0.0000   37.5000   37.5000 1560.0577   31.1352
    7.5000   37.5000   37.5000 1543.6329   31.7968
   -7.5000   45.0000   37.5000 1410.2030   38.2564
    0.0000   45.0000   37.5000 1410.1991   38.1518
    7.5000   45.0000   37.5000 1398.7942   38.9152
   -7.5000  -45.0000   45.0000 2483.5532   17.1325
    0.0000  -45.0000   45.0000 2477.8826   17.0873
    7.5000  -45.0000   45.0000 2432.4966   17.4229
   -7.5000  -37.5000   45.0000 2519.3999   16.6100
    0.0000  -37.5000   45.0000 2518.0564   16.5366
    7.5000  -37.5000   45.0000 2476.4636   16.8401
   -7.5000  -30.0000   45.0000 2518.8696   16.3561
    0.0000  -30.0000   45.0000 2517.8755   16.3048
    7.5000  -30.0000   45.0000 2475.8672   16.5754
   -7.5000  -22.5000   45.0000 2480.5215   16.4179
    0.0000  -22.5000   45.0000 2482.5713   16.3848
    7.5000  -22.5000   45.0000 2447.9756   16.6274
   -7.5000  -15.0000   45.0000 2418.1465   16.7233
    0.0000  -15.0000   45.0000 2420.7666   16.7039
    7.5000  -15.0000   45.0000 2390.1450   16.9528
   -7.5000   -7.5000   45.0000 2342.1667   17.3505
    0.0000   -7.5000   45.0000 2343.0110   17.2758
    7.5000   -7.5000   45.0000 2311.7080   17.5522
   -7.5000    0.0000   45.0000 2235.2971   18.3154
    0.0000    0.0000   45.0000 2230.9050   18.2724
    7.5000    0.0000   45.0000 2203.3638   18.5410
   -7.5000    7.5000   45.0000 2108.5156   19.6487
    0.0000    7.5000   45.0000 2106.5688   19.5597
    7.5000    7.5000   45.0000 2074.8892   19.8871
   -7.5000   15.0000   45.0000 1965.8839   21.5214
    0.0000   15.0000   45.0000 1962.7633   21.4615
    7.5000   15.0000   45.0000 1937.1866   21.8289
   -7.5000   22.5000   45.0000 1817.1691   24.1272
    0.0000   22.5000   45.0000 1818.2601   24.0227
    7.5000   22.5000   45.0000 1801.1779   24.4986
   -7.5000   30.0000   45.0000 1668.3696   27.7494
    0.0000   30.0000   45.0000 1670.1862   27.6923
    7.5000   30.0000   45.0000 1657.1281   28.2647
   -7.5000   37.5000   45.0000 1514.4263   32.9543
    0.0000   37.5000   45.0000 1513.5413   32.8712
    7.5000   37.5000   45.0000 1506.7323   33.4735
   -7.5000   45.0000   45.0000 1374.8993   40.4491
    0.0000   45.0000   45.0000 1370.1722   40.3672
    7.5000   45.0000   45.0000 1358.5836   40.8750

---------------------------------------------------------------------
imgreg_4dfp /opt/freesurfer/average/711-2C_as_mni_average_305 /opt/freesurfer/average/711-2B_as_mni_average_305_mask talsrcimg_g11 none talsrcimg_to_711-2C_as_mni_average_305_t4 1283
---------------------------------------------------------------------

freesurfer imgreg_4dfp.c
/opt/freesurfer/average/711-2C_as_mni_average_305.4dfp.img
       256       256       256         1
  1.000000  1.000000  1.000000
orientation T byte_order littleendian
Reading image: /opt/freesurfer/average/711-2C_as_mni_average_305.4dfp.img
dimensions:      256       256       256
mmppix:       1.0000   -1.0000   -1.0000
center:     128.0000 -129.0000 -129.0000
/opt/freesurfer/average/711-2B_as_mni_average_305_mask.4dfp.img
       256       256       256         1
  1.000000  1.000000  1.000000
orientation T byte_order littleendian
Reading mask: /opt/freesurfer/average/711-2B_as_mni_average_305_mask.4dfp.img (2306576 pixels)
talsrcimg_g11.4dfp.img
       256       256       256         1
  1.000000  1.000000  1.000000
orientation T byte_order littleendian
Reading image: talsrcimg_g11.4dfp.img
dimensions:      256       256       256
mmppix:       1.0000   -1.0000   -1.0000
center:     128.0000 -129.0000 -129.0000
rotation matrix determinant  1.000000
fimgreg.f
image alignment mode   1283 decimal      503 hex
parameters
    0.0000  -30.0000    7.5000    0.0000    0.0000    0.0000
eta,q 0.91402 12.90365
niter,ni,del,rscale     5    3   12.0000    1.2000
parameter  1  0.661780 ->  0.500000 qaram    1.1500
parameter  2  0.602995 ->  0.500000 qaram    1.1500
parameter  4  0.859350 ->  0.500000 qaram    1.1500
parameter  5 -0.737746 -> -0.500000 qaram    1.1500
parameters
   -3.4500  -33.4500    6.9445   -3.4500    3.4500    1.0994
eta,q 0.92310 12.69362
  0.0857  0.0843  0.0854  0.0794  0.0879  0.0839
  0.0847  0.0817  0.0820  0.0789  0.0844  0.0810
  0.0858  0.0820  0.0803  0.0796  0.0815  0.0785
  0.0891  0.0844  0.0814  0.0812  0.0790  0.0771
  0.0926  0.0899  0.0823  0.0833  0.0777  0.0770
  0.0990  0.0957  0.0832  0.0859  0.0770  0.0781
  0.1080  0.1002  0.0870  0.0885  0.0776  0.0806
niter,ni,del,rscale     7    3   12.0000    1.2000
parameters
   -4.2256  -32.0854    6.6702   -5.4447    3.8950    1.3141
eta,q 0.92474 12.68845
  0.0909  0.1000  0.0817  0.0789  0.0832  0.0815
  0.0819  0.0907  0.0776  0.0766  0.0793  0.0787
  0.0770  0.0820  0.0753  0.0753  0.0761  0.0764
  0.0769  0.0764  0.0758  0.0756  0.0753  0.0753
  0.0810  0.0765  0.0775  0.0781  0.0760  0.0756
  0.0881  0.0812  0.0793  0.0822  0.0780  0.0777
  0.0975  0.0875  0.0815  0.0865  0.0813  0.0811
niter,ni,del,rscale     6    3   12.0000    1.2000
parameters
   -4.3953  -31.0693    6.2928   -7.2184    3.7609    1.0581
eta,q 0.92547 12.68205
  0.0928  0.0961  0.0808  0.0776  0.0817  0.0797
  0.0824  0.0872  0.0769  0.0758  0.0777  0.0774
  0.0761  0.0790  0.0744  0.0746  0.0749  0.0752
  0.0753  0.0752  0.0753  0.0749  0.0746  0.0745
  0.0785  0.0767  0.0772  0.0763  0.0760  0.0755
  0.0849  0.0818  0.0787  0.0796  0.0784  0.0778
  0.0931  0.0863  0.0809  0.0845  0.0818  0.0809
niter,ni,del,rscale     5    3   12.0000    1.2000
parameters
   -4.3623  -30.0997    5.8472   -8.9348    3.5057    0.8295
eta,q 0.92626 12.70776
  0.0926  0.0928  0.0804  0.0771  0.0806  0.0786
  0.0819  0.0848  0.0768  0.0750  0.0767  0.0764
  0.0757  0.0782  0.0741  0.0738  0.0739  0.0745
  0.0745  0.0745  0.0748  0.0743  0.0738  0.0737
  0.0773  0.0767  0.0772  0.0760  0.0757  0.0746
  0.0832  0.0807  0.0788  0.0786  0.0780  0.0768
  0.0907  0.0845  0.0805  0.0825  0.0807  0.0796
niter,ni,del,rscale     4    3   12.0000    1.2000
parameters
   -4.2719  -29.3134    5.7160  -10.0774    3.3780    0.8029
eta,q 0.92643 12.73251
  0.0915  0.0900  0.0806  0.0779  0.0804  0.0785
  0.0810  0.0833  0.0774  0.0755  0.0768  0.0762
  0.0751  0.0772  0.0745  0.0738  0.0738  0.0744
  0.0737  0.0738  0.0741  0.0740  0.0736  0.0736
  0.0764  0.0760  0.0762  0.0756  0.0755  0.0741
  0.0819  0.0788  0.0783  0.0779  0.0776  0.0761
  0.0891  0.0844  0.0802  0.0815  0.0800  0.0788
niter,ni,del,rscale     3    3   12.0000    1.2000
parameters
   -4.1583  -28.8992    5.7140  -10.4880    3.2868    0.7524
eta,q 0.92640 12.74370
  0.0911  0.0883  0.0807  0.0796  0.0803  0.0784
  0.0805  0.0822  0.0778  0.0762  0.0770  0.0761
  0.0748  0.0763  0.0749  0.0742  0.0739  0.0744
  0.0736  0.0736  0.0737  0.0737  0.0736  0.0736
  0.0761  0.0756  0.0755  0.0753  0.0755  0.0742
  0.0814  0.0785  0.0780  0.0775  0.0776  0.0761
  0.0884  0.0861  0.0803  0.0807  0.0799  0.0787
niter,ni,del,rscale     2    3   12.0000    1.2000
parameters
   -4.0880  -28.7665    5.7050  -10.5937    3.2201    0.7081
eta,q 0.92637 12.74800
  0.0907  0.0874  0.0807  0.0805  0.0804  0.0783
  0.0802  0.0815  0.0780  0.0765  0.0770  0.0760
  0.0747  0.0757  0.0750  0.0744  0.0740  0.0744
  0.0736  0.0736  0.0737  0.0737  0.0737  0.0736
  0.0761  0.0756  0.0755  0.0751  0.0755  0.0742
  0.0814  0.0790  0.0780  0.0774  0.0776  0.0761
  0.0884  0.0875  0.0806  0.0804  0.0799  0.0786
niter,ni,del,rscale     1    3   12.0000    1.2000
parameters
   -4.0522  -28.7364    5.7051  -10.6118    3.1856    0.6848
eta,q 0.92636 12.74919
  0.0906  0.0871  0.0808  0.0808  0.0804  0.0784
  0.0801  0.0812  0.0781  0.0767  0.0771  0.0760
  0.0747  0.0755  0.0750  0.0744  0.0741  0.0744
  0.0736  0.0736  0.0737  0.0737  0.0737  0.0736
  0.0762  0.0756  0.0754  0.0750  0.0755  0.0742
  0.0816  0.0793  0.0781  0.0773  0.0776  0.0760
  0.0886  0.0880  0.0806  0.0803  0.0798  0.0786
registration optimization eta report
parameter search radius
    6.9000    6.9000    6.0000    6.9000    6.9000    6.0000
100000*second partial in parameter space
       33.       29.       18.       14.       13.       13.
  0.0906  0.0871  0.0808  0.0808  0.0804  0.0784
  0.0801  0.0812  0.0781  0.0767  0.0771  0.0760
  0.0747  0.0755  0.0750  0.0744  0.0741  0.0744
  0.0736  0.0736  0.0737  0.0737  0.0737  0.0736
  0.0762  0.0756  0.0754  0.0750  0.0755  0.0742
  0.0816  0.0793  0.0781  0.0773  0.0776  0.0760
  0.0886  0.0880  0.0806  0.0803  0.0798  0.0786
   -4.0522  -28.7364    5.7051  -10.6118    3.1856    0.6848
eta,q 0.92636 12.74919

---------------------------------------------------------------------
imgreg_4dfp /opt/freesurfer/average/711-2C_as_mni_average_305 /opt/freesurfer/average/711-2B_as_mni_average_305_mask talsrcimg_g11 none talsrcimg_to_711-2C_as_mni_average_305_t4 3335
---------------------------------------------------------------------

freesurfer imgreg_4dfp.c
/opt/freesurfer/average/711-2C_as_mni_average_305.4dfp.img
       256       256       256         1
  1.000000  1.000000  1.000000
orientation T byte_order littleendian
Reading image: /opt/freesurfer/average/711-2C_as_mni_average_305.4dfp.img
dimensions:      256       256       256
mmppix:       1.0000   -1.0000   -1.0000
center:     128.0000 -129.0000 -129.0000
/opt/freesurfer/average/711-2B_as_mni_average_305_mask.4dfp.img
       256       256       256         1
  1.000000  1.000000  1.000000
orientation T byte_order littleendian
Reading mask: /opt/freesurfer/average/711-2B_as_mni_average_305_mask.4dfp.img (2306576 pixels)
talsrcimg_g11.4dfp.img
       256       256       256         1
  1.000000  1.000000  1.000000
orientation T byte_order littleendian
Reading image: talsrcimg_g11.4dfp.img
dimensions:      256       256       256
mmppix:       1.0000   -1.0000   -1.0000
center:     128.0000 -129.0000 -129.0000
fimgreg.f
image alignment mode   3335 decimal      D07 hex
parameters
   -4.0522  -28.7364    5.7051   -0.1616   -1.7050   -1.8621
   -0.1514   -5.6816    1.1932   18.3488    5.5570  -18.3869
eta,q 0.92779 12.84314
niter,ni,del,rscale     5    3    5.0000    1.2000
parameter  4  2.424964 ->  0.500000 qaram    1.1500
parameter  5  4.388502 ->  0.500000 qaram    1.1500
parameter  6  2.141925 ->  0.500000 qaram    1.1500
parameter 10  1.060990 ->  0.500000 qaram    1.1500
parameter 11  0.642807 ->  0.500000 qaram    1.1500
parameters
   -4.3687  -28.8974    5.9601   -4.3016   -5.8450   -6.0021
    0.3674   -7.0110    1.0480   14.2088    1.4170  -19.3655
eta,q 0.95145 11.64707
  0.0742  0.0738  0.0737  0.0630  0.0536  0.0490  0.0557  0.0556  0.0543  0.0487  0.0488  0.0498
  0.0729  0.0729  0.0730  0.0650  0.0572  0.0515  0.0541  0.0534  0.0532  0.0490  0.0486  0.0490
  0.0723  0.0723  0.0725  0.0681  0.0613  0.0550  0.0529  0.0523  0.0524  0.0502  0.0487  0.0486
  0.0722  0.0722  0.0721  0.0721  0.0657  0.0583  0.0524  0.0524  0.0522  0.0522  0.0492  0.0486
  0.0728  0.0725  0.0721  0.0766  0.0704  0.0626  0.0527  0.0536  0.0525  0.0550  0.0500  0.0490
  0.0739  0.0732  0.0725  0.0813  0.0756  0.0679  0.0535  0.0559  0.0533  0.0584  0.0511  0.0497
  0.0755  0.0744  0.0733  0.0861  0.0809  0.0735  0.0549  0.0592  0.0545  0.0623  0.0525  0.0506
niter,ni,del,rscale     7    3    5.0000    1.2000
parameter  3  0.534680 ->  0.500000 qaram    1.1500
parameter  4  0.695006 ->  0.500000 qaram    1.3225
parameter  5  1.887324 ->  0.500000 qaram    1.3225
parameter  6  0.795828 ->  0.500000 qaram    1.3225
parameters
   -4.6522  -29.0506    4.5801   -9.0626  -10.6060  -10.7631
    0.0622   -6.8882    1.7910   11.0967    2.2464  -20.8518
eta,q 0.96547 10.88602
  0.0516  0.0509  0.0485  0.0457  0.0364  0.0360  0.0380  0.0410  0.0385  0.0367  0.0372  0.0357
  0.0497  0.0495  0.0479  0.0452  0.0384  0.0354  0.0365  0.0381  0.0370  0.0351  0.0360  0.0349
  0.0487  0.0487  0.0479  0.0457  0.0413  0.0363  0.0357  0.0362  0.0360  0.0347  0.0351  0.0346
  0.0486  0.0485  0.0485  0.0478  0.0452  0.0391  0.0354  0.0354  0.0354  0.0354  0.0347  0.0346
  0.0494  0.0489  0.0497  0.0517  0.0498  0.0439  0.0358  0.0361  0.0355  0.0373  0.0348  0.0352
  0.0510  0.0500  0.0511  0.0568  0.0549  0.0496  0.0369  0.0379  0.0362  0.0403  0.0354  0.0360
  0.0534  0.0515  0.0528  0.0624  0.0604  0.0552  0.0384  0.0406  0.0375  0.0443  0.0364  0.0370
niter,ni,del,rscale     7    3    5.0000    1.2000
parameter  5  0.815616 ->  0.500000 qaram    1.5209
parameters
   -4.5301  -28.5750    4.2365   -9.6262  -16.0812  -12.9669
   -0.1736   -6.9695    1.9703   11.2336    2.8110  -22.8309
eta,q 0.96844 10.47597
  0.0388  0.0393  0.0369  0.0393  0.0314  0.0349  0.0339  0.0359  0.0340  0.0360  0.0331  0.0323
  0.0366  0.0369  0.0354  0.0373  0.0312  0.0332  0.0327  0.0336  0.0328  0.0337  0.0323  0.0318
  0.0351  0.0353  0.0345  0.0356  0.0322  0.0320  0.0319  0.0322  0.0320  0.0323  0.0319  0.0316
  0.0345  0.0345  0.0344  0.0343  0.0345  0.0314  0.0317  0.0317  0.0317  0.0317  0.0317  0.0317
  0.0348  0.0345  0.0352  0.0346  0.0383  0.0328  0.0320  0.0322  0.0319  0.0321  0.0317  0.0321
  0.0360  0.0352  0.0366  0.0371  0.0429  0.0369  0.0329  0.0337  0.0326  0.0335  0.0321  0.0328
  0.0380  0.0365  0.0384  0.0420  0.0483  0.0432  0.0342  0.0361  0.0338  0.0358  0.0328  0.0336
niter,ni,del,rscale     7    3    5.0000    1.2000
parameters
   -4.5055  -27.9221    4.1020   -8.6278  -19.9001  -13.3442
   -0.1766   -7.1634    2.0871   11.9130    2.1472  -23.6962
eta,q 0.96922 10.29258
  0.0349  0.0363  0.0335  0.0364  0.0326  0.0355  0.0329  0.0349  0.0326  0.0350  0.0317  0.0315
  0.0331  0.0340  0.0323  0.0344  0.0315  0.0334  0.0317  0.0326  0.0317  0.0328  0.0312  0.0311
  0.0320  0.0324  0.0316  0.0329  0.0307  0.0318  0.0311  0.0312  0.0311  0.0314  0.0309  0.0308
  0.0316  0.0316  0.0314  0.0314  0.0310  0.0307  0.0308  0.0308  0.0308  0.0308  0.0308  0.0308
  0.0319  0.0314  0.0317  0.0307  0.0329  0.0305  0.0311  0.0314  0.0310  0.0310  0.0310  0.0310
  0.0330  0.0319  0.0325  0.0320  0.0366  0.0329  0.0317  0.0330  0.0315  0.0321  0.0314  0.0314
  0.0348  0.0329  0.0340  0.0357  0.0416  0.0377  0.0329  0.0353  0.0325  0.0338  0.0321  0.0319
niter,ni,del,rscale     6    3    5.0000    1.2000
parameters
   -4.4735  -27.2230    4.0095   -8.2964  -21.6455  -13.6035
   -0.3271   -7.1663    2.5224   12.7676    1.2172  -24.0892
eta,q 0.96934 10.19756
  0.0340  0.0348  0.0324  0.0351  0.0334  0.0352  0.0325  0.0349  0.0323  0.0345  0.0314  0.0314
  0.0323  0.0329  0.0314  0.0334  0.0320  0.0332  0.0315  0.0326  0.0315  0.0325  0.0310  0.0309
  0.0312  0.0315  0.0308  0.0320  0.0310  0.0318  0.0309  0.0312  0.0310  0.0313  0.0307  0.0307
  0.0308  0.0308  0.0306  0.0306  0.0305  0.0307  0.0307  0.0307  0.0307  0.0307  0.0307  0.0307
  0.0311  0.0306  0.0309  0.0302  0.0312  0.0304  0.0310  0.0312  0.0308  0.0308  0.0308  0.0308
  0.0322  0.0310  0.0316  0.0318  0.0333  0.0325  0.0316  0.0327  0.0312  0.0317  0.0313  0.0311
  0.0339  0.0318  0.0328  0.0357  0.0371  0.0371  0.0327  0.0348  0.0320  0.0332  0.0319  0.0315
niter,ni,del,rscale     5    3    5.0000    1.2000
parameters
   -4.4322  -26.7176    3.8732   -8.2238  -22.8362  -13.9455
   -0.4565   -7.1343    3.0092   13.5630    0.4524  -24.2502
eta,q 0.96929 10.12205
  0.0338  0.0338  0.0322  0.0348  0.0334  0.0350  0.0324  0.0348  0.0322  0.0342  0.0315  0.0313
  0.0321  0.0322  0.0313  0.0332  0.0320  0.0330  0.0315  0.0326  0.0315  0.0324  0.0310  0.0309
  0.0311  0.0312  0.0307  0.0319  0.0311  0.0317  0.0310  0.0312  0.0310  0.0313  0.0308  0.0307
  0.0307  0.0307  0.0306  0.0306  0.0306  0.0307  0.0308  0.0308  0.0308  0.0308  0.0307  0.0307
  0.0310  0.0306  0.0308  0.0303  0.0309  0.0305  0.0310  0.0313  0.0308  0.0309  0.0309  0.0308
  0.0320  0.0311  0.0315  0.0320  0.0326  0.0324  0.0316  0.0326  0.0312  0.0317  0.0312  0.0310
  0.0336  0.0319  0.0326  0.0358  0.0358  0.0370  0.0326  0.0347  0.0319  0.0331  0.0318  0.0314
niter,ni,del,rscale     4    3    5.0000    1.2000
parameters
   -4.4050  -26.3188    3.7128   -8.2463  -23.8938  -14.3004
   -0.5233   -7.1442    3.3145   14.2983    0.0842  -24.1060
eta,q 0.96918 10.04927
  0.0337  0.0335  0.0322  0.0346  0.0333  0.0349  0.0325  0.0348  0.0322  0.0340  0.0316  0.0314
  0.0321  0.0320  0.0313  0.0331  0.0320  0.0330  0.0316  0.0326  0.0315  0.0324  0.0311  0.0310
  0.0311  0.0311  0.0308  0.0319  0.0312  0.0317  0.0311  0.0313  0.0311  0.0313  0.0309  0.0309
  0.0307  0.0307  0.0307  0.0307  0.0307  0.0308  0.0309  0.0309  0.0309  0.0309  0.0308  0.0308
  0.0310  0.0308  0.0309  0.0305  0.0309  0.0306  0.0311  0.0314  0.0309  0.0310  0.0310  0.0309
  0.0320  0.0312  0.0315  0.0321  0.0324  0.0324  0.0316  0.0327  0.0313  0.0317  0.0312  0.0310
  0.0336  0.0320  0.0326  0.0358  0.0353  0.0368  0.0325  0.0347  0.0320  0.0331  0.0317  0.0313
niter,ni,del,rscale     3    3    5.0000    1.2000
parameters
   -4.4012  -25.9485    3.5468   -8.3428  -24.9600  -14.6584
   -0.5739   -7.1901    3.2782   15.0249    0.2657  -23.4832
eta,q 0.96907  9.97100
  0.0337  0.0334  0.0322  0.0345  0.0332  0.0348  0.0325  0.0347  0.0321  0.0339  0.0318  0.0315
  0.0321  0.0320  0.0314  0.0331  0.0319  0.0329  0.0317  0.0326  0.0315  0.0325  0.0312  0.0312
  0.0312  0.0312  0.0309  0.0319  0.0312  0.0317  0.0311  0.0313  0.0311  0.0315  0.0310  0.0310
  0.0308  0.0308  0.0308  0.0308  0.0308  0.0309  0.0310  0.0310  0.0310  0.0310  0.0309  0.0309
  0.0311  0.0309  0.0310  0.0306  0.0310  0.0308  0.0312  0.0315  0.0311  0.0310  0.0310  0.0309
  0.0321  0.0313  0.0316  0.0322  0.0324  0.0324  0.0317  0.0328  0.0315  0.0317  0.0312  0.0311
  0.0337  0.0321  0.0326  0.0358  0.0350  0.0366  0.0325  0.0347  0.0322  0.0331  0.0316  0.0313
niter,ni,del,rscale     2    3    5.0000    1.2000
parameters
   -4.4168  -25.5794    3.3619   -8.5223  -26.1384  -15.0273
   -0.7313   -7.2377    2.8117   15.7819    1.0948  -22.2359
eta,q 0.96908  9.87753
  0.0336  0.0333  0.0322  0.0343  0.0331  0.0346  0.0324  0.0345  0.0321  0.0339  0.0318  0.0315
  0.0321  0.0320  0.0315  0.0329  0.0318  0.0328  0.0316  0.0326  0.0314  0.0326  0.0313  0.0313
  0.0312  0.0313  0.0310  0.0319  0.0311  0.0317  0.0312  0.0314  0.0311  0.0316  0.0311  0.0311
  0.0309  0.0309  0.0309  0.0309  0.0310  0.0310  0.0310  0.0310  0.0310  0.0310  0.0310  0.0309
  0.0312  0.0310  0.0311  0.0308  0.0312  0.0309  0.0312  0.0315  0.0312  0.0310  0.0310  0.0309
  0.0322  0.0314  0.0317  0.0322  0.0324  0.0323  0.0318  0.0327  0.0317  0.0317  0.0312  0.0310
  0.0337  0.0321  0.0326  0.0357  0.0348  0.0363  0.0325  0.0346  0.0323  0.0332  0.0315  0.0313
niter,ni,del,rscale     1    3    5.0000    1.2000
parameters
   -4.4136  -25.2121    3.1310   -8.8231  -27.4490  -15.4133
   -1.0713   -7.2174    2.1922   16.3858    1.9021  -21.2992
eta,q 0.96913  9.76987
  0.0335  0.0334  0.0321  0.0340  0.0331  0.0344  0.0323  0.0344  0.0321  0.0340  0.0317  0.0315
  0.0321  0.0321  0.0314  0.0327  0.0317  0.0326  0.0315  0.0325  0.0314  0.0327  0.0313  0.0312
  0.0312  0.0313  0.0310  0.0318  0.0310  0.0315  0.0311  0.0313  0.0310  0.0316  0.0310  0.0310
  0.0309  0.0309  0.0309  0.0309  0.0310  0.0309  0.0310  0.0310  0.0310  0.0309  0.0309  0.0309
  0.0312  0.0310  0.0311  0.0308  0.0314  0.0309  0.0312  0.0314  0.0312  0.0310  0.0309  0.0309
  0.0321  0.0314  0.0317  0.0321  0.0325  0.0322  0.0318  0.0325  0.0317  0.0318  0.0311  0.0310
  0.0335  0.0322  0.0326  0.0355  0.0347  0.0360  0.0325  0.0343  0.0325  0.0335  0.0314  0.0313
registration optimization eta report
parameter search radius
    2.4000    2.4000    2.7600    9.5220   10.9503    9.5220
    7.2000    7.2000    7.2000    8.2800    8.2800    7.2000
100000*second partial in parameter space
       44.       32.       19.        4.        2.        5.
        3.        6.        3.        4.        1.        1.
  0.0335  0.0334  0.0321  0.0340  0.0331  0.0344  0.0323  0.0344  0.0321  0.0340  0.0317  0.0315
  0.0321  0.0321  0.0314  0.0327  0.0317  0.0326  0.0315  0.0325  0.0314  0.0327  0.0313  0.0312
  0.0312  0.0313  0.0310  0.0318  0.0310  0.0315  0.0311  0.0313  0.0310  0.0316  0.0310  0.0310
  0.0309  0.0309  0.0309  0.0309  0.0310  0.0309  0.0310  0.0310  0.0310  0.0309  0.0309  0.0309
  0.0312  0.0310  0.0311  0.0308  0.0314  0.0309  0.0312  0.0314  0.0312  0.0310  0.0309  0.0309
  0.0321  0.0314  0.0317  0.0321  0.0325  0.0322  0.0318  0.0325  0.0317  0.0318  0.0311  0.0310
  0.0335  0.0322  0.0326  0.0355  0.0347  0.0360  0.0325  0.0343  0.0325  0.0335  0.0314  0.0313
   -4.4136  -25.2121    3.1310   -8.8231  -27.4490  -15.4133
   -1.0713   -7.2174    2.1922   16.3858    1.9021  -21.2992
eta,q 0.96913  9.76987

---------------------------------------------------------------------
imgreg_4dfp /opt/freesurfer/average/711-2C_as_mni_average_305 /opt/freesurfer/average/711-2B_as_mni_average_305_mask talsrcimg_g11 none talsrcimg_to_711-2C_as_mni_average_305_t4 2311
---------------------------------------------------------------------

freesurfer imgreg_4dfp.c
/opt/freesurfer/average/711-2C_as_mni_average_305.4dfp.img
       256       256       256         1
  1.000000  1.000000  1.000000
orientation T byte_order littleendian
Reading image: /opt/freesurfer/average/711-2C_as_mni_average_305.4dfp.img
dimensions:      256       256       256
mmppix:       1.0000   -1.0000   -1.0000
center:     128.0000 -129.0000 -129.0000
/opt/freesurfer/average/711-2B_as_mni_average_305_mask.4dfp.img
       256       256       256         1
  1.000000  1.000000  1.000000
orientation T byte_order littleendian
Reading mask: /opt/freesurfer/average/711-2B_as_mni_average_305_mask.4dfp.img (2306576 pixels)
talsrcimg_g11.4dfp.img
       256       256       256         1
  1.000000  1.000000  1.000000
orientation T byte_order littleendian
Reading image: talsrcimg_g11.4dfp.img
dimensions:      256       256       256
mmppix:       1.0000   -1.0000   -1.0000
center:     128.0000 -129.0000 -129.0000
fimgreg.f
image alignment mode   2311 decimal      907 hex
parameters
   -4.4136  -25.2121    3.1310   -8.8231  -27.4490  -15.4133
   -1.0713   -7.2174    2.1922   16.3858    1.9021  -21.2992
eta,q 0.96913  9.76987
niter,ni,del,rscale     5    3    5.0000    0.8000
parameters
   -4.3102  -24.9377    2.9183   -7.1236  -27.9342  -14.1811
   -1.2169   -7.2392    1.9533   16.8766    1.4289  -20.9844
eta,q 0.96946  9.85729
  0.0321  0.0321  0.0312  0.0320  0.0310  0.0317  0.0312  0.0324  0.0311  0.0318  0.0308  0.0307
  0.0315  0.0315  0.0310  0.0316  0.0308  0.0312  0.0308  0.0314  0.0308  0.0312  0.0307  0.0306
  0.0310  0.0311  0.0308  0.0312  0.0307  0.0309  0.0306  0.0308  0.0306  0.0308  0.0306  0.0306
  0.0309  0.0309  0.0308  0.0308  0.0306  0.0306  0.0306  0.0306  0.0306  0.0306  0.0305  0.0305
  0.0309  0.0309  0.0309  0.0306  0.0307  0.0306  0.0307  0.0308  0.0307  0.0306  0.0306  0.0305
  0.0313  0.0311  0.0311  0.0307  0.0309  0.0307  0.0309  0.0315  0.0309  0.0309  0.0307  0.0306
  0.0318  0.0314  0.0314  0.0311  0.0312  0.0310  0.0313  0.0324  0.0312  0.0314  0.0310  0.0307
niter,ni,del,rscale     4    3    5.0000    0.7000
parameters
   -4.3193  -24.7916    3.3183   -7.3753  -28.3580  -13.9906
   -1.3419   -7.1396    1.9424   16.9673    1.3235  -21.3949
eta,q 0.96951  9.83555
  0.0315  0.0314  0.0311  0.0313  0.0308  0.0313  0.0310  0.0320  0.0310  0.0314  0.0307  0.0306
  0.0310  0.0309  0.0309  0.0309  0.0306  0.0309  0.0307  0.0312  0.0307  0.0309  0.0306  0.0305
  0.0306  0.0306  0.0307  0.0306  0.0305  0.0306  0.0305  0.0307  0.0305  0.0306  0.0305  0.0305
  0.0305  0.0305  0.0305  0.0305  0.0305  0.0305  0.0305  0.0305  0.0305  0.0305  0.0305  0.0305
  0.0306  0.0306  0.0305  0.0306  0.0306  0.0305  0.0306  0.0306  0.0305  0.0306  0.0305  0.0305
  0.0310  0.0308  0.0305  0.0310  0.0308  0.0307  0.0308  0.0311  0.0307  0.0308  0.0306  0.0306
  0.0315  0.0311  0.0307  0.0317  0.0310  0.0313  0.0311  0.0319  0.0310  0.0313  0.0308  0.0307
niter,ni,del,rscale     3    3    5.0000    0.6000
parameters
   -4.2710  -24.7456    3.3634   -7.3195  -28.4484  -13.8743
   -1.3907   -7.0891    1.9318   17.1135    1.2709  -21.4577
eta,q 0.96953  9.83959
  0.0312  0.0310  0.0308  0.0312  0.0308  0.0311  0.0309  0.0316  0.0308  0.0311  0.0307  0.0306
  0.0308  0.0307  0.0306  0.0309  0.0306  0.0308  0.0307  0.0310  0.0306  0.0308  0.0306  0.0305
  0.0306  0.0306  0.0305  0.0306  0.0305  0.0306  0.0305  0.0306  0.0305  0.0306  0.0305  0.0305
  0.0305  0.0305  0.0305  0.0305  0.0305  0.0305  0.0305  0.0305  0.0305  0.0305  0.0305  0.0305
  0.0306  0.0305  0.0305  0.0305  0.0305  0.0305  0.0305  0.0306  0.0305  0.0305  0.0305  0.0305
  0.0308  0.0307  0.0306  0.0308  0.0306  0.0306  0.0307  0.0310  0.0306  0.0307  0.0306  0.0305
  0.0311  0.0309  0.0308  0.0312  0.0308  0.0311  0.0309  0.0316  0.0308  0.0311  0.0307  0.0306
niter,ni,del,rscale     2    3    5.0000    0.5000
parameters
   -4.2554  -24.7172    3.4014   -7.2529  -28.5014  -13.7617
   -1.3917   -7.0636    1.8973   17.1721    1.2956  -21.4212
eta,q 0.96954  9.84387
  0.0310  0.0309  0.0307  0.0310  0.0307  0.0309  0.0307  0.0313  0.0307  0.0309  0.0306  0.0306
  0.0307  0.0306  0.0306  0.0307  0.0306  0.0307  0.0306  0.0308  0.0306  0.0307  0.0305  0.0305
  0.0305  0.0305  0.0305  0.0306  0.0305  0.0305  0.0305  0.0306  0.0305  0.0305  0.0305  0.0305
  0.0305  0.0305  0.0305  0.0305  0.0305  0.0305  0.0305  0.0305  0.0305  0.0305  0.0305  0.0305
  0.0305  0.0305  0.0305  0.0305  0.0305  0.0305  0.0305  0.0306  0.0305  0.0305  0.0305  0.0305
  0.0307  0.0306  0.0305  0.0307  0.0306  0.0306  0.0306  0.0308  0.0306  0.0306  0.0305  0.0305
  0.0310  0.0308  0.0307  0.0310  0.0307  0.0309  0.0307  0.0313  0.0307  0.0309  0.0306  0.0306
niter,ni,del,rscale     1    3    5.0000    0.4000
parameters
   -4.2455  -24.7196    3.4251   -7.2120  -28.5038  -13.7014
   -1.3832   -7.0448    1.8739   17.1689    1.2987  -21.3709
eta,q 0.96954  9.84709
  0.0308  0.0307  0.0306  0.0308  0.0306  0.0307  0.0306  0.0310  0.0306  0.0307  0.0306  0.0305
  0.0306  0.0306  0.0305  0.0306  0.0305  0.0306  0.0305  0.0307  0.0305  0.0306  0.0305  0.0305
  0.0305  0.0305  0.0305  0.0305  0.0305  0.0305  0.0305  0.0305  0.0305  0.0305  0.0305  0.0305
  0.0305  0.0305  0.0305  0.0305  0.0305  0.0305  0.0305  0.0305  0.0305  0.0305  0.0305  0.0305
  0.0305  0.0305  0.0305  0.0305  0.0305  0.0305  0.0305  0.0305  0.0305  0.0305  0.0305  0.0305
  0.0306  0.0306  0.0305  0.0306  0.0305  0.0305  0.0305  0.0307  0.0305  0.0306  0.0305  0.0305
  0.0308  0.0307  0.0306  0.0308  0.0306  0.0307  0.0306  0.0310  0.0306  0.0308  0.0306  0.0305
registration optimization eta report
parameter search radius
    0.8000    0.8000    0.8000    2.4000    2.4000    2.4000
    2.4000    2.4000    2.4000    2.4000    2.4000    2.4000
100000*second partial in parameter space
       50.       35.       21.        6.        2.        5.
        3.        9.        3.        5.        2.        1.
  0.0308  0.0307  0.0306  0.0308  0.0306  0.0307  0.0306  0.0310  0.0306  0.0307  0.0306  0.0305
  0.0306  0.0306  0.0305  0.0306  0.0305  0.0306  0.0305  0.0307  0.0305  0.0306  0.0305  0.0305
  0.0305  0.0305  0.0305  0.0305  0.0305  0.0305  0.0305  0.0305  0.0305  0.0305  0.0305  0.0305
  0.0305  0.0305  0.0305  0.0305  0.0305  0.0305  0.0305  0.0305  0.0305  0.0305  0.0305  0.0305
  0.0305  0.0305  0.0305  0.0305  0.0305  0.0305  0.0305  0.0305  0.0305  0.0305  0.0305  0.0305
  0.0306  0.0306  0.0305  0.0306  0.0305  0.0305  0.0305  0.0307  0.0305  0.0306  0.0305  0.0305
  0.0308  0.0307  0.0306  0.0308  0.0306  0.0307  0.0306  0.0310  0.0306  0.0308  0.0306  0.0305
   -4.2455  -24.7196    3.4251   -7.2120  -28.5038  -13.7014
   -1.3832   -7.0448    1.8739   17.1689    1.2987  -21.3709
eta,q 0.96954  9.84709

---------------------------------------------------------------------
imgreg_4dfp /opt/freesurfer/average/711-2C_as_mni_average_305 /opt/freesurfer/average/711-2B_as_mni_average_305_mask talsrcimg_g11 none talsrcimg_to_711-2C_as_mni_average_305_t4 2311
---------------------------------------------------------------------

freesurfer imgreg_4dfp.c
/opt/freesurfer/average/711-2C_as_mni_average_305.4dfp.img
       256       256       256         1
  1.000000  1.000000  1.000000
orientation T byte_order littleendian
Reading image: /opt/freesurfer/average/711-2C_as_mni_average_305.4dfp.img
dimensions:      256       256       256
mmppix:       1.0000   -1.0000   -1.0000
center:     128.0000 -129.0000 -129.0000
/opt/freesurfer/average/711-2B_as_mni_average_305_mask.4dfp.img
       256       256       256         1
  1.000000  1.000000  1.000000
orientation T byte_order littleendian
Reading mask: /opt/freesurfer/average/711-2B_as_mni_average_305_mask.4dfp.img (2306576 pixels)
talsrcimg_g11.4dfp.img
       256       256       256         1
  1.000000  1.000000  1.000000
orientation T byte_order littleendian
Reading image: talsrcimg_g11.4dfp.img
dimensions:      256       256       256
mmppix:       1.0000   -1.0000   -1.0000
center:     128.0000 -129.0000 -129.0000
fimgreg.f
image alignment mode   2311 decimal      907 hex
parameters
   -4.2455  -24.7196    3.4251   -7.2120  -28.5038  -13.7014
   -1.3832   -7.0448    1.8739   17.1689    1.2987  -21.3709
eta,q 0.96954  9.84709
niter,ni,del,rscale     5    3    5.0000    0.8000
parameters
   -4.2530  -24.6801    3.3671   -7.6408  -28.5697  -14.1761
   -1.4389   -7.0403    1.9264   17.1318    1.2201  -21.5660
eta,q 0.96950  9.80877
  0.0317  0.0314  0.0310  0.0314  0.0310  0.0314  0.0312  0.0323  0.0312  0.0316  0.0308  0.0307
  0.0310  0.0309  0.0307  0.0310  0.0307  0.0309  0.0308  0.0313  0.0308  0.0310  0.0306  0.0306
  0.0306  0.0306  0.0305  0.0306  0.0305  0.0306  0.0306  0.0307  0.0306  0.0306  0.0305  0.0305
  0.0305  0.0305  0.0305  0.0305  0.0305  0.0305  0.0305  0.0305  0.0305  0.0305  0.0305  0.0305
  0.0306  0.0306  0.0305  0.0306  0.0306  0.0306  0.0306  0.0307  0.0306  0.0306  0.0305  0.0305
  0.0310  0.0308  0.0307  0.0311  0.0307  0.0310  0.0308  0.0314  0.0308  0.0310  0.0306  0.0306
  0.0317  0.0313  0.0311  0.0321  0.0310  0.0321  0.0312  0.0323  0.0311  0.0317  0.0308  0.0308
niter,ni,del,rscale     4    3    5.0000    0.7000
parameters
   -4.2317  -24.6743    3.3096   -7.4537  -28.5421  -14.0579
   -1.4590   -7.0388    1.9351   17.1996    1.1740  -21.4995
eta,q 0.96952  9.82237
  0.0315  0.0312  0.0309  0.0314  0.0309  0.0313  0.0310  0.0319  0.0310  0.0314  0.0307  0.0307
  0.0309  0.0308  0.0307  0.0310  0.0307  0.0309  0.0307  0.0312  0.0307  0.0309  0.0306  0.0306
  0.0306  0.0306  0.0305  0.0307  0.0305  0.0306  0.0305  0.0307  0.0305  0.0306  0.0305  0.0305
  0.0305  0.0305  0.0305  0.0305  0.0305  0.0305  0.0305  0.0305  0.0305  0.0305  0.0305  0.0305
  0.0306  0.0306  0.0305  0.0305  0.0306  0.0305  0.0305  0.0307  0.0305  0.0306  0.0305  0.0305
  0.0309  0.0308  0.0307  0.0308  0.0307  0.0307  0.0307  0.0312  0.0307  0.0308  0.0306  0.0306
  0.0314  0.0312  0.0309  0.0314  0.0309  0.0313  0.0310  0.0319  0.0310  0.0313  0.0307  0.0307
niter,ni,del,rscale     3    3    5.0000    0.6000
parameters
   -4.2291  -24.6756    3.3489   -7.3399  -28.5629  -13.9170
   -1.4526   -7.0275    1.9195   17.1978    1.1950  -21.4307
eta,q 0.96952  9.83054
  0.0312  0.0310  0.0308  0.0312  0.0308  0.0311  0.0309  0.0316  0.0308  0.0311  0.0307  0.0306
  0.0308  0.0307  0.0306  0.0309  0.0306  0.0308  0.0307  0.0310  0.0306  0.0308  0.0306  0.0305
  0.0306  0.0305  0.0305  0.0306  0.0305  0.0306  0.0305  0.0306  0.0305  0.0306  0.0305  0.0305
  0.0305  0.0305  0.0305  0.0305  0.0305  0.0305  0.0305  0.0305  0.0305  0.0305  0.0305  0.0305
  0.0306  0.0306  0.0305  0.0305  0.0305  0.0305  0.0305  0.0306  0.0305  0.0305  0.0305  0.0305
  0.0308  0.0307  0.0306  0.0307  0.0306  0.0306  0.0307  0.0310  0.0306  0.0307  0.0306  0.0305
  0.0312  0.0310  0.0308  0.0312  0.0308  0.0311  0.0309  0.0316  0.0308  0.0311  0.0307  0.0306
niter,ni,del,rscale     2    3    5.0000    0.5000
parameters
   -4.2299  -24.6867    3.3835   -7.2647  -28.5804  -13.7886
   -1.4282   -7.0312    1.9246   17.1950    1.2303  -21.4182
eta,q 0.96953  9.83742
  0.0310  0.0308  0.0307  0.0310  0.0307  0.0309  0.0308  0.0313  0.0307  0.0309  0.0306  0.0306
  0.0307  0.0306  0.0306  0.0307  0.0306  0.0307  0.0306  0.0308  0.0306  0.0307  0.0305  0.0305
  0.0305  0.0305  0.0305  0.0306  0.0305  0.0305  0.0305  0.0306  0.0305  0.0305  0.0305  0.0305
  0.0305  0.0305  0.0305  0.0305  0.0305  0.0305  0.0305  0.0305  0.0305  0.0305  0.0305  0.0305
  0.0305  0.0305  0.0305  0.0305  0.0305  0.0305  0.0305  0.0306  0.0305  0.0305  0.0305  0.0305
  0.0307  0.0306  0.0305  0.0307  0.0306  0.0306  0.0306  0.0308  0.0306  0.0307  0.0305  0.0305
  0.0310  0.0308  0.0307  0.0310  0.0307  0.0309  0.0307  0.0313  0.0307  0.0309  0.0306  0.0306
niter,ni,del,rscale     1    3    5.0000    0.4000
parameters
   -4.2343  -24.6979    3.4150   -7.2152  -28.5790  -13.7162
   -1.4301   -7.0354    1.8929   17.1887    1.2907  -21.3734
eta,q 0.96954  9.84209
  0.0308  0.0307  0.0306  0.0308  0.0306  0.0307  0.0306  0.0310  0.0306  0.0307  0.0306  0.0305
  0.0306  0.0306  0.0305  0.0306  0.0305  0.0306  0.0305  0.0307  0.0305  0.0306  0.0305  0.0305
  0.0305  0.0305  0.0305  0.0305  0.0305  0.0305  0.0305  0.0305  0.0305  0.0305  0.0305  0.0305
  0.0305  0.0305  0.0305  0.0305  0.0305  0.0305  0.0305  0.0305  0.0305  0.0305  0.0305  0.0305
  0.0305  0.0305  0.0305  0.0305  0.0305  0.0305  0.0305  0.0305  0.0305  0.0305  0.0305  0.0305
  0.0306  0.0306  0.0305  0.0306  0.0305  0.0305  0.0305  0.0307  0.0305  0.0306  0.0305  0.0305
  0.0308  0.0307  0.0306  0.0308  0.0306  0.0307  0.0306  0.0310  0.0306  0.0308  0.0306  0.0305
registration optimization eta report
parameter search radius
    0.8000    0.8000    0.8000    2.4000    2.4000    2.4000
    2.4000    2.4000    2.4000    2.4000    2.4000    2.4000
100000*second partial in parameter space
       50.       35.       22.        6.        3.        5.
        3.        9.        3.        5.        2.        1.
  0.0308  0.0307  0.0306  0.0308  0.0306  0.0307  0.0306  0.0310  0.0306  0.0307  0.0306  0.0305
  0.0306  0.0306  0.0305  0.0306  0.0305  0.0306  0.0305  0.0307  0.0305  0.0306  0.0305  0.0305
  0.0305  0.0305  0.0305  0.0305  0.0305  0.0305  0.0305  0.0305  0.0305  0.0305  0.0305  0.0305
  0.0305  0.0305  0.0305  0.0305  0.0305  0.0305  0.0305  0.0305  0.0305  0.0305  0.0305  0.0305
  0.0305  0.0305  0.0305  0.0305  0.0305  0.0305  0.0305  0.0305  0.0305  0.0305  0.0305  0.0305
  0.0306  0.0306  0.0305  0.0306  0.0305  0.0305  0.0305  0.0307  0.0305  0.0306  0.0305  0.0305
  0.0308  0.0307  0.0306  0.0308  0.0306  0.0307  0.0306  0.0310  0.0306  0.0308  0.0306  0.0305
   -4.2343  -24.6979    3.4150   -7.2152  -28.5790  -13.7162
   -1.4301   -7.0354    1.8929   17.1887    1.2907  -21.3734
eta,q 0.96954  9.84209

---------------------------------------------------------------------
compute_vox2vox talsrcimg talsrcimg_to_711-2C_as_mni_average_305_t4 /opt/freesurfer/average/711-2C_as_mni_average_305
---------------------------------------------------------------------

freesurfer compute_vox2vox.c
Reading: talsrcimg.4dfp.ifh
Reading: talsrcimg_to_711-2C_as_mni_average_305_t4
Reading: /opt/freesurfer/average/711-2C_as_mni_average_305.4dfp.ifh
Writing: talsrcimg_to_711-2C_as_mni_average_305_t4_vox2vox.txt

start time Sat Mar 14 01:32:21 CET 2026
end		time Sat Mar 14 01:33:49 CET 2026

mpr2mni305 success

avi2talxfm orig_nu.mgz /opt/freesurfer/average/mni305.cor.mgz talsrcimg_to_711-2C_as_mni_average_305_t4_vox2vox.txt transforms/talairach.auto.xfm
avi2talxfm done
mv -f /out/sourcedata/freesurfer/sub-v2s8x29217_ses-1/mri/talsrcimg_to_711-2C_as_mni_average_305_t4_vox2vox.txt /out/sourcedata/freesurfer/sub-v2s8x29217_ses-1/mri/transforms/talsrcimg_to_711-2C_as_mni_average_305_t4_vox2vox.txt
lta_convert --src orig_nu.mgz --trg /opt/freesurfer/average/mni305.cor.mgz --inxfm transforms/talairach.auto.xfm --outlta transforms/talairach.auto.xfm.lta --subject fsaverage
7.3.2

--src: orig_nu.mgz src image (geometry).
--trg: /opt/freesurfer/average/mni305.cor.mgz trg image (geometry).
--inmni: transforms/talairach.auto.xfm input MNI/XFM transform.
--outlta: transforms/talairach.auto.xfm.lta output LTA.
--s: fsaverage subject name
 LTA read, type : 1
 1.07575   0.07873   0.04510   4.63943;
-0.02185   1.09216   0.32640   2.92732;
-0.02325  -0.26493   1.32040   32.11250;
 0.00000   0.00000   0.00000   1.00000;
setting subject to fsaverage
Writing  LTA to file transforms/talairach.auto.xfm.lta...
lta_convert successful.
 
 
Started at Sat Mar 14 01:32:21 CET 2026
Ended   at Sat Mar 14 01:33:49 CET 2026
talairach_avi done
