status file for recon-all
Sat Mar 14 01:24:07 CET 2026
#@# Tessellate lh Sat Mar 14 01:24:07 CET 2026
#@# Smooth1 lh Sat Mar 14 01:24:12 CET 2026
#@# Inflation1 lh Sat Mar 14 01:24:16 CET 2026
#@# QSphere lh Sat Mar 14 01:24:37 CET 2026
#@# Fix Topology lh Sat Mar 14 01:26:45 CET 2026
#@# Smooth2 lh Sat Mar 14 01:34:35 CET 2026
#@# Inflation2 lh Sat Mar 14 01:34:38 CET 2026
#@# Curv .H and .K lh Sat Mar 14 01:35:02 CET 2026
#@# Sphere lh Sat Mar 14 01:35:57 CET 2026
#@# Surf Reg lh Sat Mar 14 01:45:34 CET 2026
#@# Jacobian white lh Sat Mar 14 02:03:33 CET 2026
#@# AvgCurv lh Sat Mar 14 02:03:33 CET 2026
#@# Cortical Parc lh Sat Mar 14 02:03:35 CET 2026
#@# white curv lh Sat Mar 14 02:10:50 CET 2026
#@# white area lh Sat Mar 14 02:10:52 CET 2026
#@# pial curv lh Sat Mar 14 02:10:53 CET 2026
#@# pial area lh Sat Mar 14 02:10:55 CET 2026
#@# thickness lh Sat Mar 14 02:10:56 CET 2026
#@# area and vertex vol lh Sat Mar 14 02:11:33 CET 2026
#@# Curvature Stats lh Sat Mar 14 02:11:34 CET 2026
#@# Cortical Parc 2 lh Sat Mar 14 02:11:37 CET 2026
#@# Cortical Parc 3 lh Sat Mar 14 02:11:53 CET 2026
#@# WM/GM Contrast lh Sat Mar 14 02:12:04 CET 2026
recon-all -s sub-v2s8x29178_ses-1 finished without error at Sat Mar 14 02:12:08 CET 2026



#New# invocation of recon-all 



status file for recon-all
Sat Mar 14 02:47:24 CET 2026
#@# white curv lh Sat Mar 14 02:47:24 CET 2026
#@# white area lh Sat Mar 14 02:47:24 CET 2026
#@# pial curv lh Sat Mar 14 02:47:24 CET 2026
#@# pial area lh Sat Mar 14 02:47:24 CET 2026
#@# thickness lh Sat Mar 14 02:47:24 CET 2026
#@# area and vertex vol lh Sat Mar 14 02:47:24 CET 2026
#@# Parcellation Stats lh Sat Mar 14 02:47:24 CET 2026
#@# Parcellation Stats 2 lh Sat Mar 14 02:47:47 CET 2026
#@# Parcellation Stats 3 lh Sat Mar 14 02:47:59 CET 2026
#@# BA_exvivo Labels lh Sat Mar 14 02:48:11 CET 2026
recon-all -s sub-v2s8x29178_ses-1 finished without error at Sat Mar 14 02:51:10 CET 2026
