status file for recon-all
Sat Mar 14 05:32:11 CET 2026
#@# Tessellate rh Sat Mar 14 05:32:11 CET 2026
#@# Smooth1 rh Sat Mar 14 05:32:15 CET 2026
#@# Inflation1 rh Sat Mar 14 05:32:18 CET 2026
#@# QSphere rh Sat Mar 14 05:32:33 CET 2026
#@# Fix Topology rh Sat Mar 14 05:33:52 CET 2026
#@# Smooth2 rh Sat Mar 14 05:41:38 CET 2026
#@# Inflation2 rh Sat Mar 14 05:41:41 CET 2026
#@# Curv .H and .K rh Sat Mar 14 05:41:58 CET 2026
#@# Sphere rh Sat Mar 14 05:42:49 CET 2026
#@# Surf Reg rh Sat Mar 14 05:45:32 CET 2026
#@# Jacobian white rh Sat Mar 14 05:50:00 CET 2026
#@# AvgCurv rh Sat Mar 14 05:50:01 CET 2026
#@# Cortical Parc rh Sat Mar 14 05:50:02 CET 2026
#@# white curv rh Sat Mar 14 05:57:12 CET 2026
#@# white area rh Sat Mar 14 05:57:13 CET 2026
#@# pial curv rh Sat Mar 14 05:57:14 CET 2026
#@# pial area rh Sat Mar 14 05:57:17 CET 2026
#@# thickness rh Sat Mar 14 05:57:17 CET 2026
#@# area and vertex vol rh Sat Mar 14 05:57:48 CET 2026
#@# Curvature Stats rh Sat Mar 14 05:57:50 CET 2026
#@# Cortical Parc 2 rh Sat Mar 14 05:57:52 CET 2026
#@# Cortical Parc 3 rh Sat Mar 14 05:58:06 CET 2026
#@# WM/GM Contrast rh Sat Mar 14 05:58:19 CET 2026
recon-all -s sub-v2s8x29249_ses-1 finished without error at Sat Mar 14 05:58:23 CET 2026



#New# invocation of recon-all 



status file for recon-all
Sat Mar 14 06:09:30 CET 2026
#@# white curv rh Sat Mar 14 06:09:31 CET 2026
#@# white area rh Sat Mar 14 06:09:31 CET 2026
#@# pial curv rh Sat Mar 14 06:09:31 CET 2026
#@# pial area rh Sat Mar 14 06:09:31 CET 2026
#@# thickness rh Sat Mar 14 06:09:31 CET 2026
#@# area and vertex vol rh Sat Mar 14 06:09:31 CET 2026
#@# Parcellation Stats rh Sat Mar 14 06:09:31 CET 2026
#@# Parcellation Stats 2 rh Sat Mar 14 06:09:52 CET 2026
#@# Parcellation Stats 3 rh Sat Mar 14 06:10:03 CET 2026
#@# BA_exvivo Labels rh Sat Mar 14 06:10:13 CET 2026
recon-all -s sub-v2s8x29249_ses-1 finished without error at Sat Mar 14 06:13:15 CET 2026
