/out/sourcedata/freesurfer/sub-v2s8x29200_ses-1/mri
/opt/freesurfer/bin/talairach_avi
--i orig_nu.mgz --xfm transforms/talairach.auto.xfm
talairach_avi 7.3.2
Linux dna086 5.14.0-427.37.1.el9_4.x86_64 #1 SMP PREEMPT_DYNAMIC Fri Sep 13 12:41:50 EDT 2024 x86_64 x86_64 x86_64 GNU/Linux
Sat Mar 14 00:54:25 CET 2026
mri_convert orig_nu.mgz talsrcimg.img 
reading from orig_nu.mgz...
TR=0.00, TE=0.00, TI=0.00, flip angle=0.00
i_ras = (-1, 0, 0)
j_ras = (0, 0, -1)
k_ras = (0, 1, 0)
writing to talsrcimg.img...
Analyze Output Matrix
-1.00000   0.00000   0.00000   126.77308;
 0.00000   0.00000   1.00000  -128.00000;
 0.00000  -1.00000   0.00000   129.27710;
 0.00000   0.00000   0.00000   1.00000;
--------------------
INFO: set hdr.hist.orient to -1
mpr2mni305 talsrcimg
Sat Mar 14 00:54:26 CET 2026
/opt/freesurfer/bin/mpr2mni305 talsrcimg
mpr2mni305 7.3.2
target=711-2C_as_mni_average_305

---------------------------------------------------------------------
analyzeto4dfp talsrcimg -O0 -y
---------------------------------------------------------------------

freesurfer ifh2hdr.c
Sat Mar 14 00:54:26 2026
Writing: talsrcimg.4dfp.hdr
freesurfer analyzeto4dfp.c
Reading: talsrcimg.hdr
header size 348 bytes
hdr.dime.datatype	offset=70	value=2
hdr.dime.bitpix		offset=72	value=8
hdr.hist.orient		offset=252	value=-1
dimensionality     4
dimensions       256       256       256         1
Reading: talsrcimg.img
Writing: talsrcimg.4dfp.img
Writing: talsrcimg.4dfp.ifh
ifh2hdr talsrcimg -r0to201
ori=2

---------------------------------------------------------------------
gauss_4dfp talsrcimg 1.1
---------------------------------------------------------------------

freesurfer gauss_4dfp.c
Reading: talsrcimg.4dfp.img
Writing: talsrcimg_g11.4dfp.img
image dimensions 256 256 256 padded to 288 288 288
processing volume 1freesurfer ifh2hdr.c
Sat Mar 14 00:54:27 2026
Writing: talsrcimg_g11.4dfp.hdr

Writing: talsrcimg_g11.4dfp.ifh
including: talsrcimg.4dfp.img.rec in talsrcimg_g11.4dfp.img.rec

---------------------------------------------------------------------
imgreg_4dfp /opt/freesurfer/average/711-2C_as_mni_average_305 none talsrcimg_g11 none talsrcimg_to_711-2C_as_mni_average_305_t4 4355
---------------------------------------------------------------------

freesurfer imgreg_4dfp.c
/opt/freesurfer/average/711-2C_as_mni_average_305.4dfp.img
       256       256       256         1
  1.000000  1.000000  1.000000
orientation T byte_order littleendian
Reading image: /opt/freesurfer/average/711-2C_as_mni_average_305.4dfp.img
dimensions:      256       256       256
mmppix:       1.0000   -1.0000   -1.0000
center:     128.0000 -129.0000 -129.0000
talsrcimg_g11.4dfp.img
       256       256       256         1
  1.000000  1.000000  1.000000
orientation T byte_order littleendian
Reading image: talsrcimg_g11.4dfp.img
dimensions:      256       256       256
mmppix:       1.0000   -1.0000   -1.0000
center:     128.0000 -129.0000 -129.0000
t4_read: open error in t4_sub.f l:  41 t4_file(1:l)talsrcimg_to_711-2C_as_mni_average_305_t4 
t4_read: transform initialized to I4
rotation matrix determinant  1.000000
image alignment mode   4355 decimal     1103 hex
   -7.5000  -45.0000  -45.0000 8529.2002   19.0167
    0.0000  -45.0000  -45.0000 8971.6738   18.9897
    7.5000  -45.0000  -45.0000 8542.8604   18.9408
   -7.5000  -37.5000  -45.0000 9029.2051   19.0556
    0.0000  -37.5000  -45.0000 9496.9160   19.0283
    7.5000  -37.5000  -45.0000 9043.4648   18.9832
   -7.5000  -30.0000  -45.0000 9751.9268   19.0641
    0.0000  -30.0000  -45.000010262.4326   19.0350
    7.5000  -30.0000  -45.0000 9772.8545   18.9991
   -7.5000  -22.5000  -45.000010402.9092   19.0315
    0.0000  -22.5000  -45.000010968.7656   18.9999
    7.5000  -22.5000  -45.000010416.3320   18.9677
   -7.5000  -15.0000  -45.000011030.1572   18.9946
    0.0000  -15.0000  -45.000011615.5244   18.9640
    7.5000  -15.0000  -45.000011016.0186   18.9287
   -7.5000   -7.5000  -45.000011579.2061   18.9884
    0.0000   -7.5000  -45.000012180.4219   18.9605
    7.5000   -7.5000  -45.000011564.7988   18.9177
   -7.5000    0.0000  -45.000012081.3711   19.0167
    0.0000    0.0000  -45.000012708.0703   18.9897
    7.5000    0.0000  -45.000012075.6768   18.9408
   -7.5000    7.5000  -45.000011638.9893   19.0556
    0.0000    7.5000  -45.000012201.6162   19.0283
    7.5000    7.5000  -45.000011611.5947   18.9832
   -7.5000   15.0000  -45.000011093.2549   19.0641
    0.0000   15.0000  -45.000011623.5781   19.0350
    7.5000   15.0000  -45.000011078.5234   18.9991
   -7.5000   22.5000  -45.000010294.5615   19.0289
    0.0000   22.5000  -45.000010783.5400   18.9972
    7.5000   22.5000  -45.000010279.1670   18.9651
   -7.5000   30.0000  -45.0000 9434.3809   18.7415
    0.0000   30.0000  -45.0000 9861.8281   18.7112
    7.5000   30.0000  -45.0000 9412.4180   18.6764
   -7.5000   37.5000  -45.0000 8969.6328   18.7353
    0.0000   37.5000  -45.0000 9359.2705   18.7078
    7.5000   37.5000  -45.0000 8926.4883   18.6656
   -7.5000   45.0000  -45.0000 8154.3018   18.2868
    0.0000   45.0000  -45.0000 8492.3086   18.2608
    7.5000   45.0000  -45.0000 8126.8423   18.2139
   -7.5000  -45.0000  -37.5000 9076.9570   18.9632
    0.0000  -45.0000  -37.5000 9534.2715   18.9385
    7.5000  -45.0000  -37.5000 9086.4590   18.8906
   -7.5000  -37.5000  -37.5000 9580.4121   19.0060
    0.0000  -37.5000  -37.500010078.6348   18.9774
    7.5000  -37.5000  -37.5000 9592.2559   18.9302
   -7.5000  -30.0000  -37.500010331.0117   19.0128
    0.0000  -30.0000  -37.500010876.8223   18.9802
    7.5000  -30.0000  -37.500010348.3936   18.9420
   -7.5000  -22.5000  -37.500011016.3418   18.9753
    0.0000  -22.5000  -37.500011610.1758   18.9428
    7.5000  -22.5000  -37.500011023.7861   18.9117
   -7.5000  -15.0000  -37.500011656.4688   18.9343
    0.0000  -15.0000  -37.500012295.5498   18.9064
    7.5000  -15.0000  -37.500011661.2744   18.8753
   -7.5000   -7.5000  -37.500012241.5518   18.9290
    0.0000   -7.5000  -37.500012882.9971   18.9049
    7.5000   -7.5000  -37.500012206.5459   18.8659
   -7.5000    0.0000  -37.500012737.0127   18.9632
    0.0000    0.0000  -37.500013416.8672   18.9385
    7.5000    0.0000  -37.500012710.5283   18.8906
   -7.5000    7.5000  -37.500012224.0830   19.0060
    0.0000    7.5000  -37.500012863.7314   18.9774
    7.5000    7.5000  -37.500012206.4707   18.9302
   -7.5000   15.0000  -37.500011647.9307   19.0128
    0.0000   15.0000  -37.500012244.3027   18.9802
    7.5000   15.0000  -37.500011631.0391   18.9420
   -7.5000   22.5000  -37.500010812.0215   18.9727
    0.0000   22.5000  -37.500011351.8867   18.9402
    7.5000   22.5000  -37.500010788.1553   18.9091
   -7.5000   30.0000  -37.5000 9895.9785   18.6820
    0.0000   30.0000  -37.500010349.9775   18.6544
    7.5000   30.0000  -37.5000 9855.7969   18.6238
   -7.5000   37.5000  -37.5000 9385.6650   18.6768
    0.0000   37.5000  -37.5000 9817.4238   18.6529
    7.5000   37.5000  -37.5000 9355.7383   18.6145
   -7.5000   45.0000  -37.5000 8522.8857   18.2354
    0.0000   45.0000  -37.5000 8892.8975   18.2116
    7.5000   45.0000  -37.5000 8483.9043   18.1656
   -7.5000  -45.0000  -30.0000 9762.0068   19.7516
    0.0000  -45.0000  -30.000010237.1094   19.7284
    7.5000  -45.0000  -30.0000 9772.8691   19.6773
   -7.5000  -37.5000  -30.000010282.4102   19.7919
    0.0000  -37.5000  -30.000010810.0322   19.7627
    7.5000  -37.5000  -30.000010295.5029   19.7112
   -7.5000  -30.0000  -30.000011080.8477   19.7999
    0.0000  -30.0000  -30.000011655.5625   19.7658
    7.5000  -30.0000  -30.000011078.6123   19.7227
   -7.5000  -22.5000  -30.000011803.7041   19.7671
    0.0000  -22.5000  -30.000012434.0068   19.7353
    7.5000  -22.5000  -30.000011817.8994   19.7002
   -7.5000  -15.0000  -30.000012489.2471   19.7293
    0.0000  -15.0000  -30.000013172.6562   19.7039
    7.5000  -15.0000  -30.000012458.7012   19.6701
   -7.5000   -7.5000  -30.000013119.4287   19.7217
    0.0000   -7.5000  -30.000013844.5166   19.7002
    7.5000   -7.5000  -30.000013046.4590   19.6587
   -7.5000    0.0000  -30.000013614.2832   19.7516
    0.0000    0.0000  -30.000014371.2012   19.7284
    7.5000    0.0000  -30.000013565.7393   19.6773
   -7.5000    7.5000  -30.000013014.6084   19.7919
    0.0000    7.5000  -30.000013740.5039   19.7627
    7.5000    7.5000  -30.000012989.9443   19.7112
   -7.5000   15.0000  -30.000012383.1006   19.7999
    0.0000   15.0000  -30.000013033.0361   19.7658
    7.5000   15.0000  -30.000012331.5322   19.7227
   -7.5000   22.5000  -30.000011492.3564   19.7624
    0.0000   22.5000  -30.000012078.9316   19.7305
    7.5000   22.5000  -30.000011435.9893   19.6954
   -7.5000   30.0000  -30.000010511.3350   19.4682
    0.0000   30.0000  -30.000011022.5674   19.4432
    7.5000   30.0000  -30.000010455.3076   19.4098
   -7.5000   37.5000  -30.0000 9941.7686   19.4608
    0.0000   37.5000  -30.000010418.1758   19.4395
    7.5000   37.5000  -30.0000 9903.8721   19.3986
   -7.5000   45.0000  -30.0000 8995.4678   19.0075
    0.0000   45.0000  -30.0000 9404.0078   18.9852
    7.5000   45.0000  -30.0000 8962.0850   18.9360
   -7.5000  -45.0000  -22.500010433.5645   20.4566
    0.0000  -45.0000  -22.500010907.6611   20.4328
    7.5000  -45.0000  -22.500010440.0586   20.3773
   -7.5000  -37.5000  -22.500010965.9688   20.4896
    0.0000  -37.5000  -22.500011492.6943   20.4619
    7.5000  -37.5000  -22.500010970.0264   20.4086
   -7.5000  -30.0000  -22.500011806.1201   20.4999
    0.0000  -30.0000  -22.500012381.8799   20.4688
    7.5000  -30.0000  -22.500011790.0127   20.4238
   -7.5000  -22.5000  -22.500012565.4131   20.4773
    0.0000  -22.5000  -22.500013199.1846   20.4472
    7.5000  -22.5000  -22.500012544.3389   20.4073
   -7.5000  -15.0000  -22.500013269.3311   20.4473
    0.0000  -15.0000  -22.500013963.1406   20.4217
    7.5000  -15.0000  -22.500013216.2588   20.3804
   -7.5000   -7.5000  -22.500013941.9658   20.4369
    0.0000   -7.5000  -22.500014698.0967   20.4142
    7.5000   -7.5000  -22.500013847.0068   20.3656
   -7.5000    0.0000  -22.500014470.3271   20.4566
    0.0000    0.0000  -22.500015284.3184   20.4328
    7.5000    0.0000  -22.500014389.1914   20.3773
   -7.5000    7.5000  -22.500013818.1260   20.4896
    0.0000    7.5000  -22.500014556.5117   20.4619
    7.5000    7.5000  -22.500013728.6650   20.4086
   -7.5000   15.0000  -22.500013101.4404   20.4999
    0.0000   15.0000  -22.500013754.6494   20.4688
    7.5000   15.0000  -22.500012987.3105   20.4238
   -7.5000   22.5000  -22.500012151.3926   20.4710
    0.0000   22.5000  -22.500012739.8281   20.4409
    7.5000   22.5000  -22.500012034.9980   20.4010
   -7.5000   30.0000  -22.500011114.1543   20.1799
    0.0000   30.0000  -22.500011637.1914   20.1546
    7.5000   30.0000  -22.500011018.3203   20.1138
   -7.5000   37.5000  -22.500010503.5869   20.1695
    0.0000   37.5000  -22.500010992.9746   20.1472
    7.5000   37.5000  -22.500010404.4238   20.0992
   -7.5000   45.0000  -22.5000 9478.4395   19.7007
    0.0000   45.0000  -22.5000 9901.6895   19.6778
    7.5000   45.0000  -22.5000 9372.6797   19.6243
   -7.5000  -45.0000  -15.000011090.0439   20.9762
    0.0000  -45.0000  -15.000011603.1963   20.9486
    7.5000  -45.0000  -15.000011100.8711   20.8906
   -7.5000  -37.5000  -15.000011640.4229   21.0072
    0.0000  -37.5000  -15.000012176.9199   20.9799
    7.5000  -37.5000  -15.000011641.4443   20.9270
   -7.5000  -30.0000  -15.000012523.4922   21.0207
    0.0000  -30.0000  -15.000013106.1328   20.9925
    7.5000  -30.0000  -15.000012504.9561   20.9485
   -7.5000  -22.5000  -15.000013335.7500   21.0026
    0.0000  -22.5000  -15.000013960.6025   20.9726
    7.5000  -22.5000  -15.000013282.2549   20.9307
   -7.5000  -15.0000  -15.000014067.0859   20.9751
    0.0000  -15.0000  -15.000014746.5752   20.9457
    7.5000  -15.0000  -15.000013988.5576   20.8993
   -7.5000   -7.5000  -15.000014755.9375   20.9622
    0.0000   -7.5000  -15.000015489.9277   20.9342
    7.5000   -7.5000  -15.000014652.9443   20.8807
   -7.5000    0.0000  -15.000015305.7695   20.9762
    0.0000    0.0000  -15.000016088.0264   20.9486
    7.5000    0.0000  -15.000015195.7529   20.8906
   -7.5000    7.5000  -15.000014583.4199   21.0072
    0.0000    7.5000  -15.000015299.5674   20.9799
    7.5000    7.5000  -15.000014458.0244   20.9270
   -7.5000   15.0000  -15.000013777.5693   21.0207
    0.0000   15.0000  -15.000014442.5596   20.9925
    7.5000   15.0000  -15.000013644.2295   20.9485
   -7.5000   22.5000  -15.000012763.7812   20.9952
    0.0000   22.5000  -15.000013382.3506   20.9651
    7.5000   22.5000  -15.000012650.3506   20.9233
   -7.5000   30.0000  -15.000011691.8535   20.7037
    0.0000   30.0000  -15.000012260.9844   20.6747
    7.5000   30.0000  -15.000011589.1328   20.6288
   -7.5000   37.5000  -15.000011059.8154   20.6909
    0.0000   37.5000  -15.000011533.4121   20.6633
    7.5000   37.5000  -15.000010922.9297   20.6105
   -7.5000   45.0000  -15.0000 9961.2432   20.2133
    0.0000   45.0000  -15.000010386.4541   20.1867
    7.5000   45.0000  -15.0000 9820.0605   20.1308
   -7.5000  -45.0000   -7.500011769.5000   21.2231
    0.0000  -45.0000   -7.500012302.4385   21.1925
    7.5000  -45.0000   -7.500011776.5908   21.1360
   -7.5000  -37.5000   -7.500012337.5127   21.2586
    0.0000  -37.5000   -7.500012883.9229   21.2301
    7.5000  -37.5000   -7.500012343.7090   21.1796
   -7.5000  -30.0000   -7.500013266.2529   21.2715
    0.0000  -30.0000   -7.500013830.3662   21.2428
    7.5000  -30.0000   -7.500013269.5293   21.2019
   -7.5000  -22.5000   -7.500014134.5020   21.2469
    0.0000  -22.5000   -7.500014748.8301   21.2148
    7.5000  -22.5000   -7.500014080.6973   21.1755
   -7.5000  -15.0000   -7.500014898.5410   21.2146
    0.0000  -15.0000   -7.500015557.3115   21.1814
    7.5000  -15.0000   -7.500014800.0615   21.1366
   -7.5000   -7.5000   -7.500015626.6836   21.2034
    0.0000   -7.5000   -7.500016316.4189   21.1719
    7.5000   -7.5000   -7.500015529.2178   21.1196
   -7.5000    0.0000   -7.500016220.8574   21.2231
    0.0000    0.0000   -7.500016921.2617   21.1925
    7.5000    0.0000   -7.500016075.4326   21.1360
   -7.5000    7.5000   -7.500015381.5000   21.2586
    0.0000    7.5000   -7.500016033.3408   21.2301
    7.5000    7.5000   -7.500015217.6689   21.1796
   -7.5000   15.0000   -7.500014458.9395   21.2715
    0.0000   15.0000   -7.500015085.2109   21.2428
    7.5000   15.0000   -7.500014310.2256   21.2019
   -7.5000   22.5000   -7.500013385.6426   21.2371
    0.0000   22.5000   -7.500013970.9346   21.2050
    7.5000   22.5000   -7.500013240.6074   21.1657
   -7.5000   30.0000   -7.500012291.6357   20.9395
    0.0000   30.0000   -7.500012837.2480   20.9067
    7.5000   30.0000   -7.500012165.0283   20.8625
   -7.5000   37.5000   -7.500011630.3516   20.9285
    0.0000   37.5000   -7.500012100.0615   20.8973
    7.5000   37.5000   -7.500011476.2705   20.8457
   -7.5000   45.0000   -7.500010461.7939   20.4551
    0.0000   45.0000   -7.500010895.6982   20.4256
    7.5000   45.0000   -7.500010313.9229   20.3712
   -7.5000  -45.0000    0.000012309.8447   21.2428
    0.0000  -45.0000    0.000012833.1865   21.2133
    7.5000  -45.0000    0.000012330.1123   21.1593
   -7.5000  -37.5000    0.000012869.0684   21.2858
    0.0000  -37.5000    0.000013411.0645   21.2560
    7.5000  -37.5000    0.000012904.3232   21.2064
   -7.5000  -30.0000    0.000013877.1270   21.2947
    0.0000  -30.0000    0.000014467.4766   21.2629
    7.5000  -30.0000    0.000013898.8877   21.2236
   -7.5000  -22.5000    0.000014838.8965   21.2583
    0.0000  -22.5000    0.000015439.4785   21.2235
    7.5000  -22.5000    0.000014817.7617   21.1883
   -7.5000  -15.0000    0.000015600.2559   21.2174
    0.0000  -15.0000    0.000016182.0078   21.1837
    7.5000  -15.0000    0.000015562.6611   21.1450
   -7.5000   -7.5000    0.000016373.5293   21.2109
    0.0000   -7.5000    0.000016977.4902   21.1804
    7.5000   -7.5000    0.000016287.8271   21.1331
   -7.5000    0.0000    0.000017007.9629   21.2428
    0.0000    0.0000    0.000017619.4316   21.2133
    7.5000    0.0000    0.000016868.6250   21.1593
   -7.5000    7.5000    0.000016087.3955   21.2858
    0.0000    7.5000    0.000016668.0879   21.2560
    7.5000    7.5000    0.000015971.7578   21.2064
   -7.5000   15.0000    0.000015073.4658   21.2947
    0.0000   15.0000    0.000015629.3398   21.2629
    7.5000   15.0000    0.000014974.8516   21.2236
   -7.5000   22.5000    0.000013927.3926   21.2485
    0.0000   22.5000    0.000014455.7070   21.2138
    7.5000   22.5000    0.000013814.5371   21.1785
   -7.5000   30.0000    0.000012833.9033   20.9428
    0.0000   30.0000    0.000013338.2715   20.9096
    7.5000   30.0000    0.000012683.5449   20.8713
   -7.5000   37.5000    0.000012134.0605   20.9364
    0.0000   37.5000    0.000012573.7451   20.9063
    7.5000   37.5000    0.000011988.2090   20.8596
   -7.5000   45.0000    0.000010912.7061   20.4756
    0.0000   45.0000    0.000011331.8223   20.4471
    7.5000   45.0000    0.000010753.5996   20.3952
   -7.5000  -45.0000    7.500011899.6758   21.2174
    0.0000  -45.0000    7.500012440.8096   21.1900
    7.5000  -45.0000    7.500011927.9189   21.1367
   -7.5000  -37.5000    7.500012371.3691   21.2653
    0.0000  -37.5000    7.500012899.8193   21.2336
    7.5000  -37.5000    7.500012442.9229   21.1811
   -7.5000  -30.0000    7.500013284.1533   21.2730
    0.0000  -30.0000    7.500013880.9131   21.2368
    7.5000  -30.0000    7.500013378.6377   21.1942
   -7.5000  -22.5000    7.500014247.2100   21.2309
    0.0000  -22.5000    7.500014824.5527   21.1948
    7.5000  -22.5000    7.500014309.5137   21.1602
   -7.5000  -15.0000    7.500015066.2266   21.1850
    0.0000  -15.0000    7.500015578.3154   21.1540
    7.5000  -15.0000    7.500015088.2637   21.1194
   -7.5000   -7.5000    7.500015852.4736   21.1791
    0.0000   -7.5000    7.500016338.9141   21.1523
    7.5000   -7.5000    7.500015810.3223   21.1090
   -7.5000    0.0000    7.500016489.7656   21.2174
    0.0000    0.0000    7.500016968.5566   21.1900
    7.5000    0.0000    7.500016345.2363   21.1367
   -7.5000    7.5000    7.500015588.1631   21.2653
    0.0000    7.5000    7.500016090.8193   21.2336
    7.5000    7.5000    7.500015473.5508   21.1811
   -7.5000   15.0000    7.500014541.9756   21.2730
    0.0000   15.0000    7.500015047.0244   21.2368
    7.5000   15.0000    7.500014453.2129   21.1942
   -7.5000   22.5000    7.500013421.4961   21.2211
    0.0000   22.5000    7.500013931.3848   21.1851
    7.5000   22.5000    7.500013334.4609   21.1505
   -7.5000   30.0000    7.500012369.2344   20.9108
    0.0000   30.0000    7.500012858.9766   20.8802
    7.5000   30.0000    7.500012256.0752   20.8461
   -7.5000   37.5000    7.500011681.8740   20.9050
    0.0000   37.5000    7.500012141.3281   20.8786
    7.5000   37.5000    7.500011581.3750   20.8358
   -7.5000   45.0000    7.500010472.6602   20.4511
    0.0000   45.0000    7.500010885.8828   20.4247
    7.5000   45.0000    7.500010362.8633   20.3733
   -7.5000  -45.0000   15.000011360.1562   21.2452
    0.0000  -45.0000   15.000011859.9121   21.2198
    7.5000  -45.0000   15.000011392.4102   21.1650
   -7.5000  -37.5000   15.000011833.1865   21.2893
    0.0000  -37.5000   15.000012338.1250   21.2573
    7.5000  -37.5000   15.000011891.6299   21.2020
   -7.5000  -30.0000   15.000012692.2090   21.2982
    0.0000  -30.0000   15.000013237.2949   21.2609
    7.5000  -30.0000   15.000012768.0459   21.2148
   -7.5000  -22.5000   15.000013574.7139   21.2626
    0.0000  -22.5000   15.000014144.9600   21.2277
    7.5000  -22.5000   15.000013603.0830   21.1901
   -7.5000  -15.0000   15.000014354.7256   21.2211
    0.0000  -15.0000   15.000014994.5205   21.1934
    7.5000  -15.0000   15.000014359.2129   21.1571
   -7.5000   -7.5000   15.000015104.8574   21.2126
    0.0000   -7.5000   15.000015787.5400   21.1891
    7.5000   -7.5000   15.000015086.2373   21.1447
   -7.5000    0.0000   15.000015736.5176   21.2452
    0.0000    0.0000   15.000016368.5381   21.2198
    7.5000    0.0000   15.000015660.3691   21.1650
   -7.5000    7.5000   15.000014873.4873   21.2893
    0.0000    7.5000   15.000015462.1260   21.2573
    7.5000    7.5000   15.000014815.3408   21.2020
   -7.5000   15.0000   15.000013865.3984   21.2982
    0.0000   15.0000   15.000014380.6260   21.2609
    7.5000   15.0000   15.000013813.9766   21.2148
   -7.5000   22.5000   15.000012832.0029   21.2528
    0.0000   22.5000   15.000013303.6660   21.2180
    7.5000   22.5000   15.000012768.7275   21.1804
   -7.5000   30.0000   15.000011777.8867   20.9464
    0.0000   30.0000   15.000012225.4834   20.9191
    7.5000   30.0000   15.000011701.2119   20.8833
   -7.5000   37.5000   15.000011095.7559   20.9381
    0.0000   37.5000   15.000011515.5811   20.9148
    7.5000   37.5000   15.000011023.4561   20.8710
   -7.5000   45.0000   15.0000 9915.2939   20.4779
    0.0000   45.0000   15.000010303.1797   20.4534
    7.5000   45.0000   15.0000 9845.6992   20.4006
   -7.5000  -45.0000   22.500010681.3398   21.3441
    0.0000  -45.0000   22.500011237.4551   21.3179
    7.5000  -45.0000   22.500010719.6689   21.2598
   -7.5000  -37.5000   22.500011169.2305   21.3799
    0.0000  -37.5000   22.500011738.3857   21.3497
    7.5000  -37.5000   22.500011200.8447   21.2939
   -7.5000  -30.0000   22.500012011.2773   21.3910
    0.0000  -30.0000   22.500012602.9619   21.3572
    7.5000  -30.0000   22.500012036.7627   21.3102
   -7.5000  -22.5000   22.500012825.3213   21.3660
    0.0000  -22.5000   22.500013401.2666   21.3332
    7.5000  -22.5000   22.500012820.5371   21.2917
   -7.5000  -15.0000   22.500013527.8857   21.3330
    0.0000  -15.0000   22.500014131.3203   21.3050
    7.5000  -15.0000   22.500013517.9014   21.2620
   -7.5000   -7.5000   22.500014178.9189   21.3221
    0.0000   -7.5000   22.500014829.8350   21.2972
    7.5000   -7.5000   22.500014197.4355   21.2465
   -7.5000    0.0000   22.500014778.5449   21.3441
    0.0000    0.0000   22.500015421.1562   21.3179
    7.5000    0.0000   22.500014796.4873   21.2598
   -7.5000    7.5000   22.500014018.5283   21.3799
    0.0000    7.5000   22.500014608.7236   21.3497
    7.5000    7.5000   22.500014023.8965   21.2939
   -7.5000   15.0000   22.500013103.3311   21.3910
    0.0000   15.0000   22.500013618.4131   21.3572
    7.5000   15.0000   22.500013084.0498   21.3102
   -7.5000   22.5000   22.500012135.9570   21.3561
    0.0000   22.5000   22.500012621.2090   21.3234
    7.5000   22.5000   22.500012084.1436   21.2819
   -7.5000   30.0000   22.500011127.1670   21.0569
    0.0000   30.0000   22.500011551.4678   21.0293
    7.5000   30.0000   22.500011053.7002   20.9869
   -7.5000   37.5000   22.500010441.0977   21.0461
    0.0000   37.5000   22.500010835.5508   21.0215
    7.5000   37.5000   22.500010363.2734   20.9716
   -7.5000   45.0000   22.5000 9291.2334   20.5732
    0.0000   45.0000   22.5000 9645.1279   20.5480
    7.5000   45.0000   22.5000 9220.2676   20.4920
   -7.5000  -45.0000   30.0000 9941.1084   21.5032
    0.0000  -45.0000   30.000010456.8311   21.4726
    7.5000  -45.0000   30.0000 9962.8174   21.4120
   -7.5000  -37.5000   30.000010416.9092   21.5373
    0.0000  -37.5000   30.000010943.8174   21.5069
    7.5000  -37.5000   30.000010421.3369   21.4515
   -7.5000  -30.0000   30.000011200.6250   21.5514
    0.0000  -30.0000   30.000011770.5752   21.5198
    7.5000  -30.0000   30.000011205.5713   21.4737
   -7.5000  -22.5000   30.000011954.6787   21.5302
    0.0000  -22.5000   30.000012528.7246   21.4967
    7.5000  -22.5000   30.000011945.6230   21.4529
   -7.5000  -15.0000   30.000012618.3809   21.4996
    0.0000  -15.0000   30.000013206.5625   21.4669
    7.5000  -15.0000   30.000012613.5381   21.4185
   -7.5000   -7.5000   30.000013201.2217   21.4866
    0.0000   -7.5000   30.000013818.3242   21.4556
    7.5000   -7.5000   30.000013230.6611   21.3998
   -7.5000    0.0000   30.000013716.5186   21.5032
    0.0000    0.0000   30.000014344.0215   21.4726
    7.5000    0.0000   30.000013786.2354   21.4120
   -7.5000    7.5000   30.000013029.0244   21.5373
    0.0000    7.5000   30.000013610.2314   21.5069
    7.5000    7.5000   30.000013084.3066   21.4515
   -7.5000   15.0000   30.000012189.9062   21.5514
    0.0000   15.0000   30.000012716.3799   21.5198
    7.5000   15.0000   30.000012193.9033   21.4737
   -7.5000   22.5000   30.000011314.1416   21.5203
    0.0000   22.5000   30.000011779.1826   21.4868
    7.5000   22.5000   30.000011286.8223   21.4431
   -7.5000   30.0000   30.000010377.1133   21.2213
    0.0000   30.0000   30.000010783.6055   21.1891
    7.5000   30.0000   30.000010319.2148   21.1413
   -7.5000   37.5000   30.0000 9733.8896   21.2085
    0.0000   37.5000   30.000010106.4629   21.1779
    7.5000   37.5000   30.0000 9661.8330   21.1228
   -7.5000   45.0000   30.0000 8642.1592   20.7266
    0.0000   45.0000   30.0000 8975.9414   20.6971
    7.5000   45.0000   30.0000 8586.9111   20.6387
   -7.5000  -45.0000   37.5000 9517.5938   21.7778
    0.0000  -45.0000   37.500010009.2510   21.7430
    7.5000  -45.0000   37.5000 9529.5684   21.6825
   -7.5000  -37.5000   37.5000 9996.9551   21.8158
    0.0000  -37.5000   37.500010508.0527   21.7834
    7.5000  -37.5000   37.5000 9990.2754   21.7298
   -7.5000  -30.0000   37.500010750.0342   21.8278
    0.0000  -30.0000   37.500011310.0010   21.7952
    7.5000  -30.0000   37.500010755.2139   21.7518
   -7.5000  -22.5000   37.500011465.4590   21.7989
    0.0000  -22.5000   37.500012032.1143   21.7625
    7.5000  -22.5000   37.500011472.2734   21.7204
   -7.5000  -15.0000   37.500012087.5361   21.7637
    0.0000  -15.0000   37.500012676.2588   21.7261
    7.5000  -15.0000   37.500012116.2588   21.6777
   -7.5000   -7.5000   37.500012645.2393   21.7543
    0.0000   -7.5000   37.500013253.5361   21.7183
    7.5000   -7.5000   37.500012688.3350   21.6618
   -7.5000    0.0000   37.500013151.3428   21.7778
    0.0000    0.0000   37.500013743.3115   21.7430
    7.5000    0.0000   37.500013209.3438   21.6825
   -7.5000    7.5000   37.500012515.9092   21.8158
    0.0000    7.5000   37.500013080.0645   21.7834
    7.5000    7.5000   37.500012578.4258   21.7298
   -7.5000   15.0000   37.500011725.4795   21.8278
    0.0000   15.0000   37.500012234.6123   21.7952
    7.5000   15.0000   37.500011737.5195   21.7518
   -7.5000   22.5000   37.500010866.2910   21.7889
    0.0000   22.5000   37.500011333.7871   21.7525
    7.5000   22.5000   37.500010868.8857   21.7104
   -7.5000   30.0000   37.5000 9972.6113   21.4821
    0.0000   30.0000   37.500010372.8760   21.4449
    7.5000   30.0000   37.5000 9929.1650   21.3971
   -7.5000   37.5000   37.5000 9370.6523   21.4728
    0.0000   37.5000   37.5000 9741.6006   21.4372
    7.5000   37.5000   37.5000 9314.3320   21.3814
   -7.5000   45.0000   37.5000 8328.3281   20.9912
    0.0000   45.0000   37.5000 8640.2578   20.9577
    7.5000   45.0000   37.5000 8285.2393   20.8994
   -7.5000  -45.0000   45.0000 8715.1230   22.1258
    0.0000  -45.0000   45.0000 9124.4160   22.0880
    7.5000  -45.0000   45.0000 8705.8760   22.0261
   -7.5000  -37.5000   45.0000 9161.2432   22.1760
    0.0000  -37.5000   45.0000 9597.9316   22.1386
    7.5000  -37.5000   45.0000 9145.4775   22.0822
   -7.5000  -30.0000   45.0000 9866.5488   22.1833
    0.0000  -30.0000   45.000010338.6270   22.1438
    7.5000  -30.0000   45.0000 9851.9316   22.0993
   -7.5000  -22.5000   45.000010515.4844   22.1373
    0.0000  -22.5000   45.000011009.5283   22.0942
    7.5000  -22.5000   45.000010517.9160   22.0540
   -7.5000  -15.0000   45.000011069.9600   22.0891
    0.0000  -15.0000   45.000011593.1143   22.0466
    7.5000  -15.0000   45.000011099.6494   22.0018
   -7.5000   -7.5000   45.000011579.8799   22.0850
    0.0000   -7.5000   45.000012125.5771   22.0458
    7.5000   -7.5000   45.000011604.2051   21.9911
   -7.5000    0.0000   45.000012046.7314   22.1258
    0.0000    0.0000   45.000012597.4736   22.0880
    7.5000    0.0000   45.000012077.9814   22.0261
   -7.5000    7.5000   45.000011503.7881   22.1760
    0.0000    7.5000   45.000012023.1143   22.1386
    7.5000    7.5000   45.000011535.0645   22.0822
   -7.5000   15.0000   45.000010798.9229   22.1833
    0.0000   15.0000   45.000011256.9482   22.1438
    7.5000   15.0000   45.000010801.6465   22.0993
   -7.5000   22.5000   45.000010014.4990   22.1271
    0.0000   22.5000   45.000010427.7334   22.0839
    7.5000   22.5000   45.0000 9999.6133   22.0437
   -7.5000   30.0000   45.0000 9175.6816   21.8014
    0.0000   30.0000   45.0000 9542.9580   21.7593
    7.5000   30.0000   45.0000 9141.2080   21.7151
   -7.5000   37.5000   45.0000 8620.0586   21.7973
    0.0000   37.5000   45.0000 8956.6582   21.7586
    7.5000   37.5000   45.0000 8567.0537   21.7046
   -7.5000   45.0000   45.0000 7681.0205   21.3364
    0.0000   45.0000   45.0000 7979.3555   21.3000
    7.5000   45.0000   45.0000 7641.0264   21.2403

---------------------------------------------------------------------
imgreg_4dfp /opt/freesurfer/average/711-2C_as_mni_average_305 /opt/freesurfer/average/711-2B_as_mni_average_305_mask talsrcimg_g11 none talsrcimg_to_711-2C_as_mni_average_305_t4 4355
---------------------------------------------------------------------

freesurfer imgreg_4dfp.c
/opt/freesurfer/average/711-2C_as_mni_average_305.4dfp.img
       256       256       256         1
  1.000000  1.000000  1.000000
orientation T byte_order littleendian
Reading image: /opt/freesurfer/average/711-2C_as_mni_average_305.4dfp.img
dimensions:      256       256       256
mmppix:       1.0000   -1.0000   -1.0000
center:     128.0000 -129.0000 -129.0000
/opt/freesurfer/average/711-2B_as_mni_average_305_mask.4dfp.img
       256       256       256         1
  1.000000  1.000000  1.000000
orientation T byte_order littleendian
Reading mask: /opt/freesurfer/average/711-2B_as_mni_average_305_mask.4dfp.img (2306576 pixels)
talsrcimg_g11.4dfp.img
       256       256       256         1
  1.000000  1.000000  1.000000
orientation T byte_order littleendian
Reading image: talsrcimg_g11.4dfp.img
dimensions:      256       256       256
mmppix:       1.0000   -1.0000   -1.0000
center:     128.0000 -129.0000 -129.0000
rotation matrix determinant  1.000000
image alignment mode   4355 decimal     1103 hex
   -7.5000  -45.0000  -45.0000 2129.5676   19.3553
    0.0000  -45.0000  -45.0000 2143.9448   19.3377
    7.5000  -45.0000  -45.0000 2130.5859   19.3800
   -7.5000  -37.5000  -45.0000 2213.3699   18.0113
    0.0000  -37.5000  -45.0000 2223.4722   17.9820
    7.5000  -37.5000  -45.0000 2209.2317   18.0209
   -7.5000  -30.0000  -45.0000 2261.3142   16.9950
    0.0000  -30.0000  -45.0000 2270.1648   16.9604
    7.5000  -30.0000  -45.0000 2257.1882   16.9959
   -7.5000  -22.5000  -45.0000 2289.9519   16.3132
    0.0000  -22.5000  -45.0000 2306.2976   16.2081
    7.5000  -22.5000  -45.0000 2290.4111   16.2582
   -7.5000  -15.0000  -45.0000 2299.1863   15.9888
    0.0000  -15.0000  -45.0000 2317.6880   15.8505
    7.5000  -15.0000  -45.0000 2296.0603   15.9172
   -7.5000   -7.5000  -45.0000 2289.9058   15.9600
    0.0000   -7.5000  -45.0000 2308.5801   15.8175
    7.5000   -7.5000  -45.0000 2289.0427   15.8956
   -7.5000    0.0000  -45.0000 2257.6206   16.3410
    0.0000    0.0000  -45.0000 2280.4910   16.1646
    7.5000    0.0000  -45.0000 2263.4062   16.2325
   -7.5000    7.5000  -45.0000 2210.5134   17.0531
    0.0000    7.5000  -45.0000 2230.6736   16.8432
    7.5000    7.5000  -45.0000 2216.7407   16.9186
   -7.5000   15.0000  -45.0000 2139.5654   18.1793
    0.0000   15.0000  -45.0000 2159.7856   17.9383
    7.5000   15.0000  -45.0000 2144.4819   18.0265
   -7.5000   22.5000  -45.0000 2046.1356   19.7042
    0.0000   22.5000  -45.0000 2067.3779   19.4068
    7.5000   22.5000  -45.0000 2052.0220   19.5465
   -7.5000   30.0000  -45.0000 1937.9269   21.8865
    0.0000   30.0000  -45.0000 1953.4933   21.4898
    7.5000   30.0000  -45.0000 1940.6582   21.6617
   -7.5000   37.5000  -45.0000 1820.7072   24.9214
    0.0000   37.5000  -45.0000 1836.4507   24.5576
    7.5000   37.5000  -45.0000 1820.2712   24.7330
   -7.5000   45.0000  -45.0000 1694.5349   29.0995
    0.0000   45.0000  -45.0000 1701.9200   28.6584
    7.5000   45.0000  -45.0000 1695.8082   28.8557
   -7.5000  -45.0000  -37.5000 2209.5459   17.8763
    0.0000  -45.0000  -37.5000 2223.7324   17.8796
    7.5000  -45.0000  -37.5000 2212.8123   17.9477
   -7.5000  -37.5000  -37.5000 2296.6821   16.6061
    0.0000  -37.5000  -37.5000 2309.9058   16.6017
    7.5000  -37.5000  -37.5000 2295.1038   16.6148
   -7.5000  -30.0000  -37.5000 2346.2124   15.6822
    0.0000  -30.0000  -37.5000 2360.3411   15.6590
    7.5000  -30.0000  -37.5000 2347.9517   15.6552
   -7.5000  -22.5000  -37.5000 2381.0903   15.0385
    0.0000  -22.5000  -37.5000 2396.7556   14.9932
    7.5000  -22.5000  -37.5000 2384.4048   15.0098
   -7.5000  -15.0000  -37.5000 2395.5354   14.7628
    0.0000  -15.0000  -37.5000 2416.2271   14.6753
    7.5000  -15.0000  -37.5000 2400.7393   14.6953
   -7.5000   -7.5000  -37.5000 2391.9001   14.7880
    0.0000   -7.5000  -37.5000 2408.7424   14.6940
    7.5000   -7.5000  -37.5000 2391.5740   14.7100
   -7.5000    0.0000  -37.5000 2357.6631   15.1403
    0.0000    0.0000  -37.5000 2383.5862   15.0278
    7.5000    0.0000  -37.5000 2364.0676   15.0414
   -7.5000    7.5000  -37.5000 2303.7122   15.7816
    0.0000    7.5000  -37.5000 2332.9736   15.6257
    7.5000    7.5000  -37.5000 2314.9038   15.6624
   -7.5000   15.0000  -37.5000 2228.5664   16.7689
    0.0000   15.0000  -37.5000 2252.3301   16.5854
    7.5000   15.0000  -37.5000 2236.6221   16.6414
   -7.5000   22.5000  -37.5000 2132.5325   18.1600
    0.0000   22.5000  -37.5000 2153.6616   17.9226
    7.5000   22.5000  -37.5000 2139.6824   17.9923
   -7.5000   30.0000  -37.5000 2019.2277   20.0926
    0.0000   30.0000  -37.5000 2033.5564   19.8093
    7.5000   30.0000  -37.5000 2017.3123   19.8872
   -7.5000   37.5000  -37.5000 1893.7928   22.8381
    0.0000   37.5000  -37.5000 1916.3268   22.5134
    7.5000   37.5000  -37.5000 1898.1573   22.5778
   -7.5000   45.0000  -37.5000 1759.2108   26.5313
    0.0000   45.0000  -37.5000 1771.7556   26.1781
    7.5000   45.0000  -37.5000 1759.7032   26.2768
   -7.5000  -45.0000  -30.0000 2319.0212   17.2059
    0.0000  -45.0000  -30.0000 2334.6086   17.1690
    7.5000  -45.0000  -30.0000 2322.7571   17.2422
   -7.5000  -37.5000  -30.0000 2414.5325   15.9445
    0.0000  -37.5000  -30.0000 2429.8611   15.8878
    7.5000  -37.5000  -30.0000 2412.5967   15.9152
   -7.5000  -30.0000  -30.0000 2478.5879   15.0181
    0.0000  -30.0000  -30.0000 2490.7476   14.9738
    7.5000  -30.0000  -30.0000 2476.9290   14.9856
   -7.5000  -22.5000  -30.0000 2520.3215   14.4188
    0.0000  -22.5000  -30.0000 2535.9795   14.3862
    7.5000  -22.5000  -30.0000 2522.3401   14.3649
   -7.5000  -15.0000  -30.0000 2546.5449   14.1549
    0.0000  -15.0000  -30.0000 2565.7119   14.0831
    7.5000  -15.0000  -30.0000 2545.8188   14.0902
   -7.5000   -7.5000  -30.0000 2546.9158   14.2172
    0.0000   -7.5000  -30.0000 2566.8735   14.1345
    7.5000   -7.5000  -30.0000 2543.0564   14.1372
   -7.5000    0.0000  -30.0000 2506.1985   14.5727
    0.0000    0.0000  -30.0000 2533.9246   14.4828
    7.5000    0.0000  -30.0000 2511.2603   14.4733
   -7.5000    7.5000  -30.0000 2446.0808   15.1908
    0.0000    7.5000  -30.0000 2479.0754   15.0745
    7.5000    7.5000  -30.0000 2456.6685   15.0902
   -7.5000   15.0000  -30.0000 2362.4534   16.1008
    0.0000   15.0000  -30.0000 2389.4563   15.9576
    7.5000   15.0000  -30.0000 2369.1274   15.9919
   -7.5000   22.5000  -30.0000 2257.8203   17.4110
    0.0000   22.5000  -30.0000 2280.7861   17.2234
    7.5000   22.5000  -30.0000 2263.4229   17.2470
   -7.5000   30.0000  -30.0000 2131.8142   19.2562
    0.0000   30.0000  -30.0000 2145.9536   19.0149
    7.5000   30.0000  -30.0000 2132.1423   19.0827
   -7.5000   37.5000  -30.0000 1996.5419   21.8062
    0.0000   37.5000  -30.0000 2017.1010   21.5439
    7.5000   37.5000  -30.0000 2003.1089   21.6142
   -7.5000   45.0000  -30.0000 1850.7990   25.2947
    0.0000   45.0000  -30.0000 1868.7522   24.9503
    7.5000   45.0000  -30.0000 1854.6908   25.0497
   -7.5000  -45.0000  -22.5000 2397.9136   16.5231
    0.0000  -45.0000  -22.5000 2410.5295   16.3558
    7.5000  -45.0000  -22.5000 2400.3616   16.4601
   -7.5000  -37.5000  -22.5000 2497.3372   15.2453
    0.0000  -37.5000  -22.5000 2517.3044   15.1095
    7.5000  -37.5000  -22.5000 2502.0090   15.1748
   -7.5000  -30.0000  -22.5000 2578.0264   14.3400
    0.0000  -30.0000  -22.5000 2593.6931   14.2426
    7.5000  -30.0000  -22.5000 2580.3237   14.2843
   -7.5000  -22.5000  -22.5000 2630.9072   13.7675
    0.0000  -22.5000  -22.5000 2652.1292   13.6845
    7.5000  -22.5000  -22.5000 2634.1707   13.7114
   -7.5000  -15.0000  -22.5000 2665.6812   13.5119
    0.0000  -15.0000  -22.5000 2687.2581   13.4403
    7.5000  -15.0000  -22.5000 2663.5486   13.4429
   -7.5000   -7.5000  -22.5000 2668.3516   13.6060
    0.0000   -7.5000  -22.5000 2696.0442   13.5228
    7.5000   -7.5000  -22.5000 2667.0088   13.5109
   -7.5000    0.0000  -22.5000 2629.9429   13.9507
    0.0000    0.0000  -22.5000 2662.0574   13.8622
    7.5000    0.0000  -22.5000 2634.1045   13.8533
   -7.5000    7.5000  -22.5000 2566.8630   14.5153
    0.0000    7.5000  -22.5000 2596.0764   14.4521
    7.5000    7.5000  -22.5000 2569.4348   14.4508
   -7.5000   15.0000  -22.5000 2471.2168   15.4080
    0.0000   15.0000  -22.5000 2496.9143   15.2946
    7.5000   15.0000  -22.5000 2472.0667   15.3368
   -7.5000   22.5000  -22.5000 2355.0632   16.6564
    0.0000   22.5000  -22.5000 2375.6992   16.5130
    7.5000   22.5000  -22.5000 2356.3406   16.5320
   -7.5000   30.0000  -22.5000 2219.7070   18.4536
    0.0000   30.0000  -22.5000 2235.0850   18.2405
    7.5000   30.0000  -22.5000 2222.2856   18.2830
   -7.5000   37.5000  -22.5000 2080.7356   20.8522
    0.0000   37.5000  -22.5000 2095.2983   20.6388
    7.5000   37.5000  -22.5000 2078.3101   20.6872
   -7.5000   45.0000  -22.5000 1922.6483   24.1466
    0.0000   45.0000  -22.5000 1933.1941   23.8788
    7.5000   45.0000  -22.5000 1916.4696   23.9037
   -7.5000  -45.0000  -15.0000 2440.7009   15.8413
    0.0000  -45.0000  -15.0000 2458.9297   15.6740
    7.5000  -45.0000  -15.0000 2445.3291   15.8024
   -7.5000  -37.5000  -15.0000 2553.9160   14.6093
    0.0000  -37.5000  -15.0000 2573.3235   14.4278
    7.5000  -37.5000  -15.0000 2559.3110   14.5405
   -7.5000  -30.0000  -15.0000 2649.8147   13.7276
    0.0000  -30.0000  -15.0000 2667.7839   13.5862
    7.5000  -30.0000  -15.0000 2651.9709   13.6736
   -7.5000  -22.5000  -15.0000 2723.6394   13.1558
    0.0000  -22.5000  -15.0000 2745.2385   13.0353
    7.5000  -22.5000  -15.0000 2720.9258   13.1016
   -7.5000  -15.0000  -15.0000 2765.1001   12.9233
    0.0000  -15.0000  -15.0000 2791.5386   12.8331
    7.5000  -15.0000  -15.0000 2758.8960   12.8576
   -7.5000   -7.5000  -15.0000 2770.0271   13.0282
    0.0000   -7.5000  -15.0000 2800.2512   12.9462
    7.5000   -7.5000  -15.0000 2766.9165   12.9436
   -7.5000    0.0000  -15.0000 2726.4551   13.3558
    0.0000    0.0000  -15.0000 2757.0708   13.2677
    7.5000    0.0000  -15.0000 2726.0293   13.2758
   -7.5000    7.5000  -15.0000 2652.2949   13.8983
    0.0000    7.5000  -15.0000 2681.1162   13.7957
    7.5000    7.5000  -15.0000 2652.4448   13.8437
   -7.5000   15.0000  -15.0000 2547.9043   14.7435
    0.0000   15.0000  -15.0000 2575.1506   14.6367
    7.5000   15.0000  -15.0000 2550.5217   14.7180
   -7.5000   22.5000  -15.0000 2419.8284   15.9990
    0.0000   22.5000  -15.0000 2442.0969   15.8485
    7.5000   22.5000  -15.0000 2425.0198   15.9039
   -7.5000   30.0000  -15.0000 2276.1426   17.7562
    0.0000   30.0000  -15.0000 2297.1313   17.5734
    7.5000   30.0000  -15.0000 2277.5051   17.5924
   -7.5000   37.5000  -15.0000 2130.3159   20.0807
    0.0000   37.5000  -15.0000 2141.5496   19.8478
    7.5000   37.5000  -15.0000 2126.0276   19.8663
   -7.5000   45.0000  -15.0000 1964.3059   23.2001
    0.0000   45.0000  -15.0000 1978.5151   22.9187
    7.5000   45.0000  -15.0000 1960.8193   22.9653
   -7.5000  -45.0000   -7.5000 2467.1729   15.2909
    0.0000  -45.0000   -7.5000 2485.3179   15.0751
    7.5000  -45.0000   -7.5000 2468.2712   15.2879
   -7.5000  -37.5000   -7.5000 2594.9233   14.0456
    0.0000  -37.5000   -7.5000 2613.1250   13.8356
    7.5000  -37.5000   -7.5000 2596.5339   14.0371
   -7.5000  -30.0000   -7.5000 2704.4087   13.1789
    0.0000  -30.0000   -7.5000 2725.1785   12.9799
    7.5000  -30.0000   -7.5000 2706.4346   13.1707
   -7.5000  -22.5000   -7.5000 2796.5461   12.6376
    0.0000  -22.5000   -7.5000 2826.8455   12.4602
    7.5000  -22.5000   -7.5000 2792.8896   12.6050
   -7.5000  -15.0000   -7.5000 2850.2505   12.4093
    0.0000  -15.0000   -7.5000 2889.8335   12.2350
    7.5000  -15.0000   -7.5000 2841.6675   12.3561
   -7.5000   -7.5000   -7.5000 2856.9060   12.5302
    0.0000   -7.5000   -7.5000 2892.6011   12.3869
    7.5000   -7.5000   -7.5000 2851.5510   12.4614
   -7.5000    0.0000   -7.5000 2806.0879   12.8493
    0.0000    0.0000   -7.5000 2834.9255   12.7305
    7.5000    0.0000   -7.5000 2798.6667   12.7959
   -7.5000    7.5000   -7.5000 2713.8059   13.3554
    0.0000    7.5000   -7.5000 2744.9114   13.2189
    7.5000    7.5000   -7.5000 2713.2009   13.3009
   -7.5000   15.0000   -7.5000 2596.0251   14.1799
    0.0000   15.0000   -7.5000 2625.7778   14.0371
    7.5000   15.0000   -7.5000 2601.0752   14.1352
   -7.5000   22.5000   -7.5000 2460.7595   15.4346
    0.0000   22.5000   -7.5000 2484.1248   15.2633
    7.5000   22.5000   -7.5000 2466.9448   15.3442
   -7.5000   30.0000   -7.5000 2311.5598   17.1253
    0.0000   30.0000   -7.5000 2335.0059   16.9394
    7.5000   30.0000   -7.5000 2316.7056   16.9976
   -7.5000   37.5000   -7.5000 2158.4248   19.3493
    0.0000   37.5000   -7.5000 2174.9670   19.1210
    7.5000   37.5000   -7.5000 2159.1658   19.1996
   -7.5000   45.0000   -7.5000 1987.4740   22.3054
    0.0000   45.0000   -7.5000 2010.1731   22.0330
    7.5000   45.0000   -7.5000 1993.4772   22.1367
   -7.5000  -45.0000    0.0000 2476.2432   14.9518
    0.0000  -45.0000    0.0000 2493.0093   14.6621
    7.5000  -45.0000    0.0000 2472.4241   14.9755
   -7.5000  -37.5000    0.0000 2609.9680   13.7008
    0.0000  -37.5000    0.0000 2630.2258   13.4424
    7.5000  -37.5000    0.0000 2609.1162   13.7269
   -7.5000  -30.0000    0.0000 2730.5447   12.8439
    0.0000  -30.0000    0.0000 2754.9512   12.5932
    7.5000  -30.0000    0.0000 2730.3230   12.8508
   -7.5000  -22.5000    0.0000 2836.9631   12.3257
    0.0000  -22.5000    0.0000 2878.2051   12.0860
    7.5000  -22.5000    0.0000 2838.8445   12.2999
   -7.5000  -15.0000    0.0000 2906.0066   12.0609
    0.0000  -15.0000    0.0000 2964.7307   11.7981
    7.5000  -15.0000    0.0000 2904.9749   12.0429
   -7.5000   -7.5000    0.0000 2922.4771   12.1706
    0.0000   -7.5000    0.0000 2970.5681   11.9360
    7.5000   -7.5000    0.0000 2913.7686   12.1466
   -7.5000    0.0000    0.0000 2857.7615   12.5486
    0.0000    0.0000    0.0000 2891.5779   12.3432
    7.5000    0.0000    0.0000 2848.8730   12.5056
   -7.5000    7.5000    0.0000 2749.5859   13.0719
    0.0000    7.5000    0.0000 2782.1799   12.8713
    7.5000    7.5000    0.0000 2753.6167   13.0217
   -7.5000   15.0000    0.0000 2621.8799   13.8606
    0.0000   15.0000    0.0000 2651.0642   13.6604
    7.5000   15.0000    0.0000 2628.7415   13.7882
   -7.5000   22.5000    0.0000 2475.8809   15.0712
    0.0000   22.5000    0.0000 2502.1299   14.8489
    7.5000   22.5000    0.0000 2482.0610   14.9422
   -7.5000   30.0000    0.0000 2323.2693   16.7166
    0.0000   30.0000    0.0000 2350.8787   16.4966
    7.5000   30.0000    0.0000 2327.8972   16.5753
   -7.5000   37.5000    0.0000 2164.1240   18.9062
    0.0000   37.5000    0.0000 2183.1038   18.6384
    7.5000   37.5000    0.0000 2171.2761   18.7526
   -7.5000   45.0000    0.0000 1997.5732   21.7523
    0.0000   45.0000    0.0000 2019.0952   21.4427
    7.5000   45.0000    0.0000 2004.0045   21.5906
   -7.5000  -45.0000    7.5000 2478.5664   14.8709
    0.0000  -45.0000    7.5000 2499.5342   14.6013
    7.5000  -45.0000    7.5000 2473.9407   14.9058
   -7.5000  -37.5000    7.5000 2611.4404   13.5978
    0.0000  -37.5000    7.5000 2636.1343   13.3364
    7.5000  -37.5000    7.5000 2610.8611   13.6413
   -7.5000  -30.0000    7.5000 2734.7456   12.7128
    0.0000  -30.0000    7.5000 2764.5847   12.4352
    7.5000  -30.0000    7.5000 2732.7075   12.7424
   -7.5000  -22.5000    7.5000 2846.8240   12.2107
    0.0000  -22.5000    7.5000 2895.3352   11.9442
    7.5000  -22.5000    7.5000 2848.6145   12.2076
   -7.5000  -15.0000    7.5000 2919.1516   12.0001
    0.0000  -15.0000    7.5000 2983.0789   11.6740
    7.5000  -15.0000    7.5000 2921.8252   11.9754
   -7.5000   -7.5000    7.5000 2934.2461   12.0966
    0.0000   -7.5000    7.5000 2985.7246   11.7882
    7.5000   -7.5000    7.5000 2929.4075   12.0632
   -7.5000    0.0000    7.5000 2872.6055   12.4395
    0.0000    0.0000    7.5000 2905.1455   12.1961
    7.5000    0.0000    7.5000 2863.1953   12.3776
   -7.5000    7.5000    7.5000 2756.3667   13.0114
    0.0000    7.5000    7.5000 2793.2163   12.7755
    7.5000    7.5000    7.5000 2763.5789   12.9163
   -7.5000   15.0000    7.5000 2619.8289   13.7901
    0.0000   15.0000    7.5000 2652.0908   13.5595
    7.5000   15.0000    7.5000 2630.7937   13.6745
   -7.5000   22.5000    7.5000 2474.0776   14.9646
    0.0000   22.5000    7.5000 2501.0881   14.7242
    7.5000   22.5000    7.5000 2478.9946   14.7966
   -7.5000   30.0000    7.5000 2319.6135   16.5259
    0.0000   30.0000    7.5000 2341.9277   16.3241
    7.5000   30.0000    7.5000 2324.5151   16.3655
   -7.5000   37.5000    7.5000 2161.0547   18.6345
    0.0000   37.5000    7.5000 2178.6921   18.4536
    7.5000   37.5000    7.5000 2166.6172   18.5090
   -7.5000   45.0000    7.5000 1991.8031   21.4711
    0.0000   45.0000    7.5000 2012.8125   21.2399
    7.5000   45.0000    7.5000 1999.3713   21.2731
   -7.5000  -45.0000   15.0000 2472.4727   15.0682
    0.0000  -45.0000   15.0000 2491.3076   14.8043
    7.5000  -45.0000   15.0000 2466.0088   15.1148
   -7.5000  -37.5000   15.0000 2600.4500   13.8163
    0.0000  -37.5000   15.0000 2624.9656   13.5527
    7.5000  -37.5000   15.0000 2597.6960   13.8325
   -7.5000  -30.0000   15.0000 2717.2529   12.9515
    0.0000  -30.0000   15.0000 2746.2515   12.6844
    7.5000  -30.0000   15.0000 2716.2263   12.9529
   -7.5000  -22.5000   15.0000 2826.6064   12.4011
    0.0000  -22.5000   15.0000 2869.1770   12.1689
    7.5000  -22.5000   15.0000 2823.9897   12.4003
   -7.5000  -15.0000   15.0000 2888.6863   12.1641
    0.0000  -15.0000   15.0000 2939.4216   11.9384
    7.5000  -15.0000   15.0000 2888.2634   12.1381
   -7.5000   -7.5000   15.0000 2891.3340   12.2638
    0.0000   -7.5000   15.0000 2934.9658   12.0961
    7.5000   -7.5000   15.0000 2892.4255   12.2174
   -7.5000    0.0000   15.0000 2837.5935   12.6106
    0.0000    0.0000   15.0000 2864.4814   12.4688
    7.5000    0.0000   15.0000 2832.3506   12.5662
   -7.5000    7.5000   15.0000 2731.5107   13.1878
    0.0000    7.5000   15.0000 2760.3313   13.0091
    7.5000    7.5000   15.0000 2734.0498   13.0899
   -7.5000   15.0000   15.0000 2595.1772   13.9414
    0.0000   15.0000   15.0000 2623.1013   13.7280
    7.5000   15.0000   15.0000 2604.8284   13.8351
   -7.5000   22.5000   15.0000 2456.8037   15.0621
    0.0000   22.5000   15.0000 2480.5212   14.8198
    7.5000   22.5000   15.0000 2461.8379   14.9077
   -7.5000   30.0000   15.0000 2301.4365   16.5771
    0.0000   30.0000   15.0000 2323.3594   16.3206
    7.5000   30.0000   15.0000 2303.4790   16.3870
   -7.5000   37.5000   15.0000 2141.0449   18.6465
    0.0000   37.5000   15.0000 2160.5808   18.3912
    7.5000   37.5000   15.0000 2146.4351   18.4568
   -7.5000   45.0000   15.0000 1970.9653   21.4518
    0.0000   45.0000   15.0000 1992.1046   21.1646
    7.5000   45.0000   15.0000 1978.9576   21.2548
   -7.5000  -45.0000   22.5000 2448.7859   15.5491
    0.0000  -45.0000   22.5000 2467.5579   15.3535
    7.5000  -45.0000   22.5000 2442.4946   15.5740
   -7.5000  -37.5000   22.5000 2574.4822   14.2856
    0.0000  -37.5000   22.5000 2596.6787   14.1093
    7.5000  -37.5000   22.5000 2565.6528   14.3052
   -7.5000  -30.0000   22.5000 2683.3826   13.4331
    0.0000  -30.0000   22.5000 2707.4995   13.2493
    7.5000  -30.0000   22.5000 2678.1594   13.4239
   -7.5000  -22.5000   22.5000 2781.1267   12.8701
    0.0000  -22.5000   22.5000 2814.5105   12.6471
    7.5000  -22.5000   22.5000 2777.3792   12.8413
   -7.5000  -15.0000   22.5000 2832.9321   12.5993
    0.0000  -15.0000   22.5000 2866.3303   12.4041
    7.5000  -15.0000   22.5000 2830.6526   12.5441
   -7.5000   -7.5000   22.5000 2825.5964   12.6718
    0.0000   -7.5000   22.5000 2861.2310   12.4942
    7.5000   -7.5000   22.5000 2828.8472   12.6161
   -7.5000    0.0000   22.5000 2770.0229   13.0264
    0.0000    0.0000   22.5000 2798.1755   12.8612
    7.5000    0.0000   22.5000 2773.4287   12.9653
   -7.5000    7.5000   22.5000 2675.8618   13.5920
    0.0000    7.5000   22.5000 2700.6506   13.4303
    7.5000    7.5000   22.5000 2678.3208   13.5131
   -7.5000   15.0000   22.5000 2550.5696   14.3445
    0.0000   15.0000   22.5000 2574.4893   14.1715
    7.5000   15.0000   22.5000 2560.3823   14.2675
   -7.5000   22.5000   22.5000 2422.6233   15.4348
    0.0000   22.5000   22.5000 2447.3628   15.2325
    7.5000   22.5000   22.5000 2429.5471   15.2961
   -7.5000   30.0000   22.5000 2272.0786   16.9121
    0.0000   30.0000   22.5000 2292.0952   16.6672
    7.5000   30.0000   22.5000 2279.1877   16.7176
   -7.5000   37.5000   22.5000 2111.6086   18.9355
    0.0000   37.5000   22.5000 2127.2537   18.6838
    7.5000   37.5000   22.5000 2119.5544   18.7399
   -7.5000   45.0000   22.5000 1940.8964   21.6806
    0.0000   45.0000   22.5000 1960.0283   21.3858
    7.5000   45.0000   22.5000 1951.4816   21.4859
   -7.5000  -45.0000   30.0000 2409.9287   16.3330
    0.0000  -45.0000   30.0000 2430.7461   16.1471
    7.5000  -45.0000   30.0000 2403.8579   16.2873
   -7.5000  -37.5000   30.0000 2529.9133   15.0532
    0.0000  -37.5000   30.0000 2556.5942   14.8708
    7.5000  -37.5000   30.0000 2522.8528   14.9956
   -7.5000  -30.0000   30.0000 2628.8330   14.1447
    0.0000  -30.0000   30.0000 2661.1167   13.9618
    7.5000  -30.0000   30.0000 2627.8438   14.0987
   -7.5000  -22.5000   30.0000 2713.8828   13.5471
    0.0000  -22.5000   30.0000 2749.0652   13.3494
    7.5000  -22.5000   30.0000 2711.4827   13.5001
   -7.5000  -15.0000   30.0000 2756.0703   13.2695
    0.0000  -15.0000   30.0000 2784.7339   13.0977
    7.5000  -15.0000   30.0000 2754.3296   13.2015
   -7.5000   -7.5000   30.0000 2743.1250   13.2931
    0.0000   -7.5000   30.0000 2774.0691   13.1214
    7.5000   -7.5000   30.0000 2747.8853   13.2229
   -7.5000    0.0000   30.0000 2687.4077   13.6087
    0.0000    0.0000   30.0000 2714.9805   13.4505
    7.5000    0.0000   30.0000 2695.8872   13.5514
   -7.5000    7.5000   30.0000 2600.7256   14.1552
    0.0000    7.5000   30.0000 2623.0552   13.9821
    7.5000    7.5000   30.0000 2607.6663   14.0936
   -7.5000   15.0000   30.0000 2487.8643   14.9222
    0.0000   15.0000   30.0000 2511.9768   14.7434
    7.5000   15.0000   30.0000 2491.4385   14.8344
   -7.5000   22.5000   30.0000 2368.9639   16.0077
    0.0000   22.5000   30.0000 2392.5876   15.8175
    7.5000   22.5000   30.0000 2374.2273   15.8867
   -7.5000   30.0000   30.0000 2224.8176   17.4972
    0.0000   30.0000   30.0000 2246.0598   17.2883
    7.5000   30.0000   30.0000 2232.4592   17.3632
   -7.5000   37.5000   30.0000 2068.3965   19.5022
    0.0000   37.5000   30.0000 2089.0947   19.2748
    7.5000   37.5000   30.0000 2075.5491   19.3644
   -7.5000   45.0000   30.0000 1905.9022   22.2619
    0.0000   45.0000   30.0000 1923.1135   21.9946
    7.5000   45.0000   30.0000 1914.2303   22.1014
   -7.5000  -45.0000   37.5000 2362.4546   17.3592
    0.0000  -45.0000   37.5000 2384.2959   17.1490
    7.5000  -45.0000   37.5000 2354.0312   17.2280
   -7.5000  -37.5000   37.5000 2475.7937   16.0399
    0.0000  -37.5000   37.5000 2503.8257   15.8567
    7.5000  -37.5000   37.5000 2467.8750   15.9642
   -7.5000  -30.0000   37.5000 2560.8303   15.0945
    0.0000  -30.0000   37.5000 2595.2366   14.9250
    7.5000  -30.0000   37.5000 2562.5139   15.0288
   -7.5000  -22.5000   37.5000 2633.5522   14.4359
    0.0000  -22.5000   37.5000 2664.2734   14.2764
    7.5000  -22.5000   37.5000 2632.3152   14.3725
   -7.5000  -15.0000   37.5000 2663.2339   14.1154
    0.0000  -15.0000   37.5000 2692.2756   13.9653
    7.5000  -15.0000   37.5000 2666.7964   14.0534
   -7.5000   -7.5000   37.5000 2649.3794   14.0968
    0.0000   -7.5000   37.5000 2677.9309   13.9450
    7.5000   -7.5000   37.5000 2655.2346   14.0243
   -7.5000    0.0000   37.5000 2598.4978   14.4075
    0.0000    0.0000   37.5000 2620.8000   14.2569
    7.5000    0.0000   37.5000 2605.0435   14.3208
   -7.5000    7.5000   37.5000 2522.5903   14.9198
    0.0000    7.5000   37.5000 2543.1482   14.7733
    7.5000    7.5000   37.5000 2530.6399   14.8529
   -7.5000   15.0000   37.5000 2420.6121   15.6818
    0.0000   15.0000   37.5000 2441.2856   15.5179
    7.5000   15.0000   37.5000 2423.2334   15.6130
   -7.5000   22.5000   37.5000 2303.4673   16.7382
    0.0000   22.5000   37.5000 2326.1506   16.5670
    7.5000   22.5000   37.5000 2312.6133   16.6653
   -7.5000   30.0000   37.5000 2164.8848   18.2902
    0.0000   30.0000   37.5000 2187.4807   18.0730
    7.5000   30.0000   37.5000 2173.5686   18.1623
   -7.5000   37.5000   37.5000 2019.4791   20.3152
    0.0000   37.5000   37.5000 2038.3524   20.1207
    7.5000   37.5000   37.5000 2025.6626   20.1840
   -7.5000   45.0000   37.5000 1862.7471   23.0343
    0.0000   45.0000   37.5000 1875.2346   22.8081
    7.5000   45.0000   37.5000 1868.3203   22.9031
   -7.5000  -45.0000   45.0000 2303.5830   18.5988
    0.0000  -45.0000   45.0000 2318.9182   18.4084
    7.5000  -45.0000   45.0000 2290.3228   18.4589
   -7.5000  -37.5000   45.0000 2411.3335   17.2352
    0.0000  -37.5000   45.0000 2430.1223   17.0592
    7.5000  -37.5000   45.0000 2399.0969   17.1367
   -7.5000  -30.0000   45.0000 2487.9463   16.2545
    0.0000  -30.0000   45.0000 2512.3027   16.0708
    7.5000  -30.0000   45.0000 2482.7727   16.1371
   -7.5000  -22.5000   45.0000 2546.7390   15.5170
    0.0000  -22.5000   45.0000 2570.0586   15.3783
    7.5000  -22.5000   45.0000 2543.9600   15.4323
   -7.5000  -15.0000   45.0000 2565.4351   15.1373
    0.0000  -15.0000   45.0000 2589.1855   14.9938
    7.5000  -15.0000   45.0000 2569.3347   15.0716
   -7.5000   -7.5000   45.0000 2547.5391   15.0927
    0.0000   -7.5000   45.0000 2571.6162   14.9568
    7.5000   -7.5000   45.0000 2552.2334   15.0148
   -7.5000    0.0000   45.0000 2499.1438   15.3887
    0.0000    0.0000   45.0000 2520.3521   15.2541
    7.5000    0.0000   45.0000 2505.8545   15.2914
   -7.5000    7.5000   45.0000 2438.8137   15.8658
    0.0000    7.5000   45.0000 2456.5459   15.7595
    7.5000    7.5000   45.0000 2442.1316   15.8151
   -7.5000   15.0000   45.0000 2344.7429   16.6231
    0.0000   15.0000   45.0000 2363.0674   16.4864
    7.5000   15.0000   45.0000 2349.0894   16.5496
   -7.5000   22.5000   45.0000 2235.0581   17.6913
    0.0000   22.5000   45.0000 2253.7754   17.4918
    7.5000   22.5000   45.0000 2241.5566   17.5862
   -7.5000   30.0000   45.0000 2102.4260   19.2205
    0.0000   30.0000   45.0000 2120.0295   18.9970
    7.5000   30.0000   45.0000 2107.0017   19.0910
   -7.5000   37.5000   45.0000 1959.8820   21.3784
    0.0000   37.5000   45.0000 1976.1958   21.1270
    7.5000   37.5000   45.0000 1961.6611   21.1899
   -7.5000   45.0000   45.0000 1811.8124   24.1606
    0.0000   45.0000   45.0000 1826.7867   23.8534
    7.5000   45.0000   45.0000 1817.1323   23.9923

---------------------------------------------------------------------
imgreg_4dfp /opt/freesurfer/average/711-2C_as_mni_average_305 /opt/freesurfer/average/711-2B_as_mni_average_305_mask talsrcimg_g11 none talsrcimg_to_711-2C_as_mni_average_305_t4 1283
---------------------------------------------------------------------

freesurfer imgreg_4dfp.c
/opt/freesurfer/average/711-2C_as_mni_average_305.4dfp.img
       256       256       256         1
  1.000000  1.000000  1.000000
orientation T byte_order littleendian
Reading image: /opt/freesurfer/average/711-2C_as_mni_average_305.4dfp.img
dimensions:      256       256       256
mmppix:       1.0000   -1.0000   -1.0000
center:     128.0000 -129.0000 -129.0000
/opt/freesurfer/average/711-2B_as_mni_average_305_mask.4dfp.img
       256       256       256         1
  1.000000  1.000000  1.000000
orientation T byte_order littleendian
Reading mask: /opt/freesurfer/average/711-2B_as_mni_average_305_mask.4dfp.img (2306576 pixels)
talsrcimg_g11.4dfp.img
       256       256       256         1
  1.000000  1.000000  1.000000
orientation T byte_order littleendian
Reading image: talsrcimg_g11.4dfp.img
dimensions:      256       256       256
mmppix:       1.0000   -1.0000   -1.0000
center:     128.0000 -129.0000 -129.0000
rotation matrix determinant  1.000000
fimgreg.f
image alignment mode   1283 decimal      503 hex
parameters
    0.0000   -7.5000    7.5000    0.0000    0.0000    0.0000
eta,q 0.93772 11.77783
niter,ni,del,rscale     5    3   12.0000    1.2000
parameter  2  0.791521 ->  0.500000 qaram    1.1500
parameter  5 -0.519636 -> -0.500000 qaram    1.1500
parameters
   -0.0548  -10.9500    5.3223    0.8585    3.4500    0.6622
eta,q 0.94215 11.60836
  0.0747  0.0622  0.0619  0.0646  0.0682  0.0615
  0.0708  0.0602  0.0605  0.0624  0.0642  0.0599
  0.0681  0.0613  0.0597  0.0605  0.0614  0.0586
  0.0654  0.0654  0.0604  0.0598  0.0596  0.0579
  0.0656  0.0708  0.0625  0.0600  0.0580  0.0580
  0.0699  0.0766  0.0663  0.0609  0.0581  0.0586
  0.0767  0.0824  0.0724  0.0624  0.0593  0.0605
niter,ni,del,rscale     6    3   12.0000    1.2000
parameters
   -0.9395  -11.3563    5.1702    1.2802    4.1860   -0.0950
eta,q 0.94217 11.61682
  0.0681  0.0707  0.0639  0.0620  0.0646  0.0597
  0.0629  0.0644  0.0602  0.0600  0.0616  0.0584
  0.0588  0.0595  0.0580  0.0585  0.0592  0.0578
  0.0579  0.0578  0.0579  0.0578  0.0578  0.0579
  0.0609  0.0602  0.0586  0.0584  0.0584  0.0582
  0.0679  0.0668  0.0606  0.0592  0.0598  0.0590
  0.0775  0.0740  0.0645  0.0610  0.0624  0.0614
niter,ni,del,rscale     5    3   12.0000    1.2000
parameters
   -1.4341  -11.5523    5.1842    1.1572    4.9971   -0.8508
eta,q 0.94220 11.61235
  0.0685  0.0706  0.0645  0.0613  0.0646  0.0596
  0.0632  0.0649  0.0602  0.0594  0.0616  0.0583
  0.0592  0.0602  0.0578  0.0583  0.0592  0.0577
  0.0578  0.0579  0.0579  0.0580  0.0579  0.0579
  0.0599  0.0591  0.0588  0.0587  0.0584  0.0584
  0.0652  0.0654  0.0604  0.0595  0.0595  0.0590
  0.0737  0.0731  0.0639  0.0615  0.0623  0.0608
niter,ni,del,rscale     4    3   12.0000    1.2000
parameters
   -1.9018  -11.3940    5.1180    0.8020    5.7113   -1.5928
eta,q 0.94262 11.59297
  0.0684  0.0714  0.0643  0.0610  0.0646  0.0596
  0.0623  0.0658  0.0598  0.0590  0.0615  0.0581
  0.0588  0.0606  0.0573  0.0579  0.0589  0.0573
  0.0578  0.0578  0.0577  0.0577  0.0577  0.0576
  0.0599  0.0583  0.0587  0.0585  0.0579  0.0584
  0.0649  0.0638  0.0604  0.0595  0.0593  0.0590
  0.0724  0.0715  0.0638  0.0619  0.0626  0.0604
niter,ni,del,rscale     3    3   12.0000    1.2000
parameters
   -2.2590  -11.1125    5.0193    0.6533    6.1282   -1.9557
eta,q 0.94294 11.58265
  0.0691  0.0718  0.0639  0.0611  0.0643  0.0599
  0.0620  0.0660  0.0596  0.0589  0.0610  0.0581
  0.0582  0.0602  0.0572  0.0576  0.0582  0.0570
  0.0574  0.0573  0.0572  0.0572  0.0572  0.0572
  0.0595  0.0581  0.0582  0.0577  0.0575  0.0581
  0.0647  0.0635  0.0602  0.0590  0.0594  0.0589
  0.0717  0.0708  0.0639  0.0616  0.0632  0.0601
niter,ni,del,rscale     2    3   12.0000    1.2000
parameters
   -2.4245  -10.9684    4.9653    0.6162    6.3020   -2.0919
eta,q 0.94303 11.57924
  0.0700  0.0715  0.0639  0.0612  0.0640  0.0603
  0.0625  0.0653  0.0598  0.0589  0.0605  0.0582
  0.0581  0.0595  0.0572  0.0575  0.0578  0.0570
  0.0571  0.0570  0.0570  0.0570  0.0570  0.0570
  0.0588  0.0584  0.0579  0.0575  0.0575  0.0579
  0.0641  0.0640  0.0601  0.0587  0.0596  0.0588
  0.0711  0.0710  0.0639  0.0615  0.0636  0.0599
niter,ni,del,rscale     1    3   12.0000    1.2000
parameters
   -2.4854  -10.9171    4.9481    0.6223    6.3721   -2.1425
eta,q 0.94307 11.57768
  0.0705  0.0713  0.0640  0.0612  0.0639  0.0604
  0.0629  0.0649  0.0599  0.0589  0.0603  0.0582
  0.0582  0.0592  0.0573  0.0575  0.0577  0.0570
  0.0570  0.0570  0.0569  0.0569  0.0569  0.0569
  0.0586  0.0586  0.0578  0.0574  0.0576  0.0579
  0.0636  0.0643  0.0600  0.0586  0.0597  0.0588
  0.0707  0.0712  0.0639  0.0614  0.0639  0.0599
registration optimization eta report
parameter search radius
    6.0000    6.9000    6.0000    6.0000    6.9000    6.0000
100000*second partial in parameter space
       38.       29.       20.       12.       15.        9.
  0.0705  0.0713  0.0640  0.0612  0.0639  0.0604
  0.0629  0.0649  0.0599  0.0589  0.0603  0.0582
  0.0582  0.0592  0.0573  0.0575  0.0577  0.0570
  0.0570  0.0570  0.0569  0.0569  0.0569  0.0569
  0.0586  0.0586  0.0578  0.0574  0.0576  0.0579
  0.0636  0.0643  0.0600  0.0586  0.0597  0.0588
  0.0707  0.0712  0.0639  0.0614  0.0639  0.0599
   -2.4854  -10.9171    4.9481    0.6223    6.3721   -2.1425
eta,q 0.94307 11.57768

---------------------------------------------------------------------
imgreg_4dfp /opt/freesurfer/average/711-2C_as_mni_average_305 /opt/freesurfer/average/711-2B_as_mni_average_305_mask talsrcimg_g11 none talsrcimg_to_711-2C_as_mni_average_305_t4 3335
---------------------------------------------------------------------

freesurfer imgreg_4dfp.c
/opt/freesurfer/average/711-2C_as_mni_average_305.4dfp.img
       256       256       256         1
  1.000000  1.000000  1.000000
orientation T byte_order littleendian
Reading image: /opt/freesurfer/average/711-2C_as_mni_average_305.4dfp.img
dimensions:      256       256       256
mmppix:       1.0000   -1.0000   -1.0000
center:     128.0000 -129.0000 -129.0000
/opt/freesurfer/average/711-2B_as_mni_average_305_mask.4dfp.img
       256       256       256         1
  1.000000  1.000000  1.000000
orientation T byte_order littleendian
Reading mask: /opt/freesurfer/average/711-2B_as_mni_average_305_mask.4dfp.img (2306576 pixels)
talsrcimg_g11.4dfp.img
       256       256       256         1
  1.000000  1.000000  1.000000
orientation T byte_order littleendian
Reading image: talsrcimg_g11.4dfp.img
dimensions:      256       256       256
mmppix:       1.0000   -1.0000   -1.0000
center:     128.0000 -129.0000 -129.0000
fimgreg.f
image alignment mode   3335 decimal      D07 hex
parameters
   -2.4854  -10.9171    4.9481   -0.6873   -0.0713   -0.6237
    3.6178  -11.1307   -3.7154   -0.6704   11.0985    1.0794
eta,q 0.94389 11.65195
niter,ni,del,rscale     5    3    5.0000    1.2000
parameter  4  1.783930 ->  0.500000 qaram    1.1500
parameter  5  3.291877 ->  0.500000 qaram    1.1500
parameter  6  0.783336 ->  0.500000 qaram    1.1500
parameters
   -2.6143  -10.9689    5.0409   -4.8273   -4.2113   -4.7637
    4.0629   -7.7011   -0.7214   -0.1908    9.2781    1.9423
eta,q 0.95942 10.99880
  0.0581  0.0577  0.0576  0.0495  0.0413  0.0427  0.0451  0.0510  0.0442  0.0440  0.0415  0.0418
  0.0569  0.0568  0.0568  0.0507  0.0441  0.0423  0.0437  0.0475  0.0428  0.0423  0.0409  0.0412
  0.0562  0.0563  0.0563  0.0529  0.0473  0.0428  0.0427  0.0446  0.0417  0.0412  0.0406  0.0408
  0.0561  0.0561  0.0561  0.0561  0.0512  0.0449  0.0423  0.0423  0.0410  0.0407  0.0407  0.0406
  0.0565  0.0563  0.0562  0.0597  0.0555  0.0480  0.0425  0.0411  0.0407  0.0409  0.0412  0.0406
  0.0572  0.0569  0.0567  0.0636  0.0599  0.0514  0.0433  0.0413  0.0408  0.0418  0.0420  0.0409
  0.0585  0.0578  0.0574  0.0679  0.0647  0.0558  0.0445  0.0428  0.0413  0.0432  0.0431  0.0414
niter,ni,del,rscale     7    3    5.0000    1.2000
parameter  2 -0.763486 -> -0.500000 qaram    1.1500
parameter  4  0.515032 ->  0.500000 qaram    1.3225
parameter  5  2.133622 ->  0.500000 qaram    1.3225
parameter 10 -0.500784 -> -0.500000 qaram    1.1500
parameters
   -2.2660   -9.5889    4.1366   -9.5883   -8.9723   -7.0831
    3.4685   -7.2495   -0.0968    3.9492   10.3550    1.8097
eta,q 0.96807 10.49309
  0.0449  0.0455  0.0400  0.0391  0.0300  0.0346  0.0346  0.0374  0.0352  0.0383  0.0336  0.0329
  0.0428  0.0434  0.0393  0.0382  0.0319  0.0337  0.0335  0.0350  0.0340  0.0360  0.0328  0.0324
  0.0413  0.0417  0.0392  0.0380  0.0346  0.0329  0.0329  0.0334  0.0332  0.0341  0.0323  0.0320
  0.0406  0.0405  0.0395  0.0392  0.0380  0.0325  0.0328  0.0328  0.0328  0.0327  0.0320  0.0319
  0.0406  0.0398  0.0402  0.0417  0.0419  0.0338  0.0332  0.0331  0.0329  0.0320  0.0320  0.0320
  0.0414  0.0394  0.0414  0.0456  0.0464  0.0371  0.0340  0.0343  0.0335  0.0320  0.0323  0.0324
  0.0430  0.0395  0.0429  0.0502  0.0510  0.0411  0.0354  0.0364  0.0345  0.0328  0.0329  0.0330
niter,ni,del,rscale     7    3    5.0000    1.2000
parameter  2 -0.706815 -> -0.500000 qaram    1.3225
parameter  5  1.128877 ->  0.500000 qaram    1.5209
parameters
   -2.0398   -8.0019    3.9417   -9.4638  -14.4474   -7.6010
    3.1125   -7.0257   -0.6233    5.1353   10.5787   -0.1212
eta,q 0.97421 10.15439
  0.0359  0.0401  0.0316  0.0346  0.0247  0.0294  0.0283  0.0310  0.0281  0.0322  0.0272  0.0265
  0.0339  0.0369  0.0308  0.0328  0.0255  0.0281  0.0270  0.0285  0.0269  0.0294  0.0265  0.0260
  0.0325  0.0341  0.0302  0.0312  0.0273  0.0269  0.0263  0.0267  0.0262  0.0272  0.0261  0.0258
  0.0319  0.0319  0.0301  0.0301  0.0301  0.0259  0.0261  0.0261  0.0260  0.0260  0.0259  0.0259
  0.0321  0.0305  0.0304  0.0300  0.0339  0.0260  0.0264  0.0264  0.0264  0.0261  0.0260  0.0263
  0.0330  0.0301  0.0311  0.0317  0.0387  0.0280  0.0274  0.0280  0.0274  0.0273  0.0264  0.0269
  0.0347  0.0306  0.0322  0.0354  0.0443  0.0315  0.0288  0.0305  0.0288  0.0297  0.0271  0.0278
niter,ni,del,rscale     7    3    5.0000    1.2000
parameter  5  0.550101 ->  0.500000 qaram    1.7490
parameters
   -1.9477   -7.3489    4.0441   -8.9253  -20.7439   -7.4420
    3.1220   -6.9041   -1.2444    6.7433   10.6417   -0.2487
eta,q 0.97630  9.79142
  0.0297  0.0334  0.0275  0.0301  0.0248  0.0276  0.0264  0.0286  0.0256  0.0299  0.0249  0.0249
  0.0276  0.0297  0.0265  0.0282  0.0240  0.0262  0.0251  0.0262  0.0246  0.0271  0.0243  0.0242
  0.0263  0.0271  0.0258  0.0267  0.0242  0.0250  0.0242  0.0245  0.0240  0.0250  0.0239  0.0238
  0.0258  0.0258  0.0255  0.0255  0.0254  0.0239  0.0239  0.0239  0.0239  0.0239  0.0237  0.0237
  0.0261  0.0256  0.0257  0.0253  0.0281  0.0236  0.0242  0.0243  0.0243  0.0238  0.0238  0.0239
  0.0272  0.0267  0.0262  0.0266  0.0320  0.0251  0.0251  0.0259  0.0251  0.0248  0.0242  0.0243
  0.0291  0.0289  0.0272  0.0300  0.0373  0.0283  0.0264  0.0284  0.0262  0.0266  0.0249  0.0250
niter,ni,del,rscale     7    3    5.0000    1.2000
parameters
   -1.9608   -6.7172    4.0297   -8.9522  -21.7965   -7.8093
    3.1738   -6.8111   -1.4602    7.8532   10.7095   -0.2729
eta,q 0.97640  9.71571
  0.0273  0.0305  0.0253  0.0276  0.0286  0.0269  0.0262  0.0281  0.0255  0.0287  0.0247  0.0248
  0.0253  0.0271  0.0243  0.0257  0.0258  0.0256  0.0248  0.0258  0.0244  0.0262  0.0241  0.0241
  0.0241  0.0248  0.0237  0.0245  0.0240  0.0246  0.0240  0.0242  0.0238  0.0245  0.0238  0.0237
  0.0237  0.0237  0.0236  0.0236  0.0236  0.0235  0.0237  0.0237  0.0237  0.0237  0.0236  0.0236
  0.0241  0.0237  0.0238  0.0235  0.0244  0.0234  0.0239  0.0241  0.0239  0.0238  0.0237  0.0237
  0.0253  0.0246  0.0244  0.0250  0.0268  0.0252  0.0248  0.0256  0.0246  0.0247  0.0241  0.0241
  0.0273  0.0265  0.0253  0.0284  0.0311  0.0286  0.0261  0.0280  0.0257  0.0266  0.0247  0.0248
niter,ni,del,rscale     6    3    5.0000    1.2000
parameters
   -1.9191   -6.3586    3.7740   -9.0108  -22.3884   -8.3564
    3.1525   -6.6781   -1.5093    8.6909   10.8549   -0.2072
eta,q 0.97637  9.65778
  0.0272  0.0292  0.0248  0.0273  0.0289  0.0265  0.0261  0.0280  0.0256  0.0281  0.0247  0.0248
  0.0252  0.0263  0.0240  0.0256  0.0260  0.0254  0.0248  0.0257  0.0245  0.0259  0.0241  0.0241
  0.0240  0.0244  0.0236  0.0244  0.0241  0.0244  0.0240  0.0242  0.0239  0.0243  0.0238  0.0237
  0.0236  0.0236  0.0235  0.0235  0.0235  0.0235  0.0237  0.0237  0.0237  0.0237  0.0236  0.0236
  0.0239  0.0238  0.0239  0.0234  0.0243  0.0235  0.0240  0.0240  0.0239  0.0238  0.0237  0.0238
  0.0251  0.0250  0.0245  0.0249  0.0264  0.0252  0.0248  0.0254  0.0246  0.0248  0.0240  0.0241
  0.0269  0.0271  0.0255  0.0283  0.0303  0.0286  0.0261  0.0277  0.0256  0.0267  0.0246  0.0247
niter,ni,del,rscale     5    3    5.0000    1.2000
parameters
   -1.8623   -6.0573    3.5025   -9.0714  -22.9227   -8.9281
    3.1012   -6.5461   -1.5448    9.4272   11.0007   -0.1935
eta,q 0.97634  9.60141
  0.0271  0.0290  0.0248  0.0272  0.0290  0.0263  0.0260  0.0277  0.0257  0.0279  0.0246  0.0248
  0.0252  0.0262  0.0240  0.0255  0.0261  0.0252  0.0248  0.0256  0.0246  0.0258  0.0241  0.0241
  0.0241  0.0244  0.0236  0.0244  0.0242  0.0244  0.0240  0.0242  0.0239  0.0244  0.0238  0.0238
  0.0236  0.0236  0.0236  0.0236  0.0236  0.0236  0.0237  0.0237  0.0237  0.0237  0.0237  0.0237
  0.0239  0.0239  0.0239  0.0234  0.0244  0.0235  0.0240  0.0240  0.0240  0.0238  0.0237  0.0238
  0.0250  0.0251  0.0245  0.0248  0.0264  0.0251  0.0248  0.0253  0.0247  0.0248  0.0240  0.0242
  0.0268  0.0273  0.0254  0.0281  0.0302  0.0284  0.0261  0.0276  0.0257  0.0267  0.0246  0.0247
niter,ni,del,rscale     4    3    5.0000    1.2000
parameters
   -1.8068   -5.7854    3.2514   -9.1420  -23.3981   -9.4381
    3.0382   -6.4207   -1.5640   10.0560   11.0967   -0.2808
eta,q 0.97630  9.55037
  0.0270  0.0290  0.0248  0.0270  0.0291  0.0262  0.0260  0.0276  0.0258  0.0278  0.0246  0.0247
  0.0252  0.0263  0.0241  0.0254  0.0262  0.0252  0.0247  0.0256  0.0247  0.0258  0.0242  0.0241
  0.0241  0.0245  0.0237  0.0243  0.0243  0.0244  0.0240  0.0243  0.0240  0.0244  0.0238  0.0238
  0.0237  0.0237  0.0236  0.0236  0.0236  0.0236  0.0237  0.0237  0.0237  0.0237  0.0237  0.0237
  0.0240  0.0239  0.0239  0.0235  0.0245  0.0235  0.0240  0.0240  0.0240  0.0239  0.0238  0.0239
  0.0250  0.0253  0.0245  0.0248  0.0265  0.0249  0.0248  0.0253  0.0247  0.0249  0.0241  0.0242
  0.0267  0.0274  0.0254  0.0280  0.0303  0.0281  0.0260  0.0275  0.0258  0.0268  0.0246  0.0248
niter,ni,del,rscale     3    3    5.0000    1.2000
parameters
   -1.7515   -5.5614    3.0461   -9.2080  -23.7694   -9.8363
    2.9769   -6.3088   -1.5609   10.5427   11.1093   -0.4250
eta,q 0.97627  9.51002
  0.0269  0.0289  0.0248  0.0270  0.0293  0.0262  0.0259  0.0275  0.0259  0.0277  0.0246  0.0247
  0.0252  0.0262  0.0241  0.0254  0.0264  0.0251  0.0247  0.0255  0.0248  0.0257  0.0242  0.0242
  0.0241  0.0244  0.0237  0.0243  0.0244  0.0244  0.0240  0.0243  0.0240  0.0244  0.0239  0.0238
  0.0237  0.0237  0.0237  0.0237  0.0237  0.0237  0.0238  0.0238  0.0238  0.0238  0.0237  0.0237
  0.0240  0.0241  0.0239  0.0235  0.0245  0.0235  0.0240  0.0240  0.0241  0.0240  0.0238  0.0239
  0.0250  0.0254  0.0245  0.0247  0.0266  0.0248  0.0248  0.0252  0.0248  0.0250  0.0241  0.0242
  0.0266  0.0276  0.0253  0.0278  0.0302  0.0278  0.0260  0.0274  0.0259  0.0270  0.0247  0.0248
niter,ni,del,rscale     2    3    5.0000    1.2000
parameters
   -1.7031   -5.3941    2.8939   -9.2624  -24.0193  -10.0984
    2.9176   -6.2153   -1.5406   10.8896   11.0924   -0.5715
eta,q 0.97623  9.48286
  0.0268  0.0288  0.0249  0.0269  0.0295  0.0262  0.0259  0.0274  0.0260  0.0276  0.0246  0.0248
  0.0251  0.0262  0.0242  0.0254  0.0265  0.0251  0.0248  0.0255  0.0248  0.0257  0.0242  0.0242
  0.0241  0.0244  0.0238  0.0244  0.0245  0.0244  0.0240  0.0243  0.0240  0.0244  0.0239  0.0239
  0.0237  0.0237  0.0237  0.0237  0.0237  0.0237  0.0238  0.0238  0.0238  0.0238  0.0238  0.0238
  0.0240  0.0242  0.0239  0.0236  0.0245  0.0235  0.0241  0.0240  0.0241  0.0240  0.0238  0.0239
  0.0250  0.0256  0.0244  0.0247  0.0266  0.0247  0.0248  0.0253  0.0248  0.0252  0.0241  0.0243
  0.0266  0.0278  0.0252  0.0278  0.0302  0.0275  0.0260  0.0274  0.0259  0.0272  0.0247  0.0248
niter,ni,del,rscale     1    3    5.0000    1.2000
parameters
   -1.6659   -5.2826    2.7959   -9.2956  -24.1810  -10.2642
    2.8700   -6.1458   -1.5236   11.1191   11.0782   -0.6767
eta,q 0.97620  9.46562
  0.0268  0.0287  0.0250  0.0269  0.0296  0.0263  0.0260  0.0274  0.0260  0.0276  0.0246  0.0248
  0.0251  0.0261  0.0243  0.0254  0.0267  0.0252  0.0248  0.0255  0.0248  0.0257  0.0242  0.0242
  0.0241  0.0244  0.0239  0.0244  0.0246  0.0244  0.0241  0.0243  0.0241  0.0244  0.0239  0.0239
  0.0238  0.0238  0.0238  0.0238  0.0238  0.0238  0.0238  0.0238  0.0238  0.0238  0.0238  0.0238
  0.0241  0.0243  0.0240  0.0236  0.0245  0.0235  0.0241  0.0241  0.0241  0.0241  0.0239  0.0240
  0.0250  0.0257  0.0244  0.0247  0.0266  0.0246  0.0248  0.0253  0.0249  0.0253  0.0242  0.0243
  0.0266  0.0280  0.0252  0.0277  0.0302  0.0274  0.0260  0.0274  0.0260  0.0273  0.0247  0.0248
registration optimization eta report
parameter search radius
    2.4000    3.1740    2.4000    9.5220   12.5928    8.2800
    7.2000    7.2000    7.2000    8.2800    7.2000    7.2000
100000*second partial in parameter space
       51.       45.       23.        4.        4.        5.
        4.        7.        4.        5.        2.        2.
  0.0268  0.0287  0.0250  0.0269  0.0296  0.0263  0.0260  0.0274  0.0260  0.0276  0.0246  0.0248
  0.0251  0.0261  0.0243  0.0254  0.0267  0.0252  0.0248  0.0255  0.0248  0.0257  0.0242  0.0242
  0.0241  0.0244  0.0239  0.0244  0.0246  0.0244  0.0241  0.0243  0.0241  0.0244  0.0239  0.0239
  0.0238  0.0238  0.0238  0.0238  0.0238  0.0238  0.0238  0.0238  0.0238  0.0238  0.0238  0.0238
  0.0241  0.0243  0.0240  0.0236  0.0245  0.0235  0.0241  0.0241  0.0241  0.0241  0.0239  0.0240
  0.0250  0.0257  0.0244  0.0247  0.0266  0.0246  0.0248  0.0253  0.0249  0.0253  0.0242  0.0243
  0.0266  0.0280  0.0252  0.0277  0.0302  0.0274  0.0260  0.0274  0.0260  0.0273  0.0247  0.0248
   -1.6659   -5.2826    2.7959   -9.2956  -24.1810  -10.2642
    2.8700   -6.1458   -1.5236   11.1191   11.0782   -0.6767
eta,q 0.97620  9.46562

---------------------------------------------------------------------
imgreg_4dfp /opt/freesurfer/average/711-2C_as_mni_average_305 /opt/freesurfer/average/711-2B_as_mni_average_305_mask talsrcimg_g11 none talsrcimg_to_711-2C_as_mni_average_305_t4 2311
---------------------------------------------------------------------

freesurfer imgreg_4dfp.c
/opt/freesurfer/average/711-2C_as_mni_average_305.4dfp.img
       256       256       256         1
  1.000000  1.000000  1.000000
orientation T byte_order littleendian
Reading image: /opt/freesurfer/average/711-2C_as_mni_average_305.4dfp.img
dimensions:      256       256       256
mmppix:       1.0000   -1.0000   -1.0000
center:     128.0000 -129.0000 -129.0000
/opt/freesurfer/average/711-2B_as_mni_average_305_mask.4dfp.img
       256       256       256         1
  1.000000  1.000000  1.000000
orientation T byte_order littleendian
Reading mask: /opt/freesurfer/average/711-2B_as_mni_average_305_mask.4dfp.img (2306576 pixels)
talsrcimg_g11.4dfp.img
       256       256       256         1
  1.000000  1.000000  1.000000
orientation T byte_order littleendian
Reading image: talsrcimg_g11.4dfp.img
dimensions:      256       256       256
mmppix:       1.0000   -1.0000   -1.0000
center:     128.0000 -129.0000 -129.0000
fimgreg.f
image alignment mode   2311 decimal      907 hex
parameters
   -1.6659   -5.2826    2.7959   -9.2956  -24.1810  -10.2642
    2.8700   -6.1458   -1.5236   11.1191   11.0782   -0.6767
eta,q 0.97620  9.46562
niter,ni,del,rscale     5    3    5.0000    0.8000
parameters
   -1.6304   -5.2728    2.7331   -7.3646  -23.8387   -8.9107
    2.9927   -6.2484   -1.4292   11.1854   10.5659   -1.2070
eta,q 0.97665  9.62068
  0.0251  0.0251  0.0243  0.0248  0.0247  0.0249  0.0244  0.0253  0.0244  0.0248  0.0238  0.0238
  0.0244  0.0243  0.0240  0.0244  0.0241  0.0244  0.0239  0.0242  0.0238  0.0240  0.0235  0.0235
  0.0240  0.0239  0.0239  0.0241  0.0238  0.0240  0.0235  0.0236  0.0235  0.0235  0.0234  0.0234
  0.0238  0.0238  0.0238  0.0238  0.0236  0.0236  0.0234  0.0234  0.0234  0.0234  0.0234  0.0234
  0.0239  0.0239  0.0239  0.0236  0.0237  0.0233  0.0234  0.0236  0.0235  0.0235  0.0235  0.0235
  0.0243  0.0244  0.0241  0.0236  0.0239  0.0235  0.0238  0.0243  0.0238  0.0239  0.0237  0.0237
  0.0250  0.0250  0.0244  0.0240  0.0244  0.0241  0.0243  0.0255  0.0243  0.0247  0.0241  0.0240
niter,ni,del,rscale     4    3    5.0000    0.7000
parameters
   -1.7126   -5.3505    3.0136   -7.7103  -23.7296   -8.4570
    3.0663   -6.3080   -1.3734   11.0510   10.4802   -1.2075
eta,q 0.97673  9.63252
  0.0243  0.0242  0.0241  0.0240  0.0241  0.0245  0.0241  0.0248  0.0241  0.0243  0.0237  0.0237
  0.0238  0.0237  0.0237  0.0237  0.0237  0.0241  0.0236  0.0240  0.0236  0.0237  0.0235  0.0235
  0.0234  0.0234  0.0235  0.0234  0.0234  0.0237  0.0234  0.0234  0.0234  0.0234  0.0233  0.0233
  0.0234  0.0233  0.0233  0.0233  0.0233  0.0233  0.0233  0.0233  0.0233  0.0233  0.0233  0.0233
  0.0235  0.0235  0.0233  0.0234  0.0234  0.0232  0.0233  0.0234  0.0234  0.0234  0.0233  0.0233
  0.0239  0.0238  0.0234  0.0237  0.0237  0.0235  0.0236  0.0240  0.0236  0.0238  0.0235  0.0235
  0.0246  0.0244  0.0237  0.0244  0.0240  0.0243  0.0240  0.0249  0.0240  0.0244  0.0237  0.0237
niter,ni,del,rscale     3    3    5.0000    0.6000
parameters
   -1.7396   -5.4225    3.1398   -7.5801  -23.6706   -8.1275
    3.1180   -6.3654   -1.3731   10.8584   10.3913   -1.2302
eta,q 0.97678  9.65384
  0.0241  0.0239  0.0238  0.0239  0.0238  0.0242  0.0238  0.0244  0.0238  0.0239  0.0235  0.0235
  0.0236  0.0235  0.0235  0.0236  0.0235  0.0238  0.0235  0.0237  0.0235  0.0235  0.0234  0.0234
  0.0233  0.0233  0.0233  0.0234  0.0233  0.0235  0.0233  0.0233  0.0233  0.0233  0.0232  0.0232
  0.0233  0.0233  0.0233  0.0233  0.0233  0.0233  0.0232  0.0232  0.0232  0.0232  0.0232  0.0232
  0.0234  0.0234  0.0233  0.0233  0.0233  0.0232  0.0233  0.0234  0.0233  0.0233  0.0232  0.0232
  0.0237  0.0236  0.0234  0.0235  0.0235  0.0235  0.0235  0.0238  0.0235  0.0236  0.0234  0.0234
  0.0241  0.0241  0.0236  0.0239  0.0238  0.0241  0.0238  0.0245  0.0238  0.0241  0.0236  0.0235
niter,ni,del,rscale     2    3    5.0000    0.5000
parameters
   -1.7732   -5.4921    3.2450   -7.4631  -23.5998   -7.8273
    3.1861   -6.4314   -1.3707   10.6533   10.3061   -1.2471
eta,q 0.97683  9.67389
  0.0238  0.0236  0.0236  0.0237  0.0236  0.0240  0.0236  0.0240  0.0236  0.0236  0.0234  0.0234
  0.0234  0.0234  0.0234  0.0235  0.0234  0.0237  0.0234  0.0235  0.0233  0.0234  0.0233  0.0233
  0.0233  0.0232  0.0233  0.0233  0.0233  0.0234  0.0232  0.0233  0.0232  0.0232  0.0232  0.0232
  0.0232  0.0232  0.0232  0.0232  0.0232  0.0232  0.0232  0.0232  0.0232  0.0232  0.0232  0.0232
  0.0233  0.0233  0.0232  0.0232  0.0232  0.0232  0.0232  0.0233  0.0232  0.0233  0.0232  0.0232
  0.0235  0.0235  0.0233  0.0234  0.0234  0.0234  0.0233  0.0236  0.0234  0.0235  0.0233  0.0233
  0.0238  0.0238  0.0235  0.0237  0.0236  0.0238  0.0236  0.0241  0.0236  0.0238  0.0234  0.0234
niter,ni,del,rscale     1    3    5.0000    0.4000
parameters
   -1.8031   -5.5613    3.3404   -7.3811  -23.5185   -7.5604
    3.2292   -6.4796   -1.3608   10.4424   10.2249   -1.2786
eta,q 0.97686  9.69179
  0.0235  0.0234  0.0234  0.0235  0.0234  0.0237  0.0234  0.0237  0.0234  0.0234  0.0233  0.0233
  0.0233  0.0233  0.0233  0.0233  0.0233  0.0235  0.0233  0.0234  0.0233  0.0233  0.0232  0.0232
  0.0232  0.0232  0.0232  0.0232  0.0232  0.0233  0.0232  0.0232  0.0232  0.0232  0.0232  0.0232
  0.0232  0.0232  0.0232  0.0232  0.0232  0.0232  0.0231  0.0231  0.0231  0.0231  0.0231  0.0231
  0.0232  0.0232  0.0232  0.0232  0.0232  0.0232  0.0232  0.0232  0.0232  0.0232  0.0232  0.0232
  0.0234  0.0234  0.0232  0.0233  0.0233  0.0233  0.0233  0.0234  0.0233  0.0233  0.0232  0.0232
  0.0236  0.0235  0.0233  0.0235  0.0234  0.0236  0.0234  0.0237  0.0234  0.0236  0.0233  0.0233
registration optimization eta report
parameter search radius
    0.8000    0.8000    0.8000    2.4000    2.4000    2.4000
    2.4000    2.4000    2.4000    2.4000    2.4000    2.4000
100000*second partial in parameter space
       60.       49.       33.        5.        4.        8.
        5.       10.        4.        6.        3.        3.
  0.0235  0.0234  0.0234  0.0235  0.0234  0.0237  0.0234  0.0237  0.0234  0.0234  0.0233  0.0233
  0.0233  0.0233  0.0233  0.0233  0.0233  0.0235  0.0233  0.0234  0.0233  0.0233  0.0232  0.0232
  0.0232  0.0232  0.0232  0.0232  0.0232  0.0233  0.0232  0.0232  0.0232  0.0232  0.0232  0.0232
  0.0232  0.0232  0.0232  0.0232  0.0232  0.0232  0.0231  0.0231  0.0231  0.0231  0.0231  0.0231
  0.0232  0.0232  0.0232  0.0232  0.0232  0.0232  0.0232  0.0232  0.0232  0.0232  0.0232  0.0232
  0.0234  0.0234  0.0232  0.0233  0.0233  0.0233  0.0233  0.0234  0.0233  0.0233  0.0232  0.0232
  0.0236  0.0235  0.0233  0.0235  0.0234  0.0236  0.0234  0.0237  0.0234  0.0236  0.0233  0.0233
   -1.8031   -5.5613    3.3404   -7.3811  -23.5185   -7.5604
    3.2292   -6.4796   -1.3608   10.4424   10.2249   -1.2786
eta,q 0.97686  9.69179

---------------------------------------------------------------------
imgreg_4dfp /opt/freesurfer/average/711-2C_as_mni_average_305 /opt/freesurfer/average/711-2B_as_mni_average_305_mask talsrcimg_g11 none talsrcimg_to_711-2C_as_mni_average_305_t4 2311
---------------------------------------------------------------------

freesurfer imgreg_4dfp.c
/opt/freesurfer/average/711-2C_as_mni_average_305.4dfp.img
       256       256       256         1
  1.000000  1.000000  1.000000
orientation T byte_order littleendian
Reading image: /opt/freesurfer/average/711-2C_as_mni_average_305.4dfp.img
dimensions:      256       256       256
mmppix:       1.0000   -1.0000   -1.0000
center:     128.0000 -129.0000 -129.0000
/opt/freesurfer/average/711-2B_as_mni_average_305_mask.4dfp.img
       256       256       256         1
  1.000000  1.000000  1.000000
orientation T byte_order littleendian
Reading mask: /opt/freesurfer/average/711-2B_as_mni_average_305_mask.4dfp.img (2306576 pixels)
talsrcimg_g11.4dfp.img
       256       256       256         1
  1.000000  1.000000  1.000000
orientation T byte_order littleendian
Reading image: talsrcimg_g11.4dfp.img
dimensions:      256       256       256
mmppix:       1.0000   -1.0000   -1.0000
center:     128.0000 -129.0000 -129.0000
fimgreg.f
image alignment mode   2311 decimal      907 hex
parameters
   -1.8031   -5.5613    3.3404   -7.3811  -23.5185   -7.5604
    3.2292   -6.4796   -1.3608   10.4424   10.2249   -1.2786
eta,q 0.97686  9.69179
niter,ni,del,rscale     5    3    5.0000    0.8000
parameters
   -1.8126   -5.6159    3.4225   -7.9501  -23.4035   -7.9921
    3.1402   -6.4410   -1.3209   10.3843   10.3555   -1.0100
eta,q 0.97679  9.65935
  0.0247  0.0243  0.0241  0.0240  0.0242  0.0245  0.0242  0.0253  0.0242  0.0245  0.0238  0.0238
  0.0238  0.0236  0.0236  0.0236  0.0236  0.0240  0.0237  0.0242  0.0237  0.0238  0.0235  0.0235
  0.0233  0.0232  0.0233  0.0233  0.0233  0.0235  0.0233  0.0235  0.0233  0.0234  0.0233  0.0233
  0.0231  0.0231  0.0231  0.0231  0.0232  0.0232  0.0232  0.0232  0.0232  0.0232  0.0232  0.0232
  0.0233  0.0233  0.0232  0.0233  0.0233  0.0233  0.0233  0.0234  0.0233  0.0234  0.0233  0.0233
  0.0239  0.0238  0.0235  0.0238  0.0236  0.0241  0.0237  0.0241  0.0237  0.0238  0.0234  0.0234
  0.0247  0.0245  0.0239  0.0248  0.0241  0.0254  0.0243  0.0253  0.0242  0.0246  0.0238  0.0237
niter,ni,del,rscale     4    3    5.0000    0.7000
parameters
   -1.7976   -5.6260    3.3341   -7.7178  -23.3930   -7.9747
    3.1484   -6.4430   -1.3312   10.3718   10.3485   -1.0586
eta,q 0.97680  9.66960
  0.0244  0.0242  0.0237  0.0241  0.0239  0.0243  0.0240  0.0248  0.0240  0.0242  0.0236  0.0236
  0.0237  0.0236  0.0234  0.0237  0.0235  0.0239  0.0236  0.0239  0.0235  0.0237  0.0234  0.0234
  0.0233  0.0233  0.0233  0.0234  0.0233  0.0235  0.0233  0.0234  0.0233  0.0233  0.0232  0.0232
  0.0232  0.0232  0.0232  0.0232  0.0232  0.0232  0.0232  0.0232  0.0232  0.0232  0.0232  0.0232
  0.0233  0.0233  0.0233  0.0232  0.0233  0.0232  0.0233  0.0234  0.0233  0.0233  0.0232  0.0232
  0.0237  0.0237  0.0235  0.0234  0.0235  0.0236  0.0236  0.0239  0.0235  0.0237  0.0234  0.0234
  0.0243  0.0242  0.0239  0.0240  0.0239  0.0246  0.0240  0.0248  0.0240  0.0243  0.0237  0.0236
niter,ni,del,rscale     3    3    5.0000    0.6000
parameters
   -1.8022   -5.6264    3.3419   -7.5689  -23.4036   -7.7944
    3.1825   -6.4669   -1.3397   10.3390   10.3140   -1.1244
eta,q 0.97683  9.68182
  0.0240  0.0239  0.0236  0.0238  0.0237  0.0241  0.0238  0.0244  0.0237  0.0239  0.0235  0.0235
  0.0236  0.0235  0.0234  0.0236  0.0234  0.0238  0.0235  0.0237  0.0234  0.0235  0.0233  0.0233
  0.0233  0.0233  0.0232  0.0233  0.0232  0.0234  0.0232  0.0233  0.0232  0.0232  0.0232  0.0232
  0.0232  0.0232  0.0232  0.0232  0.0232  0.0232  0.0232  0.0232  0.0232  0.0232  0.0232  0.0232
  0.0233  0.0233  0.0232  0.0232  0.0233  0.0232  0.0232  0.0233  0.0232  0.0233  0.0232  0.0232
  0.0236  0.0235  0.0234  0.0234  0.0234  0.0235  0.0234  0.0237  0.0234  0.0235  0.0233  0.0233
  0.0241  0.0239  0.0236  0.0238  0.0237  0.0241  0.0238  0.0244  0.0237  0.0240  0.0235  0.0235
niter,ni,del,rscale     2    3    5.0000    0.5000
parameters
   -1.8163   -5.6440    3.3832   -7.4620  -23.3922   -7.5889
    3.2202   -6.4964   -1.3379   10.2627   10.2540   -1.1996
eta,q 0.97686  9.69461
  0.0238  0.0236  0.0235  0.0236  0.0235  0.0239  0.0236  0.0240  0.0235  0.0237  0.0234  0.0234
  0.0234  0.0234  0.0233  0.0234  0.0233  0.0236  0.0233  0.0235  0.0233  0.0234  0.0232  0.0232
  0.0232  0.0232  0.0232  0.0233  0.0232  0.0233  0.0232  0.0232  0.0232  0.0232  0.0232  0.0232
  0.0232  0.0232  0.0232  0.0232  0.0232  0.0232  0.0231  0.0231  0.0231  0.0231  0.0231  0.0231
  0.0232  0.0232  0.0232  0.0232  0.0232  0.0231  0.0232  0.0232  0.0232  0.0232  0.0232  0.0232
  0.0234  0.0234  0.0233  0.0233  0.0233  0.0234  0.0233  0.0235  0.0233  0.0234  0.0232  0.0232
  0.0238  0.0237  0.0235  0.0236  0.0235  0.0238  0.0236  0.0241  0.0235  0.0237  0.0234  0.0234
niter,ni,del,rscale     1    3    5.0000    0.4000
parameters
   -1.8332   -5.6733    3.4467   -7.3856  -23.3708   -7.3747
    3.2633   -6.5297   -1.3376   10.1454   10.1966   -1.2285
eta,q 0.97688  9.70678
  0.0235  0.0234  0.0234  0.0235  0.0234  0.0237  0.0234  0.0237  0.0234  0.0234  0.0233  0.0233
  0.0233  0.0233  0.0233  0.0233  0.0232  0.0235  0.0232  0.0234  0.0232  0.0233  0.0232  0.0232
  0.0232  0.0232  0.0232  0.0232  0.0232  0.0233  0.0232  0.0232  0.0231  0.0232  0.0231  0.0231
  0.0231  0.0231  0.0231  0.0231  0.0231  0.0231  0.0231  0.0231  0.0231  0.0231  0.0231  0.0231
  0.0232  0.0232  0.0232  0.0232  0.0232  0.0231  0.0231  0.0232  0.0231  0.0232  0.0231  0.0231
  0.0233  0.0233  0.0232  0.0233  0.0232  0.0233  0.0232  0.0234  0.0232  0.0233  0.0232  0.0232
  0.0235  0.0235  0.0233  0.0235  0.0234  0.0236  0.0234  0.0237  0.0234  0.0235  0.0233  0.0233
registration optimization eta report
parameter search radius
    0.8000    0.8000    0.8000    2.4000    2.4000    2.4000
    2.4000    2.4000    2.4000    2.4000    2.4000    2.4000
100000*second partial in parameter space
       62.       50.       33.        6.        4.        9.
        5.       10.        4.        6.        3.        3.
  0.0235  0.0234  0.0234  0.0235  0.0234  0.0237  0.0234  0.0237  0.0234  0.0234  0.0233  0.0233
  0.0233  0.0233  0.0233  0.0233  0.0232  0.0235  0.0232  0.0234  0.0232  0.0233  0.0232  0.0232
  0.0232  0.0232  0.0232  0.0232  0.0232  0.0233  0.0232  0.0232  0.0231  0.0232  0.0231  0.0231
  0.0231  0.0231  0.0231  0.0231  0.0231  0.0231  0.0231  0.0231  0.0231  0.0231  0.0231  0.0231
  0.0232  0.0232  0.0232  0.0232  0.0232  0.0231  0.0231  0.0232  0.0231  0.0232  0.0231  0.0231
  0.0233  0.0233  0.0232  0.0233  0.0232  0.0233  0.0232  0.0234  0.0232  0.0233  0.0232  0.0232
  0.0235  0.0235  0.0233  0.0235  0.0234  0.0236  0.0234  0.0237  0.0234  0.0235  0.0233  0.0233
   -1.8332   -5.6733    3.4467   -7.3856  -23.3708   -7.3747
    3.2633   -6.5297   -1.3376   10.1454   10.1966   -1.2285
eta,q 0.97688  9.70678

---------------------------------------------------------------------
compute_vox2vox talsrcimg talsrcimg_to_711-2C_as_mni_average_305_t4 /opt/freesurfer/average/711-2C_as_mni_average_305
---------------------------------------------------------------------

freesurfer compute_vox2vox.c
Reading: talsrcimg.4dfp.ifh
Reading: talsrcimg_to_711-2C_as_mni_average_305_t4
Reading: /opt/freesurfer/average/711-2C_as_mni_average_305.4dfp.ifh
Writing: talsrcimg_to_711-2C_as_mni_average_305_t4_vox2vox.txt

start time Sat Mar 14 00:54:26 CET 2026
end		time Sat Mar 14 00:54:40 CET 2026

mpr2mni305 success

avi2talxfm orig_nu.mgz /opt/freesurfer/average/mni305.cor.mgz talsrcimg_to_711-2C_as_mni_average_305_t4_vox2vox.txt transforms/talairach.auto.xfm
avi2talxfm done
mv -f /out/sourcedata/freesurfer/sub-v2s8x29200_ses-1/mri/talsrcimg_to_711-2C_as_mni_average_305_t4_vox2vox.txt /out/sourcedata/freesurfer/sub-v2s8x29200_ses-1/mri/transforms/talsrcimg_to_711-2C_as_mni_average_305_t4_vox2vox.txt
lta_convert --src orig_nu.mgz --trg /opt/freesurfer/average/mni305.cor.mgz --inxfm transforms/talairach.auto.xfm --outlta transforms/talairach.auto.xfm.lta --subject fsaverage
7.3.2

--src: orig_nu.mgz src image (geometry).
--trg: /opt/freesurfer/average/mni305.cor.mgz trg image (geometry).
--inmni: transforms/talairach.auto.xfm input MNI/XFM transform.
--outlta: transforms/talairach.auto.xfm.lta output LTA.
--s: fsaverage subject name
 LTA read, type : 1
 1.07027   0.08030  -0.04429   3.82960;
-0.11737   1.06892   0.02214  -5.04129;
 0.03422  -0.14012   1.30128   7.64385;
 0.00000   0.00000   0.00000   1.00000;
setting subject to fsaverage
Writing  LTA to file transforms/talairach.auto.xfm.lta...
lta_convert successful.
 
 
Started at Sat Mar 14 00:54:25 CET 2026
Ended   at Sat Mar 14 00:54:40 CET 2026
talairach_avi done
