status file for recon-all
Sat Mar 14 01:00:15 CET 2026
#@# MotionCor Sat Mar 14 01:00:16 CET 2026
#@# Talairach Sat Mar 14 01:00:26 CET 2026
#@# Talairach Failure Detection Sat Mar 14 01:04:56 CET 2026
#@# Nu Intensity Correction Sat Mar 14 01:04:56 CET 2026
#@# Intensity Normalization Sat Mar 14 01:08:13 CET 2026
recon-all -s sub-v2s8x29204_ses-1 finished without error at Sat Mar 14 01:09:42 CET 2026



#New# invocation of recon-all 



status file for recon-all
Sat Mar 14 01:17:07 CET 2026
#@# EM Registration Sat Mar 14 01:17:07 CET 2026
recon-all -s sub-v2s8x29204_ses-1 finished without error at Sat Mar 14 01:19:00 CET 2026



#New# invocation of recon-all 



status file for recon-all
Sat Mar 14 01:19:01 CET 2026
#@# CA Normalize Sat Mar 14 01:19:01 CET 2026
#@# CA Reg Sat Mar 14 01:20:21 CET 2026
#@# SubCort Seg Sat Mar 14 02:08:07 CET 2026
#@# CC Seg Sat Mar 14 02:37:38 CET 2026
#@# Merge ASeg Sat Mar 14 02:38:33 CET 2026
#@# Intensity Normalization2 Sat Mar 14 02:38:33 CET 2026
#@# Mask BFS Sat Mar 14 02:40:40 CET 2026
#@# WM Segmentation Sat Mar 14 02:40:41 CET 2026
#@# Fill Sat Mar 14 02:42:40 CET 2026
recon-all -s sub-v2s8x29204_ses-1 finished without error at Sat Mar 14 02:43:43 CET 2026



#New# invocation of recon-all 



status file for recon-all
Sat Mar 14 03:39:35 CET 2026
#@# white curv lh Sat Mar 14 03:39:35 CET 2026
#@# white area lh Sat Mar 14 03:39:35 CET 2026
#@# pial curv lh Sat Mar 14 03:39:35 CET 2026
#@# pial area lh Sat Mar 14 03:39:35 CET 2026
#@# thickness lh Sat Mar 14 03:39:35 CET 2026
#@# area and vertex vol lh Sat Mar 14 03:39:35 CET 2026
#@# white curv rh Sat Mar 14 03:39:36 CET 2026
#@# white area rh Sat Mar 14 03:39:36 CET 2026
#@# pial curv rh Sat Mar 14 03:39:36 CET 2026
#@# pial area rh Sat Mar 14 03:39:36 CET 2026
#@# thickness rh Sat Mar 14 03:39:36 CET 2026
#@# area and vertex vol rh Sat Mar 14 03:39:36 CET 2026
#@# Cortical ribbon mask Sat Mar 14 03:39:36 CET 2026
recon-all -s sub-v2s8x29204_ses-1 finished without error at Sat Mar 14 03:44:02 CET 2026



#New# invocation of recon-all 



status file for recon-all
Sat Mar 14 03:51:02 CET 2026
#@# white curv lh Sat Mar 14 03:51:02 CET 2026
#@# white area lh Sat Mar 14 03:51:02 CET 2026
#@# pial curv lh Sat Mar 14 03:51:02 CET 2026
#@# pial area lh Sat Mar 14 03:51:02 CET 2026
#@# thickness lh Sat Mar 14 03:51:02 CET 2026
#@# area and vertex vol lh Sat Mar 14 03:51:02 CET 2026
#@# white curv rh Sat Mar 14 03:51:02 CET 2026
#@# white area rh Sat Mar 14 03:51:02 CET 2026
#@# pial curv rh Sat Mar 14 03:51:02 CET 2026
#@# pial area rh Sat Mar 14 03:51:02 CET 2026
#@# thickness rh Sat Mar 14 03:51:02 CET 2026
#@# area and vertex vol rh Sat Mar 14 03:51:02 CET 2026
#@# Curvature Stats lh Sat Mar 14 03:51:02 CET 2026
#@# Curvature Stats rh Sat Mar 14 03:51:04 CET 2026
#@# Relabel Hypointensities Sat Mar 14 03:51:07 CET 2026
#@# APas-to-ASeg Sat Mar 14 03:51:23 CET 2026
#@# AParc-to-ASeg aparc Sat Mar 14 03:51:31 CET 2026
#@# AParc-to-ASeg aparc.a2009s Sat Mar 14 03:52:09 CET 2026
#@# AParc-to-ASeg aparc.DKTatlas Sat Mar 14 03:52:48 CET 2026
#@# WMParc Sat Mar 14 03:53:27 CET 2026
#@# ASeg Stats Sat Mar 14 03:57:16 CET 2026
recon-all -s sub-v2s8x29204_ses-1 finished without error at Sat Mar 14 03:57:53 CET 2026
