status file for recon-all
Sat Mar 14 02:43:47 CET 2026
#@# Tessellate lh Sat Mar 14 02:43:47 CET 2026
#@# Smooth1 lh Sat Mar 14 02:43:51 CET 2026
#@# Inflation1 lh Sat Mar 14 02:43:53 CET 2026
#@# QSphere lh Sat Mar 14 02:44:07 CET 2026
#@# Fix Topology lh Sat Mar 14 02:45:15 CET 2026
#@# Smooth2 lh Sat Mar 14 02:55:17 CET 2026
#@# Inflation2 lh Sat Mar 14 02:55:20 CET 2026
#@# Curv .H and .K lh Sat Mar 14 02:55:35 CET 2026
#@# Sphere lh Sat Mar 14 02:56:21 CET 2026
#@# Surf Reg lh Sat Mar 14 03:00:22 CET 2026
#@# Jacobian white lh Sat Mar 14 03:04:46 CET 2026
#@# AvgCurv lh Sat Mar 14 03:04:47 CET 2026
#@# Cortical Parc lh Sat Mar 14 03:04:48 CET 2026
#@# white curv lh Sat Mar 14 03:10:53 CET 2026
#@# white area lh Sat Mar 14 03:10:55 CET 2026
#@# pial curv lh Sat Mar 14 03:10:56 CET 2026
#@# pial area lh Sat Mar 14 03:10:58 CET 2026
#@# thickness lh Sat Mar 14 03:10:58 CET 2026
#@# area and vertex vol lh Sat Mar 14 03:11:29 CET 2026
#@# Curvature Stats lh Sat Mar 14 03:11:30 CET 2026
#@# Cortical Parc 2 lh Sat Mar 14 03:11:33 CET 2026
#@# Cortical Parc 3 lh Sat Mar 14 03:11:47 CET 2026
#@# WM/GM Contrast lh Sat Mar 14 03:11:57 CET 2026
recon-all -s sub-v2s8x29204_ses-1 finished without error at Sat Mar 14 03:12:02 CET 2026



#New# invocation of recon-all 



status file for recon-all
Sat Mar 14 03:44:06 CET 2026
#@# white curv lh Sat Mar 14 03:44:06 CET 2026
#@# white area lh Sat Mar 14 03:44:06 CET 2026
#@# pial curv lh Sat Mar 14 03:44:06 CET 2026
#@# pial area lh Sat Mar 14 03:44:06 CET 2026
#@# thickness lh Sat Mar 14 03:44:06 CET 2026
#@# area and vertex vol lh Sat Mar 14 03:44:06 CET 2026
#@# Parcellation Stats lh Sat Mar 14 03:44:06 CET 2026
#@# Parcellation Stats 2 lh Sat Mar 14 03:44:27 CET 2026
#@# Parcellation Stats 3 lh Sat Mar 14 03:44:37 CET 2026
#@# BA_exvivo Labels lh Sat Mar 14 03:44:46 CET 2026
recon-all -s sub-v2s8x29204_ses-1 finished without error at Sat Mar 14 03:47:33 CET 2026
