status file for recon-all
Sat Mar 14 01:55:37 CET 2026
#@# MotionCor Sat Mar 14 01:55:39 CET 2026
#@# Talairach Sat Mar 14 01:55:48 CET 2026
#@# Talairach Failure Detection Sat Mar 14 02:00:16 CET 2026
#@# Nu Intensity Correction Sat Mar 14 02:00:16 CET 2026
#@# Intensity Normalization Sat Mar 14 02:03:35 CET 2026
recon-all -s sub-v2s8x29227_ses-1 finished without error at Sat Mar 14 02:05:05 CET 2026



#New# invocation of recon-all 



status file for recon-all
Sat Mar 14 02:12:15 CET 2026
#@# EM Registration Sat Mar 14 02:12:15 CET 2026
recon-all -s sub-v2s8x29227_ses-1 finished without error at Sat Mar 14 02:15:14 CET 2026



#New# invocation of recon-all 



status file for recon-all
Sat Mar 14 02:15:15 CET 2026
#@# CA Normalize Sat Mar 14 02:15:15 CET 2026
#@# CA Reg Sat Mar 14 02:16:37 CET 2026
#@# SubCort Seg Sat Mar 14 03:03:46 CET 2026
#@# CC Seg Sat Mar 14 03:30:18 CET 2026
#@# Merge ASeg Sat Mar 14 03:31:07 CET 2026
#@# Intensity Normalization2 Sat Mar 14 03:31:07 CET 2026
#@# Mask BFS Sat Mar 14 03:33:19 CET 2026
#@# WM Segmentation Sat Mar 14 03:33:20 CET 2026
#@# Fill Sat Mar 14 03:35:13 CET 2026
recon-all -s sub-v2s8x29227_ses-1 finished without error at Sat Mar 14 03:36:14 CET 2026



#New# invocation of recon-all 



status file for recon-all
Sat Mar 14 04:46:51 CET 2026
#@# white curv lh Sat Mar 14 04:46:51 CET 2026
#@# white area lh Sat Mar 14 04:46:51 CET 2026
#@# pial curv lh Sat Mar 14 04:46:51 CET 2026
#@# pial area lh Sat Mar 14 04:46:51 CET 2026
#@# thickness lh Sat Mar 14 04:46:51 CET 2026
#@# area and vertex vol lh Sat Mar 14 04:46:52 CET 2026
#@# white curv rh Sat Mar 14 04:46:52 CET 2026
#@# white area rh Sat Mar 14 04:46:52 CET 2026
#@# pial curv rh Sat Mar 14 04:46:52 CET 2026
#@# pial area rh Sat Mar 14 04:46:52 CET 2026
#@# thickness rh Sat Mar 14 04:46:52 CET 2026
#@# area and vertex vol rh Sat Mar 14 04:46:52 CET 2026
#@# Cortical ribbon mask Sat Mar 14 04:46:52 CET 2026
recon-all -s sub-v2s8x29227_ses-1 finished without error at Sat Mar 14 04:51:48 CET 2026



#New# invocation of recon-all 



status file for recon-all
Sat Mar 14 04:58:36 CET 2026
#@# white curv lh Sat Mar 14 04:58:36 CET 2026
#@# white area lh Sat Mar 14 04:58:36 CET 2026
#@# pial curv lh Sat Mar 14 04:58:36 CET 2026
#@# pial area lh Sat Mar 14 04:58:36 CET 2026
#@# thickness lh Sat Mar 14 04:58:36 CET 2026
#@# area and vertex vol lh Sat Mar 14 04:58:36 CET 2026
#@# white curv rh Sat Mar 14 04:58:36 CET 2026
#@# white area rh Sat Mar 14 04:58:36 CET 2026
#@# pial curv rh Sat Mar 14 04:58:36 CET 2026
#@# pial area rh Sat Mar 14 04:58:36 CET 2026
#@# thickness rh Sat Mar 14 04:58:36 CET 2026
#@# area and vertex vol rh Sat Mar 14 04:58:36 CET 2026
#@# Curvature Stats lh Sat Mar 14 04:58:36 CET 2026
#@# Curvature Stats rh Sat Mar 14 04:58:39 CET 2026
#@# Relabel Hypointensities Sat Mar 14 04:58:41 CET 2026
#@# APas-to-ASeg Sat Mar 14 04:58:57 CET 2026
#@# AParc-to-ASeg aparc Sat Mar 14 04:59:06 CET 2026
#@# AParc-to-ASeg aparc.a2009s Sat Mar 14 04:59:47 CET 2026
#@# AParc-to-ASeg aparc.DKTatlas Sat Mar 14 05:00:29 CET 2026
#@# WMParc Sat Mar 14 05:01:16 CET 2026
#@# ASeg Stats Sat Mar 14 05:04:45 CET 2026
recon-all -s sub-v2s8x29227_ses-1 finished without error at Sat Mar 14 05:05:23 CET 2026
