status file for recon-all
Sat Mar 14 03:36:19 CET 2026
#@# Tessellate lh Sat Mar 14 03:36:19 CET 2026
#@# Smooth1 lh Sat Mar 14 03:36:23 CET 2026
#@# Inflation1 lh Sat Mar 14 03:36:26 CET 2026
#@# QSphere lh Sat Mar 14 03:36:38 CET 2026
#@# Fix Topology lh Sat Mar 14 03:37:42 CET 2026
#@# Smooth2 lh Sat Mar 14 03:49:43 CET 2026
#@# Inflation2 lh Sat Mar 14 03:49:46 CET 2026
#@# Curv .H and .K lh Sat Mar 14 03:49:59 CET 2026
#@# Sphere lh Sat Mar 14 03:50:44 CET 2026
#@# Surf Reg lh Sat Mar 14 03:56:31 CET 2026
#@# Jacobian white lh Sat Mar 14 04:02:33 CET 2026
#@# AvgCurv lh Sat Mar 14 04:02:34 CET 2026
#@# Cortical Parc lh Sat Mar 14 04:02:34 CET 2026
#@# white curv lh Sat Mar 14 04:08:30 CET 2026
#@# white area lh Sat Mar 14 04:08:32 CET 2026
#@# pial curv lh Sat Mar 14 04:08:33 CET 2026
#@# pial area lh Sat Mar 14 04:08:35 CET 2026
#@# thickness lh Sat Mar 14 04:08:36 CET 2026
#@# area and vertex vol lh Sat Mar 14 04:09:04 CET 2026
#@# Curvature Stats lh Sat Mar 14 04:09:05 CET 2026
#@# Cortical Parc 2 lh Sat Mar 14 04:09:08 CET 2026
#@# Cortical Parc 3 lh Sat Mar 14 04:09:20 CET 2026
#@# WM/GM Contrast lh Sat Mar 14 04:09:30 CET 2026
recon-all -s sub-v2s8x29227_ses-1 finished without error at Sat Mar 14 04:09:34 CET 2026



#New# invocation of recon-all 



status file for recon-all
Sat Mar 14 04:51:52 CET 2026
#@# white curv lh Sat Mar 14 04:51:52 CET 2026
#@# white area lh Sat Mar 14 04:51:52 CET 2026
#@# pial curv lh Sat Mar 14 04:51:52 CET 2026
#@# pial area lh Sat Mar 14 04:51:52 CET 2026
#@# thickness lh Sat Mar 14 04:51:52 CET 2026
#@# area and vertex vol lh Sat Mar 14 04:51:52 CET 2026
#@# Parcellation Stats lh Sat Mar 14 04:51:52 CET 2026
#@# Parcellation Stats 2 lh Sat Mar 14 04:52:09 CET 2026
#@# Parcellation Stats 3 lh Sat Mar 14 04:52:18 CET 2026
#@# BA_exvivo Labels lh Sat Mar 14 04:52:27 CET 2026
recon-all -s sub-v2s8x29227_ses-1 finished without error at Sat Mar 14 04:55:06 CET 2026
