status file for recon-all
Sat Mar 14 01:23:26 CET 2026
#@# Tessellate lh Sat Mar 14 01:23:26 CET 2026
#@# Smooth1 lh Sat Mar 14 01:23:29 CET 2026
#@# Inflation1 lh Sat Mar 14 01:23:31 CET 2026
#@# QSphere lh Sat Mar 14 01:23:42 CET 2026
#@# Fix Topology lh Sat Mar 14 01:25:00 CET 2026
#@# Smooth2 lh Sat Mar 14 01:31:30 CET 2026
#@# Inflation2 lh Sat Mar 14 01:31:32 CET 2026
#@# Curv .H and .K lh Sat Mar 14 01:31:43 CET 2026
#@# Sphere lh Sat Mar 14 01:32:17 CET 2026
#@# Surf Reg lh Sat Mar 14 01:36:06 CET 2026
#@# Jacobian white lh Sat Mar 14 01:39:05 CET 2026
#@# AvgCurv lh Sat Mar 14 01:39:06 CET 2026
#@# Cortical Parc lh Sat Mar 14 01:39:06 CET 2026
#@# white curv lh Sat Mar 14 01:44:05 CET 2026
#@# white area lh Sat Mar 14 01:44:06 CET 2026
#@# pial curv lh Sat Mar 14 01:44:07 CET 2026
#@# pial area lh Sat Mar 14 01:44:08 CET 2026
#@# thickness lh Sat Mar 14 01:44:09 CET 2026
#@# area and vertex vol lh Sat Mar 14 01:44:26 CET 2026
#@# Curvature Stats lh Sat Mar 14 01:44:27 CET 2026
#@# Cortical Parc 2 lh Sat Mar 14 01:44:29 CET 2026
#@# Cortical Parc 3 lh Sat Mar 14 01:44:39 CET 2026
#@# WM/GM Contrast lh Sat Mar 14 01:44:46 CET 2026
recon-all -s sub-v2s8x29187_ses-1 finished without error at Sat Mar 14 01:44:49 CET 2026



#New# invocation of recon-all 



status file for recon-all
Sat Mar 14 02:16:54 CET 2026
#@# white curv lh Sat Mar 14 02:16:55 CET 2026
#@# white area lh Sat Mar 14 02:16:55 CET 2026
#@# pial curv lh Sat Mar 14 02:16:55 CET 2026
#@# pial area lh Sat Mar 14 02:16:55 CET 2026
#@# thickness lh Sat Mar 14 02:16:55 CET 2026
#@# area and vertex vol lh Sat Mar 14 02:16:55 CET 2026
#@# Parcellation Stats lh Sat Mar 14 02:16:55 CET 2026
#@# Parcellation Stats 2 lh Sat Mar 14 02:17:08 CET 2026
#@# Parcellation Stats 3 lh Sat Mar 14 02:17:15 CET 2026
#@# BA_exvivo Labels lh Sat Mar 14 02:17:21 CET 2026
recon-all -s sub-v2s8x29187_ses-1 finished without error at Sat Mar 14 02:19:30 CET 2026
