status file for recon-all
Sat Mar 14 03:57:41 CET 2026
#@# Tessellate rh Sat Mar 14 03:57:41 CET 2026
#@# Smooth1 rh Sat Mar 14 03:57:43 CET 2026
#@# Inflation1 rh Sat Mar 14 03:57:45 CET 2026
#@# QSphere rh Sat Mar 14 03:57:56 CET 2026
#@# Fix Topology rh Sat Mar 14 03:58:45 CET 2026
#@# Smooth2 rh Sat Mar 14 04:04:26 CET 2026
#@# Inflation2 rh Sat Mar 14 04:04:28 CET 2026
#@# Curv .H and .K rh Sat Mar 14 04:04:40 CET 2026
#@# Sphere rh Sat Mar 14 04:05:14 CET 2026
#@# Surf Reg rh Sat Mar 14 04:08:20 CET 2026
#@# Jacobian white rh Sat Mar 14 04:11:55 CET 2026
#@# AvgCurv rh Sat Mar 14 04:11:56 CET 2026
#@# Cortical Parc rh Sat Mar 14 04:11:57 CET 2026
#@# white curv rh Sat Mar 14 04:17:22 CET 2026
#@# white area rh Sat Mar 14 04:17:23 CET 2026
#@# pial curv rh Sat Mar 14 04:17:23 CET 2026
#@# pial area rh Sat Mar 14 04:17:25 CET 2026
#@# thickness rh Sat Mar 14 04:17:25 CET 2026
#@# area and vertex vol rh Sat Mar 14 04:17:43 CET 2026
#@# Curvature Stats rh Sat Mar 14 04:17:44 CET 2026
#@# Cortical Parc 2 rh Sat Mar 14 04:17:45 CET 2026
#@# Cortical Parc 3 rh Sat Mar 14 04:17:55 CET 2026
#@# WM/GM Contrast rh Sat Mar 14 04:18:02 CET 2026
recon-all -s sub-v2s8x29231_ses-1 finished without error at Sat Mar 14 04:18:05 CET 2026



#New# invocation of recon-all 



status file for recon-all
Sat Mar 14 04:23:33 CET 2026
#@# white curv rh Sat Mar 14 04:23:33 CET 2026
#@# white area rh Sat Mar 14 04:23:33 CET 2026
#@# pial curv rh Sat Mar 14 04:23:33 CET 2026
#@# pial area rh Sat Mar 14 04:23:33 CET 2026
#@# thickness rh Sat Mar 14 04:23:33 CET 2026
#@# area and vertex vol rh Sat Mar 14 04:23:33 CET 2026
#@# Parcellation Stats rh Sat Mar 14 04:23:33 CET 2026
#@# Parcellation Stats 2 rh Sat Mar 14 04:23:47 CET 2026
#@# Parcellation Stats 3 rh Sat Mar 14 04:23:55 CET 2026
#@# BA_exvivo Labels rh Sat Mar 14 04:24:02 CET 2026
recon-all -s sub-v2s8x29231_ses-1 finished without error at Sat Mar 14 04:26:00 CET 2026
