status file for recon-all
Sat Mar 14 02:31:29 CET 2026
#@# Tessellate lh Sat Mar 14 02:31:29 CET 2026
#@# Smooth1 lh Sat Mar 14 02:31:33 CET 2026
#@# Inflation1 lh Sat Mar 14 02:31:35 CET 2026
#@# QSphere lh Sat Mar 14 02:31:46 CET 2026
#@# Fix Topology lh Sat Mar 14 02:32:46 CET 2026
#@# Smooth2 lh Sat Mar 14 02:39:44 CET 2026
#@# Inflation2 lh Sat Mar 14 02:39:46 CET 2026
#@# Curv .H and .K lh Sat Mar 14 02:39:59 CET 2026
#@# Sphere lh Sat Mar 14 02:40:40 CET 2026
#@# Surf Reg lh Sat Mar 14 02:42:21 CET 2026
#@# Jacobian white lh Sat Mar 14 02:45:59 CET 2026
#@# AvgCurv lh Sat Mar 14 02:46:00 CET 2026
#@# Cortical Parc lh Sat Mar 14 02:46:00 CET 2026
#@# white curv lh Sat Mar 14 02:51:16 CET 2026
#@# white area lh Sat Mar 14 02:51:18 CET 2026
#@# pial curv lh Sat Mar 14 02:51:19 CET 2026
#@# pial area lh Sat Mar 14 02:51:21 CET 2026
#@# thickness lh Sat Mar 14 02:51:21 CET 2026
#@# area and vertex vol lh Sat Mar 14 02:51:46 CET 2026
#@# Curvature Stats lh Sat Mar 14 02:51:48 CET 2026
#@# Cortical Parc 2 lh Sat Mar 14 02:51:50 CET 2026
#@# Cortical Parc 3 lh Sat Mar 14 02:52:02 CET 2026
#@# WM/GM Contrast lh Sat Mar 14 02:52:11 CET 2026
recon-all -s sub-v2s8x29197_ses-1 finished without error at Sat Mar 14 02:52:16 CET 2026



#New# invocation of recon-all 



status file for recon-all
Sat Mar 14 03:27:16 CET 2026
#@# white curv lh Sat Mar 14 03:27:16 CET 2026
#@# white area lh Sat Mar 14 03:27:16 CET 2026
#@# pial curv lh Sat Mar 14 03:27:16 CET 2026
#@# pial area lh Sat Mar 14 03:27:16 CET 2026
#@# thickness lh Sat Mar 14 03:27:16 CET 2026
#@# area and vertex vol lh Sat Mar 14 03:27:16 CET 2026
#@# Parcellation Stats lh Sat Mar 14 03:27:16 CET 2026
#@# Parcellation Stats 2 lh Sat Mar 14 03:27:32 CET 2026
#@# Parcellation Stats 3 lh Sat Mar 14 03:27:40 CET 2026
#@# BA_exvivo Labels lh Sat Mar 14 03:27:49 CET 2026
recon-all -s sub-v2s8x29197_ses-1 finished without error at Sat Mar 14 03:30:19 CET 2026
