/out/sourcedata/freesurfer/sub-v2s8x29247_ses-1/mri
/opt/freesurfer/bin/talairach_avi
--i orig_nu.mgz --xfm transforms/talairach.auto.xfm
talairach_avi 7.3.2
Linux dna066 5.14.0-427.37.1.el9_4.x86_64 #1 SMP PREEMPT_DYNAMIC Fri Sep 13 12:41:50 EDT 2024 x86_64 x86_64 x86_64 GNU/Linux
Sat Mar 14 03:15:51 CET 2026
mri_convert orig_nu.mgz talsrcimg.img 
reading from orig_nu.mgz...
TR=0.00, TE=0.00, TI=0.00, flip angle=0.00
i_ras = (-1, 0, 0)
j_ras = (0, 0, -1)
k_ras = (0, 1, 0)
writing to talsrcimg.img...
Analyze Output Matrix
-1.00000   0.00000   0.00000   107.87389;
 0.00000   0.00000   1.00000  -128.00000;
 0.00000  -1.00000   0.00000   117.14668;
 0.00000   0.00000   0.00000   1.00000;
--------------------
INFO: set hdr.hist.orient to -1
mpr2mni305 talsrcimg
Sat Mar 14 03:15:51 CET 2026
/opt/freesurfer/bin/mpr2mni305 talsrcimg
mpr2mni305 7.3.2
target=711-2C_as_mni_average_305

---------------------------------------------------------------------
analyzeto4dfp talsrcimg -O0 -y
---------------------------------------------------------------------

freesurfer ifh2hdr.c
Sat Mar 14 03:15:51 2026
Writing: talsrcimg.4dfp.hdr
freesurfer analyzeto4dfp.c
Reading: talsrcimg.hdr
header size 348 bytes
hdr.dime.datatype	offset=70	value=2
hdr.dime.bitpix		offset=72	value=8
hdr.hist.orient		offset=252	value=-1
dimensionality     4
dimensions       256       256       256         1
Reading: talsrcimg.img
Writing: talsrcimg.4dfp.img
Writing: talsrcimg.4dfp.ifh
ifh2hdr talsrcimg -r0to212
ori=2

---------------------------------------------------------------------
gauss_4dfp talsrcimg 1.1
---------------------------------------------------------------------

freesurfer gauss_4dfp.c
Reading: talsrcimg.4dfp.img
Writing: talsrcimg_g11.4dfp.img
image dimensions 256 256 256 padded to 288 288 288
processing volume 1freesurfer ifh2hdr.c
Sat Mar 14 03:15:53 2026
Writing: talsrcimg_g11.4dfp.hdr

Writing: talsrcimg_g11.4dfp.ifh
including: talsrcimg.4dfp.img.rec in talsrcimg_g11.4dfp.img.rec

---------------------------------------------------------------------
imgreg_4dfp /opt/freesurfer/average/711-2C_as_mni_average_305 none talsrcimg_g11 none talsrcimg_to_711-2C_as_mni_average_305_t4 4355
---------------------------------------------------------------------

freesurfer imgreg_4dfp.c
/opt/freesurfer/average/711-2C_as_mni_average_305.4dfp.img
       256       256       256         1
  1.000000  1.000000  1.000000
orientation T byte_order littleendian
Reading image: /opt/freesurfer/average/711-2C_as_mni_average_305.4dfp.img
dimensions:      256       256       256
mmppix:       1.0000   -1.0000   -1.0000
center:     128.0000 -129.0000 -129.0000
talsrcimg_g11.4dfp.img
       256       256       256         1
  1.000000  1.000000  1.000000
orientation T byte_order littleendian
Reading image: talsrcimg_g11.4dfp.img
dimensions:      256       256       256
mmppix:       1.0000   -1.0000   -1.0000
center:     128.0000 -129.0000 -129.0000
t4_read: open error in t4_sub.f l:  41 t4_file(1:l)talsrcimg_to_711-2C_as_mni_average_305_t4 
t4_read: transform initialized to I4
rotation matrix determinant  1.000000
image alignment mode   4355 decimal     1103 hex
   -7.5000  -45.0000  -45.0000 9139.4453   18.5291
    0.0000  -45.0000  -45.0000 9602.0449   18.4886
    7.5000  -45.0000  -45.0000 9138.4658   18.5039
   -7.5000  -37.5000  -45.0000 9481.9482   18.5219
    0.0000  -37.5000  -45.0000 9963.7764   18.4810
    7.5000  -37.5000  -45.0000 9480.2500   18.5041
   -7.5000  -30.0000  -45.000010166.7705   18.5355
    0.0000  -30.0000  -45.000010680.9141   18.4938
    7.5000  -30.0000  -45.000010160.2402   18.5136
   -7.5000  -22.5000  -45.000010802.2412   18.5565
    0.0000  -22.5000  -45.000011324.8496   18.5129
    7.5000  -22.5000  -45.000010790.3154   18.5203
   -7.5000  -15.0000  -45.000011374.6924   18.5590
    0.0000  -15.0000  -45.000011924.0723   18.5162
    7.5000  -15.0000  -45.000011348.8008   18.5159
   -7.5000   -7.5000  -45.000011872.8936   18.5450
    0.0000   -7.5000  -45.000012459.7607   18.5048
    7.5000   -7.5000  -45.000011844.3379   18.5091
   -7.5000    0.0000  -45.000012255.8994   18.5291
    0.0000    0.0000  -45.000012842.3721   18.4886
    7.5000    0.0000  -45.000012200.6699   18.5039
   -7.5000    7.5000  -45.000011557.7705   18.5219
    0.0000    7.5000  -45.000012122.2080   18.4810
    7.5000    7.5000  -45.000011500.9736   18.5041
   -7.5000   15.0000  -45.000010774.3027   18.5355
    0.0000   15.0000  -45.000011302.8564   18.4938
    7.5000   15.0000  -45.000010721.3076   18.5136
   -7.5000   22.5000  -45.0000 9947.2070   18.5540
    0.0000   22.5000  -45.000010427.2705   18.5103
    7.5000   22.5000  -45.0000 9889.2373   18.5178
   -7.5000   30.0000  -45.0000 9145.6826   18.3117
    0.0000   30.0000  -45.0000 9560.8359   18.2695
    7.5000   30.0000  -45.0000 9045.9512   18.2692
   -7.5000   37.5000  -45.0000 8613.4043   18.2988
    0.0000   37.5000  -45.0000 8977.7725   18.2591
    7.5000   37.5000  -45.0000 8479.1084   18.2633
   -7.5000   45.0000  -45.0000 7661.2969   17.9450
    0.0000   45.0000  -45.0000 7982.9019   17.9039
    7.5000   45.0000  -45.0000 7529.2524   17.9177
   -7.5000  -45.0000  -37.5000 9735.7129   18.5345
    0.0000  -45.0000  -37.500010230.1611   18.4882
    7.5000  -45.0000  -37.5000 9728.6836   18.4983
   -7.5000  -37.5000  -37.500010089.3799   18.5150
    0.0000  -37.5000  -37.500010605.2412   18.4669
    7.5000  -37.5000  -37.500010079.8281   18.4831
   -7.5000  -30.0000  -37.500010789.2725   18.5180
    0.0000  -30.0000  -37.500011339.1875   18.4692
    7.5000  -30.0000  -37.500010779.3418   18.4836
   -7.5000  -22.5000  -37.500011429.9014   18.5408
    0.0000  -22.5000  -37.500012009.7734   18.4916
    7.5000  -22.5000  -37.500011432.2793   18.4973
   -7.5000  -15.0000  -37.500012026.6660   18.5541
    0.0000  -15.0000  -37.500012639.1123   18.5071
    7.5000  -15.0000  -37.500012032.4365   18.5079
   -7.5000   -7.5000  -37.500012552.4004   18.5509
    0.0000   -7.5000  -37.500013181.6201   18.5060
    7.5000   -7.5000  -37.500012537.3506   18.5094
   -7.5000    0.0000  -37.500012912.5615   18.5345
    0.0000    0.0000  -37.500013536.6250   18.4882
    7.5000    0.0000  -37.500012867.2256   18.4983
   -7.5000    7.5000  -37.500012141.1367   18.5150
    0.0000    7.5000  -37.500012733.2500   18.4669
    7.5000    7.5000  -37.500012090.4766   18.4831
   -7.5000   15.0000  -37.500011294.8662   18.5180
    0.0000   15.0000  -37.500011856.4297   18.4692
    7.5000   15.0000  -37.500011227.4268   18.4836
   -7.5000   22.5000  -37.500010394.8867   18.5382
    0.0000   22.5000  -37.500010888.0430   18.4891
    7.5000   22.5000  -37.500010333.2246   18.4948
   -7.5000   30.0000  -37.5000 9512.1084   18.3069
    0.0000   30.0000  -37.5000 9954.1318   18.2605
    7.5000   30.0000  -37.5000 9439.5479   18.2612
   -7.5000   37.5000  -37.5000 8948.2461   18.3046
    0.0000   37.5000  -37.5000 9331.2207   18.2602
    7.5000   37.5000  -37.5000 8841.4219   18.2635
   -7.5000   45.0000  -37.5000 7971.6860   17.9505
    0.0000   45.0000  -37.5000 8302.1787   17.9036
    7.5000   45.0000  -37.5000 7850.8013   17.9121
   -7.5000  -45.0000  -30.000010441.9844   19.3133
    0.0000  -45.0000  -30.000011002.3369   19.2669
    7.5000  -45.0000  -30.000010461.0352   19.2737
   -7.5000  -37.5000  -30.000010819.6924   19.2906
    0.0000  -37.5000  -30.000011378.7207   19.2420
    7.5000  -37.5000  -30.000010819.2139   19.2529
   -7.5000  -30.0000  -30.000011556.9121   19.2917
    0.0000  -30.0000  -30.000012131.8223   19.2411
    7.5000  -30.0000  -30.000011548.1357   19.2527
   -7.5000  -22.5000  -30.000012236.4707   19.3146
    0.0000  -22.5000  -30.000012862.4541   19.2627
    7.5000  -22.5000  -30.000012236.8740   19.2716
   -7.5000  -15.0000  -30.000012874.6084   19.3313
    0.0000  -15.0000  -30.000013537.4170   19.2819
    7.5000  -15.0000  -30.000012869.7539   19.2890
   -7.5000   -7.5000  -30.000013404.4229   19.3310
    0.0000   -7.5000  -30.000014096.4688   19.2851
    7.5000   -7.5000  -30.000013382.9824   19.2910
   -7.5000    0.0000  -30.000013734.3965   19.3133
    0.0000    0.0000  -30.000014433.0801   19.2669
    7.5000    0.0000  -30.000013698.4639   19.2737
   -7.5000    7.5000  -30.000012915.2041   19.2906
    0.0000    7.5000  -30.000013549.2666   19.2420
    7.5000    7.5000  -30.000012857.9326   19.2529
   -7.5000   15.0000  -30.000012001.4932   19.2917
    0.0000   15.0000  -30.000012610.1621   19.2411
    7.5000   15.0000  -30.000011956.8848   19.2527
   -7.5000   22.5000  -30.000011033.7578   19.3100
    0.0000   22.5000  -30.000011559.3691   19.2581
    7.5000   22.5000  -30.000010973.4346   19.2670
   -7.5000   30.0000  -30.000010067.2715   19.0755
    0.0000   30.0000  -30.000010555.1055   19.0268
    7.5000   30.0000  -30.0000 9984.0176   19.0338
   -7.5000   37.5000  -30.0000 9435.6641   19.0762
    0.0000   37.5000  -30.0000 9860.5381   19.0308
    7.5000   37.5000  -30.0000 9337.4043   19.0366
   -7.5000   45.0000  -30.0000 8380.8262   18.7187
    0.0000   45.0000  -30.0000 8752.4482   18.6718
    7.5000   45.0000  -30.0000 8279.4268   18.6767
   -7.5000  -45.0000  -22.500011160.7246   19.9472
    0.0000  -45.0000  -22.500011749.6387   19.9077
    7.5000  -45.0000  -22.500011197.7461   19.9169
   -7.5000  -37.5000  -22.500011538.7002   19.9360
    0.0000  -37.5000  -22.500012140.6484   19.8954
    7.5000  -37.5000  -22.500011560.4873   19.9079
   -7.5000  -30.0000  -22.500012303.5469   19.9451
    0.0000  -30.0000  -22.500012942.2207   19.9008
    7.5000  -30.0000  -22.500012308.4648   19.9155
   -7.5000  -22.5000  -22.500013011.9883   19.9631
    0.0000  -22.5000  -22.500013711.1465   19.9146
    7.5000  -22.5000  -22.500013017.1494   19.9299
   -7.5000  -15.0000  -22.500013666.3809   19.9696
    0.0000  -15.0000  -22.500014418.3809   19.9227
    7.5000  -15.0000  -22.500013670.8682   19.9373
   -7.5000   -7.5000  -22.500014189.5420   19.9628
    0.0000   -7.5000  -22.500014963.5459   19.9211
    7.5000   -7.5000  -22.500014187.0244   19.9318
   -7.5000    0.0000  -22.500014534.3984   19.9472
    0.0000    0.0000  -22.500015317.9209   19.9077
    7.5000    0.0000  -22.500014505.1631   19.9169
   -7.5000    7.5000  -22.500013633.2168   19.9360
    0.0000    7.5000  -22.500014349.8096   19.8954
    7.5000    7.5000  -22.500013607.4609   19.9079
   -7.5000   15.0000  -22.500012657.2861   19.9451
    0.0000   15.0000  -22.500013328.7588   19.9008
    7.5000   15.0000  -22.500012628.7451   19.9155
   -7.5000   22.5000  -22.500011622.8721   19.9570
    0.0000   22.5000  -22.500012221.8613   19.9085
    7.5000   22.5000  -22.500011579.3936   19.9238
   -7.5000   30.0000  -22.500010609.7529   19.7084
    0.0000   30.0000  -22.500011142.5420   19.6621
    7.5000   30.0000  -22.500010512.1074   19.6765
   -7.5000   37.5000  -22.5000 9904.0332   19.7027
    0.0000   37.5000  -22.500010383.9883   19.6615
    7.5000   37.5000  -22.5000 9827.2324   19.6720
   -7.5000   45.0000  -22.5000 8783.0459   19.3474
    0.0000   45.0000  -22.5000 9194.3604   19.3072
    7.5000   45.0000  -22.5000 8700.8770   19.3145
   -7.5000  -45.0000  -15.000011941.2588   20.3950
    0.0000  -45.0000  -15.000012567.5049   20.3603
    7.5000  -45.0000  -15.000011980.3359   20.3759
   -7.5000  -37.5000  -15.000012317.3066   20.3980
    0.0000  -37.5000  -15.000012952.6846   20.3639
    7.5000  -37.5000  -15.000012326.7061   20.3837
   -7.5000  -30.0000  -15.000013083.2178   20.4169
    0.0000  -30.0000  -15.000013779.7285   20.3793
    7.5000  -30.0000  -15.000013085.2666   20.3999
   -7.5000  -22.5000  -15.000013804.3760   20.4303
    0.0000  -22.5000  -15.000014580.5244   20.3864
    7.5000  -22.5000  -15.000013807.3359   20.4052
   -7.5000  -15.0000  -15.000014493.4902   20.4237
    0.0000  -15.0000  -15.000015333.3525   20.3798
    7.5000  -15.0000  -15.000014490.9795   20.3964
   -7.5000   -7.5000  -15.000015002.8564   20.4073
    0.0000   -7.5000  -15.000015866.9473   20.3690
    7.5000   -7.5000  -15.000015013.5225   20.3832
   -7.5000    0.0000  -15.000015317.9004   20.3950
    0.0000    0.0000  -15.000016211.1289   20.3603
    7.5000    0.0000  -15.000015332.4463   20.3759
   -7.5000    7.5000  -15.000014342.8594   20.3980
    0.0000    7.5000  -15.000015167.2129   20.3639
    7.5000    7.5000  -15.000014367.9551   20.3837
   -7.5000   15.0000  -15.000013317.1729   20.4169
    0.0000   15.0000  -15.000014068.3867   20.3793
    7.5000   15.0000  -15.000013316.4570   20.3999
   -7.5000   22.5000  -15.000012221.5791   20.4230
    0.0000   22.5000  -15.000012890.3955   20.3792
    7.5000   22.5000  -15.000012207.4717   20.3980
   -7.5000   30.0000  -15.000011122.3877   20.1594
    0.0000   30.0000  -15.000011716.9072   20.1161
    7.5000   30.0000  -15.000011072.9189   20.1324
   -7.5000   37.5000  -15.000010383.0137   20.1443
    0.0000   37.5000  -15.000010903.4365   20.1063
    7.5000   37.5000  -15.000010316.4082   20.1204
   -7.5000   45.0000  -15.0000 9184.9834   19.7931
    0.0000   45.0000  -15.0000 9632.7510   19.7577
    7.5000   45.0000  -15.0000 9096.8477   19.7715
   -7.5000  -45.0000   -7.500012762.5303   20.6352
    0.0000  -45.0000   -7.500013425.7676   20.5974
    7.5000  -45.0000   -7.500012780.8945   20.6168
   -7.5000  -37.5000   -7.500013179.7168   20.6383
    0.0000  -37.5000   -7.500013865.0586   20.6013
    7.5000  -37.5000   -7.500013189.6777   20.6277
   -7.5000  -30.0000   -7.500013942.2627   20.6604
    0.0000  -30.0000   -7.500014701.9219   20.6213
    7.5000  -30.0000   -7.500013946.2002   20.6454
   -7.5000  -22.5000   -7.500014691.0469   20.6786
    0.0000  -22.5000   -7.500015517.6426   20.6343
    7.5000  -22.5000   -7.500014689.8975   20.6489
   -7.5000  -15.0000   -7.500015396.7412   20.6717
    0.0000  -15.0000   -7.500016271.5615   20.6272
    7.5000  -15.0000   -7.500015383.0420   20.6354
   -7.5000   -7.5000   -7.500015906.4551   20.6506
    0.0000   -7.5000   -7.500016807.9922   20.6104
    7.5000   -7.5000   -7.500015907.4902   20.6211
   -7.5000    0.0000   -7.500016219.7637   20.6352
    0.0000    0.0000   -7.500017163.4355   20.5974
    7.5000    0.0000   -7.500016249.3818   20.6168
   -7.5000    7.5000   -7.500015186.9717   20.6383
    0.0000    7.5000   -7.500016064.9014   20.6013
    7.5000    7.5000   -7.500015234.9082   20.6277
   -7.5000   15.0000   -7.500014101.7891   20.6604
    0.0000   15.0000   -7.500014891.7373   20.6213
    7.5000   15.0000   -7.500014108.1484   20.6454
   -7.5000   22.5000   -7.500012932.4072   20.6690
    0.0000   22.5000   -7.500013629.8809   20.6248
    7.5000   22.5000   -7.500012934.0244   20.6394
   -7.5000   30.0000   -7.500011731.7861   20.4037
    0.0000   30.0000   -7.500012366.4111   20.3597
    7.5000   30.0000   -7.500011710.0166   20.3678
   -7.5000   37.5000   -7.500010907.2148   20.3838
    0.0000   37.5000   -7.500011500.0371   20.3441
    7.5000   37.5000   -7.500010857.5244   20.3546
   -7.5000   45.0000   -7.5000 9619.1553   20.0299
    0.0000   45.0000   -7.500010110.7822   19.9912
    7.5000   45.0000   -7.5000 9537.0957   20.0089
   -7.5000  -45.0000    0.000013403.0625   20.7101
    0.0000  -45.0000    0.000014078.8779   20.6643
    7.5000  -45.0000    0.000013406.1904   20.6815
   -7.5000  -37.5000    0.000013887.2588   20.7010
    0.0000  -37.5000    0.000014654.7080   20.6548
    7.5000  -37.5000    0.000013879.4199   20.6805
   -7.5000  -30.0000    0.000014660.1875   20.7155
    0.0000  -30.0000    0.000015419.3955   20.6683
    7.5000  -30.0000    0.000014657.4922   20.6904
   -7.5000  -22.5000    0.000015323.9248   20.7398
    0.0000  -22.5000    0.000016049.7715   20.6902
    7.5000  -22.5000    0.000015363.7217   20.6986
   -7.5000  -15.0000    0.000016042.4375   20.7437
    0.0000  -15.0000    0.000016779.4199   20.6952
    7.5000  -15.0000    0.000016081.5938   20.6949
   -7.5000   -7.5000    0.000016577.5957   20.7284
    0.0000   -7.5000    0.000017374.3457   20.6828
    7.5000   -7.5000    0.000016621.4395   20.6878
   -7.5000    0.0000    0.000016933.1836   20.7101
    0.0000    0.0000    0.000017794.9883   20.6643
    7.5000    0.0000    0.000016979.3047   20.6815
   -7.5000    7.5000    0.000015904.5869   20.7010
    0.0000    7.5000    0.000016722.3496   20.6548
    7.5000    7.5000    0.000015927.6865   20.6805
   -7.5000   15.0000    0.000014791.9873   20.7155
    0.0000   15.0000    0.000015538.9619   20.6683
    7.5000   15.0000    0.000014760.7256   20.6904
   -7.5000   22.5000    0.000013572.5107   20.7302
    0.0000   22.5000    0.000014275.8848   20.6807
    7.5000   22.5000    0.000013536.8398   20.6890
   -7.5000   30.0000    0.000012297.4238   20.4752
    0.0000   30.0000    0.000012950.3105   20.4273
    7.5000   30.0000    0.000012250.5205   20.4270
   -7.5000   37.5000    0.000011398.6455   20.4613
    0.0000   37.5000    0.000011985.0439   20.4161
    7.5000   37.5000    0.000011347.1182   20.4210
   -7.5000   45.0000    0.000010017.4785   20.1044
    0.0000   45.0000    0.000010513.3877   20.0577
    7.5000   45.0000    0.0000 9941.2734   20.0733
   -7.5000  -45.0000    7.500012943.1982   20.7406
    0.0000  -45.0000    7.500013568.1221   20.6888
    7.5000  -45.0000    7.500012917.4346   20.7001
   -7.5000  -37.5000    7.500013434.3105   20.7188
    0.0000  -37.5000    7.500014131.2158   20.6650
    7.5000  -37.5000    7.500013394.2627   20.6831
   -7.5000  -30.0000    7.500014225.5928   20.7221
    0.0000  -30.0000    7.500014887.0254   20.6675
    7.5000  -30.0000    7.500014215.4258   20.6837
   -7.5000  -22.5000    7.500014952.3955   20.7476
    0.0000  -22.5000    7.500015536.3105   20.6926
    7.5000  -22.5000    7.500014973.8438   20.6990
   -7.5000  -15.0000    7.500015639.8379   20.7626
    0.0000  -15.0000    7.500016219.5615   20.7100
    7.5000  -15.0000    7.500015650.7090   20.7108
   -7.5000   -7.5000    7.500016143.9648   20.7589
    0.0000   -7.5000    7.500016816.9590   20.7087
    7.5000   -7.5000    7.500016127.6426   20.7125
   -7.5000    0.0000    7.500016432.0938   20.7406
    0.0000    0.0000    7.500017199.8008   20.6888
    7.5000    0.0000    7.500016417.9707   20.7001
   -7.5000    7.5000    7.500015374.3809   20.7188
    0.0000    7.5000    7.500016146.4688   20.6650
    7.5000    7.5000    7.500015376.1084   20.6831
   -7.5000   15.0000    7.500014297.9316   20.7221
    0.0000   15.0000    7.500015021.4473   20.6675
    7.5000   15.0000    7.500014249.1758   20.6837
   -7.5000   22.5000    7.500013128.4668   20.7380
    0.0000   22.5000    7.500013808.6230   20.6831
    7.5000   22.5000    7.500013060.7725   20.6895
   -7.5000   30.0000    7.500011885.1338   20.4939
    0.0000   30.0000    7.500012524.3945   20.4420
    7.5000   30.0000    7.500011815.7246   20.4428
   -7.5000   37.5000    7.500010973.5830   20.4913
    0.0000   37.5000    7.500011526.5635   20.4416
    7.5000   37.5000    7.500010876.9219   20.4454
   -7.5000   45.0000    7.5000 9640.0781   20.1344
    0.0000   45.0000    7.500010094.4707   20.0818
    7.5000   45.0000    7.5000 9523.9023   20.0914
   -7.5000  -45.0000   15.000012344.7637   20.7395
    0.0000  -45.0000   15.000012876.8359   20.6896
    7.5000  -45.0000   15.000012299.6348   20.6970
   -7.5000  -37.5000   15.000012769.5322   20.7151
    0.0000  -37.5000   15.000013379.1787   20.6629
    7.5000  -37.5000   15.000012709.5664   20.6746
   -7.5000  -30.0000   15.000013595.5303   20.7163
    0.0000  -30.0000   15.000014247.2256   20.6619
    7.5000  -30.0000   15.000013534.6162   20.6744
   -7.5000  -22.5000   15.000014408.8047   20.7409
    0.0000  -22.5000   15.000015141.1895   20.6851
    7.5000  -22.5000   15.000014338.7529   20.6947
   -7.5000  -15.0000   15.000015089.9912   20.7588
    0.0000  -15.0000   15.000015905.3096   20.7058
    7.5000  -15.0000   15.000015026.0098   20.7134
   -7.5000   -7.5000   15.000015513.1992   20.7584
    0.0000   -7.5000   15.000016390.6699   20.7092
    7.5000   -7.5000   15.000015467.6562   20.7155
   -7.5000    0.0000   15.000015734.2617   20.7395
    0.0000    0.0000   15.000016623.2500   20.6896
    7.5000    0.0000   15.000015717.0762   20.6970
   -7.5000    7.5000   15.000014700.0713   20.7151
    0.0000    7.5000   15.000015473.4014   20.6629
    7.5000    7.5000   15.000014700.8623   20.6746
   -7.5000   15.0000   15.000013657.8750   20.7163
    0.0000   15.0000   15.000014343.5908   20.6619
    7.5000   15.0000   15.000013635.8535   20.6744
   -7.5000   22.5000   15.000012534.4648   20.7313
    0.0000   22.5000   15.000013120.0762   20.6756
    7.5000   22.5000   15.000012479.3525   20.6851
   -7.5000   30.0000   15.000011319.1943   20.4901
    0.0000   30.0000   15.000011850.7109   20.4378
    7.5000   30.0000   15.000011281.1436   20.4453
   -7.5000   37.5000   15.000010450.5205   20.4908
    0.0000   37.5000   15.000010895.2402   20.4421
    7.5000   37.5000   15.000010367.4033   20.4483
   -7.5000   45.0000   15.0000 9174.0459   20.1335
    0.0000   45.0000   15.0000 9539.7256   20.0830
    7.5000   45.0000   15.0000 9096.0488   20.0884
   -7.5000  -45.0000   22.500011622.7148   20.7430
    0.0000  -45.0000   22.500012192.3213   20.7021
    7.5000  -45.0000   22.500011561.5391   20.7118
   -7.5000  -37.5000   22.500012028.1582   20.7312
    0.0000  -37.5000   22.500012630.4541   20.6892
    7.5000  -37.5000   22.500011959.7334   20.7024
   -7.5000  -30.0000   22.500012845.8467   20.7408
    0.0000  -30.0000   22.500013434.2207   20.6948
    7.5000  -30.0000   22.500012754.9004   20.7103
   -7.5000  -22.5000   22.500013621.4922   20.7596
    0.0000  -22.5000   22.500014251.1973   20.7094
    7.5000  -22.5000   22.500013520.0273   20.7254
   -7.5000  -15.0000   22.500014311.0947   20.7664
    0.0000  -15.0000   22.500014967.0518   20.7178
    7.5000  -15.0000   22.500014214.5146   20.7331
   -7.5000   -7.5000   22.500014744.5938   20.7593
    0.0000   -7.5000   22.500015439.3252   20.7161
    7.5000   -7.5000   22.500014672.5635   20.7274
   -7.5000    0.0000   22.500014966.3223   20.7430
    0.0000    0.0000   22.500015653.1475   20.7021
    7.5000    0.0000   22.500014906.4805   20.7118
   -7.5000    7.5000   22.500013998.3789   20.7312
    0.0000    7.5000   22.500014600.9150   20.6892
    7.5000    7.5000   22.500013929.4697   20.7024
   -7.5000   15.0000   22.500012973.3447   20.7408
    0.0000   15.0000   22.500013550.7686   20.6948
    7.5000   15.0000   22.500012908.8652   20.7103
   -7.5000   22.5000   22.500011854.4062   20.7501
    0.0000   22.5000   22.500012367.3916   20.6998
    7.5000   22.5000   22.500011778.3232   20.7158
   -7.5000   30.0000   22.500010661.9404   20.4977
    0.0000   30.0000   22.500011126.8203   20.4497
    7.5000   30.0000   22.500010623.2393   20.4648
   -7.5000   37.5000   22.5000 9807.1992   20.4917
    0.0000   37.5000   22.500010216.7363   20.4490
    7.5000   37.5000   22.5000 9744.5322   20.4600
   -7.5000   45.0000   22.5000 8580.0742   20.1369
    0.0000   45.0000   22.5000 8931.9014   20.0952
    7.5000   45.0000   22.5000 8527.9570   20.1030
   -7.5000  -45.0000   30.000010805.8633   20.8148
    0.0000  -45.0000   30.000011280.9805   20.7797
    7.5000  -45.0000   30.000010739.1045   20.7954
   -7.5000  -37.5000   30.000011184.9150   20.8180
    0.0000  -37.5000   30.000011662.0049   20.7835
    7.5000  -37.5000   30.000011100.6650   20.8035
   -7.5000  -30.0000   30.000011945.0176   20.8377
    0.0000  -30.0000   30.000012427.8086   20.7995
    7.5000  -30.0000   30.000011840.7852   20.8203
   -7.5000  -22.5000   30.000012660.5410   20.8515
    0.0000  -22.5000   30.000013184.5283   20.8068
    7.5000  -22.5000   30.000012543.5557   20.8258
   -7.5000  -15.0000   30.000013302.1426   20.8445
    0.0000  -15.0000   30.000013845.4902   20.7999
    7.5000  -15.0000   30.000013172.0088   20.8165
   -7.5000   -7.5000   30.000013697.5381   20.8275
    0.0000   -7.5000   30.000014292.9014   20.7886
    7.5000   -7.5000   30.000013610.7168   20.8029
   -7.5000    0.0000   30.000013904.1143   20.8148
    0.0000    0.0000   30.000014515.2217   20.7797
    7.5000    0.0000   30.000013813.3096   20.7954
   -7.5000    7.5000   30.000013025.6221   20.8180
    0.0000    7.5000   30.000013568.8506   20.7835
    7.5000    7.5000   30.000012921.4102   20.8035
   -7.5000   15.0000   30.000012061.1045   20.8377
    0.0000   15.0000   30.000012533.0293   20.7995
    7.5000   15.0000   30.000011949.7676   20.8203
   -7.5000   22.5000   30.000011030.3652   20.8418
    0.0000   22.5000   30.000011473.2275   20.7972
    7.5000   22.5000   30.000010923.2754   20.8162
   -7.5000   30.0000   30.0000 9901.8379   20.5748
    0.0000   30.0000   30.000010321.2480   20.5307
    7.5000   30.0000   30.0000 9839.0752   20.5471
   -7.5000   37.5000   30.0000 9096.8242   20.5590
    0.0000   37.5000   30.0000 9468.4219   20.5205
    7.5000   37.5000   30.0000 9023.8779   20.5345
   -7.5000   45.0000   30.0000 7947.5405   20.2037
    0.0000   45.0000   30.0000 8273.0605   20.1678
    7.5000   45.0000   30.0000 7875.5059   20.1817
   -7.5000  -45.0000   37.500010346.8281   21.1365
    0.0000  -45.0000   37.500010832.2783   21.0979
    7.5000  -45.0000   37.500010305.3818   21.1172
   -7.5000  -37.5000   37.500010740.1289   21.1400
    0.0000  -37.5000   37.500011222.9033   21.1020
    7.5000  -37.5000   37.500010682.8838   21.1287
   -7.5000  -30.0000   37.500011482.7725   21.1633
    0.0000  -30.0000   37.500011973.7588   21.1230
    7.5000  -30.0000   37.500011395.2451   21.1473
   -7.5000  -22.5000   37.500012178.9326   21.1820
    0.0000  -22.5000   37.500012687.5684   21.1364
    7.5000  -22.5000   37.500012072.8027   21.1509
   -7.5000  -15.0000   37.500012781.8652   21.1746
    0.0000  -15.0000   37.500013314.2295   21.1289
    7.5000  -15.0000   37.500012667.0713   21.1366
   -7.5000   -7.5000   37.500013184.6758   21.1525
    0.0000   -7.5000   37.500013705.0674   21.1113
    7.5000   -7.5000   37.500013070.6191   21.1217
   -7.5000    0.0000   37.500013379.7129   21.1365
    0.0000    0.0000   37.500013919.5361   21.0979
    7.5000    0.0000   37.500013279.2227   21.1172
   -7.5000    7.5000   37.500012527.6836   21.1400
    0.0000    7.5000   37.500013047.0068   21.1020
    7.5000    7.5000   37.500012439.3574   21.1287
   -7.5000   15.0000   37.500011602.4453   21.1633
    0.0000   15.0000   37.500012072.8330   21.1230
    7.5000   15.0000   37.500011502.0186   21.1473
   -7.5000   22.5000   37.500010614.0967   21.1723
    0.0000   22.5000   37.500011028.6797   21.1267
    7.5000   22.5000   37.500010498.3096   21.1411
   -7.5000   30.0000   37.5000 9531.5137   20.9005
    0.0000   30.0000   37.5000 9918.1602   20.8555
    7.5000   30.0000   37.5000 9445.9043   20.8631
   -7.5000   37.5000   37.5000 8741.5283   20.8797
    0.0000   37.5000   37.5000 9095.1826   20.8390
    7.5000   37.5000   37.5000 8668.2812   20.8492
   -7.5000   45.0000   37.5000 7635.4521   20.5150
    0.0000   45.0000   37.5000 7944.1523   20.4754
    7.5000   45.0000   37.5000 7562.7080   20.4933
   -7.5000  -45.0000   45.0000 9460.6406   21.4568
    0.0000  -45.0000   45.0000 9924.7344   21.4080
    7.5000  -45.0000   45.0000 9433.0742   21.4242
   -7.5000  -37.5000   45.0000 9817.9717   21.4468
    0.0000  -37.5000   45.000010275.6084   21.3970
    7.5000  -37.5000   45.0000 9780.5137   21.4220
   -7.5000  -30.0000   45.000010481.0693   21.4617
    0.0000  -30.0000   45.000010974.7246   21.4113
    7.5000  -30.0000   45.000010440.6826   21.4324
   -7.5000  -22.5000   45.000011114.1816   21.4873
    0.0000  -22.5000   45.000011610.7559   21.4353
    7.5000  -22.5000   45.000011038.8223   21.4423
   -7.5000  -15.0000   45.000011678.9941   21.4917
    0.0000  -15.0000   45.000012185.9531   21.4413
    7.5000  -15.0000   45.000011575.1641   21.4398
   -7.5000   -7.5000   45.000012064.0762   21.4761
    0.0000   -7.5000   45.000012562.8926   21.4283
    7.5000   -7.5000   45.000011972.0068   21.4321
   -7.5000    0.0000   45.000012248.6279   21.4568
    0.0000    0.0000   45.000012751.6611   21.4080
    7.5000    0.0000   45.000012152.4717   21.4242
   -7.5000    7.5000   45.000011483.0000   21.4468
    0.0000    7.5000   45.000011984.3242   21.3970
    7.5000    7.5000   45.000011410.3506   21.4220
   -7.5000   15.0000   45.000010613.6631   21.4617
    0.0000   15.0000   45.000011079.9717   21.4113
    7.5000   15.0000   45.000010535.4365   21.4324
   -7.5000   22.5000   45.0000 9712.2344   21.4773
    0.0000   22.5000   45.000010137.1191   21.4253
    7.5000   22.5000   45.0000 9630.1631   21.4324
   -7.5000   30.0000   45.0000 8727.7529   21.2118
    0.0000   30.0000   45.0000 9105.3057   21.1620
    7.5000   30.0000   45.0000 8657.6777   21.1605
   -7.5000   37.5000   45.0000 8026.1802   21.1972
    0.0000   37.5000   45.0000 8355.2549   21.1500
    7.5000   37.5000   45.0000 7955.7192   21.1538
   -7.5000   45.0000   45.0000 7038.6284   20.8357
    0.0000   45.0000   45.0000 7317.1221   20.7862
    7.5000   45.0000   45.0000 6962.2808   20.8011

---------------------------------------------------------------------
imgreg_4dfp /opt/freesurfer/average/711-2C_as_mni_average_305 /opt/freesurfer/average/711-2B_as_mni_average_305_mask talsrcimg_g11 none talsrcimg_to_711-2C_as_mni_average_305_t4 4355
---------------------------------------------------------------------

freesurfer imgreg_4dfp.c
/opt/freesurfer/average/711-2C_as_mni_average_305.4dfp.img
       256       256       256         1
  1.000000  1.000000  1.000000
orientation T byte_order littleendian
Reading image: /opt/freesurfer/average/711-2C_as_mni_average_305.4dfp.img
dimensions:      256       256       256
mmppix:       1.0000   -1.0000   -1.0000
center:     128.0000 -129.0000 -129.0000
/opt/freesurfer/average/711-2B_as_mni_average_305_mask.4dfp.img
       256       256       256         1
  1.000000  1.000000  1.000000
orientation T byte_order littleendian
Reading mask: /opt/freesurfer/average/711-2B_as_mni_average_305_mask.4dfp.img (2306576 pixels)
talsrcimg_g11.4dfp.img
       256       256       256         1
  1.000000  1.000000  1.000000
orientation T byte_order littleendian
Reading image: talsrcimg_g11.4dfp.img
dimensions:      256       256       256
mmppix:       1.0000   -1.0000   -1.0000
center:     128.0000 -129.0000 -129.0000
rotation matrix determinant  1.000000
image alignment mode   4355 decimal     1103 hex
   -7.5000  -45.0000  -45.0000 2230.2314   18.0766
    0.0000  -45.0000  -45.0000 2241.8687   18.0475
    7.5000  -45.0000  -45.0000 2229.3401   18.1642
   -7.5000  -37.5000  -45.0000 2280.4875   17.0403
    0.0000  -37.5000  -45.0000 2297.4275   17.0075
    7.5000  -37.5000  -45.0000 2277.9580   17.1413
   -7.5000  -30.0000  -45.0000 2316.9287   16.4488
    0.0000  -30.0000  -45.0000 2327.4583   16.3578
    7.5000  -30.0000  -45.0000 2311.6533   16.5079
   -7.5000  -22.5000  -45.0000 2333.6943   16.2008
    0.0000  -22.5000  -45.0000 2342.2834   16.1171
    7.5000  -22.5000  -45.0000 2326.7788   16.2650
   -7.5000  -15.0000  -45.0000 2329.3064   16.2477
    0.0000  -15.0000  -45.0000 2336.1328   16.2095
    7.5000  -15.0000  -45.0000 2315.8838   16.3220
   -7.5000   -7.5000  -45.0000 2300.2219   16.6454
    0.0000   -7.5000  -45.0000 2309.9993   16.6042
    7.5000   -7.5000  -45.0000 2288.0603   16.7460
   -7.5000    0.0000  -45.0000 2249.0266   17.3584
    0.0000    0.0000  -45.0000 2257.1287   17.3214
    7.5000    0.0000  -45.0000 2238.4727   17.4800
   -7.5000    7.5000  -45.0000 2169.0918   18.4792
    0.0000    7.5000  -45.0000 2177.1699   18.3970
    7.5000    7.5000  -45.0000 2157.0320   18.5766
   -7.5000   15.0000  -45.0000 2073.5127   20.0994
    0.0000   15.0000  -45.0000 2082.1062   19.9821
    7.5000   15.0000  -45.0000 2061.5667   20.1774
   -7.5000   22.5000  -45.0000 1964.6694   22.3390
    0.0000   22.5000  -45.0000 1971.3224   22.2147
    7.5000   22.5000  -45.0000 1951.9142   22.4348
   -7.5000   30.0000  -45.0000 1851.4829   25.4542
    0.0000   30.0000  -45.0000 1855.0050   25.3077
    7.5000   30.0000  -45.0000 1838.8898   25.5701
   -7.5000   37.5000  -45.0000 1729.4967   29.6308
    0.0000   37.5000  -45.0000 1730.1665   29.4498
    7.5000   37.5000  -45.0000 1712.8030   29.8891
   -7.5000   45.0000  -45.0000 1593.3593   35.5802
    0.0000   45.0000  -45.0000 1597.3091   35.2804
    7.5000   45.0000  -45.0000 1580.5142   35.8958
   -7.5000  -45.0000  -37.5000 2322.5137   16.7592
    0.0000  -45.0000  -37.5000 2334.9595   16.7090
    7.5000  -45.0000  -37.5000 2322.7141   16.7882
   -7.5000  -37.5000  -37.5000 2376.8103   15.8453
    0.0000  -37.5000  -37.5000 2392.4878   15.7712
    7.5000  -37.5000  -37.5000 2374.2893   15.8769
   -7.5000  -30.0000  -37.5000 2418.1062   15.2475
    0.0000  -30.0000  -37.5000 2430.6611   15.1771
    7.5000  -30.0000  -37.5000 2413.2412   15.3223
   -7.5000  -22.5000  -37.5000 2432.2700   15.0519
    0.0000  -22.5000  -37.5000 2446.3708   14.9705
    7.5000  -22.5000  -37.5000 2426.0125   15.1276
   -7.5000  -15.0000  -37.5000 2430.0464   15.1045
    0.0000  -15.0000  -37.5000 2439.1401   15.0425
    7.5000  -15.0000  -37.5000 2418.0293   15.2007
   -7.5000   -7.5000  -37.5000 2402.1045   15.4681
    0.0000   -7.5000  -37.5000 2413.1719   15.4047
    7.5000   -7.5000  -37.5000 2386.9785   15.5778
   -7.5000    0.0000  -37.5000 2344.6343   16.1178
    0.0000    0.0000  -37.5000 2354.5261   16.0416
    7.5000    0.0000  -37.5000 2330.2112   16.2045
   -7.5000    7.5000  -37.5000 2256.7937   17.1130
    0.0000    7.5000  -37.5000 2268.2974   17.0289
    7.5000    7.5000  -37.5000 2244.9153   17.2082
   -7.5000   15.0000  -37.5000 2157.5330   18.5652
    0.0000   15.0000  -37.5000 2167.0234   18.4774
    7.5000   15.0000  -37.5000 2142.1064   18.6628
   -7.5000   22.5000  -37.5000 2040.4418   20.6057
    0.0000   22.5000  -37.5000 2049.6272   20.5248
    7.5000   22.5000  -37.5000 2025.2349   20.7214
   -7.5000   30.0000  -37.5000 1919.1644   23.4015
    0.0000   30.0000  -37.5000 1929.5281   23.2966
    7.5000   30.0000  -37.5000 1907.2080   23.5199
   -7.5000   37.5000  -37.5000 1790.4222   27.2134
    0.0000   37.5000  -37.5000 1792.7516   27.0263
    7.5000   37.5000  -37.5000 1776.3502   27.4379
   -7.5000   45.0000  -37.5000 1649.0924   32.4274
    0.0000   45.0000  -37.5000 1656.7444   32.2561
    7.5000   45.0000  -37.5000 1639.0608   32.6911
   -7.5000  -45.0000  -30.0000 2449.6692   16.0851
    0.0000  -45.0000  -30.0000 2468.0110   16.0342
    7.5000  -45.0000  -30.0000 2450.3406   16.1300
   -7.5000  -37.5000  -30.0000 2517.1047   15.2005
    0.0000  -37.5000  -30.0000 2532.8633   15.1164
    7.5000  -37.5000  -30.0000 2514.3726   15.2362
   -7.5000  -30.0000  -30.0000 2565.1453   14.6603
    0.0000  -30.0000  -30.0000 2573.8943   14.5698
    7.5000  -30.0000  -30.0000 2557.0618   14.7003
   -7.5000  -22.5000  -30.0000 2582.6914   14.5028
    0.0000  -22.5000  -30.0000 2595.2295   14.3976
    7.5000  -22.5000  -30.0000 2575.0981   14.5671
   -7.5000  -15.0000  -30.0000 2579.8352   14.6030
    0.0000  -15.0000  -30.0000 2589.9619   14.4875
    7.5000  -15.0000  -30.0000 2567.2617   14.6577
   -7.5000   -7.5000  -30.0000 2548.4832   14.9309
    0.0000   -7.5000  -30.0000 2560.6196   14.8168
    7.5000   -7.5000  -30.0000 2535.3420   15.0169
   -7.5000    0.0000  -30.0000 2483.4138   15.5285
    0.0000    0.0000  -30.0000 2496.7122   15.4259
    7.5000    0.0000  -30.0000 2467.1414   15.6140
   -7.5000    7.5000  -30.0000 2391.9968   16.4501
    0.0000    7.5000  -30.0000 2404.2576   16.3442
    7.5000    7.5000  -30.0000 2379.4412   16.5352
   -7.5000   15.0000  -30.0000 2281.3042   17.8213
    0.0000   15.0000  -30.0000 2295.1150   17.7097
    7.5000   15.0000  -30.0000 2270.5159   17.9116
   -7.5000   22.5000  -30.0000 2151.4380   19.7523
    0.0000   22.5000  -30.0000 2159.7881   19.6545
    7.5000   22.5000  -30.0000 2141.8398   19.8491
   -7.5000   30.0000  -30.0000 2022.7330   22.3612
    0.0000   30.0000  -30.0000 2033.7898   22.2960
    7.5000   30.0000  -30.0000 2006.4924   22.5120
   -7.5000   37.5000  -30.0000 1882.7224   25.9054
    0.0000   37.5000  -30.0000 1889.0258   25.8409
    7.5000   37.5000  -30.0000 1868.5728   26.1137
   -7.5000   45.0000  -30.0000 1735.0509   30.7098
    0.0000   45.0000  -30.0000 1741.8644   30.6438
    7.5000   45.0000  -30.0000 1727.4738   31.0356
   -7.5000  -45.0000  -22.5000 2548.6008   15.3461
    0.0000  -45.0000  -22.5000 2568.2241   15.2857
    7.5000  -45.0000  -22.5000 2551.3491   15.4078
   -7.5000  -37.5000  -22.5000 2628.5652   14.4893
    0.0000  -37.5000  -22.5000 2640.0493   14.4122
    7.5000  -37.5000  -22.5000 2623.2246   14.5333
   -7.5000  -30.0000  -22.5000 2682.1931   13.9634
    0.0000  -30.0000  -22.5000 2692.3672   13.8786
    7.5000  -30.0000  -22.5000 2668.9072   14.0215
   -7.5000  -22.5000  -22.5000 2707.4094   13.8231
    0.0000  -22.5000  -22.5000 2718.1411   13.7302
    7.5000  -22.5000  -22.5000 2693.5820   13.8663
   -7.5000  -15.0000  -22.5000 2707.0952   13.9558
    0.0000  -15.0000  -22.5000 2721.9055   13.8415
    7.5000  -15.0000  -22.5000 2691.7627   13.9788
   -7.5000   -7.5000  -22.5000 2672.3579   14.2878
    0.0000   -7.5000  -22.5000 2689.4812   14.1715
    7.5000   -7.5000  -22.5000 2658.4849   14.3327
   -7.5000    0.0000  -22.5000 2603.2471   14.8488
    0.0000    0.0000  -22.5000 2620.3257   14.7350
    7.5000    0.0000  -22.5000 2589.0615   14.9070
   -7.5000    7.5000  -22.5000 2501.4302   15.7251
    0.0000    7.5000  -22.5000 2516.7766   15.5973
    7.5000    7.5000  -22.5000 2492.7014   15.7883
   -7.5000   15.0000  -22.5000 2379.6240   17.0434
    0.0000   15.0000  -22.5000 2394.7297   16.9195
    7.5000   15.0000  -22.5000 2370.7820   17.0989
   -7.5000   22.5000  -22.5000 2242.8511   18.8548
    0.0000   22.5000  -22.5000 2253.3477   18.7293
    7.5000   22.5000  -22.5000 2230.7700   18.9150
   -7.5000   30.0000  -22.5000 2103.8381   21.2857
    0.0000   30.0000  -22.5000 2114.7070   21.1907
    7.5000   30.0000  -22.5000 2085.7639   21.4093
   -7.5000   37.5000  -22.5000 1953.4303   24.6038
    0.0000   37.5000  -22.5000 1960.9308   24.5799
    7.5000   37.5000  -22.5000 1940.8400   24.8017
   -7.5000   45.0000  -22.5000 1800.2629   29.1208
    0.0000   45.0000  -22.5000 1808.6042   29.0564
    7.5000   45.0000  -22.5000 1792.1876   29.3421
   -7.5000  -45.0000  -15.0000 2618.4768   14.7117
    0.0000  -45.0000  -15.0000 2640.2590   14.5821
    7.5000  -45.0000  -15.0000 2619.1526   14.7232
   -7.5000  -37.5000  -15.0000 2708.4917   13.8648
    0.0000  -37.5000  -15.0000 2725.5483   13.7357
    7.5000  -37.5000  -15.0000 2702.0227   13.8627
   -7.5000  -30.0000  -15.0000 2768.8906   13.3362
    0.0000  -30.0000  -15.0000 2786.2188   13.2176
    7.5000  -30.0000  -15.0000 2755.7510   13.3419
   -7.5000  -22.5000  -15.0000 2802.3374   13.1990
    0.0000  -22.5000  -15.0000 2817.4685   13.1147
    7.5000  -22.5000  -15.0000 2785.5391   13.2141
   -7.5000  -15.0000  -15.0000 2806.5559   13.3297
    0.0000  -15.0000  -15.0000 2828.0818   13.2206
    7.5000  -15.0000  -15.0000 2790.5437   13.3229
   -7.5000   -7.5000  -15.0000 2768.5850   13.6668
    0.0000   -7.5000  -15.0000 2788.7815   13.5511
    7.5000   -7.5000  -15.0000 2755.2898   13.6740
   -7.5000    0.0000  -15.0000 2693.3896   14.1887
    0.0000    0.0000  -15.0000 2711.7375   14.0822
    7.5000    0.0000  -15.0000 2679.6833   14.2505
   -7.5000    7.5000  -15.0000 2581.0042   15.0412
    0.0000    7.5000  -15.0000 2600.0894   14.9115
    7.5000    7.5000  -15.0000 2573.2412   15.1024
   -7.5000   15.0000  -15.0000 2449.8933   16.3458
    0.0000   15.0000  -15.0000 2466.9993   16.1870
    7.5000   15.0000  -15.0000 2440.7209   16.3965
   -7.5000   22.5000  -15.0000 2305.7571   18.1093
    0.0000   22.5000  -15.0000 2318.9438   17.9336
    7.5000   22.5000  -15.0000 2293.6548   18.1390
   -7.5000   30.0000  -15.0000 2156.5039   20.4092
    0.0000   30.0000  -15.0000 2168.6426   20.2416
    7.5000   30.0000  -15.0000 2141.0286   20.4513
   -7.5000   37.5000  -15.0000 1998.1174   23.5098
    0.0000   37.5000  -15.0000 2005.1615   23.4019
    7.5000   37.5000  -15.0000 1986.6913   23.6369
   -7.5000   45.0000  -15.0000 1836.2316   27.7393
    0.0000   45.0000  -15.0000 1850.5781   27.6071
    7.5000   45.0000  -15.0000 1831.8528   27.9609
   -7.5000  -45.0000   -7.5000 2664.6877   14.1773
    0.0000  -45.0000   -7.5000 2686.0928   14.0027
    7.5000  -45.0000   -7.5000 2662.0461   14.1349
   -7.5000  -37.5000   -7.5000 2765.2798   13.3554
    0.0000  -37.5000   -7.5000 2785.6091   13.1953
    7.5000  -37.5000   -7.5000 2761.4163   13.3117
   -7.5000  -30.0000   -7.5000 2838.2126   12.7968
    0.0000  -30.0000   -7.5000 2863.3457   12.6385
    7.5000  -30.0000   -7.5000 2830.1028   12.7734
   -7.5000  -22.5000   -7.5000 2880.3091   12.6598
    0.0000  -22.5000   -7.5000 2903.0369   12.5105
    7.5000  -22.5000   -7.5000 2869.9534   12.6300
   -7.5000  -15.0000   -7.5000 2879.0471   12.8120
    0.0000  -15.0000   -7.5000 2903.6814   12.6777
    7.5000  -15.0000   -7.5000 2869.9216   12.7565
   -7.5000   -7.5000   -7.5000 2833.7729   13.1359
    0.0000   -7.5000   -7.5000 2858.1487   13.0105
    7.5000   -7.5000   -7.5000 2823.1758   13.1114
   -7.5000    0.0000   -7.5000 2749.2866   13.6933
    0.0000    0.0000   -7.5000 2771.6931   13.5574
    7.5000    0.0000   -7.5000 2738.8867   13.7142
   -7.5000    7.5000   -7.5000 2631.1304   14.5234
    0.0000    7.5000   -7.5000 2651.8293   14.3607
    7.5000    7.5000   -7.5000 2622.9980   14.5554
   -7.5000   15.0000   -7.5000 2496.5867   15.7847
    0.0000   15.0000   -7.5000 2516.3269   15.5876
    7.5000   15.0000   -7.5000 2483.7629   15.7996
   -7.5000   22.5000   -7.5000 2347.6279   17.4661
    0.0000   22.5000   -7.5000 2359.3674   17.2932
    7.5000   22.5000   -7.5000 2333.2139   17.4989
   -7.5000   30.0000   -7.5000 2191.3887   19.6584
    0.0000   30.0000   -7.5000 2199.6853   19.5273
    7.5000   30.0000   -7.5000 2176.4995   19.7461
   -7.5000   37.5000   -7.5000 2020.3323   22.6100
    0.0000   37.5000   -7.5000 2035.6870   22.4935
    7.5000   37.5000   -7.5000 2011.3363   22.7378
   -7.5000   45.0000   -7.5000 1854.5529   26.5207
    0.0000   45.0000   -7.5000 1866.3873   26.3835
    7.5000   45.0000   -7.5000 1851.6505   26.7744
   -7.5000  -45.0000    0.0000 2686.4700   13.8787
    0.0000  -45.0000    0.0000 2710.9797   13.6086
    7.5000  -45.0000    0.0000 2689.5698   13.7796
   -7.5000  -37.5000    0.0000 2797.8608   13.0493
    0.0000  -37.5000    0.0000 2821.5020   12.8223
    7.5000  -37.5000    0.0000 2796.8420   12.9847
   -7.5000  -30.0000    0.0000 2881.3098   12.4845
    0.0000  -30.0000    0.0000 2916.3291   12.2769
    7.5000  -30.0000    0.0000 2876.2239   12.4508
   -7.5000  -22.5000    0.0000 2925.8948   12.2627
    0.0000  -22.5000    0.0000 2965.9690   12.0250
    7.5000  -22.5000    0.0000 2918.0906   12.2486
   -7.5000  -15.0000    0.0000 2921.1077   12.4181
    0.0000  -15.0000    0.0000 2954.7976   12.1595
    7.5000  -15.0000    0.0000 2915.9944   12.3659
   -7.5000   -7.5000    0.0000 2871.6606   12.7939
    0.0000   -7.5000    0.0000 2899.4856   12.5359
    7.5000   -7.5000    0.0000 2862.1768   12.7606
   -7.5000    0.0000    0.0000 2780.9187   13.3753
    0.0000    0.0000    0.0000 2802.9297   13.1541
    7.5000    0.0000    0.0000 2769.1008   13.3645
   -7.5000    7.5000    0.0000 2659.9646   14.2181
    0.0000    7.5000    0.0000 2676.1523   13.9895
    7.5000    7.5000    0.0000 2647.3137   14.2113
   -7.5000   15.0000    0.0000 2521.3240   15.4415
    0.0000   15.0000    0.0000 2535.9878   15.2036
    7.5000   15.0000    0.0000 2505.7830   15.4361
   -7.5000   22.5000    0.0000 2363.6709   17.0756
    0.0000   22.5000    0.0000 2383.0149   16.8670
    7.5000   22.5000    0.0000 2354.7769   17.1122
   -7.5000   30.0000    0.0000 2203.9863   19.2381
    0.0000   30.0000    0.0000 2218.4548   19.0721
    7.5000   30.0000    0.0000 2190.5762   19.3245
   -7.5000   37.5000    0.0000 2032.2554   22.0332
    0.0000   37.5000    0.0000 2047.0459   21.9363
    7.5000   37.5000    0.0000 2024.8838   22.1927
   -7.5000   45.0000    0.0000 1860.7960   25.6998
    0.0000   45.0000    0.0000 1873.3258   25.6004
    7.5000   45.0000    0.0000 1857.5001   25.9464
   -7.5000  -45.0000    7.5000 2689.2375   13.7686
    0.0000  -45.0000    7.5000 2718.0293   13.4543
    7.5000  -45.0000    7.5000 2699.3059   13.6361
   -7.5000  -37.5000    7.5000 2810.8140   12.9667
    0.0000  -37.5000    7.5000 2835.8337   12.6680
    7.5000  -37.5000    7.5000 2811.7688   12.8623
   -7.5000  -30.0000    7.5000 2900.5691   12.4172
    0.0000  -30.0000    7.5000 2938.1790   12.1501
    7.5000  -30.0000    7.5000 2895.7971   12.3508
   -7.5000  -22.5000    7.5000 2944.6135   12.2108
    0.0000  -22.5000    7.5000 2987.8848   11.9082
    7.5000  -22.5000    7.5000 2938.5381   12.1759
   -7.5000  -15.0000    7.5000 2936.3433   12.3436
    0.0000  -15.0000    7.5000 2975.2485   12.0199
    7.5000  -15.0000    7.5000 2932.5439   12.2974
   -7.5000   -7.5000    7.5000 2884.2549   12.6770
    0.0000   -7.5000    7.5000 2913.3604   12.3999
    7.5000   -7.5000    7.5000 2875.1362   12.6246
   -7.5000    0.0000    7.5000 2785.2285   13.2351
    0.0000    0.0000    7.5000 2807.8384   13.0303
    7.5000    0.0000    7.5000 2775.2163   13.1882
   -7.5000    7.5000    7.5000 2657.4556   14.0972
    0.0000    7.5000    7.5000 2674.1655   13.9179
    7.5000    7.5000    7.5000 2645.5022   14.0425
   -7.5000   15.0000    7.5000 2517.7200   15.2959
    0.0000   15.0000    7.5000 2532.5730   15.1435
    7.5000   15.0000    7.5000 2504.3865   15.2578
   -7.5000   22.5000    7.5000 2365.0730   16.8812
    0.0000   22.5000    7.5000 2378.9397   16.7470
    7.5000   22.5000    7.5000 2352.1846   16.8846
   -7.5000   30.0000    7.5000 2201.8779   18.9616
    0.0000   30.0000    7.5000 2214.1589   18.9033
    7.5000   30.0000    7.5000 2189.1318   19.0342
   -7.5000   37.5000    7.5000 2028.9515   21.6791
    0.0000   37.5000    7.5000 2041.7721   21.6472
    7.5000   37.5000    7.5000 2021.1548   21.8240
   -7.5000   45.0000    7.5000 1859.4092   25.2785
    0.0000   45.0000    7.5000 1870.1302   25.2176
    7.5000   45.0000    7.5000 1854.2906   25.4746
   -7.5000  -45.0000   15.0000 2675.0874   13.9086
    0.0000  -45.0000   15.0000 2704.0679   13.5283
    7.5000  -45.0000   15.0000 2686.7480   13.7399
   -7.5000  -37.5000   15.0000 2792.4175   13.0980
    0.0000  -37.5000   15.0000 2824.6030   12.7848
    7.5000  -37.5000   15.0000 2797.9028   12.9644
   -7.5000  -30.0000   15.0000 2881.7141   12.5629
    0.0000  -30.0000   15.0000 2919.1150   12.2849
    7.5000  -30.0000   15.0000 2878.9568   12.4605
   -7.5000  -22.5000   15.0000 2931.0454   12.4283
    0.0000  -22.5000   15.0000 2969.1631   12.1742
    7.5000  -22.5000   15.0000 2921.1633   12.3425
   -7.5000  -15.0000   15.0000 2919.2378   12.5349
    0.0000  -15.0000   15.0000 2952.4758   12.3474
    7.5000  -15.0000   15.0000 2909.4458   12.4514
   -7.5000   -7.5000   15.0000 2857.2217   12.8159
    0.0000   -7.5000   15.0000 2889.0178   12.6688
    7.5000   -7.5000   15.0000 2849.4287   12.7692
   -7.5000    0.0000   15.0000 2759.8796   13.3476
    0.0000    0.0000   15.0000 2785.6965   13.1875
    7.5000    0.0000   15.0000 2753.2673   13.2862
   -7.5000    7.5000   15.0000 2634.3389   14.1846
    0.0000    7.5000   15.0000 2648.6912   13.9775
    7.5000    7.5000   15.0000 2629.5249   14.1002
   -7.5000   15.0000   15.0000 2496.1797   15.3342
    0.0000   15.0000   15.0000 2510.7766   15.1502
    7.5000   15.0000   15.0000 2486.9099   15.3041
   -7.5000   22.5000   15.0000 2343.7297   16.9431
    0.0000   22.5000   15.0000 2354.4502   16.7589
    7.5000   22.5000   15.0000 2331.5693   16.9323
   -7.5000   30.0000   15.0000 2180.2878   19.0158
    0.0000   30.0000   15.0000 2190.3057   18.8675
    7.5000   30.0000   15.0000 2169.1003   19.0989
   -7.5000   37.5000   15.0000 2011.0206   21.7503
    0.0000   37.5000   15.0000 2022.8019   21.6239
    7.5000   37.5000   15.0000 2003.8569   21.8764
   -7.5000   45.0000   15.0000 1841.9749   25.2707
    0.0000   45.0000   15.0000 1856.4712   25.2262
    7.5000   45.0000   15.0000 1843.2677   25.5035
   -7.5000  -45.0000   22.5000 2648.3640   14.3435
    0.0000  -45.0000   22.5000 2671.3491   14.0063
    7.5000  -45.0000   22.5000 2654.6333   14.1702
   -7.5000  -37.5000   22.5000 2759.4653   13.4877
    0.0000  -37.5000   22.5000 2783.9409   13.1924
    7.5000  -37.5000   22.5000 2762.8230   13.3421
   -7.5000  -30.0000   22.5000 2845.1768   12.9786
    0.0000  -30.0000   22.5000 2873.1387   12.6649
    7.5000  -30.0000   22.5000 2840.5798   12.8602
   -7.5000  -22.5000   22.5000 2883.2285   12.8598
    0.0000  -22.5000   22.5000 2909.6870   12.5730
    7.5000  -22.5000   22.5000 2876.2568   12.7479
   -7.5000  -15.0000   22.5000 2866.1365   12.9905
    0.0000  -15.0000   22.5000 2887.5005   12.7327
    7.5000  -15.0000   22.5000 2855.6748   12.8963
   -7.5000   -7.5000   22.5000 2801.7947   13.2845
    0.0000   -7.5000   22.5000 2824.7947   13.0578
    7.5000   -7.5000   22.5000 2791.8193   13.2345
   -7.5000    0.0000   22.5000 2708.4873   13.8108
    0.0000    0.0000   22.5000 2728.6387   13.5882
    7.5000    0.0000   22.5000 2699.2798   13.7558
   -7.5000    7.5000   22.5000 2590.6843   14.6020
    0.0000    7.5000   22.5000 2603.4861   14.3962
    7.5000    7.5000   22.5000 2582.6375   14.5581
   -7.5000   15.0000   22.5000 2457.1614   15.7242
    0.0000   15.0000   22.5000 2473.7747   15.4930
    7.5000   15.0000   22.5000 2452.1460   15.6948
   -7.5000   22.5000   22.5000 2305.8201   17.2845
    0.0000   22.5000   22.5000 2319.6453   17.0641
    7.5000   22.5000   22.5000 2301.9153   17.2319
   -7.5000   30.0000   22.5000 2146.6084   19.3205
    0.0000   30.0000   22.5000 2157.1152   19.1485
    7.5000   30.0000   22.5000 2145.4316   19.3408
   -7.5000   37.5000   22.5000 1984.5538   21.9948
    0.0000   37.5000   22.5000 1995.7299   21.8752
    7.5000   37.5000   22.5000 1981.4437   22.1178
   -7.5000   45.0000   22.5000 1818.8943   25.5412
    0.0000   45.0000   22.5000 1831.9270   25.3893
    7.5000   45.0000   22.5000 1818.8180   25.7441
   -7.5000  -45.0000   30.0000 2605.7583   14.9844
    0.0000  -45.0000   30.0000 2629.9897   14.6060
    7.5000  -45.0000   30.0000 2613.3140   14.7874
   -7.5000  -37.5000   30.0000 2709.4141   14.1133
    0.0000  -37.5000   30.0000 2734.7324   13.7530
    7.5000  -37.5000   30.0000 2711.4229   13.9487
   -7.5000  -30.0000   30.0000 2782.3281   13.6035
    0.0000  -30.0000   30.0000 2808.4250   13.2708
    7.5000  -30.0000   30.0000 2777.6892   13.4546
   -7.5000  -22.5000   30.0000 2811.6543   13.4821
    0.0000  -22.5000   30.0000 2834.7305   13.1829
    7.5000  -22.5000   30.0000 2803.0994   13.3420
   -7.5000  -15.0000   30.0000 2790.4636   13.5920
    0.0000  -15.0000   30.0000 2808.2102   13.3158
    7.5000  -15.0000   30.0000 2777.7324   13.4590
   -7.5000   -7.5000   30.0000 2723.3352   13.8841
    0.0000   -7.5000   30.0000 2743.0398   13.6546
    7.5000   -7.5000   30.0000 2720.0457   13.8206
   -7.5000    0.0000   30.0000 2634.6494   14.4212
    0.0000    0.0000   30.0000 2653.2683   14.2055
    7.5000    0.0000   30.0000 2628.0259   14.3783
   -7.5000    7.5000   30.0000 2527.9463   15.2351
    0.0000    7.5000   30.0000 2542.5024   15.0157
    7.5000    7.5000   30.0000 2518.5498   15.2068
   -7.5000   15.0000   30.0000 2400.5137   16.3507
    0.0000   15.0000   30.0000 2410.8618   16.1567
    7.5000   15.0000   30.0000 2392.5891   16.3536
   -7.5000   22.5000   30.0000 2260.2488   17.8977
    0.0000   22.5000   30.0000 2269.8555   17.6915
    7.5000   22.5000   30.0000 2249.2339   17.8984
   -7.5000   30.0000   30.0000 2104.4553   19.9058
    0.0000   30.0000   30.0000 2118.3000   19.7532
    7.5000   30.0000   30.0000 2098.9399   19.9672
   -7.5000   37.5000   30.0000 1946.0088   22.4993
    0.0000   37.5000   30.0000 1959.5850   22.3901
    7.5000   37.5000   30.0000 1943.9812   22.6316
   -7.5000   45.0000   30.0000 1783.4028   26.0838
    0.0000   45.0000   30.0000 1793.7721   25.9175
    7.5000   45.0000   30.0000 1779.3936   26.2905
   -7.5000  -45.0000   37.5000 2548.3152   15.8011
    0.0000  -45.0000   37.5000 2578.9126   15.4365
    7.5000  -45.0000   37.5000 2560.1494   15.6040
   -7.5000  -37.5000   37.5000 2647.0005   14.9241
    0.0000  -37.5000   37.5000 2674.1816   14.5771
    7.5000  -37.5000   37.5000 2650.1641   14.7489
   -7.5000  -30.0000   37.5000 2709.3521   14.4060
    0.0000  -30.0000   37.5000 2736.3230   14.0804
    7.5000  -30.0000   37.5000 2708.8259   14.2470
   -7.5000  -22.5000   37.5000 2728.1069   14.2747
    0.0000  -22.5000   37.5000 2748.3613   13.9699
    7.5000  -22.5000   37.5000 2722.7151   14.0930
   -7.5000  -15.0000   37.5000 2698.2236   14.3623
    0.0000  -15.0000   37.5000 2717.4497   14.0875
    7.5000  -15.0000   37.5000 2694.2939   14.2070
   -7.5000   -7.5000   37.5000 2637.1479   14.6848
    0.0000   -7.5000   37.5000 2651.3638   14.4337
    7.5000   -7.5000   37.5000 2634.8572   14.5614
   -7.5000    0.0000   37.5000 2556.0320   15.2118
    0.0000    0.0000   37.5000 2570.8389   14.9569
    7.5000    0.0000   37.5000 2551.0342   15.1240
   -7.5000    7.5000   37.5000 2456.7671   16.0126
    0.0000    7.5000   37.5000 2472.3223   15.7840
    7.5000    7.5000   37.5000 2449.7124   15.9739
   -7.5000   15.0000   37.5000 2340.5981   17.1637
    0.0000   15.0000   37.5000 2349.0347   16.9749
    7.5000   15.0000   37.5000 2327.9216   17.1612
   -7.5000   22.5000   37.5000 2203.8840   18.7622
    0.0000   22.5000   37.5000 2209.0930   18.5588
    7.5000   22.5000   37.5000 2191.2266   18.7502
   -7.5000   30.0000   37.5000 2053.9709   20.7815
    0.0000   30.0000   37.5000 2062.4634   20.6454
    7.5000   30.0000   37.5000 2045.9497   20.8098
   -7.5000   37.5000   37.5000 1898.1144   23.4147
    0.0000   37.5000   37.5000 1905.9980   23.2579
    7.5000   37.5000   37.5000 1895.7441   23.5144
   -7.5000   45.0000   37.5000 1739.6897   27.0911
    0.0000   45.0000   37.5000 1747.4136   26.8299
    7.5000   45.0000   37.5000 1736.4376   27.3019
   -7.5000  -45.0000   45.0000 2484.5808   16.8971
    0.0000  -45.0000   45.0000 2513.6648   16.5353
    7.5000  -45.0000   45.0000 2493.4641   16.6797
   -7.5000  -37.5000   45.0000 2569.0554   15.9699
    0.0000  -37.5000   45.0000 2594.5125   15.6387
    7.5000  -37.5000   45.0000 2572.8679   15.7894
   -7.5000  -30.0000   45.0000 2616.5830   15.4062
    0.0000  -30.0000   45.0000 2644.5388   15.1114
    7.5000  -30.0000   45.0000 2620.5139   15.2391
   -7.5000  -22.5000   45.0000 2628.2952   15.2315
    0.0000  -22.5000   45.0000 2652.9507   14.9300
    7.5000  -22.5000   45.0000 2629.4434   15.0139
   -7.5000  -15.0000   45.0000 2601.0312   15.3371
    0.0000  -15.0000   45.0000 2620.8206   15.0801
    7.5000  -15.0000   45.0000 2599.4307   15.1309
   -7.5000   -7.5000   45.0000 2547.4849   15.6421
    0.0000   -7.5000   45.0000 2561.6953   15.4290
    7.5000   -7.5000   45.0000 2545.6770   15.4997
   -7.5000    0.0000   45.0000 2469.7717   16.1920
    0.0000    0.0000   45.0000 2480.1067   15.9571
    7.5000    0.0000   45.0000 2462.7607   16.0819
   -7.5000    7.5000   45.0000 2374.3813   16.9835
    0.0000    7.5000   45.0000 2389.4771   16.7417
    7.5000    7.5000   45.0000 2371.1213   16.8850
   -7.5000   15.0000   45.0000 2261.2827   18.1369
    0.0000   15.0000   45.0000 2271.9536   17.9376
    7.5000   15.0000   45.0000 2251.4607   18.0892
   -7.5000   22.5000   45.0000 2137.0371   19.7249
    0.0000   22.5000   45.0000 2145.1074   19.5604
    7.5000   22.5000   45.0000 2125.6533   19.6919
   -7.5000   30.0000   45.0000 1992.5706   21.8125
    0.0000   30.0000   45.0000 2001.6244   21.6826
    7.5000   30.0000   45.0000 1986.7877   21.8559
   -7.5000   37.5000   45.0000 1846.0995   24.6048
    0.0000   37.5000   45.0000 1852.8971   24.4435
    7.5000   37.5000   45.0000 1842.9401   24.7022
   -7.5000   45.0000   45.0000 1694.4080   28.4902
    0.0000   45.0000   45.0000 1701.1614   28.2455
    7.5000   45.0000   45.0000 1689.7374   28.6316

---------------------------------------------------------------------
imgreg_4dfp /opt/freesurfer/average/711-2C_as_mni_average_305 /opt/freesurfer/average/711-2B_as_mni_average_305_mask talsrcimg_g11 none talsrcimg_to_711-2C_as_mni_average_305_t4 1283
---------------------------------------------------------------------

freesurfer imgreg_4dfp.c
/opt/freesurfer/average/711-2C_as_mni_average_305.4dfp.img
       256       256       256         1
  1.000000  1.000000  1.000000
orientation T byte_order littleendian
Reading image: /opt/freesurfer/average/711-2C_as_mni_average_305.4dfp.img
dimensions:      256       256       256
mmppix:       1.0000   -1.0000   -1.0000
center:     128.0000 -129.0000 -129.0000
/opt/freesurfer/average/711-2B_as_mni_average_305_mask.4dfp.img
       256       256       256         1
  1.000000  1.000000  1.000000
orientation T byte_order littleendian
Reading mask: /opt/freesurfer/average/711-2B_as_mni_average_305_mask.4dfp.img (2306576 pixels)
talsrcimg_g11.4dfp.img
       256       256       256         1
  1.000000  1.000000  1.000000
orientation T byte_order littleendian
Reading image: talsrcimg_g11.4dfp.img
dimensions:      256       256       256
mmppix:       1.0000   -1.0000   -1.0000
center:     128.0000 -129.0000 -129.0000
rotation matrix determinant  1.000000
fimgreg.f
image alignment mode   1283 decimal      503 hex
parameters
    0.0000  -22.5000    7.5000    0.0000    0.0000    0.0000
eta,q 0.93724 11.90461
niter,ni,del,rscale     5    3   12.0000    1.2000
parameters
   -0.7895  -20.7442    8.1776   -2.4851    0.7095    1.2555
eta,q 0.94192 11.80850
  0.0701  0.0729  0.0617  0.0598  0.0653  0.0635
  0.0631  0.0671  0.0619  0.0587  0.0619  0.0609
  0.0601  0.0628  0.0614  0.0579  0.0591  0.0591
  0.0611  0.0601  0.0588  0.0583  0.0580  0.0580
  0.0650  0.0587  0.0578  0.0611  0.0585  0.0582
  0.0689  0.0603  0.0588  0.0643  0.0599  0.0589
  0.0729  0.0636  0.0627  0.0668  0.0625  0.0603
niter,ni,del,rscale     4    3   12.0000    1.2000
parameters
   -0.8485  -19.6361    7.2294   -4.3402    1.2336    0.4093
eta,q 0.94182 11.78550
  0.0711  0.0682  0.0606  0.0597  0.0636  0.0611
  0.0617  0.0626  0.0599  0.0589  0.0606  0.0591
  0.0576  0.0595  0.0592  0.0586  0.0588  0.0580
  0.0581  0.0580  0.0578  0.0584  0.0586  0.0585
  0.0613  0.0578  0.0579  0.0595  0.0585  0.0596
  0.0648  0.0589  0.0607  0.0615  0.0595  0.0607
  0.0685  0.0626  0.0658  0.0642  0.0620  0.0623
niter,ni,del,rscale     3    3   12.0000    1.2000
parameters
   -1.0042  -18.6952    6.5074   -6.2369    1.4471    0.4845
eta,q 0.94214 11.76014
  0.0710  0.0671  0.0603  0.0591  0.0626  0.0615
  0.0620  0.0623  0.0587  0.0582  0.0600  0.0596
  0.0582  0.0596  0.0581  0.0579  0.0585  0.0581
  0.0582  0.0581  0.0575  0.0579  0.0579  0.0578
  0.0613  0.0573  0.0572  0.0587  0.0578  0.0585
  0.0652  0.0587  0.0594  0.0612  0.0593  0.0596
  0.0698  0.0631  0.0638  0.0640  0.0623  0.0612
niter,ni,del,rscale     2    3   12.0000    1.2000
parameters
   -1.0918  -17.8260    5.9853   -7.9309    1.4357    1.0812
eta,q 0.94276 11.75041
  0.0717  0.0666  0.0599  0.0588  0.0619  0.0618
  0.0625  0.0617  0.0579  0.0579  0.0593  0.0594
  0.0581  0.0590  0.0572  0.0573  0.0578  0.0578
  0.0579  0.0578  0.0574  0.0575  0.0573  0.0573
  0.0608  0.0572  0.0569  0.0583  0.0575  0.0575
  0.0650  0.0589  0.0584  0.0602  0.0591  0.0586
  0.0703  0.0627  0.0617  0.0631  0.0622  0.0602
niter,ni,del,rscale     1    3   12.0000    1.2000
parameters
   -1.1587  -16.9377    5.4266   -9.5960    1.1820    1.8819
eta,q 0.94348 11.77679
  0.0707  0.0658  0.0591  0.0584  0.0609  0.0613
  0.0620  0.0612  0.0569  0.0573  0.0582  0.0586
  0.0576  0.0586  0.0563  0.0566  0.0567  0.0572
  0.0572  0.0572  0.0568  0.0568  0.0566  0.0566
  0.0600  0.0567  0.0565  0.0579  0.0572  0.0567
  0.0640  0.0584  0.0576  0.0599  0.0588  0.0577
  0.0695  0.0619  0.0606  0.0623  0.0616  0.0591
registration optimization eta report
parameter search radius
    6.0000    6.0000    6.0000    6.0000    6.0000    6.0000
100000*second partial in parameter space
       35.       19.       10.       10.       13.       10.
  0.0707  0.0658  0.0591  0.0584  0.0609  0.0613
  0.0620  0.0612  0.0569  0.0573  0.0582  0.0586
  0.0576  0.0586  0.0563  0.0566  0.0567  0.0572
  0.0572  0.0572  0.0568  0.0568  0.0566  0.0566
  0.0600  0.0567  0.0565  0.0579  0.0572  0.0567
  0.0640  0.0584  0.0576  0.0599  0.0588  0.0577
  0.0695  0.0619  0.0606  0.0623  0.0616  0.0591
   -1.1587  -16.9377    5.4266   -9.5960    1.1820    1.8819
eta,q 0.94348 11.77679

---------------------------------------------------------------------
imgreg_4dfp /opt/freesurfer/average/711-2C_as_mni_average_305 /opt/freesurfer/average/711-2B_as_mni_average_305_mask talsrcimg_g11 none talsrcimg_to_711-2C_as_mni_average_305_t4 3335
---------------------------------------------------------------------

freesurfer imgreg_4dfp.c
/opt/freesurfer/average/711-2C_as_mni_average_305.4dfp.img
       256       256       256         1
  1.000000  1.000000  1.000000
orientation T byte_order littleendian
Reading image: /opt/freesurfer/average/711-2C_as_mni_average_305.4dfp.img
dimensions:      256       256       256
mmppix:       1.0000   -1.0000   -1.0000
center:     128.0000 -129.0000 -129.0000
/opt/freesurfer/average/711-2B_as_mni_average_305_mask.4dfp.img
       256       256       256         1
  1.000000  1.000000  1.000000
orientation T byte_order littleendian
Reading mask: /opt/freesurfer/average/711-2B_as_mni_average_305_mask.4dfp.img (2306576 pixels)
talsrcimg_g11.4dfp.img
       256       256       256         1
  1.000000  1.000000  1.000000
orientation T byte_order littleendian
Reading image: talsrcimg_g11.4dfp.img
dimensions:      256       256       256
mmppix:       1.0000   -1.0000   -1.0000
center:     128.0000 -129.0000 -129.0000
fimgreg.f
image alignment mode   3335 decimal      D07 hex
parameters
   -1.1587  -16.9377    5.4266   -0.0752   -1.4411   -1.4202
   -2.8944   -2.5803    3.2833   16.5942    2.0628  -16.6665
eta,q 0.94375 11.94492
niter,ni,del,rscale     5    3    5.0000    1.2000
parameter  4  1.087763 ->  0.500000 qaram    1.1500
parameter  5  4.225907 ->  0.500000 qaram    1.1500
parameter  6  2.863678 ->  0.500000 qaram    1.1500
parameter 10  0.563481 ->  0.500000 qaram    1.1500
parameter 12  0.813773 ->  0.500000 qaram    1.1500
parameters
   -0.6324  -16.1297    5.2954   -4.2152   -5.5811   -5.5602
   -6.3561   -1.7641    4.1496   12.4542   -1.2152  -20.8065
eta,q 0.96029 11.27026
  0.0592  0.0580  0.0566  0.0523  0.0440  0.0393  0.0418  0.0462  0.0437  0.0408  0.0406  0.0398
  0.0578  0.0571  0.0562  0.0528  0.0466  0.0410  0.0413  0.0439  0.0425  0.0405  0.0403  0.0397
  0.0568  0.0565  0.0560  0.0540  0.0496  0.0438  0.0413  0.0421  0.0416  0.0406  0.0402  0.0398
  0.0563  0.0561  0.0560  0.0560  0.0531  0.0474  0.0417  0.0413  0.0412  0.0412  0.0405  0.0402
  0.0562  0.0560  0.0561  0.0587  0.0566  0.0511  0.0424  0.0415  0.0413  0.0424  0.0411  0.0407
  0.0565  0.0561  0.0563  0.0623  0.0603  0.0550  0.0435  0.0426  0.0418  0.0441  0.0419  0.0414
  0.0574  0.0565  0.0566  0.0660  0.0645  0.0589  0.0448  0.0445  0.0428  0.0465  0.0429  0.0422
niter,ni,del,rscale     7    3    5.0000    1.2000
parameter  5  2.340615 ->  0.500000 qaram    1.3225
parameter  6  0.763280 ->  0.500000 qaram    1.3225
parameters
   -0.3671  -16.2033    4.3799   -7.1245  -10.3421  -10.3212
   -7.0236   -0.5638    4.3990   14.9386   -2.8727  -22.4905
eta,q 0.96852 10.85048
  0.0431  0.0411  0.0401  0.0405  0.0316  0.0318  0.0337  0.0360  0.0340  0.0369  0.0320  0.0325
  0.0414  0.0402  0.0395  0.0397  0.0336  0.0320  0.0328  0.0341  0.0329  0.0347  0.0317  0.0318
  0.0402  0.0398  0.0394  0.0392  0.0361  0.0325  0.0322  0.0328  0.0323  0.0331  0.0316  0.0315
  0.0397  0.0397  0.0397  0.0394  0.0393  0.0343  0.0321  0.0321  0.0320  0.0320  0.0316  0.0316
  0.0398  0.0399  0.0403  0.0407  0.0429  0.0379  0.0325  0.0320  0.0321  0.0316  0.0317  0.0320
  0.0405  0.0404  0.0411  0.0432  0.0468  0.0421  0.0332  0.0326  0.0327  0.0320  0.0321  0.0327
  0.0419  0.0412  0.0423  0.0469  0.0511  0.0472  0.0344  0.0341  0.0337  0.0334  0.0327  0.0337
niter,ni,del,rscale     7    3    5.0000    1.2000
parameter  3  0.547356 ->  0.500000 qaram    1.1500
parameter  5  0.930136 ->  0.500000 qaram    1.5209
parameters
    0.0517  -15.3357    2.9999   -5.1125  -15.8172  -13.8385
   -6.7124   -0.3281    4.1450   16.0210   -3.2042  -24.7355
eta,q 0.97322 10.56184
  0.0347  0.0348  0.0310  0.0339  0.0268  0.0283  0.0293  0.0304  0.0288  0.0312  0.0277  0.0278
  0.0331  0.0332  0.0307  0.0327  0.0269  0.0273  0.0281  0.0286  0.0278  0.0293  0.0273  0.0271
  0.0320  0.0321  0.0307  0.0316  0.0281  0.0270  0.0274  0.0275  0.0272  0.0278  0.0270  0.0268
  0.0315  0.0314  0.0311  0.0307  0.0302  0.0271  0.0270  0.0270  0.0270  0.0270  0.0269  0.0269
  0.0315  0.0311  0.0318  0.0301  0.0332  0.0285  0.0272  0.0273  0.0273  0.0270  0.0270  0.0275
  0.0320  0.0313  0.0327  0.0305  0.0371  0.0325  0.0279  0.0283  0.0280  0.0279  0.0274  0.0286
  0.0330  0.0319  0.0340  0.0322  0.0415  0.0375  0.0290  0.0301  0.0291  0.0297  0.0279  0.0298
niter,ni,del,rscale     7    3    5.0000    1.2000
parameters
    0.0558  -15.5063    2.7177   -4.3183  -18.9879  -14.2739
   -6.4555   -0.4379    3.9862   16.4331   -3.2743  -25.1917
eta,q 0.97367 10.43618
  0.0294  0.0289  0.0283  0.0293  0.0288  0.0298  0.0285  0.0296  0.0280  0.0299  0.0272  0.0278
  0.0280  0.0276  0.0273  0.0283  0.0272  0.0279  0.0274  0.0278  0.0271  0.0281  0.0267  0.0270
  0.0271  0.0269  0.0268  0.0275  0.0264  0.0267  0.0266  0.0267  0.0265  0.0269  0.0264  0.0265
  0.0268  0.0268  0.0267  0.0267  0.0266  0.0263  0.0263  0.0263  0.0263  0.0263  0.0263  0.0263
  0.0271  0.0273  0.0271  0.0264  0.0283  0.0264  0.0265  0.0267  0.0266  0.0265  0.0264  0.0266
  0.0279  0.0282  0.0279  0.0271  0.0311  0.0277  0.0272  0.0279  0.0272  0.0276  0.0267  0.0272
  0.0294  0.0294  0.0289  0.0290  0.0352  0.0313  0.0283  0.0298  0.0282  0.0294  0.0273  0.0283
niter,ni,del,rscale     6    3    5.0000    1.2000
parameters
    0.0272  -15.2958    2.7776   -4.1631  -19.4702  -14.1479
   -6.3686   -0.4629    3.8839   16.7507   -3.3102  -25.3279
eta,q 0.97368 10.42783
  0.0289  0.0289  0.0282  0.0286  0.0304  0.0301  0.0284  0.0296  0.0280  0.0298  0.0272  0.0279
  0.0275  0.0275  0.0272  0.0277  0.0284  0.0282  0.0273  0.0279  0.0271  0.0280  0.0267  0.0271
  0.0266  0.0266  0.0265  0.0270  0.0270  0.0269  0.0266  0.0267  0.0265  0.0268  0.0264  0.0265
  0.0263  0.0263  0.0263  0.0263  0.0263  0.0263  0.0263  0.0263  0.0263  0.0263  0.0263  0.0263
  0.0266  0.0265  0.0265  0.0262  0.0267  0.0263  0.0265  0.0267  0.0266  0.0266  0.0264  0.0265
  0.0275  0.0271  0.0271  0.0270  0.0286  0.0272  0.0272  0.0278  0.0272  0.0276  0.0267  0.0271
  0.0290  0.0280  0.0280  0.0291  0.0316  0.0306  0.0283  0.0298  0.0281  0.0294  0.0272  0.0281
niter,ni,del,rscale     5    3    5.0000    1.2000
parameters
    0.0097  -15.2096    2.8174   -4.1771  -19.5960  -14.1122
   -6.3378   -0.4802    3.8374   16.8714   -3.3217  -25.3629
eta,q 0.97366 10.42410
  0.0289  0.0286  0.0281  0.0286  0.0305  0.0300  0.0284  0.0296  0.0280  0.0296  0.0272  0.0279
  0.0275  0.0273  0.0271  0.0277  0.0286  0.0282  0.0273  0.0279  0.0271  0.0279  0.0267  0.0271
  0.0266  0.0266  0.0265  0.0270  0.0271  0.0269  0.0266  0.0267  0.0265  0.0268  0.0264  0.0266
  0.0263  0.0263  0.0263  0.0263  0.0263  0.0263  0.0263  0.0263  0.0263  0.0263  0.0263  0.0263
  0.0266  0.0266  0.0265  0.0262  0.0266  0.0263  0.0266  0.0267  0.0266  0.0266  0.0264  0.0265
  0.0275  0.0272  0.0271  0.0271  0.0284  0.0273  0.0272  0.0278  0.0271  0.0277  0.0267  0.0271
  0.0290  0.0282  0.0280  0.0293  0.0312  0.0307  0.0283  0.0297  0.0280  0.0295  0.0272  0.0280
niter,ni,del,rscale     4    3    5.0000    1.2000
parameters
    0.0040  -15.1827    2.8298   -4.1777  -19.6403  -14.1032
   -6.3299   -0.4859    3.8317   16.9133   -3.3321  -25.3821
eta,q 0.97365 10.42297
  0.0289  0.0285  0.0281  0.0286  0.0306  0.0300  0.0283  0.0296  0.0280  0.0295  0.0272  0.0279
  0.0275  0.0272  0.0271  0.0277  0.0286  0.0281  0.0272  0.0279  0.0271  0.0279  0.0267  0.0271
  0.0266  0.0265  0.0265  0.0270  0.0271  0.0269  0.0266  0.0268  0.0265  0.0268  0.0264  0.0266
  0.0263  0.0263  0.0263  0.0263  0.0263  0.0263  0.0263  0.0263  0.0263  0.0263  0.0263  0.0263
  0.0266  0.0266  0.0266  0.0262  0.0266  0.0263  0.0266  0.0267  0.0266  0.0267  0.0264  0.0265
  0.0275  0.0273  0.0271  0.0271  0.0283  0.0273  0.0273  0.0278  0.0271  0.0277  0.0267  0.0271
  0.0289  0.0283  0.0280  0.0293  0.0311  0.0308  0.0283  0.0297  0.0280  0.0296  0.0272  0.0280
niter,ni,del,rscale     3    3    5.0000    1.2000
parameters
    0.0039  -15.1715    2.8340   -4.1771  -19.6566  -14.1019
   -6.3235   -0.4852    3.8249   16.9262   -3.3309  -25.3817
eta,q 0.97365 10.42236
  0.0289  0.0284  0.0281  0.0286  0.0306  0.0300  0.0283  0.0297  0.0280  0.0295  0.0272  0.0279
  0.0275  0.0272  0.0271  0.0277  0.0286  0.0281  0.0272  0.0279  0.0271  0.0279  0.0267  0.0271
  0.0267  0.0265  0.0265  0.0270  0.0271  0.0269  0.0266  0.0268  0.0265  0.0268  0.0264  0.0266
  0.0263  0.0263  0.0263  0.0263  0.0263  0.0263  0.0263  0.0263  0.0263  0.0263  0.0263  0.0263
  0.0266  0.0266  0.0266  0.0262  0.0266  0.0263  0.0266  0.0267  0.0266  0.0267  0.0264  0.0265
  0.0275  0.0273  0.0271  0.0271  0.0283  0.0273  0.0272  0.0278  0.0271  0.0278  0.0267  0.0271
  0.0289  0.0283  0.0280  0.0293  0.0311  0.0308  0.0283  0.0297  0.0280  0.0296  0.0272  0.0280
registration optimization eta report
parameter search radius
    2.4000    2.4000    2.7600    8.2800   10.9503    9.5220
    7.2000    7.2000    7.2000    8.2800    7.2000    8.2800
100000*second partial in parameter space
       45.       35.       22.        4.        4.        5.
        4.        6.        3.        5.        2.        2.
  0.0289  0.0284  0.0281  0.0286  0.0306  0.0300  0.0283  0.0297  0.0280  0.0295  0.0272  0.0279
  0.0275  0.0272  0.0271  0.0277  0.0286  0.0281  0.0272  0.0279  0.0271  0.0279  0.0267  0.0271
  0.0267  0.0265  0.0265  0.0270  0.0271  0.0269  0.0266  0.0268  0.0265  0.0268  0.0264  0.0266
  0.0263  0.0263  0.0263  0.0263  0.0263  0.0263  0.0263  0.0263  0.0263  0.0263  0.0263  0.0263
  0.0266  0.0266  0.0266  0.0262  0.0266  0.0263  0.0266  0.0267  0.0266  0.0267  0.0264  0.0265
  0.0275  0.0273  0.0271  0.0271  0.0283  0.0273  0.0272  0.0278  0.0271  0.0278  0.0267  0.0271
  0.0289  0.0283  0.0280  0.0293  0.0311  0.0308  0.0283  0.0297  0.0280  0.0296  0.0272  0.0280
    0.0039  -15.1715    2.8340   -4.1771  -19.6566  -14.1019
   -6.3235   -0.4852    3.8249   16.9262   -3.3309  -25.3817
eta,q 0.97365 10.42236

---------------------------------------------------------------------
imgreg_4dfp /opt/freesurfer/average/711-2C_as_mni_average_305 /opt/freesurfer/average/711-2B_as_mni_average_305_mask talsrcimg_g11 none talsrcimg_to_711-2C_as_mni_average_305_t4 2311
---------------------------------------------------------------------

freesurfer imgreg_4dfp.c
/opt/freesurfer/average/711-2C_as_mni_average_305.4dfp.img
       256       256       256         1
  1.000000  1.000000  1.000000
orientation T byte_order littleendian
Reading image: /opt/freesurfer/average/711-2C_as_mni_average_305.4dfp.img
dimensions:      256       256       256
mmppix:       1.0000   -1.0000   -1.0000
center:     128.0000 -129.0000 -129.0000
/opt/freesurfer/average/711-2B_as_mni_average_305_mask.4dfp.img
       256       256       256         1
  1.000000  1.000000  1.000000
orientation T byte_order littleendian
Reading mask: /opt/freesurfer/average/711-2B_as_mni_average_305_mask.4dfp.img (2306576 pixels)
talsrcimg_g11.4dfp.img
       256       256       256         1
  1.000000  1.000000  1.000000
orientation T byte_order littleendian
Reading image: talsrcimg_g11.4dfp.img
dimensions:      256       256       256
mmppix:       1.0000   -1.0000   -1.0000
center:     128.0000 -129.0000 -129.0000
fimgreg.f
image alignment mode   2311 decimal      907 hex
parameters
    0.0039  -15.1715    2.8340   -4.1771  -19.6566  -14.1019
   -6.3235   -0.4852    3.8249   16.9262   -3.3309  -25.3817
eta,q 0.97365 10.42236
niter,ni,del,rscale     5    3    5.0000    0.8000
parameters
    0.0193  -15.2362    2.8065   -2.7558  -18.7314  -12.9994
   -6.1176   -0.3048    3.8703   16.9483   -3.5598  -25.3274
eta,q 0.97394 10.56616
  0.0275  0.0272  0.0269  0.0275  0.0274  0.0272  0.0271  0.0280  0.0269  0.0272  0.0265  0.0266
  0.0269  0.0267  0.0266  0.0271  0.0269  0.0266  0.0266  0.0270  0.0265  0.0266  0.0263  0.0263
  0.0265  0.0264  0.0264  0.0267  0.0264  0.0263  0.0262  0.0263  0.0262  0.0262  0.0261  0.0261
  0.0263  0.0263  0.0263  0.0263  0.0262  0.0261  0.0261  0.0261  0.0261  0.0261  0.0261  0.0261
  0.0265  0.0265  0.0264  0.0262  0.0261  0.0261  0.0261  0.0262  0.0262  0.0262  0.0261  0.0261
  0.0268  0.0268  0.0266  0.0263  0.0263  0.0261  0.0264  0.0268  0.0264  0.0266  0.0263  0.0263
  0.0275  0.0273  0.0270  0.0268  0.0268  0.0265  0.0270  0.0278  0.0269  0.0272  0.0266  0.0266
niter,ni,del,rscale     4    3    5.0000    0.7000
parameters
   -0.0223  -15.2592    2.9726   -2.8766  -18.7686  -12.8030
   -6.1092   -0.2748    3.9066   17.0027   -3.6573  -25.1266
eta,q 0.97395 10.56907
  0.0270  0.0268  0.0267  0.0269  0.0268  0.0267  0.0268  0.0275  0.0267  0.0269  0.0264  0.0265
  0.0265  0.0264  0.0264  0.0265  0.0264  0.0264  0.0264  0.0267  0.0264  0.0265  0.0262  0.0263
  0.0262  0.0261  0.0261  0.0262  0.0262  0.0262  0.0261  0.0262  0.0261  0.0262  0.0261  0.0261
  0.0261  0.0261  0.0261  0.0261  0.0261  0.0261  0.0261  0.0261  0.0261  0.0260  0.0260  0.0260
  0.0262  0.0262  0.0261  0.0261  0.0261  0.0260  0.0261  0.0262  0.0261  0.0261  0.0261  0.0261
  0.0266  0.0264  0.0262  0.0265  0.0264  0.0262  0.0264  0.0267  0.0263  0.0264  0.0263  0.0262
  0.0271  0.0268  0.0264  0.0272  0.0269  0.0267  0.0268  0.0275  0.0267  0.0269  0.0265  0.0264
niter,ni,del,rscale     3    3    5.0000    0.6000
parameters
   -0.0082  -15.2600    3.0504   -2.7957  -18.7235  -12.6020
   -6.1042   -0.2276    3.9148   17.0138   -3.6626  -25.0022
eta,q 0.97397 10.58121
  0.0268  0.0266  0.0265  0.0268  0.0266  0.0265  0.0266  0.0271  0.0265  0.0267  0.0263  0.0264
  0.0264  0.0263  0.0262  0.0264  0.0263  0.0263  0.0263  0.0265  0.0263  0.0263  0.0262  0.0262
  0.0261  0.0261  0.0261  0.0262  0.0261  0.0261  0.0261  0.0262  0.0261  0.0261  0.0261  0.0261
  0.0260  0.0260  0.0260  0.0260  0.0260  0.0260  0.0260  0.0260  0.0260  0.0260  0.0260  0.0260
  0.0261  0.0261  0.0261  0.0261  0.0261  0.0260  0.0261  0.0261  0.0261  0.0261  0.0261  0.0261
  0.0264  0.0263  0.0262  0.0263  0.0263  0.0261  0.0263  0.0265  0.0263  0.0263  0.0262  0.0262
  0.0268  0.0266  0.0264  0.0268  0.0266  0.0265  0.0266  0.0271  0.0265  0.0267  0.0263  0.0263
niter,ni,del,rscale     2    3    5.0000    0.5000
parameters
   -0.0012  -15.2636    3.1090   -2.7366  -18.6680  -12.3976
   -6.0943   -0.2022    3.9242   17.0372   -3.6513  -24.9153
eta,q 0.97398 10.59361
  0.0266  0.0264  0.0263  0.0266  0.0264  0.0263  0.0264  0.0268  0.0264  0.0265  0.0262  0.0263
  0.0263  0.0262  0.0262  0.0263  0.0262  0.0262  0.0262  0.0264  0.0262  0.0262  0.0261  0.0261
  0.0261  0.0261  0.0261  0.0261  0.0261  0.0261  0.0261  0.0261  0.0261  0.0261  0.0261  0.0261
  0.0260  0.0260  0.0260  0.0260  0.0260  0.0260  0.0260  0.0260  0.0260  0.0260  0.0260  0.0260
  0.0261  0.0261  0.0261  0.0261  0.0260  0.0260  0.0261  0.0261  0.0261  0.0261  0.0260  0.0260
  0.0263  0.0262  0.0261  0.0262  0.0262  0.0261  0.0262  0.0264  0.0262  0.0262  0.0261  0.0261
  0.0265  0.0264  0.0263  0.0266  0.0264  0.0263  0.0264  0.0268  0.0264  0.0265  0.0262  0.0262
niter,ni,del,rscale     1    3    5.0000    0.4000
parameters
    0.0054  -15.2631    3.1627   -2.6963  -18.6351  -12.2129
   -6.0768   -0.1723    3.9391   17.0484   -3.6387  -24.8442
eta,q 0.97399 10.60306
  0.0264  0.0263  0.0262  0.0264  0.0263  0.0262  0.0263  0.0265  0.0262  0.0263  0.0262  0.0262
  0.0262  0.0261  0.0261  0.0262  0.0261  0.0261  0.0261  0.0262  0.0261  0.0261  0.0261  0.0261
  0.0261  0.0260  0.0260  0.0261  0.0261  0.0261  0.0260  0.0261  0.0260  0.0261  0.0260  0.0260
  0.0260  0.0260  0.0260  0.0260  0.0260  0.0260  0.0260  0.0260  0.0260  0.0260  0.0260  0.0260
  0.0261  0.0261  0.0260  0.0260  0.0260  0.0260  0.0260  0.0261  0.0260  0.0260  0.0260  0.0260
  0.0262  0.0261  0.0261  0.0262  0.0261  0.0261  0.0261  0.0262  0.0261  0.0261  0.0261  0.0261
  0.0263  0.0263  0.0262  0.0264  0.0263  0.0262  0.0263  0.0265  0.0262  0.0263  0.0262  0.0262
registration optimization eta report
parameter search radius
    0.8000    0.8000    0.8000    2.4000    2.4000    2.4000
    2.4000    2.4000    2.4000    2.4000    2.4000    2.4000
100000*second partial in parameter space
       53.       39.       25.        6.        5.        3.
        4.        9.        4.        5.        3.        3.
  0.0264  0.0263  0.0262  0.0264  0.0263  0.0262  0.0263  0.0265  0.0262  0.0263  0.0262  0.0262
  0.0262  0.0261  0.0261  0.0262  0.0261  0.0261  0.0261  0.0262  0.0261  0.0261  0.0261  0.0261
  0.0261  0.0260  0.0260  0.0261  0.0261  0.0261  0.0260  0.0261  0.0260  0.0261  0.0260  0.0260
  0.0260  0.0260  0.0260  0.0260  0.0260  0.0260  0.0260  0.0260  0.0260  0.0260  0.0260  0.0260
  0.0261  0.0261  0.0260  0.0260  0.0260  0.0260  0.0260  0.0261  0.0260  0.0260  0.0260  0.0260
  0.0262  0.0261  0.0261  0.0262  0.0261  0.0261  0.0261  0.0262  0.0261  0.0261  0.0261  0.0261
  0.0263  0.0263  0.0262  0.0264  0.0263  0.0262  0.0263  0.0265  0.0262  0.0263  0.0262  0.0262
    0.0054  -15.2631    3.1627   -2.6963  -18.6351  -12.2129
   -6.0768   -0.1723    3.9391   17.0484   -3.6387  -24.8442
eta,q 0.97399 10.60306

---------------------------------------------------------------------
imgreg_4dfp /opt/freesurfer/average/711-2C_as_mni_average_305 /opt/freesurfer/average/711-2B_as_mni_average_305_mask talsrcimg_g11 none talsrcimg_to_711-2C_as_mni_average_305_t4 2311
---------------------------------------------------------------------

freesurfer imgreg_4dfp.c
/opt/freesurfer/average/711-2C_as_mni_average_305.4dfp.img
       256       256       256         1
  1.000000  1.000000  1.000000
orientation T byte_order littleendian
Reading image: /opt/freesurfer/average/711-2C_as_mni_average_305.4dfp.img
dimensions:      256       256       256
mmppix:       1.0000   -1.0000   -1.0000
center:     128.0000 -129.0000 -129.0000
/opt/freesurfer/average/711-2B_as_mni_average_305_mask.4dfp.img
       256       256       256         1
  1.000000  1.000000  1.000000
orientation T byte_order littleendian
Reading mask: /opt/freesurfer/average/711-2B_as_mni_average_305_mask.4dfp.img (2306576 pixels)
talsrcimg_g11.4dfp.img
       256       256       256         1
  1.000000  1.000000  1.000000
orientation T byte_order littleendian
Reading image: talsrcimg_g11.4dfp.img
dimensions:      256       256       256
mmppix:       1.0000   -1.0000   -1.0000
center:     128.0000 -129.0000 -129.0000
fimgreg.f
image alignment mode   2311 decimal      907 hex
parameters
    0.0054  -15.2631    3.1627   -2.6963  -18.6351  -12.2129
   -6.0768   -0.1723    3.9391   17.0484   -3.6387  -24.8442
eta,q 0.97399 10.60306
niter,ni,del,rscale     5    3    5.0000    0.8000
parameters
    0.0051  -15.2226    3.2107   -3.0855  -18.9617  -12.7268
   -6.1430   -0.2568    3.8872   17.0296   -3.6175  -24.8743
eta,q 0.97394 10.55367
  0.0273  0.0271  0.0267  0.0271  0.0269  0.0267  0.0270  0.0278  0.0269  0.0272  0.0266  0.0266
  0.0266  0.0265  0.0263  0.0266  0.0264  0.0264  0.0265  0.0269  0.0264  0.0266  0.0263  0.0263
  0.0262  0.0261  0.0261  0.0262  0.0261  0.0262  0.0262  0.0263  0.0262  0.0262  0.0261  0.0261
  0.0260  0.0260  0.0260  0.0260  0.0260  0.0260  0.0261  0.0261  0.0261  0.0261  0.0261  0.0261
  0.0262  0.0261  0.0261  0.0262  0.0261  0.0261  0.0262  0.0263  0.0262  0.0262  0.0261  0.0261
  0.0266  0.0264  0.0263  0.0267  0.0265  0.0265  0.0265  0.0269  0.0265  0.0266  0.0263  0.0263
  0.0274  0.0269  0.0266  0.0277  0.0273  0.0274  0.0270  0.0280  0.0269  0.0272  0.0266  0.0266
niter,ni,del,rscale     4    3    5.0000    0.7000
parameters
    0.0114  -15.2340    3.1162   -2.9147  -18.8371  -12.6663
   -6.1207   -0.2323    3.8935   17.0126   -3.6180  -24.9539
eta,q 0.97396 10.56821
  0.0271  0.0268  0.0265  0.0270  0.0268  0.0267  0.0268  0.0275  0.0267  0.0269  0.0265  0.0264
  0.0265  0.0264  0.0262  0.0266  0.0265  0.0263  0.0264  0.0267  0.0263  0.0264  0.0262  0.0262
  0.0262  0.0261  0.0261  0.0263  0.0262  0.0262  0.0261  0.0262  0.0261  0.0261  0.0261  0.0261
  0.0261  0.0261  0.0261  0.0261  0.0261  0.0260  0.0260  0.0260  0.0260  0.0260  0.0260  0.0260
  0.0262  0.0262  0.0261  0.0261  0.0261  0.0260  0.0261  0.0262  0.0261  0.0261  0.0261  0.0261
  0.0265  0.0264  0.0263  0.0264  0.0263  0.0262  0.0264  0.0267  0.0263  0.0264  0.0262  0.0262
  0.0270  0.0268  0.0266  0.0270  0.0268  0.0267  0.0268  0.0275  0.0267  0.0269  0.0265  0.0265
niter,ni,del,rscale     3    3    5.0000    0.6000
parameters
    0.0031  -15.2505    3.1060   -2.8111  -18.7519  -12.5430
   -6.0936   -0.2187    3.9079   17.0176   -3.6391  -24.9159
eta,q 0.97397 10.58086
  0.0268  0.0266  0.0264  0.0268  0.0266  0.0265  0.0266  0.0271  0.0265  0.0267  0.0263  0.0264
  0.0264  0.0263  0.0262  0.0264  0.0263  0.0263  0.0263  0.0265  0.0263  0.0263  0.0262  0.0262
  0.0261  0.0261  0.0261  0.0262  0.0261  0.0261  0.0261  0.0262  0.0261  0.0261  0.0261  0.0261
  0.0260  0.0260  0.0260  0.0260  0.0260  0.0260  0.0260  0.0260  0.0260  0.0260  0.0260  0.0260
  0.0261  0.0261  0.0261  0.0261  0.0261  0.0260  0.0261  0.0262  0.0261  0.0261  0.0261  0.0261
  0.0264  0.0263  0.0262  0.0263  0.0262  0.0261  0.0263  0.0265  0.0262  0.0263  0.0262  0.0262
  0.0268  0.0266  0.0264  0.0268  0.0266  0.0265  0.0266  0.0271  0.0265  0.0267  0.0263  0.0263
niter,ni,del,rscale     2    3    5.0000    0.5000
parameters
    0.0018  -15.2599    3.1364   -2.7354  -18.6826  -12.3678
   -6.0928   -0.2004    3.9174   17.0352   -3.6308  -24.8720
eta,q 0.97399 10.59359
  0.0265  0.0264  0.0263  0.0266  0.0264  0.0263  0.0264  0.0268  0.0264  0.0265  0.0262  0.0263
  0.0263  0.0262  0.0261  0.0263  0.0262  0.0262  0.0262  0.0264  0.0262  0.0262  0.0261  0.0261
  0.0261  0.0261  0.0261  0.0261  0.0261  0.0261  0.0261  0.0261  0.0261  0.0261  0.0260  0.0260
  0.0260  0.0260  0.0260  0.0260  0.0260  0.0260  0.0260  0.0260  0.0260  0.0260  0.0260  0.0260
  0.0261  0.0261  0.0260  0.0261  0.0260  0.0260  0.0261  0.0261  0.0261  0.0261  0.0260  0.0260
  0.0263  0.0262  0.0261  0.0262  0.0262  0.0261  0.0262  0.0264  0.0262  0.0262  0.0261  0.0261
  0.0266  0.0264  0.0263  0.0265  0.0264  0.0263  0.0264  0.0268  0.0264  0.0265  0.0262  0.0262
niter,ni,del,rscale     1    3    5.0000    0.4000
parameters
    0.0061  -15.2628    3.1736   -2.7005  -18.6298  -12.1978
   -6.0855   -0.1804    3.9414   17.0551   -3.6502  -24.8291
eta,q 0.97399 10.60386
  0.0264  0.0263  0.0262  0.0264  0.0263  0.0262  0.0263  0.0265  0.0262  0.0263  0.0262  0.0262
  0.0262  0.0261  0.0261  0.0262  0.0262  0.0261  0.0261  0.0262  0.0261  0.0261  0.0261  0.0261
  0.0261  0.0260  0.0260  0.0261  0.0261  0.0261  0.0260  0.0261  0.0260  0.0260  0.0260  0.0260
  0.0260  0.0260  0.0260  0.0260  0.0260  0.0260  0.0260  0.0260  0.0260  0.0260  0.0260  0.0260
  0.0261  0.0260  0.0260  0.0260  0.0260  0.0260  0.0260  0.0261  0.0260  0.0260  0.0260  0.0260
  0.0262  0.0261  0.0261  0.0262  0.0261  0.0261  0.0261  0.0262  0.0261  0.0261  0.0261  0.0261
  0.0264  0.0263  0.0262  0.0264  0.0263  0.0262  0.0263  0.0265  0.0262  0.0263  0.0262  0.0262
registration optimization eta report
parameter search radius
    0.8000    0.8000    0.8000    2.4000    2.4000    2.4000
    2.4000    2.4000    2.4000    2.4000    2.4000    2.4000
100000*second partial in parameter space
       53.       39.       26.        6.        5.        3.
        4.        9.        4.        5.        3.        3.
  0.0264  0.0263  0.0262  0.0264  0.0263  0.0262  0.0263  0.0265  0.0262  0.0263  0.0262  0.0262
  0.0262  0.0261  0.0261  0.0262  0.0262  0.0261  0.0261  0.0262  0.0261  0.0261  0.0261  0.0261
  0.0261  0.0260  0.0260  0.0261  0.0261  0.0261  0.0260  0.0261  0.0260  0.0260  0.0260  0.0260
  0.0260  0.0260  0.0260  0.0260  0.0260  0.0260  0.0260  0.0260  0.0260  0.0260  0.0260  0.0260
  0.0261  0.0260  0.0260  0.0260  0.0260  0.0260  0.0260  0.0261  0.0260  0.0260  0.0260  0.0260
  0.0262  0.0261  0.0261  0.0262  0.0261  0.0261  0.0261  0.0262  0.0261  0.0261  0.0261  0.0261
  0.0264  0.0263  0.0262  0.0264  0.0263  0.0262  0.0263  0.0265  0.0262  0.0263  0.0262  0.0262
    0.0061  -15.2628    3.1736   -2.7005  -18.6298  -12.1978
   -6.0855   -0.1804    3.9414   17.0551   -3.6502  -24.8291
eta,q 0.97399 10.60386

---------------------------------------------------------------------
compute_vox2vox talsrcimg talsrcimg_to_711-2C_as_mni_average_305_t4 /opt/freesurfer/average/711-2C_as_mni_average_305
---------------------------------------------------------------------

freesurfer compute_vox2vox.c
Reading: talsrcimg.4dfp.ifh
Reading: talsrcimg_to_711-2C_as_mni_average_305_t4
Reading: /opt/freesurfer/average/711-2C_as_mni_average_305.4dfp.ifh
Writing: talsrcimg_to_711-2C_as_mni_average_305_t4_vox2vox.txt

start time Sat Mar 14 03:15:51 CET 2026
end		time Sat Mar 14 03:16:05 CET 2026

mpr2mni305 success

avi2talxfm orig_nu.mgz /opt/freesurfer/average/mni305.cor.mgz talsrcimg_to_711-2C_as_mni_average_305_t4_vox2vox.txt transforms/talairach.auto.xfm
avi2talxfm done
mv -f /out/sourcedata/freesurfer/sub-v2s8x29247_ses-1/mri/talsrcimg_to_711-2C_as_mni_average_305_t4_vox2vox.txt /out/sourcedata/freesurfer/sub-v2s8x29247_ses-1/mri/transforms/talsrcimg_to_711-2C_as_mni_average_305_t4_vox2vox.txt
lta_convert --src orig_nu.mgz --trg /opt/freesurfer/average/mni305.cor.mgz --inxfm transforms/talairach.auto.xfm --outlta transforms/talairach.auto.xfm.lta --subject fsaverage
7.3.2

--src: orig_nu.mgz src image (geometry).
--trg: /opt/freesurfer/average/mni305.cor.mgz trg image (geometry).
--inmni: transforms/talairach.auto.xfm input MNI/XFM transform.
--outlta: transforms/talairach.auto.xfm.lta output LTA.
--s: fsaverage subject name
 LTA read, type : 1
 1.02435  -0.01206   0.07293   23.65007;
 0.02696   1.07488   0.33000   5.10644;
-0.05527  -0.22471   1.15625   30.89890;
 0.00000   0.00000   0.00000   1.00000;
setting subject to fsaverage
Writing  LTA to file transforms/talairach.auto.xfm.lta...
lta_convert successful.
 
 
Started at Sat Mar 14 03:15:51 CET 2026
Ended   at Sat Mar 14 03:16:06 CET 2026
talairach_avi done
