status file for recon-all
Sat Mar 14 03:54:26 CET 2026
#@# Tessellate rh Sat Mar 14 03:54:26 CET 2026
#@# Smooth1 rh Sat Mar 14 03:54:30 CET 2026
#@# Inflation1 rh Sat Mar 14 03:54:32 CET 2026
#@# QSphere rh Sat Mar 14 03:54:46 CET 2026
#@# Fix Topology rh Sat Mar 14 03:55:59 CET 2026
#@# Smooth2 rh Sat Mar 14 04:06:41 CET 2026
#@# Inflation2 rh Sat Mar 14 04:06:44 CET 2026
#@# Curv .H and .K rh Sat Mar 14 04:06:58 CET 2026
#@# Sphere rh Sat Mar 14 04:07:40 CET 2026
#@# Surf Reg rh Sat Mar 14 04:09:58 CET 2026
#@# Jacobian white rh Sat Mar 14 04:14:05 CET 2026
#@# AvgCurv rh Sat Mar 14 04:14:06 CET 2026
#@# Cortical Parc rh Sat Mar 14 04:14:07 CET 2026
#@# white curv rh Sat Mar 14 04:19:56 CET 2026
#@# white area rh Sat Mar 14 04:19:58 CET 2026
#@# pial curv rh Sat Mar 14 04:19:59 CET 2026
#@# pial area rh Sat Mar 14 04:20:01 CET 2026
#@# thickness rh Sat Mar 14 04:20:02 CET 2026
#@# area and vertex vol rh Sat Mar 14 04:20:28 CET 2026
#@# Curvature Stats rh Sat Mar 14 04:20:30 CET 2026
#@# Cortical Parc 2 rh Sat Mar 14 04:20:32 CET 2026
#@# Cortical Parc 3 rh Sat Mar 14 04:20:44 CET 2026
#@# WM/GM Contrast rh Sat Mar 14 04:20:54 CET 2026
recon-all -s sub-v2s8x29217_ses-1 finished without error at Sat Mar 14 04:20:58 CET 2026



#New# invocation of recon-all 



status file for recon-all
Sat Mar 14 04:28:00 CET 2026
#@# white curv rh Sat Mar 14 04:28:00 CET 2026
#@# white area rh Sat Mar 14 04:28:00 CET 2026
#@# pial curv rh Sat Mar 14 04:28:00 CET 2026
#@# pial area rh Sat Mar 14 04:28:00 CET 2026
#@# thickness rh Sat Mar 14 04:28:00 CET 2026
#@# area and vertex vol rh Sat Mar 14 04:28:00 CET 2026
#@# Parcellation Stats rh Sat Mar 14 04:28:00 CET 2026
#@# Parcellation Stats 2 rh Sat Mar 14 04:28:17 CET 2026
#@# Parcellation Stats 3 rh Sat Mar 14 04:28:26 CET 2026
#@# BA_exvivo Labels rh Sat Mar 14 04:28:35 CET 2026
recon-all -s sub-v2s8x29217_ses-1 finished without error at Sat Mar 14 04:31:13 CET 2026
