status file for recon-all
Sat Mar 14 04:25:15 CET 2026
#@# Tessellate lh Sat Mar 14 04:25:15 CET 2026
#@# Smooth1 lh Sat Mar 14 04:25:18 CET 2026
#@# Inflation1 lh Sat Mar 14 04:25:21 CET 2026
#@# QSphere lh Sat Mar 14 04:25:35 CET 2026
#@# Fix Topology lh Sat Mar 14 04:26:40 CET 2026
#@# Smooth2 lh Sat Mar 14 04:34:42 CET 2026
#@# Inflation2 lh Sat Mar 14 04:34:45 CET 2026
#@# Curv .H and .K lh Sat Mar 14 04:35:00 CET 2026
#@# Sphere lh Sat Mar 14 04:35:48 CET 2026
#@# Surf Reg lh Sat Mar 14 04:38:19 CET 2026
#@# Jacobian white lh Sat Mar 14 04:42:43 CET 2026
#@# AvgCurv lh Sat Mar 14 04:42:44 CET 2026
#@# Cortical Parc lh Sat Mar 14 04:42:45 CET 2026
#@# white curv lh Sat Mar 14 04:48:54 CET 2026
#@# white area lh Sat Mar 14 04:48:56 CET 2026
#@# pial curv lh Sat Mar 14 04:48:56 CET 2026
#@# pial area lh Sat Mar 14 04:48:58 CET 2026
#@# thickness lh Sat Mar 14 04:48:59 CET 2026
#@# area and vertex vol lh Sat Mar 14 04:49:29 CET 2026
#@# Curvature Stats lh Sat Mar 14 04:49:30 CET 2026
#@# Cortical Parc 2 lh Sat Mar 14 04:49:33 CET 2026
#@# Cortical Parc 3 lh Sat Mar 14 04:49:47 CET 2026
#@# WM/GM Contrast lh Sat Mar 14 04:49:57 CET 2026
recon-all -s sub-v2s8x29237_ses-1 finished without error at Sat Mar 14 04:50:01 CET 2026



#New# invocation of recon-all 



status file for recon-all
Sat Mar 14 05:19:11 CET 2026
#@# white curv lh Sat Mar 14 05:19:11 CET 2026
#@# white area lh Sat Mar 14 05:19:11 CET 2026
#@# pial curv lh Sat Mar 14 05:19:11 CET 2026
#@# pial area lh Sat Mar 14 05:19:11 CET 2026
#@# thickness lh Sat Mar 14 05:19:11 CET 2026
#@# area and vertex vol lh Sat Mar 14 05:19:11 CET 2026
#@# Parcellation Stats lh Sat Mar 14 05:19:11 CET 2026
#@# Parcellation Stats 2 lh Sat Mar 14 05:19:31 CET 2026
#@# Parcellation Stats 3 lh Sat Mar 14 05:19:40 CET 2026
#@# BA_exvivo Labels lh Sat Mar 14 05:19:50 CET 2026
recon-all -s sub-v2s8x29237_ses-1 finished without error at Sat Mar 14 05:22:35 CET 2026
