09ee3519-fa4a-4911-927c-cb7c974fc0db oesteban@dna055:/tmp/59605092/oesteban/bootstrap-fmriprep/59605092_1688/project/derivatives/v2s8 timestamp=1773443846.713782434s
0cf21901-05f2-486a-be05-8483f39c2f5f oesteban@dna032:/tmp/59604019/oesteban/bootstrap-fmriprep/59604019_1675/project/derivatives/v2s8 timestamp=1773441193.384276439s
1538623b-105e-4cf7-93b3-7ef8f38c4e1c oesteban@dna010:/tmp/59607147/oesteban/bootstrap-fmriprep/59607147_1722/project/derivatives/v2s8 timestamp=1773449353.355760488s
177d13ae-e6a2-4283-a5de-d43e19310dc8 oesteban@dna075:/tmp/59604564/oesteban/bootstrap-fmriprep/59604564_1682/project/derivatives/v2s8 timestamp=1773442412.926503151s
18d7853e-b241-43f0-9e2f-22cd924d018a oesteban@dna086:/tmp/59607715/oesteban/bootstrap-fmriprep/59607715_1728/project/derivatives/v2s8 timestamp=1773450864.978838929s
195a026e-7eb4-4eaf-af03-c66c645500e4 oesteban@dna054:/tmp/59606018/oesteban/bootstrap-fmriprep/59606018_1704/project/derivatives/v2s8 timestamp=1773446263.883080491s
1f459b96-8d1e-4c8f-a2bf-61ffc424669e oesteban@dna013:/tmp/59607163/oesteban/bootstrap-fmriprep/59607163_1724/project/derivatives/v2s8 timestamp=1773449504.143511658s
22d91261-6547-46ad-837b-36c98b145ebe oesteban@dna055:/tmp/59605490/oesteban/bootstrap-fmriprep/59605490_1694/project/derivatives/v2s8 timestamp=1773445277.449758779s
2bd4abad-9499-429c-b097-d12e179755f9 oesteban@dna032:/tmp/59606153/oesteban/bootstrap-fmriprep/59606153_1708/project/derivatives/v2s8 timestamp=1773446659.405471002s
2bdede0d-848a-4f13-8468-b9d81d3dbfd3 oesteban@Mac:~/workspace/abide_preproc/derivatives/v2s8 timestamp=1772959809s
32255924-f642-4a04-9830-c5a0d48e6e6d oesteban@dna061:/tmp/59604188/oesteban/bootstrap-fmriprep/59604188_1679/project/derivatives/v2s8 timestamp=1773441779.330410866s
33a611bf-99f6-44b9-85d0-208eec80d497 oesteban@dna034:/tmp/59604139/oesteban/bootstrap-fmriprep/59604139_1676/project/derivatives/v2s8 timestamp=1773441449.307627082s
34da0c46-800d-4d4b-bf2c-388cf2bbcc77 oesteban@dna063:/tmp/59606749/oesteban/bootstrap-fmriprep/59606749_1717/project/derivatives/v2s8 timestamp=1773448292.242675015s
3a518d3e-c71f-4808-853f-a89f55a25ae4 oesteban@dna085:/tmp/59607017/oesteban/bootstrap-fmriprep/59607017_1720/project/derivatives/v2s8 timestamp=1773449114.205738906s
3d47ce86-1401-4e3f-8854-c42aaf9a99c7 oesteban@dna066:/tmp/59608681/oesteban/bootstrap-fmriprep/59608681_1744/project/derivatives/v2s8 timestamp=1773454180.809056063s
3d8f07b7-9881-4721-b6f5-b4d6e813c1e3 oesteban@dna060:/tmp/59604552/oesteban/bootstrap-fmriprep/59604552_1681/project/derivatives/v2s8 timestamp=1773442385.349564997s
4f405a68-e6f3-46c4-9365-754e04cfa828 oesteban@dna069:/tmp/59607135/oesteban/bootstrap-fmriprep/59607135_1721/project/derivatives/v2s8 timestamp=1773449281.957079627s
5502198b-c2c9-4071-ba6d-4f433f59f8de oesteban@dna060:/tmp/59605906/oesteban/bootstrap-fmriprep/59605906_1701/project/derivatives/v2s8 timestamp=1773446180.388055743s
59dae294-1486-4f14-8012-ff28ffb9b458 oesteban@dna035:/tmp/59605898/oesteban/bootstrap-fmriprep/59605898_1700/project/derivatives/v2s8 timestamp=1773446151.277156647s
5d746081-651f-4fbb-b4bc-56b2e1d6e8aa oesteban@dna020:/tmp/59607008/oesteban/bootstrap-fmriprep/59607008_1719/project/derivatives/v2s8 timestamp=1773449046.845520661s
5e5d887f-9268-47bc-9811-80ab766dcaaf oesteban@dna055:/tmp/59607728/oesteban/bootstrap-fmriprep/59607728_1729/project/derivatives/v2s8 timestamp=1773450942.689443713s
61332ee1-4fb3-468a-a614-6e5c011b90a5 oesteban@dna039:/tmp/59607173/oesteban/bootstrap-fmriprep/59607173_1725/project/derivatives/v2s8 timestamp=1773449589.957142394s
68fecbd5-4184-487d-9d56-be18e4bdba52 oesteban@dna078:/tmp/59606346/oesteban/bootstrap-fmriprep/59606346_1711/project/derivatives/v2s8 timestamp=1773447503.2412745s
69b7e995-317c-480c-8d83-9d2df0cdf644 oesteban@dna078:/tmp/59605866/oesteban/bootstrap-fmriprep/59605866_1699/project/derivatives/v2s8 timestamp=1773445915.604309524s
708e7931-5fb9-445a-8c01-9b174dde0409 oesteban@dna067:/tmp/59605244/oesteban/bootstrap-fmriprep/59605244_1690/project/derivatives/v2s8 timestamp=1773444054.854001207s
72c7aa56-ac9c-4112-8b7d-f97112ed22f5 oesteban@dna010:/tmp/59607770/oesteban/bootstrap-fmriprep/59607770_1731/project/derivatives/v2s8 timestamp=1773451283.823845953s
735314e0-4728-42bf-ba06-2f0b32090b1b oesteban@dna078:/tmp/59604576/oesteban/bootstrap-fmriprep/59604576_1683/project/derivatives/v2s8 timestamp=1773442478.313643489s
85a5ab12-5b5a-4605-8726-f8bafb62ab57 oesteban@dna059:/tmp/59608165/oesteban/bootstrap-fmriprep/59608165_1735/project/derivatives/v2s8 timestamp=1773452218.271674094s
877dbcc7-4c4b-4c46-8584-a0167596749c oesteban@dna069:/tmp/59608140/oesteban/bootstrap-fmriprep/59608140_1733/project/derivatives/v2s8 timestamp=1773451890.329580308s
87888a86-cfbe-421a-a87c-ea7e3f17c89a oesteban@dna069:/tmp/59603804/oesteban/bootstrap-fmriprep/59603804_1674/project/derivatives/v2s8 timestamp=1773441008.855320232s
879b279e-31c6-43f0-b11e-9bc976b2cfe2 oesteban@dna003:/tmp/59606707/oesteban/bootstrap-fmriprep/59606707_1714/project/derivatives/v2s8 timestamp=1773447923.06768706s
89b53596-e5b6-495b-b7f5-1ff4d7cdbfb3 oesteban@dna082:/tmp/59606347/oesteban/bootstrap-fmriprep/59606347_1712/project/derivatives/v2s8 timestamp=1773447504.65494904s
8a4a6e9c-0f47-41dd-a148-cc918d253066 oesteban@dna032:/tmp/59606024/oesteban/bootstrap-fmriprep/59606024_1705/project/derivatives/v2s8 timestamp=1773446309.82114563s
8cc3e84f-8bb6-45fe-8286-f3a676696327 oesteban@dna085:/tmp/59607896/oesteban/bootstrap-fmriprep/59607896_1732/project/derivatives/v2s8 timestamp=1773451465.390438406s
96943da8-8641-4528-91a2-95555b14f61d oesteban@dna035:/tmp/59604909/oesteban/bootstrap-fmriprep/59604909_1687/project/derivatives/v2s8 timestamp=1773443181.366892896s
9ac95377-e67d-4808-aa67-62d426fb0211 oesteban@dna061:/tmp/59606741/oesteban/bootstrap-fmriprep/59606741_1716/project/derivatives/v2s8 timestamp=1773448238.947458413s
9c624f8e-5c96-4eb5-93f3-3a1cdbccf30e oesteban@dna086:/tmp/59608340/oesteban/bootstrap-fmriprep/59608340_1740/project/derivatives/v2s8 timestamp=1773453083.704518566s
9eb63038-4fae-44b7-b19f-b27d9623bef9 oesteban@dna066:/tmp/59605243/oesteban/bootstrap-fmriprep/59605243_1689/project/derivatives/v2s8 timestamp=1773444038.791321483s
a404619b-596a-4ed4-9e1a-e294eea44681 oesteban@dna039:/tmp/59604157/oesteban/bootstrap-fmriprep/59604157_1677/project/derivatives/v2s8 timestamp=1773441559.233361345s
a84354dd-5950-4daa-919d-3aee5b8c33cd oesteban@dna075:/tmp/59606143/oesteban/bootstrap-fmriprep/59606143_1707/project/derivatives/v2s8 timestamp=1773446504.139166343s
a8719edf-c646-4c34-a881-fdc35cf90cf7 oesteban@dna072:/tmp/59605427/oesteban/bootstrap-fmriprep/59605427_1691/project/derivatives/v2s8 timestamp=1773444707.46080186s
aa50a96c-fbbc-4f84-ab3b-cfd338759aed oesteban@dna080:/tmp/59608679/oesteban/bootstrap-fmriprep/59608679_1743/project/derivatives/v2s8 timestamp=1773454120.576081181s
ab9f6ce9-9d94-4153-9efd-49978e1676d6 oesteban@dna003:/tmp/59605432/oesteban/bootstrap-fmriprep/59605432_1692/project/derivatives/v2s8 timestamp=1773444770.929419725s
add03720-e535-476e-afb3-c52e9ab80ba6 oesteban@dna075:/tmp/59609078/oesteban/bootstrap-fmriprep/59609078_1749/project/derivatives/v2s8 timestamp=1773454970.556561387s
b17a812b-916b-4ee9-b99b-643c9c1a1555 oesteban@dna034:/tmp/59607510/oesteban/bootstrap-fmriprep/59607510_1727/project/derivatives/v2s8 timestamp=1773449936.636352901s
b25f7abe-7c29-4948-bf85-a51a66e28fa6 oesteban@dna071:/tmp/59605848/oesteban/bootstrap-fmriprep/59605848_1698/project/derivatives/v2s8 timestamp=1773445784.99484223s
b6963711-c53b-4e1c-958e-06a5b877b598 oesteban@dna080:/tmp/59609095/oesteban/bootstrap-fmriprep/59609095_1751/project/derivatives/v2s8 timestamp=1773455173.929523251s
b736d148-048e-48c2-b67f-000456c60bc0 oesteban@dna071:/tmp/59609033/oesteban/bootstrap-fmriprep/59609033_1747/project/derivatives/v2s8 timestamp=1773454588.939532135s
beb22826-ce68-48e2-b50c-dfc8acd87321 oesteban@dna068:/tmp/59607762/oesteban/bootstrap-fmriprep/59607762_1730/project/derivatives/v2s8 timestamp=1773451201.38156025s
c0c7064a-602b-4522-8be9-4a240b62087f oesteban@dna067:/tmp/59606309/oesteban/bootstrap-fmriprep/59606309_1709/project/derivatives/v2s8 timestamp=1773447202.014029165s
c0d90a94-deb7-4d18-a879-2f51e902f51f oesteban@dna061:/tmp/59607293/oesteban/bootstrap-fmriprep/59607293_1726/project/derivatives/v2s8 timestamp=1773449730.952275907s
c90b64e7-aee5-4018-aca1-9507412b381b oesteban@dna080:/tmp/59604181/oesteban/bootstrap-fmriprep/59604181_1678/project/derivatives/v2s8 timestamp=1773441757.257846052s
c94b31a0-31f1-4c78-9757-7c7bb1904aef oesteban@dna038:/tmp/59605614/oesteban/bootstrap-fmriprep/59605614_1695/project/derivatives/v2s8 timestamp=1773445508.391322126s
ca05998a-8085-4cd6-8ce0-b0613c1af7f0 oesteban@dna039:/tmp/59606010/oesteban/bootstrap-fmriprep/59606010_1703/project/derivatives/v2s8 timestamp=1773446247.313999611s
ca9c35d5-fc40-494f-a92e-96a76be62157 oesteban@dna071:/tmp/59604726/oesteban/bootstrap-fmriprep/59604726_1685/project/derivatives/v2s8 timestamp=1773442830.527424571s
cff58171-1a42-4896-95e8-a92a125e5163 oesteban@dna054:/tmp/59606727/oesteban/bootstrap-fmriprep/59606727_1715/project/derivatives/v2s8 timestamp=1773448102.973447796s
dd9bfc3c-77ad-465e-8db9-3ad89537ef40 oesteban@dna072:/tmp/59604601/oesteban/bootstrap-fmriprep/59604601_1684/project/derivatives/v2s8 timestamp=1773442658.505624289s
e052c4cc-f2bc-4897-9278-595b3380d167 oesteban@dna017:/tmp/59604547/oesteban/bootstrap-fmriprep/59604547_1680/project/derivatives/v2s8 timestamp=1773442364.055956152s
e08fb927-89f2-468b-b20e-95ecbfeb1e8e oesteban@dna072:/tmp/59609061/oesteban/bootstrap-fmriprep/59609061_1748/project/derivatives/v2s8 timestamp=1773454817.700679867s
e3a610ac-792d-4dfa-adf8-fdf8402e32d7 oesteban@dna082:/tmp/59605434/oesteban/bootstrap-fmriprep/59605434_1693/project/derivatives/v2s8 timestamp=1773444799.173807794s
e50aefbd-682a-47e7-8f5c-f76fdae8f2c9 oesteban@dna063:/tmp/59606345/oesteban/bootstrap-fmriprep/59606345_1710/project/derivatives/v2s8 timestamp=1773447488.186649117s
e9011f88-2668-4124-853c-59cb834b1d9a oesteban@dna086:/tmp/59605837/oesteban/bootstrap-fmriprep/59605837_1697/project/derivatives/v2s8 timestamp=1773445700.992486001s
ea00d6ea-c9a3-40ca-b51b-e4b33a1c5db4 oesteban@dna066:/tmp/59604878/oesteban/bootstrap-fmriprep/59604878_1686/project/derivatives/v2s8 timestamp=1773443003.869391895s
ea27ecdb-490b-4d45-842c-e6f68c811e23 oesteban@dna075:/tmp/59605833/oesteban/bootstrap-fmriprep/59605833_1696/project/derivatives/v2s8 timestamp=1773445649.15462448s
ec1fd9c3-78e1-476b-b035-5c5ef274805c oesteban@dna026:/tmp/59606863/oesteban/bootstrap-fmriprep/59606863_1718/project/derivatives/v2s8 timestamp=1773448433.117309252s
f3354ffb-6755-4b55-bf02-5ccecc62f94d oesteban@dna013:/tmp/59606362/oesteban/bootstrap-fmriprep/59606362_1713/project/derivatives/v2s8 timestamp=1773447590.050172225s
f54d47a2-d7cf-4176-9492-3af7e250a27a git@0cf3a9a26dcd:/data/repos/abide-fmriprep/v2s8.git timestamp=1773441011.204417433s
fa8028ef-77bb-4605-8cd7-939017f29a87 oesteban@dna076:/tmp/59608319/oesteban/bootstrap-fmriprep/59608319_1736/project/derivatives/v2s8 timestamp=1773452784.572143125s
fab261b6-2907-4651-9544-c9358e60636d oesteban@dna017:/tmp/59605909/oesteban/bootstrap-fmriprep/59605909_1702/project/derivatives/v2s8 timestamp=1773446218.09750411s
fb7fb9f3-7d88-45bc-9fe6-d4be67b71911 oesteban@dna082:/tmp/59606133/oesteban/bootstrap-fmriprep/59606133_1706/project/derivatives/v2s8 timestamp=1773446373.529728649s
fc2e481e-33d1-4fc8-b109-f3f4b88b5a40 oesteban@dna026:/tmp/59607156/oesteban/bootstrap-fmriprep/59607156_1723/project/derivatives/v2s8 timestamp=1773449468.121554994s
