status file for recon-all
Sat Mar 14 05:03:18 CET 2026
#@# Tessellate lh Sat Mar 14 05:03:18 CET 2026
#@# Smooth1 lh Sat Mar 14 05:03:21 CET 2026
#@# Inflation1 lh Sat Mar 14 05:03:24 CET 2026
#@# QSphere lh Sat Mar 14 05:03:40 CET 2026
#@# Fix Topology lh Sat Mar 14 05:05:12 CET 2026
#@# Smooth2 lh Sat Mar 14 05:12:35 CET 2026
#@# Inflation2 lh Sat Mar 14 05:12:38 CET 2026
#@# Curv .H and .K lh Sat Mar 14 05:12:56 CET 2026
#@# Sphere lh Sat Mar 14 05:13:47 CET 2026
#@# Surf Reg lh Sat Mar 14 05:17:09 CET 2026
#@# Jacobian white lh Sat Mar 14 05:22:14 CET 2026
#@# AvgCurv lh Sat Mar 14 05:22:15 CET 2026
#@# Cortical Parc lh Sat Mar 14 05:22:16 CET 2026
#@# white curv lh Sat Mar 14 05:28:32 CET 2026
#@# white area lh Sat Mar 14 05:28:34 CET 2026
#@# pial curv lh Sat Mar 14 05:28:35 CET 2026
#@# pial area lh Sat Mar 14 05:28:37 CET 2026
#@# thickness lh Sat Mar 14 05:28:38 CET 2026
#@# area and vertex vol lh Sat Mar 14 05:29:10 CET 2026
#@# Curvature Stats lh Sat Mar 14 05:29:12 CET 2026
#@# Cortical Parc 2 lh Sat Mar 14 05:29:14 CET 2026
#@# Cortical Parc 3 lh Sat Mar 14 05:29:29 CET 2026
#@# WM/GM Contrast lh Sat Mar 14 05:29:41 CET 2026
recon-all -s sub-v2s8x29248_ses-1 finished without error at Sat Mar 14 05:29:46 CET 2026



#New# invocation of recon-all 



status file for recon-all
Sat Mar 14 06:01:56 CET 2026
#@# white curv lh Sat Mar 14 06:01:56 CET 2026
#@# white area lh Sat Mar 14 06:01:56 CET 2026
#@# pial curv lh Sat Mar 14 06:01:56 CET 2026
#@# pial area lh Sat Mar 14 06:01:56 CET 2026
#@# thickness lh Sat Mar 14 06:01:56 CET 2026
#@# area and vertex vol lh Sat Mar 14 06:01:56 CET 2026
#@# Parcellation Stats lh Sat Mar 14 06:01:56 CET 2026
#@# Parcellation Stats 2 lh Sat Mar 14 06:02:17 CET 2026
#@# Parcellation Stats 3 lh Sat Mar 14 06:02:28 CET 2026
#@# BA_exvivo Labels lh Sat Mar 14 06:02:40 CET 2026
recon-all -s sub-v2s8x29248_ses-1 finished without error at Sat Mar 14 06:05:35 CET 2026
