/out/sourcedata/freesurfer/sub-v2s8x29231_ses-1/mri
/opt/freesurfer/bin/talairach_avi
--i orig_nu.mgz --xfm transforms/talairach.auto.xfm
talairach_avi 7.3.2
Linux dna086 5.14.0-427.37.1.el9_4.x86_64 #1 SMP PREEMPT_DYNAMIC Fri Sep 13 12:41:50 EDT 2024 x86_64 x86_64 x86_64 GNU/Linux
Sat Mar 14 02:20:32 CET 2026
mri_convert orig_nu.mgz talsrcimg.img 
reading from orig_nu.mgz...
TR=0.00, TE=0.00, TI=0.00, flip angle=0.00
i_ras = (-1, 0, 0)
j_ras = (0, 0, -1)
k_ras = (0, 1, 0)
writing to talsrcimg.img...
Analyze Output Matrix
-1.00000   0.00000   0.00000   137.61691;
 0.00000   0.00000   1.00000  -128.00000;
 0.00000  -1.00000   0.00000   124.21686;
 0.00000   0.00000   0.00000   1.00000;
--------------------
INFO: set hdr.hist.orient to -1
mpr2mni305 talsrcimg
Sat Mar 14 02:20:33 CET 2026
/opt/freesurfer/bin/mpr2mni305 talsrcimg
mpr2mni305 7.3.2
target=711-2C_as_mni_average_305

---------------------------------------------------------------------
analyzeto4dfp talsrcimg -O0 -y
---------------------------------------------------------------------

freesurfer ifh2hdr.c
Sat Mar 14 02:20:33 2026
Writing: talsrcimg.4dfp.hdr
freesurfer analyzeto4dfp.c
Reading: talsrcimg.hdr
header size 348 bytes
hdr.dime.datatype	offset=70	value=2
hdr.dime.bitpix		offset=72	value=8
hdr.hist.orient		offset=252	value=-1
dimensionality     4
dimensions       256       256       256         1
Reading: talsrcimg.img
Writing: talsrcimg.4dfp.img
Writing: talsrcimg.4dfp.ifh
ifh2hdr talsrcimg -r0to215
ori=2

---------------------------------------------------------------------
gauss_4dfp talsrcimg 1.1
---------------------------------------------------------------------

freesurfer gauss_4dfp.c
Reading: talsrcimg.4dfp.img
Writing: talsrcimg_g11.4dfp.img
image dimensions 256 256 256 padded to 288 288 288
processing volume 1freesurfer ifh2hdr.c
Sat Mar 14 02:20:34 2026
Writing: talsrcimg_g11.4dfp.hdr

Writing: talsrcimg_g11.4dfp.ifh
including: talsrcimg.4dfp.img.rec in talsrcimg_g11.4dfp.img.rec

---------------------------------------------------------------------
imgreg_4dfp /opt/freesurfer/average/711-2C_as_mni_average_305 none talsrcimg_g11 none talsrcimg_to_711-2C_as_mni_average_305_t4 4355
---------------------------------------------------------------------

freesurfer imgreg_4dfp.c
/opt/freesurfer/average/711-2C_as_mni_average_305.4dfp.img
       256       256       256         1
  1.000000  1.000000  1.000000
orientation T byte_order littleendian
Reading image: /opt/freesurfer/average/711-2C_as_mni_average_305.4dfp.img
dimensions:      256       256       256
mmppix:       1.0000   -1.0000   -1.0000
center:     128.0000 -129.0000 -129.0000
talsrcimg_g11.4dfp.img
       256       256       256         1
  1.000000  1.000000  1.000000
orientation T byte_order littleendian
Reading image: talsrcimg_g11.4dfp.img
dimensions:      256       256       256
mmppix:       1.0000   -1.0000   -1.0000
center:     128.0000 -129.0000 -129.0000
t4_read: open error in t4_sub.f l:  41 t4_file(1:l)talsrcimg_to_711-2C_as_mni_average_305_t4 
t4_read: transform initialized to I4
rotation matrix determinant  1.000000
image alignment mode   4355 decimal     1103 hex
   -7.5000  -45.0000  -45.0000 8889.6963   18.5267
    0.0000  -45.0000  -45.0000 9237.5459   18.4929
    7.5000  -45.0000  -45.0000 8771.1875   18.4915
   -7.5000  -37.5000  -45.0000 9263.5527   18.5919
    0.0000  -37.5000  -45.0000 9629.5469   18.5567
    7.5000  -37.5000  -45.0000 9145.5156   18.5511
   -7.5000  -30.0000  -45.0000 9895.6377   18.5913
    0.0000  -30.0000  -45.000010301.2637   18.5593
    7.5000  -30.0000  -45.0000 9789.1787   18.5590
   -7.5000  -22.5000  -45.000010580.0479   18.5209
    0.0000  -22.5000  -45.000010990.9434   18.4934
    7.5000  -22.5000  -45.000010467.4141   18.5035
   -7.5000  -15.0000  -45.000011223.1904   18.4623
    0.0000  -15.0000  -45.000011663.0176   18.4373
    7.5000  -15.0000  -45.000011105.5869   18.4523
   -7.5000   -7.5000  -45.000011821.4482   18.4675
    0.0000   -7.5000  -45.000012305.0410   18.4395
    7.5000   -7.5000  -45.000011709.1279   18.4484
   -7.5000    0.0000  -45.000012255.2559   18.5267
    0.0000    0.0000  -45.000012763.6152   18.4929
    7.5000    0.0000  -45.000012116.4941   18.4915
   -7.5000    7.5000  -45.000011681.1172   18.5919
    0.0000    7.5000  -45.000012168.4551   18.5567
    7.5000    7.5000  -45.000011573.9297   18.5511
   -7.5000   15.0000  -45.000010977.9414   18.5913
    0.0000   15.0000  -45.000011420.0781   18.5593
    7.5000   15.0000  -45.000010843.4199   18.5590
   -7.5000   22.5000  -45.000010207.0039   18.5184
    0.0000   22.5000  -45.000010617.7344   18.4909
    7.5000   22.5000  -45.000010050.7314   18.5010
   -7.5000   30.0000  -45.0000 9441.9141   18.2163
    0.0000   30.0000  -45.0000 9824.0723   18.1916
    7.5000   30.0000  -45.0000 9282.8252   18.2064
   -7.5000   37.5000  -45.0000 8934.1416   18.2214
    0.0000   37.5000  -45.0000 9303.2441   18.1938
    7.5000   37.5000  -45.0000 8782.6211   18.2026
   -7.5000   45.0000  -45.0000 8054.9512   17.8156
    0.0000   45.0000  -45.0000 8380.6602   17.7832
    7.5000   45.0000  -45.0000 7905.2773   17.7818
   -7.5000  -45.0000  -37.5000 9421.6240   18.4955
    0.0000  -45.0000  -37.5000 9796.0156   18.4703
    7.5000  -45.0000  -37.5000 9298.3027   18.4675
   -7.5000  -37.5000  -37.5000 9803.1846   18.5646
    0.0000  -37.5000  -37.500010198.4971   18.5379
    7.5000  -37.5000  -37.5000 9682.3027   18.5316
   -7.5000  -30.0000  -37.500010484.6738   18.5756
    0.0000  -30.0000  -37.500010906.1572   18.5479
    7.5000  -30.0000  -37.500010365.9893   18.5476
   -7.5000  -22.5000  -37.500011182.1260   18.5138
    0.0000  -22.5000  -37.500011612.4756   18.4862
    7.5000  -22.5000  -37.500011067.3896   18.4957
   -7.5000  -15.0000  -37.500011833.1465   18.4527
    0.0000  -15.0000  -37.500012295.0469   18.4268
    7.5000  -15.0000  -37.500011688.3047   18.4403
   -7.5000   -7.5000  -37.500012433.5918   18.4456
    0.0000   -7.5000  -37.500012937.4482   18.4209
    7.5000   -7.5000  -37.500012304.8066   18.4282
   -7.5000    0.0000  -37.500012879.1104   18.4955
    0.0000    0.0000  -37.500013400.7539   18.4703
    7.5000    0.0000  -37.500012721.1621   18.4675
   -7.5000    7.5000  -37.500012244.9287   18.5646
    0.0000    7.5000  -37.500012767.1172   18.5379
    7.5000    7.5000  -37.500012112.4443   18.5316
   -7.5000   15.0000  -37.500011478.0420   18.5756
    0.0000   15.0000  -37.500011948.0391   18.5479
    7.5000   15.0000  -37.500011337.0244   18.5476
   -7.5000   22.5000  -37.500010640.7598   18.5113
    0.0000   22.5000  -37.500011073.2197   18.4836
    7.5000   22.5000  -37.500010476.7979   18.4932
   -7.5000   30.0000  -37.5000 9794.6357   18.2068
    0.0000   30.0000  -37.500010223.3027   18.1812
    7.5000   30.0000  -37.5000 9663.4580   18.1946
   -7.5000   37.5000  -37.5000 9261.3281   18.1997
    0.0000   37.5000  -37.5000 9697.6592   18.1754
    7.5000   37.5000  -37.5000 9142.6523   18.1826
   -7.5000   45.0000  -37.5000 8341.5996   17.7857
    0.0000   45.0000  -37.5000 8719.9326   17.7614
    7.5000   45.0000  -37.5000 8220.5645   17.7587
   -7.5000  -45.0000  -30.000010138.8486   19.2621
    0.0000  -45.0000  -30.000010525.6611   19.2386
    7.5000  -45.0000  -30.0000 9977.1309   19.2337
   -7.5000  -37.5000  -30.000010540.1094   19.3356
    0.0000  -37.5000  -30.000010950.0195   19.3089
    7.5000  -37.5000  -30.000010381.8965   19.3008
   -7.5000  -30.0000  -30.000011274.2764   19.3529
    0.0000  -30.0000  -30.000011706.9414   19.3231
    7.5000  -30.0000  -30.000011109.0303   19.3187
   -7.5000  -22.5000  -30.000011970.0830   19.2936
    0.0000  -22.5000  -30.000012439.6748   19.2633
    7.5000  -22.5000  -30.000011840.2109   19.2663
   -7.5000  -15.0000  -30.000012635.3496   19.2282
    0.0000  -15.0000  -30.000013122.9150   19.2007
    7.5000  -15.0000  -30.000012470.7422   19.2077
   -7.5000   -7.5000  -30.000013257.9414   19.2141
    0.0000   -7.5000  -30.000013783.3994   19.1902
    7.5000   -7.5000  -30.000013086.0322   19.1930
   -7.5000    0.0000  -30.000013693.9443   19.2621
    0.0000    0.0000  -30.000014258.8682   19.2386
    7.5000    0.0000  -30.000013512.3213   19.2337
   -7.5000    7.5000  -30.000013016.6748   19.3356
    0.0000    7.5000  -30.000013565.6748   19.3089
    7.5000    7.5000  -30.000012849.9707   19.3008
   -7.5000   15.0000  -30.000012145.0615   19.3529
    0.0000   15.0000  -30.000012674.4424   19.3231
    7.5000   15.0000  -30.000012011.4424   19.3187
   -7.5000   22.5000  -30.000011232.6426   19.2890
    0.0000   22.5000  -30.000011727.8271   19.2587
    7.5000   22.5000  -30.000011107.2793   19.2617
   -7.5000   30.0000  -30.000010300.4932   18.9738
    0.0000   30.0000  -30.000010754.7988   18.9466
    7.5000   30.0000  -30.000010193.6309   18.9535
   -7.5000   37.5000  -30.0000 9717.8379   18.9598
    0.0000   37.5000  -30.000010176.8066   18.9363
    7.5000   37.5000  -30.0000 9636.2930   18.9391
   -7.5000   45.0000  -30.0000 8737.3350   18.5364
    0.0000   45.0000  -30.0000 9135.3457   18.5138
    7.5000   45.0000  -30.0000 8657.8672   18.5091
   -7.5000  -45.0000  -22.500010868.0088   19.9394
    0.0000  -45.0000  -22.500011270.1660   19.9101
    7.5000  -45.0000  -22.500010672.8740   19.9051
   -7.5000  -37.5000  -22.500011287.3906   20.0126
    0.0000  -37.5000  -22.500011707.0303   19.9775
    7.5000  -37.5000  -22.500011081.6133   19.9696
   -7.5000  -30.0000  -22.500012032.9189   20.0231
    0.0000  -30.0000  -22.500012476.4482   19.9864
    7.5000  -30.0000  -22.500011831.7002   19.9791
   -7.5000  -22.5000  -22.500012748.7666   19.9574
    0.0000  -22.5000  -22.500013243.0283   19.9243
    7.5000  -22.5000  -22.500012565.0000   19.9209
   -7.5000  -15.0000  -22.500013427.5635   19.8909
    0.0000  -15.0000  -22.500013953.6055   19.8632
    7.5000  -15.0000  -22.500013214.1152   19.8637
   -7.5000   -7.5000  -22.500014073.5430   19.8835
    0.0000   -7.5000  -22.500014632.6299   19.8579
    7.5000   -7.5000  -22.500013849.9033   19.8575
   -7.5000    0.0000  -22.500014506.1328   19.9394
    0.0000    0.0000  -22.500015094.0303   19.9101
    7.5000    0.0000  -22.500014270.7520   19.9051
   -7.5000    7.5000  -22.500013768.6689   20.0126
    0.0000    7.5000  -22.500014360.2451   19.9775
    7.5000    7.5000  -22.500013563.7969   19.9696
   -7.5000   15.0000  -22.500012827.2969   20.0231
    0.0000   15.0000  -22.500013405.4463   19.9864
    7.5000   15.0000  -22.500012674.5283   19.9791
   -7.5000   22.5000  -22.500011856.1396   19.9512
    0.0000   22.5000  -22.500012409.7861   19.9181
    7.5000   22.5000  -22.500011733.1230   19.9147
   -7.5000   30.0000  -22.500010837.4531   19.6307
    0.0000   30.0000  -22.500011340.0596   19.6034
    7.5000   30.0000  -22.500010728.7197   19.6039
   -7.5000   37.5000  -22.500010191.9277   19.6234
    0.0000   37.5000  -22.500010665.4111   19.5982
    7.5000   37.5000  -22.500010087.9209   19.5977
   -7.5000   45.0000  -22.5000 9142.5098   19.2026
    0.0000   45.0000  -22.5000 9562.1836   19.1744
    7.5000   45.0000  -22.5000 9038.7969   19.1696
   -7.5000  -45.0000  -15.000011582.1094   20.4435
    0.0000  -45.0000  -15.000012004.6963   20.4045
    7.5000  -45.0000  -15.000011346.2490   20.4005
   -7.5000  -37.5000  -15.000012060.7891   20.5149
    0.0000  -37.5000  -15.000012503.2188   20.4693
    7.5000  -37.5000  -15.000011765.1914   20.4622
   -7.5000  -30.0000  -15.000012820.6484   20.5139
    0.0000  -30.0000  -15.000013296.0635   20.4705
    7.5000  -30.0000  -15.000012547.4141   20.4630
   -7.5000  -22.5000  -15.000013539.4395   20.4378
    0.0000  -22.5000  -15.000014059.8291   20.4028
    7.5000  -22.5000  -15.000013252.7979   20.3986
   -7.5000  -15.0000  -15.000014275.8252   20.3719
    0.0000  -15.0000  -15.000014813.1807   20.3440
    7.5000  -15.0000  -15.000013926.6914   20.3442
   -7.5000   -7.5000  -15.000014923.1895   20.3767
    0.0000   -7.5000  -15.000015512.9531   20.3470
    7.5000   -7.5000  -15.000014570.8496   20.3469
   -7.5000    0.0000  -15.000015347.0078   20.4435
    0.0000    0.0000  -15.000015951.5332   20.4045
    7.5000    0.0000  -15.000015025.4629   20.4005
   -7.5000    7.5000  -15.000014537.9746   20.5149
    0.0000    7.5000  -15.000015161.6650   20.4693
    7.5000    7.5000  -15.000014279.2227   20.4622
   -7.5000   15.0000  -15.000013547.2832   20.5139
    0.0000   15.0000  -15.000014153.6562   20.4705
    7.5000   15.0000  -15.000013339.4297   20.4630
   -7.5000   22.5000  -15.000012534.0498   20.4305
    0.0000   22.5000  -15.000013121.6357   20.3956
    7.5000   22.5000  -15.000012370.3721   20.3914
   -7.5000   30.0000  -15.000011465.9326   20.1083
    0.0000   30.0000  -15.000012005.4834   20.0807
    7.5000   30.0000  -15.000011322.2969   20.0809
   -7.5000   37.5000  -15.000010763.5020   20.1130
    0.0000   37.5000  -15.000011238.9951   20.0837
    7.5000   37.5000  -15.000010594.5312   20.0836
   -7.5000   45.0000  -15.0000 9590.5986   19.7000
    0.0000   45.0000  -15.000010035.0576   19.6624
    7.5000   45.0000  -15.0000 9444.0107   19.6585
   -7.5000  -45.0000   -7.500012334.4961   20.6964
    0.0000  -45.0000   -7.500012773.0225   20.6528
    7.5000  -45.0000   -7.500012000.8340   20.6502
   -7.5000  -37.5000   -7.500012927.5371   20.7676
    0.0000  -37.5000   -7.500013389.8174   20.7200
    7.5000  -37.5000   -7.500012491.2803   20.7130
   -7.5000  -30.0000   -7.500013789.8369   20.7612
    0.0000  -30.0000   -7.500014348.1826   20.7188
    7.5000  -30.0000   -7.500013364.4854   20.7142
   -7.5000  -22.5000   -7.500014502.4883   20.6790
    0.0000  -22.5000   -7.500015075.2705   20.6456
    7.5000  -22.5000   -7.500014098.3789   20.6488
   -7.5000  -15.0000   -7.500015155.8682   20.6137
    0.0000  -15.0000   -7.500015744.1875   20.5857
    7.5000  -15.0000   -7.500014767.3750   20.5944
   -7.5000   -7.5000   -7.500015846.9775   20.6247
    0.0000   -7.5000   -7.500016435.1445   20.5917
    7.5000   -7.5000   -7.500015438.5029   20.5972
   -7.5000    0.0000   -7.500016287.8594   20.6964
    0.0000    0.0000   -7.500016890.1035   20.6528
    7.5000    0.0000   -7.500015909.0342   20.6502
   -7.5000    7.5000   -7.500015396.3975   20.7676
    0.0000    7.5000   -7.500016031.8994   20.7200
    7.5000    7.5000   -7.500015082.7334   20.7130
   -7.5000   15.0000   -7.500014372.5732   20.7612
    0.0000   15.0000   -7.500014964.9805   20.7188
    7.5000   15.0000   -7.500014072.9922   20.7142
   -7.5000   22.5000   -7.500013332.9209   20.6694
    0.0000   22.5000   -7.500013909.8428   20.6361
    7.5000   22.5000   -7.500013078.0811   20.6392
   -7.5000   30.0000   -7.500012211.8301   20.3464
    0.0000   30.0000   -7.500012724.6924   20.3187
    7.5000   30.0000   -7.500011967.2402   20.3273
   -7.5000   37.5000   -7.500011431.8799   20.3573
    0.0000   37.5000   -7.500011874.4482   20.3247
    7.5000   37.5000   -7.500011138.9629   20.3301
   -7.5000   45.0000   -7.500010139.8428   19.9474
    0.0000   45.0000   -7.500010543.4170   19.9054
    7.5000   45.0000   -7.5000 9878.7334   19.9029
   -7.5000  -45.0000    0.000012934.9297   20.7255
    0.0000  -45.0000    0.000013444.7949   20.6878
    7.5000  -45.0000    0.000012546.0557   20.6863
   -7.5000  -37.5000    0.000013632.0039   20.7988
    0.0000  -37.5000    0.000014202.1953   20.7595
    7.5000  -37.5000    0.000013102.6914   20.7534
   -7.5000  -30.0000    0.000014674.0947   20.7982
    0.0000  -30.0000    0.000015277.1260   20.7625
    7.5000  -30.0000    0.000014081.3213   20.7622
   -7.5000  -22.5000    0.000015286.7549   20.7191
    0.0000  -22.5000    0.000015848.4072   20.6884
    7.5000  -22.5000    0.000014842.7227   20.6997
   -7.5000  -15.0000    0.000015810.2998   20.6532
    0.0000  -15.0000    0.000016394.0508   20.6253
    7.5000  -15.0000    0.000015501.1084   20.6421
   -7.5000   -7.5000    0.000016471.1973   20.6590
    0.0000   -7.5000    0.000017092.2539   20.6277
    7.5000   -7.5000    0.000016171.3721   20.6377
   -7.5000    0.0000    0.000016971.1992   20.7255
    0.0000    0.0000    0.000017631.3379   20.6878
    7.5000    0.0000    0.000016614.9551   20.6863
   -7.5000    7.5000    0.000016138.1543   20.7988
    0.0000    7.5000    0.000016758.1934   20.7595
    7.5000    7.5000    0.000015737.8174   20.7534
   -7.5000   15.0000    0.000015148.1035   20.7982
    0.0000   15.0000    0.000015691.3193   20.7625
    7.5000   15.0000    0.000014688.4775   20.7622
   -7.5000   22.5000    0.000014105.7031   20.7096
    0.0000   22.5000    0.000014587.5361   20.6788
    7.5000   22.5000    0.000013646.8105   20.6902
   -7.5000   30.0000    0.000012957.4453   20.3859
    0.0000   30.0000    0.000013382.8584   20.3583
    7.5000   30.0000    0.000012515.9961   20.3750
   -7.5000   37.5000    0.000012100.7217   20.3916
    0.0000   37.5000    0.000012489.2715   20.3608
    7.5000   37.5000    0.000011642.7178   20.3707
   -7.5000   45.0000    0.000010682.7646   19.9770
    0.0000   45.0000    0.000011045.7959   19.9406
    7.5000   45.0000    0.000010297.0361   19.9392
   -7.5000  -45.0000    7.500012397.9287   20.6970
    0.0000  -45.0000    7.500012932.8369   20.6688
    7.5000  -45.0000    7.500012083.6055   20.6656
   -7.5000  -37.5000    7.500013015.3008   20.7742
    0.0000  -37.5000    7.500013627.8359   20.7445
    7.5000  -37.5000    7.500012638.4863   20.7374
   -7.5000  -30.0000    7.500014027.5781   20.7866
    0.0000  -30.0000    7.500014611.9395   20.7556
    7.5000  -30.0000    7.500013577.2656   20.7553
   -7.5000  -22.5000    7.500014774.5264   20.7174
    0.0000  -22.5000    7.500015362.0117   20.6865
    7.5000  -22.5000    7.500014369.0840   20.6972
   -7.5000  -15.0000    7.500015483.6162   20.6491
    0.0000  -15.0000    7.500016095.8799   20.6200
    7.5000  -15.0000    7.500015084.4463   20.6352
   -7.5000   -7.5000    7.500016195.0508   20.6411
    0.0000   -7.5000    7.500016759.7559   20.6135
    7.5000   -7.5000    7.500015735.9102   20.6216
   -7.5000    0.0000    7.500016663.7637   20.6970
    0.0000    0.0000    7.500017139.9277   20.6688
    7.5000    0.0000    7.500016085.5459   20.6656
   -7.5000    7.5000    7.500015850.1553   20.7742
    0.0000    7.5000    7.500016244.3096   20.7445
    7.5000    7.5000    7.500015185.3340   20.7374
   -7.5000   15.0000    7.500014857.4707   20.7866
    0.0000   15.0000    7.500015223.1494   20.7556
    7.5000   15.0000    7.500014193.3281   20.7553
   -7.5000   22.5000    7.500013801.7432   20.7079
    0.0000   22.5000    7.500014145.1250   20.6770
    7.5000   22.5000    7.500013189.0801   20.6877
   -7.5000   30.0000    7.500012593.0693   20.3819
    0.0000   30.0000    7.500012958.2109   20.3532
    7.5000   30.0000    7.500012078.8457   20.3682
   -7.5000   37.5000    7.500011677.2109   20.3739
    0.0000   37.5000    7.500012049.5928   20.3467
    7.5000   37.5000    7.500011230.6152   20.3547
   -7.5000   45.0000    7.500010287.4756   19.9495
    0.0000   45.0000    7.500010626.7510   19.9223
    7.5000   45.0000    7.5000 9906.5156   19.9193
   -7.5000  -45.0000   15.000011699.6572   20.6933
    0.0000  -45.0000   15.000012224.7100   20.6683
    7.5000  -45.0000   15.000011500.0166   20.6633
   -7.5000  -37.5000   15.000012243.2842   20.7723
    0.0000  -37.5000   15.000012779.5059   20.7438
    7.5000  -37.5000   15.000012006.9355   20.7353
   -7.5000  -30.0000   15.000013236.0166   20.7908
    0.0000  -30.0000   15.000013667.4980   20.7590
    7.5000  -30.0000   15.000012874.2510   20.7545
   -7.5000  -22.5000   15.000014161.1465   20.7271
    0.0000  -22.5000   15.000014516.1660   20.6947
    7.5000  -22.5000   15.000013654.4600   20.6982
   -7.5000  -15.0000   15.000015076.4229   20.6568
    0.0000  -15.0000   15.000015431.4209   20.6274
    7.5000  -15.0000   15.000014413.4473   20.6352
   -7.5000   -7.5000   15.000015844.1855   20.6417
    0.0000   -7.5000   15.000016189.2305   20.6162
    7.5000   -7.5000   15.000015062.3945   20.6195
   -7.5000    0.0000   15.000016216.1348   20.6933
    0.0000    0.0000   15.000016538.9688   20.6683
    7.5000    0.0000   15.000015398.4795   20.6633
   -7.5000    7.5000   15.000015311.3750   20.7723
    0.0000    7.5000   15.000015633.8350   20.7438
    7.5000    7.5000   15.000014516.0410   20.7353
   -7.5000   15.0000   15.000014218.4473   20.7908
    0.0000   15.0000   15.000014610.5762   20.7590
    7.5000   15.0000   15.000013562.9990   20.7545
   -7.5000   22.5000   15.000013135.8652   20.7176
    0.0000   22.5000   15.000013550.4668   20.6852
    7.5000   22.5000   15.000012597.7393   20.6886
   -7.5000   30.0000   15.000011960.2969   20.3895
    0.0000   30.0000   15.000012363.8691   20.3605
    7.5000   30.0000   15.000011524.4258   20.3681
   -7.5000   37.5000   15.000011070.3311   20.3745
    0.0000   37.5000   15.000011453.0713   20.3494
    7.5000   37.5000   15.000010712.9492   20.3527
   -7.5000   45.0000   15.0000 9720.4092   19.9459
    0.0000   45.0000   15.000010050.8809   19.9219
    7.5000   45.0000   15.0000 9439.5244   19.9170
   -7.5000  -45.0000   22.500011010.2520   20.7723
    0.0000  -45.0000   22.500011435.3486   20.7423
    7.5000  -45.0000   22.500010843.7520   20.7377
   -7.5000  -37.5000   22.500011491.8467   20.8483
    0.0000  -37.5000   22.500011897.4463   20.8122
    7.5000  -37.5000   22.500011291.0000   20.8046
   -7.5000  -30.0000   22.500012370.2109   20.8592
    0.0000  -30.0000   22.500012712.6484   20.8212
    7.5000  -30.0000   22.500012081.6709   20.8142
   -7.5000  -22.5000   22.500013205.0459   20.7908
    0.0000  -22.5000   22.500013563.1016   20.7566
    7.5000  -22.5000   22.500012831.2100   20.7537
   -7.5000  -15.0000   22.500013999.9346   20.7218
    0.0000  -15.0000   22.500014438.9834   20.6933
    7.5000  -15.0000   22.500013590.9971   20.6945
   -7.5000   -7.5000   22.500014712.7275   20.7141
    0.0000   -7.5000   22.500015207.7529   20.6880
    7.5000   -7.5000   22.500014252.4326   20.6882
   -7.5000    0.0000   22.500015113.3184   20.7723
    0.0000    0.0000   22.500015618.9658   20.7423
    7.5000    0.0000   22.500014581.6758   20.7377
   -7.5000    7.5000   22.500014314.0684   20.8483
    0.0000    7.5000   22.500014780.7041   20.8122
    7.5000    7.5000   22.500013748.5459   20.8046
   -7.5000   15.0000   22.500013356.1260   20.8592
    0.0000   15.0000   22.500013791.6035   20.8212
    7.5000   15.0000   22.500012824.4707   20.8142
   -7.5000   22.5000   22.500012346.4121   20.7813
    0.0000   22.5000   22.500012747.3389   20.7471
    7.5000   22.5000   22.500011892.4385   20.7441
   -7.5000   30.0000   22.500011240.9883   20.4536
    0.0000   30.0000   22.500011604.1719   20.4255
    7.5000   30.0000   22.500010838.8682   20.4267
   -7.5000   37.5000   22.500010358.6338   20.4460
    0.0000   37.5000   22.500010710.2471   20.4202
    7.5000   37.5000   22.500010026.2773   20.4204
   -7.5000   45.0000   22.5000 9038.7031   20.0221
    0.0000   45.0000   22.5000 9347.8252   19.9931
    7.5000   45.0000   22.5000 8798.1172   19.9888
   -7.5000  -45.0000   30.000010160.6436   20.9219
    0.0000  -45.0000   30.000010532.7607   20.8826
    7.5000  -45.0000   30.000010035.0137   20.8795
   -7.5000  -37.5000   30.000010561.7490   20.9943
    0.0000  -37.5000   30.000010957.5127   20.9480
    7.5000  -37.5000   30.000010444.0107   20.9417
   -7.5000  -30.0000   30.000011332.6094   20.9925
    0.0000  -30.0000   30.000011732.8564   20.9484
    7.5000  -30.0000   30.000011183.1211   20.9415
   -7.5000  -22.5000   30.000012097.1436   20.9146
    0.0000  -22.5000   30.000012517.7900   20.8794
    7.5000  -22.5000   30.000011907.9639   20.8758
   -7.5000  -15.0000   30.000012825.5322   20.8478
    0.0000  -15.0000   30.000013282.2041   20.8199
    7.5000  -15.0000   30.000012626.3730   20.8210
   -7.5000   -7.5000   30.000013482.4512   20.8532
    0.0000   -7.5000   30.000013962.6543   20.8236
    7.5000   -7.5000   30.000013267.3223   20.8247
   -7.5000    0.0000   30.000013872.4385   20.9219
    0.0000    0.0000   30.000014347.9551   20.8826
    7.5000    0.0000   30.000013593.7803   20.8795
   -7.5000    7.5000   30.000013125.2432   20.9943
    0.0000    7.5000   30.000013560.3066   20.9480
    7.5000    7.5000   30.000012809.4307   20.9417
   -7.5000   15.0000   30.000012232.1758   20.9925
    0.0000   15.0000   30.000012639.7441   20.9484
    7.5000   15.0000   30.000011927.2432   20.9415
   -7.5000   22.5000   30.000011296.6865   20.9050
    0.0000   22.5000   30.000011684.9346   20.8698
    7.5000   22.5000   30.000011022.9180   20.8662
   -7.5000   30.0000   30.000010303.6514   20.5780
    0.0000   30.0000   30.000010665.0420   20.5505
    7.5000   30.0000   30.000010040.8311   20.5516
   -7.5000   37.5000   30.0000 9533.1445   20.5834
    0.0000   37.5000   30.0000 9854.1113   20.5541
    7.5000   37.5000   30.0000 9284.0430   20.5552
   -7.5000   45.0000   30.0000 8291.2070   20.1663
    0.0000   45.0000   30.0000 8568.3135   20.1284
    7.5000   45.0000   30.0000 8105.0332   20.1255
   -7.5000  -45.0000   37.5000 9717.1113   21.3635
    0.0000  -45.0000   37.500010101.1377   21.3185
    7.5000  -45.0000   37.5000 9667.7256   21.3175
   -7.5000  -37.5000   37.500010100.8828   21.4357
    0.0000  -37.5000   37.500010506.4023   21.3865
    7.5000  -37.5000   37.500010037.1611   21.3808
   -7.5000  -30.0000   37.500010856.2764   21.4269
    0.0000  -30.0000   37.500011283.3535   21.3834
    7.5000  -30.0000   37.500010772.0088   21.3799
   -7.5000  -22.5000   37.500011596.6455   21.3417
    0.0000  -22.5000   37.500012041.8955   21.3075
    7.5000  -22.5000   37.500011478.7715   21.3122
   -7.5000  -15.0000   37.500012265.3408   21.2754
    0.0000  -15.0000   37.500012748.7217   21.2468
    7.5000  -15.0000   37.500012149.0352   21.2574
   -7.5000   -7.5000   37.500012887.5039   21.2885
    0.0000   -7.5000   37.500013368.8125   21.2547
    7.5000   -7.5000   37.500012770.8037   21.2620
   -7.5000    0.0000   37.500013257.1494   21.3635
    0.0000    0.0000   37.500013754.0889   21.3185
    7.5000    0.0000   37.500013071.0029   21.3175
   -7.5000    7.5000   37.500012529.4180   21.4357
    0.0000    7.5000   37.500012980.1484   21.3865
    7.5000    7.5000   37.500012317.1357   21.3808
   -7.5000   15.0000   37.500011678.0645   21.4269
    0.0000   15.0000   37.500012094.0938   21.3834
    7.5000   15.0000   37.500011465.8682   21.3799
   -7.5000   22.5000   37.500010753.3691   21.3318
    0.0000   22.5000   37.500011157.9443   21.2977
    7.5000   22.5000   37.500010550.4951   21.3024
   -7.5000   30.0000   37.5000 9832.1729   21.0001
    0.0000   30.0000   37.500010193.8105   20.9718
    7.5000   30.0000   37.5000 9633.6064   20.9823
   -7.5000   37.5000   37.5000 9075.8584   21.0130
    0.0000   37.5000   37.5000 9417.2285   20.9796
    7.5000   37.5000   37.5000 8921.8945   20.9868
   -7.5000   45.0000   37.5000 7901.2427   20.5919
    0.0000   45.0000   37.5000 8193.9111   20.5486
    7.5000   45.0000   37.5000 7784.8657   20.5476
   -7.5000  -45.0000   45.0000 8854.6387   21.7845
    0.0000  -45.0000   45.0000 9226.3486   21.7437
    7.5000  -45.0000   45.0000 8823.8906   21.7400
   -7.5000  -37.5000   45.0000 9202.9844   21.8623
    0.0000  -37.5000   45.0000 9593.0283   21.8195
    7.5000  -37.5000   45.0000 9162.7246   21.8102
   -7.5000  -30.0000   45.0000 9897.5869   21.8596
    0.0000  -30.0000   45.000010307.0156   21.8208
    7.5000  -30.0000   45.0000 9842.3701   21.8183
   -7.5000  -22.5000   45.000010599.7510   21.7744
    0.0000  -22.5000   45.000011003.9668   21.7411
    7.5000  -22.5000   45.000010499.9014   21.7524
   -7.5000  -15.0000   45.000011203.9365   21.7044
    0.0000  -15.0000   45.000011646.6797   21.6744
    7.5000  -15.0000   45.000011119.5898   21.6922
   -7.5000   -7.5000   45.000011755.6279   21.7119
    0.0000   -7.5000   45.000012216.0879   21.6784
    7.5000   -7.5000   45.000011673.5977   21.6882
   -7.5000    0.0000   45.000012063.2803   21.7845
    0.0000    0.0000   45.000012557.3369   21.7437
    7.5000    0.0000   45.000011973.2510   21.7400
   -7.5000    7.5000   45.000011419.8477   21.8623
    0.0000    7.5000   45.000011865.2588   21.8195
    7.5000    7.5000   45.000011303.1582   21.8102
   -7.5000   15.0000   45.000010655.3320   21.8596
    0.0000   15.0000   45.000011083.8809   21.8208
    7.5000   15.0000   45.000010517.6602   21.8183
   -7.5000   22.5000   45.0000 9821.4912   21.7643
    0.0000   22.5000   45.000010225.2559   21.7310
    7.5000   22.5000   45.0000 9681.7725   21.7423
   -7.5000   30.0000   45.0000 8958.3857   21.4216
    0.0000   30.0000   45.0000 9317.2861   21.3920
    7.5000   30.0000   45.0000 8807.6338   21.4096
   -7.5000   37.5000   45.0000 8288.5879   21.4291
    0.0000   37.5000   45.0000 8616.5684   21.3959
    7.5000   37.5000   45.0000 8161.1519   21.4056
   -7.5000   45.0000   45.0000 7242.0405   21.0073
    0.0000   45.0000   45.0000 7509.3354   20.9679
    7.5000   45.0000   45.0000 7143.4956   20.9644

---------------------------------------------------------------------
imgreg_4dfp /opt/freesurfer/average/711-2C_as_mni_average_305 /opt/freesurfer/average/711-2B_as_mni_average_305_mask talsrcimg_g11 none talsrcimg_to_711-2C_as_mni_average_305_t4 4355
---------------------------------------------------------------------

freesurfer imgreg_4dfp.c
/opt/freesurfer/average/711-2C_as_mni_average_305.4dfp.img
       256       256       256         1
  1.000000  1.000000  1.000000
orientation T byte_order littleendian
Reading image: /opt/freesurfer/average/711-2C_as_mni_average_305.4dfp.img
dimensions:      256       256       256
mmppix:       1.0000   -1.0000   -1.0000
center:     128.0000 -129.0000 -129.0000
/opt/freesurfer/average/711-2B_as_mni_average_305_mask.4dfp.img
       256       256       256         1
  1.000000  1.000000  1.000000
orientation T byte_order littleendian
Reading mask: /opt/freesurfer/average/711-2B_as_mni_average_305_mask.4dfp.img (2306576 pixels)
talsrcimg_g11.4dfp.img
       256       256       256         1
  1.000000  1.000000  1.000000
orientation T byte_order littleendian
Reading image: talsrcimg_g11.4dfp.img
dimensions:      256       256       256
mmppix:       1.0000   -1.0000   -1.0000
center:     128.0000 -129.0000 -129.0000
rotation matrix determinant  1.000000
image alignment mode   4355 decimal     1103 hex
   -7.5000  -45.0000  -45.0000 2205.5452   18.4801
    0.0000  -45.0000  -45.0000 2202.1887   18.5041
    7.5000  -45.0000  -45.0000 2174.6624   18.7804
   -7.5000  -37.5000  -45.0000 2277.0752   17.2429
    0.0000  -37.5000  -45.0000 2274.7590   17.2776
    7.5000  -37.5000  -45.0000 2239.2859   17.5241
   -7.5000  -30.0000  -45.0000 2328.3181   16.3249
    0.0000  -30.0000  -45.0000 2325.0322   16.3361
    7.5000  -30.0000  -45.0000 2291.5012   16.5890
   -7.5000  -22.5000  -45.0000 2367.8840   15.7776
    0.0000  -22.5000  -45.0000 2363.3574   15.7526
    7.5000  -22.5000  -45.0000 2333.6150   16.0221
   -7.5000  -15.0000  -45.0000 2379.7339   15.5616
    0.0000  -15.0000  -45.0000 2379.0166   15.5404
    7.5000  -15.0000  -45.0000 2347.0476   15.8126
   -7.5000   -7.5000  -45.0000 2367.0120   15.7625
    0.0000   -7.5000  -45.0000 2367.9124   15.7542
    7.5000   -7.5000  -45.0000 2331.3186   15.9992
   -7.5000    0.0000  -45.0000 2322.9827   16.3237
    0.0000    0.0000  -45.0000 2326.3572   16.2838
    7.5000    0.0000  -45.0000 2285.6775   16.5321
   -7.5000    7.5000  -45.0000 2252.3020   17.1602
    0.0000    7.5000  -45.0000 2253.9236   17.1218
    7.5000    7.5000  -45.0000 2221.1604   17.3577
   -7.5000   15.0000  -45.0000 2163.0889   18.3326
    0.0000   15.0000  -45.0000 2163.5840   18.3098
    7.5000   15.0000  -45.0000 2132.9485   18.6381
   -7.5000   22.5000  -45.0000 2056.9475   20.0609
    0.0000   22.5000  -45.0000 2054.1626   20.0434
    7.5000   22.5000  -45.0000 2026.9667   20.4276
   -7.5000   30.0000  -45.0000 1946.0388   22.5096
    0.0000   30.0000  -45.0000 1945.9075   22.4692
    7.5000   30.0000  -45.0000 1919.8729   22.8584
   -7.5000   37.5000  -45.0000 1817.4418   25.8616
    0.0000   37.5000  -45.0000 1817.4628   25.8141
    7.5000   37.5000  -45.0000 1795.0303   26.2946
   -7.5000   45.0000  -45.0000 1682.0706   30.5015
    0.0000   45.0000  -45.0000 1677.5730   30.3261
    7.5000   45.0000  -45.0000 1657.2208   31.0195
   -7.5000  -45.0000  -37.5000 2286.9373   17.2524
    0.0000  -45.0000  -37.5000 2287.2197   17.2288
    7.5000  -45.0000  -37.5000 2257.8701   17.4624
   -7.5000  -37.5000  -37.5000 2363.4849   16.0921
    0.0000  -37.5000  -37.5000 2361.4993   16.0852
    7.5000  -37.5000  -37.5000 2330.6221   16.3015
   -7.5000  -30.0000  -37.5000 2419.4751   15.2623
    0.0000  -30.0000  -37.5000 2419.1731   15.2718
    7.5000  -30.0000  -37.5000 2385.8384   15.4852
   -7.5000  -22.5000  -37.5000 2462.6047   14.7695
    0.0000  -22.5000  -37.5000 2460.5886   14.7248
    7.5000  -22.5000  -37.5000 2429.2720   14.9753
   -7.5000  -15.0000  -37.5000 2477.4927   14.5537
    0.0000  -15.0000  -37.5000 2480.7910   14.5200
    7.5000  -15.0000  -37.5000 2442.2458   14.7666
   -7.5000   -7.5000  -37.5000 2466.8228   14.7252
    0.0000   -7.5000  -37.5000 2472.4907   14.6867
    7.5000   -7.5000  -37.5000 2434.6018   14.9140
   -7.5000    0.0000  -37.5000 2423.2075   15.1748
    0.0000    0.0000  -37.5000 2429.4297   15.1507
    7.5000    0.0000  -37.5000 2390.0593   15.3754
   -7.5000    7.5000  -37.5000 2343.7654   15.9177
    0.0000    7.5000  -37.5000 2351.8174   15.8960
    7.5000    7.5000  -37.5000 2318.7834   16.1016
   -7.5000   15.0000  -37.5000 2247.6592   17.0166
    0.0000   15.0000  -37.5000 2254.4736   17.0126
    7.5000   15.0000  -37.5000 2223.6470   17.2481
   -7.5000   22.5000  -37.5000 2137.0864   18.6000
    0.0000   22.5000  -37.5000 2141.9128   18.5745
    7.5000   22.5000  -37.5000 2112.4321   18.8599
   -7.5000   30.0000  -37.5000 2013.3326   20.7959
    0.0000   30.0000  -37.5000 2023.8511   20.7726
    7.5000   30.0000  -37.5000 1997.4186   21.0583
   -7.5000   37.5000  -37.5000 1884.3303   23.8036
    0.0000   37.5000  -37.5000 1893.9709   23.8161
    7.5000   37.5000  -37.5000 1863.9762   24.0963
   -7.5000   45.0000  -37.5000 1741.6309   27.9632
    0.0000   45.0000  -37.5000 1744.2560   27.9494
    7.5000   45.0000  -37.5000 1718.8047   28.3387
   -7.5000  -45.0000  -30.0000 2413.8271   16.8023
    0.0000  -45.0000  -30.0000 2413.4167   16.7290
    7.5000  -45.0000  -30.0000 2374.6270   16.8674
   -7.5000  -37.5000  -30.0000 2488.0071   15.6472
    0.0000  -37.5000  -30.0000 2494.0654   15.5951
    7.5000  -37.5000  -30.0000 2456.2097   15.7592
   -7.5000  -30.0000  -30.0000 2555.6223   14.8271
    0.0000  -30.0000  -30.0000 2560.0308   14.7886
    7.5000  -30.0000  -30.0000 2517.9858   14.9632
   -7.5000  -22.5000  -30.0000 2598.1697   14.3482
    0.0000  -22.5000  -30.0000 2602.7683   14.2985
    7.5000  -22.5000  -30.0000 2569.0293   14.4940
   -7.5000  -15.0000  -30.0000 2616.8108   14.1678
    0.0000  -15.0000  -30.0000 2623.8955   14.1192
    7.5000  -15.0000  -30.0000 2583.6455   14.3160
   -7.5000   -7.5000  -30.0000 2605.3677   14.3347
    0.0000   -7.5000  -30.0000 2618.9719   14.2862
    7.5000   -7.5000  -30.0000 2577.0781   14.4479
   -7.5000    0.0000  -30.0000 2561.6008   14.7583
    0.0000    0.0000  -30.0000 2575.7764   14.7040
    7.5000    0.0000  -30.0000 2530.4390   14.8687
   -7.5000    7.5000  -30.0000 2481.9487   15.4546
    0.0000    7.5000  -30.0000 2493.7446   15.3814
    7.5000    7.5000  -30.0000 2454.5662   15.5564
   -7.5000   15.0000  -30.0000 2377.6968   16.4634
    0.0000   15.0000  -30.0000 2386.6487   16.3981
    7.5000   15.0000  -30.0000 2351.1165   16.6106
   -7.5000   22.5000  -30.0000 2255.6843   17.9741
    0.0000   22.5000  -30.0000 2266.9707   17.9373
    7.5000   22.5000  -30.0000 2233.4465   18.1590
   -7.5000   30.0000  -30.0000 2119.4678   20.0411
    0.0000   30.0000  -30.0000 2129.2207   20.0227
    7.5000   30.0000  -30.0000 2102.1108   20.2873
   -7.5000   37.5000  -30.0000 1976.1809   22.9115
    0.0000   37.5000  -30.0000 1991.9972   22.8775
    7.5000   37.5000  -30.0000 1966.5150   23.2242
   -7.5000   45.0000  -30.0000 1832.0177   26.8269
    0.0000   45.0000  -30.0000 1840.7606   26.8543
    7.5000   45.0000  -30.0000 1812.3755   27.2383
   -7.5000  -45.0000  -22.5000 2502.6633   16.1993
    0.0000  -45.0000  -22.5000 2500.9570   16.1196
    7.5000  -45.0000  -22.5000 2464.6018   16.2066
   -7.5000  -37.5000  -22.5000 2585.1077   15.1242
    0.0000  -37.5000  -22.5000 2593.0842   15.0192
    7.5000  -37.5000  -22.5000 2553.1860   15.1381
   -7.5000  -30.0000  -22.5000 2656.7725   14.2646
    0.0000  -30.0000  -22.5000 2660.9553   14.1976
    7.5000  -30.0000  -22.5000 2620.8813   14.3289
   -7.5000  -22.5000  -22.5000 2708.6509   13.7765
    0.0000  -22.5000  -22.5000 2715.7649   13.7261
    7.5000  -22.5000  -22.5000 2677.6440   13.8660
   -7.5000  -15.0000  -22.5000 2727.1960   13.6768
    0.0000  -15.0000  -22.5000 2739.3887   13.6148
    7.5000  -15.0000  -22.5000 2696.5547   13.7308
   -7.5000   -7.5000  -22.5000 2721.1223   13.8569
    0.0000   -7.5000  -22.5000 2734.5232   13.7818
    7.5000   -7.5000  -22.5000 2689.2922   13.9088
   -7.5000    0.0000  -22.5000 2674.7607   14.2748
    0.0000    0.0000  -22.5000 2686.6267   14.2118
    7.5000    0.0000  -22.5000 2639.9827   14.3387
   -7.5000    7.5000  -22.5000 2589.9578   14.9074
    0.0000    7.5000  -22.5000 2603.0637   14.8479
    7.5000    7.5000  -22.5000 2562.9949   15.0074
   -7.5000   15.0000  -22.5000 2477.2373   15.8522
    0.0000   15.0000  -22.5000 2488.8345   15.7813
    7.5000   15.0000  -22.5000 2456.3579   16.0014
   -7.5000   22.5000  -22.5000 2351.3235   17.2600
    0.0000   22.5000  -22.5000 2365.1074   17.2093
    7.5000   22.5000  -22.5000 2329.1746   17.4489
   -7.5000   30.0000  -22.5000 2199.7712   19.2484
    0.0000   30.0000  -22.5000 2208.7275   19.2116
    7.5000   30.0000  -22.5000 2182.3701   19.4780
   -7.5000   37.5000  -22.5000 2046.5603   22.0001
    0.0000   37.5000  -22.5000 2058.9243   21.9172
    7.5000   37.5000  -22.5000 2033.2479   22.2554
   -7.5000   45.0000  -22.5000 1893.5537   25.7187
    0.0000   45.0000  -22.5000 1906.8925   25.6979
    7.5000   45.0000  -22.5000 1875.3749   26.1001
   -7.5000  -45.0000  -15.0000 2557.1707   15.6439
    0.0000  -45.0000  -15.0000 2554.9634   15.5761
    7.5000  -45.0000  -15.0000 2523.5911   15.6400
   -7.5000  -37.5000  -15.0000 2647.1987   14.5910
    0.0000  -37.5000  -15.0000 2654.6128   14.4921
    7.5000  -37.5000  -15.0000 2614.8174   14.5662
   -7.5000  -30.0000  -15.0000 2723.7524   13.7513
    0.0000  -30.0000  -15.0000 2731.1016   13.6623
    7.5000  -30.0000  -15.0000 2687.5715   13.8047
   -7.5000  -22.5000  -15.0000 2785.3521   13.2298
    0.0000  -22.5000  -15.0000 2790.1428   13.1686
    7.5000  -22.5000  -15.0000 2743.3728   13.3429
   -7.5000  -15.0000  -15.0000 2814.4409   13.1521
    0.0000  -15.0000  -15.0000 2821.0955   13.0807
    7.5000  -15.0000  -15.0000 2772.4197   13.2146
   -7.5000   -7.5000  -15.0000 2804.8889   13.3508
    0.0000   -7.5000  -15.0000 2817.0288   13.2679
    7.5000   -7.5000  -15.0000 2766.4194   13.4093
   -7.5000    0.0000  -15.0000 2751.7993   13.7532
    0.0000    0.0000  -15.0000 2764.1331   13.6953
    7.5000    0.0000  -15.0000 2715.9285   13.8590
   -7.5000    7.5000  -15.0000 2659.6077   14.3923
    0.0000    7.5000  -15.0000 2676.9272   14.3306
    7.5000    7.5000  -15.0000 2632.8286   14.5380
   -7.5000   15.0000  -15.0000 2543.0554   15.3223
    0.0000   15.0000  -15.0000 2555.8943   15.2458
    7.5000   15.0000  -15.0000 2521.1392   15.5156
   -7.5000   22.5000  -15.0000 2408.8701   16.6905
    0.0000   22.5000  -15.0000 2425.7036   16.5932
    7.5000   22.5000  -15.0000 2389.8025   16.8548
   -7.5000   30.0000  -15.0000 2250.7327   18.5555
    0.0000   30.0000  -15.0000 2265.4880   18.5218
    7.5000   30.0000  -15.0000 2236.7686   18.7849
   -7.5000   37.5000  -15.0000 2097.1753   21.2024
    0.0000   37.5000  -15.0000 2102.1357   21.1787
    7.5000   37.5000  -15.0000 2074.9509   21.4325
   -7.5000   45.0000  -15.0000 1926.2432   24.7918
    0.0000   45.0000  -15.0000 1938.0491   24.6987
    7.5000   45.0000  -15.0000 1909.0831   25.0679
   -7.5000  -45.0000   -7.5000 2587.4592   15.1972
    0.0000  -45.0000   -7.5000 2583.2847   15.0999
    7.5000  -45.0000   -7.5000 2555.3291   15.2051
   -7.5000  -37.5000   -7.5000 2690.9602   14.1516
    0.0000  -37.5000   -7.5000 2690.7603   14.0611
    7.5000  -37.5000   -7.5000 2657.5066   14.1539
   -7.5000  -30.0000   -7.5000 2777.0791   13.3488
    0.0000  -30.0000   -7.5000 2783.5417   13.2868
    7.5000  -30.0000   -7.5000 2737.2493   13.4380
   -7.5000  -22.5000   -7.5000 2843.7241   12.7269
    0.0000  -22.5000   -7.5000 2851.7036   12.7233
    7.5000  -22.5000   -7.5000 2796.6565   12.9942
   -7.5000  -15.0000   -7.5000 2865.0933   12.6114
    0.0000  -15.0000   -7.5000 2884.0066   12.5795
    7.5000  -15.0000   -7.5000 2826.0276   12.8638
   -7.5000   -7.5000   -7.5000 2852.5378   12.8321
    0.0000   -7.5000   -7.5000 2873.0259   12.7616
    7.5000   -7.5000   -7.5000 2815.0657   13.0348
   -7.5000    0.0000   -7.5000 2797.1218   13.3089
    0.0000    0.0000   -7.5000 2813.4814   13.1907
    7.5000    0.0000   -7.5000 2764.5491   13.5107
   -7.5000    7.5000   -7.5000 2697.5054   13.9568
    0.0000    7.5000   -7.5000 2718.5735   13.8921
    7.5000    7.5000   -7.5000 2672.9778   14.1765
   -7.5000   15.0000   -7.5000 2577.4568   14.8596
    0.0000   15.0000   -7.5000 2587.9988   14.8171
    7.5000   15.0000   -7.5000 2550.5339   15.1214
   -7.5000   22.5000   -7.5000 2442.4143   16.1328
    0.0000   22.5000   -7.5000 2452.6921   16.0969
    7.5000   22.5000   -7.5000 2421.7725   16.4046
   -7.5000   30.0000   -7.5000 2285.6958   17.9952
    0.0000   30.0000   -7.5000 2295.0605   17.9952
    7.5000   30.0000   -7.5000 2266.5413   18.3001
   -7.5000   37.5000   -7.5000 2119.9216   20.5039
    0.0000   37.5000   -7.5000 2124.6765   20.4920
    7.5000   37.5000   -7.5000 2095.9314   20.8404
   -7.5000   45.0000   -7.5000 1946.9648   23.8797
    0.0000   45.0000   -7.5000 1953.4044   23.8214
    7.5000   45.0000   -7.5000 1925.4712   24.2252
   -7.5000  -45.0000    0.0000 2592.3896   14.8586
    0.0000  -45.0000    0.0000 2598.5173   14.7903
    7.5000  -45.0000    0.0000 2563.9214   14.9757
   -7.5000  -37.5000    0.0000 2703.3381   13.8337
    0.0000  -37.5000    0.0000 2711.8335   13.7598
    7.5000  -37.5000    0.0000 2676.6125   13.9334
   -7.5000  -30.0000    0.0000 2804.4331   13.1158
    0.0000  -30.0000    0.0000 2817.8523   13.0479
    7.5000  -30.0000    0.0000 2765.4075   13.2374
   -7.5000  -22.5000    0.0000 2884.9067   12.4528
    0.0000  -22.5000    0.0000 2900.6238   12.4476
    7.5000  -22.5000    0.0000 2830.0593   12.7624
   -7.5000  -15.0000    0.0000 2895.4917   12.2319
    0.0000  -15.0000    0.0000 2913.1687   12.2083
    7.5000  -15.0000    0.0000 2851.1943   12.6386
   -7.5000   -7.5000    0.0000 2868.6599   12.4773
    0.0000   -7.5000    0.0000 2886.0999   12.4312
    7.5000   -7.5000    0.0000 2833.2249   12.8635
   -7.5000    0.0000    0.0000 2806.3201   13.0003
    0.0000    0.0000    0.0000 2824.3267   12.9597
    7.5000    0.0000    0.0000 2781.7361   13.2959
   -7.5000    7.5000    0.0000 2709.6304   13.7151
    0.0000    7.5000    0.0000 2729.5430   13.6691
    7.5000    7.5000    0.0000 2687.0620   13.9760
   -7.5000   15.0000    0.0000 2586.7185   14.6590
    0.0000   15.0000    0.0000 2597.1348   14.5977
    7.5000   15.0000    0.0000 2558.6287   14.8754
   -7.5000   22.5000    0.0000 2451.5044   15.9658
    0.0000   22.5000    0.0000 2455.3772   15.8917
    7.5000   22.5000    0.0000 2425.9937   16.1576
   -7.5000   30.0000    0.0000 2298.6934   17.7730
    0.0000   30.0000    0.0000 2303.1165   17.7552
    7.5000   30.0000    0.0000 2276.6565   18.0541
   -7.5000   37.5000    0.0000 2127.1580   20.2441
    0.0000   37.5000    0.0000 2135.0854   20.2067
    7.5000   37.5000    0.0000 2107.4048   20.5304
   -7.5000   45.0000    0.0000 1951.2262   23.4670
    0.0000   45.0000    0.0000 1959.7017   23.4411
    7.5000   45.0000    0.0000 1933.2959   23.7560
   -7.5000  -45.0000    7.5000 2583.4915   14.6712
    0.0000  -45.0000    7.5000 2590.8689   14.6332
    7.5000  -45.0000    7.5000 2560.5215   14.9202
   -7.5000  -37.5000    7.5000 2705.2000   13.6224
    0.0000  -37.5000    7.5000 2714.7864   13.6003
    7.5000  -37.5000    7.5000 2684.0955   13.8871
   -7.5000  -30.0000    7.5000 2813.5437   12.9544
    0.0000  -30.0000    7.5000 2825.5017   12.9372
    7.5000  -30.0000    7.5000 2783.6887   13.2049
   -7.5000  -22.5000    7.5000 2885.6577   12.4465
    0.0000  -22.5000    7.5000 2901.3855   12.3860
    7.5000  -22.5000    7.5000 2846.9045   12.7315
   -7.5000  -15.0000    7.5000 2904.4153   12.3525
    0.0000  -15.0000    7.5000 2921.1936   12.2697
    7.5000  -15.0000    7.5000 2867.1306   12.6511
   -7.5000   -7.5000    7.5000 2878.2981   12.5566
    0.0000   -7.5000    7.5000 2890.9409   12.4994
    7.5000   -7.5000    7.5000 2846.3877   12.8356
   -7.5000    0.0000    7.5000 2810.0127   13.0320
    0.0000    0.0000    7.5000 2816.3689   12.9370
    7.5000    0.0000    7.5000 2781.2896   13.2538
   -7.5000    7.5000    7.5000 2708.0173   13.7596
    0.0000    7.5000    7.5000 2718.0217   13.6102
    7.5000    7.5000    7.5000 2681.3767   13.9254
   -7.5000   15.0000    7.5000 2573.1472   14.7577
    0.0000   15.0000    7.5000 2583.6541   14.6050
    7.5000   15.0000    7.5000 2548.9951   14.8986
   -7.5000   22.5000    7.5000 2439.0544   16.0646
    0.0000   22.5000    7.5000 2442.7458   15.9713
    7.5000   22.5000    7.5000 2416.4028   16.1696
   -7.5000   30.0000    7.5000 2281.9729   17.8605
    0.0000   30.0000    7.5000 2290.5173   17.8096
    7.5000   30.0000    7.5000 2264.9497   18.0002
   -7.5000   37.5000    7.5000 2111.0698   20.2307
    0.0000   37.5000    7.5000 2121.8450   20.2135
    7.5000   37.5000    7.5000 2095.8486   20.3975
   -7.5000   45.0000    7.5000 1944.6560   23.4273
    0.0000   45.0000    7.5000 1949.0769   23.3523
    7.5000   45.0000    7.5000 1929.9603   23.5620
   -7.5000  -45.0000   15.0000 2559.0264   14.7706
    0.0000  -45.0000   15.0000 2568.6663   14.7468
    7.5000  -45.0000   15.0000 2545.4492   15.1192
   -7.5000  -37.5000   15.0000 2684.5803   13.7832
    0.0000  -37.5000   15.0000 2692.7742   13.7138
    7.5000  -37.5000   15.0000 2670.1592   14.0840
   -7.5000  -30.0000   15.0000 2792.9277   13.1736
    0.0000  -30.0000   15.0000 2798.0869   13.0372
    7.5000  -30.0000   15.0000 2764.7678   13.3831
   -7.5000  -22.5000   15.0000 2868.7185   12.7863
    0.0000  -22.5000   15.0000 2868.0786   12.5899
    7.5000  -22.5000   15.0000 2828.2749   12.9469
   -7.5000  -15.0000   15.0000 2892.7073   12.7842
    0.0000  -15.0000   15.0000 2900.4358   12.6066
    7.5000  -15.0000   15.0000 2850.2166   12.8583
   -7.5000   -7.5000   15.0000 2864.0227   13.0269
    0.0000   -7.5000   15.0000 2873.6877   12.8705
    7.5000   -7.5000   15.0000 2821.3733   13.0549
   -7.5000    0.0000   15.0000 2781.0378   13.4465
    0.0000    0.0000   15.0000 2788.3840   13.3202
    7.5000    0.0000   15.0000 2747.9866   13.4789
   -7.5000    7.5000   15.0000 2676.8784   14.0583
    0.0000    7.5000   15.0000 2684.4429   13.9441
    7.5000    7.5000   15.0000 2645.6987   14.1320
   -7.5000   15.0000   15.0000 2539.0366   14.9766
    0.0000   15.0000   15.0000 2554.3713   14.8553
    7.5000   15.0000   15.0000 2524.8738   15.0607
   -7.5000   22.5000   15.0000 2402.2993   16.2808
    0.0000   22.5000   15.0000 2411.7493   16.1760
    7.5000   22.5000   15.0000 2387.0532   16.3580
   -7.5000   30.0000   15.0000 2244.4771   18.0571
    0.0000   30.0000   15.0000 2256.1479   17.9883
    7.5000   30.0000   15.0000 2239.3308   18.1662
   -7.5000   37.5000   15.0000 2083.8774   20.4288
    0.0000   37.5000   15.0000 2098.4265   20.4010
    7.5000   37.5000   15.0000 2073.3279   20.5786
   -7.5000   45.0000   15.0000 1923.7771   23.5771
    0.0000   45.0000   15.0000 1932.6692   23.5370
    7.5000   45.0000   15.0000 1910.9406   23.7191
   -7.5000  -45.0000   22.5000 2524.8000   15.3086
    0.0000  -45.0000   22.5000 2532.2859   15.2020
    7.5000  -45.0000   22.5000 2521.1709   15.6162
   -7.5000  -37.5000   22.5000 2643.9377   14.2901
    0.0000  -37.5000   22.5000 2652.7109   14.1543
    7.5000  -37.5000   22.5000 2637.3721   14.5153
   -7.5000  -30.0000   22.5000 2745.8066   13.5885
    0.0000  -30.0000   22.5000 2751.0356   13.4068
    7.5000  -30.0000   22.5000 2724.5330   13.7849
   -7.5000  -22.5000   22.5000 2821.3142   13.1964
    0.0000  -22.5000   22.5000 2818.5435   13.0606
    7.5000  -22.5000   22.5000 2784.8635   13.3546
   -7.5000  -15.0000   22.5000 2836.5176   13.2134
    0.0000  -15.0000   22.5000 2844.3635   13.0998
    7.5000  -15.0000   22.5000 2805.0820   13.3143
   -7.5000   -7.5000   22.5000 2799.6262   13.4851
    0.0000   -7.5000   22.5000 2815.3999   13.3681
    7.5000   -7.5000   22.5000 2772.9373   13.5443
   -7.5000    0.0000   22.5000 2717.3965   13.9465
    0.0000    0.0000   22.5000 2729.8369   13.8444
    7.5000    0.0000   22.5000 2690.7332   13.9822
   -7.5000    7.5000   22.5000 2616.7781   14.5875
    0.0000    7.5000   22.5000 2627.1096   14.4978
    7.5000    7.5000   22.5000 2594.2998   14.6581
   -7.5000   15.0000   22.5000 2496.6213   15.5171
    0.0000   15.0000   22.5000 2508.4424   15.3890
    7.5000   15.0000   22.5000 2479.2090   15.5563
   -7.5000   22.5000   22.5000 2359.8811   16.7646
    0.0000   22.5000   22.5000 2370.2617   16.6632
    7.5000   22.5000   22.5000 2345.3281   16.8439
   -7.5000   30.0000   22.5000 2204.2776   18.4936
    0.0000   30.0000   22.5000 2214.1113   18.4498
    7.5000   30.0000   22.5000 2193.3672   18.6256
   -7.5000   37.5000   22.5000 2046.8533   20.8560
    0.0000   37.5000   22.5000 2060.1104   20.8386
    7.5000   37.5000   22.5000 2033.2656   21.0734
   -7.5000   45.0000   22.5000 1890.1256   23.9383
    0.0000   45.0000   22.5000 1902.2915   23.8621
    7.5000   45.0000   22.5000 1878.3091   24.2099
   -7.5000  -45.0000   30.0000 2482.3196   16.0162
    0.0000  -45.0000   30.0000 2489.4368   15.9120
    7.5000  -45.0000   30.0000 2480.5649   16.3454
   -7.5000  -37.5000   30.0000 2589.3613   14.9285
    0.0000  -37.5000   30.0000 2601.9175   14.8201
    7.5000  -37.5000   30.0000 2584.1997   15.2094
   -7.5000  -30.0000   30.0000 2674.8242   14.2179
    0.0000  -30.0000   30.0000 2693.0513   14.0781
    7.5000  -30.0000   30.0000 2665.1863   14.4310
   -7.5000  -22.5000   30.0000 2741.2559   13.8495
    0.0000  -22.5000   30.0000 2749.2314   13.7329
    7.5000  -22.5000   30.0000 2722.6716   14.0083
   -7.5000  -15.0000   30.0000 2751.8230   13.8476
    0.0000  -15.0000   30.0000 2762.7480   13.7487
    7.5000  -15.0000   30.0000 2738.0742   13.9855
   -7.5000   -7.5000   30.0000 2713.0376   14.1194
    0.0000   -7.5000   30.0000 2725.3330   14.0118
    7.5000   -7.5000   30.0000 2704.8027   14.2386
   -7.5000    0.0000   30.0000 2635.6768   14.6239
    0.0000    0.0000   30.0000 2645.1763   14.5127
    7.5000    0.0000   30.0000 2621.9927   14.7104
   -7.5000    7.5000   30.0000 2539.1367   15.2976
    0.0000    7.5000   30.0000 2551.5217   15.1594
    7.5000    7.5000   30.0000 2524.8901   15.3901
   -7.5000   15.0000   30.0000 2429.5271   16.2197
    0.0000   15.0000   30.0000 2438.5181   16.0878
    7.5000   15.0000   30.0000 2414.9634   16.2950
   -7.5000   22.5000   30.0000 2301.2930   17.4668
    0.0000   22.5000   30.0000 2310.9817   17.3704
    7.5000   22.5000   30.0000 2285.3674   17.5743
   -7.5000   30.0000   30.0000 2150.7808   19.2112
    0.0000   30.0000   30.0000 2164.6138   19.1640
    7.5000   30.0000   30.0000 2137.7324   19.3587
   -7.5000   37.5000   30.0000 2003.4971   21.6000
    0.0000   37.5000   30.0000 2015.8822   21.5497
    7.5000   37.5000   30.0000 1990.4386   21.7758
   -7.5000   45.0000   30.0000 1845.8661   24.7178
    0.0000   45.0000   30.0000 1849.2875   24.6164
    7.5000   45.0000   30.0000 1837.9304   24.9894
   -7.5000  -45.0000   37.5000 2429.2637   16.9632
    0.0000  -45.0000   37.5000 2439.1829   16.8676
    7.5000  -45.0000   37.5000 2426.7666   17.3390
   -7.5000  -37.5000   37.5000 2526.0330   15.8264
    0.0000  -37.5000   37.5000 2540.9585   15.7125
    7.5000  -37.5000   37.5000 2517.8303   16.1659
   -7.5000  -30.0000   37.5000 2607.8442   15.0760
    0.0000  -30.0000   37.5000 2624.5974   14.9685
    7.5000  -30.0000   37.5000 2595.8677   15.3566
   -7.5000  -22.5000   37.5000 2663.3279   14.6724
    0.0000  -22.5000   37.5000 2675.1965   14.5886
    7.5000  -22.5000   37.5000 2646.9487   14.8960
   -7.5000  -15.0000   37.5000 2661.5981   14.6353
    0.0000  -15.0000   37.5000 2677.3267   14.5756
    7.5000  -15.0000   37.5000 2652.0925   14.8433
   -7.5000   -7.5000   37.5000 2622.9285   14.9434
    0.0000   -7.5000   37.5000 2633.8262   14.8484
    7.5000   -7.5000   37.5000 2619.2595   15.0974
   -7.5000    0.0000   37.5000 2551.2593   15.4907
    0.0000    0.0000   37.5000 2566.2500   15.3729
    7.5000    0.0000   37.5000 2543.1987   15.6012
   -7.5000    7.5000   37.5000 2459.6528   16.2064
    0.0000    7.5000   37.5000 2471.5503   16.0756
    7.5000    7.5000   37.5000 2450.4580   16.2983
   -7.5000   15.0000   37.5000 2356.1238   17.1499
    0.0000   15.0000   37.5000 2367.0322   17.0396
    7.5000   15.0000   37.5000 2343.8616   17.2652
   -7.5000   22.5000   37.5000 2227.3362   18.4260
    0.0000   22.5000   37.5000 2241.4949   18.3353
    7.5000   22.5000   37.5000 2215.4395   18.5470
   -7.5000   30.0000   37.5000 2094.4590   20.2090
    0.0000   30.0000   37.5000 2107.0369   20.1420
    7.5000   30.0000   37.5000 2086.6084   20.3134
   -7.5000   37.5000   37.5000 1949.4260   22.5990
    0.0000   37.5000   37.5000 1960.3304   22.5290
    7.5000   37.5000   37.5000 1944.4812   22.7605
   -7.5000   45.0000   37.5000 1801.1758   25.8572
    0.0000   45.0000   37.5000 1806.6915   25.7302
    7.5000   45.0000   37.5000 1794.3079   26.0691
   -7.5000  -45.0000   45.0000 2365.3086   18.1521
    0.0000  -45.0000   45.0000 2376.2959   18.0772
    7.5000  -45.0000   45.0000 2359.0581   18.5649
   -7.5000  -37.5000   45.0000 2447.8582   16.9766
    0.0000  -37.5000   45.0000 2464.7710   16.8828
    7.5000  -37.5000   45.0000 2438.5542   17.3472
   -7.5000  -30.0000   45.0000 2520.7546   16.1525
    0.0000  -30.0000   45.0000 2533.4929   16.0963
    7.5000  -30.0000   45.0000 2505.4202   16.4669
   -7.5000  -22.5000   45.0000 2571.9058   15.7203
    0.0000  -22.5000   45.0000 2580.1011   15.6400
    7.5000  -22.5000   45.0000 2551.1013   15.9671
   -7.5000  -15.0000   45.0000 2565.4346   15.6544
    0.0000  -15.0000   45.0000 2582.3716   15.5664
    7.5000  -15.0000   45.0000 2557.0735   15.8504
   -7.5000   -7.5000   45.0000 2525.9373   15.9357
    0.0000   -7.5000   45.0000 2541.7808   15.8420
    7.5000   -7.5000   45.0000 2526.0061   16.0919
   -7.5000    0.0000   45.0000 2458.0237   16.5072
    0.0000    0.0000   45.0000 2478.6875   16.4195
    7.5000    0.0000   45.0000 2457.7791   16.6404
   -7.5000    7.5000   45.0000 2377.4951   17.2724
    0.0000    7.5000   45.0000 2389.4011   17.1671
    7.5000    7.5000   45.0000 2371.9819   17.3651
   -7.5000   15.0000   45.0000 2275.5166   18.2552
    0.0000   15.0000   45.0000 2287.3208   18.1786
    7.5000   15.0000   45.0000 2266.1499   18.3660
   -7.5000   22.5000   45.0000 2155.0417   19.6016
    0.0000   22.5000   45.0000 2169.2104   19.4905
    7.5000   22.5000   45.0000 2147.3831   19.6886
   -7.5000   30.0000   45.0000 2028.6498   21.4458
    0.0000   30.0000   45.0000 2042.8318   21.3016
    7.5000   30.0000   45.0000 2018.0809   21.5224
   -7.5000   37.5000   45.0000 1894.1545   23.9145
    0.0000   37.5000   45.0000 1904.6560   23.8075
    7.5000   37.5000   45.0000 1884.7540   24.0566
   -7.5000   45.0000   45.0000 1748.6237   27.2990
    0.0000   45.0000   45.0000 1752.3577   27.1845
    7.5000   45.0000   45.0000 1739.2046   27.5115

---------------------------------------------------------------------
imgreg_4dfp /opt/freesurfer/average/711-2C_as_mni_average_305 /opt/freesurfer/average/711-2B_as_mni_average_305_mask talsrcimg_g11 none talsrcimg_to_711-2C_as_mni_average_305_t4 1283
---------------------------------------------------------------------

freesurfer imgreg_4dfp.c
/opt/freesurfer/average/711-2C_as_mni_average_305.4dfp.img
       256       256       256         1
  1.000000  1.000000  1.000000
orientation T byte_order littleendian
Reading image: /opt/freesurfer/average/711-2C_as_mni_average_305.4dfp.img
dimensions:      256       256       256
mmppix:       1.0000   -1.0000   -1.0000
center:     128.0000 -129.0000 -129.0000
/opt/freesurfer/average/711-2B_as_mni_average_305_mask.4dfp.img
       256       256       256         1
  1.000000  1.000000  1.000000
orientation T byte_order littleendian
Reading mask: /opt/freesurfer/average/711-2B_as_mni_average_305_mask.4dfp.img (2306576 pixels)
talsrcimg_g11.4dfp.img
       256       256       256         1
  1.000000  1.000000  1.000000
orientation T byte_order littleendian
Reading image: talsrcimg_g11.4dfp.img
dimensions:      256       256       256
mmppix:       1.0000   -1.0000   -1.0000
center:     128.0000 -129.0000 -129.0000
rotation matrix determinant  1.000000
fimgreg.f
image alignment mode   1283 decimal      503 hex
parameters
    0.0000  -15.0000    7.5000    0.0000    0.0000    0.0000
eta,q 0.91665 12.31423
niter,ni,del,rscale     5    3   12.0000    1.2000
parameter  4  6.391455 ->  0.500000 qaram    1.1500
parameters
   -2.4949  -16.0404    5.7687   -3.4500   -0.4074   -2.9851
eta,q 0.92625 12.10172
  0.0845  0.0844  0.0802  0.0735  0.0801  0.0749
  0.0808  0.0822  0.0793  0.0744  0.0772  0.0739
  0.0812  0.0806  0.0795  0.0768  0.0750  0.0739
  0.0833  0.0803  0.0801  0.0797  0.0749  0.0749
  0.0856  0.0818  0.0799  0.0817  0.0764  0.0767
  0.0905  0.0850  0.0799  0.0837  0.0784  0.0793
  0.0971  0.0890  0.0812  0.0863  0.0812  0.0830
niter,ni,del,rscale     5    3   12.0000    1.2000
parameter  4  0.782248 ->  0.500000 qaram    1.3225
parameters
   -2.2631  -15.4120    7.8187   -7.4175   -0.9340   -3.3555
eta,q 0.92810 12.20306
  0.0878  0.0872  0.0784  0.0726  0.0769  0.0757
  0.0829  0.0798  0.0757  0.0718  0.0738  0.0740
  0.0774  0.0750  0.0741  0.0727  0.0720  0.0727
  0.0738  0.0737  0.0737  0.0745  0.0720  0.0718
  0.0753  0.0745  0.0745  0.0772  0.0730  0.0723
  0.0803  0.0773  0.0740  0.0804  0.0751  0.0744
  0.0871  0.0819  0.0743  0.0842  0.0790  0.0774
niter,ni,del,rscale     5    3   12.0000    1.2000
parameters
   -2.4118  -13.9106    7.2096  -10.0224   -0.6862   -3.8152
eta,q 0.92880 12.26503
  0.0828  0.0869  0.0746  0.0731  0.0780  0.0744
  0.0784  0.0806  0.0736  0.0719  0.0754  0.0728
  0.0743  0.0753  0.0723  0.0711  0.0729  0.0717
  0.0719  0.0720  0.0712  0.0715  0.0711  0.0711
  0.0738  0.0713  0.0716  0.0728  0.0719  0.0715
  0.0784  0.0735  0.0741  0.0762  0.0739  0.0734
  0.0847  0.0773  0.0775  0.0803  0.0776  0.0760
niter,ni,del,rscale     4    3   12.0000    1.2000
parameter  4  0.724752 ->  0.500000 qaram    1.5209
parameters
   -2.6510  -12.5964    6.4451  -14.5850    0.1852   -3.8852
eta,q 0.93087 12.25303
  0.0813  0.0830  0.0751  0.0704  0.0786  0.0735
  0.0771  0.0773  0.0743  0.0692  0.0747  0.0717
  0.0742  0.0732  0.0728  0.0702  0.0712  0.0700
  0.0712  0.0714  0.0715  0.0718  0.0693  0.0691
  0.0725  0.0717  0.0727  0.0732  0.0693  0.0697
  0.0778  0.0732  0.0749  0.0749  0.0709  0.0715
  0.0841  0.0756  0.0788  0.0783  0.0751  0.0741
niter,ni,del,rscale     4    3   12.0000    1.2000
parameters
   -3.2184   -9.6891    5.8706  -18.8388    0.4085   -4.0273
eta,q 0.93333 12.30796
  0.0803  0.0853  0.0746  0.0695  0.0765  0.0722
  0.0746  0.0794  0.0715  0.0676  0.0720  0.0693
  0.0712  0.0732  0.0687  0.0664  0.0683  0.0673
  0.0691  0.0693  0.0682  0.0679  0.0667  0.0667
  0.0723  0.0682  0.0701  0.0722  0.0679  0.0675
  0.0787  0.0684  0.0731  0.0775  0.0708  0.0696
  0.0846  0.0700  0.0778  0.0808  0.0753  0.0728
niter,ni,del,rscale     3    3   12.0000    1.2000
parameters
   -3.0692   -8.0048    5.0684  -20.7325    0.4168   -3.9010
eta,q 0.93433 12.35567
  0.0847  0.0813  0.0730  0.0711  0.0746  0.0719
  0.0765  0.0741  0.0698  0.0669  0.0704  0.0684
  0.0703  0.0689  0.0669  0.0655  0.0667  0.0661
  0.0667  0.0666  0.0664  0.0662  0.0656  0.0656
  0.0690  0.0665  0.0686  0.0678  0.0670  0.0666
  0.0759  0.0679  0.0723  0.0718  0.0698  0.0684
  0.0830  0.0703  0.0782  0.0787  0.0747  0.0710
niter,ni,del,rscale     2    3   12.0000    1.2000
parameters
   -3.0613   -7.3179    4.6097  -21.3476    0.4459   -3.9418
eta,q 0.93464 12.34509
  0.0831  0.0777  0.0730  0.0739  0.0740  0.0711
  0.0742  0.0715  0.0698  0.0684  0.0701  0.0675
  0.0681  0.0673  0.0671  0.0653  0.0666  0.0655
  0.0657  0.0657  0.0656  0.0657  0.0654  0.0654
  0.0694  0.0662  0.0676  0.0675  0.0666  0.0663
  0.0758  0.0685  0.0709  0.0703  0.0694  0.0681
  0.0815  0.0731  0.0760  0.0759  0.0742  0.0707
niter,ni,del,rscale     1    3   12.0000    1.2000
parameters
   -3.0951   -7.2350    4.4413  -21.4674    0.4943   -3.9087
eta,q 0.93465 12.33813
  0.0825  0.0761  0.0733  0.0749  0.0740  0.0712
  0.0733  0.0702  0.0701  0.0692  0.0701  0.0675
  0.0674  0.0665  0.0674  0.0656  0.0665  0.0655
  0.0654  0.0654  0.0654  0.0654  0.0653  0.0653
  0.0692  0.0666  0.0669  0.0672  0.0665  0.0662
  0.0756  0.0698  0.0702  0.0698  0.0693  0.0679
  0.0809  0.0754  0.0749  0.0748  0.0742  0.0705
registration optimization eta report
parameter search radius
    6.0000    6.0000    6.0000    9.1253    6.0000    6.0000
100000*second partial in parameter space
       43.       29.       23.       11.       24.       16.
  0.0825  0.0761  0.0733  0.0749  0.0740  0.0712
  0.0733  0.0702  0.0701  0.0692  0.0701  0.0675
  0.0674  0.0665  0.0674  0.0656  0.0665  0.0655
  0.0654  0.0654  0.0654  0.0654  0.0653  0.0653
  0.0692  0.0666  0.0669  0.0672  0.0665  0.0662
  0.0756  0.0698  0.0702  0.0698  0.0693  0.0679
  0.0809  0.0754  0.0749  0.0748  0.0742  0.0705
   -3.0951   -7.2350    4.4413  -21.4674    0.4943   -3.9087
eta,q 0.93465 12.33813

---------------------------------------------------------------------
imgreg_4dfp /opt/freesurfer/average/711-2C_as_mni_average_305 /opt/freesurfer/average/711-2B_as_mni_average_305_mask talsrcimg_g11 none talsrcimg_to_711-2C_as_mni_average_305_t4 3335
---------------------------------------------------------------------

freesurfer imgreg_4dfp.c
/opt/freesurfer/average/711-2C_as_mni_average_305.4dfp.img
       256       256       256         1
  1.000000  1.000000  1.000000
orientation T byte_order littleendian
Reading image: /opt/freesurfer/average/711-2C_as_mni_average_305.4dfp.img
dimensions:      256       256       256
mmppix:       1.0000   -1.0000   -1.0000
center:     128.0000 -129.0000 -129.0000
/opt/freesurfer/average/711-2B_as_mni_average_305_mask.4dfp.img
       256       256       256         1
  1.000000  1.000000  1.000000
orientation T byte_order littleendian
Reading mask: /opt/freesurfer/average/711-2B_as_mni_average_305_mask.4dfp.img (2306576 pixels)
talsrcimg_g11.4dfp.img
       256       256       256         1
  1.000000  1.000000  1.000000
orientation T byte_order littleendian
Reading image: talsrcimg_g11.4dfp.img
dimensions:      256       256       256
mmppix:       1.0000   -1.0000   -1.0000
center:     128.0000 -129.0000 -129.0000
fimgreg.f
image alignment mode   3335 decimal      D07 hex
parameters
   -3.0951   -7.2350    4.4413   -0.2363   -7.1754   -6.9409
    6.6587    1.6937   -6.8164   36.5668    0.8627  -36.5959
eta,q 0.93403 12.47761
niter,ni,del,rscale     5    3    5.0000    1.2000
parameter  4  1.303044 ->  0.500000 qaram    1.1500
parameter  5  4.289015 ->  0.500000 qaram    1.1500
parameter  6  1.284442 ->  0.500000 qaram    1.1500
parameter 10  1.335667 ->  0.500000 qaram    1.1500
parameters
   -3.0581   -7.3558    3.7107   -4.3763  -11.3154  -11.0809
    4.9439    4.6134   -4.7310   32.4268    1.5983  -34.4816
eta,q 0.95289 11.79057
  0.0688  0.0676  0.0665  0.0608  0.0521  0.0512  0.0536  0.0587  0.0545  0.0459  0.0494  0.0503
  0.0672  0.0667  0.0660  0.0617  0.0551  0.0519  0.0525  0.0561  0.0529  0.0469  0.0483  0.0489
  0.0663  0.0661  0.0658  0.0633  0.0585  0.0535  0.0521  0.0539  0.0517  0.0485  0.0476  0.0479
  0.0660  0.0660  0.0660  0.0658  0.0621  0.0560  0.0522  0.0520  0.0510  0.0508  0.0473  0.0473
  0.0663  0.0662  0.0664  0.0691  0.0660  0.0591  0.0530  0.0511  0.0509  0.0539  0.0474  0.0471
  0.0671  0.0669  0.0672  0.0730  0.0703  0.0628  0.0543  0.0514  0.0512  0.0576  0.0478  0.0474
  0.0686  0.0680  0.0684  0.0772  0.0747  0.0670  0.0560  0.0531  0.0520  0.0618  0.0487  0.0480
niter,ni,del,rscale     7    3    5.0000    1.2000
parameter  3  0.753415 ->  0.500000 qaram    1.1500
parameter  4  0.518986 ->  0.500000 qaram    1.3225
parameter  5  2.775210 ->  0.500000 qaram    1.3225
parameter  6  0.586637 ->  0.500000 qaram    1.3225
parameter 10  1.105456 ->  0.500000 qaram    1.3225
parameter 12  0.605814 ->  0.500000 qaram    1.1500
parameters
   -2.6818   -7.9906    2.3307   -9.1373  -16.0764  -15.8419
    6.0162    4.3000   -6.4962   27.6658   -1.2492  -38.6216
eta,q 0.96556 11.12926
  0.0517  0.0480  0.0459  0.0456  0.0372  0.0392  0.0420  0.0424  0.0398  0.0344  0.0352  0.0347
  0.0495  0.0472  0.0457  0.0450  0.0393  0.0389  0.0405  0.0403  0.0390  0.0347  0.0349  0.0344
  0.0479  0.0468  0.0460  0.0449  0.0419  0.0391  0.0394  0.0391  0.0387  0.0362  0.0349  0.0345
  0.0471  0.0470  0.0468  0.0457  0.0449  0.0400  0.0389  0.0388  0.0388  0.0387  0.0350  0.0349
  0.0471  0.0476  0.0481  0.0481  0.0482  0.0425  0.0389  0.0394  0.0394  0.0420  0.0353  0.0355
  0.0479  0.0487  0.0497  0.0517  0.0518  0.0465  0.0395  0.0408  0.0403  0.0459  0.0357  0.0364
  0.0496  0.0501  0.0517  0.0559  0.0560  0.0510  0.0406  0.0430  0.0416  0.0503  0.0362  0.0374
niter,ni,del,rscale     7    3    5.0000    1.2000
parameter  3  0.575660 ->  0.500000 qaram    1.3225
parameter  5  0.873586 ->  0.500000 qaram    1.5209
parameters
   -2.5667   -8.9649    0.7437   -7.5951  -21.5515  -17.0805
    6.1366    5.0791   -5.8699   25.8272    0.3069  -40.5051
eta,q 0.97093 10.91622
  0.0379  0.0350  0.0336  0.0383  0.0295  0.0337  0.0322  0.0350  0.0320  0.0331  0.0306  0.0304
  0.0361  0.0341  0.0331  0.0360  0.0291  0.0317  0.0307  0.0321  0.0306  0.0308  0.0299  0.0293
  0.0349  0.0339  0.0332  0.0343  0.0300  0.0301  0.0298  0.0302  0.0298  0.0295  0.0295  0.0290
  0.0344  0.0344  0.0339  0.0330  0.0327  0.0292  0.0294  0.0294  0.0294  0.0294  0.0293  0.0293
  0.0347  0.0355  0.0352  0.0325  0.0365  0.0298  0.0297  0.0297  0.0295  0.0307  0.0293  0.0299
  0.0356  0.0369  0.0370  0.0334  0.0408  0.0330  0.0306  0.0309  0.0302  0.0337  0.0294  0.0308
  0.0374  0.0387  0.0393  0.0363  0.0455  0.0384  0.0320  0.0329  0.0312  0.0381  0.0298  0.0316
niter,ni,del,rscale     7    3    5.0000    1.2000
parameters
   -2.5676   -8.6558    0.2682   -6.2480  -24.9675  -17.5751
    6.2121    4.8353   -5.8972   26.5871    0.9190  -42.0164
eta,q 0.97168 10.80151
  0.0323  0.0327  0.0311  0.0340  0.0311  0.0332  0.0312  0.0329  0.0304  0.0345  0.0298  0.0298
  0.0305  0.0309  0.0297  0.0319  0.0295  0.0310  0.0297  0.0304  0.0294  0.0314  0.0291  0.0286
  0.0294  0.0296  0.0291  0.0303  0.0285  0.0294  0.0289  0.0289  0.0287  0.0294  0.0287  0.0282
  0.0291  0.0291  0.0290  0.0290  0.0286  0.0285  0.0286  0.0286  0.0286  0.0286  0.0285  0.0285
  0.0294  0.0292  0.0297  0.0283  0.0308  0.0285  0.0288  0.0292  0.0288  0.0288  0.0286  0.0291
  0.0305  0.0299  0.0309  0.0293  0.0347  0.0309  0.0296  0.0309  0.0294  0.0302  0.0289  0.0299
  0.0323  0.0312  0.0328  0.0325  0.0393  0.0356  0.0311  0.0335  0.0304  0.0329  0.0294  0.0307
niter,ni,del,rscale     6    3    5.0000    1.2000
parameters
   -2.5754   -8.1879    0.1455   -5.7857  -26.1118  -18.0311
    6.1119    4.7232   -6.0612   27.2609    1.0547  -42.3707
eta,q 0.97168 10.76047
  0.0316  0.0318  0.0310  0.0329  0.0325  0.0331  0.0309  0.0329  0.0301  0.0341  0.0296  0.0303
  0.0298  0.0301  0.0294  0.0310  0.0304  0.0310  0.0295  0.0304  0.0291  0.0311  0.0289  0.0289
  0.0287  0.0289  0.0285  0.0294  0.0289  0.0293  0.0286  0.0288  0.0285  0.0292  0.0285  0.0283
  0.0283  0.0283  0.0282  0.0282  0.0281  0.0283  0.0284  0.0284  0.0284  0.0284  0.0284  0.0284
  0.0287  0.0283  0.0287  0.0279  0.0287  0.0284  0.0287  0.0290  0.0286  0.0287  0.0285  0.0288
  0.0298  0.0288  0.0297  0.0295  0.0315  0.0308  0.0296  0.0306  0.0292  0.0300  0.0289  0.0295
  0.0316  0.0298  0.0314  0.0329  0.0357  0.0353  0.0311  0.0332  0.0302  0.0327  0.0295  0.0303
niter,ni,del,rscale     5    3    5.0000    1.2000
parameters
   -2.5547   -7.9252    0.0095   -5.5839  -26.5520  -18.3411
    6.0270    4.7181   -6.1002   27.5824    1.1161  -42.4727
eta,q 0.97162 10.73995
  0.0316  0.0311  0.0308  0.0327  0.0329  0.0331  0.0309  0.0331  0.0301  0.0336  0.0296  0.0305
  0.0298  0.0296  0.0294  0.0309  0.0308  0.0310  0.0295  0.0305  0.0291  0.0308  0.0289  0.0290
  0.0287  0.0287  0.0285  0.0294  0.0292  0.0294  0.0287  0.0289  0.0285  0.0290  0.0285  0.0284
  0.0283  0.0283  0.0283  0.0283  0.0282  0.0283  0.0284  0.0284  0.0284  0.0284  0.0284  0.0284
  0.0287  0.0284  0.0287  0.0281  0.0284  0.0284  0.0287  0.0290  0.0286  0.0288  0.0285  0.0288
  0.0297  0.0290  0.0297  0.0298  0.0307  0.0306  0.0296  0.0306  0.0292  0.0302  0.0289  0.0294
  0.0315  0.0300  0.0313  0.0333  0.0347  0.0349  0.0310  0.0330  0.0300  0.0330  0.0295  0.0302
niter,ni,del,rscale     4    3    5.0000    1.2000
parameters
   -2.5334   -7.8095   -0.0978   -5.4934  -26.7456  -18.5396
    5.9894    4.7307   -6.1100   27.7421    1.1487  -42.5093
eta,q 0.97157 10.72880
  0.0316  0.0308  0.0309  0.0326  0.0331  0.0332  0.0309  0.0331  0.0301  0.0334  0.0296  0.0305
  0.0299  0.0294  0.0294  0.0309  0.0309  0.0311  0.0295  0.0306  0.0291  0.0307  0.0289  0.0290
  0.0288  0.0286  0.0286  0.0295  0.0293  0.0295  0.0287  0.0289  0.0286  0.0290  0.0285  0.0284
  0.0284  0.0284  0.0284  0.0284  0.0284  0.0284  0.0284  0.0284  0.0284  0.0284  0.0284  0.0284
  0.0287  0.0286  0.0287  0.0282  0.0284  0.0284  0.0287  0.0290  0.0287  0.0289  0.0286  0.0288
  0.0298  0.0292  0.0297  0.0299  0.0305  0.0305  0.0296  0.0306  0.0292  0.0303  0.0290  0.0294
  0.0315  0.0303  0.0312  0.0334  0.0343  0.0347  0.0310  0.0330  0.0300  0.0331  0.0296  0.0302
niter,ni,del,rscale     3    3    5.0000    1.2000
parameters
   -2.5213   -7.7499   -0.1702   -5.4457  -26.8480  -18.6604
    5.9715    4.7405   -6.1119   27.8312    1.1786  -42.5217
eta,q 0.97153 10.72223
  0.0316  0.0307  0.0309  0.0326  0.0332  0.0332  0.0310  0.0331  0.0301  0.0333  0.0296  0.0305
  0.0299  0.0294  0.0295  0.0309  0.0310  0.0311  0.0296  0.0306  0.0292  0.0306  0.0290  0.0291
  0.0288  0.0287  0.0287  0.0295  0.0294  0.0295  0.0287  0.0290  0.0286  0.0290  0.0286  0.0284
  0.0284  0.0284  0.0284  0.0284  0.0284  0.0284  0.0285  0.0285  0.0285  0.0285  0.0285  0.0285
  0.0288  0.0286  0.0288  0.0283  0.0284  0.0284  0.0287  0.0290  0.0287  0.0289  0.0286  0.0289
  0.0298  0.0293  0.0297  0.0300  0.0304  0.0304  0.0296  0.0306  0.0292  0.0304  0.0290  0.0294
  0.0316  0.0304  0.0311  0.0335  0.0342  0.0345  0.0310  0.0330  0.0301  0.0332  0.0296  0.0302
niter,ni,del,rscale     2    3    5.0000    1.2000
parameters
   -2.5126   -7.7161   -0.2166   -5.4206  -26.9124  -18.7375
    5.9655    4.7470   -6.1111   27.8873    1.1946  -42.5244
eta,q 0.97151 10.71782
  0.0316  0.0306  0.0309  0.0326  0.0332  0.0332  0.0310  0.0331  0.0301  0.0332  0.0296  0.0305
  0.0299  0.0294  0.0296  0.0309  0.0311  0.0311  0.0296  0.0306  0.0292  0.0306  0.0290  0.0291
  0.0288  0.0287  0.0287  0.0296  0.0294  0.0295  0.0288  0.0290  0.0286  0.0290  0.0286  0.0285
  0.0285  0.0285  0.0285  0.0285  0.0285  0.0285  0.0285  0.0285  0.0285  0.0285  0.0285  0.0285
  0.0288  0.0287  0.0288  0.0283  0.0284  0.0284  0.0287  0.0290  0.0287  0.0289  0.0286  0.0289
  0.0298  0.0293  0.0297  0.0301  0.0304  0.0303  0.0296  0.0306  0.0292  0.0304  0.0290  0.0295
  0.0316  0.0305  0.0311  0.0335  0.0342  0.0344  0.0310  0.0330  0.0301  0.0332  0.0296  0.0302
niter,ni,del,rscale     1    3    5.0000    1.2000
parameters
   -2.5076   -7.6946   -0.2486   -5.4033  -26.9542  -18.7878
    5.9577    4.7500   -6.1165   27.9212    1.2114  -42.5215
eta,q 0.97149 10.71482
  0.0316  0.0306  0.0310  0.0326  0.0332  0.0332  0.0310  0.0331  0.0301  0.0332  0.0297  0.0305
  0.0299  0.0294  0.0296  0.0309  0.0311  0.0312  0.0296  0.0306  0.0292  0.0306  0.0290  0.0291
  0.0288  0.0287  0.0288  0.0296  0.0295  0.0296  0.0288  0.0290  0.0287  0.0290  0.0286  0.0285
  0.0285  0.0285  0.0285  0.0285  0.0285  0.0285  0.0285  0.0285  0.0285  0.0285  0.0285  0.0285
  0.0288  0.0287  0.0288  0.0284  0.0284  0.0284  0.0288  0.0291  0.0287  0.0290  0.0287  0.0289
  0.0299  0.0294  0.0297  0.0301  0.0304  0.0303  0.0296  0.0306  0.0292  0.0304  0.0290  0.0295
  0.0316  0.0305  0.0311  0.0335  0.0341  0.0344  0.0310  0.0330  0.0301  0.0332  0.0296  0.0302
registration optimization eta report
parameter search radius
    2.4000    2.4000    3.1740    9.5220   10.9503    9.5220
    7.2000    7.2000    7.2000    9.5220    7.2000    8.2800
100000*second partial in parameter space
       55.       36.       25.        5.        4.        6.
        5.        9.        3.        5.        2.        3.
  0.0316  0.0306  0.0310  0.0326  0.0332  0.0332  0.0310  0.0331  0.0301  0.0332  0.0297  0.0305
  0.0299  0.0294  0.0296  0.0309  0.0311  0.0312  0.0296  0.0306  0.0292  0.0306  0.0290  0.0291
  0.0288  0.0287  0.0288  0.0296  0.0295  0.0296  0.0288  0.0290  0.0287  0.0290  0.0286  0.0285
  0.0285  0.0285  0.0285  0.0285  0.0285  0.0285  0.0285  0.0285  0.0285  0.0285  0.0285  0.0285
  0.0288  0.0287  0.0288  0.0284  0.0284  0.0284  0.0288  0.0291  0.0287  0.0290  0.0287  0.0289
  0.0299  0.0294  0.0297  0.0301  0.0304  0.0303  0.0296  0.0306  0.0292  0.0304  0.0290  0.0295
  0.0316  0.0305  0.0311  0.0335  0.0341  0.0344  0.0310  0.0330  0.0301  0.0332  0.0296  0.0302
   -2.5076   -7.6946   -0.2486   -5.4033  -26.9542  -18.7878
    5.9577    4.7500   -6.1165   27.9212    1.2114  -42.5215
eta,q 0.97149 10.71482

---------------------------------------------------------------------
imgreg_4dfp /opt/freesurfer/average/711-2C_as_mni_average_305 /opt/freesurfer/average/711-2B_as_mni_average_305_mask talsrcimg_g11 none talsrcimg_to_711-2C_as_mni_average_305_t4 2311
---------------------------------------------------------------------

freesurfer imgreg_4dfp.c
/opt/freesurfer/average/711-2C_as_mni_average_305.4dfp.img
       256       256       256         1
  1.000000  1.000000  1.000000
orientation T byte_order littleendian
Reading image: /opt/freesurfer/average/711-2C_as_mni_average_305.4dfp.img
dimensions:      256       256       256
mmppix:       1.0000   -1.0000   -1.0000
center:     128.0000 -129.0000 -129.0000
/opt/freesurfer/average/711-2B_as_mni_average_305_mask.4dfp.img
       256       256       256         1
  1.000000  1.000000  1.000000
orientation T byte_order littleendian
Reading mask: /opt/freesurfer/average/711-2B_as_mni_average_305_mask.4dfp.img (2306576 pixels)
talsrcimg_g11.4dfp.img
       256       256       256         1
  1.000000  1.000000  1.000000
orientation T byte_order littleendian
Reading image: talsrcimg_g11.4dfp.img
dimensions:      256       256       256
mmppix:       1.0000   -1.0000   -1.0000
center:     128.0000 -129.0000 -129.0000
fimgreg.f
image alignment mode   2311 decimal      907 hex
parameters
   -2.5076   -7.6946   -0.2486   -5.4033  -26.9542  -18.7878
    5.9577    4.7500   -6.1165   27.9212    1.2114  -42.5215
eta,q 0.97149 10.71482
niter,ni,del,rscale     5    3    5.0000    0.8000
parameters
   -2.4963   -7.7117   -0.2707   -3.8628  -25.5475  -18.3172
    5.6468    4.6624   -6.2718   28.1341    1.2312  -42.2346
eta,q 0.97197 10.85629
  0.0299  0.0294  0.0291  0.0302  0.0297  0.0299  0.0293  0.0306  0.0289  0.0295  0.0288  0.0290
  0.0291  0.0289  0.0288  0.0296  0.0291  0.0291  0.0285  0.0292  0.0284  0.0287  0.0284  0.0284
  0.0287  0.0286  0.0286  0.0290  0.0286  0.0285  0.0281  0.0283  0.0281  0.0282  0.0281  0.0281
  0.0285  0.0285  0.0285  0.0285  0.0283  0.0281  0.0280  0.0280  0.0280  0.0280  0.0280  0.0280
  0.0287  0.0286  0.0286  0.0283  0.0281  0.0280  0.0282  0.0284  0.0282  0.0281  0.0281  0.0281
  0.0291  0.0289  0.0288  0.0284  0.0282  0.0285  0.0288  0.0293  0.0285  0.0285  0.0284  0.0284
  0.0299  0.0294  0.0292  0.0290  0.0287  0.0295  0.0296  0.0307  0.0290  0.0293  0.0288  0.0287
niter,ni,del,rscale     4    3    5.0000    0.7000
parameters
   -2.6049   -7.9378    0.0898   -3.9946  -24.9921  -17.5192
    5.8315    4.6422   -6.3037   27.8432    1.1137  -42.0841
eta,q 0.97219 10.90331
  0.0291  0.0286  0.0289  0.0292  0.0290  0.0295  0.0290  0.0300  0.0286  0.0288  0.0285  0.0286
  0.0285  0.0282  0.0285  0.0286  0.0286  0.0289  0.0284  0.0288  0.0281  0.0282  0.0281  0.0281
  0.0281  0.0280  0.0282  0.0282  0.0282  0.0283  0.0280  0.0281  0.0279  0.0279  0.0279  0.0279
  0.0280  0.0280  0.0280  0.0280  0.0280  0.0279  0.0278  0.0278  0.0278  0.0278  0.0278  0.0278
  0.0282  0.0282  0.0280  0.0281  0.0279  0.0278  0.0279  0.0281  0.0279  0.0280  0.0279  0.0279
  0.0287  0.0285  0.0281  0.0286  0.0281  0.0281  0.0282  0.0289  0.0282  0.0284  0.0282  0.0281
  0.0295  0.0291  0.0283  0.0295  0.0287  0.0288  0.0288  0.0300  0.0286  0.0291  0.0285  0.0284
niter,ni,del,rscale     3    3    5.0000    0.6000
parameters
   -2.6796   -8.0995    0.3201   -4.1412  -24.6527  -17.1017
    5.9589    4.6490   -6.2908   27.6806    0.9897  -42.0491
eta,q 0.97228 10.92971
  0.0287  0.0283  0.0285  0.0287  0.0286  0.0290  0.0286  0.0294  0.0283  0.0285  0.0282  0.0283
  0.0282  0.0280  0.0282  0.0283  0.0282  0.0284  0.0281  0.0285  0.0280  0.0281  0.0279  0.0279
  0.0279  0.0278  0.0279  0.0279  0.0280  0.0280  0.0278  0.0279  0.0278  0.0278  0.0278  0.0277
  0.0278  0.0278  0.0278  0.0278  0.0278  0.0278  0.0277  0.0277  0.0277  0.0277  0.0277  0.0277
  0.0280  0.0279  0.0278  0.0279  0.0278  0.0277  0.0278  0.0279  0.0278  0.0278  0.0278  0.0278
  0.0283  0.0282  0.0279  0.0283  0.0280  0.0280  0.0280  0.0285  0.0280  0.0282  0.0280  0.0280
  0.0289  0.0286  0.0281  0.0290  0.0284  0.0286  0.0285  0.0294  0.0283  0.0287  0.0283  0.0282
niter,ni,del,rscale     2    3    5.0000    0.5000
parameters
   -2.7238   -8.1799    0.4254   -4.2271  -24.4653  -16.8784
    6.0125    4.6800   -6.2669   27.6368    0.9078  -42.0628
eta,q 0.97232 10.94534
  0.0284  0.0281  0.0282  0.0284  0.0283  0.0286  0.0283  0.0289  0.0281  0.0283  0.0281  0.0281
  0.0280  0.0279  0.0279  0.0280  0.0280  0.0282  0.0280  0.0283  0.0279  0.0279  0.0278  0.0278
  0.0278  0.0277  0.0278  0.0278  0.0278  0.0279  0.0278  0.0278  0.0277  0.0277  0.0277  0.0277
  0.0277  0.0277  0.0277  0.0277  0.0277  0.0277  0.0277  0.0277  0.0277  0.0277  0.0277  0.0277
  0.0278  0.0278  0.0277  0.0278  0.0277  0.0277  0.0277  0.0278  0.0277  0.0278  0.0277  0.0277
  0.0281  0.0280  0.0278  0.0280  0.0279  0.0279  0.0279  0.0282  0.0279  0.0280  0.0279  0.0279
  0.0285  0.0283  0.0280  0.0285  0.0282  0.0284  0.0282  0.0289  0.0281  0.0283  0.0281  0.0280
niter,ni,del,rscale     1    3    5.0000    0.4000
parameters
   -2.7449   -8.2195    0.4804   -4.2680  -24.3414  -16.7386
    6.0277    4.7103   -6.2524   27.6338    0.8387  -42.0824
eta,q 0.97233 10.95605
  0.0281  0.0280  0.0280  0.0281  0.0281  0.0282  0.0281  0.0285  0.0279  0.0281  0.0279  0.0279
  0.0279  0.0278  0.0278  0.0279  0.0279  0.0280  0.0278  0.0281  0.0278  0.0278  0.0278  0.0278
  0.0277  0.0277  0.0277  0.0277  0.0277  0.0278  0.0277  0.0278  0.0277  0.0277  0.0277  0.0277
  0.0277  0.0277  0.0277  0.0277  0.0277  0.0277  0.0277  0.0277  0.0277  0.0277  0.0277  0.0277
  0.0277  0.0277  0.0277  0.0277  0.0277  0.0277  0.0277  0.0277  0.0277  0.0277  0.0277  0.0277
  0.0279  0.0278  0.0278  0.0279  0.0278  0.0279  0.0278  0.0280  0.0278  0.0278  0.0278  0.0278
  0.0282  0.0280  0.0279  0.0282  0.0280  0.0282  0.0280  0.0285  0.0279  0.0281  0.0280  0.0279
registration optimization eta report
parameter search radius
    0.8000    0.8000    0.8000    2.4000    2.4000    2.4000
    2.4000    2.4000    2.4000    2.4000    2.4000    2.4000
100000*second partial in parameter space
       72.       48.       39.        9.        6.        9.
        7.       14.        5.        7.        5.        4.
  0.0281  0.0280  0.0280  0.0281  0.0281  0.0282  0.0281  0.0285  0.0279  0.0281  0.0279  0.0279
  0.0279  0.0278  0.0278  0.0279  0.0279  0.0280  0.0278  0.0281  0.0278  0.0278  0.0278  0.0278
  0.0277  0.0277  0.0277  0.0277  0.0277  0.0278  0.0277  0.0278  0.0277  0.0277  0.0277  0.0277
  0.0277  0.0277  0.0277  0.0277  0.0277  0.0277  0.0277  0.0277  0.0277  0.0277  0.0277  0.0277
  0.0277  0.0277  0.0277  0.0277  0.0277  0.0277  0.0277  0.0277  0.0277  0.0277  0.0277  0.0277
  0.0279  0.0278  0.0278  0.0279  0.0278  0.0279  0.0278  0.0280  0.0278  0.0278  0.0278  0.0278
  0.0282  0.0280  0.0279  0.0282  0.0280  0.0282  0.0280  0.0285  0.0279  0.0281  0.0280  0.0279
   -2.7449   -8.2195    0.4804   -4.2680  -24.3414  -16.7386
    6.0277    4.7103   -6.2524   27.6338    0.8387  -42.0824
eta,q 0.97233 10.95605

---------------------------------------------------------------------
imgreg_4dfp /opt/freesurfer/average/711-2C_as_mni_average_305 /opt/freesurfer/average/711-2B_as_mni_average_305_mask talsrcimg_g11 none talsrcimg_to_711-2C_as_mni_average_305_t4 2311
---------------------------------------------------------------------

freesurfer imgreg_4dfp.c
/opt/freesurfer/average/711-2C_as_mni_average_305.4dfp.img
       256       256       256         1
  1.000000  1.000000  1.000000
orientation T byte_order littleendian
Reading image: /opt/freesurfer/average/711-2C_as_mni_average_305.4dfp.img
dimensions:      256       256       256
mmppix:       1.0000   -1.0000   -1.0000
center:     128.0000 -129.0000 -129.0000
/opt/freesurfer/average/711-2B_as_mni_average_305_mask.4dfp.img
       256       256       256         1
  1.000000  1.000000  1.000000
orientation T byte_order littleendian
Reading mask: /opt/freesurfer/average/711-2B_as_mni_average_305_mask.4dfp.img (2306576 pixels)
talsrcimg_g11.4dfp.img
       256       256       256         1
  1.000000  1.000000  1.000000
orientation T byte_order littleendian
Reading image: talsrcimg_g11.4dfp.img
dimensions:      256       256       256
mmppix:       1.0000   -1.0000   -1.0000
center:     128.0000 -129.0000 -129.0000
fimgreg.f
image alignment mode   2311 decimal      907 hex
parameters
   -2.7449   -8.2195    0.4804   -4.2680  -24.3414  -16.7386
    6.0277    4.7103   -6.2524   27.6338    0.8387  -42.0824
eta,q 0.97233 10.95605
niter,ni,del,rscale     5    3    5.0000    0.8000
parameters
   -2.7478   -8.2305    0.5171   -4.7266  -24.7709  -16.8608
    6.0858    4.6977   -6.1886   27.4989    0.8362  -42.0722
eta,q 0.97227 10.91529
  0.0295  0.0289  0.0287  0.0291  0.0288  0.0295  0.0292  0.0305  0.0288  0.0292  0.0286  0.0287
  0.0285  0.0282  0.0281  0.0284  0.0283  0.0287  0.0284  0.0290  0.0282  0.0284  0.0281  0.0281
  0.0279  0.0278  0.0278  0.0279  0.0279  0.0281  0.0279  0.0281  0.0278  0.0279  0.0278  0.0278
  0.0277  0.0277  0.0277  0.0277  0.0277  0.0277  0.0277  0.0277  0.0277  0.0277  0.0277  0.0277
  0.0279  0.0278  0.0278  0.0279  0.0278  0.0278  0.0279  0.0281  0.0278  0.0279  0.0278  0.0279
  0.0285  0.0283  0.0281  0.0287  0.0284  0.0285  0.0283  0.0291  0.0282  0.0285  0.0282  0.0282
  0.0295  0.0289  0.0286  0.0300  0.0295  0.0299  0.0291  0.0305  0.0287  0.0294  0.0286  0.0285
niter,ni,del,rscale     4    3    5.0000    0.7000
parameters
   -2.7142   -8.1610    0.4384   -4.5732  -24.7823  -16.9114
    6.0013    4.6983   -6.2027   27.5747    0.8667  -42.1170
eta,q 0.97229 10.91709
  0.0291  0.0287  0.0284  0.0291  0.0287  0.0291  0.0288  0.0299  0.0285  0.0289  0.0285  0.0284
  0.0284  0.0282  0.0280  0.0285  0.0282  0.0285  0.0282  0.0288  0.0281  0.0283  0.0281  0.0280
  0.0279  0.0279  0.0278  0.0280  0.0279  0.0280  0.0278  0.0280  0.0278  0.0279  0.0278  0.0277
  0.0277  0.0277  0.0277  0.0277  0.0277  0.0277  0.0277  0.0277  0.0277  0.0277  0.0277  0.0277
  0.0279  0.0278  0.0278  0.0278  0.0277  0.0278  0.0278  0.0280  0.0278  0.0278  0.0278  0.0278
  0.0283  0.0281  0.0281  0.0282  0.0281  0.0283  0.0282  0.0287  0.0281  0.0282  0.0280  0.0281
  0.0290  0.0285  0.0285  0.0290  0.0288  0.0294  0.0289  0.0299  0.0285  0.0289  0.0284  0.0284
niter,ni,del,rscale     3    3    5.0000    0.6000
parameters
   -2.7121   -8.1605    0.4357   -4.4289  -24.6531  -16.8834
    5.9914    4.7031   -6.2238   27.6166    0.8799  -42.1141
eta,q 0.97230 10.92959
  0.0287  0.0284  0.0282  0.0287  0.0285  0.0288  0.0285  0.0294  0.0283  0.0286  0.0283  0.0282
  0.0282  0.0280  0.0280  0.0283  0.0281  0.0283  0.0281  0.0285  0.0280  0.0281  0.0279  0.0279
  0.0278  0.0278  0.0278  0.0279  0.0279  0.0279  0.0278  0.0279  0.0278  0.0278  0.0278  0.0277
  0.0277  0.0277  0.0277  0.0277  0.0277  0.0277  0.0277  0.0277  0.0277  0.0277  0.0277  0.0277
  0.0278  0.0278  0.0278  0.0277  0.0277  0.0278  0.0278  0.0279  0.0278  0.0278  0.0278  0.0278
  0.0282  0.0280  0.0280  0.0281  0.0279  0.0281  0.0281  0.0285  0.0280  0.0281  0.0280  0.0279
  0.0287  0.0284  0.0283  0.0287  0.0285  0.0289  0.0285  0.0294  0.0283  0.0286  0.0282  0.0282
niter,ni,del,rscale     2    3    5.0000    0.5000
parameters
   -2.7249   -8.1872    0.4551   -4.3422  -24.5018  -16.8112
    6.0138    4.7174   -6.2546   27.6323    0.8515  -42.1086
eta,q 0.97232 10.94307
  0.0284  0.0281  0.0281  0.0284  0.0283  0.0285  0.0283  0.0289  0.0281  0.0283  0.0281  0.0281
  0.0280  0.0279  0.0279  0.0281  0.0280  0.0281  0.0279  0.0283  0.0279  0.0280  0.0278  0.0278
  0.0278  0.0277  0.0277  0.0278  0.0278  0.0278  0.0278  0.0278  0.0277  0.0278  0.0277  0.0277
  0.0277  0.0277  0.0277  0.0277  0.0277  0.0277  0.0277  0.0277  0.0277  0.0277  0.0277  0.0277
  0.0278  0.0278  0.0277  0.0277  0.0277  0.0277  0.0277  0.0278  0.0277  0.0277  0.0277  0.0277
  0.0280  0.0279  0.0279  0.0280  0.0279  0.0280  0.0279  0.0282  0.0279  0.0279  0.0279  0.0279
  0.0284  0.0282  0.0281  0.0284  0.0282  0.0285  0.0283  0.0289  0.0281  0.0283  0.0281  0.0280
niter,ni,del,rscale     1    3    5.0000    0.4000
parameters
   -2.7430   -8.2158    0.4859   -4.2988  -24.3665  -16.7321
    6.0372    4.7396   -6.2591   27.6482    0.7983  -42.1154
eta,q 0.97233 10.95507
  0.0281  0.0280  0.0280  0.0282  0.0281  0.0282  0.0281  0.0285  0.0279  0.0281  0.0279  0.0279
  0.0279  0.0278  0.0278  0.0279  0.0279  0.0280  0.0278  0.0281  0.0278  0.0279  0.0278  0.0278
  0.0277  0.0277  0.0277  0.0278  0.0278  0.0278  0.0277  0.0278  0.0277  0.0277  0.0277  0.0277
  0.0277  0.0277  0.0277  0.0277  0.0277  0.0277  0.0277  0.0277  0.0277  0.0277  0.0277  0.0277
  0.0277  0.0277  0.0277  0.0277  0.0277  0.0277  0.0277  0.0278  0.0277  0.0277  0.0277  0.0277
  0.0279  0.0278  0.0278  0.0279  0.0278  0.0279  0.0278  0.0280  0.0278  0.0278  0.0278  0.0278
  0.0282  0.0280  0.0279  0.0282  0.0280  0.0282  0.0280  0.0285  0.0279  0.0281  0.0279  0.0279
registration optimization eta report
parameter search radius
    0.8000    0.8000    0.8000    2.4000    2.4000    2.4000
    2.4000    2.4000    2.4000    2.4000    2.4000    2.4000
100000*second partial in parameter space
       70.       48.       39.        8.        6.        9.
        7.       14.        5.        7.        5.        4.
  0.0281  0.0280  0.0280  0.0282  0.0281  0.0282  0.0281  0.0285  0.0279  0.0281  0.0279  0.0279
  0.0279  0.0278  0.0278  0.0279  0.0279  0.0280  0.0278  0.0281  0.0278  0.0279  0.0278  0.0278
  0.0277  0.0277  0.0277  0.0278  0.0278  0.0278  0.0277  0.0278  0.0277  0.0277  0.0277  0.0277
  0.0277  0.0277  0.0277  0.0277  0.0277  0.0277  0.0277  0.0277  0.0277  0.0277  0.0277  0.0277
  0.0277  0.0277  0.0277  0.0277  0.0277  0.0277  0.0277  0.0278  0.0277  0.0277  0.0277  0.0277
  0.0279  0.0278  0.0278  0.0279  0.0278  0.0279  0.0278  0.0280  0.0278  0.0278  0.0278  0.0278
  0.0282  0.0280  0.0279  0.0282  0.0280  0.0282  0.0280  0.0285  0.0279  0.0281  0.0279  0.0279
   -2.7430   -8.2158    0.4859   -4.2988  -24.3665  -16.7321
    6.0372    4.7396   -6.2591   27.6482    0.7983  -42.1154
eta,q 0.97233 10.95507

---------------------------------------------------------------------
compute_vox2vox talsrcimg talsrcimg_to_711-2C_as_mni_average_305_t4 /opt/freesurfer/average/711-2C_as_mni_average_305
---------------------------------------------------------------------

freesurfer compute_vox2vox.c
Reading: talsrcimg.4dfp.ifh
Reading: talsrcimg_to_711-2C_as_mni_average_305_t4
Reading: /opt/freesurfer/average/711-2C_as_mni_average_305.4dfp.ifh
Writing: talsrcimg_to_711-2C_as_mni_average_305_t4_vox2vox.txt

start time Sat Mar 14 02:20:33 CET 2026
end		time Sat Mar 14 02:20:47 CET 2026

mpr2mni305 success

avi2talxfm orig_nu.mgz /opt/freesurfer/average/mni305.cor.mgz talsrcimg_to_711-2C_as_mni_average_305_t4_vox2vox.txt transforms/talairach.auto.xfm
avi2talxfm done
mv -f /out/sourcedata/freesurfer/sub-v2s8x29231_ses-1/mri/talsrcimg_to_711-2C_as_mni_average_305_t4_vox2vox.txt /out/sourcedata/freesurfer/sub-v2s8x29231_ses-1/mri/transforms/talsrcimg_to_711-2C_as_mni_average_305_t4_vox2vox.txt
lta_convert --src orig_nu.mgz --trg /opt/freesurfer/average/mni305.cor.mgz --inxfm transforms/talairach.auto.xfm --outlta transforms/talairach.auto.xfm.lta --subject fsaverage
7.3.2

--src: orig_nu.mgz src image (geometry).
--trg: /opt/freesurfer/average/mni305.cor.mgz trg image (geometry).
--inmni: transforms/talairach.auto.xfm input MNI/XFM transform.
--outlta: transforms/talairach.auto.xfm.lta output LTA.
--s: fsaverage subject name
 LTA read, type : 1
 1.03875  -0.02666  -0.09776  -7.35940;
 0.02829   1.01282   0.56172   5.64342;
 0.07562  -0.37245   1.10874   14.14920;
 0.00000   0.00000   0.00000   1.00000;
setting subject to fsaverage
Writing  LTA to file transforms/talairach.auto.xfm.lta...
lta_convert successful.
 
 
Started at Sat Mar 14 02:20:32 CET 2026
Ended   at Sat Mar 14 02:20:47 CET 2026
talairach_avi done
