status file for recon-all
Sat Mar 14 01:16:50 CET 2026
#@# MotionCor Sat Mar 14 01:16:52 CET 2026
#@# Talairach Sat Mar 14 01:16:58 CET 2026
#@# Talairach Failure Detection Sat Mar 14 01:19:49 CET 2026
#@# Nu Intensity Correction Sat Mar 14 01:19:49 CET 2026
#@# Intensity Normalization Sat Mar 14 01:22:36 CET 2026
recon-all -s sub-v2s8x29212_ses-1 finished without error at Sat Mar 14 01:23:36 CET 2026



#New# invocation of recon-all 



status file for recon-all
Sat Mar 14 01:29:37 CET 2026
#@# EM Registration Sat Mar 14 01:29:37 CET 2026
recon-all -s sub-v2s8x29212_ses-1 finished without error at Sat Mar 14 01:31:14 CET 2026



#New# invocation of recon-all 



status file for recon-all
Sat Mar 14 01:31:18 CET 2026
#@# CA Normalize Sat Mar 14 01:31:18 CET 2026
#@# CA Reg Sat Mar 14 01:32:13 CET 2026
#@# SubCort Seg Sat Mar 14 02:15:53 CET 2026
#@# CC Seg Sat Mar 14 02:35:17 CET 2026
#@# Merge ASeg Sat Mar 14 02:35:36 CET 2026
#@# Intensity Normalization2 Sat Mar 14 02:35:36 CET 2026
#@# Mask BFS Sat Mar 14 02:37:03 CET 2026
#@# WM Segmentation Sat Mar 14 02:37:03 CET 2026
#@# Fill Sat Mar 14 02:38:30 CET 2026
recon-all -s sub-v2s8x29212_ses-1 finished without error at Sat Mar 14 02:39:12 CET 2026



#New# invocation of recon-all 



status file for recon-all
Sat Mar 14 03:20:47 CET 2026
#@# white curv lh Sat Mar 14 03:20:47 CET 2026
#@# white area lh Sat Mar 14 03:20:47 CET 2026
#@# pial curv lh Sat Mar 14 03:20:47 CET 2026
#@# pial area lh Sat Mar 14 03:20:47 CET 2026
#@# thickness lh Sat Mar 14 03:20:47 CET 2026
#@# area and vertex vol lh Sat Mar 14 03:20:47 CET 2026
#@# white curv rh Sat Mar 14 03:20:47 CET 2026
#@# white area rh Sat Mar 14 03:20:47 CET 2026
#@# pial curv rh Sat Mar 14 03:20:47 CET 2026
#@# pial area rh Sat Mar 14 03:20:47 CET 2026
#@# thickness rh Sat Mar 14 03:20:47 CET 2026
#@# area and vertex vol rh Sat Mar 14 03:20:47 CET 2026
#@# Cortical ribbon mask Sat Mar 14 03:20:47 CET 2026
recon-all -s sub-v2s8x29212_ses-1 finished without error at Sat Mar 14 03:24:03 CET 2026



#New# invocation of recon-all 



status file for recon-all
Sat Mar 14 03:29:13 CET 2026
#@# white curv lh Sat Mar 14 03:29:13 CET 2026
#@# white area lh Sat Mar 14 03:29:13 CET 2026
#@# pial curv lh Sat Mar 14 03:29:13 CET 2026
#@# pial area lh Sat Mar 14 03:29:13 CET 2026
#@# thickness lh Sat Mar 14 03:29:13 CET 2026
#@# area and vertex vol lh Sat Mar 14 03:29:13 CET 2026
#@# white curv rh Sat Mar 14 03:29:13 CET 2026
#@# white area rh Sat Mar 14 03:29:13 CET 2026
#@# pial curv rh Sat Mar 14 03:29:13 CET 2026
#@# pial area rh Sat Mar 14 03:29:13 CET 2026
#@# thickness rh Sat Mar 14 03:29:13 CET 2026
#@# area and vertex vol rh Sat Mar 14 03:29:13 CET 2026
#@# Curvature Stats lh Sat Mar 14 03:29:13 CET 2026
#@# Curvature Stats rh Sat Mar 14 03:29:15 CET 2026
#@# Relabel Hypointensities Sat Mar 14 03:29:17 CET 2026
#@# APas-to-ASeg Sat Mar 14 03:29:27 CET 2026
#@# AParc-to-ASeg aparc Sat Mar 14 03:29:34 CET 2026
#@# AParc-to-ASeg aparc.a2009s Sat Mar 14 03:29:56 CET 2026
#@# AParc-to-ASeg aparc.DKTatlas Sat Mar 14 03:30:13 CET 2026
#@# WMParc Sat Mar 14 03:30:32 CET 2026
#@# ASeg Stats Sat Mar 14 03:32:37 CET 2026
recon-all -s sub-v2s8x29212_ses-1 finished without error at Sat Mar 14 03:32:58 CET 2026
