/out/sourcedata/freesurfer/sub-v2s8x29185_ses-1/mri
/opt/freesurfer/bin/talairach_avi
--i orig_nu.mgz --xfm transforms/talairach.auto.xfm
talairach_avi 7.3.2
Linux dna075 5.14.0-427.37.1.el9_4.x86_64 #1 SMP PREEMPT_DYNAMIC Fri Sep 13 12:41:50 EDT 2024 x86_64 x86_64 x86_64 GNU/Linux
Fri Mar 13 23:59:44 CET 2026
mri_convert orig_nu.mgz talsrcimg.img 
reading from orig_nu.mgz...
TR=0.00, TE=0.00, TI=0.00, flip angle=0.00
i_ras = (-1, 0, 0)
j_ras = (0, 0, -1)
k_ras = (0, 1, 0)
writing to talsrcimg.img...
Analyze Output Matrix
-1.00000   0.00000   0.00000   129.66513;
 0.00000   0.00000   1.00000  -128.00000;
 0.00000  -1.00000   0.00000   130.00000;
 0.00000   0.00000   0.00000   1.00000;
--------------------
INFO: set hdr.hist.orient to -1
mpr2mni305 talsrcimg
Fri Mar 13 23:59:44 CET 2026
/opt/freesurfer/bin/mpr2mni305 talsrcimg
mpr2mni305 7.3.2
target=711-2C_as_mni_average_305

---------------------------------------------------------------------
analyzeto4dfp talsrcimg -O0 -y
---------------------------------------------------------------------

freesurfer ifh2hdr.c
Fri Mar 13 23:59:44 2026
Writing: talsrcimg.4dfp.hdr
freesurfer analyzeto4dfp.c
Reading: talsrcimg.hdr
header size 348 bytes
hdr.dime.datatype	offset=70	value=2
hdr.dime.bitpix		offset=72	value=8
hdr.hist.orient		offset=252	value=-1
dimensionality     4
dimensions       256       256       256         1
Reading: talsrcimg.img
Writing: talsrcimg.4dfp.img
Writing: talsrcimg.4dfp.ifh
ifh2hdr talsrcimg -r0to211
ori=2

---------------------------------------------------------------------
gauss_4dfp talsrcimg 1.1
---------------------------------------------------------------------

freesurfer gauss_4dfp.c
Reading: talsrcimg.4dfp.img
Writing: talsrcimg_g11.4dfp.img
image dimensions 256 256 256 padded to 288 288 288
processing volume 1freesurfer ifh2hdr.c
Fri Mar 13 23:59:47 2026
Writing: talsrcimg_g11.4dfp.hdr

Writing: talsrcimg_g11.4dfp.ifh
including: talsrcimg.4dfp.img.rec in talsrcimg_g11.4dfp.img.rec

---------------------------------------------------------------------
imgreg_4dfp /opt/freesurfer/average/711-2C_as_mni_average_305 none talsrcimg_g11 none talsrcimg_to_711-2C_as_mni_average_305_t4 4355
---------------------------------------------------------------------

freesurfer imgreg_4dfp.c
/opt/freesurfer/average/711-2C_as_mni_average_305.4dfp.img
       256       256       256         1
  1.000000  1.000000  1.000000
orientation T byte_order littleendian
Reading image: /opt/freesurfer/average/711-2C_as_mni_average_305.4dfp.img
dimensions:      256       256       256
mmppix:       1.0000   -1.0000   -1.0000
center:     128.0000 -129.0000 -129.0000
talsrcimg_g11.4dfp.img
       256       256       256         1
  1.000000  1.000000  1.000000
orientation T byte_order littleendian
Reading image: talsrcimg_g11.4dfp.img
dimensions:      256       256       256
mmppix:       1.0000   -1.0000   -1.0000
center:     128.0000 -129.0000 -129.0000
t4_read: open error in t4_sub.f l:  41 t4_file(1:l)talsrcimg_to_711-2C_as_mni_average_305_t4 
t4_read: transform initialized to I4
rotation matrix determinant  1.000000
image alignment mode   4355 decimal     1103 hex
   -7.5000  -45.0000  -45.0000 9109.7207   18.6978
    0.0000  -45.0000  -45.0000 9419.2666   18.6847
    7.5000  -45.0000  -45.0000 8924.7842   18.6940
   -7.5000  -37.5000  -45.0000 9465.4375   18.6790
    0.0000  -37.5000  -45.0000 9779.3662   18.6632
    7.5000  -37.5000  -45.0000 9242.2188   18.6731
   -7.5000  -30.0000  -45.000010120.7207   18.6627
    0.0000  -30.0000  -45.000010464.0693   18.6496
    7.5000  -30.0000  -45.0000 9876.3428   18.6596
   -7.5000  -22.5000  -45.000010740.2998   18.6638
    0.0000  -22.5000  -45.000011105.2334   18.6572
    7.5000  -22.5000  -45.000010485.5508   18.6654
   -7.5000  -15.0000  -45.000011272.0273   18.6779
    0.0000  -15.0000  -45.000011646.5762   18.6751
    7.5000  -15.0000  -45.000010997.0898   18.6813
   -7.5000   -7.5000  -45.000011676.8438   18.6954
    0.0000   -7.5000  -45.000012102.2246   18.6890
    7.5000   -7.5000  -45.000011415.0771   18.6964
   -7.5000    0.0000  -45.000012049.3018   18.6978
    0.0000    0.0000  -45.000012500.9453   18.6847
    7.5000    0.0000  -45.000011801.9697   18.6940
   -7.5000    7.5000  -45.000011476.6846   18.6790
    0.0000    7.5000  -45.000011883.5762   18.6632
    7.5000    7.5000  -45.000011217.2246   18.6731
   -7.5000   15.0000  -45.000010712.3701   18.6627
    0.0000   15.0000  -45.000011040.0518   18.6496
    7.5000   15.0000  -45.000010411.8467   18.6596
   -7.5000   22.5000  -45.0000 9859.9707   18.6613
    0.0000   22.5000  -45.000010178.7441   18.6547
    7.5000   22.5000  -45.0000 9626.1680   18.6628
   -7.5000   30.0000  -45.0000 9028.1455   18.4290
    0.0000   30.0000  -45.0000 9316.2275   18.4263
    7.5000   30.0000  -45.0000 8791.7100   18.4323
   -7.5000   37.5000  -45.0000 8495.6152   18.4476
    0.0000   37.5000  -45.0000 8735.0811   18.4413
    7.5000   37.5000  -45.0000 8244.0742   18.4486
   -7.5000   45.0000  -45.0000 7570.1719   18.0290
    0.0000   45.0000  -45.0000 7782.2544   18.0167
    7.5000   45.0000  -45.0000 7320.1748   18.0258
   -7.5000  -45.0000  -37.5000 9680.6670   18.6412
    0.0000  -45.0000  -37.500010009.1758   18.6225
    7.5000  -45.0000  -37.5000 9471.7031   18.6247
   -7.5000  -37.5000  -37.500010032.7891   18.6166
    0.0000  -37.5000  -37.500010376.6484   18.5980
    7.5000  -37.5000  -37.5000 9809.4141   18.6038
   -7.5000  -30.0000  -37.500010721.4346   18.5939
    0.0000  -30.0000  -37.500011084.9365   18.5778
    7.5000  -30.0000  -37.500010459.1045   18.5851
   -7.5000  -22.5000  -37.500011359.4883   18.5957
    0.0000  -22.5000  -37.500011744.6348   18.5824
    7.5000  -22.5000  -37.500011074.1064   18.5859
   -7.5000  -15.0000  -37.500011893.5996   18.6155
    0.0000  -15.0000  -37.500012299.9473   18.6031
    7.5000  -15.0000  -37.500011597.9141   18.6023
   -7.5000   -7.5000  -37.500012335.0898   18.6383
    0.0000   -7.5000  -37.500012758.6689   18.6230
    7.5000   -7.5000  -37.500012022.5312   18.6224
   -7.5000    0.0000  -37.500012708.8711   18.6412
    0.0000    0.0000  -37.500013153.8867   18.6225
    7.5000    0.0000  -37.500012388.7500   18.6247
   -7.5000    7.5000  -37.500012083.3594   18.6166
    0.0000    7.5000  -37.500012481.7002   18.5980
    7.5000    7.5000  -37.500011772.9756   18.6038
   -7.5000   15.0000  -37.500011240.6680   18.5939
    0.0000   15.0000  -37.500011580.4307   18.5778
    7.5000   15.0000  -37.500010933.7988   18.5851
   -7.5000   22.5000  -37.500010326.0400   18.5932
    0.0000   22.5000  -37.500010657.5889   18.5798
    7.5000   22.5000  -37.500010070.5771   18.5833
   -7.5000   30.0000  -37.5000 9445.3975   18.3674
    0.0000   30.0000  -37.5000 9746.6807   18.3552
    7.5000   30.0000  -37.5000 9190.7578   18.3544
   -7.5000   37.5000  -37.5000 8855.0547   18.3911
    0.0000   37.5000  -37.5000 9114.0137   18.3760
    7.5000   37.5000  -37.5000 8600.3984   18.3754
   -7.5000   45.0000  -37.5000 7871.0444   17.9740
    0.0000   45.0000  -37.5000 8117.1641   17.9565
    7.5000   45.0000  -37.5000 7631.6279   17.9588
   -7.5000  -45.0000  -30.000010395.4141   19.3919
    0.0000  -45.0000  -30.000010746.9893   19.3590
    7.5000  -45.0000  -30.000010147.9453   19.3602
   -7.5000  -37.5000  -30.000010769.9805   19.3706
    0.0000  -37.5000  -30.000011130.8438   19.3405
    7.5000  -37.5000  -30.000010511.2227   19.3468
   -7.5000  -30.0000  -30.000011508.7549   19.3499
    0.0000  -30.0000  -30.000011884.8887   19.3227
    7.5000  -30.0000  -30.000011206.9307   19.3307
   -7.5000  -22.5000  -30.000012193.1436   19.3505
    0.0000  -22.5000  -30.000012588.4561   19.3235
    7.5000  -22.5000  -30.000011847.6621   19.3260
   -7.5000  -15.0000  -30.000012755.4287   19.3662
    0.0000  -15.0000  -30.000013173.7598   19.3376
    7.5000  -15.0000  -30.000012393.4854   19.3351
   -7.5000   -7.5000  -30.000013194.2969   19.3869
    0.0000   -7.5000  -30.000013629.6162   19.3553
    7.5000   -7.5000  -30.000012838.7422   19.3531
   -7.5000    0.0000  -30.000013576.9912   19.3919
    0.0000    0.0000  -30.000014024.2861   19.3590
    7.5000    0.0000  -30.000013195.1582   19.3602
   -7.5000    7.5000  -30.000012915.1562   19.3706
    0.0000    7.5000  -30.000013322.4932   19.3405
    7.5000    7.5000  -30.000012543.8848   19.3468
   -7.5000   15.0000  -30.000011995.0293   19.3499
    0.0000   15.0000  -30.000012368.1172   19.3227
    7.5000   15.0000  -30.000011650.8682   19.3307
   -7.5000   22.5000  -30.000010980.2549   19.3459
    0.0000   22.5000  -30.000011343.2480   19.3189
    7.5000   22.5000  -30.000010705.5068   19.3214
   -7.5000   30.0000  -30.000010003.3740   19.1099
    0.0000   30.0000  -30.000010334.1279   19.0817
    7.5000   30.0000  -30.0000 9745.7119   19.0792
   -7.5000   37.5000  -30.0000 9362.0527   19.1316
    0.0000   37.5000  -30.0000 9648.8154   19.1004
    7.5000   37.5000  -30.0000 9109.6357   19.0983
   -7.5000   45.0000  -30.0000 8328.7900   18.7109
    0.0000   45.0000  -30.0000 8583.8447   18.6797
    7.5000   45.0000  -30.0000 8082.8574   18.6811
   -7.5000  -45.0000  -22.500011096.8945   20.0687
    0.0000  -45.0000  -22.500011470.2520   20.0282
    7.5000  -45.0000  -22.500010825.0957   20.0357
   -7.5000  -37.5000  -22.500011488.6270   20.0593
    0.0000  -37.5000  -22.500011879.6367   20.0224
    7.5000  -37.5000  -22.500011212.6035   20.0346
   -7.5000  -30.0000  -22.500012261.7129   20.0467
    0.0000  -30.0000  -22.500012662.7852   20.0144
    7.5000  -30.0000  -22.500011938.1377   20.0288
   -7.5000  -22.5000  -22.500012961.7412   20.0416
    0.0000  -22.5000  -22.500013405.0410   20.0105
    7.5000  -22.5000  -22.500012606.6182   20.0202
   -7.5000  -15.0000  -22.500013566.5820   20.0442
    0.0000  -15.0000  -22.500014026.3232   20.0108
    7.5000  -15.0000  -22.500013197.5469   20.0164
   -7.5000   -7.5000  -22.500014043.2490   20.0585
    0.0000   -7.5000  -22.500014531.9854   20.0204
    7.5000   -7.5000  -22.500013657.5205   20.0260
   -7.5000    0.0000  -22.500014415.8877   20.0687
    0.0000    0.0000  -22.500014906.0469   20.0282
    7.5000    0.0000  -22.500014016.6318   20.0357
   -7.5000    7.5000  -22.500013687.3291   20.0593
    0.0000    7.5000  -22.500014134.4502   20.0224
    7.5000    7.5000  -22.500013301.1768   20.0346
   -7.5000   15.0000  -22.500012683.1641   20.0467
    0.0000   15.0000  -22.500013107.4531   20.0144
    7.5000   15.0000  -22.500012368.2949   20.0288
   -7.5000   22.5000  -22.500011621.1865   20.0354
    0.0000   22.5000  -22.500012026.1230   20.0044
    7.5000   22.5000  -22.500011337.1123   20.0140
   -7.5000   30.0000  -22.500010568.7832   19.7820
    0.0000   30.0000  -22.500010947.7168   19.7490
    7.5000   30.0000  -22.500010326.3564   19.7545
   -7.5000   37.5000  -22.5000 9874.8643   19.7975
    0.0000   37.5000  -22.500010219.6074   19.7598
    7.5000   37.5000  -22.5000 9623.6250   19.7654
   -7.5000   45.0000  -22.5000 8775.3916   19.3781
    0.0000   45.0000  -22.5000 9055.8369   19.3394
    7.5000   45.0000  -22.5000 8536.0391   19.3469
   -7.5000  -45.0000  -15.000011779.8896   20.5774
    0.0000  -45.0000  -15.000012202.0156   20.5398
    7.5000  -45.0000  -15.000011546.6875   20.5550
   -7.5000  -37.5000  -15.000012172.8691   20.5764
    0.0000  -37.5000  -15.000012617.8340   20.5405
    7.5000  -37.5000  -15.000011924.3555   20.5579
   -7.5000  -30.0000  -15.000012938.6729   20.5707
    0.0000  -30.0000  -15.000013413.8398   20.5422
    7.5000  -30.0000  -15.000012675.6865   20.5619
   -7.5000  -22.5000  -15.000013659.1885   20.5629
    0.0000  -22.5000  -15.000014183.8027   20.5406
    7.5000  -22.5000  -15.000013386.3594   20.5583
   -7.5000  -15.0000  -15.000014326.5098   20.5570
    0.0000  -15.0000  -15.000014871.3311   20.5344
    7.5000  -15.0000  -15.000013999.9805   20.5500
   -7.5000   -7.5000  -15.000014851.6689   20.5658
    0.0000   -7.5000  -15.000015408.3008   20.5352
    7.5000   -7.5000  -15.000014485.1855   20.5506
   -7.5000    0.0000  -15.000015214.0957   20.5774
    0.0000    0.0000  -15.000015760.8047   20.5398
    7.5000    0.0000  -15.000014844.0098   20.5550
   -7.5000    7.5000  -15.000014432.2607   20.5764
    0.0000    7.5000  -15.000014915.1143   20.5405
    7.5000    7.5000  -15.000014060.9326   20.5579
   -7.5000   15.0000  -15.000013364.8604   20.5707
    0.0000   15.0000  -15.000013815.5635   20.5422
    7.5000   15.0000  -15.000013043.6113   20.5619
   -7.5000   22.5000  -15.000012235.0186   20.5556
    0.0000   22.5000  -15.000012673.0908   20.5333
    7.5000   22.5000  -15.000011970.2061   20.5510
   -7.5000   30.0000  -15.000011110.3535   20.2909
    0.0000   30.0000  -15.000011522.7842   20.2687
    7.5000   30.0000  -15.000010905.3115   20.2841
   -7.5000   37.5000  -15.000010351.4736   20.3011
    0.0000   37.5000  -15.000010731.0176   20.2710
    7.5000   37.5000  -15.000010132.7334   20.2862
   -7.5000   45.0000  -15.0000 9180.2178   19.8816
    0.0000   45.0000  -15.0000 9486.4824   19.8455
    7.5000   45.0000  -15.0000 8946.2461   19.8604
   -7.5000  -45.0000   -7.500012506.3584   20.8337
    0.0000  -45.0000   -7.500012982.6367   20.8089
    7.5000  -45.0000   -7.500012294.9141   20.8258
   -7.5000  -37.5000   -7.500012926.0547   20.8261
    0.0000  -37.5000   -7.500013390.5254   20.7993
    7.5000  -37.5000   -7.500012687.7002   20.8158
   -7.5000  -30.0000   -7.500013652.7637   20.8182
    0.0000  -30.0000   -7.500014162.9326   20.7972
    7.5000  -30.0000   -7.500013454.6514   20.8145
   -7.5000  -22.5000   -7.500014386.5449   20.8151
    0.0000  -22.5000   -7.500014931.7178   20.8033
    7.5000  -22.5000   -7.500014208.4248   20.8196
   -7.5000  -15.0000   -7.500015095.3086   20.8166
    0.0000  -15.0000   -7.500015649.0732   20.8085
    7.5000  -15.0000   -7.500014848.3486   20.8240
   -7.5000   -7.5000   -7.500015639.3027   20.8271
    0.0000   -7.5000   -7.500016207.3799   20.8120
    7.5000   -7.5000   -7.500015356.2949   20.8287
   -7.5000    0.0000   -7.500015963.8447   20.8337
    0.0000    0.0000   -7.500016531.8555   20.8089
    7.5000    0.0000   -7.500015680.0664   20.8258
   -7.5000    7.5000   -7.500015124.2607   20.8261
    0.0000    7.5000   -7.500015630.0557   20.7993
    7.5000    7.5000   -7.500014822.5459   20.8158
   -7.5000   15.0000   -7.500014030.1709   20.8182
    0.0000   15.0000   -7.500014512.5293   20.7972
    7.5000   15.0000   -7.500013775.7002   20.8145
   -7.5000   22.5000   -7.500012864.8711   20.8055
    0.0000   22.5000   -7.500013324.4775   20.7937
    7.5000   22.5000   -7.500012619.9238   20.8100
   -7.5000   30.0000   -7.500011694.8105   20.5466
    0.0000   30.0000   -7.500012130.0547   20.5386
    7.5000   30.0000   -7.500011463.6289   20.5539
   -7.5000   37.5000   -7.500010853.7881   20.5585
    0.0000   37.5000   -7.500011263.9326   20.5436
    7.5000   37.5000   -7.500010623.6279   20.5602
   -7.5000   45.0000   -7.5000 9583.1514   20.1337
    0.0000   45.0000   -7.5000 9900.5273   20.1099
    7.5000   45.0000   -7.5000 9338.9502   20.1265
   -7.5000  -45.0000    0.000013067.5264   20.8662
    0.0000  -45.0000    0.000013564.6152   20.8518
    7.5000  -45.0000    0.000012872.7275   20.8627
   -7.5000  -37.5000    0.000013586.2070   20.8451
    0.0000  -37.5000    0.000014099.8838   20.8278
    7.5000  -37.5000    0.000013370.8994   20.8394
   -7.5000  -30.0000    0.000014321.3184   20.8269
    0.0000  -30.0000    0.000014838.3486   20.8126
    7.5000  -30.0000    0.000014229.5752   20.8244
   -7.5000  -22.5000    0.000014996.2744   20.8283
    0.0000  -22.5000    0.000015524.8164   20.8212
    7.5000  -22.5000    0.000014979.0029   20.8309
   -7.5000  -15.0000    0.000015695.0088   20.8439
    0.0000  -15.0000    0.000016255.1377   20.8411
    7.5000  -15.0000    0.000015649.4023   20.8486
   -7.5000   -7.5000    0.000016209.1904   20.8635
    0.0000   -7.5000    0.000016830.1680   20.8565
    7.5000   -7.5000    0.000016159.6494   20.8655
   -7.5000    0.0000    0.000016548.2617   20.8662
    0.0000    0.0000    0.000017173.1016   20.8518
    7.5000    0.0000    0.000016455.2520   20.8627
   -7.5000    7.5000    0.000015720.8193   20.8451
    0.0000    7.5000    0.000016271.1328   20.8278
    7.5000    7.5000    0.000015518.2900   20.8394
   -7.5000   15.0000    0.000014632.1406   20.8269
    0.0000   15.0000    0.000015117.4502   20.8126
    7.5000   15.0000    0.000014392.2441   20.8244
   -7.5000   22.5000    0.000013430.5293   20.8187
    0.0000   22.5000    0.000013882.3145   20.8116
    7.5000   22.5000    0.000013167.6670   20.8213
   -7.5000   30.0000    0.000012225.7764   20.5741
    0.0000   30.0000    0.000012643.2676   20.5713
    7.5000   30.0000    0.000011952.5615   20.5788
   -7.5000   37.5000    0.000011340.0947   20.5949
    0.0000   37.5000    0.000011715.0869   20.5881
    7.5000   37.5000    0.000011087.1865   20.5969
   -7.5000   45.0000    0.0000 9959.0312   20.1670
    0.0000   45.0000    0.000010259.6982   20.1535
    7.5000   45.0000    0.0000 9717.2080   20.1642
   -7.5000  -45.0000    7.500012560.6064   20.8439
    0.0000  -45.0000    7.500013045.5332   20.8232
    7.5000  -45.0000    7.500012448.4736   20.8259
   -7.5000  -37.5000    7.500013139.8281   20.8164
    0.0000  -37.5000    7.500013646.9805   20.7958
    7.5000  -37.5000    7.500012968.8291   20.8024
   -7.5000  -30.0000    7.500013870.5391   20.7913
    0.0000  -30.0000    7.500014382.6631   20.7735
    7.5000  -30.0000    7.500013841.5176   20.7818
   -7.5000  -22.5000    7.500014492.8086   20.7940
    0.0000  -22.5000    7.500015031.1816   20.7792
    7.5000  -22.5000    7.500014544.7949   20.7834
   -7.5000  -15.0000    7.500015115.0820   20.8162
    0.0000  -15.0000    7.500015714.1543   20.8026
    7.5000  -15.0000    7.500015149.9922   20.8019
   -7.5000   -7.5000    7.500015614.1807   20.8413
    0.0000   -7.5000    7.500016275.4580   20.8243
    7.5000   -7.5000    7.500015633.2598   20.8239
   -7.5000    0.0000    7.500015949.2217   20.8439
    0.0000    0.0000    7.500016554.1230   20.8232
    7.5000    0.0000    7.500015869.6377   20.8259
   -7.5000    7.5000    7.500015134.7510   20.8164
    0.0000    7.5000    7.500015629.6543   20.7958
    7.5000    7.5000    7.500014933.8369   20.8024
   -7.5000   15.0000    7.500014110.5986   20.7913
    0.0000   15.0000    7.500014510.2783   20.7735
    7.5000   15.0000    7.500013863.0449   20.7818
   -7.5000   22.5000    7.500012972.9844   20.7844
    0.0000   22.5000    7.500013319.9775   20.7697
    7.5000   22.5000    7.500012705.6162   20.7738
   -7.5000   30.0000    7.500011778.3145   20.5468
    0.0000   30.0000    7.500012128.7197   20.5334
    7.5000   30.0000    7.500011525.0508   20.5327
   -7.5000   37.5000    7.500010916.1865   20.5729
    0.0000   37.5000    7.500011236.6299   20.5562
    7.5000   37.5000    7.500010677.3076   20.5557
   -7.5000   45.0000    7.5000 9568.4863   20.1453
    0.0000   45.0000    7.5000 9843.9131   20.1257
    7.5000   45.0000    7.5000 9369.5918   20.1285
   -7.5000  -45.0000   15.000011935.3057   20.8620
    0.0000  -45.0000   15.000012405.5830   20.8271
    7.5000  -45.0000   15.000011841.7100   20.8279
   -7.5000  -37.5000   15.000012411.1299   20.8390
    0.0000  -37.5000   15.000012882.3271   20.8070
    7.5000  -37.5000   15.000012295.3975   20.8135
   -7.5000  -30.0000   15.000013189.6855   20.8166
    0.0000  -30.0000   15.000013696.1074   20.7877
    7.5000  -30.0000   15.000013103.3760   20.7961
   -7.5000  -22.5000   15.000014005.9805   20.8174
    0.0000  -22.5000   15.000014540.7344   20.7887
    7.5000  -22.5000   15.000013861.6104   20.7911
   -7.5000  -15.0000   15.000014672.7119   20.8345
    0.0000  -15.0000   15.000015234.0703   20.8040
    7.5000  -15.0000   15.000014489.5986   20.8010
   -7.5000   -7.5000   15.000015130.4727   20.8568
    0.0000   -7.5000   15.000015687.1006   20.8232
    7.5000   -7.5000   15.000014951.2520   20.8204
   -7.5000    0.0000   15.000015348.1357   20.8620
    0.0000    0.0000   15.000015856.7646   20.8271
    7.5000    0.0000   15.000015178.6270   20.8279
   -7.5000    7.5000   15.000014436.3867   20.8390
    0.0000    7.5000   15.000014863.6699   20.8070
    7.5000    7.5000   15.000014251.3770   20.8135
   -7.5000   15.0000   15.000013422.1182   20.8166
    0.0000   15.0000   15.000013785.0674   20.7877
    7.5000   15.0000   15.000013198.6289   20.7961
   -7.5000   22.5000   15.000012300.9033   20.8078
    0.0000   22.5000   15.000012641.3008   20.7791
    7.5000   22.5000   15.000012095.6328   20.7815
   -7.5000   30.0000   15.000011153.0361   20.5648
    0.0000   30.0000   15.000011476.2842   20.5348
    7.5000   30.0000   15.000010951.4238   20.5318
   -7.5000   37.5000   15.000010345.4346   20.5881
    0.0000   37.5000   15.000010638.4219   20.5550
    7.5000   37.5000   15.000010149.8867   20.5523
   -7.5000   45.0000   15.0000 9080.8633   20.1621
    0.0000   45.0000   15.0000 9358.6172   20.1289
    7.5000   45.0000   15.0000 8907.6748   20.1300
   -7.5000  -45.0000   22.500011294.3438   20.9525
    0.0000  -45.0000   22.500011734.0859   20.9113
    7.5000  -45.0000   22.500011141.1191   20.9185
   -7.5000  -37.5000   22.500011699.3633   20.9424
    0.0000  -37.5000   22.500012141.4873   20.9045
    7.5000  -37.5000   22.500011544.3047   20.9164
   -7.5000  -30.0000   22.500012431.3535   20.9294
    0.0000  -30.0000   22.500012884.5596   20.8961
    7.5000  -30.0000   22.500012277.7461   20.9103
   -7.5000  -22.5000   22.500013173.9307   20.9246
    0.0000  -22.5000   22.500013661.8408   20.8929
    7.5000  -22.5000   22.500012986.9756   20.9023
   -7.5000  -15.0000   22.500013830.9072   20.9279
    0.0000  -15.0000   22.500014329.2705   20.8940
    7.5000  -15.0000   22.500013603.1035   20.8992
   -7.5000   -7.5000   22.500014337.5830   20.9426
    0.0000   -7.5000   22.500014840.3857   20.9039
    7.5000   -7.5000   22.500014089.1943   20.9092
   -7.5000    0.0000   22.500014559.9434   20.9525
    0.0000    0.0000   22.500015054.2705   20.9113
    7.5000    0.0000   22.500014340.7627   20.9185
   -7.5000    7.5000   22.500013664.0996   20.9424
    0.0000    7.5000   22.500014103.1904   20.9045
    7.5000    7.5000   22.500013466.1445   20.9164
   -7.5000   15.0000   22.500012659.4023   20.9294
    0.0000   15.0000   22.500013070.2051   20.8961
    7.5000   15.0000   22.500012448.2021   20.9103
   -7.5000   22.5000   22.500011558.9346   20.9150
    0.0000   22.5000   22.500011923.7969   20.8833
    7.5000   22.5000   22.500011382.8721   20.8927
   -7.5000   30.0000   22.500010449.7939   20.6570
    0.0000   30.0000   22.500010797.2998   20.6236
    7.5000   30.0000   22.500010288.5566   20.6287
   -7.5000   37.5000   22.5000 9688.6074   20.6729
    0.0000   37.5000   22.5000 9998.0645   20.6347
    7.5000   37.5000   22.5000 9529.7822   20.6400
   -7.5000   45.0000   22.5000 8526.1182   20.2489
    0.0000   45.0000   22.5000 8787.0420   20.2095
    7.5000   45.0000   22.5000 8346.6709   20.2168
   -7.5000  -45.0000   30.000010507.1875   21.1338
    0.0000  -45.0000   30.000010898.5488   21.0962
    7.5000  -45.0000   30.000010297.8535   21.1114
   -7.5000  -37.5000   30.000010875.7832   21.1321
    0.0000  -37.5000   30.000011248.1123   21.0959
    7.5000  -37.5000   30.000010667.1973   21.1134
   -7.5000  -30.0000   30.000011541.6689   21.1270
    0.0000  -30.0000   30.000011961.2324   21.0984
    7.5000  -30.0000   30.000011372.0928   21.1184
   -7.5000  -22.5000   30.000012215.7715   21.1208
    0.0000  -22.5000   30.000012684.8740   21.0988
    7.5000  -22.5000   30.000012062.4834   21.1167
   -7.5000  -15.0000   30.000012800.6758   21.1155
    0.0000  -15.0000   30.000013267.9619   21.0935
    7.5000  -15.0000   30.000012611.0908   21.1093
   -7.5000   -7.5000   30.000013281.1777   21.1234
    0.0000   -7.5000   30.000013774.1631   21.0934
    7.5000   -7.5000   30.000013082.7266   21.1088
   -7.5000    0.0000   30.000013538.9150   21.1338
    0.0000    0.0000   30.000014034.4902   21.0962
    7.5000    0.0000   30.000013349.3525   21.1114
   -7.5000    7.5000   30.000012732.1182   21.1321
    0.0000    7.5000   30.000013146.3125   21.0959
    7.5000    7.5000   30.000012537.3896   21.1134
   -7.5000   15.0000   30.000011811.0771   21.1270
    0.0000   15.0000   30.000012198.4961   21.0984
    7.5000   15.0000   30.000011608.4443   21.1184
   -7.5000   22.5000   30.000010760.5645   21.1111
    0.0000   22.5000   30.000011112.8291   21.0890
    7.5000   22.5000   30.000010592.7451   21.1070
   -7.5000   30.0000   30.0000 9719.3828   20.8423
    0.0000   30.0000   30.000010047.2969   20.8205
    7.5000   30.0000   30.0000 9554.1689   20.8361
   -7.5000   37.5000   30.0000 8995.4756   20.8508
    0.0000   37.5000   30.0000 9298.1865   20.8211
    7.5000   37.5000   30.0000 8845.8213   20.8364
   -7.5000   45.0000   30.0000 7909.5996   20.4208
    0.0000   45.0000   30.0000 8159.4878   20.3847
    7.5000   45.0000   30.0000 7743.4351   20.3997
   -7.5000  -45.0000   37.500010072.4160   21.4690
    0.0000  -45.0000   37.500010429.0273   21.4446
    7.5000  -45.0000   37.5000 9858.4648   21.4610
   -7.5000  -37.5000   37.500010436.5088   21.4604
    0.0000  -37.5000   37.500010802.0762   21.4335
    7.5000  -37.5000   37.500010231.1270   21.4497
   -7.5000  -30.0000   37.500011093.2109   21.4526
    0.0000  -30.0000   37.500011507.9141   21.4317
    7.5000  -30.0000   37.500010934.6055   21.4491
   -7.5000  -22.5000   37.500011720.7080   21.4507
    0.0000  -22.5000   37.500012164.6221   21.4396
    7.5000  -22.5000   37.500011569.5879   21.4560
   -7.5000  -15.0000   37.500012253.3164   21.4527
    0.0000  -15.0000   37.500012713.7402   21.4458
    7.5000  -15.0000   37.500012114.2949   21.4612
   -7.5000   -7.5000   37.500012718.4287   21.4632
    0.0000   -7.5000   37.500013200.2334   21.4490
    7.5000   -7.5000   37.500012574.6006   21.4654
   -7.5000    0.0000   37.500013015.3369   21.4690
    0.0000    0.0000   37.500013499.4189   21.4446
    7.5000    0.0000   37.500012837.2510   21.4610
   -7.5000    7.5000   37.500012240.1143   21.4604
    0.0000    7.5000   37.500012653.0186   21.4335
    7.5000    7.5000   37.500012050.7539   21.4497
   -7.5000   15.0000   37.500011384.7754   21.4526
    0.0000   15.0000   37.500011747.1416   21.4317
    7.5000   15.0000   37.500011186.6064   21.4491
   -7.5000   22.5000   37.500010370.6807   21.4408
    0.0000   22.5000   37.500010712.8809   21.4297
    7.5000   22.5000   37.500010202.2070   21.4461
   -7.5000   30.0000   37.5000 9365.0107   21.1751
    0.0000   30.0000   37.5000 9668.9346   21.1683
    7.5000   30.0000   37.5000 9211.6719   21.1834
   -7.5000   37.5000   37.5000 8695.0654   21.1856
    0.0000   37.5000   37.5000 8967.6064   21.1717
    7.5000   37.5000   37.5000 8545.6465   21.1878
   -7.5000   45.0000   37.5000 7631.1313   20.7402
    0.0000   45.0000   37.5000 7866.3008   20.7167
    7.5000   45.0000   37.5000 7495.0625   20.7328
   -7.5000  -45.0000   45.0000 9219.6465   21.8604
    0.0000  -45.0000   45.0000 9555.9775   21.8484
    7.5000  -45.0000   45.0000 9045.0098   21.8594
   -7.5000  -37.5000   45.0000 9565.7754   21.8388
    0.0000  -37.5000   45.0000 9907.2939   21.8233
    7.5000  -37.5000   45.0000 9385.1543   21.8349
   -7.5000  -30.0000   45.000010180.5898   21.8222
    0.0000  -30.0000   45.000010567.5791   21.8095
    7.5000  -30.0000   45.000010030.1992   21.8217
   -7.5000  -22.5000   45.000010768.0537   21.8257
    0.0000  -22.5000   45.000011173.7129   21.8203
    7.5000  -22.5000   45.000010623.9521   21.8305
   -7.5000  -15.0000   45.000011254.4854   21.8416
    0.0000  -15.0000   45.000011670.1201   21.8412
    7.5000  -15.0000   45.000011125.9121   21.8490
   -7.5000   -7.5000   45.000011697.1436   21.8596
    0.0000   -7.5000   45.000012132.2646   21.8554
    7.5000   -7.5000   45.000011572.6543   21.8646
   -7.5000    0.0000   45.000012000.4219   21.8604
    0.0000    0.0000   45.000012452.7158   21.8484
    7.5000    0.0000   45.000011840.5312   21.8594
   -7.5000    7.5000   45.000011283.8623   21.8388
    0.0000    7.5000   45.000011675.5293   21.8233
    7.5000    7.5000   45.000011120.8359   21.8349
   -7.5000   15.0000   45.000010465.3203   21.8222
    0.0000   15.0000   45.000010824.9912   21.8095
    7.5000   15.0000   45.000010323.3545   21.8217
   -7.5000   22.5000   45.0000 9565.9971   21.8156
    0.0000   22.5000   45.0000 9899.4492   21.8102
    7.5000   22.5000   45.0000 9439.9102   21.8204
   -7.5000   30.0000   45.0000 8642.6143   21.5571
    0.0000   30.0000   45.0000 8936.9932   21.5566
    7.5000   30.0000   45.0000 8522.8037   21.5643
   -7.5000   37.5000   45.0000 8015.3247   21.5749
    0.0000   37.5000   45.0000 8279.3467   21.5707
    7.5000   37.5000   45.0000 7907.8252   21.5798
   -7.5000   45.0000   45.0000 7051.5620   21.1236
    0.0000   45.0000   45.0000 7288.9614   21.1123
    7.5000   45.0000   45.0000 6947.6416   21.1230

---------------------------------------------------------------------
imgreg_4dfp /opt/freesurfer/average/711-2C_as_mni_average_305 /opt/freesurfer/average/711-2B_as_mni_average_305_mask talsrcimg_g11 none talsrcimg_to_711-2C_as_mni_average_305_t4 4355
---------------------------------------------------------------------

freesurfer imgreg_4dfp.c
/opt/freesurfer/average/711-2C_as_mni_average_305.4dfp.img
       256       256       256         1
  1.000000  1.000000  1.000000
orientation T byte_order littleendian
Reading image: /opt/freesurfer/average/711-2C_as_mni_average_305.4dfp.img
dimensions:      256       256       256
mmppix:       1.0000   -1.0000   -1.0000
center:     128.0000 -129.0000 -129.0000
/opt/freesurfer/average/711-2B_as_mni_average_305_mask.4dfp.img
       256       256       256         1
  1.000000  1.000000  1.000000
orientation T byte_order littleendian
Reading mask: /opt/freesurfer/average/711-2B_as_mni_average_305_mask.4dfp.img (2306576 pixels)
talsrcimg_g11.4dfp.img
       256       256       256         1
  1.000000  1.000000  1.000000
orientation T byte_order littleendian
Reading image: talsrcimg_g11.4dfp.img
dimensions:      256       256       256
mmppix:       1.0000   -1.0000   -1.0000
center:     128.0000 -129.0000 -129.0000
rotation matrix determinant  1.000000
image alignment mode   4355 decimal     1103 hex
   -7.5000  -45.0000  -45.0000 2249.6064   17.4394
    0.0000  -45.0000  -45.0000 2241.9607   17.4677
    7.5000  -45.0000  -45.0000 2216.6521   17.7536
   -7.5000  -37.5000  -45.0000 2303.7178   16.5071
    0.0000  -37.5000  -45.0000 2293.2798   16.4885
    7.5000  -37.5000  -45.0000 2266.2764   16.7591
   -7.5000  -30.0000  -45.0000 2330.5742   15.8573
    0.0000  -30.0000  -45.0000 2323.8027   15.8689
    7.5000  -30.0000  -45.0000 2293.7273   16.1637
   -7.5000  -22.5000  -45.0000 2339.6055   15.5633
    0.0000  -22.5000  -45.0000 2332.1873   15.5850
    7.5000  -22.5000  -45.0000 2303.8108   15.9012
   -7.5000  -15.0000  -45.0000 2329.0764   15.6181
    0.0000  -15.0000  -45.0000 2321.5508   15.6463
    7.5000  -15.0000  -45.0000 2289.6321   15.9662
   -7.5000   -7.5000  -45.0000 2298.7900   16.0060
    0.0000   -7.5000  -45.0000 2292.2100   16.0332
    7.5000   -7.5000  -45.0000 2256.5979   16.3919
   -7.5000    0.0000  -45.0000 2242.3162   16.7460
    0.0000    0.0000  -45.0000 2236.3669   16.7749
    7.5000    0.0000  -45.0000 2200.4185   17.1167
   -7.5000    7.5000  -45.0000 2165.2551   17.8025
    0.0000    7.5000  -45.0000 2162.0322   17.8233
    7.5000    7.5000  -45.0000 2124.6421   18.2232
   -7.5000   15.0000  -45.0000 2071.2034   19.3036
    0.0000   15.0000  -45.0000 2064.8904   19.3088
    7.5000   15.0000  -45.0000 2025.5272   19.7925
   -7.5000   22.5000  -45.0000 1950.2556   21.4980
    0.0000   22.5000  -45.0000 1948.2075   21.4797
    7.5000   22.5000  -45.0000 1919.9080   22.0185
   -7.5000   30.0000  -45.0000 1829.4460   24.5587
    0.0000   30.0000  -45.0000 1829.1410   24.5584
    7.5000   30.0000  -45.0000 1797.8422   25.0866
   -7.5000   37.5000  -45.0000 1702.3635   28.9451
    0.0000   37.5000  -45.0000 1695.2681   28.8340
    7.5000   37.5000  -45.0000 1672.7906   29.4553
   -7.5000   45.0000  -45.0000 1558.4354   34.8030
    0.0000   45.0000  -45.0000 1559.6997   34.7491
    7.5000   45.0000  -45.0000 1538.9655   35.5288
   -7.5000  -45.0000  -37.5000 2340.8489   16.1529
    0.0000  -45.0000  -37.5000 2330.5171   16.1610
    7.5000  -45.0000  -37.5000 2300.7812   16.4213
   -7.5000  -37.5000  -37.5000 2395.7742   15.2454
    0.0000  -37.5000  -37.5000 2387.9377   15.2567
    7.5000  -37.5000  -37.5000 2356.0881   15.5111
   -7.5000  -30.0000  -37.5000 2432.3982   14.6486
    0.0000  -30.0000  -37.5000 2425.4680   14.6519
    7.5000  -30.0000  -37.5000 2390.1003   14.9154
   -7.5000  -22.5000  -37.5000 2441.1179   14.4272
    0.0000  -22.5000  -37.5000 2434.5845   14.4375
    7.5000  -22.5000  -37.5000 2400.5256   14.7077
   -7.5000  -15.0000  -37.5000 2431.0012   14.4831
    0.0000  -15.0000  -37.5000 2424.7065   14.4989
    7.5000  -15.0000  -37.5000 2387.3486   14.7640
   -7.5000   -7.5000  -37.5000 2402.1836   14.8346
    0.0000   -7.5000  -37.5000 2395.1787   14.8438
    7.5000   -7.5000  -37.5000 2352.8757   15.1468
   -7.5000    0.0000  -37.5000 2338.4946   15.4983
    0.0000    0.0000  -37.5000 2332.8499   15.4867
    7.5000    0.0000  -37.5000 2293.4126   15.8331
   -7.5000    7.5000  -37.5000 2253.3420   16.4511
    0.0000    7.5000  -37.5000 2249.9236   16.4269
    7.5000    7.5000  -37.5000 2213.9038   16.7994
   -7.5000   15.0000  -37.5000 2153.9382   17.8136
    0.0000   15.0000  -37.5000 2147.9280   17.8186
    7.5000   15.0000  -37.5000 2110.2483   18.2481
   -7.5000   22.5000  -37.5000 2034.7898   19.8113
    0.0000   22.5000  -37.5000 2031.6187   19.7858
    7.5000   22.5000  -37.5000 1995.3611   20.2018
   -7.5000   30.0000  -37.5000 1908.9672   22.5416
    0.0000   30.0000  -37.5000 1902.3188   22.5313
    7.5000   30.0000  -37.5000 1867.0597   22.9694
   -7.5000   37.5000  -37.5000 1767.6858   26.4811
    0.0000   37.5000  -37.5000 1759.4843   26.4378
    7.5000   37.5000  -37.5000 1735.7966   26.9674
   -7.5000   45.0000  -37.5000 1618.2078   31.7518
    0.0000   45.0000  -37.5000 1619.6858   31.7494
    7.5000   45.0000  -37.5000 1594.1173   32.3700
   -7.5000  -45.0000  -30.0000 2462.7217   15.4573
    0.0000  -45.0000  -30.0000 2455.6658   15.4645
    7.5000  -45.0000  -30.0000 2418.3416   15.7066
   -7.5000  -37.5000  -30.0000 2530.8850   14.6227
    0.0000  -37.5000  -30.0000 2524.2224   14.6142
    7.5000  -37.5000  -30.0000 2488.3230   14.8675
   -7.5000  -30.0000  -30.0000 2578.3384   14.0954
    0.0000  -30.0000  -30.0000 2569.5508   14.0707
    7.5000  -30.0000  -30.0000 2529.7815   14.3200
   -7.5000  -22.5000  -30.0000 2595.4954   13.8892
    0.0000  -22.5000  -30.0000 2588.7280   13.8739
    7.5000  -22.5000  -30.0000 2541.7375   14.1183
   -7.5000  -15.0000  -30.0000 2585.8579   13.9387
    0.0000  -15.0000  -30.0000 2579.6316   13.9274
    7.5000  -15.0000  -30.0000 2532.2617   14.1884
   -7.5000   -7.5000  -30.0000 2545.9695   14.2729
    0.0000   -7.5000  -30.0000 2542.3140   14.2584
    7.5000   -7.5000  -30.0000 2494.9451   14.5352
   -7.5000    0.0000  -30.0000 2478.8406   14.8890
    0.0000    0.0000  -30.0000 2476.4128   14.8679
    7.5000    0.0000  -30.0000 2428.7463   15.1723
   -7.5000    7.5000  -30.0000 2388.3804   15.8050
    0.0000    7.5000  -30.0000 2387.1736   15.7943
    7.5000    7.5000  -30.0000 2343.6855   16.1097
   -7.5000   15.0000  -30.0000 2274.6265   17.0953
    0.0000   15.0000  -30.0000 2274.8010   17.0935
    7.5000   15.0000  -30.0000 2233.2820   17.4545
   -7.5000   22.5000  -30.0000 2140.6343   18.9579
    0.0000   22.5000  -30.0000 2143.2412   18.9728
    7.5000   22.5000  -30.0000 2105.0447   19.3190
   -7.5000   30.0000  -30.0000 2005.8168   21.5040
    0.0000   30.0000  -30.0000 2003.2195   21.5263
    7.5000   30.0000  -30.0000 1964.6201   21.9375
   -7.5000   37.5000  -30.0000 1857.5157   25.2218
    0.0000   37.5000  -30.0000 1853.1858   25.1940
    7.5000   37.5000  -30.0000 1824.0398   25.6003
   -7.5000   45.0000  -30.0000 1704.7198   30.1055
    0.0000   45.0000  -30.0000 1707.7451   30.1385
    7.5000   45.0000  -30.0000 1680.5161   30.6364
   -7.5000  -45.0000  -22.5000 2557.7883   14.7755
    0.0000  -45.0000  -22.5000 2546.1064   14.7386
    7.5000  -45.0000  -22.5000 2506.4922   15.0241
   -7.5000  -37.5000  -22.5000 2638.5854   13.9586
    0.0000  -37.5000  -22.5000 2631.8894   13.9303
    7.5000  -37.5000  -22.5000 2592.1387   14.1976
   -7.5000  -30.0000  -22.5000 2693.7410   13.4303
    0.0000  -30.0000  -22.5000 2685.6152   13.4241
    7.5000  -30.0000  -22.5000 2641.8875   13.6826
   -7.5000  -22.5000  -22.5000 2715.7156   13.2553
    0.0000  -22.5000  -22.5000 2710.6062   13.2311
    7.5000  -22.5000  -22.5000 2661.4009   13.4886
   -7.5000  -15.0000  -22.5000 2706.6675   13.3285
    0.0000  -15.0000  -22.5000 2700.3193   13.3093
    7.5000  -15.0000  -22.5000 2652.0381   13.5735
   -7.5000   -7.5000  -22.5000 2668.7910   13.6367
    0.0000   -7.5000  -22.5000 2664.8269   13.6284
    7.5000   -7.5000  -22.5000 2611.8848   13.8981
   -7.5000    0.0000  -22.5000 2592.7302   14.2203
    0.0000    0.0000  -22.5000 2595.2378   14.1925
    7.5000    0.0000  -22.5000 2542.9839   14.4890
   -7.5000    7.5000  -22.5000 2492.6208   15.1137
    0.0000    7.5000  -22.5000 2494.0969   15.0872
    7.5000    7.5000  -22.5000 2445.3328   15.4344
   -7.5000   15.0000  -22.5000 2367.1992   16.3753
    0.0000   15.0000  -22.5000 2370.2769   16.3722
    7.5000   15.0000  -22.5000 2332.0430   16.7357
   -7.5000   22.5000  -22.5000 2225.5415   18.1166
    0.0000   22.5000  -22.5000 2228.8977   18.1204
    7.5000   22.5000  -22.5000 2192.3933   18.5088
   -7.5000   30.0000  -22.5000 2076.2620   20.5536
    0.0000   30.0000  -22.5000 2079.5334   20.5210
    7.5000   30.0000  -22.5000 2045.6523   20.9878
   -7.5000   37.5000  -22.5000 1924.1390   23.9428
    0.0000   37.5000  -22.5000 1924.9202   23.8918
    7.5000   37.5000  -22.5000 1891.6962   24.3701
   -7.5000   45.0000  -22.5000 1768.4558   28.5724
    0.0000   45.0000  -22.5000 1770.3391   28.5834
    7.5000   45.0000  -22.5000 1744.0432   29.1842
   -7.5000  -45.0000  -15.0000 2614.8613   14.1569
    0.0000  -45.0000  -15.0000 2609.6531   14.1161
    7.5000  -45.0000  -15.0000 2570.4412   14.4831
   -7.5000  -37.5000  -15.0000 2709.2075   13.3512
    0.0000  -37.5000  -15.0000 2706.7961   13.3186
    7.5000  -37.5000  -15.0000 2663.2202   13.6402
   -7.5000  -30.0000  -15.0000 2775.7212   12.8253
    0.0000  -30.0000  -15.0000 2767.8425   12.8153
    7.5000  -30.0000  -15.0000 2721.9138   13.1121
   -7.5000  -22.5000  -15.0000 2807.7751   12.6226
    0.0000  -22.5000  -15.0000 2802.4351   12.6257
    7.5000  -22.5000  -15.0000 2753.7869   12.9162
   -7.5000  -15.0000  -15.0000 2800.8999   12.7328
    0.0000  -15.0000  -15.0000 2799.2815   12.7274
    7.5000  -15.0000  -15.0000 2744.3228   12.9915
   -7.5000   -7.5000  -15.0000 2760.4907   13.0602
    0.0000   -7.5000  -15.0000 2759.9824   13.0342
    7.5000   -7.5000  -15.0000 2700.4614   13.3170
   -7.5000    0.0000  -15.0000 2677.4963   13.6086
    0.0000    0.0000  -15.0000 2679.6489   13.5762
    7.5000    0.0000  -15.0000 2629.0693   13.8913
   -7.5000    7.5000  -15.0000 2567.5603   14.4824
    0.0000    7.5000  -15.0000 2569.1938   14.4526
    7.5000    7.5000  -15.0000 2521.5833   14.7946
   -7.5000   15.0000  -15.0000 2431.6714   15.7532
    0.0000   15.0000  -15.0000 2432.2468   15.7223
    7.5000   15.0000  -15.0000 2392.3313   16.1119
   -7.5000   22.5000  -15.0000 2281.9050   17.4421
    0.0000   22.5000  -15.0000 2284.1550   17.4160
    7.5000   22.5000  -15.0000 2249.3728   17.8525
   -7.5000   30.0000  -15.0000 2124.7207   19.7424
    0.0000   30.0000  -15.0000 2126.9893   19.7010
    7.5000   30.0000  -15.0000 2096.8948   20.1462
   -7.5000   37.5000  -15.0000 1959.7526   22.9159
    0.0000   37.5000  -15.0000 1966.0958   22.8532
    7.5000   37.5000  -15.0000 1938.4547   23.3420
   -7.5000   45.0000  -15.0000 1807.7297   27.2796
    0.0000   45.0000  -15.0000 1809.2916   27.2128
    7.5000   45.0000  -15.0000 1781.9673   27.8558
   -7.5000  -45.0000   -7.5000 2656.1187   13.6590
    0.0000  -45.0000   -7.5000 2651.5991   13.6548
    7.5000  -45.0000   -7.5000 2609.4294   14.0881
   -7.5000  -37.5000   -7.5000 2766.7554   12.8488
    0.0000  -37.5000   -7.5000 2761.7725   12.8362
    7.5000  -37.5000   -7.5000 2709.5776   13.2299
   -7.5000  -30.0000   -7.5000 2844.8667   12.2789
    0.0000  -30.0000   -7.5000 2837.9834   12.2686
    7.5000  -30.0000   -7.5000 2781.2520   12.6610
   -7.5000  -22.5000   -7.5000 2887.0259   12.0749
    0.0000  -22.5000   -7.5000 2885.3298   12.0680
    7.5000  -22.5000   -7.5000 2824.3513   12.4454
   -7.5000  -15.0000   -7.5000 2876.3164   12.2086
    0.0000  -15.0000   -7.5000 2880.5439   12.1816
    7.5000  -15.0000   -7.5000 2815.5156   12.5250
   -7.5000   -7.5000   -7.5000 2825.6760   12.5378
    0.0000   -7.5000   -7.5000 2827.2241   12.5058
    7.5000   -7.5000   -7.5000 2769.0278   12.8472
   -7.5000    0.0000   -7.5000 2732.2576   13.0833
    0.0000    0.0000   -7.5000 2736.2161   13.0391
    7.5000    0.0000   -7.5000 2689.0847   13.3981
   -7.5000    7.5000   -7.5000 2614.3604   13.9579
    0.0000    7.5000   -7.5000 2617.9690   13.9319
    7.5000    7.5000   -7.5000 2571.6821   14.3234
   -7.5000   15.0000   -7.5000 2475.8738   15.1983
    0.0000   15.0000   -7.5000 2477.5769   15.1843
    7.5000   15.0000   -7.5000 2435.8120   15.5919
   -7.5000   22.5000   -7.5000 2324.5542   16.8496
    0.0000   22.5000   -7.5000 2324.3110   16.8592
    7.5000   22.5000   -7.5000 2285.2383   17.2652
   -7.5000   30.0000   -7.5000 2158.3801   19.0560
    0.0000   30.0000   -7.5000 2159.4419   19.0856
    7.5000   30.0000   -7.5000 2124.1274   19.5060
   -7.5000   37.5000   -7.5000 1984.6041   22.0943
    0.0000   37.5000   -7.5000 1994.5154   22.0668
    7.5000   37.5000   -7.5000 1962.2385   22.5548
   -7.5000   45.0000   -7.5000 1827.5863   26.1086
    0.0000   45.0000   -7.5000 1828.4106   26.1124
    7.5000   45.0000   -7.5000 1804.1880   26.6437
   -7.5000  -45.0000    0.0000 2667.7075   13.3865
    0.0000  -45.0000    0.0000 2664.0791   13.3739
    7.5000  -45.0000    0.0000 2617.7422   13.8666
   -7.5000  -37.5000    0.0000 2796.0823   12.5674
    0.0000  -37.5000    0.0000 2791.1919   12.5715
    7.5000  -37.5000    0.0000 2730.0586   13.0096
   -7.5000  -30.0000    0.0000 2898.2493   11.9284
    0.0000  -30.0000    0.0000 2890.3569   11.9321
    7.5000  -30.0000    0.0000 2817.5242   12.4095
   -7.5000  -22.5000    0.0000 2954.1099   11.6474
    0.0000  -22.5000    0.0000 2948.1824   11.6509
    7.5000  -22.5000    0.0000 2870.0061   12.1416
   -7.5000  -15.0000    0.0000 2932.3152   11.8078
    0.0000  -15.0000    0.0000 2938.3315   11.8001
    7.5000  -15.0000    0.0000 2863.8440   12.2454
   -7.5000   -7.5000    0.0000 2859.6201   12.1869
    0.0000   -7.5000    0.0000 2868.2788   12.1833
    7.5000   -7.5000    0.0000 2808.8965   12.6083
   -7.5000    0.0000    0.0000 2760.9622   12.7651
    0.0000    0.0000    0.0000 2768.9412   12.7730
    7.5000    0.0000    0.0000 2721.6667   13.1525
   -7.5000    7.5000    0.0000 2642.0381   13.6243
    0.0000    7.5000    0.0000 2646.0640   13.6395
    7.5000    7.5000    0.0000 2601.2192   13.9945
   -7.5000   15.0000    0.0000 2496.6287   14.8516
    0.0000   15.0000    0.0000 2499.6494   14.8553
    7.5000   15.0000    0.0000 2460.6423   15.2111
   -7.5000   22.5000    0.0000 2340.3782   16.4914
    0.0000   22.5000    0.0000 2345.4309   16.4922
    7.5000   22.5000    0.0000 2306.4399   16.8700
   -7.5000   30.0000    0.0000 2173.5215   18.7368
    0.0000   30.0000    0.0000 2178.0676   18.7337
    7.5000   30.0000    0.0000 2142.7964   19.1506
   -7.5000   37.5000    0.0000 2000.2545   21.6201
    0.0000   37.5000    0.0000 2004.8199   21.5533
    7.5000   37.5000    0.0000 1975.7233   22.0439
   -7.5000   45.0000    0.0000 1832.3606   25.4875
    0.0000   45.0000    0.0000 1836.1985   25.4845
    7.5000   45.0000    0.0000 1814.6230   25.9834
   -7.5000  -45.0000    7.5000 2657.7051   13.3173
    0.0000  -45.0000    7.5000 2659.9177   13.2748
    7.5000  -45.0000    7.5000 2608.9685   13.8562
   -7.5000  -37.5000    7.5000 2794.4990   12.4873
    0.0000  -37.5000    7.5000 2795.1675   12.4421
    7.5000  -37.5000    7.5000 2735.0137   12.9642
   -7.5000  -30.0000    7.5000 2908.9924   11.8797
    0.0000  -30.0000    7.5000 2910.2861   11.8654
    7.5000  -30.0000    7.5000 2833.0076   12.3485
   -7.5000  -22.5000    7.5000 2971.1912   11.5630
    0.0000  -22.5000    7.5000 2973.2451   11.5396
    7.5000  -22.5000    7.5000 2884.8552   12.0756
   -7.5000  -15.0000    7.5000 2948.9998   11.6775
    0.0000  -15.0000    7.5000 2959.7844   11.6494
    7.5000  -15.0000    7.5000 2875.1750   12.1155
   -7.5000   -7.5000    7.5000 2865.8086   12.0706
    0.0000   -7.5000    7.5000 2882.0679   12.0655
    7.5000   -7.5000    7.5000 2821.6111   12.4391
   -7.5000    0.0000    7.5000 2764.1931   12.6579
    0.0000    0.0000    7.5000 2772.4109   12.6578
    7.5000    0.0000    7.5000 2726.8086   13.0069
   -7.5000    7.5000    7.5000 2641.3635   13.5297
    0.0000    7.5000    7.5000 2648.6501   13.5027
    7.5000    7.5000    7.5000 2606.6697   13.8481
   -7.5000   15.0000    7.5000 2496.2957   14.7588
    0.0000   15.0000    7.5000 2500.8091   14.7349
    7.5000   15.0000    7.5000 2462.6204   15.0798
   -7.5000   22.5000    7.5000 2341.5757   16.3798
    0.0000   22.5000    7.5000 2341.7419   16.3725
    7.5000   22.5000    7.5000 2311.7329   16.7402
   -7.5000   30.0000    7.5000 2173.3315   18.5583
    0.0000   30.0000    7.5000 2180.2412   18.5534
    7.5000   30.0000    7.5000 2149.7034   18.9583
   -7.5000   37.5000    7.5000 2002.8613   21.4495
    0.0000   37.5000    7.5000 2001.9177   21.3929
    7.5000   37.5000    7.5000 1979.2600   21.8464
   -7.5000   45.0000    7.5000 1833.7350   25.1471
    0.0000   45.0000    7.5000 1836.0896   25.0957
    7.5000   45.0000    7.5000 1819.5465   25.5720
   -7.5000  -45.0000   15.0000 2633.8262   13.5186
    0.0000  -45.0000   15.0000 2638.7114   13.4585
    7.5000  -45.0000   15.0000 2590.1255   14.0597
   -7.5000  -37.5000   15.0000 2766.5286   12.6809
    0.0000  -37.5000   15.0000 2775.4636   12.6340
    7.5000  -37.5000   15.0000 2717.5181   13.1760
   -7.5000  -30.0000   15.0000 2875.9858   12.0926
    0.0000  -30.0000   15.0000 2883.5339   12.0519
    7.5000  -30.0000   15.0000 2814.2783   12.5466
   -7.5000  -22.5000   15.0000 2939.3191   11.8949
    0.0000  -22.5000   15.0000 2942.4807   11.8402
    7.5000  -22.5000   15.0000 2866.3701   12.2817
   -7.5000  -15.0000   15.0000 2922.9343   12.0113
    0.0000  -15.0000   15.0000 2932.7344   11.9536
    7.5000  -15.0000   15.0000 2858.2666   12.3195
   -7.5000   -7.5000   15.0000 2851.5967   12.3391
    0.0000   -7.5000   15.0000 2865.3792   12.2850
    7.5000   -7.5000   15.0000 2803.0886   12.6301
   -7.5000    0.0000   15.0000 2744.7832   12.8667
    0.0000    0.0000   15.0000 2753.7856   12.8107
    7.5000    0.0000   15.0000 2708.2197   13.1685
   -7.5000    7.5000   15.0000 2620.1919   13.6740
    0.0000    7.5000   15.0000 2625.8418   13.6130
    7.5000    7.5000   15.0000 2590.9597   13.9880
   -7.5000   15.0000   15.0000 2480.5657   14.8419
    0.0000   15.0000   15.0000 2481.9714   14.8043
    7.5000   15.0000   15.0000 2450.8711   15.1579
   -7.5000   22.5000   15.0000 2323.9121   16.4105
    0.0000   22.5000   15.0000 2327.5059   16.3755
    7.5000   22.5000   15.0000 2301.3042   16.7524
   -7.5000   30.0000   15.0000 2155.8879   18.5400
    0.0000   30.0000   15.0000 2163.9309   18.5201
    7.5000   30.0000   15.0000 2134.4263   18.9273
   -7.5000   37.5000   15.0000 1989.6250   21.4377
    0.0000   37.5000   15.0000 1989.2510   21.3892
    7.5000   37.5000   15.0000 1971.0325   21.7988
   -7.5000   45.0000   15.0000 1823.2046   25.1829
    0.0000   45.0000   15.0000 1829.0337   25.1186
    7.5000   45.0000   15.0000 1807.8474   25.5492
   -7.5000  -45.0000   22.5000 2600.0896   14.0741
    0.0000  -45.0000   22.5000 2608.0378   14.0249
    7.5000  -45.0000   22.5000 2564.8418   14.5383
   -7.5000  -37.5000   22.5000 2722.1387   13.2055
    0.0000  -37.5000   22.5000 2735.5955   13.1594
    7.5000  -37.5000   22.5000 2683.0740   13.6230
   -7.5000  -30.0000   22.5000 2822.3611   12.5458
    0.0000  -30.0000   22.5000 2829.2402   12.4863
    7.5000  -30.0000   22.5000 2772.5688   12.9794
   -7.5000  -22.5000   22.5000 2871.3870   12.3480
    0.0000  -22.5000   22.5000 2882.9221   12.3090
    7.5000  -22.5000   22.5000 2824.0610   12.6973
   -7.5000  -15.0000   22.5000 2857.2375   12.4757
    0.0000  -15.0000   22.5000 2870.2104   12.4015
    7.5000  -15.0000   22.5000 2810.6047   12.7413
   -7.5000   -7.5000   22.5000 2800.8865   12.8083
    0.0000   -7.5000   22.5000 2812.8438   12.7233
    7.5000   -7.5000   22.5000 2756.5544   13.0466
   -7.5000    0.0000   22.5000 2699.1106   13.3461
    0.0000    0.0000   22.5000 2707.9612   13.2640
    7.5000    0.0000   22.5000 2663.4819   13.5843
   -7.5000    7.5000   22.5000 2582.9102   14.1091
    0.0000    7.5000   22.5000 2588.8538   14.0413
    7.5000    7.5000   22.5000 2555.9104   14.3713
   -7.5000   15.0000   22.5000 2445.8623   15.2046
    0.0000   15.0000   22.5000 2454.1423   15.1665
    7.5000   15.0000   22.5000 2419.2410   15.5077
   -7.5000   22.5000   22.5000 2292.4697   16.7039
    0.0000   22.5000   22.5000 2296.9236   16.6671
    7.5000   22.5000   22.5000 2273.5894   17.0427
   -7.5000   30.0000   22.5000 2128.2412   18.7704
    0.0000   30.0000   22.5000 2135.8354   18.7242
    7.5000   30.0000   22.5000 2112.0986   19.1195
   -7.5000   37.5000   22.5000 1966.2170   21.5707
    0.0000   37.5000   22.5000 1971.2955   21.5154
    7.5000   37.5000   22.5000 1950.3103   21.9326
   -7.5000   45.0000   22.5000 1807.9984   25.2725
    0.0000   45.0000   22.5000 1814.3073   25.1901
    7.5000   45.0000   22.5000 1785.2377   25.7099
   -7.5000  -45.0000   30.0000 2557.0176   14.8415
    0.0000  -45.0000   30.0000 2566.9976   14.8253
    7.5000  -45.0000   30.0000 2520.2344   15.2568
   -7.5000  -37.5000   30.0000 2672.9368   13.8808
    0.0000  -37.5000   30.0000 2680.9053   13.8163
    7.5000  -37.5000   30.0000 2630.7498   14.2812
   -7.5000  -30.0000   30.0000 2751.4502   13.2256
    0.0000  -30.0000   30.0000 2760.2114   13.2016
    7.5000  -30.0000   30.0000 2709.6682   13.6125
   -7.5000  -22.5000   30.0000 2788.0393   13.0175
    0.0000  -22.5000   30.0000 2803.8975   13.0001
    7.5000  -22.5000   30.0000 2754.3135   13.3502
   -7.5000  -15.0000   30.0000 2774.5774   13.0770
    0.0000  -15.0000   30.0000 2787.4077   13.0374
    7.5000  -15.0000   30.0000 2738.7361   13.3558
   -7.5000   -7.5000   30.0000 2719.7000   13.3822
    0.0000   -7.5000   30.0000 2732.7573   13.3266
    7.5000   -7.5000   30.0000 2684.0791   13.6578
   -7.5000    0.0000   30.0000 2627.2202   13.9512
    0.0000    0.0000   30.0000 2636.1675   13.8862
    7.5000    0.0000   30.0000 2594.6438   14.2187
   -7.5000    7.5000   30.0000 2521.6262   14.7366
    0.0000    7.5000   30.0000 2524.4392   14.6796
    7.5000    7.5000   30.0000 2490.8728   15.0094
   -7.5000   15.0000   30.0000 2396.0000   15.7990
    0.0000   15.0000   30.0000 2400.8425   15.7703
    7.5000   15.0000   30.0000 2367.8853   16.1057
   -7.5000   22.5000   30.0000 2246.1077   17.2537
    0.0000   22.5000   30.0000 2248.4954   17.2172
    7.5000   22.5000   30.0000 2224.3887   17.5918
   -7.5000   30.0000   30.0000 2088.1538   19.2533
    0.0000   30.0000   30.0000 2092.6050   19.2050
    7.5000   30.0000   30.0000 2067.8086   19.6013
   -7.5000   37.5000   30.0000 1929.2716   21.9804
    0.0000   37.5000   30.0000 1936.8788   21.9014
    7.5000   37.5000   30.0000 1917.8036   22.3750
   -7.5000   45.0000   30.0000 1780.3981   25.6725
    0.0000   45.0000   30.0000 1780.5759   25.5819
    7.5000   45.0000   30.0000 1759.5999   26.1219
   -7.5000  -45.0000   37.5000 2506.7068   15.7306
    0.0000  -45.0000   37.5000 2515.7297   15.7096
    7.5000  -45.0000   37.5000 2470.4185   16.1228
   -7.5000  -37.5000   37.5000 2613.2388   14.7515
    0.0000  -37.5000   37.5000 2620.5037   14.7201
    7.5000  -37.5000   37.5000 2569.6218   15.1155
   -7.5000  -30.0000   37.5000 2673.4778   14.1132
    0.0000  -30.0000   37.5000 2684.4897   14.1066
    7.5000  -30.0000   37.5000 2641.6133   14.4645
   -7.5000  -22.5000   37.5000 2698.7930   13.8568
    0.0000  -22.5000   37.5000 2713.5962   13.8299
    7.5000  -22.5000   37.5000 2671.6697   14.1701
   -7.5000  -15.0000   37.5000 2681.8254   13.8543
    0.0000  -15.0000   37.5000 2693.6775   13.8236
    7.5000  -15.0000   37.5000 2658.7288   14.1367
   -7.5000   -7.5000   37.5000 2628.5266   14.1526
    0.0000   -7.5000   37.5000 2639.5178   14.1222
    7.5000   -7.5000   37.5000 2603.8323   14.4305
   -7.5000    0.0000   37.5000 2548.9097   14.7119
    0.0000    0.0000   37.5000 2556.3821   14.6583
    7.5000    0.0000   37.5000 2519.8267   14.9690
   -7.5000    7.5000   37.5000 2451.8599   15.4660
    0.0000    7.5000   37.5000 2450.0925   15.4303
    7.5000    7.5000   37.5000 2423.1438   15.7510
   -7.5000   15.0000   37.5000 2338.2695   16.5498
    0.0000   15.0000   37.5000 2332.4861   16.5158
    7.5000   15.0000   37.5000 2309.6804   16.8225
   -7.5000   22.5000   37.5000 2190.5288   18.0407
    0.0000   22.5000   37.5000 2189.2239   17.9929
    7.5000   22.5000   37.5000 2168.7983   18.2992
   -7.5000   30.0000   37.5000 2039.2822   20.0101
    0.0000   30.0000   37.5000 2038.0387   20.0123
    7.5000   30.0000   37.5000 2019.9518   20.3424
   -7.5000   37.5000   37.5000 1893.3834   22.7889
    0.0000   37.5000   37.5000 1890.5334   22.7299
    7.5000   37.5000   37.5000 1874.8674   23.2034
   -7.5000   45.0000   37.5000 1739.9806   26.5822
    0.0000   45.0000   37.5000 1737.7452   26.5323
    7.5000   45.0000   37.5000 1722.7512   27.1151
   -7.5000  -45.0000   45.0000 2434.7119   16.8195
    0.0000  -45.0000   45.0000 2447.7876   16.7828
    7.5000  -45.0000   45.0000 2407.2705   17.1712
   -7.5000  -37.5000   45.0000 2530.5796   15.8118
    0.0000  -37.5000   45.0000 2539.1362   15.7818
    7.5000  -37.5000   45.0000 2498.0356   16.1453
   -7.5000  -30.0000   45.0000 2581.1101   15.1626
    0.0000  -30.0000   45.0000 2592.6365   15.1459
    7.5000  -30.0000   45.0000 2555.4417   15.4807
   -7.5000  -22.5000   45.0000 2602.1760   14.8569
    0.0000  -22.5000   45.0000 2614.3076   14.8168
    7.5000  -22.5000   45.0000 2577.5137   15.1499
   -7.5000  -15.0000   45.0000 2587.0444   14.7990
    0.0000  -15.0000   45.0000 2595.6724   14.7645
    7.5000  -15.0000   45.0000 2565.1616   15.0832
   -7.5000   -7.5000   45.0000 2536.2688   15.0875
    0.0000   -7.5000   45.0000 2544.2278   15.0577
    7.5000   -7.5000   45.0000 2515.9546   15.3772
   -7.5000    0.0000   45.0000 2466.5789   15.6223
    0.0000    0.0000   45.0000 2474.3542   15.5915
    7.5000    0.0000   45.0000 2441.7891   15.8982
   -7.5000    7.5000   45.0000 2375.9751   16.3630
    0.0000    7.5000   45.0000 2375.8223   16.3119
    7.5000    7.5000   45.0000 2352.6631   16.6279
   -7.5000   15.0000   45.0000 2258.0017   17.4167
    0.0000   15.0000   45.0000 2256.0132   17.3884
    7.5000   15.0000   45.0000 2240.2664   17.7000
   -7.5000   22.5000   45.0000 2125.5945   18.9608
    0.0000   22.5000   45.0000 2125.5034   18.8984
    7.5000   22.5000   45.0000 2109.2900   19.2284
   -7.5000   30.0000   45.0000 1979.1733   21.0531
    0.0000   30.0000   45.0000 1977.8092   21.0245
    7.5000   30.0000   45.0000 1963.3694   21.3826
   -7.5000   37.5000   45.0000 1839.4655   23.8667
    0.0000   37.5000   45.0000 1838.7037   23.8460
    7.5000   37.5000   45.0000 1825.1217   24.3311
   -7.5000   45.0000   45.0000 1694.4161   27.8808
    0.0000   45.0000   45.0000 1694.8004   27.8654
    7.5000   45.0000   45.0000 1676.2181   28.3863

---------------------------------------------------------------------
imgreg_4dfp /opt/freesurfer/average/711-2C_as_mni_average_305 /opt/freesurfer/average/711-2B_as_mni_average_305_mask talsrcimg_g11 none talsrcimg_to_711-2C_as_mni_average_305_t4 1283
---------------------------------------------------------------------

freesurfer imgreg_4dfp.c
/opt/freesurfer/average/711-2C_as_mni_average_305.4dfp.img
       256       256       256         1
  1.000000  1.000000  1.000000
orientation T byte_order littleendian
Reading image: /opt/freesurfer/average/711-2C_as_mni_average_305.4dfp.img
dimensions:      256       256       256
mmppix:       1.0000   -1.0000   -1.0000
center:     128.0000 -129.0000 -129.0000
/opt/freesurfer/average/711-2B_as_mni_average_305_mask.4dfp.img
       256       256       256         1
  1.000000  1.000000  1.000000
orientation T byte_order littleendian
Reading mask: /opt/freesurfer/average/711-2B_as_mni_average_305_mask.4dfp.img (2306576 pixels)
talsrcimg_g11.4dfp.img
       256       256       256         1
  1.000000  1.000000  1.000000
orientation T byte_order littleendian
Reading image: talsrcimg_g11.4dfp.img
dimensions:      256       256       256
mmppix:       1.0000   -1.0000   -1.0000
center:     128.0000 -129.0000 -129.0000
rotation matrix determinant  1.000000
fimgreg.f
image alignment mode   1283 decimal      503 hex
parameters
    0.0000  -22.5000    7.5000    0.0000    0.0000    0.0000
eta,q 0.93241 11.57983
niter,ni,del,rscale     5    3   12.0000    1.2000
parameter  1  0.819194 ->  0.500000 qaram    1.1500
parameter  5  0.650304 ->  0.500000 qaram    1.1500
parameters
   -3.4500  -21.7611    6.2882   -2.8851   -3.4500   -0.6735
eta,q 0.94069 11.34737
  0.0638  0.0771  0.0646  0.0634  0.0611  0.0645
  0.0623  0.0697  0.0630  0.0621  0.0596  0.0620
  0.0648  0.0646  0.0627  0.0619  0.0599  0.0598
  0.0693  0.0623  0.0621  0.0627  0.0620  0.0594
  0.0745  0.0629  0.0623  0.0652  0.0644  0.0610
  0.0824  0.0666  0.0654  0.0685  0.0674  0.0638
  0.0915  0.0708  0.0692  0.0711  0.0704  0.0673
niter,ni,del,rscale     6    3   12.0000    1.2000
parameters
   -3.2115  -20.6611    5.7792   -4.4553   -3.4158   -0.9547
eta,q 0.94176 11.35598
  0.0757  0.0751  0.0643  0.0617  0.0664  0.0636
  0.0684  0.0682  0.0603  0.0593  0.0626  0.0615
  0.0631  0.0626  0.0583  0.0583  0.0597  0.0592
  0.0593  0.0591  0.0588  0.0585  0.0582  0.0582
  0.0607  0.0595  0.0606  0.0605  0.0599  0.0590
  0.0667  0.0627  0.0622  0.0639  0.0627  0.0617
  0.0743  0.0668  0.0654  0.0679  0.0660  0.0653
niter,ni,del,rscale     5    3   12.0000    1.2000
parameters
   -3.1616  -19.8414    5.7407   -5.3697   -3.4141   -1.1653
eta,q 0.94185 11.36843
  0.0741  0.0726  0.0646  0.0626  0.0655  0.0628
  0.0665  0.0662  0.0606  0.0599  0.0621  0.0610
  0.0612  0.0608  0.0584  0.0582  0.0595  0.0591
  0.0582  0.0582  0.0583  0.0583  0.0581  0.0581
  0.0606  0.0592  0.0595  0.0596  0.0595  0.0585
  0.0661  0.0625  0.0612  0.0624  0.0621  0.0608
  0.0739  0.0663  0.0640  0.0664  0.0655  0.0643
niter,ni,del,rscale     4    3   12.0000    1.2000
parameters
   -3.1102  -19.2849    5.7223   -5.9799   -3.4659   -1.3178
eta,q 0.94193 11.37870
  0.0734  0.0710  0.0642  0.0631  0.0649  0.0622
  0.0657  0.0649  0.0604  0.0606  0.0618  0.0607
  0.0607  0.0600  0.0586  0.0584  0.0595  0.0590
  0.0581  0.0581  0.0581  0.0581  0.0580  0.0580
  0.0604  0.0594  0.0591  0.0595  0.0593  0.0582
  0.0653  0.0630  0.0610  0.0619  0.0618  0.0602
  0.0731  0.0665  0.0638  0.0657  0.0653  0.0635
niter,ni,del,rscale     3    3   12.0000    1.2000
parameters
   -3.0424  -18.9390    5.7116   -6.3583   -3.5256   -1.3894
eta,q 0.94191 11.38272
  0.0730  0.0698  0.0640  0.0634  0.0647  0.0619
  0.0654  0.0641  0.0604  0.0611  0.0617  0.0605
  0.0606  0.0595  0.0587  0.0588  0.0596  0.0589
  0.0581  0.0581  0.0581  0.0581  0.0581  0.0581
  0.0601  0.0597  0.0589  0.0593  0.0592  0.0582
  0.0648  0.0634  0.0609  0.0617  0.0617  0.0599
  0.0726  0.0667  0.0637  0.0651  0.0652  0.0630
niter,ni,del,rscale     2    3   12.0000    1.2000
parameters
   -2.9895  -18.7418    5.7182   -6.5826   -3.5635   -1.4342
eta,q 0.94183 11.38461
  0.0727  0.0691  0.0640  0.0636  0.0647  0.0618
  0.0652  0.0636  0.0605  0.0614  0.0618  0.0604
  0.0605  0.0593  0.0588  0.0591  0.0597  0.0590
  0.0581  0.0581  0.0581  0.0581  0.0582  0.0582
  0.0601  0.0600  0.0589  0.0592  0.0592  0.0582
  0.0646  0.0635  0.0609  0.0616  0.0617  0.0598
  0.0725  0.0670  0.0637  0.0648  0.0652  0.0627
niter,ni,del,rscale     1    3   12.0000    1.2000
parameters
   -2.9623  -18.6315    5.7212   -6.7056   -3.5852   -1.4502
eta,q 0.94178 11.38531
  0.0725  0.0688  0.0639  0.0638  0.0648  0.0618
  0.0651  0.0634  0.0605  0.0615  0.0618  0.0604
  0.0606  0.0592  0.0589  0.0592  0.0598  0.0590
  0.0582  0.0582  0.0582  0.0582  0.0582  0.0582
  0.0602  0.0602  0.0588  0.0591  0.0592  0.0582
  0.0646  0.0636  0.0608  0.0615  0.0617  0.0597
  0.0725  0.0672  0.0637  0.0646  0.0651  0.0626
registration optimization eta report
parameter search radius
    6.9000    6.0000    6.0000    6.0000    6.9000    6.0000
100000*second partial in parameter space
       29.       27.       15.       16.       13.       11.
  0.0725  0.0688  0.0639  0.0638  0.0648  0.0618
  0.0651  0.0634  0.0605  0.0615  0.0618  0.0604
  0.0606  0.0592  0.0589  0.0592  0.0598  0.0590
  0.0582  0.0582  0.0582  0.0582  0.0582  0.0582
  0.0602  0.0602  0.0588  0.0591  0.0592  0.0582
  0.0646  0.0636  0.0608  0.0615  0.0617  0.0597
  0.0725  0.0672  0.0637  0.0646  0.0651  0.0626
   -2.9623  -18.6315    5.7212   -6.7056   -3.5852   -1.4502
eta,q 0.94178 11.38531

---------------------------------------------------------------------
imgreg_4dfp /opt/freesurfer/average/711-2C_as_mni_average_305 /opt/freesurfer/average/711-2B_as_mni_average_305_mask talsrcimg_g11 none talsrcimg_to_711-2C_as_mni_average_305_t4 3335
---------------------------------------------------------------------

freesurfer imgreg_4dfp.c
/opt/freesurfer/average/711-2C_as_mni_average_305.4dfp.img
       256       256       256         1
  1.000000  1.000000  1.000000
orientation T byte_order littleendian
Reading image: /opt/freesurfer/average/711-2C_as_mni_average_305.4dfp.img
dimensions:      256       256       256
mmppix:       1.0000   -1.0000   -1.0000
center:     128.0000 -129.0000 -129.0000
/opt/freesurfer/average/711-2B_as_mni_average_305_mask.4dfp.img
       256       256       256         1
  1.000000  1.000000  1.000000
orientation T byte_order littleendian
Reading mask: /opt/freesurfer/average/711-2B_as_mni_average_305_mask.4dfp.img (2306576 pixels)
talsrcimg_g11.4dfp.img
       256       256       256         1
  1.000000  1.000000  1.000000
orientation T byte_order littleendian
Reading image: talsrcimg_g11.4dfp.img
dimensions:      256       256       256
mmppix:       1.0000   -1.0000   -1.0000
center:     128.0000 -129.0000 -129.0000
fimgreg.f
image alignment mode   3335 decimal      D07 hex
parameters
   -2.9623  -18.6315    5.7212   -0.2277   -0.6974   -0.8784
    1.7836    6.5040   -2.5259   11.5159   -6.2532  -11.6540
eta,q 0.94494 11.42028
niter,ni,del,rscale     5    3    5.0000    1.2000
parameter  4  2.831359 ->  0.500000 qaram    1.1500
parameter  5  4.275993 ->  0.500000 qaram    1.1500
parameter  6  1.491892 ->  0.500000 qaram    1.1500
parameters
   -3.0938  -18.2810    5.6201   -4.3677   -4.8374   -5.0184
    1.3197    5.9361   -0.9664    8.5697   -7.8501  -14.2380
eta,q 0.96260 10.85751
  0.0571  0.0572  0.0559  0.0463  0.0396  0.0376  0.0407  0.0430  0.0415  0.0390  0.0385  0.0379
  0.0559  0.0561  0.0553  0.0484  0.0423  0.0381  0.0394  0.0401  0.0400  0.0379  0.0378  0.0375
  0.0552  0.0554  0.0550  0.0512  0.0455  0.0399  0.0386  0.0386  0.0389  0.0376  0.0375  0.0374
  0.0551  0.0550  0.0550  0.0550  0.0491  0.0431  0.0384  0.0384  0.0383  0.0382  0.0376  0.0375
  0.0554  0.0550  0.0551  0.0590  0.0529  0.0469  0.0389  0.0394  0.0382  0.0398  0.0381  0.0380
  0.0562  0.0554  0.0555  0.0631  0.0568  0.0502  0.0399  0.0415  0.0387  0.0421  0.0388  0.0386
  0.0575  0.0563  0.0560  0.0674  0.0611  0.0544  0.0413  0.0443  0.0396  0.0451  0.0399  0.0394
niter,ni,del,rscale     7    3    5.0000    1.2000
parameter  4  0.684658 ->  0.500000 qaram    1.3225
parameter  5  1.840013 ->  0.500000 qaram    1.3225
parameters
   -2.8548  -18.0950    5.7476   -9.1287   -9.5984   -7.4775
    1.0075    6.9704   -0.4415    8.4456   -8.6866  -15.4801
eta,q 0.96987 10.49976
  0.0419  0.0404  0.0396  0.0355  0.0280  0.0322  0.0328  0.0366  0.0329  0.0334  0.0312  0.0309
  0.0397  0.0388  0.0384  0.0347  0.0296  0.0312  0.0314  0.0338  0.0315  0.0316  0.0305  0.0304
  0.0382  0.0378  0.0376  0.0352  0.0319  0.0304  0.0306  0.0316  0.0306  0.0305  0.0302  0.0301
  0.0374  0.0373  0.0373  0.0373  0.0347  0.0302  0.0304  0.0304  0.0302  0.0302  0.0302  0.0302
  0.0375  0.0375  0.0375  0.0410  0.0382  0.0314  0.0308  0.0304  0.0304  0.0306  0.0304  0.0305
  0.0385  0.0383  0.0381  0.0457  0.0423  0.0352  0.0318  0.0316  0.0311  0.0317  0.0310  0.0310
  0.0405  0.0396  0.0392  0.0507  0.0466  0.0397  0.0332  0.0341  0.0322  0.0336  0.0317  0.0316
niter,ni,del,rscale     7    3    5.0000    1.2000
parameter  5  0.742029 ->  0.500000 qaram    1.5209
parameters
   -2.8484  -17.8202    5.7123  -10.0703  -15.0735   -7.1612
    1.2076    7.1736    0.0444    9.2546   -9.1557  -16.3432
eta,q 0.97227 10.24123
  0.0340  0.0336  0.0317  0.0344  0.0283  0.0310  0.0302  0.0324  0.0300  0.0313  0.0285  0.0284
  0.0319  0.0317  0.0308  0.0326  0.0279  0.0297  0.0290  0.0300  0.0288  0.0294  0.0281  0.0279
  0.0306  0.0306  0.0303  0.0312  0.0284  0.0286  0.0281  0.0285  0.0281  0.0283  0.0278  0.0277
  0.0301  0.0301  0.0301  0.0301  0.0304  0.0279  0.0278  0.0278  0.0278  0.0278  0.0278  0.0278
  0.0306  0.0303  0.0303  0.0305  0.0330  0.0274  0.0280  0.0281  0.0279  0.0279  0.0279  0.0279
  0.0319  0.0310  0.0309  0.0332  0.0364  0.0282  0.0288  0.0296  0.0285  0.0287  0.0282  0.0282
  0.0339  0.0322  0.0318  0.0379  0.0409  0.0315  0.0300  0.0321  0.0295  0.0299  0.0288  0.0287
niter,ni,del,rscale     7    3    5.0000    1.2000
parameters
   -2.8144  -17.2427    5.7297   -9.4882  -18.1092   -7.0756
    1.1735    7.1555    0.5650   10.4287   -9.4816  -16.4417
eta,q 0.97268 10.10733
  0.0311  0.0317  0.0290  0.0322  0.0296  0.0305  0.0293  0.0317  0.0291  0.0306  0.0281  0.0279
  0.0293  0.0298  0.0282  0.0304  0.0283  0.0292  0.0283  0.0294  0.0282  0.0289  0.0277  0.0275
  0.0282  0.0285  0.0278  0.0289  0.0275  0.0281  0.0276  0.0280  0.0277  0.0279  0.0274  0.0273
  0.0277  0.0277  0.0276  0.0276  0.0274  0.0274  0.0274  0.0274  0.0274  0.0274  0.0273  0.0273
  0.0280  0.0276  0.0277  0.0270  0.0290  0.0270  0.0276  0.0278  0.0274  0.0274  0.0275  0.0274
  0.0291  0.0281  0.0282  0.0286  0.0318  0.0280  0.0283  0.0294  0.0279  0.0279  0.0278  0.0276
  0.0310  0.0291  0.0290  0.0323  0.0354  0.0314  0.0294  0.0319  0.0287  0.0290  0.0283  0.0279
niter,ni,del,rscale     6    3    5.0000    1.2000
parameters
   -2.7844  -16.6645    5.6251   -9.3787  -19.3558   -7.3239
    1.1255    7.1295    0.9316   11.4993   -9.7277  -16.5041
eta,q 0.97274 10.03918
  0.0306  0.0306  0.0283  0.0313  0.0303  0.0301  0.0291  0.0314  0.0289  0.0301  0.0281  0.0278
  0.0288  0.0290  0.0277  0.0297  0.0288  0.0289  0.0281  0.0292  0.0281  0.0287  0.0276  0.0274
  0.0277  0.0279  0.0273  0.0284  0.0277  0.0279  0.0276  0.0279  0.0276  0.0278  0.0273  0.0273
  0.0273  0.0273  0.0272  0.0272  0.0272  0.0273  0.0273  0.0273  0.0273  0.0273  0.0273  0.0273
  0.0276  0.0272  0.0273  0.0269  0.0276  0.0269  0.0275  0.0277  0.0274  0.0273  0.0274  0.0274
  0.0287  0.0276  0.0278  0.0286  0.0298  0.0281  0.0281  0.0292  0.0278  0.0278  0.0277  0.0275
  0.0304  0.0284  0.0286  0.0323  0.0327  0.0316  0.0292  0.0316  0.0286  0.0288  0.0282  0.0277
niter,ni,del,rscale     5    3    5.0000    1.2000
parameters
   -2.7979  -16.3149    5.5210   -9.4718  -20.2279   -7.5774
    1.1617    7.0814    1.1561   12.3240   -9.8088  -16.4195
eta,q 0.97263  9.98258
  0.0303  0.0299  0.0283  0.0310  0.0304  0.0300  0.0291  0.0313  0.0289  0.0298  0.0281  0.0278
  0.0286  0.0285  0.0277  0.0296  0.0289  0.0288  0.0282  0.0292  0.0281  0.0286  0.0277  0.0275
  0.0276  0.0277  0.0273  0.0284  0.0278  0.0280  0.0276  0.0279  0.0276  0.0278  0.0274  0.0274
  0.0273  0.0273  0.0272  0.0272  0.0273  0.0274  0.0274  0.0274  0.0274  0.0274  0.0274  0.0274
  0.0276  0.0273  0.0274  0.0270  0.0275  0.0270  0.0275  0.0278  0.0275  0.0274  0.0275  0.0274
  0.0286  0.0278  0.0278  0.0287  0.0294  0.0280  0.0281  0.0292  0.0279  0.0280  0.0277  0.0276
  0.0304  0.0287  0.0285  0.0324  0.0321  0.0315  0.0291  0.0315  0.0287  0.0289  0.0282  0.0278
niter,ni,del,rscale     4    3    5.0000    1.2000
parameters
   -2.8290  -16.0169    5.4277   -9.5854  -21.0483   -7.8354
    1.2069    7.0157    1.2321   13.1338   -9.6612  -16.3011
eta,q 0.97253  9.92738
  0.0302  0.0298  0.0284  0.0310  0.0303  0.0299  0.0291  0.0312  0.0289  0.0298  0.0282  0.0279
  0.0286  0.0285  0.0278  0.0295  0.0289  0.0288  0.0283  0.0292  0.0282  0.0287  0.0278  0.0277
  0.0277  0.0277  0.0275  0.0284  0.0279  0.0281  0.0277  0.0280  0.0277  0.0279  0.0276  0.0275
  0.0274  0.0274  0.0274  0.0274  0.0274  0.0275  0.0275  0.0275  0.0275  0.0275  0.0275  0.0275
  0.0277  0.0275  0.0275  0.0271  0.0276  0.0271  0.0276  0.0279  0.0276  0.0276  0.0275  0.0276
  0.0287  0.0279  0.0279  0.0287  0.0293  0.0280  0.0282  0.0292  0.0281  0.0280  0.0278  0.0277
  0.0304  0.0288  0.0286  0.0323  0.0319  0.0314  0.0291  0.0315  0.0288  0.0290  0.0282  0.0279
niter,ni,del,rscale     3    3    5.0000    1.2000
parameters
   -2.8697  -15.7069    5.3278   -9.7038  -21.9675   -8.1241
    1.2049    6.9548    1.0710   14.0597   -9.1906  -16.0501
eta,q 0.97242  9.86494
  0.0301  0.0299  0.0284  0.0309  0.0302  0.0298  0.0291  0.0312  0.0289  0.0299  0.0284  0.0280
  0.0287  0.0286  0.0279  0.0295  0.0288  0.0288  0.0283  0.0292  0.0282  0.0288  0.0279  0.0278
  0.0278  0.0278  0.0276  0.0285  0.0279  0.0281  0.0278  0.0281  0.0278  0.0280  0.0277  0.0276
  0.0275  0.0275  0.0275  0.0275  0.0275  0.0276  0.0276  0.0276  0.0276  0.0276  0.0276  0.0276
  0.0278  0.0276  0.0276  0.0272  0.0277  0.0272  0.0278  0.0280  0.0278  0.0276  0.0276  0.0276
  0.0288  0.0280  0.0280  0.0287  0.0293  0.0281  0.0283  0.0292  0.0282  0.0281  0.0278  0.0278
  0.0304  0.0288  0.0286  0.0321  0.0319  0.0314  0.0292  0.0314  0.0290  0.0291  0.0282  0.0279
niter,ni,del,rscale     2    3    5.0000    1.2000
parameters
   -2.9093  -15.3371    5.2115   -9.8411  -23.1127   -8.4863
    1.1486    6.9227    0.5587   15.1382   -8.4336  -15.8464
eta,q 0.97239  9.78718
  0.0301  0.0300  0.0284  0.0308  0.0301  0.0297  0.0291  0.0311  0.0288  0.0301  0.0284  0.0281
  0.0287  0.0287  0.0280  0.0294  0.0287  0.0288  0.0284  0.0293  0.0282  0.0290  0.0280  0.0278
  0.0279  0.0279  0.0277  0.0285  0.0279  0.0282  0.0279  0.0281  0.0278  0.0282  0.0277  0.0276
  0.0276  0.0276  0.0276  0.0276  0.0276  0.0276  0.0277  0.0277  0.0277  0.0277  0.0276  0.0276
  0.0279  0.0276  0.0277  0.0273  0.0278  0.0273  0.0279  0.0280  0.0279  0.0276  0.0276  0.0277
  0.0288  0.0280  0.0280  0.0287  0.0294  0.0281  0.0284  0.0292  0.0284  0.0281  0.0278  0.0278
  0.0303  0.0288  0.0287  0.0320  0.0319  0.0313  0.0292  0.0313  0.0292  0.0291  0.0281  0.0280
niter,ni,del,rscale     1    3    5.0000    1.2000
parameters
   -2.9286  -14.9038    5.0741  -10.0056  -24.3609   -8.8398
    1.0744    6.9379   -0.0404   16.0550   -7.8668  -16.3149
eta,q 0.97243  9.70580
  0.0301  0.0301  0.0283  0.0306  0.0301  0.0296  0.0291  0.0310  0.0289  0.0302  0.0283  0.0280
  0.0287  0.0288  0.0279  0.0293  0.0286  0.0287  0.0283  0.0292  0.0282  0.0291  0.0279  0.0277
  0.0279  0.0280  0.0277  0.0284  0.0278  0.0281  0.0278  0.0281  0.0277  0.0282  0.0277  0.0276
  0.0276  0.0276  0.0276  0.0276  0.0276  0.0276  0.0277  0.0277  0.0277  0.0277  0.0276  0.0276
  0.0279  0.0276  0.0277  0.0273  0.0279  0.0272  0.0278  0.0279  0.0279  0.0276  0.0276  0.0277
  0.0287  0.0280  0.0280  0.0286  0.0294  0.0280  0.0283  0.0291  0.0285  0.0281  0.0278  0.0278
  0.0302  0.0287  0.0286  0.0318  0.0320  0.0311  0.0292  0.0311  0.0294  0.0294  0.0281  0.0280
registration optimization eta report
parameter search radius
    2.4000    2.4000    2.4000    9.5220   10.9503    8.2800
    7.2000    7.2000    7.2000    7.2000    7.2000    7.2000
100000*second partial in parameter space
       44.       31.       16.        4.        3.        4.
        3.        7.        3.        4.        1.        1.
  0.0301  0.0301  0.0283  0.0306  0.0301  0.0296  0.0291  0.0310  0.0289  0.0302  0.0283  0.0280
  0.0287  0.0288  0.0279  0.0293  0.0286  0.0287  0.0283  0.0292  0.0282  0.0291  0.0279  0.0277
  0.0279  0.0280  0.0277  0.0284  0.0278  0.0281  0.0278  0.0281  0.0277  0.0282  0.0277  0.0276
  0.0276  0.0276  0.0276  0.0276  0.0276  0.0276  0.0277  0.0277  0.0277  0.0277  0.0276  0.0276
  0.0279  0.0276  0.0277  0.0273  0.0279  0.0272  0.0278  0.0279  0.0279  0.0276  0.0276  0.0277
  0.0287  0.0280  0.0280  0.0286  0.0294  0.0280  0.0283  0.0291  0.0285  0.0281  0.0278  0.0278
  0.0302  0.0287  0.0286  0.0318  0.0320  0.0311  0.0292  0.0311  0.0294  0.0294  0.0281  0.0280
   -2.9286  -14.9038    5.0741  -10.0056  -24.3609   -8.8398
    1.0744    6.9379   -0.0404   16.0550   -7.8668  -16.3149
eta,q 0.97243  9.70580

---------------------------------------------------------------------
imgreg_4dfp /opt/freesurfer/average/711-2C_as_mni_average_305 /opt/freesurfer/average/711-2B_as_mni_average_305_mask talsrcimg_g11 none talsrcimg_to_711-2C_as_mni_average_305_t4 2311
---------------------------------------------------------------------

freesurfer imgreg_4dfp.c
/opt/freesurfer/average/711-2C_as_mni_average_305.4dfp.img
       256       256       256         1
  1.000000  1.000000  1.000000
orientation T byte_order littleendian
Reading image: /opt/freesurfer/average/711-2C_as_mni_average_305.4dfp.img
dimensions:      256       256       256
mmppix:       1.0000   -1.0000   -1.0000
center:     128.0000 -129.0000 -129.0000
/opt/freesurfer/average/711-2B_as_mni_average_305_mask.4dfp.img
       256       256       256         1
  1.000000  1.000000  1.000000
orientation T byte_order littleendian
Reading mask: /opt/freesurfer/average/711-2B_as_mni_average_305_mask.4dfp.img (2306576 pixels)
talsrcimg_g11.4dfp.img
       256       256       256         1
  1.000000  1.000000  1.000000
orientation T byte_order littleendian
Reading image: talsrcimg_g11.4dfp.img
dimensions:      256       256       256
mmppix:       1.0000   -1.0000   -1.0000
center:     128.0000 -129.0000 -129.0000
fimgreg.f
image alignment mode   2311 decimal      907 hex
parameters
   -2.9286  -14.9038    5.0741  -10.0056  -24.3609   -8.8398
    1.0744    6.9379   -0.0404   16.0550   -7.8668  -16.3149
eta,q 0.97243  9.70580
niter,ni,del,rscale     5    3    5.0000    0.8000
parameters
   -2.9048  -14.5757    5.1186   -7.6292  -24.2566   -7.2908
    1.2383    6.6632   -0.2619   16.8114   -8.1826  -17.2015
eta,q 0.97312  9.86168
  0.0287  0.0288  0.0279  0.0286  0.0277  0.0282  0.0277  0.0289  0.0276  0.0283  0.0274  0.0270
  0.0281  0.0282  0.0277  0.0282  0.0274  0.0278  0.0274  0.0279  0.0272  0.0277  0.0271  0.0269
  0.0277  0.0278  0.0276  0.0279  0.0272  0.0275  0.0271  0.0272  0.0270  0.0273  0.0269  0.0269
  0.0276  0.0276  0.0275  0.0275  0.0272  0.0272  0.0270  0.0270  0.0270  0.0270  0.0269  0.0269
  0.0277  0.0276  0.0276  0.0272  0.0272  0.0270  0.0270  0.0273  0.0271  0.0269  0.0270  0.0270
  0.0280  0.0277  0.0277  0.0272  0.0274  0.0270  0.0273  0.0282  0.0273  0.0271  0.0272  0.0271
  0.0286  0.0281  0.0279  0.0276  0.0277  0.0275  0.0277  0.0295  0.0277  0.0278  0.0275  0.0272
niter,ni,del,rscale     4    3    5.0000    0.7000
parameters
   -2.8918  -14.5653    4.9953   -8.2864  -24.3351   -7.3194
    1.2446    6.7831   -0.3280   17.1817   -8.3335  -17.3944
eta,q 0.97313  9.84352
  0.0280  0.0275  0.0273  0.0276  0.0273  0.0277  0.0274  0.0287  0.0274  0.0279  0.0272  0.0271
  0.0274  0.0272  0.0270  0.0273  0.0271  0.0274  0.0272  0.0278  0.0271  0.0274  0.0270  0.0270
  0.0270  0.0270  0.0269  0.0270  0.0269  0.0271  0.0270  0.0271  0.0269  0.0271  0.0269  0.0269
  0.0269  0.0269  0.0269  0.0269  0.0269  0.0269  0.0269  0.0269  0.0269  0.0269  0.0269  0.0269
  0.0270  0.0270  0.0270  0.0271  0.0269  0.0268  0.0269  0.0271  0.0270  0.0269  0.0269  0.0269
  0.0274  0.0272  0.0271  0.0276  0.0271  0.0272  0.0271  0.0276  0.0271  0.0271  0.0271  0.0270
  0.0279  0.0275  0.0274  0.0285  0.0273  0.0281  0.0275  0.0285  0.0274  0.0277  0.0273  0.0271
niter,ni,del,rscale     3    3    5.0000    0.6000
parameters
   -2.8835  -14.4882    4.9656   -8.2603  -24.5027   -7.1172
    1.2272    6.8071   -0.3506   17.3927   -8.3966  -17.6335
eta,q 0.97316  9.84501
  0.0277  0.0274  0.0272  0.0276  0.0271  0.0276  0.0272  0.0282  0.0272  0.0276  0.0271  0.0270
  0.0272  0.0271  0.0270  0.0273  0.0270  0.0273  0.0270  0.0275  0.0270  0.0272  0.0270  0.0269
  0.0270  0.0269  0.0269  0.0270  0.0269  0.0271  0.0269  0.0270  0.0269  0.0270  0.0269  0.0268
  0.0269  0.0269  0.0269  0.0269  0.0269  0.0269  0.0268  0.0268  0.0268  0.0268  0.0268  0.0268
  0.0270  0.0269  0.0269  0.0269  0.0269  0.0268  0.0269  0.0270  0.0269  0.0269  0.0269  0.0269
  0.0272  0.0270  0.0270  0.0272  0.0270  0.0270  0.0270  0.0274  0.0270  0.0271  0.0270  0.0269
  0.0276  0.0273  0.0272  0.0277  0.0272  0.0276  0.0273  0.0281  0.0273  0.0275  0.0272  0.0270
niter,ni,del,rscale     2    3    5.0000    0.5000
parameters
   -2.8722  -14.4482    4.9517   -8.2165  -24.5817   -6.9278
    1.2224    6.8058   -0.3714   17.5327   -8.4320  -17.8052
eta,q 0.97320  9.85047
  0.0274  0.0272  0.0271  0.0274  0.0270  0.0274  0.0271  0.0278  0.0271  0.0273  0.0270  0.0269
  0.0271  0.0270  0.0269  0.0271  0.0269  0.0272  0.0269  0.0272  0.0269  0.0271  0.0269  0.0268
  0.0269  0.0269  0.0269  0.0269  0.0268  0.0270  0.0268  0.0269  0.0268  0.0269  0.0268  0.0268
  0.0268  0.0268  0.0268  0.0268  0.0268  0.0268  0.0268  0.0268  0.0268  0.0268  0.0268  0.0268
  0.0269  0.0269  0.0269  0.0269  0.0268  0.0268  0.0268  0.0269  0.0268  0.0268  0.0268  0.0268
  0.0271  0.0270  0.0269  0.0271  0.0269  0.0270  0.0269  0.0272  0.0269  0.0270  0.0269  0.0269
  0.0274  0.0272  0.0271  0.0274  0.0271  0.0274  0.0271  0.0278  0.0271  0.0273  0.0270  0.0269
niter,ni,del,rscale     1    3    5.0000    0.4000
parameters
   -2.8654  -14.4305    4.9543   -8.1867  -24.6357   -6.7571
    1.2174    6.8011   -0.3797   17.6052   -8.4357  -17.9761
eta,q 0.97321  9.85536
  0.0272  0.0270  0.0270  0.0272  0.0269  0.0272  0.0270  0.0274  0.0270  0.0271  0.0269  0.0268
  0.0270  0.0269  0.0269  0.0270  0.0269  0.0271  0.0269  0.0271  0.0269  0.0270  0.0269  0.0268
  0.0269  0.0268  0.0268  0.0269  0.0268  0.0269  0.0268  0.0269  0.0268  0.0268  0.0268  0.0268
  0.0268  0.0268  0.0268  0.0268  0.0268  0.0268  0.0268  0.0268  0.0268  0.0268  0.0268  0.0268
  0.0268  0.0268  0.0268  0.0268  0.0268  0.0268  0.0268  0.0269  0.0268  0.0268  0.0268  0.0268
  0.0270  0.0269  0.0269  0.0270  0.0269  0.0269  0.0269  0.0271  0.0269  0.0269  0.0269  0.0268
  0.0272  0.0270  0.0270  0.0272  0.0269  0.0272  0.0270  0.0274  0.0270  0.0271  0.0269  0.0269
registration optimization eta report
parameter search radius
    0.8000    0.8000    0.8000    2.4000    2.4000    2.4000
    2.4000    2.4000    2.4000    2.4000    2.4000    2.4000
100000*second partial in parameter space
       55.       35.       26.        7.        2.        7.
        3.       11.        3.        6.        3.        1.
  0.0272  0.0270  0.0270  0.0272  0.0269  0.0272  0.0270  0.0274  0.0270  0.0271  0.0269  0.0268
  0.0270  0.0269  0.0269  0.0270  0.0269  0.0271  0.0269  0.0271  0.0269  0.0270  0.0269  0.0268
  0.0269  0.0268  0.0268  0.0269  0.0268  0.0269  0.0268  0.0269  0.0268  0.0268  0.0268  0.0268
  0.0268  0.0268  0.0268  0.0268  0.0268  0.0268  0.0268  0.0268  0.0268  0.0268  0.0268  0.0268
  0.0268  0.0268  0.0268  0.0268  0.0268  0.0268  0.0268  0.0269  0.0268  0.0268  0.0268  0.0268
  0.0270  0.0269  0.0269  0.0270  0.0269  0.0269  0.0269  0.0271  0.0269  0.0269  0.0269  0.0268
  0.0272  0.0270  0.0270  0.0272  0.0269  0.0272  0.0270  0.0274  0.0270  0.0271  0.0269  0.0269
   -2.8654  -14.4305    4.9543   -8.1867  -24.6357   -6.7571
    1.2174    6.8011   -0.3797   17.6052   -8.4357  -17.9761
eta,q 0.97321  9.85536

---------------------------------------------------------------------
imgreg_4dfp /opt/freesurfer/average/711-2C_as_mni_average_305 /opt/freesurfer/average/711-2B_as_mni_average_305_mask talsrcimg_g11 none talsrcimg_to_711-2C_as_mni_average_305_t4 2311
---------------------------------------------------------------------

freesurfer imgreg_4dfp.c
/opt/freesurfer/average/711-2C_as_mni_average_305.4dfp.img
       256       256       256         1
  1.000000  1.000000  1.000000
orientation T byte_order littleendian
Reading image: /opt/freesurfer/average/711-2C_as_mni_average_305.4dfp.img
dimensions:      256       256       256
mmppix:       1.0000   -1.0000   -1.0000
center:     128.0000 -129.0000 -129.0000
/opt/freesurfer/average/711-2B_as_mni_average_305_mask.4dfp.img
       256       256       256         1
  1.000000  1.000000  1.000000
orientation T byte_order littleendian
Reading mask: /opt/freesurfer/average/711-2B_as_mni_average_305_mask.4dfp.img (2306576 pixels)
talsrcimg_g11.4dfp.img
       256       256       256         1
  1.000000  1.000000  1.000000
orientation T byte_order littleendian
Reading image: talsrcimg_g11.4dfp.img
dimensions:      256       256       256
mmppix:       1.0000   -1.0000   -1.0000
center:     128.0000 -129.0000 -129.0000
fimgreg.f
image alignment mode   2311 decimal      907 hex
parameters
   -2.8654  -14.4305    4.9543   -8.1867  -24.6357   -6.7571
    1.2174    6.8011   -0.3797   17.6052   -8.4357  -17.9761
eta,q 0.97321  9.85536
niter,ni,del,rscale     5    3    5.0000    0.8000
parameters
   -2.8607  -14.4029    4.9416   -8.7307  -24.8294   -7.4782
    1.0846    6.9037   -0.3901   17.4841   -8.3908  -17.6601
eta,q 0.97308  9.80123
  0.0282  0.0277  0.0275  0.0278  0.0274  0.0278  0.0276  0.0291  0.0276  0.0280  0.0274  0.0272
  0.0274  0.0272  0.0271  0.0274  0.0271  0.0274  0.0272  0.0280  0.0272  0.0275  0.0271  0.0271
  0.0269  0.0269  0.0269  0.0270  0.0269  0.0271  0.0270  0.0272  0.0270  0.0271  0.0270  0.0270
  0.0268  0.0268  0.0268  0.0268  0.0268  0.0268  0.0269  0.0269  0.0269  0.0269  0.0269  0.0269
  0.0269  0.0269  0.0269  0.0270  0.0269  0.0269  0.0270  0.0271  0.0270  0.0270  0.0270  0.0269
  0.0274  0.0272  0.0271  0.0276  0.0271  0.0277  0.0273  0.0278  0.0272  0.0274  0.0271  0.0270
  0.0282  0.0277  0.0275  0.0286  0.0275  0.0293  0.0277  0.0289  0.0276  0.0283  0.0274  0.0271
niter,ni,del,rscale     4    3    5.0000    0.7000
parameters
   -2.8577  -14.3872    4.9812   -8.4525  -24.7508   -7.3684
    1.1185    6.8874   -0.3833   17.4910   -8.3818  -17.7436
eta,q 0.97313  9.81924
  0.0279  0.0276  0.0274  0.0279  0.0273  0.0278  0.0274  0.0285  0.0274  0.0278  0.0273  0.0271
  0.0274  0.0272  0.0271  0.0275  0.0271  0.0275  0.0271  0.0277  0.0271  0.0273  0.0270  0.0270
  0.0270  0.0270  0.0270  0.0272  0.0269  0.0272  0.0270  0.0271  0.0269  0.0270  0.0269  0.0269
  0.0269  0.0269  0.0269  0.0269  0.0269  0.0269  0.0269  0.0269  0.0269  0.0269  0.0269  0.0269
  0.0270  0.0270  0.0270  0.0269  0.0269  0.0268  0.0269  0.0271  0.0269  0.0269  0.0269  0.0269
  0.0274  0.0272  0.0271  0.0272  0.0271  0.0271  0.0271  0.0277  0.0271  0.0272  0.0271  0.0270
  0.0279  0.0276  0.0273  0.0278  0.0273  0.0280  0.0274  0.0286  0.0274  0.0279  0.0273  0.0271
niter,ni,del,rscale     3    3    5.0000    0.6000
parameters
   -2.8544  -14.4026    4.9798   -8.3184  -24.6982   -7.1400
    1.1448    6.8598   -0.3809   17.5533   -8.4021  -17.8535
eta,q 0.97317  9.83523
  0.0276  0.0274  0.0272  0.0276  0.0272  0.0276  0.0272  0.0281  0.0272  0.0275  0.0271  0.0270
  0.0272  0.0271  0.0270  0.0273  0.0270  0.0273  0.0270  0.0274  0.0270  0.0272  0.0270  0.0269
  0.0270  0.0269  0.0269  0.0270  0.0269  0.0271  0.0269  0.0270  0.0269  0.0269  0.0269  0.0269
  0.0269  0.0269  0.0269  0.0269  0.0269  0.0269  0.0268  0.0268  0.0268  0.0268  0.0268  0.0268
  0.0270  0.0269  0.0269  0.0269  0.0269  0.0268  0.0269  0.0270  0.0269  0.0269  0.0269  0.0268
  0.0272  0.0271  0.0270  0.0271  0.0270  0.0270  0.0270  0.0274  0.0270  0.0271  0.0270  0.0269
  0.0276  0.0274  0.0272  0.0276  0.0272  0.0276  0.0272  0.0282  0.0272  0.0275  0.0271  0.0270
niter,ni,del,rscale     2    3    5.0000    0.5000
parameters
   -2.8534  -14.4050    4.9628   -8.2443  -24.6783   -6.9420
    1.1513    6.8318   -0.3811   17.6195   -8.4400  -17.9582
eta,q 0.97320  9.84622
  0.0274  0.0272  0.0271  0.0274  0.0270  0.0274  0.0271  0.0277  0.0271  0.0273  0.0270  0.0269
  0.0271  0.0270  0.0269  0.0271  0.0269  0.0272  0.0269  0.0272  0.0269  0.0271  0.0269  0.0268
  0.0269  0.0269  0.0269  0.0270  0.0268  0.0270  0.0268  0.0269  0.0268  0.0269  0.0268  0.0268
  0.0268  0.0268  0.0268  0.0268  0.0268  0.0268  0.0268  0.0268  0.0268  0.0268  0.0268  0.0268
  0.0269  0.0269  0.0269  0.0269  0.0268  0.0268  0.0268  0.0269  0.0268  0.0268  0.0268  0.0268
  0.0271  0.0270  0.0269  0.0270  0.0269  0.0270  0.0269  0.0273  0.0269  0.0270  0.0269  0.0269
  0.0274  0.0272  0.0271  0.0274  0.0270  0.0274  0.0271  0.0278  0.0271  0.0273  0.0270  0.0269
niter,ni,del,rscale     1    3    5.0000    0.4000
parameters
   -2.8557  -14.4106    4.9626   -8.2051  -24.6773   -6.7604
    1.1675    6.8104   -0.3978   17.6585   -8.4331  -17.9904
eta,q 0.97322  9.85322
  0.0272  0.0270  0.0270  0.0272  0.0269  0.0272  0.0270  0.0274  0.0270  0.0271  0.0269  0.0268
  0.0270  0.0269  0.0269  0.0270  0.0269  0.0271  0.0269  0.0271  0.0269  0.0270  0.0268  0.0268
  0.0268  0.0268  0.0268  0.0269  0.0268  0.0269  0.0268  0.0269  0.0268  0.0268  0.0268  0.0268
  0.0268  0.0268  0.0268  0.0268  0.0268  0.0268  0.0268  0.0268  0.0268  0.0268  0.0268  0.0268
  0.0268  0.0268  0.0268  0.0268  0.0268  0.0268  0.0268  0.0269  0.0268  0.0268  0.0268  0.0268
  0.0270  0.0269  0.0269  0.0270  0.0269  0.0269  0.0269  0.0271  0.0269  0.0269  0.0269  0.0268
  0.0272  0.0270  0.0270  0.0272  0.0269  0.0272  0.0270  0.0274  0.0270  0.0271  0.0269  0.0269
registration optimization eta report
parameter search radius
    0.8000    0.8000    0.8000    2.4000    2.4000    2.4000
    2.4000    2.4000    2.4000    2.4000    2.4000    2.4000
100000*second partial in parameter space
       55.       36.       26.        7.        2.        7.
        3.       11.        3.        6.        3.        1.
  0.0272  0.0270  0.0270  0.0272  0.0269  0.0272  0.0270  0.0274  0.0270  0.0271  0.0269  0.0268
  0.0270  0.0269  0.0269  0.0270  0.0269  0.0271  0.0269  0.0271  0.0269  0.0270  0.0268  0.0268
  0.0268  0.0268  0.0268  0.0269  0.0268  0.0269  0.0268  0.0269  0.0268  0.0268  0.0268  0.0268
  0.0268  0.0268  0.0268  0.0268  0.0268  0.0268  0.0268  0.0268  0.0268  0.0268  0.0268  0.0268
  0.0268  0.0268  0.0268  0.0268  0.0268  0.0268  0.0268  0.0269  0.0268  0.0268  0.0268  0.0268
  0.0270  0.0269  0.0269  0.0270  0.0269  0.0269  0.0269  0.0271  0.0269  0.0269  0.0269  0.0268
  0.0272  0.0270  0.0270  0.0272  0.0269  0.0272  0.0270  0.0274  0.0270  0.0271  0.0269  0.0269
   -2.8557  -14.4106    4.9626   -8.2051  -24.6773   -6.7604
    1.1675    6.8104   -0.3978   17.6585   -8.4331  -17.9904
eta,q 0.97322  9.85322

---------------------------------------------------------------------
compute_vox2vox talsrcimg talsrcimg_to_711-2C_as_mni_average_305_t4 /opt/freesurfer/average/711-2C_as_mni_average_305
---------------------------------------------------------------------

freesurfer compute_vox2vox.c
Reading: talsrcimg.4dfp.ifh
Reading: talsrcimg_to_711-2C_as_mni_average_305_t4
Reading: /opt/freesurfer/average/711-2C_as_mni_average_305.4dfp.ifh
Writing: talsrcimg_to_711-2C_as_mni_average_305_t4_vox2vox.txt

start time Fri Mar 13 23:59:44 CET 2026
end		time Fri Mar 13 23:59:59 CET 2026

mpr2mni305 success

avi2talxfm orig_nu.mgz /opt/freesurfer/average/mni305.cor.mgz talsrcimg_to_711-2C_as_mni_average_305_t4_vox2vox.txt transforms/talairach.auto.xfm
avi2talxfm done
mv -f /out/sourcedata/freesurfer/sub-v2s8x29185_ses-1/mri/talsrcimg_to_711-2C_as_mni_average_305_t4_vox2vox.txt /out/sourcedata/freesurfer/sub-v2s8x29185_ses-1/mri/transforms/talsrcimg_to_711-2C_as_mni_average_305_t4_vox2vox.txt
lta_convert --src orig_nu.mgz --trg /opt/freesurfer/average/mni305.cor.mgz --inxfm transforms/talairach.auto.xfm --outlta transforms/talairach.auto.xfm.lta --subject fsaverage
7.3.2

--src: orig_nu.mgz src image (geometry).
--trg: /opt/freesurfer/average/mni305.cor.mgz trg image (geometry).
--inmni: transforms/talairach.auto.xfm input MNI/XFM transform.
--outlta: transforms/talairach.auto.xfm.lta output LTA.
--s: fsaverage subject name
 LTA read, type : 1
 1.08257  -0.07261  -0.03412   2.27415;
 0.09473   1.01974   0.24209  -2.60645;
-0.01649  -0.23945   1.27069   18.19279;
 0.00000   0.00000   0.00000   1.00000;
setting subject to fsaverage
Writing  LTA to file transforms/talairach.auto.xfm.lta...
lta_convert successful.
 
 
Started at Fri Mar 13 23:59:44 CET 2026
Ended   at Fri Mar 13 23:59:59 CET 2026
talairach_avi done
