/out/sourcedata/freesurfer/sub-v2s8x29190_ses-1/mri
/opt/freesurfer/bin/talairach_avi
--i orig_nu.mgz --xfm transforms/talairach.auto.xfm
talairach_avi 7.3.2
Linux dna035 5.14.0-427.37.1.el9_4.x86_64 #1 SMP PREEMPT_DYNAMIC Fri Sep 13 12:41:50 EDT 2024 x86_64 x86_64 x86_64 GNU/Linux
Sat Mar 14 00:13:19 CET 2026
mri_convert orig_nu.mgz talsrcimg.img 
reading from orig_nu.mgz...
TR=0.00, TE=0.00, TI=0.00, flip angle=0.00
i_ras = (-1, 0, 0)
j_ras = (0, 0, -1)
k_ras = (0, 1, 0)
writing to talsrcimg.img...
Analyze Output Matrix
-1.00000   0.00000   0.00000   122.43620;
 0.00000   0.00000   1.00000  -128.00000;
 0.00000  -1.00000   0.00000   129.27710;
 0.00000   0.00000   0.00000   1.00000;
--------------------
INFO: set hdr.hist.orient to -1
mpr2mni305 talsrcimg
Sat Mar 14 00:13:20 CET 2026
/opt/freesurfer/bin/mpr2mni305 talsrcimg
mpr2mni305 7.3.2
target=711-2C_as_mni_average_305

---------------------------------------------------------------------
analyzeto4dfp talsrcimg -O0 -y
---------------------------------------------------------------------

freesurfer ifh2hdr.c
Sat Mar 14 00:13:20 2026
Writing: talsrcimg.4dfp.hdr
freesurfer analyzeto4dfp.c
Reading: talsrcimg.hdr
header size 348 bytes
hdr.dime.datatype	offset=70	value=2
hdr.dime.bitpix		offset=72	value=8
hdr.hist.orient		offset=252	value=-1
dimensionality     4
dimensions       256       256       256         1
Reading: talsrcimg.img
Writing: talsrcimg.4dfp.img
Writing: talsrcimg.4dfp.ifh
ifh2hdr talsrcimg -r0to219
ori=2

---------------------------------------------------------------------
gauss_4dfp talsrcimg 1.1
---------------------------------------------------------------------

freesurfer gauss_4dfp.c
Reading: talsrcimg.4dfp.img
Writing: talsrcimg_g11.4dfp.img
image dimensions 256 256 256 padded to 288 288 288
processing volume 1freesurfer ifh2hdr.c
Sat Mar 14 00:13:22 2026
Writing: talsrcimg_g11.4dfp.hdr

Writing: talsrcimg_g11.4dfp.ifh
including: talsrcimg.4dfp.img.rec in talsrcimg_g11.4dfp.img.rec

---------------------------------------------------------------------
imgreg_4dfp /opt/freesurfer/average/711-2C_as_mni_average_305 none talsrcimg_g11 none talsrcimg_to_711-2C_as_mni_average_305_t4 4355
---------------------------------------------------------------------

freesurfer imgreg_4dfp.c
/opt/freesurfer/average/711-2C_as_mni_average_305.4dfp.img
       256       256       256         1
  1.000000  1.000000  1.000000
orientation T byte_order littleendian
Reading image: /opt/freesurfer/average/711-2C_as_mni_average_305.4dfp.img
dimensions:      256       256       256
mmppix:       1.0000   -1.0000   -1.0000
center:     128.0000 -129.0000 -129.0000
talsrcimg_g11.4dfp.img
       256       256       256         1
  1.000000  1.000000  1.000000
orientation T byte_order littleendian
Reading image: talsrcimg_g11.4dfp.img
dimensions:      256       256       256
mmppix:       1.0000   -1.0000   -1.0000
center:     128.0000 -129.0000 -129.0000
t4_read: open error in t4_sub.f l:  41 t4_file(1:l)talsrcimg_to_711-2C_as_mni_average_305_t4 
t4_read: transform initialized to I4
rotation matrix determinant  1.000000
image alignment mode   4355 decimal     1103 hex
   -7.5000  -45.0000  -45.0000 8724.2666   13.4296
    0.0000  -45.0000  -45.0000 9069.8936   13.4194
    7.5000  -45.0000  -45.0000 8657.3047   13.4199
   -7.5000  -37.5000  -45.0000 9213.3867   13.3761
    0.0000  -37.5000  -45.0000 9606.1338   13.3628
    7.5000  -37.5000  -45.0000 9155.6982   13.3661
   -7.5000  -30.0000  -45.000010035.4141   13.3389
    0.0000  -30.0000  -45.000010463.0781   13.3222
    7.5000  -30.0000  -45.0000 9968.8428   13.3301
   -7.5000  -22.5000  -45.000010836.2832   13.3061
    0.0000  -22.5000  -45.000011270.6191   13.2899
    7.5000  -22.5000  -45.000010745.5850   13.2996
   -7.5000  -15.0000  -45.000011603.1172   13.2855
    0.0000  -15.0000  -45.000012058.5244   13.2716
    7.5000  -15.0000  -45.000011473.8672   13.2778
   -7.5000   -7.5000  -45.000012292.4092   13.2792
    0.0000   -7.5000  -45.000012785.3643   13.2678
    7.5000   -7.5000  -45.000012151.1191   13.2694
   -7.5000    0.0000  -45.000012829.9541   13.2814
    0.0000    0.0000  -45.000013348.2070   13.2709
    7.5000    0.0000  -45.000012681.1562   13.2715
   -7.5000    7.5000  -45.000012344.0986   13.2843
    0.0000    7.5000  -45.000012821.8867   13.2707
    7.5000    7.5000  -45.000012185.3438   13.2741
   -7.5000   15.0000  -45.000011724.4912   13.2840
    0.0000   15.0000  -45.000012184.1270   13.2672
    7.5000   15.0000  -45.000011588.6152   13.2751
   -7.5000   22.5000  -45.000011035.3623   13.2775
    0.0000   22.5000  -45.000011446.4365   13.2613
    7.5000   22.5000  -45.000010886.3584   13.2710
   -7.5000   30.0000  -45.000010224.0664   13.1012
    0.0000   30.0000  -45.000010615.3828   13.0875
    7.5000   30.0000  -45.000010097.5020   13.0936
   -7.5000   37.5000  -45.0000 9757.0908   13.1312
    0.0000   37.5000  -45.000010134.1611   13.1201
    7.5000   37.5000  -45.0000 9624.8418   13.1217
   -7.5000   45.0000  -45.0000 8938.3496   12.8703
    0.0000   45.0000  -45.0000 9258.0859   12.8595
    7.5000   45.0000  -45.0000 8784.7529   12.8595
   -7.5000  -45.0000  -37.5000 9159.1895   13.1988
    0.0000  -45.0000  -37.5000 9516.6738   13.1854
    7.5000  -45.0000  -37.5000 9068.6318   13.1828
   -7.5000  -37.5000  -37.5000 9682.7314   13.1446
    0.0000  -37.5000  -37.500010078.7480   13.1312
    7.5000  -37.5000  -37.5000 9592.7939   13.1337
   -7.5000  -30.0000  -37.500010548.2686   13.1080
    0.0000  -30.0000  -37.500010984.5342   13.0930
    7.5000  -30.0000  -37.500010453.5107   13.1011
   -7.5000  -22.5000  -37.500011378.0986   13.0776
    0.0000  -22.5000  -37.500011833.0566   13.0618
    7.5000  -22.5000  -37.500011272.0684   13.0699
   -7.5000  -15.0000  -37.500012152.9941   13.0584
    0.0000  -15.0000  -37.500012643.9980   13.0422
    7.5000  -15.0000  -37.500012028.4766   13.0442
   -7.5000   -7.5000  -37.500012861.5625   13.0516
    0.0000   -7.5000  -37.500013392.2207   13.0361
    7.5000   -7.5000  -37.500012724.2822   13.0330
   -7.5000    0.0000  -37.500013414.4365   13.0524
    0.0000    0.0000  -37.500013985.3682   13.0387
    7.5000    0.0000  -37.500013283.4795   13.0362
   -7.5000    7.5000  -37.500012907.2822   13.0546
    0.0000    7.5000  -37.500013423.0664   13.0410
    7.5000    7.5000  -37.500012749.1230   13.0436
   -7.5000   15.0000  -37.500012247.8066   13.0549
    0.0000   15.0000  -37.500012746.2412   13.0399
    7.5000   15.0000  -37.500012122.0938   13.0480
   -7.5000   22.5000  -37.500011510.3613   13.0499
    0.0000   22.5000  -37.500011955.3047   13.0340
    7.5000   22.5000  -37.500011372.9072   13.0421
   -7.5000   30.0000  -37.500010657.1855   12.8776
    0.0000   30.0000  -37.500011078.6895   12.8615
    7.5000   30.0000  -37.500010546.3496   12.8635
   -7.5000   37.5000  -37.500010163.4326   12.9055
    0.0000   37.5000  -37.500010565.6416   12.8902
    7.5000   37.5000  -37.500010031.1670   12.8872
   -7.5000   45.0000  -37.5000 9286.9736   12.6467
    0.0000   45.0000  -37.5000 9636.0605   12.6327
    7.5000   45.0000  -37.5000 9130.8506   12.6296
   -7.5000  -45.0000  -30.0000 9801.7959   13.5410
    0.0000  -45.0000  -30.000010195.6494   13.5281
    7.5000  -45.0000  -30.0000 9724.4746   13.5218
   -7.5000  -37.5000  -30.000010378.2471   13.4836
    0.0000  -37.5000  -30.000010790.6982   13.4728
    7.5000  -37.5000  -30.000010281.2100   13.4752
   -7.5000  -30.0000  -30.000011297.0947   13.4471
    0.0000  -30.0000  -30.000011755.1162   13.4360
    7.5000  -30.0000  -30.000011187.5039   13.4458
   -7.5000  -22.5000  -30.000012157.6455   13.4204
    0.0000  -22.5000  -30.000012655.3770   13.4074
    7.5000  -22.5000  -30.000012047.1729   13.4154
   -7.5000  -15.0000  -30.000012968.0596   13.4042
    0.0000  -15.0000  -30.000013501.3682   13.3889
    7.5000  -15.0000  -30.000012840.5908   13.3875
   -7.5000   -7.5000  -30.000013716.1562   13.3957
    0.0000   -7.5000  -30.000014300.3340   13.3799
    7.5000   -7.5000  -30.000013584.7676   13.3719
   -7.5000    0.0000  -30.000014304.5752   13.3930
    0.0000    0.0000  -30.000014923.9258   13.3798
    7.5000    0.0000  -30.000014189.7734   13.3738
   -7.5000    7.5000  -30.000013768.8994   13.3929
    0.0000    7.5000  -30.000014338.2920   13.3819
    7.5000    7.5000  -30.000013644.3477   13.3843
   -7.5000   15.0000  -30.000013070.7881   13.3937
    0.0000   15.0000  -30.000013614.2305   13.3824
    7.5000   15.0000  -30.000012957.5303   13.3922
   -7.5000   22.5000  -30.000012281.2715   13.3910
    0.0000   22.5000  -30.000012765.0820   13.3780
    7.5000   22.5000  -30.000012162.0850   13.3859
   -7.5000   30.0000  -30.000011364.8369   13.2199
    0.0000   30.0000  -30.000011813.4180   13.2048
    7.5000   30.0000  -30.000011264.3691   13.2034
   -7.5000   37.5000  -30.000010817.3398   13.2468
    0.0000   37.5000  -30.000011250.7285   13.2312
    7.5000   37.5000  -30.000010706.1768   13.2233
   -7.5000   45.0000  -30.0000 9863.3848   12.9854
    0.0000   45.0000  -30.000010250.4336   12.9718
    7.5000   45.0000  -30.0000 9726.3652   12.9651
   -7.5000  -45.0000  -22.500010496.9570   13.8976
    0.0000  -45.0000  -22.500010933.4814   13.8873
    7.5000  -45.0000  -22.500010429.2051   13.8777
   -7.5000  -37.5000  -22.500011124.3311   13.8361
    0.0000  -37.5000  -22.500011580.8086   13.8269
    7.5000  -37.5000  -22.500011032.8965   13.8264
   -7.5000  -30.0000  -22.500012121.6885   13.7981
    0.0000  -30.0000  -22.500012622.9443   13.7883
    7.5000  -30.0000  -22.500012011.4990   13.7956
   -7.5000  -22.5000  -22.500013067.2061   13.7732
    0.0000  -22.5000  -22.500013595.8750   13.7627
    7.5000  -22.5000  -22.500012931.3877   13.7680
   -7.5000  -15.0000  -22.500013909.3623   13.7591
    0.0000  -15.0000  -22.500014483.0303   13.7474
    7.5000  -15.0000  -22.500013767.4580   13.7432
   -7.5000   -7.5000  -22.500014683.8359   13.7502
    0.0000   -7.5000  -22.500015311.1396   13.7382
    7.5000   -7.5000  -22.500014550.9570   13.7270
   -7.5000    0.0000  -22.500015275.0469   13.7467
    0.0000    0.0000  -22.500015958.9180   13.7361
    7.5000    0.0000  -22.500015180.6074   13.7268
   -7.5000    7.5000  -22.500014687.5391   13.7440
    0.0000    7.5000  -22.500015318.0176   13.7344
    7.5000    7.5000  -22.500014598.1533   13.7341
   -7.5000   15.0000  -22.500013913.0684   13.7437
    0.0000   15.0000  -22.500014509.0664   13.7337
    7.5000   15.0000  -22.500013841.5371   13.7410
   -7.5000   22.5000  -22.500013058.9209   13.7425
    0.0000   22.5000  -22.500013594.0029   13.7319
    7.5000   22.5000  -22.500012978.1455   13.7372
   -7.5000   30.0000  -22.500012099.8311   13.5718
    0.0000   30.0000  -22.500012587.9736   13.5603
    7.5000   30.0000  -22.500012013.7266   13.5561
   -7.5000   37.5000  -22.500011505.5830   13.5999
    0.0000   37.5000  -22.500011980.2734   13.5880
    7.5000   37.5000  -22.500011430.7012   13.5769
   -7.5000   45.0000  -22.500010477.7598   13.3383
    0.0000   45.0000  -22.500010899.7910   13.3273
    7.5000   45.0000  -22.500010375.5488   13.3174
   -7.5000  -45.0000  -15.000011190.0586   14.1554
    0.0000  -45.0000  -15.000011657.9473   14.1480
    7.5000  -45.0000  -15.000011125.3369   14.1381
   -7.5000  -37.5000  -15.000011862.3691   14.0926
    0.0000  -37.5000  -15.000012370.2139   14.0838
    7.5000  -37.5000  -15.000011768.3086   14.0810
   -7.5000  -30.0000  -15.000012932.3604   14.0536
    0.0000  -30.0000  -15.000013495.3105   14.0433
    7.5000  -30.0000  -15.000012831.1943   14.0468
   -7.5000  -22.5000  -15.000013996.9121   14.0279
    0.0000  -22.5000  -15.000014583.5811   14.0182
    7.5000  -22.5000  -15.000013838.7705   14.0208
   -7.5000  -15.0000  -15.000014919.8633   14.0132
    0.0000  -15.0000  -15.000015520.5049   14.0045
    7.5000  -15.0000  -15.000014737.8008   13.9999
   -7.5000   -7.5000  -15.000015700.6523   14.0049
    0.0000   -7.5000  -15.000016339.6348   13.9969
    7.5000   -7.5000  -15.000015538.4795   13.9864
   -7.5000    0.0000  -15.000016289.7119   14.0023
    0.0000    0.0000  -15.000016993.4961   13.9945
    7.5000    0.0000  -15.000016202.6680   13.9850
   -7.5000    7.5000  -15.000015661.8262   13.9992
    0.0000    7.5000  -15.000016329.4189   13.9901
    7.5000    7.5000  -15.000015576.8672   13.9873
   -7.5000   15.0000  -15.000014827.8721   13.9984
    0.0000   15.0000  -15.000015462.6523   13.9879
    7.5000   15.0000  -15.000014767.4336   13.9914
   -7.5000   22.5000  -15.000013900.8320   13.9963
    0.0000   22.5000  -15.000014481.2520   13.9865
    7.5000   22.5000  -15.000013816.2969   13.9891
   -7.5000   30.0000  -15.000012881.3428   13.8243
    0.0000   30.0000  -15.000013410.9199   13.8157
    7.5000   30.0000  -15.000012797.7598   13.8112
   -7.5000   37.5000  -15.000012253.6924   13.8539
    0.0000   37.5000  -15.000012745.9160   13.8459
    7.5000   37.5000  -15.000012178.3398   13.8357
   -7.5000   45.0000  -15.000011166.9707   13.5941
    0.0000   45.0000  -15.000011591.9023   13.5858
    7.5000   45.0000  -15.000011041.2598   13.5759
   -7.5000  -45.0000   -7.500011933.0586   14.2689
    0.0000  -45.0000   -7.500012457.9434   14.2606
    7.5000  -45.0000   -7.500011866.1777   14.2535
   -7.5000  -37.5000   -7.500012662.8594   14.2101
    0.0000  -37.5000   -7.500013211.7959   14.1979
    7.5000  -37.5000   -7.500012555.8047   14.1946
   -7.5000  -30.0000   -7.500013789.1338   14.1717
    0.0000  -30.0000   -7.500014407.1074   14.1568
    7.5000  -30.0000   -7.500013684.0967   14.1584
   -7.5000  -22.5000   -7.500014937.4014   14.1414
    0.0000  -22.5000   -7.500015566.7891   14.1282
    7.5000  -22.5000   -7.500014788.9590   14.1312
   -7.5000  -15.0000   -7.500015930.5840   14.1224
    0.0000  -15.0000   -7.500016604.8535   14.1124
    7.5000  -15.0000   -7.500015757.4561   14.1112
   -7.5000   -7.5000   -7.500016769.3359   14.1148
    0.0000   -7.5000   -7.500017491.1250   14.1065
    7.5000   -7.5000   -7.500016596.2734   14.1005
   -7.5000    0.0000   -7.500017396.0938   14.1152
    0.0000    0.0000   -7.500018152.9844   14.1064
    7.5000    0.0000   -7.500017281.1133   14.0997
   -7.5000    7.5000   -7.500016720.8750   14.1160
    0.0000    7.5000   -7.500017414.6172   14.1036
    7.5000    7.5000   -7.500016608.6191   14.1004
   -7.5000   15.0000   -7.500015880.4453   14.1161
    0.0000   15.0000   -7.500016506.1934   14.1011
    7.5000   15.0000   -7.500015739.4424   14.1027
   -7.5000   22.5000   -7.500014880.0625   14.1080
    0.0000   22.5000   -7.500015454.9160   14.0948
    7.5000   22.5000   -7.500014723.9961   14.0977
   -7.5000   30.0000   -7.500013787.9893   13.9318
    0.0000   30.0000   -7.500014297.7100   13.9219
    7.5000   30.0000   -7.500013637.0801   13.9207
   -7.5000   37.5000   -7.500013091.8770   13.9617
    0.0000   37.5000   -7.500013588.5703   13.9537
    7.5000   37.5000   -7.500012941.9004   13.9478
   -7.5000   45.0000   -7.500011912.1572   13.7051
    0.0000   45.0000   -7.500012360.8896   13.6960
    7.5000   45.0000   -7.500011724.6416   13.6888
   -7.5000  -45.0000    0.000012638.8467   14.2852
    0.0000  -45.0000    0.000013223.1641   14.2741
    7.5000  -45.0000    0.000012556.4434   14.2696
   -7.5000  -37.5000    0.000013400.7939   14.2310
    0.0000  -37.5000    0.000014026.4141   14.2164
    7.5000  -37.5000    0.000013310.1934   14.2148
   -7.5000  -30.0000    0.000014614.0020   14.1934
    0.0000  -30.0000    0.000015303.7070   14.1758
    7.5000  -30.0000    0.000014531.8047   14.1788
   -7.5000  -22.5000    0.000015825.9102   14.1588
    0.0000  -22.5000    0.000016540.7031   14.1424
    7.5000  -22.5000    0.000015680.9238   14.1473
   -7.5000  -15.0000    0.000016949.7930   14.1356
    0.0000  -15.0000    0.000017707.4141   14.1217
    7.5000  -15.0000    0.000016719.3730   14.1232
   -7.5000   -7.5000    0.000017944.5176   14.1284
    0.0000   -7.5000    0.000018736.7402   14.1165
    7.5000   -7.5000    0.000017633.8262   14.1134
   -7.5000    0.0000    0.000018664.2988   14.1317
    0.0000    0.0000    0.000019474.2891   14.1201
    7.5000    0.0000    0.000018344.7246   14.1159
   -7.5000    7.5000    0.000017904.2754   14.1367
    0.0000    7.5000    0.000018631.7754   14.1219
    7.5000    7.5000    0.000017601.2617   14.1204
   -7.5000   15.0000    0.000016931.8809   14.1377
    0.0000   15.0000    0.000017590.9004   14.1200
    7.5000   15.0000    0.000016640.0645   14.1231
   -7.5000   22.5000    0.000015804.7080   14.1252
    0.0000   22.5000    0.000016410.0078   14.1087
    7.5000   22.5000    0.000015532.2959   14.1137
   -7.5000   30.0000    0.000014586.8193   13.9454
    0.0000   30.0000    0.000015147.3066   13.9316
    7.5000   30.0000    0.000014375.3477   13.9331
   -7.5000   37.5000    0.000013833.1826   13.9749
    0.0000   37.5000    0.000014370.4102   13.9633
    7.5000   37.5000    0.000013666.9014   13.9602
   -7.5000   45.0000    0.000012577.7041   13.7212
    0.0000   45.0000    0.000013042.0273   13.7095
    7.5000   45.0000    0.000012390.6416   13.7047
   -7.5000  -45.0000    7.500012388.1543   14.3105
    0.0000  -45.0000    7.500012961.7119   14.2973
    7.5000  -45.0000    7.500012322.6973   14.2909
   -7.5000  -37.5000    7.500013174.0947   14.2553
    0.0000  -37.5000    7.500013771.6367   14.2416
    7.5000  -37.5000    7.500013089.3105   14.2408
   -7.5000  -30.0000    7.500014397.8584   14.2166
    0.0000  -30.0000    7.500015087.7139   14.2009
    7.5000  -30.0000    7.500014291.2715   14.2064
   -7.5000  -22.5000    7.500015570.4043   14.1824
    0.0000  -22.5000    7.500016335.3486   14.1661
    7.5000  -22.5000    7.500015411.6143   14.1718
   -7.5000  -15.0000    7.500016668.4180   14.1604
    0.0000  -15.0000    7.500017457.5840   14.1441
    7.5000  -15.0000    7.500016418.3496   14.1434
   -7.5000   -7.5000    7.500017701.3750   14.1536
    0.0000   -7.5000    7.500018536.9258   14.1384
    7.5000   -7.5000    7.500017332.7168   14.1319
   -7.5000    0.0000    7.500018461.3184   14.1565
    0.0000    0.0000    7.500019364.8848   14.1429
    7.5000    0.0000    7.500018050.0410   14.1369
   -7.5000    7.5000    7.500017706.7461   14.1607
    0.0000    7.5000    7.500018568.3301   14.1467
    7.5000    7.5000    7.500017356.4258   14.1461
   -7.5000   15.0000    7.500016702.5762   14.1609
    0.0000   15.0000    7.500017486.2168   14.1450
    7.5000   15.0000    7.500016397.0801   14.1506
   -7.5000   22.5000    7.500015559.7119   14.1486
    0.0000   22.5000    7.500016242.4092   14.1322
    7.5000   22.5000    7.500015295.9521   14.1380
   -7.5000   30.0000    7.500014335.8301   13.9699
    0.0000   30.0000    7.500014941.4883   13.9538
    7.5000   30.0000    7.500014122.5801   13.9531
   -7.5000   37.5000    7.500013588.6064   13.9997
    0.0000   37.5000    7.500014171.1016   13.9847
    7.5000   37.5000    7.500013421.9014   13.9783
   -7.5000   45.0000    7.500012322.9912   13.7455
    0.0000   45.0000    7.500012841.2324   13.7316
    7.5000   45.0000    7.500012163.7666   13.7250
   -7.5000  -45.0000   15.000012014.4121   14.3546
    0.0000  -45.0000   15.000012628.0557   14.3422
    7.5000  -45.0000   15.000012000.2178   14.3317
   -7.5000  -37.5000   15.000012810.3262   14.2944
    0.0000  -37.5000   15.000013469.1777   14.2835
    7.5000  -37.5000   15.000012768.0000   14.2822
   -7.5000  -30.0000   15.000014008.1738   14.2537
    0.0000  -30.0000   15.000014758.4434   14.2420
    7.5000  -30.0000   15.000013946.6465   14.2489
   -7.5000  -22.5000   15.000015141.4600   14.2236
    0.0000  -22.5000   15.000015961.5674   14.2103
    7.5000  -22.5000   15.000015041.1797   14.2153
   -7.5000  -15.0000   15.000016152.8408   14.2067
    0.0000  -15.0000   15.000017030.1367   14.1916
    7.5000  -15.0000   15.000016012.8428   14.1868
   -7.5000   -7.5000   15.000017083.9316   14.2001
    0.0000   -7.5000   15.000018053.8398   14.1848
    7.5000   -7.5000   15.000016891.7500   14.1728
   -7.5000    0.0000   15.000017867.5020   14.1997
    0.0000    0.0000   15.000018861.1836   14.1870
    7.5000    0.0000   15.000017597.4473   14.1768
   -7.5000    7.5000   15.000017204.6230   14.1995
    0.0000    7.5000   15.000018119.5898   14.1884
    7.5000    7.5000   15.000016945.1016   14.1872
   -7.5000   15.0000   15.000016272.1025   14.1978
    0.0000   15.0000   15.000017106.9902   14.1860
    7.5000   15.0000   15.000016047.5869   14.1929
   -7.5000   22.5000   15.000015150.7568   14.1897
    0.0000   22.5000   15.000015878.9375   14.1763
    7.5000   22.5000   15.000014940.4473   14.1814
   -7.5000   30.0000   15.000013927.6758   14.0155
    0.0000   30.0000   15.000014582.5000   14.0006
    7.5000   30.0000   15.000013769.1826   13.9958
   -7.5000   37.5000   15.000013167.7959   14.0461
    0.0000   37.5000   15.000013775.4531   14.0310
    7.5000   37.5000   15.000013040.3027   14.0191
   -7.5000   45.0000   15.000011906.7588   13.7885
    0.0000   45.0000   15.000012424.7236   13.7753
    7.5000   45.0000   15.000011785.6748   13.7646
   -7.5000  -45.0000   22.500011472.3848   14.4075
    0.0000  -45.0000   22.500012142.3369   14.3970
    7.5000  -45.0000   22.500011549.5488   14.3837
   -7.5000  -37.5000   22.500012250.5781   14.3419
    0.0000  -37.5000   22.500012959.3721   14.3323
    7.5000  -37.5000   22.500012288.3398   14.3290
   -7.5000  -30.0000   22.500013406.1152   14.3003
    0.0000  -30.0000   22.500014197.5371   14.2899
    7.5000  -30.0000   22.500013421.2568   14.2949
   -7.5000  -22.5000   22.500014492.8447   14.2746
    0.0000  -22.5000   22.500015361.9629   14.2632
    7.5000  -22.5000   22.500014465.8350   14.2659
   -7.5000  -15.0000   22.500015444.2754   14.2620
    0.0000  -15.0000   22.500016382.2246   14.2496
    7.5000  -15.0000   22.500015400.6279   14.2419
   -7.5000   -7.5000   22.500016316.7256   14.2548
    0.0000   -7.5000   22.500017335.2598   14.2423
    7.5000   -7.5000   22.500016234.2148   14.2272
   -7.5000    0.0000   22.500017052.8398   14.2513
    0.0000    0.0000   22.500018077.6504   14.2405
    7.5000    0.0000   22.500016891.1055   14.2275
   -7.5000    7.5000   22.500016394.6113   14.2465
    0.0000    7.5000   22.500017324.8027   14.2366
    7.5000    7.5000   22.500016237.1309   14.2334
   -7.5000   15.0000   22.500015514.2070   14.2441
    0.0000   15.0000   22.500016364.9248   14.2335
    7.5000   15.0000   22.500015370.4961   14.2385
   -7.5000   22.5000   22.500014449.6436   14.2406
    0.0000   22.5000   22.500015218.7070   14.2292
    7.5000   22.5000   22.500014318.0303   14.2318
   -7.5000   30.0000   22.500013267.8701   14.0699
    0.0000   30.0000   22.500013967.6035   14.0576
    7.5000   30.0000   22.500013183.5908   14.0500
   -7.5000   37.5000   22.500012554.2734   14.1010
    0.0000   37.5000   22.500013189.7959   14.0885
    7.5000   37.5000   22.500012465.2363   14.0736
   -7.5000   45.0000   22.500011345.7568   13.8398
    0.0000   45.0000   22.500011879.8145   13.8285
    7.5000   45.0000   22.500011254.7646   13.8150
   -7.5000  -45.0000   30.000010857.4326   14.5768
    0.0000  -45.0000   30.000011494.6172   14.5685
    7.5000  -45.0000   30.000010914.7930   14.5564
   -7.5000  -37.5000   30.000011606.9570   14.5103
    0.0000  -37.5000   30.000012250.0957   14.5001
    7.5000  -37.5000   30.000011611.5273   14.4955
   -7.5000  -30.0000   30.000012712.9287   14.4692
    0.0000  -30.0000   30.000013450.4434   14.4571
    7.5000  -30.0000   30.000012714.5703   14.4593
   -7.5000  -22.5000   30.000013727.0146   14.4431
    0.0000  -22.5000   30.000014549.8867   14.4318
    7.5000  -22.5000   30.000013734.1660   14.4331
   -7.5000  -15.0000   30.000014646.9570   14.4290
    0.0000  -15.0000   30.000015528.7578   14.4193
    7.5000  -15.0000   30.000014661.4365   14.4128
   -7.5000   -7.5000   30.000015505.1992   14.4206
    0.0000   -7.5000   30.000016460.3496   14.4117
    7.5000   -7.5000   30.000015487.2402   14.3990
   -7.5000    0.0000   30.000016201.1348   14.4169
    0.0000    0.0000   30.000017162.5137   14.4082
    7.5000    0.0000   30.000016128.3164   14.3965
   -7.5000    7.5000   30.000015568.1475   14.4126
    0.0000    7.5000   30.000016476.3613   14.4021
    7.5000    7.5000   30.000015523.5400   14.3976
   -7.5000   15.0000   30.000014720.5840   14.4114
    0.0000   15.0000   30.000015584.5957   14.3992
    7.5000   15.0000   30.000014684.3682   14.4014
   -7.5000   22.5000   30.000013726.9531   14.4086
    0.0000   22.5000   30.000014535.2412   14.3972
    7.5000   22.5000   30.000013671.4170   14.3984
   -7.5000   30.0000   30.000012595.9092   14.2345
    0.0000   30.0000   30.000013339.9365   14.2248
    7.5000   30.0000   30.000012551.4912   14.2184
   -7.5000   37.5000   30.000011874.0869   14.2656
    0.0000   37.5000   30.000012545.5625   14.2568
    7.5000   37.5000   30.000011808.7305   14.2442
   -7.5000   45.0000   30.000010682.7539   14.0019
    0.0000   45.0000   30.000011241.5068   13.9927
    7.5000   45.0000   30.000010605.3662   13.9806
   -7.5000  -45.0000   37.500010617.1533   14.7974
    0.0000  -45.0000   37.500011186.4785   14.7889
    7.5000  -45.0000   37.500010623.0605   14.7806
   -7.5000  -37.5000   37.500011329.0859   14.7346
    0.0000  -37.5000   37.500011923.2158   14.7221
    7.5000  -37.5000   37.500011296.9805   14.7179
   -7.5000  -30.0000   37.500012406.5879   14.6933
    0.0000  -30.0000   37.500013082.3662   14.6778
    7.5000  -30.0000   37.500012380.7734   14.6790
   -7.5000  -22.5000   37.500013419.8906   14.6615
    0.0000  -22.5000   37.500014153.8838   14.6477
    7.5000  -22.5000   37.500013413.3389   14.6503
   -7.5000  -15.0000   37.500014352.8359   14.6418
    0.0000  -15.0000   37.500015152.7217   14.6313
    7.5000  -15.0000   37.500014345.5449   14.6293
   -7.5000   -7.5000   37.500015201.7588   14.6337
    0.0000   -7.5000   37.500016119.6621   14.6251
    7.5000   -7.5000   37.500015196.0811   14.6178
   -7.5000    0.0000   37.500015837.3291   14.6335
    0.0000    0.0000   37.500016796.5039   14.6246
    7.5000    0.0000   37.500015847.8848   14.6165
   -7.5000    7.5000   37.500015224.8242   14.6337
    0.0000    7.5000   37.500016137.6885   14.6209
    7.5000    7.5000   37.500015263.4814   14.6169
   -7.5000   15.0000   37.500014394.3643   14.6336
    0.0000   15.0000   37.500015274.7529   14.6180
    7.5000   15.0000   37.500014436.1621   14.6193
   -7.5000   22.5000   37.500013406.9014   14.6259
    0.0000   22.5000   37.500014230.3037   14.6121
    7.5000   22.5000   37.500013411.1406   14.6147
   -7.5000   30.0000   37.500012294.2109   14.4443
    0.0000   30.0000   37.500013022.8604   14.4339
    7.5000   30.0000   37.500012283.9248   14.4319
   -7.5000   37.5000   37.500011570.0469   14.4764
    0.0000   37.5000   37.500012199.8262   14.4680
    7.5000   37.5000   37.500011522.6904   14.4609
   -7.5000   45.0000   37.500010380.2305   14.2130
    0.0000   45.0000   37.500010897.9590   14.2038
    7.5000   45.0000   37.500010319.9629   14.1952
   -7.5000  -45.0000   45.0000 9886.1553   15.0402
    0.0000  -45.0000   45.000010364.9551   15.0281
    7.5000  -45.0000   45.0000 9871.5811   15.0225
   -7.5000  -37.5000   45.000010530.4414   14.9824
    0.0000  -37.5000   45.000011046.3740   14.9670
    7.5000  -37.5000   45.000010498.3486   14.9648
   -7.5000  -30.0000   45.000011529.4238   14.9407
    0.0000  -30.0000   45.000012093.9668   14.9227
    7.5000  -30.0000   45.000011497.3232   14.9259
   -7.5000  -22.5000   45.000012481.3506   14.9028
    0.0000  -22.5000   45.000013088.1299   14.8862
    7.5000  -22.5000   45.000012452.7061   14.8915
   -7.5000  -15.0000   45.000013391.8936   14.8773
    0.0000  -15.0000   45.000014058.5176   14.8630
    7.5000  -15.0000   45.000013361.5625   14.8642
   -7.5000   -7.5000   45.000014193.3965   14.8688
    0.0000   -7.5000   45.000014980.5684   14.8560
    7.5000   -7.5000   45.000014172.8232   14.8520
   -7.5000    0.0000   45.000014762.6533   14.8718
    0.0000    0.0000   45.000015596.0879   14.8592
    7.5000    0.0000   45.000014770.0762   14.8539
   -7.5000    7.5000   45.000014204.1514   14.8772
    0.0000    7.5000   45.000015002.8428   14.8615
    7.5000    7.5000   45.000014205.1572   14.8595
   -7.5000   15.0000   45.000013429.5928   14.8786
    0.0000   15.0000   45.000014176.1152   14.8605
    7.5000   15.0000   45.000013403.2959   14.8638
   -7.5000   22.5000   45.000012465.1445   14.8657
    0.0000   22.5000   45.000013155.6152   14.8491
    7.5000   22.5000   45.000012399.2461   14.8544
   -7.5000   30.0000   45.000011418.2373   14.6754
    0.0000   30.0000   45.000012025.4062   14.6612
    7.5000   30.0000   45.000011334.8652   14.6624
   -7.5000   37.5000   45.000010732.6709   14.7078
    0.0000   37.5000   45.000011258.4248   14.6954
    7.5000   37.5000   45.000010633.9707   14.6914
   -7.5000   45.0000   45.0000 9608.2090   14.4527
    0.0000   45.0000   45.000010052.1348   14.4398
    7.5000   45.0000   45.0000 9525.2090   14.4339

---------------------------------------------------------------------
imgreg_4dfp /opt/freesurfer/average/711-2C_as_mni_average_305 /opt/freesurfer/average/711-2B_as_mni_average_305_mask talsrcimg_g11 none talsrcimg_to_711-2C_as_mni_average_305_t4 4355
---------------------------------------------------------------------

freesurfer imgreg_4dfp.c
/opt/freesurfer/average/711-2C_as_mni_average_305.4dfp.img
       256       256       256         1
  1.000000  1.000000  1.000000
orientation T byte_order littleendian
Reading image: /opt/freesurfer/average/711-2C_as_mni_average_305.4dfp.img
dimensions:      256       256       256
mmppix:       1.0000   -1.0000   -1.0000
center:     128.0000 -129.0000 -129.0000
/opt/freesurfer/average/711-2B_as_mni_average_305_mask.4dfp.img
       256       256       256         1
  1.000000  1.000000  1.000000
orientation T byte_order littleendian
Reading mask: /opt/freesurfer/average/711-2B_as_mni_average_305_mask.4dfp.img (2306576 pixels)
talsrcimg_g11.4dfp.img
       256       256       256         1
  1.000000  1.000000  1.000000
orientation T byte_order littleendian
Reading image: talsrcimg_g11.4dfp.img
dimensions:      256       256       256
mmppix:       1.0000   -1.0000   -1.0000
center:     128.0000 -129.0000 -129.0000
rotation matrix determinant  1.000000
image alignment mode   4355 decimal     1103 hex
   -7.5000  -45.0000  -45.0000 2341.6614   17.4580
    0.0000  -45.0000  -45.0000 2346.0515   17.4307
    7.5000  -45.0000  -45.0000 2328.2539   17.6384
   -7.5000  -37.5000  -45.0000 2404.9700   16.3157
    0.0000  -37.5000  -45.0000 2414.7324   16.3157
    7.5000  -37.5000  -45.0000 2395.7034   16.5399
   -7.5000  -30.0000  -45.0000 2456.4788   15.4568
    0.0000  -30.0000  -45.0000 2462.9761   15.4896
    7.5000  -30.0000  -45.0000 2439.9478   15.6758
   -7.5000  -22.5000  -45.0000 2494.4180   14.8869
    0.0000  -22.5000  -45.0000 2494.8242   14.8945
    7.5000  -22.5000  -45.0000 2474.0854   15.1117
   -7.5000  -15.0000  -45.0000 2512.8364   14.5484
    0.0000  -15.0000  -45.0000 2508.8523   14.5357
    7.5000  -15.0000  -45.0000 2486.8115   14.7631
   -7.5000   -7.5000  -45.0000 2510.3135   14.4830
    0.0000   -7.5000  -45.0000 2507.9697   14.4829
    7.5000   -7.5000  -45.0000 2482.1494   14.6926
   -7.5000    0.0000  -45.0000 2486.2446   14.6981
    0.0000    0.0000  -45.0000 2489.2837   14.6904
    7.5000    0.0000  -45.0000 2462.8176   14.9184
   -7.5000    7.5000  -45.0000 2446.1184   15.1389
    0.0000    7.5000  -45.0000 2449.6980   15.1249
    7.5000    7.5000  -45.0000 2422.0405   15.3512
   -7.5000   15.0000  -45.0000 2389.4241   15.8378
    0.0000   15.0000  -45.0000 2392.1096   15.8039
    7.5000   15.0000  -45.0000 2369.3269   16.0577
   -7.5000   22.5000  -45.0000 2321.8359   16.8672
    0.0000   22.5000  -45.0000 2321.7595   16.8060
    7.5000   22.5000  -45.0000 2299.0901   17.0783
   -7.5000   30.0000  -45.0000 2236.1697   18.3112
    0.0000   30.0000  -45.0000 2234.9841   18.2002
    7.5000   30.0000  -45.0000 2218.0359   18.4689
   -7.5000   37.5000  -45.0000 2139.0574   20.1998
    0.0000   37.5000  -45.0000 2143.6587   20.1064
    7.5000   37.5000  -45.0000 2127.1895   20.3298
   -7.5000   45.0000  -45.0000 2040.5601   22.6793
    0.0000   45.0000  -45.0000 2036.2277   22.5526
    7.5000   45.0000  -45.0000 2019.6617   22.8308
   -7.5000  -45.0000  -37.5000 2413.0662   16.2873
    0.0000  -45.0000  -37.5000 2413.5474   16.2575
    7.5000  -45.0000  -37.5000 2394.6741   16.4473
   -7.5000  -37.5000  -37.5000 2485.5249   15.2399
    0.0000  -37.5000  -37.5000 2488.7544   15.2337
    7.5000  -37.5000  -37.5000 2465.0374   15.4182
   -7.5000  -30.0000  -37.5000 2538.6394   14.4435
    0.0000  -30.0000  -37.5000 2540.6604   14.4483
    7.5000  -30.0000  -37.5000 2517.9248   14.6242
   -7.5000  -22.5000  -37.5000 2581.4934   13.8634
    0.0000  -22.5000  -37.5000 2581.2913   13.8537
    7.5000  -22.5000  -37.5000 2559.6958   14.0510
   -7.5000  -15.0000  -37.5000 2607.0159   13.5059
    0.0000  -15.0000  -37.5000 2604.5679   13.5006
    7.5000  -15.0000  -37.5000 2580.3447   13.7023
   -7.5000   -7.5000  -37.5000 2606.9390   13.4191
    0.0000   -7.5000  -37.5000 2606.1636   13.4113
    7.5000   -7.5000  -37.5000 2579.4309   13.6018
   -7.5000    0.0000  -37.5000 2579.8540   13.6019
    0.0000    0.0000  -37.5000 2584.3232   13.5834
    7.5000    0.0000  -37.5000 2558.0137   13.7781
   -7.5000    7.5000  -37.5000 2536.7363   13.9887
    0.0000    7.5000  -37.5000 2541.4062   13.9617
    7.5000    7.5000  -37.5000 2514.2937   14.1767
   -7.5000   15.0000  -37.5000 2479.8635   14.6262
    0.0000   15.0000  -37.5000 2481.0237   14.5961
    7.5000   15.0000  -37.5000 2457.1211   14.8163
   -7.5000   22.5000  -37.5000 2407.8547   15.5560
    0.0000   22.5000  -37.5000 2405.4800   15.5052
    7.5000   22.5000  -37.5000 2382.8264   15.7426
   -7.5000   30.0000  -37.5000 2318.4429   16.8202
    0.0000   30.0000  -37.5000 2319.4739   16.7285
    7.5000   30.0000  -37.5000 2300.0771   16.9849
   -7.5000   37.5000  -37.5000 2222.8787   18.5097
    0.0000   37.5000  -37.5000 2226.8594   18.4317
    7.5000   37.5000  -37.5000 2203.9839   18.6412
   -7.5000   45.0000  -37.5000 2119.7820   20.7604
    0.0000   45.0000  -37.5000 2116.1167   20.6300
    7.5000   45.0000  -37.5000 2090.3540   20.8520
   -7.5000  -45.0000  -30.0000 2530.4126   15.7883
    0.0000  -45.0000  -30.0000 2531.6953   15.7785
    7.5000  -45.0000  -30.0000 2512.5305   15.9720
   -7.5000  -37.5000  -30.0000 2608.1560   14.7660
    0.0000  -37.5000  -30.0000 2607.8491   14.7559
    7.5000  -37.5000  -30.0000 2585.5718   14.9508
   -7.5000  -30.0000  -30.0000 2668.6987   13.9648
    0.0000  -30.0000  -30.0000 2666.7861   13.9579
    7.5000  -30.0000  -30.0000 2644.2339   14.1527
   -7.5000  -22.5000  -30.0000 2712.6338   13.3769
    0.0000  -22.5000  -30.0000 2713.0654   13.3618
    7.5000  -22.5000  -30.0000 2689.8933   13.5322
   -7.5000  -15.0000  -30.0000 2743.6736   13.0079
    0.0000  -15.0000  -30.0000 2742.3293   12.9750
    7.5000  -15.0000  -30.0000 2716.1448   13.1613
   -7.5000   -7.5000  -30.0000 2748.8948   12.8643
    0.0000   -7.5000  -30.0000 2751.1619   12.8418
    7.5000   -7.5000  -30.0000 2719.9727   13.0151
   -7.5000    0.0000  -30.0000 2728.0281   13.0029
    0.0000    0.0000  -30.0000 2730.3472   12.9720
    7.5000    0.0000  -30.0000 2701.7502   13.1582
   -7.5000    7.5000  -30.0000 2684.5757   13.3623
    0.0000    7.5000  -30.0000 2686.0574   13.3271
    7.5000    7.5000  -30.0000 2660.1572   13.5293
   -7.5000   15.0000  -30.0000 2622.5823   13.9440
    0.0000   15.0000  -30.0000 2624.1245   13.9156
    7.5000   15.0000  -30.0000 2599.3796   14.1390
   -7.5000   22.5000  -30.0000 2545.6882   14.7866
    0.0000   22.5000  -30.0000 2546.3110   14.7399
    7.5000   22.5000  -30.0000 2522.2676   14.9888
   -7.5000   30.0000  -30.0000 2451.4717   15.9750
    0.0000   30.0000  -30.0000 2454.8110   15.8969
    7.5000   30.0000  -30.0000 2432.1560   16.1528
   -7.5000   37.5000  -30.0000 2349.9045   17.5899
    0.0000   37.5000  -30.0000 2353.3684   17.4946
    7.5000   37.5000  -30.0000 2332.3840   17.7027
   -7.5000   45.0000  -30.0000 2242.1504   19.6598
    0.0000   45.0000  -30.0000 2240.0061   19.5553
    7.5000   45.0000  -30.0000 2215.0757   19.7690
   -7.5000  -45.0000  -22.5000 2616.2048   15.3017
    0.0000  -45.0000  -22.5000 2622.4729   15.2793
    7.5000  -45.0000  -22.5000 2608.7646   15.4465
   -7.5000  -37.5000  -22.5000 2699.4775   14.2678
    0.0000  -37.5000  -22.5000 2702.0193   14.2308
    7.5000  -37.5000  -22.5000 2684.6521   14.3998
   -7.5000  -30.0000  -22.5000 2762.3528   13.4531
    0.0000  -30.0000  -22.5000 2761.1443   13.4377
    7.5000  -30.0000  -22.5000 2739.9839   13.6097
   -7.5000  -22.5000  -22.5000 2812.3376   12.8671
    0.0000  -22.5000  -22.5000 2810.4250   12.8369
    7.5000  -22.5000  -22.5000 2783.3013   13.0197
   -7.5000  -15.0000  -22.5000 2843.6211   12.4783
    0.0000  -15.0000  -22.5000 2841.0981   12.4447
    7.5000  -15.0000  -22.5000 2808.7498   12.6440
   -7.5000   -7.5000  -22.5000 2853.0435   12.3060
    0.0000   -7.5000  -22.5000 2855.8101   12.2547
    7.5000   -7.5000  -22.5000 2820.5430   12.4591
   -7.5000    0.0000  -22.5000 2839.0691   12.3789
    0.0000    0.0000  -22.5000 2841.1511   12.3472
    7.5000    0.0000  -22.5000 2805.5823   12.5404
   -7.5000    7.5000  -22.5000 2799.5618   12.6750
    0.0000    7.5000  -22.5000 2799.2231   12.6375
    7.5000    7.5000  -22.5000 2771.8943   12.8601
   -7.5000   15.0000  -22.5000 2733.0168   13.2101
    0.0000   15.0000  -22.5000 2734.2891   13.1745
    7.5000   15.0000  -22.5000 2710.9797   13.4121
   -7.5000   22.5000  -22.5000 2651.4189   14.0171
    0.0000   22.5000  -22.5000 2653.6240   13.9615
    7.5000   22.5000  -22.5000 2629.4949   14.2180
   -7.5000   30.0000  -22.5000 2556.5659   15.1522
    0.0000   30.0000  -22.5000 2558.1182   15.0868
    7.5000   30.0000  -22.5000 2533.4297   15.3343
   -7.5000   37.5000  -22.5000 2450.5286   16.6681
    0.0000   37.5000  -22.5000 2452.2878   16.5910
    7.5000   37.5000  -22.5000 2431.4160   16.8208
   -7.5000   45.0000  -22.5000 2332.0837   18.6006
    0.0000   45.0000  -22.5000 2331.8459   18.5114
    7.5000   45.0000  -22.5000 2310.4956   18.7523
   -7.5000  -45.0000  -15.0000 2668.6973   14.8489
    0.0000  -45.0000  -15.0000 2676.9885   14.8256
    7.5000  -45.0000  -15.0000 2664.4802   15.0056
   -7.5000  -37.5000  -15.0000 2751.4126   13.8040
    0.0000  -37.5000  -15.0000 2761.3357   13.7571
    7.5000  -37.5000  -15.0000 2739.7351   13.9287
   -7.5000  -30.0000  -15.0000 2815.2542   12.9947
    0.0000  -30.0000  -15.0000 2822.5913   12.9522
    7.5000  -30.0000  -15.0000 2799.7234   13.1277
   -7.5000  -22.5000  -15.0000 2871.5288   12.3916
    0.0000  -22.5000  -15.0000 2871.5515   12.3646
    7.5000  -22.5000  -15.0000 2843.9019   12.5433
   -7.5000  -15.0000  -15.0000 2906.3513   12.0162
    0.0000  -15.0000  -15.0000 2903.2637   11.9955
    7.5000  -15.0000  -15.0000 2874.7019   12.1852
   -7.5000   -7.5000  -15.0000 2920.4890   11.8212
    0.0000   -7.5000  -15.0000 2917.7141   11.7805
    7.5000   -7.5000  -15.0000 2888.0142   11.9846
   -7.5000    0.0000  -15.0000 2906.8794   11.8385
    0.0000    0.0000  -15.0000 2913.3337   11.7967
    7.5000    0.0000  -15.0000 2878.7747   12.0277
   -7.5000    7.5000  -15.0000 2874.3884   12.1023
    0.0000    7.5000  -15.0000 2879.1904   12.0392
    7.5000    7.5000  -15.0000 2845.8789   12.2923
   -7.5000   15.0000  -15.0000 2811.7820   12.5770
    0.0000   15.0000  -15.0000 2816.7808   12.5356
    7.5000   15.0000  -15.0000 2786.8777   12.7842
   -7.5000   22.5000  -15.0000 2731.2744   13.3443
    0.0000   22.5000  -15.0000 2736.0469   13.3010
    7.5000   22.5000  -15.0000 2707.5029   13.5457
   -7.5000   30.0000  -15.0000 2632.6333   14.4183
    0.0000   30.0000  -15.0000 2634.8965   14.3582
    7.5000   30.0000  -15.0000 2609.1868   14.6038
   -7.5000   37.5000  -15.0000 2522.7473   15.8652
    0.0000   37.5000  -15.0000 2520.6809   15.7875
    7.5000   37.5000  -15.0000 2501.5938   16.0330
   -7.5000   45.0000  -15.0000 2397.5557   17.7173
    0.0000   45.0000  -15.0000 2396.8452   17.5994
    7.5000   45.0000  -15.0000 2376.1553   17.8748
   -7.5000  -45.0000   -7.5000 2700.0745   14.4871
    0.0000  -45.0000   -7.5000 2711.9514   14.4620
    7.5000  -45.0000   -7.5000 2692.9822   14.6445
   -7.5000  -37.5000   -7.5000 2781.0952   13.4131
    0.0000  -37.5000   -7.5000 2792.1965   13.3610
    7.5000  -37.5000   -7.5000 2770.7881   13.5372
   -7.5000  -30.0000   -7.5000 2843.4963   12.5971
    0.0000  -30.0000   -7.5000 2855.7488   12.5431
    7.5000  -30.0000   -7.5000 2832.1167   12.7078
   -7.5000  -22.5000   -7.5000 2905.0784   11.9924
    0.0000  -22.5000   -7.5000 2906.4070   11.9486
    7.5000  -22.5000   -7.5000 2882.8372   12.1360
   -7.5000  -15.0000   -7.5000 2936.2583   11.6256
    0.0000  -15.0000   -7.5000 2939.8645   11.5764
    7.5000  -15.0000   -7.5000 2915.5862   11.7796
   -7.5000   -7.5000   -7.5000 2953.5088   11.4405
    0.0000   -7.5000   -7.5000 2956.6567   11.3891
    7.5000   -7.5000   -7.5000 2927.9534   11.5830
   -7.5000    0.0000   -7.5000 2949.8459   11.4086
    0.0000    0.0000   -7.5000 2956.6785   11.3696
    7.5000    0.0000   -7.5000 2922.0229   11.5915
   -7.5000    7.5000   -7.5000 2923.0491   11.6384
    0.0000    7.5000   -7.5000 2926.3914   11.5832
    7.5000    7.5000   -7.5000 2892.3633   11.8339
   -7.5000   15.0000   -7.5000 2866.3657   12.0943
    0.0000   15.0000   -7.5000 2867.8501   12.0457
    7.5000   15.0000   -7.5000 2836.9426   12.2938
   -7.5000   22.5000   -7.5000 2786.4709   12.8249
    0.0000   22.5000   -7.5000 2791.0740   12.7544
    7.5000   22.5000   -7.5000 2761.7463   12.9905
   -7.5000   30.0000   -7.5000 2687.2634   13.8553
    0.0000   30.0000   -7.5000 2691.8247   13.7576
    7.5000   30.0000   -7.5000 2661.7190   14.0048
   -7.5000   37.5000   -7.5000 2574.6345   15.2259
    0.0000   37.5000   -7.5000 2576.2568   15.1412
    7.5000   37.5000   -7.5000 2547.8071   15.3746
   -7.5000   45.0000   -7.5000 2447.8423   17.0087
    0.0000   45.0000   -7.5000 2449.1021   16.8867
    7.5000   45.0000   -7.5000 2420.5671   17.1295
   -7.5000  -45.0000    0.0000 2711.4880   14.2440
    0.0000  -45.0000    0.0000 2721.0286   14.2276
    7.5000  -45.0000    0.0000 2704.1980   14.3775
   -7.5000  -37.5000    0.0000 2790.0356   13.1368
    0.0000  -37.5000    0.0000 2798.4321   13.1067
    7.5000  -37.5000    0.0000 2783.1509   13.2407
   -7.5000  -30.0000    0.0000 2856.9849   12.2885
    0.0000  -30.0000    0.0000 2866.9114   12.2617
    7.5000  -30.0000    0.0000 2846.8105   12.4122
   -7.5000  -22.5000    0.0000 2916.1978   11.7187
    0.0000  -22.5000    0.0000 2922.1145   11.6689
    7.5000  -22.5000    0.0000 2897.1870   11.8494
   -7.5000  -15.0000    0.0000 2952.8994   11.3797
    0.0000  -15.0000    0.0000 2957.5876   11.3238
    7.5000  -15.0000    0.0000 2927.3127   11.4754
   -7.5000   -7.5000    0.0000 2976.6062   11.2520
    0.0000   -7.5000    0.0000 2977.3542   11.1801
    7.5000   -7.5000    0.0000 2950.7659   11.2940
   -7.5000    0.0000    0.0000 2979.4463   11.2142
    0.0000    0.0000    0.0000 2983.3870   11.1518
    7.5000    0.0000    0.0000 2952.3496   11.2822
   -7.5000    7.5000    0.0000 2955.2561   11.3863
    0.0000    7.5000    0.0000 2958.4814   11.3523
    7.5000    7.5000    0.0000 2922.8181   11.5039
   -7.5000   15.0000    0.0000 2900.4075   11.8124
    0.0000   15.0000    0.0000 2905.0601   11.7630
    7.5000   15.0000    0.0000 2869.8069   11.9533
   -7.5000   22.5000    0.0000 2822.0173   12.4751
    0.0000   22.5000    0.0000 2825.9832   12.4195
    7.5000   22.5000    0.0000 2795.4453   12.6177
   -7.5000   30.0000    0.0000 2720.7407   13.4359
    0.0000   30.0000    0.0000 2727.7622   13.3702
    7.5000   30.0000    0.0000 2700.3201   13.5730
   -7.5000   37.5000    0.0000 2606.3081   14.7741
    0.0000   37.5000    0.0000 2608.9536   14.7149
    7.5000   37.5000    0.0000 2584.5188   14.9127
   -7.5000   45.0000    0.0000 2480.8953   16.5025
    0.0000   45.0000    0.0000 2482.0706   16.4282
    7.5000   45.0000    0.0000 2453.6934   16.6351
   -7.5000  -45.0000    7.5000 2703.6140   14.1320
    0.0000  -45.0000    7.5000 2716.1575   14.1085
    7.5000  -45.0000    7.5000 2702.5386   14.2253
   -7.5000  -37.5000    7.5000 2783.5959   13.0055
    0.0000  -37.5000    7.5000 2792.5435   12.9699
    7.5000  -37.5000    7.5000 2781.5483   13.0742
   -7.5000  -30.0000    7.5000 2851.8730   12.1683
    0.0000  -30.0000    7.5000 2856.6875   12.1430
    7.5000  -30.0000    7.5000 2842.2529   12.2561
   -7.5000  -22.5000    7.5000 2906.1218   11.5905
    0.0000  -22.5000    7.5000 2913.9102   11.5704
    7.5000  -22.5000    7.5000 2888.5720   11.6665
   -7.5000  -15.0000    7.5000 2949.4104   11.2494
    0.0000  -15.0000    7.5000 2953.7012   11.1996
    7.5000  -15.0000    7.5000 2922.8320   11.2921
   -7.5000   -7.5000    7.5000 2983.2556   11.1419
    0.0000   -7.5000    7.5000 2983.6731   11.0545
    7.5000   -7.5000    7.5000 2951.6624   11.1347
   -7.5000    0.0000    7.5000 2996.7212   11.1280
    0.0000    0.0000    7.5000 3000.8391   11.0659
    7.5000    0.0000    7.5000 2961.3706   11.1417
   -7.5000    7.5000    7.5000 2974.9714   11.3156
    0.0000    7.5000    7.5000 2980.8604   11.2752
    7.5000    7.5000    7.5000 2942.6995   11.3809
   -7.5000   15.0000    7.5000 2922.0085   11.6973
    0.0000   15.0000    7.5000 2929.0059   11.6786
    7.5000   15.0000    7.5000 2893.2390   11.8169
   -7.5000   22.5000    7.5000 2846.2686   12.3363
    0.0000   22.5000    7.5000 2849.9099   12.2905
    7.5000   22.5000    7.5000 2820.8396   12.4640
   -7.5000   30.0000    7.5000 2747.2280   13.2500
    0.0000   30.0000    7.5000 2750.2031   13.1777
    7.5000   30.0000    7.5000 2724.5552   13.3867
   -7.5000   37.5000    7.5000 2632.5183   14.5258
    0.0000   37.5000    7.5000 2635.7998   14.4819
    7.5000   37.5000    7.5000 2611.8665   14.6745
   -7.5000   45.0000    7.5000 2497.9819   16.2115
    0.0000   45.0000    7.5000 2502.9783   16.1462
    7.5000   45.0000    7.5000 2476.2122   16.3810
   -7.5000  -45.0000   15.0000 2688.9485   14.2073
    0.0000  -45.0000   15.0000 2695.9412   14.2177
    7.5000  -45.0000   15.0000 2684.5730   14.2390
   -7.5000  -37.5000   15.0000 2770.2878   13.0497
    0.0000  -37.5000   15.0000 2774.5000   13.0592
    7.5000  -37.5000   15.0000 2764.9143   13.0929
   -7.5000  -30.0000   15.0000 2834.4846   12.2182
    0.0000  -30.0000   15.0000 2835.5557   12.2149
    7.5000  -30.0000   15.0000 2823.2117   12.2657
   -7.5000  -22.5000   15.0000 2885.9395   11.6291
    0.0000  -22.5000   15.0000 2888.4575   11.6058
    7.5000  -22.5000   15.0000 2872.4136   11.6415
   -7.5000  -15.0000   15.0000 2930.3330   11.2544
    0.0000  -15.0000   15.0000 2936.2175   11.2078
    7.5000  -15.0000   15.0000 2914.2905   11.2698
   -7.5000   -7.5000   15.0000 2969.2070   11.1199
    0.0000   -7.5000   15.0000 2976.3284   11.0570
    7.5000   -7.5000   15.0000 2950.3770   11.1125
   -7.5000    0.0000   15.0000 2994.9504   11.1254
    0.0000    0.0000   15.0000 2999.4924   11.0746
    7.5000    0.0000   15.0000 2961.7148   11.1444
   -7.5000    7.5000   15.0000 2979.5562   11.3486
    0.0000    7.5000   15.0000 2982.7368   11.3059
    7.5000    7.5000   15.0000 2945.6501   11.4089
   -7.5000   15.0000   15.0000 2927.5920   11.7715
    0.0000   15.0000   15.0000 2931.8542   11.7317
    7.5000   15.0000   15.0000 2897.2168   11.8753
   -7.5000   22.5000   15.0000 2851.9558   12.4121
    0.0000   22.5000   15.0000 2851.8445   12.3786
    7.5000   22.5000   15.0000 2822.1072   12.5405
   -7.5000   30.0000   15.0000 2748.6133   13.3364
    0.0000   30.0000   15.0000 2747.4233   13.2748
    7.5000   30.0000   15.0000 2724.1833   13.4596
   -7.5000   37.5000   15.0000 2633.5217   14.5491
    0.0000   37.5000   15.0000 2633.2463   14.4859
    7.5000   37.5000   15.0000 2610.9087   14.6971
   -7.5000   45.0000   15.0000 2499.8254   16.1706
    0.0000   45.0000   15.0000 2503.9783   16.0855
    7.5000   45.0000   15.0000 2478.7671   16.3024
   -7.5000  -45.0000   22.5000 2671.4602   14.3294
    0.0000  -45.0000   22.5000 2683.4060   14.3329
    7.5000  -45.0000   22.5000 2672.4009   14.3069
   -7.5000  -37.5000   22.5000 2758.2434   13.1943
    0.0000  -37.5000   22.5000 2764.9224   13.1751
    7.5000  -37.5000   22.5000 2753.2769   13.1654
   -7.5000  -30.0000   22.5000 2819.9121   12.3486
    0.0000  -30.0000   22.5000 2824.7798   12.3263
    7.5000  -30.0000   22.5000 2812.8525   12.3231
   -7.5000  -22.5000   22.5000 2871.2151   11.7694
    0.0000  -22.5000   22.5000 2875.8494   11.7306
    7.5000  -22.5000   22.5000 2861.3984   11.7402
   -7.5000  -15.0000   22.5000 2916.2463   11.3735
    0.0000  -15.0000   22.5000 2922.0608   11.3210
    7.5000  -15.0000   22.5000 2907.9016   11.3558
   -7.5000   -7.5000   22.5000 2955.5732   11.2170
    0.0000   -7.5000   22.5000 2961.3269   11.1746
    7.5000   -7.5000   22.5000 2944.3506   11.2230
   -7.5000    0.0000   22.5000 2983.4536   11.2369
    0.0000    0.0000   22.5000 2986.1501   11.2036
    7.5000    0.0000   22.5000 2955.1372   11.2705
   -7.5000    7.5000   22.5000 2964.4553   11.4800
    0.0000    7.5000   22.5000 2970.7461   11.4243
    7.5000    7.5000   22.5000 2934.0872   11.5350
   -7.5000   15.0000   22.5000 2918.5427   11.9016
    0.0000   15.0000   22.5000 2927.3359   11.8370
    7.5000   15.0000   22.5000 2888.6045   11.9903
   -7.5000   22.5000   22.5000 2842.9392   12.5679
    0.0000   22.5000   22.5000 2847.3523   12.4930
    7.5000   22.5000   22.5000 2814.3235   12.6682
   -7.5000   30.0000   22.5000 2736.6443   13.5241
    0.0000   30.0000   22.5000 2735.9805   13.4499
    7.5000   30.0000   22.5000 2715.0088   13.6150
   -7.5000   37.5000   22.5000 2621.6350   14.7679
    0.0000   37.5000   22.5000 2617.2415   14.6929
    7.5000   37.5000   22.5000 2600.5193   14.8719
   -7.5000   45.0000   22.5000 2490.1387   16.3396
    0.0000   45.0000   22.5000 2488.5620   16.2466
    7.5000   45.0000   22.5000 2468.6025   16.4667
   -7.5000  -45.0000   30.0000 2653.5735   14.5724
    0.0000  -45.0000   30.0000 2664.7642   14.4766
    7.5000  -45.0000   30.0000 2654.0623   14.4271
   -7.5000  -37.5000   30.0000 2738.6333   13.4175
    0.0000  -37.5000   30.0000 2741.1985   13.3279
    7.5000  -37.5000   30.0000 2728.9778   13.3092
   -7.5000  -30.0000   30.0000 2804.6470   12.5675
    0.0000  -30.0000   30.0000 2809.0408   12.4970
    7.5000  -30.0000   30.0000 2795.5046   12.5135
   -7.5000  -22.5000   30.0000 2856.4919   11.9884
    0.0000  -22.5000   30.0000 2858.8579   11.9375
    7.5000  -22.5000   30.0000 2846.2893   11.9633
   -7.5000  -15.0000   30.0000 2901.4761   11.6029
    0.0000  -15.0000   30.0000 2907.2058   11.5641
    7.5000  -15.0000   30.0000 2892.9695   11.5979
   -7.5000   -7.5000   30.0000 2941.2922   11.4648
    0.0000   -7.5000   30.0000 2948.4763   11.4160
    7.5000   -7.5000   30.0000 2932.0430   11.4842
   -7.5000    0.0000   30.0000 2963.3674   11.5061
    0.0000    0.0000   30.0000 2969.6218   11.4490
    7.5000    0.0000   30.0000 2938.8188   11.5343
   -7.5000    7.5000   30.0000 2947.2505   11.7475
    0.0000    7.5000   30.0000 2953.0398   11.6814
    7.5000    7.5000   30.0000 2919.1724   11.7967
   -7.5000   15.0000   30.0000 2892.3879   12.2100
    0.0000   15.0000   30.0000 2903.8257   12.1305
    7.5000   15.0000   30.0000 2864.4424   12.2914
   -7.5000   22.5000   30.0000 2820.7991   12.9127
    0.0000   22.5000   30.0000 2828.2524   12.8287
    7.5000   22.5000   30.0000 2790.3533   13.0060
   -7.5000   30.0000   30.0000 2714.4346   13.8804
    0.0000   30.0000   30.0000 2718.4182   13.8025
    7.5000   30.0000   30.0000 2693.1919   13.9472
   -7.5000   37.5000   30.0000 2593.0247   15.1150
    0.0000   37.5000   30.0000 2595.6453   15.0291
    7.5000   37.5000   30.0000 2576.4233   15.1685
   -7.5000   45.0000   30.0000 2462.3853   16.6167
    0.0000   45.0000   30.0000 2465.6216   16.5331
    7.5000   45.0000   30.0000 2443.2676   16.7203
   -7.5000  -45.0000   37.5000 2639.6411   14.9394
    0.0000  -45.0000   37.5000 2647.6399   14.7607
    7.5000  -45.0000   37.5000 2635.4966   14.7395
   -7.5000  -37.5000   37.5000 2719.1177   13.7509
    0.0000  -37.5000   37.5000 2723.8162   13.6142
    7.5000  -37.5000   37.5000 2707.2537   13.6088
   -7.5000  -30.0000   37.5000 2785.3738   12.9095
    0.0000  -30.0000   37.5000 2787.3147   12.8020
    7.5000  -30.0000   37.5000 2774.7190   12.8112
   -7.5000  -22.5000   37.5000 2839.9263   12.3323
    0.0000  -22.5000   37.5000 2842.2886   12.2537
    7.5000  -22.5000   37.5000 2832.1101   12.2876
   -7.5000  -15.0000   37.5000 2883.0496   11.9780
    0.0000  -15.0000   37.5000 2890.6907   11.9085
    7.5000  -15.0000   37.5000 2874.6328   11.9678
   -7.5000   -7.5000   37.5000 2918.5542   11.8719
    0.0000   -7.5000   37.5000 2927.1536   11.8025
    7.5000   -7.5000   37.5000 2907.3643   11.8643
   -7.5000    0.0000   37.5000 2933.1855   11.9178
    0.0000    0.0000   37.5000 2945.7393   11.8493
    7.5000    0.0000   37.5000 2911.8105   11.9339
   -7.5000    7.5000   37.5000 2913.4202   12.1544
    0.0000    7.5000   37.5000 2923.2183   12.0646
    7.5000    7.5000   37.5000 2888.1980   12.1977
   -7.5000   15.0000   37.5000 2856.4424   12.6538
    0.0000   15.0000   37.5000 2866.0488   12.5648
    7.5000   15.0000   37.5000 2831.7744   12.7066
   -7.5000   22.5000   37.5000 2785.8901   13.3833
    0.0000   22.5000   37.5000 2791.7275   13.2966
    7.5000   22.5000   37.5000 2760.1165   13.4266
   -7.5000   30.0000   37.5000 2681.4846   14.3614
    0.0000   30.0000   37.5000 2688.4446   14.2581
    7.5000   30.0000   37.5000 2663.9919   14.3974
   -7.5000   37.5000   37.5000 2559.0208   15.5619
    0.0000   37.5000   37.5000 2563.9890   15.4863
    7.5000   37.5000   37.5000 2546.2705   15.6053
   -7.5000   45.0000   37.5000 2427.9446   17.0925
    0.0000   45.0000   37.5000 2432.1658   16.9816
    7.5000   45.0000   37.5000 2412.7417   17.1584
   -7.5000  -45.0000   45.0000 2611.8916   15.4634
    0.0000  -45.0000   45.0000 2619.7139   15.2227
    7.5000  -45.0000   45.0000 2616.1118   15.2268
   -7.5000  -37.5000   45.0000 2689.7483   14.2528
    0.0000  -37.5000   45.0000 2696.7771   14.0375
    7.5000  -37.5000   45.0000 2686.4375   14.0708
   -7.5000  -30.0000   45.0000 2752.1477   13.3824
    0.0000  -30.0000   45.0000 2753.0488   13.2036
    7.5000  -30.0000   45.0000 2746.2527   13.2642
   -7.5000  -22.5000   45.0000 2803.7783   12.8041
    0.0000  -22.5000   45.0000 2805.1411   12.6572
    7.5000  -22.5000   45.0000 2794.1475   12.7423
   -7.5000  -15.0000   45.0000 2849.6470   12.4922
    0.0000  -15.0000   45.0000 2853.5850   12.3625
    7.5000  -15.0000   45.0000 2837.3054   12.4485
   -7.5000   -7.5000   45.0000 2879.2605   12.4149
    0.0000   -7.5000   45.0000 2890.0264   12.3085
    7.5000   -7.5000   45.0000 2867.0332   12.3840
   -7.5000    0.0000   45.0000 2885.2651   12.4611
    0.0000    0.0000   45.0000 2895.9087   12.3826
    7.5000    0.0000   45.0000 2862.2578   12.4765
   -7.5000    7.5000   45.0000 2864.1199   12.7046
    0.0000    7.5000   45.0000 2867.3699   12.6315
    7.5000    7.5000   45.0000 2832.2056   12.7653
   -7.5000   15.0000   45.0000 2806.9243   13.2376
    0.0000   15.0000   45.0000 2809.5459   13.1478
    7.5000   15.0000   45.0000 2780.9451   13.2868
   -7.5000   22.5000   45.0000 2732.2324   13.9711
    0.0000   22.5000   45.0000 2742.3032   13.8649
    7.5000   22.5000   45.0000 2708.4114   13.9953
   -7.5000   30.0000   45.0000 2634.6641   14.9247
    0.0000   30.0000   45.0000 2642.9917   14.8207
    7.5000   30.0000   45.0000 2616.7527   14.9381
   -7.5000   37.5000   45.0000 2519.6897   16.1440
    0.0000   37.5000   45.0000 2524.7249   16.0479
    7.5000   37.5000   45.0000 2503.0989   16.1617
   -7.5000   45.0000   45.0000 2387.1433   17.6625
    0.0000   45.0000   45.0000 2393.6765   17.5570
    7.5000   45.0000   45.0000 2374.5884   17.7230

---------------------------------------------------------------------
imgreg_4dfp /opt/freesurfer/average/711-2C_as_mni_average_305 /opt/freesurfer/average/711-2B_as_mni_average_305_mask talsrcimg_g11 none talsrcimg_to_711-2C_as_mni_average_305_t4 1283
---------------------------------------------------------------------

freesurfer imgreg_4dfp.c
/opt/freesurfer/average/711-2C_as_mni_average_305.4dfp.img
       256       256       256         1
  1.000000  1.000000  1.000000
orientation T byte_order littleendian
Reading image: /opt/freesurfer/average/711-2C_as_mni_average_305.4dfp.img
dimensions:      256       256       256
mmppix:       1.0000   -1.0000   -1.0000
center:     128.0000 -129.0000 -129.0000
/opt/freesurfer/average/711-2B_as_mni_average_305_mask.4dfp.img
       256       256       256         1
  1.000000  1.000000  1.000000
orientation T byte_order littleendian
Reading mask: /opt/freesurfer/average/711-2B_as_mni_average_305_mask.4dfp.img (2306576 pixels)
talsrcimg_g11.4dfp.img
       256       256       256         1
  1.000000  1.000000  1.000000
orientation T byte_order littleendian
Reading image: talsrcimg_g11.4dfp.img
dimensions:      256       256       256
mmppix:       1.0000   -1.0000   -1.0000
center:     128.0000 -129.0000 -129.0000
rotation matrix determinant  1.000000
fimgreg.f
image alignment mode   1283 decimal      503 hex
parameters
    0.0000    0.0000    7.5000    0.0000    0.0000    0.0000
eta,q 0.94015 11.07481
niter,ni,del,rscale     5    3   12.0000    1.2000
parameter  1  1.094019 ->  0.500000 qaram    1.1500
parameter  2  0.629729 ->  0.500000 qaram    1.1500
parameter  4  6.713659 ->  0.500000 qaram    1.1500
parameters
   -3.4500   -3.4500    5.9694   -3.4500   -0.3410    2.8376
eta,q 0.94395 10.99626
  0.0600  0.0592  0.0598  0.0555  0.0598  0.0612
  0.0598  0.0590  0.0586  0.0558  0.0585  0.0589
  0.0607  0.0595  0.0589  0.0575  0.0571  0.0572
  0.0633  0.0597  0.0589  0.0592  0.0562  0.0563
  0.0652  0.0602  0.0593  0.0600  0.0564  0.0561
  0.0672  0.0613  0.0603  0.0611  0.0584  0.0561
  0.0710  0.0630  0.0609  0.0629  0.0616  0.0563
niter,ni,del,rscale     7    3   12.0000    1.2000
parameter  4  0.753721 ->  0.500000 qaram    1.3225
parameter  6 21.415106 ->  0.500000 qaram    1.1500
parameters
   -2.7269   -1.9326    8.5356   -7.4175   -0.6499   -0.6124
eta,q 0.94700 10.93908
  0.0656  0.0655  0.0600  0.0536  0.0577  0.0547
  0.0609  0.0605  0.0580  0.0545  0.0560  0.0531
  0.0576  0.0575  0.0567  0.0542  0.0546  0.0534
  0.0560  0.0560  0.0557  0.0547  0.0545  0.0545
  0.0562  0.0559  0.0548  0.0576  0.0545  0.0551
  0.0583  0.0576  0.0550  0.0605  0.0561  0.0547
  0.0625  0.0592  0.0561  0.0630  0.0589  0.0540
niter,ni,del,rscale     7    3   12.0000    1.2000
parameter  4  1.514425 ->  0.500000 qaram    1.5209
parameter  6 -0.631410 -> -0.500000 qaram    1.3225
parameters
   -2.8302    1.1916    9.7898  -11.9801   -1.1794    3.3551
eta,q 0.95133 10.99987
  0.0620  0.0648  0.0555  0.0478  0.0524  0.0570
  0.0582  0.0607  0.0540  0.0489  0.0501  0.0545
  0.0546  0.0567  0.0524  0.0507  0.0493  0.0514
  0.0530  0.0530  0.0517  0.0520  0.0494  0.0493
  0.0546  0.0515  0.0522  0.0539  0.0503  0.0488
  0.0582  0.0526  0.0527  0.0572  0.0513  0.0487
  0.0628  0.0542  0.0532  0.0604  0.0532  0.0488
niter,ni,del,rscale     7    3   12.0000    1.2000
parameter  4  0.792613 ->  0.500000 qaram    1.7490
parameters
   -1.4995    3.1009    9.6699  -17.2272   -1.2515    5.0857
eta,q 0.95469 10.95731
  0.0591  0.0579  0.0512  0.0441  0.0485  0.0517
  0.0546  0.0552  0.0485  0.0449  0.0464  0.0486
  0.0510  0.0516  0.0466  0.0463  0.0457  0.0460
  0.0487  0.0482  0.0467  0.0466  0.0452  0.0453
  0.0482  0.0466  0.0482  0.0479  0.0454  0.0454
  0.0498  0.0485  0.0498  0.0524  0.0466  0.0461
  0.0539  0.0523  0.0503  0.0565  0.0487  0.0476
niter,ni,del,rscale     7    3   12.0000    1.2000
parameter  4  3.595477 ->  0.500000 qaram    2.0114
parameters
   -1.3391    3.2016   11.9998  -23.2612   -1.3553    4.7597
eta,q 0.95916 10.96456
  0.0562  0.0536  0.0481  0.0411  0.0453  0.0474
  0.0506  0.0500  0.0463  0.0410  0.0429  0.0429
  0.0464  0.0477  0.0456  0.0418  0.0418  0.0407
  0.0453  0.0453  0.0453  0.0449  0.0410  0.0410
  0.0466  0.0457  0.0449  0.0481  0.0412  0.0430
  0.0502  0.0494  0.0448  0.0486  0.0429  0.0450
  0.0549  0.0539  0.0454  0.0501  0.0460  0.0467
niter,ni,del,rscale     7    3   12.0000    1.2000
parameter  3 -0.624876 -> -0.500000 qaram    1.1500
parameters
   -1.6829    4.2923   15.4498  -25.3637   -0.5641    4.3499
eta,q 0.96011 11.09298
  0.0517  0.0554  0.0460  0.0454  0.0466  0.0468
  0.0457  0.0480  0.0453  0.0440  0.0439  0.0434
  0.0414  0.0429  0.0431  0.0417  0.0413  0.0411
  0.0408  0.0407  0.0408  0.0393  0.0399  0.0399
  0.0435  0.0419  0.0396  0.0425  0.0403  0.0414
  0.0479  0.0449  0.0395  0.0479  0.0418  0.0448
  0.0530  0.0475  0.0411  0.0507  0.0441  0.0481
niter,ni,del,rscale     7    3   12.0000    1.2000
parameters
   -1.9365    5.0985   13.9562  -26.7232   -0.4874    3.9093
eta,q 0.96071 11.06338
  0.0527  0.0519  0.0426  0.0462  0.0448  0.0454
  0.0470  0.0460  0.0401  0.0418  0.0419  0.0421
  0.0418  0.0416  0.0393  0.0398  0.0396  0.0400
  0.0399  0.0398  0.0398  0.0393  0.0393  0.0393
  0.0429  0.0405  0.0418  0.0408  0.0402  0.0406
  0.0488  0.0435  0.0432  0.0452  0.0416  0.0435
  0.0540  0.0470  0.0443  0.0496  0.0445  0.0466
niter,ni,del,rscale     6    3   12.0000    1.2000
parameters
   -2.1802    5.6674   12.6440  -28.2093   -0.6120    3.6452
eta,q 0.96244 11.04620
  0.0514  0.0494  0.0428  0.0455  0.0427  0.0451
  0.0460  0.0442  0.0400  0.0412  0.0396  0.0411
  0.0414  0.0412  0.0384  0.0376  0.0378  0.0385
  0.0393  0.0393  0.0390  0.0384  0.0376  0.0376
  0.0419  0.0395  0.0415  0.0413  0.0382  0.0390
  0.0476  0.0426  0.0435  0.0447  0.0401  0.0421
  0.0528  0.0466  0.0446  0.0484  0.0430  0.0458
niter,ni,del,rscale     5    3   12.0000    1.2000
parameters
   -2.2135    6.3243   11.6447  -29.6378   -0.9985    3.6012
eta,q 0.96362 10.99063
  0.0505  0.0493  0.0427  0.0457  0.0409  0.0448
  0.0448  0.0447  0.0403  0.0411  0.0377  0.0406
  0.0401  0.0407  0.0378  0.0373  0.0364  0.0377
  0.0376  0.0376  0.0373  0.0371  0.0364  0.0364
  0.0394  0.0382  0.0401  0.0416  0.0370  0.0375
  0.0449  0.0418  0.0435  0.0452  0.0390  0.0407
  0.0510  0.0462  0.0452  0.0481  0.0419  0.0452
niter,ni,del,rscale     4    3   12.0000    1.2000
parameters
   -1.9854    6.8881   10.8776  -30.9299   -1.4305    3.6306
eta,q 0.96381 10.95662
  0.0501  0.0498  0.0421  0.0466  0.0404  0.0448
  0.0441  0.0440  0.0404  0.0408  0.0372  0.0404
  0.0392  0.0391  0.0375  0.0378  0.0361  0.0373
  0.0364  0.0363  0.0364  0.0364  0.0362  0.0362
  0.0376  0.0381  0.0386  0.0412  0.0366  0.0372
  0.0425  0.0415  0.0424  0.0459  0.0384  0.0402
  0.0490  0.0462  0.0450  0.0488  0.0417  0.0448
niter,ni,del,rscale     3    3   12.0000    1.2000
parameters
   -1.7172    7.2335   10.0054  -32.1066   -1.7052    3.7449
eta,q 0.96356 10.96713
  0.0498  0.0497  0.0410  0.0474  0.0405  0.0451
  0.0436  0.0428  0.0399  0.0405  0.0374  0.0405
  0.0387  0.0376  0.0374  0.0380  0.0365  0.0374
  0.0362  0.0361  0.0364  0.0364  0.0364  0.0364
  0.0374  0.0385  0.0382  0.0402  0.0366  0.0372
  0.0416  0.0416  0.0414  0.0460  0.0381  0.0403
  0.0485  0.0466  0.0443  0.0499  0.0414  0.0446
niter,ni,del,rscale     2    3   12.0000    1.2000
parameters
   -1.6732    7.3673    8.7941  -33.2402   -1.7322    3.9548
eta,q 0.96376 10.98292
  0.0493  0.0490  0.0399  0.0478  0.0405  0.0452
  0.0431  0.0422  0.0392  0.0404  0.0377  0.0407
  0.0383  0.0371  0.0372  0.0370  0.0367  0.0376
  0.0364  0.0364  0.0365  0.0366  0.0363  0.0363
  0.0381  0.0390  0.0382  0.0398  0.0366  0.0368
  0.0423  0.0421  0.0410  0.0460  0.0378  0.0403
  0.0494  0.0470  0.0436  0.0502  0.0405  0.0443
niter,ni,del,rscale     1    3   12.0000    1.2000
parameters
   -1.8511    7.2780    7.5728  -34.0288   -1.4649    4.1234
eta,q 0.96417 10.97346
  0.0489  0.0480  0.0395  0.0484  0.0404  0.0451
  0.0428  0.0415  0.0386  0.0414  0.0378  0.0406
  0.0378  0.0367  0.0369  0.0364  0.0365  0.0374
  0.0362  0.0362  0.0362  0.0362  0.0359  0.0359
  0.0385  0.0391  0.0378  0.0403  0.0362  0.0366
  0.0434  0.0428  0.0405  0.0450  0.0373  0.0405
  0.0504  0.0473  0.0431  0.0498  0.0397  0.0443
registration optimization eta report
parameter search radius
    6.9000    6.9000    6.9000   12.0681    6.0000    7.9350
100000*second partial in parameter space
       27.       23.       10.        9.       12.       14.
  0.0489  0.0480  0.0395  0.0484  0.0404  0.0451
  0.0428  0.0415  0.0386  0.0414  0.0378  0.0406
  0.0378  0.0367  0.0369  0.0364  0.0365  0.0374
  0.0362  0.0362  0.0362  0.0362  0.0359  0.0359
  0.0385  0.0391  0.0378  0.0403  0.0362  0.0366
  0.0434  0.0428  0.0405  0.0450  0.0373  0.0405
  0.0504  0.0473  0.0431  0.0498  0.0397  0.0443
   -1.8511    7.2780    7.5728  -34.0288   -1.4649    4.1234
eta,q 0.96417 10.97346

---------------------------------------------------------------------
imgreg_4dfp /opt/freesurfer/average/711-2C_as_mni_average_305 /opt/freesurfer/average/711-2B_as_mni_average_305_mask talsrcimg_g11 none talsrcimg_to_711-2C_as_mni_average_305_t4 3335
---------------------------------------------------------------------

freesurfer imgreg_4dfp.c
/opt/freesurfer/average/711-2C_as_mni_average_305.4dfp.img
       256       256       256         1
  1.000000  1.000000  1.000000
orientation T byte_order littleendian
Reading image: /opt/freesurfer/average/711-2C_as_mni_average_305.4dfp.img
dimensions:      256       256       256
mmppix:       1.0000   -1.0000   -1.0000
center:     128.0000 -129.0000 -129.0000
/opt/freesurfer/average/711-2B_as_mni_average_305_mask.4dfp.img
       256       256       256         1
  1.000000  1.000000  1.000000
orientation T byte_order littleendian
Reading mask: /opt/freesurfer/average/711-2B_as_mni_average_305_mask.4dfp.img (2306576 pixels)
talsrcimg_g11.4dfp.img
       256       256       256         1
  1.000000  1.000000  1.000000
orientation T byte_order littleendian
Reading image: talsrcimg_g11.4dfp.img
dimensions:      256       256       256
mmppix:       1.0000   -1.0000   -1.0000
center:     128.0000 -129.0000 -129.0000
fimgreg.f
image alignment mode   3335 decimal      D07 hex
parameters
   -1.8511    7.2780    7.5728   -0.2914  -17.4417  -17.1514
   -7.3861   -1.9107    7.1882   55.9684   -2.5564  -55.9426
eta,q 0.96287 11.05253
niter,ni,del,rscale     5    3    5.0000    1.2000
parameter  4 -2.111797 -> -0.500000 qaram    1.1500
parameter  5  1.327719 ->  0.500000 qaram    1.1500
parameter  6 -0.885291 -> -0.500000 qaram    1.1500
parameter 10  0.692547 ->  0.500000 qaram    1.1500
parameter 11 -2.752767 -> -0.500000 qaram    1.1500
parameter 12  2.092069 ->  0.500000 qaram    1.1500
parameters
   -2.1950    7.0418    8.2993    3.8486  -21.5817  -13.0114
   -7.3580   -1.4239    6.5212   51.8284    1.5836  -60.0826
eta,q 0.96855 11.04534
  0.0383  0.0384  0.0378  0.0407  0.0335  0.0367  0.0347  0.0362  0.0345  0.0325  0.0329  0.0312
  0.0376  0.0375  0.0375  0.0393  0.0340  0.0357  0.0340  0.0347  0.0338  0.0324  0.0327  0.0314
  0.0371  0.0371  0.0372  0.0381  0.0347  0.0349  0.0336  0.0338  0.0334  0.0327  0.0326  0.0317
  0.0371  0.0371  0.0371  0.0370  0.0356  0.0341  0.0334  0.0334  0.0334  0.0334  0.0324  0.0322
  0.0375  0.0374  0.0370  0.0362  0.0369  0.0336  0.0335  0.0336  0.0336  0.0346  0.0323  0.0327
  0.0382  0.0380  0.0371  0.0355  0.0385  0.0334  0.0340  0.0343  0.0341  0.0363  0.0322  0.0333
  0.0393  0.0389  0.0373  0.0348  0.0404  0.0335  0.0347  0.0355  0.0349  0.0385  0.0321  0.0339
niter,ni,del,rscale     7    3    5.0000    1.2000
parameter  4 -1.294745 -> -0.500000 qaram    1.3225
parameter 12  1.005739 ->  0.500000 qaram    1.3225
parameters
   -2.0774    6.2057    9.1653    8.6096  -24.6552   -9.3977
   -7.3839   -1.2094    7.1037   50.9136    1.4118  -64.8436
eta,q 0.97144 11.28258
  0.0333  0.0319  0.0326  0.0347  0.0302  0.0326  0.0306  0.0320  0.0307  0.0312  0.0297  0.0285
  0.0324  0.0314  0.0320  0.0332  0.0296  0.0313  0.0298  0.0305  0.0299  0.0301  0.0294  0.0285
  0.0317  0.0312  0.0315  0.0320  0.0295  0.0302  0.0293  0.0295  0.0293  0.0293  0.0291  0.0287
  0.0315  0.0314  0.0312  0.0311  0.0297  0.0295  0.0291  0.0291  0.0291  0.0291  0.0291  0.0291
  0.0316  0.0320  0.0311  0.0303  0.0304  0.0291  0.0293  0.0294  0.0292  0.0296  0.0292  0.0296
  0.0321  0.0329  0.0312  0.0296  0.0313  0.0293  0.0298  0.0303  0.0296  0.0308  0.0294  0.0303
  0.0330  0.0340  0.0315  0.0295  0.0327  0.0297  0.0306  0.0317  0.0303  0.0326  0.0297  0.0311
niter,ni,del,rscale     7    3    5.0000    1.2000
parameters
   -2.2308    5.9273    9.4692    9.2330  -23.6574   -9.3447
   -7.1425   -1.4564    7.2208   50.9261    1.0471  -67.0479
eta,q 0.97177 11.40545
  0.0305  0.0298  0.0297  0.0319  0.0302  0.0303  0.0300  0.0310  0.0297  0.0308  0.0291  0.0290
  0.0294  0.0290  0.0291  0.0306  0.0293  0.0294  0.0292  0.0296  0.0290  0.0296  0.0286  0.0284
  0.0287  0.0286  0.0287  0.0295  0.0287  0.0287  0.0286  0.0287  0.0285  0.0287  0.0284  0.0282
  0.0286  0.0286  0.0285  0.0285  0.0284  0.0284  0.0284  0.0284  0.0284  0.0284  0.0284  0.0284
  0.0289  0.0289  0.0286  0.0283  0.0285  0.0284  0.0285  0.0288  0.0285  0.0286  0.0285  0.0287
  0.0298  0.0295  0.0288  0.0292  0.0288  0.0291  0.0290  0.0298  0.0290  0.0294  0.0288  0.0293
  0.0311  0.0304  0.0292  0.0318  0.0295  0.0305  0.0298  0.0313  0.0296  0.0309  0.0292  0.0300
niter,ni,del,rscale     6    3    5.0000    1.2000
parameters
   -2.3497    5.6956    9.6033    9.2816  -23.2249   -9.2855
   -6.9904   -1.6336    7.2933   50.7382    1.1916  -67.1302
eta,q 0.97182 11.42698
  0.0304  0.0295  0.0294  0.0317  0.0297  0.0303  0.0298  0.0309  0.0295  0.0304  0.0290  0.0296
  0.0292  0.0287  0.0287  0.0303  0.0289  0.0293  0.0290  0.0295  0.0288  0.0293  0.0286  0.0287
  0.0284  0.0283  0.0283  0.0291  0.0284  0.0286  0.0284  0.0285  0.0283  0.0285  0.0283  0.0282
  0.0282  0.0282  0.0282  0.0282  0.0282  0.0282  0.0282  0.0282  0.0282  0.0282  0.0282  0.0282
  0.0286  0.0285  0.0283  0.0282  0.0283  0.0283  0.0284  0.0286  0.0283  0.0284  0.0283  0.0284
  0.0295  0.0291  0.0286  0.0295  0.0287  0.0290  0.0289  0.0297  0.0288  0.0292  0.0285  0.0289
  0.0309  0.0300  0.0291  0.0324  0.0295  0.0306  0.0297  0.0312  0.0294  0.0308  0.0290  0.0295
niter,ni,del,rscale     5    3    5.0000    1.2000
parameters
   -2.4067    5.6020    9.6707    9.3324  -22.9524   -9.1282
   -6.8997   -1.7350    7.2890   50.5355    1.3022  -67.1433
eta,q 0.97185 11.44015
  0.0305  0.0296  0.0293  0.0317  0.0297  0.0304  0.0298  0.0310  0.0295  0.0304  0.0290  0.0296
  0.0292  0.0287  0.0287  0.0303  0.0289  0.0294  0.0289  0.0295  0.0287  0.0292  0.0285  0.0287
  0.0284  0.0283  0.0283  0.0291  0.0284  0.0286  0.0284  0.0285  0.0283  0.0285  0.0283  0.0282
  0.0282  0.0282  0.0282  0.0282  0.0282  0.0282  0.0281  0.0281  0.0281  0.0281  0.0282  0.0281
  0.0285  0.0284  0.0283  0.0282  0.0283  0.0282  0.0283  0.0285  0.0283  0.0284  0.0282  0.0284
  0.0294  0.0290  0.0286  0.0295  0.0287  0.0289  0.0289  0.0296  0.0288  0.0292  0.0285  0.0288
  0.0307  0.0298  0.0292  0.0325  0.0295  0.0305  0.0297  0.0312  0.0294  0.0308  0.0290  0.0295
niter,ni,del,rscale     4    3    5.0000    1.2000
parameters
   -2.4405    5.5248    9.7564    9.3679  -22.6885   -8.9379
   -6.8377   -1.7875    7.2920   50.3247    1.3310  -67.1281
eta,q 0.97187 11.45268
  0.0305  0.0297  0.0293  0.0317  0.0296  0.0304  0.0298  0.0310  0.0295  0.0303  0.0290  0.0296
  0.0292  0.0287  0.0287  0.0303  0.0288  0.0294  0.0289  0.0295  0.0287  0.0292  0.0285  0.0287
  0.0284  0.0282  0.0283  0.0291  0.0283  0.0286  0.0283  0.0285  0.0282  0.0284  0.0282  0.0282
  0.0281  0.0282  0.0281  0.0281  0.0281  0.0281  0.0281  0.0281  0.0281  0.0281  0.0281  0.0281
  0.0285  0.0284  0.0282  0.0282  0.0282  0.0282  0.0283  0.0285  0.0283  0.0283  0.0282  0.0284
  0.0293  0.0289  0.0286  0.0295  0.0287  0.0289  0.0289  0.0295  0.0287  0.0292  0.0285  0.0288
  0.0307  0.0298  0.0291  0.0325  0.0295  0.0305  0.0297  0.0311  0.0294  0.0308  0.0290  0.0295
niter,ni,del,rscale     3    3    5.0000    1.2000
parameters
   -2.4614    5.4509    9.8481    9.3979  -22.4226   -8.7368
   -6.7950   -1.8226    7.3101   50.1039    1.3436  -67.1161
eta,q 0.97191 11.46512
  0.0305  0.0297  0.0293  0.0317  0.0296  0.0304  0.0298  0.0311  0.0294  0.0303  0.0289  0.0296
  0.0292  0.0287  0.0287  0.0303  0.0288  0.0294  0.0289  0.0295  0.0287  0.0292  0.0285  0.0287
  0.0284  0.0282  0.0283  0.0291  0.0283  0.0286  0.0283  0.0285  0.0282  0.0284  0.0282  0.0282
  0.0281  0.0281  0.0281  0.0281  0.0281  0.0281  0.0281  0.0281  0.0281  0.0281  0.0281  0.0281
  0.0284  0.0284  0.0282  0.0282  0.0282  0.0282  0.0283  0.0285  0.0283  0.0283  0.0282  0.0284
  0.0293  0.0289  0.0286  0.0295  0.0286  0.0289  0.0289  0.0295  0.0287  0.0292  0.0285  0.0288
  0.0306  0.0298  0.0291  0.0325  0.0295  0.0305  0.0297  0.0311  0.0294  0.0307  0.0290  0.0295
niter,ni,del,rscale     2    3    5.0000    1.2000
parameters
   -2.4781    5.3730    9.9412    9.4301  -22.1549   -8.5214
   -6.7638   -1.8441    7.3358   49.8708    1.3084  -67.1039
eta,q 0.97194 11.47792
  0.0306  0.0296  0.0293  0.0318  0.0296  0.0304  0.0298  0.0311  0.0294  0.0302  0.0289  0.0296
  0.0292  0.0287  0.0286  0.0303  0.0288  0.0294  0.0289  0.0295  0.0286  0.0291  0.0285  0.0287
  0.0284  0.0282  0.0282  0.0291  0.0283  0.0286  0.0283  0.0284  0.0282  0.0284  0.0282  0.0282
  0.0281  0.0281  0.0281  0.0281  0.0281  0.0281  0.0281  0.0281  0.0281  0.0281  0.0281  0.0281
  0.0284  0.0284  0.0282  0.0281  0.0282  0.0282  0.0283  0.0284  0.0282  0.0283  0.0282  0.0284
  0.0293  0.0289  0.0285  0.0295  0.0286  0.0289  0.0288  0.0295  0.0287  0.0291  0.0284  0.0288
  0.0306  0.0298  0.0291  0.0325  0.0295  0.0305  0.0297  0.0311  0.0294  0.0307  0.0289  0.0295
niter,ni,del,rscale     1    3    5.0000    1.2000
parameters
   -2.4900    5.2961   10.0419    9.4627  -21.8727   -8.3031
   -6.7346   -1.8688    7.3843   49.6239    1.2501  -67.0913
eta,q 0.97196 11.49110
  0.0306  0.0296  0.0293  0.0318  0.0296  0.0304  0.0298  0.0311  0.0294  0.0302  0.0289  0.0296
  0.0292  0.0287  0.0286  0.0303  0.0288  0.0294  0.0288  0.0295  0.0286  0.0291  0.0284  0.0287
  0.0284  0.0282  0.0282  0.0291  0.0283  0.0286  0.0282  0.0284  0.0282  0.0283  0.0281  0.0281
  0.0281  0.0281  0.0281  0.0281  0.0281  0.0280  0.0280  0.0280  0.0280  0.0280  0.0280  0.0280
  0.0284  0.0283  0.0282  0.0281  0.0282  0.0281  0.0282  0.0284  0.0282  0.0283  0.0281  0.0283
  0.0292  0.0289  0.0285  0.0295  0.0286  0.0288  0.0288  0.0295  0.0287  0.0291  0.0284  0.0288
  0.0306  0.0297  0.0291  0.0326  0.0295  0.0305  0.0297  0.0311  0.0293  0.0306  0.0289  0.0295
registration optimization eta report
parameter search radius
    2.4000    2.4000    2.4000    9.5220    8.2800    8.2800
    7.2000    7.2000    7.2000    8.2800    8.2800    9.5220
100000*second partial in parameter space
       44.       28.       19.        4.        2.        3.
        3.        6.        3.        3.        1.        2.
  0.0306  0.0296  0.0293  0.0318  0.0296  0.0304  0.0298  0.0311  0.0294  0.0302  0.0289  0.0296
  0.0292  0.0287  0.0286  0.0303  0.0288  0.0294  0.0288  0.0295  0.0286  0.0291  0.0284  0.0287
  0.0284  0.0282  0.0282  0.0291  0.0283  0.0286  0.0282  0.0284  0.0282  0.0283  0.0281  0.0281
  0.0281  0.0281  0.0281  0.0281  0.0281  0.0280  0.0280  0.0280  0.0280  0.0280  0.0280  0.0280
  0.0284  0.0283  0.0282  0.0281  0.0282  0.0281  0.0282  0.0284  0.0282  0.0283  0.0281  0.0283
  0.0292  0.0289  0.0285  0.0295  0.0286  0.0288  0.0288  0.0295  0.0287  0.0291  0.0284  0.0288
  0.0306  0.0297  0.0291  0.0326  0.0295  0.0305  0.0297  0.0311  0.0293  0.0306  0.0289  0.0295
   -2.4900    5.2961   10.0419    9.4627  -21.8727   -8.3031
   -6.7346   -1.8688    7.3843   49.6239    1.2501  -67.0913
eta,q 0.97196 11.49110

---------------------------------------------------------------------
imgreg_4dfp /opt/freesurfer/average/711-2C_as_mni_average_305 /opt/freesurfer/average/711-2B_as_mni_average_305_mask talsrcimg_g11 none talsrcimg_to_711-2C_as_mni_average_305_t4 2311
---------------------------------------------------------------------

freesurfer imgreg_4dfp.c
/opt/freesurfer/average/711-2C_as_mni_average_305.4dfp.img
       256       256       256         1
  1.000000  1.000000  1.000000
orientation T byte_order littleendian
Reading image: /opt/freesurfer/average/711-2C_as_mni_average_305.4dfp.img
dimensions:      256       256       256
mmppix:       1.0000   -1.0000   -1.0000
center:     128.0000 -129.0000 -129.0000
/opt/freesurfer/average/711-2B_as_mni_average_305_mask.4dfp.img
       256       256       256         1
  1.000000  1.000000  1.000000
orientation T byte_order littleendian
Reading mask: /opt/freesurfer/average/711-2B_as_mni_average_305_mask.4dfp.img (2306576 pixels)
talsrcimg_g11.4dfp.img
       256       256       256         1
  1.000000  1.000000  1.000000
orientation T byte_order littleendian
Reading image: talsrcimg_g11.4dfp.img
dimensions:      256       256       256
mmppix:       1.0000   -1.0000   -1.0000
center:     128.0000 -129.0000 -129.0000
fimgreg.f
image alignment mode   2311 decimal      907 hex
parameters
   -2.4900    5.2961   10.0419    9.4627  -21.8727   -8.3031
   -6.7346   -1.8688    7.3843   49.6239    1.2501  -67.0913
eta,q 0.97196 11.49110
niter,ni,del,rscale     5    3    5.0000    0.8000
parameters
   -2.5016    5.1517   10.1432   10.7665  -21.1501   -7.5494
   -6.6124   -1.8127    7.3453   49.2790    1.3307  -67.4154
eta,q 0.97214 11.57464
  0.0292  0.0287  0.0286  0.0297  0.0285  0.0290  0.0288  0.0295  0.0285  0.0286  0.0282  0.0283
  0.0286  0.0283  0.0283  0.0290  0.0282  0.0285  0.0283  0.0286  0.0281  0.0282  0.0280  0.0280
  0.0282  0.0281  0.0281  0.0285  0.0280  0.0281  0.0280  0.0281  0.0279  0.0279  0.0279  0.0279
  0.0280  0.0280  0.0280  0.0280  0.0279  0.0279  0.0279  0.0279  0.0279  0.0279  0.0279  0.0279
  0.0282  0.0282  0.0281  0.0279  0.0279  0.0279  0.0280  0.0280  0.0280  0.0280  0.0279  0.0280
  0.0286  0.0285  0.0282  0.0281  0.0280  0.0281  0.0282  0.0285  0.0282  0.0283  0.0280  0.0281
  0.0292  0.0289  0.0285  0.0286  0.0282  0.0285  0.0287  0.0294  0.0285  0.0288  0.0282  0.0284
niter,ni,del,rscale     4    3    5.0000    0.7000
parameters
   -2.5512    4.9634   10.4396   10.7438  -20.5942   -6.9632
   -6.5765   -1.8843    7.5488   48.7929    1.0805  -67.4654
eta,q 0.97220 11.60241
  0.0287  0.0283  0.0284  0.0289  0.0283  0.0287  0.0285  0.0290  0.0283  0.0283  0.0280  0.0282
  0.0282  0.0280  0.0282  0.0283  0.0281  0.0283  0.0281  0.0283  0.0280  0.0280  0.0279  0.0280
  0.0279  0.0279  0.0279  0.0280  0.0279  0.0280  0.0279  0.0279  0.0279  0.0278  0.0278  0.0278
  0.0279  0.0279  0.0278  0.0278  0.0278  0.0278  0.0278  0.0278  0.0278  0.0278  0.0278  0.0278
  0.0280  0.0280  0.0278  0.0279  0.0278  0.0278  0.0279  0.0280  0.0279  0.0279  0.0278  0.0279
  0.0283  0.0282  0.0279  0.0283  0.0279  0.0280  0.0281  0.0284  0.0280  0.0282  0.0279  0.0280
  0.0289  0.0286  0.0281  0.0289  0.0281  0.0284  0.0285  0.0291  0.0282  0.0286  0.0281  0.0282
niter,ni,del,rscale     3    3    5.0000    0.6000
parameters
   -2.5775    4.8024   10.7060   10.7697  -19.9967   -6.4388
   -6.6553   -1.9023    7.7532   48.2691    0.7750  -67.4167
eta,q 0.97226 11.62794
  0.0285  0.0281  0.0282  0.0286  0.0281  0.0285  0.0283  0.0287  0.0281  0.0281  0.0279  0.0281
  0.0281  0.0279  0.0280  0.0282  0.0280  0.0281  0.0280  0.0282  0.0279  0.0279  0.0278  0.0279
  0.0279  0.0278  0.0279  0.0279  0.0278  0.0279  0.0278  0.0279  0.0278  0.0278  0.0278  0.0278
  0.0278  0.0278  0.0278  0.0278  0.0278  0.0278  0.0277  0.0278  0.0277  0.0277  0.0277  0.0277
  0.0279  0.0279  0.0278  0.0279  0.0278  0.0278  0.0278  0.0279  0.0278  0.0278  0.0278  0.0278
  0.0281  0.0281  0.0278  0.0281  0.0278  0.0279  0.0280  0.0282  0.0279  0.0280  0.0279  0.0279
  0.0285  0.0283  0.0280  0.0286  0.0280  0.0282  0.0283  0.0287  0.0281  0.0284  0.0280  0.0280
niter,ni,del,rscale     2    3    5.0000    0.5000
parameters
   -2.5830    4.6430   10.9661   10.7528  -19.4225   -5.9277
   -6.7510   -1.8683    7.9709   47.7645    0.4679  -67.2161
eta,q 0.97231 11.64897
  0.0282  0.0280  0.0281  0.0283  0.0280  0.0282  0.0281  0.0284  0.0280  0.0279  0.0278  0.0279
  0.0280  0.0278  0.0279  0.0280  0.0279  0.0280  0.0278  0.0280  0.0278  0.0278  0.0277  0.0278
  0.0278  0.0277  0.0278  0.0278  0.0278  0.0278  0.0277  0.0278  0.0277  0.0277  0.0277  0.0277
  0.0277  0.0277  0.0277  0.0277  0.0277  0.0277  0.0277  0.0277  0.0277  0.0277  0.0277  0.0277
  0.0278  0.0278  0.0277  0.0278  0.0277  0.0277  0.0278  0.0278  0.0277  0.0278  0.0277  0.0277
  0.0280  0.0279  0.0278  0.0280  0.0277  0.0278  0.0279  0.0280  0.0278  0.0279  0.0278  0.0278
  0.0283  0.0281  0.0278  0.0283  0.0278  0.0280  0.0281  0.0284  0.0279  0.0281  0.0279  0.0279
niter,ni,del,rscale     1    3    5.0000    0.4000
parameters
   -2.5741    4.5010   11.1838   10.6951  -18.9580   -5.4674
   -6.8506   -1.8156    8.0734   47.2758    0.2290  -66.9218
eta,q 0.97236 11.66108
  0.0280  0.0278  0.0279  0.0280  0.0278  0.0280  0.0279  0.0281  0.0278  0.0278  0.0277  0.0278
  0.0278  0.0277  0.0278  0.0278  0.0278  0.0279  0.0277  0.0279  0.0277  0.0277  0.0277  0.0277
  0.0277  0.0277  0.0277  0.0277  0.0277  0.0277  0.0277  0.0277  0.0277  0.0276  0.0276  0.0277
  0.0277  0.0277  0.0277  0.0277  0.0277  0.0277  0.0276  0.0276  0.0276  0.0276  0.0276  0.0276
  0.0277  0.0277  0.0277  0.0277  0.0277  0.0277  0.0277  0.0277  0.0277  0.0277  0.0277  0.0276
  0.0278  0.0278  0.0277  0.0279  0.0277  0.0277  0.0278  0.0278  0.0277  0.0278  0.0277  0.0277
  0.0280  0.0280  0.0277  0.0281  0.0278  0.0278  0.0279  0.0281  0.0278  0.0279  0.0278  0.0277
registration optimization eta report
parameter search radius
    0.8000    0.8000    0.8000    2.4000    2.4000    2.4000
    2.4000    2.4000    2.4000    2.4000    2.4000    2.4000
100000*second partial in parameter space
       52.       32.       22.        7.        2.        5.
        4.        8.        3.        4.        2.        2.
  0.0280  0.0278  0.0279  0.0280  0.0278  0.0280  0.0279  0.0281  0.0278  0.0278  0.0277  0.0278
  0.0278  0.0277  0.0278  0.0278  0.0278  0.0279  0.0277  0.0279  0.0277  0.0277  0.0277  0.0277
  0.0277  0.0277  0.0277  0.0277  0.0277  0.0277  0.0277  0.0277  0.0277  0.0276  0.0276  0.0277
  0.0277  0.0277  0.0277  0.0277  0.0277  0.0277  0.0276  0.0276  0.0276  0.0276  0.0276  0.0276
  0.0277  0.0277  0.0277  0.0277  0.0277  0.0277  0.0277  0.0277  0.0277  0.0277  0.0277  0.0276
  0.0278  0.0278  0.0277  0.0279  0.0277  0.0277  0.0278  0.0278  0.0277  0.0278  0.0277  0.0277
  0.0280  0.0280  0.0277  0.0281  0.0278  0.0278  0.0279  0.0281  0.0278  0.0279  0.0278  0.0277
   -2.5741    4.5010   11.1838   10.6951  -18.9580   -5.4674
   -6.8506   -1.8156    8.0734   47.2758    0.2290  -66.9218
eta,q 0.97236 11.66108

---------------------------------------------------------------------
imgreg_4dfp /opt/freesurfer/average/711-2C_as_mni_average_305 /opt/freesurfer/average/711-2B_as_mni_average_305_mask talsrcimg_g11 none talsrcimg_to_711-2C_as_mni_average_305_t4 2311
---------------------------------------------------------------------

freesurfer imgreg_4dfp.c
/opt/freesurfer/average/711-2C_as_mni_average_305.4dfp.img
       256       256       256         1
  1.000000  1.000000  1.000000
orientation T byte_order littleendian
Reading image: /opt/freesurfer/average/711-2C_as_mni_average_305.4dfp.img
dimensions:      256       256       256
mmppix:       1.0000   -1.0000   -1.0000
center:     128.0000 -129.0000 -129.0000
/opt/freesurfer/average/711-2B_as_mni_average_305_mask.4dfp.img
       256       256       256         1
  1.000000  1.000000  1.000000
orientation T byte_order littleendian
Reading mask: /opt/freesurfer/average/711-2B_as_mni_average_305_mask.4dfp.img (2306576 pixels)
talsrcimg_g11.4dfp.img
       256       256       256         1
  1.000000  1.000000  1.000000
orientation T byte_order littleendian
Reading image: talsrcimg_g11.4dfp.img
dimensions:      256       256       256
mmppix:       1.0000   -1.0000   -1.0000
center:     128.0000 -129.0000 -129.0000
fimgreg.f
image alignment mode   2311 decimal      907 hex
parameters
   -2.5741    4.5010   11.1838   10.6951  -18.9580   -5.4674
   -6.8506   -1.8156    8.0734   47.2758    0.2290  -66.9218
eta,q 0.97236 11.66108
niter,ni,del,rscale     5    3    5.0000    0.8000
parameters
   -2.5535    4.4292   11.3684   10.5408  -19.0171   -5.1607
   -6.8166   -1.7768    8.1580   46.9326    0.2432  -66.7017
eta,q 0.97239 11.64685
  0.0290  0.0284  0.0283  0.0289  0.0282  0.0288  0.0286  0.0294  0.0283  0.0283  0.0280  0.0282
  0.0283  0.0279  0.0280  0.0283  0.0279  0.0282  0.0281  0.0284  0.0279  0.0279  0.0278  0.0279
  0.0278  0.0277  0.0277  0.0278  0.0277  0.0278  0.0277  0.0278  0.0277  0.0277  0.0277  0.0277
  0.0276  0.0276  0.0276  0.0276  0.0276  0.0276  0.0276  0.0276  0.0276  0.0276  0.0276  0.0276
  0.0278  0.0278  0.0276  0.0278  0.0277  0.0277  0.0277  0.0278  0.0277  0.0277  0.0277  0.0277
  0.0282  0.0281  0.0278  0.0283  0.0279  0.0280  0.0280  0.0284  0.0279  0.0280  0.0278  0.0278
  0.0289  0.0285  0.0281  0.0292  0.0283  0.0286  0.0286  0.0293  0.0282  0.0286  0.0280  0.0281
niter,ni,del,rscale     4    3    5.0000    0.7000
parameters
   -2.5486    4.3699   11.4658   10.5664  -18.7805   -4.8771
   -6.8212   -1.7537    8.1454   46.7200    0.2373  -66.4962
eta,q 0.97241 11.65526
  0.0287  0.0282  0.0281  0.0287  0.0281  0.0285  0.0283  0.0290  0.0281  0.0282  0.0279  0.0281
  0.0281  0.0278  0.0279  0.0282  0.0278  0.0281  0.0279  0.0282  0.0278  0.0278  0.0277  0.0278
  0.0277  0.0277  0.0277  0.0278  0.0277  0.0277  0.0277  0.0278  0.0276  0.0276  0.0276  0.0277
  0.0276  0.0276  0.0276  0.0276  0.0276  0.0276  0.0276  0.0276  0.0276  0.0276  0.0276  0.0276
  0.0277  0.0277  0.0276  0.0277  0.0276  0.0276  0.0277  0.0277  0.0277  0.0277  0.0276  0.0276
  0.0281  0.0279  0.0278  0.0281  0.0277  0.0279  0.0279  0.0282  0.0278  0.0279  0.0277  0.0278
  0.0286  0.0283  0.0280  0.0287  0.0280  0.0283  0.0283  0.0289  0.0281  0.0283  0.0279  0.0280
niter,ni,del,rscale     3    3    5.0000    0.6000
parameters
   -2.5491    4.3218   11.5510   10.5752  -18.6069   -4.6460
   -6.8475   -1.7309    8.1480   46.5464    0.2159  -66.3097
eta,q 0.97242 11.66099
  0.0284  0.0280  0.0280  0.0284  0.0279  0.0283  0.0281  0.0286  0.0280  0.0280  0.0278  0.0279
  0.0279  0.0278  0.0278  0.0280  0.0278  0.0279  0.0278  0.0281  0.0277  0.0278  0.0277  0.0277
  0.0277  0.0276  0.0276  0.0277  0.0276  0.0277  0.0276  0.0277  0.0276  0.0276  0.0276  0.0276
  0.0276  0.0276  0.0276  0.0276  0.0276  0.0276  0.0276  0.0276  0.0276  0.0276  0.0276  0.0276
  0.0277  0.0277  0.0276  0.0277  0.0276  0.0276  0.0277  0.0277  0.0276  0.0276  0.0276  0.0276
  0.0279  0.0278  0.0277  0.0280  0.0277  0.0278  0.0278  0.0280  0.0277  0.0278  0.0277  0.0277
  0.0284  0.0281  0.0279  0.0284  0.0279  0.0281  0.0281  0.0286  0.0279  0.0281  0.0278  0.0279
niter,ni,del,rscale     2    3    5.0000    0.5000
parameters
   -2.5499    4.2834   11.6185   10.5528  -18.4707   -4.4510
   -6.8492   -1.7159    8.1248   46.4036    0.2565  -66.1175
eta,q 0.97243 11.66410
  0.0281  0.0279  0.0278  0.0282  0.0278  0.0281  0.0280  0.0283  0.0278  0.0279  0.0278  0.0278
  0.0278  0.0277  0.0277  0.0279  0.0277  0.0278  0.0277  0.0279  0.0277  0.0277  0.0276  0.0277
  0.0276  0.0276  0.0276  0.0276  0.0276  0.0276  0.0276  0.0277  0.0276  0.0276  0.0276  0.0276
  0.0276  0.0276  0.0276  0.0276  0.0276  0.0276  0.0276  0.0276  0.0276  0.0276  0.0276  0.0276
  0.0276  0.0276  0.0276  0.0277  0.0276  0.0276  0.0276  0.0276  0.0276  0.0276  0.0276  0.0276
  0.0278  0.0277  0.0277  0.0279  0.0277  0.0277  0.0278  0.0279  0.0277  0.0277  0.0276  0.0276
  0.0281  0.0279  0.0278  0.0282  0.0278  0.0280  0.0279  0.0283  0.0278  0.0279  0.0277  0.0278
niter,ni,del,rscale     1    3    5.0000    0.4000
parameters
   -2.5529    4.2598   11.6781   10.5347  -18.3391   -4.2802
   -6.8628   -1.7106    8.1024   46.2948    0.2456  -65.9205
eta,q 0.97244 11.66786
  0.0279  0.0278  0.0277  0.0280  0.0277  0.0279  0.0278  0.0280  0.0277  0.0278  0.0277  0.0277
  0.0277  0.0277  0.0276  0.0277  0.0276  0.0277  0.0277  0.0278  0.0276  0.0276  0.0276  0.0276
  0.0276  0.0276  0.0276  0.0276  0.0276  0.0276  0.0276  0.0276  0.0276  0.0276  0.0276  0.0276
  0.0276  0.0276  0.0276  0.0276  0.0276  0.0276  0.0276  0.0276  0.0276  0.0276  0.0276  0.0276
  0.0276  0.0276  0.0276  0.0276  0.0276  0.0276  0.0276  0.0276  0.0276  0.0276  0.0276  0.0276
  0.0277  0.0277  0.0276  0.0278  0.0276  0.0277  0.0277  0.0278  0.0276  0.0277  0.0276  0.0276
  0.0279  0.0278  0.0277  0.0280  0.0277  0.0278  0.0278  0.0280  0.0277  0.0278  0.0277  0.0277
registration optimization eta report
parameter search radius
    0.8000    0.8000    0.8000    2.4000    2.4000    2.4000
    2.4000    2.4000    2.4000    2.4000    2.4000    2.4000
100000*second partial in parameter space
       53.       34.       24.        7.        3.        5.
        4.        8.        3.        4.        2.        2.
  0.0279  0.0278  0.0277  0.0280  0.0277  0.0279  0.0278  0.0280  0.0277  0.0278  0.0277  0.0277
  0.0277  0.0277  0.0276  0.0277  0.0276  0.0277  0.0277  0.0278  0.0276  0.0276  0.0276  0.0276
  0.0276  0.0276  0.0276  0.0276  0.0276  0.0276  0.0276  0.0276  0.0276  0.0276  0.0276  0.0276
  0.0276  0.0276  0.0276  0.0276  0.0276  0.0276  0.0276  0.0276  0.0276  0.0276  0.0276  0.0276
  0.0276  0.0276  0.0276  0.0276  0.0276  0.0276  0.0276  0.0276  0.0276  0.0276  0.0276  0.0276
  0.0277  0.0277  0.0276  0.0278  0.0276  0.0277  0.0277  0.0278  0.0276  0.0277  0.0276  0.0276
  0.0279  0.0278  0.0277  0.0280  0.0277  0.0278  0.0278  0.0280  0.0277  0.0278  0.0277  0.0277
   -2.5529    4.2598   11.6781   10.5347  -18.3391   -4.2802
   -6.8628   -1.7106    8.1024   46.2948    0.2456  -65.9205
eta,q 0.97244 11.66786

---------------------------------------------------------------------
compute_vox2vox talsrcimg talsrcimg_to_711-2C_as_mni_average_305_t4 /opt/freesurfer/average/711-2C_as_mni_average_305
---------------------------------------------------------------------

freesurfer compute_vox2vox.c
Reading: talsrcimg.4dfp.ifh
Reading: talsrcimg_to_711-2C_as_mni_average_305_t4
Reading: /opt/freesurfer/average/711-2C_as_mni_average_305.4dfp.ifh
Writing: talsrcimg_to_711-2C_as_mni_average_305_t4_vox2vox.txt

start time Sat Mar 14 00:13:20 CET 2026
end		time Sat Mar 14 00:14:46 CET 2026

mpr2mni305 success

avi2talxfm orig_nu.mgz /opt/freesurfer/average/mni305.cor.mgz talsrcimg_to_711-2C_as_mni_average_305_t4_vox2vox.txt transforms/talairach.auto.xfm
avi2talxfm done
mv -f /out/sourcedata/freesurfer/sub-v2s8x29190_ses-1/mri/talsrcimg_to_711-2C_as_mni_average_305_t4_vox2vox.txt /out/sourcedata/freesurfer/sub-v2s8x29190_ses-1/mri/transforms/talsrcimg_to_711-2C_as_mni_average_305_t4_vox2vox.txt
lta_convert --src orig_nu.mgz --trg /opt/freesurfer/average/mni305.cor.mgz --inxfm transforms/talairach.auto.xfm --outlta transforms/talairach.auto.xfm.lta --subject fsaverage
7.3.2

--src: orig_nu.mgz src image (geometry).
--trg: /opt/freesurfer/average/mni305.cor.mgz trg image (geometry).
--inmni: transforms/talairach.auto.xfm input MNI/XFM transform.
--outlta: transforms/talairach.auto.xfm.lta output LTA.
--s: fsaverage subject name
 LTA read, type : 1
 0.90005  -0.01474   0.06374   8.08850;
-0.04589   0.75212   0.60329  -12.93871;
-0.06329  -0.42492   0.87624   0.40997;
 0.00000   0.00000   0.00000   1.00000;
setting subject to fsaverage
Writing  LTA to file transforms/talairach.auto.xfm.lta...
lta_convert successful.
 
 
Started at Sat Mar 14 00:13:19 CET 2026
Ended   at Sat Mar 14 00:14:46 CET 2026
talairach_avi done
