status file for recon-all
Sat Mar 14 02:25:28 CET 2026
#@# MotionCor Sat Mar 14 02:25:29 CET 2026
#@# Talairach Sat Mar 14 02:25:39 CET 2026
#@# Talairach Failure Detection Sat Mar 14 02:30:07 CET 2026
#@# Nu Intensity Correction Sat Mar 14 02:30:07 CET 2026
#@# Intensity Normalization Sat Mar 14 02:33:26 CET 2026
recon-all -s sub-v2s8x29234_ses-1 finished without error at Sat Mar 14 02:34:50 CET 2026



#New# invocation of recon-all 



status file for recon-all
Sat Mar 14 02:41:50 CET 2026
#@# EM Registration Sat Mar 14 02:41:50 CET 2026
recon-all -s sub-v2s8x29234_ses-1 finished without error at Sat Mar 14 02:44:06 CET 2026



#New# invocation of recon-all 



status file for recon-all
Sat Mar 14 02:44:08 CET 2026
#@# CA Normalize Sat Mar 14 02:44:08 CET 2026
#@# CA Reg Sat Mar 14 02:45:34 CET 2026
#@# SubCort Seg Sat Mar 14 03:36:55 CET 2026
#@# CC Seg Sat Mar 14 04:01:57 CET 2026
#@# Merge ASeg Sat Mar 14 04:02:31 CET 2026
#@# Intensity Normalization2 Sat Mar 14 04:02:31 CET 2026
#@# Mask BFS Sat Mar 14 04:04:47 CET 2026
#@# WM Segmentation Sat Mar 14 04:04:48 CET 2026
#@# Fill Sat Mar 14 04:06:37 CET 2026
recon-all -s sub-v2s8x29234_ses-1 finished without error at Sat Mar 14 04:07:37 CET 2026



#New# invocation of recon-all 



status file for recon-all
Sat Mar 14 04:49:56 CET 2026
#@# white curv lh Sat Mar 14 04:49:57 CET 2026
#@# white area lh Sat Mar 14 04:49:57 CET 2026
#@# pial curv lh Sat Mar 14 04:49:57 CET 2026
#@# pial area lh Sat Mar 14 04:49:57 CET 2026
#@# thickness lh Sat Mar 14 04:49:57 CET 2026
#@# area and vertex vol lh Sat Mar 14 04:49:57 CET 2026
#@# white curv rh Sat Mar 14 04:49:57 CET 2026
#@# white area rh Sat Mar 14 04:49:57 CET 2026
#@# pial curv rh Sat Mar 14 04:49:57 CET 2026
#@# pial area rh Sat Mar 14 04:49:57 CET 2026
#@# thickness rh Sat Mar 14 04:49:57 CET 2026
#@# area and vertex vol rh Sat Mar 14 04:49:57 CET 2026
#@# Cortical ribbon mask Sat Mar 14 04:49:57 CET 2026
recon-all -s sub-v2s8x29234_ses-1 finished without error at Sat Mar 14 04:54:00 CET 2026



#New# invocation of recon-all 



status file for recon-all
Sat Mar 14 04:59:34 CET 2026
#@# white curv lh Sat Mar 14 04:59:35 CET 2026
#@# white area lh Sat Mar 14 04:59:35 CET 2026
#@# pial curv lh Sat Mar 14 04:59:35 CET 2026
#@# pial area lh Sat Mar 14 04:59:35 CET 2026
#@# thickness lh Sat Mar 14 04:59:35 CET 2026
#@# area and vertex vol lh Sat Mar 14 04:59:35 CET 2026
#@# white curv rh Sat Mar 14 04:59:35 CET 2026
#@# white area rh Sat Mar 14 04:59:35 CET 2026
#@# pial curv rh Sat Mar 14 04:59:35 CET 2026
#@# pial area rh Sat Mar 14 04:59:35 CET 2026
#@# thickness rh Sat Mar 14 04:59:35 CET 2026
#@# area and vertex vol rh Sat Mar 14 04:59:35 CET 2026
#@# Curvature Stats lh Sat Mar 14 04:59:35 CET 2026
#@# Curvature Stats rh Sat Mar 14 04:59:37 CET 2026
#@# Relabel Hypointensities Sat Mar 14 04:59:39 CET 2026
#@# APas-to-ASeg Sat Mar 14 04:59:52 CET 2026
#@# AParc-to-ASeg aparc Sat Mar 14 04:59:59 CET 2026
#@# AParc-to-ASeg aparc.a2009s Sat Mar 14 05:00:31 CET 2026
#@# AParc-to-ASeg aparc.DKTatlas Sat Mar 14 05:01:05 CET 2026
#@# WMParc Sat Mar 14 05:01:41 CET 2026
#@# ASeg Stats Sat Mar 14 05:05:16 CET 2026
recon-all -s sub-v2s8x29234_ses-1 finished without error at Sat Mar 14 05:05:55 CET 2026
