status file for recon-all
Sat Mar 14 04:07:42 CET 2026
#@# Tessellate lh Sat Mar 14 04:07:42 CET 2026
#@# Smooth1 lh Sat Mar 14 04:07:46 CET 2026
#@# Inflation1 lh Sat Mar 14 04:07:48 CET 2026
#@# QSphere lh Sat Mar 14 04:08:04 CET 2026
#@# Fix Topology lh Sat Mar 14 04:09:03 CET 2026
#@# Smooth2 lh Sat Mar 14 04:16:18 CET 2026
#@# Inflation2 lh Sat Mar 14 04:16:20 CET 2026
#@# Curv .H and .K lh Sat Mar 14 04:16:32 CET 2026
#@# Sphere lh Sat Mar 14 04:17:11 CET 2026
#@# Surf Reg lh Sat Mar 14 04:20:08 CET 2026
#@# Jacobian white lh Sat Mar 14 04:23:03 CET 2026
#@# AvgCurv lh Sat Mar 14 04:23:03 CET 2026
#@# Cortical Parc lh Sat Mar 14 04:23:04 CET 2026
#@# white curv lh Sat Mar 14 04:28:18 CET 2026
#@# white area lh Sat Mar 14 04:28:19 CET 2026
#@# pial curv lh Sat Mar 14 04:28:20 CET 2026
#@# pial area lh Sat Mar 14 04:28:21 CET 2026
#@# thickness lh Sat Mar 14 04:28:22 CET 2026
#@# area and vertex vol lh Sat Mar 14 04:28:46 CET 2026
#@# Curvature Stats lh Sat Mar 14 04:28:47 CET 2026
#@# Cortical Parc 2 lh Sat Mar 14 04:28:49 CET 2026
#@# Cortical Parc 3 lh Sat Mar 14 04:29:00 CET 2026
#@# WM/GM Contrast lh Sat Mar 14 04:29:09 CET 2026
recon-all -s sub-v2s8x29234_ses-1 finished without error at Sat Mar 14 04:29:13 CET 2026



#New# invocation of recon-all 



status file for recon-all
Sat Mar 14 04:54:05 CET 2026
#@# white curv lh Sat Mar 14 04:54:05 CET 2026
#@# white area lh Sat Mar 14 04:54:05 CET 2026
#@# pial curv lh Sat Mar 14 04:54:05 CET 2026
#@# pial area lh Sat Mar 14 04:54:05 CET 2026
#@# thickness lh Sat Mar 14 04:54:05 CET 2026
#@# area and vertex vol lh Sat Mar 14 04:54:05 CET 2026
#@# Parcellation Stats lh Sat Mar 14 04:54:05 CET 2026
#@# Parcellation Stats 2 lh Sat Mar 14 04:54:18 CET 2026
#@# Parcellation Stats 3 lh Sat Mar 14 04:54:26 CET 2026
#@# BA_exvivo Labels lh Sat Mar 14 04:54:32 CET 2026
recon-all -s sub-v2s8x29234_ses-1 finished without error at Sat Mar 14 04:56:45 CET 2026
