/out/sourcedata/freesurfer/sub-v2s8x29242_ses-1/mri
/opt/freesurfer/bin/talairach_avi
--i orig_nu.mgz --xfm transforms/talairach.auto.xfm
talairach_avi 7.3.2
Linux dna056 5.14.0-427.37.1.el9_4.x86_64 #1 SMP PREEMPT_DYNAMIC Fri Sep 13 12:41:50 EDT 2024 x86_64 x86_64 x86_64 GNU/Linux
Sat Mar 14 02:58:08 CET 2026
mri_convert orig_nu.mgz talsrcimg.img 
reading from orig_nu.mgz...
TR=0.00, TE=0.00, TI=0.00, flip angle=0.00
i_ras = (-1, 0, 0)
j_ras = (0, 0, -1)
k_ras = (0, 1, 0)
writing to talsrcimg.img...
Analyze Output Matrix
-1.00000   0.00000   0.00000   125.32777;
 0.00000   0.00000   1.00000  -128.00000;
 0.00000  -1.00000   0.00000   129.27710;
 0.00000   0.00000   0.00000   1.00000;
--------------------
INFO: set hdr.hist.orient to -1
mpr2mni305 talsrcimg
Sat Mar 14 02:58:09 CET 2026
/opt/freesurfer/bin/mpr2mni305 talsrcimg
mpr2mni305 7.3.2
target=711-2C_as_mni_average_305

---------------------------------------------------------------------
analyzeto4dfp talsrcimg -O0 -y
---------------------------------------------------------------------

freesurfer ifh2hdr.c
Sat Mar 14 02:58:09 2026
Writing: talsrcimg.4dfp.hdr
freesurfer analyzeto4dfp.c
Reading: talsrcimg.hdr
header size 348 bytes
hdr.dime.datatype	offset=70	value=2
hdr.dime.bitpix		offset=72	value=8
hdr.hist.orient		offset=252	value=-1
dimensionality     4
dimensions       256       256       256         1
Reading: talsrcimg.img
Writing: talsrcimg.4dfp.img
Writing: talsrcimg.4dfp.ifh
ifh2hdr talsrcimg -r0to212
ori=2

---------------------------------------------------------------------
gauss_4dfp talsrcimg 1.1
---------------------------------------------------------------------

freesurfer gauss_4dfp.c
Reading: talsrcimg.4dfp.img
Writing: talsrcimg_g11.4dfp.img
image dimensions 256 256 256 padded to 288 288 288
processing volume 1freesurfer ifh2hdr.c
Sat Mar 14 02:58:11 2026
Writing: talsrcimg_g11.4dfp.hdr

Writing: talsrcimg_g11.4dfp.ifh
including: talsrcimg.4dfp.img.rec in talsrcimg_g11.4dfp.img.rec

---------------------------------------------------------------------
imgreg_4dfp /opt/freesurfer/average/711-2C_as_mni_average_305 none talsrcimg_g11 none talsrcimg_to_711-2C_as_mni_average_305_t4 4355
---------------------------------------------------------------------

freesurfer imgreg_4dfp.c
/opt/freesurfer/average/711-2C_as_mni_average_305.4dfp.img
       256       256       256         1
  1.000000  1.000000  1.000000
orientation T byte_order littleendian
Reading image: /opt/freesurfer/average/711-2C_as_mni_average_305.4dfp.img
dimensions:      256       256       256
mmppix:       1.0000   -1.0000   -1.0000
center:     128.0000 -129.0000 -129.0000
talsrcimg_g11.4dfp.img
       256       256       256         1
  1.000000  1.000000  1.000000
orientation T byte_order littleendian
Reading image: talsrcimg_g11.4dfp.img
dimensions:      256       256       256
mmppix:       1.0000   -1.0000   -1.0000
center:     128.0000 -129.0000 -129.0000
t4_read: open error in t4_sub.f l:  41 t4_file(1:l)talsrcimg_to_711-2C_as_mni_average_305_t4 
t4_read: transform initialized to I4
rotation matrix determinant  1.000000
image alignment mode   4355 decimal     1103 hex
   -7.5000  -45.0000  -45.0000 8705.2686   17.1313
    0.0000  -45.0000  -45.0000 9061.4434   17.2114
    7.5000  -45.0000  -45.0000 8627.5068   17.2407
   -7.5000  -37.5000  -45.0000 9114.4121   17.1186
    0.0000  -37.5000  -45.0000 9496.7803   17.1967
    7.5000  -37.5000  -45.0000 9023.0889   17.2260
   -7.5000  -30.0000  -45.0000 9771.8848   17.1395
    0.0000  -30.0000  -45.000010203.0352   17.2097
    7.5000  -30.0000  -45.0000 9688.1514   17.2306
   -7.5000  -22.5000  -45.000010379.5869   17.1760
    0.0000  -22.5000  -45.000010852.5068   17.2406
    7.5000  -22.5000  -45.000010288.6533   17.2531
   -7.5000  -15.0000  -45.000010973.7852   17.1908
    0.0000  -15.0000  -45.000011454.6768   17.2566
    7.5000  -15.0000  -45.000010862.2891   17.2693
   -7.5000   -7.5000  -45.000011451.6611   17.1670
    0.0000   -7.5000  -45.000011957.9717   17.2403
    7.5000   -7.5000  -45.000011348.9199   17.2615
   -7.5000    0.0000  -45.000011874.9717   17.1313
    0.0000    0.0000  -45.000012406.1611   17.2114
    7.5000    0.0000  -45.000011771.9502   17.2407
   -7.5000    7.5000  -45.000011456.2354   17.1186
    0.0000    7.5000  -45.000011955.4424   17.1967
    7.5000    7.5000  -45.000011345.6377   17.2260
   -7.5000   15.0000  -45.000010803.4043   17.1395
    0.0000   15.0000  -45.000011277.3506   17.2097
    7.5000   15.0000  -45.000010702.1367   17.2306
   -7.5000   22.5000  -45.0000 9985.8818   17.1736
    0.0000   22.5000  -45.000010422.3877   17.2382
    7.5000   22.5000  -45.0000 9903.6689   17.2508
   -7.5000   30.0000  -45.0000 9174.8291   16.9617
    0.0000   30.0000  -45.0000 9568.8447   17.0267
    7.5000   30.0000  -45.0000 9086.2832   17.0392
   -7.5000   37.5000  -45.0000 8722.7539   16.9382
    0.0000   37.5000  -45.0000 9081.3896   17.0106
    7.5000   37.5000  -45.0000 8634.5010   17.0315
   -7.5000   45.0000  -45.0000 7842.6768   16.4738
    0.0000   45.0000  -45.0000 8141.5430   16.5508
    7.5000   45.0000  -45.0000 7734.5220   16.5790
   -7.5000  -45.0000  -37.5000 9245.9053   17.0971
    0.0000  -45.0000  -37.5000 9652.8506   17.1729
    7.5000  -45.0000  -37.5000 9169.1543   17.2039
   -7.5000  -37.5000  -37.5000 9660.0908   17.0776
    0.0000  -37.5000  -37.500010115.3184   17.1543
    7.5000  -37.5000  -37.5000 9565.6855   17.1877
   -7.5000  -30.0000  -37.500010370.8955   17.0923
    0.0000  -30.0000  -37.500010863.3789   17.1650
    7.5000  -30.0000  -37.500010262.0742   17.1913
   -7.5000  -22.5000  -37.500010992.9707   17.1285
    0.0000  -22.5000  -37.500011552.4297   17.1965
    7.5000  -22.5000  -37.500010875.9834   17.2130
   -7.5000  -15.0000  -37.500011584.8018   17.1497
    0.0000  -15.0000  -37.500012165.1133   17.2166
    7.5000  -15.0000  -37.500011468.3887   17.2305
   -7.5000   -7.5000  -37.500012100.6758   17.1331
    0.0000   -7.5000  -37.500012677.1729   17.2038
    7.5000   -7.5000  -37.500011984.2520   17.2251
   -7.5000    0.0000  -37.500012559.7988   17.0971
    0.0000    0.0000  -37.500013143.9600   17.1729
    7.5000    0.0000  -37.500012404.7227   17.2039
   -7.5000    7.5000  -37.500012062.6406   17.0776
    0.0000    7.5000  -37.500012618.2051   17.1543
    7.5000    7.5000  -37.500011924.2949   17.1877
   -7.5000   15.0000  -37.500011336.3838   17.0923
    0.0000   15.0000  -37.500011885.9834   17.1650
    7.5000   15.0000  -37.500011225.2607   17.1913
   -7.5000   22.5000  -37.500010457.1699   17.1262
    0.0000   22.5000  -37.500010955.8896   17.1942
    7.5000   22.5000  -37.500010366.8320   17.2106
   -7.5000   30.0000  -37.5000 9595.3301   16.9212
    0.0000   30.0000  -37.500010044.8896   16.9872
    7.5000   30.0000  -37.5000 9488.4551   17.0009
   -7.5000   37.5000  -37.5000 9115.6445   16.9048
    0.0000   37.5000  -37.5000 9520.7979   16.9745
    7.5000   37.5000  -37.5000 8997.7734   16.9956
   -7.5000   45.0000  -37.5000 8150.4473   16.4409
    0.0000   45.0000  -37.5000 8478.6748   16.5138
    7.5000   45.0000  -37.5000 8057.6187   16.5436
   -7.5000  -45.0000  -30.0000 9942.5205   17.8106
    0.0000  -45.0000  -30.000010375.5830   17.8845
    7.5000  -45.0000  -30.0000 9836.2246   17.9115
   -7.5000  -37.5000  -30.000010396.1660   17.7885
    0.0000  -37.5000  -30.000010877.4189   17.8659
    7.5000  -37.5000  -30.000010284.1943   17.8968
   -7.5000  -30.0000  -30.000011144.5967   17.7976
    0.0000  -30.0000  -30.000011670.4189   17.8745
    7.5000  -30.0000  -30.000011015.8027   17.9012
   -7.5000  -22.5000  -30.000011813.2217   17.8296
    0.0000  -22.5000  -30.000012391.9395   17.9029
    7.5000  -22.5000  -30.000011656.5850   17.9218
   -7.5000  -15.0000  -30.000012429.5508   17.8521
    0.0000  -15.0000  -30.000013040.7266   17.9229
    7.5000  -15.0000  -30.000012246.1201   17.9385
   -7.5000   -7.5000  -30.000012972.5762   17.8421
    0.0000   -7.5000  -30.000013596.4209   17.9131
    7.5000   -7.5000  -30.000012782.4688   17.9327
   -7.5000    0.0000  -30.000013399.6475   17.8106
    0.0000    0.0000  -30.000014050.6787   17.8845
    7.5000    0.0000  -30.000013221.2715   17.9115
   -7.5000    7.5000  -30.000012854.6201   17.7885
    0.0000    7.5000  -30.000013465.7236   17.8659
    7.5000    7.5000  -30.000012677.5889   17.8968
   -7.5000   15.0000  -30.000012087.9336   17.7976
    0.0000   15.0000  -30.000012680.3516   17.8745
    7.5000   15.0000  -30.000011930.5996   17.9012
   -7.5000   22.5000  -30.000011110.1514   17.8253
    0.0000   22.5000  -30.000011657.6562   17.8986
    7.5000   22.5000  -30.000010973.1611   17.9175
   -7.5000   30.0000  -30.000010168.5059   17.6159
    0.0000   30.0000  -30.000010644.8203   17.6857
    7.5000   30.0000  -30.000010043.0957   17.7011
   -7.5000   37.5000  -30.0000 9636.7568   17.6060
    0.0000   37.5000  -30.000010076.8643   17.6761
    7.5000   37.5000  -30.0000 9493.1484   17.6954
   -7.5000   45.0000  -30.0000 8617.4863   17.1396
    0.0000   45.0000  -30.0000 8984.7168   17.2107
    7.5000   45.0000  -30.0000 8498.2988   17.2367
   -7.5000  -45.0000  -22.500010624.1152   18.4532
    0.0000  -45.0000  -22.500011115.7949   18.5299
    7.5000  -45.0000  -22.500010494.4893   18.5511
   -7.5000  -37.5000  -22.500011111.6729   18.4377
    0.0000  -37.5000  -22.500011629.5859   18.5168
    7.5000  -37.5000  -22.500010993.6875   18.5401
   -7.5000  -30.0000  -22.500011889.3604   18.4475
    0.0000  -30.0000  -22.500012458.1162   18.5257
    7.5000  -30.0000  -22.500011751.5049   18.5461
   -7.5000  -22.5000  -22.500012607.6875   18.4736
    0.0000  -22.5000  -22.500013213.0635   18.5490
    7.5000  -22.5000  -22.500012403.3525   18.5656
   -7.5000  -15.0000  -22.500013256.0898   18.4884
    0.0000  -15.0000  -22.500013893.1973   18.5628
    7.5000  -15.0000  -22.500013015.6885   18.5788
   -7.5000   -7.5000  -22.500013841.7617   18.4778
    0.0000   -7.5000  -22.500014508.7354   18.5525
    7.5000   -7.5000  -22.500013582.8027   18.5704
   -7.5000    0.0000  -22.500014270.0459   18.4532
    0.0000    0.0000  -22.500014962.9941   18.5299
    7.5000    0.0000  -22.500014027.7344   18.5510
   -7.5000    7.5000  -22.500013627.3643   18.4377
    0.0000    7.5000  -22.500014278.7988   18.5168
    7.5000    7.5000  -22.500013402.9824   18.5401
   -7.5000   15.0000  -22.500012806.3086   18.4475
    0.0000   15.0000  -22.500013424.7744   18.5257
    7.5000   15.0000  -22.500012633.1152   18.5461
   -7.5000   22.5000  -22.500011747.8379   18.4679
    0.0000   22.5000  -22.500012328.0654   18.5433
    7.5000   22.5000  -22.500011593.1201   18.5598
   -7.5000   30.0000  -22.500010735.6670   18.2466
    0.0000   30.0000  -22.500011258.9824   18.3200
    7.5000   30.0000  -22.500010613.5742   18.3358
   -7.5000   37.5000  -22.500010145.6572   18.2361
    0.0000   37.5000  -22.500010643.9141   18.3098
    7.5000   37.5000  -22.500010001.0127   18.3275
   -7.5000   45.0000  -22.5000 9065.1572   17.7713
    0.0000   45.0000  -22.5000 9498.8154   17.8452
    7.5000   45.0000  -22.5000 8936.4805   17.8656
   -7.5000  -45.0000  -15.000011297.8477   18.9316
    0.0000  -45.0000  -15.000011817.0342   19.0147
    7.5000  -45.0000  -15.000011182.9453   19.0338
   -7.5000  -37.5000  -15.000011795.8721   18.9233
    0.0000  -37.5000  -15.000012350.3828   19.0060
    7.5000  -37.5000  -15.000011676.9492   19.0244
   -7.5000  -30.0000  -15.000012626.6387   18.9386
    0.0000  -30.0000  -15.000013241.3047   19.0161
    7.5000  -30.0000  -15.000012468.5840   19.0308
   -7.5000  -22.5000  -15.000013381.9473   18.9641
    0.0000  -22.5000  -15.000014005.5117   19.0377
    7.5000  -22.5000  -15.000013139.5098   19.0503
   -7.5000  -15.0000  -15.000014048.5371   18.9721
    0.0000  -15.0000  -15.000014695.1211   19.0469
    7.5000  -15.0000  -15.000013772.9385   19.0619
   -7.5000   -7.5000  -15.000014657.6992   18.9550
    0.0000   -7.5000  -15.000015330.6992   19.0340
    7.5000   -7.5000  -15.000014359.9844   19.0518
   -7.5000    0.0000  -15.000015106.2520   18.9316
    0.0000    0.0000  -15.000015806.2754   19.0147
    7.5000    0.0000  -15.000014819.0312   19.0338
   -7.5000    7.5000  -15.000014381.2559   18.9233
    0.0000    7.5000  -15.000015059.9238   19.0060
    7.5000    7.5000  -15.000014124.1758   19.0244
   -7.5000   15.0000  -15.000013503.3613   18.9386
    0.0000   15.0000  -15.000014146.9863   19.0161
    7.5000   15.0000  -15.000013313.7959   19.0308
   -7.5000   22.5000  -15.000012406.0029   18.9574
    0.0000   22.5000  -15.000013015.3096   19.0309
    7.5000   22.5000  -15.000012219.1787   19.0435
   -7.5000   30.0000  -15.000011348.1182   18.7265
    0.0000   30.0000  -15.000011905.2305   18.8004
    7.5000   30.0000  -15.000011203.8496   18.8152
   -7.5000   37.5000  -15.000010701.7373   18.7097
    0.0000   37.5000  -15.000011236.8730   18.7876
    7.5000   37.5000  -15.000010546.5156   18.8052
   -7.5000   45.0000  -15.0000 9520.1318   18.2431
    0.0000   45.0000  -15.0000 9964.2109   18.3232
    7.5000   45.0000  -15.0000 9363.4668   18.3415
   -7.5000  -45.0000   -7.500012013.5947   19.1556
    0.0000  -45.0000   -7.500012573.2510   19.2441
    7.5000  -45.0000   -7.500011892.8174   19.2686
   -7.5000  -37.5000   -7.500012539.7676   19.1474
    0.0000  -37.5000   -7.500013142.2227   19.2335
    7.5000  -37.5000   -7.500012414.6484   19.2566
   -7.5000  -30.0000   -7.500013472.9668   19.1694
    0.0000  -30.0000   -7.500014127.1250   19.2464
    7.5000  -30.0000   -7.500013283.5645   19.2628
   -7.5000  -22.5000   -7.500014263.6895   19.2026
    0.0000  -22.5000   -7.500014904.6748   19.2738
    7.5000  -22.5000   -7.500013990.5254   19.2852
   -7.5000  -15.0000   -7.500014918.9150   19.2121
    0.0000  -15.0000   -7.500015532.4971   19.2854
    7.5000  -15.0000   -7.500014591.9512   19.2994
   -7.5000   -7.5000   -7.500015519.9082   19.1871
    0.0000   -7.5000   -7.500016161.8047   19.2686
    7.5000   -7.5000   -7.500015189.0000   19.2888
   -7.5000    0.0000   -7.500015993.3809   19.1556
    0.0000    0.0000   -7.500016676.7617   19.2441
    7.5000    0.0000   -7.500015680.1309   19.2686
   -7.5000    7.5000   -7.500015207.6191   19.1474
    0.0000    7.5000   -7.500015875.6328   19.2335
    7.5000    7.5000   -7.500014914.0547   19.2566
   -7.5000   15.0000   -7.500014304.6992   19.1694
    0.0000   15.0000   -7.500014891.3213   19.2464
    7.5000   15.0000   -7.500014047.1484   19.2628
   -7.5000   22.5000   -7.500013189.7881   19.1938
    0.0000   22.5000   -7.500013749.7832   19.2649
    7.5000   22.5000   -7.500012946.8604   19.2763
   -7.5000   30.0000   -7.500012060.0166   18.9629
    0.0000   30.0000   -7.500012564.1904   19.0353
    7.5000   30.0000   -7.500011825.7568   19.0491
   -7.5000   37.5000   -7.500011335.6348   18.9383
    0.0000   37.5000   -7.500011854.6357   19.0187
    7.5000   37.5000   -7.500011078.2861   19.0387
   -7.5000   45.0000   -7.500010017.2188   18.4624
    0.0000   45.0000   -7.500010474.4639   18.5477
    7.5000   45.0000   -7.5000 9801.3340   18.5713
   -7.5000  -45.0000    0.000012528.9883   19.1648
    0.0000  -45.0000    0.000013115.4141   19.2543
    7.5000  -45.0000    0.000012406.5840   19.2871
   -7.5000  -37.5000    0.000013111.8877   19.1508
    0.0000  -37.5000    0.000013788.3838   19.2382
    7.5000  -37.5000    0.000012992.8623   19.2710
   -7.5000  -30.0000    0.000014273.2861   19.1743
    0.0000  -30.0000    0.000015040.9521   19.2528
    7.5000  -30.0000    0.000014025.2920   19.2763
   -7.5000  -22.5000    0.000015176.1641   19.2149
    0.0000  -22.5000    0.000015813.0381   19.2872
    7.5000  -22.5000    0.000014842.4053   19.3013
   -7.5000  -15.0000    0.000015797.6719   19.2313
    0.0000  -15.0000    0.000016287.6338   19.3049
    7.5000  -15.0000    0.000015449.9932   19.3191
   -7.5000   -7.5000    0.000016376.2803   19.2046
    0.0000   -7.5000    0.000016869.1270   19.2865
    7.5000   -7.5000    0.000016065.8672   19.3103
   -7.5000    0.0000    0.000016910.8867   19.1648
    0.0000    0.0000    0.000017483.0078   19.2543
    7.5000    0.0000    0.000016579.5957   19.2871
   -7.5000    7.5000    0.000016058.0957   19.1508
    0.0000    7.5000    0.000016655.2227   19.2382
    7.5000    7.5000    0.000015720.5635   19.2710
   -7.5000   15.0000    0.000015050.8633   19.1743
    0.0000   15.0000    0.000015623.1650   19.2528
    7.5000   15.0000    0.000014702.5898   19.2763
   -7.5000   22.5000    0.000013844.7861   19.2061
    0.0000   22.5000    0.000014419.3682   19.2784
    7.5000   22.5000    0.000013534.2588   19.2924
   -7.5000   30.0000    0.000012642.6172   18.9824
    0.0000   30.0000    0.000013177.9775   19.0551
    7.5000   30.0000    0.000012330.1572   19.0691
   -7.5000   37.5000    0.000011851.8965   18.9560
    0.0000   37.5000    0.000012372.3008   19.0369
    7.5000   37.5000    0.000011549.0674   19.0604
   -7.5000   45.0000    0.000010471.2568   18.4726
    0.0000   45.0000    0.000010924.6982   18.5589
    7.5000   45.0000    0.000010203.2227   18.5906
   -7.5000  -45.0000    7.500012077.6934   19.1322
    0.0000  -45.0000    7.500012575.6992   19.2169
    7.5000  -45.0000    7.500011994.5400   19.2516
   -7.5000  -37.5000    7.500012624.2695   19.1103
    0.0000  -37.5000    7.500013213.6348   19.1962
    7.5000  -37.5000    7.500012546.7422   19.2335
   -7.5000  -30.0000    7.500013788.7979   19.1268
    0.0000  -30.0000    7.500014502.5605   19.2081
    7.5000  -30.0000    7.500013640.9844   19.2376
   -7.5000  -22.5000    7.500014743.4463   19.1673
    0.0000  -22.5000    7.500015358.5781   19.2434
    7.5000  -22.5000    7.500014571.5195   19.2618
   -7.5000  -15.0000    7.500015422.5225   19.1910
    0.0000  -15.0000    7.500015903.6338   19.2659
    7.5000  -15.0000    7.500015173.5879   19.2814
   -7.5000   -7.5000    7.500016010.5527   19.1724
    0.0000   -7.5000    7.500016465.3555   19.2515
    7.5000   -7.5000    7.500015677.5127   19.2754
   -7.5000    0.0000    7.500016531.0527   19.1321
    0.0000    0.0000    7.500017058.5469   19.2169
    7.5000    0.0000    7.500016086.2939   19.2516
   -7.5000    7.5000    7.500015583.8145   19.1103
    0.0000    7.5000    7.500016126.5703   19.1962
    7.5000    7.5000    7.500015172.0107   19.2335
   -7.5000   15.0000    7.500014538.9561   19.1268
    0.0000   15.0000    7.500015092.4941   19.2081
    7.5000   15.0000    7.500014169.1348   19.2376
   -7.5000   22.5000    7.500013373.3008   19.1585
    0.0000   22.5000    7.500013905.0576   19.2345
    7.5000   22.5000    7.500013062.3623   19.2529
   -7.5000   30.0000    7.500012187.6299   18.9427
    0.0000   30.0000    7.500012719.9189   19.0165
    7.5000   30.0000    7.500011914.1699   19.0319
   -7.5000   37.5000    7.500011370.8301   18.9243
    0.0000   37.5000    7.500011893.0156   19.0023
    7.5000   37.5000    7.500011111.5908   19.0259
   -7.5000   45.0000    7.500010035.2451   18.4412
    0.0000   45.0000    7.500010483.9170   18.5229
    7.5000   45.0000    7.5000 9793.6338   18.5563
   -7.5000  -45.0000   15.000011540.6211   19.1603
    0.0000  -45.0000   15.000012020.3428   19.2402
    7.5000  -45.0000   15.000011473.5293   19.2699
   -7.5000  -37.5000   15.000012049.9482   19.1364
    0.0000  -37.5000   15.000012630.2412   19.2201
    7.5000  -37.5000   15.000011979.3867   19.2539
   -7.5000  -30.0000   15.000013042.4453   19.1461
    0.0000  -30.0000   15.000013729.6934   19.2293
    7.5000  -30.0000   15.000012945.9053   19.2587
   -7.5000  -22.5000   15.000013921.8164   19.1807
    0.0000  -22.5000   15.000014617.3828   19.2600
    7.5000  -22.5000   15.000013781.1436   19.2809
   -7.5000  -15.0000   15.000014634.6729   19.2050
    0.0000  -15.0000   15.000015322.3994   19.2816
    7.5000  -15.0000   15.000014422.5400   19.2990
   -7.5000   -7.5000   15.000015274.8486   19.1943
    0.0000   -7.5000   15.000015970.1416   19.2712
    7.5000   -7.5000   15.000014975.7539   19.2928
   -7.5000    0.0000   15.000015755.8818   19.1603
    0.0000    0.0000   15.000016460.1602   19.2402
    7.5000    0.0000   15.000015400.2871   19.2699
   -7.5000    7.5000   15.000014829.1895   19.1364
    0.0000    7.5000   15.000015456.2275   19.2201
    7.5000    7.5000   15.000014502.9307   19.2539
   -7.5000   15.0000   15.000013800.0947   19.1461
    0.0000   15.0000   15.000014373.4834   19.2293
    7.5000   15.0000   15.000013521.6172   19.2587
   -7.5000   22.5000   15.000012679.9463   19.1719
    0.0000   22.5000   15.000013183.2275   19.2511
    7.5000   22.5000   15.000012446.1875   19.2721
   -7.5000   30.0000   15.000011549.7520   18.9565
    0.0000   30.0000   15.000012006.1133   19.0321
    7.5000   30.0000   15.000011347.0879   19.0492
   -7.5000   37.5000   15.000010755.5322   18.9459
    0.0000   37.5000   15.000011189.0664   19.0218
    7.5000   37.5000   15.000010559.0596   19.0431
   -7.5000   45.0000   15.0000 9505.0605   18.4683
    0.0000   45.0000   15.0000 9889.4238   18.5453
    7.5000   45.0000   15.0000 9309.5459   18.5739
   -7.5000  -45.0000   22.500010879.9043   19.2552
    0.0000  -45.0000   22.500011388.6768   19.3359
    7.5000  -45.0000   22.500010789.0459   19.3589
   -7.5000  -37.5000   22.500011369.0820   19.2388
    0.0000  -37.5000   22.500011918.5020   19.3221
    7.5000  -37.5000   22.500011283.8730   19.3473
   -7.5000  -30.0000   22.500012257.3691   19.2491
    0.0000  -30.0000   22.500012826.4199   19.3315
    7.5000  -30.0000   22.500012175.4902   19.3537
   -7.5000  -22.5000   22.500013009.3877   19.2768
    0.0000  -22.5000   22.500013564.8818   19.3562
    7.5000  -22.5000   22.500012909.1758   19.3744
   -7.5000  -15.0000   22.500013653.7217   19.2925
    0.0000  -15.0000   22.500014212.0068   19.3709
    7.5000  -15.0000   22.500013538.9092   19.3885
   -7.5000   -7.5000   22.500014274.9824   19.2812
    0.0000   -7.5000   22.500014869.3789   19.3599
    7.5000   -7.5000   22.500014109.3174   19.3795
   -7.5000    0.0000   22.500014760.7383   19.2551
    0.0000    0.0000   22.500015391.0986   19.3359
    7.5000    0.0000   22.500014576.4463   19.3589
   -7.5000    7.5000   22.500013939.9453   19.2388
    0.0000    7.5000   22.500014536.0254   19.3221
    7.5000    7.5000   22.500013772.0049   19.3473
   -7.5000   15.0000   22.500012971.8262   19.2491
    0.0000   15.0000   22.500013523.8066   19.3315
    7.5000   15.0000   22.500012810.5586   19.3537
   -7.5000   22.5000   22.500011931.9746   19.2679
    0.0000   22.5000   22.500012444.7363   19.3473
    7.5000   22.5000   22.500011773.0459   19.3654
   -7.5000   30.0000   22.500010817.7266   19.0428
    0.0000   30.0000   22.500011295.9268   19.1202
    7.5000   30.0000   22.500010701.6660   19.1376
   -7.5000   37.5000   22.500010046.7627   19.0317
    0.0000   37.5000   22.500010474.0283   19.1094
    7.5000   37.5000   22.5000 9933.4424   19.1287
   -7.5000   45.0000   22.5000 8845.2236   18.5597
    0.0000   45.0000   22.5000 9207.1641   18.6376
    7.5000   45.0000   22.5000 8749.4980   18.6598
   -7.5000  -45.0000   30.000010128.5029   19.4418
    0.0000  -45.0000   30.000010595.8496   19.5288
    7.5000  -45.0000   30.000010062.6641   19.5498
   -7.5000  -37.5000   30.000010586.6689   19.4329
    0.0000  -37.5000   30.000011077.9873   19.5195
    7.5000  -37.5000   30.000010538.9980   19.5397
   -7.5000  -30.0000   30.000011384.4756   19.4489
    0.0000  -30.0000   30.000011883.5176   19.5301
    7.5000  -30.0000   30.000011346.5732   19.5463
   -7.5000  -22.5000   30.000012050.5107   19.4760
    0.0000  -22.5000   30.000012566.3320   19.5528
    7.5000  -22.5000   30.000012005.0645   19.5668
   -7.5000  -15.0000   30.000012654.1270   19.4846
    0.0000  -15.0000   30.000013200.1943   19.5628
    7.5000  -15.0000   30.000012610.5273   19.5792
   -7.5000   -7.5000   30.000013208.2002   19.4667
    0.0000   -7.5000   30.000013761.2812   19.5493
    7.5000   -7.5000   30.000013139.2588   19.5688
   -7.5000    0.0000   30.000013659.9238   19.4418
    0.0000    0.0000   30.000014234.0889   19.5288
    7.5000    0.0000   30.000013564.1377   19.5498
   -7.5000    7.5000   30.000012938.2490   19.4329
    0.0000    7.5000   30.000013496.1455   19.5195
    7.5000    7.5000   30.000012833.4297   19.5397
   -7.5000   15.0000   30.000012053.0498   19.4489
    0.0000   15.0000   30.000012559.3271   19.5301
    7.5000   15.0000   30.000011940.8896   19.5463
   -7.5000   22.5000   30.000011105.9248   19.4670
    0.0000   22.5000   30.000011573.0332   19.5438
    7.5000   22.5000   30.000011006.8750   19.5577
   -7.5000   30.0000   30.000010043.9326   19.2324
    0.0000   30.0000   30.000010469.7725   19.3096
    7.5000   30.0000   30.0000 9953.3506   19.3258
   -7.5000   37.5000   30.0000 9296.2002   19.2147
    0.0000   37.5000   30.0000 9697.2168   19.2963
    7.5000   37.5000   30.0000 9215.9863   19.3155
   -7.5000   45.0000   30.0000 8176.9624   18.7397
    0.0000   45.0000   30.0000 8492.6748   18.8236
    7.5000   45.0000   30.0000 8111.8335   18.8437
   -7.5000  -45.0000   37.5000 9716.3193   19.7271
    0.0000  -45.0000   37.500010154.8623   19.8218
    7.5000  -45.0000   37.5000 9698.2881   19.8489
   -7.5000  -37.5000   37.500010150.6748   19.7179
    0.0000  -37.5000   37.500010647.6465   19.8099
    7.5000  -37.5000   37.500010150.9092   19.8354
   -7.5000  -30.0000   37.500010915.5850   19.7405
    0.0000  -30.0000   37.500011435.2930   19.8226
    7.5000  -30.0000   37.500010917.6582   19.8410
   -7.5000  -22.5000   37.500011566.2266   19.7755
    0.0000  -22.5000   37.500012082.4248   19.8514
    7.5000  -22.5000   37.500011540.4248   19.8645
   -7.5000  -15.0000   37.500012125.4033   19.7861
    0.0000  -15.0000   37.500012655.1240   19.8643
    7.5000  -15.0000   37.500012086.4932   19.8802
   -7.5000   -7.5000   37.500012626.6309   19.7603
    0.0000   -7.5000   37.500013196.2119   19.8474
    7.5000   -7.5000   37.500012590.5654   19.8701
   -7.5000    0.0000   37.500013071.3682   19.7271
    0.0000    0.0000   37.500013663.2773   19.8218
    7.5000    0.0000   37.500013025.2119   19.8489
   -7.5000    7.5000   37.500012398.3125   19.7179
    0.0000    7.5000   37.500012964.7539   19.8099
    7.5000    7.5000   37.500012329.7754   19.8354
   -7.5000   15.0000   37.500011547.3535   19.7405
    0.0000   15.0000   37.500012060.2559   19.8226
    7.5000   15.0000   37.500011458.6797   19.8410
   -7.5000   22.5000   37.500010634.8486   19.7664
    0.0000   22.5000   37.500011098.8242   19.8423
    7.5000   22.5000   37.500010561.3018   19.8553
   -7.5000   30.0000   37.5000 9638.1562   19.5300
    0.0000   30.0000   37.500010046.3545   19.6072
    7.5000   30.0000   37.5000 9552.4746   19.6229
   -7.5000   37.5000   37.5000 8931.2822   19.5046
    0.0000   37.5000   37.5000 9305.6016   19.5906
    7.5000   37.5000   37.5000 8857.5811   19.6129
   -7.5000   45.0000   37.5000 7876.2671   19.0147
    0.0000   45.0000   37.5000 8174.5850   19.1059
    7.5000   45.0000   37.5000 7833.4844   19.1320
   -7.5000  -45.0000   45.0000 8931.6055   20.0335
    0.0000  -45.0000   45.0000 9354.4834   20.1314
    7.5000  -45.0000   45.0000 8905.8105   20.1702
   -7.5000  -37.5000   45.0000 9323.0303   20.0165
    0.0000  -37.5000   45.0000 9773.4756   20.1130
    7.5000  -37.5000   45.0000 9298.1621   20.1517
   -7.5000  -30.0000   45.0000 9999.4111   20.0397
    0.0000  -30.0000   45.000010477.3965   20.1267
    7.5000  -30.0000   45.0000 9983.1104   20.1555
   -7.5000  -22.5000   45.000010586.0020   20.0832
    0.0000  -22.5000   45.000011089.1875   20.1631
    7.5000  -22.5000   45.000010558.0693   20.1817
   -7.5000  -15.0000   45.000011115.2773   20.1027
    0.0000  -15.0000   45.000011635.7588   20.1832
    7.5000  -15.0000   45.000011077.8320   20.2020
   -7.5000   -7.5000   45.000011572.2783   20.0761
    0.0000   -7.5000   45.000012108.9355   20.1653
    7.5000   -7.5000   45.000011546.5488   20.1943
   -7.5000    0.0000   45.000011989.8037   20.0335
    0.0000    0.0000   45.000012536.2969   20.1314
    7.5000    0.0000   45.000011960.8115   20.1702
   -7.5000    7.5000   45.000011399.0205   20.0165
    0.0000    7.5000   45.000011925.0322   20.1130
    7.5000    7.5000   45.000011339.0010   20.1517
   -7.5000   15.0000   45.000010614.8975   20.0397
    0.0000   15.0000   45.000011077.6348   20.1267
    7.5000   15.0000   45.000010540.0596   20.1555
   -7.5000   22.5000   45.0000 9758.3838   20.0739
    0.0000   22.5000   45.000010178.6768   20.1537
    7.5000   22.5000   45.0000 9701.2188   20.1723
   -7.5000   30.0000   45.0000 8853.9619   19.8408
    0.0000   30.0000   45.0000 9217.6309   19.9203
    7.5000   30.0000   45.0000 8796.5820   19.9389
   -7.5000   37.5000   45.0000 8217.2275   19.8145
    0.0000   37.5000   45.0000 8538.0410   19.9026
    7.5000   37.5000   45.0000 8162.7075   19.9312
   -7.5000   45.0000   45.0000 7264.6709   19.3187
    0.0000   45.0000   45.0000 7524.8105   19.4132
    7.5000   45.0000   45.0000 7220.2075   19.4506

---------------------------------------------------------------------
imgreg_4dfp /opt/freesurfer/average/711-2C_as_mni_average_305 /opt/freesurfer/average/711-2B_as_mni_average_305_mask talsrcimg_g11 none talsrcimg_to_711-2C_as_mni_average_305_t4 4355
---------------------------------------------------------------------

freesurfer imgreg_4dfp.c
/opt/freesurfer/average/711-2C_as_mni_average_305.4dfp.img
       256       256       256         1
  1.000000  1.000000  1.000000
orientation T byte_order littleendian
Reading image: /opt/freesurfer/average/711-2C_as_mni_average_305.4dfp.img
dimensions:      256       256       256
mmppix:       1.0000   -1.0000   -1.0000
center:     128.0000 -129.0000 -129.0000
/opt/freesurfer/average/711-2B_as_mni_average_305_mask.4dfp.img
       256       256       256         1
  1.000000  1.000000  1.000000
orientation T byte_order littleendian
Reading mask: /opt/freesurfer/average/711-2B_as_mni_average_305_mask.4dfp.img (2306576 pixels)
talsrcimg_g11.4dfp.img
       256       256       256         1
  1.000000  1.000000  1.000000
orientation T byte_order littleendian
Reading image: talsrcimg_g11.4dfp.img
dimensions:      256       256       256
mmppix:       1.0000   -1.0000   -1.0000
center:     128.0000 -129.0000 -129.0000
rotation matrix determinant  1.000000
image alignment mode   4355 decimal     1103 hex
   -7.5000  -45.0000  -45.0000 2155.2832   16.9768
    0.0000  -45.0000  -45.0000 2166.9512   16.9820
    7.5000  -45.0000  -45.0000 2142.2988   17.1380
   -7.5000  -37.5000  -45.0000 2223.6357   15.8024
    0.0000  -37.5000  -45.0000 2235.9390   15.8348
    7.5000  -37.5000  -45.0000 2205.7876   15.9637
   -7.5000  -30.0000  -45.0000 2262.9202   14.9943
    0.0000  -30.0000  -45.0000 2278.2500   15.0559
    7.5000  -30.0000  -45.0000 2248.0955   15.1542
   -7.5000  -22.5000  -45.0000 2284.7256   14.6030
    0.0000  -22.5000  -45.0000 2304.5618   14.6065
    7.5000  -22.5000  -45.0000 2273.9519   14.7138
   -7.5000  -15.0000  -45.0000 2294.9954   14.5129
    0.0000  -15.0000  -45.0000 2309.9128   14.4952
    7.5000  -15.0000  -45.0000 2281.1484   14.6035
   -7.5000   -7.5000  -45.0000 2277.8120   14.6874
    0.0000   -7.5000  -45.0000 2293.3928   14.6957
    7.5000   -7.5000  -45.0000 2260.6396   14.8126
   -7.5000    0.0000  -45.0000 2233.2556   15.1596
    0.0000    0.0000  -45.0000 2255.7900   15.1977
    7.5000    0.0000  -45.0000 2221.7996   15.3256
   -7.5000    7.5000  -45.0000 2172.4167   15.9545
    0.0000    7.5000  -45.0000 2190.5596   15.9904
    7.5000    7.5000  -45.0000 2158.8696   16.1440
   -7.5000   15.0000  -45.0000 2085.1047   17.2282
    0.0000   15.0000  -45.0000 2103.0837   17.1931
    7.5000   15.0000  -45.0000 2071.1682   17.3941
   -7.5000   22.5000  -45.0000 1984.7568   19.1061
    0.0000   22.5000  -45.0000 1997.5098   19.0492
    7.5000   22.5000  -45.0000 1972.8384   19.2659
   -7.5000   30.0000  -45.0000 1875.3380   21.7465
    0.0000   30.0000  -45.0000 1888.5790   21.6624
    7.5000   30.0000  -45.0000 1859.1434   21.8389
   -7.5000   37.5000  -45.0000 1753.7139   25.0729
    0.0000   37.5000  -45.0000 1767.1908   24.9868
    7.5000   37.5000  -45.0000 1743.8027   25.2270
   -7.5000   45.0000  -45.0000 1618.9083   29.5911
    0.0000   45.0000  -45.0000 1625.2842   29.3921
    7.5000   45.0000  -45.0000 1608.4800   29.8426
   -7.5000  -45.0000  -37.5000 2241.6702   15.6936
    0.0000  -45.0000  -37.5000 2253.9065   15.7530
    7.5000  -45.0000  -37.5000 2227.6729   15.8495
   -7.5000  -37.5000  -37.5000 2311.6829   14.6339
    0.0000  -37.5000  -37.5000 2325.6335   14.7265
    7.5000  -37.5000  -37.5000 2294.5925   14.7828
   -7.5000  -30.0000  -37.5000 2358.3542   13.9305
    0.0000  -30.0000  -37.5000 2374.7795   14.0138
    7.5000  -30.0000  -37.5000 2338.6323   14.0754
   -7.5000  -22.5000  -37.5000 2380.9663   13.5820
    0.0000  -22.5000  -37.5000 2404.4641   13.6361
    7.5000  -22.5000  -37.5000 2364.1724   13.7053
   -7.5000  -15.0000  -37.5000 2387.2327   13.4882
    0.0000  -15.0000  -37.5000 2409.1802   13.5423
    7.5000  -15.0000  -37.5000 2371.8420   13.5857
   -7.5000   -7.5000  -37.5000 2371.4978   13.6303
    0.0000   -7.5000  -37.5000 2391.6438   13.6666
    7.5000   -7.5000  -37.5000 2358.7083   13.7479
   -7.5000    0.0000  -37.5000 2333.5303   14.0267
    0.0000    0.0000  -37.5000 2356.1716   14.0710
    7.5000    0.0000  -37.5000 2318.8159   14.1623
   -7.5000    7.5000  -37.5000 2265.2219   14.7480
    0.0000    7.5000  -37.5000 2284.3096   14.8034
    7.5000    7.5000  -37.5000 2251.5710   14.9095
   -7.5000   15.0000  -37.5000 2167.9978   15.8662
    0.0000   15.0000  -37.5000 2188.7561   15.8889
    7.5000   15.0000  -37.5000 2157.3777   16.0331
   -7.5000   22.5000  -37.5000 2061.3923   17.5247
    0.0000   22.5000  -37.5000 2077.7104   17.5340
    7.5000   22.5000  -37.5000 2052.8555   17.6809
   -7.5000   30.0000  -37.5000 1947.4899   19.8434
    0.0000   30.0000  -37.5000 1960.4114   19.8306
    7.5000   30.0000  -37.5000 1928.7472   19.9477
   -7.5000   37.5000  -37.5000 1827.6888   22.8570
    0.0000   37.5000  -37.5000 1837.2299   22.8369
    7.5000   37.5000  -37.5000 1807.4296   23.0217
   -7.5000   45.0000  -37.5000 1679.2590   26.9641
    0.0000   45.0000  -37.5000 1688.8157   26.8987
    7.5000   45.0000  -37.5000 1666.8817   27.3063
   -7.5000  -45.0000  -30.0000 2354.1897   15.1560
    0.0000  -45.0000  -30.0000 2363.0913   15.1839
    7.5000  -45.0000  -30.0000 2336.4954   15.2404
   -7.5000  -37.5000  -30.0000 2438.2278   14.1167
    0.0000  -37.5000  -30.0000 2451.7219   14.1720
    7.5000  -37.5000  -30.0000 2420.7278   14.1961
   -7.5000  -30.0000  -30.0000 2491.9910   13.4622
    0.0000  -30.0000  -30.0000 2510.7739   13.5183
    7.5000  -30.0000  -30.0000 2471.7825   13.5466
   -7.5000  -22.5000  -30.0000 2524.3823   13.1094
    0.0000  -22.5000  -30.0000 2541.9956   13.1699
    7.5000  -22.5000  -30.0000 2501.0310   13.1999
   -7.5000  -15.0000  -30.0000 2530.7200   13.0211
    0.0000  -15.0000  -30.0000 2550.8052   13.0972
    7.5000  -15.0000  -30.0000 2509.2712   13.1148
   -7.5000   -7.5000  -30.0000 2515.7100   13.1607
    0.0000   -7.5000  -30.0000 2536.0476   13.2252
    7.5000   -7.5000  -30.0000 2495.8550   13.2588
   -7.5000    0.0000  -30.0000 2471.5593   13.5114
    0.0000    0.0000  -30.0000 2493.5696   13.5553
    7.5000    0.0000  -30.0000 2455.1956   13.6399
   -7.5000    7.5000  -30.0000 2397.9568   14.1947
    0.0000    7.5000  -30.0000 2416.3347   14.2562
    7.5000    7.5000  -30.0000 2382.1018   14.3438
   -7.5000   15.0000  -30.0000 2294.3779   15.2507
    0.0000   15.0000  -30.0000 2315.8252   15.2845
    7.5000   15.0000  -30.0000 2282.9709   15.3928
   -7.5000   22.5000  -30.0000 2177.8979   16.7932
    0.0000   22.5000  -30.0000 2195.1753   16.8106
    7.5000   22.5000  -30.0000 2166.4834   16.9370
   -7.5000   30.0000  -30.0000 2049.4602   18.9161
    0.0000   30.0000  -30.0000 2059.0229   18.9265
    7.5000   30.0000  -30.0000 2036.9033   19.0637
   -7.5000   37.5000  -30.0000 1917.4207   21.7064
    0.0000   37.5000  -30.0000 1924.7891   21.7452
    7.5000   37.5000  -30.0000 1900.6356   21.9456
   -7.5000   45.0000  -30.0000 1766.9734   25.6175
    0.0000   45.0000  -30.0000 1771.6664   25.5499
    7.5000   45.0000  -30.0000 1756.1184   25.9608
   -7.5000  -45.0000  -22.5000 2436.5171   14.5097
    0.0000  -45.0000  -22.5000 2448.1970   14.5627
    7.5000  -45.0000  -22.5000 2414.7366   14.5854
   -7.5000  -37.5000  -22.5000 2530.4382   13.5159
    0.0000  -37.5000  -22.5000 2547.3716   13.5815
    7.5000  -37.5000  -22.5000 2518.4749   13.5958
   -7.5000  -30.0000  -22.5000 2593.0242   12.9040
    0.0000  -30.0000  -22.5000 2611.7124   12.9399
    7.5000  -30.0000  -22.5000 2577.8242   12.9710
   -7.5000  -22.5000  -22.5000 2637.1733   12.5490
    0.0000  -22.5000  -22.5000 2655.2776   12.5954
    7.5000  -22.5000  -22.5000 2610.8513   12.5982
   -7.5000  -15.0000  -22.5000 2650.3616   12.4712
    0.0000  -15.0000  -22.5000 2671.5076   12.5280
    7.5000  -15.0000  -22.5000 2626.0305   12.5303
   -7.5000   -7.5000  -22.5000 2635.3330   12.6288
    0.0000   -7.5000  -22.5000 2657.5403   12.6993
    7.5000   -7.5000  -22.5000 2613.7678   12.7048
   -7.5000    0.0000  -22.5000 2584.6382   12.9911
    0.0000    0.0000  -22.5000 2606.8379   13.0306
    7.5000    0.0000  -22.5000 2568.2227   13.0801
   -7.5000    7.5000  -22.5000 2505.3508   13.6295
    0.0000    7.5000  -22.5000 2526.5508   13.6769
    7.5000    7.5000  -22.5000 2489.8010   13.7642
   -7.5000   15.0000  -22.5000 2393.6165   14.6385
    0.0000   15.0000  -22.5000 2413.1401   14.6708
    7.5000   15.0000  -22.5000 2386.6541   14.7942
   -7.5000   22.5000  -22.5000 2268.2124   16.1298
    0.0000   22.5000  -22.5000 2284.5742   16.1203
    7.5000   22.5000  -22.5000 2261.7131   16.2352
   -7.5000   30.0000  -22.5000 2129.5391   18.1091
    0.0000   30.0000  -22.5000 2139.1069   18.1273
    7.5000   30.0000  -22.5000 2122.5771   18.2257
   -7.5000   37.5000  -22.5000 1987.5831   20.7675
    0.0000   37.5000  -22.5000 1997.0444   20.7983
    7.5000   37.5000  -22.5000 1970.8478   20.9326
   -7.5000   45.0000  -22.5000 1830.3282   24.4113
    0.0000   45.0000  -22.5000 1842.3424   24.4040
    7.5000   45.0000  -22.5000 1816.8110   24.6572
   -7.5000  -45.0000  -15.0000 2482.1296   13.9294
    0.0000  -45.0000  -15.0000 2497.9468   13.9590
    7.5000  -45.0000  -15.0000 2471.2681   14.0394
   -7.5000  -37.5000  -15.0000 2587.6938   12.9745
    0.0000  -37.5000  -15.0000 2608.5715   12.9823
    7.5000  -37.5000  -15.0000 2579.6887   13.0612
   -7.5000  -30.0000  -15.0000 2659.4148   12.3852
    0.0000  -30.0000  -15.0000 2686.8645   12.3877
    7.5000  -30.0000  -15.0000 2649.4277   12.4454
   -7.5000  -22.5000  -15.0000 2716.7705   12.0371
    0.0000  -22.5000  -15.0000 2741.8511   12.0479
    7.5000  -22.5000  -15.0000 2694.9316   12.0749
   -7.5000  -15.0000  -15.0000 2741.1436   11.9446
    0.0000  -15.0000  -15.0000 2767.4927   11.9548
    7.5000  -15.0000  -15.0000 2719.3000   12.0028
   -7.5000   -7.5000  -15.0000 2724.8088   12.1192
    0.0000   -7.5000  -15.0000 2749.1077   12.1472
    7.5000   -7.5000  -15.0000 2705.5039   12.1879
   -7.5000    0.0000  -15.0000 2665.0618   12.4878
    0.0000    0.0000  -15.0000 2686.7021   12.5218
    7.5000    0.0000  -15.0000 2649.5488   12.5741
   -7.5000    7.5000  -15.0000 2572.5427   13.1257
    0.0000    7.5000  -15.0000 2596.9048   13.1517
    7.5000    7.5000  -15.0000 2561.7734   13.2494
   -7.5000   15.0000  -15.0000 2455.8667   14.0973
    0.0000   15.0000  -15.0000 2478.9797   14.1159
    7.5000   15.0000  -15.0000 2452.6997   14.2444
   -7.5000   22.5000  -15.0000 2326.4060   15.5390
    0.0000   22.5000  -15.0000 2343.3254   15.5233
    7.5000   22.5000  -15.0000 2316.1321   15.6385
   -7.5000   30.0000  -15.0000 2186.7595   17.4645
    0.0000   30.0000  -15.0000 2197.5806   17.4381
    7.5000   30.0000  -15.0000 2178.7261   17.5630
   -7.5000   37.5000  -15.0000 2034.6102   20.0068
    0.0000   37.5000  -15.0000 2045.0773   19.9914
    7.5000   37.5000  -15.0000 2021.2670   20.1282
   -7.5000   45.0000  -15.0000 1861.2783   23.3875
    0.0000   45.0000  -15.0000 1874.9780   23.3285
    7.5000   45.0000  -15.0000 1854.5785   23.6127
   -7.5000  -45.0000   -7.5000 2515.3467   13.4120
    0.0000  -45.0000   -7.5000 2530.6121   13.4426
    7.5000  -45.0000   -7.5000 2504.9934   13.5696
   -7.5000  -37.5000   -7.5000 2634.3367   12.5001
    0.0000  -37.5000   -7.5000 2657.6184   12.4961
    7.5000  -37.5000   -7.5000 2626.8030   12.6375
   -7.5000  -30.0000   -7.5000 2721.7654   11.9580
    0.0000  -30.0000   -7.5000 2751.9133   11.9231
    7.5000  -30.0000   -7.5000 2710.7646   12.0259
   -7.5000  -22.5000   -7.5000 2787.9690   11.6311
    0.0000  -22.5000   -7.5000 2822.5801   11.5582
    7.5000  -22.5000   -7.5000 2768.3965   11.6848
   -7.5000  -15.0000   -7.5000 2818.7107   11.5070
    0.0000  -15.0000   -7.5000 2848.2585   11.4164
    7.5000  -15.0000   -7.5000 2791.5332   11.5747
   -7.5000   -7.5000   -7.5000 2791.1707   11.6814
    0.0000   -7.5000   -7.5000 2815.1267   11.6229
    7.5000   -7.5000   -7.5000 2770.6489   11.7529
   -7.5000    0.0000   -7.5000 2720.8345   12.0567
    0.0000    0.0000   -7.5000 2746.0002   12.0157
    7.5000    0.0000   -7.5000 2708.3008   12.1624
   -7.5000    7.5000   -7.5000 2622.9912   12.6781
    0.0000    7.5000   -7.5000 2647.7549   12.6228
    7.5000    7.5000   -7.5000 2613.3030   12.8018
   -7.5000   15.0000   -7.5000 2497.5430   13.6494
    0.0000   15.0000   -7.5000 2513.8835   13.5883
    7.5000   15.0000   -7.5000 2490.5439   13.8044
   -7.5000   22.5000   -7.5000 2363.8213   15.0491
    0.0000   22.5000   -7.5000 2378.3679   14.9906
    7.5000   22.5000   -7.5000 2353.1633   15.1786
   -7.5000   30.0000   -7.5000 2221.1516   16.8921
    0.0000   30.0000   -7.5000 2231.9797   16.8652
    7.5000   30.0000   -7.5000 2210.1260   17.0285
   -7.5000   37.5000   -7.5000 2064.8391   19.2978
    0.0000   37.5000   -7.5000 2077.7351   19.2766
    7.5000   37.5000   -7.5000 2048.5283   19.4625
   -7.5000   45.0000   -7.5000 1886.1676   22.5420
    0.0000   45.0000   -7.5000 1904.8594   22.4133
    7.5000   45.0000   -7.5000 1880.5687   22.7122
   -7.5000  -45.0000    0.0000 2529.8530   13.0657
    0.0000  -45.0000    0.0000 2546.3804   13.0400
    7.5000  -45.0000    0.0000 2517.0110   13.2549
   -7.5000  -37.5000    0.0000 2660.5186   12.1769
    0.0000  -37.5000    0.0000 2684.7361   12.1484
    7.5000  -37.5000    0.0000 2647.0901   12.3512
   -7.5000  -30.0000    0.0000 2769.4602   11.6826
    0.0000  -30.0000    0.0000 2803.4087   11.6415
    7.5000  -30.0000    0.0000 2749.7275   11.7973
   -7.5000  -22.5000    0.0000 2842.8650   11.3948
    0.0000  -22.5000    0.0000 2887.7715   11.2565
    7.5000  -22.5000    0.0000 2817.8655   11.4858
   -7.5000  -15.0000    0.0000 2877.2397   11.2699
    0.0000  -15.0000    0.0000 2908.4802   11.0653
    7.5000  -15.0000    0.0000 2842.6504   11.3633
   -7.5000   -7.5000    0.0000 2839.5220   11.4357
    0.0000   -7.5000    0.0000 2859.6321   11.2483
    7.5000   -7.5000    0.0000 2813.9700   11.5453
   -7.5000    0.0000    0.0000 2757.6748   11.8229
    0.0000    0.0000    0.0000 2778.0400   11.6609
    7.5000    0.0000    0.0000 2741.5234   11.9416
   -7.5000    7.5000    0.0000 2649.9224   12.4485
    0.0000    7.5000    0.0000 2667.8960   12.3394
    7.5000    7.5000    0.0000 2639.0574   12.5651
   -7.5000   15.0000    0.0000 2513.0000   13.3825
    0.0000   15.0000    0.0000 2527.7720   13.2945
    7.5000   15.0000    0.0000 2502.9849   13.4849
   -7.5000   22.5000    0.0000 2376.4341   14.7477
    0.0000   22.5000    0.0000 2391.0125   14.7067
    7.5000   22.5000    0.0000 2366.8198   14.8561
   -7.5000   30.0000    0.0000 2230.8665   16.5859
    0.0000   30.0000    0.0000 2246.8499   16.5471
    7.5000   30.0000    0.0000 2220.3235   16.6657
   -7.5000   37.5000    0.0000 2073.8887   18.9399
    0.0000   37.5000    0.0000 2086.6560   18.8995
    7.5000   37.5000    0.0000 2062.3323   19.0567
   -7.5000   45.0000    0.0000 1894.8177   22.0137
    0.0000   45.0000    0.0000 1912.6544   21.9121
    7.5000   45.0000    0.0000 1888.9227   22.2177
   -7.5000  -45.0000    7.5000 2537.5359   12.9284
    0.0000  -45.0000    7.5000 2551.8252   12.8481
    7.5000  -45.0000    7.5000 2519.1479   13.1901
   -7.5000  -37.5000    7.5000 2671.3630   12.0308
    0.0000  -37.5000    7.5000 2688.8652   11.9342
    7.5000  -37.5000    7.5000 2656.3198   12.2491
   -7.5000  -30.0000    7.5000 2786.3386   11.5914
    0.0000  -30.0000    7.5000 2811.7695   11.4886
    7.5000  -30.0000    7.5000 2765.2627   11.7551
   -7.5000  -22.5000    7.5000 2869.6072   11.3589
    0.0000  -22.5000    7.5000 2908.1028   11.2221
    7.5000  -22.5000    7.5000 2843.3423   11.4769
   -7.5000  -15.0000    7.5000 2906.9146   11.2135
    0.0000  -15.0000    7.5000 2934.1321   11.0075
    7.5000  -15.0000    7.5000 2865.7017   11.3549
   -7.5000   -7.5000    7.5000 2864.5813   11.3218
    0.0000   -7.5000    7.5000 2882.6985   11.1403
    7.5000   -7.5000    7.5000 2830.9265   11.4550
   -7.5000    0.0000    7.5000 2778.6494   11.6914
    0.0000    0.0000    7.5000 2798.0403   11.5573
    7.5000    0.0000    7.5000 2752.9314   11.8012
   -7.5000    7.5000    7.5000 2651.2832   12.3523
    0.0000    7.5000    7.5000 2667.9397   12.2643
    7.5000    7.5000    7.5000 2640.1233   12.4278
   -7.5000   15.0000    7.5000 2507.8306   13.3044
    0.0000   15.0000    7.5000 2522.7776   13.2390
    7.5000   15.0000    7.5000 2501.2947   13.3714
   -7.5000   22.5000    7.5000 2371.4519   14.6407
    0.0000   22.5000    7.5000 2382.5454   14.6448
    7.5000   22.5000    7.5000 2362.8977   14.7332
   -7.5000   30.0000    7.5000 2221.5225   16.4207
    0.0000   30.0000    7.5000 2236.1929   16.4531
    7.5000   30.0000    7.5000 2212.1306   16.5304
   -7.5000   37.5000    7.5000 2062.9644   18.6760
    0.0000   37.5000    7.5000 2078.3894   18.7728
    7.5000   37.5000    7.5000 2052.1255   18.8471
   -7.5000   45.0000    7.5000 1892.3442   21.7092
    0.0000   45.0000    7.5000 1910.3384   21.7246
    7.5000   45.0000    7.5000 1883.7666   21.9074
   -7.5000  -45.0000   15.0000 2529.1182   13.1317
    0.0000  -45.0000   15.0000 2544.3416   13.0368
    7.5000  -45.0000   15.0000 2507.6201   13.4022
   -7.5000  -37.5000   15.0000 2657.4639   12.2328
    0.0000  -37.5000   15.0000 2679.5928   12.1476
    7.5000  -37.5000   15.0000 2637.4343   12.4780
   -7.5000  -30.0000   15.0000 2766.0000   11.7418
    0.0000  -30.0000   15.0000 2797.6262   11.6936
    7.5000  -30.0000   15.0000 2746.7151   11.9392
   -7.5000  -22.5000   15.0000 2853.5750   11.4503
    0.0000  -22.5000   15.0000 2890.4788   11.3844
    7.5000  -22.5000   15.0000 2823.5320   11.6245
   -7.5000  -15.0000   15.0000 2876.1143   11.3796
    0.0000  -15.0000   15.0000 2902.9243   11.2924
    7.5000  -15.0000   15.0000 2841.8411   11.5292
   -7.5000   -7.5000   15.0000 2833.5015   11.5244
    0.0000   -7.5000   15.0000 2856.8752   11.4959
    7.5000   -7.5000   15.0000 2801.7156   11.6448
   -7.5000    0.0000   15.0000 2753.0222   11.8796
    0.0000    0.0000   15.0000 2774.6230   11.8507
    7.5000    0.0000   15.0000 2724.7036   11.9905
   -7.5000    7.5000   15.0000 2628.0103   12.5217
    0.0000    7.5000   15.0000 2643.0544   12.4952
    7.5000    7.5000   15.0000 2610.7363   12.6013
   -7.5000   15.0000   15.0000 2490.5547   13.4325
    0.0000   15.0000   15.0000 2501.1033   13.4056
    7.5000   15.0000   15.0000 2479.6436   13.5146
   -7.5000   22.5000   15.0000 2351.1223   14.7148
    0.0000   22.5000   15.0000 2358.7874   14.7025
    7.5000   22.5000   15.0000 2341.7390   14.7918
   -7.5000   30.0000   15.0000 2199.3408   16.4167
    0.0000   30.0000   15.0000 2212.7915   16.4172
    7.5000   30.0000   15.0000 2190.8345   16.5103
   -7.5000   37.5000   15.0000 2037.7830   18.6997
    0.0000   37.5000   15.0000 2056.5828   18.7003
    7.5000   37.5000   15.0000 2030.9690   18.8297
   -7.5000   45.0000   15.0000 1875.8040   21.6905
    0.0000   45.0000   15.0000 1895.2898   21.6968
    7.5000   45.0000   15.0000 1871.1003   21.8476
   -7.5000  -45.0000   22.5000 2512.6526   13.5517
    0.0000  -45.0000   22.5000 2521.5044   13.5119
    7.5000  -45.0000   22.5000 2483.0798   13.8184
   -7.5000  -37.5000   22.5000 2631.8738   12.6471
    0.0000  -37.5000   22.5000 2647.8728   12.6061
    7.5000  -37.5000   22.5000 2609.6140   12.8759
   -7.5000  -30.0000   22.5000 2734.2695   12.0959
    0.0000  -30.0000   22.5000 2759.9414   12.0295
    7.5000  -30.0000   22.5000 2717.2898   12.2767
   -7.5000  -22.5000   22.5000 2806.2378   11.7533
    0.0000  -22.5000   22.5000 2835.8232   11.6520
    7.5000  -22.5000   22.5000 2779.3708   11.9575
   -7.5000  -15.0000   22.5000 2817.1482   11.7037
    0.0000  -15.0000   22.5000 2838.9011   11.6235
    7.5000  -15.0000   22.5000 2794.1909   11.8788
   -7.5000   -7.5000   22.5000 2774.2102   11.8865
    0.0000   -7.5000   22.5000 2797.2478   11.8131
    7.5000   -7.5000   22.5000 2752.8091   12.0066
   -7.5000    0.0000   22.5000 2697.0518   12.2775
    0.0000    0.0000   22.5000 2718.4436   12.2354
    7.5000    0.0000   22.5000 2675.6858   12.3865
   -7.5000    7.5000   22.5000 2584.1235   12.9068
    0.0000    7.5000   22.5000 2602.5344   12.8891
    7.5000    7.5000   22.5000 2565.6479   13.0235
   -7.5000   15.0000   22.5000 2448.6853   13.8087
    0.0000   15.0000   22.5000 2465.8669   13.7880
    7.5000   15.0000   22.5000 2438.6218   13.9171
   -7.5000   22.5000   22.5000 2316.5625   15.0361
    0.0000   22.5000   22.5000 2330.8230   15.0324
    7.5000   22.5000   22.5000 2306.0576   15.1384
   -7.5000   30.0000   22.5000 2165.5845   16.7123
    0.0000   30.0000   22.5000 2182.8748   16.7006
    7.5000   30.0000   22.5000 2159.3098   16.7880
   -7.5000   37.5000   22.5000 2006.6360   18.9031
    0.0000   37.5000   22.5000 2026.1239   18.8770
    7.5000   37.5000   22.5000 2004.1553   18.9782
   -7.5000   45.0000   22.5000 1847.6575   21.8245
    0.0000   45.0000   22.5000 1867.3483   21.7337
    7.5000   45.0000   22.5000 1846.3304   21.9594
   -7.5000  -45.0000   30.0000 2476.0396   14.1537
    0.0000  -45.0000   30.0000 2490.8901   14.1064
    7.5000  -45.0000   30.0000 2448.3193   14.4338
   -7.5000  -37.5000   30.0000 2591.6975   13.2137
    0.0000  -37.5000   30.0000 2611.7639   13.1552
    7.5000  -37.5000   30.0000 2567.3525   13.4675
   -7.5000  -30.0000   30.0000 2684.2139   12.5913
    0.0000  -30.0000   30.0000 2710.4133   12.4837
    7.5000  -30.0000   30.0000 2665.4656   12.8037
   -7.5000  -22.5000   30.0000 2737.6624   12.2359
    0.0000  -22.5000   30.0000 2759.4783   12.1540
    7.5000  -22.5000   30.0000 2714.5015   12.4476
   -7.5000  -15.0000   30.0000 2736.4541   12.2096
    0.0000  -15.0000   30.0000 2758.0337   12.1374
    7.5000  -15.0000   30.0000 2718.5544   12.3953
   -7.5000   -7.5000   30.0000 2693.8989   12.3906
    0.0000   -7.5000   30.0000 2716.1057   12.3228
    7.5000   -7.5000   30.0000 2677.6460   12.5491
   -7.5000    0.0000   30.0000 2617.1768   12.8208
    0.0000    0.0000   30.0000 2637.7144   12.7652
    7.5000    0.0000   30.0000 2599.0464   12.9599
   -7.5000    7.5000   30.0000 2517.4573   13.4524
    0.0000    7.5000   30.0000 2541.0505   13.4025
    7.5000    7.5000   30.0000 2500.1484   13.5682
   -7.5000   15.0000   30.0000 2393.9360   14.3373
    0.0000   15.0000   30.0000 2413.0557   14.3378
    7.5000   15.0000   30.0000 2383.6624   14.4748
   -7.5000   22.5000   30.0000 2268.2019   15.5629
    0.0000   22.5000   30.0000 2283.4316   15.5886
    7.5000   22.5000   30.0000 2257.2346   15.7144
   -7.5000   30.0000   30.0000 2115.6021   17.2186
    0.0000   30.0000   30.0000 2131.1865   17.2202
    7.5000   30.0000   30.0000 2107.4841   17.3227
   -7.5000   37.5000   30.0000 1962.4025   19.3599
    0.0000   37.5000   30.0000 1980.8650   19.3253
    7.5000   37.5000   30.0000 1955.2583   19.4915
   -7.5000   45.0000   30.0000 1811.1320   22.2968
    0.0000   45.0000   30.0000 1823.8770   22.1618
    7.5000   45.0000   30.0000 1807.9293   22.4630
   -7.5000  -45.0000   37.5000 2426.8484   14.9077
    0.0000  -45.0000   37.5000 2447.0315   14.8814
    7.5000  -45.0000   37.5000 2405.9131   15.2453
   -7.5000  -37.5000   37.5000 2534.6968   13.9346
    0.0000  -37.5000   37.5000 2561.1782   13.8766
    7.5000  -37.5000   37.5000 2513.9426   14.2122
   -7.5000  -30.0000   37.5000 2615.8306   13.2930
    0.0000  -30.0000   37.5000 2643.9336   13.2300
    7.5000  -30.0000   37.5000 2597.5696   13.5327
   -7.5000  -22.5000   37.5000 2659.8855   12.9381
    0.0000  -22.5000   37.5000 2676.9785   12.8879
    7.5000  -22.5000   37.5000 2635.5212   13.1580
   -7.5000  -15.0000   37.5000 2649.8298   12.8787
    0.0000  -15.0000   37.5000 2669.7966   12.8225
    7.5000  -15.0000   37.5000 2630.9683   13.0678
   -7.5000   -7.5000   37.5000 2604.2002   13.0526
    0.0000   -7.5000   37.5000 2630.5093   13.0151
    7.5000   -7.5000   37.5000 2592.8557   13.2322
   -7.5000    0.0000   37.5000 2535.5798   13.4646
    0.0000    0.0000   37.5000 2558.6863   13.4243
    7.5000    0.0000   37.5000 2520.6399   13.6503
   -7.5000    7.5000   37.5000 2445.1902   14.1054
    0.0000    7.5000   37.5000 2469.5149   14.0465
    7.5000    7.5000   37.5000 2426.6079   14.2552
   -7.5000   15.0000   37.5000 2333.4761   14.9958
    0.0000   15.0000   37.5000 2353.7004   14.9591
    7.5000   15.0000   37.5000 2320.7285   15.1446
   -7.5000   22.5000   37.5000 2206.6028   16.2453
    0.0000   22.5000   37.5000 2225.2976   16.2381
    7.5000   22.5000   37.5000 2200.6248   16.3982
   -7.5000   30.0000   37.5000 2058.2183   17.9623
    0.0000   30.0000   37.5000 2076.5957   17.9524
    7.5000   30.0000   37.5000 2051.7522   18.1091
   -7.5000   37.5000   37.5000 1913.9650   20.1144
    0.0000   37.5000   37.5000 1927.8940   20.1197
    7.5000   37.5000   37.5000 1909.1364   20.3189
   -7.5000   45.0000   37.5000 1773.2458   23.0426
    0.0000   45.0000   37.5000 1777.4917   22.9799
    7.5000   45.0000   37.5000 1772.6510   23.3309
   -7.5000  -45.0000   45.0000 2364.1125   15.9241
    0.0000  -45.0000   45.0000 2385.0293   15.9440
    7.5000  -45.0000   45.0000 2344.0945   16.2605
   -7.5000  -37.5000   45.0000 2459.7290   14.9082
    0.0000  -37.5000   45.0000 2483.3809   14.8784
    7.5000  -37.5000   45.0000 2440.4351   15.1997
   -7.5000  -30.0000   45.0000 2527.7954   14.1856
    0.0000  -30.0000   45.0000 2551.9744   14.1683
    7.5000  -30.0000   45.0000 2508.5859   14.4508
   -7.5000  -22.5000   45.0000 2561.2896   13.8047
    0.0000  -22.5000   45.0000 2579.5603   13.7925
    7.5000  -22.5000   45.0000 2537.8860   14.0258
   -7.5000  -15.0000   45.0000 2553.9321   13.7479
    0.0000  -15.0000   45.0000 2574.7632   13.7223
    7.5000  -15.0000   45.0000 2534.3286   13.9396
   -7.5000   -7.5000   45.0000 2518.1831   13.8772
    0.0000   -7.5000   45.0000 2537.2383   13.8738
    7.5000   -7.5000   45.0000 2504.6194   14.0818
   -7.5000    0.0000   45.0000 2450.7876   14.2690
    0.0000    0.0000   45.0000 2469.7715   14.2745
    7.5000    0.0000   45.0000 2438.0435   14.4890
   -7.5000    7.5000   45.0000 2368.3062   14.8896
    0.0000    7.5000   45.0000 2391.1531   14.8409
    7.5000    7.5000   45.0000 2352.0464   15.0485
   -7.5000   15.0000   45.0000 2265.6321   15.8183
    0.0000   15.0000   45.0000 2281.2942   15.7540
    7.5000   15.0000   45.0000 2251.6687   15.9390
   -7.5000   22.5000   45.0000 2139.2341   17.0819
    0.0000   22.5000   45.0000 2154.2366   17.0606
    7.5000   22.5000   45.0000 2134.6228   17.2123
   -7.5000   30.0000   45.0000 2000.8380   18.8621
    0.0000   30.0000   45.0000 2012.8456   18.8134
    7.5000   30.0000   45.0000 1997.2262   18.9953
   -7.5000   37.5000   45.0000 1861.7172   21.1348
    0.0000   37.5000   45.0000 1869.0389   21.0656
    7.5000   37.5000   45.0000 1854.0964   21.3057
   -7.5000   45.0000   45.0000 1726.2665   24.1785
    0.0000   45.0000   45.0000 1730.5208   24.0533
    7.5000   45.0000   45.0000 1721.5563   24.4028

---------------------------------------------------------------------
imgreg_4dfp /opt/freesurfer/average/711-2C_as_mni_average_305 /opt/freesurfer/average/711-2B_as_mni_average_305_mask talsrcimg_g11 none talsrcimg_to_711-2C_as_mni_average_305_t4 1283
---------------------------------------------------------------------

freesurfer imgreg_4dfp.c
/opt/freesurfer/average/711-2C_as_mni_average_305.4dfp.img
       256       256       256         1
  1.000000  1.000000  1.000000
orientation T byte_order littleendian
Reading image: /opt/freesurfer/average/711-2C_as_mni_average_305.4dfp.img
dimensions:      256       256       256
mmppix:       1.0000   -1.0000   -1.0000
center:     128.0000 -129.0000 -129.0000
/opt/freesurfer/average/711-2B_as_mni_average_305_mask.4dfp.img
       256       256       256         1
  1.000000  1.000000  1.000000
orientation T byte_order littleendian
Reading mask: /opt/freesurfer/average/711-2B_as_mni_average_305_mask.4dfp.img (2306576 pixels)
talsrcimg_g11.4dfp.img
       256       256       256         1
  1.000000  1.000000  1.000000
orientation T byte_order littleendian
Reading image: talsrcimg_g11.4dfp.img
dimensions:      256       256       256
mmppix:       1.0000   -1.0000   -1.0000
center:     128.0000 -129.0000 -129.0000
rotation matrix determinant  1.000000
fimgreg.f
image alignment mode   1283 decimal      503 hex
parameters
    0.0000  -15.0000    7.5000    0.0000    0.0000    0.0000
eta,q 0.92116 10.99886
niter,ni,del,rscale     5    3   12.0000    1.2000
parameter  2  0.629766 ->  0.500000 qaram    1.1500
parameters
   -1.2121  -18.4500    7.4014   -1.4348    0.1862    0.6207
eta,q 0.92482 11.12883
  0.0830  0.0787  0.0843  0.0790  0.0814  0.0799
  0.0814  0.0751  0.0803  0.0774  0.0781  0.0777
  0.0807  0.0763  0.0766  0.0757  0.0754  0.0765
  0.0799  0.0801  0.0747  0.0747  0.0753  0.0755
  0.0799  0.0834  0.0763  0.0777  0.0764  0.0750
  0.0836  0.0873  0.0803  0.0819  0.0778  0.0761
  0.0910  0.0929  0.0854  0.0853  0.0802  0.0789
niter,ni,del,rscale     5    3   12.0000    1.2000
parameters
   -1.5168  -16.9831    6.9070   -3.5474    0.5919   -0.6334
eta,q 0.92470 11.12420
  0.0842  0.0961  0.0836  0.0766  0.0804  0.0766
  0.0782  0.0855  0.0802  0.0762  0.0773  0.0756
  0.0755  0.0785  0.0766  0.0749  0.0753  0.0754
  0.0752  0.0751  0.0745  0.0747  0.0750  0.0751
  0.0763  0.0751  0.0769  0.0771  0.0753  0.0753
  0.0801  0.0785  0.0820  0.0809  0.0764  0.0769
  0.0858  0.0829  0.0878  0.0841  0.0789  0.0801
niter,ni,del,rscale     4    3   12.0000    1.2000
parameter  4  0.732124 ->  0.500000 qaram    1.1500
parameters
   -1.9863  -15.7083    6.2123   -6.9974    1.8387   -0.9525
eta,q 0.92732 11.05816
  0.0827  0.0907  0.0824  0.0733  0.0813  0.0782
  0.0771  0.0825  0.0793  0.0732  0.0785  0.0750
  0.0751  0.0780  0.0770  0.0742  0.0755  0.0729
  0.0753  0.0752  0.0747  0.0752  0.0734  0.0728
  0.0761  0.0749  0.0765  0.0767  0.0727  0.0741
  0.0797  0.0773  0.0818  0.0804  0.0743  0.0763
  0.0850  0.0823  0.0880  0.0843  0.0774  0.0787
niter,ni,del,rscale     4    3   12.0000    1.2000
parameters
   -2.1856  -14.3197    5.2580   -9.4673    1.6458   -1.3909
eta,q 0.92856 11.07131
  0.0854  0.0918  0.0801  0.0738  0.0784  0.0760
  0.0787  0.0822  0.0756  0.0722  0.0752  0.0735
  0.0744  0.0763  0.0728  0.0714  0.0721  0.0719
  0.0727  0.0727  0.0715  0.0718  0.0715  0.0714
  0.0752  0.0715  0.0748  0.0745  0.0730  0.0722
  0.0809  0.0753  0.0811  0.0777  0.0760  0.0745
  0.0863  0.0807  0.0871  0.0822  0.0791  0.0777
niter,ni,del,rscale     3    3   12.0000    1.2000
parameters
   -2.1144  -13.1405    4.7002  -10.1713    1.7953   -1.1341
eta,q 0.92852 11.08053
  0.0861  0.0906  0.0813  0.0766  0.0782  0.0763
  0.0786  0.0807  0.0755  0.0732  0.0751  0.0737
  0.0739  0.0749  0.0724  0.0722  0.0722  0.0721
  0.0714  0.0714  0.0710  0.0713  0.0715  0.0715
  0.0738  0.0719  0.0731  0.0722  0.0723  0.0717
  0.0793  0.0761  0.0793  0.0755  0.0745  0.0731
  0.0847  0.0801  0.0855  0.0792  0.0775  0.0756
niter,ni,del,rscale     2    3   12.0000    1.2000
parameters
   -2.0949  -12.8169    4.5800  -10.3381    1.8064   -1.0791
eta,q 0.92833 11.07997
  0.0847  0.0864  0.0826  0.0777  0.0777  0.0759
  0.0777  0.0779  0.0768  0.0739  0.0747  0.0735
  0.0736  0.0733  0.0730  0.0724  0.0721  0.0721
  0.0715  0.0715  0.0716  0.0716  0.0717  0.0717
  0.0736  0.0738  0.0722  0.0720  0.0725  0.0719
  0.0785  0.0777  0.0775  0.0746  0.0746  0.0733
  0.0839  0.0826  0.0839  0.0783  0.0776  0.0759
niter,ni,del,rscale     1    3   12.0000    1.2000
parameters
   -2.0911  -12.7779    4.5564  -10.3572    1.7976   -1.0778
eta,q 0.92831 11.07971
  0.0843  0.0853  0.0829  0.0780  0.0777  0.0758
  0.0775  0.0772  0.0771  0.0741  0.0747  0.0735
  0.0737  0.0730  0.0732  0.0725  0.0721  0.0721
  0.0717  0.0717  0.0717  0.0717  0.0717  0.0717
  0.0737  0.0744  0.0721  0.0719  0.0726  0.0720
  0.0784  0.0783  0.0771  0.0744  0.0746  0.0733
  0.0837  0.0837  0.0835  0.0781  0.0776  0.0760
registration optimization eta report
parameter search radius
    6.0000    6.9000    6.0000    6.9000    6.0000    6.0000
100000*second partial in parameter space
       33.       26.       33.       14.       17.       12.
  0.0843  0.0853  0.0829  0.0780  0.0777  0.0758
  0.0775  0.0772  0.0771  0.0741  0.0747  0.0735
  0.0737  0.0730  0.0732  0.0725  0.0721  0.0721
  0.0717  0.0717  0.0717  0.0717  0.0717  0.0717
  0.0737  0.0744  0.0721  0.0719  0.0726  0.0720
  0.0784  0.0783  0.0771  0.0744  0.0746  0.0733
  0.0837  0.0837  0.0835  0.0781  0.0776  0.0760
   -2.0911  -12.7779    4.5564  -10.3572    1.7976   -1.0778
eta,q 0.92831 11.07971

---------------------------------------------------------------------
imgreg_4dfp /opt/freesurfer/average/711-2C_as_mni_average_305 /opt/freesurfer/average/711-2B_as_mni_average_305_mask talsrcimg_g11 none talsrcimg_to_711-2C_as_mni_average_305_t4 3335
---------------------------------------------------------------------

freesurfer imgreg_4dfp.c
/opt/freesurfer/average/711-2C_as_mni_average_305.4dfp.img
       256       256       256         1
  1.000000  1.000000  1.000000
orientation T byte_order littleendian
Reading image: /opt/freesurfer/average/711-2C_as_mni_average_305.4dfp.img
dimensions:      256       256       256
mmppix:       1.0000   -1.0000   -1.0000
center:     128.0000 -129.0000 -129.0000
/opt/freesurfer/average/711-2B_as_mni_average_305_mask.4dfp.img
       256       256       256         1
  1.000000  1.000000  1.000000
orientation T byte_order littleendian
Reading mask: /opt/freesurfer/average/711-2B_as_mni_average_305_mask.4dfp.img (2306576 pixels)
talsrcimg_g11.4dfp.img
       256       256       256         1
  1.000000  1.000000  1.000000
orientation T byte_order littleendian
Reading image: talsrcimg_g11.4dfp.img
dimensions:      256       256       256
mmppix:       1.0000   -1.0000   -1.0000
center:     128.0000 -129.0000 -129.0000
fimgreg.f
image alignment mode   3335 decimal      D07 hex
parameters
   -2.0911  -12.7779    4.5564   -0.0669   -1.6574   -1.6778
    2.4142   -2.7471   -1.8801   18.0333    3.1369  -17.9696
eta,q 0.93115 11.06243
niter,ni,del,rscale     5    3    5.0000    1.2000
parameter  4  7.600962 ->  0.500000 qaram    1.1500
parameter  5  4.726107 ->  0.500000 qaram    1.1500
parameter  6  0.934525 ->  0.500000 qaram    1.1500
parameter 10  0.593128 ->  0.500000 qaram    1.1500
parameter 11  0.549278 ->  0.500000 qaram    1.1500
parameters
   -2.1444  -12.9218    4.2074   -4.2069   -5.7974   -5.8178
    1.7461   -1.8405    1.1803   13.8933   -1.0031  -20.5530
eta,q 0.95089 10.65546
  0.0710  0.0706  0.0703  0.0586  0.0508  0.0517  0.0543  0.0585  0.0557  0.0505  0.0498  0.0498
  0.0698  0.0696  0.0694  0.0614  0.0542  0.0516  0.0528  0.0555  0.0540  0.0499  0.0494  0.0493
  0.0691  0.0690  0.0688  0.0651  0.0581  0.0526  0.0519  0.0530  0.0526  0.0501  0.0494  0.0491
  0.0688  0.0688  0.0688  0.0688  0.0624  0.0552  0.0517  0.0517  0.0516  0.0512  0.0499  0.0494
  0.0691  0.0691  0.0694  0.0723  0.0668  0.0593  0.0523  0.0519  0.0512  0.0531  0.0508  0.0499
  0.0699  0.0699  0.0702  0.0763  0.0715  0.0632  0.0536  0.0534  0.0513  0.0559  0.0519  0.0507
  0.0712  0.0712  0.0714  0.0802  0.0766  0.0681  0.0554  0.0560  0.0520  0.0595  0.0533  0.0517
niter,ni,del,rscale     7    3    5.0000    1.2000
parameter  4  0.951453 ->  0.500000 qaram    1.3225
parameter  5  2.363812 ->  0.500000 qaram    1.3225
parameters
   -2.0216  -12.8849    4.0242   -8.9679  -10.5584   -8.2662
    1.4932   -0.8902    1.5055   13.9616   -1.7884  -21.6901
eta,q 0.96060 10.20527
  0.0538  0.0520  0.0511  0.0454  0.0362  0.0406  0.0424  0.0456  0.0422  0.0443  0.0405  0.0404
  0.0514  0.0504  0.0499  0.0453  0.0385  0.0400  0.0408  0.0428  0.0408  0.0418  0.0399  0.0397
  0.0498  0.0494  0.0492  0.0462  0.0416  0.0397  0.0399  0.0408  0.0399  0.0401  0.0396  0.0394
  0.0491  0.0491  0.0491  0.0490  0.0454  0.0393  0.0396  0.0396  0.0395  0.0395  0.0395  0.0395
  0.0494  0.0494  0.0495  0.0532  0.0498  0.0398  0.0400  0.0396  0.0397  0.0400  0.0397  0.0398
  0.0508  0.0503  0.0504  0.0574  0.0546  0.0428  0.0411  0.0408  0.0405  0.0416  0.0402  0.0404
  0.0531  0.0518  0.0517  0.0621  0.0596  0.0479  0.0427  0.0434  0.0417  0.0442  0.0411  0.0411
niter,ni,del,rscale     7    3    5.0000    1.2000
parameter  5  1.165606 ->  0.500000 qaram    1.5209
parameters
   -1.7642  -12.6447    3.3260  -12.6967  -16.0336   -9.6450
    1.3864   -0.9070    1.3032   14.8785   -2.7948  -20.2954
eta,q 0.96556  9.55477
  0.0448  0.0435  0.0401  0.0400  0.0337  0.0363  0.0379  0.0392  0.0372  0.0411  0.0353  0.0365
  0.0420  0.0414  0.0394  0.0392  0.0344  0.0350  0.0361  0.0368  0.0358  0.0382  0.0348  0.0356
  0.0402  0.0400  0.0391  0.0390  0.0362  0.0346  0.0350  0.0352  0.0349  0.0360  0.0346  0.0349
  0.0394  0.0393  0.0393  0.0391  0.0390  0.0348  0.0347  0.0347  0.0347  0.0347  0.0345  0.0345
  0.0396  0.0395  0.0399  0.0406  0.0428  0.0349  0.0351  0.0351  0.0351  0.0347  0.0347  0.0345
  0.0408  0.0405  0.0408  0.0442  0.0474  0.0357  0.0363  0.0367  0.0361  0.0363  0.0352  0.0348
  0.0429  0.0421  0.0419  0.0485  0.0525  0.0388  0.0380  0.0393  0.0375  0.0391  0.0359  0.0354
niter,ni,del,rscale     7    3    5.0000    1.2000
parameters
   -1.7968  -12.5596    3.6800  -13.9216  -21.2981   -8.9159
    1.0909   -0.7270    1.2213   15.1886   -2.2028  -19.1325
eta,q 0.96700  9.15735
  0.0385  0.0385  0.0366  0.0371  0.0347  0.0360  0.0361  0.0378  0.0356  0.0387  0.0343  0.0350
  0.0363  0.0362  0.0356  0.0352  0.0333  0.0342  0.0344  0.0354  0.0342  0.0360  0.0337  0.0341
  0.0349  0.0349  0.0348  0.0344  0.0331  0.0332  0.0334  0.0337  0.0333  0.0340  0.0333  0.0334
  0.0344  0.0344  0.0344  0.0344  0.0343  0.0331  0.0331  0.0331  0.0331  0.0331  0.0331  0.0330
  0.0349  0.0348  0.0345  0.0349  0.0372  0.0332  0.0336  0.0335  0.0334  0.0335  0.0331  0.0331
  0.0364  0.0360  0.0349  0.0363  0.0412  0.0335  0.0348  0.0350  0.0343  0.0353  0.0334  0.0334
  0.0387  0.0378  0.0356  0.0393  0.0463  0.0351  0.0366  0.0375  0.0356  0.0381  0.0341  0.0341
niter,ni,del,rscale     6    3    5.0000    1.2000
parameters
   -1.8366  -12.1446    3.8303  -14.1246  -22.2059   -9.0584
    1.0809   -0.7074    1.0438   15.4144   -2.2359  -19.0658
eta,q 0.96709  9.08156
  0.0368  0.0374  0.0347  0.0362  0.0375  0.0352  0.0362  0.0374  0.0352  0.0382  0.0340  0.0344
  0.0347  0.0352  0.0338  0.0341  0.0351  0.0337  0.0344  0.0351  0.0339  0.0355  0.0335  0.0336
  0.0334  0.0337  0.0332  0.0330  0.0335  0.0330  0.0333  0.0335  0.0331  0.0337  0.0331  0.0331
  0.0330  0.0330  0.0329  0.0329  0.0329  0.0329  0.0329  0.0329  0.0329  0.0329  0.0329  0.0329
  0.0335  0.0330  0.0331  0.0333  0.0337  0.0331  0.0333  0.0334  0.0333  0.0334  0.0330  0.0331
  0.0349  0.0337  0.0336  0.0342  0.0361  0.0335  0.0344  0.0350  0.0341  0.0351  0.0335  0.0336
  0.0370  0.0351  0.0343  0.0365  0.0398  0.0356  0.0361  0.0375  0.0354  0.0377  0.0341  0.0343
niter,ni,del,rscale     5    3    5.0000    1.2000
parameters
   -1.8296  -11.9932    3.7718  -14.2551  -22.4436   -9.2196
    1.0884   -0.6854    1.0394   15.5615   -2.3224  -19.0843
eta,q 0.96710  9.05223
  0.0368  0.0364  0.0344  0.0362  0.0380  0.0352  0.0361  0.0374  0.0353  0.0379  0.0340  0.0343
  0.0346  0.0345  0.0335  0.0341  0.0355  0.0337  0.0344  0.0351  0.0339  0.0353  0.0334  0.0336
  0.0333  0.0334  0.0330  0.0330  0.0337  0.0330  0.0333  0.0335  0.0331  0.0336  0.0331  0.0330
  0.0329  0.0329  0.0329  0.0329  0.0329  0.0329  0.0329  0.0329  0.0329  0.0329  0.0329  0.0329
  0.0334  0.0332  0.0332  0.0333  0.0334  0.0331  0.0333  0.0334  0.0332  0.0334  0.0330  0.0331
  0.0346  0.0341  0.0337  0.0342  0.0354  0.0336  0.0344  0.0349  0.0340  0.0351  0.0334  0.0336
  0.0367  0.0356  0.0345  0.0363  0.0389  0.0356  0.0361  0.0374  0.0352  0.0376  0.0341  0.0343
niter,ni,del,rscale     4    3    5.0000    1.2000
parameters
   -1.8280  -11.9245    3.7064  -14.3146  -22.5421   -9.3457
    1.0848   -0.6753    1.0589   15.6445   -2.3826  -19.0946
eta,q 0.96711  9.03683
  0.0368  0.0361  0.0344  0.0362  0.0381  0.0352  0.0361  0.0374  0.0353  0.0378  0.0340  0.0343
  0.0346  0.0343  0.0335  0.0342  0.0356  0.0337  0.0343  0.0350  0.0339  0.0352  0.0334  0.0335
  0.0333  0.0333  0.0330  0.0330  0.0337  0.0330  0.0332  0.0335  0.0331  0.0336  0.0331  0.0330
  0.0329  0.0329  0.0329  0.0329  0.0329  0.0329  0.0329  0.0329  0.0329  0.0329  0.0329  0.0329
  0.0334  0.0332  0.0331  0.0333  0.0333  0.0331  0.0333  0.0334  0.0332  0.0334  0.0330  0.0331
  0.0346  0.0342  0.0337  0.0342  0.0353  0.0336  0.0344  0.0350  0.0340  0.0351  0.0334  0.0336
  0.0367  0.0357  0.0345  0.0362  0.0387  0.0355  0.0361  0.0374  0.0352  0.0376  0.0341  0.0343
niter,ni,del,rscale     3    3    5.0000    1.2000
parameters
   -1.8260  -11.8866    3.6591  -14.3581  -22.5927   -9.4274
    1.0781   -0.6709    1.0767   15.6924   -2.4255  -19.1067
eta,q 0.96711  9.02733
  0.0368  0.0360  0.0344  0.0362  0.0381  0.0352  0.0361  0.0373  0.0352  0.0377  0.0340  0.0343
  0.0346  0.0343  0.0335  0.0342  0.0356  0.0337  0.0343  0.0350  0.0339  0.0352  0.0335  0.0335
  0.0333  0.0332  0.0330  0.0330  0.0337  0.0330  0.0332  0.0335  0.0331  0.0335  0.0331  0.0330
  0.0329  0.0329  0.0329  0.0329  0.0329  0.0329  0.0329  0.0329  0.0329  0.0329  0.0329  0.0329
  0.0334  0.0332  0.0331  0.0333  0.0333  0.0331  0.0333  0.0334  0.0332  0.0334  0.0330  0.0331
  0.0346  0.0342  0.0337  0.0342  0.0352  0.0336  0.0344  0.0349  0.0340  0.0351  0.0334  0.0336
  0.0367  0.0357  0.0344  0.0362  0.0386  0.0354  0.0361  0.0374  0.0352  0.0376  0.0341  0.0343
niter,ni,del,rscale     2    3    5.0000    1.2000
parameters
   -1.8261  -11.8624    3.6298  -14.3834  -22.6278   -9.4815
    1.0741   -0.6701    1.0887   15.7281   -2.4459  -19.1102
eta,q 0.96712  9.02111
  0.0367  0.0360  0.0344  0.0363  0.0381  0.0352  0.0361  0.0373  0.0352  0.0377  0.0340  0.0343
  0.0346  0.0342  0.0336  0.0342  0.0356  0.0337  0.0343  0.0350  0.0339  0.0352  0.0334  0.0335
  0.0333  0.0332  0.0330  0.0330  0.0337  0.0330  0.0332  0.0335  0.0331  0.0335  0.0331  0.0330
  0.0329  0.0329  0.0329  0.0329  0.0329  0.0329  0.0329  0.0329  0.0329  0.0329  0.0329  0.0329
  0.0333  0.0333  0.0331  0.0333  0.0333  0.0331  0.0333  0.0334  0.0332  0.0334  0.0330  0.0331
  0.0346  0.0342  0.0336  0.0342  0.0352  0.0336  0.0344  0.0350  0.0340  0.0351  0.0334  0.0336
  0.0367  0.0357  0.0344  0.0362  0.0386  0.0354  0.0360  0.0374  0.0351  0.0376  0.0341  0.0343
niter,ni,del,rscale     1    3    5.0000    1.2000
parameters
   -1.8263  -11.8468    3.6080  -14.3985  -22.6505   -9.5246
    1.0721   -0.6693    1.0918   15.7452   -2.4565  -19.1108
eta,q 0.96712  9.01664
  0.0367  0.0359  0.0344  0.0363  0.0381  0.0352  0.0361  0.0373  0.0352  0.0376  0.0340  0.0343
  0.0346  0.0342  0.0335  0.0342  0.0356  0.0337  0.0343  0.0350  0.0339  0.0351  0.0335  0.0335
  0.0333  0.0332  0.0330  0.0330  0.0337  0.0329  0.0332  0.0334  0.0331  0.0335  0.0331  0.0330
  0.0329  0.0329  0.0329  0.0329  0.0329  0.0329  0.0329  0.0329  0.0329  0.0329  0.0329  0.0329
  0.0333  0.0333  0.0331  0.0333  0.0333  0.0331  0.0333  0.0334  0.0332  0.0334  0.0330  0.0331
  0.0346  0.0342  0.0336  0.0342  0.0352  0.0336  0.0344  0.0349  0.0340  0.0351  0.0334  0.0336
  0.0367  0.0358  0.0344  0.0362  0.0386  0.0353  0.0360  0.0374  0.0351  0.0376  0.0341  0.0343
registration optimization eta report
parameter search radius
    2.4000    2.4000    2.4000    9.5220   10.9503    8.2800
    7.2000    7.2000    7.2000    8.2800    8.2800    7.2000
100000*second partial in parameter space
       66.       51.       26.        4.        5.        4.
        6.        9.        4.        7.        2.        3.
  0.0367  0.0359  0.0344  0.0363  0.0381  0.0352  0.0361  0.0373  0.0352  0.0376  0.0340  0.0343
  0.0346  0.0342  0.0335  0.0342  0.0356  0.0337  0.0343  0.0350  0.0339  0.0351  0.0335  0.0335
  0.0333  0.0332  0.0330  0.0330  0.0337  0.0329  0.0332  0.0334  0.0331  0.0335  0.0331  0.0330
  0.0329  0.0329  0.0329  0.0329  0.0329  0.0329  0.0329  0.0329  0.0329  0.0329  0.0329  0.0329
  0.0333  0.0333  0.0331  0.0333  0.0333  0.0331  0.0333  0.0334  0.0332  0.0334  0.0330  0.0331
  0.0346  0.0342  0.0336  0.0342  0.0352  0.0336  0.0344  0.0349  0.0340  0.0351  0.0334  0.0336
  0.0367  0.0358  0.0344  0.0362  0.0386  0.0353  0.0360  0.0374  0.0351  0.0376  0.0341  0.0343
   -1.8263  -11.8468    3.6080  -14.3985  -22.6505   -9.5246
    1.0721   -0.6693    1.0918   15.7452   -2.4565  -19.1108
eta,q 0.96712  9.01664

---------------------------------------------------------------------
imgreg_4dfp /opt/freesurfer/average/711-2C_as_mni_average_305 /opt/freesurfer/average/711-2B_as_mni_average_305_mask talsrcimg_g11 none talsrcimg_to_711-2C_as_mni_average_305_t4 2311
---------------------------------------------------------------------

freesurfer imgreg_4dfp.c
/opt/freesurfer/average/711-2C_as_mni_average_305.4dfp.img
       256       256       256         1
  1.000000  1.000000  1.000000
orientation T byte_order littleendian
Reading image: /opt/freesurfer/average/711-2C_as_mni_average_305.4dfp.img
dimensions:      256       256       256
mmppix:       1.0000   -1.0000   -1.0000
center:     128.0000 -129.0000 -129.0000
/opt/freesurfer/average/711-2B_as_mni_average_305_mask.4dfp.img
       256       256       256         1
  1.000000  1.000000  1.000000
orientation T byte_order littleendian
Reading mask: /opt/freesurfer/average/711-2B_as_mni_average_305_mask.4dfp.img (2306576 pixels)
talsrcimg_g11.4dfp.img
       256       256       256         1
  1.000000  1.000000  1.000000
orientation T byte_order littleendian
Reading image: talsrcimg_g11.4dfp.img
dimensions:      256       256       256
mmppix:       1.0000   -1.0000   -1.0000
center:     128.0000 -129.0000 -129.0000
fimgreg.f
image alignment mode   2311 decimal      907 hex
parameters
   -1.8263  -11.8468    3.6080  -14.3985  -22.6505   -9.5246
    1.0721   -0.6693    1.0918   15.7452   -2.4565  -19.1108
eta,q 0.96712  9.01665
niter,ni,del,rscale     5    3    5.0000    0.8000
parameters
   -1.8383  -11.8700    3.5630  -14.9797  -22.0280   -9.8900
    1.0387   -0.6563    0.9546   15.6771   -2.2933  -19.2603
eta,q 0.96721  8.99903
  0.0346  0.0342  0.0336  0.0335  0.0342  0.0333  0.0343  0.0350  0.0338  0.0345  0.0333  0.0334
  0.0336  0.0334  0.0332  0.0330  0.0335  0.0329  0.0334  0.0338  0.0332  0.0336  0.0330  0.0331
  0.0331  0.0330  0.0329  0.0328  0.0331  0.0328  0.0329  0.0330  0.0329  0.0330  0.0329  0.0328
  0.0329  0.0329  0.0329  0.0329  0.0328  0.0328  0.0328  0.0328  0.0328  0.0328  0.0328  0.0328
  0.0331  0.0331  0.0330  0.0331  0.0329  0.0330  0.0330  0.0330  0.0329  0.0330  0.0328  0.0329
  0.0337  0.0335  0.0332  0.0333  0.0331  0.0331  0.0335  0.0338  0.0333  0.0336  0.0330  0.0331
  0.0346  0.0342  0.0336  0.0337  0.0337  0.0334  0.0343  0.0350  0.0339  0.0346  0.0332  0.0335
niter,ni,del,rscale     4    3    5.0000    0.7000
parameters
   -1.8332  -11.9078    3.4693  -15.1137  -21.9377  -10.2867
    1.0264   -0.6864    0.8631   15.6397   -2.3431  -19.2845
eta,q 0.96725  8.97431
  0.0342  0.0338  0.0333  0.0334  0.0336  0.0332  0.0339  0.0345  0.0335  0.0341  0.0331  0.0333
  0.0334  0.0332  0.0330  0.0330  0.0332  0.0329  0.0333  0.0335  0.0331  0.0333  0.0329  0.0330
  0.0329  0.0329  0.0328  0.0328  0.0329  0.0327  0.0329  0.0329  0.0328  0.0329  0.0328  0.0328
  0.0328  0.0328  0.0328  0.0328  0.0328  0.0328  0.0328  0.0328  0.0328  0.0327  0.0327  0.0327
  0.0329  0.0329  0.0329  0.0329  0.0328  0.0329  0.0329  0.0329  0.0329  0.0329  0.0328  0.0328
  0.0334  0.0333  0.0331  0.0331  0.0331  0.0331  0.0333  0.0336  0.0331  0.0334  0.0329  0.0330
  0.0341  0.0339  0.0334  0.0334  0.0336  0.0333  0.0339  0.0345  0.0336  0.0341  0.0331  0.0333
niter,ni,del,rscale     3    3    5.0000    0.6000
parameters
   -1.8402  -11.8915    3.3661  -15.3703  -21.9458  -10.7539
    1.0250   -0.7425    0.8079   15.6310   -2.4440  -19.2816
eta,q 0.96730  8.93326
  0.0338  0.0335  0.0331  0.0332  0.0333  0.0331  0.0336  0.0340  0.0333  0.0337  0.0330  0.0331
  0.0332  0.0331  0.0329  0.0329  0.0330  0.0328  0.0331  0.0333  0.0330  0.0331  0.0328  0.0329
  0.0328  0.0328  0.0328  0.0327  0.0328  0.0327  0.0328  0.0328  0.0328  0.0328  0.0327  0.0327
  0.0328  0.0327  0.0328  0.0327  0.0327  0.0327  0.0327  0.0327  0.0327  0.0327  0.0327  0.0327
  0.0329  0.0328  0.0328  0.0329  0.0328  0.0328  0.0328  0.0329  0.0328  0.0328  0.0327  0.0328
  0.0332  0.0331  0.0330  0.0330  0.0330  0.0330  0.0331  0.0333  0.0330  0.0331  0.0329  0.0329
  0.0338  0.0335  0.0332  0.0332  0.0334  0.0332  0.0336  0.0341  0.0333  0.0337  0.0330  0.0331
niter,ni,del,rscale     2    3    5.0000    0.5000
parameters
   -1.8496  -11.8521    3.2388  -15.6278  -21.9827  -11.1867
    1.0077   -0.8016    0.7875   15.6777   -2.5197  -19.2773
eta,q 0.96733  8.89396
  0.0334  0.0333  0.0329  0.0330  0.0331  0.0330  0.0333  0.0336  0.0331  0.0334  0.0329  0.0329
  0.0330  0.0330  0.0328  0.0328  0.0329  0.0328  0.0329  0.0331  0.0328  0.0330  0.0328  0.0328
  0.0328  0.0328  0.0327  0.0327  0.0327  0.0327  0.0327  0.0328  0.0327  0.0328  0.0327  0.0327
  0.0327  0.0327  0.0327  0.0327  0.0327  0.0327  0.0327  0.0327  0.0327  0.0327  0.0327  0.0327
  0.0328  0.0328  0.0328  0.0328  0.0327  0.0328  0.0327  0.0328  0.0327  0.0327  0.0327  0.0327
  0.0330  0.0329  0.0329  0.0329  0.0329  0.0329  0.0329  0.0331  0.0329  0.0330  0.0328  0.0328
  0.0334  0.0332  0.0331  0.0331  0.0331  0.0331  0.0333  0.0336  0.0331  0.0333  0.0329  0.0329
niter,ni,del,rscale     1    3    5.0000    0.4000
parameters
   -1.8535  -11.7934    3.1234  -15.7829  -22.0759  -11.4987
    0.9789   -0.8311    0.7871   15.7832   -2.6127  -19.2872
eta,q 0.96736  8.86483
  0.0331  0.0330  0.0328  0.0329  0.0329  0.0329  0.0330  0.0332  0.0329  0.0331  0.0328  0.0328
  0.0329  0.0328  0.0327  0.0327  0.0328  0.0327  0.0328  0.0329  0.0328  0.0329  0.0327  0.0327
  0.0327  0.0327  0.0327  0.0327  0.0327  0.0327  0.0327  0.0327  0.0327  0.0327  0.0327  0.0327
  0.0327  0.0327  0.0327  0.0327  0.0327  0.0327  0.0326  0.0326  0.0326  0.0326  0.0326  0.0326
  0.0327  0.0327  0.0327  0.0327  0.0327  0.0327  0.0327  0.0327  0.0327  0.0327  0.0327  0.0327
  0.0329  0.0328  0.0328  0.0328  0.0328  0.0328  0.0328  0.0329  0.0328  0.0328  0.0327  0.0327
  0.0331  0.0329  0.0329  0.0330  0.0329  0.0330  0.0330  0.0333  0.0329  0.0330  0.0328  0.0328
registration optimization eta report
parameter search radius
    0.8000    0.8000    0.8000    2.4000    2.4000    2.4000
    2.4000    2.4000    2.4000    2.4000    2.4000    2.4000
100000*second partial in parameter space
       71.       51.       30.        5.        5.        4.
        7.       11.        4.        7.        3.        3.
  0.0331  0.0330  0.0328  0.0329  0.0329  0.0329  0.0330  0.0332  0.0329  0.0331  0.0328  0.0328
  0.0329  0.0328  0.0327  0.0327  0.0328  0.0327  0.0328  0.0329  0.0328  0.0329  0.0327  0.0327
  0.0327  0.0327  0.0327  0.0327  0.0327  0.0327  0.0327  0.0327  0.0327  0.0327  0.0327  0.0327
  0.0327  0.0327  0.0327  0.0327  0.0327  0.0327  0.0326  0.0326  0.0326  0.0326  0.0326  0.0326
  0.0327  0.0327  0.0327  0.0327  0.0327  0.0327  0.0327  0.0327  0.0327  0.0327  0.0327  0.0327
  0.0329  0.0328  0.0328  0.0328  0.0328  0.0328  0.0328  0.0329  0.0328  0.0328  0.0327  0.0327
  0.0331  0.0329  0.0329  0.0330  0.0329  0.0330  0.0330  0.0333  0.0329  0.0330  0.0328  0.0328
   -1.8535  -11.7934    3.1234  -15.7829  -22.0759  -11.4987
    0.9789   -0.8311    0.7871   15.7832   -2.6127  -19.2872
eta,q 0.96736  8.86483

---------------------------------------------------------------------
imgreg_4dfp /opt/freesurfer/average/711-2C_as_mni_average_305 /opt/freesurfer/average/711-2B_as_mni_average_305_mask talsrcimg_g11 none talsrcimg_to_711-2C_as_mni_average_305_t4 2311
---------------------------------------------------------------------

freesurfer imgreg_4dfp.c
/opt/freesurfer/average/711-2C_as_mni_average_305.4dfp.img
       256       256       256         1
  1.000000  1.000000  1.000000
orientation T byte_order littleendian
Reading image: /opt/freesurfer/average/711-2C_as_mni_average_305.4dfp.img
dimensions:      256       256       256
mmppix:       1.0000   -1.0000   -1.0000
center:     128.0000 -129.0000 -129.0000
/opt/freesurfer/average/711-2B_as_mni_average_305_mask.4dfp.img
       256       256       256         1
  1.000000  1.000000  1.000000
orientation T byte_order littleendian
Reading mask: /opt/freesurfer/average/711-2B_as_mni_average_305_mask.4dfp.img (2306576 pixels)
talsrcimg_g11.4dfp.img
       256       256       256         1
  1.000000  1.000000  1.000000
orientation T byte_order littleendian
Reading image: talsrcimg_g11.4dfp.img
dimensions:      256       256       256
mmppix:       1.0000   -1.0000   -1.0000
center:     128.0000 -129.0000 -129.0000
fimgreg.f
image alignment mode   2311 decimal      907 hex
parameters
   -1.8535  -11.7934    3.1234  -15.7829  -22.0759  -11.4987
    0.9789   -0.8311    0.7871   15.7832   -2.6127  -19.2872
eta,q 0.96736  8.86483
niter,ni,del,rscale     5    3    5.0000    0.8000
parameters
   -1.8440  -11.7011    3.0558  -15.4389  -22.2651  -11.1476
    1.0086   -0.7264    0.8985   15.9449   -2.6193  -19.1974
eta,q 0.96732  8.89258
  0.0345  0.0341  0.0333  0.0339  0.0336  0.0339  0.0342  0.0351  0.0337  0.0344  0.0332  0.0333
  0.0335  0.0333  0.0329  0.0332  0.0331  0.0332  0.0333  0.0338  0.0332  0.0335  0.0329  0.0330
  0.0328  0.0328  0.0327  0.0327  0.0328  0.0327  0.0328  0.0330  0.0328  0.0329  0.0327  0.0328
  0.0326  0.0326  0.0326  0.0326  0.0327  0.0327  0.0327  0.0327  0.0327  0.0327  0.0327  0.0327
  0.0329  0.0328  0.0328  0.0328  0.0328  0.0328  0.0328  0.0329  0.0328  0.0328  0.0327  0.0328
  0.0335  0.0331  0.0330  0.0331  0.0332  0.0331  0.0333  0.0337  0.0331  0.0333  0.0329  0.0330
  0.0344  0.0338  0.0335  0.0335  0.0338  0.0334  0.0341  0.0349  0.0336  0.0342  0.0332  0.0333
niter,ni,del,rscale     4    3    5.0000    0.7000
parameters
   -1.8360  -11.6959    3.1025  -15.4987  -22.2630  -11.1938
    0.9865   -0.7272    0.8829   15.9203   -2.6196  -19.2284
eta,q 0.96733  8.88692
  0.0341  0.0337  0.0333  0.0335  0.0335  0.0334  0.0338  0.0345  0.0334  0.0339  0.0331  0.0332
  0.0333  0.0331  0.0330  0.0329  0.0331  0.0329  0.0332  0.0335  0.0330  0.0332  0.0329  0.0329
  0.0328  0.0328  0.0327  0.0327  0.0328  0.0327  0.0328  0.0328  0.0328  0.0328  0.0327  0.0327
  0.0327  0.0327  0.0327  0.0327  0.0327  0.0327  0.0327  0.0327  0.0327  0.0327  0.0327  0.0327
  0.0328  0.0328  0.0327  0.0328  0.0328  0.0328  0.0328  0.0329  0.0328  0.0328  0.0327  0.0327
  0.0333  0.0331  0.0329  0.0331  0.0330  0.0331  0.0332  0.0335  0.0330  0.0332  0.0329  0.0329
  0.0340  0.0336  0.0332  0.0334  0.0335  0.0333  0.0338  0.0344  0.0334  0.0339  0.0331  0.0332
niter,ni,del,rscale     3    3    5.0000    0.6000
parameters
   -1.8371  -11.7034    3.0890  -15.6266  -22.2339  -11.3720
    0.9759   -0.7531    0.8591   15.9148   -2.6383  -19.2299
eta,q 0.96734  8.87205
  0.0337  0.0334  0.0331  0.0332  0.0333  0.0332  0.0335  0.0340  0.0332  0.0336  0.0330  0.0330
  0.0331  0.0330  0.0328  0.0329  0.0329  0.0328  0.0330  0.0332  0.0329  0.0331  0.0328  0.0328
  0.0328  0.0327  0.0327  0.0327  0.0327  0.0327  0.0327  0.0328  0.0327  0.0328  0.0327  0.0327
  0.0327  0.0327  0.0327  0.0327  0.0327  0.0327  0.0327  0.0327  0.0327  0.0327  0.0327  0.0327
  0.0328  0.0328  0.0327  0.0328  0.0327  0.0328  0.0327  0.0328  0.0327  0.0328  0.0327  0.0327
  0.0331  0.0330  0.0329  0.0330  0.0329  0.0330  0.0330  0.0333  0.0329  0.0331  0.0328  0.0328
  0.0337  0.0334  0.0331  0.0332  0.0333  0.0332  0.0335  0.0340  0.0332  0.0336  0.0330  0.0330
niter,ni,del,rscale     2    3    5.0000    0.5000
parameters
   -1.8389  -11.6946    3.0449  -15.7731  -22.2460  -11.5641
    0.9601   -0.7856    0.8322   15.9362   -2.6457  -19.2476
eta,q 0.96736  8.85343
  0.0334  0.0332  0.0329  0.0330  0.0331  0.0330  0.0332  0.0336  0.0330  0.0333  0.0329  0.0329
  0.0330  0.0329  0.0328  0.0328  0.0328  0.0328  0.0329  0.0330  0.0328  0.0329  0.0327  0.0327
  0.0327  0.0327  0.0327  0.0327  0.0327  0.0326  0.0327  0.0327  0.0327  0.0327  0.0327  0.0327
  0.0327  0.0327  0.0327  0.0326  0.0326  0.0326  0.0326  0.0326  0.0326  0.0326  0.0326  0.0326
  0.0327  0.0327  0.0327  0.0327  0.0327  0.0327  0.0327  0.0328  0.0327  0.0327  0.0327  0.0327
  0.0330  0.0329  0.0328  0.0329  0.0328  0.0329  0.0329  0.0331  0.0328  0.0329  0.0327  0.0328
  0.0334  0.0331  0.0330  0.0331  0.0331  0.0331  0.0332  0.0336  0.0330  0.0333  0.0329  0.0329
niter,ni,del,rscale     1    3    5.0000    0.4000
parameters
   -1.8427  -11.6695    2.9910  -15.8828  -22.2879  -11.7336
    0.9493   -0.8130    0.8212   15.9874   -2.6707  -19.2533
eta,q 0.96737  8.83676
  0.0331  0.0330  0.0328  0.0329  0.0329  0.0329  0.0330  0.0332  0.0329  0.0331  0.0328  0.0328
  0.0328  0.0328  0.0327  0.0327  0.0327  0.0327  0.0328  0.0329  0.0327  0.0328  0.0327  0.0327
  0.0327  0.0327  0.0327  0.0327  0.0327  0.0326  0.0327  0.0327  0.0327  0.0327  0.0326  0.0326
  0.0326  0.0326  0.0326  0.0326  0.0326  0.0326  0.0326  0.0326  0.0326  0.0326  0.0326  0.0326
  0.0327  0.0327  0.0327  0.0327  0.0327  0.0327  0.0327  0.0327  0.0327  0.0327  0.0326  0.0327
  0.0328  0.0328  0.0327  0.0328  0.0328  0.0328  0.0328  0.0329  0.0327  0.0328  0.0327  0.0327
  0.0331  0.0329  0.0329  0.0329  0.0329  0.0329  0.0330  0.0332  0.0329  0.0330  0.0328  0.0328
registration optimization eta report
parameter search radius
    0.8000    0.8000    0.8000    2.4000    2.4000    2.4000
    2.4000    2.4000    2.4000    2.4000    2.4000    2.4000
100000*second partial in parameter space
       71.       50.       30.        5.        5.        5.
        7.       11.        4.        7.        3.        3.
  0.0331  0.0330  0.0328  0.0329  0.0329  0.0329  0.0330  0.0332  0.0329  0.0331  0.0328  0.0328
  0.0328  0.0328  0.0327  0.0327  0.0327  0.0327  0.0328  0.0329  0.0327  0.0328  0.0327  0.0327
  0.0327  0.0327  0.0327  0.0327  0.0327  0.0326  0.0327  0.0327  0.0327  0.0327  0.0326  0.0326
  0.0326  0.0326  0.0326  0.0326  0.0326  0.0326  0.0326  0.0326  0.0326  0.0326  0.0326  0.0326
  0.0327  0.0327  0.0327  0.0327  0.0327  0.0327  0.0327  0.0327  0.0327  0.0327  0.0326  0.0327
  0.0328  0.0328  0.0327  0.0328  0.0328  0.0328  0.0328  0.0329  0.0327  0.0328  0.0327  0.0327
  0.0331  0.0329  0.0329  0.0329  0.0329  0.0329  0.0330  0.0332  0.0329  0.0330  0.0328  0.0328
   -1.8427  -11.6695    2.9910  -15.8828  -22.2879  -11.7336
    0.9493   -0.8130    0.8212   15.9874   -2.6707  -19.2533
eta,q 0.96737  8.83676

---------------------------------------------------------------------
compute_vox2vox talsrcimg talsrcimg_to_711-2C_as_mni_average_305_t4 /opt/freesurfer/average/711-2C_as_mni_average_305
---------------------------------------------------------------------

freesurfer compute_vox2vox.c
Reading: talsrcimg.4dfp.ifh
Reading: talsrcimg_to_711-2C_as_mni_average_305_t4
Reading: /opt/freesurfer/average/711-2C_as_mni_average_305.4dfp.ifh
Writing: talsrcimg_to_711-2C_as_mni_average_305_t4_vox2vox.txt

start time Sat Mar 14 02:58:09 CET 2026
end		time Sat Mar 14 02:59:39 CET 2026

mpr2mni305 success

avi2talxfm orig_nu.mgz /opt/freesurfer/average/mni305.cor.mgz talsrcimg_to_711-2C_as_mni_average_305_t4_vox2vox.txt transforms/talairach.auto.xfm
avi2talxfm done
mv -f /out/sourcedata/freesurfer/sub-v2s8x29242_ses-1/mri/talsrcimg_to_711-2C_as_mni_average_305_t4_vox2vox.txt /out/sourcedata/freesurfer/sub-v2s8x29242_ses-1/mri/transforms/talsrcimg_to_711-2C_as_mni_average_305_t4_vox2vox.txt
lta_convert --src orig_nu.mgz --trg /opt/freesurfer/average/mni305.cor.mgz --inxfm transforms/talairach.auto.xfm --outlta transforms/talairach.auto.xfm.lta --subject fsaverage
7.3.2

--src: orig_nu.mgz src image (geometry).
--trg: /opt/freesurfer/average/mni305.cor.mgz trg image (geometry).
--inmni: transforms/talairach.auto.xfm input MNI/XFM transform.
--outlta: transforms/talairach.auto.xfm.lta output LTA.
--s: fsaverage subject name
 LTA read, type : 1
 1.18934   0.01300  -0.01131   6.39148;
 0.03182   1.08463   0.26833  -1.01168;
-0.01911  -0.22327   1.23172   14.59467;
 0.00000   0.00000   0.00000   1.00000;
setting subject to fsaverage
Writing  LTA to file transforms/talairach.auto.xfm.lta...
lta_convert successful.
 
 
Started at Sat Mar 14 02:58:08 CET 2026
Ended   at Sat Mar 14 02:59:39 CET 2026
talairach_avi done
