/out/sourcedata/freesurfer/sub-v2s8x29189_ses-1/mri
/opt/freesurfer/bin/talairach_avi
--i orig_nu.mgz --xfm transforms/talairach.auto.xfm
talairach_avi 7.3.2
Linux dna066 5.14.0-427.37.1.el9_4.x86_64 #1 SMP PREEMPT_DYNAMIC Fri Sep 13 12:41:50 EDT 2024 x86_64 x86_64 x86_64 GNU/Linux
Sat Mar 14 00:09:33 CET 2026
mri_convert orig_nu.mgz talsrcimg.img 
reading from orig_nu.mgz...
TR=0.00, TE=0.00, TI=0.00, flip angle=0.00
i_ras = (-1, 0, 0)
j_ras = (0, 0, -1)
k_ras = (0, 1, 0)
writing to talsrcimg.img...
Analyze Output Matrix
-1.00000   0.00000   0.00000   109.46042;
 0.00000   0.00000   1.00000  -140.64612;
 0.00000  -1.00000   0.00000   129.27710;
 0.00000   0.00000   0.00000   1.00000;
--------------------
INFO: set hdr.hist.orient to -1
mpr2mni305 talsrcimg
Sat Mar 14 00:09:34 CET 2026
/opt/freesurfer/bin/mpr2mni305 talsrcimg
mpr2mni305 7.3.2
target=711-2C_as_mni_average_305

---------------------------------------------------------------------
analyzeto4dfp talsrcimg -O0 -y
---------------------------------------------------------------------

freesurfer ifh2hdr.c
Sat Mar 14 00:09:34 2026
Writing: talsrcimg.4dfp.hdr
freesurfer analyzeto4dfp.c
Reading: talsrcimg.hdr
header size 348 bytes
hdr.dime.datatype	offset=70	value=2
hdr.dime.bitpix		offset=72	value=8
hdr.hist.orient		offset=252	value=-1
dimensionality     4
dimensions       256       256       256         1
Reading: talsrcimg.img
Writing: talsrcimg.4dfp.img
Writing: talsrcimg.4dfp.ifh
ifh2hdr talsrcimg -r0to197
ori=2

---------------------------------------------------------------------
gauss_4dfp talsrcimg 1.1
---------------------------------------------------------------------

freesurfer gauss_4dfp.c
Reading: talsrcimg.4dfp.img
Writing: talsrcimg_g11.4dfp.img
image dimensions 256 256 256 padded to 288 288 288
processing volume 1freesurfer ifh2hdr.c
Sat Mar 14 00:09:35 2026
Writing: talsrcimg_g11.4dfp.hdr

Writing: talsrcimg_g11.4dfp.ifh
including: talsrcimg.4dfp.img.rec in talsrcimg_g11.4dfp.img.rec

---------------------------------------------------------------------
imgreg_4dfp /opt/freesurfer/average/711-2C_as_mni_average_305 none talsrcimg_g11 none talsrcimg_to_711-2C_as_mni_average_305_t4 4355
---------------------------------------------------------------------

freesurfer imgreg_4dfp.c
/opt/freesurfer/average/711-2C_as_mni_average_305.4dfp.img
       256       256       256         1
  1.000000  1.000000  1.000000
orientation T byte_order littleendian
Reading image: /opt/freesurfer/average/711-2C_as_mni_average_305.4dfp.img
dimensions:      256       256       256
mmppix:       1.0000   -1.0000   -1.0000
center:     128.0000 -129.0000 -129.0000
talsrcimg_g11.4dfp.img
       256       256       256         1
  1.000000  1.000000  1.000000
orientation T byte_order littleendian
Reading image: talsrcimg_g11.4dfp.img
dimensions:      256       256       256
mmppix:       1.0000   -1.0000   -1.0000
center:     128.0000 -129.0000 -129.0000
t4_read: open error in t4_sub.f l:  41 t4_file(1:l)talsrcimg_to_711-2C_as_mni_average_305_t4 
t4_read: transform initialized to I4
rotation matrix determinant  1.000000
image alignment mode   4355 decimal     1103 hex
   -7.5000  -45.0000  -45.0000 7563.7812   20.6859
    0.0000  -45.0000  -45.0000 7920.5063   20.6819
    7.5000  -45.0000  -45.0000 7584.4609   20.6467
   -7.5000  -37.5000  -45.0000 8100.9072   20.6910
    0.0000  -37.5000  -45.0000 8498.5498   20.6864
    7.5000  -37.5000  -45.0000 8118.2627   20.6616
   -7.5000  -30.0000  -45.0000 8926.7148   20.6171
    0.0000  -30.0000  -45.0000 9354.1162   20.6095
    7.5000  -30.0000  -45.0000 8942.8652   20.5867
   -7.5000  -22.5000  -45.0000 9726.2695   20.4331
    0.0000  -22.5000  -45.000010173.5781   20.4208
    7.5000  -22.5000  -45.0000 9743.4502   20.3901
   -7.5000  -15.0000  -45.000010489.6465   20.3348
    0.0000  -15.0000  -45.000010953.3359   20.3207
    7.5000  -15.0000  -45.000010472.3779   20.2809
   -7.5000   -7.5000  -45.000011138.8477   20.3063
    0.0000   -7.5000  -45.000011610.6982   20.2968
    7.5000   -7.5000  -45.000011095.0635   20.2553
   -7.5000    0.0000  -45.000011725.1201   20.3729
    0.0000    0.0000  -45.000012191.6807   20.3678
    7.5000    0.0000  -45.000011680.8691   20.3340
   -7.5000    7.5000  -45.000011438.0693   20.4786
    0.0000    7.5000  -45.000011885.0205   20.4732
    7.5000    7.5000  -45.000011374.4365   20.4492
   -7.5000   15.0000  -45.000011057.4785   20.5097
    0.0000   15.0000  -45.000011480.6494   20.5017
    7.5000   15.0000  -45.000010961.5059   20.4791
   -7.5000   22.5000  -45.000010387.7559   20.4301
    0.0000   22.5000  -45.000010791.5693   20.4177
    7.5000   22.5000  -45.000010308.0498   20.3871
   -7.5000   30.0000  -45.0000 9652.2725   20.0638
    0.0000   30.0000  -45.0000 9989.0361   20.0499
    7.5000   30.0000  -45.0000 9540.7295   20.0106
   -7.5000   37.5000  -45.0000 9233.7158   20.0357
    0.0000   37.5000  -45.0000 9556.6270   20.0264
    7.5000   37.5000  -45.0000 9143.0039   19.9854
   -7.5000   45.0000  -45.0000 8482.1709   19.5910
    0.0000   45.0000  -45.0000 8770.8057   19.5861
    7.5000   45.0000  -45.0000 8399.9990   19.5535
   -7.5000  -45.0000  -37.5000 8136.6997   20.6055
    0.0000  -45.0000  -37.5000 8520.0811   20.5877
    7.5000  -45.0000  -37.5000 8166.3462   20.5597
   -7.5000  -37.5000  -37.5000 8742.3164   20.6117
    0.0000  -37.5000  -37.5000 9171.7852   20.5937
    7.5000  -37.5000  -37.5000 8746.1865   20.5753
   -7.5000  -30.0000  -37.5000 9631.6992   20.5407
    0.0000  -30.0000  -37.500010082.4150   20.5227
    7.5000  -30.0000  -37.5000 9625.6631   20.5060
   -7.5000  -22.5000  -37.500010452.0400   20.3600
    0.0000  -22.5000  -37.500010925.3057   20.3400
    7.5000  -22.5000  -37.500010440.7617   20.3160
   -7.5000  -15.0000  -37.500011234.0283   20.2626
    0.0000  -15.0000  -37.500011724.4609   20.2418
    7.5000  -15.0000  -37.500011207.7822   20.2088
   -7.5000   -7.5000  -37.500011889.5527   20.2317
    0.0000   -7.5000  -37.500012415.7930   20.2124
    7.5000   -7.5000  -37.500011856.8633   20.1778
   -7.5000    0.0000  -37.500012501.6299   20.2949
    0.0000    0.0000  -37.500013026.4414   20.2765
    7.5000    0.0000  -37.500012432.6836   20.2495
   -7.5000    7.5000  -37.500012141.7393   20.4003
    0.0000    7.5000  -37.500012651.5098   20.3820
    7.5000    7.5000  -37.500012064.6738   20.3641
   -7.5000   15.0000  -37.500011693.7188   20.4339
    0.0000   15.0000  -37.500012169.2295   20.4155
    7.5000   15.0000  -37.500011604.9727   20.3990
   -7.5000   22.5000  -37.500010981.2256   20.3569
    0.0000   22.5000  -37.500011413.1055   20.3369
    7.5000   22.5000  -37.500010904.4180   20.3130
   -7.5000   30.0000  -37.500010217.4336   19.9926
    0.0000   30.0000  -37.500010599.8135   19.9720
    7.5000   30.0000  -37.500010100.4404   19.9395
   -7.5000   37.5000  -37.5000 9747.9570   19.9621
    0.0000   37.5000  -37.500010100.7910   19.9431
    7.5000   37.5000  -37.5000 9621.6855   19.9089
   -7.5000   45.0000  -37.5000 8916.5420   19.5160
    0.0000   45.0000  -37.5000 9230.8652   19.4982
    7.5000   45.0000  -37.5000 8821.7881   19.4723
   -7.5000  -45.0000  -30.0000 8890.8203   21.4337
    0.0000  -45.0000  -30.0000 9295.6729   21.4212
    7.5000  -45.0000  -30.0000 8921.5859   21.4037
   -7.5000  -37.5000  -30.0000 9536.6084   21.4357
    0.0000  -37.5000  -30.0000 9958.0732   21.4253
    7.5000  -37.5000  -30.0000 9536.5361   21.4176
   -7.5000  -30.0000  -30.000010452.1875   21.3594
    0.0000  -30.0000  -30.000010920.1426   21.3511
    7.5000  -30.0000  -30.000010456.9297   21.3469
   -7.5000  -22.5000  -30.000011323.7119   21.1745
    0.0000  -22.5000  -30.000011830.2949   21.1644
    7.5000  -22.5000  -30.000011323.9531   21.1541
   -7.5000  -15.0000  -30.000012129.6641   21.0783
    0.0000  -15.0000  -30.000012668.0107   21.0656
    7.5000  -15.0000  -30.000012118.6387   21.0456
   -7.5000   -7.5000  -30.000012829.0830   21.0482
    0.0000   -7.5000  -30.000013413.5732   21.0345
    7.5000   -7.5000  -30.000012802.0986   21.0111
   -7.5000    0.0000  -30.000013476.2783   21.1116
    0.0000    0.0000  -30.000014072.7803   21.0981
    7.5000    0.0000  -30.000013410.4580   21.0812
   -7.5000    7.5000  -30.000013069.1973   21.2163
    0.0000    7.5000  -30.000013645.6338   21.2052
    7.5000    7.5000  -30.000012991.8311   21.1977
   -7.5000   15.0000  -30.000012547.0254   21.2484
    0.0000   15.0000  -30.000013092.9160   21.2397
    7.5000   15.0000  -30.000012475.6865   21.2356
   -7.5000   22.5000  -30.000011782.4844   21.1692
    0.0000   22.5000  -30.000012269.2568   21.1591
    7.5000   22.5000  -30.000011685.9922   21.1488
   -7.5000   30.0000  -30.000010941.1543   20.7993
    0.0000   30.0000  -30.000011370.6768   20.7869
    7.5000   30.0000  -30.000010803.5273   20.7671
   -7.5000   37.5000  -30.000010410.7607   20.7697
    0.0000   37.5000  -30.000010817.5244   20.7561
    7.5000   37.5000  -30.000010307.3516   20.7331
   -7.5000   45.0000  -30.0000 9498.7461   20.3162
    0.0000   45.0000  -30.0000 9870.7266   20.3032
    7.5000   45.0000  -30.0000 9422.6846   20.2870
   -7.5000  -45.0000  -22.5000 9639.9541   22.1733
    0.0000  -45.0000  -22.500010060.1758   22.1831
    7.5000  -45.0000  -22.5000 9651.2852   22.1700
   -7.5000  -37.5000  -22.500010287.3662   22.1733
    0.0000  -37.5000  -22.500010765.6113   22.1869
    7.5000  -37.5000  -22.500010307.7158   22.1836
   -7.5000  -30.0000  -22.500011262.5557   22.0905
    0.0000  -30.0000  -22.500011789.6533   22.1042
    7.5000  -30.0000  -22.500011280.7412   22.1060
   -7.5000  -22.5000  -22.500012176.0234   21.8979
    0.0000  -22.5000  -22.500012719.0977   21.9067
    7.5000  -22.5000  -22.500012174.0225   21.9035
   -7.5000  -15.0000  -22.500013042.1455   21.8000
    0.0000  -15.0000  -22.500013586.9414   21.8040
    7.5000  -15.0000  -22.500012974.4014   21.7913
   -7.5000   -7.5000  -22.500013788.0674   21.7724
    0.0000   -7.5000  -22.500014388.6348   21.7764
    7.5000   -7.5000  -22.500013707.3457   21.7591
   -7.5000    0.0000  -22.500014472.1445   21.8405
    0.0000    0.0000  -22.500015110.5840   21.8484
    7.5000    0.0000  -22.500014361.5098   21.8358
   -7.5000    7.5000  -22.500014023.0127   21.9468
    0.0000    7.5000  -22.500014652.5098   21.9590
    7.5000    7.5000  -22.500013924.4053   21.9559
   -7.5000   15.0000  -22.500013393.4697   21.9760
    0.0000   15.0000  -22.500014022.5996   21.9890
    7.5000   15.0000  -22.500013317.9688   21.9907
   -7.5000   22.5000  -22.500012547.9492   21.8910
    0.0000   22.5000  -22.500013096.4229   21.8997
    7.5000   22.5000  -22.500012427.0615   21.8965
   -7.5000   30.0000  -22.500011634.5977   21.5148
    0.0000   30.0000  -22.500012122.1992   21.5188
    7.5000   30.0000  -22.500011496.0088   21.5063
   -7.5000   37.5000  -22.500011065.4873   21.4876
    0.0000   37.5000  -22.500011528.1729   21.4915
    7.5000   37.5000  -22.500010971.4160   21.4745
   -7.5000   45.0000  -22.500010060.0508   21.0335
    0.0000   45.0000  -22.500010494.2012   21.0411
    7.5000   45.0000  -22.5000 9994.9648   21.0290
   -7.5000  -45.0000  -15.000010341.3613   22.7198
    0.0000  -45.0000  -15.000010837.2627   22.7472
    7.5000  -45.0000  -15.000010387.7725   22.7293
   -7.5000  -37.5000  -15.000011009.4658   22.7198
    0.0000  -37.5000  -15.000011549.7100   22.7510
    7.5000  -37.5000  -15.000011056.6621   22.7433
   -7.5000  -30.0000  -15.000012033.4102   22.6319
    0.0000  -30.0000  -15.000012610.1201   22.6605
    7.5000  -30.0000  -15.000012064.4873   22.6571
   -7.5000  -22.5000  -15.000013015.4961   22.4309
    0.0000  -22.5000  -15.000013595.6855   22.4512
    7.5000  -22.5000  -15.000012989.1084   22.4422
   -7.5000  -15.0000  -15.000013920.9541   22.3292
    0.0000  -15.0000  -15.000014496.3369   22.3432
    7.5000  -15.0000  -15.000013831.6465   22.3253
   -7.5000   -7.5000  -15.000014688.6816   22.3044
    0.0000   -7.5000  -15.000015318.6318   22.3212
    7.5000   -7.5000  -15.000014568.0713   22.2994
   -7.5000    0.0000  -15.000015379.3486   22.3785
    0.0000    0.0000  -15.000016068.5898   22.4035
    7.5000    0.0000  -15.000015276.6211   22.3864
   -7.5000    7.5000  -15.000014903.1504   22.4880
    0.0000    7.5000  -15.000015578.4385   22.5174
    7.5000    7.5000  -15.000014808.1748   22.5101
   -7.5000   15.0000  -15.000014231.1318   22.5148
    0.0000   15.0000  -15.000014906.5645   22.5425
    7.5000   15.0000  -15.000014161.4521   22.5392
   -7.5000   22.5000  -15.000013334.7705   22.4227
    0.0000   22.5000  -15.000013918.9697   22.4430
    7.5000   22.5000  -15.000013197.0137   22.4340
   -7.5000   30.0000  -15.000012304.9365   22.0402
    0.0000   30.0000  -15.000012853.5117   22.0540
    7.5000   30.0000  -15.000012190.6006   22.0364
   -7.5000   37.5000  -15.000011675.7715   22.0157
    0.0000   37.5000  -15.000012194.6436   22.0324
    7.5000   37.5000  -15.000011599.9961   22.0108
   -7.5000   45.0000  -15.000010584.0625   21.5647
    0.0000   45.0000  -15.000011055.5898   21.5887
    7.5000   45.0000  -15.000010527.2090   21.5723
   -7.5000  -45.0000   -7.500011082.7666   22.9974
    0.0000  -45.0000   -7.500011622.7520   23.0163
    7.5000  -45.0000   -7.500011111.2070   22.9849
   -7.5000  -37.5000   -7.500011778.1875   22.9989
    0.0000  -37.5000   -7.500012324.4707   23.0197
    7.5000  -37.5000   -7.500011782.8525   22.9996
   -7.5000  -30.0000   -7.500012844.6445   22.9113
    0.0000  -30.0000   -7.500013408.2656   22.9282
    7.5000  -30.0000   -7.500012822.3125   22.9117
   -7.5000  -22.5000   -7.500013876.1846   22.7063
    0.0000  -22.5000   -7.500014430.5977   22.7149
    7.5000  -22.5000   -7.500013792.2402   22.6908
   -7.5000  -15.0000   -7.500014833.1123   22.6007
    0.0000  -15.0000   -7.500015367.6914   22.6042
    7.5000  -15.0000   -7.500014710.5107   22.5704
   -7.5000   -7.5000   -7.500015607.0898   22.5749
    0.0000   -7.5000   -7.500016177.1367   22.5835
    7.5000   -7.5000   -7.500015477.8145   22.5467
   -7.5000    0.0000   -7.500016333.3613   22.6513
    0.0000    0.0000   -7.500016966.9902   22.6682
    7.5000    0.0000   -7.500016204.6533   22.6381
   -7.5000    7.5000   -7.500015832.5918   22.7642
    0.0000    7.5000   -7.500016494.2324   22.7836
    7.5000    7.5000   -7.500015714.1699   22.7642
   -7.5000   15.0000   -7.500015107.8838   22.7927
    0.0000   15.0000   -7.500015761.3721   22.8089
    7.5000   15.0000   -7.500014992.6260   22.7926
   -7.5000   22.5000   -7.500014136.1953   22.6956
    0.0000   22.5000   -7.500014710.5781   22.7042
    7.5000   22.5000   -7.500013966.8867   22.6801
   -7.5000   30.0000   -7.500013009.7158   22.3076
    0.0000   30.0000   -7.500013532.9160   22.3111
    7.5000   30.0000   -7.500012852.4141   22.2777
   -7.5000   37.5000   -7.500012314.4434   22.2821
    0.0000   37.5000   -7.500012836.4941   22.2906
    7.5000   37.5000   -7.500012166.4365   22.2543
   -7.5000   45.0000   -7.500011157.1445   21.8316
    0.0000   45.0000   -7.500011630.3379   21.8479
    7.5000   45.0000   -7.500011039.4297   21.8189
   -7.5000  -45.0000    0.000011727.4033   23.0434
    0.0000  -45.0000    0.000012219.7227   23.0387
    7.5000  -45.0000    0.000011700.9336   22.9994
   -7.5000  -37.5000    0.000012440.6943   23.0489
    0.0000  -37.5000    0.000012926.2715   23.0436
    7.5000  -37.5000    0.000012397.5947   23.0158
   -7.5000  -30.0000    0.000013562.0400   22.9663
    0.0000  -30.0000    0.000014069.0664   22.9578
    7.5000  -30.0000    0.000013502.4697   22.9321
   -7.5000  -22.5000    0.000014645.0195   22.7618
    0.0000  -22.5000    0.000015132.8271   22.7481
    7.5000  -22.5000    0.000014538.8164   22.7137
   -7.5000  -15.0000    0.000015654.7900   22.6527
    0.0000  -15.0000    0.000016183.0410   22.6371
    7.5000  -15.0000    0.000015520.4346   22.5926
   -7.5000   -7.5000    0.000016464.3477   22.6217
    0.0000   -7.5000    0.000017011.1914   22.6112
    7.5000   -7.5000    0.000016352.0557   22.5649
   -7.5000    0.0000    0.000017254.1855   22.6962
    0.0000    0.0000    0.000017911.2266   22.6904
    7.5000    0.0000    0.000017180.9336   22.6527
   -7.5000    7.5000    0.000016730.8789   22.8133
    0.0000    7.5000    0.000017418.8418   22.8072
    7.5000    7.5000    0.000016623.2793   22.7803
   -7.5000   15.0000    0.000015901.0361   22.8473
    0.0000   15.0000    0.000016519.9785   22.8382
    7.5000   15.0000    0.000015729.7598   22.8129
   -7.5000   22.5000    0.000014787.4541   22.7510
    0.0000   22.5000    0.000015358.0977   22.7374
    7.5000   22.5000    0.000014626.2725   22.7030
   -7.5000   30.0000    0.000013611.4688   22.3595
    0.0000   30.0000    0.000014142.4092   22.3441
    7.5000   30.0000    0.000013460.8623   22.3002
   -7.5000   37.5000    0.000012888.7842   22.3290
    0.0000   37.5000    0.000013374.0459   22.3185
    7.5000   37.5000    0.000012723.6865   22.2729
   -7.5000   45.0000    0.000011685.4365   21.8765
    0.0000   45.0000    0.000012136.7295   21.8710
    7.5000   45.0000    0.000011528.6641   21.8346
   -7.5000  -45.0000    7.500011460.2334   23.0298
    0.0000  -45.0000    7.500011928.7324   23.0103
    7.5000  -45.0000    7.500011429.9404   22.9791
   -7.5000  -37.5000    7.500012127.5742   23.0359
    0.0000  -37.5000    7.500012592.5752   23.0161
    7.5000  -37.5000    7.500012090.8398   22.9955
   -7.5000  -30.0000    7.500013197.4658   22.9560
    0.0000  -30.0000    7.500013681.8838   22.9362
    7.5000  -30.0000    7.500013151.4443   22.9175
   -7.5000  -22.5000    7.500014245.0625   22.7544
    0.0000  -22.5000    7.500014708.9678   22.7325
    7.5000  -22.5000    7.500014143.9414   22.7056
   -7.5000  -15.0000    7.500015164.2979   22.6463
    0.0000  -15.0000    7.500015652.3193   22.6237
    7.5000  -15.0000    7.500015055.9258   22.5868
   -7.5000   -7.5000    7.500015918.0176   22.6124
    0.0000   -7.5000    7.500016424.0449   22.5914
    7.5000   -7.5000    7.500015902.8252   22.5528
   -7.5000    0.0000    7.500016694.7109   22.6830
    0.0000    0.0000    7.500017304.6895   22.6628
    7.5000    0.0000    7.500016701.5176   22.6328
   -7.5000    7.5000    7.500016188.4922   22.7999
    0.0000    7.5000    7.500016770.8633   22.7798
    7.5000    7.5000    7.500016116.7041   22.7598
   -7.5000   15.0000    7.500015313.0459   22.8368
    0.0000   15.0000    7.500015768.0039   22.8166
    7.5000   15.0000    7.500015166.5410   22.7980
   -7.5000   22.5000    7.500014211.8164   22.7437
    0.0000   22.5000    7.500014602.4121   22.7218
    7.5000   22.5000    7.500014067.7920   22.6949
   -7.5000   30.0000    7.500013124.4678   22.3532
    0.0000   30.0000    7.500013480.2217   22.3309
    7.5000   30.0000    7.500012973.6455   22.2945
   -7.5000   37.5000    7.500012435.7812   22.3198
    0.0000   37.5000    7.500012791.0342   22.2991
    7.5000   37.5000    7.500012288.5293   22.2609
   -7.5000   45.0000    7.500011295.8779   21.8638
    0.0000   45.0000    7.500011632.3389   21.8443
    7.5000   45.0000    7.500011152.8320   21.8154
   -7.5000  -45.0000   15.000011027.5479   23.0162
    0.0000  -45.0000   15.000011477.4727   23.0028
    7.5000  -45.0000   15.000011010.0850   22.9840
   -7.5000  -37.5000   15.000011652.1348   23.0184
    0.0000  -37.5000   15.000012114.5244   23.0072
    7.5000  -37.5000   15.000011613.2949   22.9989
   -7.5000  -30.0000   15.000012677.6172   22.9364
    0.0000  -30.0000   15.000013164.2754   22.9275
    7.5000  -30.0000   15.000012621.9150   22.9230
   -7.5000  -22.5000   15.000013666.9385   22.7379
    0.0000  -22.5000   15.000014151.2832   22.7270
    7.5000  -22.5000   15.000013572.0430   22.7160
   -7.5000  -15.0000   15.000014506.0869   22.6345
    0.0000  -15.0000   15.000014999.8115   22.6209
    7.5000  -15.0000   15.000014432.2139   22.5995
   -7.5000   -7.5000   15.000015322.7217   22.6022
    0.0000   -7.5000   15.000015809.0244   22.5875
    7.5000   -7.5000   15.000015264.4336   22.5624
   -7.5000    0.0000   15.000016152.7764   22.6703
    0.0000    0.0000   15.000016644.5078   22.6558
    7.5000    0.0000   15.000016082.0371   22.6377
   -7.5000    7.5000   15.000015623.8037   22.7828
    0.0000    7.5000   15.000016079.0166   22.7709
    7.5000    7.5000   15.000015530.2529   22.7628
   -7.5000   15.0000   15.000014754.3867   22.8173
    0.0000   15.0000   15.000015086.5928   22.8079
    7.5000   15.0000   15.000014592.4385   22.8034
   -7.5000   22.5000   15.000013655.6875   22.7271
    0.0000   22.5000   15.000013945.7480   22.7163
    7.5000   22.5000   15.000013479.7627   22.7053
   -7.5000   30.0000   15.000012579.0830   22.3416
    0.0000   30.0000   15.000012873.9189   22.3282
    7.5000   30.0000   15.000012410.9365   22.3070
   -7.5000   37.5000   15.000011924.3281   22.3097
    0.0000   37.5000   15.000012251.5186   22.2952
    7.5000   37.5000   15.000011772.6973   22.2704
   -7.5000   45.0000   15.000010812.8174   21.8516
    0.0000   45.0000   15.000011143.4092   21.8376
    7.5000   45.0000   15.000010678.1309   21.8201
   -7.5000  -45.0000   22.500010453.3438   23.0350
    0.0000  -45.0000   22.500010916.1035   23.0455
    7.5000  -45.0000   22.500010467.5586   23.0321
   -7.5000  -37.5000   22.500011054.7529   23.0352
    0.0000  -37.5000   22.500011503.5264   23.0496
    7.5000  -37.5000   22.500011031.9238   23.0464
   -7.5000  -30.0000   22.500012020.5137   22.9491
    0.0000  -30.0000   22.500012476.7773   22.9636
    7.5000  -30.0000   22.500011964.1582   22.9657
   -7.5000  -22.5000   22.500012964.3652   22.7487
    0.0000  -22.5000   22.500013405.3984   22.7581
    7.5000  -22.5000   22.500012863.9678   22.7550
   -7.5000  -15.0000   22.500013782.8213   22.6467
    0.0000  -15.0000   22.500014230.3730   22.6512
    7.5000  -15.0000   22.500013721.5645   22.6382
   -7.5000   -7.5000   22.500014632.7617   22.6181
    0.0000   -7.5000   22.500015065.9170   22.6225
    7.5000   -7.5000   22.500014554.0166   22.6048
   -7.5000    0.0000   22.500015466.7549   22.6890
    0.0000    0.0000   22.500015913.2861   22.6975
    7.5000    0.0000   22.500015334.9365   22.6847
   -7.5000    7.5000   22.500014980.7734   22.7997
    0.0000    7.5000   22.500015434.0801   22.8126
    7.5000    7.5000   22.500014816.4453   22.8097
   -7.5000   15.0000   22.500014100.8242   22.8300
    0.0000   15.0000   22.500014503.4736   22.8438
    7.5000   15.0000   22.500013896.8730   22.8459
   -7.5000   22.5000   22.500013047.5176   22.7380
    0.0000   22.5000   22.500013412.8604   22.7474
    7.5000   22.5000   22.500012851.6416   22.7443
   -7.5000   30.0000   22.500011986.9277   22.3536
    0.0000   30.0000   22.500012328.0518   22.3581
    7.5000   30.0000   22.500011817.4307   22.3453
   -7.5000   37.5000   22.500011360.0938   22.3254
    0.0000   37.5000   22.500011693.4385   22.3298
    7.5000   37.5000   22.500011194.6836   22.3123
   -7.5000   45.0000   22.500010273.8838   21.8696
    0.0000   45.0000   22.500010594.4971   21.8778
    7.5000   45.0000   22.500010139.0352   21.8654
   -7.5000  -45.0000   30.0000 9796.7568   23.1364
    0.0000  -45.0000   30.000010228.9453   23.1654
    7.5000  -45.0000   30.0000 9816.5859   23.1473
   -7.5000  -37.5000   30.000010361.6309   23.1404
    0.0000  -37.5000   30.000010816.0244   23.1735
    7.5000  -37.5000   30.000010367.2090   23.1661
   -7.5000  -30.0000   30.000011263.4756   23.0534
    0.0000  -30.0000   30.000011741.6426   23.0839
    7.5000  -30.0000   30.000011238.4873   23.0811
   -7.5000  -22.5000   30.000012161.6025   22.8494
    0.0000  -22.5000   30.000012625.6445   22.8714
    7.5000  -22.5000   30.000012087.6172   22.8626
   -7.5000  -15.0000   30.000013006.6416   22.7452
    0.0000  -15.0000   30.000013460.8965   22.7605
    7.5000  -15.0000   30.000012929.6992   22.7422
   -7.5000   -7.5000   30.000013844.9082   22.7196
    0.0000   -7.5000   30.000014328.6416   22.7378
    7.5000   -7.5000   30.000013748.3770   22.7153
   -7.5000    0.0000   30.000014584.5420   22.7954
    0.0000    0.0000   30.000015103.6406   22.8219
    7.5000    0.0000   30.000014458.5176   22.8046
   -7.5000    7.5000   30.000014069.7949   22.9076
    0.0000    7.5000   30.000014564.8936   22.9388
    7.5000    7.5000   30.000013912.9072   22.9319
   -7.5000   15.0000   30.000013222.3965   22.9353
    0.0000   15.0000   30.000013666.8369   22.9649
    7.5000   15.0000   30.000013053.2373   22.9622
   -7.5000   22.5000   30.000012260.3838   22.8386
    0.0000   22.5000   30.000012654.5742   22.8606
    7.5000   22.5000   30.000012109.5117   22.8518
   -7.5000   30.0000   30.000011292.4980   22.4509
    0.0000   30.0000   30.000011658.5732   22.4660
    7.5000   30.0000   30.000011136.8438   22.4479
   -7.5000   37.5000   30.000010683.0830   22.4256
    0.0000   37.5000   30.000011062.4727   22.4435
    7.5000   37.5000   30.000010535.4287   22.4213
   -7.5000   45.0000   30.0000 9651.8555   21.9721
    0.0000   45.0000   30.000010005.2666   21.9977
    7.5000   45.0000   30.0000 9531.6816   21.9810
   -7.5000  -45.0000   37.5000 9467.1836   23.2984
    0.0000  -45.0000   37.5000 9913.7812   23.3192
    7.5000  -45.0000   37.5000 9479.3506   23.2871
   -7.5000  -37.5000   37.500010036.7676   23.3080
    0.0000  -37.5000   37.500010495.5488   23.3309
    7.5000  -37.5000   37.500010028.9873   23.3108
   -7.5000  -30.0000   37.500010933.0752   23.2254
    0.0000  -30.0000   37.500011437.6084   23.2444
    7.5000  -30.0000   37.500010918.9561   23.2281
   -7.5000  -22.5000   37.500011804.4297   23.0224
    0.0000  -22.5000   37.500012328.7080   23.0328
    7.5000  -22.5000   37.500011764.5752   23.0085
   -7.5000  -15.0000   37.500012617.6738   22.9142
    0.0000  -15.0000   37.500013158.0830   22.9192
    7.5000  -15.0000   37.500012576.4590   22.8846
   -7.5000   -7.5000   37.500013393.4980   22.8879
    0.0000   -7.5000   37.500013946.2627   22.8980
    7.5000   -7.5000   37.500013337.8320   22.8601
   -7.5000    0.0000   37.500014084.2480   22.9662
    0.0000    0.0000   37.500014644.3867   22.9850
    7.5000    0.0000   37.500014003.2949   22.9541
   -7.5000    7.5000   37.500013572.2520   23.0820
    0.0000    7.5000   37.500014097.1221   23.1034
    7.5000    7.5000   37.500013480.9521   23.0840
   -7.5000   15.0000   37.500012751.0635   23.1111
    0.0000   15.0000   37.500013220.1670   23.1294
    7.5000   15.0000   37.500012640.9492   23.1134
   -7.5000   22.5000   37.500011859.2891   23.0115
    0.0000   22.5000   37.500012285.7451   23.0220
    7.5000   22.5000   37.500011750.1709   22.9977
   -7.5000   30.0000   37.500010938.2979   22.6177
    0.0000   30.0000   37.500011307.5908   22.6226
    7.5000   30.0000   37.500010804.2559   22.5884
   -7.5000   37.5000   37.500010343.6436   22.5917
    0.0000   37.5000   37.500010731.1816   22.6017
    7.5000   37.5000   37.500010235.5596   22.5643
   -7.5000   45.0000   37.5000 9365.9160   22.1368
    0.0000   45.0000   37.5000 9731.2539   22.1549
    7.5000   45.0000   37.5000 9272.9355   22.1251
   -7.5000  -45.0000   45.0000 8736.8457   23.4257
    0.0000  -45.0000   45.0000 9152.3896   23.4238
    7.5000  -45.0000   45.0000 8749.6738   23.3844
   -7.5000  -37.5000   45.0000 9261.0625   23.4454
    0.0000  -37.5000   45.0000 9706.6465   23.4431
    7.5000  -37.5000   45.0000 9267.1133   23.4162
   -7.5000  -30.0000   45.000010096.1035   23.3728
    0.0000  -30.0000   45.000010578.8555   23.3675
    7.5000  -30.0000   45.000010097.1416   23.3427
   -7.5000  -22.5000   45.000010881.0146   23.1718
    0.0000  -22.5000   45.000011380.2822   23.1612
    7.5000  -22.5000   45.000010851.6406   23.1268
   -7.5000  -15.0000   45.000011614.8438   23.0566
    0.0000  -15.0000   45.000012145.1045   23.0438
    7.5000  -15.0000   45.000011570.5225   22.9984
   -7.5000   -7.5000   45.000012305.6279   23.0236
    0.0000   -7.5000   45.000012863.8643   23.0158
    7.5000   -7.5000   45.000012274.4473   22.9685
   -7.5000    0.0000   45.000012922.9902   23.1017
    0.0000    0.0000   45.000013474.8232   23.0987
    7.5000    0.0000   45.000012882.9160   23.0607
   -7.5000    7.5000   45.000012468.5664   23.2253
    0.0000    7.5000   45.000012957.8887   23.2223
    7.5000    7.5000   45.000012403.0664   23.1962
   -7.5000   15.0000   45.000011745.3506   23.2617
    0.0000   15.0000   45.000012177.1279   23.2561
    7.5000   15.0000   45.000011663.0332   23.2316
   -7.5000   22.5000   45.000010941.2676   23.1608
    0.0000   22.5000   45.000011332.1025   23.1502
    7.5000   22.5000   45.000010855.3428   23.1158
   -7.5000   30.0000   45.000010081.7246   22.7562
    0.0000   30.0000   45.000010434.9746   22.7436
    7.5000   30.0000   45.0000 9985.8955   22.6988
   -7.5000   37.5000   45.0000 9544.5840   22.7237
    0.0000   37.5000   45.0000 9901.9961   22.7160
    7.5000   37.5000   45.0000 9467.0830   22.6693
   -7.5000   45.0000   45.0000 8652.5361   22.2774
    0.0000   45.0000   45.0000 8963.2227   22.2746
    7.5000   45.0000   45.0000 8563.5732   22.2380

---------------------------------------------------------------------
imgreg_4dfp /opt/freesurfer/average/711-2C_as_mni_average_305 /opt/freesurfer/average/711-2B_as_mni_average_305_mask talsrcimg_g11 none talsrcimg_to_711-2C_as_mni_average_305_t4 4355
---------------------------------------------------------------------

freesurfer imgreg_4dfp.c
/opt/freesurfer/average/711-2C_as_mni_average_305.4dfp.img
       256       256       256         1
  1.000000  1.000000  1.000000
orientation T byte_order littleendian
Reading image: /opt/freesurfer/average/711-2C_as_mni_average_305.4dfp.img
dimensions:      256       256       256
mmppix:       1.0000   -1.0000   -1.0000
center:     128.0000 -129.0000 -129.0000
/opt/freesurfer/average/711-2B_as_mni_average_305_mask.4dfp.img
       256       256       256         1
  1.000000  1.000000  1.000000
orientation T byte_order littleendian
Reading mask: /opt/freesurfer/average/711-2B_as_mni_average_305_mask.4dfp.img (2306576 pixels)
talsrcimg_g11.4dfp.img
       256       256       256         1
  1.000000  1.000000  1.000000
orientation T byte_order littleendian
Reading image: talsrcimg_g11.4dfp.img
dimensions:      256       256       256
mmppix:       1.0000   -1.0000   -1.0000
center:     128.0000 -129.0000 -129.0000
rotation matrix determinant  1.000000
image alignment mode   4355 decimal     1103 hex
   -7.5000  -45.0000  -45.0000 1982.6609   25.2252
    0.0000  -45.0000  -45.0000 2000.4445   25.0194
    7.5000  -45.0000  -45.0000 1984.3857   25.2369
   -7.5000  -37.5000  -45.0000 2062.1274   23.3855
    0.0000  -37.5000  -45.0000 2082.6021   23.1733
    7.5000  -37.5000  -45.0000 2064.5005   23.3090
   -7.5000  -30.0000  -45.0000 2129.8159   21.9738
    0.0000  -30.0000  -45.0000 2147.7952   21.8483
    7.5000  -30.0000  -45.0000 2131.0422   21.9486
   -7.5000  -22.5000  -45.0000 2185.0889   20.8431
    0.0000  -22.5000  -45.0000 2198.8708   20.6887
    7.5000  -22.5000  -45.0000 2188.8271   20.8027
   -7.5000  -15.0000  -45.0000 2216.6536   20.0245
    0.0000  -15.0000  -45.0000 2233.1594   19.8794
    7.5000  -15.0000  -45.0000 2212.4521   20.0028
   -7.5000   -7.5000  -45.0000 2221.5339   19.6135
    0.0000   -7.5000  -45.0000 2230.8330   19.4349
    7.5000   -7.5000  -45.0000 2215.8804   19.6252
   -7.5000    0.0000  -45.0000 2219.3491   19.6584
    0.0000    0.0000  -45.0000 2225.6792   19.3998
    7.5000    0.0000  -45.0000 2213.9080   19.6447
   -7.5000    7.5000  -45.0000 2212.2261   20.0067
    0.0000    7.5000  -45.0000 2217.4529   19.7715
    7.5000    7.5000  -45.0000 2204.2395   20.0554
   -7.5000   15.0000  -45.0000 2184.3296   20.7141
    0.0000   15.0000  -45.0000 2191.9707   20.5330
    7.5000   15.0000  -45.0000 2167.7617   20.7993
   -7.5000   22.5000  -45.0000 2135.5232   21.7804
    0.0000   22.5000  -45.0000 2149.5439   21.6079
    7.5000   22.5000  -45.0000 2123.1077   21.9076
   -7.5000   30.0000  -45.0000 2068.0627   23.3150
    0.0000   30.0000  -45.0000 2078.0916   23.1373
    7.5000   30.0000  -45.0000 2048.9753   23.4576
   -7.5000   37.5000  -45.0000 1980.0308   25.4362
    0.0000   37.5000  -45.0000 1989.7905   25.2125
    7.5000   37.5000  -45.0000 1964.7272   25.5968
   -7.5000   45.0000  -45.0000 1873.4620   28.4176
    0.0000   45.0000  -45.0000 1880.7871   28.0958
    7.5000   45.0000  -45.0000 1856.6259   28.5342
   -7.5000  -45.0000  -37.5000 2073.1924   23.1059
    0.0000  -45.0000  -37.5000 2091.2759   22.8892
    7.5000  -45.0000  -37.5000 2075.8914   23.1335
   -7.5000  -37.5000  -37.5000 2167.6677   21.4176
    0.0000  -37.5000  -37.5000 2190.4165   21.2212
    7.5000  -37.5000  -37.5000 2167.4661   21.3660
   -7.5000  -30.0000  -37.5000 2238.2605   20.0674
    0.0000  -30.0000  -37.5000 2259.4321   19.9067
    7.5000  -30.0000  -37.5000 2240.2097   20.0459
   -7.5000  -22.5000  -37.5000 2288.9788   19.0224
    0.0000  -22.5000  -37.5000 2307.9355   18.8748
    7.5000  -22.5000  -37.5000 2293.2322   19.0049
   -7.5000  -15.0000  -37.5000 2323.1941   18.3102
    0.0000  -15.0000  -37.5000 2337.1514   18.1374
    7.5000  -15.0000  -37.5000 2318.5859   18.2915
   -7.5000   -7.5000  -37.5000 2326.6533   18.0029
    0.0000   -7.5000  -37.5000 2339.6392   17.8709
    7.5000   -7.5000  -37.5000 2319.6699   18.0343
   -7.5000    0.0000  -37.5000 2320.7383   18.0239
    0.0000    0.0000  -37.5000 2330.5088   17.8777
    7.5000    0.0000  -37.5000 2316.2092   18.1033
   -7.5000    7.5000  -37.5000 2306.8618   18.3350
    0.0000    7.5000  -37.5000 2316.2449   18.1796
    7.5000    7.5000  -37.5000 2294.9783   18.4222
   -7.5000   15.0000  -37.5000 2278.0330   18.9648
    0.0000   15.0000  -37.5000 2290.4868   18.8227
    7.5000   15.0000  -37.5000 2260.2605   19.0719
   -7.5000   22.5000  -37.5000 2227.7180   19.9510
    0.0000   22.5000  -37.5000 2243.5862   19.7820
    7.5000   22.5000  -37.5000 2213.8442   20.1065
   -7.5000   30.0000  -37.5000 2159.3931   21.4126
    0.0000   30.0000  -37.5000 2170.2468   21.2332
    7.5000   30.0000  -37.5000 2140.0483   21.5840
   -7.5000   37.5000  -37.5000 2066.7773   23.4191
    0.0000   37.5000  -37.5000 2077.7778   23.2004
    7.5000   37.5000  -37.5000 2047.0461   23.5599
   -7.5000   45.0000  -37.5000 1951.9697   26.0841
    0.0000   45.0000  -37.5000 1958.9783   25.8496
    7.5000   45.0000  -37.5000 1931.3486   26.2260
   -7.5000  -45.0000  -30.0000 2200.9722   22.0740
    0.0000  -45.0000  -30.0000 2219.8342   21.8120
    7.5000  -45.0000  -30.0000 2201.6853   22.0407
   -7.5000  -37.5000  -30.0000 2300.4297   20.3809
    0.0000  -37.5000  -30.0000 2321.6562   20.1809
    7.5000  -37.5000  -30.0000 2299.2495   20.3427
   -7.5000  -30.0000  -30.0000 2368.8311   18.9464
    0.0000  -30.0000  -30.0000 2391.5068   18.8148
    7.5000  -30.0000  -30.0000 2375.1990   18.9698
   -7.5000  -22.5000  -30.0000 2433.9106   17.9691
    0.0000  -22.5000  -30.0000 2450.2815   17.8106
    7.5000  -22.5000  -30.0000 2431.9951   17.9191
   -7.5000  -15.0000  -30.0000 2470.4766   17.3442
    0.0000  -15.0000  -30.0000 2486.9561   17.2140
    7.5000  -15.0000  -30.0000 2465.2681   17.3205
   -7.5000   -7.5000  -30.0000 2478.1777   17.0447
    0.0000   -7.5000  -30.0000 2499.9766   16.9436
    7.5000   -7.5000  -30.0000 2473.5986   17.0771
   -7.5000    0.0000  -30.0000 2474.1013   17.0902
    0.0000    0.0000  -30.0000 2490.0364   16.9856
    7.5000    0.0000  -30.0000 2465.1509   17.1454
   -7.5000    7.5000  -30.0000 2458.5220   17.4184
    0.0000    7.5000  -30.0000 2470.7080   17.3082
    7.5000    7.5000  -30.0000 2441.3206   17.5320
   -7.5000   15.0000  -30.0000 2422.6709   18.0682
    0.0000   15.0000  -30.0000 2441.6033   17.9561
    7.5000   15.0000  -30.0000 2403.3630   18.2272
   -7.5000   22.5000  -30.0000 2368.7854   19.0652
    0.0000   22.5000  -30.0000 2386.3391   18.9483
    7.5000   22.5000  -30.0000 2348.8081   19.2419
   -7.5000   30.0000  -30.0000 2291.9604   20.4486
    0.0000   30.0000  -30.0000 2302.7412   20.3095
    7.5000   30.0000  -30.0000 2266.4514   20.6247
   -7.5000   37.5000  -30.0000 2183.8411   22.3497
    0.0000   37.5000  -30.0000 2195.6240   22.1461
    7.5000   37.5000  -30.0000 2170.2195   22.4823
   -7.5000   45.0000  -30.0000 2063.4275   24.8376
    0.0000   45.0000  -30.0000 2073.6445   24.6755
    7.5000   45.0000  -30.0000 2046.3964   25.0415
   -7.5000  -45.0000  -22.5000 2298.9299   20.9760
    0.0000  -45.0000  -22.5000 2316.5264   20.7042
    7.5000  -45.0000  -22.5000 2297.1384   20.9032
   -7.5000  -37.5000  -22.5000 2396.3213   19.3018
    0.0000  -37.5000  -22.5000 2417.7302   19.1039
    7.5000  -37.5000  -22.5000 2396.6055   19.2473
   -7.5000  -30.0000  -22.5000 2473.1143   17.9348
    0.0000  -30.0000  -22.5000 2497.3750   17.8151
    7.5000  -30.0000  -22.5000 2478.9570   17.8945
   -7.5000  -22.5000  -22.5000 2543.6575   16.9042
    0.0000  -22.5000  -22.5000 2561.3621   16.8221
    7.5000  -22.5000  -22.5000 2543.7078   16.8829
   -7.5000  -15.0000  -22.5000 2594.7261   16.2853
    0.0000  -15.0000  -22.5000 2603.4861   16.2016
    7.5000  -15.0000  -22.5000 2583.1541   16.2694
   -7.5000   -7.5000  -22.5000 2613.6873   16.0537
    0.0000   -7.5000  -22.5000 2630.9731   15.9496
    7.5000   -7.5000  -22.5000 2600.2410   16.0231
   -7.5000    0.0000  -22.5000 2614.2258   16.1481
    0.0000    0.0000  -22.5000 2629.8235   16.0551
    7.5000    0.0000  -22.5000 2596.1980   16.1580
   -7.5000    7.5000  -22.5000 2593.7842   16.5392
    0.0000    7.5000  -22.5000 2609.2837   16.4388
    7.5000    7.5000  -22.5000 2575.5957   16.6047
   -7.5000   15.0000  -22.5000 2548.1794   17.2003
    0.0000   15.0000  -22.5000 2569.0620   17.1154
    7.5000   15.0000  -22.5000 2531.0454   17.3298
   -7.5000   22.5000  -22.5000 2484.7820   18.1580
    0.0000   22.5000  -22.5000 2502.4028   18.0638
    7.5000   22.5000  -22.5000 2460.7668   18.3033
   -7.5000   30.0000  -22.5000 2398.4014   19.4634
    0.0000   30.0000  -22.5000 2410.2251   19.3566
    7.5000   30.0000  -22.5000 2370.9307   19.6328
   -7.5000   37.5000  -22.5000 2284.1675   21.2503
    0.0000   37.5000  -22.5000 2291.2568   21.0872
    7.5000   37.5000  -22.5000 2265.6638   21.4016
   -7.5000   45.0000  -22.5000 2150.3940   23.6213
    0.0000   45.0000  -22.5000 2160.4512   23.4822
    7.5000   45.0000  -22.5000 2132.2695   23.7955
   -7.5000  -45.0000  -15.0000 2362.2683   20.0332
    0.0000  -45.0000  -15.0000 2380.9966   19.7675
    7.5000  -45.0000  -15.0000 2366.4639   19.9140
   -7.5000  -37.5000  -15.0000 2459.7073   18.3324
    0.0000  -37.5000  -15.0000 2480.2092   18.1439
    7.5000  -37.5000  -15.0000 2464.4629   18.2897
   -7.5000  -30.0000  -15.0000 2547.4001   16.9862
    0.0000  -30.0000  -15.0000 2566.7781   16.8303
    7.5000  -30.0000  -15.0000 2551.2466   16.9399
   -7.5000  -22.5000  -15.0000 2630.6067   15.9995
    0.0000  -22.5000  -15.0000 2645.5857   15.8846
    7.5000  -22.5000  -15.0000 2625.7739   15.9475
   -7.5000  -15.0000  -15.0000 2692.6592   15.3713
    0.0000  -15.0000  -15.0000 2698.2207   15.2682
    7.5000  -15.0000  -15.0000 2675.0022   15.3295
   -7.5000   -7.5000  -15.0000 2718.6416   15.1637
    0.0000   -7.5000  -15.0000 2733.1968   15.0607
    7.5000   -7.5000  -15.0000 2697.7410   15.1406
   -7.5000    0.0000  -15.0000 2718.8557   15.3133
    0.0000    0.0000  -15.0000 2740.3684   15.2075
    7.5000    0.0000  -15.0000 2702.2253   15.2995
   -7.5000    7.5000  -15.0000 2700.4658   15.7327
    0.0000    7.5000  -15.0000 2718.3000   15.6477
    7.5000    7.5000  -15.0000 2680.0352   15.7769
   -7.5000   15.0000  -15.0000 2649.7778   16.4096
    0.0000   15.0000  -15.0000 2671.6936   16.3550
    7.5000   15.0000  -15.0000 2630.7839   16.5323
   -7.5000   22.5000  -15.0000 2576.6016   17.2979
    0.0000   22.5000  -15.0000 2595.4807   17.2363
    7.5000   22.5000  -15.0000 2552.5217   17.4629
   -7.5000   30.0000  -15.0000 2473.8384   18.5617
    0.0000   30.0000  -15.0000 2487.5559   18.4462
    7.5000   30.0000  -15.0000 2448.4524   18.6808
   -7.5000   37.5000  -15.0000 2347.4280   20.2856
    0.0000   37.5000  -15.0000 2357.6416   20.1692
    7.5000   37.5000  -15.0000 2329.3511   20.4309
   -7.5000   45.0000  -15.0000 2210.0449   22.5643
    0.0000   45.0000  -15.0000 2217.3423   22.4108
    7.5000   45.0000  -15.0000 2191.3113   22.6962
   -7.5000  -45.0000   -7.5000 2404.7856   19.1632
    0.0000  -45.0000   -7.5000 2425.3032   18.9168
    7.5000  -45.0000   -7.5000 2413.3745   19.0669
   -7.5000  -37.5000   -7.5000 2506.6848   17.4932
    0.0000  -37.5000   -7.5000 2526.8789   17.2672
    7.5000  -37.5000   -7.5000 2512.4529   17.4438
   -7.5000  -30.0000   -7.5000 2601.7720   16.1730
    0.0000  -30.0000   -7.5000 2619.7207   15.9614
    7.5000  -30.0000   -7.5000 2605.1824   16.1344
   -7.5000  -22.5000   -7.5000 2697.3796   15.2033
    0.0000  -22.5000   -7.5000 2710.7219   14.9977
    7.5000  -22.5000   -7.5000 2686.5193   15.1551
   -7.5000  -15.0000   -7.5000 2772.0962   14.5890
    0.0000  -15.0000   -7.5000 2780.1399   14.4232
    7.5000  -15.0000   -7.5000 2751.4426   14.5673
   -7.5000   -7.5000   -7.5000 2804.3640   14.4072
    0.0000   -7.5000   -7.5000 2821.6555   14.2609
    7.5000   -7.5000   -7.5000 2781.8438   14.3856
   -7.5000    0.0000   -7.5000 2810.4036   14.5908
    0.0000    0.0000   -7.5000 2832.1575   14.4654
    7.5000    0.0000   -7.5000 2783.6560   14.5947
   -7.5000    7.5000   -7.5000 2788.8032   15.0172
    0.0000    7.5000   -7.5000 2812.0300   14.9159
    7.5000    7.5000   -7.5000 2763.2646   15.0640
   -7.5000   15.0000   -7.5000 2731.4224   15.6552
    0.0000   15.0000   -7.5000 2750.9707   15.5983
    7.5000   15.0000   -7.5000 2708.7607   15.7457
   -7.5000   22.5000   -7.5000 2646.8125   16.5271
    0.0000   22.5000   -7.5000 2664.7422   16.4721
    7.5000   22.5000   -7.5000 2620.1633   16.6508
   -7.5000   30.0000   -7.5000 2530.3203   17.7585
    0.0000   30.0000   -7.5000 2541.5337   17.6664
    7.5000   30.0000   -7.5000 2503.6614   17.8641
   -7.5000   37.5000   -7.5000 2392.3591   19.4592
    0.0000   37.5000   -7.5000 2405.9573   19.3498
    7.5000   37.5000   -7.5000 2373.2576   19.5233
   -7.5000   45.0000   -7.5000 2248.3054   21.6460
    0.0000   45.0000   -7.5000 2260.6567   21.5287
    7.5000   45.0000   -7.5000 2226.9299   21.7295
   -7.5000  -45.0000    0.0000 2427.0486   18.5401
    0.0000  -45.0000    0.0000 2446.1777   18.2778
    7.5000  -45.0000    0.0000 2432.2773   18.4844
   -7.5000  -37.5000    0.0000 2530.6379   16.8885
    0.0000  -37.5000    0.0000 2545.7415   16.5948
    7.5000  -37.5000    0.0000 2536.5757   16.8341
   -7.5000  -30.0000    0.0000 2639.0776   15.5858
    0.0000  -30.0000    0.0000 2647.3147   15.3027
    7.5000  -30.0000    0.0000 2639.2280   15.5418
   -7.5000  -22.5000    0.0000 2742.3770   14.5893
    0.0000  -22.5000    0.0000 2753.1877   14.3491
    7.5000  -22.5000    0.0000 2730.9211   14.5874
   -7.5000  -15.0000    0.0000 2830.6670   14.0158
    0.0000  -15.0000    0.0000 2846.0005   13.7926
    7.5000  -15.0000    0.0000 2810.6780   14.0293
   -7.5000   -7.5000    0.0000 2880.3064   13.8212
    0.0000   -7.5000    0.0000 2908.0686   13.6056
    7.5000   -7.5000    0.0000 2857.7686   13.8224
   -7.5000    0.0000    0.0000 2895.6777   14.0004
    0.0000    0.0000    0.0000 2929.1973   13.8407
    7.5000    0.0000    0.0000 2871.3838   14.0370
   -7.5000    7.5000    0.0000 2869.3691   14.4711
    0.0000    7.5000    0.0000 2899.7781   14.3818
    7.5000    7.5000    0.0000 2839.9006   14.5068
   -7.5000   15.0000    0.0000 2795.7590   15.0954
    0.0000   15.0000    0.0000 2812.6523   15.0295
    7.5000   15.0000    0.0000 2764.3489   15.1457
   -7.5000   22.5000    0.0000 2689.5183   15.9271
    0.0000   22.5000    0.0000 2708.8811   15.8575
    7.5000   22.5000    0.0000 2663.2837   15.9848
   -7.5000   30.0000    0.0000 2565.5249   17.1528
    0.0000   30.0000    0.0000 2583.8337   17.0476
    7.5000   30.0000    0.0000 2540.4807   17.1895
   -7.5000   37.5000    0.0000 2423.3164   18.8206
    0.0000   37.5000    0.0000 2434.8320   18.6878
    7.5000   37.5000    0.0000 2397.5823   18.8853
   -7.5000   45.0000    0.0000 2272.3931   20.9471
    0.0000   45.0000    0.0000 2283.6460   20.8272
    7.5000   45.0000    0.0000 2249.4370   21.0585
   -7.5000  -45.0000    7.5000 2436.4902   18.2179
    0.0000  -45.0000    7.5000 2455.5840   17.8952
    7.5000  -45.0000    7.5000 2447.8315   18.1296
   -7.5000  -37.5000    7.5000 2541.9944   16.5246
    0.0000  -37.5000    7.5000 2560.7554   16.1971
    7.5000  -37.5000    7.5000 2554.2493   16.4672
   -7.5000  -30.0000    7.5000 2651.9624   15.1996
    0.0000  -30.0000    7.5000 2674.7290   14.9080
    7.5000  -30.0000    7.5000 2657.7571   15.1889
   -7.5000  -22.5000    7.5000 2764.5459   14.2528
    0.0000  -22.5000    7.5000 2783.3669   13.9521
    7.5000  -22.5000    7.5000 2756.6167   14.2429
   -7.5000  -15.0000    7.5000 2861.2620   13.6960
    0.0000  -15.0000    7.5000 2884.2632   13.3926
    7.5000  -15.0000    7.5000 2844.6033   13.6828
   -7.5000   -7.5000    7.5000 2926.3401   13.4443
    0.0000   -7.5000    7.5000 2964.1282   13.1868
    7.5000   -7.5000    7.5000 2910.7559   13.4491
   -7.5000    0.0000    7.5000 2953.6943   13.5597
    0.0000    0.0000    7.5000 3001.2888   13.3324
    7.5000    0.0000    7.5000 2927.9893   13.6218
   -7.5000    7.5000    7.5000 2920.9138   14.0442
    0.0000    7.5000    7.5000 2958.6733   13.8661
    7.5000    7.5000    7.5000 2887.2708   14.0933
   -7.5000   15.0000    7.5000 2822.1216   14.7352
    0.0000   15.0000    7.5000 2845.7275   14.5808
    7.5000   15.0000    7.5000 2796.6836   14.7323
   -7.5000   22.5000    7.5000 2708.7275   15.5908
    0.0000   22.5000    7.5000 2727.3618   15.4280
    7.5000   22.5000    7.5000 2687.2773   15.6006
   -7.5000   30.0000    7.5000 2579.2644   16.7758
    0.0000   30.0000    7.5000 2596.9529   16.6020
    7.5000   30.0000    7.5000 2557.1047   16.8021
   -7.5000   37.5000    7.5000 2431.2830   18.4293
    0.0000   37.5000    7.5000 2445.2175   18.2253
    7.5000   37.5000    7.5000 2406.9258   18.4962
   -7.5000   45.0000    7.5000 2276.2146   20.5540
    0.0000   45.0000    7.5000 2284.4617   20.3505
    7.5000   45.0000    7.5000 2254.6382   20.7135
   -7.5000  -45.0000   15.0000 2434.4294   18.1697
    0.0000  -45.0000   15.0000 2460.9175   17.8405
    7.5000  -45.0000   15.0000 2456.6001   18.0798
   -7.5000  -37.5000   15.0000 2542.3894   16.4722
    0.0000  -37.5000   15.0000 2565.5857   16.1654
    7.5000  -37.5000   15.0000 2551.8042   16.4242
   -7.5000  -30.0000   15.0000 2652.2561   15.1574
    0.0000  -30.0000   15.0000 2674.7656   14.8920
    7.5000  -30.0000   15.0000 2655.1980   15.1352
   -7.5000  -22.5000   15.0000 2769.1062   14.1972
    0.0000  -22.5000   15.0000 2792.5486   13.9278
    7.5000  -22.5000   15.0000 2762.6477   14.1745
   -7.5000  -15.0000   15.0000 2863.0540   13.6080
    0.0000  -15.0000   15.0000 2889.6885   13.3266
    7.5000  -15.0000   15.0000 2853.0859   13.5878
   -7.5000   -7.5000   15.0000 2929.4236   13.3740
    0.0000   -7.5000   15.0000 2962.6890   13.0858
    7.5000   -7.5000   15.0000 2912.4009   13.3793
   -7.5000    0.0000   15.0000 2952.1011   13.5718
    0.0000    0.0000   15.0000 2990.4658   13.2843
    7.5000    0.0000   15.0000 2932.2534   13.5715
   -7.5000    7.5000   15.0000 2916.5327   14.0176
    0.0000    7.5000   15.0000 2955.8821   13.7519
    7.5000    7.5000   15.0000 2890.5278   14.0045
   -7.5000   15.0000   15.0000 2820.9087   14.6587
    0.0000   15.0000   15.0000 2849.9749   14.4404
    7.5000   15.0000   15.0000 2797.3792   14.6602
   -7.5000   22.5000   15.0000 2704.7200   15.5146
    0.0000   22.5000   15.0000 2723.3679   15.2783
    7.5000   22.5000   15.0000 2682.4968   15.4848
   -7.5000   30.0000   15.0000 2565.8638   16.6940
    0.0000   30.0000   15.0000 2579.7017   16.4845
    7.5000   30.0000   15.0000 2546.8813   16.6927
   -7.5000   37.5000   15.0000 2423.4053   18.3047
    0.0000   37.5000   15.0000 2431.9829   18.1284
    7.5000   37.5000   15.0000 2405.2461   18.3746
   -7.5000   45.0000   15.0000 2266.5520   20.3620
    0.0000   45.0000   15.0000 2273.7607   20.2503
    7.5000   45.0000   15.0000 2246.6729   20.5350
   -7.5000  -45.0000   22.5000 2424.4421   18.3956
    0.0000  -45.0000   22.5000 2455.5054   18.1097
    7.5000  -45.0000   22.5000 2445.8821   18.3449
   -7.5000  -37.5000   22.5000 2532.3872   16.7047
    0.0000  -37.5000   22.5000 2560.3481   16.4154
    7.5000  -37.5000   22.5000 2541.3940   16.6654
   -7.5000  -30.0000   22.5000 2642.0461   15.3897
    0.0000  -30.0000   22.5000 2667.1653   15.1023
    7.5000  -30.0000   22.5000 2643.4866   15.3675
   -7.5000  -22.5000   22.5000 2761.6992   14.3819
    0.0000  -22.5000   22.5000 2783.2771   14.0997
    7.5000  -22.5000   22.5000 2751.7869   14.3430
   -7.5000  -15.0000   22.5000 2843.0713   13.7838
    0.0000  -15.0000   22.5000 2866.7546   13.5004
    7.5000  -15.0000   22.5000 2834.3789   13.7610
   -7.5000   -7.5000   22.5000 2900.4800   13.6445
    0.0000   -7.5000   22.5000 2923.1453   13.3240
    7.5000   -7.5000   22.5000 2885.2219   13.6149
   -7.5000    0.0000   22.5000 2911.0854   13.8879
    0.0000    0.0000   22.5000 2931.0063   13.5966
    7.5000    0.0000   22.5000 2891.6470   13.8184
   -7.5000    7.5000   22.5000 2866.9343   14.3078
    0.0000    7.5000   22.5000 2892.9126   14.0788
    7.5000    7.5000   22.5000 2845.1960   14.2733
   -7.5000   15.0000   22.5000 2774.4075   14.8999
    0.0000   15.0000   22.5000 2800.0073   14.7223
    7.5000   15.0000   22.5000 2757.5898   14.8955
   -7.5000   22.5000   22.5000 2668.5203   15.7586
    0.0000   22.5000   22.5000 2685.0449   15.5854
    7.5000   22.5000   22.5000 2649.6934   15.7322
   -7.5000   30.0000   22.5000 2533.6265   16.9223
    0.0000   30.0000   22.5000 2549.4426   16.7336
    7.5000   30.0000   22.5000 2520.0732   16.9009
   -7.5000   37.5000   22.5000 2397.4055   18.5102
    0.0000   37.5000   22.5000 2407.8804   18.3165
    7.5000   37.5000   22.5000 2381.5281   18.5288
   -7.5000   45.0000   22.5000 2242.9785   20.5484
    0.0000   45.0000   22.5000 2252.3750   20.3519
    7.5000   45.0000   22.5000 2227.3928   20.6129
   -7.5000  -45.0000   30.0000 2400.4077   18.8625
    0.0000  -45.0000   30.0000 2428.5508   18.5787
    7.5000  -45.0000   30.0000 2419.8020   18.8014
   -7.5000  -37.5000   30.0000 2510.6477   17.1741
    0.0000  -37.5000   30.0000 2538.6536   16.9302
    7.5000  -37.5000   30.0000 2522.8252   17.1592
   -7.5000  -30.0000   30.0000 2613.9775   15.8981
    0.0000  -30.0000   30.0000 2641.3645   15.6194
    7.5000  -30.0000   30.0000 2616.2683   15.8590
   -7.5000  -22.5000   30.0000 2726.4668   14.8726
    0.0000  -22.5000   30.0000 2748.2415   14.6191
    7.5000  -22.5000   30.0000 2715.5425   14.8133
   -7.5000  -15.0000   30.0000 2803.9580   14.3022
    0.0000  -15.0000   30.0000 2820.1489   14.0434
    7.5000  -15.0000   30.0000 2786.9746   14.2426
   -7.5000   -7.5000   30.0000 2842.8884   14.1825
    0.0000   -7.5000   30.0000 2860.8638   13.9159
    7.5000   -7.5000   30.0000 2828.6514   14.0930
   -7.5000    0.0000   30.0000 2833.2341   14.4066
    0.0000    0.0000   30.0000 2852.6377   14.1488
    7.5000    0.0000   30.0000 2818.3699   14.2915
   -7.5000    7.5000   30.0000 2786.8779   14.8380
    0.0000    7.5000   30.0000 2807.6355   14.6080
    7.5000    7.5000   30.0000 2766.5171   14.7649
   -7.5000   15.0000   30.0000 2700.5940   15.4454
    0.0000   15.0000   30.0000 2717.9072   15.2420
    7.5000   15.0000   30.0000 2681.2456   15.4137
   -7.5000   22.5000   30.0000 2602.1458   16.2987
    0.0000   22.5000   30.0000 2614.4138   16.1152
    7.5000   22.5000   30.0000 2585.9646   16.2617
   -7.5000   30.0000   30.0000 2481.4634   17.4250
    0.0000   30.0000   30.0000 2494.9778   17.2497
    7.5000   30.0000   30.0000 2471.1125   17.3891
   -7.5000   37.5000   30.0000 2350.8743   18.9738
    0.0000   37.5000   30.0000 2365.5630   18.7811
    7.5000   37.5000   30.0000 2338.6113   18.9648
   -7.5000   45.0000   30.0000 2202.5527   20.9640
    0.0000   45.0000   30.0000 2211.8950   20.7680
    7.5000   45.0000   30.0000 2189.4282   21.0236
   -7.5000  -45.0000   37.5000 2364.0964   19.6044
    0.0000  -45.0000   37.5000 2393.9343   19.3488
    7.5000  -45.0000   37.5000 2383.6118   19.5409
   -7.5000  -37.5000   37.5000 2476.7100   17.9558
    0.0000  -37.5000   37.5000 2504.0281   17.7234
    7.5000  -37.5000   37.5000 2484.2866   17.9006
   -7.5000  -30.0000   37.5000 2577.1094   16.6549
    0.0000  -30.0000   37.5000 2605.6414   16.4655
    7.5000  -30.0000   37.5000 2578.9666   16.6317
   -7.5000  -22.5000   37.5000 2669.2485   15.6468
    0.0000  -22.5000   37.5000 2698.8079   15.4650
    7.5000  -22.5000   37.5000 2665.8767   15.6005
   -7.5000  -15.0000   37.5000 2733.0334   15.0320
    0.0000  -15.0000   37.5000 2759.1902   14.8306
    7.5000  -15.0000   37.5000 2727.4358   14.9679
   -7.5000   -7.5000   37.5000 2760.6956   14.8756
    0.0000   -7.5000   37.5000 2783.5015   14.6645
    7.5000   -7.5000   37.5000 2753.6519   14.7665
   -7.5000    0.0000   37.5000 2744.3667   15.0880
    0.0000    0.0000   37.5000 2764.1777   14.8696
    7.5000    0.0000   37.5000 2733.9453   14.9527
   -7.5000    7.5000   37.5000 2693.3435   15.5432
    0.0000    7.5000   37.5000 2709.2644   15.3276
    7.5000    7.5000   37.5000 2681.3096   15.4585
   -7.5000   15.0000   37.5000 2612.2180   16.1886
    0.0000   15.0000   37.5000 2627.6870   15.9904
    7.5000   15.0000   37.5000 2601.1296   16.1446
   -7.5000   22.5000   37.5000 2524.9473   17.0615
    0.0000   22.5000   37.5000 2536.4182   16.8631
    7.5000   22.5000   37.5000 2510.3350   16.9923
   -7.5000   30.0000   37.5000 2418.7712   18.1569
    0.0000   30.0000   37.5000 2425.5903   17.9859
    7.5000   30.0000   37.5000 2401.1873   18.1139
   -7.5000   37.5000   37.5000 2293.2390   19.7195
    0.0000   37.5000   37.5000 2304.2227   19.5508
    7.5000   37.5000   37.5000 2281.8730   19.6900
   -7.5000   45.0000   37.5000 2155.4954   21.7155
    0.0000   45.0000   37.5000 2164.2500   21.5266
    7.5000   45.0000   37.5000 2144.9231   21.7628
   -7.5000  -45.0000   45.0000 2319.8328   20.6874
    0.0000  -45.0000   45.0000 2343.1577   20.4623
    7.5000  -45.0000   45.0000 2329.6606   20.6199
   -7.5000  -37.5000   45.0000 2426.6851   19.0248
    0.0000  -37.5000   45.0000 2451.7949   18.8382
    7.5000  -37.5000   45.0000 2432.8037   18.9940
   -7.5000  -30.0000   45.0000 2521.8093   17.6825
    0.0000  -30.0000   45.0000 2548.3965   17.5276
    7.5000  -30.0000   45.0000 2524.3767   17.6517
   -7.5000  -22.5000   45.0000 2605.6328   16.6421
    0.0000  -22.5000   45.0000 2629.3455   16.4852
    7.5000  -22.5000   45.0000 2600.1616   16.5955
   -7.5000  -15.0000   45.0000 2657.8037   16.0000
    0.0000  -15.0000   45.0000 2679.8862   15.8305
    7.5000  -15.0000   45.0000 2645.5278   15.9276
   -7.5000   -7.5000   45.0000 2671.9138   15.8165
    0.0000   -7.5000   45.0000 2694.4324   15.6350
    7.5000   -7.5000   45.0000 2666.0156   15.7060
   -7.5000    0.0000   45.0000 2647.2747   16.0027
    0.0000    0.0000   45.0000 2665.3015   15.7893
    7.5000    0.0000   45.0000 2639.3469   15.8748
   -7.5000    7.5000   45.0000 2595.6538   16.4689
    0.0000    7.5000   45.0000 2605.0183   16.2660
    7.5000    7.5000   45.0000 2583.0911   16.3844
   -7.5000   15.0000   45.0000 2524.5876   17.1919
    0.0000   15.0000   45.0000 2533.6506   16.9774
    7.5000   15.0000   45.0000 2513.9678   17.1077
   -7.5000   22.5000   45.0000 2444.1936   18.0624
    0.0000   22.5000   45.0000 2453.1304   17.8314
    7.5000   22.5000   45.0000 2430.5825   17.9773
   -7.5000   30.0000   45.0000 2342.0911   19.1730
    0.0000   30.0000   45.0000 2350.7302   18.9317
    7.5000   30.0000   45.0000 2328.3372   19.0737
   -7.5000   37.5000   45.0000 2224.3398   20.7170
    0.0000   37.5000   45.0000 2234.0068   20.5187
    7.5000   37.5000   45.0000 2218.4333   20.6523
   -7.5000   45.0000   45.0000 2097.5952   22.7605
    0.0000   45.0000   45.0000 2100.8364   22.5541
    7.5000   45.0000   45.0000 2086.0784   22.7768

---------------------------------------------------------------------
imgreg_4dfp /opt/freesurfer/average/711-2C_as_mni_average_305 /opt/freesurfer/average/711-2B_as_mni_average_305_mask talsrcimg_g11 none talsrcimg_to_711-2C_as_mni_average_305_t4 1283
---------------------------------------------------------------------

freesurfer imgreg_4dfp.c
/opt/freesurfer/average/711-2C_as_mni_average_305.4dfp.img
       256       256       256         1
  1.000000  1.000000  1.000000
orientation T byte_order littleendian
Reading image: /opt/freesurfer/average/711-2C_as_mni_average_305.4dfp.img
dimensions:      256       256       256
mmppix:       1.0000   -1.0000   -1.0000
center:     128.0000 -129.0000 -129.0000
/opt/freesurfer/average/711-2B_as_mni_average_305_mask.4dfp.img
       256       256       256         1
  1.000000  1.000000  1.000000
orientation T byte_order littleendian
Reading mask: /opt/freesurfer/average/711-2B_as_mni_average_305_mask.4dfp.img (2306576 pixels)
talsrcimg_g11.4dfp.img
       256       256       256         1
  1.000000  1.000000  1.000000
orientation T byte_order littleendian
Reading image: talsrcimg_g11.4dfp.img
dimensions:      256       256       256
mmppix:       1.0000   -1.0000   -1.0000
center:     128.0000 -129.0000 -129.0000
rotation matrix determinant  1.000000
fimgreg.f
image alignment mode   1283 decimal      503 hex
parameters
    0.0000    0.0000    7.5000    0.0000    0.0000    0.0000
eta,q 0.94286 13.27691
niter,ni,del,rscale     5    3   12.0000    1.2000
parameter  4  0.552137 ->  0.500000 qaram    1.1500
parameter  6 -0.734550 -> -0.500000 qaram    1.1500
parameters
   -1.6512   -0.1037   10.1410   -3.4500    1.4977    3.4500
eta,q 0.94495 13.04377
  0.0650  0.0655  0.0721  0.0567  0.0645  0.0640
  0.0612  0.0622  0.0656  0.0566  0.0614  0.0608
  0.0599  0.0607  0.0622  0.0568  0.0585  0.0584
  0.0604  0.0595  0.0595  0.0575  0.0566  0.0565
  0.0632  0.0592  0.0575  0.0583  0.0566  0.0555
  0.0687  0.0615  0.0574  0.0603  0.0581  0.0549
  0.0767  0.0673  0.0602  0.0637  0.0594  0.0551
niter,ni,del,rscale     6    3   12.0000    1.2000
parameter  2 -0.550199 -> -0.500000 qaram    1.1500
parameters
   -1.4397    3.3463    9.8277   -5.7471    1.9315    3.7011
eta,q 0.94888 13.21369
  0.0687  0.0661  0.0589  0.0535  0.0581  0.0587
  0.0623  0.0620  0.0549  0.0514  0.0548  0.0552
  0.0572  0.0585  0.0519  0.0510  0.0522  0.0523
  0.0550  0.0551  0.0520  0.0519  0.0510  0.0511
  0.0563  0.0527  0.0528  0.0531  0.0520  0.0518
  0.0603  0.0521  0.0554  0.0569  0.0535  0.0541
  0.0675  0.0552  0.0610  0.0628  0.0563  0.0580
niter,ni,del,rscale     6    3   12.0000    1.2000
parameters
   -1.5657    2.6733    9.1355   -5.8901    2.0302    3.4522
eta,q 0.94903 13.22429
  0.0656  0.0632  0.0568  0.0559  0.0568  0.0571
  0.0579  0.0579  0.0534  0.0531  0.0537  0.0539
  0.0523  0.0525  0.0514  0.0513  0.0516  0.0517
  0.0511  0.0510  0.0510  0.0510  0.0509  0.0510
  0.0538  0.0538  0.0521  0.0518  0.0521  0.0518
  0.0589  0.0607  0.0551  0.0530  0.0534  0.0542
  0.0663  0.0703  0.0613  0.0564  0.0563  0.0584
niter,ni,del,rscale     5    3   12.0000    1.2000
parameters
   -1.5910    2.5082    9.0659   -5.8225    2.0335    3.4001
eta,q 0.94898 13.22264
  0.0650  0.0647  0.0584  0.0562  0.0567  0.0574
  0.0576  0.0597  0.0543  0.0534  0.0537  0.0541
  0.0523  0.0537  0.0519  0.0515  0.0516  0.0519
  0.0510  0.0510  0.0510  0.0510  0.0510  0.0510
  0.0532  0.0528  0.0517  0.0518  0.0522  0.0517
  0.0575  0.0587  0.0541  0.0530  0.0536  0.0539
  0.0652  0.0679  0.0593  0.0561  0.0565  0.0579
niter,ni,del,rscale     4    3   12.0000    1.2000
parameters
   -1.5989    2.4539    9.0727   -5.7922    2.0279    3.3915
eta,q 0.94896 13.22071
  0.0650  0.0649  0.0587  0.0562  0.0567  0.0575
  0.0576  0.0601  0.0545  0.0534  0.0537  0.0542
  0.0524  0.0540  0.0521  0.0514  0.0516  0.0520
  0.0510  0.0510  0.0510  0.0510  0.0510  0.0510
  0.0531  0.0525  0.0517  0.0518  0.0523  0.0517
  0.0574  0.0583  0.0540  0.0530  0.0536  0.0538
  0.0650  0.0673  0.0591  0.0561  0.0566  0.0578
registration optimization eta report
parameter search radius
    6.0000    6.9000    6.0000    6.9000    6.0000    6.9000
100000*second partial in parameter space
       38.       31.       22.       11.       15.       14.
  0.0650  0.0649  0.0587  0.0562  0.0567  0.0575
  0.0576  0.0601  0.0545  0.0534  0.0537  0.0542
  0.0524  0.0540  0.0521  0.0514  0.0516  0.0520
  0.0510  0.0510  0.0510  0.0510  0.0510  0.0510
  0.0531  0.0525  0.0517  0.0518  0.0523  0.0517
  0.0574  0.0583  0.0540  0.0530  0.0536  0.0538
  0.0650  0.0673  0.0591  0.0561  0.0566  0.0578
   -1.5989    2.4539    9.0727   -5.7922    2.0279    3.3915
eta,q 0.94896 13.22071

---------------------------------------------------------------------
imgreg_4dfp /opt/freesurfer/average/711-2C_as_mni_average_305 /opt/freesurfer/average/711-2B_as_mni_average_305_mask talsrcimg_g11 none talsrcimg_to_711-2C_as_mni_average_305_t4 3335
---------------------------------------------------------------------

freesurfer imgreg_4dfp.c
/opt/freesurfer/average/711-2C_as_mni_average_305.4dfp.img
       256       256       256         1
  1.000000  1.000000  1.000000
orientation T byte_order littleendian
Reading image: /opt/freesurfer/average/711-2C_as_mni_average_305.4dfp.img
dimensions:      256       256       256
mmppix:       1.0000   -1.0000   -1.0000
center:     128.0000 -129.0000 -129.0000
/opt/freesurfer/average/711-2B_as_mni_average_305_mask.4dfp.img
       256       256       256         1
  1.000000  1.000000  1.000000
orientation T byte_order littleendian
Reading mask: /opt/freesurfer/average/711-2B_as_mni_average_305_mask.4dfp.img (2306576 pixels)
talsrcimg_g11.4dfp.img
       256       256       256         1
  1.000000  1.000000  1.000000
orientation T byte_order littleendian
Reading image: talsrcimg_g11.4dfp.img
dimensions:      256       256       256
mmppix:       1.0000   -1.0000   -1.0000
center:     128.0000 -129.0000 -129.0000
fimgreg.f
image alignment mode   3335 decimal      D07 hex
parameters
   -1.5989    2.4539    9.0727   -0.2377   -0.6637   -0.5728
   -5.5292   -4.1113    5.9122    9.8661    3.5385  -10.0857
eta,q 0.95170 13.28055
niter,ni,del,rscale     5    3    5.0000    1.2000
parameter  4  1.958590 ->  0.500000 qaram    1.1500
parameter  5  1.951966 ->  0.500000 qaram    1.1500
parameter  6  1.874038 ->  0.500000 qaram    1.1500
parameter 10  0.816533 ->  0.500000 qaram    1.1500
parameters
   -1.6860    2.9146    9.0017   -4.3777   -4.8037   -4.7128
   -6.1170   -3.8452    4.9427    5.7261    1.4276  -12.6347
eta,q 0.97094 12.27325
  0.0511  0.0513  0.0500  0.0396  0.0349  0.0283  0.0336  0.0361  0.0325  0.0296  0.0301  0.0298
  0.0495  0.0499  0.0490  0.0413  0.0367  0.0304  0.0322  0.0335  0.0317  0.0294  0.0295  0.0293
  0.0486  0.0489  0.0484  0.0443  0.0391  0.0335  0.0314  0.0318  0.0312  0.0299  0.0293  0.0291
  0.0483  0.0483  0.0482  0.0482  0.0420  0.0373  0.0312  0.0312  0.0312  0.0312  0.0295  0.0293
  0.0487  0.0482  0.0484  0.0528  0.0457  0.0420  0.0317  0.0315  0.0316  0.0330  0.0300  0.0299
  0.0498  0.0487  0.0491  0.0577  0.0498  0.0475  0.0328  0.0330  0.0324  0.0353  0.0308  0.0308
  0.0516  0.0497  0.0502  0.0629  0.0543  0.0531  0.0345  0.0355  0.0335  0.0381  0.0320  0.0320
niter,ni,del,rscale     7    3    5.0000    1.2000
parameter  4  0.731221 ->  0.500000 qaram    1.3225
parameter  5  1.014952 ->  0.500000 qaram    1.3225
parameter  6  0.624009 ->  0.500000 qaram    1.3225
parameters
   -1.4688    3.6625    8.8658   -9.1387   -9.5647   -9.4738
   -5.6700   -3.4111    6.5795    5.6893    2.3374  -12.3904
eta,q 0.97973 11.68889
  0.0338  0.0334  0.0310  0.0263  0.0223  0.0215  0.0239  0.0263  0.0236  0.0248  0.0224  0.0224
  0.0314  0.0314  0.0297  0.0260  0.0226  0.0206  0.0222  0.0236  0.0221  0.0225  0.0214  0.0214
  0.0298  0.0299  0.0289  0.0266  0.0238  0.0207  0.0211  0.0215  0.0211  0.0209  0.0207  0.0206
  0.0291  0.0290  0.0287  0.0287  0.0260  0.0228  0.0205  0.0205  0.0205  0.0203  0.0203  0.0203
  0.0293  0.0287  0.0292  0.0325  0.0292  0.0269  0.0207  0.0208  0.0203  0.0208  0.0204  0.0205
  0.0304  0.0291  0.0301  0.0372  0.0330  0.0319  0.0216  0.0225  0.0207  0.0225  0.0208  0.0211
  0.0324  0.0301  0.0315  0.0428  0.0373  0.0379  0.0232  0.0253  0.0217  0.0250  0.0216  0.0222
niter,ni,del,rscale     7    3    5.0000    1.2000
parameters
   -1.5219    3.9757    8.9053   -9.8578  -12.2935  -10.7322
   -6.0573   -3.5472    6.5424    6.0990    2.6776  -12.1384
eta,q 0.97967 11.48162
  0.0242  0.0241  0.0226  0.0254  0.0224  0.0246  0.0230  0.0250  0.0223  0.0245  0.0219  0.0222
  0.0220  0.0222  0.0214  0.0230  0.0209  0.0226  0.0216  0.0227  0.0213  0.0223  0.0211  0.0213
  0.0207  0.0209  0.0205  0.0211  0.0201  0.0211  0.0207  0.0210  0.0206  0.0209  0.0206  0.0206
  0.0203  0.0203  0.0202  0.0202  0.0203  0.0201  0.0204  0.0204  0.0204  0.0204  0.0203  0.0203
  0.0208  0.0203  0.0204  0.0209  0.0218  0.0205  0.0208  0.0210  0.0206  0.0205  0.0205  0.0205
  0.0223  0.0211  0.0212  0.0236  0.0246  0.0242  0.0220  0.0228  0.0213  0.0217  0.0209  0.0211
  0.0246  0.0225  0.0225  0.0281  0.0284  0.0294  0.0237  0.0255  0.0224  0.0239  0.0216  0.0220
niter,ni,del,rscale     6    3    5.0000    1.2000
parameters
   -1.5009    4.1041    8.8830   -9.5226  -12.5136  -10.9640
   -6.0505   -3.5868    6.4597    6.1825    2.6983  -12.2150
eta,q 0.97966 11.47513
  0.0243  0.0232  0.0223  0.0259  0.0242  0.0255  0.0233  0.0251  0.0222  0.0241  0.0218  0.0220
  0.0221  0.0217  0.0212  0.0236  0.0223  0.0232  0.0218  0.0227  0.0212  0.0220  0.0210  0.0211
  0.0208  0.0207  0.0205  0.0216  0.0209  0.0215  0.0208  0.0210  0.0206  0.0208  0.0205  0.0205
  0.0203  0.0203  0.0203  0.0203  0.0203  0.0203  0.0203  0.0203  0.0203  0.0203  0.0203  0.0203
  0.0208  0.0206  0.0206  0.0203  0.0205  0.0200  0.0207  0.0209  0.0206  0.0206  0.0205  0.0205
  0.0220  0.0214  0.0213  0.0222  0.0222  0.0225  0.0217  0.0227  0.0212  0.0219  0.0210  0.0212
  0.0241  0.0227  0.0224  0.0260  0.0250  0.0274  0.0234  0.0254  0.0223  0.0240  0.0218  0.0221
niter,ni,del,rscale     5    3    5.0000    1.2000
parameters
   -1.5110    4.1482    8.8478   -9.4753  -12.5197  -10.9991
   -6.0239   -3.6006    6.4467    6.2491    2.7013  -12.2867
eta,q 0.97966 11.47634
  0.0242  0.0230  0.0223  0.0257  0.0244  0.0257  0.0233  0.0251  0.0222  0.0241  0.0217  0.0220
  0.0221  0.0216  0.0212  0.0235  0.0224  0.0233  0.0218  0.0227  0.0212  0.0220  0.0210  0.0211
  0.0208  0.0206  0.0205  0.0215  0.0210  0.0216  0.0208  0.0210  0.0206  0.0208  0.0205  0.0205
  0.0203  0.0203  0.0203  0.0203  0.0203  0.0203  0.0203  0.0203  0.0203  0.0203  0.0203  0.0203
  0.0208  0.0206  0.0206  0.0205  0.0205  0.0200  0.0206  0.0209  0.0205  0.0206  0.0205  0.0205
  0.0221  0.0215  0.0213  0.0225  0.0220  0.0223  0.0217  0.0226  0.0212  0.0219  0.0210  0.0212
  0.0242  0.0228  0.0224  0.0265  0.0248  0.0271  0.0233  0.0253  0.0223  0.0240  0.0218  0.0221
niter,ni,del,rscale     4    3    5.0000    1.2000
parameters
   -1.5135    4.1649    8.8299   -9.4694  -12.5283  -11.0029
   -6.0144   -3.6073    6.4427    6.2835    2.6983  -12.3271
eta,q 0.97967 11.47648
  0.0242  0.0229  0.0223  0.0257  0.0244  0.0257  0.0233  0.0251  0.0222  0.0240  0.0217  0.0220
  0.0221  0.0215  0.0212  0.0234  0.0224  0.0233  0.0218  0.0228  0.0212  0.0220  0.0210  0.0212
  0.0208  0.0206  0.0206  0.0215  0.0210  0.0216  0.0207  0.0210  0.0206  0.0208  0.0205  0.0205
  0.0203  0.0203  0.0203  0.0203  0.0203  0.0203  0.0203  0.0203  0.0203  0.0203  0.0203  0.0203
  0.0208  0.0206  0.0206  0.0205  0.0205  0.0200  0.0206  0.0209  0.0205  0.0206  0.0205  0.0205
  0.0221  0.0215  0.0213  0.0226  0.0220  0.0222  0.0217  0.0226  0.0212  0.0219  0.0210  0.0211
  0.0242  0.0228  0.0223  0.0266  0.0248  0.0270  0.0234  0.0253  0.0223  0.0240  0.0218  0.0221
registration optimization eta report
parameter search radius
    2.4000    2.4000    2.4000    9.5220    9.5220    9.5220
    7.2000    7.2000    7.2000    8.2800    7.2000    7.2000
100000*second partial in parameter space
       67.       44.       34.        6.        5.        7.
        6.        9.        4.        5.        3.        3.
  0.0242  0.0229  0.0223  0.0257  0.0244  0.0257  0.0233  0.0251  0.0222  0.0240  0.0217  0.0220
  0.0221  0.0215  0.0212  0.0234  0.0224  0.0233  0.0218  0.0228  0.0212  0.0220  0.0210  0.0212
  0.0208  0.0206  0.0206  0.0215  0.0210  0.0216  0.0207  0.0210  0.0206  0.0208  0.0205  0.0205
  0.0203  0.0203  0.0203  0.0203  0.0203  0.0203  0.0203  0.0203  0.0203  0.0203  0.0203  0.0203
  0.0208  0.0206  0.0206  0.0205  0.0205  0.0200  0.0206  0.0209  0.0205  0.0206  0.0205  0.0205
  0.0221  0.0215  0.0213  0.0226  0.0220  0.0222  0.0217  0.0226  0.0212  0.0219  0.0210  0.0211
  0.0242  0.0228  0.0223  0.0266  0.0248  0.0270  0.0234  0.0253  0.0223  0.0240  0.0218  0.0221
   -1.5135    4.1649    8.8299   -9.4694  -12.5283  -11.0029
   -6.0144   -3.6073    6.4427    6.2835    2.6983  -12.3271
eta,q 0.97967 11.47648

---------------------------------------------------------------------
imgreg_4dfp /opt/freesurfer/average/711-2C_as_mni_average_305 /opt/freesurfer/average/711-2B_as_mni_average_305_mask talsrcimg_g11 none talsrcimg_to_711-2C_as_mni_average_305_t4 2311
---------------------------------------------------------------------

freesurfer imgreg_4dfp.c
/opt/freesurfer/average/711-2C_as_mni_average_305.4dfp.img
       256       256       256         1
  1.000000  1.000000  1.000000
orientation T byte_order littleendian
Reading image: /opt/freesurfer/average/711-2C_as_mni_average_305.4dfp.img
dimensions:      256       256       256
mmppix:       1.0000   -1.0000   -1.0000
center:     128.0000 -129.0000 -129.0000
/opt/freesurfer/average/711-2B_as_mni_average_305_mask.4dfp.img
       256       256       256         1
  1.000000  1.000000  1.000000
orientation T byte_order littleendian
Reading mask: /opt/freesurfer/average/711-2B_as_mni_average_305_mask.4dfp.img (2306576 pixels)
talsrcimg_g11.4dfp.img
       256       256       256         1
  1.000000  1.000000  1.000000
orientation T byte_order littleendian
Reading image: talsrcimg_g11.4dfp.img
dimensions:      256       256       256
mmppix:       1.0000   -1.0000   -1.0000
center:     128.0000 -129.0000 -129.0000
fimgreg.f
image alignment mode   2311 decimal      907 hex
parameters
   -1.5135    4.1649    8.8299   -9.4694  -12.5283  -11.0029
   -6.0144   -3.6073    6.4427    6.2835    2.6983  -12.3271
eta,q 0.97967 11.47648
niter,ni,del,rscale     5    3    5.0000    0.8000
parameters
   -1.5155    4.1557    8.8194   -8.4452  -11.9659   -9.4079
   -5.7973   -3.5907    6.4179    6.2579    2.4804  -12.6916
eta,q 0.98010 11.60630
  0.0221  0.0215  0.0212  0.0224  0.0215  0.0223  0.0214  0.0225  0.0208  0.0213  0.0206  0.0207
  0.0211  0.0208  0.0207  0.0215  0.0209  0.0215  0.0206  0.0212  0.0203  0.0206  0.0202  0.0202
  0.0205  0.0205  0.0204  0.0208  0.0205  0.0207  0.0201  0.0202  0.0200  0.0201  0.0200  0.0200
  0.0203  0.0203  0.0203  0.0203  0.0202  0.0202  0.0199  0.0199  0.0199  0.0199  0.0199  0.0199
  0.0205  0.0205  0.0204  0.0202  0.0202  0.0199  0.0200  0.0202  0.0200  0.0200  0.0200  0.0201
  0.0211  0.0209  0.0208  0.0205  0.0205  0.0200  0.0204  0.0211  0.0203  0.0205  0.0203  0.0204
  0.0221  0.0215  0.0213  0.0213  0.0211  0.0208  0.0212  0.0226  0.0209  0.0214  0.0208  0.0210
niter,ni,del,rscale     4    3    5.0000    0.7000
parameters
   -1.5585    4.1574    8.9937   -8.7104  -12.1553   -9.3384
   -5.7529   -3.5723    6.4892    6.4215    2.4479  -12.5588
eta,q 0.98013 11.59026
  0.0212  0.0209  0.0209  0.0211  0.0207  0.0213  0.0210  0.0219  0.0206  0.0210  0.0205  0.0206
  0.0205  0.0203  0.0204  0.0204  0.0203  0.0207  0.0204  0.0209  0.0202  0.0204  0.0202  0.0202
  0.0200  0.0200  0.0201  0.0200  0.0200  0.0202  0.0200  0.0201  0.0200  0.0201  0.0200  0.0200
  0.0199  0.0199  0.0199  0.0199  0.0199  0.0199  0.0199  0.0199  0.0199  0.0199  0.0199  0.0199
  0.0201  0.0200  0.0199  0.0201  0.0200  0.0199  0.0200  0.0201  0.0199  0.0199  0.0200  0.0199
  0.0206  0.0203  0.0201  0.0206  0.0203  0.0203  0.0204  0.0208  0.0202  0.0203  0.0202  0.0202
  0.0214  0.0209  0.0205  0.0215  0.0209  0.0215  0.0210  0.0219  0.0206  0.0209  0.0205  0.0205
niter,ni,del,rscale     3    3    5.0000    0.6000
parameters
   -1.5568    4.1566    9.0274   -8.6576  -12.1466   -9.1905
   -5.7432   -3.5533    6.5193    6.4189    2.4450  -12.5596
eta,q 0.98014 11.59800
  0.0209  0.0206  0.0205  0.0209  0.0205  0.0210  0.0207  0.0214  0.0204  0.0207  0.0203  0.0204
  0.0203  0.0202  0.0202  0.0204  0.0202  0.0205  0.0202  0.0206  0.0201  0.0202  0.0201  0.0201
  0.0200  0.0200  0.0200  0.0200  0.0200  0.0201  0.0200  0.0201  0.0199  0.0200  0.0199  0.0199
  0.0199  0.0199  0.0199  0.0199  0.0199  0.0199  0.0199  0.0199  0.0199  0.0199  0.0199  0.0199
  0.0200  0.0200  0.0199  0.0200  0.0199  0.0199  0.0199  0.0200  0.0199  0.0199  0.0199  0.0199
  0.0203  0.0202  0.0201  0.0203  0.0201  0.0202  0.0202  0.0205  0.0201  0.0202  0.0201  0.0201
  0.0209  0.0206  0.0204  0.0209  0.0205  0.0210  0.0207  0.0214  0.0204  0.0207  0.0203  0.0204
niter,ni,del,rscale     2    3    5.0000    0.5000
parameters
   -1.5569    4.1535    9.0427   -8.6441  -12.1355   -9.0447
   -5.7229   -3.5432    6.5194    6.4388    2.4455  -12.5851
eta,q 0.98015 11.60436
  0.0206  0.0204  0.0203  0.0206  0.0203  0.0207  0.0204  0.0209  0.0202  0.0204  0.0202  0.0202
  0.0202  0.0201  0.0201  0.0202  0.0201  0.0203  0.0201  0.0204  0.0200  0.0201  0.0200  0.0200
  0.0199  0.0199  0.0199  0.0200  0.0199  0.0200  0.0199  0.0200  0.0199  0.0199  0.0199  0.0199
  0.0199  0.0199  0.0199  0.0199  0.0199  0.0199  0.0199  0.0198  0.0199  0.0199  0.0198  0.0198
  0.0199  0.0199  0.0199  0.0199  0.0199  0.0199  0.0199  0.0200  0.0199  0.0199  0.0199  0.0199
  0.0202  0.0201  0.0200  0.0202  0.0200  0.0201  0.0201  0.0203  0.0200  0.0201  0.0200  0.0200
  0.0206  0.0204  0.0203  0.0206  0.0203  0.0206  0.0204  0.0209  0.0202  0.0204  0.0202  0.0202
niter,ni,del,rscale     1    3    5.0000    0.4000
parameters
   -1.5546    4.1556    9.0584   -8.6469  -12.1402   -8.9217
   -5.6924   -3.5327    6.5462    6.4652    2.4575  -12.6380
eta,q 0.98015 11.60882
  0.0203  0.0202  0.0201  0.0203  0.0201  0.0204  0.0202  0.0206  0.0201  0.0202  0.0201  0.0201
  0.0201  0.0200  0.0200  0.0201  0.0200  0.0201  0.0200  0.0202  0.0200  0.0200  0.0199  0.0199
  0.0199  0.0199  0.0199  0.0199  0.0199  0.0199  0.0199  0.0199  0.0199  0.0199  0.0199  0.0199
  0.0198  0.0198  0.0198  0.0199  0.0199  0.0199  0.0198  0.0198  0.0198  0.0198  0.0198  0.0198
  0.0199  0.0199  0.0199  0.0199  0.0199  0.0199  0.0199  0.0199  0.0199  0.0199  0.0199  0.0199
  0.0201  0.0200  0.0200  0.0200  0.0200  0.0200  0.0200  0.0202  0.0199  0.0200  0.0199  0.0200
  0.0203  0.0202  0.0201  0.0203  0.0201  0.0203  0.0202  0.0205  0.0201  0.0202  0.0201  0.0201
registration optimization eta report
parameter search radius
    0.8000    0.8000    0.8000    2.4000    2.4000    2.4000
    2.4000    2.4000    2.4000    2.4000    2.4000    2.4000
100000*second partial in parameter space
       73.       50.       43.        8.        5.        9.
        6.       12.        4.        7.        4.        4.
  0.0203  0.0202  0.0201  0.0203  0.0201  0.0204  0.0202  0.0206  0.0201  0.0202  0.0201  0.0201
  0.0201  0.0200  0.0200  0.0201  0.0200  0.0201  0.0200  0.0202  0.0200  0.0200  0.0199  0.0199
  0.0199  0.0199  0.0199  0.0199  0.0199  0.0199  0.0199  0.0199  0.0199  0.0199  0.0199  0.0199
  0.0198  0.0198  0.0198  0.0199  0.0199  0.0199  0.0198  0.0198  0.0198  0.0198  0.0198  0.0198
  0.0199  0.0199  0.0199  0.0199  0.0199  0.0199  0.0199  0.0199  0.0199  0.0199  0.0199  0.0199
  0.0201  0.0200  0.0200  0.0200  0.0200  0.0200  0.0200  0.0202  0.0199  0.0200  0.0199  0.0200
  0.0203  0.0202  0.0201  0.0203  0.0201  0.0203  0.0202  0.0205  0.0201  0.0202  0.0201  0.0201
   -1.5546    4.1556    9.0584   -8.6469  -12.1402   -8.9217
   -5.6924   -3.5327    6.5462    6.4652    2.4575  -12.6380
eta,q 0.98015 11.60882

---------------------------------------------------------------------
imgreg_4dfp /opt/freesurfer/average/711-2C_as_mni_average_305 /opt/freesurfer/average/711-2B_as_mni_average_305_mask talsrcimg_g11 none talsrcimg_to_711-2C_as_mni_average_305_t4 2311
---------------------------------------------------------------------

freesurfer imgreg_4dfp.c
/opt/freesurfer/average/711-2C_as_mni_average_305.4dfp.img
       256       256       256         1
  1.000000  1.000000  1.000000
orientation T byte_order littleendian
Reading image: /opt/freesurfer/average/711-2C_as_mni_average_305.4dfp.img
dimensions:      256       256       256
mmppix:       1.0000   -1.0000   -1.0000
center:     128.0000 -129.0000 -129.0000
/opt/freesurfer/average/711-2B_as_mni_average_305_mask.4dfp.img
       256       256       256         1
  1.000000  1.000000  1.000000
orientation T byte_order littleendian
Reading mask: /opt/freesurfer/average/711-2B_as_mni_average_305_mask.4dfp.img (2306576 pixels)
talsrcimg_g11.4dfp.img
       256       256       256         1
  1.000000  1.000000  1.000000
orientation T byte_order littleendian
Reading image: talsrcimg_g11.4dfp.img
dimensions:      256       256       256
mmppix:       1.0000   -1.0000   -1.0000
center:     128.0000 -129.0000 -129.0000
fimgreg.f
image alignment mode   2311 decimal      907 hex
parameters
   -1.5546    4.1556    9.0584   -8.6469  -12.1402   -8.9217
   -5.6924   -3.5327    6.5462    6.4652    2.4575  -12.6380
eta,q 0.98015 11.60883
niter,ni,del,rscale     5    3    5.0000    0.8000
parameters
   -1.5491    4.1718    9.0521   -8.8990  -12.3569   -9.4358
   -5.8093   -3.5747    6.5292    6.4169    2.4526  -12.4743
eta,q 0.98010 11.56964
  0.0217  0.0211  0.0209  0.0214  0.0209  0.0214  0.0212  0.0225  0.0208  0.0213  0.0207  0.0208
  0.0207  0.0204  0.0203  0.0206  0.0203  0.0207  0.0205  0.0211  0.0203  0.0205  0.0203  0.0204
  0.0201  0.0200  0.0200  0.0200  0.0200  0.0201  0.0201  0.0202  0.0200  0.0201  0.0200  0.0200
  0.0198  0.0198  0.0198  0.0198  0.0198  0.0199  0.0199  0.0199  0.0199  0.0199  0.0199  0.0199
  0.0201  0.0200  0.0200  0.0200  0.0200  0.0200  0.0201  0.0202  0.0200  0.0200  0.0200  0.0200
  0.0207  0.0204  0.0203  0.0207  0.0204  0.0209  0.0206  0.0211  0.0203  0.0205  0.0203  0.0203
  0.0217  0.0211  0.0209  0.0219  0.0212  0.0228  0.0214  0.0226  0.0208  0.0214  0.0207  0.0207
niter,ni,del,rscale     4    3    5.0000    0.7000
parameters
   -1.5532    4.1516    9.0335   -8.6858  -12.1902   -9.3584
   -5.7873   -3.5634    6.5176    6.3688    2.4466  -12.4835
eta,q 0.98012 11.58801
  0.0213  0.0208  0.0207  0.0213  0.0208  0.0213  0.0210  0.0219  0.0206  0.0209  0.0205  0.0206
  0.0205  0.0203  0.0202  0.0206  0.0204  0.0207  0.0204  0.0208  0.0202  0.0204  0.0202  0.0202
  0.0201  0.0200  0.0200  0.0201  0.0200  0.0202  0.0200  0.0201  0.0200  0.0200  0.0200  0.0200
  0.0199  0.0199  0.0199  0.0199  0.0199  0.0199  0.0199  0.0199  0.0199  0.0199  0.0199  0.0199
  0.0201  0.0200  0.0200  0.0200  0.0199  0.0199  0.0200  0.0201  0.0200  0.0200  0.0199  0.0200
  0.0205  0.0203  0.0203  0.0204  0.0202  0.0203  0.0204  0.0208  0.0202  0.0204  0.0202  0.0202
  0.0213  0.0209  0.0207  0.0212  0.0207  0.0215  0.0210  0.0219  0.0206  0.0210  0.0205  0.0206
niter,ni,del,rscale     3    3    5.0000    0.6000
parameters
   -1.5563    4.1462    9.0370   -8.6513  -12.1351   -9.1925
   -5.7504   -3.5519    6.5212    6.3845    2.4489  -12.5240
eta,q 0.98014 11.59821
  0.0209  0.0206  0.0205  0.0209  0.0205  0.0210  0.0207  0.0214  0.0204  0.0207  0.0203  0.0204
  0.0203  0.0202  0.0202  0.0204  0.0202  0.0205  0.0202  0.0206  0.0201  0.0202  0.0201  0.0201
  0.0200  0.0200  0.0200  0.0200  0.0200  0.0201  0.0200  0.0201  0.0199  0.0200  0.0199  0.0199
  0.0199  0.0199  0.0199  0.0199  0.0199  0.0199  0.0199  0.0199  0.0199  0.0199  0.0199  0.0199
  0.0200  0.0200  0.0199  0.0200  0.0199  0.0199  0.0199  0.0200  0.0199  0.0199  0.0199  0.0199
  0.0204  0.0202  0.0201  0.0203  0.0201  0.0202  0.0202  0.0205  0.0201  0.0202  0.0201  0.0201
  0.0209  0.0206  0.0205  0.0209  0.0205  0.0210  0.0207  0.0214  0.0204  0.0207  0.0203  0.0204
niter,ni,del,rscale     2    3    5.0000    0.5000
parameters
   -1.5556    4.1454    9.0471   -8.6451  -12.1356   -9.0406
   -5.7259   -3.5453    6.5298    6.4233    2.4575  -12.5863
eta,q 0.98015 11.60431
  0.0206  0.0204  0.0203  0.0206  0.0203  0.0207  0.0204  0.0209  0.0202  0.0204  0.0202  0.0202
  0.0202  0.0201  0.0201  0.0202  0.0201  0.0203  0.0201  0.0204  0.0200  0.0201  0.0200  0.0200
  0.0199  0.0199  0.0199  0.0199  0.0199  0.0200  0.0199  0.0200  0.0199  0.0199  0.0199  0.0199
  0.0199  0.0199  0.0199  0.0199  0.0199  0.0199  0.0199  0.0198  0.0198  0.0199  0.0198  0.0198
  0.0199  0.0199  0.0199  0.0199  0.0199  0.0199  0.0199  0.0200  0.0199  0.0199  0.0199  0.0199
  0.0202  0.0201  0.0200  0.0202  0.0200  0.0201  0.0201  0.0203  0.0200  0.0201  0.0200  0.0200
  0.0206  0.0204  0.0203  0.0206  0.0203  0.0206  0.0204  0.0209  0.0202  0.0204  0.0202  0.0202
niter,ni,del,rscale     1    3    5.0000    0.4000
parameters
   -1.5539    4.1540    9.0567   -8.6428  -12.1405   -8.9183
   -5.7011   -3.5379    6.5357    6.4659    2.4599  -12.6452
eta,q 0.98016 11.60906
  0.0203  0.0202  0.0201  0.0203  0.0201  0.0204  0.0202  0.0206  0.0201  0.0202  0.0201  0.0201
  0.0201  0.0200  0.0200  0.0201  0.0200  0.0201  0.0200  0.0202  0.0200  0.0200  0.0199  0.0199
  0.0199  0.0199  0.0199  0.0199  0.0199  0.0199  0.0199  0.0199  0.0199  0.0199  0.0199  0.0199
  0.0198  0.0199  0.0198  0.0199  0.0198  0.0198  0.0198  0.0198  0.0198  0.0198  0.0198  0.0198
  0.0199  0.0199  0.0199  0.0199  0.0199  0.0199  0.0199  0.0199  0.0199  0.0199  0.0199  0.0199
  0.0201  0.0200  0.0200  0.0200  0.0200  0.0200  0.0200  0.0202  0.0200  0.0200  0.0199  0.0200
  0.0203  0.0202  0.0201  0.0203  0.0201  0.0203  0.0202  0.0206  0.0201  0.0202  0.0201  0.0201
registration optimization eta report
parameter search radius
    0.8000    0.8000    0.8000    2.4000    2.4000    2.4000
    2.4000    2.4000    2.4000    2.4000    2.4000    2.4000
100000*second partial in parameter space
       73.       50.       43.        8.        5.        9.
        6.       12.        4.        7.        4.        4.
  0.0203  0.0202  0.0201  0.0203  0.0201  0.0204  0.0202  0.0206  0.0201  0.0202  0.0201  0.0201
  0.0201  0.0200  0.0200  0.0201  0.0200  0.0201  0.0200  0.0202  0.0200  0.0200  0.0199  0.0199
  0.0199  0.0199  0.0199  0.0199  0.0199  0.0199  0.0199  0.0199  0.0199  0.0199  0.0199  0.0199
  0.0198  0.0199  0.0198  0.0199  0.0198  0.0198  0.0198  0.0198  0.0198  0.0198  0.0198  0.0198
  0.0199  0.0199  0.0199  0.0199  0.0199  0.0199  0.0199  0.0199  0.0199  0.0199  0.0199  0.0199
  0.0201  0.0200  0.0200  0.0200  0.0200  0.0200  0.0200  0.0202  0.0200  0.0200  0.0199  0.0200
  0.0203  0.0202  0.0201  0.0203  0.0201  0.0203  0.0202  0.0206  0.0201  0.0202  0.0201  0.0201
   -1.5539    4.1540    9.0567   -8.6428  -12.1405   -8.9183
   -5.7011   -3.5379    6.5357    6.4659    2.4599  -12.6452
eta,q 0.98016 11.60906

---------------------------------------------------------------------
compute_vox2vox talsrcimg talsrcimg_to_711-2C_as_mni_average_305_t4 /opt/freesurfer/average/711-2C_as_mni_average_305
---------------------------------------------------------------------

freesurfer compute_vox2vox.c
Reading: talsrcimg.4dfp.ifh
Reading: talsrcimg_to_711-2C_as_mni_average_305_t4
Reading: /opt/freesurfer/average/711-2C_as_mni_average_305.4dfp.ifh
Writing: talsrcimg_to_711-2C_as_mni_average_305_t4_vox2vox.txt

start time Sat Mar 14 00:09:34 CET 2026
end		time Sat Mar 14 00:09:47 CET 2026

mpr2mni305 success

avi2talxfm orig_nu.mgz /opt/freesurfer/average/mni305.cor.mgz talsrcimg_to_711-2C_as_mni_average_305_t4_vox2vox.txt transforms/talairach.auto.xfm
avi2talxfm done
mv -f /out/sourcedata/freesurfer/sub-v2s8x29189_ses-1/mri/talsrcimg_to_711-2C_as_mni_average_305_t4_vox2vox.txt /out/sourcedata/freesurfer/sub-v2s8x29189_ses-1/mri/transforms/talsrcimg_to_711-2C_as_mni_average_305_t4_vox2vox.txt
lta_convert --src orig_nu.mgz --trg /opt/freesurfer/average/mni305.cor.mgz --inxfm transforms/talairach.auto.xfm --outlta transforms/talairach.auto.xfm.lta --subject fsaverage
7.3.2

--src: orig_nu.mgz src image (geometry).
--trg: /opt/freesurfer/average/mni305.cor.mgz trg image (geometry).
--inmni: transforms/talairach.auto.xfm input MNI/XFM transform.
--outlta: transforms/talairach.auto.xfm.lta output LTA.
--s: fsaverage subject name
 LTA read, type : 1
 1.08818   0.03688   0.07592   22.74952;
-0.04022   1.08545   0.15361   1.36711;
-0.07799  -0.08263   1.12123  -6.90994;
 0.00000   0.00000   0.00000   1.00000;
setting subject to fsaverage
Writing  LTA to file transforms/talairach.auto.xfm.lta...
lta_convert successful.
 
 
Started at Sat Mar 14 00:09:33 CET 2026
Ended   at Sat Mar 14 00:09:47 CET 2026
talairach_avi done
