status file for recon-all
Sat Mar 14 00:51:45 CET 2026
#@# MotionCor Sat Mar 14 00:51:46 CET 2026
#@# Talairach Sat Mar 14 00:51:52 CET 2026
#@# Talairach Failure Detection Sat Mar 14 00:54:42 CET 2026
#@# Nu Intensity Correction Sat Mar 14 00:54:42 CET 2026
#@# Intensity Normalization Sat Mar 14 00:57:29 CET 2026
recon-all -s sub-v2s8x29200_ses-1 finished without error at Sat Mar 14 00:58:26 CET 2026



#New# invocation of recon-all 



status file for recon-all
Sat Mar 14 01:04:29 CET 2026
#@# EM Registration Sat Mar 14 01:04:29 CET 2026
recon-all -s sub-v2s8x29200_ses-1 finished without error at Sat Mar 14 01:06:15 CET 2026



#New# invocation of recon-all 



status file for recon-all
Sat Mar 14 01:06:17 CET 2026
#@# CA Normalize Sat Mar 14 01:06:17 CET 2026
#@# CA Reg Sat Mar 14 01:07:10 CET 2026
#@# SubCort Seg Sat Mar 14 01:57:39 CET 2026
#@# CC Seg Sat Mar 14 02:15:33 CET 2026
#@# Merge ASeg Sat Mar 14 02:16:00 CET 2026
#@# Intensity Normalization2 Sat Mar 14 02:16:00 CET 2026
#@# Mask BFS Sat Mar 14 02:17:24 CET 2026
#@# WM Segmentation Sat Mar 14 02:17:25 CET 2026
#@# Fill Sat Mar 14 02:18:54 CET 2026
recon-all -s sub-v2s8x29200_ses-1 finished without error at Sat Mar 14 02:19:32 CET 2026



#New# invocation of recon-all 



status file for recon-all
Sat Mar 14 02:58:20 CET 2026
#@# white curv lh Sat Mar 14 02:58:20 CET 2026
#@# white area lh Sat Mar 14 02:58:20 CET 2026
#@# pial curv lh Sat Mar 14 02:58:20 CET 2026
#@# pial area lh Sat Mar 14 02:58:20 CET 2026
#@# thickness lh Sat Mar 14 02:58:20 CET 2026
#@# area and vertex vol lh Sat Mar 14 02:58:20 CET 2026
#@# white curv rh Sat Mar 14 02:58:20 CET 2026
#@# white area rh Sat Mar 14 02:58:20 CET 2026
#@# pial curv rh Sat Mar 14 02:58:20 CET 2026
#@# pial area rh Sat Mar 14 02:58:20 CET 2026
#@# thickness rh Sat Mar 14 02:58:20 CET 2026
#@# area and vertex vol rh Sat Mar 14 02:58:20 CET 2026
#@# Cortical ribbon mask Sat Mar 14 02:58:20 CET 2026
recon-all -s sub-v2s8x29200_ses-1 finished without error at Sat Mar 14 03:01:34 CET 2026



#New# invocation of recon-all 



status file for recon-all
Sat Mar 14 03:06:30 CET 2026
#@# white curv lh Sat Mar 14 03:06:30 CET 2026
#@# white area lh Sat Mar 14 03:06:31 CET 2026
#@# pial curv lh Sat Mar 14 03:06:31 CET 2026
#@# pial area lh Sat Mar 14 03:06:31 CET 2026
#@# thickness lh Sat Mar 14 03:06:31 CET 2026
#@# area and vertex vol lh Sat Mar 14 03:06:31 CET 2026
#@# white curv rh Sat Mar 14 03:06:31 CET 2026
#@# white area rh Sat Mar 14 03:06:31 CET 2026
#@# pial curv rh Sat Mar 14 03:06:31 CET 2026
#@# pial area rh Sat Mar 14 03:06:31 CET 2026
#@# thickness rh Sat Mar 14 03:06:31 CET 2026
#@# area and vertex vol rh Sat Mar 14 03:06:31 CET 2026
#@# Curvature Stats lh Sat Mar 14 03:06:31 CET 2026
#@# Curvature Stats rh Sat Mar 14 03:06:32 CET 2026
#@# Relabel Hypointensities Sat Mar 14 03:06:34 CET 2026
#@# APas-to-ASeg Sat Mar 14 03:06:45 CET 2026
#@# AParc-to-ASeg aparc Sat Mar 14 03:06:51 CET 2026
#@# AParc-to-ASeg aparc.a2009s Sat Mar 14 03:07:11 CET 2026
#@# AParc-to-ASeg aparc.DKTatlas Sat Mar 14 03:07:31 CET 2026
#@# WMParc Sat Mar 14 03:07:52 CET 2026
#@# ASeg Stats Sat Mar 14 03:09:53 CET 2026
recon-all -s sub-v2s8x29200_ses-1 finished without error at Sat Mar 14 03:10:12 CET 2026
