status file for recon-all
Sat Mar 14 01:43:16 CET 2026
#@# Tessellate lh Sat Mar 14 01:43:16 CET 2026
#@# Smooth1 lh Sat Mar 14 01:43:18 CET 2026
#@# Inflation1 lh Sat Mar 14 01:43:20 CET 2026
#@# QSphere lh Sat Mar 14 01:43:26 CET 2026
#@# Fix Topology lh Sat Mar 14 01:43:57 CET 2026
#@# Smooth2 lh Sat Mar 14 01:47:34 CET 2026
#@# Inflation2 lh Sat Mar 14 01:47:36 CET 2026
#@# Curv .H and .K lh Sat Mar 14 01:47:42 CET 2026
#@# Sphere lh Sat Mar 14 01:48:12 CET 2026
#@# Surf Reg lh Sat Mar 14 01:49:16 CET 2026
#@# Jacobian white lh Sat Mar 14 01:50:47 CET 2026
#@# AvgCurv lh Sat Mar 14 01:50:48 CET 2026
#@# Cortical Parc lh Sat Mar 14 01:50:48 CET 2026
#@# white curv lh Sat Mar 14 01:54:33 CET 2026
#@# white area lh Sat Mar 14 01:54:34 CET 2026
#@# pial curv lh Sat Mar 14 01:54:35 CET 2026
#@# pial area lh Sat Mar 14 01:54:36 CET 2026
#@# thickness lh Sat Mar 14 01:54:36 CET 2026
#@# area and vertex vol lh Sat Mar 14 01:54:51 CET 2026
#@# Curvature Stats lh Sat Mar 14 01:54:51 CET 2026
#@# Cortical Parc 2 lh Sat Mar 14 01:54:52 CET 2026
#@# Cortical Parc 3 lh Sat Mar 14 01:55:00 CET 2026
#@# WM/GM Contrast lh Sat Mar 14 01:55:06 CET 2026
recon-all -s sub-v2s8x29194_ses-1 finished without error at Sat Mar 14 01:55:08 CET 2026



#New# invocation of recon-all 



status file for recon-all
Sat Mar 14 02:11:36 CET 2026
#@# white curv lh Sat Mar 14 02:11:36 CET 2026
#@# white area lh Sat Mar 14 02:11:36 CET 2026
#@# pial curv lh Sat Mar 14 02:11:36 CET 2026
#@# pial area lh Sat Mar 14 02:11:36 CET 2026
#@# thickness lh Sat Mar 14 02:11:36 CET 2026
#@# area and vertex vol lh Sat Mar 14 02:11:36 CET 2026
#@# Parcellation Stats lh Sat Mar 14 02:11:36 CET 2026
#@# Parcellation Stats 2 lh Sat Mar 14 02:11:47 CET 2026
#@# Parcellation Stats 3 lh Sat Mar 14 02:11:52 CET 2026
#@# BA_exvivo Labels lh Sat Mar 14 02:11:57 CET 2026
recon-all -s sub-v2s8x29194_ses-1 finished without error at Sat Mar 14 02:13:28 CET 2026
