status file for recon-all
Sat Mar 14 01:55:10 CET 2026
#@# Tessellate rh Sat Mar 14 01:55:10 CET 2026
#@# Smooth1 rh Sat Mar 14 01:55:12 CET 2026
#@# Inflation1 rh Sat Mar 14 01:55:14 CET 2026
#@# QSphere rh Sat Mar 14 01:55:20 CET 2026
#@# Fix Topology rh Sat Mar 14 01:55:50 CET 2026
#@# Smooth2 rh Sat Mar 14 02:00:38 CET 2026
#@# Inflation2 rh Sat Mar 14 02:00:40 CET 2026
#@# Curv .H and .K rh Sat Mar 14 02:00:46 CET 2026
#@# Sphere rh Sat Mar 14 02:01:15 CET 2026
#@# Surf Reg rh Sat Mar 14 02:02:38 CET 2026
#@# Jacobian white rh Sat Mar 14 02:04:19 CET 2026
#@# AvgCurv rh Sat Mar 14 02:04:20 CET 2026
#@# Cortical Parc rh Sat Mar 14 02:04:20 CET 2026
#@# white curv rh Sat Mar 14 02:08:06 CET 2026
#@# white area rh Sat Mar 14 02:08:07 CET 2026
#@# pial curv rh Sat Mar 14 02:08:07 CET 2026
#@# pial area rh Sat Mar 14 02:08:08 CET 2026
#@# thickness rh Sat Mar 14 02:08:09 CET 2026
#@# area and vertex vol rh Sat Mar 14 02:08:26 CET 2026
#@# Curvature Stats rh Sat Mar 14 02:08:27 CET 2026
#@# Cortical Parc 2 rh Sat Mar 14 02:08:28 CET 2026
#@# Cortical Parc 3 rh Sat Mar 14 02:08:38 CET 2026
#@# WM/GM Contrast rh Sat Mar 14 02:08:43 CET 2026
recon-all -s sub-v2s8x29194_ses-1 finished without error at Sat Mar 14 02:08:45 CET 2026



#New# invocation of recon-all 



status file for recon-all
Sat Mar 14 02:13:30 CET 2026
#@# white curv rh Sat Mar 14 02:13:30 CET 2026
#@# white area rh Sat Mar 14 02:13:30 CET 2026
#@# pial curv rh Sat Mar 14 02:13:30 CET 2026
#@# pial area rh Sat Mar 14 02:13:30 CET 2026
#@# thickness rh Sat Mar 14 02:13:30 CET 2026
#@# area and vertex vol rh Sat Mar 14 02:13:30 CET 2026
#@# Parcellation Stats rh Sat Mar 14 02:13:30 CET 2026
#@# Parcellation Stats 2 rh Sat Mar 14 02:13:40 CET 2026
#@# Parcellation Stats 3 rh Sat Mar 14 02:13:44 CET 2026
#@# BA_exvivo Labels rh Sat Mar 14 02:13:49 CET 2026
recon-all -s sub-v2s8x29194_ses-1 finished without error at Sat Mar 14 02:15:18 CET 2026
