/out/sourcedata/freesurfer/sub-v2s8x29244_ses-1/mri
/opt/freesurfer/bin/talairach_avi
--i orig_nu.mgz --xfm transforms/talairach.auto.xfm
talairach_avi 7.3.2
Linux dna020 5.14.0-427.37.1.el9_4.x86_64 #1 SMP PREEMPT_DYNAMIC Fri Sep 13 12:41:50 EDT 2024 x86_64 x86_64 x86_64 GNU/Linux
Sat Mar 14 03:00:15 CET 2026
mri_convert orig_nu.mgz talsrcimg.img 
reading from orig_nu.mgz...
TR=0.00, TE=0.00, TI=0.00, flip angle=0.00
i_ras = (-1, 0, 0)
j_ras = (0, 0, -1)
k_ras = (0, 1, 0)
writing to talsrcimg.img...
Analyze Output Matrix
-1.00000   0.00000   0.00000   129.66513;
 0.00000   0.00000   1.00000  -138.12048;
 0.00000  -1.00000   0.00000   127.83133;
 0.00000   0.00000   0.00000   1.00000;
--------------------
INFO: set hdr.hist.orient to -1
mpr2mni305 talsrcimg
Sat Mar 14 03:00:15 CET 2026
/opt/freesurfer/bin/mpr2mni305 talsrcimg
mpr2mni305 7.3.2
target=711-2C_as_mni_average_305

---------------------------------------------------------------------
analyzeto4dfp talsrcimg -O0 -y
---------------------------------------------------------------------

freesurfer ifh2hdr.c
Sat Mar 14 03:00:16 2026
Writing: talsrcimg.4dfp.hdr
freesurfer analyzeto4dfp.c
Reading: talsrcimg.hdr
header size 348 bytes
hdr.dime.datatype	offset=70	value=2
hdr.dime.bitpix		offset=72	value=8
hdr.hist.orient		offset=252	value=-1
dimensionality     4
dimensions       256       256       256         1
Reading: talsrcimg.img
Writing: talsrcimg.4dfp.img
Writing: talsrcimg.4dfp.ifh
ifh2hdr talsrcimg -r0to214
ori=2

---------------------------------------------------------------------
gauss_4dfp talsrcimg 1.1
---------------------------------------------------------------------

freesurfer gauss_4dfp.c
Reading: talsrcimg.4dfp.img
Writing: talsrcimg_g11.4dfp.img
image dimensions 256 256 256 padded to 288 288 288
processing volume 1freesurfer ifh2hdr.c
Sat Mar 14 03:00:17 2026
Writing: talsrcimg_g11.4dfp.hdr

Writing: talsrcimg_g11.4dfp.ifh
including: talsrcimg.4dfp.img.rec in talsrcimg_g11.4dfp.img.rec

---------------------------------------------------------------------
imgreg_4dfp /opt/freesurfer/average/711-2C_as_mni_average_305 none talsrcimg_g11 none talsrcimg_to_711-2C_as_mni_average_305_t4 4355
---------------------------------------------------------------------

freesurfer imgreg_4dfp.c
/opt/freesurfer/average/711-2C_as_mni_average_305.4dfp.img
       256       256       256         1
  1.000000  1.000000  1.000000
orientation T byte_order littleendian
Reading image: /opt/freesurfer/average/711-2C_as_mni_average_305.4dfp.img
dimensions:      256       256       256
mmppix:       1.0000   -1.0000   -1.0000
center:     128.0000 -129.0000 -129.0000
talsrcimg_g11.4dfp.img
       256       256       256         1
  1.000000  1.000000  1.000000
orientation T byte_order littleendian
Reading image: talsrcimg_g11.4dfp.img
dimensions:      256       256       256
mmppix:       1.0000   -1.0000   -1.0000
center:     128.0000 -129.0000 -129.0000
t4_read: open error in t4_sub.f l:  41 t4_file(1:l)talsrcimg_to_711-2C_as_mni_average_305_t4 
t4_read: transform initialized to I4
rotation matrix determinant  1.000000
image alignment mode   4355 decimal     1103 hex
   -7.5000  -45.0000  -45.0000 8442.1553   19.4627
    0.0000  -45.0000  -45.0000 8781.1016   19.4526
    7.5000  -45.0000  -45.0000 8387.4648   19.4290
   -7.5000  -37.5000  -45.0000 8846.4062   19.4567
    0.0000  -37.5000  -45.0000 9210.3213   19.4412
    7.5000  -37.5000  -45.0000 8790.4609   19.4180
   -7.5000  -30.0000  -45.0000 9514.2666   19.4653
    0.0000  -30.0000  -45.0000 9918.0234   19.4500
    7.5000  -30.0000  -45.0000 9446.7852   19.4292
   -7.5000  -22.5000  -45.000010154.8936   19.4627
    0.0000  -22.5000  -45.000010566.9658   19.4567
    7.5000  -22.5000  -45.000010065.1709   19.4394
   -7.5000  -15.0000  -45.000010740.9170   19.4444
    0.0000  -15.0000  -45.000011192.0605   19.4459
    7.5000  -15.0000  -45.000010649.4902   19.4299
   -7.5000   -7.5000  -45.000011237.4385   19.4311
    0.0000   -7.5000  -45.000011716.2812   19.4286
    7.5000   -7.5000  -45.000011160.7246   19.4089
   -7.5000    0.0000  -45.000011648.0254   19.4352
    0.0000    0.0000  -45.000012133.7939   19.4250
    7.5000    0.0000  -45.000011571.5713   19.4018
   -7.5000    7.5000  -45.000011177.4277   19.4512
    0.0000    7.5000  -45.000011647.4580   19.4356
    7.5000    7.5000  -45.000011103.0156   19.4127
   -7.5000   15.0000  -45.000010543.4238   19.4652
    0.0000   15.0000  -45.000010981.0234   19.4500
    7.5000   15.0000  -45.000010445.3828   19.4292
   -7.5000   22.5000  -45.0000 9795.7559   19.4600
    0.0000   22.5000  -45.000010188.0088   19.4541
    7.5000   22.5000  -45.0000 9654.8789   19.4367
   -7.5000   30.0000  -45.0000 9040.7422   19.1856
    0.0000   30.0000  -45.0000 9374.7080   19.1871
    7.5000   30.0000  -45.0000 8896.1406   19.1713
   -7.5000   37.5000  -45.0000 8581.6953   19.1828
    0.0000   37.5000  -45.0000 8887.7646   19.1805
    7.5000   37.5000  -45.0000 8445.7275   19.1612
   -7.5000   45.0000  -45.0000 7736.4531   18.7598
    0.0000   45.0000  -45.0000 8005.7017   18.7502
    7.5000   45.0000  -45.0000 7618.6465   18.7280
   -7.5000  -45.0000  -37.5000 9017.8232   19.4168
    0.0000  -45.0000  -37.5000 9380.6123   19.3983
    7.5000  -45.0000  -37.5000 8927.2061   19.3819
   -7.5000  -37.5000  -37.5000 9437.8340   19.4102
    0.0000  -37.5000  -37.5000 9829.6357   19.3813
    7.5000  -37.5000  -37.5000 9347.5156   19.3618
   -7.5000  -30.0000  -37.500010142.8984   19.4251
    0.0000  -30.0000  -37.500010566.9395   19.3919
    7.5000  -30.0000  -37.500010040.4023   19.3719
   -7.5000  -22.5000  -37.500010812.5117   19.4278
    0.0000  -22.5000  -37.500011262.8193   19.4055
    7.5000  -22.5000  -37.500010670.7236   19.3910
   -7.5000  -15.0000  -37.500011413.1982   19.4098
    0.0000  -15.0000  -37.500011903.3389   19.4008
    7.5000  -15.0000  -37.500011257.7998   19.3914
   -7.5000   -7.5000  -37.500011898.4443   19.3916
    0.0000   -7.5000  -37.500012402.5205   19.3822
    7.5000   -7.5000  -37.500011756.1318   19.3706
   -7.5000    0.0000  -37.500012327.3828   19.3893
    0.0000    0.0000  -37.500012848.8340   19.3708
    7.5000    0.0000  -37.500012188.3184   19.3547
   -7.5000    7.5000  -37.500011826.5117   19.4046
    0.0000    7.5000  -37.500012324.7959   19.3758
    7.5000    7.5000  -37.500011704.7715   19.3564
   -7.5000   15.0000  -37.500011143.3232   19.4250
    0.0000   15.0000  -37.500011614.2070   19.3918
    7.5000   15.0000  -37.500011002.5068   19.3719
   -7.5000   22.5000  -37.500010317.0381   19.4252
    0.0000   22.5000  -37.500010722.4629   19.4028
    7.5000   22.5000  -37.500010150.3428   19.3883
   -7.5000   30.0000  -37.5000 9483.4688   19.1514
    0.0000   30.0000  -37.5000 9853.3018   19.1425
    7.5000   30.0000  -37.5000 9340.4219   19.1333
   -7.5000   37.5000  -37.5000 8969.4248   19.1441
    0.0000   37.5000  -37.5000 9325.4756   19.1349
    7.5000   37.5000  -37.5000 8846.9844   19.1235
   -7.5000   45.0000  -37.5000 8073.2871   18.7155
    0.0000   45.0000  -37.5000 8374.0508   18.6976
    7.5000   45.0000  -37.5000 7956.3564   18.6823
   -7.5000  -45.0000  -30.0000 9744.2432   20.2269
    0.0000  -45.0000  -30.000010138.6357   20.2052
    7.5000  -45.0000  -30.0000 9615.1680   20.1912
   -7.5000  -37.5000  -30.000010179.6416   20.2206
    0.0000  -37.5000  -30.000010607.9307   20.1867
    7.5000  -37.5000  -30.000010054.7754   20.1676
   -7.5000  -30.0000  -30.000010945.8037   20.2374
    0.0000  -30.0000  -30.000011416.2578   20.1956
    7.5000  -30.0000  -30.000010798.7822   20.1751
   -7.5000  -22.5000  -30.000011653.1689   20.2399
    0.0000  -22.5000  -30.000012144.9922   20.2070
    7.5000  -22.5000  -30.000011467.9785   20.1937
   -7.5000  -15.0000  -30.000012280.3213   20.2205
    0.0000  -15.0000  -30.000012811.9424   20.2026
    7.5000  -15.0000  -30.000012095.6523   20.1961
   -7.5000   -7.5000  -30.000012814.8867   20.2017
    0.0000   -7.5000  -30.000013363.0049   20.1871
    7.5000   -7.5000  -30.000012615.9609   20.1786
   -7.5000    0.0000  -30.000013239.7881   20.1985
    0.0000    0.0000  -30.000013787.9717   20.1768
    7.5000    0.0000  -30.000013022.0830   20.1630
   -7.5000    7.5000  -30.000012655.2764   20.2148
    0.0000    7.5000  -30.000013195.3076   20.1809
    7.5000    7.5000  -30.000012453.8252   20.1621
   -7.5000   15.0000  -30.000011905.6113   20.2374
    0.0000   15.0000  -30.000012405.0146   20.1956
    7.5000   15.0000  -30.000011709.1162   20.1751
   -7.5000   22.5000  -30.000010997.8389   20.2350
    0.0000   22.5000  -30.000011451.8877   20.2021
    7.5000   22.5000  -30.000010812.5791   20.1888
   -7.5000   30.0000  -30.000010066.1260   19.9535
    0.0000   30.0000  -30.000010484.0381   19.9357
    7.5000   30.0000  -30.0000 9916.5361   19.9294
   -7.5000   37.5000  -30.0000 9520.8037   19.9459
    0.0000   37.5000  -30.0000 9910.3643   19.9314
    7.5000   37.5000  -30.0000 9376.0518   19.9231
   -7.5000   45.0000  -30.0000 8551.9580   19.5103
    0.0000   45.0000  -30.0000 8852.7061   19.4892
    7.5000   45.0000  -30.0000 8407.8154   19.4762
   -7.5000  -45.0000  -22.500010472.5078   20.9574
    0.0000  -45.0000  -22.500010880.0234   20.9424
    7.5000  -45.0000  -22.500010293.8799   20.9233
   -7.5000  -37.5000  -22.500010929.3223   20.9508
    0.0000  -37.5000  -22.500011387.3760   20.9269
    7.5000  -37.5000  -22.500010751.1201   20.9042
   -7.5000  -30.0000  -22.500011728.8496   20.9600
    0.0000  -30.0000  -22.500012219.8887   20.9291
    7.5000  -30.0000  -22.500011534.2188   20.9060
   -7.5000  -22.5000  -22.500012490.0244   20.9545
    0.0000  -22.5000  -22.500013005.3193   20.9287
    7.5000  -22.5000  -22.500012266.9170   20.9121
   -7.5000  -15.0000  -22.500013163.5781   20.9350
    0.0000  -15.0000  -22.500013707.5742   20.9193
    7.5000  -15.0000  -22.500012916.4170   20.9075
   -7.5000   -7.5000  -22.500013716.9160   20.9236
    0.0000   -7.5000  -22.500014282.0723   20.9119
    7.5000   -7.5000  -22.500013422.6338   20.8973
   -7.5000    0.0000  -22.500014143.7617   20.9283
    0.0000    0.0000  -22.500014700.2002   20.9132
    7.5000    0.0000  -22.500013827.5703   20.8944
   -7.5000    7.5000  -22.500013470.2246   20.9449
    0.0000    7.5000  -22.500014016.6074   20.9210
    7.5000    7.5000  -22.500013190.3398   20.8985
   -7.5000   15.0000  -22.500012671.7617   20.9599
    0.0000   15.0000  -22.500013177.0518   20.9290
    7.5000   15.0000  -22.500012386.9170   20.9060
   -7.5000   22.5000  -22.500011700.5449   20.9481
    0.0000   22.5000  -22.500012170.6113   20.9222
    7.5000   22.5000  -22.500011421.9756   20.9056
   -7.5000   30.0000  -22.500010669.2041   20.6619
    0.0000   30.0000  -22.500011114.6055   20.6465
    7.5000   30.0000  -22.500010452.7314   20.6348
   -7.5000   37.5000  -22.500010076.2773   20.6616
    0.0000   37.5000  -22.500010485.8828   20.6500
    7.5000   37.5000  -22.5000 9877.7061   20.6358
   -7.5000   45.0000  -22.5000 9009.8340   20.2296
    0.0000   45.0000  -22.5000 9349.9639   20.2152
    7.5000   45.0000  -22.5000 8844.1279   20.1973
   -7.5000  -45.0000  -15.000011216.8477   21.4982
    0.0000  -45.0000  -15.000011644.1562   21.4923
    7.5000  -45.0000  -15.000011002.9482   21.4662
   -7.5000  -37.5000  -15.000011680.3379   21.4901
    0.0000  -37.5000  -15.000012149.0244   21.4802
    7.5000  -37.5000  -15.000011457.0254   21.4544
   -7.5000  -30.0000  -15.000012489.5293   21.4898
    0.0000  -30.0000  -15.000012986.8867   21.4769
    7.5000  -30.0000  -15.000012254.2852   21.4526
   -7.5000  -22.5000  -15.000013264.0000   21.4774
    0.0000  -22.5000  -15.000013794.4561   21.4672
    7.5000  -22.5000  -15.000013000.3994   21.4466
   -7.5000  -15.0000  -15.000013980.9717   21.4589
    0.0000  -15.0000  -15.000014533.7354   21.4530
    7.5000  -15.0000  -15.000013674.1885   21.4330
   -7.5000   -7.5000  -15.000014588.5938   21.4556
    0.0000   -7.5000  -15.000015148.7256   21.4507
    7.5000   -7.5000  -15.000014220.4785   21.4271
   -7.5000    0.0000  -15.000015030.2881   21.4684
    0.0000    0.0000  -15.000015576.2529   21.4624
    7.5000    0.0000  -15.000014618.0898   21.4367
   -7.5000    7.5000  -15.000014275.7109   21.4841
    0.0000    7.5000  -15.000014835.0166   21.4742
    7.5000    7.5000  -15.000013909.4482   21.4486
   -7.5000   15.0000  -15.000013375.1445   21.4898
    0.0000   15.0000  -15.000013917.1699   21.4768
    7.5000   15.0000  -15.000013032.2998   21.4526
   -7.5000   22.5000  -15.000012353.8848   21.4698
    0.0000   22.5000  -15.000012862.0000   21.4596
    7.5000   22.5000  -15.000012020.4189   21.4390
   -7.5000   30.0000  -15.000011273.4326   21.1821
    0.0000   30.0000  -15.000011743.2344   21.1762
    7.5000   30.0000  -15.000011006.9277   21.1564
   -7.5000   37.5000  -15.000010611.4316   21.1896
    0.0000   37.5000  -15.000011060.2119   21.1848
    7.5000   37.5000  -15.000010369.8506   21.1617
   -7.5000   45.0000  -15.0000 9469.9746   20.7641
    0.0000   45.0000  -15.0000 9859.9404   20.7586
    7.5000   45.0000  -15.0000 9267.0908   20.7340
   -7.5000  -45.0000   -7.500011955.3721   21.7447
    0.0000  -45.0000   -7.500012439.9336   21.7403
    7.5000  -45.0000   -7.500011747.6367   21.7112
   -7.5000  -37.5000   -7.500012443.5693   21.7376
    0.0000  -37.5000   -7.500012958.1230   21.7311
    7.5000  -37.5000   -7.500012224.2129   21.7042
   -7.5000  -30.0000   -7.500013273.5898   21.7391
    0.0000  -30.0000   -7.500013804.3545   21.7332
    7.5000  -30.0000   -7.500013035.1924   21.7099
   -7.5000  -22.5000   -7.500014036.9316   21.7285
    0.0000  -22.5000   -7.500014604.1582   21.7280
    7.5000  -22.5000   -7.500013788.3672   21.7071
   -7.5000  -15.0000   -7.500014853.0264   21.7090
    0.0000  -15.0000   -7.500015410.7568   21.7114
    7.5000  -15.0000   -7.500014510.9688   21.6893
   -7.5000   -7.5000   -7.500015524.7344   21.7023
    0.0000   -7.5000   -7.500016107.5293   21.7016
    7.5000   -7.5000   -7.500015128.4043   21.6749
   -7.5000    0.0000   -7.500015969.5391   21.7144
    0.0000    0.0000   -7.500016556.7852   21.7099
    7.5000    0.0000   -7.500015538.7168   21.6811
   -7.5000    7.5000   -7.500015153.6758   21.7317
    0.0000    7.5000   -7.500015717.0088   21.7251
    7.5000    7.5000   -7.500014721.7881   21.6984
   -7.5000   15.0000   -7.500014200.4590   21.7391
    0.0000   15.0000   -7.500014720.3486   21.7332
    7.5000   15.0000   -7.500013781.5117   21.7099
   -7.5000   22.5000   -7.500013114.0771   21.7185
    0.0000   22.5000   -7.500013604.9209   21.7179
    7.5000   22.5000   -7.500012730.7373   21.6971
   -7.5000   30.0000   -7.500011952.4355   21.4280
    0.0000   30.0000   -7.500012401.7666   21.4305
    7.5000   30.0000   -7.500011646.7002   21.4086
   -7.5000   37.5000   -7.500011222.6123   21.4326
    0.0000   37.5000   -7.500011645.5225   21.4319
    7.5000   37.5000   -7.500010917.3389   21.4058
   -7.5000   45.0000   -7.5000 9973.4688   21.0067
    0.0000   45.0000   -7.500010364.4531   21.0027
    7.5000   45.0000   -7.5000 9724.3623   20.9750
   -7.5000  -45.0000    0.000012581.8066   21.7565
    0.0000  -45.0000    0.000013126.6816   21.7451
    7.5000  -45.0000    0.000012383.2295   21.7190
   -7.5000  -37.5000    0.000013125.9229   21.7501
    0.0000  -37.5000    0.000013686.9121   21.7327
    7.5000  -37.5000    0.000012909.1514   21.7070
   -7.5000  -30.0000    0.000014083.2627   21.7599
    0.0000  -30.0000    0.000014647.7588   21.7427
    7.5000  -30.0000    0.000013820.7725   21.7196
   -7.5000  -22.5000    0.000014858.7773   21.7568
    0.0000  -22.5000    0.000015418.3672   21.7500
    7.5000  -22.5000    0.000014607.6006   21.7308
   -7.5000  -15.0000    0.000015583.1904   21.7361
    0.0000  -15.0000    0.000016122.8057   21.7376
    7.5000  -15.0000    0.000015336.2393   21.7200
   -7.5000   -7.5000    0.000016250.3281   21.7210
    0.0000   -7.5000    0.000016806.0215   21.7181
    7.5000   -7.5000    0.000015975.4600   21.6964
   -7.5000    0.0000    0.000016710.6914   21.7258
    0.0000    0.0000    0.000017298.8887   21.7143
    7.5000    0.0000    0.000016396.9102   21.6886
   -7.5000    7.5000    0.000015870.9082   21.7440
    0.0000    7.5000    0.000016413.1367   21.7265
    7.5000    7.5000    0.000015493.3662   21.7011
   -7.5000   15.0000    0.000014856.1973   21.7599
    0.0000   15.0000    0.000015335.6514   21.7427
    7.5000   15.0000    0.000014453.9277   21.7196
   -7.5000   22.5000    0.000013715.7051   21.7468
    0.0000   22.5000    0.000014153.5996   21.7400
    7.5000   22.5000    0.000013340.3359   21.7208
   -7.5000   30.0000    0.000012533.0225   21.4551
    0.0000   30.0000    0.000012953.5781   21.4566
    7.5000   30.0000    0.000012195.1201   21.4392
   -7.5000   37.5000    0.000011732.8652   21.4519
    0.0000   37.5000    0.000012125.3086   21.4491
    7.5000   37.5000    0.000011393.6064   21.4278
   -7.5000   45.0000    0.000010411.9834   21.0202
    0.0000   45.0000    0.000010773.7012   21.0092
    7.5000   45.0000    0.000010120.5791   20.9846
   -7.5000  -45.0000    7.500012185.8145   21.7259
    0.0000  -45.0000    7.500012722.4414   21.7052
    7.5000  -45.0000    7.500012095.4053   21.6868
   -7.5000  -37.5000    7.500012679.3477   21.7186
    0.0000  -37.5000    7.500013289.5820   21.6862
    7.5000  -37.5000    7.500012605.0225   21.6643
   -7.5000  -30.0000    7.500013685.2568   21.7352
    0.0000  -30.0000    7.500014275.7803   21.6980
    7.5000  -30.0000    7.500013541.0674   21.6757
   -7.5000  -22.5000    7.500014366.1904   21.7384
    0.0000  -22.5000    7.500014887.7539   21.7134
    7.5000  -22.5000    7.500014286.6572   21.6972
   -7.5000  -15.0000    7.500014982.2705   21.7182
    0.0000  -15.0000    7.500015475.0527   21.7081
    7.5000  -15.0000    7.500014938.8984   21.6976
   -7.5000   -7.5000    7.500015577.9785   21.6978
    0.0000   -7.5000    7.500016058.6348   21.6873
    7.5000   -7.5000    7.500015516.4043   21.6743
   -7.5000    0.0000    7.500016065.4258   21.6952
    0.0000    0.0000    7.500016583.7812   21.6744
    7.5000    0.0000    7.500015943.0000   21.6564
   -7.5000    7.5000    7.500015291.3369   21.7123
    0.0000    7.5000    7.500015755.2891   21.6800
    7.5000    7.5000    7.500015050.5869   21.6583
   -7.5000   15.0000    7.500014347.1807   21.7352
    0.0000   15.0000    7.500014753.1592   21.6980
    7.5000   15.0000    7.500014049.1025   21.6757
   -7.5000   22.5000    7.500013301.2861   21.7284
    0.0000   22.5000    7.500013672.2646   21.7034
    7.5000   22.5000    7.500012948.8770   21.6872
   -7.5000   30.0000    7.500012162.7354   21.4374
    0.0000   30.0000    7.500012529.7822   21.4275
    7.5000   30.0000    7.500011841.5557   21.4171
   -7.5000   37.5000    7.500011392.8799   21.4292
    0.0000   37.5000    7.500011757.9961   21.4188
    7.5000   37.5000    7.500011059.9023   21.4061
   -7.5000   45.0000    7.500010098.3486   20.9906
    0.0000   45.0000    7.500010439.7949   20.9705
    7.5000   45.0000    7.5000 9813.2480   20.9533
   -7.5000  -45.0000   15.000011590.4004   21.7212
    0.0000  -45.0000   15.000012181.0488   21.6980
    7.5000  -45.0000   15.000011617.7031   21.6829
   -7.5000  -37.5000   15.000012053.6465   21.7144
    0.0000  -37.5000   15.000012683.1807   21.6781
    7.5000  -37.5000   15.000012139.3701   21.6577
   -7.5000  -30.0000   15.000013001.7803   21.7325
    0.0000  -30.0000   15.000013637.6738   21.6877
    7.5000  -30.0000   15.000013049.8057   21.6657
   -7.5000  -22.5000   15.000013773.1719   21.7352
    0.0000  -22.5000   15.000014332.4326   21.6999
    7.5000  -22.5000   15.000013846.1143   21.6856
   -7.5000  -15.0000   15.000014522.1631   21.7144
    0.0000  -15.0000   15.000014988.6553   21.6951
    7.5000  -15.0000   15.000014555.2393   21.6882
   -7.5000   -7.5000   15.000015122.1201   21.6942
    0.0000   -7.5000   15.000015552.7500   21.6785
    7.5000   -7.5000   15.000015073.3047   21.6694
   -7.5000    0.0000   15.000015576.4580   21.6907
    0.0000    0.0000   15.000016024.1572   21.6674
    7.5000    0.0000   15.000015412.9863   21.6527
   -7.5000    7.5000   15.000014771.0225   21.7082
    0.0000    7.5000   15.000015199.3486   21.6718
    7.5000    7.5000   15.000014505.1992   21.6517
   -7.5000   15.0000   15.000013774.2959   21.7325
    0.0000   15.0000   15.000014202.3350   21.6876
    7.5000   15.0000   15.000013489.4521   21.6657
   -7.5000   22.5000   15.000012714.1133   21.7251
    0.0000   22.5000   15.000013150.9873   21.6899
    7.5000   22.5000   15.000012434.2461   21.6756
   -7.5000   30.0000   15.000011593.9346   21.4339
    0.0000   30.0000   15.000012021.5186   21.4148
    7.5000   30.0000   15.000011330.6123   21.4080
   -7.5000   37.5000   15.000010824.1982   21.4257
    0.0000   37.5000   15.000011259.2910   21.4102
    7.5000   37.5000   15.000010581.7236   21.4014
   -7.5000   45.0000   15.0000 9592.7070   20.9856
    0.0000   45.0000   15.0000 9956.3535   20.9630
    7.5000   45.0000   15.0000 9376.8242   20.9490
   -7.5000  -45.0000   22.500011004.4902   21.7998
    0.0000  -45.0000   22.500011536.9766   21.7846
    7.5000  -45.0000   22.500011088.1426   21.7653
   -7.5000  -37.5000   22.500011441.1963   21.7928
    0.0000  -37.5000   22.500012013.4492   21.7683
    7.5000  -37.5000   22.500011557.9023   21.7453
   -7.5000  -30.0000   22.500012336.2764   21.8023
    0.0000  -30.0000   22.500012946.5732   21.7705
    7.5000  -30.0000   22.500012419.0146   21.7472
   -7.5000  -22.5000   22.500013122.5127   21.7966
    0.0000  -22.5000   22.500013768.6494   21.7702
    7.5000  -22.5000   22.500013167.3555   21.7536
   -7.5000  -15.0000   22.500013916.2217   21.7762
    0.0000  -15.0000   22.500014597.2578   21.7605
    7.5000  -15.0000   22.500013872.5166   21.7489
   -7.5000   -7.5000   22.500014556.2510   21.7645
    0.0000   -7.5000   22.500015218.5166   21.7528
    7.5000   -7.5000   22.500014377.8916   21.7383
   -7.5000    0.0000   22.500014941.6455   21.7694
    0.0000    0.0000   22.500015590.4316   21.7542
    7.5000    0.0000   22.500014719.8711   21.7352
   -7.5000    7.5000   22.500014094.4648   21.7867
    0.0000    7.5000   22.500014682.1992   21.7621
    7.5000    7.5000   22.500013875.5029   21.7394
   -7.5000   15.0000   22.500013091.2773   21.8023
    0.0000   15.0000   22.500013615.5127   21.7705
    7.5000   15.0000   22.500012872.5400   21.7472
   -7.5000   22.5000   22.500012077.3281   21.7865
    0.0000   22.5000   22.500012539.8262   21.7601
    7.5000   22.5000   22.500011857.5938   21.7436
   -7.5000   30.0000   22.500010989.3340   21.4952
    0.0000   30.0000   22.500011422.1719   21.4797
    7.5000   30.0000   22.500010815.1934   21.4683
   -7.5000   37.5000   22.500010249.5420   21.4951
    0.0000   37.5000   22.500010646.5166   21.4835
    7.5000   37.5000   22.500010085.3174   21.4693
   -7.5000   45.0000   22.5000 9084.9873   21.0611
    0.0000   45.0000   22.5000 9412.6650   21.0465
    7.5000   45.0000   22.5000 8954.7227   21.0284
   -7.5000  -45.0000   30.000010353.2471   21.9005
    0.0000  -45.0000   30.000010909.9580   21.8956
    7.5000  -45.0000   30.000010381.5449   21.8706
   -7.5000  -37.5000   30.000010810.4863   21.8921
    0.0000  -37.5000   30.000011408.7969   21.8830
    7.5000  -37.5000   30.000010828.2793   21.8581
   -7.5000  -30.0000   30.000011665.2773   21.8919
    0.0000  -30.0000   30.000012255.0293   21.8797
    7.5000  -30.0000   30.000011625.1357   21.8563
   -7.5000  -22.5000   30.000012398.0361   21.8792
    0.0000  -22.5000   30.000012974.9150   21.8701
    7.5000  -22.5000   30.000012308.2549   21.8505
   -7.5000  -15.0000   30.000013086.4102   21.8603
    0.0000  -15.0000   30.000013691.2930   21.8556
    7.5000  -15.0000   30.000012984.8613   21.8368
   -7.5000   -7.5000   30.000013626.5381   21.8569
    0.0000   -7.5000   30.000014234.3271   21.8532
    7.5000   -7.5000   30.000013520.6631   21.8308
   -7.5000    0.0000   30.000013999.6006   21.8700
    0.0000    0.0000   30.000014617.6836   21.8650
    7.5000    0.0000   30.000013905.9502   21.8404
   -7.5000    7.5000   30.000013216.3643   21.8861
    0.0000    7.5000   30.000013807.3623   21.8770
    7.5000    7.5000   30.000013137.1709   21.8523
   -7.5000   15.0000   30.000012314.2793   21.8918
    0.0000   15.0000   30.000012845.3252   21.8797
    7.5000   15.0000   30.000012203.6113   21.8563
   -7.5000   22.5000   30.000011354.0967   21.8691
    0.0000   22.5000   30.000011803.6816   21.8600
    7.5000   22.5000   30.000011209.1240   21.8404
   -7.5000   30.0000   30.000010322.1533   21.5783
    0.0000   30.0000   30.000010720.8008   21.5736
    7.5000   30.0000   30.000010188.2705   21.5550
   -7.5000   37.5000   30.0000 9596.9990   21.5860
    0.0000   37.5000   30.0000 9976.5498   21.5824
    7.5000   37.5000   30.0000 9466.9629   21.5605
   -7.5000   45.0000   30.0000 8474.6826   21.1585
    0.0000   45.0000   30.0000 8807.3271   21.1540
    7.5000   45.0000   30.0000 8362.3135   21.1304
   -7.5000  -45.0000   37.500010037.3555   21.9841
    0.0000  -45.0000   37.500010497.1787   21.9816
    7.5000  -45.0000   37.5000 9952.8818   21.9548
   -7.5000  -37.5000   37.500010473.3662   21.9765
    0.0000  -37.5000   37.500010961.6172   21.9717
    7.5000  -37.5000   37.500010392.6455   21.9471
   -7.5000  -30.0000   37.500011262.9844   21.9782
    0.0000  -30.0000   37.500011760.5850   21.9741
    7.5000  -30.0000   37.500011174.7412   21.9531
   -7.5000  -22.5000   37.500011932.4873   21.9681
    0.0000  -22.5000   37.500012466.7803   21.9695
    7.5000  -22.5000   37.500011849.9375   21.9511
   -7.5000  -15.0000   37.500012542.3496   21.9485
    0.0000  -15.0000   37.500013120.9287   21.9530
    7.5000  -15.0000   37.500012490.5020   21.9335
   -7.5000   -7.5000   37.500013049.1016   21.9414
    0.0000   -7.5000   37.500013654.9316   21.9426
    7.5000   -7.5000   37.500013023.5605   21.9185
   -7.5000    0.0000   37.500013429.8496   21.9531
    0.0000    0.0000   37.500014053.3545   21.9504
    7.5000    0.0000   37.500013417.0879   21.9241
   -7.5000    7.5000   37.500012714.8799   21.9704
    0.0000    7.5000   37.500013305.1904   21.9656
    7.5000    7.5000   37.500012696.5508   21.9411
   -7.5000   15.0000   37.500011873.4844   21.9782
    0.0000   15.0000   37.500012388.5918   21.9741
    7.5000   15.0000   37.500011800.2021   21.9531
   -7.5000   22.5000   37.500010956.2021   21.9579
    0.0000   22.5000   37.500011385.5771   21.9594
    7.5000   22.5000   37.500010838.0361   21.9410
   -7.5000   30.0000   37.5000 9963.5137   21.6650
    0.0000   30.0000   37.500010362.3779   21.6695
    7.5000   30.0000   37.5000 9848.3877   21.6502
   -7.5000   37.5000   37.5000 9276.4580   21.6694
    0.0000   37.5000   37.5000 9631.1758   21.6707
    7.5000   37.5000   37.5000 9147.3086   21.6471
   -7.5000   45.0000   37.5000 8181.9658   21.2400
    0.0000   45.0000   37.5000 8479.3809   21.2378
    7.5000   45.0000   37.5000 8091.9668   21.2125
   -7.5000  -45.0000   45.0000 9161.0811   22.1012
    0.0000  -45.0000   45.0000 9540.1680   22.0938
    7.5000  -45.0000   45.0000 9062.5986   22.0719
   -7.5000  -37.5000   45.0000 9549.1904   22.0946
    0.0000  -37.5000   45.0000 9972.2393   22.0810
    7.5000  -37.5000   45.0000 9471.3125   22.0592
   -7.5000  -30.0000   45.000010277.9521   22.1049
    0.0000  -30.0000   45.000010725.4043   22.0915
    7.5000  -30.0000   45.000010193.9727   22.0725
   -7.5000  -22.5000   45.000010898.2314   22.1018
    0.0000  -22.5000   45.000011393.8379   22.0991
    7.5000  -22.5000   45.000010830.5430   22.0846
   -7.5000  -15.0000   45.000011447.0820   22.0802
    0.0000  -15.0000   45.000011977.1074   22.0860
    7.5000  -15.0000   45.000011413.3438   22.0734
   -7.5000   -7.5000   45.000011905.7988   22.0644
    0.0000   -7.5000   45.000012465.3027   22.0657
    7.5000   -7.5000   45.000011896.3330   22.0487
   -7.5000    0.0000   45.000012265.7402   22.0693
    0.0000    0.0000   45.000012848.2256   22.0618
    7.5000    0.0000   45.000012282.2080   22.0403
   -7.5000    7.5000   45.000011649.2832   22.0883
    0.0000    7.5000   45.000012188.0752   22.0746
    7.5000    7.5000   45.000011629.8291   22.0530
   -7.5000   15.0000   45.000010896.1631   22.1049
    0.0000   15.0000   45.000011365.6309   22.0915
    7.5000   15.0000   45.000010822.0889   22.0725
   -7.5000   22.5000   45.000010039.6348   22.0915
    0.0000   22.5000   45.000010444.0166   22.0889
    7.5000   22.5000   45.0000 9952.6572   22.0744
   -7.5000   30.0000   45.0000 9151.3496   21.7927
    0.0000   30.0000   45.0000 9523.8369   21.7984
    7.5000   30.0000   45.0000 9076.4170   21.7860
   -7.5000   37.5000   45.0000 8503.0107   21.7887
    0.0000   37.5000   45.0000 8841.5381   21.7901
    7.5000   37.5000   45.0000 8441.4434   21.7734
   -7.5000   45.0000   45.0000 7509.5015   21.3617
    0.0000   45.0000   45.0000 7799.3589   21.3547
    7.5000   45.0000   45.0000 7456.7964   21.3340

---------------------------------------------------------------------
imgreg_4dfp /opt/freesurfer/average/711-2C_as_mni_average_305 /opt/freesurfer/average/711-2B_as_mni_average_305_mask talsrcimg_g11 none talsrcimg_to_711-2C_as_mni_average_305_t4 4355
---------------------------------------------------------------------

freesurfer imgreg_4dfp.c
/opt/freesurfer/average/711-2C_as_mni_average_305.4dfp.img
       256       256       256         1
  1.000000  1.000000  1.000000
orientation T byte_order littleendian
Reading image: /opt/freesurfer/average/711-2C_as_mni_average_305.4dfp.img
dimensions:      256       256       256
mmppix:       1.0000   -1.0000   -1.0000
center:     128.0000 -129.0000 -129.0000
/opt/freesurfer/average/711-2B_as_mni_average_305_mask.4dfp.img
       256       256       256         1
  1.000000  1.000000  1.000000
orientation T byte_order littleendian
Reading mask: /opt/freesurfer/average/711-2B_as_mni_average_305_mask.4dfp.img (2306576 pixels)
talsrcimg_g11.4dfp.img
       256       256       256         1
  1.000000  1.000000  1.000000
orientation T byte_order littleendian
Reading image: talsrcimg_g11.4dfp.img
dimensions:      256       256       256
mmppix:       1.0000   -1.0000   -1.0000
center:     128.0000 -129.0000 -129.0000
rotation matrix determinant  1.000000
image alignment mode   4355 decimal     1103 hex
   -7.5000  -45.0000  -45.0000 2108.2551   19.8702
    0.0000  -45.0000  -45.0000 2117.5747   19.8101
    7.5000  -45.0000  -45.0000 2102.7332   20.0667
   -7.5000  -37.5000  -45.0000 2171.8909   18.5954
    0.0000  -37.5000  -45.0000 2180.3740   18.5311
    7.5000  -37.5000  -45.0000 2162.5151   18.7560
   -7.5000  -30.0000  -45.0000 2212.0403   17.7561
    0.0000  -30.0000  -45.0000 2222.6936   17.6857
    7.5000  -30.0000  -45.0000 2203.9314   17.9260
   -7.5000  -22.5000  -45.0000 2233.3152   17.2706
    0.0000  -22.5000  -45.0000 2243.4009   17.2164
    7.5000  -22.5000  -45.0000 2226.3376   17.4485
   -7.5000  -15.0000  -45.0000 2240.1943   17.1082
    0.0000  -15.0000  -45.0000 2251.8296   17.0930
    7.5000  -15.0000  -45.0000 2231.0242   17.2956
   -7.5000   -7.5000  -45.0000 2220.5825   17.4203
    0.0000   -7.5000  -45.0000 2235.8848   17.3583
    7.5000   -7.5000  -45.0000 2214.6755   17.5456
   -7.5000    0.0000  -45.0000 2177.2095   18.0710
    0.0000    0.0000  -45.0000 2191.8201   17.9563
    7.5000    0.0000  -45.0000 2170.2729   18.1380
   -7.5000    7.5000  -45.0000 2118.7024   19.0242
    0.0000    7.5000  -45.0000 2136.1301   18.9053
    7.5000    7.5000  -45.0000 2110.9697   19.1072
   -7.5000   15.0000  -45.0000 2039.9133   20.4510
    0.0000   15.0000  -45.0000 2055.9587   20.2953
    7.5000   15.0000  -45.0000 2031.0939   20.5555
   -7.5000   22.5000  -45.0000 1945.9847   22.4712
    0.0000   22.5000  -45.0000 1960.7432   22.3071
    7.5000   22.5000  -45.0000 1935.8706   22.6539
   -7.5000   30.0000  -45.0000 1839.4951   25.2740
    0.0000   30.0000  -45.0000 1852.9153   25.0687
    7.5000   30.0000  -45.0000 1833.3734   25.4633
   -7.5000   37.5000  -45.0000 1723.1147   29.2025
    0.0000   37.5000  -45.0000 1732.8734   29.0126
    7.5000   37.5000  -45.0000 1721.8500   29.4102
   -7.5000   45.0000  -45.0000 1600.1721   34.6636
    0.0000   45.0000  -45.0000 1609.7266   34.3709
    7.5000   45.0000  -45.0000 1598.0092   34.7503
   -7.5000  -45.0000  -37.5000 2207.8767   18.2810
    0.0000  -45.0000  -37.5000 2216.8562   18.2361
    7.5000  -45.0000  -37.5000 2197.4958   18.4078
   -7.5000  -37.5000  -37.5000 2272.5522   17.1541
    0.0000  -37.5000  -37.5000 2280.9243   17.1300
    7.5000  -37.5000  -37.5000 2257.7024   17.2499
   -7.5000  -30.0000  -37.5000 2309.8821   16.4107
    0.0000  -30.0000  -37.5000 2319.9297   16.3951
    7.5000  -30.0000  -37.5000 2299.8569   16.4890
   -7.5000  -22.5000  -37.5000 2332.9265   15.9645
    0.0000  -22.5000  -37.5000 2346.4136   15.9428
    7.5000  -22.5000  -37.5000 2324.8193   16.0546
   -7.5000  -15.0000  -37.5000 2339.6914   15.7751
    0.0000  -15.0000  -37.5000 2357.1667   15.7812
    7.5000  -15.0000  -37.5000 2333.5769   15.8873
   -7.5000   -7.5000  -37.5000 2319.8005   15.9717
    0.0000   -7.5000  -37.5000 2336.8489   15.9509
    7.5000   -7.5000  -37.5000 2314.0632   16.0673
   -7.5000    0.0000  -37.5000 2280.4048   16.5263
    0.0000    0.0000  -37.5000 2299.7231   16.4790
    7.5000    0.0000  -37.5000 2274.9849   16.6132
   -7.5000    7.5000  -37.5000 2217.5288   17.4049
    0.0000    7.5000  -37.5000 2236.4021   17.3329
    7.5000    7.5000  -37.5000 2214.4910   17.4821
   -7.5000   15.0000  -37.5000 2133.3511   18.6795
    0.0000   15.0000  -37.5000 2150.7444   18.5741
    7.5000   15.0000  -37.5000 2124.0698   18.7774
   -7.5000   22.5000  -37.5000 2034.3180   20.5004
    0.0000   22.5000  -37.5000 2045.2943   20.3950
    7.5000   22.5000  -37.5000 2022.1150   20.6467
   -7.5000   30.0000  -37.5000 1922.3649   23.0383
    0.0000   30.0000  -37.5000 1934.5759   22.8847
    7.5000   30.0000  -37.5000 1913.5724   23.1752
   -7.5000   37.5000  -37.5000 1796.2401   26.4814
    0.0000   37.5000  -37.5000 1811.0605   26.3389
    7.5000   37.5000  -37.5000 1795.8711   26.7330
   -7.5000   45.0000  -37.5000 1669.1638   31.3280
    0.0000   45.0000  -37.5000 1675.0209   31.0685
    7.5000   45.0000  -37.5000 1663.3914   31.4598
   -7.5000  -45.0000  -30.0000 2338.9224   17.5265
    0.0000  -45.0000  -30.0000 2346.4780   17.4890
    7.5000  -45.0000  -30.0000 2320.1658   17.5872
   -7.5000  -37.5000  -30.0000 2408.1621   16.4165
    0.0000  -37.5000  -30.0000 2418.4309   16.3882
    7.5000  -37.5000  -30.0000 2392.9985   16.4661
   -7.5000  -30.0000  -30.0000 2454.5991   15.6952
    0.0000  -30.0000  -30.0000 2469.5259   15.6893
    7.5000  -30.0000  -30.0000 2440.4460   15.7685
   -7.5000  -22.5000  -30.0000 2481.3257   15.2799
    0.0000  -22.5000  -30.0000 2498.4028   15.2789
    7.5000  -22.5000  -30.0000 2468.5015   15.3479
   -7.5000  -15.0000  -30.0000 2485.6504   15.1123
    0.0000  -15.0000  -30.0000 2507.8262   15.1355
    7.5000  -15.0000  -30.0000 2478.3811   15.2125
   -7.5000   -7.5000  -30.0000 2469.1892   15.2984
    0.0000   -7.5000  -30.0000 2491.4214   15.2946
    7.5000   -7.5000  -30.0000 2464.9036   15.3931
   -7.5000    0.0000  -30.0000 2430.6428   15.7870
    0.0000    0.0000  -30.0000 2450.3872   15.7534
    7.5000    0.0000  -30.0000 2424.1755   15.8760
   -7.5000    7.5000  -30.0000 2358.9243   16.6091
    0.0000    7.5000  -30.0000 2382.3552   16.5435
    7.5000    7.5000  -30.0000 2356.3633   16.6619
   -7.5000   15.0000  -30.0000 2266.7041   17.7934
    0.0000   15.0000  -30.0000 2285.4036   17.7264
    7.5000   15.0000  -30.0000 2259.8750   17.9100
   -7.5000   22.5000  -30.0000 2157.8660   19.4813
    0.0000   22.5000  -30.0000 2168.8174   19.3801
    7.5000   22.5000  -30.0000 2149.7700   19.5787
   -7.5000   30.0000  -30.0000 2030.9888   21.7940
    0.0000   30.0000  -30.0000 2040.2002   21.7011
    7.5000   30.0000  -30.0000 2023.4901   21.9577
   -7.5000   37.5000  -30.0000 1902.1486   25.0684
    0.0000   37.5000  -30.0000 1919.5227   25.0071
    7.5000   37.5000  -30.0000 1900.1050   25.2904
   -7.5000   45.0000  -30.0000 1759.4467   29.5480
    0.0000   45.0000  -30.0000 1768.5903   29.3740
    7.5000   45.0000  -30.0000 1753.9586   29.7185
   -7.5000  -45.0000  -22.5000 2437.4556   16.7456
    0.0000  -45.0000  -22.5000 2444.2180   16.7007
    7.5000  -45.0000  -22.5000 2415.2219   16.7795
   -7.5000  -37.5000  -22.5000 2519.2549   15.6047
    0.0000  -37.5000  -22.5000 2533.7556   15.5742
    7.5000  -37.5000  -22.5000 2502.7000   15.6531
   -7.5000  -30.0000  -22.5000 2576.8284   14.9180
    0.0000  -30.0000  -22.5000 2592.7659   14.8820
    7.5000  -30.0000  -22.5000 2559.6094   14.9582
   -7.5000  -22.5000  -22.5000 2612.3254   14.5271
    0.0000  -22.5000  -22.5000 2628.9004   14.5154
    7.5000  -22.5000  -22.5000 2599.3330   14.5800
   -7.5000  -15.0000  -22.5000 2616.3213   14.4328
    0.0000  -15.0000  -22.5000 2638.6543   14.4508
    7.5000  -15.0000  -22.5000 2609.3743   14.5076
   -7.5000   -7.5000  -22.5000 2604.1812   14.6097
    0.0000   -7.5000  -22.5000 2625.4199   14.6105
    7.5000   -7.5000  -22.5000 2593.9299   14.7123
   -7.5000    0.0000  -22.5000 2557.2188   15.0741
    0.0000    0.0000  -22.5000 2574.7212   15.0450
    7.5000    0.0000  -22.5000 2548.4221   15.1659
   -7.5000    7.5000  -22.5000 2481.0806   15.8309
    0.0000    7.5000  -22.5000 2503.5608   15.7768
    7.5000    7.5000  -22.5000 2476.0942   15.9014
   -7.5000   15.0000  -22.5000 2381.9336   16.9356
    0.0000   15.0000  -22.5000 2397.8533   16.8870
    7.5000   15.0000  -22.5000 2371.2468   17.0137
   -7.5000   22.5000  -22.5000 2261.0654   18.5028
    0.0000   22.5000  -22.5000 2273.7627   18.4351
    7.5000   22.5000  -22.5000 2248.1404   18.6065
   -7.5000   30.0000  -22.5000 2123.1040   20.6733
    0.0000   30.0000  -22.5000 2132.1128   20.6580
    7.5000   30.0000  -22.5000 2110.6304   20.8863
   -7.5000   37.5000  -22.5000 1985.5991   23.6819
    0.0000   37.5000  -22.5000 1995.4553   23.6543
    7.5000   37.5000  -22.5000 1980.1240   23.9000
   -7.5000   45.0000  -22.5000 1836.5386   27.8845
    0.0000   45.0000  -22.5000 1843.3728   27.7553
    7.5000   45.0000  -22.5000 1829.5406   28.0940
   -7.5000  -45.0000  -15.0000 2506.6038   16.0019
    0.0000  -45.0000  -15.0000 2513.2009   15.9367
    7.5000  -45.0000  -15.0000 2483.4324   16.0654
   -7.5000  -37.5000  -15.0000 2598.3191   14.9111
    0.0000  -37.5000  -15.0000 2612.5408   14.8588
    7.5000  -37.5000  -15.0000 2582.4331   14.9569
   -7.5000  -30.0000  -15.0000 2658.8296   14.2063
    0.0000  -30.0000  -15.0000 2676.7178   14.1595
    7.5000  -30.0000  -15.0000 2648.9133   14.2545
   -7.5000  -22.5000  -15.0000 2705.8364   13.8056
    0.0000  -22.5000  -15.0000 2724.8008   13.7847
    7.5000  -22.5000  -15.0000 2692.2107   13.8798
   -7.5000  -15.0000  -15.0000 2718.8225   13.7533
    0.0000  -15.0000  -15.0000 2739.2532   13.7436
    7.5000  -15.0000  -15.0000 2707.9973   13.8036
   -7.5000   -7.5000  -15.0000 2707.3208   13.9672
    0.0000   -7.5000  -15.0000 2729.2866   13.9726
    7.5000   -7.5000  -15.0000 2692.5090   14.0277
   -7.5000    0.0000  -15.0000 2658.4187   14.4042
    0.0000    0.0000  -15.0000 2672.9973   14.4143
    7.5000    0.0000  -15.0000 2641.7378   14.5056
   -7.5000    7.5000  -15.0000 2572.9624   15.1152
    0.0000    7.5000  -15.0000 2595.8452   15.0954
    7.5000    7.5000  -15.0000 2564.3064   15.2172
   -7.5000   15.0000  -15.0000 2462.3218   16.1696
    0.0000   15.0000  -15.0000 2482.2273   16.1286
    7.5000   15.0000  -15.0000 2451.5798   16.2790
   -7.5000   22.5000  -15.0000 2335.4629   17.6801
    0.0000   22.5000  -15.0000 2353.4939   17.6272
    7.5000   22.5000  -15.0000 2320.3794   17.7993
   -7.5000   30.0000  -15.0000 2191.0815   19.7373
    0.0000   30.0000  -15.0000 2201.9058   19.7287
    7.5000   30.0000  -15.0000 2181.6643   19.9310
   -7.5000   37.5000  -15.0000 2044.0770   22.5580
    0.0000   37.5000  -15.0000 2056.8213   22.4976
    7.5000   37.5000  -15.0000 2038.0095   22.7285
   -7.5000   45.0000  -15.0000 1886.5896   26.4467
    0.0000   45.0000  -15.0000 1898.7295   26.3786
    7.5000   45.0000  -15.0000 1881.3630   26.6241
   -7.5000  -45.0000   -7.5000 2551.6333   15.3303
    0.0000  -45.0000   -7.5000 2559.7913   15.2658
    7.5000  -45.0000   -7.5000 2534.5161   15.4382
   -7.5000  -37.5000   -7.5000 2651.5115   14.2693
    0.0000  -37.5000   -7.5000 2668.0588   14.1937
    7.5000  -37.5000   -7.5000 2644.0862   14.3573
   -7.5000  -30.0000   -7.5000 2724.4238   13.5714
    0.0000  -30.0000   -7.5000 2747.2356   13.5144
    7.5000  -30.0000   -7.5000 2717.1562   13.6850
   -7.5000  -22.5000   -7.5000 2777.9893   13.1369
    0.0000  -22.5000   -7.5000 2801.5232   13.1116
    7.5000  -22.5000   -7.5000 2766.6409   13.2847
   -7.5000  -15.0000   -7.5000 2803.3855   13.1077
    0.0000  -15.0000   -7.5000 2827.8831   13.0849
    7.5000  -15.0000   -7.5000 2786.5625   13.2205
   -7.5000   -7.5000   -7.5000 2793.0601   13.3479
    0.0000   -7.5000   -7.5000 2819.4736   13.3224
    7.5000   -7.5000   -7.5000 2774.9353   13.4382
   -7.5000    0.0000   -7.5000 2733.6653   13.8020
    0.0000    0.0000   -7.5000 2759.4614   13.7812
    7.5000    0.0000   -7.5000 2719.6582   13.9137
   -7.5000    7.5000   -7.5000 2643.9399   14.4886
    0.0000    7.5000   -7.5000 2669.7036   14.4482
    7.5000    7.5000   -7.5000 2634.9746   14.6070
   -7.5000   15.0000   -7.5000 2525.2722   15.4989
    0.0000   15.0000   -7.5000 2544.9187   15.4572
    7.5000   15.0000   -7.5000 2513.0811   15.6354
   -7.5000   22.5000   -7.5000 2389.8796   16.9461
    0.0000   22.5000   -7.5000 2410.5286   16.9236
    7.5000   22.5000   -7.5000 2380.0205   17.0973
   -7.5000   30.0000   -7.5000 2236.9421   18.9242
    0.0000   30.0000   -7.5000 2250.9590   18.8823
    7.5000   30.0000   -7.5000 2232.0769   19.0751
   -7.5000   37.5000   -7.5000 2085.6538   21.5842
    0.0000   37.5000   -7.5000 2097.1694   21.4827
    7.5000   37.5000   -7.5000 2076.9705   21.6783
   -7.5000   45.0000   -7.5000 1919.9222   25.2246
    0.0000   45.0000   -7.5000 1937.5643   25.0575
    7.5000   45.0000   -7.5000 1917.3318   25.2612
   -7.5000  -45.0000    0.0000 2572.2461   14.8007
    0.0000  -45.0000    0.0000 2585.1597   14.7649
    7.5000  -45.0000    0.0000 2557.6633   15.0390
   -7.5000  -37.5000    0.0000 2686.9944   13.7616
    0.0000  -37.5000    0.0000 2705.3010   13.6945
    7.5000  -37.5000    0.0000 2675.3542   13.9524
   -7.5000  -30.0000    0.0000 2779.6267   13.0930
    0.0000  -30.0000    0.0000 2804.8179   13.0038
    7.5000  -30.0000    0.0000 2765.6475   13.2559
   -7.5000  -22.5000    0.0000 2847.5923   12.6204
    0.0000  -22.5000    0.0000 2875.1873   12.5638
    7.5000  -22.5000    0.0000 2832.6316   12.8442
   -7.5000  -15.0000    0.0000 2875.0474   12.5791
    0.0000  -15.0000    0.0000 2900.4453   12.5223
    7.5000  -15.0000    0.0000 2853.4192   12.7868
   -7.5000   -7.5000    0.0000 2854.4241   12.8328
    0.0000   -7.5000    0.0000 2880.3298   12.7754
    7.5000   -7.5000    0.0000 2834.2925   13.0011
   -7.5000    0.0000    0.0000 2787.8354   13.3235
    0.0000    0.0000    0.0000 2812.5286   13.2543
    7.5000    0.0000    0.0000 2773.5229   13.4695
   -7.5000    7.5000    0.0000 2688.7275   14.0213
    0.0000    7.5000    0.0000 2714.5378   13.9471
    7.5000    7.5000    0.0000 2680.0991   14.1574
   -7.5000   15.0000    0.0000 2563.6775   14.9861
    0.0000   15.0000    0.0000 2583.0305   14.9195
    7.5000   15.0000    0.0000 2553.4114   15.1432
   -7.5000   22.5000    0.0000 2426.1450   16.3758
    0.0000   22.5000    0.0000 2444.5862   16.3251
    7.5000   22.5000    0.0000 2414.3176   16.5495
   -7.5000   30.0000    0.0000 2269.8770   18.2733
    0.0000   30.0000    0.0000 2286.1670   18.2484
    7.5000   30.0000    0.0000 2261.1204   18.4553
   -7.5000   37.5000    0.0000 2109.4951   20.8356
    0.0000   37.5000    0.0000 2123.6521   20.7513
    7.5000   37.5000    0.0000 2102.1140   20.9553
   -7.5000   45.0000    0.0000 1939.6519   24.1966
    0.0000   45.0000    0.0000 1954.5829   24.0394
    7.5000   45.0000    0.0000 1933.9462   24.2616
   -7.5000  -45.0000    7.5000 2568.6743   14.4987
    0.0000  -45.0000    7.5000 2584.9387   14.4749
    7.5000  -45.0000    7.5000 2557.6943   14.9011
   -7.5000  -37.5000    7.5000 2693.7434   13.4394
    0.0000  -37.5000    7.5000 2717.8152   13.3755
    7.5000  -37.5000    7.5000 2686.1177   13.7922
   -7.5000  -30.0000    7.5000 2807.4163   12.7897
    0.0000  -30.0000    7.5000 2832.2751   12.6926
    7.5000  -30.0000    7.5000 2790.9919   13.0581
   -7.5000  -22.5000    7.5000 2892.0295   12.3393
    0.0000  -22.5000    7.5000 2923.8413   12.2097
    7.5000  -22.5000    7.5000 2865.0894   12.6264
   -7.5000  -15.0000    7.5000 2919.5745   12.2037
    0.0000  -15.0000    7.5000 2946.5034   12.0400
    7.5000  -15.0000    7.5000 2888.8137   12.5217
   -7.5000   -7.5000    7.5000 2883.9841   12.4614
    0.0000   -7.5000    7.5000 2901.5430   12.3057
    7.5000   -7.5000    7.5000 2866.5627   12.7205
   -7.5000    0.0000    7.5000 2811.0312   12.9828
    0.0000    0.0000    7.5000 2833.0781   12.8429
    7.5000    0.0000    7.5000 2802.6550   13.1903
   -7.5000    7.5000    7.5000 2708.2061   13.7478
    0.0000    7.5000    7.5000 2725.2170   13.6081
    7.5000    7.5000    7.5000 2698.4868   13.9050
   -7.5000   15.0000    7.5000 2580.0864   14.7487
    0.0000   15.0000    7.5000 2593.8931   14.6075
    7.5000   15.0000    7.5000 2567.7852   14.8798
   -7.5000   22.5000    7.5000 2439.3159   16.1225
    0.0000   22.5000    7.5000 2456.1960   16.0106
    7.5000   22.5000    7.5000 2423.7646   16.2618
   -7.5000   30.0000    7.5000 2282.4780   17.9578
    0.0000   30.0000    7.5000 2297.3428   17.8891
    7.5000   30.0000    7.5000 2271.0525   18.1333
   -7.5000   37.5000    7.5000 2118.1768   20.3946
    0.0000   37.5000    7.5000 2134.0745   20.3138
    7.5000   37.5000    7.5000 2109.8328   20.5704
   -7.5000   45.0000    7.5000 1947.6605   23.6426
    0.0000   45.0000    7.5000 1964.6848   23.4555
    7.5000   45.0000    7.5000 1941.5929   23.7444
   -7.5000  -45.0000   15.0000 2548.7705   14.4512
    0.0000  -45.0000   15.0000 2565.6079   14.4888
    7.5000  -45.0000   15.0000 2534.4509   14.9710
   -7.5000  -37.5000   15.0000 2677.8679   13.3629
    0.0000  -37.5000   15.0000 2703.7185   13.3472
    7.5000  -37.5000   15.0000 2670.1868   13.8498
   -7.5000  -30.0000   15.0000 2795.4460   12.7306
    0.0000  -30.0000   15.0000 2824.4385   12.6381
    7.5000  -30.0000   15.0000 2783.3376   13.1369
   -7.5000  -22.5000   15.0000 2885.1653   12.3626
    0.0000  -22.5000   15.0000 2912.8232   12.2244
    7.5000  -22.5000   15.0000 2859.5117   12.7116
   -7.5000  -15.0000   15.0000 2926.6938   12.2804
    0.0000  -15.0000   15.0000 2944.2512   12.0967
    7.5000  -15.0000   15.0000 2889.4897   12.6218
   -7.5000   -7.5000   15.0000 2894.1101   12.4809
    0.0000   -7.5000   15.0000 2910.8201   12.3090
    7.5000   -7.5000   15.0000 2867.5647   12.7457
   -7.5000    0.0000   15.0000 2816.9104   12.9315
    0.0000    0.0000   15.0000 2834.3584   12.7805
    7.5000    0.0000   15.0000 2795.9814   13.1211
   -7.5000    7.5000   15.0000 2704.6177   13.6971
    0.0000    7.5000   15.0000 2720.1213   13.5541
    7.5000    7.5000   15.0000 2687.4836   13.8204
   -7.5000   15.0000   15.0000 2567.2517   14.7085
    0.0000   15.0000   15.0000 2581.9006   14.6003
    7.5000   15.0000   15.0000 2555.5830   14.7987
   -7.5000   22.5000   15.0000 2424.3987   16.0279
    0.0000   22.5000   15.0000 2441.4185   16.0003
    7.5000   22.5000   15.0000 2412.7827   16.1620
   -7.5000   30.0000   15.0000 2266.4941   17.7999
    0.0000   30.0000   15.0000 2283.9775   17.8359
    7.5000   30.0000   15.0000 2254.9802   17.9816
   -7.5000   37.5000   15.0000 2103.1750   20.1485
    0.0000   37.5000   15.0000 2124.7922   20.1989
    7.5000   37.5000   15.0000 2097.1287   20.3513
   -7.5000   45.0000   15.0000 1940.2384   23.3451
    0.0000   45.0000   15.0000 1954.1877   23.3041
    7.5000   45.0000   15.0000 1933.2806   23.4626
   -7.5000  -45.0000   22.5000 2517.9609   14.7338
    0.0000  -45.0000   22.5000 2535.6384   14.7396
    7.5000  -45.0000   22.5000 2504.4167   15.3384
   -7.5000  -37.5000   22.5000 2642.8833   13.6861
    0.0000  -37.5000   22.5000 2667.8008   13.6538
    7.5000  -37.5000   22.5000 2636.6399   14.2285
   -7.5000  -30.0000   22.5000 2756.9211   13.0927
    0.0000  -30.0000   22.5000 2788.9355   13.0215
    7.5000  -30.0000   22.5000 2746.8274   13.4998
   -7.5000  -22.5000   22.5000 2846.0908   12.6772
    0.0000  -22.5000   22.5000 2873.8057   12.6241
    7.5000  -22.5000   22.5000 2819.7537   13.0553
   -7.5000  -15.0000   22.5000 2882.9099   12.6095
    0.0000  -15.0000   22.5000 2906.5349   12.5716
    7.5000  -15.0000   22.5000 2856.2148   12.8974
   -7.5000   -7.5000   22.5000 2855.1382   12.8170
    0.0000   -7.5000   22.5000 2875.7507   12.7797
    7.5000   -7.5000   22.5000 2828.1216   13.0101
   -7.5000    0.0000   22.5000 2778.6763   13.2326
    0.0000    0.0000   22.5000 2798.9883   13.2205
    7.5000    0.0000   22.5000 2755.4131   13.4121
   -7.5000    7.5000   22.5000 2673.9351   13.9058
    0.0000    7.5000   22.5000 2693.5557   13.8833
    7.5000    7.5000   22.5000 2658.4131   14.0607
   -7.5000   15.0000   22.5000 2538.2349   14.8915
    0.0000   15.0000   22.5000 2555.2468   14.8425
    7.5000   15.0000   22.5000 2527.8025   14.9953
   -7.5000   22.5000   22.5000 2401.2512   16.2200
    0.0000   22.5000   22.5000 2418.8008   16.1801
    7.5000   22.5000   22.5000 2392.1953   16.3044
   -7.5000   30.0000   22.5000 2245.5461   17.9654
    0.0000   30.0000   22.5000 2264.0984   17.9439
    7.5000   30.0000   22.5000 2240.3418   18.0905
   -7.5000   37.5000   22.5000 2084.4409   20.3150
    0.0000   37.5000   22.5000 2101.5452   20.2527
    7.5000   37.5000   22.5000 2077.6724   20.4506
   -7.5000   45.0000   22.5000 1920.0382   23.4464
    0.0000   45.0000   22.5000 1934.3759   23.3573
    7.5000   45.0000   22.5000 1915.0829   23.5827
   -7.5000  -45.0000   30.0000 2476.6035   15.4129
    0.0000  -45.0000   30.0000 2495.0254   15.4881
    7.5000  -45.0000   30.0000 2463.3044   16.0230
   -7.5000  -37.5000   30.0000 2594.2468   14.3618
    0.0000  -37.5000   30.0000 2617.4792   14.4030
    7.5000  -37.5000   30.0000 2583.8445   14.8414
   -7.5000  -30.0000   30.0000 2700.6072   13.6985
    0.0000  -30.0000   30.0000 2726.8206   13.6831
    7.5000  -30.0000   30.0000 2686.0403   14.0696
   -7.5000  -22.5000   30.0000 2778.5635   13.2463
    0.0000  -22.5000   30.0000 2802.1443   13.2247
    7.5000  -22.5000   30.0000 2754.6045   13.5786
   -7.5000  -15.0000   30.0000 2807.0574   13.1636
    0.0000  -15.0000   30.0000 2831.3010   13.1396
    7.5000  -15.0000   30.0000 2788.2197   13.4326
   -7.5000   -7.5000   30.0000 2778.6482   13.3551
    0.0000   -7.5000   30.0000 2798.1057   13.3122
    7.5000   -7.5000   30.0000 2762.4194   13.5640
   -7.5000    0.0000   30.0000 2706.7344   13.7904
    0.0000    0.0000   30.0000 2724.3496   13.7349
    7.5000    0.0000   30.0000 2693.6536   13.9822
   -7.5000    7.5000   30.0000 2605.3884   14.4672
    0.0000    7.5000   30.0000 2625.3372   14.4360
    7.5000    7.5000   30.0000 2599.0469   14.6408
   -7.5000   15.0000   30.0000 2485.3208   15.4220
    0.0000   15.0000   30.0000 2503.4851   15.4013
    7.5000   15.0000   30.0000 2475.4741   15.5925
   -7.5000   22.5000   30.0000 2359.4504   16.6661
    0.0000   22.5000   30.0000 2372.8059   16.6567
    7.5000   22.5000   30.0000 2342.1531   16.8553
   -7.5000   30.0000   30.0000 2206.9724   18.3805
    0.0000   30.0000   30.0000 2221.8423   18.3496
    7.5000   30.0000   30.0000 2194.6245   18.5517
   -7.5000   37.5000   30.0000 2047.6431   20.7130
    0.0000   37.5000   30.0000 2065.7842   20.6350
    7.5000   37.5000   30.0000 2040.2820   20.8771
   -7.5000   45.0000   30.0000 1892.0616   23.7872
    0.0000   45.0000   30.0000 1905.8237   23.6346
    7.5000   45.0000   30.0000 1886.1233   23.9802
   -7.5000  -45.0000   37.5000 2428.1157   16.3785
    0.0000  -45.0000   37.5000 2441.8367   16.4328
    7.5000  -45.0000   37.5000 2409.8396   16.8848
   -7.5000  -37.5000   37.5000 2542.0947   15.2598
    0.0000  -37.5000   37.5000 2561.0449   15.2757
    7.5000  -37.5000   37.5000 2525.0798   15.6784
   -7.5000  -30.0000   37.5000 2638.1340   14.5225
    0.0000  -30.0000   37.5000 2659.2720   14.4991
    7.5000  -30.0000   37.5000 2617.0259   14.8780
   -7.5000  -22.5000   37.5000 2701.2563   14.0163
    0.0000  -22.5000   37.5000 2718.8445   14.0328
    7.5000  -22.5000   37.5000 2678.0742   14.3613
   -7.5000  -15.0000   37.5000 2715.4199   13.9062
    0.0000  -15.0000   37.5000 2733.9133   13.9038
    7.5000  -15.0000   37.5000 2699.2407   14.2053
   -7.5000   -7.5000   37.5000 2687.2261   14.0733
    0.0000   -7.5000   37.5000 2704.4658   14.0534
    7.5000   -7.5000   37.5000 2675.0413   14.3313
   -7.5000    0.0000   37.5000 2620.7871   14.5063
    0.0000    0.0000   37.5000 2635.6470   14.4643
    7.5000    0.0000   37.5000 2611.6555   14.7291
   -7.5000    7.5000   37.5000 2532.3018   15.1700
    0.0000    7.5000   37.5000 2550.8047   15.1395
    7.5000    7.5000   37.5000 2523.6001   15.3719
   -7.5000   15.0000   37.5000 2422.7646   16.1438
    0.0000   15.0000   37.5000 2438.2837   16.1049
    7.5000   15.0000   37.5000 2411.2993   16.3209
   -7.5000   22.5000   37.5000 2303.2056   17.4208
    0.0000   22.5000   37.5000 2312.7007   17.3870
    7.5000   22.5000   37.5000 2289.1902   17.5665
   -7.5000   30.0000   37.5000 2153.8977   19.1339
    0.0000   30.0000   37.5000 2169.3308   19.0863
    7.5000   30.0000   37.5000 2147.8572   19.2658
   -7.5000   37.5000   37.5000 2007.5989   21.4419
    0.0000   37.5000   37.5000 2019.2866   21.3993
    7.5000   37.5000   37.5000 1998.4846   21.6273
   -7.5000   45.0000   37.5000 1852.9639   24.5096
    0.0000   45.0000   37.5000 1861.6245   24.3905
    7.5000   45.0000   37.5000 1850.7286   24.7562
   -7.5000  -45.0000   45.0000 2368.5984   17.5124
    0.0000  -45.0000   45.0000 2379.6013   17.5166
    7.5000  -45.0000   45.0000 2342.3459   17.9860
   -7.5000  -37.5000   45.0000 2474.3269   16.3174
    0.0000  -37.5000   45.0000 2488.2961   16.3081
    7.5000  -37.5000   45.0000 2448.2461   16.7161
   -7.5000  -30.0000   45.0000 2559.6221   15.5345
    0.0000  -30.0000   45.0000 2575.6611   15.5116
    7.5000  -30.0000   45.0000 2531.8318   15.8813
   -7.5000  -22.5000   45.0000 2610.9507   15.0341
    0.0000  -22.5000   45.0000 2625.1853   15.0329
    7.5000  -22.5000   45.0000 2585.7705   15.3402
   -7.5000  -15.0000   45.0000 2615.8518   14.8756
    0.0000  -15.0000   45.0000 2633.8496   14.8711
    7.5000  -15.0000   45.0000 2599.6968   15.1633
   -7.5000   -7.5000   45.0000 2583.3005   14.9889
    0.0000   -7.5000   45.0000 2600.6707   14.9851
    7.5000   -7.5000   45.0000 2572.6934   15.2621
   -7.5000    0.0000   45.0000 2517.4561   15.3969
    0.0000    0.0000   45.0000 2535.0386   15.3844
    7.5000    0.0000   45.0000 2516.1919   15.6443
   -7.5000    7.5000   45.0000 2441.1982   16.0672
    0.0000    7.5000   45.0000 2458.6504   16.0372
    7.5000    7.5000   45.0000 2434.4636   16.2754
   -7.5000   15.0000   45.0000 2346.5586   17.0183
    0.0000   15.0000   45.0000 2360.8347   16.9807
    7.5000   15.0000   45.0000 2336.5986   17.1737
   -7.5000   22.5000   45.0000 2231.1929   18.3150
    0.0000   22.5000   45.0000 2243.0005   18.2725
    7.5000   22.5000   45.0000 2221.0364   18.4605
   -7.5000   30.0000   45.0000 2093.1675   20.1123
    0.0000   30.0000   45.0000 2108.0312   20.0560
    7.5000   30.0000   45.0000 2089.3271   20.2595
   -7.5000   37.5000   45.0000 1949.0236   22.4833
    0.0000   37.5000   45.0000 1959.8097   22.4030
    7.5000   37.5000   45.0000 1947.2657   22.6810
   -7.5000   45.0000   45.0000 1806.2014   25.5566
    0.0000   45.0000   45.0000 1814.5930   25.4237
    7.5000   45.0000   45.0000 1805.1350   25.7948

---------------------------------------------------------------------
imgreg_4dfp /opt/freesurfer/average/711-2C_as_mni_average_305 /opt/freesurfer/average/711-2B_as_mni_average_305_mask talsrcimg_g11 none talsrcimg_to_711-2C_as_mni_average_305_t4 1283
---------------------------------------------------------------------

freesurfer imgreg_4dfp.c
/opt/freesurfer/average/711-2C_as_mni_average_305.4dfp.img
       256       256       256         1
  1.000000  1.000000  1.000000
orientation T byte_order littleendian
Reading image: /opt/freesurfer/average/711-2C_as_mni_average_305.4dfp.img
dimensions:      256       256       256
mmppix:       1.0000   -1.0000   -1.0000
center:     128.0000 -129.0000 -129.0000
/opt/freesurfer/average/711-2B_as_mni_average_305_mask.4dfp.img
       256       256       256         1
  1.000000  1.000000  1.000000
orientation T byte_order littleendian
Reading mask: /opt/freesurfer/average/711-2B_as_mni_average_305_mask.4dfp.img (2306576 pixels)
talsrcimg_g11.4dfp.img
       256       256       256         1
  1.000000  1.000000  1.000000
orientation T byte_order littleendian
Reading image: talsrcimg_g11.4dfp.img
dimensions:      256       256       256
mmppix:       1.0000   -1.0000   -1.0000
center:     128.0000 -129.0000 -129.0000
rotation matrix determinant  1.000000
fimgreg.f
image alignment mode   1283 decimal      503 hex
parameters
    0.0000  -15.0000    7.5000    0.0000    0.0000    0.0000
eta,q 0.92409 12.03909
niter,ni,del,rscale     5    3   12.0000    1.2000
parameter  4  2.227422 ->  0.500000 qaram    1.1500
parameter  6  0.809737 ->  0.500000 qaram    1.1500
parameters
   -1.2016  -16.7047    9.7997   -3.4500    0.2648   -3.4500
eta,q 0.93026 11.98571
  0.0798  0.0796  0.0830  0.0712  0.0758  0.0700
  0.0766  0.0755  0.0776  0.0715  0.0745  0.0697
  0.0760  0.0744  0.0745  0.0727  0.0728  0.0702
  0.0758  0.0755  0.0742  0.0743  0.0718  0.0718
  0.0769  0.0785  0.0742  0.0762  0.0720  0.0740
  0.0804  0.0830  0.0739  0.0779  0.0733  0.0766
  0.0858  0.0877  0.0744  0.0795  0.0759  0.0798
niter,ni,del,rscale     6    3   12.0000    1.2000
parameter  4  0.614241 ->  0.500000 qaram    1.3225
parameters
   -2.0499  -15.9538   10.1601   -7.4175    1.3193   -4.1147
eta,q 0.93207 11.95269
  0.0776  0.0821  0.0741  0.0686  0.0732  0.0728
  0.0723  0.0756  0.0712  0.0684  0.0715  0.0699
  0.0690  0.0712  0.0693  0.0685  0.0698  0.0681
  0.0697  0.0691  0.0689  0.0690  0.0684  0.0681
  0.0722  0.0694  0.0698  0.0709  0.0683  0.0697
  0.0767  0.0721  0.0716  0.0733  0.0693  0.0718
  0.0832  0.0769  0.0721  0.0756  0.0712  0.0741
niter,ni,del,rscale     6    3   12.0000    1.2000
parameter  4  0.519552 ->  0.500000 qaram    1.5209
parameters
   -2.6504  -14.1071   10.1262  -11.9801    1.8393   -4.2750
eta,q 0.93574 11.91839
  0.0763  0.0828  0.0706  0.0664  0.0721  0.0715
  0.0713  0.0760  0.0686  0.0643  0.0700  0.0681
  0.0676  0.0706  0.0673  0.0652  0.0668  0.0654
  0.0679  0.0674  0.0665  0.0665  0.0644  0.0642
  0.0709  0.0666  0.0671  0.0681  0.0647  0.0651
  0.0743  0.0683  0.0685  0.0712  0.0673  0.0685
  0.0793  0.0711  0.0709  0.0749  0.0710  0.0724
niter,ni,del,rscale     6    3   12.0000    1.2000
parameters
   -2.7246  -11.5390    9.6722  -14.2871    2.0590   -4.7140
eta,q 0.93765 11.97630
  0.0771  0.0834  0.0673  0.0686  0.0694  0.0675
  0.0718  0.0751  0.0681  0.0643  0.0672  0.0651
  0.0665  0.0681  0.0670  0.0621  0.0641  0.0633
  0.0643  0.0642  0.0637  0.0642  0.0623  0.0623
  0.0667  0.0635  0.0642  0.0673  0.0632  0.0630
  0.0714  0.0642  0.0675  0.0706  0.0657  0.0656
  0.0783  0.0656  0.0707  0.0751  0.0692  0.0698
niter,ni,del,rscale     5    3   12.0000    1.2000
parameters
   -2.4262  -10.3142    9.3344  -15.3311    2.2681   -5.0114
eta,q 0.93792 12.01970
  0.0769  0.0761  0.0673  0.0714  0.0681  0.0673
  0.0703  0.0694  0.0663  0.0656  0.0662  0.0648
  0.0644  0.0647  0.0652  0.0623  0.0637  0.0631
  0.0623  0.0625  0.0625  0.0628  0.0621  0.0620
  0.0645  0.0628  0.0630  0.0659  0.0626  0.0625
  0.0682  0.0646  0.0664  0.0699  0.0649  0.0650
  0.0743  0.0680  0.0700  0.0743  0.0681  0.0690
niter,ni,del,rscale     4    3   12.0000    1.2000
parameters
   -2.4321   -9.8700    9.2616  -15.5994    2.4274   -5.0734
eta,q 0.93793 12.02969
  0.0745  0.0733  0.0682  0.0734  0.0680  0.0676
  0.0679  0.0678  0.0665  0.0670  0.0661  0.0651
  0.0629  0.0637  0.0650  0.0630  0.0637  0.0633
  0.0621  0.0621  0.0622  0.0622  0.0621  0.0621
  0.0645  0.0632  0.0627  0.0650  0.0627  0.0624
  0.0682  0.0659  0.0660  0.0688  0.0650  0.0647
  0.0739  0.0703  0.0698  0.0736  0.0682  0.0685
niter,ni,del,rscale     3    3   12.0000    1.2000
parameters
   -2.4678   -9.7697    9.2461  -15.6533    2.5087   -5.0870
eta,q 0.93794 12.03116
  0.0742  0.0723  0.0685  0.0740  0.0680  0.0677
  0.0678  0.0671  0.0667  0.0675  0.0660  0.0651
  0.0630  0.0632  0.0650  0.0631  0.0636  0.0633
  0.0621  0.0620  0.0621  0.0621  0.0621  0.0621
  0.0645  0.0636  0.0626  0.0647  0.0628  0.0624
  0.0683  0.0667  0.0660  0.0685  0.0652  0.0647
  0.0738  0.0715  0.0699  0.0732  0.0683  0.0684
niter,ni,del,rscale     2    3   12.0000    1.2000
parameters
   -2.4883   -9.7513    9.2394  -15.6575    2.5457   -5.0915
eta,q 0.93795 12.03096
  0.0743  0.0721  0.0686  0.0741  0.0680  0.0678
  0.0679  0.0670  0.0667  0.0676  0.0659  0.0651
  0.0630  0.0631  0.0650  0.0632  0.0635  0.0633
  0.0621  0.0620  0.0620  0.0621  0.0621  0.0621
  0.0645  0.0637  0.0626  0.0647  0.0629  0.0624
  0.0682  0.0670  0.0660  0.0684  0.0653  0.0647
  0.0738  0.0718  0.0700  0.0732  0.0684  0.0684
registration optimization eta report
parameter search radius
    6.0000    6.0000    6.0000    9.1253    6.0000    6.9000
100000*second partial in parameter space
       33.       27.       18.       13.       16.       12.
  0.0743  0.0721  0.0686  0.0741  0.0680  0.0678
  0.0679  0.0670  0.0667  0.0676  0.0659  0.0651
  0.0630  0.0631  0.0650  0.0632  0.0635  0.0633
  0.0621  0.0620  0.0620  0.0621  0.0621  0.0621
  0.0645  0.0637  0.0626  0.0647  0.0629  0.0624
  0.0682  0.0670  0.0660  0.0684  0.0653  0.0647
  0.0738  0.0718  0.0700  0.0732  0.0684  0.0684
   -2.4883   -9.7513    9.2394  -15.6575    2.5457   -5.0915
eta,q 0.93795 12.03096

---------------------------------------------------------------------
imgreg_4dfp /opt/freesurfer/average/711-2C_as_mni_average_305 /opt/freesurfer/average/711-2B_as_mni_average_305_mask talsrcimg_g11 none talsrcimg_to_711-2C_as_mni_average_305_t4 3335
---------------------------------------------------------------------

freesurfer imgreg_4dfp.c
/opt/freesurfer/average/711-2C_as_mni_average_305.4dfp.img
       256       256       256         1
  1.000000  1.000000  1.000000
orientation T byte_order littleendian
Reading image: /opt/freesurfer/average/711-2C_as_mni_average_305.4dfp.img
dimensions:      256       256       256
mmppix:       1.0000   -1.0000   -1.0000
center:     128.0000 -129.0000 -129.0000
/opt/freesurfer/average/711-2B_as_mni_average_305_mask.4dfp.img
       256       256       256         1
  1.000000  1.000000  1.000000
orientation T byte_order littleendian
Reading mask: /opt/freesurfer/average/711-2B_as_mni_average_305_mask.4dfp.img (2306576 pixels)
talsrcimg_g11.4dfp.img
       256       256       256         1
  1.000000  1.000000  1.000000
orientation T byte_order littleendian
Reading image: talsrcimg_g11.4dfp.img
dimensions:      256       256       256
mmppix:       1.0000   -1.0000   -1.0000
center:     128.0000 -129.0000 -129.0000
fimgreg.f
image alignment mode   3335 decimal      D07 hex
parameters
   -2.4883   -9.7513    9.2394   -0.4929   -4.1971   -3.8058
    9.7394   -1.8648   -8.8659   27.2616    4.4416  -26.9619
eta,q 0.93823 12.03460
niter,ni,del,rscale     5    3    5.0000    1.2000
parameter  4  2.954957 ->  0.500000 qaram    1.1500
parameter  5  4.044474 ->  0.500000 qaram    1.1500
parameter  6  2.553862 ->  0.500000 qaram    1.1500
parameter 10  1.319376 ->  0.500000 qaram    1.1500
parameter 11  0.520360 ->  0.500000 qaram    1.1500
parameters
   -2.7817  -10.3824    8.5734   -4.6329   -8.3371   -7.9458
    7.6408   -0.2176   -6.2421   23.1216    0.3016  -26.3026
eta,q 0.96110 11.32583
  0.0632  0.0625  0.0620  0.0528  0.0464  0.0407  0.0449  0.0478  0.0469  0.0382  0.0392  0.0413
  0.0622  0.0619  0.0617  0.0548  0.0490  0.0428  0.0438  0.0457  0.0452  0.0389  0.0389  0.0401
  0.0618  0.0616  0.0616  0.0577  0.0521  0.0460  0.0433  0.0443  0.0439  0.0404  0.0389  0.0392
  0.0618  0.0617  0.0616  0.0616  0.0555  0.0498  0.0436  0.0433  0.0430  0.0428  0.0392  0.0389
  0.0621  0.0622  0.0618  0.0653  0.0592  0.0537  0.0446  0.0430  0.0428  0.0458  0.0399  0.0391
  0.0628  0.0630  0.0623  0.0691  0.0630  0.0578  0.0461  0.0435  0.0430  0.0492  0.0408  0.0396
  0.0640  0.0641  0.0631  0.0736  0.0672  0.0631  0.0481  0.0451  0.0437  0.0530  0.0422  0.0405
niter,ni,del,rscale     7    3    5.0000    1.2000
parameter  4  0.970557 ->  0.500000 qaram    1.3225
parameter  5  1.314518 ->  0.500000 qaram    1.3225
parameter  6  0.640290 ->  0.500000 qaram    1.3225
parameters
   -2.3205  -10.1776    8.4222   -9.3939  -13.0981  -12.7068
    8.2485    0.1617   -6.5799   19.2581   -0.0868  -26.5896
eta,q 0.97269 10.84253
  0.0436  0.0420  0.0406  0.0350  0.0301  0.0298  0.0314  0.0346  0.0304  0.0286  0.0293  0.0287
  0.0414  0.0403  0.0395  0.0350  0.0308  0.0285  0.0299  0.0317  0.0292  0.0275  0.0281  0.0279
  0.0398  0.0392  0.0389  0.0362  0.0326  0.0287  0.0289  0.0293  0.0285  0.0274  0.0275  0.0274
  0.0389  0.0388  0.0388  0.0388  0.0352  0.0312  0.0283  0.0283  0.0283  0.0283  0.0273  0.0273
  0.0388  0.0390  0.0390  0.0425  0.0384  0.0351  0.0284  0.0289  0.0286  0.0302  0.0276  0.0275
  0.0395  0.0397  0.0399  0.0472  0.0422  0.0403  0.0292  0.0308  0.0295  0.0332  0.0284  0.0281
  0.0411  0.0410  0.0412  0.0514  0.0466  0.0454  0.0306  0.0335  0.0308  0.0371  0.0296  0.0288
niter,ni,del,rscale     7    3    5.0000    1.2000
parameters
   -2.0556  -10.2061    7.7190  -10.7159  -17.3880  -14.1705
    8.5322    0.4297   -6.4593   19.4998    0.0251  -28.5999
eta,q 0.97307 10.52013
  0.0319  0.0301  0.0281  0.0311  0.0279  0.0308  0.0295  0.0319  0.0289  0.0309  0.0283  0.0275
  0.0296  0.0285  0.0273  0.0294  0.0270  0.0290  0.0282  0.0294  0.0279  0.0288  0.0276  0.0271
  0.0281  0.0275  0.0271  0.0280  0.0267  0.0276  0.0274  0.0277  0.0273  0.0275  0.0272  0.0269
  0.0273  0.0272  0.0272  0.0270  0.0274  0.0267  0.0270  0.0270  0.0270  0.0270  0.0270  0.0270
  0.0274  0.0276  0.0279  0.0278  0.0294  0.0273  0.0272  0.0273  0.0272  0.0274  0.0271  0.0274
  0.0284  0.0287  0.0290  0.0307  0.0323  0.0308  0.0279  0.0288  0.0278  0.0286  0.0275  0.0279
  0.0303  0.0302  0.0306  0.0357  0.0359  0.0360  0.0292  0.0313  0.0288  0.0305  0.0283  0.0287
niter,ni,del,rscale     6    3    5.0000    1.2000
parameters
   -1.9247   -9.9310    7.3953  -10.3254  -18.2083  -14.5662
    8.5910    0.4905   -6.3382   19.9646   -0.2759  -29.0434
eta,q 0.97310 10.48489
  0.0304  0.0299  0.0280  0.0311  0.0296  0.0316  0.0292  0.0316  0.0287  0.0309  0.0281  0.0279
  0.0286  0.0283  0.0273  0.0294  0.0283  0.0296  0.0280  0.0291  0.0277  0.0288  0.0274  0.0273
  0.0274  0.0273  0.0269  0.0281  0.0273  0.0280  0.0273  0.0275  0.0272  0.0275  0.0270  0.0270
  0.0269  0.0269  0.0269  0.0269  0.0267  0.0268  0.0269  0.0269  0.0269  0.0269  0.0269  0.0269
  0.0271  0.0271  0.0272  0.0264  0.0270  0.0266  0.0271  0.0274  0.0271  0.0273  0.0271  0.0271
  0.0281  0.0277  0.0279  0.0279  0.0287  0.0290  0.0279  0.0290  0.0277  0.0283  0.0275  0.0275
  0.0297  0.0287  0.0289  0.0315  0.0314  0.0340  0.0292  0.0315  0.0286  0.0301  0.0283  0.0281
niter,ni,del,rscale     5    3    5.0000    1.2000
parameters
   -1.9046   -9.7971    7.2869  -10.2235  -18.4426  -14.6983
    8.5669    0.5496   -6.2150   20.1646   -0.4058  -29.1476
eta,q 0.97305 10.47397
  0.0301  0.0294  0.0283  0.0310  0.0300  0.0318  0.0292  0.0317  0.0286  0.0306  0.0282  0.0280
  0.0284  0.0280  0.0275  0.0294  0.0286  0.0298  0.0280  0.0292  0.0277  0.0286  0.0275  0.0274
  0.0273  0.0272  0.0270  0.0281  0.0275  0.0281  0.0273  0.0275  0.0272  0.0274  0.0271  0.0270
  0.0269  0.0269  0.0269  0.0269  0.0269  0.0269  0.0269  0.0269  0.0269  0.0269  0.0269  0.0269
  0.0272  0.0271  0.0271  0.0266  0.0269  0.0266  0.0272  0.0274  0.0271  0.0273  0.0271  0.0271
  0.0283  0.0278  0.0277  0.0283  0.0283  0.0287  0.0280  0.0290  0.0277  0.0284  0.0275  0.0274
  0.0301  0.0288  0.0285  0.0320  0.0308  0.0336  0.0293  0.0315  0.0286  0.0302  0.0283  0.0280
niter,ni,del,rscale     4    3    5.0000    1.2000
parameters
   -1.8923   -9.7364    7.2485  -10.1843  -18.5491  -14.7564
    8.5387    0.5776   -6.1368   20.2518   -0.4719  -29.1716
eta,q 0.97303 10.46832
  0.0301  0.0292  0.0284  0.0310  0.0300  0.0319  0.0292  0.0316  0.0286  0.0305  0.0282  0.0280
  0.0284  0.0279  0.0276  0.0294  0.0286  0.0298  0.0281  0.0292  0.0277  0.0286  0.0275  0.0274
  0.0274  0.0271  0.0271  0.0282  0.0276  0.0282  0.0273  0.0275  0.0272  0.0274  0.0271  0.0271
  0.0269  0.0269  0.0269  0.0270  0.0269  0.0270  0.0270  0.0270  0.0270  0.0270  0.0270  0.0270
  0.0272  0.0272  0.0271  0.0266  0.0270  0.0266  0.0272  0.0275  0.0271  0.0274  0.0271  0.0271
  0.0283  0.0279  0.0276  0.0284  0.0283  0.0286  0.0280  0.0291  0.0277  0.0285  0.0276  0.0274
  0.0301  0.0289  0.0285  0.0321  0.0307  0.0334  0.0293  0.0316  0.0286  0.0303  0.0283  0.0280
niter,ni,del,rscale     3    3    5.0000    1.2000
parameters
   -1.8844   -9.7084    7.2312  -10.1662  -18.6051  -14.7850
    8.5187    0.5932   -6.1027   20.2893   -0.4986  -29.1722
eta,q 0.97302 10.46511
  0.0301  0.0291  0.0284  0.0310  0.0300  0.0319  0.0292  0.0316  0.0286  0.0305  0.0283  0.0280
  0.0284  0.0279  0.0276  0.0294  0.0287  0.0298  0.0281  0.0292  0.0277  0.0285  0.0275  0.0274
  0.0274  0.0271  0.0271  0.0282  0.0276  0.0282  0.0273  0.0275  0.0272  0.0273  0.0271  0.0271
  0.0270  0.0270  0.0270  0.0270  0.0270  0.0270  0.0270  0.0270  0.0270  0.0270  0.0270  0.0270
  0.0273  0.0273  0.0271  0.0267  0.0270  0.0266  0.0272  0.0275  0.0271  0.0274  0.0271  0.0271
  0.0283  0.0279  0.0276  0.0284  0.0283  0.0286  0.0280  0.0291  0.0277  0.0285  0.0276  0.0275
  0.0302  0.0289  0.0285  0.0321  0.0307  0.0334  0.0294  0.0316  0.0286  0.0303  0.0283  0.0280
niter,ni,del,rscale     2    3    5.0000    1.2000
parameters
   -1.8807   -9.6936    7.2213  -10.1521  -18.6297  -14.8018
    8.5139    0.5987   -6.0796   20.3078   -0.5056  -29.1775
eta,q 0.97301 10.46377
  0.0301  0.0291  0.0284  0.0310  0.0301  0.0319  0.0293  0.0316  0.0286  0.0304  0.0283  0.0280
  0.0284  0.0278  0.0276  0.0295  0.0287  0.0298  0.0281  0.0292  0.0277  0.0285  0.0275  0.0274
  0.0274  0.0271  0.0272  0.0282  0.0276  0.0282  0.0273  0.0275  0.0272  0.0273  0.0271  0.0271
  0.0270  0.0270  0.0270  0.0270  0.0270  0.0270  0.0270  0.0270  0.0270  0.0270  0.0270  0.0270
  0.0273  0.0273  0.0271  0.0267  0.0270  0.0266  0.0272  0.0275  0.0272  0.0274  0.0271  0.0271
  0.0284  0.0279  0.0276  0.0284  0.0282  0.0286  0.0280  0.0291  0.0277  0.0285  0.0276  0.0275
  0.0302  0.0289  0.0284  0.0321  0.0306  0.0334  0.0294  0.0316  0.0286  0.0304  0.0283  0.0280
registration optimization eta report
parameter search radius
    2.4000    2.4000    2.4000    9.5220    9.5220    9.5220
    7.2000    7.2000    7.2000    8.2800    8.2800    7.2000
100000*second partial in parameter space
       55.       35.       25.        5.        4.        6.
        4.        9.        3.        5.        2.        2.
  0.0301  0.0291  0.0284  0.0310  0.0301  0.0319  0.0293  0.0316  0.0286  0.0304  0.0283  0.0280
  0.0284  0.0278  0.0276  0.0295  0.0287  0.0298  0.0281  0.0292  0.0277  0.0285  0.0275  0.0274
  0.0274  0.0271  0.0272  0.0282  0.0276  0.0282  0.0273  0.0275  0.0272  0.0273  0.0271  0.0271
  0.0270  0.0270  0.0270  0.0270  0.0270  0.0270  0.0270  0.0270  0.0270  0.0270  0.0270  0.0270
  0.0273  0.0273  0.0271  0.0267  0.0270  0.0266  0.0272  0.0275  0.0272  0.0274  0.0271  0.0271
  0.0284  0.0279  0.0276  0.0284  0.0282  0.0286  0.0280  0.0291  0.0277  0.0285  0.0276  0.0275
  0.0302  0.0289  0.0284  0.0321  0.0306  0.0334  0.0294  0.0316  0.0286  0.0304  0.0283  0.0280
   -1.8807   -9.6936    7.2213  -10.1521  -18.6297  -14.8018
    8.5139    0.5987   -6.0796   20.3078   -0.5056  -29.1775
eta,q 0.97301 10.46377

---------------------------------------------------------------------
imgreg_4dfp /opt/freesurfer/average/711-2C_as_mni_average_305 /opt/freesurfer/average/711-2B_as_mni_average_305_mask talsrcimg_g11 none talsrcimg_to_711-2C_as_mni_average_305_t4 2311
---------------------------------------------------------------------

freesurfer imgreg_4dfp.c
/opt/freesurfer/average/711-2C_as_mni_average_305.4dfp.img
       256       256       256         1
  1.000000  1.000000  1.000000
orientation T byte_order littleendian
Reading image: /opt/freesurfer/average/711-2C_as_mni_average_305.4dfp.img
dimensions:      256       256       256
mmppix:       1.0000   -1.0000   -1.0000
center:     128.0000 -129.0000 -129.0000
/opt/freesurfer/average/711-2B_as_mni_average_305_mask.4dfp.img
       256       256       256         1
  1.000000  1.000000  1.000000
orientation T byte_order littleendian
Reading mask: /opt/freesurfer/average/711-2B_as_mni_average_305_mask.4dfp.img (2306576 pixels)
talsrcimg_g11.4dfp.img
       256       256       256         1
  1.000000  1.000000  1.000000
orientation T byte_order littleendian
Reading image: talsrcimg_g11.4dfp.img
dimensions:      256       256       256
mmppix:       1.0000   -1.0000   -1.0000
center:     128.0000 -129.0000 -129.0000
fimgreg.f
image alignment mode   2311 decimal      907 hex
parameters
   -1.8807   -9.6936    7.2213  -10.1521  -18.6297  -14.8018
    8.5139    0.5987   -6.0796   20.3078   -0.5056  -29.1775
eta,q 0.97301 10.46377
niter,ni,del,rscale     5    3    5.0000    0.8000
parameters
   -1.8523   -9.7627    7.2277   -8.2650  -17.5972  -13.6490
    8.2758    0.6536   -6.1801   19.9911   -0.6806  -29.0208
eta,q 0.97371 10.62523
  0.0284  0.0278  0.0276  0.0288  0.0278  0.0285  0.0275  0.0293  0.0271  0.0274  0.0270  0.0269
  0.0277  0.0273  0.0273  0.0282  0.0272  0.0277  0.0268  0.0278  0.0267  0.0267  0.0266  0.0265
  0.0272  0.0270  0.0271  0.0276  0.0268  0.0270  0.0264  0.0267  0.0264  0.0264  0.0264  0.0263
  0.0270  0.0270  0.0270  0.0270  0.0266  0.0265  0.0263  0.0263  0.0263  0.0263  0.0263  0.0263
  0.0271  0.0271  0.0271  0.0266  0.0265  0.0263  0.0265  0.0267  0.0264  0.0265  0.0264  0.0263
  0.0276  0.0275  0.0273  0.0267  0.0266  0.0265  0.0270  0.0277  0.0267  0.0270  0.0267  0.0265
  0.0284  0.0279  0.0276  0.0274  0.0271  0.0274  0.0278  0.0292  0.0272  0.0277  0.0271  0.0268
niter,ni,del,rscale     4    3    5.0000    0.7000
parameters
   -1.9381   -9.8809    7.5366   -8.7021  -17.3163  -13.1717
    8.4505    0.5968   -6.2868   19.9202   -0.7018  -28.8523
eta,q 0.97382 10.64457
  0.0275  0.0270  0.0272  0.0274  0.0271  0.0278  0.0272  0.0285  0.0268  0.0272  0.0268  0.0267
  0.0268  0.0265  0.0267  0.0269  0.0267  0.0271  0.0267  0.0272  0.0265  0.0266  0.0265  0.0264
  0.0264  0.0263  0.0264  0.0264  0.0264  0.0266  0.0263  0.0264  0.0262  0.0263  0.0262  0.0262
  0.0263  0.0263  0.0263  0.0262  0.0263  0.0262  0.0262  0.0262  0.0262  0.0262  0.0262  0.0262
  0.0265  0.0264  0.0262  0.0265  0.0263  0.0262  0.0262  0.0265  0.0263  0.0263  0.0263  0.0262
  0.0270  0.0267  0.0264  0.0272  0.0265  0.0265  0.0266  0.0273  0.0265  0.0267  0.0265  0.0264
  0.0279  0.0272  0.0266  0.0282  0.0270  0.0274  0.0271  0.0286  0.0269  0.0272  0.0268  0.0266
niter,ni,del,rscale     3    3    5.0000    0.6000
parameters
   -1.9401   -9.9405    7.5897   -8.8194  -17.1497  -12.9766
    8.4961    0.5807   -6.3278   19.8689   -0.7216  -28.7835
eta,q 0.97384 10.65552
  0.0272  0.0268  0.0267  0.0272  0.0268  0.0273  0.0269  0.0279  0.0267  0.0269  0.0266  0.0265
  0.0266  0.0264  0.0264  0.0268  0.0265  0.0268  0.0265  0.0270  0.0264  0.0265  0.0264  0.0263
  0.0263  0.0262  0.0262  0.0264  0.0263  0.0264  0.0263  0.0263  0.0262  0.0262  0.0262  0.0262
  0.0262  0.0262  0.0262  0.0262  0.0262  0.0262  0.0262  0.0261  0.0262  0.0262  0.0262  0.0262
  0.0263  0.0263  0.0262  0.0263  0.0262  0.0262  0.0262  0.0264  0.0262  0.0263  0.0262  0.0262
  0.0266  0.0265  0.0264  0.0268  0.0264  0.0265  0.0265  0.0270  0.0264  0.0265  0.0264  0.0263
  0.0272  0.0269  0.0266  0.0275  0.0268  0.0272  0.0269  0.0279  0.0267  0.0270  0.0266  0.0265
niter,ni,del,rscale     2    3    5.0000    0.5000
parameters
   -1.9392   -9.9741    7.6097   -8.8120  -17.0261  -12.8421
    8.5100    0.5820   -6.3380   19.8431   -0.7228  -28.7302
eta,q 0.97386 10.66636
  0.0269  0.0266  0.0265  0.0270  0.0266  0.0269  0.0267  0.0274  0.0265  0.0267  0.0265  0.0264
  0.0265  0.0263  0.0263  0.0266  0.0264  0.0266  0.0264  0.0267  0.0263  0.0264  0.0263  0.0262
  0.0262  0.0262  0.0262  0.0263  0.0262  0.0263  0.0262  0.0263  0.0262  0.0262  0.0262  0.0262
  0.0262  0.0262  0.0262  0.0262  0.0262  0.0261  0.0261  0.0261  0.0261  0.0261  0.0261  0.0261
  0.0262  0.0262  0.0262  0.0262  0.0262  0.0262  0.0262  0.0263  0.0262  0.0262  0.0262  0.0262
  0.0265  0.0264  0.0263  0.0265  0.0263  0.0264  0.0264  0.0267  0.0263  0.0264  0.0263  0.0262
  0.0269  0.0266  0.0265  0.0271  0.0266  0.0269  0.0267  0.0274  0.0265  0.0267  0.0265  0.0264
niter,ni,del,rscale     1    3    5.0000    0.4000
parameters
   -1.9428   -9.9928    7.6227   -8.7767  -16.9312  -12.7340
    8.5196    0.5746   -6.3697   19.8296   -0.7186  -28.6969
eta,q 0.97387 10.67597
  0.0266  0.0264  0.0264  0.0267  0.0264  0.0266  0.0265  0.0270  0.0264  0.0265  0.0264  0.0263
  0.0263  0.0263  0.0262  0.0264  0.0263  0.0264  0.0263  0.0265  0.0262  0.0263  0.0262  0.0262
  0.0262  0.0262  0.0262  0.0262  0.0262  0.0262  0.0262  0.0262  0.0262  0.0262  0.0262  0.0261
  0.0261  0.0261  0.0261  0.0261  0.0261  0.0261  0.0261  0.0261  0.0261  0.0261  0.0261  0.0261
  0.0262  0.0262  0.0262  0.0262  0.0262  0.0261  0.0262  0.0262  0.0262  0.0262  0.0262  0.0261
  0.0263  0.0263  0.0262  0.0264  0.0262  0.0263  0.0263  0.0265  0.0262  0.0263  0.0262  0.0262
  0.0266  0.0264  0.0264  0.0267  0.0264  0.0266  0.0265  0.0270  0.0264  0.0265  0.0264  0.0263
registration optimization eta report
parameter search radius
    0.8000    0.8000    0.8000    2.4000    2.4000    2.4000
    2.4000    2.4000    2.4000    2.4000    2.4000    2.4000
100000*second partial in parameter space
       74.       46.       36.       10.        5.        9.
        6.       15.        4.        6.        4.        3.
  0.0266  0.0264  0.0264  0.0267  0.0264  0.0266  0.0265  0.0270  0.0264  0.0265  0.0264  0.0263
  0.0263  0.0263  0.0262  0.0264  0.0263  0.0264  0.0263  0.0265  0.0262  0.0263  0.0262  0.0262
  0.0262  0.0262  0.0262  0.0262  0.0262  0.0262  0.0262  0.0262  0.0262  0.0262  0.0262  0.0261
  0.0261  0.0261  0.0261  0.0261  0.0261  0.0261  0.0261  0.0261  0.0261  0.0261  0.0261  0.0261
  0.0262  0.0262  0.0262  0.0262  0.0262  0.0261  0.0262  0.0262  0.0262  0.0262  0.0262  0.0261
  0.0263  0.0263  0.0262  0.0264  0.0262  0.0263  0.0263  0.0265  0.0262  0.0263  0.0262  0.0262
  0.0266  0.0264  0.0264  0.0267  0.0264  0.0266  0.0265  0.0270  0.0264  0.0265  0.0264  0.0263
   -1.9428   -9.9928    7.6227   -8.7767  -16.9312  -12.7340
    8.5196    0.5746   -6.3697   19.8296   -0.7186  -28.6969
eta,q 0.97387 10.67597

---------------------------------------------------------------------
imgreg_4dfp /opt/freesurfer/average/711-2C_as_mni_average_305 /opt/freesurfer/average/711-2B_as_mni_average_305_mask talsrcimg_g11 none talsrcimg_to_711-2C_as_mni_average_305_t4 2311
---------------------------------------------------------------------

freesurfer imgreg_4dfp.c
/opt/freesurfer/average/711-2C_as_mni_average_305.4dfp.img
       256       256       256         1
  1.000000  1.000000  1.000000
orientation T byte_order littleendian
Reading image: /opt/freesurfer/average/711-2C_as_mni_average_305.4dfp.img
dimensions:      256       256       256
mmppix:       1.0000   -1.0000   -1.0000
center:     128.0000 -129.0000 -129.0000
/opt/freesurfer/average/711-2B_as_mni_average_305_mask.4dfp.img
       256       256       256         1
  1.000000  1.000000  1.000000
orientation T byte_order littleendian
Reading mask: /opt/freesurfer/average/711-2B_as_mni_average_305_mask.4dfp.img (2306576 pixels)
talsrcimg_g11.4dfp.img
       256       256       256         1
  1.000000  1.000000  1.000000
orientation T byte_order littleendian
Reading image: talsrcimg_g11.4dfp.img
dimensions:      256       256       256
mmppix:       1.0000   -1.0000   -1.0000
center:     128.0000 -129.0000 -129.0000
fimgreg.f
image alignment mode   2311 decimal      907 hex
parameters
   -1.9428   -9.9928    7.6227   -8.7767  -16.9312  -12.7340
    8.5196    0.5746   -6.3697   19.8296   -0.7186  -28.6969
eta,q 0.97387 10.67597
niter,ni,del,rscale     5    3    5.0000    0.8000
parameters
   -1.9636   -9.9621    7.6509   -9.2187  -17.3029  -13.1029
    8.5700    0.5582   -6.3030   19.8823   -0.7090  -28.7868
eta,q 0.97378 10.63046
  0.0279  0.0274  0.0271  0.0276  0.0271  0.0278  0.0275  0.0291  0.0272  0.0276  0.0270  0.0268
  0.0269  0.0267  0.0266  0.0270  0.0266  0.0270  0.0268  0.0275  0.0267  0.0269  0.0266  0.0265
  0.0263  0.0263  0.0262  0.0264  0.0263  0.0265  0.0264  0.0265  0.0263  0.0264  0.0263  0.0263
  0.0261  0.0261  0.0261  0.0261  0.0262  0.0262  0.0262  0.0262  0.0262  0.0262  0.0262  0.0262
  0.0263  0.0263  0.0262  0.0264  0.0263  0.0263  0.0263  0.0266  0.0263  0.0264  0.0263  0.0263
  0.0270  0.0266  0.0265  0.0273  0.0268  0.0271  0.0268  0.0276  0.0266  0.0268  0.0266  0.0265
  0.0280  0.0272  0.0270  0.0286  0.0276  0.0288  0.0275  0.0291  0.0271  0.0275  0.0270  0.0268
niter,ni,del,rscale     4    3    5.0000    0.7000
parameters
   -1.9247   -9.9497    7.5719   -9.0148  -17.2392  -13.0881
    8.5122    0.5843   -6.2898   19.8776   -0.7226  -28.8434
eta,q 0.97382 10.64087
  0.0276  0.0271  0.0268  0.0277  0.0270  0.0276  0.0271  0.0285  0.0269  0.0272  0.0268  0.0266
  0.0269  0.0266  0.0265  0.0271  0.0266  0.0269  0.0266  0.0273  0.0265  0.0267  0.0265  0.0264
  0.0264  0.0263  0.0263  0.0266  0.0263  0.0264  0.0263  0.0265  0.0263  0.0263  0.0262  0.0262
  0.0262  0.0262  0.0262  0.0262  0.0262  0.0262  0.0262  0.0262  0.0262  0.0262  0.0262  0.0262
  0.0263  0.0263  0.0263  0.0262  0.0262  0.0262  0.0263  0.0265  0.0263  0.0263  0.0263  0.0262
  0.0268  0.0266  0.0266  0.0267  0.0265  0.0267  0.0266  0.0273  0.0265  0.0267  0.0265  0.0264
  0.0275  0.0271  0.0269  0.0276  0.0271  0.0278  0.0272  0.0285  0.0269  0.0272  0.0268  0.0266
niter,ni,del,rscale     3    3    5.0000    0.6000
parameters
   -1.9261   -9.9617    7.5776   -8.8906  -17.1387  -12.9697
    8.4977    0.5910   -6.3180   19.8653   -0.7209  -28.8040
eta,q 0.97384 10.65417
  0.0272  0.0268  0.0267  0.0273  0.0268  0.0273  0.0269  0.0279  0.0267  0.0269  0.0266  0.0265
  0.0266  0.0265  0.0264  0.0269  0.0265  0.0267  0.0265  0.0270  0.0264  0.0265  0.0264  0.0263
  0.0263  0.0262  0.0262  0.0264  0.0263  0.0264  0.0263  0.0264  0.0262  0.0262  0.0262  0.0262
  0.0262  0.0262  0.0262  0.0262  0.0262  0.0262  0.0262  0.0262  0.0262  0.0262  0.0262  0.0262
  0.0263  0.0263  0.0262  0.0262  0.0262  0.0262  0.0262  0.0264  0.0262  0.0263  0.0262  0.0262
  0.0266  0.0265  0.0264  0.0266  0.0264  0.0265  0.0265  0.0270  0.0264  0.0265  0.0264  0.0263
  0.0272  0.0268  0.0267  0.0273  0.0268  0.0273  0.0269  0.0279  0.0267  0.0269  0.0266  0.0265
niter,ni,del,rscale     2    3    5.0000    0.5000
parameters
   -1.9341   -9.9745    7.6057   -8.8187  -17.0361  -12.8419
    8.5104    0.5833   -6.3483   19.8471   -0.7202  -28.7516
eta,q 0.97386 10.66583
  0.0269  0.0266  0.0265  0.0270  0.0266  0.0269  0.0267  0.0274  0.0265  0.0267  0.0265  0.0264
  0.0265  0.0263  0.0263  0.0266  0.0264  0.0266  0.0264  0.0267  0.0263  0.0264  0.0263  0.0262
  0.0262  0.0262  0.0262  0.0263  0.0262  0.0263  0.0262  0.0263  0.0262  0.0262  0.0262  0.0262
  0.0262  0.0262  0.0262  0.0262  0.0262  0.0261  0.0261  0.0261  0.0261  0.0261  0.0261  0.0261
  0.0262  0.0262  0.0262  0.0262  0.0262  0.0262  0.0262  0.0263  0.0262  0.0262  0.0262  0.0262
  0.0265  0.0264  0.0263  0.0265  0.0263  0.0264  0.0264  0.0267  0.0263  0.0264  0.0263  0.0262
  0.0269  0.0266  0.0265  0.0270  0.0266  0.0269  0.0267  0.0274  0.0265  0.0267  0.0265  0.0264
niter,ni,del,rscale     1    3    5.0000    0.4000
parameters
   -1.9421   -9.9935    7.6249   -8.7751  -16.9209  -12.7326
    8.5113    0.5730   -6.3621   19.8268   -0.7125  -28.6992
eta,q 0.97387 10.67654
  0.0266  0.0264  0.0264  0.0267  0.0264  0.0266  0.0265  0.0270  0.0264  0.0265  0.0264  0.0263
  0.0263  0.0263  0.0263  0.0265  0.0263  0.0264  0.0263  0.0265  0.0262  0.0263  0.0262  0.0262
  0.0262  0.0262  0.0262  0.0262  0.0262  0.0262  0.0262  0.0262  0.0262  0.0262  0.0262  0.0262
  0.0261  0.0261  0.0261  0.0261  0.0261  0.0261  0.0261  0.0261  0.0261  0.0261  0.0261  0.0261
  0.0262  0.0262  0.0262  0.0262  0.0262  0.0261  0.0262  0.0262  0.0262  0.0262  0.0262  0.0261
  0.0264  0.0263  0.0262  0.0264  0.0262  0.0263  0.0263  0.0265  0.0262  0.0263  0.0262  0.0262
  0.0266  0.0264  0.0264  0.0267  0.0264  0.0266  0.0265  0.0270  0.0264  0.0265  0.0264  0.0263
registration optimization eta report
parameter search radius
    0.8000    0.8000    0.8000    2.4000    2.4000    2.4000
    2.4000    2.4000    2.4000    2.4000    2.4000    2.4000
100000*second partial in parameter space
       73.       45.       36.       10.        5.        9.
        6.       15.        4.        6.        4.        3.
  0.0266  0.0264  0.0264  0.0267  0.0264  0.0266  0.0265  0.0270  0.0264  0.0265  0.0264  0.0263
  0.0263  0.0263  0.0263  0.0265  0.0263  0.0264  0.0263  0.0265  0.0262  0.0263  0.0262  0.0262
  0.0262  0.0262  0.0262  0.0262  0.0262  0.0262  0.0262  0.0262  0.0262  0.0262  0.0262  0.0262
  0.0261  0.0261  0.0261  0.0261  0.0261  0.0261  0.0261  0.0261  0.0261  0.0261  0.0261  0.0261
  0.0262  0.0262  0.0262  0.0262  0.0262  0.0261  0.0262  0.0262  0.0262  0.0262  0.0262  0.0261
  0.0264  0.0263  0.0262  0.0264  0.0262  0.0263  0.0263  0.0265  0.0262  0.0263  0.0262  0.0262
  0.0266  0.0264  0.0264  0.0267  0.0264  0.0266  0.0265  0.0270  0.0264  0.0265  0.0264  0.0263
   -1.9421   -9.9935    7.6249   -8.7751  -16.9209  -12.7326
    8.5113    0.5730   -6.3621   19.8268   -0.7125  -28.6992
eta,q 0.97387 10.67654

---------------------------------------------------------------------
compute_vox2vox talsrcimg talsrcimg_to_711-2C_as_mni_average_305_t4 /opt/freesurfer/average/711-2C_as_mni_average_305
---------------------------------------------------------------------

freesurfer compute_vox2vox.c
Reading: talsrcimg.4dfp.ifh
Reading: talsrcimg_to_711-2C_as_mni_average_305_t4
Reading: /opt/freesurfer/average/711-2C_as_mni_average_305.4dfp.ifh
Writing: talsrcimg_to_711-2C_as_mni_average_305_t4_vox2vox.txt

start time Sat Mar 14 03:00:15 CET 2026
end		time Sat Mar 14 03:01:46 CET 2026

mpr2mni305 success

avi2talxfm orig_nu.mgz /opt/freesurfer/average/mni305.cor.mgz talsrcimg_to_711-2C_as_mni_average_305_t4_vox2vox.txt transforms/talairach.auto.xfm
avi2talxfm done
mv -f /out/sourcedata/freesurfer/sub-v2s8x29244_ses-1/mri/talsrcimg_to_711-2C_as_mni_average_305_t4_vox2vox.txt /out/sourcedata/freesurfer/sub-v2s8x29244_ses-1/mri/transforms/talsrcimg_to_711-2C_as_mni_average_305_t4_vox2vox.txt
lta_convert --src orig_nu.mgz --trg /opt/freesurfer/average/mni305.cor.mgz --inxfm transforms/talairach.auto.xfm --outlta transforms/talairach.auto.xfm.lta --subject fsaverage
7.3.2

--src: orig_nu.mgz src image (geometry).
--trg: /opt/freesurfer/average/mni305.cor.mgz trg image (geometry).
--inmni: transforms/talairach.auto.xfm input MNI/XFM transform.
--outlta: transforms/talairach.auto.xfm.lta output LTA.
--s: fsaverage subject name
 LTA read, type : 1
 1.08895   0.01687  -0.10573   0.25249;
 0.03367   1.06304   0.36377   5.75637;
 0.07536  -0.25240   1.10876   11.84254;
 0.00000   0.00000   0.00000   1.00000;
setting subject to fsaverage
Writing  LTA to file transforms/talairach.auto.xfm.lta...
lta_convert successful.
 
 
Started at Sat Mar 14 03:00:15 CET 2026
Ended   at Sat Mar 14 03:01:46 CET 2026
talairach_avi done
