status file for recon-all
Sat Mar 14 04:36:47 CET 2026
#@# Tessellate rh Sat Mar 14 04:36:47 CET 2026
#@# Smooth1 rh Sat Mar 14 04:36:51 CET 2026
#@# Inflation1 rh Sat Mar 14 04:36:53 CET 2026
#@# QSphere rh Sat Mar 14 04:37:07 CET 2026
#@# Fix Topology rh Sat Mar 14 04:38:17 CET 2026
#@# Smooth2 rh Sat Mar 14 04:47:11 CET 2026
#@# Inflation2 rh Sat Mar 14 04:47:14 CET 2026
#@# Curv .H and .K rh Sat Mar 14 04:47:29 CET 2026
#@# Sphere rh Sat Mar 14 04:48:14 CET 2026
#@# Surf Reg rh Sat Mar 14 04:52:03 CET 2026
#@# Jacobian white rh Sat Mar 14 04:56:20 CET 2026
#@# AvgCurv rh Sat Mar 14 04:56:22 CET 2026
#@# Cortical Parc rh Sat Mar 14 04:56:22 CET 2026
#@# white curv rh Sat Mar 14 05:02:34 CET 2026
#@# white area rh Sat Mar 14 05:02:36 CET 2026
#@# pial curv rh Sat Mar 14 05:02:37 CET 2026
#@# pial area rh Sat Mar 14 05:02:39 CET 2026
#@# thickness rh Sat Mar 14 05:02:39 CET 2026
#@# area and vertex vol rh Sat Mar 14 05:03:09 CET 2026
#@# Curvature Stats rh Sat Mar 14 05:03:11 CET 2026
#@# Cortical Parc 2 rh Sat Mar 14 05:03:14 CET 2026
#@# Cortical Parc 3 rh Sat Mar 14 05:03:27 CET 2026
#@# WM/GM Contrast rh Sat Mar 14 05:03:38 CET 2026
recon-all -s sub-v2s8x29232_ses-1 finished without error at Sat Mar 14 05:03:42 CET 2026



#New# invocation of recon-all 



status file for recon-all
Sat Mar 14 05:13:47 CET 2026
#@# white curv rh Sat Mar 14 05:13:47 CET 2026
#@# white area rh Sat Mar 14 05:13:47 CET 2026
#@# pial curv rh Sat Mar 14 05:13:47 CET 2026
#@# pial area rh Sat Mar 14 05:13:47 CET 2026
#@# thickness rh Sat Mar 14 05:13:47 CET 2026
#@# area and vertex vol rh Sat Mar 14 05:13:47 CET 2026
#@# Parcellation Stats rh Sat Mar 14 05:13:47 CET 2026
#@# Parcellation Stats 2 rh Sat Mar 14 05:14:04 CET 2026
#@# Parcellation Stats 3 rh Sat Mar 14 05:14:13 CET 2026
#@# BA_exvivo Labels rh Sat Mar 14 05:14:22 CET 2026
recon-all -s sub-v2s8x29232_ses-1 finished without error at Sat Mar 14 05:17:06 CET 2026
