status file for recon-all
Sat Mar 14 02:19:41 CET 2026
#@# MotionCor Sat Mar 14 02:19:43 CET 2026
#@# Talairach Sat Mar 14 02:19:53 CET 2026
#@# Talairach Failure Detection Sat Mar 14 02:24:24 CET 2026
#@# Nu Intensity Correction Sat Mar 14 02:24:24 CET 2026
#@# Intensity Normalization Sat Mar 14 02:27:40 CET 2026
recon-all -s sub-v2s8x29232_ses-1 finished without error at Sat Mar 14 02:29:03 CET 2026



#New# invocation of recon-all 



status file for recon-all
Sat Mar 14 02:36:24 CET 2026
#@# EM Registration Sat Mar 14 02:36:24 CET 2026
recon-all -s sub-v2s8x29232_ses-1 finished without error at Sat Mar 14 02:38:07 CET 2026



#New# invocation of recon-all 



status file for recon-all
Sat Mar 14 02:38:12 CET 2026
#@# CA Normalize Sat Mar 14 02:38:12 CET 2026
#@# CA Reg Sat Mar 14 02:39:33 CET 2026
#@# SubCort Seg Sat Mar 14 03:35:50 CET 2026
#@# CC Seg Sat Mar 14 04:06:42 CET 2026
#@# Merge ASeg Sat Mar 14 04:07:19 CET 2026
#@# Intensity Normalization2 Sat Mar 14 04:07:19 CET 2026
#@# Mask BFS Sat Mar 14 04:09:26 CET 2026
#@# WM Segmentation Sat Mar 14 04:09:27 CET 2026
#@# Fill Sat Mar 14 04:11:23 CET 2026
recon-all -s sub-v2s8x29232_ses-1 finished without error at Sat Mar 14 04:12:27 CET 2026



#New# invocation of recon-all 



status file for recon-all
Sat Mar 14 05:03:47 CET 2026
#@# white curv lh Sat Mar 14 05:03:47 CET 2026
#@# white area lh Sat Mar 14 05:03:47 CET 2026
#@# pial curv lh Sat Mar 14 05:03:47 CET 2026
#@# pial area lh Sat Mar 14 05:03:47 CET 2026
#@# thickness lh Sat Mar 14 05:03:47 CET 2026
#@# area and vertex vol lh Sat Mar 14 05:03:47 CET 2026
#@# white curv rh Sat Mar 14 05:03:47 CET 2026
#@# white area rh Sat Mar 14 05:03:47 CET 2026
#@# pial curv rh Sat Mar 14 05:03:47 CET 2026
#@# pial area rh Sat Mar 14 05:03:47 CET 2026
#@# thickness rh Sat Mar 14 05:03:47 CET 2026
#@# area and vertex vol rh Sat Mar 14 05:03:47 CET 2026
#@# Cortical ribbon mask Sat Mar 14 05:03:47 CET 2026
recon-all -s sub-v2s8x29232_ses-1 finished without error at Sat Mar 14 05:10:18 CET 2026



#New# invocation of recon-all 



status file for recon-all
Sat Mar 14 05:17:11 CET 2026
#@# white curv lh Sat Mar 14 05:17:11 CET 2026
#@# white area lh Sat Mar 14 05:17:11 CET 2026
#@# pial curv lh Sat Mar 14 05:17:11 CET 2026
#@# pial area lh Sat Mar 14 05:17:11 CET 2026
#@# thickness lh Sat Mar 14 05:17:11 CET 2026
#@# area and vertex vol lh Sat Mar 14 05:17:11 CET 2026
#@# white curv rh Sat Mar 14 05:17:11 CET 2026
#@# white area rh Sat Mar 14 05:17:11 CET 2026
#@# pial curv rh Sat Mar 14 05:17:11 CET 2026
#@# pial area rh Sat Mar 14 05:17:11 CET 2026
#@# thickness rh Sat Mar 14 05:17:11 CET 2026
#@# area and vertex vol rh Sat Mar 14 05:17:11 CET 2026
#@# Curvature Stats lh Sat Mar 14 05:17:11 CET 2026
#@# Curvature Stats rh Sat Mar 14 05:17:14 CET 2026
#@# Relabel Hypointensities Sat Mar 14 05:17:16 CET 2026
#@# APas-to-ASeg Sat Mar 14 05:17:32 CET 2026
#@# AParc-to-ASeg aparc Sat Mar 14 05:17:40 CET 2026
#@# AParc-to-ASeg aparc.a2009s Sat Mar 14 05:18:32 CET 2026
#@# AParc-to-ASeg aparc.DKTatlas Sat Mar 14 05:19:22 CET 2026
#@# WMParc Sat Mar 14 05:20:13 CET 2026
#@# ASeg Stats Sat Mar 14 05:24:20 CET 2026
recon-all -s sub-v2s8x29232_ses-1 finished without error at Sat Mar 14 05:25:01 CET 2026
