/out/sourcedata/freesurfer/sub-v2s8x29249_ses-1/mri
/opt/freesurfer/bin/talairach_avi
--i orig_nu.mgz --xfm transforms/talairach.auto.xfm
talairach_avi 7.3.2
Linux dna030 5.14.0-427.37.1.el9_4.x86_64 #1 SMP PREEMPT_DYNAMIC Fri Sep 13 12:41:50 EDT 2024 x86_64 x86_64 x86_64 GNU/Linux
Sat Mar 14 03:22:46 CET 2026
mri_convert orig_nu.mgz talsrcimg.img 
reading from orig_nu.mgz...
TR=0.00, TE=0.00, TI=0.00, flip angle=0.00
i_ras = (-1, 0, 0)
j_ras = (0, 0, -1)
k_ras = (0, 1, 0)
writing to talsrcimg.img...
Analyze Output Matrix
-1.00000   0.00000   0.00000   124.60488;
 0.00000   0.00000   1.00000  -128.00000;
 0.00000  -1.00000   0.00000   130.00000;
 0.00000   0.00000   0.00000   1.00000;
--------------------
INFO: set hdr.hist.orient to -1
mpr2mni305 talsrcimg
Sat Mar 14 03:22:47 CET 2026
/opt/freesurfer/bin/mpr2mni305 talsrcimg
mpr2mni305 7.3.2
target=711-2C_as_mni_average_305

---------------------------------------------------------------------
analyzeto4dfp talsrcimg -O0 -y
---------------------------------------------------------------------

freesurfer ifh2hdr.c
Sat Mar 14 03:22:47 2026
Writing: talsrcimg.4dfp.hdr
freesurfer analyzeto4dfp.c
Reading: talsrcimg.hdr
header size 348 bytes
hdr.dime.datatype	offset=70	value=2
hdr.dime.bitpix		offset=72	value=8
hdr.hist.orient		offset=252	value=-1
dimensionality     4
dimensions       256       256       256         1
Reading: talsrcimg.img
Writing: talsrcimg.4dfp.img
Writing: talsrcimg.4dfp.ifh
ifh2hdr talsrcimg -r0to203
ori=2

---------------------------------------------------------------------
gauss_4dfp talsrcimg 1.1
---------------------------------------------------------------------

freesurfer gauss_4dfp.c
Reading: talsrcimg.4dfp.img
Writing: talsrcimg_g11.4dfp.img
image dimensions 256 256 256 padded to 288 288 288
processing volume 1freesurfer ifh2hdr.c
Sat Mar 14 03:22:48 2026
Writing: talsrcimg_g11.4dfp.hdr

Writing: talsrcimg_g11.4dfp.ifh
including: talsrcimg.4dfp.img.rec in talsrcimg_g11.4dfp.img.rec

---------------------------------------------------------------------
imgreg_4dfp /opt/freesurfer/average/711-2C_as_mni_average_305 none talsrcimg_g11 none talsrcimg_to_711-2C_as_mni_average_305_t4 4355
---------------------------------------------------------------------

freesurfer imgreg_4dfp.c
/opt/freesurfer/average/711-2C_as_mni_average_305.4dfp.img
       256       256       256         1
  1.000000  1.000000  1.000000
orientation T byte_order littleendian
Reading image: /opt/freesurfer/average/711-2C_as_mni_average_305.4dfp.img
dimensions:      256       256       256
mmppix:       1.0000   -1.0000   -1.0000
center:     128.0000 -129.0000 -129.0000
talsrcimg_g11.4dfp.img
       256       256       256         1
  1.000000  1.000000  1.000000
orientation T byte_order littleendian
Reading image: talsrcimg_g11.4dfp.img
dimensions:      256       256       256
mmppix:       1.0000   -1.0000   -1.0000
center:     128.0000 -129.0000 -129.0000
t4_read: open error in t4_sub.f l:  41 t4_file(1:l)talsrcimg_to_711-2C_as_mni_average_305_t4 
t4_read: transform initialized to I4
rotation matrix determinant  1.000000
image alignment mode   4355 decimal     1103 hex
   -7.5000  -45.0000  -45.0000 8379.5986   17.8792
    0.0000  -45.0000  -45.0000 8751.0098   17.8474
    7.5000  -45.0000  -45.0000 8295.7842   17.8079
   -7.5000  -37.5000  -45.0000 8980.6924   17.8121
    0.0000  -37.5000  -45.0000 9371.7021   17.7872
    7.5000  -37.5000  -45.0000 8880.1035   17.7561
   -7.5000  -30.0000  -45.0000 9885.3486   17.7736
    0.0000  -30.0000  -45.000010315.4404   17.7524
    7.5000  -30.0000  -45.0000 9768.7949   17.7286
   -7.5000  -22.5000  -45.000010706.6826   17.7742
    0.0000  -22.5000  -45.000011194.9180   17.7498
    7.5000  -22.5000  -45.000010571.3262   17.7231
   -7.5000  -15.0000  -45.000011452.4902   17.7782
    0.0000  -15.0000  -45.000011985.3916   17.7476
    7.5000  -15.0000  -45.000011302.4170   17.7122
   -7.5000   -7.5000  -45.000012141.3887   17.7709
    0.0000   -7.5000  -45.000012681.3467   17.7365
    7.5000   -7.5000  -45.000011949.7500   17.6958
   -7.5000    0.0000  -45.000012742.8818   17.7662
    0.0000    0.0000  -45.000013276.4834   17.7340
    7.5000    0.0000  -45.000012534.4180   17.6949
   -7.5000    7.5000  -45.000012351.9531   17.7650
    0.0000    7.5000  -45.000012886.7852   17.7398
    7.5000    7.5000  -45.000012173.4736   17.7087
   -7.5000   15.0000  -45.000011888.5293   17.7657
    0.0000   15.0000  -45.000012385.2979   17.7443
    7.5000   15.0000  -45.000011698.4160   17.7203
   -7.5000   22.5000  -45.000011325.1885   17.7717
    0.0000   22.5000  -45.000011774.8076   17.7474
    7.5000   22.5000  -45.000011122.0752   17.7206
   -7.5000   30.0000  -45.000010525.4092   17.5413
    0.0000   30.0000  -45.000010953.8271   17.5111
    7.5000   30.0000  -45.000010342.3115   17.4762
   -7.5000   37.5000  -45.000010045.1299   17.5341
    0.0000   37.5000  -45.000010432.0371   17.5001
    7.5000   37.5000  -45.0000 9866.4844   17.4600
   -7.5000   45.0000  -45.0000 9167.0420   17.0843
    0.0000   45.0000  -45.0000 9503.8086   17.0533
    7.5000   45.0000  -45.0000 9003.8428   17.0157
   -7.5000  -45.0000  -37.5000 8870.3428   17.8638
    0.0000  -45.0000  -37.5000 9248.9131   17.8314
    7.5000  -45.0000  -37.5000 8751.5371   17.7950
   -7.5000  -37.5000  -37.5000 9485.7764   17.8040
    0.0000  -37.5000  -37.5000 9893.6582   17.7779
    7.5000  -37.5000  -37.5000 9368.7793   17.7467
   -7.5000  -30.0000  -37.500010436.4668   17.7679
    0.0000  -30.0000  -37.500010888.2852   17.7445
    7.5000  -30.0000  -37.500010298.6719   17.7183
   -7.5000  -22.5000  -37.500011318.4336   17.7607
    0.0000  -22.5000  -37.500011816.6123   17.7342
    7.5000  -22.5000  -37.500011142.9951   17.7064
   -7.5000  -15.0000  -37.500012097.0342   17.7555
    0.0000  -15.0000  -37.500012649.9443   17.7238
    7.5000  -15.0000  -37.500011922.5312   17.6905
   -7.5000   -7.5000  -37.500012807.6387   17.7484
    0.0000   -7.5000  -37.500013367.8154   17.7133
    7.5000   -7.5000  -37.500012599.7949   17.6766
   -7.5000    0.0000  -37.500013422.9766   17.7501
    0.0000    0.0000  -37.500014001.2598   17.7174
    7.5000    0.0000  -37.500013181.8154   17.6813
   -7.5000    7.5000  -37.500012989.3223   17.7564
    0.0000    7.5000  -37.500013555.4443   17.7300
    7.5000    7.5000  -37.500012753.5264   17.6989
   -7.5000   15.0000  -37.500012483.2021   17.7598
    0.0000   15.0000  -37.500013018.7061   17.7364
    7.5000   15.0000  -37.500012227.3906   17.7100
   -7.5000   22.5000  -37.500011870.9629   17.7582
    0.0000   22.5000  -37.500012377.6289   17.7318
    7.5000   22.5000  -37.500011615.4482   17.7040
   -7.5000   30.0000  -37.500011034.9824   17.5189
    0.0000   30.0000  -37.500011493.4775   17.4876
    7.5000   30.0000  -37.500010808.6748   17.4547
   -7.5000   37.5000  -37.500010519.5088   17.5119
    0.0000   37.5000  -37.500010946.5869   17.4773
    7.5000   37.5000  -37.500010296.2559   17.4410
   -7.5000   45.0000  -37.5000 9544.6934   17.0688
    0.0000   45.0000  -37.5000 9924.7578   17.0374
    7.5000   45.0000  -37.5000 9372.4648   17.0027
   -7.5000  -45.0000  -30.0000 9490.3447   18.6113
    0.0000  -45.0000  -30.0000 9903.9834   18.5796
    7.5000  -45.0000  -30.0000 9383.7217   18.5446
   -7.5000  -37.5000  -30.000010141.8477   18.5509
    0.0000  -37.5000  -30.000010580.5771   18.5220
    7.5000  -37.5000  -30.000010017.1729   18.4902
   -7.5000  -30.0000  -30.000011155.7930   18.5091
    0.0000  -30.0000  -30.000011629.0615   18.4798
    7.5000  -30.0000  -30.000011010.2070   18.4512
   -7.5000  -22.5000  -30.000012092.0908   18.4942
    0.0000  -22.5000  -30.000012614.8701   18.4626
    7.5000  -22.5000  -30.000011918.2158   18.4334
   -7.5000  -15.0000  -30.000012924.1650   18.4860
    0.0000  -15.0000  -30.000013516.4375   18.4525
    7.5000  -15.0000  -30.000012748.9209   18.4205
   -7.5000   -7.5000  -30.000013673.2725   18.4842
    0.0000   -7.5000  -30.000014269.6123   18.4499
    7.5000   -7.5000  -30.000013440.4648   18.4155
   -7.5000    0.0000  -30.000014317.2051   18.4928
    0.0000    0.0000  -30.000014940.8564   18.4607
    7.5000    0.0000  -30.000014033.7754   18.4260
   -7.5000    7.5000  -30.000013841.5840   18.5012
    0.0000    7.5000  -30.000014456.7051   18.4720
    7.5000    7.5000  -30.000013554.1943   18.4402
   -7.5000   15.0000  -30.000013282.8027   18.5007
    0.0000   15.0000  -30.000013846.9541   18.4712
    7.5000   15.0000  -30.000012975.6572   18.4426
   -7.5000   22.5000  -30.000012594.2793   18.4898
    0.0000   22.5000  -30.000013130.1387   18.4581
    7.5000   22.5000  -30.000012296.9414   18.4289
   -7.5000   30.0000  -30.000011690.9756   18.2414
    0.0000   30.0000  -30.000012186.9346   18.2083
    7.5000   30.0000  -30.000011437.6826   18.1768
   -7.5000   37.5000  -30.000011120.9287   18.2396
    0.0000   37.5000  -30.000011591.1699   18.2057
    7.5000   37.5000  -30.000010884.5400   18.1718
   -7.5000   45.0000  -30.000010114.4189   17.7961
    0.0000   45.0000  -30.000010518.1826   17.7652
    7.5000   45.0000  -30.0000 9921.3477   17.7318
   -7.5000  -45.0000  -22.500010094.4160   19.2519
    0.0000  -45.0000  -22.500010543.9766   19.2214
    7.5000  -45.0000  -22.500010005.9648   19.1846
   -7.5000  -37.5000  -22.500010783.8105   19.1816
    0.0000  -37.5000  -22.500011251.5537   19.1513
    7.5000  -37.5000  -22.500010678.2744   19.1193
   -7.5000  -30.0000  -22.500011845.9609   19.1299
    0.0000  -30.0000  -22.500012350.1279   19.0969
    7.5000  -30.0000  -22.500011720.0693   19.0688
   -7.5000  -22.5000  -22.500012846.9912   19.1153
    0.0000  -22.5000  -22.500013388.3994   19.0807
    7.5000  -22.5000  -22.500012668.0381   19.0515
   -7.5000  -15.0000  -22.500013712.8604   19.1153
    0.0000  -15.0000  -22.500014311.8076   19.0819
    7.5000  -15.0000  -22.500013513.5479   19.0488
   -7.5000   -7.5000  -22.500014492.0771   19.1209
    0.0000   -7.5000  -22.500015096.8516   19.0886
    7.5000   -7.5000  -22.500014232.6504   19.0521
   -7.5000    0.0000  -22.500015166.6152   19.1301
    0.0000    0.0000  -22.500015804.6855   19.0992
    7.5000    0.0000  -22.500014849.1221   19.0627
   -7.5000    7.5000  -22.500014669.2539   19.1305
    0.0000    7.5000  -22.500015296.8662   19.0999
    7.5000    7.5000  -22.500014344.5322   19.0679
   -7.5000   15.0000  -22.500014037.1191   19.1213
    0.0000   15.0000  -22.500014614.8311   19.0881
    7.5000   15.0000  -22.500013684.1709   19.0599
   -7.5000   22.5000  -22.500013290.7002   19.1094
    0.0000   22.5000  -22.500013813.2910   19.0749
    7.5000   22.5000  -22.500012950.8379   19.0456
   -7.5000   30.0000  -22.500012343.1514   18.8653
    0.0000   30.0000  -22.500012846.9492   18.8323
    7.5000   30.0000  -22.500012037.9824   18.7996
   -7.5000   37.5000  -22.500011724.2119   18.8707
    0.0000   37.5000  -22.500012217.9395   18.8389
    7.5000   37.5000  -22.500011442.1953   18.8028
   -7.5000   45.0000  -22.500010668.0908   18.4232
    0.0000   45.0000  -22.500011098.3164   18.3935
    7.5000   45.0000  -22.500010437.1309   18.3583
   -7.5000  -45.0000  -15.000010713.1602   19.7136
    0.0000  -45.0000  -15.000011168.1924   19.6811
    7.5000  -45.0000  -15.000010608.7100   19.6386
   -7.5000  -37.5000  -15.000011441.8184   19.6332
    0.0000  -37.5000  -15.000011919.6631   19.6014
    7.5000  -37.5000  -15.000011323.3154   19.5673
   -7.5000  -30.0000  -15.000012528.1377   19.5761
    0.0000  -30.0000  -15.000013039.2578   19.5422
    7.5000  -30.0000  -15.000012388.4541   19.5150
   -7.5000  -22.5000  -15.000013535.4824   19.5680
    0.0000  -22.5000  -15.000014109.7109   19.5324
    7.5000  -22.5000  -15.000013394.7627   19.5027
   -7.5000  -15.0000  -15.000014467.0371   19.5781
    0.0000  -15.0000  -15.000015071.9453   19.5432
    7.5000  -15.0000  -15.000014285.4912   19.5060
   -7.5000   -7.5000  -15.000015263.4414   19.5857
    0.0000   -7.5000  -15.000015897.0957   19.5517
    7.5000   -7.5000  -15.000015034.2461   19.5088
   -7.5000    0.0000  -15.000015972.6836   19.5898
    0.0000    0.0000  -15.000016605.9531   19.5569
    7.5000    0.0000  -15.000015682.0840   19.5147
   -7.5000    7.5000  -15.000015481.2852   19.5815
    0.0000    7.5000  -15.000016073.4121   19.5494
    7.5000    7.5000  -15.000015150.8369   19.5153
   -7.5000   15.0000  -15.000014770.2441   19.5673
    0.0000   15.0000  -15.000015339.1221   19.5333
    7.5000   15.0000  -15.000014436.1943   19.5059
   -7.5000   22.5000  -15.000013970.7793   19.5611
    0.0000   22.5000  -15.000014498.8096   19.5255
    7.5000   22.5000  -15.000013643.3594   19.4958
   -7.5000   30.0000  -15.000012972.3604   19.3247
    0.0000   30.0000  -15.000013463.1143   19.2903
    7.5000   30.0000  -15.000012645.6279   19.2535
   -7.5000   37.5000  -15.000012336.0605   19.3323
    0.0000   37.5000  -15.000012814.5957   19.2986
    7.5000   37.5000  -15.000012012.4990   19.2563
   -7.5000   45.0000  -15.000011219.3066   18.8773
    0.0000   45.0000  -15.000011658.0508   18.8457
    7.5000   45.0000  -15.000010948.0312   18.8050
   -7.5000  -45.0000   -7.500011336.1006   19.9405
    0.0000  -45.0000   -7.500011813.5557   19.9054
    7.5000  -45.0000   -7.500011198.5547   19.8596
   -7.5000  -37.5000   -7.500012095.2832   19.8587
    0.0000  -37.5000   -7.500012600.1973   19.8280
    7.5000  -37.5000   -7.500011954.4570   19.7926
   -7.5000  -30.0000   -7.500013206.7148   19.8068
    0.0000  -30.0000   -7.500013747.4365   19.7775
    7.5000  -30.0000   -7.500013083.7637   19.7509
   -7.5000  -22.5000   -7.500014256.7461   19.8065
    0.0000  -22.5000   -7.500014857.3828   19.7743
    7.5000  -22.5000   -7.500014150.6270   19.7447
   -7.5000  -15.0000   -7.500015266.9590   19.8185
    0.0000  -15.0000   -7.500015886.4648   19.7830
    7.5000  -15.0000   -7.500015104.4961   19.7432
   -7.5000   -7.5000   -7.500016160.6143   19.8187
    0.0000   -7.5000   -7.500016805.7480   19.7813
    7.5000   -7.5000   -7.500015958.7480   19.7346
   -7.5000    0.0000   -7.500016894.4414   19.8154
    0.0000    0.0000   -7.500017532.1895   19.7799
    7.5000    0.0000   -7.500016679.0156   19.7344
   -7.5000    7.5000   -7.500016346.7148   19.8066
    0.0000    7.5000   -7.500016933.4629   19.7756
    7.5000    7.5000   -7.500016099.5674   19.7401
   -7.5000   15.0000   -7.500015569.9570   19.7980
    0.0000   15.0000   -7.500016147.5352   19.7684
    7.5000   15.0000   -7.500015292.2998   19.7418
   -7.5000   22.5000   -7.500014742.5674   19.7974
    0.0000   22.5000   -7.500015275.6777   19.7652
    7.5000   22.5000   -7.500014407.4961   19.7356
   -7.5000   30.0000   -7.500013692.5400   19.5615
    0.0000   30.0000   -7.500014174.1836   19.5264
    7.5000   30.0000   -7.500013331.7432   19.4872
   -7.5000   37.5000   -7.500013022.1719   19.5617
    0.0000   37.5000   -7.500013464.2988   19.5248
    7.5000   37.5000   -7.500012657.9150   19.4787
   -7.5000   45.0000   -7.500011849.6064   19.0983
    0.0000   45.0000   -7.500012259.6309   19.0641
    7.5000   45.0000   -7.500011539.6484   19.0203
   -7.5000  -45.0000    0.000011792.7637   19.9764
    0.0000  -45.0000    0.000012296.6738   19.9405
    7.5000  -45.0000    0.000011670.5771   19.8964
   -7.5000  -37.5000    0.000012570.2979   19.9012
    0.0000  -37.5000    0.000013106.4502   19.8729
    7.5000  -37.5000    0.000012440.8311   19.8382
   -7.5000  -30.0000    0.000013704.2363   19.8580
    0.0000  -30.0000    0.000014293.8496   19.8339
    7.5000  -30.0000    0.000013619.9531   19.8072
   -7.5000  -22.5000    0.000014817.9014   19.8587
    0.0000  -22.5000    0.000015449.5732   19.8312
    7.5000  -22.5000    0.000014746.2949   19.8012
   -7.5000  -15.0000    0.000015897.9424   19.8635
    0.0000  -15.0000    0.000016585.1465   19.8291
    7.5000  -15.0000    0.000015781.1973   19.7895
   -7.5000   -7.5000    0.000016844.5957   19.8557
    0.0000   -7.5000    0.000017521.7754   19.8169
    7.5000   -7.5000    0.000016752.6406   19.7714
   -7.5000    0.0000    0.000017582.1074   19.8503
    0.0000    0.0000    0.000018221.4922   19.8139
    7.5000    0.0000    0.000017538.1152   19.7703
   -7.5000    7.5000    0.000017005.7754   19.8486
    0.0000    7.5000    0.000017588.5469   19.8200
    7.5000    7.5000    0.000016892.6484   19.7853
   -7.5000   15.0000    0.000016229.6279   19.8491
    0.0000   15.0000    0.000016794.3438   19.8248
    7.5000   15.0000    0.000016004.7842   19.7980
   -7.5000   22.5000    0.000015349.5830   19.8495
    0.0000   22.5000    0.000015844.2061   19.8221
    7.5000   22.5000    0.000015011.6982   19.7921
   -7.5000   30.0000    0.000014229.4707   19.6065
    0.0000   30.0000    0.000014672.2100   19.5725
    7.5000   30.0000    0.000013862.9766   19.5334
   -7.5000   37.5000    0.000013500.7910   19.5987
    0.0000   37.5000    0.000013915.4512   19.5604
    7.5000   37.5000    0.000013142.1611   19.5155
   -7.5000   45.0000    0.000012280.7842   19.1334
    0.0000   45.0000    0.000012680.4922   19.0984
    7.5000   45.0000    0.000011959.5625   19.0563
   -7.5000  -45.0000    7.500011345.7705   19.9882
    0.0000  -45.0000    7.500011824.4766   19.9520
    7.5000  -45.0000    7.500011214.3740   19.9112
   -7.5000  -37.5000    7.500012063.1621   19.9213
    0.0000  -37.5000    7.500012599.1240   19.8921
    7.5000  -37.5000    7.500011963.0420   19.8572
   -7.5000  -30.0000    7.500013113.6025   19.8810
    0.0000  -30.0000    7.500013704.6143   19.8549
    7.5000  -30.0000    7.500013088.5234   19.8255
   -7.5000  -22.5000    7.500014158.3789   19.8731
    0.0000  -22.5000    7.500014789.8760   19.8435
    7.5000  -22.5000    7.500014175.5635   19.8124
   -7.5000  -15.0000    7.500015167.3066   19.8674
    0.0000  -15.0000    7.500015848.9688   19.8318
    7.5000  -15.0000    7.500015202.0000   19.7945
   -7.5000   -7.5000    7.500016124.1924   19.8593
    0.0000   -7.5000    7.500016807.1855   19.8200
    7.5000   -7.5000    7.500016114.5195   19.7789
   -7.5000    0.0000    7.500016990.3691   19.8610
    0.0000    0.0000    7.500017624.7617   19.8244
    7.5000    0.0000    7.500016875.6914   19.7840
   -7.5000    7.5000    7.500016531.8340   19.8680
    0.0000    7.5000    7.500017091.7539   19.8385
    7.5000    7.5000    7.500016310.7842   19.8037
   -7.5000   15.0000    7.500015755.2930   19.8720
    0.0000   15.0000    7.500016252.5225   19.8458
    7.5000   15.0000    7.500015436.9482   19.8163
   -7.5000   22.5000    7.500014770.2178   19.8640
    0.0000   22.5000    7.500015231.9209   19.8344
    7.5000   22.5000    7.500014449.8955   19.8032
   -7.5000   30.0000    7.500013615.8740   19.6103
    0.0000   30.0000    7.500014048.8604   19.5752
    7.5000   30.0000    7.500013334.5703   19.5384
   -7.5000   37.5000    7.500012909.6621   19.6023
    0.0000   37.5000    7.500013317.2822   19.5635
    7.5000   37.5000    7.500012642.1875   19.5229
   -7.5000   45.0000    7.500011781.7832   19.1437
    0.0000   45.0000    7.500012171.3574   19.1085
    7.5000   45.0000    7.500011514.7256   19.0695
   -7.5000  -45.0000   15.000010740.6348   20.0533
    0.0000  -45.0000   15.000011195.8789   20.0192
    7.5000  -45.0000   15.000010624.6865   19.9824
   -7.5000  -37.5000   15.000011389.8750   19.9884
    0.0000  -37.5000   15.000011918.6914   19.9575
    7.5000  -37.5000   15.000011358.1133   19.9241
   -7.5000  -30.0000   15.000012401.6670   19.9437
    0.0000  -30.0000   15.000012979.6953   19.9124
    7.5000  -30.0000   15.000012426.8730   19.8825
   -7.5000  -22.5000   15.000013433.1865   19.9277
    0.0000  -22.5000   15.000014069.9746   19.8937
    7.5000  -22.5000   15.000013450.6123   19.8632
   -7.5000  -15.0000   15.000014391.9004   19.9184
    0.0000  -15.0000   15.000015060.6104   19.8824
    7.5000  -15.0000   15.000014401.2148   19.8490
   -7.5000   -7.5000   15.000015320.5742   19.9161
    0.0000   -7.5000   15.000015973.0869   19.8791
    7.5000   -7.5000   15.000015268.7119   19.8430
   -7.5000    0.0000   15.000016160.6289   19.9252
    0.0000    0.0000   15.000016805.2188   19.8906
    7.5000    0.0000   15.000016020.3545   19.8542
   -7.5000    7.5000   15.000015723.5449   19.9346
    0.0000    7.5000   15.000016329.8789   19.9034
    7.5000    7.5000   15.000015522.2959   19.8700
   -7.5000   15.0000   15.000014985.6094   19.9346
    0.0000   15.0000   15.000015526.9150   19.9031
    7.5000   15.0000   15.000014748.0898   19.8732
   -7.5000   22.5000   15.000013995.6602   19.9185
    0.0000   22.5000   15.000014503.0830   19.8846
    7.5000   22.5000   15.000013779.6592   19.8541
   -7.5000   30.0000   15.000012887.8301   19.6607
    0.0000   30.0000   15.000013352.1494   19.6251
    7.5000   30.0000   15.000012692.2764   19.5921
   -7.5000   37.5000   15.000012225.8535   19.6584
    0.0000   37.5000   15.000012653.0449   19.6218
    7.5000   37.5000   15.000012024.3984   19.5862
   -7.5000   45.0000   15.000011154.3730   19.2056
    0.0000   45.0000   15.000011541.7861   19.1723
    7.5000   45.0000   15.000010957.7373   19.1371
   -7.5000  -45.0000   22.500010031.2402   20.1587
    0.0000  -45.0000   22.500010477.7305   20.1268
    7.5000  -45.0000   22.5000 9930.4258   20.0899
   -7.5000  -37.5000   22.500010668.9209   20.0845
    0.0000  -37.5000   22.500011164.4893   20.0528
    7.5000  -37.5000   22.500010589.9805   20.0209
   -7.5000  -30.0000   22.500011667.6523   20.0304
    0.0000  -30.0000   22.500012215.5303   19.9958
    7.5000  -30.0000   22.500011611.4697   19.9679
   -7.5000  -22.5000   22.500012630.9053   20.0154
    0.0000  -22.5000   22.500013226.8564   19.9789
    7.5000  -22.5000   22.500012602.5508   19.9498
   -7.5000  -15.0000   22.500013495.6963   20.0154
    0.0000  -15.0000   22.500014109.9922   19.9800
    7.5000  -15.0000   22.500013477.9766   19.9469
   -7.5000   -7.5000   22.500014343.7012   20.0209
    0.0000   -7.5000   22.500014950.8008   19.9867
    7.5000   -7.5000   22.500014293.9307   19.9501
   -7.5000    0.0000   22.500015114.6396   20.0301
    0.0000    0.0000   22.500015755.8203   19.9977
    7.5000    0.0000   22.500015027.8008   19.9611
   -7.5000    7.5000   22.500014662.8525   20.0306
    0.0000    7.5000   22.500015288.6533   19.9985
    7.5000    7.5000   22.500014583.4131   19.9667
   -7.5000   15.0000   22.500013964.4141   20.0213
    0.0000   15.0000   22.500014541.5918   19.9865
    7.5000   15.0000   22.500013879.1436   19.9585
   -7.5000   22.5000   22.500013078.2246   20.0062
    0.0000   22.5000   22.500013605.5654   19.9697
    7.5000   22.5000   22.500012973.7549   19.9406
   -7.5000   30.0000   22.500012066.6982   19.7564
    0.0000   30.0000   22.500012521.8262   19.7214
    7.5000   30.0000   22.500011934.6211   19.6887
   -7.5000   37.5000   22.500011459.3965   19.7618
    0.0000   37.5000   22.500011867.4951   19.7281
    7.5000   37.5000   22.500011287.9258   19.6920
   -7.5000   45.0000   22.500010440.5557   19.3067
    0.0000   45.0000   22.500010799.0820   19.2755
    7.5000   45.0000   22.500010257.2627   19.2402
   -7.5000  -45.0000   30.0000 9269.7793   20.4113
    0.0000  -45.0000   30.0000 9677.0781   20.3781
    7.5000  -45.0000   30.0000 9170.2334   20.3373
   -7.5000  -37.5000   30.0000 9875.4307   20.3243
    0.0000  -37.5000   30.000010317.9990   20.2919
    7.5000  -37.5000   30.0000 9777.0049   20.2597
   -7.5000  -30.0000   30.000010818.8330   20.2620
    0.0000  -30.0000   30.000011301.4004   20.2273
    7.5000  -30.0000   30.000010726.9229   20.2027
   -7.5000  -22.5000   30.000011706.0322   20.2536
    0.0000  -22.5000   30.000012216.6865   20.2168
    7.5000  -22.5000   30.000011628.9824   20.1902
   -7.5000  -15.0000   30.000012500.4131   20.2658
    0.0000  -15.0000   30.000013040.7725   20.2298
    7.5000  -15.0000   30.000012424.6055   20.1954
   -7.5000   -7.5000   30.000013241.0156   20.2758
    0.0000   -7.5000   30.000013807.4033   20.2408
    7.5000   -7.5000   30.000013150.5605   20.2000
   -7.5000    0.0000   30.000013939.3975   20.2803
    0.0000    0.0000   30.000014550.9551   20.2468
    7.5000    0.0000   30.000013879.2412   20.2062
   -7.5000    7.5000   30.000013522.2764   20.2696
    0.0000    7.5000   30.000014122.2812   20.2369
    7.5000    7.5000   30.000013489.5596   20.2047
   -7.5000   15.0000   30.000012884.4121   20.2528
    0.0000   15.0000   30.000013448.3701   20.2178
    7.5000   15.0000   30.000012851.7402   20.1931
   -7.5000   22.5000   30.000012086.3818   20.2442
    0.0000   22.5000   30.000012605.6836   20.2075
    7.5000   22.5000   30.000012008.7832   20.1809
   -7.5000   30.0000   30.000011153.6455   20.0036
    0.0000   30.0000   30.000011617.1318   19.9680
    7.5000   30.0000   30.000011059.8223   19.9341
   -7.5000   37.5000   30.000010590.2480   20.0134
    0.0000   37.5000   30.000010978.2656   19.9788
    7.5000   37.5000   30.000010455.9814   19.9386
   -7.5000   45.0000   30.0000 9637.9434   19.5479
    0.0000   45.0000   30.0000 9978.8174   19.5156
    7.5000   45.0000   30.0000 9480.4570   19.4765
   -7.5000  -45.0000   37.5000 8845.7002   20.8425
    0.0000  -45.0000   37.5000 9225.9248   20.8075
    7.5000  -45.0000   37.5000 8761.1230   20.7624
   -7.5000  -37.5000   37.5000 9464.7021   20.7510
    0.0000  -37.5000   37.5000 9851.4707   20.7204
    7.5000  -37.5000   37.5000 9338.9531   20.6863
   -7.5000  -30.0000   37.500010368.7627   20.6935
    0.0000  -30.0000   37.500010797.3672   20.6641
    7.5000  -30.0000   37.500010240.6787   20.6399
   -7.5000  -22.5000   37.500011223.8311   20.6944
    0.0000  -22.5000   37.500011699.9648   20.6621
    7.5000  -22.5000   37.500011091.8750   20.6350
   -7.5000  -15.0000   37.500011996.8291   20.7093
    0.0000  -15.0000   37.500012499.2812   20.6737
    7.5000  -15.0000   37.500011854.2002   20.6359
   -7.5000   -7.5000   37.500012692.4492   20.7107
    0.0000   -7.5000   37.500013228.7295   20.6732
    7.5000   -7.5000   37.500012557.3018   20.6276
   -7.5000    0.0000   37.500013318.8018   20.7061
    0.0000    0.0000   37.500013901.1230   20.6706
    7.5000    0.0000   37.500013238.9795   20.6259
   -7.5000    7.5000   37.500012913.6240   20.6942
    0.0000    7.5000   37.500013478.7441   20.6633
    7.5000    7.5000   37.500012871.2295   20.6291
   -7.5000   15.0000   37.500012324.5195   20.6839
    0.0000   15.0000   37.500012865.5332   20.6543
    7.5000   15.0000   37.500012299.9307   20.6299
   -7.5000   22.5000   37.500011583.3848   20.6848
    0.0000   22.5000   37.500012074.4746   20.6526
    7.5000   22.5000   37.500011511.3047   20.6255
   -7.5000   30.0000   37.500010703.8418   20.4413
    0.0000   30.0000   37.500011128.8086   20.4062
    7.5000   30.0000   37.500010606.8828   20.3689
   -7.5000   37.5000   37.500010145.0547   20.4427
    0.0000   37.5000   37.500010521.6006   20.4056
    7.5000   37.5000   37.500010037.7344   20.3607
   -7.5000   45.0000   37.5000 9217.9766   19.9583
    0.0000   45.0000   37.5000 9565.5654   19.9241
    7.5000   45.0000   37.5000 9115.7871   19.8810
   -7.5000  -45.0000   45.0000 8109.5186   21.3430
    0.0000  -45.0000   45.0000 8429.0908   21.3076
    7.5000  -45.0000   45.0000 8015.9053   21.2682
   -7.5000  -37.5000   45.0000 8670.1514   21.2536
    0.0000  -37.5000   45.0000 9000.4189   21.2267
    7.5000  -37.5000   45.0000 8553.6836   21.1974
   -7.5000  -30.0000   45.0000 9524.6875   21.1999
    0.0000  -30.0000   45.0000 9883.0332   21.1762
    7.5000  -30.0000   45.0000 9373.3711   21.1576
   -7.5000  -22.5000   45.000010302.6074   21.1989
    0.0000  -22.5000   45.000010712.2412   21.1701
    7.5000  -22.5000   45.000010143.1836   21.1498
   -7.5000  -15.0000   45.000010995.7061   21.2066
    0.0000  -15.0000   45.000011451.1035   21.1701
    7.5000  -15.0000   45.000010868.6016   21.1395
   -7.5000   -7.5000   45.000011623.0645   21.2023
    0.0000   -7.5000   45.000012118.6436   21.1622
    7.5000   -7.5000   45.000011513.7109   21.1233
   -7.5000    0.0000   45.000012192.1865   21.1981
    0.0000    0.0000   45.000012719.1250   21.1622
    7.5000    0.0000   45.000012110.3457   21.1232
   -7.5000    7.5000   45.000011828.3906   21.1932
    0.0000    7.5000   45.000012341.1631   21.1659
    7.5000    7.5000   45.000011772.2910   21.1366
   -7.5000   15.0000   45.000011296.0840   21.1897
    0.0000   15.0000   45.000011786.8682   21.1658
    7.5000   15.0000   45.000011255.9785   21.1470
   -7.5000   22.5000   45.000010620.4775   21.1891
    0.0000   22.5000   45.000011075.5127   21.1602
    7.5000   22.5000   45.000010563.3164   21.1399
   -7.5000   30.0000   45.0000 9834.8838   20.9303
    0.0000   30.0000   45.000010237.9541   20.8943
    7.5000   30.0000   45.0000 9766.9375   20.8641
   -7.5000   37.5000   45.0000 9319.3379   20.9261
    0.0000   37.5000   45.0000 9676.8496   20.8865
    7.5000   37.5000   45.0000 9228.7354   20.8481
   -7.5000   45.0000   45.0000 8490.1885   20.4418
    0.0000   45.0000   45.0000 8798.1816   20.4072
    7.5000   45.0000   45.0000 8390.5967   20.3695

---------------------------------------------------------------------
imgreg_4dfp /opt/freesurfer/average/711-2C_as_mni_average_305 /opt/freesurfer/average/711-2B_as_mni_average_305_mask talsrcimg_g11 none talsrcimg_to_711-2C_as_mni_average_305_t4 4355
---------------------------------------------------------------------

freesurfer imgreg_4dfp.c
/opt/freesurfer/average/711-2C_as_mni_average_305.4dfp.img
       256       256       256         1
  1.000000  1.000000  1.000000
orientation T byte_order littleendian
Reading image: /opt/freesurfer/average/711-2C_as_mni_average_305.4dfp.img
dimensions:      256       256       256
mmppix:       1.0000   -1.0000   -1.0000
center:     128.0000 -129.0000 -129.0000
/opt/freesurfer/average/711-2B_as_mni_average_305_mask.4dfp.img
       256       256       256         1
  1.000000  1.000000  1.000000
orientation T byte_order littleendian
Reading mask: /opt/freesurfer/average/711-2B_as_mni_average_305_mask.4dfp.img (2306576 pixels)
talsrcimg_g11.4dfp.img
       256       256       256         1
  1.000000  1.000000  1.000000
orientation T byte_order littleendian
Reading image: talsrcimg_g11.4dfp.img
dimensions:      256       256       256
mmppix:       1.0000   -1.0000   -1.0000
center:     128.0000 -129.0000 -129.0000
rotation matrix determinant  1.000000
image alignment mode   4355 decimal     1103 hex
   -7.5000  -45.0000  -45.0000 2143.6956   19.6747
    0.0000  -45.0000  -45.0000 2154.2139   19.6623
    7.5000  -45.0000  -45.0000 2127.9763   19.8763
   -7.5000  -37.5000  -45.0000 2247.7869   18.0160
    0.0000  -37.5000  -45.0000 2256.3052   18.0226
    7.5000  -37.5000  -45.0000 2234.6211   18.1896
   -7.5000  -30.0000  -45.0000 2326.1311   16.7442
    0.0000  -30.0000  -45.0000 2335.0532   16.7586
    7.5000  -30.0000  -45.0000 2314.5212   16.9187
   -7.5000  -22.5000  -45.0000 2383.1133   15.8817
    0.0000  -22.5000  -45.0000 2392.9255   15.8960
    7.5000  -22.5000  -45.0000 2366.1128   16.0237
   -7.5000  -15.0000  -45.0000 2409.8386   15.3392
    0.0000  -15.0000  -45.0000 2426.4670   15.3369
    7.5000  -15.0000  -45.0000 2399.3042   15.4367
   -7.5000   -7.5000  -45.0000 2420.1709   15.0514
    0.0000   -7.5000  -45.0000 2437.8264   15.0200
    7.5000   -7.5000  -45.0000 2410.5469   15.1628
   -7.5000    0.0000  -45.0000 2415.7559   15.0178
    0.0000    0.0000  -45.0000 2431.6440   14.9520
    7.5000    0.0000  -45.0000 2408.5542   15.1268
   -7.5000    7.5000  -45.0000 2397.5876   15.2818
    0.0000    7.5000  -45.0000 2415.4304   15.2147
    7.5000    7.5000  -45.0000 2387.8508   15.4194
   -7.5000   15.0000  -45.0000 2355.2756   15.9069
    0.0000   15.0000  -45.0000 2373.9978   15.8232
    7.5000   15.0000  -45.0000 2345.2427   16.0411
   -7.5000   22.5000  -45.0000 2293.0442   16.7882
    0.0000   22.5000  -45.0000 2311.8572   16.7166
    7.5000   22.5000  -45.0000 2279.4250   16.9459
   -7.5000   30.0000  -45.0000 2204.6194   18.0764
    0.0000   30.0000  -45.0000 2222.8179   17.9720
    7.5000   30.0000  -45.0000 2194.1243   18.2267
   -7.5000   37.5000  -45.0000 2111.8279   19.8471
    0.0000   37.5000  -45.0000 2124.9629   19.7591
    7.5000   37.5000  -45.0000 2095.1536   20.0808
   -7.5000   45.0000  -45.0000 1996.1836   22.3158
    0.0000   45.0000  -45.0000 2008.4148   22.1513
    7.5000   45.0000  -45.0000 1977.4833   22.4702
   -7.5000  -45.0000  -37.5000 2216.9595   18.5104
    0.0000  -45.0000  -37.5000 2221.2686   18.5078
    7.5000  -45.0000  -37.5000 2194.3181   18.6758
   -7.5000  -37.5000  -37.5000 2327.9917   16.8828
    0.0000  -37.5000  -37.5000 2334.0696   16.9008
    7.5000  -37.5000  -37.5000 2305.4736   17.0417
   -7.5000  -30.0000  -37.5000 2410.3179   15.6579
    0.0000  -30.0000  -37.5000 2420.2224   15.6765
    7.5000  -30.0000  -37.5000 2391.0752   15.8241
   -7.5000  -22.5000  -37.5000 2470.2876   14.8268
    0.0000  -22.5000  -37.5000 2483.1875   14.8275
    7.5000  -22.5000  -37.5000 2450.2207   14.9363
   -7.5000  -15.0000  -37.5000 2504.5393   14.3018
    0.0000  -15.0000  -37.5000 2525.1333   14.2919
    7.5000  -15.0000  -37.5000 2492.0361   14.3936
   -7.5000   -7.5000  -37.5000 2520.2791   14.0450
    0.0000   -7.5000  -37.5000 2534.0703   14.0269
    7.5000   -7.5000  -37.5000 2506.2573   14.1209
   -7.5000    0.0000  -37.5000 2515.8064   14.0447
    0.0000    0.0000  -37.5000 2527.6108   14.0032
    7.5000    0.0000  -37.5000 2497.4478   14.1400
   -7.5000    7.5000  -37.5000 2490.8757   14.2735
    0.0000    7.5000  -37.5000 2509.1670   14.2584
    7.5000    7.5000  -37.5000 2475.2222   14.4126
   -7.5000   15.0000  -37.5000 2447.2612   14.8076
    0.0000   15.0000  -37.5000 2469.2876   14.7532
    7.5000   15.0000  -37.5000 2433.3452   14.9221
   -7.5000   22.5000  -37.5000 2383.3416   15.6204
    0.0000   22.5000  -37.5000 2404.1782   15.5814
    7.5000   22.5000  -37.5000 2365.6853   15.7382
   -7.5000   30.0000  -37.5000 2292.8066   16.7558
    0.0000   30.0000  -37.5000 2310.6958   16.7029
    7.5000   30.0000  -37.5000 2276.1216   16.8792
   -7.5000   37.5000  -37.5000 2191.4417   18.3734
    0.0000   37.5000  -37.5000 2204.7314   18.3255
    7.5000   37.5000  -37.5000 2171.1914   18.5398
   -7.5000   45.0000  -37.5000 2065.3047   20.6344
    0.0000   45.0000  -37.5000 2074.5623   20.5233
    7.5000   45.0000  -37.5000 2044.2751   20.7609
   -7.5000  -45.0000  -30.0000 2320.1521   18.0959
    0.0000  -45.0000  -30.0000 2324.2410   18.0700
    7.5000  -45.0000  -30.0000 2294.6060   18.3098
   -7.5000  -37.5000  -30.0000 2434.9124   16.4225
    0.0000  -37.5000  -30.0000 2442.6724   16.4189
    7.5000  -37.5000  -30.0000 2409.9148   16.6296
   -7.5000  -30.0000  -30.0000 2528.8743   15.1961
    0.0000  -30.0000  -30.0000 2534.3467   15.1849
    7.5000  -30.0000  -30.0000 2501.7695   15.3510
   -7.5000  -22.5000  -30.0000 2598.3086   14.3234
    0.0000  -22.5000  -30.0000 2606.4470   14.3144
    7.5000  -22.5000  -30.0000 2577.2944   14.4510
   -7.5000  -15.0000  -30.0000 2644.4146   13.8017
    0.0000  -15.0000  -30.0000 2662.7573   13.7896
    7.5000  -15.0000  -30.0000 2627.8394   13.9091
   -7.5000   -7.5000  -30.0000 2665.1018   13.5608
    0.0000   -7.5000  -30.0000 2679.9929   13.5459
    7.5000   -7.5000  -30.0000 2643.8677   13.6375
   -7.5000    0.0000  -30.0000 2662.6875   13.5766
    0.0000    0.0000  -30.0000 2673.7639   13.5700
    7.5000    0.0000  -30.0000 2637.3462   13.6841
   -7.5000    7.5000  -30.0000 2639.5488   13.8357
    0.0000    7.5000  -30.0000 2655.5859   13.8433
    7.5000    7.5000  -30.0000 2615.2715   13.9490
   -7.5000   15.0000  -30.0000 2593.4302   14.3224
    0.0000   15.0000  -30.0000 2612.3799   14.3098
    7.5000   15.0000  -30.0000 2571.9595   14.4390
   -7.5000   22.5000  -30.0000 2519.3630   15.0975
    0.0000   22.5000  -30.0000 2539.6985   15.0567
    7.5000   22.5000  -30.0000 2500.0288   15.2066
   -7.5000   30.0000  -30.0000 2421.1836   16.1762
    0.0000   30.0000  -30.0000 2438.0444   16.1528
    7.5000   30.0000  -30.0000 2403.8738   16.3267
   -7.5000   37.5000  -30.0000 2307.3252   17.7291
    0.0000   37.5000  -30.0000 2322.5627   17.6885
    7.5000   37.5000  -30.0000 2287.7603   17.8924
   -7.5000   45.0000  -30.0000 2175.0146   19.8585
    0.0000   45.0000  -30.0000 2183.2717   19.7831
    7.5000   45.0000  -30.0000 2155.7554   20.0301
   -7.5000  -45.0000  -22.5000 2384.1907   17.5247
    0.0000  -45.0000  -22.5000 2390.7351   17.4888
    7.5000  -45.0000  -22.5000 2359.0281   17.7805
   -7.5000  -37.5000  -22.5000 2506.0564   15.8481
    0.0000  -37.5000  -22.5000 2514.6541   15.8035
    7.5000  -37.5000  -22.5000 2480.8813   16.0867
   -7.5000  -30.0000  -22.5000 2609.5483   14.6138
    0.0000  -30.0000  -22.5000 2618.5220   14.5575
    7.5000  -30.0000  -22.5000 2587.6304   14.8138
   -7.5000  -22.5000  -22.5000 2690.4451   13.7558
    0.0000  -22.5000  -22.5000 2705.3359   13.6979
    7.5000  -22.5000  -22.5000 2671.5413   13.8981
   -7.5000  -15.0000  -22.5000 2746.3118   13.2387
    0.0000  -15.0000  -22.5000 2767.5681   13.1934
    7.5000  -15.0000  -22.5000 2729.2708   13.3522
   -7.5000   -7.5000  -22.5000 2777.9045   12.9844
    0.0000   -7.5000  -22.5000 2791.9875   12.9592
    7.5000   -7.5000  -22.5000 2753.2161   13.0773
   -7.5000    0.0000  -22.5000 2780.6807   13.0164
    0.0000    0.0000  -22.5000 2794.2925   13.0180
    7.5000    0.0000  -22.5000 2751.3853   13.1080
   -7.5000    7.5000  -22.5000 2758.3596   13.2848
    0.0000    7.5000  -22.5000 2778.7842   13.2917
    7.5000    7.5000  -22.5000 2731.8203   13.3942
   -7.5000   15.0000  -22.5000 2704.2339   13.7659
    0.0000   15.0000  -22.5000 2725.8503   13.7553
    7.5000   15.0000  -22.5000 2681.3342   13.8804
   -7.5000   22.5000  -22.5000 2627.4001   14.4856
    0.0000   22.5000  -22.5000 2646.3276   14.4409
    7.5000   22.5000  -22.5000 2604.5469   14.6236
   -7.5000   30.0000  -22.5000 2519.6021   15.5494
    0.0000   30.0000  -22.5000 2537.2400   15.4997
    7.5000   30.0000  -22.5000 2499.8403   15.7127
   -7.5000   37.5000  -22.5000 2392.8298   17.0706
    0.0000   37.5000  -22.5000 2411.5381   17.0437
    7.5000   37.5000  -22.5000 2373.2412   17.2589
   -7.5000   45.0000  -22.5000 2254.8308   19.1481
    0.0000   45.0000  -22.5000 2265.4087   19.1095
    7.5000   45.0000  -22.5000 2235.9102   19.3071
   -7.5000  -45.0000  -15.0000 2414.3276   16.9877
    0.0000  -45.0000  -15.0000 2418.6929   16.9489
    7.5000  -45.0000  -15.0000 2388.2539   17.3461
   -7.5000  -37.5000  -15.0000 2545.5022   15.2958
    0.0000  -37.5000  -15.0000 2552.2559   15.2557
    7.5000  -37.5000  -15.0000 2519.8308   15.6236
   -7.5000  -30.0000  -15.0000 2655.0142   14.0487
    0.0000  -30.0000  -15.0000 2665.9585   13.9989
    7.5000  -30.0000  -15.0000 2634.9897   14.3241
   -7.5000  -22.5000  -15.0000 2743.7832   13.1959
    0.0000  -22.5000  -15.0000 2761.9502   13.1422
    7.5000  -22.5000  -15.0000 2726.2043   13.4200
   -7.5000  -15.0000  -15.0000 2812.1099   12.7037
    0.0000  -15.0000  -15.0000 2834.5962   12.6502
    7.5000  -15.0000  -15.0000 2796.1184   12.8898
   -7.5000   -7.5000  -15.0000 2855.2065   12.4333
    0.0000   -7.5000  -15.0000 2881.1089   12.4030
    7.5000   -7.5000  -15.0000 2829.8184   12.6019
   -7.5000    0.0000  -15.0000 2865.2825   12.4622
    0.0000    0.0000  -15.0000 2885.4275   12.4573
    7.5000    0.0000  -15.0000 2829.7371   12.6366
   -7.5000    7.5000  -15.0000 2848.2910   12.7445
    0.0000    7.5000  -15.0000 2867.4214   12.7387
    7.5000    7.5000  -15.0000 2815.5276   12.9062
   -7.5000   15.0000  -15.0000 2786.2336   13.2240
    0.0000   15.0000  -15.0000 2808.2139   13.1976
    7.5000   15.0000  -15.0000 2761.8179   13.3642
   -7.5000   22.5000  -15.0000 2694.0002   13.9369
    0.0000   22.5000  -15.0000 2716.8394   13.9054
    7.5000   22.5000  -15.0000 2674.3540   14.1145
   -7.5000   30.0000  -15.0000 2579.2043   14.9762
    0.0000   30.0000  -15.0000 2598.7676   14.9444
    7.5000   30.0000  -15.0000 2555.4727   15.1928
   -7.5000   37.5000  -15.0000 2448.8171   16.4851
    0.0000   37.5000  -15.0000 2464.2627   16.5035
    7.5000   37.5000  -15.0000 2420.6025   16.7184
   -7.5000   45.0000  -15.0000 2300.3950   18.5093
    0.0000   45.0000  -15.0000 2315.4736   18.5277
    7.5000   45.0000  -15.0000 2280.9495   18.7300
   -7.5000  -45.0000   -7.5000 2419.5532   16.6134
    0.0000  -45.0000   -7.5000 2429.1021   16.6116
    7.5000  -45.0000   -7.5000 2398.9514   17.0657
   -7.5000  -37.5000   -7.5000 2556.7681   14.9059
    0.0000  -37.5000   -7.5000 2566.5449   14.8782
    7.5000  -37.5000   -7.5000 2532.6492   15.3037
   -7.5000  -30.0000   -7.5000 2673.4236   13.6362
    0.0000  -30.0000   -7.5000 2682.0254   13.6109
    7.5000  -30.0000   -7.5000 2654.0476   14.0084
   -7.5000  -22.5000   -7.5000 2775.6658   12.7738
    0.0000  -22.5000   -7.5000 2794.0725   12.7150
    7.5000  -22.5000   -7.5000 2758.2834   13.0919
   -7.5000  -15.0000   -7.5000 2859.4934   12.2579
    0.0000  -15.0000   -7.5000 2879.9707   12.1933
    7.5000  -15.0000   -7.5000 2833.7754   12.5352
   -7.5000   -7.5000   -7.5000 2918.4553   11.9709
    0.0000   -7.5000   -7.5000 2947.6033   11.9325
    7.5000   -7.5000   -7.5000 2886.9880   12.2414
   -7.5000    0.0000   -7.5000 2936.4260   11.9950
    0.0000    0.0000   -7.5000 2959.9268   11.9427
    7.5000    0.0000   -7.5000 2896.9473   12.2675
   -7.5000    7.5000   -7.5000 2913.9329   12.2865
    0.0000    7.5000   -7.5000 2929.2937   12.2329
    7.5000    7.5000   -7.5000 2873.3188   12.5216
   -7.5000   15.0000   -7.5000 2842.4648   12.7802
    0.0000   15.0000   -7.5000 2856.2258   12.7581
    7.5000   15.0000   -7.5000 2805.0459   13.0085
   -7.5000   22.5000   -7.5000 2741.5583   13.5074
    0.0000   22.5000   -7.5000 2761.5566   13.4836
    7.5000   22.5000   -7.5000 2709.9880   13.7382
   -7.5000   30.0000   -7.5000 2615.9917   14.5375
    0.0000   30.0000   -7.5000 2633.8230   14.5460
    7.5000   30.0000   -7.5000 2586.7729   14.7789
   -7.5000   37.5000   -7.5000 2474.7947   16.0566
    0.0000   37.5000   -7.5000 2487.3584   16.0746
    7.5000   37.5000   -7.5000 2445.1743   16.3199
   -7.5000   45.0000   -7.5000 2324.2900   18.0011
    0.0000   45.0000   -7.5000 2336.9849   18.0191
    7.5000   45.0000   -7.5000 2301.6404   18.2825
   -7.5000  -45.0000    0.0000 2408.6685   16.4736
    0.0000  -45.0000    0.0000 2419.4832   16.4628
    7.5000  -45.0000    0.0000 2390.7532   16.9787
   -7.5000  -37.5000    0.0000 2543.0750   14.7533
    0.0000  -37.5000    0.0000 2551.6406   14.7290
    7.5000  -37.5000    0.0000 2520.5164   15.2365
   -7.5000  -30.0000    0.0000 2663.1633   13.4553
    0.0000  -30.0000    0.0000 2673.5000   13.4362
    7.5000  -30.0000    0.0000 2643.3884   13.9370
   -7.5000  -22.5000    0.0000 2780.6475   12.5527
    0.0000  -22.5000    0.0000 2799.4583   12.5001
    7.5000  -22.5000    0.0000 2758.5146   12.9734
   -7.5000  -15.0000    0.0000 2879.1177   11.9992
    0.0000  -15.0000    0.0000 2899.8037   11.9285
    7.5000  -15.0000    0.0000 2847.7175   12.3648
   -7.5000   -7.5000    0.0000 2951.9900   11.7350
    0.0000   -7.5000    0.0000 2979.2407   11.6620
    7.5000   -7.5000    0.0000 2913.0107   12.0582
   -7.5000    0.0000    0.0000 2979.0266   11.7564
    0.0000    0.0000    0.0000 2999.6763   11.6677
    7.5000    0.0000    0.0000 2922.9824   12.0949
   -7.5000    7.5000    0.0000 2953.4905   12.0213
    0.0000    7.5000    0.0000 2962.6260   11.9443
    7.5000    7.5000    0.0000 2893.6582   12.3494
   -7.5000   15.0000    0.0000 2866.5518   12.5222
    0.0000   15.0000    0.0000 2878.1597   12.4689
    7.5000   15.0000    0.0000 2822.1729   12.8104
   -7.5000   22.5000    0.0000 2756.0801   13.2876
    0.0000   22.5000    0.0000 2768.4456   13.2285
    7.5000   22.5000    0.0000 2722.7820   13.5202
   -7.5000   30.0000    0.0000 2624.9741   14.3705
    0.0000   30.0000    0.0000 2638.7009   14.3176
    7.5000   30.0000    0.0000 2593.4775   14.5957
   -7.5000   37.5000    0.0000 2479.7102   15.8251
    0.0000   37.5000    0.0000 2489.0269   15.8120
    7.5000   37.5000    0.0000 2451.1177   16.0449
   -7.5000   45.0000    0.0000 2329.5298   17.7366
    0.0000   45.0000    0.0000 2338.1853   17.7342
    7.5000   45.0000    0.0000 2305.3813   17.9955
   -7.5000  -45.0000    7.5000 2399.8733   16.5968
    0.0000  -45.0000    7.5000 2405.4675   16.6123
    7.5000  -45.0000    7.5000 2374.4387   17.2000
   -7.5000  -37.5000    7.5000 2525.5906   14.8324
    0.0000  -37.5000    7.5000 2535.9751   14.8424
    7.5000  -37.5000    7.5000 2501.9236   15.3983
   -7.5000  -30.0000    7.5000 2644.3152   13.4982
    0.0000  -30.0000    7.5000 2657.5706   13.4870
    7.5000  -30.0000    7.5000 2623.4468   14.0420
   -7.5000  -22.5000    7.5000 2764.4883   12.5667
    0.0000  -22.5000    7.5000 2780.7117   12.5188
    7.5000  -22.5000    7.5000 2739.7944   13.0444
   -7.5000  -15.0000    7.5000 2868.6458   11.9869
    0.0000  -15.0000    7.5000 2885.0481   11.9261
    7.5000  -15.0000    7.5000 2839.9802   12.4222
   -7.5000   -7.5000    7.5000 2949.1992   11.7588
    0.0000   -7.5000    7.5000 2972.6499   11.6851
    7.5000   -7.5000    7.5000 2905.8975   12.1070
   -7.5000    0.0000    7.5000 2974.9431   11.7884
    0.0000    0.0000    7.5000 2989.4468   11.6993
    7.5000    0.0000    7.5000 2917.8823   12.1088
   -7.5000    7.5000    7.5000 2944.3391   12.0835
    0.0000    7.5000    7.5000 2956.4829   11.9828
    7.5000    7.5000    7.5000 2892.3513   12.3239
   -7.5000   15.0000    7.5000 2861.8860   12.5785
    0.0000   15.0000    7.5000 2870.1536   12.5007
    7.5000   15.0000    7.5000 2816.7104   12.7940
   -7.5000   22.5000    7.5000 2745.5979   13.3385
    0.0000   22.5000    7.5000 2758.3792   13.2560
    7.5000   22.5000    7.5000 2715.1492   13.5250
   -7.5000   30.0000    7.5000 2613.5859   14.3994
    0.0000   30.0000    7.5000 2626.3777   14.2938
    7.5000   30.0000    7.5000 2589.3828   14.5568
   -7.5000   37.5000    7.5000 2473.0967   15.8399
    0.0000   37.5000    7.5000 2483.4475   15.7680
    7.5000   37.5000    7.5000 2453.3574   15.9890
   -7.5000   45.0000    7.5000 2320.2456   17.7075
    0.0000   45.0000    7.5000 2329.4585   17.6845
    7.5000   45.0000    7.5000 2299.8525   17.9301
   -7.5000  -45.0000   15.0000 2380.3083   16.9869
    0.0000  -45.0000   15.0000 2385.5955   16.9783
    7.5000  -45.0000   15.0000 2350.4319   17.5892
   -7.5000  -37.5000   15.0000 2500.5356   15.1490
    0.0000  -37.5000   15.0000 2510.2393   15.1685
    7.5000  -37.5000   15.0000 2477.4502   15.7764
   -7.5000  -30.0000   15.0000 2615.0090   13.7960
    0.0000  -30.0000   15.0000 2627.9438   13.8177
    7.5000  -30.0000   15.0000 2596.7781   14.3799
   -7.5000  -22.5000   15.0000 2729.2473   12.8821
    0.0000  -22.5000   15.0000 2747.0779   12.8701
    7.5000  -22.5000   15.0000 2704.9834   13.3654
   -7.5000  -15.0000   15.0000 2830.4531   12.3075
    0.0000  -15.0000   15.0000 2848.8289   12.2713
    7.5000  -15.0000   15.0000 2801.6125   12.7099
   -7.5000   -7.5000   15.0000 2913.9521   12.0178
    0.0000   -7.5000   15.0000 2932.0857   11.9665
    7.5000   -7.5000   15.0000 2871.1550   12.3803
   -7.5000    0.0000   15.0000 2936.8333   12.0540
    0.0000    0.0000   15.0000 2952.0847   11.9986
    7.5000    0.0000   15.0000 2885.9768   12.3589
   -7.5000    7.5000   15.0000 2903.6206   12.3665
    0.0000    7.5000   15.0000 2917.3362   12.3095
    7.5000    7.5000   15.0000 2860.6750   12.5825
   -7.5000   15.0000   15.0000 2826.1309   12.8564
    0.0000   15.0000   15.0000 2834.4780   12.8126
    7.5000   15.0000   15.0000 2787.8257   13.0636
   -7.5000   22.5000   15.0000 2705.7786   13.6295
    0.0000   22.5000   15.0000 2719.0798   13.5632
    7.5000   22.5000   15.0000 2683.1440   13.7856
   -7.5000   30.0000   15.0000 2576.8325   14.6875
    0.0000   30.0000   15.0000 2590.0896   14.6046
    7.5000   30.0000   15.0000 2558.6699   14.8063
   -7.5000   37.5000   15.0000 2445.1851   16.0854
    0.0000   37.5000   15.0000 2457.0503   16.0246
    7.5000   37.5000   15.0000 2428.3318   16.2259
   -7.5000   45.0000   15.0000 2299.7869   17.9044
    0.0000   45.0000   15.0000 2305.8467   17.8589
    7.5000   45.0000   15.0000 2279.1284   18.1028
   -7.5000  -45.0000   22.5000 2351.8835   17.6050
    0.0000  -45.0000   22.5000 2357.2908   17.6401
    7.5000  -45.0000   22.5000 2322.2898   18.2174
   -7.5000  -37.5000   22.5000 2469.4656   15.7550
    0.0000  -37.5000   22.5000 2479.1648   15.8012
    7.5000  -37.5000   22.5000 2441.8264   16.3505
   -7.5000  -30.0000   22.5000 2581.8669   14.4028
    0.0000  -30.0000   22.5000 2593.3333   14.4460
    7.5000  -30.0000   22.5000 2557.4419   14.9685
   -7.5000  -22.5000   22.5000 2688.4531   13.4547
    0.0000  -22.5000   22.5000 2704.6167   13.4663
    7.5000  -22.5000   22.5000 2664.9678   13.9455
   -7.5000  -15.0000   22.5000 2784.8445   12.8230
    0.0000  -15.0000   22.5000 2801.4333   12.8124
    7.5000  -15.0000   22.5000 2757.2629   13.2368
   -7.5000   -7.5000   22.5000 2860.1018   12.5262
    0.0000   -7.5000   22.5000 2873.3809   12.5026
    7.5000   -7.5000   22.5000 2823.9541   12.8800
   -7.5000    0.0000   22.5000 2872.7336   12.5683
    0.0000    0.0000   22.5000 2887.5869   12.5399
    7.5000    0.0000   22.5000 2837.4758   12.8517
   -7.5000    7.5000   22.5000 2835.6829   12.8688
    0.0000    7.5000   22.5000 2850.7729   12.8347
    7.5000    7.5000   22.5000 2804.8979   13.1247
   -7.5000   15.0000   22.5000 2759.8005   13.3640
    0.0000   15.0000   22.5000 2771.6729   13.3335
    7.5000   15.0000   22.5000 2735.2505   13.6202
   -7.5000   22.5000   22.5000 2655.9958   14.1143
    0.0000   22.5000   22.5000 2670.9448   14.0762
    7.5000   22.5000   22.5000 2636.9963   14.3223
   -7.5000   30.0000   22.5000 2532.4202   15.1839
    0.0000   30.0000   22.5000 2547.9258   15.1211
    7.5000   30.0000   22.5000 2515.5908   15.3114
   -7.5000   37.5000   22.5000 2403.8330   16.5559
    0.0000   37.5000   22.5000 2418.9768   16.5234
    7.5000   37.5000   22.5000 2387.7266   16.7043
   -7.5000   45.0000   22.5000 2258.2424   18.3465
    0.0000   45.0000   22.5000 2267.2051   18.3094
    7.5000   45.0000   22.5000 2242.0566   18.5419
   -7.5000  -45.0000   30.0000 2304.1631   18.5083
    0.0000  -45.0000   30.0000 2310.9126   18.5455
    7.5000  -45.0000   30.0000 2279.6028   19.0758
   -7.5000  -37.5000   30.0000 2426.5874   16.6205
    0.0000  -37.5000   30.0000 2434.4214   16.6375
    7.5000  -37.5000   30.0000 2397.6899   17.1518
   -7.5000  -30.0000   30.0000 2541.4600   15.2094
    0.0000  -30.0000   30.0000 2552.6125   15.2299
    7.5000  -30.0000   30.0000 2511.5415   15.7006
   -7.5000  -22.5000   30.0000 2644.6040   14.2103
    0.0000  -22.5000   30.0000 2655.2900   14.2090
    7.5000  -22.5000   30.0000 2612.1250   14.6502
   -7.5000  -15.0000   30.0000 2727.0042   13.5661
    0.0000  -15.0000   30.0000 2740.7542   13.5463
    7.5000  -15.0000   30.0000 2692.7095   13.9714
   -7.5000   -7.5000   30.0000 2781.5610   13.2451
    0.0000   -7.5000   30.0000 2792.9883   13.2439
    7.5000   -7.5000   30.0000 2742.8992   13.5839
   -7.5000    0.0000   30.0000 2795.8435   13.2490
    0.0000    0.0000   30.0000 2808.2747   13.2292
    7.5000    0.0000   30.0000 2764.3940   13.5501
   -7.5000    7.5000   30.0000 2750.9983   13.5484
    0.0000    7.5000   30.0000 2764.5129   13.5245
    7.5000    7.5000   30.0000 2729.6921   13.8228
   -7.5000   15.0000   30.0000 2676.0474   14.0524
    0.0000   15.0000   30.0000 2689.1633   14.0337
    7.5000   15.0000   30.0000 2660.4136   14.3226
   -7.5000   22.5000   30.0000 2586.3809   14.8098
    0.0000   22.5000   30.0000 2597.6255   14.7981
    7.5000   22.5000   30.0000 2564.7556   15.0524
   -7.5000   30.0000   30.0000 2474.5344   15.8757
    0.0000   30.0000   30.0000 2486.0791   15.8504
    7.5000   30.0000   30.0000 2452.7830   16.0718
   -7.5000   37.5000   30.0000 2352.2236   17.2288
    0.0000   37.5000   30.0000 2361.8604   17.2103
    7.5000   37.5000   30.0000 2333.8250   17.4344
   -7.5000   45.0000   30.0000 2207.0134   19.0381
    0.0000   45.0000   30.0000 2217.0237   19.0128
    7.5000   45.0000   30.0000 2191.1245   19.2475
   -7.5000  -45.0000   37.5000 2247.6543   19.5923
    0.0000  -45.0000   37.5000 2257.5701   19.5844
    7.5000  -45.0000   37.5000 2231.8220   20.0913
   -7.5000  -37.5000   37.5000 2376.4067   17.6474
    0.0000  -37.5000   37.5000 2380.7417   17.6480
    7.5000  -37.5000   37.5000 2343.3508   18.1035
   -7.5000  -30.0000   37.5000 2489.5293   16.2142
    0.0000  -30.0000   37.5000 2494.4900   16.2139
    7.5000  -30.0000   37.5000 2454.4631   16.6389
   -7.5000  -22.5000   37.5000 2585.5281   15.1686
    0.0000  -22.5000   37.5000 2592.4402   15.1775
    7.5000  -22.5000   37.5000 2548.7712   15.5689
   -7.5000  -15.0000   37.5000 2655.6455   14.5120
    0.0000  -15.0000   37.5000 2668.0413   14.5038
    7.5000  -15.0000   37.5000 2618.3547   14.8593
   -7.5000   -7.5000   37.5000 2696.4673   14.1632
    0.0000   -7.5000   37.5000 2708.0166   14.1663
    7.5000   -7.5000   37.5000 2660.2834   14.4440
   -7.5000    0.0000   37.5000 2701.7478   14.0964
    0.0000    0.0000   37.5000 2715.0034   14.1001
    7.5000    0.0000   37.5000 2677.1990   14.3806
   -7.5000    7.5000   37.5000 2656.4019   14.3688
    0.0000    7.5000   37.5000 2668.5356   14.3734
    7.5000    7.5000   37.5000 2640.4634   14.6525
   -7.5000   15.0000   37.5000 2589.5168   14.8728
    0.0000   15.0000   37.5000 2601.3765   14.8836
    7.5000   15.0000   37.5000 2577.0864   15.1738
   -7.5000   22.5000   37.5000 2509.7224   15.6713
    0.0000   22.5000   37.5000 2521.3687   15.6664
    7.5000   22.5000   37.5000 2490.1848   15.9239
   -7.5000   30.0000   37.5000 2404.9846   16.7212
    0.0000   30.0000   37.5000 2414.8345   16.6874
    7.5000   30.0000   37.5000 2385.1760   16.9323
   -7.5000   37.5000   37.5000 2290.7327   18.1042
    0.0000   37.5000   37.5000 2298.2874   18.0578
    7.5000   37.5000   37.5000 2273.7241   18.2773
   -7.5000   45.0000   37.5000 2150.7205   19.9137
    0.0000   45.0000   37.5000 2161.1118   19.8975
    7.5000   45.0000   37.5000 2137.5168   20.1437
   -7.5000  -45.0000   45.0000 2186.6958   20.9323
    0.0000  -45.0000   45.0000 2196.0452   20.8709
    7.5000  -45.0000   45.0000 2167.9373   21.3765
   -7.5000  -37.5000   45.0000 2310.2356   18.9488
    0.0000  -37.5000   45.0000 2311.7363   18.8981
    7.5000  -37.5000   45.0000 2280.8049   19.2939
   -7.5000  -30.0000   45.0000 2423.2988   17.4420
    0.0000  -30.0000   45.0000 2420.5991   17.4454
    7.5000  -30.0000   45.0000 2383.2686   17.8055
   -7.5000  -22.5000   45.0000 2511.9504   16.3840
    0.0000  -22.5000   45.0000 2512.7090   16.3539
    7.5000  -22.5000   45.0000 2468.3513   16.7106
   -7.5000  -15.0000   45.0000 2567.3333   15.6706
    0.0000  -15.0000   45.0000 2576.0430   15.6371
    7.5000  -15.0000   45.0000 2533.3542   15.9451
   -7.5000   -7.5000   45.0000 2597.5754   15.2516
    0.0000   -7.5000   45.0000 2610.0562   15.2508
    7.5000   -7.5000   45.0000 2568.1655   15.4983
   -7.5000    0.0000   45.0000 2593.6758   15.1618
    0.0000    0.0000   45.0000 2608.2002   15.1495
    7.5000    0.0000   45.0000 2573.9236   15.4094
   -7.5000    7.5000   45.0000 2552.5554   15.4024
    0.0000    7.5000   45.0000 2564.8440   15.4405
    7.5000    7.5000   45.0000 2537.8074   15.6798
   -7.5000   15.0000   45.0000 2491.1794   15.9136
    0.0000   15.0000   45.0000 2504.9321   15.9608
    7.5000   15.0000   45.0000 2478.4531   16.2008
   -7.5000   22.5000   45.0000 2422.0278   16.7193
    0.0000   22.5000   45.0000 2435.9255   16.7362
    7.5000   22.5000   45.0000 2410.0615   16.9511
   -7.5000   30.0000   45.0000 2328.6265   17.7544
    0.0000   30.0000   45.0000 2340.4021   17.7237
    7.5000   30.0000   45.0000 2316.3696   17.9395
   -7.5000   37.5000   45.0000 2218.3132   19.1411
    0.0000   37.5000   45.0000 2225.9631   19.0816
    7.5000   37.5000   45.0000 2199.2351   19.2746
   -7.5000   45.0000   45.0000 2087.9963   20.9895
    0.0000   45.0000   45.0000 2097.5608   20.9236
    7.5000   45.0000   45.0000 2069.8428   21.1762

---------------------------------------------------------------------
imgreg_4dfp /opt/freesurfer/average/711-2C_as_mni_average_305 /opt/freesurfer/average/711-2B_as_mni_average_305_mask talsrcimg_g11 none talsrcimg_to_711-2C_as_mni_average_305_t4 1283
---------------------------------------------------------------------

freesurfer imgreg_4dfp.c
/opt/freesurfer/average/711-2C_as_mni_average_305.4dfp.img
       256       256       256         1
  1.000000  1.000000  1.000000
orientation T byte_order littleendian
Reading image: /opt/freesurfer/average/711-2C_as_mni_average_305.4dfp.img
dimensions:      256       256       256
mmppix:       1.0000   -1.0000   -1.0000
center:     128.0000 -129.0000 -129.0000
/opt/freesurfer/average/711-2B_as_mni_average_305_mask.4dfp.img
       256       256       256         1
  1.000000  1.000000  1.000000
orientation T byte_order littleendian
Reading mask: /opt/freesurfer/average/711-2B_as_mni_average_305_mask.4dfp.img (2306576 pixels)
talsrcimg_g11.4dfp.img
       256       256       256         1
  1.000000  1.000000  1.000000
orientation T byte_order littleendian
Reading image: talsrcimg_g11.4dfp.img
dimensions:      256       256       256
mmppix:       1.0000   -1.0000   -1.0000
center:     128.0000 -129.0000 -129.0000
rotation matrix determinant  1.000000
fimgreg.f
image alignment mode   1283 decimal      503 hex
parameters
    0.0000    0.0000    0.0000    0.0000    0.0000    0.0000
eta,q 0.94191 11.66150
niter,ni,del,rscale     5    3   12.0000    1.2000
parameter  4  1.335120 ->  0.500000 qaram    1.1500
parameters
   -2.0399   -0.3309    2.4780   -3.4500    1.4156   -1.0547
eta,q 0.94778 11.61261
  0.0626  0.0638  0.0658  0.0509  0.0589  0.0539
  0.0577  0.0597  0.0622  0.0521  0.0554  0.0526
  0.0566  0.0570  0.0594  0.0539  0.0534  0.0522
  0.0590  0.0565  0.0562  0.0554  0.0526  0.0523
  0.0625  0.0572  0.0554  0.0575  0.0525  0.0526
  0.0691  0.0605  0.0567  0.0613  0.0529  0.0537
  0.0782  0.0661  0.0577  0.0651  0.0546  0.0561
niter,ni,del,rscale     5    3   12.0000    1.2000
parameter  4  0.925425 ->  0.500000 qaram    1.3225
parameters
   -3.0250    0.9546    1.6627   -7.4175    2.5544   -2.4902
eta,q 0.95160 11.57373
  0.0597  0.0616  0.0581  0.0483  0.0560  0.0493
  0.0557  0.0577  0.0536  0.0482  0.0522  0.0488
  0.0527  0.0543  0.0514  0.0493  0.0495  0.0484
  0.0522  0.0520  0.0518  0.0515  0.0483  0.0484
  0.0547  0.0521  0.0538  0.0536  0.0487  0.0487
  0.0599  0.0534  0.0578  0.0563  0.0494  0.0498
  0.0679  0.0563  0.0612  0.0609  0.0517  0.0521
niter,ni,del,rscale     5    3   12.0000    1.2000
parameters
   -3.4908    3.1426    0.8986  -10.0690    3.5361   -2.7255
eta,q 0.95502 11.63948
  0.0588  0.0619  0.0533  0.0496  0.0518  0.0488
  0.0531  0.0565  0.0492  0.0462  0.0486  0.0467
  0.0494  0.0519  0.0468  0.0453  0.0464  0.0452
  0.0484  0.0483  0.0463  0.0463  0.0453  0.0450
  0.0504  0.0464  0.0486  0.0499  0.0449  0.0457
  0.0551  0.0469  0.0532  0.0540  0.0457  0.0470
  0.0631  0.0513  0.0567  0.0599  0.0490  0.0495
niter,ni,del,rscale     4    3   12.0000    1.2000
parameters
   -3.7033    3.6847    0.2698  -10.9014    3.7944   -2.8700
eta,q 0.95548 11.66476
  0.0580  0.0581  0.0518  0.0519  0.0505  0.0487
  0.0503  0.0515  0.0475  0.0475  0.0476  0.0464
  0.0461  0.0468  0.0452  0.0449  0.0457  0.0448
  0.0450  0.0450  0.0449  0.0448  0.0446  0.0445
  0.0467  0.0456  0.0469  0.0464  0.0444  0.0453
  0.0518  0.0490  0.0506  0.0503  0.0463  0.0468
  0.0599  0.0539  0.0544  0.0552  0.0502  0.0489
niter,ni,del,rscale     3    3   12.0000    1.2000
parameters
   -3.7027    3.8431   -0.0026  -11.2340    3.8277   -2.8866
eta,q 0.95559 11.67028
  0.0593  0.0565  0.0529  0.0527  0.0501  0.0488
  0.0509  0.0500  0.0479  0.0483  0.0472  0.0464
  0.0461  0.0455  0.0451  0.0449  0.0455  0.0448
  0.0445  0.0445  0.0446  0.0445  0.0444  0.0444
  0.0458  0.0460  0.0464  0.0459  0.0444  0.0451
  0.0511  0.0499  0.0498  0.0492  0.0466  0.0466
  0.0592  0.0546  0.0536  0.0541  0.0507  0.0486
niter,ni,del,rscale     2    3   12.0000    1.2000
parameters
   -3.6877    3.8960   -0.1144  -11.3529    3.8264   -2.8814
eta,q 0.95563 11.67255
  0.0594  0.0560  0.0535  0.0531  0.0500  0.0487
  0.0509  0.0496  0.0482  0.0487  0.0471  0.0464
  0.0462  0.0453  0.0452  0.0450  0.0454  0.0448
  0.0444  0.0444  0.0444  0.0444  0.0444  0.0444
  0.0455  0.0461  0.0461  0.0457  0.0444  0.0451
  0.0510  0.0502  0.0495  0.0488  0.0466  0.0465
  0.0593  0.0547  0.0534  0.0536  0.0507  0.0486
niter,ni,del,rscale     1    3   12.0000    1.2000
parameters
   -3.6764    3.9112   -0.1567  -11.3955    3.8196   -2.8744
eta,q 0.95564 11.67333
  0.0594  0.0558  0.0538  0.0532  0.0500  0.0487
  0.0510  0.0495  0.0484  0.0489  0.0471  0.0464
  0.0462  0.0452  0.0452  0.0450  0.0454  0.0448
  0.0444  0.0444  0.0444  0.0444  0.0444  0.0444
  0.0454  0.0462  0.0460  0.0456  0.0443  0.0450
  0.0510  0.0504  0.0494  0.0486  0.0466  0.0465
  0.0594  0.0548  0.0533  0.0534  0.0507  0.0485
registration optimization eta report
parameter search radius
    6.0000    6.0000    6.0000    7.9350    6.0000    6.0000
100000*second partial in parameter space
       42.       30.       25.       14.       17.       12.
  0.0594  0.0558  0.0538  0.0532  0.0500  0.0487
  0.0510  0.0495  0.0484  0.0489  0.0471  0.0464
  0.0462  0.0452  0.0452  0.0450  0.0454  0.0448
  0.0444  0.0444  0.0444  0.0444  0.0444  0.0444
  0.0454  0.0462  0.0460  0.0456  0.0443  0.0450
  0.0510  0.0504  0.0494  0.0486  0.0466  0.0465
  0.0594  0.0548  0.0533  0.0534  0.0507  0.0485
   -3.6764    3.9112   -0.1567  -11.3955    3.8196   -2.8744
eta,q 0.95564 11.67333

---------------------------------------------------------------------
imgreg_4dfp /opt/freesurfer/average/711-2C_as_mni_average_305 /opt/freesurfer/average/711-2B_as_mni_average_305_mask talsrcimg_g11 none talsrcimg_to_711-2C_as_mni_average_305_t4 3335
---------------------------------------------------------------------

freesurfer imgreg_4dfp.c
/opt/freesurfer/average/711-2C_as_mni_average_305.4dfp.img
       256       256       256         1
  1.000000  1.000000  1.000000
orientation T byte_order littleendian
Reading image: /opt/freesurfer/average/711-2C_as_mni_average_305.4dfp.img
dimensions:      256       256       256
mmppix:       1.0000   -1.0000   -1.0000
center:     128.0000 -129.0000 -129.0000
/opt/freesurfer/average/711-2B_as_mni_average_305_mask.4dfp.img
       256       256       256         1
  1.000000  1.000000  1.000000
orientation T byte_order littleendian
Reading mask: /opt/freesurfer/average/711-2B_as_mni_average_305_mask.4dfp.img (2306576 pixels)
talsrcimg_g11.4dfp.img
       256       256       256         1
  1.000000  1.000000  1.000000
orientation T byte_order littleendian
Reading image: talsrcimg_g11.4dfp.img
dimensions:      256       256       256
mmppix:       1.0000   -1.0000   -1.0000
center:     128.0000 -129.0000 -129.0000
fimgreg.f
image alignment mode   3335 decimal      D07 hex
parameters
   -3.6764    3.9112   -0.1567   -0.3477   -2.1607   -2.1891
    6.2303   -5.5312   -5.0035   20.0606    6.6616  -19.7141
eta,q 0.95817 11.62577
niter,ni,del,rscale     5    3    5.0000    1.2000
parameter  4  1.701862 ->  0.500000 qaram    1.1500
parameter  5  2.200666 ->  0.500000 qaram    1.1500
parameter  6  0.606316 ->  0.500000 qaram    1.1500
parameter 12  0.541638 ->  0.500000 qaram    1.1500
parameters
   -3.7744    4.1635    0.3371   -4.4877   -6.3007   -6.3291
    5.5465   -3.9307   -3.6011   16.5325    6.1805  -23.8541
eta,q 0.97044 11.15169
  0.0447  0.0444  0.0445  0.0354  0.0304  0.0320  0.0334  0.0389  0.0329  0.0307  0.0311  0.0298
  0.0431  0.0431  0.0432  0.0364  0.0321  0.0312  0.0320  0.0355  0.0318  0.0300  0.0304  0.0296
  0.0421  0.0422  0.0423  0.0386  0.0343  0.0311  0.0312  0.0328  0.0311  0.0300  0.0300  0.0296
  0.0418  0.0418  0.0418  0.0417  0.0369  0.0327  0.0311  0.0310  0.0307  0.0307  0.0299  0.0299
  0.0423  0.0419  0.0418  0.0455  0.0400  0.0357  0.0316  0.0308  0.0307  0.0321  0.0301  0.0304
  0.0434  0.0425  0.0422  0.0494  0.0434  0.0390  0.0328  0.0320  0.0310  0.0343  0.0306  0.0310
  0.0451  0.0435  0.0430  0.0536  0.0473  0.0430  0.0345  0.0344  0.0316  0.0372  0.0314  0.0319
niter,ni,del,rscale     7    3    5.0000    1.2000
parameter  5  1.256025 ->  0.500000 qaram    1.3225
parameters
   -3.5480    4.7964    0.0965   -7.4681  -11.0617   -6.3756
    5.7200   -3.5507   -3.6701   18.1099    6.7561  -27.0461
eta,q 0.97450 10.87766
  0.0344  0.0329  0.0307  0.0311  0.0250  0.0291  0.0287  0.0313  0.0276  0.0293  0.0270  0.0262
  0.0320  0.0313  0.0299  0.0296  0.0256  0.0279  0.0272  0.0286  0.0267  0.0276  0.0264  0.0256
  0.0303  0.0302  0.0294  0.0288  0.0269  0.0268  0.0263  0.0267  0.0261  0.0265  0.0260  0.0255
  0.0296  0.0295  0.0293  0.0293  0.0288  0.0259  0.0259  0.0259  0.0259  0.0259  0.0258  0.0258
  0.0297  0.0294  0.0297  0.0316  0.0313  0.0254  0.0261  0.0263  0.0261  0.0258  0.0258  0.0263
  0.0309  0.0297  0.0303  0.0353  0.0341  0.0268  0.0270  0.0278  0.0267  0.0262  0.0261  0.0272
  0.0329  0.0306  0.0314  0.0396  0.0376  0.0305  0.0285  0.0303  0.0277  0.0272  0.0267  0.0281
niter,ni,del,rscale     7    3    5.0000    1.2000
parameter  5  0.651351 ->  0.500000 qaram    1.5209
parameters
   -3.4167    5.3975   -0.2669   -7.7287  -16.5368   -6.5184
    5.7318   -3.3857   -4.0246   21.2010    7.0518  -28.3769
eta,q 0.97638 10.62644
  0.0298  0.0291  0.0265  0.0296  0.0243  0.0272  0.0265  0.0287  0.0256  0.0275  0.0249  0.0248
  0.0275  0.0275  0.0257  0.0278  0.0240  0.0259  0.0252  0.0262  0.0247  0.0259  0.0242  0.0240
  0.0261  0.0262  0.0253  0.0263  0.0243  0.0248  0.0244  0.0246  0.0242  0.0248  0.0238  0.0237
  0.0255  0.0255  0.0253  0.0253  0.0253  0.0240  0.0241  0.0241  0.0241  0.0240  0.0237  0.0237
  0.0258  0.0254  0.0257  0.0256  0.0273  0.0236  0.0243  0.0245  0.0243  0.0237  0.0238  0.0241
  0.0270  0.0258  0.0264  0.0276  0.0302  0.0250  0.0252  0.0259  0.0249  0.0238  0.0241  0.0248
  0.0289  0.0268  0.0275  0.0310  0.0336  0.0287  0.0265  0.0283  0.0259  0.0243  0.0247  0.0258
niter,ni,del,rscale     7    3    5.0000    1.2000
parameters
   -3.3555    6.2523   -0.7938   -7.8573  -19.2683   -7.5084
    5.6114   -3.0710   -4.3339   24.1552    7.1258  -29.2182
eta,q 0.97724 10.48711
  0.0274  0.0274  0.0243  0.0271  0.0253  0.0257  0.0255  0.0276  0.0249  0.0268  0.0239  0.0242
  0.0254  0.0257  0.0235  0.0256  0.0238  0.0246  0.0242  0.0253  0.0240  0.0253  0.0233  0.0233
  0.0241  0.0245  0.0232  0.0242  0.0231  0.0237  0.0235  0.0238  0.0234  0.0241  0.0229  0.0228
  0.0236  0.0236  0.0233  0.0232  0.0232  0.0230  0.0233  0.0233  0.0232  0.0232  0.0228  0.0228
  0.0240  0.0233  0.0238  0.0233  0.0243  0.0230  0.0236  0.0235  0.0235  0.0228  0.0229  0.0231
  0.0252  0.0235  0.0246  0.0250  0.0264  0.0250  0.0244  0.0248  0.0242  0.0229  0.0233  0.0238
  0.0270  0.0243  0.0257  0.0282  0.0298  0.0289  0.0256  0.0269  0.0252  0.0237  0.0238  0.0248
niter,ni,del,rscale     6    3    5.0000    1.2000
parameters
   -3.2490    6.9184   -1.3047   -8.1388  -20.8358   -8.3376
    5.5465   -2.7927   -4.3848   25.5013    7.2915  -30.2882
eta,q 0.97754 10.39009
  0.0265  0.0266  0.0235  0.0259  0.0255  0.0253  0.0248  0.0269  0.0247  0.0259  0.0235  0.0237
  0.0245  0.0248  0.0228  0.0246  0.0236  0.0241  0.0236  0.0247  0.0236  0.0244  0.0230  0.0230
  0.0232  0.0235  0.0225  0.0234  0.0226  0.0232  0.0229  0.0233  0.0229  0.0233  0.0226  0.0225
  0.0228  0.0228  0.0226  0.0225  0.0226  0.0225  0.0227  0.0227  0.0227  0.0227  0.0225  0.0225
  0.0231  0.0226  0.0230  0.0226  0.0234  0.0224  0.0230  0.0229  0.0229  0.0225  0.0226  0.0229
  0.0241  0.0230  0.0238  0.0242  0.0251  0.0243  0.0237  0.0242  0.0236  0.0230  0.0229  0.0235
  0.0258  0.0239  0.0249  0.0273  0.0279  0.0281  0.0249  0.0263  0.0247  0.0243  0.0234  0.0245
niter,ni,del,rscale     5    3    5.0000    1.2000
parameters
   -3.1473    7.2455   -1.6083   -8.2505  -21.4421   -8.7248
    5.5445   -2.6535   -4.4383   26.1336    7.3340  -30.8914
eta,q 0.97754 10.35550
  0.0260  0.0257  0.0236  0.0256  0.0260  0.0255  0.0247  0.0266  0.0246  0.0255  0.0234  0.0238
  0.0241  0.0240  0.0229  0.0244  0.0240  0.0242  0.0235  0.0244  0.0235  0.0241  0.0229  0.0230
  0.0229  0.0230  0.0225  0.0233  0.0228  0.0233  0.0228  0.0231  0.0228  0.0231  0.0226  0.0226
  0.0225  0.0225  0.0224  0.0224  0.0224  0.0224  0.0225  0.0225  0.0225  0.0225  0.0225  0.0225
  0.0228  0.0226  0.0228  0.0224  0.0230  0.0221  0.0228  0.0228  0.0228  0.0226  0.0226  0.0228
  0.0237  0.0232  0.0234  0.0238  0.0245  0.0238  0.0235  0.0242  0.0235  0.0233  0.0229  0.0233
  0.0254  0.0243  0.0244  0.0267  0.0271  0.0274  0.0247  0.0264  0.0246  0.0248  0.0234  0.0242
niter,ni,del,rscale     4    3    5.0000    1.2000
parameters
   -3.0924    7.4019   -1.7572   -8.2832  -21.7306   -8.9008
    5.5325   -2.5813   -4.4523   26.4338    7.3738  -31.1794
eta,q 0.97752 10.34048
  0.0257  0.0253  0.0238  0.0256  0.0263  0.0256  0.0247  0.0265  0.0246  0.0253  0.0234  0.0239
  0.0239  0.0238  0.0230  0.0244  0.0242  0.0244  0.0235  0.0244  0.0235  0.0239  0.0229  0.0231
  0.0228  0.0228  0.0226  0.0233  0.0229  0.0233  0.0227  0.0230  0.0227  0.0230  0.0226  0.0226
  0.0225  0.0225  0.0225  0.0225  0.0225  0.0225  0.0225  0.0225  0.0225  0.0225  0.0225  0.0225
  0.0228  0.0227  0.0227  0.0224  0.0230  0.0221  0.0228  0.0229  0.0228  0.0226  0.0226  0.0227
  0.0238  0.0234  0.0233  0.0237  0.0243  0.0236  0.0235  0.0242  0.0235  0.0234  0.0229  0.0233
  0.0254  0.0246  0.0242  0.0265  0.0268  0.0271  0.0246  0.0264  0.0246  0.0250  0.0234  0.0241
niter,ni,del,rscale     3    3    5.0000    1.2000
parameters
   -3.0665    7.4724   -1.8290   -8.2971  -21.8605   -8.9840
    5.5342   -2.5507   -4.4522   26.5689    7.3776  -31.3067
eta,q 0.97750 10.33362
  0.0256  0.0251  0.0239  0.0256  0.0264  0.0257  0.0247  0.0265  0.0246  0.0252  0.0234  0.0239
  0.0239  0.0236  0.0231  0.0244  0.0243  0.0244  0.0235  0.0244  0.0235  0.0238  0.0229  0.0232
  0.0228  0.0228  0.0226  0.0234  0.0230  0.0234  0.0227  0.0230  0.0228  0.0229  0.0226  0.0227
  0.0225  0.0225  0.0225  0.0225  0.0225  0.0225  0.0225  0.0225  0.0225  0.0225  0.0225  0.0225
  0.0228  0.0228  0.0227  0.0224  0.0229  0.0221  0.0228  0.0229  0.0228  0.0227  0.0226  0.0227
  0.0238  0.0235  0.0232  0.0237  0.0243  0.0235  0.0235  0.0243  0.0235  0.0235  0.0229  0.0232
  0.0255  0.0247  0.0241  0.0265  0.0267  0.0270  0.0246  0.0265  0.0246  0.0252  0.0235  0.0240
niter,ni,del,rscale     2    3    5.0000    1.2000
parameters
   -3.0532    7.5059   -1.8641   -8.3012  -21.9206   -9.0273
    5.5291   -2.5359   -4.4505   26.6350    7.3881  -31.3716
eta,q 0.97749 10.33058
  0.0256  0.0250  0.0239  0.0257  0.0264  0.0257  0.0247  0.0265  0.0246  0.0251  0.0235  0.0240
  0.0239  0.0236  0.0232  0.0244  0.0244  0.0245  0.0235  0.0244  0.0235  0.0238  0.0229  0.0232
  0.0228  0.0228  0.0227  0.0234  0.0230  0.0234  0.0227  0.0230  0.0228  0.0229  0.0226  0.0227
  0.0225  0.0225  0.0225  0.0225  0.0225  0.0225  0.0225  0.0225  0.0225  0.0225  0.0225  0.0225
  0.0228  0.0228  0.0227  0.0224  0.0229  0.0221  0.0228  0.0229  0.0228  0.0227  0.0226  0.0227
  0.0238  0.0236  0.0232  0.0237  0.0242  0.0235  0.0235  0.0243  0.0235  0.0236  0.0229  0.0232
  0.0255  0.0248  0.0240  0.0265  0.0267  0.0269  0.0246  0.0265  0.0246  0.0252  0.0235  0.0240
niter,ni,del,rscale     1    3    5.0000    1.2000
parameters
   -3.0481    7.5214   -1.8806   -8.3014  -21.9518   -9.0497
    5.5320   -2.5312   -4.4530   26.6646    7.4014  -31.3966
eta,q 0.97748 10.32885
  0.0256  0.0250  0.0240  0.0257  0.0264  0.0257  0.0247  0.0265  0.0247  0.0251  0.0235  0.0240
  0.0239  0.0236  0.0232  0.0245  0.0244  0.0245  0.0235  0.0244  0.0235  0.0238  0.0230  0.0232
  0.0228  0.0228  0.0227  0.0234  0.0230  0.0234  0.0227  0.0230  0.0228  0.0229  0.0226  0.0227
  0.0225  0.0225  0.0225  0.0225  0.0225  0.0225  0.0225  0.0225  0.0225  0.0225  0.0225  0.0225
  0.0229  0.0228  0.0227  0.0224  0.0229  0.0221  0.0228  0.0229  0.0228  0.0227  0.0226  0.0227
  0.0239  0.0236  0.0232  0.0237  0.0242  0.0235  0.0235  0.0243  0.0235  0.0236  0.0229  0.0232
  0.0255  0.0248  0.0240  0.0265  0.0266  0.0269  0.0246  0.0266  0.0246  0.0253  0.0235  0.0240
registration optimization eta report
parameter search radius
    2.4000    2.4000    2.4000    8.2800   10.9503    8.2800
    7.2000    7.2000    7.2000    7.2000    7.2000    8.2800
100000*second partial in parameter space
       53.       42.       26.        5.        3.        6.
        4.        8.        4.        5.        2.        2.
  0.0256  0.0250  0.0240  0.0257  0.0264  0.0257  0.0247  0.0265  0.0247  0.0251  0.0235  0.0240
  0.0239  0.0236  0.0232  0.0245  0.0244  0.0245  0.0235  0.0244  0.0235  0.0238  0.0230  0.0232
  0.0228  0.0228  0.0227  0.0234  0.0230  0.0234  0.0227  0.0230  0.0228  0.0229  0.0226  0.0227
  0.0225  0.0225  0.0225  0.0225  0.0225  0.0225  0.0225  0.0225  0.0225  0.0225  0.0225  0.0225
  0.0229  0.0228  0.0227  0.0224  0.0229  0.0221  0.0228  0.0229  0.0228  0.0227  0.0226  0.0227
  0.0239  0.0236  0.0232  0.0237  0.0242  0.0235  0.0235  0.0243  0.0235  0.0236  0.0229  0.0232
  0.0255  0.0248  0.0240  0.0265  0.0266  0.0269  0.0246  0.0266  0.0246  0.0253  0.0235  0.0240
   -3.0481    7.5214   -1.8806   -8.3014  -21.9518   -9.0497
    5.5320   -2.5312   -4.4530   26.6646    7.4014  -31.3966
eta,q 0.97748 10.32885

---------------------------------------------------------------------
imgreg_4dfp /opt/freesurfer/average/711-2C_as_mni_average_305 /opt/freesurfer/average/711-2B_as_mni_average_305_mask talsrcimg_g11 none talsrcimg_to_711-2C_as_mni_average_305_t4 2311
---------------------------------------------------------------------

freesurfer imgreg_4dfp.c
/opt/freesurfer/average/711-2C_as_mni_average_305.4dfp.img
       256       256       256         1
  1.000000  1.000000  1.000000
orientation T byte_order littleendian
Reading image: /opt/freesurfer/average/711-2C_as_mni_average_305.4dfp.img
dimensions:      256       256       256
mmppix:       1.0000   -1.0000   -1.0000
center:     128.0000 -129.0000 -129.0000
/opt/freesurfer/average/711-2B_as_mni_average_305_mask.4dfp.img
       256       256       256         1
  1.000000  1.000000  1.000000
orientation T byte_order littleendian
Reading mask: /opt/freesurfer/average/711-2B_as_mni_average_305_mask.4dfp.img (2306576 pixels)
talsrcimg_g11.4dfp.img
       256       256       256         1
  1.000000  1.000000  1.000000
orientation T byte_order littleendian
Reading image: talsrcimg_g11.4dfp.img
dimensions:      256       256       256
mmppix:       1.0000   -1.0000   -1.0000
center:     128.0000 -129.0000 -129.0000
fimgreg.f
image alignment mode   2311 decimal      907 hex
parameters
   -3.0481    7.5214   -1.8806   -8.3014  -21.9518   -9.0497
    5.5320   -2.5312   -4.4530   26.6646    7.4014  -31.3966
eta,q 0.97748 10.32885
niter,ni,del,rscale     5    3    5.0000    0.8000
parameters
   -3.0569    7.4797   -1.8788   -7.0856  -21.7626   -7.4937
    5.4332   -2.7313   -4.4796   26.6714    6.9344  -31.4896
eta,q 0.97802 10.44096
  0.0239  0.0236  0.0232  0.0242  0.0232  0.0241  0.0230  0.0241  0.0230  0.0234  0.0225  0.0225
  0.0231  0.0230  0.0228  0.0235  0.0227  0.0234  0.0224  0.0229  0.0224  0.0227  0.0222  0.0222
  0.0227  0.0226  0.0226  0.0230  0.0224  0.0229  0.0221  0.0222  0.0221  0.0222  0.0220  0.0220
  0.0225  0.0225  0.0225  0.0225  0.0223  0.0223  0.0220  0.0220  0.0220  0.0220  0.0220  0.0220
  0.0227  0.0227  0.0226  0.0223  0.0224  0.0220  0.0221  0.0223  0.0221  0.0221  0.0221  0.0221
  0.0231  0.0231  0.0228  0.0225  0.0226  0.0221  0.0225  0.0232  0.0225  0.0226  0.0223  0.0223
  0.0239  0.0237  0.0232  0.0232  0.0230  0.0229  0.0231  0.0245  0.0230  0.0235  0.0227  0.0226
niter,ni,del,rscale     4    3    5.0000    0.7000
parameters
   -3.1126    7.4357   -1.5643   -7.2508  -21.6882   -7.2719
    5.4096   -2.7496   -4.4286   26.6572    6.7589  -31.2825
eta,q 0.97808 10.44472
  0.0231  0.0228  0.0229  0.0231  0.0226  0.0234  0.0227  0.0237  0.0227  0.0230  0.0223  0.0224
  0.0224  0.0223  0.0225  0.0226  0.0223  0.0228  0.0223  0.0227  0.0223  0.0225  0.0221  0.0222
  0.0221  0.0220  0.0221  0.0221  0.0220  0.0223  0.0220  0.0221  0.0220  0.0221  0.0220  0.0220
  0.0220  0.0220  0.0220  0.0219  0.0220  0.0220  0.0219  0.0219  0.0219  0.0219  0.0219  0.0219
  0.0221  0.0221  0.0220  0.0221  0.0220  0.0219  0.0220  0.0221  0.0220  0.0220  0.0220  0.0219
  0.0226  0.0224  0.0221  0.0226  0.0222  0.0223  0.0223  0.0227  0.0223  0.0224  0.0222  0.0221
  0.0233  0.0229  0.0223  0.0234  0.0226  0.0234  0.0227  0.0237  0.0227  0.0231  0.0224  0.0223
niter,ni,del,rscale     3    3    5.0000    0.6000
parameters
   -3.1391    7.4073   -1.4886   -7.1634  -21.6719   -7.0259
    5.3727   -2.7690   -4.4074   26.5959    6.6805  -31.2189
eta,q 0.97813 10.45422
  0.0227  0.0226  0.0225  0.0229  0.0224  0.0231  0.0225  0.0232  0.0225  0.0227  0.0222  0.0222
  0.0223  0.0222  0.0222  0.0224  0.0221  0.0226  0.0221  0.0225  0.0221  0.0223  0.0220  0.0220
  0.0220  0.0220  0.0220  0.0221  0.0220  0.0222  0.0219  0.0220  0.0219  0.0220  0.0219  0.0219
  0.0219  0.0219  0.0219  0.0219  0.0219  0.0219  0.0219  0.0219  0.0219  0.0219  0.0219  0.0219
  0.0220  0.0220  0.0219  0.0220  0.0220  0.0218  0.0219  0.0220  0.0219  0.0219  0.0219  0.0219
  0.0223  0.0222  0.0221  0.0223  0.0221  0.0222  0.0221  0.0225  0.0221  0.0223  0.0220  0.0220
  0.0228  0.0226  0.0223  0.0229  0.0224  0.0230  0.0225  0.0233  0.0225  0.0228  0.0222  0.0222
niter,ni,del,rscale     2    3    5.0000    0.5000
parameters
   -3.1510    7.3813   -1.4166   -7.0996  -21.6705   -6.7823
    5.3491   -2.7866   -4.4067   26.5528    6.5959  -31.1956
eta,q 0.97817 10.46255
  0.0225  0.0223  0.0223  0.0226  0.0222  0.0228  0.0222  0.0228  0.0222  0.0224  0.0221  0.0221
  0.0221  0.0221  0.0221  0.0222  0.0220  0.0224  0.0220  0.0223  0.0220  0.0221  0.0219  0.0220
  0.0219  0.0219  0.0219  0.0220  0.0219  0.0221  0.0219  0.0219  0.0219  0.0219  0.0219  0.0219
  0.0219  0.0219  0.0219  0.0219  0.0219  0.0219  0.0218  0.0218  0.0218  0.0218  0.0218  0.0218
  0.0220  0.0219  0.0219  0.0219  0.0219  0.0218  0.0219  0.0219  0.0219  0.0219  0.0219  0.0219
  0.0222  0.0221  0.0220  0.0221  0.0220  0.0221  0.0220  0.0223  0.0220  0.0221  0.0220  0.0220
  0.0225  0.0224  0.0222  0.0226  0.0222  0.0226  0.0222  0.0228  0.0222  0.0225  0.0221  0.0221
niter,ni,del,rscale     1    3    5.0000    0.4000
parameters
   -3.1620    7.3618   -1.3583   -7.0662  -21.6674   -6.5786
    5.3387   -2.7901   -4.3827   26.5227    6.5243  -31.2188
eta,q 0.97819 10.46951
  0.0222  0.0221  0.0221  0.0223  0.0221  0.0225  0.0221  0.0224  0.0221  0.0222  0.0220  0.0220
  0.0220  0.0220  0.0220  0.0221  0.0219  0.0222  0.0219  0.0221  0.0219  0.0220  0.0219  0.0219
  0.0219  0.0219  0.0219  0.0219  0.0219  0.0220  0.0218  0.0219  0.0218  0.0219  0.0218  0.0218
  0.0218  0.0218  0.0218  0.0218  0.0218  0.0218  0.0218  0.0218  0.0218  0.0218  0.0218  0.0218
  0.0219  0.0219  0.0219  0.0219  0.0219  0.0218  0.0218  0.0219  0.0218  0.0219  0.0218  0.0218
  0.0220  0.0220  0.0219  0.0220  0.0219  0.0220  0.0219  0.0221  0.0219  0.0220  0.0219  0.0219
  0.0222  0.0222  0.0220  0.0223  0.0221  0.0224  0.0221  0.0225  0.0221  0.0223  0.0220  0.0220
registration optimization eta report
parameter search radius
    0.8000    0.8000    0.8000    2.4000    2.4000    2.4000
    2.4000    2.4000    2.4000    2.4000    2.4000    2.4000
100000*second partial in parameter space
       62.       47.       36.        8.        4.       10.
        5.       11.        5.        7.        3.        3.
  0.0222  0.0221  0.0221  0.0223  0.0221  0.0225  0.0221  0.0224  0.0221  0.0222  0.0220  0.0220
  0.0220  0.0220  0.0220  0.0221  0.0219  0.0222  0.0219  0.0221  0.0219  0.0220  0.0219  0.0219
  0.0219  0.0219  0.0219  0.0219  0.0219  0.0220  0.0218  0.0219  0.0218  0.0219  0.0218  0.0218
  0.0218  0.0218  0.0218  0.0218  0.0218  0.0218  0.0218  0.0218  0.0218  0.0218  0.0218  0.0218
  0.0219  0.0219  0.0219  0.0219  0.0219  0.0218  0.0218  0.0219  0.0218  0.0219  0.0218  0.0218
  0.0220  0.0220  0.0219  0.0220  0.0219  0.0220  0.0219  0.0221  0.0219  0.0220  0.0219  0.0219
  0.0222  0.0222  0.0220  0.0223  0.0221  0.0224  0.0221  0.0225  0.0221  0.0223  0.0220  0.0220
   -3.1620    7.3618   -1.3583   -7.0662  -21.6674   -6.5786
    5.3387   -2.7901   -4.3827   26.5227    6.5243  -31.2188
eta,q 0.97819 10.46951

---------------------------------------------------------------------
imgreg_4dfp /opt/freesurfer/average/711-2C_as_mni_average_305 /opt/freesurfer/average/711-2B_as_mni_average_305_mask talsrcimg_g11 none talsrcimg_to_711-2C_as_mni_average_305_t4 2311
---------------------------------------------------------------------

freesurfer imgreg_4dfp.c
/opt/freesurfer/average/711-2C_as_mni_average_305.4dfp.img
       256       256       256         1
  1.000000  1.000000  1.000000
orientation T byte_order littleendian
Reading image: /opt/freesurfer/average/711-2C_as_mni_average_305.4dfp.img
dimensions:      256       256       256
mmppix:       1.0000   -1.0000   -1.0000
center:     128.0000 -129.0000 -129.0000
/opt/freesurfer/average/711-2B_as_mni_average_305_mask.4dfp.img
       256       256       256         1
  1.000000  1.000000  1.000000
orientation T byte_order littleendian
Reading mask: /opt/freesurfer/average/711-2B_as_mni_average_305_mask.4dfp.img (2306576 pixels)
talsrcimg_g11.4dfp.img
       256       256       256         1
  1.000000  1.000000  1.000000
orientation T byte_order littleendian
Reading image: talsrcimg_g11.4dfp.img
dimensions:      256       256       256
mmppix:       1.0000   -1.0000   -1.0000
center:     128.0000 -129.0000 -129.0000
fimgreg.f
image alignment mode   2311 decimal      907 hex
parameters
   -3.1620    7.3618   -1.3583   -7.0662  -21.6674   -6.5786
    5.3387   -2.7901   -4.3827   26.5227    6.5242  -31.2188
eta,q 0.97819 10.46952
niter,ni,del,rscale     5    3    5.0000    0.8000
parameters
   -3.1591    7.3862   -1.3021   -7.4893  -21.6610   -7.1369
    5.3823   -2.7718   -4.3787   26.4735    6.6653  -31.0240
eta,q 0.97808 10.43560
  0.0234  0.0230  0.0228  0.0231  0.0227  0.0234  0.0230  0.0242  0.0229  0.0233  0.0225  0.0226
  0.0225  0.0224  0.0223  0.0225  0.0222  0.0227  0.0224  0.0230  0.0224  0.0226  0.0222  0.0222
  0.0220  0.0219  0.0219  0.0220  0.0219  0.0222  0.0220  0.0222  0.0220  0.0221  0.0220  0.0220
  0.0218  0.0218  0.0218  0.0218  0.0218  0.0218  0.0219  0.0219  0.0219  0.0219  0.0219  0.0219
  0.0220  0.0220  0.0219  0.0220  0.0219  0.0220  0.0220  0.0222  0.0220  0.0220  0.0220  0.0220
  0.0225  0.0223  0.0222  0.0227  0.0222  0.0231  0.0224  0.0229  0.0224  0.0226  0.0222  0.0222
  0.0234  0.0229  0.0227  0.0240  0.0227  0.0249  0.0229  0.0242  0.0229  0.0235  0.0225  0.0225
niter,ni,del,rscale     4    3    5.0000    0.7000
parameters
   -3.1563    7.3680   -1.4274   -7.2716  -21.5939   -7.1413
    5.3815   -2.7800   -4.3887   26.4823    6.6963  -31.1044
eta,q 0.97811 10.44803
  0.0231  0.0228  0.0225  0.0232  0.0226  0.0233  0.0227  0.0237  0.0227  0.0230  0.0224  0.0224
  0.0224  0.0223  0.0221  0.0226  0.0222  0.0227  0.0222  0.0227  0.0223  0.0225  0.0221  0.0221
  0.0220  0.0220  0.0220  0.0222  0.0220  0.0222  0.0220  0.0221  0.0220  0.0221  0.0219  0.0219
  0.0219  0.0219  0.0219  0.0219  0.0219  0.0219  0.0219  0.0219  0.0219  0.0219  0.0219  0.0219
  0.0221  0.0220  0.0220  0.0219  0.0220  0.0219  0.0220  0.0221  0.0220  0.0220  0.0219  0.0220
  0.0224  0.0224  0.0223  0.0223  0.0222  0.0224  0.0223  0.0227  0.0223  0.0224  0.0221  0.0221
  0.0231  0.0228  0.0227  0.0231  0.0225  0.0236  0.0227  0.0237  0.0227  0.0231  0.0224  0.0224
niter,ni,del,rscale     3    3    5.0000    0.6000
parameters
   -3.1549    7.3659   -1.4374   -7.1656  -21.5947   -6.9630
    5.3722   -2.7893   -4.3912   26.5019    6.6597  -31.1510
eta,q 0.97814 10.45802
  0.0228  0.0226  0.0224  0.0229  0.0224  0.0230  0.0224  0.0232  0.0224  0.0227  0.0222  0.0222
  0.0223  0.0222  0.0221  0.0224  0.0221  0.0226  0.0221  0.0225  0.0221  0.0223  0.0220  0.0220
  0.0220  0.0220  0.0219  0.0221  0.0219  0.0222  0.0219  0.0220  0.0219  0.0220  0.0219  0.0219
  0.0219  0.0219  0.0219  0.0219  0.0219  0.0219  0.0219  0.0219  0.0219  0.0219  0.0219  0.0219
  0.0220  0.0220  0.0220  0.0219  0.0219  0.0218  0.0219  0.0220  0.0219  0.0219  0.0219  0.0219
  0.0223  0.0222  0.0221  0.0223  0.0221  0.0222  0.0221  0.0225  0.0221  0.0222  0.0220  0.0220
  0.0228  0.0226  0.0224  0.0229  0.0224  0.0230  0.0225  0.0232  0.0224  0.0228  0.0222  0.0222
niter,ni,del,rscale     2    3    5.0000    0.5000
parameters
   -3.1587    7.3620   -1.4000   -7.1039  -21.6277   -6.7605
    5.3499   -2.7941   -4.3995   26.5101    6.5916  -31.1852
eta,q 0.97816 10.46467
  0.0225  0.0223  0.0222  0.0226  0.0222  0.0227  0.0222  0.0228  0.0222  0.0225  0.0221  0.0221
  0.0221  0.0221  0.0220  0.0222  0.0220  0.0224  0.0220  0.0223  0.0220  0.0221  0.0219  0.0219
  0.0219  0.0219  0.0219  0.0220  0.0219  0.0221  0.0219  0.0219  0.0219  0.0219  0.0219  0.0219
  0.0219  0.0219  0.0219  0.0219  0.0219  0.0219  0.0218  0.0218  0.0218  0.0218  0.0218  0.0218
  0.0219  0.0219  0.0219  0.0219  0.0219  0.0218  0.0219  0.0219  0.0219  0.0219  0.0219  0.0219
  0.0221  0.0221  0.0220  0.0221  0.0220  0.0221  0.0220  0.0223  0.0220  0.0221  0.0220  0.0220
  0.0225  0.0223  0.0222  0.0226  0.0222  0.0227  0.0222  0.0228  0.0222  0.0225  0.0221  0.0221
niter,ni,del,rscale     1    3    5.0000    0.4000
parameters
   -3.1657    7.3573   -1.3524   -7.0708  -21.6575   -6.5666
    5.3232   -2.7942   -4.3870   26.5138    6.5296  -31.1991
eta,q 0.97818 10.46987
  0.0222  0.0221  0.0221  0.0223  0.0220  0.0225  0.0221  0.0224  0.0221  0.0222  0.0220  0.0220
  0.0220  0.0220  0.0220  0.0221  0.0219  0.0222  0.0219  0.0221  0.0219  0.0220  0.0219  0.0219
  0.0219  0.0219  0.0219  0.0219  0.0218  0.0220  0.0218  0.0219  0.0218  0.0219  0.0218  0.0218
  0.0218  0.0218  0.0218  0.0218  0.0218  0.0218  0.0218  0.0218  0.0218  0.0218  0.0218  0.0218
  0.0219  0.0219  0.0219  0.0219  0.0219  0.0218  0.0219  0.0219  0.0218  0.0219  0.0218  0.0218
  0.0220  0.0220  0.0219  0.0220  0.0219  0.0220  0.0219  0.0221  0.0219  0.0220  0.0219  0.0219
  0.0222  0.0221  0.0220  0.0223  0.0221  0.0224  0.0221  0.0224  0.0221  0.0222  0.0220  0.0220
registration optimization eta report
parameter search radius
    0.8000    0.8000    0.8000    2.4000    2.4000    2.4000
    2.4000    2.4000    2.4000    2.4000    2.4000    2.4000
100000*second partial in parameter space
       61.       47.       36.        8.        4.       10.
        4.       11.        5.        7.        3.        3.
  0.0222  0.0221  0.0221  0.0223  0.0220  0.0225  0.0221  0.0224  0.0221  0.0222  0.0220  0.0220
  0.0220  0.0220  0.0220  0.0221  0.0219  0.0222  0.0219  0.0221  0.0219  0.0220  0.0219  0.0219
  0.0219  0.0219  0.0219  0.0219  0.0218  0.0220  0.0218  0.0219  0.0218  0.0219  0.0218  0.0218
  0.0218  0.0218  0.0218  0.0218  0.0218  0.0218  0.0218  0.0218  0.0218  0.0218  0.0218  0.0218
  0.0219  0.0219  0.0219  0.0219  0.0219  0.0218  0.0219  0.0219  0.0218  0.0219  0.0218  0.0218
  0.0220  0.0220  0.0219  0.0220  0.0219  0.0220  0.0219  0.0221  0.0219  0.0220  0.0219  0.0219
  0.0222  0.0221  0.0220  0.0223  0.0221  0.0224  0.0221  0.0224  0.0221  0.0222  0.0220  0.0220
   -3.1657    7.3573   -1.3524   -7.0708  -21.6575   -6.5666
    5.3232   -2.7942   -4.3870   26.5138    6.5296  -31.1991
eta,q 0.97818 10.46987

---------------------------------------------------------------------
compute_vox2vox talsrcimg talsrcimg_to_711-2C_as_mni_average_305_t4 /opt/freesurfer/average/711-2C_as_mni_average_305
---------------------------------------------------------------------

freesurfer compute_vox2vox.c
Reading: talsrcimg.4dfp.ifh
Reading: talsrcimg_to_711-2C_as_mni_average_305_t4
Reading: /opt/freesurfer/average/711-2C_as_mni_average_305.4dfp.ifh
Writing: talsrcimg_to_711-2C_as_mni_average_305_t4_vox2vox.txt

start time Sat Mar 14 03:22:47 CET 2026
end		time Sat Mar 14 03:24:13 CET 2026

mpr2mni305 success

avi2talxfm orig_nu.mgz /opt/freesurfer/average/mni305.cor.mgz talsrcimg_to_711-2C_as_mni_average_305_t4_vox2vox.txt transforms/talairach.auto.xfm
avi2talxfm done
mv -f /out/sourcedata/freesurfer/sub-v2s8x29249_ses-1/mri/talsrcimg_to_711-2C_as_mni_average_305_t4_vox2vox.txt /out/sourcedata/freesurfer/sub-v2s8x29249_ses-1/mri/transforms/talsrcimg_to_711-2C_as_mni_average_305_t4_vox2vox.txt
lta_convert --src orig_nu.mgz --trg /opt/freesurfer/average/mni305.cor.mgz --inxfm transforms/talairach.auto.xfm --outlta transforms/talairach.auto.xfm.lta --subject fsaverage
7.3.2

--src: orig_nu.mgz src image (geometry).
--trg: /opt/freesurfer/average/mni305.cor.mgz trg image (geometry).
--inmni: transforms/talairach.auto.xfm input MNI/XFM transform.
--outlta: transforms/talairach.auto.xfm.lta output LTA.
--s: fsaverage subject name
 LTA read, type : 1
 1.07022   0.04730  -0.05388   8.60604;
-0.04922   0.95943   0.38543  -3.29578;
 0.07659  -0.32206   1.14299  -9.40875;
 0.00000   0.00000   0.00000   1.00000;
setting subject to fsaverage
Writing  LTA to file transforms/talairach.auto.xfm.lta...
lta_convert successful.
 
 
Started at Sat Mar 14 03:22:46 CET 2026
Ended   at Sat Mar 14 03:24:13 CET 2026
talairach_avi done
