/out/sourcedata/freesurfer/sub-v2s8x29243_ses-1/mri
/opt/freesurfer/bin/talairach_avi
--i orig_nu.mgz --xfm transforms/talairach.auto.xfm
talairach_avi 7.3.2
Linux dna086 5.14.0-427.37.1.el9_4.x86_64 #1 SMP PREEMPT_DYNAMIC Fri Sep 13 12:41:50 EDT 2024 x86_64 x86_64 x86_64 GNU/Linux
Sat Mar 14 02:57:34 CET 2026
mri_convert orig_nu.mgz talsrcimg.img 
reading from orig_nu.mgz...
TR=0.00, TE=0.00, TI=0.00, flip angle=0.00
i_ras = (-1, 0, 0)
j_ras = (0, 0, -1)
k_ras = (0, 1, 0)
writing to talsrcimg.img...
Analyze Output Matrix
-1.00000   0.00000   0.00000   129.66513;
 0.00000   0.00000   1.00000  -128.00000;
 0.00000  -1.00000   0.00000   130.00000;
 0.00000   0.00000   0.00000   1.00000;
--------------------
INFO: set hdr.hist.orient to -1
mpr2mni305 talsrcimg
Sat Mar 14 02:57:34 CET 2026
/opt/freesurfer/bin/mpr2mni305 talsrcimg
mpr2mni305 7.3.2
target=711-2C_as_mni_average_305

---------------------------------------------------------------------
analyzeto4dfp talsrcimg -O0 -y
---------------------------------------------------------------------

freesurfer ifh2hdr.c
Sat Mar 14 02:57:35 2026
Writing: talsrcimg.4dfp.hdr
freesurfer analyzeto4dfp.c
Reading: talsrcimg.hdr
header size 348 bytes
hdr.dime.datatype	offset=70	value=2
hdr.dime.bitpix		offset=72	value=8
hdr.hist.orient		offset=252	value=-1
dimensionality     4
dimensions       256       256       256         1
Reading: talsrcimg.img
Writing: talsrcimg.4dfp.img
Writing: talsrcimg.4dfp.ifh
ifh2hdr talsrcimg -r0to215
ori=2

---------------------------------------------------------------------
gauss_4dfp talsrcimg 1.1
---------------------------------------------------------------------

freesurfer gauss_4dfp.c
Reading: talsrcimg.4dfp.img
Writing: talsrcimg_g11.4dfp.img
image dimensions 256 256 256 padded to 288 288 288
processing volume 1freesurfer ifh2hdr.c
Sat Mar 14 02:57:36 2026
Writing: talsrcimg_g11.4dfp.hdr

Writing: talsrcimg_g11.4dfp.ifh
including: talsrcimg.4dfp.img.rec in talsrcimg_g11.4dfp.img.rec

---------------------------------------------------------------------
imgreg_4dfp /opt/freesurfer/average/711-2C_as_mni_average_305 none talsrcimg_g11 none talsrcimg_to_711-2C_as_mni_average_305_t4 4355
---------------------------------------------------------------------

freesurfer imgreg_4dfp.c
/opt/freesurfer/average/711-2C_as_mni_average_305.4dfp.img
       256       256       256         1
  1.000000  1.000000  1.000000
orientation T byte_order littleendian
Reading image: /opt/freesurfer/average/711-2C_as_mni_average_305.4dfp.img
dimensions:      256       256       256
mmppix:       1.0000   -1.0000   -1.0000
center:     128.0000 -129.0000 -129.0000
talsrcimg_g11.4dfp.img
       256       256       256         1
  1.000000  1.000000  1.000000
orientation T byte_order littleendian
Reading image: talsrcimg_g11.4dfp.img
dimensions:      256       256       256
mmppix:       1.0000   -1.0000   -1.0000
center:     128.0000 -129.0000 -129.0000
t4_read: open error in t4_sub.f l:  41 t4_file(1:l)talsrcimg_to_711-2C_as_mni_average_305_t4 
t4_read: transform initialized to I4
rotation matrix determinant  1.000000
image alignment mode   4355 decimal     1103 hex
   -7.5000  -45.0000  -45.0000 9291.4033   18.0184
    0.0000  -45.0000  -45.0000 9597.3594   18.0402
    7.5000  -45.0000  -45.0000 9064.6562   18.1188
   -7.5000  -37.5000  -45.0000 9684.5273   17.9723
    0.0000  -37.5000  -45.000010010.8447   17.9965
    7.5000  -37.5000  -45.0000 9444.2705   18.0755
   -7.5000  -30.0000  -45.000010412.0127   17.9280
    0.0000  -30.0000  -45.000010750.1309   17.9520
    7.5000  -30.0000  -45.000010143.6162   18.0215
   -7.5000  -22.5000  -45.000011067.1934   17.9313
    0.0000  -22.5000  -45.000011419.9707   17.9520
    7.5000  -22.5000  -45.000010768.4482   18.0124
   -7.5000  -15.0000  -45.000011654.1240   17.9757
    0.0000  -15.0000  -45.000012033.8066   17.9935
    7.5000  -15.0000  -45.000011332.2842   18.0558
   -7.5000   -7.5000  -45.000012131.5410   18.0184
    0.0000   -7.5000  -45.000012572.3906   18.0371
    7.5000   -7.5000  -45.000011829.0635   18.1080
   -7.5000    0.0000  -45.000012536.4756   18.0184
    0.0000    0.0000  -45.000012995.5244   18.0402
    7.5000    0.0000  -45.000012227.3955   18.1188
   -7.5000    7.5000  -45.000011832.3125   17.9723
    0.0000    7.5000  -45.000012241.8848   17.9965
    7.5000    7.5000  -45.000011528.3799   18.0755
   -7.5000   15.0000  -45.000011051.2178   17.9280
    0.0000   15.0000  -45.000011419.1377   17.9520
    7.5000   15.0000  -45.000010743.8359   18.0215
   -7.5000   22.5000  -45.000010197.0225   17.9288
    0.0000   22.5000  -45.000010536.9004   17.9496
    7.5000   22.5000  -45.0000 9929.7998   18.0100
   -7.5000   30.0000  -45.0000 9389.2402   17.7361
    0.0000   30.0000  -45.0000 9699.6953   17.7537
    7.5000   30.0000  -45.0000 9128.0010   17.8152
   -7.5000   37.5000  -45.0000 8858.5986   17.7783
    0.0000   37.5000  -45.0000 9130.2051   17.7968
    7.5000   37.5000  -45.0000 8586.8330   17.8666
   -7.5000   45.0000  -45.0000 7903.7979   17.3412
    0.0000   45.0000  -45.0000 8131.3613   17.3620
    7.5000   45.0000  -45.0000 7638.0874   17.4378
   -7.5000  -45.0000  -37.5000 9842.5752   18.0457
    0.0000  -45.0000  -37.500010160.7520   18.0691
    7.5000  -45.0000  -37.5000 9581.6445   18.1501
   -7.5000  -37.5000  -37.500010251.4258   17.9948
    0.0000  -37.5000  -37.500010573.6387   18.0202
    7.5000  -37.5000  -37.5000 9969.4756   18.1030
   -7.5000  -30.0000  -37.500010999.9346   17.9434
    0.0000  -30.0000  -37.500011358.3604   17.9678
    7.5000  -30.0000  -37.500010708.3516   18.0394
   -7.5000  -22.5000  -37.500011662.3877   17.9442
    0.0000  -22.5000  -37.500012038.4756   17.9653
    7.5000  -22.5000  -37.500011330.8633   18.0255
   -7.5000  -15.0000  -37.500012275.4111   17.9936
    0.0000  -15.0000  -37.500012646.9766   18.0128
    7.5000  -15.0000  -37.500011903.6943   18.0735
   -7.5000   -7.5000  -37.500012791.9043   18.0435
    0.0000   -7.5000  -37.500013189.3965   18.0639
    7.5000   -7.5000  -37.500012391.9082   18.1343
   -7.5000    0.0000  -37.500013197.4219   18.0457
    0.0000    0.0000  -37.500013610.1641   18.0691
    7.5000    0.0000  -37.500012788.4443   18.1501
   -7.5000    7.5000  -37.500012417.2480   17.9948
    0.0000    7.5000  -37.500012803.9688   18.0202
    7.5000    7.5000  -37.500012041.3115   18.1030
   -7.5000   15.0000  -37.500011546.8369   17.9434
    0.0000   15.0000  -37.500011909.1523   17.9678
    7.5000   15.0000  -37.500011206.1504   18.0394
   -7.5000   22.5000  -37.500010630.0479   17.9418
    0.0000   22.5000  -37.500010973.9580   17.9629
    7.5000   22.5000  -37.500010335.2373   18.0230
   -7.5000   30.0000  -37.5000 9759.3848   17.7538
    0.0000   30.0000  -37.500010088.7051   17.7728
    7.5000   30.0000  -37.5000 9487.5391   17.8326
   -7.5000   37.5000  -37.5000 9190.1650   17.8031
    0.0000   37.5000  -37.5000 9483.1436   17.8232
    7.5000   37.5000  -37.5000 8904.7480   17.8927
   -7.5000   45.0000  -37.5000 8178.2114   17.3674
    0.0000   45.0000  -37.5000 8412.9082   17.3897
    7.5000   45.0000  -37.5000 7898.4038   17.4679
   -7.5000  -45.0000  -30.000010515.0068   18.8163
    0.0000  -45.0000  -30.000010867.5732   18.8290
    7.5000  -45.0000  -30.000010227.3496   18.9080
   -7.5000  -37.5000  -30.000010928.6211   18.7658
    0.0000  -37.5000  -30.000011297.7734   18.7801
    7.5000  -37.5000  -30.000010638.0176   18.8607
   -7.5000  -30.0000  -30.000011725.9795   18.7098
    0.0000  -30.0000  -30.000012106.5146   18.7230
    7.5000  -30.0000  -30.000011393.2100   18.7930
   -7.5000  -22.5000  -30.000012427.5928   18.7058
    0.0000  -22.5000  -30.000012805.9727   18.7168
    7.5000  -22.5000  -30.000012044.8906   18.7763
   -7.5000  -15.0000  -30.000013054.7607   18.7557
    0.0000  -15.0000  -30.000013442.7568   18.7658
    7.5000  -15.0000  -30.000012635.3936   18.8253
   -7.5000   -7.5000  -30.000013593.6250   18.8100
    0.0000   -7.5000  -30.000014000.7314   18.8208
    7.5000   -7.5000  -30.000013155.4824   18.8891
   -7.5000    0.0000  -30.000013994.1914   18.8163
    0.0000    0.0000  -30.000014411.7041   18.8290
    7.5000    0.0000  -30.000013548.7988   18.9080
   -7.5000    7.5000  -30.000013144.5010   18.7658
    0.0000    7.5000  -30.000013536.2002   18.7801
    7.5000    7.5000  -30.000012742.8096   18.8607
   -7.5000   15.0000  -30.000012198.8477   18.7098
    0.0000   15.0000  -30.000012570.8105   18.7230
    7.5000   15.0000  -30.000011841.0635   18.7930
   -7.5000   22.5000  -30.000011220.3379   18.7014
    0.0000   22.5000  -30.000011574.4980   18.7123
    7.5000   22.5000  -30.000010912.3008   18.7718
   -7.5000   30.0000  -30.000010289.1406   18.5075
    0.0000   30.0000  -30.000010618.3408   18.5175
    7.5000   30.0000  -30.0000 9999.6436   18.5762
   -7.5000   37.5000  -30.0000 9671.6680   18.5611
    0.0000   37.5000  -30.0000 9969.6650   18.5717
    7.5000   37.5000  -30.0000 9369.2334   18.6392
   -7.5000   45.0000  -30.0000 8588.8809   18.1224
    0.0000   45.0000  -30.0000 8845.4893   18.1344
    7.5000   45.0000  -30.0000 8304.4043   18.2106
   -7.5000  -45.0000  -22.500011160.8506   19.4446
    0.0000  -45.0000  -22.500011552.0840   19.4415
    7.5000  -45.0000  -22.500010878.6621   19.5140
   -7.5000  -37.5000  -22.500011566.4551   19.4008
    0.0000  -37.5000  -22.500011977.9746   19.3990
    7.5000  -37.5000  -22.500011306.2520   19.4724
   -7.5000  -30.0000  -22.500012371.5537   19.3472
    0.0000  -30.0000  -22.500012779.5117   19.3456
    7.5000  -30.0000  -22.500012079.3584   19.4109
   -7.5000  -22.5000  -22.500013088.0732   19.3397
    0.0000  -22.5000  -22.500013521.6104   19.3375
    7.5000  -22.5000  -22.500012760.4062   19.3955
   -7.5000  -15.0000  -22.500013770.2549   19.3838
    0.0000  -15.0000  -22.500014207.0586   19.3804
    7.5000  -15.0000  -22.500013373.0771   19.4389
   -7.5000   -7.5000  -22.500014332.6250   19.4349
    0.0000   -7.5000  -22.500014771.9941   19.4310
    7.5000   -7.5000  -22.500013898.3359   19.4959
   -7.5000    0.0000  -22.500014694.0283   19.4446
    0.0000    0.0000  -22.500015144.7363   19.4415
    7.5000    0.0000  -22.500014266.0938   19.5140
   -7.5000    7.5000  -22.500013797.4648   19.4008
    0.0000    7.5000  -22.500014229.8535   19.3990
    7.5000    7.5000  -22.500013408.5713   19.4724
   -7.5000   15.0000  -22.500012803.1934   19.3472
    0.0000   15.0000  -22.500013216.1484   19.3456
    7.5000   15.0000  -22.500012459.4727   19.4109
   -7.5000   22.5000  -22.500011804.4561   19.3337
    0.0000   22.5000  -22.500012179.9375   19.3315
    7.5000   22.5000  -22.500011475.0205   19.3895
   -7.5000   30.0000  -22.500010800.8711   19.1303
    0.0000   30.0000  -22.500011135.2168   19.1269
    7.5000   30.0000  -22.500010507.3779   19.1847
   -7.5000   37.5000  -22.500010148.9150   19.1807
    0.0000   37.5000  -22.500010442.1719   19.1768
    7.5000   37.5000  -22.5000 9814.5068   19.2409
   -7.5000   45.0000  -22.5000 8996.3311   18.7416
    0.0000   45.0000  -22.5000 9251.7490   18.7385
    7.5000   45.0000  -22.5000 8685.4248   18.8084
   -7.5000  -45.0000  -15.000011783.4717   19.8798
    0.0000  -45.0000  -15.000012233.3682   19.8725
    7.5000  -45.0000  -15.000011555.2930   19.9433
   -7.5000  -37.5000  -15.000012197.9424   19.8413
    0.0000  -37.5000  -15.000012666.6475   19.8350
    7.5000  -37.5000  -15.000011988.8545   19.9061
   -7.5000  -30.0000  -15.000013004.3994   19.7935
    0.0000  -30.0000  -15.000013481.4639   19.7883
    7.5000  -30.0000  -15.000012781.8359   19.8532
   -7.5000  -22.5000  -15.000013772.1162   19.7872
    0.0000  -22.5000  -15.000014264.3564   19.7816
    7.5000  -22.5000  -15.000013505.7842   19.8415
   -7.5000  -15.0000  -15.000014495.4980   19.8262
    0.0000  -15.0000  -15.000014986.2070   19.8185
    7.5000  -15.0000  -15.000014142.5762   19.8798
   -7.5000   -7.5000  -15.000015063.1172   19.8710
    0.0000   -7.5000  -15.000015579.2939   19.8627
    7.5000   -7.5000  -15.000014677.3242   19.9286
   -7.5000    0.0000  -15.000015401.0840   19.8798
    0.0000    0.0000  -15.000015905.9316   19.8725
    7.5000    0.0000  -15.000015006.0225   19.9433
   -7.5000    7.5000  -15.000014458.1006   19.8413
    0.0000    7.5000  -15.000014916.0859   19.8350
    7.5000    7.5000  -15.000014079.5342   19.9061
   -7.5000   15.0000  -15.000013436.6787   19.7935
    0.0000   15.0000  -15.000013848.3545   19.7883
    7.5000   15.0000  -15.000013095.8174   19.8532
   -7.5000   22.5000  -15.000012387.1797   19.7802
    0.0000   22.5000  -15.000012782.1982   19.7746
    7.5000   22.5000  -15.000012065.0049   19.8344
   -7.5000   30.0000  -15.000011317.6885   19.5696
    0.0000   30.0000  -15.000011664.9922   19.5620
    7.5000   30.0000  -15.000011023.5332   19.6225
   -7.5000   37.5000  -15.000010582.5967   19.6138
    0.0000   37.5000  -15.000010859.6865   19.6057
    7.5000   37.5000  -15.000010259.5078   19.6707
   -7.5000   45.0000  -15.0000 9338.8760   19.1727
    0.0000   45.0000  -15.0000 9599.1299   19.1656
    7.5000   45.0000  -15.0000 9058.5615   19.2339
   -7.5000  -45.0000   -7.500012422.9863   20.1008
    0.0000  -45.0000   -7.500012917.9834   20.1085
    7.5000  -45.0000   -7.500012230.4561   20.1867
   -7.5000  -37.5000   -7.500012892.3018   20.0583
    0.0000  -37.5000   -7.500013403.6855   20.0678
    7.5000  -37.5000   -7.500012695.8008   20.1457
   -7.5000  -30.0000   -7.500013835.1953   20.0134
    0.0000  -30.0000   -7.500014365.3027   20.0233
    7.5000  -30.0000   -7.500013600.9219   20.0940
   -7.5000  -22.5000   -7.500014571.6670   20.0133
    0.0000  -22.5000   -7.500015099.5312   20.0212
    7.5000  -22.5000   -7.500014349.7773   20.0857
   -7.5000  -15.0000   -7.500015163.2754   20.0551
    0.0000  -15.0000   -7.500015728.7910   20.0599
    7.5000  -15.0000   -7.500014965.0449   20.1269
   -7.5000   -7.5000   -7.500015705.2490   20.0975
    0.0000   -7.5000   -7.500016287.0869   20.1027
    7.5000   -7.5000   -7.500015475.1504   20.1760
   -7.5000    0.0000   -7.500016073.5664   20.1008
    0.0000    0.0000   -7.500016655.0703   20.1085
    7.5000    0.0000   -7.500015796.0166   20.1867
   -7.5000    7.5000   -7.500015115.2744   20.0583
    0.0000    7.5000   -7.500015649.0117   20.0678
    7.5000    7.5000   -7.500014846.9229   20.1457
   -7.5000   15.0000   -7.500014068.0605   20.0134
    0.0000   15.0000   -7.500014543.5312   20.0233
    7.5000   15.0000   -7.500013827.5088   20.0940
   -7.5000   22.5000   -7.500012965.3838   20.0041
    0.0000   22.5000   -7.500013401.3252   20.0119
    7.5000   22.5000   -7.500012727.1953   20.0765
   -7.5000   30.0000   -7.500011845.1270   19.7950
    0.0000   30.0000   -7.500012202.3496   19.7998
    7.5000   30.0000   -7.500011593.1377   19.8658
   -7.5000   37.5000   -7.500011045.9238   19.8369
    0.0000   37.5000   -7.500011334.6387   19.8420
    7.5000   37.5000   -7.500010734.1123   19.9143
   -7.5000   45.0000   -7.5000 9712.0801   19.3894
    0.0000   45.0000   -7.5000 9977.9043   19.3968
    7.5000   45.0000   -7.5000 9441.1670   19.4722
   -7.5000  -45.0000    0.000012908.2471   20.1617
    0.0000  -45.0000    0.000013461.2207   20.1860
    7.5000  -45.0000    0.000012767.9824   20.2739
   -7.5000  -37.5000    0.000013480.3174   20.1100
    0.0000  -37.5000    0.000014033.1660   20.1371
    7.5000  -37.5000    0.000013300.7510   20.2254
   -7.5000  -30.0000    0.000014492.8154   20.0604
    0.0000  -30.0000    0.000015066.7559   20.0872
    7.5000  -30.0000    0.000014284.4580   20.1649
   -7.5000  -22.5000    0.000015096.4473   20.0641
    0.0000  -22.5000    0.000015684.5889   20.0873
    7.5000  -22.5000    0.000015073.1836   20.1548
   -7.5000  -15.0000    0.000015598.0840   20.1138
    0.0000  -15.0000    0.000016225.7451   20.1337
    7.5000  -15.0000    0.000015668.5557   20.2034
   -7.5000   -7.5000    0.000016160.6484   20.1617
    0.0000   -7.5000    0.000016810.2422   20.1826
    7.5000   -7.5000    0.000016172.9258   20.2618
   -7.5000    0.0000    0.000016571.0449   20.1617
    0.0000    0.0000    0.000017237.1582   20.1860
    7.5000    0.0000    0.000016472.7324   20.2739
   -7.5000    7.5000    0.000015647.8330   20.1100
    0.0000    7.5000    0.000016218.6025   20.1371
    7.5000    7.5000    0.000015470.2998   20.2254
   -7.5000   15.0000    0.000014596.1123   20.0604
    0.0000   15.0000    0.000015106.7207   20.0872
    7.5000   15.0000    0.000014404.0156   20.1649
   -7.5000   22.5000    0.000013478.4736   20.0548
    0.0000   22.5000    0.000013941.1162   20.0780
    7.5000   22.5000    0.000013256.3066   20.1455
   -7.5000   30.0000    0.000012321.4014   19.8535
    0.0000   30.0000    0.000012703.8604   19.8731
    7.5000   30.0000    0.000012073.3828   19.9420
   -7.5000   37.5000    0.000011470.9580   19.9007
    0.0000   37.5000    0.000011780.2861   19.9214
    7.5000   37.5000    0.000011180.0684   19.9996
   -7.5000   45.0000    0.000010052.1865   19.4496
    0.0000   45.0000    0.000010335.2051   19.4729
    7.5000   45.0000    0.0000 9813.3252   19.5579
   -7.5000  -45.0000    7.500012384.7627   20.1936
    0.0000  -45.0000    7.500012872.4600   20.2198
    7.5000  -45.0000    7.500012278.9033   20.3105
   -7.5000  -37.5000    7.500012900.4219   20.1366
    0.0000  -37.5000    7.500013435.8789   20.1651
    7.5000  -37.5000    7.500012791.5137   20.2577
   -7.5000  -30.0000    7.500013845.0361   20.0791
    0.0000  -30.0000    7.500014431.9268   20.1064
    7.5000  -30.0000    7.500013741.9092   20.1866
   -7.5000  -22.5000    7.500014558.5967   20.0801
    0.0000  -22.5000    7.500015171.5273   20.1037
    7.5000  -22.5000    7.500014538.8184   20.1710
   -7.5000  -15.0000    7.500015202.4873   20.1353
    0.0000  -15.0000    7.500015839.4707   20.1568
    7.5000  -15.0000    7.500015169.2188   20.2247
   -7.5000   -7.5000    7.500015772.9131   20.1912
    0.0000   -7.5000    7.500016376.9160   20.2140
    7.5000   -7.5000    7.500015650.6738   20.2928
   -7.5000    0.0000    7.500016115.2402   20.1936
    0.0000    0.0000    7.500016689.1113   20.2198
    7.5000    0.0000    7.500015910.0869   20.3105
   -7.5000    7.5000    7.500015185.9736   20.1366
    0.0000    7.5000    7.500015656.5068   20.1651
    7.5000    7.5000    7.500014929.0889   20.2577
   -7.5000   15.0000    7.500014128.0137   20.0791
    0.0000   15.0000    7.500014553.4072   20.1064
    7.5000   15.0000    7.500013883.9717   20.1866
   -7.5000   22.5000    7.500013016.4639   20.0708
    0.0000   22.5000    7.500013405.7773   20.0944
    7.5000   22.5000    7.500012780.0078   20.1617
   -7.5000   30.0000    7.500011831.5674   19.8747
    0.0000   30.0000    7.500012192.9541   19.8960
    7.5000   30.0000    7.500011618.3994   19.9630
   -7.5000   37.5000    7.500010951.7451   19.9299
    0.0000   37.5000    7.500011286.2734   19.9524
    7.5000   37.5000    7.500010741.0352   20.0302
   -7.5000   45.0000    7.5000 9577.5635   19.4804
    0.0000   45.0000    7.5000 9868.9717   19.5054
    7.5000   45.0000    7.5000 9408.9551   19.5931
   -7.5000  -45.0000   15.000011782.4658   20.2097
    0.0000  -45.0000   15.000012240.9131   20.2234
    7.5000  -45.0000   15.000011631.1699   20.3084
   -7.5000  -37.5000   15.000012255.1816   20.1555
    0.0000  -37.5000   15.000012750.9766   20.1709
    7.5000  -37.5000   15.000012110.6924   20.2576
   -7.5000  -30.0000   15.000013179.1230   20.0953
    0.0000  -30.0000   15.000013670.3613   20.1096
    7.5000  -30.0000   15.000013043.0342   20.1849
   -7.5000  -22.5000   15.000013947.4619   20.0910
    0.0000  -22.5000   15.000014423.1436   20.1029
    7.5000  -22.5000   15.000013802.2295   20.1670
   -7.5000  -15.0000   15.000014672.0107   20.1446
    0.0000  -15.0000   15.000015158.8574   20.1555
    7.5000  -15.0000   15.000014441.5205   20.2195
   -7.5000   -7.5000   15.000015239.2363   20.2029
    0.0000   -7.5000   15.000015732.3184   20.2146
    7.5000   -7.5000   15.000014962.6582   20.2881
   -7.5000    0.0000   15.000015486.7119   20.2097
    0.0000    0.0000   15.000015984.2227   20.2234
    7.5000    0.0000   15.000015203.8320   20.3084
   -7.5000    7.5000   15.000014525.3486   20.1555
    0.0000    7.5000   15.000014957.8193   20.1709
    7.5000    7.5000   15.000014250.8984   20.2576
   -7.5000   15.0000   15.000013473.6660   20.0953
    0.0000   15.0000   15.000013894.7832   20.1096
    7.5000   15.0000   15.000013240.5391   20.1849
   -7.5000   22.5000   15.000012400.4141   20.0818
    0.0000   22.5000   15.000012783.8027   20.0936
    7.5000   22.5000   15.000012173.1074   20.1577
   -7.5000   30.0000   15.000011217.2988   19.8839
    0.0000   30.0000   15.000011576.8252   19.8946
    7.5000   30.0000   15.000011049.1250   19.9578
   -7.5000   37.5000   15.000010338.9736   19.9414
    0.0000   37.5000   15.000010692.2998   19.9530
    7.5000   37.5000   15.000010197.8574   20.0256
   -7.5000   45.0000   15.0000 9052.2461   19.4959
    0.0000   45.0000   15.0000 9354.5098   19.5090
    7.5000   45.0000   15.0000 8935.3682   19.5911
   -7.5000  -45.0000   22.500011146.3691   20.2591
    0.0000  -45.0000   22.500011499.7314   20.2566
    7.5000  -45.0000   22.500010906.9326   20.3331
   -7.5000  -37.5000   22.500011579.1689   20.2135
    0.0000  -37.5000   22.500011971.7578   20.2125
    7.5000  -37.5000   22.500011359.9062   20.2899
   -7.5000  -30.0000   22.500012431.9717   20.1578
    0.0000  -30.0000   22.500012846.8066   20.1569
    7.5000  -30.0000   22.500012223.5176   20.2257
   -7.5000  -22.5000   22.500013128.7236   20.1500
    0.0000  -22.5000   22.500013584.5234   20.1484
    7.5000  -22.5000   22.500012935.1162   20.2095
   -7.5000  -15.0000   22.500013777.0166   20.1958
    0.0000  -15.0000   22.500014287.3301   20.1929
    7.5000  -15.0000   22.500013579.5625   20.2546
   -7.5000   -7.5000   22.500014297.4199   20.2490
    0.0000   -7.5000   22.500014842.6230   20.2456
    7.5000   -7.5000   22.500014091.5400   20.3140
   -7.5000    0.0000   22.500014529.1094   20.2591
    0.0000    0.0000   22.500015078.9199   20.2566
    7.5000    0.0000   22.500014338.4092   20.3331
   -7.5000    7.5000   22.500013630.6016   20.2135
    0.0000    7.5000   22.500014121.9580   20.2125
    7.5000    7.5000   22.500013438.6016   20.2899
   -7.5000   15.0000   22.500012657.3154   20.1578
    0.0000   15.0000   22.500013127.6455   20.1569
    7.5000   15.0000   22.500012477.1797   20.2257
   -7.5000   22.5000   22.500011669.7529   20.1407
    0.0000   22.5000   22.500012088.4688   20.1391
    7.5000   22.5000   22.500011487.6514   20.2002
   -7.5000   30.0000   22.500010565.4707   19.9345
    0.0000   30.0000   22.500010918.5293   19.9316
    7.5000   30.0000   22.500010384.5537   19.9925
   -7.5000   37.5000   22.5000 9724.8418   19.9869
    0.0000   37.5000   22.500010030.9121   19.9835
    7.5000   37.5000   22.5000 9541.5215   20.0511
   -7.5000   45.0000   22.5000 8503.8779   19.5436
    0.0000   45.0000   22.5000 8775.3164   19.5410
    7.5000   45.0000   22.5000 8361.3799   19.6149
   -7.5000  -45.0000   30.000010308.4043   20.3657
    0.0000  -45.0000   30.000010655.3271   20.3598
    7.5000  -45.0000   30.000010091.3467   20.4342
   -7.5000  -37.5000   30.000010714.9453   20.3261
    0.0000  -37.5000   30.000011079.9648   20.3213
    7.5000  -37.5000   30.000010513.4492   20.3959
   -7.5000  -30.0000   30.000011508.2422   20.2777
    0.0000  -30.0000   30.000011895.6211   20.2739
    7.5000  -30.0000   30.000011296.7373   20.3421
   -7.5000  -22.5000   30.000012188.1270   20.2721
    0.0000  -22.5000   30.000012608.0020   20.2678
    7.5000  -22.5000   30.000011981.2207   20.3307
   -7.5000  -15.0000   30.000012788.5098   20.3123
    0.0000  -15.0000   30.000013240.1904   20.3058
    7.5000  -15.0000   30.000012594.9092   20.3701
   -7.5000   -7.5000   30.000013276.6309   20.3575
    0.0000   -7.5000   30.000013749.5029   20.3505
    7.5000   -7.5000   30.000013088.5010   20.4196
   -7.5000    0.0000   30.000013485.4648   20.3657
    0.0000    0.0000   30.000013972.9482   20.3598
    7.5000    0.0000   30.000013329.7051   20.4342
   -7.5000    7.5000   30.000012648.5586   20.3261
    0.0000    7.5000   30.000013113.8574   20.3213
    7.5000    7.5000   30.000012513.9160   20.3959
   -7.5000   15.0000   30.000011751.8691   20.2777
    0.0000   15.0000   30.000012168.6094   20.2739
    7.5000   15.0000   30.000011597.6455   20.3421
   -7.5000   22.5000   30.000010812.7129   20.2628
    0.0000   22.5000   30.000011197.7354   20.2584
    7.5000   22.5000   30.000010670.9668   20.3213
   -7.5000   30.0000   30.0000 9788.3057   20.0495
    0.0000   30.0000   30.000010112.1738   20.0430
    7.5000   30.0000   30.0000 9626.0186   20.1064
   -7.5000   37.5000   30.0000 9028.5889   20.0940
    0.0000   37.5000   30.0000 9291.8271   20.0871
    7.5000   37.5000   30.0000 8845.0068   20.1553
   -7.5000   45.0000   30.0000 7905.3535   19.6458
    0.0000   45.0000   30.0000 8142.4033   19.6400
    7.5000   45.0000   30.0000 7768.1270   19.7118
   -7.5000  -45.0000   37.5000 9838.8818   20.6720
    0.0000  -45.0000   37.500010165.8584   20.6824
    7.5000  -45.0000   37.5000 9634.6543   20.7662
   -7.5000  -37.5000   37.500010237.5479   20.6271
    0.0000  -37.5000   37.500010583.9727   20.6395
    7.5000  -37.5000   37.500010046.9736   20.7230
   -7.5000  -30.0000   37.500011007.8877   20.5807
    0.0000  -30.0000   37.500011366.2773   20.5941
    7.5000  -30.0000   37.500010786.5811   20.6701
   -7.5000  -22.5000   37.500011680.0225   20.5822
    0.0000  -22.5000   37.500012072.9922   20.5936
    7.5000  -22.5000   37.500011442.8115   20.6634
   -7.5000  -15.0000   37.500012253.0107   20.6267
    0.0000  -15.0000   37.500012684.6934   20.6348
    7.5000  -15.0000   37.500012054.3223   20.7071
   -7.5000   -7.5000   37.500012714.7949   20.6700
    0.0000   -7.5000   37.500013193.0342   20.6781
    7.5000   -7.5000   37.500012575.4365   20.7569
   -7.5000    0.0000   37.500012930.1523   20.6720
    0.0000    0.0000   37.500013417.7002   20.6824
    7.5000    0.0000   37.500012800.8477   20.7662
   -7.5000    7.5000   37.500012149.9570   20.6271
    0.0000    7.5000   37.500012577.0322   20.6395
    7.5000    7.5000   37.500012002.6855   20.7230
   -7.5000   15.0000   37.500011291.8613   20.5807
    0.0000   15.0000   37.500011681.1445   20.5941
    7.5000   15.0000   37.500011135.1230   20.6701
   -7.5000   22.5000   37.500010380.8115   20.5727
    0.0000   22.5000   37.500010734.9082   20.5841
    7.5000   22.5000   37.500010236.5322   20.6539
   -7.5000   30.0000   37.5000 9406.0439   20.3598
    0.0000   30.0000   37.5000 9710.2891   20.3677
    7.5000   30.0000   37.5000 9246.9824   20.4392
   -7.5000   37.5000   37.5000 8661.2773   20.4025
    0.0000   37.5000   37.5000 8943.1973   20.4105
    7.5000   37.5000   37.5000 8511.8574   20.4882
   -7.5000   45.0000   37.5000 7607.4038   19.9407
    0.0000   45.0000   37.5000 7863.6094   19.9507
    7.5000   45.0000   37.5000 7483.6475   20.0315
   -7.5000  -45.0000   45.0000 8967.0508   21.0751
    0.0000  -45.0000   45.0000 9272.0068   21.1031
    7.5000  -45.0000   45.0000 8784.1787   21.2016
   -7.5000  -37.5000   45.0000 9340.1562   21.0205
    0.0000  -37.5000   45.0000 9662.7500   21.0511
    7.5000  -37.5000   45.0000 9156.6143   21.1491
   -7.5000  -30.0000   45.000010027.5723   20.9682
    0.0000  -30.0000   45.000010385.8428   20.9994
    7.5000  -30.0000   45.0000 9836.7646   21.0857
   -7.5000  -22.5000   45.000010646.6553   20.9730
    0.0000  -22.5000   45.000011034.9102   21.0011
    7.5000  -22.5000   45.000010452.3926   21.0774
   -7.5000  -15.0000   45.000011173.5811   21.0260
    0.0000  -15.0000   45.000011603.4512   21.0507
    7.5000  -15.0000   45.000011031.9072   21.1305
   -7.5000   -7.5000   45.000011613.3535   21.0758
    0.0000   -7.5000   45.000012073.6074   21.1009
    7.5000   -7.5000   45.000011500.9219   21.1910
   -7.5000    0.0000   45.000011823.4092   21.0751
    0.0000    0.0000   45.000012292.1055   21.1031
    7.5000    0.0000   45.000011711.5879   21.2016
   -7.5000    7.5000   45.000011133.2578   21.0205
    0.0000    7.5000   45.000011557.2744   21.0511
    7.5000    7.5000   45.000011014.0215   21.1491
   -7.5000   15.0000   45.000010340.0107   20.9682
    0.0000   15.0000   45.000010719.4238   20.9994
    7.5000   15.0000   45.000010220.9824   21.0857
   -7.5000   22.5000   45.0000 9518.5576   20.9633
    0.0000   22.5000   45.0000 9852.3770   20.9914
    7.5000   22.5000   45.0000 9378.8027   21.0677
   -7.5000   30.0000   45.0000 8643.2764   20.7520
    0.0000   30.0000   45.0000 8919.3945   20.7765
    7.5000   30.0000   45.0000 8492.7109   20.8552
   -7.5000   37.5000   45.0000 7967.5088   20.8013
    0.0000   37.5000   45.0000 8225.1182   20.8260
    7.5000   37.5000   45.0000 7834.7593   20.9150
   -7.5000   45.0000   45.0000 6999.0513   20.3385
    0.0000   45.0000   45.0000 7235.0474   20.3653
    7.5000   45.0000   45.0000 6883.0054   20.4605

---------------------------------------------------------------------
imgreg_4dfp /opt/freesurfer/average/711-2C_as_mni_average_305 /opt/freesurfer/average/711-2B_as_mni_average_305_mask talsrcimg_g11 none talsrcimg_to_711-2C_as_mni_average_305_t4 4355
---------------------------------------------------------------------

freesurfer imgreg_4dfp.c
/opt/freesurfer/average/711-2C_as_mni_average_305.4dfp.img
       256       256       256         1
  1.000000  1.000000  1.000000
orientation T byte_order littleendian
Reading image: /opt/freesurfer/average/711-2C_as_mni_average_305.4dfp.img
dimensions:      256       256       256
mmppix:       1.0000   -1.0000   -1.0000
center:     128.0000 -129.0000 -129.0000
/opt/freesurfer/average/711-2B_as_mni_average_305_mask.4dfp.img
       256       256       256         1
  1.000000  1.000000  1.000000
orientation T byte_order littleendian
Reading mask: /opt/freesurfer/average/711-2B_as_mni_average_305_mask.4dfp.img (2306576 pixels)
talsrcimg_g11.4dfp.img
       256       256       256         1
  1.000000  1.000000  1.000000
orientation T byte_order littleendian
Reading image: talsrcimg_g11.4dfp.img
dimensions:      256       256       256
mmppix:       1.0000   -1.0000   -1.0000
center:     128.0000 -129.0000 -129.0000
rotation matrix determinant  1.000000
image alignment mode   4355 decimal     1103 hex
   -7.5000  -45.0000  -45.0000 2235.6987   16.6710
    0.0000  -45.0000  -45.0000 2229.8267   16.7321
    7.5000  -45.0000  -45.0000 2191.4331   17.0939
   -7.5000  -37.5000  -45.0000 2293.5281   15.7003
    0.0000  -37.5000  -45.0000 2290.4207   15.7423
    7.5000  -37.5000  -45.0000 2252.7168   16.0713
   -7.5000  -30.0000  -45.0000 2334.3909   15.0273
    0.0000  -30.0000  -45.0000 2329.1038   15.0968
    7.5000  -30.0000  -45.0000 2293.7136   15.4137
   -7.5000  -22.5000  -45.0000 2356.8650   14.6992
    0.0000  -22.5000  -45.0000 2352.7327   14.7637
    7.5000  -22.5000  -45.0000 2315.2522   15.0946
   -7.5000  -15.0000  -45.0000 2356.3464   14.6923
    0.0000  -15.0000  -45.0000 2351.6943   14.7484
    7.5000  -15.0000  -45.0000 2310.6741   15.0474
   -7.5000   -7.5000  -45.0000 2329.9539   14.9204
    0.0000   -7.5000  -45.0000 2330.2900   14.9864
    7.5000   -7.5000  -45.0000 2285.6597   15.3066
   -7.5000    0.0000  -45.0000 2279.3757   15.4024
    0.0000    0.0000  -45.0000 2283.1487   15.4717
    7.5000    0.0000  -45.0000 2237.5237   15.8439
   -7.5000    7.5000  -45.0000 2206.3738   16.2149
    0.0000    7.5000  -45.0000 2208.5300   16.2900
    7.5000    7.5000  -45.0000 2169.4729   16.6901
   -7.5000   15.0000  -45.0000 2119.3828   17.4482
    0.0000   15.0000  -45.0000 2118.0518   17.5208
    7.5000   15.0000  -45.0000 2076.7100   17.9887
   -7.5000   22.5000  -45.0000 2013.9623   19.2818
    0.0000   22.5000  -45.0000 2014.4176   19.3621
    7.5000   22.5000  -45.0000 1977.6572   19.8307
   -7.5000   30.0000  -45.0000 1906.3812   21.8195
    0.0000   30.0000  -45.0000 1907.8103   21.8950
    7.5000   30.0000  -45.0000 1868.9414   22.3985
   -7.5000   37.5000  -45.0000 1782.0760   25.1809
    0.0000   37.5000  -45.0000 1784.7389   25.2674
    7.5000   37.5000  -45.0000 1753.2769   25.8796
   -7.5000   45.0000  -45.0000 1646.2294   29.8850
    0.0000   45.0000  -45.0000 1642.7786   29.8989
    7.5000   45.0000  -45.0000 1616.5588   30.6996
   -7.5000  -45.0000  -37.5000 2322.1704   15.5282
    0.0000  -45.0000  -37.5000 2316.8479   15.5588
    7.5000  -45.0000  -37.5000 2276.1401   15.8889
   -7.5000  -37.5000  -37.5000 2387.3408   14.6270
    0.0000  -37.5000  -37.5000 2382.4507   14.6362
    7.5000  -37.5000  -37.5000 2342.0667   14.9618
   -7.5000  -30.0000  -37.5000 2432.5598   14.0269
    0.0000  -30.0000  -37.5000 2428.5010   14.0545
    7.5000  -30.0000  -37.5000 2392.4338   14.3604
   -7.5000  -22.5000  -37.5000 2452.4910   13.7440
    0.0000  -22.5000  -37.5000 2452.5586   13.7856
    7.5000  -22.5000  -37.5000 2407.5664   14.0907
   -7.5000  -15.0000  -37.5000 2458.8186   13.7389
    0.0000  -15.0000  -37.5000 2453.1982   13.7755
    7.5000  -15.0000  -37.5000 2404.3357   14.0717
   -7.5000   -7.5000  -37.5000 2432.5452   13.9472
    0.0000   -7.5000  -37.5000 2430.8296   13.9959
    7.5000   -7.5000  -37.5000 2381.3047   14.3120
   -7.5000    0.0000  -37.5000 2382.3701   14.3947
    0.0000    0.0000  -37.5000 2383.8557   14.4290
    7.5000    0.0000  -37.5000 2334.5547   14.7656
   -7.5000    7.5000  -37.5000 2305.3198   15.0968
    0.0000    7.5000  -37.5000 2304.6250   15.1563
    7.5000    7.5000  -37.5000 2258.2751   15.5310
   -7.5000   15.0000  -37.5000 2204.5740   16.2132
    0.0000   15.0000  -37.5000 2204.3718   16.2786
    7.5000   15.0000  -37.5000 2161.6230   16.7168
   -7.5000   22.5000  -37.5000 2092.1143   17.8495
    0.0000   22.5000  -37.5000 2095.9795   17.9065
    7.5000   22.5000  -37.5000 2060.3865   18.3395
   -7.5000   30.0000  -37.5000 1970.7306   20.1198
    0.0000   30.0000  -37.5000 1977.3430   20.1996
    7.5000   30.0000  -37.5000 1944.4089   20.6380
   -7.5000   37.5000  -37.5000 1846.1130   23.1993
    0.0000   37.5000  -37.5000 1850.5922   23.3315
    7.5000   37.5000  -37.5000 1815.2802   23.8176
   -7.5000   45.0000  -37.5000 1698.7695   27.4297
    0.0000   45.0000  -37.5000 1698.9346   27.5314
    7.5000   45.0000  -37.5000 1672.8976   28.1657
   -7.5000  -45.0000  -30.0000 2442.7307   15.0160
    0.0000  -45.0000  -30.0000 2438.5505   15.0246
    7.5000  -45.0000  -30.0000 2394.6025   15.3553
   -7.5000  -37.5000  -30.0000 2517.4031   14.1104
    0.0000  -37.5000  -30.0000 2515.5317   14.1005
    7.5000  -37.5000  -30.0000 2469.3630   14.4435
   -7.5000  -30.0000  -30.0000 2574.8547   13.5321
    0.0000  -30.0000  -30.0000 2571.8838   13.5450
    7.5000  -30.0000  -30.0000 2523.0461   13.8710
   -7.5000  -22.5000  -30.0000 2604.3398   13.2815
    0.0000  -22.5000  -30.0000 2597.7771   13.2802
    7.5000  -22.5000  -30.0000 2545.3123   13.5670
   -7.5000  -15.0000  -30.0000 2605.6885   13.3089
    0.0000  -15.0000  -30.0000 2602.0906   13.3194
    7.5000  -15.0000  -30.0000 2548.5596   13.5839
   -7.5000   -7.5000  -30.0000 2584.5273   13.5346
    0.0000   -7.5000  -30.0000 2582.4802   13.5510
    7.5000   -7.5000  -30.0000 2524.6602   13.8485
   -7.5000    0.0000  -30.0000 2529.3535   13.9397
    0.0000    0.0000  -30.0000 2532.5808   13.9679
    7.5000    0.0000  -30.0000 2475.5569   14.2838
   -7.5000    7.5000  -30.0000 2443.2297   14.5823
    0.0000    7.5000  -30.0000 2447.9858   14.6263
    7.5000    7.5000  -30.0000 2394.6763   14.9940
   -7.5000   15.0000  -30.0000 2331.0281   15.6420
    0.0000   15.0000  -30.0000 2338.7478   15.7033
    7.5000   15.0000  -30.0000 2292.2629   16.0868
   -7.5000   22.5000  -30.0000 2208.8843   17.1996
    0.0000   22.5000  -30.0000 2215.4189   17.2560
    7.5000   22.5000  -30.0000 2175.5906   17.6532
   -7.5000   30.0000  -30.0000 2078.2378   19.3094
    0.0000   30.0000  -30.0000 2078.5530   19.3878
    7.5000   30.0000  -30.0000 2044.7476   19.8257
   -7.5000   37.5000  -30.0000 1941.9423   22.2620
    0.0000   37.5000  -30.0000 1942.4510   22.3252
    7.5000   37.5000  -30.0000 1907.2347   22.8189
   -7.5000   45.0000  -30.0000 1790.2721   26.2565
    0.0000   45.0000  -30.0000 1795.3329   26.3804
    7.5000   45.0000  -30.0000 1764.4208   26.9949
   -7.5000  -45.0000  -22.5000 2530.8735   14.3808
    0.0000  -45.0000  -22.5000 2526.2676   14.3927
    7.5000  -45.0000  -22.5000 2481.6985   14.7882
   -7.5000  -37.5000  -22.5000 2615.5674   13.4997
    0.0000  -37.5000  -22.5000 2616.1650   13.5063
    7.5000  -37.5000  -22.5000 2569.6680   13.9010
   -7.5000  -30.0000  -22.5000 2683.3174   12.9449
    0.0000  -30.0000  -22.5000 2677.6282   12.9512
    7.5000  -30.0000  -22.5000 2628.0649   13.3085
   -7.5000  -22.5000  -22.5000 2719.6855   12.7242
    0.0000  -22.5000  -22.5000 2715.6833   12.7158
    7.5000  -22.5000  -22.5000 2659.9551   13.0252
   -7.5000  -15.0000  -22.5000 2731.3105   12.7845
    0.0000  -15.0000  -22.5000 2730.8040   12.7700
    7.5000  -15.0000  -22.5000 2668.6445   13.0458
   -7.5000   -7.5000  -22.5000 2712.5144   13.0143
    0.0000   -7.5000  -22.5000 2710.8171   13.0115
    7.5000   -7.5000  -22.5000 2644.2239   13.2896
   -7.5000    0.0000  -22.5000 2649.3782   13.4206
    0.0000    0.0000  -22.5000 2651.5132   13.4317
    7.5000    0.0000  -22.5000 2585.4939   13.7392
   -7.5000    7.5000  -22.5000 2557.0986   14.0190
    0.0000    7.5000  -22.5000 2561.5945   14.0507
    7.5000    7.5000  -22.5000 2498.6997   14.4226
   -7.5000   15.0000  -22.5000 2436.5352   15.0173
    0.0000   15.0000  -22.5000 2443.1377   15.0556
    7.5000   15.0000  -22.5000 2390.1819   15.4475
   -7.5000   22.5000  -22.5000 2306.2656   16.5030
    0.0000   22.5000  -22.5000 2309.8657   16.5491
    7.5000   22.5000  -22.5000 2263.5425   16.9497
   -7.5000   30.0000  -22.5000 2161.5657   18.5618
    0.0000   30.0000  -22.5000 2161.6838   18.5881
    7.5000   30.0000  -22.5000 2126.3904   19.0122
   -7.5000   37.5000  -22.5000 2017.9387   21.2885
    0.0000   37.5000  -22.5000 2017.5586   21.3095
    7.5000   37.5000  -22.5000 1976.7561   21.8376
   -7.5000   45.0000  -22.5000 1855.1101   24.9924
    0.0000   45.0000  -22.5000 1859.7238   25.0199
    7.5000   45.0000  -22.5000 1824.0229   25.6441
   -7.5000  -45.0000  -15.0000 2582.7170   13.8162
    0.0000  -45.0000  -15.0000 2582.7158   13.8395
    7.5000  -45.0000  -15.0000 2539.9546   14.2900
   -7.5000  -37.5000  -15.0000 2679.7637   12.9424
    0.0000  -37.5000  -15.0000 2683.7485   12.9839
    7.5000  -37.5000  -15.0000 2636.7280   13.4025
   -7.5000  -30.0000  -15.0000 2762.8237   12.4127
    0.0000  -30.0000  -15.0000 2759.0093   12.4465
    7.5000  -30.0000  -15.0000 2701.4314   12.8373
   -7.5000  -22.5000  -15.0000 2811.9907   12.2008
    0.0000  -22.5000  -15.0000 2806.9985   12.2161
    7.5000  -22.5000  -15.0000 2744.8047   12.5785
   -7.5000  -15.0000  -15.0000 2824.3762   12.2862
    0.0000  -15.0000  -15.0000 2823.6282   12.2805
    7.5000  -15.0000  -15.0000 2754.7046   12.5964
   -7.5000   -7.5000  -15.0000 2803.5527   12.5359
    0.0000   -7.5000  -15.0000 2807.0496   12.5114
    7.5000   -7.5000  -15.0000 2732.9614   12.8080
   -7.5000    0.0000  -15.0000 2734.0251   12.9232
    0.0000    0.0000  -15.0000 2737.9937   12.9192
    7.5000    0.0000  -15.0000 2667.4658   13.2395
   -7.5000    7.5000  -15.0000 2634.8010   13.5188
    0.0000    7.5000  -15.0000 2638.8125   13.5323
    7.5000    7.5000  -15.0000 2572.2612   13.9084
   -7.5000   15.0000  -15.0000 2507.3655   14.4904
    0.0000   15.0000  -15.0000 2509.1323   14.5160
    7.5000   15.0000  -15.0000 2455.9292   14.9140
   -7.5000   22.5000  -15.0000 2368.5779   15.9282
    0.0000   22.5000  -15.0000 2372.4526   15.9718
    7.5000   22.5000  -15.0000 2320.6099   16.3552
   -7.5000   30.0000  -15.0000 2215.7295   17.8756
    0.0000   30.0000  -15.0000 2217.9226   17.9279
    7.5000   30.0000  -15.0000 2174.0024   18.3334
   -7.5000   37.5000  -15.0000 2061.2485   20.4749
    0.0000   37.5000  -15.0000 2059.9534   20.5060
    7.5000   37.5000  -15.0000 2021.3623   20.9900
   -7.5000   45.0000  -15.0000 1887.6975   23.8988
    0.0000   45.0000  -15.0000 1894.3756   23.8838
    7.5000   45.0000  -15.0000 1858.3690   24.4741
   -7.5000  -45.0000   -7.5000 2617.6257   13.3090
    0.0000  -45.0000   -7.5000 2618.5027   13.4013
    7.5000  -45.0000   -7.5000 2568.9897   13.9267
   -7.5000  -37.5000   -7.5000 2731.7561   12.4732
    0.0000  -37.5000   -7.5000 2732.4922   12.5363
    7.5000  -37.5000   -7.5000 2674.3298   13.0417
   -7.5000  -30.0000   -7.5000 2831.3572   11.9633
    0.0000  -30.0000   -7.5000 2828.6660   12.0318
    7.5000  -30.0000   -7.5000 2755.4475   12.4986
   -7.5000  -22.5000   -7.5000 2891.2185   11.7288
    0.0000  -22.5000   -7.5000 2887.4578   11.7884
    7.5000  -22.5000   -7.5000 2809.0183   12.2353
   -7.5000  -15.0000   -7.5000 2897.5713   11.8021
    0.0000  -15.0000   -7.5000 2897.7444   11.8223
    7.5000  -15.0000   -7.5000 2814.7227   12.2295
   -7.5000   -7.5000   -7.5000 2864.5103   12.0278
    0.0000   -7.5000   -7.5000 2863.0198   12.0483
    7.5000   -7.5000   -7.5000 2781.2312   12.4443
   -7.5000    0.0000   -7.5000 2787.5867   12.4572
    0.0000    0.0000   -7.5000 2788.4890   12.4907
    7.5000    0.0000   -7.5000 2711.6768   12.9008
   -7.5000    7.5000   -7.5000 2677.5139   13.0987
    0.0000    7.5000   -7.5000 2681.0640   13.1412
    7.5000    7.5000   -7.5000 2613.8206   13.5761
   -7.5000   15.0000   -7.5000 2543.0986   14.0339
    0.0000   15.0000   -7.5000 2543.6230   14.0915
    7.5000   15.0000   -7.5000 2490.5674   14.5348
   -7.5000   22.5000   -7.5000 2402.2239   15.3996
    0.0000   22.5000   -7.5000 2402.2527   15.4800
    7.5000   22.5000   -7.5000 2348.3679   15.9151
   -7.5000   30.0000   -7.5000 2246.1306   17.3186
    0.0000   30.0000   -7.5000 2243.3245   17.3987
    7.5000   30.0000   -7.5000 2200.6785   17.8206
   -7.5000   37.5000   -7.5000 2085.4622   19.7904
    0.0000   37.5000   -7.5000 2083.0864   19.8564
    7.5000   37.5000   -7.5000 2042.8636   20.3207
   -7.5000   45.0000   -7.5000 1908.7897   22.9996
    0.0000   45.0000   -7.5000 1911.1698   23.0306
    7.5000   45.0000   -7.5000 1876.4814   23.5754
   -7.5000  -45.0000    0.0000 2635.8718   13.0053
    0.0000  -45.0000    0.0000 2635.5391   13.1515
    7.5000  -45.0000    0.0000 2578.3098   13.7353
   -7.5000  -37.5000    0.0000 2764.3743   12.2039
    0.0000  -37.5000    0.0000 2759.3313   12.3103
    7.5000  -37.5000    0.0000 2695.1252   12.8487
   -7.5000  -30.0000    0.0000 2867.5242   11.7421
    0.0000  -30.0000    0.0000 2866.9331   11.8300
    7.5000  -30.0000    0.0000 2786.8203   12.3163
   -7.5000  -22.5000    0.0000 2937.5825   11.4454
    0.0000  -22.5000    0.0000 2931.0815   11.5404
    7.5000  -22.5000    0.0000 2839.5808   12.0431
   -7.5000  -15.0000    0.0000 2936.0928   11.3771
    0.0000  -15.0000    0.0000 2930.3582   11.4690
    7.5000  -15.0000    0.0000 2841.0720   12.0394
   -7.5000   -7.5000    0.0000 2886.7593   11.6525
    0.0000   -7.5000    0.0000 2882.6926   11.7332
    7.5000   -7.5000    0.0000 2804.3838   12.2505
   -7.5000    0.0000    0.0000 2803.8667   12.1599
    0.0000    0.0000    0.0000 2806.3335   12.2386
    7.5000    0.0000    0.0000 2729.7925   12.6948
   -7.5000    7.5000    0.0000 2686.7288   12.8798
    0.0000    7.5000    0.0000 2688.4500   12.9596
    7.5000    7.5000    0.0000 2625.9241   13.4018
   -7.5000   15.0000    0.0000 2548.7607   13.8601
    0.0000   15.0000    0.0000 2548.5591   13.9348
    7.5000   15.0000    0.0000 2499.1648   14.3677
   -7.5000   22.5000    0.0000 2404.0989   15.2159
    0.0000   22.5000    0.0000 2403.8115   15.2864
    7.5000   22.5000    0.0000 2356.2124   15.7031
   -7.5000   30.0000    0.0000 2253.2744   17.0853
    0.0000   30.0000    0.0000 2250.3911   17.1282
    7.5000   30.0000    0.0000 2207.8813   17.5490
   -7.5000   37.5000    0.0000 2087.6084   19.4866
    0.0000   37.5000    0.0000 2088.7832   19.5165
    7.5000   37.5000    0.0000 2051.3757   19.9853
   -7.5000   45.0000    0.0000 1910.1530   22.5622
    0.0000   45.0000    0.0000 1912.7113   22.5886
    7.5000   45.0000    0.0000 1882.5298   23.1381
   -7.5000  -45.0000    7.5000 2635.2593   13.0231
    0.0000  -45.0000    7.5000 2629.1055   13.1262
    7.5000  -45.0000    7.5000 2570.6301   13.7590
   -7.5000  -37.5000    7.5000 2772.1843   12.1373
    0.0000  -37.5000    7.5000 2761.9167   12.2545
    7.5000  -37.5000    7.5000 2696.6006   12.8534
   -7.5000  -30.0000    7.5000 2870.7852   11.6817
    0.0000  -30.0000    7.5000 2866.6997   11.7996
    7.5000  -30.0000    7.5000 2788.8665   12.3214
   -7.5000  -22.5000    7.5000 2931.4524   11.4535
    0.0000  -22.5000    7.5000 2927.5710   11.5388
    7.5000  -22.5000    7.5000 2840.0281   12.0545
   -7.5000  -15.0000    7.5000 2937.0598   11.4757
    0.0000  -15.0000    7.5000 2931.8330   11.5386
    7.5000  -15.0000    7.5000 2841.7046   12.0705
   -7.5000   -7.5000    7.5000 2891.6721   11.7177
    0.0000   -7.5000    7.5000 2885.0132   11.7771
    7.5000   -7.5000    7.5000 2804.5330   12.2555
   -7.5000    0.0000    7.5000 2801.8701   12.1850
    0.0000    0.0000    7.5000 2800.3052   12.2232
    7.5000    0.0000    7.5000 2730.2412   12.7040
   -7.5000    7.5000    7.5000 2680.9697   12.9155
    0.0000    7.5000    7.5000 2682.4114   12.9332
    7.5000    7.5000    7.5000 2622.4392   13.4106
   -7.5000   15.0000    7.5000 2538.4426   13.9224
    0.0000   15.0000    7.5000 2537.8562   13.9317
    7.5000   15.0000    7.5000 2489.0408   14.3945
   -7.5000   22.5000    7.5000 2392.8425   15.2674
    0.0000   22.5000    7.5000 2392.9045   15.2643
    7.5000   22.5000    7.5000 2347.1738   15.7148
   -7.5000   30.0000    7.5000 2235.4531   17.0640
    0.0000   30.0000    7.5000 2238.2007   17.0518
    7.5000   30.0000    7.5000 2195.9397   17.5217
   -7.5000   37.5000    7.5000 2069.4614   19.4087
    0.0000   37.5000    7.5000 2075.0862   19.4277
    7.5000   37.5000    7.5000 2040.2998   19.9096
   -7.5000   45.0000    7.5000 1898.9663   22.4479
    0.0000   45.0000    7.5000 1903.8411   22.4784
    7.5000   45.0000    7.5000 1878.0183   22.9728
   -7.5000  -45.0000   15.0000 2611.7708   13.3661
    0.0000  -45.0000   15.0000 2604.2493   13.4337
    7.5000  -45.0000   15.0000 2548.0161   14.0384
   -7.5000  -37.5000   15.0000 2735.9607   12.4773
    0.0000  -37.5000   15.0000 2729.2874   12.5381
    7.5000  -37.5000   15.0000 2669.0098   13.0986
   -7.5000  -30.0000   15.0000 2834.5142   11.9842
    0.0000  -30.0000   15.0000 2829.1074   12.0217
    7.5000  -30.0000   15.0000 2761.4924   12.5368
   -7.5000  -22.5000   15.0000 2885.8171   11.7511
    0.0000  -22.5000   15.0000 2880.0723   11.7550
    7.5000  -22.5000   15.0000 2809.0496   12.2821
   -7.5000  -15.0000   15.0000 2884.8506   11.8305
    0.0000  -15.0000   15.0000 2883.7563   11.8224
    7.5000  -15.0000   15.0000 2809.8286   12.2820
   -7.5000   -7.5000   15.0000 2833.5156   12.1143
    0.0000   -7.5000   15.0000 2834.1724   12.1186
    7.5000   -7.5000   15.0000 2769.7361   12.5221
   -7.5000    0.0000   15.0000 2748.3386   12.5407
    0.0000    0.0000   15.0000 2751.2886   12.5518
    7.5000    0.0000   15.0000 2691.8081   12.9824
   -7.5000    7.5000   15.0000 2643.1978   13.1992
    0.0000    7.5000   15.0000 2642.5608   13.2234
    7.5000    7.5000   15.0000 2589.1335   13.6582
   -7.5000   15.0000   15.0000 2509.2188   14.1556
    0.0000   15.0000   15.0000 2509.1067   14.1871
    7.5000   15.0000   15.0000 2462.4758   14.6245
   -7.5000   22.5000   15.0000 2366.7695   15.4754
    0.0000   22.5000   15.0000 2368.8137   15.4705
    7.5000   22.5000   15.0000 2326.6658   15.8918
   -7.5000   30.0000   15.0000 2207.9858   17.1971
    0.0000   30.0000   15.0000 2213.6826   17.2050
    7.5000   30.0000   15.0000 2180.5730   17.6329
   -7.5000   37.5000   15.0000 2042.8085   19.4663
    0.0000   37.5000   15.0000 2052.0073   19.4885
    7.5000   37.5000   15.0000 2021.1774   19.9881
   -7.5000   45.0000   15.0000 1878.2203   22.4712
    0.0000   45.0000   15.0000 1882.1205   22.5212
    7.5000   45.0000   15.0000 1858.3765   23.1189
   -7.5000  -45.0000   22.5000 2574.4670   13.9915
    0.0000  -45.0000   22.5000 2569.6553   14.0024
    7.5000  -45.0000   22.5000 2518.8137   14.5616
   -7.5000  -37.5000   22.5000 2685.2356   13.0365
    0.0000  -37.5000   22.5000 2684.1829   13.0542
    7.5000  -37.5000   22.5000 2629.2920   13.5578
   -7.5000  -30.0000   22.5000 2777.4883   12.4711
    0.0000  -30.0000   22.5000 2778.8176   12.4897
    7.5000  -30.0000   22.5000 2715.4453   12.9682
   -7.5000  -22.5000   22.5000 2819.7405   12.2228
    0.0000  -22.5000   22.5000 2818.2378   12.2358
    7.5000  -22.5000   22.5000 2755.4595   12.6780
   -7.5000  -15.0000   22.5000 2810.1338   12.3172
    0.0000  -15.0000   22.5000 2810.2959   12.3189
    7.5000  -15.0000   22.5000 2753.2771   12.7092
   -7.5000   -7.5000   22.5000 2759.1541   12.5921
    0.0000   -7.5000   22.5000 2764.0605   12.6044
    7.5000   -7.5000   22.5000 2710.6958   12.9748
   -7.5000    0.0000   22.5000 2676.9753   13.0145
    0.0000    0.0000   22.5000 2682.5273   13.0504
    7.5000    0.0000   22.5000 2635.8721   13.4490
   -7.5000    7.5000   22.5000 2581.1101   13.6825
    0.0000    7.5000   22.5000 2581.3740   13.7222
    7.5000    7.5000   22.5000 2536.1824   14.1320
   -7.5000   15.0000   22.5000 2459.0020   14.6118
    0.0000   15.0000   22.5000 2462.4939   14.6620
    7.5000   15.0000   22.5000 2418.4851   15.0789
   -7.5000   22.5000   22.5000 2324.4983   15.8849
    0.0000   22.5000   22.5000 2326.6826   15.9452
    7.5000   22.5000   22.5000 2287.6953   16.3620
   -7.5000   30.0000   22.5000 2170.4338   17.6235
    0.0000   30.0000   22.5000 2173.4551   17.6263
    7.5000   30.0000   22.5000 2142.3289   18.0511
   -7.5000   37.5000   22.5000 2010.6875   19.8162
    0.0000   37.5000   22.5000 2016.3915   19.8381
    7.5000   37.5000   22.5000 1986.6913   20.3400
   -7.5000   45.0000   22.5000 1852.0320   22.7567
    0.0000   45.0000   22.5000 1858.4285   22.8225
    7.5000   45.0000   22.5000 1835.0320   23.4406
   -7.5000  -45.0000   30.0000 2525.4429   14.7268
    0.0000  -45.0000   30.0000 2520.7202   14.7533
    7.5000  -45.0000   30.0000 2476.4094   15.2590
   -7.5000  -37.5000   30.0000 2630.1411   13.7443
    0.0000  -37.5000   30.0000 2625.9827   13.7589
    7.5000  -37.5000   30.0000 2576.8560   14.2174
   -7.5000  -30.0000   30.0000 2711.4700   13.1372
    0.0000  -30.0000   30.0000 2710.3699   13.1455
    7.5000  -30.0000   30.0000 2653.2649   13.5910
   -7.5000  -22.5000   30.0000 2742.3918   12.8959
    0.0000  -22.5000   30.0000 2740.4734   12.9129
    7.5000  -22.5000   30.0000 2684.3655   13.2946
   -7.5000  -15.0000   30.0000 2722.6990   12.9703
    0.0000  -15.0000   30.0000 2723.5862   12.9807
    7.5000  -15.0000   30.0000 2675.6553   13.3321
   -7.5000   -7.5000   30.0000 2673.7305   13.2340
    0.0000   -7.5000   30.0000 2678.4714   13.2420
    7.5000   -7.5000   30.0000 2636.5493   13.5939
   -7.5000    0.0000   30.0000 2594.5427   13.6899
    0.0000    0.0000   30.0000 2598.9246   13.7174
    7.5000    0.0000   30.0000 2565.9963   14.0988
   -7.5000    7.5000   30.0000 2507.5132   14.3285
    0.0000    7.5000   30.0000 2512.6418   14.3817
    7.5000    7.5000   30.0000 2475.4858   14.8031
   -7.5000   15.0000   30.0000 2397.4097   15.2825
    0.0000   15.0000   30.0000 2399.2817   15.3221
    7.5000   15.0000   30.0000 2359.6948   15.7477
   -7.5000   22.5000   30.0000 2265.0105   16.5588
    0.0000   22.5000   30.0000 2269.5391   16.5900
    7.5000   22.5000   30.0000 2237.7910   17.0036
   -7.5000   30.0000   30.0000 2117.1887   18.2785
    0.0000   30.0000   30.0000 2121.5251   18.2647
    7.5000   30.0000   30.0000 2093.8757   18.6858
   -7.5000   37.5000   30.0000 1971.2556   20.4506
    0.0000   37.5000   30.0000 1972.6993   20.4607
    7.5000   37.5000   30.0000 1949.4298   20.9645
   -7.5000   45.0000   30.0000 1813.3243   23.3943
    0.0000   45.0000   30.0000 1817.9282   23.4648
    7.5000   45.0000   30.0000 1801.5270   24.0904
   -7.5000  -45.0000   37.5000 2462.1196   15.6963
    0.0000  -45.0000   37.5000 2457.0293   15.7484
    7.5000  -45.0000   37.5000 2416.8828   16.1672
   -7.5000  -37.5000   37.5000 2559.9011   14.6715
    0.0000  -37.5000   37.5000 2557.0723   14.6954
    7.5000  -37.5000   37.5000 2511.1162   15.1139
   -7.5000  -30.0000   37.5000 2632.2153   14.0446
    0.0000  -30.0000   37.5000 2627.8660   14.0509
    7.5000  -30.0000   37.5000 2576.6660   14.4394
   -7.5000  -22.5000   37.5000 2656.6094   13.7881
    0.0000  -22.5000   37.5000 2654.7908   13.7866
    7.5000  -22.5000   37.5000 2600.9988   14.1304
   -7.5000  -15.0000   37.5000 2636.2900   13.8078
    0.0000  -15.0000   37.5000 2638.1248   13.8183
    7.5000  -15.0000   37.5000 2591.9314   14.1482
   -7.5000   -7.5000   37.5000 2586.1560   14.0690
    0.0000   -7.5000   37.5000 2592.1406   14.0823
    7.5000   -7.5000   37.5000 2557.6116   14.4097
   -7.5000    0.0000   37.5000 2515.4119   14.5294
    0.0000    0.0000   37.5000 2520.6514   14.5464
    7.5000    0.0000   37.5000 2487.8054   14.9066
   -7.5000    7.5000   37.5000 2432.4482   15.1920
    0.0000    7.5000   37.5000 2430.2378   15.2190
    7.5000    7.5000   37.5000 2397.3860   15.6252
   -7.5000   15.0000   37.5000 2329.5300   16.1160
    0.0000   15.0000   37.5000 2330.0737   16.1607
    7.5000   15.0000   37.5000 2295.9558   16.5564
   -7.5000   22.5000   37.5000 2202.7104   17.4341
    0.0000   22.5000   37.5000 2203.8098   17.4565
    7.5000   22.5000   37.5000 2178.7378   17.8435
   -7.5000   30.0000   37.5000 2063.4443   19.1678
    0.0000   30.0000   37.5000 2065.8159   19.1713
    7.5000   30.0000   37.5000 2041.9369   19.5718
   -7.5000   37.5000   37.5000 1917.6187   21.4359
    0.0000   37.5000   37.5000 1920.2682   21.4663
    7.5000   37.5000   37.5000 1897.8972   21.9356
   -7.5000   45.0000   37.5000 1774.0933   24.4922
    0.0000   45.0000   37.5000 1775.0963   24.5315
    7.5000   45.0000   37.5000 1753.9296   25.0988
   -7.5000  -45.0000   45.0000 2394.1279   16.9703
    0.0000  -45.0000   45.0000 2385.2844   17.0155
    7.5000  -45.0000   45.0000 2347.5330   17.3836
   -7.5000  -37.5000   45.0000 2480.7231   15.8563
    0.0000  -37.5000   45.0000 2475.5481   15.8813
    7.5000  -37.5000   45.0000 2432.7441   16.2637
   -7.5000  -30.0000   45.0000 2536.5972   15.1719
    0.0000  -30.0000   45.0000 2535.0435   15.1976
    7.5000  -30.0000   45.0000 2488.3787   15.5338
   -7.5000  -22.5000   45.0000 2559.4402   14.8601
    0.0000  -22.5000   45.0000 2558.5742   14.8692
    7.5000  -22.5000   45.0000 2511.1252   15.1863
   -7.5000  -15.0000   45.0000 2538.8872   14.8514
    0.0000  -15.0000   45.0000 2543.8689   14.8755
    7.5000  -15.0000   45.0000 2503.1243   15.1922
   -7.5000   -7.5000   45.0000 2492.7927   15.1339
    0.0000   -7.5000   45.0000 2500.4189   15.1577
    7.5000   -7.5000   45.0000 2465.5208   15.4676
   -7.5000    0.0000   45.0000 2423.9658   15.6391
    0.0000    0.0000   45.0000 2432.3071   15.6718
    7.5000    0.0000   45.0000 2400.9575   15.9910
   -7.5000    7.5000   45.0000 2348.1826   16.2978
    0.0000    7.5000   45.0000 2350.5806   16.3506
    7.5000    7.5000   45.0000 2323.2505   16.6933
   -7.5000   15.0000   45.0000 2245.8137   17.2369
    0.0000   15.0000   45.0000 2247.6243   17.2686
    7.5000   15.0000   45.0000 2222.3333   17.6329
   -7.5000   22.5000   45.0000 2128.5544   18.5843
    0.0000   22.5000   45.0000 2127.9143   18.5896
    7.5000   22.5000   45.0000 2102.4250   18.9422
   -7.5000   30.0000   45.0000 2001.1101   20.3339
    0.0000   30.0000   45.0000 2001.4493   20.3362
    7.5000   30.0000   45.0000 1977.5656   20.7209
   -7.5000   37.5000   45.0000 1857.9421   22.7398
    0.0000   37.5000   45.0000 1860.9982   22.7849
    7.5000   37.5000   45.0000 1844.5472   23.2162
   -7.5000   45.0000   45.0000 1718.9248   26.0443
    0.0000   45.0000   45.0000 1717.1787   26.0970
    7.5000   45.0000   45.0000 1700.6309   26.5505

---------------------------------------------------------------------
imgreg_4dfp /opt/freesurfer/average/711-2C_as_mni_average_305 /opt/freesurfer/average/711-2B_as_mni_average_305_mask talsrcimg_g11 none talsrcimg_to_711-2C_as_mni_average_305_t4 1283
---------------------------------------------------------------------

freesurfer imgreg_4dfp.c
/opt/freesurfer/average/711-2C_as_mni_average_305.4dfp.img
       256       256       256         1
  1.000000  1.000000  1.000000
orientation T byte_order littleendian
Reading image: /opt/freesurfer/average/711-2C_as_mni_average_305.4dfp.img
dimensions:      256       256       256
mmppix:       1.0000   -1.0000   -1.0000
center:     128.0000 -129.0000 -129.0000
/opt/freesurfer/average/711-2B_as_mni_average_305_mask.4dfp.img
       256       256       256         1
  1.000000  1.000000  1.000000
orientation T byte_order littleendian
Reading mask: /opt/freesurfer/average/711-2B_as_mni_average_305_mask.4dfp.img (2306576 pixels)
talsrcimg_g11.4dfp.img
       256       256       256         1
  1.000000  1.000000  1.000000
orientation T byte_order littleendian
Reading image: talsrcimg_g11.4dfp.img
dimensions:      256       256       256
mmppix:       1.0000   -1.0000   -1.0000
center:     128.0000 -129.0000 -129.0000
rotation matrix determinant  1.000000
fimgreg.f
image alignment mode   1283 decimal      503 hex
parameters
   -7.5000  -22.5000    0.0000    0.0000    0.0000    0.0000
eta,q 0.92241 11.48418
niter,ni,del,rscale     5    3   12.0000    1.2000
parameter  1 -0.670946 -> -0.500000 qaram    1.1500
parameter  2 -0.847931 -> -0.500000 qaram    1.1500
parameter  4  0.845568 ->  0.500000 qaram    1.1500
parameters
   -4.0500  -19.0500    1.8106   -3.4500    0.6289   -1.0033
eta,q 0.93103 11.40404
  0.0993  0.0946  0.0840  0.0701  0.0737  0.0720
  0.0908  0.0879  0.0780  0.0692  0.0713  0.0709
  0.0848  0.0821  0.0735  0.0694  0.0696  0.0695
  0.0814  0.0770  0.0716  0.0716  0.0691  0.0688
  0.0780  0.0729  0.0719  0.0746  0.0688  0.0697
  0.0766  0.0712  0.0728  0.0773  0.0700  0.0725
  0.0782  0.0727  0.0742  0.0795  0.0723  0.0763
niter,ni,del,rscale     7    3   12.0000    1.2000
parameters
   -4.5715  -17.6539    1.4212   -5.9658    0.9354   -2.0479
eta,q 0.93079 11.41119
  0.0790  0.0884  0.0733  0.0701  0.0726  0.0705
  0.0728  0.0795  0.0698  0.0695  0.0708  0.0698
  0.0696  0.0727  0.0684  0.0691  0.0694  0.0693
  0.0690  0.0691  0.0689  0.0687  0.0691  0.0692
  0.0694  0.0697  0.0697  0.0705  0.0698  0.0693
  0.0744  0.0733  0.0715  0.0737  0.0707  0.0704
  0.0844  0.0769  0.0738  0.0771  0.0716  0.0729
niter,ni,del,rscale     6    3   12.0000    1.2000
parameter  4  0.620528 ->  0.500000 qaram    1.3225
parameters
   -5.0576  -16.2184    0.7605   -9.9333    1.2339   -3.4735
eta,q 0.93311 11.46052
  0.0778  0.0842  0.0726  0.0681  0.0718  0.0689
  0.0714  0.0766  0.0702  0.0672  0.0699  0.0674
  0.0687  0.0708  0.0689  0.0676  0.0681  0.0669
  0.0692  0.0690  0.0691  0.0689  0.0672  0.0671
  0.0699  0.0694  0.0700  0.0702  0.0675  0.0680
  0.0728  0.0713  0.0716  0.0723  0.0691  0.0697
  0.0812  0.0746  0.0744  0.0751  0.0712  0.0722
niter,ni,del,rscale     6    3   12.0000    1.2000
parameters
   -5.1731  -14.3964   -0.3438  -12.6013    1.5394   -2.9006
eta,q 0.93434 11.48433
  0.0785  0.0840  0.0707  0.0676  0.0703  0.0702
  0.0712  0.0769  0.0681  0.0664  0.0685  0.0681
  0.0669  0.0709  0.0658  0.0658  0.0670  0.0664
  0.0669  0.0668  0.0660  0.0655  0.0658  0.0657
  0.0685  0.0662  0.0685  0.0677  0.0659  0.0657
  0.0715  0.0687  0.0717  0.0713  0.0675  0.0666
  0.0791  0.0727  0.0751  0.0754  0.0699  0.0691
niter,ni,del,rscale     5    3   12.0000    1.2000
parameters
   -5.0880  -13.4961   -1.2726  -14.0304    2.1638   -2.9236
eta,q 0.93477 11.50700
  0.0790  0.0812  0.0706  0.0688  0.0698  0.0692
  0.0708  0.0727  0.0676  0.0655  0.0680  0.0670
  0.0665  0.0675  0.0657  0.0650  0.0663  0.0656
  0.0657  0.0657  0.0655  0.0653  0.0653  0.0652
  0.0668  0.0658  0.0674  0.0657  0.0655  0.0655
  0.0709  0.0688  0.0706  0.0688  0.0665  0.0668
  0.0778  0.0743  0.0747  0.0732  0.0686  0.0695
niter,ni,del,rscale     4    3   12.0000    1.2000
parameters
   -5.1876  -13.1750   -1.9397  -14.4760    2.5078   -3.0169
eta,q 0.93521 11.52178
  0.0774  0.0789  0.0713  0.0705  0.0689  0.0688
  0.0701  0.0702  0.0672  0.0660  0.0670  0.0667
  0.0663  0.0662  0.0653  0.0642  0.0655  0.0652
  0.0652  0.0652  0.0652  0.0650  0.0648  0.0648
  0.0662  0.0660  0.0673  0.0653  0.0650  0.0652
  0.0705  0.0696  0.0699  0.0672  0.0660  0.0666
  0.0783  0.0757  0.0736  0.0717  0.0684  0.0693
niter,ni,del,rscale     3    3   12.0000    1.2000
parameters
   -5.2060  -13.0382   -2.0830  -14.5862    2.5326   -3.0571
eta,q 0.93528 11.52318
  0.0775  0.0780  0.0730  0.0712  0.0685  0.0688
  0.0702  0.0697  0.0678  0.0664  0.0666  0.0667
  0.0662  0.0659  0.0653  0.0641  0.0652  0.0652
  0.0648  0.0648  0.0648  0.0648  0.0647  0.0647
  0.0659  0.0661  0.0666  0.0653  0.0650  0.0651
  0.0699  0.0700  0.0695  0.0668  0.0661  0.0665
  0.0780  0.0762  0.0726  0.0711  0.0688  0.0692
niter,ni,del,rscale     2    3   12.0000    1.2000
parameters
   -5.1899  -12.9896   -2.1200  -14.6330    2.5262   -3.0646
eta,q 0.93531 11.52334
  0.0776  0.0776  0.0734  0.0713  0.0685  0.0688
  0.0702  0.0696  0.0680  0.0666  0.0665  0.0668
  0.0661  0.0658  0.0654  0.0641  0.0652  0.0652
  0.0647  0.0647  0.0647  0.0647  0.0647  0.0647
  0.0659  0.0662  0.0665  0.0653  0.0649  0.0651
  0.0697  0.0702  0.0694  0.0667  0.0661  0.0664
  0.0778  0.0765  0.0724  0.0711  0.0689  0.0691
registration optimization eta report
parameter search radius
    6.9000    6.9000    6.0000    7.9350    6.0000    6.0000
100000*second partial in parameter space
       27.       26.       22.       11.       11.       12.
  0.0776  0.0776  0.0734  0.0713  0.0685  0.0688
  0.0702  0.0696  0.0680  0.0666  0.0665  0.0668
  0.0661  0.0658  0.0654  0.0641  0.0652  0.0652
  0.0647  0.0647  0.0647  0.0647  0.0647  0.0647
  0.0659  0.0662  0.0665  0.0653  0.0649  0.0651
  0.0697  0.0702  0.0694  0.0667  0.0661  0.0664
  0.0778  0.0765  0.0724  0.0711  0.0689  0.0691
   -5.1899  -12.9896   -2.1200  -14.6330    2.5262   -3.0646
eta,q 0.93531 11.52334

---------------------------------------------------------------------
imgreg_4dfp /opt/freesurfer/average/711-2C_as_mni_average_305 /opt/freesurfer/average/711-2B_as_mni_average_305_mask talsrcimg_g11 none talsrcimg_to_711-2C_as_mni_average_305_t4 3335
---------------------------------------------------------------------

freesurfer imgreg_4dfp.c
/opt/freesurfer/average/711-2C_as_mni_average_305.4dfp.img
       256       256       256         1
  1.000000  1.000000  1.000000
orientation T byte_order littleendian
Reading image: /opt/freesurfer/average/711-2C_as_mni_average_305.4dfp.img
dimensions:      256       256       256
mmppix:       1.0000   -1.0000   -1.0000
center:     128.0000 -129.0000 -129.0000
/opt/freesurfer/average/711-2B_as_mni_average_305_mask.4dfp.img
       256       256       256         1
  1.000000  1.000000  1.000000
orientation T byte_order littleendian
Reading mask: /opt/freesurfer/average/711-2B_as_mni_average_305_mask.4dfp.img (2306576 pixels)
talsrcimg_g11.4dfp.img
       256       256       256         1
  1.000000  1.000000  1.000000
orientation T byte_order littleendian
Reading image: talsrcimg_g11.4dfp.img
dimensions:      256       256       256
mmppix:       1.0000   -1.0000   -1.0000
center:     128.0000 -129.0000 -129.0000
fimgreg.f
image alignment mode   3335 decimal      D07 hex
parameters
   -5.1899  -12.9896   -2.1200   -0.2401   -3.4415   -3.3377
    6.2847   -2.9079   -5.3410   25.4546    4.4076  -25.2381
eta,q 0.93777 11.44298
niter,ni,del,rscale     5    3    5.0000    1.2000
parameter  4  2.881521 ->  0.500000 qaram    1.1500
parameter  5  3.205001 ->  0.500000 qaram    1.1500
parameter  6  1.829901 ->  0.500000 qaram    1.1500
parameter 10  0.787244 ->  0.500000 qaram    1.1500
parameters
   -5.3340  -13.0654   -1.2206   -4.3801   -7.5815   -7.4777
    5.5235    0.1726   -3.0159   21.3146    1.6068  -23.8759
eta,q 0.95937 10.63866
  0.0646  0.0639  0.0647  0.0522  0.0466  0.0411  0.0462  0.0518  0.0464  0.0410  0.0412  0.0431
  0.0633  0.0629  0.0636  0.0549  0.0492  0.0432  0.0448  0.0484  0.0449  0.0408  0.0408  0.0419
  0.0625  0.0624  0.0627  0.0583  0.0523  0.0462  0.0440  0.0458  0.0437  0.0414  0.0407  0.0411
  0.0622  0.0622  0.0622  0.0620  0.0558  0.0500  0.0439  0.0439  0.0430  0.0428  0.0409  0.0407
  0.0626  0.0625  0.0620  0.0665  0.0596  0.0545  0.0445  0.0430  0.0428  0.0449  0.0414  0.0407
  0.0637  0.0631  0.0621  0.0715  0.0638  0.0599  0.0457  0.0434  0.0430  0.0476  0.0422  0.0411
  0.0653  0.0641  0.0626  0.0763  0.0683  0.0656  0.0475  0.0446  0.0438  0.0510  0.0432  0.0417
niter,ni,del,rscale     7    3    5.0000    1.2000
parameter  4  0.912711 ->  0.500000 qaram    1.3225
parameter  5  1.312652 ->  0.500000 qaram    1.3225
parameter  6  0.616681 ->  0.500000 qaram    1.3225
parameters
   -5.0613  -12.6515   -1.7551   -9.1411  -12.3425  -12.2387
    6.0505    0.6142   -3.3244   21.2458    2.6599  -25.0943
eta,q 0.96921 10.11759
  0.0447  0.0439  0.0417  0.0365  0.0318  0.0318  0.0340  0.0360  0.0327  0.0349  0.0325  0.0316
  0.0426  0.0423  0.0408  0.0366  0.0328  0.0310  0.0325  0.0337  0.0316  0.0329  0.0317  0.0311
  0.0412  0.0412  0.0404  0.0379  0.0344  0.0312  0.0314  0.0318  0.0310  0.0315  0.0311  0.0308
  0.0406  0.0406  0.0405  0.0404  0.0368  0.0331  0.0309  0.0309  0.0309  0.0309  0.0309  0.0308
  0.0408  0.0406  0.0411  0.0441  0.0401  0.0363  0.0311  0.0312  0.0311  0.0312  0.0309  0.0311
  0.0417  0.0412  0.0420  0.0487  0.0439  0.0408  0.0319  0.0327  0.0319  0.0326  0.0312  0.0316
  0.0431  0.0422  0.0434  0.0541  0.0482  0.0463  0.0333  0.0351  0.0331  0.0354  0.0318  0.0324
niter,ni,del,rscale     7    3    5.0000    1.2000
parameter  5  0.613533 ->  0.500000 qaram    1.5209
parameters
   -4.7755  -12.0849   -2.8333  -11.7933  -17.8176  -14.6365
    6.0533    0.7823   -3.7331   22.4020    4.2076  -26.8137
eta,q 0.97102  9.62853
  0.0352  0.0344  0.0308  0.0325  0.0294  0.0314  0.0315  0.0331  0.0308  0.0335  0.0302  0.0296
  0.0330  0.0326  0.0303  0.0312  0.0290  0.0301  0.0303  0.0311  0.0299  0.0314  0.0297  0.0292
  0.0315  0.0314  0.0303  0.0304  0.0292  0.0293  0.0295  0.0297  0.0293  0.0299  0.0293  0.0290
  0.0308  0.0307  0.0306  0.0303  0.0303  0.0290  0.0292  0.0292  0.0292  0.0292  0.0291  0.0290
  0.0309  0.0306  0.0313  0.0317  0.0322  0.0302  0.0295  0.0295  0.0295  0.0292  0.0290  0.0293
  0.0319  0.0311  0.0324  0.0348  0.0350  0.0331  0.0303  0.0307  0.0302  0.0300  0.0292  0.0299
  0.0336  0.0320  0.0338  0.0390  0.0388  0.0375  0.0315  0.0328  0.0312  0.0317  0.0296  0.0305
niter,ni,del,rscale     7    3    5.0000    1.2000
parameters
   -4.7500  -11.7738   -3.7731  -12.0454  -19.4916  -16.0485
    6.0122    0.6753   -4.1794   23.5059    5.1043  -27.0090
eta,q 0.97111  9.48029
  0.0321  0.0317  0.0292  0.0318  0.0314  0.0317  0.0311  0.0324  0.0304  0.0327  0.0297  0.0298
  0.0304  0.0303  0.0288  0.0304  0.0299  0.0302  0.0300  0.0305  0.0296  0.0308  0.0293  0.0293
  0.0293  0.0294  0.0288  0.0294  0.0290  0.0293  0.0292  0.0294  0.0291  0.0296  0.0290  0.0290
  0.0290  0.0290  0.0290  0.0287  0.0288  0.0288  0.0290  0.0290  0.0290  0.0290  0.0289  0.0289
  0.0293  0.0291  0.0294  0.0287  0.0294  0.0292  0.0292  0.0294  0.0292  0.0290  0.0289  0.0290
  0.0303  0.0296  0.0302  0.0301  0.0312  0.0316  0.0300  0.0306  0.0299  0.0297  0.0291  0.0294
  0.0319  0.0305  0.0312  0.0329  0.0341  0.0350  0.0312  0.0326  0.0307  0.0312  0.0294  0.0299
niter,ni,del,rscale     6    3    5.0000    1.2000
parameters
   -4.8457  -11.3621   -4.2552  -12.3062  -20.6641  -17.1746
    6.0544    0.5920   -4.5033   24.5014    5.6682  -26.6602
eta,q 0.97114  9.36408
  0.0315  0.0315  0.0296  0.0315  0.0315  0.0317  0.0310  0.0322  0.0303  0.0323  0.0296  0.0299
  0.0300  0.0301  0.0290  0.0302  0.0299  0.0302  0.0299  0.0304  0.0295  0.0306  0.0292  0.0294
  0.0291  0.0293  0.0288  0.0294  0.0290  0.0292  0.0292  0.0293  0.0290  0.0295  0.0290  0.0290
  0.0289  0.0289  0.0288  0.0288  0.0288  0.0288  0.0289  0.0289  0.0289  0.0289  0.0289  0.0289
  0.0293  0.0289  0.0291  0.0287  0.0293  0.0291  0.0292  0.0293  0.0292  0.0290  0.0289  0.0289
  0.0303  0.0293  0.0297  0.0299  0.0307  0.0311  0.0299  0.0304  0.0297  0.0296  0.0291  0.0292
  0.0319  0.0301  0.0305  0.0325  0.0332  0.0342  0.0310  0.0324  0.0306  0.0310  0.0294  0.0297
niter,ni,del,rscale     5    3    5.0000    1.2000
parameters
   -4.9210  -10.8850   -4.6955  -12.6138  -22.0891  -18.3333
    6.1548    0.5477   -4.4927   25.5615    5.7161  -26.4983
eta,q 0.97123  9.23463
  0.0314  0.0314  0.0295  0.0313  0.0312  0.0314  0.0309  0.0319  0.0304  0.0322  0.0294  0.0298
  0.0299  0.0301  0.0290  0.0300  0.0297  0.0300  0.0298  0.0302  0.0296  0.0305  0.0291  0.0292
  0.0291  0.0293  0.0288  0.0292  0.0289  0.0291  0.0291  0.0292  0.0290  0.0294  0.0289  0.0288
  0.0289  0.0289  0.0288  0.0288  0.0288  0.0287  0.0288  0.0288  0.0288  0.0288  0.0288  0.0288
  0.0292  0.0288  0.0291  0.0287  0.0294  0.0290  0.0290  0.0292  0.0290  0.0288  0.0288  0.0289
  0.0302  0.0292  0.0296  0.0298  0.0308  0.0308  0.0297  0.0302  0.0295  0.0295  0.0290  0.0292
  0.0317  0.0299  0.0304  0.0322  0.0331  0.0338  0.0308  0.0320  0.0304  0.0309  0.0295  0.0296
niter,ni,del,rscale     4    3    5.0000    1.2000
parameters
   -4.9923  -10.3334   -5.1280  -12.9670  -23.5936  -19.3911
    6.2079    0.5350   -4.2502   26.5445    5.5895  -26.4746
eta,q 0.97139  9.10705
  0.0312  0.0314  0.0294  0.0310  0.0311  0.0312  0.0306  0.0316  0.0304  0.0321  0.0293  0.0295
  0.0298  0.0301  0.0289  0.0298  0.0296  0.0298  0.0296  0.0300  0.0295  0.0305  0.0289  0.0290
  0.0290  0.0292  0.0287  0.0290  0.0288  0.0289  0.0289  0.0290  0.0289  0.0293  0.0287  0.0287
  0.0288  0.0288  0.0287  0.0286  0.0287  0.0286  0.0287  0.0287  0.0287  0.0287  0.0286  0.0286
  0.0291  0.0287  0.0289  0.0287  0.0293  0.0288  0.0289  0.0290  0.0288  0.0287  0.0287  0.0288
  0.0300  0.0290  0.0294  0.0296  0.0307  0.0304  0.0295  0.0300  0.0293  0.0294  0.0289  0.0290
  0.0314  0.0297  0.0302  0.0319  0.0330  0.0334  0.0306  0.0316  0.0302  0.0309  0.0294  0.0294
niter,ni,del,rscale     3    3    5.0000    1.2000
parameters
   -5.0283   -9.8550   -5.4725  -13.2965  -24.7295  -20.0950
    6.1735    0.5697   -4.1303   27.1754    5.5153  -26.4684
eta,q 0.97147  9.01289
  0.0310  0.0312  0.0293  0.0307  0.0312  0.0312  0.0304  0.0314  0.0303  0.0319  0.0292  0.0294
  0.0296  0.0299  0.0288  0.0295  0.0297  0.0298  0.0294  0.0299  0.0293  0.0303  0.0288  0.0289
  0.0288  0.0290  0.0286  0.0289  0.0287  0.0288  0.0288  0.0289  0.0287  0.0291  0.0286  0.0286
  0.0286  0.0286  0.0286  0.0285  0.0286  0.0285  0.0286  0.0286  0.0286  0.0286  0.0285  0.0285
  0.0289  0.0286  0.0288  0.0286  0.0292  0.0286  0.0288  0.0288  0.0287  0.0287  0.0286  0.0287
  0.0298  0.0290  0.0292  0.0294  0.0305  0.0300  0.0294  0.0298  0.0293  0.0296  0.0288  0.0289
  0.0311  0.0297  0.0299  0.0315  0.0327  0.0329  0.0305  0.0314  0.0301  0.0311  0.0292  0.0293
niter,ni,del,rscale     2    3    5.0000    1.2000
parameters
   -5.0249   -9.5604   -5.6528  -13.5094  -25.3529  -20.4169
    6.1328    0.6167   -4.0977   27.4983    5.4767  -26.5082
eta,q 0.97148  8.96379
  0.0309  0.0309  0.0294  0.0307  0.0315  0.0314  0.0304  0.0314  0.0302  0.0317  0.0292  0.0293
  0.0295  0.0297  0.0289  0.0295  0.0299  0.0299  0.0294  0.0298  0.0293  0.0301  0.0288  0.0289
  0.0288  0.0289  0.0286  0.0288  0.0288  0.0289  0.0287  0.0289  0.0287  0.0290  0.0286  0.0286
  0.0285  0.0285  0.0285  0.0285  0.0285  0.0285  0.0285  0.0285  0.0285  0.0285  0.0285  0.0285
  0.0288  0.0286  0.0287  0.0286  0.0290  0.0285  0.0288  0.0288  0.0287  0.0288  0.0286  0.0287
  0.0296  0.0291  0.0291  0.0293  0.0303  0.0296  0.0294  0.0297  0.0293  0.0297  0.0288  0.0289
  0.0308  0.0299  0.0297  0.0312  0.0324  0.0324  0.0304  0.0314  0.0302  0.0313  0.0292  0.0293
niter,ni,del,rscale     1    3    5.0000    1.2000
parameters
   -5.0123   -9.4127   -5.7229  -13.6116  -25.6436  -20.5390
    6.1023    0.6545   -4.0859   27.6534    5.4321  -26.5562
eta,q 0.97147  8.94270
  0.0309  0.0306  0.0295  0.0307  0.0317  0.0315  0.0304  0.0314  0.0302  0.0316  0.0292  0.0293
  0.0295  0.0295  0.0289  0.0295  0.0300  0.0299  0.0294  0.0298  0.0293  0.0300  0.0288  0.0289
  0.0288  0.0288  0.0286  0.0288  0.0289  0.0289  0.0288  0.0289  0.0287  0.0289  0.0286  0.0286
  0.0285  0.0285  0.0285  0.0285  0.0285  0.0285  0.0285  0.0285  0.0285  0.0285  0.0285  0.0285
  0.0288  0.0287  0.0286  0.0286  0.0290  0.0285  0.0287  0.0288  0.0287  0.0288  0.0286  0.0287
  0.0296  0.0292  0.0290  0.0292  0.0302  0.0295  0.0294  0.0298  0.0293  0.0298  0.0288  0.0289
  0.0307  0.0301  0.0296  0.0311  0.0321  0.0322  0.0304  0.0314  0.0302  0.0314  0.0292  0.0293
registration optimization eta report
parameter search radius
    2.4000    2.4000    2.4000    9.5220   10.9503    9.5220
    7.2000    7.2000    7.2000    8.2800    7.2000    7.2000
100000*second partial in parameter space
       40.       32.       17.        3.        3.        4.
        4.        5.        3.        4.        1.        2.
  0.0309  0.0306  0.0295  0.0307  0.0317  0.0315  0.0304  0.0314  0.0302  0.0316  0.0292  0.0293
  0.0295  0.0295  0.0289  0.0295  0.0300  0.0299  0.0294  0.0298  0.0293  0.0300  0.0288  0.0289
  0.0288  0.0288  0.0286  0.0288  0.0289  0.0289  0.0288  0.0289  0.0287  0.0289  0.0286  0.0286
  0.0285  0.0285  0.0285  0.0285  0.0285  0.0285  0.0285  0.0285  0.0285  0.0285  0.0285  0.0285
  0.0288  0.0287  0.0286  0.0286  0.0290  0.0285  0.0287  0.0288  0.0287  0.0288  0.0286  0.0287
  0.0296  0.0292  0.0290  0.0292  0.0302  0.0295  0.0294  0.0298  0.0293  0.0298  0.0288  0.0289
  0.0307  0.0301  0.0296  0.0311  0.0321  0.0322  0.0304  0.0314  0.0302  0.0314  0.0292  0.0293
   -5.0123   -9.4127   -5.7229  -13.6116  -25.6436  -20.5390
    6.1023    0.6545   -4.0859   27.6534    5.4321  -26.5562
eta,q 0.97147  8.94270

---------------------------------------------------------------------
imgreg_4dfp /opt/freesurfer/average/711-2C_as_mni_average_305 /opt/freesurfer/average/711-2B_as_mni_average_305_mask talsrcimg_g11 none talsrcimg_to_711-2C_as_mni_average_305_t4 2311
---------------------------------------------------------------------

freesurfer imgreg_4dfp.c
/opt/freesurfer/average/711-2C_as_mni_average_305.4dfp.img
       256       256       256         1
  1.000000  1.000000  1.000000
orientation T byte_order littleendian
Reading image: /opt/freesurfer/average/711-2C_as_mni_average_305.4dfp.img
dimensions:      256       256       256
mmppix:       1.0000   -1.0000   -1.0000
center:     128.0000 -129.0000 -129.0000
/opt/freesurfer/average/711-2B_as_mni_average_305_mask.4dfp.img
       256       256       256         1
  1.000000  1.000000  1.000000
orientation T byte_order littleendian
Reading mask: /opt/freesurfer/average/711-2B_as_mni_average_305_mask.4dfp.img (2306576 pixels)
talsrcimg_g11.4dfp.img
       256       256       256         1
  1.000000  1.000000  1.000000
orientation T byte_order littleendian
Reading image: talsrcimg_g11.4dfp.img
dimensions:      256       256       256
mmppix:       1.0000   -1.0000   -1.0000
center:     128.0000 -129.0000 -129.0000
fimgreg.f
image alignment mode   2311 decimal      907 hex
parameters
   -5.0123   -9.4127   -5.7229  -13.6116  -25.6436  -20.5390
    6.1023    0.6545   -4.0859   27.6534    5.4321  -26.5562
eta,q 0.97147  8.94270
niter,ni,del,rscale     5    3    5.0000    0.8000
parameters
   -5.0338   -9.3908   -5.7299  -12.7207  -25.4559  -19.1308
    6.2572    0.5964   -4.0810   27.9555    5.6018  -26.7176
eta,q 0.97158  9.05633
  0.0295  0.0294  0.0290  0.0291  0.0293  0.0294  0.0293  0.0298  0.0292  0.0296  0.0288  0.0288
  0.0290  0.0289  0.0287  0.0288  0.0289  0.0290  0.0288  0.0291  0.0288  0.0290  0.0286  0.0286
  0.0286  0.0286  0.0286  0.0286  0.0286  0.0287  0.0285  0.0286  0.0285  0.0286  0.0285  0.0284
  0.0285  0.0285  0.0285  0.0285  0.0285  0.0285  0.0284  0.0284  0.0284  0.0284  0.0284  0.0284
  0.0287  0.0286  0.0286  0.0285  0.0286  0.0284  0.0285  0.0286  0.0285  0.0285  0.0285  0.0285
  0.0290  0.0289  0.0287  0.0286  0.0288  0.0284  0.0288  0.0291  0.0288  0.0288  0.0285  0.0286
  0.0296  0.0293  0.0290  0.0288  0.0292  0.0288  0.0292  0.0299  0.0292  0.0293  0.0287  0.0288
niter,ni,del,rscale     4    3    5.0000    0.7000
parameters
   -5.0375   -9.5057   -5.5793  -12.4629  -25.2577  -19.0137
    6.2547    0.5883   -4.0933   27.8495    5.6728  -26.8935
eta,q 0.97160  9.08452
  0.0292  0.0290  0.0289  0.0288  0.0290  0.0289  0.0291  0.0295  0.0290  0.0291  0.0287  0.0287
  0.0288  0.0286  0.0286  0.0286  0.0287  0.0287  0.0287  0.0289  0.0287  0.0287  0.0285  0.0285
  0.0285  0.0285  0.0285  0.0285  0.0285  0.0285  0.0285  0.0286  0.0285  0.0285  0.0284  0.0284
  0.0284  0.0284  0.0284  0.0284  0.0284  0.0284  0.0284  0.0284  0.0284  0.0284  0.0284  0.0284
  0.0285  0.0285  0.0284  0.0284  0.0285  0.0284  0.0285  0.0285  0.0285  0.0285  0.0284  0.0285
  0.0288  0.0288  0.0285  0.0285  0.0286  0.0285  0.0287  0.0289  0.0287  0.0288  0.0285  0.0286
  0.0292  0.0292  0.0287  0.0287  0.0289  0.0290  0.0291  0.0295  0.0290  0.0292  0.0287  0.0287
niter,ni,del,rscale     3    3    5.0000    0.6000
parameters
   -5.0349   -9.5589   -5.5341  -12.3379  -25.1655  -18.7517
    6.2566    0.5616   -4.1081   27.8762    5.6126  -26.9703
eta,q 0.97162  9.10790
  0.0290  0.0288  0.0287  0.0287  0.0288  0.0288  0.0289  0.0292  0.0288  0.0290  0.0286  0.0286
  0.0287  0.0286  0.0285  0.0285  0.0286  0.0286  0.0286  0.0288  0.0286  0.0286  0.0285  0.0285
  0.0285  0.0284  0.0284  0.0284  0.0284  0.0285  0.0284  0.0285  0.0284  0.0284  0.0284  0.0284
  0.0284  0.0284  0.0284  0.0284  0.0284  0.0284  0.0284  0.0284  0.0284  0.0284  0.0284  0.0284
  0.0285  0.0285  0.0284  0.0284  0.0284  0.0284  0.0284  0.0285  0.0284  0.0284  0.0284  0.0284
  0.0287  0.0286  0.0285  0.0285  0.0286  0.0284  0.0286  0.0288  0.0286  0.0286  0.0285  0.0285
  0.0290  0.0289  0.0287  0.0286  0.0288  0.0288  0.0289  0.0292  0.0288  0.0289  0.0286  0.0286
niter,ni,del,rscale     2    3    5.0000    0.5000
parameters
   -5.0250   -9.5916   -5.4955  -12.1832  -25.0978  -18.4717
    6.2590    0.5455   -4.1120   27.9051    5.5802  -27.0703
eta,q 0.97163  9.13260
  0.0288  0.0287  0.0286  0.0286  0.0287  0.0287  0.0287  0.0289  0.0287  0.0288  0.0285  0.0285
  0.0286  0.0285  0.0285  0.0285  0.0285  0.0285  0.0285  0.0286  0.0285  0.0285  0.0284  0.0284
  0.0284  0.0284  0.0284  0.0284  0.0284  0.0284  0.0284  0.0284  0.0284  0.0284  0.0284  0.0284
  0.0284  0.0284  0.0284  0.0284  0.0284  0.0284  0.0284  0.0284  0.0284  0.0284  0.0284  0.0284
  0.0284  0.0284  0.0284  0.0284  0.0284  0.0284  0.0284  0.0284  0.0284  0.0284  0.0284  0.0284
  0.0286  0.0285  0.0285  0.0284  0.0285  0.0284  0.0285  0.0286  0.0285  0.0285  0.0284  0.0285
  0.0288  0.0287  0.0286  0.0285  0.0286  0.0286  0.0287  0.0290  0.0287  0.0288  0.0285  0.0285
niter,ni,del,rscale     1    3    5.0000    0.4000
parameters
   -5.0105   -9.6248   -5.4463  -11.9922  -25.0101  -18.1751
    6.2591    0.5211   -4.0797   27.9355    5.4435  -27.1867
eta,q 0.97165  9.16108
  0.0287  0.0286  0.0285  0.0285  0.0286  0.0286  0.0286  0.0287  0.0286  0.0286  0.0284  0.0284
  0.0285  0.0284  0.0284  0.0284  0.0285  0.0285  0.0284  0.0285  0.0284  0.0285  0.0284  0.0284
  0.0284  0.0284  0.0284  0.0284  0.0284  0.0284  0.0284  0.0284  0.0284  0.0284  0.0284  0.0284
  0.0284  0.0284  0.0284  0.0284  0.0284  0.0284  0.0283  0.0283  0.0284  0.0284  0.0284  0.0284
  0.0284  0.0284  0.0284  0.0284  0.0284  0.0283  0.0284  0.0284  0.0284  0.0284  0.0284  0.0284
  0.0285  0.0285  0.0284  0.0284  0.0284  0.0284  0.0284  0.0285  0.0284  0.0285  0.0284  0.0284
  0.0286  0.0286  0.0285  0.0285  0.0285  0.0285  0.0286  0.0287  0.0285  0.0286  0.0284  0.0285
registration optimization eta report
parameter search radius
    0.8000    0.8000    0.8000    2.4000    2.4000    2.4000
    2.4000    2.4000    2.4000    2.4000    2.4000    2.4000
100000*second partial in parameter space
       42.       33.       20.        2.        3.        3.
        4.        7.        3.        4.        2.        2.
  0.0287  0.0286  0.0285  0.0285  0.0286  0.0286  0.0286  0.0287  0.0286  0.0286  0.0284  0.0284
  0.0285  0.0284  0.0284  0.0284  0.0285  0.0285  0.0284  0.0285  0.0284  0.0285  0.0284  0.0284
  0.0284  0.0284  0.0284  0.0284  0.0284  0.0284  0.0284  0.0284  0.0284  0.0284  0.0284  0.0284
  0.0284  0.0284  0.0284  0.0284  0.0284  0.0284  0.0283  0.0283  0.0284  0.0284  0.0284  0.0284
  0.0284  0.0284  0.0284  0.0284  0.0284  0.0283  0.0284  0.0284  0.0284  0.0284  0.0284  0.0284
  0.0285  0.0285  0.0284  0.0284  0.0284  0.0284  0.0284  0.0285  0.0284  0.0285  0.0284  0.0284
  0.0286  0.0286  0.0285  0.0285  0.0285  0.0285  0.0286  0.0287  0.0285  0.0286  0.0284  0.0285
   -5.0105   -9.6248   -5.4463  -11.9922  -25.0101  -18.1751
    6.2591    0.5211   -4.0797   27.9355    5.4435  -27.1867
eta,q 0.97165  9.16108

---------------------------------------------------------------------
imgreg_4dfp /opt/freesurfer/average/711-2C_as_mni_average_305 /opt/freesurfer/average/711-2B_as_mni_average_305_mask talsrcimg_g11 none talsrcimg_to_711-2C_as_mni_average_305_t4 2311
---------------------------------------------------------------------

freesurfer imgreg_4dfp.c
/opt/freesurfer/average/711-2C_as_mni_average_305.4dfp.img
       256       256       256         1
  1.000000  1.000000  1.000000
orientation T byte_order littleendian
Reading image: /opt/freesurfer/average/711-2C_as_mni_average_305.4dfp.img
dimensions:      256       256       256
mmppix:       1.0000   -1.0000   -1.0000
center:     128.0000 -129.0000 -129.0000
/opt/freesurfer/average/711-2B_as_mni_average_305_mask.4dfp.img
       256       256       256         1
  1.000000  1.000000  1.000000
orientation T byte_order littleendian
Reading mask: /opt/freesurfer/average/711-2B_as_mni_average_305_mask.4dfp.img (2306576 pixels)
talsrcimg_g11.4dfp.img
       256       256       256         1
  1.000000  1.000000  1.000000
orientation T byte_order littleendian
Reading image: talsrcimg_g11.4dfp.img
dimensions:      256       256       256
mmppix:       1.0000   -1.0000   -1.0000
center:     128.0000 -129.0000 -129.0000
fimgreg.f
image alignment mode   2311 decimal      907 hex
parameters
   -5.0105   -9.6248   -5.4463  -11.9922  -25.0101  -18.1751
    6.2591    0.5211   -4.0797   27.9355    5.4435  -27.1867
eta,q 0.97165  9.16107
niter,ni,del,rscale     5    3    5.0000    0.8000
parameters
   -4.9792   -9.6214   -5.3795  -12.4141  -24.9716  -18.8869
    6.1138    0.6285   -4.0451   27.7603    5.6626  -26.9740
eta,q 0.97161  9.10667
  0.0295  0.0292  0.0289  0.0288  0.0291  0.0289  0.0292  0.0298  0.0292  0.0293  0.0288  0.0288
  0.0289  0.0287  0.0286  0.0285  0.0287  0.0286  0.0288  0.0291  0.0287  0.0288  0.0286  0.0286
  0.0285  0.0284  0.0284  0.0284  0.0284  0.0285  0.0285  0.0286  0.0285  0.0285  0.0284  0.0284
  0.0284  0.0284  0.0284  0.0284  0.0284  0.0284  0.0284  0.0284  0.0284  0.0284  0.0284  0.0284
  0.0285  0.0285  0.0284  0.0284  0.0284  0.0284  0.0285  0.0285  0.0285  0.0285  0.0284  0.0284
  0.0288  0.0287  0.0286  0.0286  0.0287  0.0288  0.0288  0.0290  0.0287  0.0289  0.0285  0.0286
  0.0294  0.0292  0.0288  0.0291  0.0290  0.0297  0.0293  0.0298  0.0291  0.0295  0.0287  0.0287
niter,ni,del,rscale     4    3    5.0000    0.7000
parameters
   -4.9919   -9.6078   -5.4939  -12.3433  -25.0489  -18.8982
    6.1639    0.5929   -4.0843   27.7980    5.6432  -26.9564
eta,q 0.97161  9.10592
  0.0292  0.0291  0.0287  0.0287  0.0289  0.0289  0.0291  0.0294  0.0290  0.0292  0.0286  0.0287
  0.0287  0.0287  0.0285  0.0286  0.0286  0.0286  0.0287  0.0289  0.0286  0.0287  0.0285  0.0285
  0.0285  0.0285  0.0284  0.0284  0.0284  0.0285  0.0285  0.0285  0.0284  0.0285  0.0284  0.0284
  0.0284  0.0284  0.0284  0.0284  0.0284  0.0284  0.0284  0.0284  0.0284  0.0284  0.0284  0.0284
  0.0285  0.0285  0.0285  0.0284  0.0285  0.0284  0.0285  0.0285  0.0285  0.0285  0.0284  0.0284
  0.0288  0.0287  0.0286  0.0285  0.0286  0.0285  0.0287  0.0289  0.0287  0.0287  0.0285  0.0285
  0.0292  0.0290  0.0288  0.0288  0.0289  0.0290  0.0290  0.0295  0.0290  0.0291  0.0287  0.0287
niter,ni,del,rscale     3    3    5.0000    0.6000
parameters
   -5.0074   -9.5999   -5.5015  -12.2888  -25.0770  -18.6927
    6.2062    0.5752   -4.0996   27.8536    5.6300  -27.0070
eta,q 0.97162  9.11739
  0.0290  0.0289  0.0287  0.0286  0.0288  0.0288  0.0289  0.0292  0.0288  0.0290  0.0286  0.0286
  0.0286  0.0286  0.0285  0.0285  0.0286  0.0286  0.0286  0.0288  0.0286  0.0286  0.0285  0.0285
  0.0284  0.0284  0.0284  0.0284  0.0284  0.0285  0.0284  0.0285  0.0284  0.0284  0.0284  0.0284
  0.0284  0.0284  0.0284  0.0284  0.0284  0.0284  0.0284  0.0284  0.0284  0.0284  0.0284  0.0284
  0.0285  0.0284  0.0284  0.0284  0.0284  0.0284  0.0284  0.0285  0.0284  0.0284  0.0284  0.0284
  0.0287  0.0286  0.0285  0.0285  0.0286  0.0285  0.0286  0.0287  0.0286  0.0286  0.0285  0.0285
  0.0290  0.0289  0.0287  0.0286  0.0288  0.0288  0.0289  0.0292  0.0288  0.0289  0.0286  0.0286
niter,ni,del,rscale     2    3    5.0000    0.5000
parameters
   -5.0097   -9.6116   -5.4719  -12.1448  -25.0555  -18.4240
    6.2489    0.5472   -4.1012   27.8973    5.5569  -27.1079
eta,q 0.97164  9.13912
  0.0288  0.0287  0.0286  0.0286  0.0287  0.0287  0.0287  0.0289  0.0287  0.0288  0.0285  0.0285
  0.0286  0.0285  0.0285  0.0285  0.0285  0.0285  0.0285  0.0286  0.0285  0.0285  0.0284  0.0284
  0.0284  0.0284  0.0284  0.0284  0.0284  0.0284  0.0284  0.0284  0.0284  0.0284  0.0284  0.0284
  0.0284  0.0284  0.0284  0.0284  0.0284  0.0284  0.0284  0.0284  0.0284  0.0284  0.0284  0.0284
  0.0284  0.0284  0.0284  0.0284  0.0284  0.0284  0.0284  0.0284  0.0284  0.0284  0.0284  0.0284
  0.0286  0.0285  0.0285  0.0284  0.0285  0.0284  0.0285  0.0286  0.0285  0.0285  0.0284  0.0285
  0.0288  0.0287  0.0286  0.0285  0.0286  0.0286  0.0287  0.0290  0.0287  0.0287  0.0285  0.0285
niter,ni,del,rscale     1    3    5.0000    0.4000
parameters
   -5.0033   -9.6309   -5.4343  -11.9811  -25.0064  -18.1414
    6.2491    0.5214   -4.0870   27.9304    5.4445  -27.1946
eta,q 0.97165  9.16324
  0.0286  0.0286  0.0285  0.0285  0.0285  0.0286  0.0286  0.0287  0.0285  0.0286  0.0284  0.0284
  0.0285  0.0284  0.0284  0.0284  0.0284  0.0285  0.0284  0.0285  0.0284  0.0285  0.0284  0.0284
  0.0284  0.0284  0.0284  0.0284  0.0284  0.0284  0.0284  0.0284  0.0284  0.0284  0.0284  0.0284
  0.0284  0.0284  0.0284  0.0284  0.0284  0.0284  0.0283  0.0283  0.0284  0.0283  0.0284  0.0283
  0.0284  0.0284  0.0284  0.0284  0.0284  0.0283  0.0284  0.0284  0.0284  0.0284  0.0284  0.0284
  0.0285  0.0285  0.0284  0.0284  0.0284  0.0284  0.0284  0.0285  0.0284  0.0285  0.0284  0.0284
  0.0286  0.0286  0.0285  0.0285  0.0285  0.0285  0.0286  0.0287  0.0285  0.0286  0.0284  0.0285
registration optimization eta report
parameter search radius
    0.8000    0.8000    0.8000    2.4000    2.4000    2.4000
    2.4000    2.4000    2.4000    2.4000    2.4000    2.4000
100000*second partial in parameter space
       42.       33.       21.        2.        3.        3.
        4.        7.        3.        4.        1.        2.
  0.0286  0.0286  0.0285  0.0285  0.0285  0.0286  0.0286  0.0287  0.0285  0.0286  0.0284  0.0284
  0.0285  0.0284  0.0284  0.0284  0.0284  0.0285  0.0284  0.0285  0.0284  0.0285  0.0284  0.0284
  0.0284  0.0284  0.0284  0.0284  0.0284  0.0284  0.0284  0.0284  0.0284  0.0284  0.0284  0.0284
  0.0284  0.0284  0.0284  0.0284  0.0284  0.0284  0.0283  0.0283  0.0284  0.0283  0.0284  0.0283
  0.0284  0.0284  0.0284  0.0284  0.0284  0.0283  0.0284  0.0284  0.0284  0.0284  0.0284  0.0284
  0.0285  0.0285  0.0284  0.0284  0.0284  0.0284  0.0284  0.0285  0.0284  0.0285  0.0284  0.0284
  0.0286  0.0286  0.0285  0.0285  0.0285  0.0285  0.0286  0.0287  0.0285  0.0286  0.0284  0.0285
   -5.0033   -9.6309   -5.4343  -11.9811  -25.0064  -18.1414
    6.2491    0.5214   -4.0870   27.9304    5.4445  -27.1946
eta,q 0.97165  9.16324

---------------------------------------------------------------------
compute_vox2vox talsrcimg talsrcimg_to_711-2C_as_mni_average_305_t4 /opt/freesurfer/average/711-2C_as_mni_average_305
---------------------------------------------------------------------

freesurfer compute_vox2vox.c
Reading: talsrcimg.4dfp.ifh
Reading: talsrcimg_to_711-2C_as_mni_average_305_t4
Reading: /opt/freesurfer/average/711-2C_as_mni_average_305.4dfp.ifh
Writing: talsrcimg_to_711-2C_as_mni_average_305_t4_vox2vox.txt

start time Sat Mar 14 02:57:34 CET 2026
end		time Sat Mar 14 02:57:48 CET 2026

mpr2mni305 success

avi2talxfm orig_nu.mgz /opt/freesurfer/average/mni305.cor.mgz talsrcimg_to_711-2C_as_mni_average_305_t4_vox2vox.txt transforms/talairach.auto.xfm
avi2talxfm done
mv -f /out/sourcedata/freesurfer/sub-v2s8x29243_ses-1/mri/talsrcimg_to_711-2C_as_mni_average_305_t4_vox2vox.txt /out/sourcedata/freesurfer/sub-v2s8x29243_ses-1/mri/transforms/talsrcimg_to_711-2C_as_mni_average_305_t4_vox2vox.txt
lta_convert --src orig_nu.mgz --trg /opt/freesurfer/average/mni305.cor.mgz --inxfm transforms/talairach.auto.xfm --outlta transforms/talairach.auto.xfm.lta --subject fsaverage
7.3.2

--src: orig_nu.mgz src image (geometry).
--trg: /opt/freesurfer/average/mni305.cor.mgz trg image (geometry).
--inmni: transforms/talairach.auto.xfm input MNI/XFM transform.
--outlta: transforms/talairach.auto.xfm.lta output LTA.
--s: fsaverage subject name
 LTA read, type : 1
 1.13075   0.02220  -0.08617   4.28220;
-0.04871   1.08616   0.39793   8.12562;
 0.07976  -0.40332   1.18055   8.34357;
 0.00000   0.00000   0.00000   1.00000;
setting subject to fsaverage
Writing  LTA to file transforms/talairach.auto.xfm.lta...
lta_convert successful.
 
 
Started at Sat Mar 14 02:57:34 CET 2026
Ended   at Sat Mar 14 02:57:48 CET 2026
talairach_avi done
