/out/sourcedata/freesurfer/sub-v2s8x29206_ses-1/mri
/opt/freesurfer/bin/talairach_avi
--i orig_nu.mgz --xfm transforms/talairach.auto.xfm
talairach_avi 7.3.2
Linux dna039 5.14.0-427.37.1.el9_4.x86_64 #1 SMP PREEMPT_DYNAMIC Fri Sep 13 12:41:50 EDT 2024 x86_64 x86_64 x86_64 GNU/Linux
Sat Mar 14 01:04:31 CET 2026
mri_convert orig_nu.mgz talsrcimg.img 
reading from orig_nu.mgz...
TR=0.00, TE=0.00, TI=0.00, flip angle=0.00
i_ras = (-1, 0, 0)
j_ras = (0, 0, -1)
k_ras = (0, 1, 0)
writing to talsrcimg.img...
Analyze Output Matrix
-1.00000   0.00000   0.00000   129.66513;
 0.00000   0.00000   1.00000  -128.00000;
 0.00000  -1.00000   0.00000   130.00000;
 0.00000   0.00000   0.00000   1.00000;
--------------------
INFO: set hdr.hist.orient to -1
mpr2mni305 talsrcimg
Sat Mar 14 01:04:31 CET 2026
/opt/freesurfer/bin/mpr2mni305 talsrcimg
mpr2mni305 7.3.2
target=711-2C_as_mni_average_305

---------------------------------------------------------------------
analyzeto4dfp talsrcimg -O0 -y
---------------------------------------------------------------------

freesurfer ifh2hdr.c
Sat Mar 14 01:04:32 2026
Writing: talsrcimg.4dfp.hdr
freesurfer analyzeto4dfp.c
Reading: talsrcimg.hdr
header size 348 bytes
hdr.dime.datatype	offset=70	value=2
hdr.dime.bitpix		offset=72	value=8
hdr.hist.orient		offset=252	value=-1
dimensionality     4
dimensions       256       256       256         1
Reading: talsrcimg.img
Writing: talsrcimg.4dfp.img
Writing: talsrcimg.4dfp.ifh
ifh2hdr talsrcimg -r0to230
ori=2

---------------------------------------------------------------------
gauss_4dfp talsrcimg 1.1
---------------------------------------------------------------------

freesurfer gauss_4dfp.c
Reading: talsrcimg.4dfp.img
Writing: talsrcimg_g11.4dfp.img
image dimensions 256 256 256 padded to 288 288 288
processing volume 1freesurfer ifh2hdr.c
Sat Mar 14 01:04:33 2026
Writing: talsrcimg_g11.4dfp.hdr

Writing: talsrcimg_g11.4dfp.ifh
including: talsrcimg.4dfp.img.rec in talsrcimg_g11.4dfp.img.rec

---------------------------------------------------------------------
imgreg_4dfp /opt/freesurfer/average/711-2C_as_mni_average_305 none talsrcimg_g11 none talsrcimg_to_711-2C_as_mni_average_305_t4 4355
---------------------------------------------------------------------

freesurfer imgreg_4dfp.c
/opt/freesurfer/average/711-2C_as_mni_average_305.4dfp.img
       256       256       256         1
  1.000000  1.000000  1.000000
orientation T byte_order littleendian
Reading image: /opt/freesurfer/average/711-2C_as_mni_average_305.4dfp.img
dimensions:      256       256       256
mmppix:       1.0000   -1.0000   -1.0000
center:     128.0000 -129.0000 -129.0000
talsrcimg_g11.4dfp.img
       256       256       256         1
  1.000000  1.000000  1.000000
orientation T byte_order littleendian
Reading image: talsrcimg_g11.4dfp.img
dimensions:      256       256       256
mmppix:       1.0000   -1.0000   -1.0000
center:     128.0000 -129.0000 -129.0000
t4_read: open error in t4_sub.f l:  41 t4_file(1:l)talsrcimg_to_711-2C_as_mni_average_305_t4 
t4_read: transform initialized to I4
rotation matrix determinant  1.000000
image alignment mode   4355 decimal     1103 hex
   -7.5000  -45.0000  -45.0000 7829.1494   21.6307
    0.0000  -45.0000  -45.0000 8088.2979   21.6760
    7.5000  -45.0000  -45.0000 7697.2192   21.6845
   -7.5000  -37.5000  -45.0000 8417.2852   21.5962
    0.0000  -37.5000  -45.0000 8692.3633   21.6432
    7.5000  -37.5000  -45.0000 8251.6523   21.6446
   -7.5000  -30.0000  -45.0000 9262.1572   21.5679
    0.0000  -30.0000  -45.0000 9565.8135   21.6020
    7.5000  -30.0000  -45.0000 9078.6279   21.5993
   -7.5000  -22.5000  -45.000010054.1758   21.5252
    0.0000  -22.5000  -45.000010362.5527   21.5435
    7.5000  -22.5000  -45.0000 9853.5195   21.5445
   -7.5000  -15.0000  -45.000010767.7734   21.4825
    0.0000  -15.0000  -45.000011083.4834   21.4975
    7.5000  -15.0000  -45.000010528.5322   21.5065
   -7.5000   -7.5000  -45.000011385.6797   21.4658
    0.0000   -7.5000  -45.000011714.7236   21.4940
    7.5000   -7.5000  -45.000011121.7725   21.5062
   -7.5000    0.0000  -45.000011930.1846   21.4776
    0.0000    0.0000  -45.000012300.4023   21.5212
    7.5000    0.0000  -45.000011655.6035   21.5294
   -7.5000    7.5000  -45.000011605.3115   21.5073
    0.0000    7.5000  -45.000011959.7139   21.5531
    7.5000    7.5000  -45.000011331.8320   21.5540
   -7.5000   15.0000  -45.000011158.2783   21.5272
    0.0000   15.0000  -45.000011490.2363   21.5607
    7.5000   15.0000  -45.000010880.7988   21.5578
   -7.5000   22.5000  -45.000010554.8975   21.5104
    0.0000   22.5000  -45.000010843.1123   21.5284
    7.5000   22.5000  -45.000010268.9814   21.5295
   -7.5000   30.0000  -45.0000 9856.9160   21.1952
    0.0000   30.0000  -45.000010108.5488   21.2100
    7.5000   30.0000  -45.0000 9572.6797   21.2188
   -7.5000   37.5000  -45.0000 9449.9834   21.1825
    0.0000   37.5000  -45.0000 9703.3545   21.2103
    7.5000   37.5000  -45.0000 9158.2227   21.2222
   -7.5000   45.0000  -45.0000 8677.0547   20.6759
    0.0000   45.0000  -45.0000 8925.6621   20.7176
    7.5000   45.0000  -45.0000 8398.0771   20.7252
   -7.5000  -45.0000  -37.5000 8403.7754   21.5927
    0.0000  -45.0000  -37.5000 8669.9316   21.6332
    7.5000  -45.0000  -37.5000 8228.1670   21.6469
   -7.5000  -37.5000  -37.5000 9029.0254   21.5514
    0.0000  -37.5000  -37.5000 9304.5977   21.5954
    7.5000  -37.5000  -37.5000 8818.1289   21.6018
   -7.5000  -30.0000  -37.5000 9914.9336   21.5180
    0.0000  -30.0000  -37.500010216.8545   21.5510
    7.5000  -30.0000  -37.5000 9688.4199   21.5489
   -7.5000  -22.5000  -37.500010757.0908   21.4782
    0.0000  -22.5000  -37.500011058.6895   21.4948
    7.5000  -22.5000  -37.500010494.3027   21.4914
   -7.5000  -15.0000  -37.500011491.2695   21.4434
    0.0000  -15.0000  -37.500011826.1045   21.4541
    7.5000  -15.0000  -37.500011206.9961   21.4576
   -7.5000   -7.5000  -37.500012119.3066   21.4312
    0.0000   -7.5000  -37.500012460.5449   21.4538
    7.5000   -7.5000  -37.500011840.6582   21.4654
   -7.5000    0.0000  -37.500012650.8574   21.4405
    0.0000    0.0000  -37.500013018.5645   21.4794
    7.5000    0.0000  -37.500012346.3828   21.4925
   -7.5000    7.5000  -37.500012278.9746   21.4629
    0.0000    7.5000  -37.500012625.9639   21.5058
    7.5000    7.5000  -37.500011974.1230   21.5117
   -7.5000   15.0000  -37.500011778.1650   21.4776
    0.0000   15.0000  -37.500012123.7920   21.5099
    7.5000   15.0000  -37.500011501.5732   21.5076
   -7.5000   22.5000  -37.500011151.0986   21.4635
    0.0000   22.5000  -37.500011462.1201   21.4799
    7.5000   22.5000  -37.500010868.7959   21.4766
   -7.5000   30.0000  -37.500010392.9287   21.1567
    0.0000   30.0000  -37.500010664.8564   21.1672
    7.5000   30.0000  -37.500010100.0869   21.1707
   -7.5000   37.5000  -37.5000 9938.3291   21.1483
    0.0000   37.5000  -37.500010194.0645   21.1706
    7.5000   37.5000  -37.5000 9636.3242   21.1820
   -7.5000   45.0000  -37.5000 9094.4580   20.6393
    0.0000   45.0000  -37.5000 9335.3896   20.6766
    7.5000   45.0000  -37.5000 8823.6025   20.6891
   -7.5000  -45.0000  -30.0000 9093.5889   22.4994
    0.0000  -45.0000  -30.0000 9389.7012   22.5383
    7.5000  -45.0000  -30.0000 8895.3242   22.5574
   -7.5000  -37.5000  -30.0000 9738.3398   22.4541
    0.0000  -37.5000  -30.000010063.3828   22.4950
    7.5000  -37.5000  -30.0000 9524.4717   22.5084
   -7.5000  -30.0000  -30.000010678.3457   22.4176
    0.0000  -30.0000  -30.000011030.6484   22.4478
    7.5000  -30.0000  -30.000010459.1582   22.4514
   -7.5000  -22.5000  -30.000011557.2891   22.3764
    0.0000  -22.5000  -30.000011918.3379   22.3922
    7.5000  -22.5000  -30.000011281.4727   22.3918
   -7.5000  -15.0000  -30.000012323.0625   22.3414
    0.0000  -15.0000  -30.000012708.2344   22.3522
    7.5000  -15.0000  -30.000012029.5342   22.3573
   -7.5000   -7.5000  -30.000012988.2373   22.3311
    0.0000   -7.5000  -30.000013380.1934   22.3533
    7.5000   -7.5000  -30.000012689.2090   22.3676
   -7.5000    0.0000  -30.000013532.3184   22.3411
    0.0000    0.0000  -30.000013942.7051   22.3784
    7.5000    0.0000  -30.000013220.5176   22.3968
   -7.5000    7.5000  -30.000013123.7158   22.3620
    0.0000    7.5000  -30.000013510.9004   22.4018
    7.5000    7.5000  -30.000012807.2461   22.4146
   -7.5000   15.0000  -30.000012585.2607   22.3757
    0.0000   15.0000  -30.000012951.3271   22.4052
    7.5000   15.0000  -30.000012285.4229   22.4086
   -7.5000   22.5000  -30.000011929.8604   22.3589
    0.0000   22.5000  -30.000012253.2373   22.3745
    7.5000   22.5000  -30.000011619.7119   22.3742
   -7.5000   30.0000  -30.000011087.2939   22.0448
    0.0000   30.0000  -30.000011378.5332   22.0555
    7.5000   30.0000  -30.000010773.6924   22.0605
   -7.5000   37.5000  -30.000010578.4229   22.0384
    0.0000   37.5000  -30.000010862.9258   22.0603
    7.5000   37.5000  -30.000010261.9102   22.0744
   -7.5000   45.0000  -30.0000 9622.6279   21.5223
    0.0000   45.0000  -30.0000 9904.2549   21.5582
    7.5000   45.0000  -30.0000 9366.9756   21.5759
   -7.5000  -45.0000  -22.5000 9767.3350   23.2970
    0.0000  -45.0000  -22.500010096.9717   23.3389
    7.5000  -45.0000  -22.5000 9560.1768   23.3577
   -7.5000  -37.5000  -22.500010428.5391   23.2536
    0.0000  -37.5000  -22.500010782.5654   23.2932
    7.5000  -37.5000  -22.500010220.4619   23.3078
   -7.5000  -30.0000  -22.500011400.2686   23.2193
    0.0000  -30.0000  -22.500011814.5586   23.2459
    7.5000  -30.0000  -22.500011206.8242   23.2545
   -7.5000  -22.5000  -22.500012319.4053   23.1749
    0.0000  -22.5000  -22.500012754.6328   23.1904
    7.5000  -22.5000  -22.500012082.5107   23.1977
   -7.5000  -15.0000  -22.500013125.3447   23.1334
    0.0000  -15.0000  -22.500013553.0674   23.1484
    7.5000  -15.0000  -22.500012855.6270   23.1608
   -7.5000   -7.5000  -22.500013818.4053   23.1207
    0.0000   -7.5000  -22.500014244.5449   23.1481
    7.5000   -7.5000  -22.500013559.4316   23.1657
   -7.5000    0.0000  -22.500014369.0859   23.1330
    0.0000    0.0000  -22.500014841.6592   23.1731
    7.5000    0.0000  -22.500014093.8848   23.1914
   -7.5000    7.5000  -22.500013906.0420   23.1582
    0.0000    7.5000  -22.500014378.2773   23.1966
    7.5000    7.5000  -22.500013614.5195   23.2107
   -7.5000   15.0000  -22.500013329.6201   23.1760
    0.0000   15.0000  -22.500013776.0615   23.2019
    7.5000   15.0000  -22.500013058.0078   23.2102
   -7.5000   22.5000  -22.500012621.1436   23.1552
    0.0000   22.5000  -22.500013034.3301   23.1705
    7.5000   22.5000  -22.500012337.9326   23.1777
   -7.5000   30.0000  -22.500011741.2432   22.8298
    0.0000   30.0000  -22.500012098.1240   22.8446
    7.5000   30.0000  -22.500011430.5869   22.8568
   -7.5000   37.5000  -22.500011185.3193   22.8211
    0.0000   37.5000  -22.500011514.6797   22.8481
    7.5000   37.5000  -22.500010893.2539   22.8655
   -7.5000   45.0000  -22.500010145.4844   22.3034
    0.0000   45.0000  -22.500010470.3770   22.3419
    7.5000   45.0000  -22.5000 9907.0605   22.3594
   -7.5000  -45.0000  -15.000010429.8545   23.8660
    0.0000  -45.0000  -15.000010802.5400   23.9129
    7.5000  -45.0000  -15.000010208.7412   23.9284
   -7.5000  -37.5000  -15.000011078.3096   23.8279
    0.0000  -37.5000  -15.000011483.6592   23.8696
    7.5000  -37.5000  -15.000010888.5713   23.8803
   -7.5000  -30.0000  -15.000012113.6621   23.7980
    0.0000  -30.0000  -15.000012561.1484   23.8236
    7.5000  -30.0000  -15.000011927.2520   23.8320
   -7.5000  -22.5000  -15.000013053.3174   23.7507
    0.0000  -22.5000  -15.000013505.6904   23.7658
    7.5000  -22.5000  -15.000012835.8467   23.7778
   -7.5000  -15.0000  -15.000013888.0781   23.7007
    0.0000  -15.0000  -15.000014339.7803   23.7193
    7.5000  -15.0000  -15.000013668.6846   23.7379
   -7.5000   -7.5000  -15.000014619.4629   23.6830
    0.0000   -7.5000  -15.000015080.1396   23.7162
    7.5000   -7.5000  -15.000014382.6875   23.7359
   -7.5000    0.0000  -15.000015204.5371   23.6976
    0.0000    0.0000  -15.000015697.6709   23.7426
    7.5000    0.0000  -15.000014951.5830   23.7577
   -7.5000    7.5000  -15.000014711.0977   23.7300
    0.0000    7.5000  -15.000015180.8066   23.7704
    7.5000    7.5000  -15.000014417.6172   23.7806
   -7.5000   15.0000  -15.000014060.1553   23.7534
    0.0000   15.0000  -15.000014510.7539   23.7784
    7.5000   15.0000  -15.000013772.2061   23.7866
   -7.5000   22.5000  -15.000013305.8184   23.7292
    0.0000   22.5000  -15.000013734.0400   23.7441
    7.5000   22.5000  -15.000013046.5879   23.7561
   -7.5000   30.0000  -15.000012353.8057   23.3929
    0.0000   30.0000  -15.000012745.8525   23.4113
    7.5000   30.0000  -15.000012088.1074   23.4296
   -7.5000   37.5000  -15.000011729.8691   23.3793
    0.0000   37.5000  -15.000012102.9014   23.4121
    7.5000   37.5000  -15.000011476.8193   23.4315
   -7.5000   45.0000  -15.000010644.5557   22.8626
    0.0000   45.0000  -15.000010996.8027   22.9057
    7.5000   45.0000  -15.000010424.7148   22.9201
   -7.5000  -45.0000   -7.500011094.5166   24.1284
    0.0000  -45.0000   -7.500011457.5508   24.1792
    7.5000  -45.0000   -7.500010866.9834   24.1902
   -7.5000  -37.5000   -7.500011754.1465   24.0944
    0.0000  -37.5000   -7.500012150.7900   24.1421
    7.5000  -37.5000   -7.500011570.8887   24.1463
   -7.5000  -30.0000   -7.500012837.5840   24.0661
    0.0000  -30.0000   -7.500013263.8721   24.0974
    7.5000  -30.0000   -7.500012634.4014   24.1002
   -7.5000  -22.5000   -7.500013831.9141   24.0164
    0.0000  -22.5000   -7.500014262.5117   24.0339
    7.5000  -22.5000   -7.500013606.2461   24.0429
   -7.5000  -15.0000   -7.500014685.9961   23.9626
    0.0000  -15.0000   -7.500015120.0029   23.9816
    7.5000  -15.0000   -7.500014473.5742   23.9991
   -7.5000   -7.5000   -7.500015415.3955   23.9419
    0.0000   -7.5000   -7.500015893.6338   23.9766
    7.5000   -7.5000   -7.500015224.8408   23.9944
   -7.5000    0.0000   -7.500016084.3184   23.9578
    0.0000    0.0000   -7.500016606.6348   24.0067
    7.5000    0.0000   -7.500015846.7881   24.0174
   -7.5000    7.5000   -7.500015549.8965   23.9953
    0.0000    7.5000   -7.500016055.5361   24.0416
    7.5000    7.5000   -7.500015280.3682   24.0454
   -7.5000   15.0000   -7.500014821.0576   24.0209
    0.0000   15.0000   -7.500015277.3594   24.0515
    7.5000   15.0000   -7.500014576.9902   24.0540
   -7.5000   22.5000   -7.500013969.5908   23.9920
    0.0000   22.5000   -7.500014409.0996   24.0092
    7.5000   22.5000   -7.500013771.4824   24.0182
   -7.5000   30.0000   -7.500012995.7227   23.6507
    0.0000   30.0000   -7.500013383.8955   23.6695
    7.5000   30.0000   -7.500012769.0811   23.6867
   -7.5000   37.5000   -7.500012302.8584   23.6343
    0.0000   37.5000   -7.500012675.9375   23.6686
    7.5000   37.5000   -7.500012089.2754   23.6861
   -7.5000   45.0000   -7.500011145.8701   23.1174
    0.0000   45.0000   -7.500011522.8652   23.1642
    7.5000   45.0000   -7.500010960.5850   23.1743
   -7.5000  -45.0000    0.000011675.0215   24.1542
    0.0000  -45.0000    0.000012047.6924   24.2041
    7.5000  -45.0000    0.000011444.1865   24.2137
   -7.5000  -37.5000    0.000012365.3164   24.1165
    0.0000  -37.5000    0.000012767.3848   24.1682
    7.5000  -37.5000    0.000012159.5303   24.1697
   -7.5000  -30.0000    0.000013460.6094   24.0850
    0.0000  -30.0000    0.000013896.5068   24.1224
    7.5000  -30.0000    0.000013242.1982   24.1193
   -7.5000  -22.5000    0.000014477.8994   24.0369
    0.0000  -22.5000    0.000014895.5273   24.0566
    7.5000  -22.5000    0.000014219.0479   24.0576
   -7.5000  -15.0000    0.000015360.6553   23.9885
    0.0000  -15.0000    0.000015776.1416   24.0047
    7.5000  -15.0000    0.000015120.4707   24.0146
   -7.5000   -7.5000    0.000016105.1758   23.9698
    0.0000   -7.5000    0.000016601.0215   24.0007
    7.5000   -7.5000    0.000015924.8184   24.0144
   -7.5000    0.0000    0.000016785.3848   23.9836
    0.0000    0.0000    0.000017295.0996   24.0316
    7.5000    0.0000    0.000016609.6992   24.0408
   -7.5000    7.5000    0.000016136.5479   24.0174
    0.0000    7.5000    0.000016635.3457   24.0678
    7.5000    7.5000    0.000015980.2109   24.0688
   -7.5000   15.0000    0.000015328.3584   24.0397
    0.0000   15.0000    0.000015778.8193   24.0764
    7.5000   15.0000    0.000015155.9629   24.0730
   -7.5000   22.5000    0.000014445.3271   24.0125
    0.0000   22.5000    0.000014863.8672   24.0320
    7.5000   22.5000    0.000014289.2080   24.0330
   -7.5000   30.0000    0.000013406.0654   23.6769
    0.0000   30.0000    0.000013770.6973   23.6929
    7.5000   30.0000    0.000013244.3027   23.7027
   -7.5000   37.5000    0.000012688.6289   23.6626
    0.0000   37.5000    0.000013035.3047   23.6931
    7.5000   37.5000    0.000012522.7715   23.7065
   -7.5000   45.0000    0.000011518.5801   23.1427
    0.0000   45.0000    0.000011843.4736   23.1887
    7.5000   45.0000    0.000011370.8223   23.1972
   -7.5000  -45.0000    7.500011319.5137   24.1458
    0.0000  -45.0000    7.500011730.4561   24.1909
    7.5000  -45.0000    7.500011127.7451   24.2062
   -7.5000  -37.5000    7.500012002.4541   24.1000
    0.0000  -37.5000    7.500012407.7295   24.1490
    7.5000  -37.5000    7.500011814.1562   24.1562
   -7.5000  -30.0000    7.500013055.4258   24.0630
    0.0000  -30.0000    7.500013478.9619   24.0997
    7.5000  -30.0000    7.500012828.9229   24.0975
   -7.5000  -22.5000    7.500013998.0459   24.0185
    0.0000  -22.5000    7.500014423.3701   24.0369
    7.5000  -22.5000    7.500013764.8496   24.0332
   -7.5000  -15.0000    7.500014913.3369   23.9792
    0.0000  -15.0000    7.500015334.7666   23.9910
    7.5000  -15.0000    7.500014654.4521   23.9949
   -7.5000   -7.5000    7.500015651.1572   23.9653
    0.0000   -7.5000    7.500016149.3350   23.9903
    7.5000   -7.5000    7.500015463.5127   24.0033
   -7.5000    0.0000    7.500016218.1064   23.9757
    0.0000    0.0000    7.500016784.5059   24.0189
    7.5000    0.0000    7.500016149.4639   24.0336
   -7.5000    7.5000    7.500015511.9990   24.0011
    0.0000    7.5000    7.500016094.9424   24.0488
    7.5000    7.5000    7.500015491.7363   24.0556
   -7.5000   15.0000    7.500014691.8613   24.0179
    0.0000   15.0000    7.500015226.9307   24.0538
    7.5000   15.0000    7.500014643.9199   24.0513
   -7.5000   22.5000    7.500013839.3760   23.9944
    0.0000   22.5000    7.500014288.7373   24.0125
    7.5000   22.5000    7.500013721.5781   24.0088
   -7.5000   30.0000    7.500012825.6348   23.6678
    0.0000   30.0000    7.500013204.3047   23.6794
    7.5000   30.0000    7.500012686.9561   23.6833
   -7.5000   37.5000    7.500012180.3691   23.6582
    0.0000   37.5000    7.500012497.7383   23.6828
    7.5000   37.5000    7.500012014.3525   23.6956
   -7.5000   45.0000    7.500011055.2080   23.1341
    0.0000   45.0000    7.500011350.0801   23.1757
    7.5000   45.0000    7.500010900.7656   23.1897
   -7.5000  -45.0000   15.000010878.5381   24.1762
    0.0000  -45.0000   15.000011259.3135   24.2179
    7.5000  -45.0000   15.000010705.8604   24.2382
   -7.5000  -37.5000   15.000011535.6377   24.1278
    0.0000  -37.5000   15.000011920.9219   24.1716
    7.5000  -37.5000   15.000011346.8945   24.1857
   -7.5000  -30.0000   15.000012517.6211   24.0885
    0.0000  -30.0000   15.000012924.9443   24.1207
    7.5000  -30.0000   15.000012298.9072   24.1243
   -7.5000  -22.5000   15.000013432.4092   24.0438
    0.0000  -22.5000   15.000013877.7207   24.0606
    7.5000  -22.5000   15.000013210.2773   24.0599
   -7.5000  -15.0000   15.000014320.2881   24.0059
    0.0000  -15.0000   15.000014790.6035   24.0173
    7.5000  -15.0000   15.000014079.8096   24.0226
   -7.5000   -7.5000   15.000015051.9736   23.9949
    0.0000   -7.5000   15.000015590.4893   24.0186
    7.5000   -7.5000   15.000014871.6973   24.0339
   -7.5000    0.0000   15.000015658.5215   24.0060
    0.0000    0.0000   15.000016262.2471   24.0459
    7.5000    0.0000   15.000015562.1885   24.0656
   -7.5000    7.5000   15.000014955.9316   24.0287
    0.0000    7.5000   15.000015565.4150   24.0713
    7.5000    7.5000   15.000014928.9385   24.0849
   -7.5000   15.0000   15.000014152.5840   24.0434
    0.0000   15.0000   15.000014660.3330   24.0749
    7.5000   15.0000   15.000014095.5938   24.0783
   -7.5000   22.5000   15.000013299.1934   24.0198
    0.0000   22.5000   15.000013684.4180   24.0363
    7.5000   22.5000   15.000013145.5859   24.0356
   -7.5000   30.0000   15.000012267.4902   23.6942
    0.0000   30.0000   15.000012588.1738   23.7054
    7.5000   30.0000   15.000012108.0254   23.7106
   -7.5000   37.5000   15.000011629.3926   23.6874
    0.0000   37.5000   15.000011911.2920   23.7107
    7.5000   37.5000   15.000011458.7734   23.7257
   -7.5000   45.0000   15.000010539.0488   23.1636
    0.0000   45.0000   15.000010795.5420   23.2022
    7.5000   45.0000   15.000010381.4795   23.2211
   -7.5000  -45.0000   22.500010349.8027   24.2493
    0.0000  -45.0000   22.500010734.6465   24.2925
    7.5000  -45.0000   22.500010182.2500   24.3117
   -7.5000  -37.5000   22.500010974.5947   24.2042
    0.0000  -37.5000   22.500011365.9463   24.2452
    7.5000  -37.5000   22.500010789.2695   24.2598
   -7.5000  -30.0000   22.500011897.0576   24.1690
    0.0000  -30.0000   22.500012316.1230   24.1963
    7.5000  -30.0000   22.500011706.4512   24.2047
   -7.5000  -22.5000   22.500012780.5020   24.1229
    0.0000  -22.5000   22.500013237.1357   24.1387
    7.5000  -22.5000   22.500012583.0547   24.1457
   -7.5000  -15.0000   22.500013643.5225   24.0792
    0.0000  -15.0000   22.500014080.0674   24.0946
    7.5000  -15.0000   22.500013406.5156   24.1070
   -7.5000   -7.5000   22.500014413.5430   24.0655
    0.0000   -7.5000   22.500014855.6943   24.0937
    7.5000   -7.5000   22.500014178.6748   24.1117
   -7.5000    0.0000   22.500015093.2041   24.0782
    0.0000    0.0000   22.500015533.7197   24.1195
    7.5000    0.0000   22.500014815.5869   24.1381
   -7.5000    7.5000   22.500014488.6406   24.1047
    0.0000    7.5000   22.500014893.8525   24.1443
    7.5000    7.5000   22.500014214.1416   24.1585
   -7.5000   15.0000   22.500013665.2900   24.1238
    0.0000   15.0000   22.500014029.0088   24.1504
    7.5000   15.0000   22.500013413.4980   24.1584
   -7.5000   22.5000   22.500012759.3145   24.0986
    0.0000   22.5000   22.500013080.1377   24.1142
    7.5000   22.5000   22.500012514.6465   24.1212
   -7.5000   30.0000   22.500011737.5967   23.7665
    0.0000   30.0000   22.500012018.3398   23.7817
    7.5000   30.0000   22.500011526.8105   23.7940
   -7.5000   37.5000   22.500011083.2139   23.7570
    0.0000   37.5000   22.500011345.3047   23.7848
    7.5000   37.5000   22.500010892.6318   23.8025
   -7.5000   45.0000   22.500010023.2949   23.2348
    0.0000   45.0000   22.500010278.5938   23.2746
    7.5000   45.0000   22.5000 9844.6133   23.2925
   -7.5000  -45.0000   30.0000 9704.3018   24.3265
    0.0000  -45.0000   30.000010055.2744   24.3744
    7.5000  -45.0000   30.0000 9538.7148   24.3902
   -7.5000  -37.5000   30.000010294.4180   24.2879
    0.0000  -37.5000   30.000010661.8613   24.3305
    7.5000  -37.5000   30.000010130.1104   24.3413
   -7.5000  -30.0000   30.000011219.5957   24.2581
    0.0000  -30.0000   30.000011598.7666   24.2843
    7.5000  -30.0000   30.000011025.1328   24.2929
   -7.5000  -22.5000   30.000012088.7549   24.2101
    0.0000  -22.5000   30.000012488.7646   24.2256
    7.5000  -22.5000   30.000011847.3281   24.2378
   -7.5000  -15.0000   30.000012876.1348   24.1585
    0.0000  -15.0000   30.000013293.1885   24.1775
    7.5000  -15.0000   30.000012594.9404   24.1965
   -7.5000   -7.5000   30.000013592.5508   24.1395
    0.0000   -7.5000   30.000014024.1377   24.1733
    7.5000   -7.5000   30.000013307.3887   24.1935
   -7.5000    0.0000   30.000014212.2598   24.1540
    0.0000    0.0000   30.000014666.4658   24.1998
    7.5000    0.0000   30.000013914.4062   24.2153
   -7.5000    7.5000   30.000013640.4932   24.1876
    0.0000    7.5000   30.000014089.8271   24.2288
    7.5000    7.5000   30.000013368.4189   24.2392
   -7.5000   15.0000   30.000012899.4551   24.2125
    0.0000   15.0000   30.000013274.8477   24.2380
    7.5000   15.0000   30.000012604.3096   24.2463
   -7.5000   22.5000   30.000012051.7354   24.1856
    0.0000   22.5000   30.000012370.5986   24.2009
    7.5000   22.5000   30.000011760.8125   24.2131
   -7.5000   30.0000   30.000011086.5586   23.8448
    0.0000   30.0000   30.000011383.4648   23.8635
    7.5000   30.0000   30.000010840.1260   23.8823
   -7.5000   37.5000   30.000010459.6299   23.8299
    0.0000   37.5000   30.000010742.4619   23.8633
    7.5000   37.5000   30.000010231.3242   23.8832
   -7.5000   45.0000   30.0000 9435.2100   23.3092
    0.0000   45.0000   30.0000 9702.7939   23.3532
    7.5000   45.0000   30.0000 9236.1035   23.3679
   -7.5000  -45.0000   37.5000 9315.6357   24.3968
    0.0000  -45.0000   37.5000 9666.8984   24.4483
    7.5000  -45.0000   37.5000 9143.4150   24.4598
   -7.5000  -37.5000   37.5000 9916.2207   24.3626
    0.0000  -37.5000   37.500010282.6270   24.4109
    7.5000  -37.5000   37.5000 9731.1924   24.4154
   -7.5000  -30.0000   37.500010839.8945   24.3347
    0.0000  -30.0000   37.500011220.1670   24.3662
    7.5000  -30.0000   37.500010637.4160   24.3693
   -7.5000  -22.5000   37.500011696.2793   24.2843
    0.0000  -22.5000   37.500012104.4355   24.3018
    7.5000  -22.5000   37.500011451.1045   24.3113
   -7.5000  -15.0000   37.500012479.2930   24.2290
    0.0000  -15.0000   37.500012893.8877   24.2481
    7.5000  -15.0000   37.500012178.4150   24.2662
   -7.5000   -7.5000   37.500013171.6709   24.2070
    0.0000   -7.5000   37.500013591.0801   24.2422
    7.5000   -7.5000   37.500012859.4336   24.2606
   -7.5000    0.0000   37.500013762.6738   24.2228
    0.0000    0.0000   37.500014191.6035   24.2723
    7.5000    0.0000   37.500013439.1025   24.2835
   -7.5000    7.5000   37.500013236.5742   24.2615
    0.0000    7.5000   37.500013652.0684   24.3084
    7.5000    7.5000   37.500012937.1719   24.3125
   -7.5000   15.0000   37.500012515.0439   24.2885
    0.0000   15.0000   37.500012883.8418   24.3194
    7.5000   15.0000   37.500012209.3232   24.3222
   -7.5000   22.5000   37.500011693.6016   24.2595
    0.0000   22.5000   37.500012010.7822   24.2768
    7.5000   22.5000   37.500011387.0703   24.2863
   -7.5000   30.0000   37.500010755.8691   23.9143
    0.0000   30.0000   37.500011044.6348   23.9332
    7.5000   30.0000   37.500010498.7871   23.9510
   -7.5000   37.5000   37.500010140.1172   23.8967
    0.0000   37.5000   37.500010403.0811   23.9314
    7.5000   37.5000   37.5000 9909.6045   23.9495
   -7.5000   45.0000   37.5000 9140.8428   23.3752
    0.0000   45.0000   37.5000 9386.2979   23.4225
    7.5000   45.0000   37.5000 8932.8721   23.4331
   -7.5000  -45.0000   45.0000 8498.0801   24.4989
    0.0000  -45.0000   45.0000 8810.6875   24.5503
    7.5000  -45.0000   45.0000 8367.3193   24.5604
   -7.5000  -37.5000   45.0000 9066.5361   24.4604
    0.0000  -37.5000   45.0000 9393.4805   24.5136
    7.5000  -37.5000   45.0000 8915.3623   24.5151
   -7.5000  -30.0000   45.0000 9943.1338   24.4289
    0.0000  -30.0000   45.000010291.5898   24.4672
    7.5000  -30.0000   45.0000 9771.3574   24.4637
   -7.5000  -22.5000   45.000010747.6182   24.3796
    0.0000  -22.5000   45.000011114.8086   24.3996
    7.5000  -22.5000   45.000010520.5205   24.4005
   -7.5000  -15.0000   45.000011460.1875   24.3291
    0.0000  -15.0000   45.000011848.4492   24.3456
    7.5000  -15.0000   45.000011206.2432   24.3559
   -7.5000   -7.5000   45.000012083.4512   24.3087
    0.0000   -7.5000   45.000012469.7402   24.3405
    7.5000   -7.5000   45.000011817.0137   24.3548
   -7.5000    0.0000   45.000012619.4482   24.3222
    0.0000    0.0000   45.000013040.3135   24.3717
    7.5000    0.0000   45.000012346.1553   24.3814
   -7.5000    7.5000   45.000012164.9209   24.3578
    0.0000    7.5000   45.000012560.0400   24.4096
    7.5000    7.5000   45.000011891.5664   24.4106
   -7.5000   15.0000   45.000011522.0498   24.3819
    0.0000   15.0000   45.000011872.6348   24.4195
    7.5000   15.0000   45.000011249.8047   24.4158
   -7.5000   22.5000   45.000010783.8984   24.3545
    0.0000   22.5000   45.000011085.6504   24.3743
    7.5000   22.5000   45.000010494.9795   24.3752
   -7.5000   30.0000   45.0000 9933.5430   24.0110
    0.0000   30.0000   45.000010210.0605   24.0273
    7.5000   30.0000   45.0000 9674.9854   24.0375
   -7.5000   37.5000   45.0000 9353.9268   23.9951
    0.0000   37.5000   45.0000 9621.5986   24.0265
    7.5000   37.5000   45.0000 9129.6309   24.0405
   -7.5000   45.0000   45.0000 8433.0342   23.4806
    0.0000   45.0000   45.0000 8688.7080   23.5281
    7.5000   45.0000   45.0000 8238.7383   23.5371

---------------------------------------------------------------------
imgreg_4dfp /opt/freesurfer/average/711-2C_as_mni_average_305 /opt/freesurfer/average/711-2B_as_mni_average_305_mask talsrcimg_g11 none talsrcimg_to_711-2C_as_mni_average_305_t4 4355
---------------------------------------------------------------------

freesurfer imgreg_4dfp.c
/opt/freesurfer/average/711-2C_as_mni_average_305.4dfp.img
       256       256       256         1
  1.000000  1.000000  1.000000
orientation T byte_order littleendian
Reading image: /opt/freesurfer/average/711-2C_as_mni_average_305.4dfp.img
dimensions:      256       256       256
mmppix:       1.0000   -1.0000   -1.0000
center:     128.0000 -129.0000 -129.0000
/opt/freesurfer/average/711-2B_as_mni_average_305_mask.4dfp.img
       256       256       256         1
  1.000000  1.000000  1.000000
orientation T byte_order littleendian
Reading mask: /opt/freesurfer/average/711-2B_as_mni_average_305_mask.4dfp.img (2306576 pixels)
talsrcimg_g11.4dfp.img
       256       256       256         1
  1.000000  1.000000  1.000000
orientation T byte_order littleendian
Reading image: talsrcimg_g11.4dfp.img
dimensions:      256       256       256
mmppix:       1.0000   -1.0000   -1.0000
center:     128.0000 -129.0000 -129.0000
rotation matrix determinant  1.000000
image alignment mode   4355 decimal     1103 hex
   -7.5000  -45.0000  -45.0000 2017.6962   24.6614
    0.0000  -45.0000  -45.0000 2009.5135   24.7702
    7.5000  -45.0000  -45.0000 1991.1685   25.3124
   -7.5000  -37.5000  -45.0000 2097.7268   22.7901
    0.0000  -37.5000  -45.0000 2085.4524   22.8872
    7.5000  -37.5000  -45.0000 2062.7207   23.2975
   -7.5000  -30.0000  -45.0000 2156.5398   21.4271
    0.0000  -30.0000  -45.0000 2145.5056   21.5009
    7.5000  -30.0000  -45.0000 2121.3979   21.9160
   -7.5000  -22.5000  -45.0000 2201.1306   20.4047
    0.0000  -22.5000  -45.0000 2186.2639   20.4696
    7.5000  -22.5000  -45.0000 2162.1604   20.9007
   -7.5000  -15.0000  -45.0000 2228.1328   19.6796
    0.0000  -15.0000  -45.0000 2211.8958   19.7792
    7.5000  -15.0000  -45.0000 2182.9014   20.2668
   -7.5000   -7.5000  -45.0000 2237.8777   19.2542
    0.0000   -7.5000  -45.0000 2219.9312   19.4057
    7.5000   -7.5000  -45.0000 2189.6309   19.8844
   -7.5000    0.0000  -45.0000 2233.9805   19.2421
    0.0000    0.0000  -45.0000 2214.9568   19.4525
    7.5000    0.0000  -45.0000 2182.5225   19.9526
   -7.5000    7.5000  -45.0000 2210.3850   19.7278
    0.0000    7.5000  -45.0000 2187.2900   19.9000
    7.5000    7.5000  -45.0000 2156.3960   20.4519
   -7.5000   15.0000  -45.0000 2166.8745   20.5893
    0.0000   15.0000  -45.0000 2148.2603   20.7565
    7.5000   15.0000  -45.0000 2109.6685   21.3533
   -7.5000   22.5000  -45.0000 2108.6934   21.7736
    0.0000   22.5000  -45.0000 2087.3835   21.9256
    7.5000   22.5000  -45.0000 2053.2668   22.5485
   -7.5000   30.0000  -45.0000 2027.8196   23.4041
    0.0000   30.0000  -45.0000 2007.0046   23.5944
    7.5000   30.0000  -45.0000 1974.5038   24.2537
   -7.5000   37.5000  -45.0000 1929.3010   25.7342
    0.0000   37.5000  -45.0000 1916.3008   25.9667
    7.5000   37.5000  -45.0000 1884.0880   26.6606
   -7.5000   45.0000  -45.0000 1818.9241   29.0912
    0.0000   45.0000  -45.0000 1811.0242   29.3619
    7.5000   45.0000  -45.0000 1779.5116   30.1090
   -7.5000  -45.0000  -37.5000 2112.8538   22.7565
    0.0000  -45.0000  -37.5000 2101.6970   22.8666
    7.5000  -45.0000  -37.5000 2078.1558   23.3452
   -7.5000  -37.5000  -37.5000 2203.5818   20.9342
    0.0000  -37.5000  -37.5000 2188.7974   21.0151
    7.5000  -37.5000  -37.5000 2163.3301   21.4115
   -7.5000  -30.0000  -37.5000 2262.7063   19.5983
    0.0000  -30.0000  -37.5000 2247.7981   19.6582
    7.5000  -30.0000  -37.5000 2222.3721   20.0823
   -7.5000  -22.5000  -37.5000 2307.6216   18.6956
    0.0000  -22.5000  -37.5000 2287.4521   18.7168
    7.5000  -22.5000  -37.5000 2256.5303   19.1250
   -7.5000  -15.0000  -37.5000 2331.6169   18.1239
    0.0000  -15.0000  -37.5000 2310.5776   18.1357
    7.5000  -15.0000  -37.5000 2279.9026   18.5455
   -7.5000   -7.5000  -37.5000 2337.9001   17.7572
    0.0000   -7.5000  -37.5000 2316.8491   17.8428
    7.5000   -7.5000  -37.5000 2291.3062   18.2751
   -7.5000    0.0000  -37.5000 2332.9121   17.7424
    0.0000    0.0000  -37.5000 2315.0061   17.8888
    7.5000    0.0000  -37.5000 2283.3708   18.3606
   -7.5000    7.5000  -37.5000 2311.2095   18.1166
    0.0000    7.5000  -37.5000 2287.4548   18.2572
    7.5000    7.5000  -37.5000 2256.6980   18.7556
   -7.5000   15.0000  -37.5000 2268.2947   18.8758
    0.0000   15.0000  -37.5000 2246.6807   19.0043
    7.5000   15.0000  -37.5000 2208.6255   19.5533
   -7.5000   22.5000  -37.5000 2205.0820   19.9186
    0.0000   22.5000  -37.5000 2187.0996   20.0694
    7.5000   22.5000  -37.5000 2150.7764   20.6187
   -7.5000   30.0000  -37.5000 2119.4490   21.3992
    0.0000   30.0000  -37.5000 2104.2288   21.5399
    7.5000   30.0000  -37.5000 2072.0444   22.1437
   -7.5000   37.5000  -37.5000 2016.5087   23.5171
    0.0000   37.5000  -37.5000 2003.9431   23.6444
    7.5000   37.5000  -37.5000 1969.8092   24.2930
   -7.5000   45.0000  -37.5000 1902.7596   26.5024
    0.0000   45.0000  -37.5000 1891.2710   26.6329
    7.5000   45.0000  -37.5000 1858.7927   27.3161
   -7.5000  -45.0000  -30.0000 2233.9253   21.8834
    0.0000  -45.0000  -30.0000 2220.0325   21.9153
    7.5000  -45.0000  -30.0000 2191.6389   22.4969
   -7.5000  -37.5000  -30.0000 2334.6597   20.0201
    0.0000  -37.5000  -30.0000 2323.7278   20.0790
    7.5000  -37.5000  -30.0000 2288.8630   20.5474
   -7.5000  -30.0000  -30.0000 2399.3396   18.6547
    0.0000  -30.0000  -30.0000 2385.6316   18.7197
    7.5000  -30.0000  -30.0000 2356.5154   19.1599
   -7.5000  -22.5000  -30.0000 2451.4927   17.7742
    0.0000  -22.5000  -30.0000 2431.3047   17.7861
    7.5000  -22.5000  -30.0000 2393.6414   18.2090
   -7.5000  -15.0000  -30.0000 2478.1584   17.2398
    0.0000  -15.0000  -30.0000 2455.9136   17.2659
    7.5000  -15.0000  -30.0000 2419.7930   17.6484
   -7.5000   -7.5000  -30.0000 2490.5364   16.9837
    0.0000   -7.5000  -30.0000 2468.2476   17.0203
    7.5000   -7.5000  -30.0000 2432.2805   17.4471
   -7.5000    0.0000  -30.0000 2485.2310   16.9997
    0.0000    0.0000  -30.0000 2465.6919   17.0851
    7.5000    0.0000  -30.0000 2424.9985   17.5320
   -7.5000    7.5000  -30.0000 2468.0691   17.3705
    0.0000    7.5000  -30.0000 2444.5901   17.4464
    7.5000    7.5000  -30.0000 2400.4954   17.9276
   -7.5000   15.0000  -30.0000 2421.3582   18.0606
    0.0000   15.0000  -30.0000 2396.5088   18.1580
    7.5000   15.0000  -30.0000 2352.4724   18.6398
   -7.5000   22.5000  -30.0000 2351.0933   19.0327
    0.0000   22.5000  -30.0000 2330.5667   19.1538
    7.5000   22.5000  -30.0000 2285.2429   19.6277
   -7.5000   30.0000  -30.0000 2252.5312   20.4279
    0.0000   30.0000  -30.0000 2239.9856   20.5306
    7.5000   30.0000  -30.0000 2201.3101   21.0702
   -7.5000   37.5000  -30.0000 2141.9639   22.3822
    0.0000   37.5000  -30.0000 2132.3643   22.5225
    7.5000   37.5000  -30.0000 2096.4688   23.1377
   -7.5000   45.0000  -30.0000 2010.6165   25.1600
    0.0000   45.0000  -30.0000 2003.3107   25.2524
    7.5000   45.0000  -30.0000 1972.8873   25.8990
   -7.5000  -45.0000  -22.5000 2322.3828   20.9024
    0.0000  -45.0000  -22.5000 2313.5972   20.9342
    7.5000  -45.0000  -22.5000 2280.2695   21.4408
   -7.5000  -37.5000  -22.5000 2429.4133   19.0310
    0.0000  -37.5000  -22.5000 2421.6113   19.0564
    7.5000  -37.5000  -22.5000 2386.3872   19.5859
   -7.5000  -30.0000  -22.5000 2504.4822   17.7088
    0.0000  -30.0000  -22.5000 2494.6440   17.7635
    7.5000  -30.0000  -22.5000 2458.8862   18.2487
   -7.5000  -22.5000  -22.5000 2565.1370   16.8399
    0.0000  -22.5000  -22.5000 2550.9265   16.8669
    7.5000  -22.5000  -22.5000 2510.0010   17.3288
   -7.5000  -15.0000  -22.5000 2604.2327   16.3153
    0.0000  -15.0000  -22.5000 2582.4133   16.3479
    7.5000  -15.0000  -22.5000 2537.1816   16.7912
   -7.5000   -7.5000  -22.5000 2623.6255   16.1024
    0.0000   -7.5000  -22.5000 2596.1003   16.1287
    7.5000   -7.5000  -22.5000 2555.0959   16.5686
   -7.5000    0.0000  -22.5000 2616.6111   16.2082
    0.0000    0.0000  -22.5000 2595.6653   16.2098
    7.5000    0.0000  -22.5000 2548.0188   16.6397
   -7.5000    7.5000  -22.5000 2599.5088   16.5729
    0.0000    7.5000  -22.5000 2582.7585   16.6052
    7.5000    7.5000  -22.5000 2530.2664   17.0223
   -7.5000   15.0000  -22.5000 2548.9646   17.2387
    0.0000   15.0000  -22.5000 2530.6243   17.2691
    7.5000   15.0000  -22.5000 2478.1743   17.7162
   -7.5000   22.5000  -22.5000 2471.7029   18.1613
    0.0000   22.5000  -22.5000 2456.2148   18.2131
    7.5000   22.5000  -22.5000 2404.3428   18.6547
   -7.5000   30.0000  -22.5000 2366.9951   19.4267
    0.0000   30.0000  -22.5000 2359.1304   19.4840
    7.5000   30.0000  -22.5000 2306.2485   19.9793
   -7.5000   37.5000  -22.5000 2240.7949   21.3066
    0.0000   37.5000  -22.5000 2237.9617   21.3954
    7.5000   37.5000  -22.5000 2196.1477   21.9784
   -7.5000   45.0000  -22.5000 2097.2065   23.9408
    0.0000   45.0000  -22.5000 2096.5056   24.0247
    7.5000   45.0000  -22.5000 2064.8599   24.6617
   -7.5000  -45.0000  -15.0000 2381.6150   19.9254
    0.0000  -45.0000  -15.0000 2373.5513   19.9427
    7.5000  -45.0000  -15.0000 2340.6409   20.4692
   -7.5000  -37.5000  -15.0000 2487.7063   18.0818
    0.0000  -37.5000  -15.0000 2482.9570   18.1173
    7.5000  -37.5000  -15.0000 2450.0273   18.6553
   -7.5000  -30.0000  -15.0000 2578.3601   16.8211
    0.0000  -30.0000  -15.0000 2571.5198   16.8611
    7.5000  -30.0000  -15.0000 2532.9875   17.3549
   -7.5000  -22.5000  -15.0000 2651.6804   15.9597
    0.0000  -22.5000  -15.0000 2637.5398   15.9844
    7.5000  -22.5000  -15.0000 2593.4746   16.4689
   -7.5000  -15.0000  -15.0000 2699.8018   15.4605
    0.0000  -15.0000  -15.0000 2682.8777   15.4606
    7.5000  -15.0000  -15.0000 2634.1655   15.9702
   -7.5000   -7.5000  -15.0000 2728.7361   15.2704
    0.0000   -7.5000  -15.0000 2707.9001   15.2729
    7.5000   -7.5000  -15.0000 2654.1606   15.7454
   -7.5000    0.0000  -15.0000 2720.0354   15.4235
    0.0000    0.0000  -15.0000 2705.5774   15.4239
    7.5000    0.0000  -15.0000 2651.0283   15.8433
   -7.5000    7.5000  -15.0000 2707.4780   15.8475
    0.0000    7.5000  -15.0000 2695.4424   15.8228
    7.5000    7.5000  -15.0000 2632.0781   16.2239
   -7.5000   15.0000  -15.0000 2652.0386   16.4706
    0.0000   15.0000  -15.0000 2639.8530   16.4695
    7.5000   15.0000  -15.0000 2576.5640   16.8610
   -7.5000   22.5000  -15.0000 2567.0554   17.3330
    0.0000   22.5000  -15.0000 2555.1724   17.3757
    7.5000   22.5000  -15.0000 2496.4993   17.7965
   -7.5000   30.0000  -15.0000 2453.0757   18.5187
    0.0000   30.0000  -15.0000 2442.1306   18.5708
    7.5000   30.0000  -15.0000 2390.3323   19.0654
   -7.5000   37.5000  -15.0000 2317.1882   20.3230
    0.0000   37.5000  -15.0000 2311.8579   20.3967
    7.5000   37.5000  -15.0000 2270.3337   20.9609
   -7.5000   45.0000  -15.0000 2165.0225   22.8337
    0.0000   45.0000  -15.0000 2166.6392   22.9417
    7.5000   45.0000  -15.0000 2131.2380   23.5281
   -7.5000  -45.0000   -7.5000 2418.0647   19.1236
    0.0000  -45.0000   -7.5000 2411.8179   19.1170
    7.5000  -45.0000   -7.5000 2377.4758   19.6479
   -7.5000  -37.5000   -7.5000 2527.9299   17.3101
    0.0000  -37.5000   -7.5000 2526.2671   17.3054
    7.5000  -37.5000   -7.5000 2494.3245   17.8645
   -7.5000  -30.0000   -7.5000 2632.8887   16.0382
    0.0000  -30.0000   -7.5000 2626.3181   16.0305
    7.5000  -30.0000   -7.5000 2586.5415   16.5494
   -7.5000  -22.5000   -7.5000 2720.1328   15.1796
    0.0000  -22.5000   -7.5000 2705.3391   15.1764
    7.5000  -22.5000   -7.5000 2659.8657   15.6885
   -7.5000  -15.0000   -7.5000 2783.0520   14.6754
    0.0000  -15.0000   -7.5000 2762.2888   14.6893
    7.5000  -15.0000   -7.5000 2712.3337   15.1833
   -7.5000   -7.5000   -7.5000 2817.7122   14.4829
    0.0000   -7.5000   -7.5000 2795.2764   14.5097
    7.5000   -7.5000   -7.5000 2737.3823   14.9960
   -7.5000    0.0000   -7.5000 2816.4834   14.6641
    0.0000    0.0000   -7.5000 2801.5342   14.6845
    7.5000    0.0000   -7.5000 2739.3909   15.1227
   -7.5000    7.5000   -7.5000 2798.5601   15.1206
    0.0000    7.5000   -7.5000 2790.0237   15.0921
    7.5000    7.5000   -7.5000 2719.2317   15.4997
   -7.5000   15.0000   -7.5000 2730.0889   15.7338
    0.0000   15.0000   -7.5000 2722.8164   15.7506
    7.5000   15.0000   -7.5000 2659.9780   16.1097
   -7.5000   22.5000   -7.5000 2632.4609   16.5459
    0.0000   22.5000   -7.5000 2623.9834   16.6141
    7.5000   22.5000   -7.5000 2571.3875   17.0060
   -7.5000   30.0000   -7.5000 2512.8635   17.6980
    0.0000   30.0000   -7.5000 2503.8125   17.7554
    7.5000   30.0000   -7.5000 2455.2239   18.2354
   -7.5000   37.5000   -7.5000 2375.6572   19.4203
    0.0000   37.5000   -7.5000 2367.0994   19.5117
    7.5000   37.5000   -7.5000 2327.6892   20.0422
   -7.5000   45.0000   -7.5000 2221.5405   21.8057
    0.0000   45.0000   -7.5000 2215.7791   21.9249
    7.5000   45.0000   -7.5000 2177.2263   22.4619
   -7.5000  -45.0000    0.0000 2434.8713   18.6127
    0.0000  -45.0000    0.0000 2428.1680   18.6378
    7.5000  -45.0000    0.0000 2396.5591   19.2197
   -7.5000  -37.5000    0.0000 2552.0183   16.8057
    0.0000  -37.5000    0.0000 2545.9746   16.8230
    7.5000  -37.5000    0.0000 2514.6147   17.3839
   -7.5000  -30.0000    0.0000 2667.2529   15.4865
    0.0000  -30.0000    0.0000 2658.8682   15.5140
    7.5000  -30.0000    0.0000 2617.3240   16.0363
   -7.5000  -22.5000    0.0000 2768.3491   14.6123
    0.0000  -22.5000    0.0000 2750.7078   14.6246
    7.5000  -22.5000    0.0000 2698.9709   15.1512
   -7.5000  -15.0000    0.0000 2840.8030   14.1314
    0.0000  -15.0000    0.0000 2821.1553   14.1308
    7.5000  -15.0000    0.0000 2762.4866   14.6395
   -7.5000   -7.5000    0.0000 2890.6206   13.9218
    0.0000   -7.5000    0.0000 2864.5454   13.9596
    7.5000   -7.5000    0.0000 2801.0530   14.4465
   -7.5000    0.0000    0.0000 2898.4436   14.0609
    0.0000    0.0000    0.0000 2877.7856   14.1132
    7.5000    0.0000    0.0000 2807.8650   14.5963
   -7.5000    7.5000    0.0000 2863.8904   14.4933
    0.0000    7.5000    0.0000 2856.6423   14.5065
    7.5000    7.5000    0.0000 2781.3198   14.9833
   -7.5000   15.0000    0.0000 2781.6367   15.1193
    0.0000   15.0000    0.0000 2780.2349   15.0990
    7.5000   15.0000    0.0000 2710.6685   15.5970
   -7.5000   22.5000    0.0000 2676.2827   15.9876
    0.0000   22.5000    0.0000 2668.6929   16.0462
    7.5000   22.5000    0.0000 2612.7656   16.4888
   -7.5000   30.0000    0.0000 2549.4253   17.1278
    0.0000   30.0000    0.0000 2539.5991   17.2001
    7.5000   30.0000    0.0000 2492.2720   17.6801
   -7.5000   37.5000    0.0000 2408.2524   18.7625
    0.0000   37.5000    0.0000 2399.1392   18.8498
    7.5000   37.5000    0.0000 2358.2954   19.3764
   -7.5000   45.0000    0.0000 2250.4841   20.9852
    0.0000   45.0000    0.0000 2244.5813   21.1058
    7.5000   45.0000    0.0000 2207.8494   21.6824
   -7.5000  -45.0000    7.5000 2429.5054   18.4201
    0.0000  -45.0000    7.5000 2431.9719   18.5218
    7.5000  -45.0000    7.5000 2403.3066   19.0835
   -7.5000  -37.5000    7.5000 2552.6331   16.5955
    0.0000  -37.5000    7.5000 2546.9446   16.6805
    7.5000  -37.5000    7.5000 2519.5840   17.2024
   -7.5000  -30.0000    7.5000 2675.7542   15.2717
    0.0000  -30.0000    7.5000 2667.4795   15.3178
    7.5000  -30.0000    7.5000 2624.6265   15.8210
   -7.5000  -22.5000    7.5000 2785.1792   14.3334
    0.0000  -22.5000    7.5000 2770.3379   14.3722
    7.5000  -22.5000    7.5000 2719.7783   14.8842
   -7.5000  -15.0000    7.5000 2875.1467   13.8308
    0.0000  -15.0000    7.5000 2856.2261   13.8619
    7.5000  -15.0000    7.5000 2797.1123   14.3451
   -7.5000   -7.5000    7.5000 2936.4868   13.6451
    0.0000   -7.5000    7.5000 2915.1121   13.6906
    7.5000   -7.5000    7.5000 2846.1072   14.1684
   -7.5000    0.0000    7.5000 2948.1038   13.6910
    0.0000    0.0000    7.5000 2930.0566   13.8186
    7.5000    0.0000    7.5000 2854.1619   14.3088
   -7.5000    7.5000    7.5000 2894.5615   14.0874
    0.0000    7.5000    7.5000 2888.2969   14.1885
    7.5000    7.5000    7.5000 2816.2034   14.7212
   -7.5000   15.0000    7.5000 2801.8948   14.7231
    0.0000   15.0000    7.5000 2796.2014   14.8519
    7.5000   15.0000    7.5000 2735.6807   15.3302
   -7.5000   22.5000    7.5000 2694.0415   15.6197
    0.0000   22.5000    7.5000 2686.0574   15.7656
    7.5000   22.5000    7.5000 2632.3550   16.2176
   -7.5000   30.0000    7.5000 2560.9629   16.8234
    0.0000   30.0000    7.5000 2551.5950   16.9700
    7.5000   30.0000    7.5000 2508.1018   17.4239
   -7.5000   37.5000    7.5000 2419.1519   18.4204
    0.0000   37.5000    7.5000 2407.8611   18.5755
    7.5000   37.5000    7.5000 2374.1118   19.1037
   -7.5000   45.0000    7.5000 2259.9368   20.5694
    0.0000   45.0000    7.5000 2253.0881   20.7344
    7.5000   45.0000    7.5000 2220.8076   21.3459
   -7.5000  -45.0000   15.0000 2411.4727   18.5989
    0.0000  -45.0000   15.0000 2419.6514   18.6468
    7.5000  -45.0000   15.0000 2396.0815   19.2321
   -7.5000  -37.5000   15.0000 2533.5295   16.7469
    0.0000  -37.5000   15.0000 2535.0757   16.8133
    7.5000  -37.5000   15.0000 2505.1543   17.3486
   -7.5000  -30.0000   15.0000 2649.0457   15.3601
    0.0000  -30.0000   15.0000 2647.9849   15.3864
    7.5000  -30.0000   15.0000 2606.1973   15.9051
   -7.5000  -22.5000   15.0000 2766.8994   14.3839
    0.0000  -22.5000   15.0000 2763.6443   14.4023
    7.5000  -22.5000   15.0000 2709.8713   14.8924
   -7.5000  -15.0000   15.0000 2864.2119   13.8371
    0.0000  -15.0000   15.0000 2858.4646   13.8543
    7.5000  -15.0000   15.0000 2797.9468   14.3418
   -7.5000   -7.5000   15.0000 2928.2195   13.6062
    0.0000   -7.5000   15.0000 2924.8813   13.6692
    7.5000   -7.5000   15.0000 2853.0237   14.1445
   -7.5000    0.0000   15.0000 2939.7307   13.7424
    0.0000    0.0000   15.0000 2931.3967   13.8073
    7.5000    0.0000   15.0000 2859.0564   14.3171
   -7.5000    7.5000   15.0000 2885.4558   14.1237
    0.0000    7.5000   15.0000 2880.0300   14.2074
    7.5000    7.5000   15.0000 2817.3879   14.6976
   -7.5000   15.0000   15.0000 2797.1316   14.7210
    0.0000   15.0000   15.0000 2788.3738   14.8183
    7.5000   15.0000   15.0000 2737.3333   15.3018
   -7.5000   22.5000   15.0000 2681.7163   15.6197
    0.0000   22.5000   15.0000 2674.0413   15.7043
    7.5000   22.5000   15.0000 2626.0864   16.2045
   -7.5000   30.0000   15.0000 2539.7930   16.8647
    0.0000   30.0000   15.0000 2532.8577   16.9397
    7.5000   30.0000   15.0000 2497.0125   17.4444
   -7.5000   37.5000   15.0000 2401.8794   18.4318
    0.0000   37.5000   15.0000 2395.4812   18.5536
    7.5000   37.5000   15.0000 2363.8418   19.1059
   -7.5000   45.0000   15.0000 2244.4211   20.5505
    0.0000   45.0000   15.0000 2239.1008   20.6586
    7.5000   45.0000   15.0000 2213.1104   21.2849
   -7.5000  -45.0000   22.5000 2388.1245   19.0256
    0.0000  -45.0000   22.5000 2398.7788   19.0925
    7.5000  -45.0000   22.5000 2372.7861   19.6561
   -7.5000  -37.5000   22.5000 2505.0520   17.1430
    0.0000  -37.5000   22.5000 2512.0330   17.1903
    7.5000  -37.5000   22.5000 2480.8005   17.7106
   -7.5000  -30.0000   22.5000 2616.0012   15.7036
    0.0000  -30.0000   22.5000 2620.6138   15.7204
    7.5000  -30.0000   22.5000 2580.6023   16.2323
   -7.5000  -22.5000   22.5000 2731.4346   14.6894
    0.0000  -22.5000   22.5000 2737.7261   14.7097
    7.5000  -22.5000   22.5000 2687.9355   15.1847
   -7.5000  -15.0000   22.5000 2822.1548   14.1520
    0.0000  -15.0000   22.5000 2826.3513   14.1522
    7.5000  -15.0000   22.5000 2769.4585   14.6129
   -7.5000   -7.5000   22.5000 2885.3513   13.9359
    0.0000   -7.5000   22.5000 2889.5239   13.9120
    7.5000   -7.5000   22.5000 2827.6221   14.3859
   -7.5000    0.0000   22.5000 2891.1584   14.0897
    0.0000    0.0000   22.5000 2889.4910   14.0805
    7.5000    0.0000   22.5000 2825.7712   14.5485
   -7.5000    7.5000   22.5000 2839.3018   14.5026
    0.0000    7.5000   22.5000 2837.0164   14.5097
    7.5000    7.5000   22.5000 2777.8154   14.9687
   -7.5000   15.0000   22.5000 2747.1892   15.1249
    0.0000   15.0000   22.5000 2744.7200   15.1331
    7.5000   15.0000   22.5000 2697.4355   15.6027
   -7.5000   22.5000   22.5000 2637.4294   15.9611
    0.0000   22.5000   22.5000 2635.8071   15.9742
    7.5000   22.5000   22.5000 2594.9102   16.4592
   -7.5000   30.0000   22.5000 2504.9124   17.1174
    0.0000   30.0000   22.5000 2501.3318   17.1508
    7.5000   30.0000   22.5000 2471.4438   17.6710
   -7.5000   37.5000   22.5000 2370.7681   18.6997
    0.0000   37.5000   22.5000 2369.9431   18.7653
    7.5000   37.5000   22.5000 2343.7307   19.2958
   -7.5000   45.0000   22.5000 2217.3149   20.7577
    0.0000   45.0000   22.5000 2217.3889   20.8308
    7.5000   45.0000   22.5000 2194.1531   21.3973
   -7.5000  -45.0000   30.0000 2344.5249   19.7980
    0.0000  -45.0000   30.0000 2359.6377   19.8375
    7.5000  -45.0000   30.0000 2336.2878   20.4084
   -7.5000  -37.5000   30.0000 2458.0439   17.8339
    0.0000  -37.5000   30.0000 2469.0637   17.8693
    7.5000  -37.5000   30.0000 2441.5679   18.4047
   -7.5000  -30.0000   30.0000 2571.0137   16.3724
    0.0000  -30.0000   30.0000 2576.8015   16.4129
    7.5000  -30.0000   30.0000 2545.2905   16.8833
   -7.5000  -22.5000   30.0000 2673.5933   15.3673
    0.0000  -22.5000   30.0000 2675.5654   15.3869
    7.5000  -22.5000   30.0000 2638.1223   15.8202
   -7.5000  -15.0000   30.0000 2754.2231   14.7479
    0.0000  -15.0000   30.0000 2757.6494   14.7544
    7.5000  -15.0000   30.0000 2708.4502   15.1725
   -7.5000   -7.5000   30.0000 2810.3320   14.4647
    0.0000   -7.5000   30.0000 2817.2966   14.4540
    7.5000   -7.5000   30.0000 2759.8784   14.8866
   -7.5000    0.0000   30.0000 2811.8569   14.6026
    0.0000    0.0000   30.0000 2814.4138   14.6118
    7.5000    0.0000   30.0000 2763.9502   15.0235
   -7.5000    7.5000   30.0000 2760.3093   15.0588
    0.0000    7.5000   30.0000 2764.9114   15.0728
    7.5000    7.5000   30.0000 2717.4382   15.4527
   -7.5000   15.0000   30.0000 2677.6292   15.7221
    0.0000   15.0000   30.0000 2675.9241   15.7311
    7.5000   15.0000   30.0000 2634.1824   16.1457
   -7.5000   22.5000   30.0000 2571.4399   16.5660
    0.0000   22.5000   30.0000 2569.0300   16.5791
    7.5000   22.5000   30.0000 2534.5437   17.0055
   -7.5000   30.0000   30.0000 2447.9951   17.7419
    0.0000   30.0000   30.0000 2445.2000   17.7737
    7.5000   30.0000   30.0000 2415.5889   18.2225
   -7.5000   37.5000   30.0000 2323.4763   19.2835
    0.0000   37.5000   30.0000 2320.8162   19.3255
    7.5000   37.5000   30.0000 2295.6287   19.8465
   -7.5000   45.0000   30.0000 2174.6724   21.2857
    0.0000   45.0000   30.0000 2174.6567   21.3791
    7.5000   45.0000   30.0000 2148.7212   21.9171
   -7.5000  -45.0000   37.5000 2292.1843   20.9219
    0.0000  -45.0000   37.5000 2308.5662   20.9370
    7.5000  -45.0000   37.5000 2287.3286   21.4995
   -7.5000  -37.5000   37.5000 2401.8176   18.8858
    0.0000  -37.5000   37.5000 2416.8416   18.9149
    7.5000  -37.5000   37.5000 2388.8958   19.4264
   -7.5000  -30.0000   37.5000 2504.6270   17.3935
    0.0000  -30.0000   37.5000 2515.0132   17.4141
    7.5000  -30.0000   37.5000 2487.0583   17.8755
   -7.5000  -22.5000   37.5000 2598.9819   16.3095
    0.0000  -22.5000   37.5000 2608.4224   16.3084
    7.5000  -22.5000   37.5000 2573.0127   16.7726
   -7.5000  -15.0000   37.5000 2674.9946   15.6005
    0.0000  -15.0000   37.5000 2684.6162   15.6177
    7.5000  -15.0000   37.5000 2640.8552   16.0544
   -7.5000   -7.5000   37.5000 2718.4941   15.3079
    0.0000   -7.5000   37.5000 2728.3044   15.3027
    7.5000   -7.5000   37.5000 2682.9097   15.7134
   -7.5000    0.0000   37.5000 2716.5820   15.4212
    0.0000    0.0000   37.5000 2721.3896   15.4284
    7.5000    0.0000   37.5000 2680.9045   15.7845
   -7.5000    7.5000   37.5000 2666.7788   15.8747
    0.0000    7.5000   37.5000 2672.0093   15.8793
    7.5000    7.5000   37.5000 2632.7280   16.2355
   -7.5000   15.0000   37.5000 2589.6860   16.5366
    0.0000   15.0000   37.5000 2590.9778   16.5563
    7.5000   15.0000   37.5000 2557.3789   16.9473
   -7.5000   22.5000   37.5000 2493.9155   17.4313
    0.0000   22.5000   37.5000 2493.7666   17.4412
    7.5000   22.5000   37.5000 2463.2773   17.8546
   -7.5000   30.0000   37.5000 2381.7346   18.5895
    0.0000   30.0000   37.5000 2382.3757   18.6164
    7.5000   30.0000   37.5000 2356.6355   19.0579
   -7.5000   37.5000   37.5000 2263.8274   20.1155
    0.0000   37.5000   37.5000 2259.7861   20.1698
    7.5000   37.5000   37.5000 2240.7183   20.6584
   -7.5000   45.0000   37.5000 2120.4211   22.1474
    0.0000   45.0000   37.5000 2120.4155   22.2368
    7.5000   45.0000   37.5000 2101.5002   22.7814
   -7.5000  -45.0000   45.0000 2229.4807   22.4603
    0.0000  -45.0000   45.0000 2237.9729   22.4293
    7.5000  -45.0000   45.0000 2229.2368   22.9698
   -7.5000  -37.5000   45.0000 2330.9741   20.3133
    0.0000  -37.5000   45.0000 2342.8438   20.2911
    7.5000  -37.5000   45.0000 2326.6396   20.7807
   -7.5000  -30.0000   45.0000 2432.5239   18.6966
    0.0000  -30.0000   45.0000 2444.2007   18.6909
    7.5000  -30.0000   45.0000 2422.0305   19.1445
   -7.5000  -22.5000   45.0000 2518.2761   17.5502
    0.0000  -22.5000   45.0000 2527.9580   17.5438
    7.5000  -22.5000   45.0000 2500.8562   17.9677
   -7.5000  -15.0000   45.0000 2581.7920   16.7943
    0.0000  -15.0000   45.0000 2596.1995   16.7821
    7.5000  -15.0000   45.0000 2561.5034   17.1807
   -7.5000   -7.5000   45.0000 2614.2764   16.4211
    0.0000   -7.5000   45.0000 2621.5103   16.4212
    7.5000   -7.5000   45.0000 2590.5068   16.8034
   -7.5000    0.0000   45.0000 2605.1912   16.4990
    0.0000    0.0000   45.0000 2614.2124   16.5029
    7.5000    0.0000   45.0000 2582.6350   16.8422
   -7.5000    7.5000   45.0000 2563.3469   16.9403
    0.0000    7.5000   45.0000 2565.6230   16.9410
    7.5000    7.5000   45.0000 2535.0557   17.2881
   -7.5000   15.0000   45.0000 2491.5547   17.6038
    0.0000   15.0000   45.0000 2488.7629   17.6177
    7.5000   15.0000   45.0000 2462.8513   17.9769
   -7.5000   22.5000   45.0000 2409.7527   18.5180
    0.0000   22.5000   45.0000 2406.5288   18.5097
    7.5000   22.5000   45.0000 2379.5869   18.9215
   -7.5000   30.0000   45.0000 2308.5786   19.6827
    0.0000   30.0000   45.0000 2305.8896   19.6908
    7.5000   30.0000   45.0000 2282.9468   20.1485
   -7.5000   37.5000   45.0000 2192.1553   21.1993
    0.0000   37.5000   45.0000 2192.2617   21.2618
    7.5000   37.5000   45.0000 2172.6069   21.7043
   -7.5000   45.0000   45.0000 2057.9712   23.2493
    0.0000   45.0000   45.0000 2061.6519   23.3423
    7.5000   45.0000   45.0000 2041.6349   23.8545

---------------------------------------------------------------------
imgreg_4dfp /opt/freesurfer/average/711-2C_as_mni_average_305 /opt/freesurfer/average/711-2B_as_mni_average_305_mask talsrcimg_g11 none talsrcimg_to_711-2C_as_mni_average_305_t4 1283
---------------------------------------------------------------------

freesurfer imgreg_4dfp.c
/opt/freesurfer/average/711-2C_as_mni_average_305.4dfp.img
       256       256       256         1
  1.000000  1.000000  1.000000
orientation T byte_order littleendian
Reading image: /opt/freesurfer/average/711-2C_as_mni_average_305.4dfp.img
dimensions:      256       256       256
mmppix:       1.0000   -1.0000   -1.0000
center:     128.0000 -129.0000 -129.0000
/opt/freesurfer/average/711-2B_as_mni_average_305_mask.4dfp.img
       256       256       256         1
  1.000000  1.000000  1.000000
orientation T byte_order littleendian
Reading mask: /opt/freesurfer/average/711-2B_as_mni_average_305_mask.4dfp.img (2306576 pixels)
talsrcimg_g11.4dfp.img
       256       256       256         1
  1.000000  1.000000  1.000000
orientation T byte_order littleendian
Reading image: talsrcimg_g11.4dfp.img
dimensions:      256       256       256
mmppix:       1.0000   -1.0000   -1.0000
center:     128.0000 -129.0000 -129.0000
rotation matrix determinant  1.000000
fimgreg.f
image alignment mode   1283 decimal      503 hex
parameters
   -7.5000    0.0000    7.5000    0.0000    0.0000    0.0000
eta,q 0.92576 13.68915
niter,ni,del,rscale     5    3   12.0000    1.2000
parameter  3 -0.863570 -> -0.500000 qaram    1.1500
parameter  4  0.767478 ->  0.500000 qaram    1.1500
parameter  5  0.651347 ->  0.500000 qaram    1.1500
parameters
   -4.9425   -1.3115   10.9500   -3.4500   -3.4500    2.4992
eta,q 0.93311 13.46000
  0.0929  0.0751  0.0818  0.0692  0.0687  0.0714
  0.0872  0.0743  0.0776  0.0697  0.0677  0.0695
  0.0805  0.0736  0.0750  0.0701  0.0675  0.0681
  0.0752  0.0728  0.0731  0.0707  0.0698  0.0675
  0.0727  0.0727  0.0713  0.0718  0.0736  0.0670
  0.0736  0.0760  0.0701  0.0739  0.0780  0.0670
  0.0779  0.0831  0.0705  0.0766  0.0822  0.0678
niter,ni,del,rscale     7    3   12.0000    1.2000
parameter  4  0.812800 ->  0.500000 qaram    1.3225
parameters
   -3.4846   -0.1603    9.8590   -7.4175   -6.5345    5.0826
eta,q 0.93829 13.41180
  0.0876  0.0749  0.0697  0.0653  0.0636  0.0663
  0.0770  0.0706  0.0665  0.0628  0.0617  0.0647
  0.0703  0.0679  0.0660  0.0632  0.0618  0.0632
  0.0669  0.0659  0.0652  0.0656  0.0627  0.0616
  0.0661  0.0650  0.0662  0.0687  0.0653  0.0616
  0.0693  0.0666  0.0694  0.0702  0.0705  0.0617
  0.0734  0.0704  0.0744  0.0710  0.0754  0.0624
niter,ni,del,rscale     7    3   12.0000    1.2000
parameters
   -2.1297    1.6467    9.2790  -11.1237   -7.8436    3.5636
eta,q 0.94047 13.37629
  0.0792  0.0717  0.0656  0.0598  0.0641  0.0612
  0.0719  0.0671  0.0615  0.0603  0.0616  0.0596
  0.0655  0.0636  0.0599  0.0592  0.0602  0.0595
  0.0617  0.0608  0.0594  0.0593  0.0596  0.0598
  0.0607  0.0593  0.0605  0.0620  0.0612  0.0605
  0.0630  0.0602  0.0628  0.0662  0.0653  0.0618
  0.0692  0.0642  0.0685  0.0700  0.0700  0.0638
niter,ni,del,rscale     6    3   12.0000    1.2000
parameter  4  0.834894 ->  0.500000 qaram    1.5209
parameters
   -2.1164    4.1479    7.6886  -15.6863   -8.2455    2.8996
eta,q 0.94892 13.32697
  0.0726  0.0680  0.0606  0.0532  0.0593  0.0574
  0.0661  0.0640  0.0567  0.0508  0.0551  0.0544
  0.0612  0.0618  0.0557  0.0532  0.0519  0.0516
  0.0595  0.0595  0.0567  0.0558  0.0513  0.0512
  0.0609  0.0569  0.0586  0.0589  0.0531  0.0533
  0.0655  0.0573  0.0614  0.0622  0.0559  0.0567
  0.0729  0.0606  0.0672  0.0670  0.0616  0.0605
niter,ni,del,rscale     6    3   12.0000    1.2000
parameters
   -2.2165    4.9094    7.1528  -16.0110   -8.1637    2.6717
eta,q 0.94961 13.35166
  0.0667  0.0673  0.0616  0.0611  0.0593  0.0580
  0.0596  0.0630  0.0553  0.0574  0.0554  0.0547
  0.0535  0.0565  0.0526  0.0515  0.0517  0.0515
  0.0511  0.0511  0.0503  0.0506  0.0504  0.0504
  0.0538  0.0509  0.0530  0.0534  0.0515  0.0521
  0.0600  0.0560  0.0591  0.0583  0.0541  0.0555
  0.0680  0.0632  0.0649  0.0622  0.0595  0.0592
niter,ni,del,rscale     5    3   12.0000    1.2000
parameters
   -2.2690    5.1746    7.1288  -16.2593   -8.1144    2.6060
eta,q 0.94981 13.36107
  0.0670  0.0665  0.0636  0.0610  0.0593  0.0584
  0.0597  0.0611  0.0565  0.0577  0.0553  0.0549
  0.0531  0.0541  0.0531  0.0520  0.0516  0.0517
  0.0504  0.0504  0.0503  0.0503  0.0502  0.0502
  0.0533  0.0523  0.0517  0.0530  0.0514  0.0518
  0.0598  0.0581  0.0579  0.0581  0.0542  0.0551
  0.0678  0.0650  0.0634  0.0622  0.0598  0.0588
niter,ni,del,rscale     4    3   12.0000    1.2000
parameters
   -2.2935    5.2588    7.1006  -16.3760   -8.0884    2.5804
eta,q 0.94982 13.36465
  0.0674  0.0660  0.0636  0.0611  0.0593  0.0585
  0.0600  0.0602  0.0567  0.0580  0.0553  0.0550
  0.0533  0.0531  0.0531  0.0525  0.0515  0.0518
  0.0502  0.0502  0.0502  0.0502  0.0502  0.0502
  0.0531  0.0530  0.0517  0.0526  0.0514  0.0518
  0.0598  0.0590  0.0580  0.0578  0.0542  0.0550
  0.0680  0.0656  0.0635  0.0620  0.0599  0.0587
niter,ni,del,rscale     3    3   12.0000    1.2000
parameters
   -2.3056    5.2925    7.0848  -16.4295   -8.0742    2.5698
eta,q 0.94981 13.36634
  0.0675  0.0659  0.0638  0.0611  0.0593  0.0586
  0.0601  0.0599  0.0568  0.0582  0.0553  0.0551
  0.0534  0.0528  0.0532  0.0527  0.0515  0.0519
  0.0502  0.0502  0.0502  0.0502  0.0502  0.0502
  0.0531  0.0532  0.0517  0.0525  0.0514  0.0518
  0.0598  0.0592  0.0581  0.0577  0.0542  0.0550
  0.0680  0.0656  0.0636  0.0619  0.0599  0.0587
registration optimization eta report
parameter search radius
    6.0000    6.0000    6.9000    9.1253    6.9000    6.0000
100000*second partial in parameter space
       47.       41.       27.       13.       20.       22.
  0.0675  0.0659  0.0638  0.0611  0.0593  0.0586
  0.0601  0.0599  0.0568  0.0582  0.0553  0.0551
  0.0534  0.0528  0.0532  0.0527  0.0515  0.0519
  0.0502  0.0502  0.0502  0.0502  0.0502  0.0502
  0.0531  0.0532  0.0517  0.0525  0.0514  0.0518
  0.0598  0.0592  0.0581  0.0577  0.0542  0.0550
  0.0680  0.0656  0.0636  0.0619  0.0599  0.0587
   -2.3056    5.2925    7.0848  -16.4295   -8.0742    2.5698
eta,q 0.94981 13.36634

---------------------------------------------------------------------
imgreg_4dfp /opt/freesurfer/average/711-2C_as_mni_average_305 /opt/freesurfer/average/711-2B_as_mni_average_305_mask talsrcimg_g11 none talsrcimg_to_711-2C_as_mni_average_305_t4 3335
---------------------------------------------------------------------

freesurfer imgreg_4dfp.c
/opt/freesurfer/average/711-2C_as_mni_average_305.4dfp.img
       256       256       256         1
  1.000000  1.000000  1.000000
orientation T byte_order littleendian
Reading image: /opt/freesurfer/average/711-2C_as_mni_average_305.4dfp.img
dimensions:      256       256       256
mmppix:       1.0000   -1.0000   -1.0000
center:     128.0000 -129.0000 -129.0000
/opt/freesurfer/average/711-2B_as_mni_average_305_mask.4dfp.img
       256       256       256         1
  1.000000  1.000000  1.000000
orientation T byte_order littleendian
Reading mask: /opt/freesurfer/average/711-2B_as_mni_average_305_mask.4dfp.img (2306576 pixels)
talsrcimg_g11.4dfp.img
       256       256       256         1
  1.000000  1.000000  1.000000
orientation T byte_order littleendian
Reading image: talsrcimg_g11.4dfp.img
dimensions:      256       256       256
mmppix:       1.0000   -1.0000   -1.0000
center:     128.0000 -129.0000 -129.0000
fimgreg.f
image alignment mode   3335 decimal      D07 hex
parameters
   -2.3056    5.2925    7.0848   -1.0909   -4.3577   -5.0340
   -8.2691   12.1904    4.4391   28.8591  -14.0455  -28.0031
eta,q 0.94683 13.54654
niter,ni,del,rscale     5    3    5.0000    1.2000
parameter  4  1.600229 ->  0.500000 qaram    1.1500
parameter  5  2.199500 ->  0.500000 qaram    1.1500
parameter  6  2.061182 ->  0.500000 qaram    1.1500
parameter 10  1.066290 ->  0.500000 qaram    1.1500
parameter 12 -0.632231 -> -0.500000 qaram    1.1500
parameters
   -2.5246    5.2432    6.7511   -5.2309   -8.4977   -9.1740
   -8.0329   11.7572    4.3613   24.7191  -11.1408  -23.8631
eta,q 0.96709 12.52030
  0.0555  0.0548  0.0542  0.0464  0.0411  0.0333  0.0393  0.0408  0.0381  0.0335  0.0372  0.0374
  0.0541  0.0539  0.0535  0.0477  0.0428  0.0357  0.0378  0.0384  0.0372  0.0337  0.0357  0.0357
  0.0533  0.0533  0.0531  0.0498  0.0452  0.0390  0.0369  0.0368  0.0366  0.0347  0.0346  0.0345
  0.0532  0.0531  0.0531  0.0531  0.0482  0.0434  0.0365  0.0365  0.0365  0.0365  0.0339  0.0336
  0.0537  0.0533  0.0535  0.0570  0.0515  0.0485  0.0368  0.0374  0.0367  0.0388  0.0336  0.0330
  0.0548  0.0540  0.0540  0.0612  0.0552  0.0540  0.0376  0.0392  0.0372  0.0416  0.0337  0.0329
  0.0565  0.0550  0.0548  0.0659  0.0593  0.0600  0.0389  0.0419  0.0382  0.0448  0.0342  0.0331
niter,ni,del,rscale     7    3    5.0000    1.2000
parameter  4  0.503820 ->  0.500000 qaram    1.3225
parameter  5  0.970216 ->  0.500000 qaram    1.3225
parameter  6  0.676662 ->  0.500000 qaram    1.3225
parameters
   -2.3706    6.0724    6.0887   -9.9919  -13.2587  -13.9350
   -7.8062   11.4462    5.0917   22.9069  -13.4789  -23.5918
eta,q 0.97408 11.80276
  0.0370  0.0371  0.0336  0.0324  0.0284  0.0266  0.0289  0.0301  0.0285  0.0280  0.0265  0.0280
  0.0349  0.0351  0.0328  0.0316  0.0286  0.0262  0.0275  0.0279  0.0273  0.0268  0.0260  0.0269
  0.0335  0.0337  0.0324  0.0315  0.0297  0.0266  0.0265  0.0266  0.0266  0.0262  0.0259  0.0262
  0.0329  0.0329  0.0326  0.0324  0.0315  0.0288  0.0262  0.0262  0.0262  0.0262  0.0261  0.0259
  0.0331  0.0326  0.0333  0.0348  0.0340  0.0328  0.0265  0.0267  0.0263  0.0270  0.0265  0.0262
  0.0342  0.0328  0.0344  0.0387  0.0373  0.0381  0.0273  0.0283  0.0268  0.0286  0.0271  0.0268
  0.0361  0.0337  0.0360  0.0433  0.0413  0.0443  0.0286  0.0309  0.0277  0.0311  0.0279  0.0277
niter,ni,del,rscale     7    3    5.0000    1.2000
parameters
   -2.3147    6.0151    5.5362   -8.9796  -16.6263  -16.8945
   -8.3384   11.5686    5.4844   22.6355  -13.5406  -24.7058
eta,q 0.97488 11.50026
  0.0293  0.0283  0.0270  0.0309  0.0268  0.0273  0.0274  0.0291  0.0271  0.0278  0.0263  0.0268
  0.0275  0.0270  0.0262  0.0287  0.0256  0.0258  0.0262  0.0270  0.0261  0.0262  0.0256  0.0258
  0.0264  0.0262  0.0258  0.0269  0.0252  0.0252  0.0254  0.0257  0.0255  0.0253  0.0253  0.0252
  0.0259  0.0259  0.0259  0.0258  0.0256  0.0252  0.0252  0.0252  0.0252  0.0252  0.0252  0.0252
  0.0262  0.0262  0.0265  0.0255  0.0270  0.0267  0.0257  0.0256  0.0253  0.0257  0.0254  0.0257
  0.0273  0.0271  0.0275  0.0265  0.0293  0.0307  0.0266  0.0268  0.0259  0.0266  0.0257  0.0267
  0.0290  0.0286  0.0287  0.0297  0.0325  0.0365  0.0281  0.0288  0.0267  0.0280  0.0263  0.0278
niter,ni,del,rscale     6    3    5.0000    1.2000
parameters
   -2.3975    6.2594    5.0779   -8.7848  -17.0650  -17.7819
   -8.5442   11.4272    5.6490   23.2858  -13.6006  -25.4170
eta,q 0.97499 11.46704
  0.0280  0.0279  0.0262  0.0293  0.0282  0.0286  0.0274  0.0285  0.0267  0.0282  0.0262  0.0269
  0.0264  0.0265  0.0254  0.0273  0.0266  0.0266  0.0261  0.0266  0.0259  0.0265  0.0255  0.0258
  0.0254  0.0255  0.0251  0.0259  0.0255  0.0253  0.0253  0.0254  0.0253  0.0254  0.0251  0.0252
  0.0251  0.0251  0.0251  0.0250  0.0250  0.0250  0.0250  0.0250  0.0250  0.0250  0.0250  0.0250
  0.0256  0.0253  0.0255  0.0250  0.0254  0.0252  0.0254  0.0255  0.0252  0.0253  0.0252  0.0255
  0.0267  0.0259  0.0263  0.0263  0.0268  0.0271  0.0263  0.0267  0.0257  0.0260  0.0256  0.0264
  0.0284  0.0270  0.0275  0.0297  0.0292  0.0314  0.0277  0.0288  0.0266  0.0272  0.0262  0.0275
niter,ni,del,rscale     5    3    5.0000    1.2000
parameters
   -2.4510    6.4694    4.7786   -8.7400  -17.3771  -18.1352
   -8.6860   11.3467    5.7089   23.9202  -13.6623  -25.8204
eta,q 0.97501 11.45727
  0.0280  0.0276  0.0264  0.0290  0.0281  0.0289  0.0274  0.0285  0.0265  0.0280  0.0262  0.0270
  0.0263  0.0262  0.0255  0.0272  0.0265  0.0269  0.0261  0.0266  0.0257  0.0263  0.0255  0.0259
  0.0253  0.0253  0.0251  0.0258  0.0254  0.0254  0.0253  0.0253  0.0252  0.0253  0.0251  0.0252
  0.0250  0.0250  0.0250  0.0250  0.0250  0.0250  0.0250  0.0250  0.0250  0.0250  0.0250  0.0250
  0.0254  0.0252  0.0254  0.0249  0.0252  0.0251  0.0253  0.0254  0.0251  0.0252  0.0252  0.0254
  0.0265  0.0258  0.0261  0.0264  0.0265  0.0265  0.0262  0.0266  0.0257  0.0259  0.0256  0.0262
  0.0282  0.0268  0.0272  0.0297  0.0289  0.0304  0.0276  0.0286  0.0265  0.0271  0.0262  0.0273
niter,ni,del,rscale     4    3    5.0000    1.2000
parameters
   -2.4795    6.6581    4.5845   -8.7150  -17.7187  -18.4230
   -8.7754   11.3025    5.7260   24.4172  -13.6975  -26.0174
eta,q 0.97501 11.44133
  0.0280  0.0274  0.0265  0.0289  0.0279  0.0289  0.0274  0.0284  0.0265  0.0278  0.0262  0.0271
  0.0263  0.0261  0.0256  0.0271  0.0263  0.0269  0.0261  0.0265  0.0257  0.0262  0.0255  0.0260
  0.0253  0.0253  0.0251  0.0258  0.0254  0.0254  0.0253  0.0253  0.0252  0.0253  0.0251  0.0252
  0.0250  0.0250  0.0250  0.0250  0.0250  0.0250  0.0250  0.0250  0.0250  0.0250  0.0250  0.0250
  0.0254  0.0252  0.0253  0.0249  0.0252  0.0251  0.0253  0.0254  0.0251  0.0252  0.0252  0.0253
  0.0264  0.0257  0.0260  0.0263  0.0264  0.0264  0.0261  0.0265  0.0256  0.0259  0.0255  0.0261
  0.0281  0.0267  0.0270  0.0297  0.0287  0.0303  0.0275  0.0286  0.0265  0.0271  0.0261  0.0272
niter,ni,del,rscale     3    3    5.0000    1.2000
parameters
   -2.4954    6.8254    4.4339   -8.6814  -18.0376  -18.6840
   -8.8417   11.2774    5.7090   24.8187  -13.6927  -26.1176
eta,q 0.97502 11.42375
  0.0279  0.0272  0.0266  0.0289  0.0278  0.0289  0.0273  0.0284  0.0264  0.0277  0.0262  0.0271
  0.0263  0.0260  0.0257  0.0271  0.0263  0.0269  0.0261  0.0265  0.0257  0.0262  0.0255  0.0260
  0.0253  0.0253  0.0251  0.0258  0.0253  0.0255  0.0253  0.0254  0.0252  0.0253  0.0251  0.0253
  0.0250  0.0250  0.0250  0.0250  0.0250  0.0250  0.0250  0.0250  0.0250  0.0250  0.0250  0.0250
  0.0253  0.0251  0.0253  0.0249  0.0252  0.0251  0.0253  0.0254  0.0251  0.0252  0.0251  0.0253
  0.0264  0.0257  0.0260  0.0263  0.0263  0.0264  0.0261  0.0265  0.0256  0.0259  0.0255  0.0261
  0.0280  0.0266  0.0270  0.0296  0.0285  0.0302  0.0275  0.0285  0.0265  0.0272  0.0261  0.0271
niter,ni,del,rscale     2    3    5.0000    1.2000
parameters
   -2.5028    6.9790    4.3083   -8.6581  -18.3293  -18.9116
   -8.8909   11.2741    5.6712   25.1689  -13.6777  -26.1997
eta,q 0.97503 11.40696
  0.0279  0.0271  0.0266  0.0288  0.0278  0.0289  0.0273  0.0284  0.0264  0.0277  0.0261  0.0271
  0.0263  0.0260  0.0257  0.0271  0.0262  0.0269  0.0261  0.0265  0.0256  0.0262  0.0255  0.0260
  0.0253  0.0253  0.0251  0.0257  0.0253  0.0255  0.0253  0.0253  0.0251  0.0253  0.0251  0.0252
  0.0250  0.0250  0.0250  0.0250  0.0250  0.0250  0.0250  0.0250  0.0250  0.0250  0.0250  0.0250
  0.0253  0.0251  0.0253  0.0249  0.0252  0.0251  0.0253  0.0253  0.0251  0.0252  0.0251  0.0253
  0.0263  0.0257  0.0259  0.0263  0.0263  0.0264  0.0261  0.0265  0.0256  0.0259  0.0255  0.0261
  0.0280  0.0266  0.0269  0.0296  0.0284  0.0301  0.0274  0.0284  0.0265  0.0273  0.0261  0.0271
niter,ni,del,rscale     1    3    5.0000    1.2000
parameters
   -2.5078    7.1138    4.1990   -8.6426  -18.5860  -19.1031
   -8.9356   11.2778    5.6221   25.4776  -13.6666  -26.2694
eta,q 0.97505 11.39237
  0.0279  0.0271  0.0266  0.0288  0.0278  0.0289  0.0273  0.0283  0.0264  0.0277  0.0261  0.0270
  0.0263  0.0259  0.0257  0.0270  0.0262  0.0269  0.0261  0.0265  0.0256  0.0262  0.0254  0.0259
  0.0253  0.0252  0.0251  0.0257  0.0253  0.0255  0.0253  0.0253  0.0251  0.0253  0.0250  0.0252
  0.0250  0.0250  0.0250  0.0250  0.0250  0.0250  0.0250  0.0250  0.0250  0.0250  0.0249  0.0249
  0.0253  0.0251  0.0252  0.0249  0.0252  0.0251  0.0252  0.0253  0.0251  0.0252  0.0251  0.0252
  0.0263  0.0257  0.0259  0.0263  0.0262  0.0264  0.0261  0.0264  0.0256  0.0259  0.0255  0.0260
  0.0279  0.0266  0.0269  0.0295  0.0283  0.0300  0.0274  0.0284  0.0265  0.0273  0.0260  0.0271
registration optimization eta report
parameter search radius
    2.4000    2.4000    2.4000    9.5220    9.5220    9.5220
    7.2000    7.2000    7.2000    8.2800    7.2000    8.2800
100000*second partial in parameter space
       51.       33.       31.        5.        3.        5.
        5.        7.        3.        4.        2.        3.
  0.0279  0.0271  0.0266  0.0288  0.0278  0.0289  0.0273  0.0283  0.0264  0.0277  0.0261  0.0270
  0.0263  0.0259  0.0257  0.0270  0.0262  0.0269  0.0261  0.0265  0.0256  0.0262  0.0254  0.0259
  0.0253  0.0252  0.0251  0.0257  0.0253  0.0255  0.0253  0.0253  0.0251  0.0253  0.0250  0.0252
  0.0250  0.0250  0.0250  0.0250  0.0250  0.0250  0.0250  0.0250  0.0250  0.0250  0.0249  0.0249
  0.0253  0.0251  0.0252  0.0249  0.0252  0.0251  0.0252  0.0253  0.0251  0.0252  0.0251  0.0252
  0.0263  0.0257  0.0259  0.0263  0.0262  0.0264  0.0261  0.0264  0.0256  0.0259  0.0255  0.0260
  0.0279  0.0266  0.0269  0.0295  0.0283  0.0300  0.0274  0.0284  0.0265  0.0273  0.0260  0.0271
   -2.5078    7.1138    4.1990   -8.6426  -18.5860  -19.1031
   -8.9356   11.2778    5.6221   25.4776  -13.6666  -26.2694
eta,q 0.97505 11.39237

---------------------------------------------------------------------
imgreg_4dfp /opt/freesurfer/average/711-2C_as_mni_average_305 /opt/freesurfer/average/711-2B_as_mni_average_305_mask talsrcimg_g11 none talsrcimg_to_711-2C_as_mni_average_305_t4 2311
---------------------------------------------------------------------

freesurfer imgreg_4dfp.c
/opt/freesurfer/average/711-2C_as_mni_average_305.4dfp.img
       256       256       256         1
  1.000000  1.000000  1.000000
orientation T byte_order littleendian
Reading image: /opt/freesurfer/average/711-2C_as_mni_average_305.4dfp.img
dimensions:      256       256       256
mmppix:       1.0000   -1.0000   -1.0000
center:     128.0000 -129.0000 -129.0000
/opt/freesurfer/average/711-2B_as_mni_average_305_mask.4dfp.img
       256       256       256         1
  1.000000  1.000000  1.000000
orientation T byte_order littleendian
Reading mask: /opt/freesurfer/average/711-2B_as_mni_average_305_mask.4dfp.img (2306576 pixels)
talsrcimg_g11.4dfp.img
       256       256       256         1
  1.000000  1.000000  1.000000
orientation T byte_order littleendian
Reading image: talsrcimg_g11.4dfp.img
dimensions:      256       256       256
mmppix:       1.0000   -1.0000   -1.0000
center:     128.0000 -129.0000 -129.0000
fimgreg.f
image alignment mode   2311 decimal      907 hex
parameters
   -2.5078    7.1138    4.1990   -8.6426  -18.5860  -19.1031
   -8.9356   11.2778    5.6221   25.4776  -13.6666  -26.2694
eta,q 0.97505 11.39238
niter,ni,del,rscale     5    3    5.0000    0.8000
parameters
   -2.5036    7.2441    4.1069   -7.1260  -18.4571  -18.2373
   -8.5796   11.3396    5.7450   26.4892  -13.7973  -26.3141
eta,q 0.97525 11.54748
  0.0263  0.0259  0.0257  0.0263  0.0255  0.0260  0.0261  0.0265  0.0255  0.0259  0.0253  0.0255
  0.0255  0.0254  0.0253  0.0257  0.0251  0.0254  0.0254  0.0255  0.0251  0.0254  0.0250  0.0251
  0.0251  0.0251  0.0250  0.0253  0.0249  0.0249  0.0250  0.0250  0.0249  0.0250  0.0248  0.0249
  0.0249  0.0250  0.0249  0.0249  0.0248  0.0248  0.0248  0.0248  0.0248  0.0248  0.0247  0.0247
  0.0251  0.0250  0.0251  0.0248  0.0248  0.0248  0.0249  0.0250  0.0249  0.0248  0.0248  0.0248
  0.0255  0.0252  0.0254  0.0249  0.0250  0.0249  0.0252  0.0255  0.0251  0.0249  0.0250  0.0251
  0.0262  0.0257  0.0259  0.0253  0.0254  0.0253  0.0258  0.0264  0.0254  0.0252  0.0253  0.0256
niter,ni,del,rscale     4    3    5.0000    0.7000
parameters
   -2.5696    7.2889    3.9930   -7.0447  -18.7030  -18.3155
   -8.6347   11.3800    5.6611   26.7086  -13.8088  -26.4079
eta,q 0.97527 11.54072
  0.0257  0.0255  0.0253  0.0256  0.0252  0.0254  0.0256  0.0260  0.0252  0.0254  0.0252  0.0253
  0.0252  0.0251  0.0250  0.0252  0.0249  0.0250  0.0251  0.0253  0.0250  0.0251  0.0249  0.0250
  0.0248  0.0248  0.0248  0.0249  0.0248  0.0248  0.0248  0.0249  0.0248  0.0248  0.0248  0.0248
  0.0247  0.0247  0.0247  0.0247  0.0247  0.0247  0.0247  0.0247  0.0247  0.0247  0.0247  0.0247
  0.0249  0.0248  0.0249  0.0248  0.0248  0.0248  0.0248  0.0249  0.0248  0.0248  0.0248  0.0248
  0.0253  0.0250  0.0251  0.0250  0.0250  0.0249  0.0251  0.0252  0.0250  0.0250  0.0249  0.0250
  0.0259  0.0254  0.0255  0.0257  0.0253  0.0255  0.0256  0.0260  0.0253  0.0253  0.0251  0.0254
niter,ni,del,rscale     3    3    5.0000    0.6000
parameters
   -2.5719    7.3672    3.9375   -6.8865  -18.8352  -18.2874
   -8.6087   11.4123    5.6413   26.9610  -13.8387  -26.4417
eta,q 0.97529 11.54988
  0.0255  0.0253  0.0252  0.0254  0.0250  0.0252  0.0253  0.0257  0.0251  0.0253  0.0250  0.0252
  0.0251  0.0250  0.0249  0.0251  0.0249  0.0249  0.0250  0.0251  0.0249  0.0250  0.0248  0.0249
  0.0248  0.0248  0.0248  0.0249  0.0247  0.0248  0.0248  0.0248  0.0248  0.0248  0.0247  0.0248
  0.0247  0.0247  0.0247  0.0247  0.0247  0.0247  0.0247  0.0247  0.0247  0.0247  0.0247  0.0247
  0.0248  0.0248  0.0248  0.0247  0.0248  0.0247  0.0248  0.0248  0.0248  0.0247  0.0248  0.0248
  0.0251  0.0249  0.0250  0.0249  0.0249  0.0248  0.0250  0.0251  0.0249  0.0249  0.0249  0.0249
  0.0255  0.0252  0.0252  0.0254  0.0251  0.0252  0.0253  0.0256  0.0251  0.0251  0.0250  0.0252
niter,ni,del,rscale     2    3    5.0000    0.5000
parameters
   -2.5789    7.4197    3.8938   -6.7337  -18.9203  -18.2386
   -8.5847   11.4504    5.6405   27.1389  -13.8782  -26.4475
eta,q 0.97530 11.56050
  0.0253  0.0251  0.0250  0.0252  0.0249  0.0250  0.0252  0.0254  0.0250  0.0251  0.0249  0.0250
  0.0250  0.0249  0.0248  0.0250  0.0248  0.0248  0.0249  0.0250  0.0248  0.0249  0.0248  0.0249
  0.0248  0.0248  0.0247  0.0248  0.0247  0.0247  0.0248  0.0248  0.0247  0.0248  0.0247  0.0247
  0.0247  0.0247  0.0247  0.0247  0.0247  0.0247  0.0247  0.0247  0.0247  0.0247  0.0247  0.0247
  0.0248  0.0247  0.0248  0.0247  0.0247  0.0247  0.0248  0.0248  0.0247  0.0247  0.0247  0.0247
  0.0250  0.0248  0.0249  0.0249  0.0248  0.0248  0.0249  0.0250  0.0248  0.0248  0.0248  0.0248
  0.0253  0.0250  0.0251  0.0252  0.0250  0.0250  0.0251  0.0253  0.0250  0.0250  0.0249  0.0250
niter,ni,del,rscale     1    3    5.0000    0.4000
parameters
   -2.5831    7.4513    3.8702   -6.6117  -18.9885  -18.1346
   -8.5741   11.4778    5.6498   27.2744  -13.8889  -26.4363
eta,q 0.97530 11.57173
  0.0251  0.0249  0.0249  0.0251  0.0248  0.0249  0.0250  0.0251  0.0249  0.0250  0.0248  0.0249
  0.0249  0.0248  0.0248  0.0249  0.0248  0.0248  0.0248  0.0249  0.0248  0.0248  0.0248  0.0248
  0.0247  0.0247  0.0247  0.0248  0.0247  0.0247  0.0247  0.0248  0.0247  0.0247  0.0247  0.0247
  0.0247  0.0247  0.0247  0.0247  0.0247  0.0247  0.0247  0.0247  0.0247  0.0247  0.0247  0.0247
  0.0247  0.0247  0.0247  0.0247  0.0247  0.0247  0.0247  0.0247  0.0247  0.0247  0.0247  0.0247
  0.0249  0.0248  0.0248  0.0248  0.0248  0.0247  0.0248  0.0249  0.0248  0.0248  0.0248  0.0248
  0.0251  0.0249  0.0249  0.0250  0.0249  0.0249  0.0250  0.0251  0.0249  0.0249  0.0248  0.0249
registration optimization eta report
parameter search radius
    0.8000    0.8000    0.8000    2.4000    2.4000    2.4000
    2.4000    2.4000    2.4000    2.4000    2.4000    2.4000
100000*second partial in parameter space
       56.       35.       33.        6.        3.        3.
        5.        7.        3.        4.        2.        4.
  0.0251  0.0249  0.0249  0.0251  0.0248  0.0249  0.0250  0.0251  0.0249  0.0250  0.0248  0.0249
  0.0249  0.0248  0.0248  0.0249  0.0248  0.0248  0.0248  0.0249  0.0248  0.0248  0.0248  0.0248
  0.0247  0.0247  0.0247  0.0248  0.0247  0.0247  0.0247  0.0248  0.0247  0.0247  0.0247  0.0247
  0.0247  0.0247  0.0247  0.0247  0.0247  0.0247  0.0247  0.0247  0.0247  0.0247  0.0247  0.0247
  0.0247  0.0247  0.0247  0.0247  0.0247  0.0247  0.0247  0.0247  0.0247  0.0247  0.0247  0.0247
  0.0249  0.0248  0.0248  0.0248  0.0248  0.0247  0.0248  0.0249  0.0248  0.0248  0.0248  0.0248
  0.0251  0.0249  0.0249  0.0250  0.0249  0.0249  0.0250  0.0251  0.0249  0.0249  0.0248  0.0249
   -2.5831    7.4513    3.8702   -6.6117  -18.9885  -18.1346
   -8.5741   11.4778    5.6498   27.2744  -13.8889  -26.4363
eta,q 0.97530 11.57173

---------------------------------------------------------------------
imgreg_4dfp /opt/freesurfer/average/711-2C_as_mni_average_305 /opt/freesurfer/average/711-2B_as_mni_average_305_mask talsrcimg_g11 none talsrcimg_to_711-2C_as_mni_average_305_t4 2311
---------------------------------------------------------------------

freesurfer imgreg_4dfp.c
/opt/freesurfer/average/711-2C_as_mni_average_305.4dfp.img
       256       256       256         1
  1.000000  1.000000  1.000000
orientation T byte_order littleendian
Reading image: /opt/freesurfer/average/711-2C_as_mni_average_305.4dfp.img
dimensions:      256       256       256
mmppix:       1.0000   -1.0000   -1.0000
center:     128.0000 -129.0000 -129.0000
/opt/freesurfer/average/711-2B_as_mni_average_305_mask.4dfp.img
       256       256       256         1
  1.000000  1.000000  1.000000
orientation T byte_order littleendian
Reading mask: /opt/freesurfer/average/711-2B_as_mni_average_305_mask.4dfp.img (2306576 pixels)
talsrcimg_g11.4dfp.img
       256       256       256         1
  1.000000  1.000000  1.000000
orientation T byte_order littleendian
Reading image: talsrcimg_g11.4dfp.img
dimensions:      256       256       256
mmppix:       1.0000   -1.0000   -1.0000
center:     128.0000 -129.0000 -129.0000
fimgreg.f
image alignment mode   2311 decimal      907 hex
parameters
   -2.5831    7.4513    3.8702   -6.6117  -18.9885  -18.1346
   -8.5741   11.4778    5.6498   27.2744  -13.8889  -26.4363
eta,q 0.97530 11.57173
niter,ni,del,rscale     5    3    5.0000    0.8000
parameters
   -2.5849    7.4595    3.8797   -7.1388  -19.0571  -18.5312
   -8.7560   11.4129    5.6060   26.9645  -13.7931  -26.5135
eta,q 0.97527 11.51418
  0.0261  0.0256  0.0256  0.0257  0.0254  0.0255  0.0257  0.0263  0.0254  0.0255  0.0253  0.0255
  0.0253  0.0251  0.0251  0.0252  0.0250  0.0250  0.0252  0.0254  0.0250  0.0251  0.0250  0.0251
  0.0249  0.0248  0.0248  0.0249  0.0248  0.0248  0.0248  0.0249  0.0248  0.0248  0.0248  0.0248
  0.0247  0.0247  0.0247  0.0247  0.0247  0.0247  0.0247  0.0247  0.0247  0.0247  0.0247  0.0247
  0.0249  0.0248  0.0248  0.0248  0.0248  0.0248  0.0249  0.0249  0.0248  0.0249  0.0248  0.0248
  0.0253  0.0251  0.0251  0.0254  0.0250  0.0251  0.0253  0.0254  0.0250  0.0252  0.0250  0.0251
  0.0261  0.0256  0.0255  0.0265  0.0254  0.0261  0.0259  0.0264  0.0254  0.0258  0.0252  0.0256
niter,ni,del,rscale     4    3    5.0000    0.7000
parameters
   -2.5623    7.4727    3.8744   -7.0707  -19.0273  -18.4467
   -8.7020   11.4199    5.6065   27.0742  -13.8469  -26.5108
eta,q 0.97528 11.52682
  0.0258  0.0254  0.0254  0.0256  0.0252  0.0254  0.0256  0.0260  0.0253  0.0254  0.0251  0.0253
  0.0252  0.0250  0.0250  0.0252  0.0249  0.0250  0.0251  0.0253  0.0250  0.0251  0.0249  0.0250
  0.0249  0.0248  0.0248  0.0249  0.0248  0.0248  0.0248  0.0249  0.0248  0.0248  0.0248  0.0248
  0.0247  0.0247  0.0247  0.0247  0.0247  0.0247  0.0247  0.0247  0.0247  0.0247  0.0247  0.0247
  0.0248  0.0248  0.0248  0.0247  0.0248  0.0247  0.0248  0.0248  0.0248  0.0248  0.0248  0.0248
  0.0252  0.0250  0.0250  0.0250  0.0249  0.0249  0.0251  0.0252  0.0250  0.0250  0.0249  0.0250
  0.0258  0.0254  0.0254  0.0257  0.0252  0.0254  0.0255  0.0260  0.0252  0.0254  0.0251  0.0253
niter,ni,del,rscale     3    3    5.0000    0.6000
parameters
   -2.5640    7.4760    3.8681   -6.8938  -19.0287  -18.3477
   -8.6657   11.4475    5.6140   27.1676  -13.8745  -26.4969
eta,q 0.97529 11.54296
  0.0255  0.0252  0.0252  0.0254  0.0251  0.0252  0.0253  0.0256  0.0251  0.0252  0.0250  0.0252
  0.0251  0.0249  0.0249  0.0251  0.0249  0.0249  0.0250  0.0251  0.0249  0.0250  0.0248  0.0249
  0.0248  0.0248  0.0248  0.0249  0.0247  0.0248  0.0248  0.0248  0.0248  0.0248  0.0247  0.0248
  0.0247  0.0247  0.0247  0.0247  0.0247  0.0247  0.0247  0.0247  0.0247  0.0247  0.0247  0.0247
  0.0248  0.0248  0.0248  0.0247  0.0247  0.0247  0.0248  0.0248  0.0248  0.0248  0.0248  0.0248
  0.0251  0.0249  0.0249  0.0249  0.0249  0.0248  0.0250  0.0251  0.0249  0.0249  0.0249  0.0249
  0.0255  0.0252  0.0252  0.0254  0.0251  0.0252  0.0253  0.0256  0.0251  0.0252  0.0250  0.0252
niter,ni,del,rscale     2    3    5.0000    0.5000
parameters
   -2.5709    7.4777    3.8557   -6.7454  -19.0381  -18.2582
   -8.6255   11.4772    5.6109   27.2546  -13.8923  -26.4885
eta,q 0.97530 11.55659
  0.0253  0.0251  0.0250  0.0252  0.0249  0.0250  0.0251  0.0254  0.0250  0.0251  0.0249  0.0250
  0.0250  0.0249  0.0249  0.0250  0.0248  0.0248  0.0249  0.0250  0.0248  0.0249  0.0248  0.0249
  0.0248  0.0248  0.0247  0.0248  0.0247  0.0247  0.0248  0.0248  0.0247  0.0248  0.0247  0.0247
  0.0247  0.0247  0.0247  0.0247  0.0247  0.0247  0.0247  0.0247  0.0247  0.0247  0.0247  0.0247
  0.0248  0.0247  0.0247  0.0247  0.0247  0.0247  0.0248  0.0248  0.0247  0.0247  0.0247  0.0247
  0.0250  0.0249  0.0249  0.0249  0.0248  0.0248  0.0249  0.0250  0.0248  0.0249  0.0248  0.0248
  0.0253  0.0251  0.0250  0.0252  0.0249  0.0250  0.0251  0.0253  0.0250  0.0250  0.0249  0.0250
niter,ni,del,rscale     1    3    5.0000    0.4000
parameters
   -2.5761    7.4771    3.8468   -6.6210  -19.0488  -18.1499
   -8.5902   11.5047    5.6404   27.3348  -13.8797  -26.4844
eta,q 0.97530 11.56968
  0.0251  0.0249  0.0249  0.0250  0.0248  0.0249  0.0250  0.0251  0.0249  0.0249  0.0248  0.0249
  0.0249  0.0248  0.0248  0.0249  0.0248  0.0248  0.0248  0.0249  0.0248  0.0248  0.0248  0.0248
  0.0247  0.0247  0.0247  0.0248  0.0247  0.0247  0.0247  0.0247  0.0247  0.0247  0.0247  0.0247
  0.0247  0.0247  0.0247  0.0247  0.0247  0.0247  0.0247  0.0247  0.0247  0.0247  0.0247  0.0247
  0.0247  0.0247  0.0247  0.0247  0.0247  0.0247  0.0247  0.0247  0.0247  0.0247  0.0247  0.0247
  0.0249  0.0248  0.0248  0.0248  0.0248  0.0247  0.0248  0.0249  0.0248  0.0248  0.0248  0.0248
  0.0251  0.0249  0.0249  0.0250  0.0248  0.0249  0.0250  0.0251  0.0249  0.0249  0.0248  0.0249
registration optimization eta report
parameter search radius
    0.8000    0.8000    0.8000    2.4000    2.4000    2.4000
    2.4000    2.4000    2.4000    2.4000    2.4000    2.4000
100000*second partial in parameter space
       56.       35.       34.        6.        3.        3.
        5.        7.        3.        4.        3.        4.
  0.0251  0.0249  0.0249  0.0250  0.0248  0.0249  0.0250  0.0251  0.0249  0.0249  0.0248  0.0249
  0.0249  0.0248  0.0248  0.0249  0.0248  0.0248  0.0248  0.0249  0.0248  0.0248  0.0248  0.0248
  0.0247  0.0247  0.0247  0.0248  0.0247  0.0247  0.0247  0.0247  0.0247  0.0247  0.0247  0.0247
  0.0247  0.0247  0.0247  0.0247  0.0247  0.0247  0.0247  0.0247  0.0247  0.0247  0.0247  0.0247
  0.0247  0.0247  0.0247  0.0247  0.0247  0.0247  0.0247  0.0247  0.0247  0.0247  0.0247  0.0247
  0.0249  0.0248  0.0248  0.0248  0.0248  0.0247  0.0248  0.0249  0.0248  0.0248  0.0248  0.0248
  0.0251  0.0249  0.0249  0.0250  0.0248  0.0249  0.0250  0.0251  0.0249  0.0249  0.0248  0.0249
   -2.5761    7.4771    3.8468   -6.6210  -19.0488  -18.1499
   -8.5902   11.5047    5.6404   27.3348  -13.8797  -26.4844
eta,q 0.97530 11.56968

---------------------------------------------------------------------
compute_vox2vox talsrcimg talsrcimg_to_711-2C_as_mni_average_305_t4 /opt/freesurfer/average/711-2C_as_mni_average_305
---------------------------------------------------------------------

freesurfer compute_vox2vox.c
Reading: talsrcimg.4dfp.ifh
Reading: talsrcimg_to_711-2C_as_mni_average_305_t4
Reading: /opt/freesurfer/average/711-2C_as_mni_average_305.4dfp.ifh
Writing: talsrcimg_to_711-2C_as_mni_average_305_t4_vox2vox.txt

start time Sat Mar 14 01:04:31 CET 2026
end		time Sat Mar 14 01:05:58 CET 2026

mpr2mni305 success

avi2talxfm orig_nu.mgz /opt/freesurfer/average/mni305.cor.mgz talsrcimg_to_711-2C_as_mni_average_305_t4_vox2vox.txt transforms/talairach.auto.xfm
avi2talxfm done
mv -f /out/sourcedata/freesurfer/sub-v2s8x29206_ses-1/mri/talsrcimg_to_711-2C_as_mni_average_305_t4_vox2vox.txt /out/sourcedata/freesurfer/sub-v2s8x29206_ses-1/mri/transforms/talsrcimg_to_711-2C_as_mni_average_305_t4_vox2vox.txt
lta_convert --src orig_nu.mgz --trg /opt/freesurfer/average/mni305.cor.mgz --inxfm transforms/talairach.auto.xfm --outlta transforms/talairach.auto.xfm.lta --subject fsaverage
7.3.2

--src: orig_nu.mgz src image (geometry).
--trg: /opt/freesurfer/average/mni305.cor.mgz trg image (geometry).
--inmni: transforms/talairach.auto.xfm input MNI/XFM transform.
--outlta: transforms/talairach.auto.xfm.lta output LTA.
--s: fsaverage subject name
 LTA read, type : 1
 1.04289  -0.16547   0.05653   2.15024;
 0.13823   1.07947   0.36783  -8.00649;
-0.11934  -0.35298   1.10717  -8.25574;
 0.00000   0.00000   0.00000   1.00000;
setting subject to fsaverage
Writing  LTA to file transforms/talairach.auto.xfm.lta...
lta_convert successful.
 
 
Started at Sat Mar 14 01:04:31 CET 2026
Ended   at Sat Mar 14 01:05:58 CET 2026
talairach_avi done
