/out/sourcedata/freesurfer/sub-v2s8x29207_ses-1/mri
/opt/freesurfer/bin/talairach_avi
--i orig_nu.mgz --xfm transforms/talairach.auto.xfm
talairach_avi 7.3.2
Linux dna054 5.14.0-427.37.1.el9_4.x86_64 #1 SMP PREEMPT_DYNAMIC Fri Sep 13 12:41:50 EDT 2024 x86_64 x86_64 x86_64 GNU/Linux
Sat Mar 14 01:04:50 CET 2026
mri_convert orig_nu.mgz talsrcimg.img 
reading from orig_nu.mgz...
TR=0.00, TE=0.00, TI=0.00, flip angle=0.00
i_ras = (-1, 0, 0)
j_ras = (0, 0, -1)
k_ras = (0, 1, 0)
writing to talsrcimg.img...
Analyze Output Matrix
-1.00000   0.00000   0.00000   129.66513;
 0.00000   0.00000   1.00000  -128.00000;
 0.00000  -1.00000   0.00000   130.00000;
 0.00000   0.00000   0.00000   1.00000;
--------------------
INFO: set hdr.hist.orient to -1
mpr2mni305 talsrcimg
Sat Mar 14 01:04:51 CET 2026
/opt/freesurfer/bin/mpr2mni305 talsrcimg
mpr2mni305 7.3.2
target=711-2C_as_mni_average_305

---------------------------------------------------------------------
analyzeto4dfp talsrcimg -O0 -y
---------------------------------------------------------------------

freesurfer ifh2hdr.c
Sat Mar 14 01:04:51 2026
Writing: talsrcimg.4dfp.hdr
freesurfer analyzeto4dfp.c
Reading: talsrcimg.hdr
header size 348 bytes
hdr.dime.datatype	offset=70	value=2
hdr.dime.bitpix		offset=72	value=8
hdr.hist.orient		offset=252	value=-1
dimensionality     4
dimensions       256       256       256         1
Reading: talsrcimg.img
Writing: talsrcimg.4dfp.img
Writing: talsrcimg.4dfp.ifh
ifh2hdr talsrcimg -r0to213
ori=2

---------------------------------------------------------------------
gauss_4dfp talsrcimg 1.1
---------------------------------------------------------------------

freesurfer gauss_4dfp.c
Reading: talsrcimg.4dfp.img
Writing: talsrcimg_g11.4dfp.img
image dimensions 256 256 256 padded to 288 288 288
processing volume 1freesurfer ifh2hdr.c
Sat Mar 14 01:04:53 2026
Writing: talsrcimg_g11.4dfp.hdr

Writing: talsrcimg_g11.4dfp.ifh
including: talsrcimg.4dfp.img.rec in talsrcimg_g11.4dfp.img.rec

---------------------------------------------------------------------
imgreg_4dfp /opt/freesurfer/average/711-2C_as_mni_average_305 none talsrcimg_g11 none talsrcimg_to_711-2C_as_mni_average_305_t4 4355
---------------------------------------------------------------------

freesurfer imgreg_4dfp.c
/opt/freesurfer/average/711-2C_as_mni_average_305.4dfp.img
       256       256       256         1
  1.000000  1.000000  1.000000
orientation T byte_order littleendian
Reading image: /opt/freesurfer/average/711-2C_as_mni_average_305.4dfp.img
dimensions:      256       256       256
mmppix:       1.0000   -1.0000   -1.0000
center:     128.0000 -129.0000 -129.0000
talsrcimg_g11.4dfp.img
       256       256       256         1
  1.000000  1.000000  1.000000
orientation T byte_order littleendian
Reading image: talsrcimg_g11.4dfp.img
dimensions:      256       256       256
mmppix:       1.0000   -1.0000   -1.0000
center:     128.0000 -129.0000 -129.0000
t4_read: open error in t4_sub.f l:  41 t4_file(1:l)talsrcimg_to_711-2C_as_mni_average_305_t4 
t4_read: transform initialized to I4
rotation matrix determinant  1.000000
image alignment mode   4355 decimal     1103 hex
   -7.5000  -45.0000  -45.0000 8693.4941   17.2634
    0.0000  -45.0000  -45.0000 9172.8643   17.2553
    7.5000  -45.0000  -45.0000 8752.2266   17.3018
   -7.5000  -37.5000  -45.0000 9079.5713   17.3025
    0.0000  -37.5000  -45.0000 9579.7812   17.2922
    7.5000  -37.5000  -45.0000 9130.4277   17.3349
   -7.5000  -30.0000  -45.0000 9734.6455   17.3419
    0.0000  -30.0000  -45.000010295.3213   17.3274
    7.5000  -30.0000  -45.0000 9780.4795   17.3614
   -7.5000  -22.5000  -45.000010381.8311   17.3387
    0.0000  -22.5000  -45.000010974.3564   17.3237
    7.5000  -22.5000  -45.000010412.4014   17.3536
   -7.5000  -15.0000  -45.000010926.0859   17.2993
    0.0000  -15.0000  -45.000011542.9219   17.2876
    7.5000  -15.0000  -45.000010937.1143   17.3230
   -7.5000   -7.5000  -45.000011406.4258   17.2620
    0.0000   -7.5000  -45.000012059.4688   17.2528
    7.5000   -7.5000  -45.000011381.7793   17.2962
   -7.5000    0.0000  -45.000011700.4424   17.2620
    0.0000    0.0000  -45.000012360.3193   17.2539
    7.5000    0.0000  -45.000011644.7646   17.3004
   -7.5000    7.5000  -45.000011067.5215   17.3025
    0.0000    7.5000  -45.000011723.2090   17.2922
    7.5000    7.5000  -45.000011030.5439   17.3349
   -7.5000   15.0000  -45.000010314.1934   17.3419
    0.0000   15.0000  -45.000010960.0137   17.3274
    7.5000   15.0000  -45.000010282.4414   17.3614
   -7.5000   22.5000  -45.0000 9515.4795   17.3363
    0.0000   22.5000  -45.000010129.3994   17.3213
    7.5000   22.5000  -45.0000 9468.8359   17.3513
   -7.5000   30.0000  -45.0000 8733.1846   17.0829
    0.0000   30.0000  -45.0000 9282.8760   17.0714
    7.5000   30.0000  -45.0000 8678.9072   17.1061
   -7.5000   37.5000  -45.0000 8192.3643   17.1168
    0.0000   37.5000  -45.0000 8681.3818   17.1075
    7.5000   37.5000  -45.0000 8133.8115   17.1504
   -7.5000   45.0000  -45.0000 7290.6260   16.8737
    0.0000   45.0000  -45.0000 7710.3389   16.8677
    7.5000   45.0000  -45.0000 7241.2466   16.9147
   -7.5000  -45.0000  -37.5000 9195.9355   17.0615
    0.0000  -45.0000  -37.5000 9703.8271   17.0553
    7.5000  -45.0000  -37.5000 9251.8154   17.0962
   -7.5000  -37.5000  -37.5000 9584.0293   17.1049
    0.0000  -37.5000  -37.500010122.9199   17.0963
    7.5000  -37.5000  -37.5000 9641.3340   17.1351
   -7.5000  -30.0000  -37.500010277.4785   17.1408
    0.0000  -30.0000  -37.500010852.1104   17.1278
    7.5000  -30.0000  -37.500010320.4355   17.1588
   -7.5000  -22.5000  -37.500010942.5664   17.1289
    0.0000  -22.5000  -37.500011554.2383   17.1154
    7.5000  -22.5000  -37.500010970.7451   17.1407
   -7.5000  -15.0000  -37.500011476.7207   17.0836
    0.0000  -15.0000  -37.500012117.7998   17.0741
    7.5000  -15.0000  -37.500011491.8701   17.1028
   -7.5000   -7.5000  -37.500011997.1055   17.0507
    0.0000   -7.5000  -37.500012679.8486   17.0440
    7.5000   -7.5000  -37.500011991.1406   17.0806
   -7.5000    0.0000  -37.500012300.2529   17.0601
    0.0000    0.0000  -37.500012998.8086   17.0540
    7.5000    0.0000  -37.500012264.2285   17.0948
   -7.5000    7.5000  -37.500011603.4473   17.1049
    0.0000    7.5000  -37.500012273.4697   17.0963
    7.5000    7.5000  -37.500011553.2012   17.1351
   -7.5000   15.0000  -37.500010785.6729   17.1408
    0.0000   15.0000  -37.500011430.9219   17.1278
    7.5000   15.0000  -37.500010771.0254   17.1588
   -7.5000   22.5000  -37.5000 9951.5713   17.1266
    0.0000   22.5000  -37.500010553.4756   17.1131
    7.5000   22.5000  -37.5000 9917.4453   17.1384
   -7.5000   30.0000  -37.5000 9114.1133   16.8696
    0.0000   30.0000  -37.5000 9675.6553   16.8603
    7.5000   30.0000  -37.5000 9073.1367   16.8885
   -7.5000   37.5000  -37.5000 8544.2549   16.9061
    0.0000   37.5000  -37.5000 9039.4443   16.8992
    7.5000   37.5000  -37.5000 8472.0479   16.9355
   -7.5000   45.0000  -37.5000 7591.9761   16.6714
    0.0000   45.0000  -37.5000 8013.2231   16.6671
    7.5000   45.0000  -37.5000 7517.7793   16.7088
   -7.5000  -45.0000  -30.0000 9908.1279   17.5691
    0.0000  -45.0000  -30.000010421.9004   17.5623
    7.5000  -45.0000  -30.0000 9962.4941   17.6052
   -7.5000  -37.5000  -30.000010324.3486   17.6155
    0.0000  -37.5000  -30.000010857.8955   17.6088
    7.5000  -37.5000  -30.000010366.9199   17.6502
   -7.5000  -30.0000  -30.000011058.3789   17.6465
    0.0000  -30.0000  -30.000011628.1299   17.6378
    7.5000  -30.0000  -30.000011099.6035   17.6711
   -7.5000  -22.5000  -30.000011726.5449   17.6265
    0.0000  -22.5000  -30.000012339.9150   17.6166
    7.5000  -22.5000  -30.000011767.0439   17.6430
   -7.5000  -15.0000  -30.000012286.2588   17.5771
    0.0000  -15.0000  -30.000012917.8535   17.5686
    7.5000  -15.0000  -30.000012298.9805   17.5978
   -7.5000   -7.5000  -30.000012820.8926   17.5493
    0.0000   -7.5000  -30.000013482.1592   17.5417
    7.5000   -7.5000  -30.000012825.4980   17.5794
   -7.5000    0.0000  -30.000013135.1533   17.5677
    0.0000    0.0000  -30.000013830.6836   17.5608
    7.5000    0.0000  -30.000013129.4912   17.6037
   -7.5000    7.5000  -30.000012362.7861   17.6155
    0.0000    7.5000  -30.000013042.1338   17.6088
    7.5000    7.5000  -30.000012341.3516   17.6502
   -7.5000   15.0000  -30.000011474.4648   17.6465
    0.0000   15.0000  -30.000012123.2051   17.6378
    7.5000   15.0000  -30.000011452.5264   17.6711
   -7.5000   22.5000  -30.000010574.3945   17.6223
    0.0000   22.5000  -30.000011164.7783   17.6125
    7.5000   22.5000  -30.000010526.3301   17.6388
   -7.5000   30.0000  -30.0000 9668.7646   17.3587
    0.0000   30.0000  -30.000010239.5752   17.3503
    7.5000   30.0000  -30.0000 9620.0000   17.3789
   -7.5000   37.5000  -30.0000 9047.8096   17.4010
    0.0000   37.5000  -30.0000 9564.0869   17.3933
    7.5000   37.5000  -30.0000 8975.0449   17.4308
   -7.5000   45.0000  -30.0000 8040.9448   17.1773
    0.0000   45.0000  -30.0000 8489.6504   17.1720
    7.5000   45.0000  -30.0000 7971.7070   17.2157
   -7.5000  -45.0000  -22.500010692.2773   18.0380
    0.0000  -45.0000  -22.500011221.0430   18.0291
    7.5000  -45.0000  -22.500010752.4258   18.0790
   -7.5000  -37.5000  -22.500011133.4912   18.0834
    0.0000  -37.5000  -22.500011690.0918   18.0773
    7.5000  -37.5000  -22.500011175.9277   18.1235
   -7.5000  -30.0000  -22.500011904.1201   18.1122
    0.0000  -30.0000  -22.500012492.1602   18.1055
    7.5000  -30.0000  -22.500011952.0859   18.1423
   -7.5000  -22.5000  -22.500012594.1357   18.0917
    0.0000  -22.5000  -22.500013209.2402   18.0824
    7.5000  -22.5000  -22.500012619.9326   18.1131
   -7.5000  -15.0000  -22.500013188.0947   18.0443
    0.0000  -15.0000  -22.500013831.3584   18.0336
    7.5000  -15.0000  -22.500013195.4639   18.0691
   -7.5000   -7.5000  -22.500013727.0977   18.0179
    0.0000   -7.5000  -22.500014408.9629   18.0071
    7.5000   -7.5000  -22.500013743.6582   18.0523
   -7.5000    0.0000  -22.500014055.9502   18.0366
    0.0000    0.0000  -22.500014780.1357   18.0277
    7.5000    0.0000  -22.500014082.6494   18.0776
   -7.5000    7.5000  -22.500013229.9482   18.0834
    0.0000    7.5000  -22.500013930.2109   18.0773
    7.5000    7.5000  -22.500013220.7568   18.1235
   -7.5000   15.0000  -22.500012263.6582   18.1122
    0.0000   15.0000  -22.500012940.7432   18.1055
    7.5000   15.0000  -22.500012263.3506   18.1423
   -7.5000   22.5000  -22.500011277.8721   18.0861
    0.0000   22.5000  -22.500011911.3428   18.0769
    7.5000   22.5000  -22.500011234.4365   18.1075
   -7.5000   30.0000  -22.500010270.2373   17.8231
    0.0000   30.0000  -22.500010868.1484   17.8125
    7.5000   30.0000  -22.500010217.9590   17.8473
   -7.5000   37.5000  -22.5000 9588.1250   17.8681
    0.0000   37.5000  -22.500010141.8174   17.8572
    7.5000   37.5000  -22.5000 9522.0225   17.9021
   -7.5000   45.0000  -22.5000 8513.2256   17.6498
    0.0000   45.0000  -22.5000 8993.8350   17.6423
    7.5000   45.0000  -22.5000 8469.9395   17.6925
   -7.5000  -45.0000  -15.000011544.2246   18.3718
    0.0000  -45.0000  -15.000012124.6680   18.3623
    7.5000  -45.0000  -15.000011605.8213   18.4203
   -7.5000  -37.5000  -15.000011991.1777   18.4131
    0.0000  -37.5000  -15.000012615.1396   18.4068
    7.5000  -37.5000  -15.000012058.7852   18.4581
   -7.5000  -30.0000  -15.000012810.2021   18.4444
    0.0000  -30.0000  -15.000013468.5479   18.4367
    7.5000  -30.0000  -15.000012867.2256   18.4763
   -7.5000  -22.5000  -15.000013539.7959   18.4318
    0.0000  -22.5000  -15.000014193.1475   18.4198
    7.5000  -22.5000  -15.000013555.2471   18.4548
   -7.5000  -15.0000  -15.000014134.0977   18.3905
    0.0000  -15.0000  -15.000014838.2559   18.3760
    7.5000  -15.0000  -15.000014152.0020   18.4190
   -7.5000   -7.5000  -15.000014709.9521   18.3604
    0.0000   -7.5000  -15.000015433.3682   18.3469
    7.5000   -7.5000  -15.000014718.3330   18.4011
   -7.5000    0.0000  -15.000015074.8672   18.3704
    0.0000    0.0000  -15.000015807.1650   18.3609
    7.5000    0.0000  -15.000015072.5967   18.4188
   -7.5000    7.5000  -15.000014167.3066   18.4131
    0.0000    7.5000  -15.000014862.8184   18.4068
    7.5000    7.5000  -15.000014142.5557   18.4581
   -7.5000   15.0000  -15.000013122.2100   18.4444
    0.0000   15.0000  -15.000013813.9570   18.4367
    7.5000   15.0000  -15.000013108.4414   18.4763
   -7.5000   22.5000  -15.000012042.4902   18.4253
    0.0000   22.5000  -15.000012700.8916   18.4134
    7.5000   22.5000  -15.000012009.4062   18.4483
   -7.5000   30.0000  -15.000010943.4189   18.1676
    0.0000   30.0000  -15.000011554.0078   18.1533
    7.5000   30.0000  -15.000010872.1543   18.1955
   -7.5000   37.5000  -15.000010165.1104   18.2101
    0.0000   37.5000  -15.000010737.3398   18.1964
    7.5000   37.5000  -15.000010088.3252   18.2501
   -7.5000   45.0000  -15.0000 9019.7773   17.9879
    0.0000   45.0000  -15.0000 9530.2451   17.9801
    7.5000   45.0000  -15.0000 8973.8896   18.0377
   -7.5000  -45.0000   -7.500012490.7188   18.5362
    0.0000  -45.0000   -7.500013117.0684   18.5260
    7.5000  -45.0000   -7.500012541.9414   18.5830
   -7.5000  -37.5000   -7.500012973.1582   18.5756
    0.0000  -37.5000   -7.500013664.8779   18.5660
    7.5000  -37.5000   -7.500013064.5674   18.6159
   -7.5000  -30.0000   -7.500013832.7188   18.6106
    0.0000  -30.0000   -7.500014578.4551   18.5971
    7.5000  -30.0000   -7.500013942.1113   18.6359
   -7.5000  -22.5000   -7.500014591.8281   18.6031
    0.0000  -22.5000   -7.500015314.4199   18.5868
    7.5000  -22.5000   -7.500014637.0176   18.6222
   -7.5000  -15.0000   -7.500015231.0869   18.5640
    0.0000  -15.0000   -7.500015932.1826   18.5478
    7.5000  -15.0000   -7.500015235.4092   18.5917
   -7.5000   -7.5000   -7.500015821.3213   18.5305
    0.0000   -7.5000   -7.500016525.4277   18.5168
    7.5000   -7.5000   -7.500015786.4658   18.5710
   -7.5000    0.0000   -7.500016185.7598   18.5348
    0.0000    0.0000   -7.500016921.9707   18.5246
    7.5000    0.0000   -7.500016159.0840   18.5815
   -7.5000    7.5000   -7.500015197.8887   18.5756
    0.0000    7.5000   -7.500015908.7559   18.5660
    7.5000    7.5000   -7.500015172.4072   18.6159
   -7.5000   15.0000   -7.500014101.4736   18.6106
    0.0000   15.0000   -7.500014809.3428   18.5971
    7.5000   15.0000   -7.500014060.4961   18.6359
   -7.5000   22.5000   -7.500012973.5801   18.5946
    0.0000   22.5000   -7.500013654.6836   18.5783
    7.5000   22.5000   -7.500012895.2725   18.6136
   -7.5000   30.0000   -7.500011762.5234   18.3381
    0.0000   30.0000   -7.500012396.3281   18.3222
    7.5000   30.0000   -7.500011646.1904   18.3653
   -7.5000   37.5000   -7.500010880.0566   18.3779
    0.0000   37.5000   -7.500011466.8779   18.3641
    7.5000   37.5000   -7.500010751.2461   18.4177
   -7.5000   45.0000   -7.5000 9631.5762   18.1504
    0.0000   45.0000   -7.500010165.6855   18.1423
    7.5000   45.0000   -7.5000 9537.1377   18.1991
   -7.5000  -45.0000    0.000013332.5674   18.5709
    0.0000  -45.0000    0.000013999.7812   18.5612
    7.5000  -45.0000    0.000013355.6992   18.6108
   -7.5000  -37.5000    0.000013934.5830   18.6135
    0.0000  -37.5000    0.000014733.9590   18.6009
    7.5000  -37.5000    0.000014004.4746   18.6450
   -7.5000  -30.0000    0.000014867.2080   18.6520
    0.0000  -30.0000    0.000015724.6865   18.6339
    7.5000  -30.0000    0.000014929.3105   18.6683
   -7.5000  -22.5000    0.000015650.8535   18.6438
    0.0000  -22.5000    0.000016409.3574   18.6250
    7.5000  -22.5000    0.000015634.1152   18.6563
   -7.5000  -15.0000    0.000016328.4160   18.6007
    0.0000  -15.0000    0.000016974.5527   18.5859
    7.5000  -15.0000    0.000016259.0166   18.6242
   -7.5000   -7.5000    0.000016937.3086   18.5647
    0.0000   -7.5000    0.000017639.9570   18.5534
    7.5000   -7.5000    0.000016851.1055   18.6006
   -7.5000    0.0000    0.000017333.5723   18.5695
    0.0000    0.0000    0.000018096.6367   18.5597
    7.5000    0.0000    0.000017246.5605   18.6093
   -7.5000    7.5000    0.000016296.5527   18.6135
    0.0000    7.5000    0.000017051.7559   18.6009
    7.5000    7.5000    0.000016137.8760   18.6450
   -7.5000   15.0000    0.000015134.7969   18.6520
    0.0000   15.0000    0.000015889.5400   18.6339
    7.5000   15.0000    0.000014933.7881   18.6683
   -7.5000   22.5000    0.000013947.4004   18.6353
    0.0000   22.5000    0.000014672.1113   18.6165
    7.5000   22.5000    0.000013744.8213   18.6477
   -7.5000   30.0000    0.000012635.0283   18.3745
    0.0000   30.0000    0.000013288.6006   18.3599
    7.5000   30.0000    0.000012427.4629   18.3977
   -7.5000   37.5000    0.000011639.8281   18.4122
    0.0000   37.5000    0.000012256.2705   18.4007
    7.5000   37.5000    0.000011460.2256   18.4474
   -7.5000   45.0000    0.000010225.1602   18.1829
    0.0000   45.0000    0.000010773.9990   18.1754
    7.5000   45.0000    0.000010072.2744   18.2255
   -7.5000  -45.0000    7.500013019.6221   18.6278
    0.0000  -45.0000    7.500013702.7148   18.6201
    7.5000  -45.0000    7.500013092.7109   18.6651
   -7.5000  -37.5000    7.500013758.2969   18.6745
    0.0000  -37.5000    7.500014636.8750   18.6640
    7.5000  -37.5000    7.500013806.7227   18.7062
   -7.5000  -30.0000    7.500014908.1055   18.7119
    0.0000  -30.0000    7.500015847.7812   18.6967
    7.5000  -30.0000    7.500014837.5195   18.7306
   -7.5000  -22.5000    7.500015748.4424   18.6981
    0.0000  -22.5000    7.500016513.0879   18.6827
    7.5000  -22.5000    7.500015518.3750   18.7111
   -7.5000  -15.0000    7.500016379.5703   18.6495
    0.0000  -15.0000    7.500017038.8496   18.6385
    7.5000  -15.0000    7.500016075.7715   18.6711
   -7.5000   -7.5000    7.500016919.0293   18.6152
    0.0000   -7.5000    7.500017632.3516   18.6069
    7.5000   -7.5000    7.500016613.9434   18.6479
   -7.5000    0.0000    7.500017282.8652   18.6264
    0.0000    0.0000    7.500018082.4902   18.6186
    7.5000    0.0000    7.500016968.2051   18.6636
   -7.5000    7.5000    7.500016218.1416   18.6745
    0.0000    7.5000    7.500017014.8574   18.6640
    7.5000    7.5000    7.500015907.8213   18.7062
   -7.5000   15.0000    7.500015034.3701   18.7119
    0.0000   15.0000    7.500015826.2676   18.6967
    7.5000   15.0000    7.500014741.4414   18.7306
   -7.5000   22.5000    7.500013828.7334   18.6895
    0.0000   22.5000    7.500014561.0293   18.6742
    7.5000   22.5000    7.500013569.6680   18.7026
   -7.5000   30.0000    7.500012482.8018   18.4228
    0.0000   30.0000    7.500013131.3291   18.4119
    7.5000   30.0000    7.500012261.0332   18.4440
   -7.5000   37.5000    7.500011455.3438   18.4623
    0.0000   37.5000    7.500012088.3027   18.4539
    7.5000   37.5000    7.500011273.2871   18.4946
   -7.5000   45.0000    7.500010014.1123   18.2376
    0.0000   45.0000    7.500010568.8525   18.2318
    7.5000   45.0000    7.5000 9874.1758   18.2778
   -7.5000  -45.0000   15.000012603.8867   18.7025
    0.0000  -45.0000   15.000013329.8691   18.6949
    7.5000  -45.0000   15.000012613.4521   18.7406
   -7.5000  -37.5000   15.000013362.0303   18.7510
    0.0000  -37.5000   15.000014323.6299   18.7436
    7.5000  -37.5000   15.000013298.6787   18.7880
   -7.5000  -30.0000   15.000014626.6182   18.7845
    0.0000  -30.0000   15.000015733.1855   18.7747
    7.5000  -30.0000   15.000014388.3652   18.8109
   -7.5000  -22.5000   15.000015532.6670   18.7647
    0.0000  -22.5000   15.000016549.0957   18.7539
    7.5000  -22.5000   15.000015169.3320   18.7826
   -7.5000  -15.0000   15.000016106.4531   18.7134
    0.0000  -15.0000   15.000017008.2734   18.7042
    7.5000  -15.0000   15.000015701.8467   18.7356
   -7.5000   -7.5000   15.000016560.9570   18.6831
    0.0000   -7.5000   15.000017442.8340   18.6748
    7.5000   -7.5000   15.000016194.3691   18.7148
   -7.5000    0.0000   15.000016871.0352   18.7010
    0.0000    0.0000   15.000017788.4297   18.6934
    7.5000    0.0000   15.000016555.0410   18.7391
   -7.5000    7.5000   15.000015837.9775   18.7510
    0.0000    7.5000   15.000016663.0273   18.7436
    7.5000    7.5000   15.000015557.8936   18.7880
   -7.5000   15.0000   15.000014665.6016   18.7845
    0.0000   15.0000   15.000015426.8086   18.7747
    7.5000   15.0000   15.000014429.6885   18.8109
   -7.5000   22.5000   15.000013467.7705   18.7561
    0.0000   22.5000   15.000014163.5508   18.7453
    7.5000   22.5000   15.000013274.5254   18.7740
   -7.5000   30.0000   15.000012165.6973   18.4862
    0.0000   30.0000   15.000012769.9590   18.4771
    7.5000   30.0000   15.000011981.5791   18.5078
   -7.5000   37.5000   15.000011148.2227   18.5299
    0.0000   37.5000   15.000011741.4531   18.5215
    7.5000   37.5000   15.000010995.3555   18.5614
   -7.5000   45.0000   15.0000 9745.2119   18.3124
    0.0000   45.0000   15.000010257.5078   18.3064
    7.5000   45.0000   15.0000 9597.4541   18.3530
   -7.5000  -45.0000   22.500012088.6738   18.7667
    0.0000  -45.0000   22.500012856.6230   18.7577
    7.5000  -45.0000   22.500012057.9082   18.8099
   -7.5000  -37.5000   22.500012781.5469   18.8145
    0.0000  -37.5000   22.500013670.9414   18.8081
    7.5000  -37.5000   22.500012716.7432   18.8565
   -7.5000  -30.0000   22.500013789.3105   18.8467
    0.0000  -30.0000   22.500014723.0049   18.8395
    7.5000  -30.0000   22.500013776.6338   18.8778
   -7.5000  -22.5000   22.500014550.8936   18.8271
    0.0000  -22.5000   22.500015441.3594   18.8171
    7.5000  -22.5000   22.500014582.3564   18.8490
   -7.5000  -15.0000   22.500015203.4580   18.7777
    0.0000  -15.0000   22.500016068.3428   18.7663
    7.5000  -15.0000   22.500015152.3809   18.8033
   -7.5000   -7.5000   22.500015774.4385   18.7479
    0.0000   -7.5000   22.500016623.5117   18.7368
    7.5000   -7.5000   22.500015634.1104   18.7839
   -7.5000    0.0000   22.500016132.9912   18.7652
    0.0000    0.0000   22.500016975.0098   18.7563
    7.5000    0.0000   22.500015955.4746   18.8084
   -7.5000    7.5000   22.500015144.1143   18.8145
    0.0000    7.5000   22.500015908.9336   18.8081
    7.5000    7.5000   22.500014970.0342   18.8565
   -7.5000   15.0000   22.500014019.9326   18.8467
    0.0000   15.0000   22.500014756.4521   18.8395
    7.5000   15.0000   22.500013852.6670   18.8778
   -7.5000   22.5000   22.500012877.8164   18.8185
    0.0000   22.5000   22.500013548.1611   18.8085
    7.5000   22.5000   22.500012708.6533   18.8404
   -7.5000   30.0000   22.500011626.8438   18.5496
    0.0000   30.0000   22.500012196.9883   18.5383
    7.5000   30.0000   22.500011464.9717   18.5746
   -7.5000   37.5000   22.500010627.5840   18.5935
    0.0000   37.5000   22.500011174.4004   18.5823
    7.5000   37.5000   22.500010496.4658   18.6291
   -7.5000   45.0000   22.5000 9304.0557   18.3768
    0.0000   45.0000   22.5000 9760.7207   18.3695
    7.5000   45.0000   22.5000 9175.5723   18.4219
   -7.5000  -45.0000   30.000011329.3047   18.8442
    0.0000  -45.0000   30.000011990.5791   18.8345
    7.5000  -45.0000   30.000011349.8984   18.8938
   -7.5000  -37.5000   30.000011916.5918   18.8884
    0.0000  -37.5000   30.000012654.6875   18.8818
    7.5000  -37.5000   30.000011951.0254   18.9341
   -7.5000  -30.0000   30.000012779.6855   18.9222
    0.0000  -30.0000   30.000013509.9697   18.9139
    7.5000  -30.0000   30.000012894.3193   18.9541
   -7.5000  -22.5000   30.000013534.0303   18.9089
    0.0000  -22.5000   30.000014243.0020   18.8962
    7.5000  -22.5000   30.000013639.1211   18.9318
   -7.5000  -15.0000   30.000014234.4707   18.8647
    0.0000  -15.0000   30.000014971.6650   18.8498
    7.5000  -15.0000   30.000014254.6650   18.8938
   -7.5000   -7.5000   30.000014828.3828   18.8324
    0.0000   -7.5000   30.000015544.2920   18.8185
    7.5000   -7.5000   30.000014755.6611   18.8742
   -7.5000    0.0000   30.000015204.1182   18.8428
    0.0000    0.0000   30.000015903.1006   18.8330
    7.5000    0.0000   30.000015074.9121   18.8924
   -7.5000    7.5000   30.000014228.4775   18.8884
    0.0000    7.5000   30.000014912.4971   18.8818
    7.5000    7.5000   30.000014124.4004   18.9341
   -7.5000   15.0000   30.000013159.7734   18.9222
    0.0000   15.0000   30.000013809.4023   18.9139
    7.5000   15.0000   30.000013052.0850   18.9541
   -7.5000   22.5000   30.000012087.9941   18.9002
    0.0000   22.5000   30.000012690.4023   18.8876
    7.5000   22.5000   30.000011982.1074   18.9231
   -7.5000   30.0000   30.000010866.4453   18.6341
    0.0000   30.0000   30.000011408.4902   18.6194
    7.5000   30.0000   30.000010775.2207   18.6626
   -7.5000   37.5000   30.0000 9924.0098   18.6745
    0.0000   37.5000   30.000010427.0439   18.6605
    7.5000   37.5000   30.0000 9825.4873   18.7157
   -7.5000   45.0000   30.0000 8691.4092   18.4506
    0.0000   45.0000   30.0000 9106.5508   18.4428
    7.5000   45.0000   30.0000 8597.9268   18.5020
   -7.5000  -45.0000   37.500011006.6514   19.1481
    0.0000  -45.0000   37.500011618.3975   19.1368
    7.5000  -45.0000   37.500011086.2578   19.1976
   -7.5000  -37.5000   37.500011548.7002   19.1907
    0.0000  -37.5000   37.500012202.4014   19.1795
    7.5000  -37.5000   37.500011639.8701   19.2325
   -7.5000  -30.0000   37.500012384.6270   19.2288
    0.0000  -30.0000   37.500013019.3291   19.2133
    7.5000  -30.0000   37.500012495.7539   19.2541
   -7.5000  -22.5000   37.500013170.0693   19.2208
    0.0000  -22.5000   37.500013798.2393   19.2026
    7.5000  -22.5000   37.500013224.4355   19.2400
   -7.5000  -15.0000   37.500013901.0869   19.1785
    0.0000  -15.0000   37.500014553.3574   19.1609
    7.5000  -15.0000   37.500013854.2822   19.2078
   -7.5000   -7.5000   37.500014473.4609   19.1422
    0.0000   -7.5000   37.500015103.4688   19.1275
    7.5000   -7.5000   37.500014362.0801   19.1855
   -7.5000    0.0000   37.500014823.6201   19.1466
    0.0000    0.0000   37.500015446.2295   19.1353
    7.5000    0.0000   37.500014684.5820   19.1961
   -7.5000    7.5000   37.500013859.8086   19.1907
    0.0000    7.5000   37.500014479.0195   19.1795
    7.5000    7.5000   37.500013748.6123   19.2325
   -7.5000   15.0000   37.500012805.3047   19.2288
    0.0000   15.0000   37.500013398.3838   19.2133
    7.5000   15.0000   37.500012707.2705   19.2541
   -7.5000   22.5000   37.500011770.2275   19.2119
    0.0000   22.5000   37.500012310.1396   19.1937
    7.5000   22.5000   37.500011680.9893   19.2311
   -7.5000   30.0000   37.500010573.3828   18.9407
    0.0000   30.0000   37.500011066.4238   18.9234
    7.5000   30.0000   37.500010497.8525   18.9695
   -7.5000   37.5000   37.5000 9643.4004   18.9768
    0.0000   37.5000   37.500010075.3877   18.9620
    7.5000   37.5000   37.5000 9570.8496   19.0196
   -7.5000   45.0000   37.5000 8425.0283   18.7427
    0.0000   45.0000   37.5000 8802.0088   18.7338
    7.5000   45.0000   37.5000 8387.1104   18.7946
   -7.5000  -45.0000   45.000010208.6270   19.4371
    0.0000  -45.0000   45.000010748.5146   19.4274
    7.5000  -45.0000   45.000010281.5547   19.4824
   -7.5000  -37.5000   45.000010687.6045   19.4839
    0.0000  -37.5000   45.000011218.0742   19.4710
    7.5000  -37.5000   45.000010738.2129   19.5203
   -7.5000  -30.0000   45.000011473.3135   19.5270
    0.0000  -30.0000   45.000011997.8887   19.5082
    7.5000  -30.0000   45.000011509.5576   19.5472
   -7.5000  -22.5000   45.000012227.5645   19.5188
    0.0000  -22.5000   45.000012769.0742   19.4993
    7.5000  -22.5000   45.000012221.6992   19.5349
   -7.5000  -15.0000   45.000012883.3027   19.4715
    0.0000  -15.0000   45.000013463.1123   19.4564
    7.5000  -15.0000   45.000012829.8359   19.4996
   -7.5000   -7.5000   45.000013409.1758   19.4313
    0.0000   -7.5000   45.000013980.1172   19.4200
    7.5000   -7.5000   45.000013300.4727   19.4724
   -7.5000    0.0000   45.000013721.6611   19.4355
    0.0000    0.0000   45.000014306.1973   19.4258
    7.5000    0.0000   45.000013586.1094   19.4808
   -7.5000    7.5000   45.000012835.8535   19.4839
    0.0000    7.5000   45.000013412.4609   19.4710
    7.5000    7.5000   45.000012715.1406   19.5203
   -7.5000   15.0000   45.000011853.3877   19.5270
    0.0000   15.0000   45.000012394.8311   19.5082
    7.5000   15.0000   45.000011748.5713   19.5472
   -7.5000   22.5000   45.000010881.4688   19.5097
    0.0000   22.5000   45.000011345.2529   19.4903
    7.5000   22.5000   45.000010774.6367   19.5258
   -7.5000   30.0000   45.0000 9785.1055   19.2251
    0.0000   30.0000   45.000010194.9160   19.2102
    7.5000   30.0000   45.0000 9680.9092   19.2527
   -7.5000   37.5000   45.0000 8919.8223   19.2571
    0.0000   37.5000   45.0000 9304.2119   19.2456
    7.5000   37.5000   45.0000 8847.6650   19.2977
   -7.5000   45.0000   45.0000 7781.3501   19.0277
    0.0000   45.0000   45.0000 8117.4775   19.0204
    7.5000   45.0000   45.0000 7729.4834   19.0761

---------------------------------------------------------------------
imgreg_4dfp /opt/freesurfer/average/711-2C_as_mni_average_305 /opt/freesurfer/average/711-2B_as_mni_average_305_mask talsrcimg_g11 none talsrcimg_to_711-2C_as_mni_average_305_t4 4355
---------------------------------------------------------------------

freesurfer imgreg_4dfp.c
/opt/freesurfer/average/711-2C_as_mni_average_305.4dfp.img
       256       256       256         1
  1.000000  1.000000  1.000000
orientation T byte_order littleendian
Reading image: /opt/freesurfer/average/711-2C_as_mni_average_305.4dfp.img
dimensions:      256       256       256
mmppix:       1.0000   -1.0000   -1.0000
center:     128.0000 -129.0000 -129.0000
/opt/freesurfer/average/711-2B_as_mni_average_305_mask.4dfp.img
       256       256       256         1
  1.000000  1.000000  1.000000
orientation T byte_order littleendian
Reading mask: /opt/freesurfer/average/711-2B_as_mni_average_305_mask.4dfp.img (2306576 pixels)
talsrcimg_g11.4dfp.img
       256       256       256         1
  1.000000  1.000000  1.000000
orientation T byte_order littleendian
Reading image: talsrcimg_g11.4dfp.img
dimensions:      256       256       256
mmppix:       1.0000   -1.0000   -1.0000
center:     128.0000 -129.0000 -129.0000
rotation matrix determinant  1.000000
image alignment mode   4355 decimal     1103 hex
   -7.5000  -45.0000  -45.0000 2309.3040   19.9826
    0.0000  -45.0000  -45.0000 2322.3206   19.8774
    7.5000  -45.0000  -45.0000 2312.2896   19.7903
   -7.5000  -37.5000  -45.0000 2348.0376   19.0470
    0.0000  -37.5000  -45.0000 2366.5051   18.9796
    7.5000  -37.5000  -45.0000 2348.3301   18.8694
   -7.5000  -30.0000  -45.0000 2367.9697   18.5203
    0.0000  -30.0000  -45.0000 2389.5767   18.4035
    7.5000  -30.0000  -45.0000 2369.7324   18.3358
   -7.5000  -22.5000  -45.0000 2378.5022   18.3687
    0.0000  -22.5000  -45.0000 2400.8013   18.2264
    7.5000  -22.5000  -45.0000 2375.5417   18.1709
   -7.5000  -15.0000  -45.0000 2364.2959   18.3991
    0.0000  -15.0000  -45.0000 2381.0740   18.2776
    7.5000  -15.0000  -45.0000 2355.8181   18.2551
   -7.5000   -7.5000  -45.0000 2336.5229   18.7831
    0.0000   -7.5000  -45.0000 2349.1270   18.6616
    7.5000   -7.5000  -45.0000 2322.7163   18.6378
   -7.5000    0.0000  -45.0000 2289.6418   19.5575
    0.0000    0.0000  -45.0000 2303.0071   19.3934
    7.5000    0.0000  -45.0000 2277.5708   19.4035
   -7.5000    7.5000  -45.0000 2227.0549   20.8382
    0.0000    7.5000  -45.0000 2236.6819   20.6512
    7.5000    7.5000  -45.0000 2212.1584   20.6387
   -7.5000   15.0000  -45.0000 2142.8613   22.6080
    0.0000   15.0000  -45.0000 2148.6003   22.4112
    7.5000   15.0000  -45.0000 2126.1389   22.4309
   -7.5000   22.5000  -45.0000 2037.7557   24.9376
    0.0000   22.5000  -45.0000 2043.2714   24.7337
    7.5000   22.5000  -45.0000 2020.2133   24.8172
   -7.5000   30.0000  -45.0000 1930.9004   27.9265
    0.0000   30.0000  -45.0000 1927.7504   27.5741
    7.5000   30.0000  -45.0000 1914.1379   27.6625
   -7.5000   37.5000  -45.0000 1815.1949   31.8237
    0.0000   37.5000  -45.0000 1811.4839   31.3393
    7.5000   37.5000  -45.0000 1799.1702   31.6327
   -7.5000   45.0000  -45.0000 1691.3270   37.4613
    0.0000   45.0000  -45.0000 1688.9263   36.8636
    7.5000   45.0000  -45.0000 1668.0594   37.3212
   -7.5000  -45.0000  -37.5000 2397.4387   18.6319
    0.0000  -45.0000  -37.5000 2411.9351   18.5238
    7.5000  -45.0000  -37.5000 2401.7815   18.4637
   -7.5000  -37.5000  -37.5000 2436.9795   17.7657
    0.0000  -37.5000  -37.5000 2457.6611   17.6330
    7.5000  -37.5000  -37.5000 2439.0784   17.5862
   -7.5000  -30.0000  -37.5000 2460.2764   17.1990
    0.0000  -30.0000  -37.5000 2482.4265   17.0674
    7.5000  -30.0000  -37.5000 2461.3723   17.0265
   -7.5000  -22.5000  -37.5000 2477.9968   17.0414
    0.0000  -22.5000  -37.5000 2492.9414   16.8374
    7.5000  -22.5000  -37.5000 2472.7676   16.8125
   -7.5000  -15.0000  -37.5000 2458.9744   17.0621
    0.0000  -15.0000  -37.5000 2472.3435   16.8701
    7.5000  -15.0000  -37.5000 2451.2817   16.8790
   -7.5000   -7.5000  -37.5000 2435.2073   17.4206
    0.0000   -7.5000  -37.5000 2446.9541   17.2417
    7.5000   -7.5000  -37.5000 2422.9890   17.2552
   -7.5000    0.0000  -37.5000 2390.3547   18.1408
    0.0000    0.0000  -37.5000 2400.1377   17.9681
    7.5000    0.0000  -37.5000 2371.7141   17.9873
   -7.5000    7.5000  -37.5000 2323.5977   19.2793
    0.0000    7.5000  -37.5000 2330.4563   19.1254
    7.5000    7.5000  -37.5000 2301.5417   19.1259
   -7.5000   15.0000  -37.5000 2229.1663   20.8795
    0.0000   15.0000  -37.5000 2235.8369   20.7267
    7.5000   15.0000  -37.5000 2211.9258   20.7197
   -7.5000   22.5000  -37.5000 2118.9680   22.9603
    0.0000   22.5000  -37.5000 2124.7310   22.8315
    7.5000   22.5000  -37.5000 2101.8638   22.7860
   -7.5000   30.0000  -37.5000 2002.6284   25.6505
    0.0000   30.0000  -37.5000 2009.3444   25.4858
    7.5000   30.0000  -37.5000 1990.8666   25.4569
   -7.5000   37.5000  -37.5000 1881.1606   29.2085
    0.0000   37.5000  -37.5000 1881.0206   28.9121
    7.5000   37.5000  -37.5000 1866.0771   29.1225
   -7.5000   45.0000  -37.5000 1749.0137   34.2921
    0.0000   45.0000  -37.5000 1748.5149   33.8272
    7.5000   45.0000  -37.5000 1724.4526   34.2200
   -7.5000  -45.0000  -30.0000 2526.4939   18.0217
    0.0000  -45.0000  -30.0000 2534.8359   17.8466
    7.5000  -45.0000  -30.0000 2528.1025   17.8682
   -7.5000  -37.5000  -30.0000 2573.1750   17.1468
    0.0000  -37.5000  -30.0000 2587.9692   16.9541
    7.5000  -37.5000  -30.0000 2574.5088   17.0192
   -7.5000  -30.0000  -30.0000 2603.2161   16.5755
    0.0000  -30.0000  -30.0000 2615.0090   16.3688
    7.5000  -30.0000  -30.0000 2598.1895   16.4297
   -7.5000  -22.5000  -30.0000 2617.8242   16.3666
    0.0000  -22.5000  -30.0000 2624.1902   16.1106
    7.5000  -22.5000  -30.0000 2611.8137   16.1604
   -7.5000  -15.0000  -30.0000 2603.1309   16.3533
    0.0000  -15.0000  -30.0000 2607.3242   16.1141
    7.5000  -15.0000  -30.0000 2595.1108   16.1942
   -7.5000   -7.5000  -30.0000 2574.9675   16.6810
    0.0000   -7.5000  -30.0000 2581.9160   16.4689
    7.5000   -7.5000  -30.0000 2567.3469   16.5513
   -7.5000    0.0000  -30.0000 2529.1396   17.3652
    0.0000    0.0000  -30.0000 2538.6907   17.1749
    7.5000    0.0000  -30.0000 2514.4141   17.2476
   -7.5000    7.5000  -30.0000 2452.9224   18.4383
    0.0000    7.5000  -30.0000 2466.5571   18.2784
    7.5000    7.5000  -30.0000 2439.6274   18.3495
   -7.5000   15.0000  -30.0000 2351.4329   19.9550
    0.0000   15.0000  -30.0000 2363.2095   19.8054
    7.5000   15.0000  -30.0000 2336.6729   19.8443
   -7.5000   22.5000  -30.0000 2238.7715   21.9004
    0.0000   22.5000  -30.0000 2242.4121   21.7538
    7.5000   22.5000  -30.0000 2218.8518   21.7594
   -7.5000   30.0000  -30.0000 2114.8469   24.3879
    0.0000   30.0000  -30.0000 2125.0647   24.2839
    7.5000   30.0000  -30.0000 2102.7839   24.2960
   -7.5000   37.5000  -30.0000 1988.2183   27.8063
    0.0000   37.5000  -30.0000 1986.9487   27.6527
    7.5000   37.5000  -30.0000 1968.3511   27.8336
   -7.5000   45.0000  -30.0000 1846.9150   32.5587
    0.0000   45.0000  -30.0000 1841.9347   32.2350
    7.5000   45.0000  -30.0000 1820.8802   32.5854
   -7.5000  -45.0000  -22.5000 2622.0278   17.2626
    0.0000  -45.0000  -22.5000 2631.8533   17.0185
    7.5000  -45.0000  -22.5000 2629.9919   17.1411
   -7.5000  -37.5000  -22.5000 2682.9043   16.3572
    0.0000  -37.5000  -22.5000 2690.4390   16.1174
    7.5000  -37.5000  -22.5000 2680.2944   16.2673
   -7.5000  -30.0000  -22.5000 2712.3953   15.7964
    0.0000  -30.0000  -22.5000 2718.3914   15.5474
    7.5000  -30.0000  -22.5000 2707.2793   15.7017
   -7.5000  -22.5000  -22.5000 2730.3977   15.5406
    0.0000  -22.5000  -22.5000 2733.6755   15.3013
    7.5000  -22.5000  -22.5000 2722.3208   15.4086
   -7.5000  -15.0000  -22.5000 2718.1335   15.5152
    0.0000  -15.0000  -22.5000 2723.3982   15.2770
    7.5000  -15.0000  -22.5000 2712.9927   15.4091
   -7.5000   -7.5000  -22.5000 2685.5369   15.8275
    0.0000   -7.5000  -22.5000 2698.1973   15.5935
    7.5000   -7.5000  -22.5000 2685.1853   15.7475
   -7.5000    0.0000  -22.5000 2632.4363   16.4524
    0.0000    0.0000  -22.5000 2644.0652   16.2512
    7.5000    0.0000  -22.5000 2628.0571   16.3946
   -7.5000    7.5000  -22.5000 2554.8835   17.4896
    0.0000    7.5000  -22.5000 2569.4600   17.2875
    7.5000    7.5000  -22.5000 2548.8494   17.4463
   -7.5000   15.0000  -22.5000 2451.0996   18.9376
    0.0000   15.0000  -22.5000 2463.3804   18.7601
    7.5000   15.0000  -22.5000 2445.0835   18.8719
   -7.5000   22.5000  -22.5000 2332.6062   20.7758
    0.0000   22.5000  -22.5000 2344.0293   20.6009
    7.5000   22.5000  -22.5000 2317.7314   20.6944
   -7.5000   30.0000  -22.5000 2201.7329   23.1699
    0.0000   30.0000  -22.5000 2213.9307   23.0077
    7.5000   30.0000  -22.5000 2185.0371   23.0679
   -7.5000   37.5000  -22.5000 2066.0447   26.3877
    0.0000   37.5000  -22.5000 2068.3271   26.2241
    7.5000   37.5000  -22.5000 2044.2161   26.3368
   -7.5000   45.0000  -22.5000 1909.4128   30.7786
    0.0000   45.0000  -22.5000 1911.4224   30.4970
    7.5000   45.0000  -22.5000 1895.6261   30.6977
   -7.5000  -45.0000  -15.0000 2688.2048   16.4991
    0.0000  -45.0000  -15.0000 2697.9128   16.2558
    7.5000  -45.0000  -15.0000 2699.4014   16.4060
   -7.5000  -37.5000  -15.0000 2751.9866   15.5903
    0.0000  -37.5000  -15.0000 2758.8933   15.3654
    7.5000  -37.5000  -15.0000 2757.4265   15.5079
   -7.5000  -30.0000  -15.0000 2788.0994   15.0037
    0.0000  -30.0000  -15.0000 2800.5735   14.7623
    7.5000  -30.0000  -15.0000 2786.9397   14.9533
   -7.5000  -22.5000  -15.0000 2809.5020   14.7352
    0.0000  -22.5000  -15.0000 2814.2766   14.4798
    7.5000  -22.5000  -15.0000 2801.2305   14.6524
   -7.5000  -15.0000  -15.0000 2793.3977   14.7218
    0.0000  -15.0000  -15.0000 2806.3804   14.4646
    7.5000  -15.0000  -15.0000 2796.4736   14.6424
   -7.5000   -7.5000  -15.0000 2765.9636   15.0025
    0.0000   -7.5000  -15.0000 2780.8315   14.7640
    7.5000   -7.5000  -15.0000 2772.0220   14.9522
   -7.5000    0.0000  -15.0000 2709.9707   15.6108
    0.0000    0.0000  -15.0000 2718.4172   15.3920
    7.5000    0.0000  -15.0000 2710.6968   15.5642
   -7.5000    7.5000  -15.0000 2629.6172   16.6333
    0.0000    7.5000  -15.0000 2638.7451   16.4101
    7.5000    7.5000  -15.0000 2627.0786   16.5566
   -7.5000   15.0000  -15.0000 2517.5823   18.0431
    0.0000   15.0000  -15.0000 2532.3953   17.8024
    7.5000   15.0000  -15.0000 2519.1738   17.9663
   -7.5000   22.5000  -15.0000 2396.0779   19.8449
    0.0000   22.5000  -15.0000 2409.8926   19.6011
    7.5000   22.5000  -15.0000 2392.8567   19.7372
   -7.5000   30.0000  -15.0000 2258.1311   22.1027
    0.0000   30.0000  -15.0000 2267.5720   21.8896
    7.5000   30.0000  -15.0000 2243.8115   22.0363
   -7.5000   37.5000  -15.0000 2110.5437   25.1513
    0.0000   37.5000  -15.0000 2108.1970   24.8754
    7.5000   37.5000  -15.0000 2088.6753   24.9963
   -7.5000   45.0000  -15.0000 1955.1628   29.1984
    0.0000   45.0000  -15.0000 1957.1112   28.8464
    7.5000   45.0000  -15.0000 1946.1366   29.0827
   -7.5000  -45.0000   -7.5000 2734.2576   15.8916
    0.0000  -45.0000   -7.5000 2744.5298   15.6073
    7.5000  -45.0000   -7.5000 2745.1528   15.7095
   -7.5000  -37.5000   -7.5000 2801.3503   14.9802
    0.0000  -37.5000   -7.5000 2809.8821   14.7254
    7.5000  -37.5000   -7.5000 2807.5454   14.8615
   -7.5000  -30.0000   -7.5000 2843.0305   14.3681
    0.0000  -30.0000   -7.5000 2857.0615   14.0853
    7.5000  -30.0000   -7.5000 2846.7871   14.2911
   -7.5000  -22.5000   -7.5000 2868.5852   14.0559
    0.0000  -22.5000   -7.5000 2873.5464   13.7226
    7.5000  -22.5000   -7.5000 2862.3733   13.9934
   -7.5000  -15.0000   -7.5000 2859.3984   14.0519
    0.0000  -15.0000   -7.5000 2861.1021   13.7336
    7.5000  -15.0000   -7.5000 2855.2585   13.9647
   -7.5000   -7.5000   -7.5000 2830.0144   14.3171
    0.0000   -7.5000   -7.5000 2834.2642   14.0200
    7.5000   -7.5000   -7.5000 2827.4673   14.2447
   -7.5000    0.0000   -7.5000 2766.9167   14.9106
    0.0000    0.0000   -7.5000 2774.3250   14.6194
    7.5000    0.0000   -7.5000 2770.8396   14.8566
   -7.5000    7.5000   -7.5000 2684.5801   15.8864
    0.0000    7.5000   -7.5000 2689.7424   15.6308
    7.5000    7.5000   -7.5000 2685.0957   15.8545
   -7.5000   15.0000   -7.5000 2572.5486   17.2725
    0.0000   15.0000   -7.5000 2584.1980   17.0247
    7.5000   15.0000   -7.5000 2577.4292   17.2386
   -7.5000   22.5000   -7.5000 2447.7632   19.0157
    0.0000   22.5000   -7.5000 2462.5745   18.7715
    7.5000   22.5000   -7.5000 2446.2671   18.9705
   -7.5000   30.0000   -7.5000 2300.4468   21.1923
    0.0000   30.0000   -7.5000 2310.2808   21.0437
    7.5000   30.0000   -7.5000 2288.2808   21.1779
   -7.5000   37.5000   -7.5000 2144.5989   24.0948
    0.0000   37.5000   -7.5000 2145.9636   23.8598
    7.5000   37.5000   -7.5000 2124.7876   23.9893
   -7.5000   45.0000   -7.5000 1996.0072   27.9349
    0.0000   45.0000   -7.5000 1996.1134   27.6094
    7.5000   45.0000   -7.5000 1978.1592   27.8880
   -7.5000  -45.0000    0.0000 2761.3333   15.5714
    0.0000  -45.0000    0.0000 2763.4412   15.1972
    7.5000  -45.0000    0.0000 2761.7078   15.2577
   -7.5000  -37.5000    0.0000 2833.9827   14.7034
    0.0000  -37.5000    0.0000 2836.6953   14.3666
    7.5000  -37.5000    0.0000 2833.4255   14.4300
   -7.5000  -30.0000    0.0000 2878.3096   14.0438
    0.0000  -30.0000    0.0000 2889.4021   13.7414
    7.5000  -30.0000    0.0000 2877.5583   13.8216
   -7.5000  -22.5000    0.0000 2905.5278   13.6539
    0.0000  -22.5000    0.0000 2909.7825   13.2678
    7.5000  -22.5000    0.0000 2893.2620   13.4905
   -7.5000  -15.0000    0.0000 2907.3450   13.6248
    0.0000  -15.0000    0.0000 2896.8677   13.2230
    7.5000  -15.0000    0.0000 2887.3132   13.4827
   -7.5000   -7.5000    0.0000 2881.9963   13.8829
    0.0000   -7.5000    0.0000 2877.4775   13.5215
    7.5000   -7.5000    0.0000 2867.6721   13.7834
   -7.5000    0.0000    0.0000 2815.5005   14.4616
    0.0000    0.0000    0.0000 2819.1985   14.1387
    7.5000    0.0000    0.0000 2809.4875   14.4140
   -7.5000    7.5000    0.0000 2730.7214   15.4406
    0.0000    7.5000    0.0000 2733.6299   15.1264
    7.5000    7.5000    0.0000 2719.0049   15.3550
   -7.5000   15.0000    0.0000 2616.2727   16.8519
    0.0000   15.0000    0.0000 2621.5703   16.5594
    7.5000   15.0000    0.0000 2604.4307   16.7165
   -7.5000   22.5000    0.0000 2490.5181   18.6141
    0.0000   22.5000    0.0000 2499.8362   18.3322
    7.5000   22.5000    0.0000 2478.1909   18.4748
   -7.5000   30.0000    0.0000 2341.5288   20.7423
    0.0000   30.0000    0.0000 2345.3982   20.5629
    7.5000   30.0000    0.0000 2322.4644   20.6703
   -7.5000   37.5000    0.0000 2174.8008   23.5287
    0.0000   37.5000    0.0000 2178.1863   23.3023
    7.5000   37.5000    0.0000 2158.0476   23.4256
   -7.5000   45.0000    0.0000 2016.9343   27.1481
    0.0000   45.0000    0.0000 2018.0291   26.8123
    7.5000   45.0000    0.0000 1995.5824   27.1054
   -7.5000  -45.0000    7.5000 2768.5852   15.3576
    0.0000  -45.0000    7.5000 2772.8015   15.0244
    7.5000  -45.0000    7.5000 2764.9788   15.0178
   -7.5000  -37.5000    7.5000 2850.3123   14.5869
    0.0000  -37.5000    7.5000 2857.1465   14.2569
    7.5000  -37.5000    7.5000 2846.1504   14.2298
   -7.5000  -30.0000    7.5000 2908.6038   14.0720
    0.0000  -30.0000    7.5000 2922.5552   13.8068
    7.5000  -30.0000    7.5000 2901.1157   13.6950
   -7.5000  -22.5000    7.5000 2939.0408   13.6038
    0.0000  -22.5000    7.5000 2950.9382   13.2536
    7.5000  -22.5000    7.5000 2912.1355   13.2887
   -7.5000  -15.0000    7.5000 2942.5295   13.4600
    0.0000  -15.0000    7.5000 2932.9307   13.0751
    7.5000  -15.0000    7.5000 2903.3162   13.2064
   -7.5000   -7.5000    7.5000 2915.7266   13.6698
    0.0000   -7.5000    7.5000 2909.1614   13.3476
    7.5000   -7.5000    7.5000 2886.0081   13.4920
   -7.5000    0.0000    7.5000 2848.7322   14.2344
    0.0000    0.0000    7.5000 2849.7158   13.9630
    7.5000    0.0000    7.5000 2826.3982   14.0978
   -7.5000    7.5000    7.5000 2758.3269   15.2047
    0.0000    7.5000    7.5000 2765.2390   14.9694
    7.5000    7.5000    7.5000 2737.7173   15.0529
   -7.5000   15.0000    7.5000 2642.2939   16.6112
    0.0000   15.0000    7.5000 2648.5837   16.3742
    7.5000   15.0000    7.5000 2617.2532   16.4106
   -7.5000   22.5000    7.5000 2512.3098   18.3702
    0.0000   22.5000    7.5000 2521.3474   18.1461
    7.5000   22.5000    7.5000 2488.9988   18.1505
   -7.5000   30.0000    7.5000 2360.7178   20.5270
    0.0000   30.0000    7.5000 2364.5730   20.3460
    7.5000   30.0000    7.5000 2335.7588   20.3325
   -7.5000   37.5000    7.5000 2196.1855   23.2277
    0.0000   37.5000    7.5000 2202.1816   23.0632
    7.5000   37.5000    7.5000 2173.3813   23.0448
   -7.5000   45.0000    7.5000 2030.0686   26.8073
    0.0000   45.0000    7.5000 2034.2686   26.5808
    7.5000   45.0000    7.5000 2011.9655   26.6601
   -7.5000  -45.0000   15.0000 2765.2500   15.2800
    0.0000  -45.0000   15.0000 2778.4058   15.0517
    7.5000  -45.0000   15.0000 2758.3770   14.9370
   -7.5000  -37.5000   15.0000 2855.0933   14.5033
    0.0000  -37.5000   15.0000 2873.5535   14.3273
    7.5000  -37.5000   15.0000 2841.6887   14.1763
   -7.5000  -30.0000   15.0000 2924.6292   14.0303
    0.0000  -30.0000   15.0000 2950.0227   13.9310
    7.5000  -30.0000   15.0000 2903.1426   13.6872
   -7.5000  -22.5000   15.0000 2962.4690   13.7049
    0.0000  -22.5000   15.0000 2983.3044   13.5090
    7.5000  -22.5000   15.0000 2919.8574   13.3532
   -7.5000  -15.0000   15.0000 2959.6113   13.5227
    0.0000  -15.0000   15.0000 2962.5510   13.2590
    7.5000  -15.0000   15.0000 2903.8726   13.2425
   -7.5000   -7.5000   15.0000 2923.9692   13.6370
    0.0000   -7.5000   15.0000 2924.2776   13.4199
    7.5000   -7.5000   15.0000 2881.6260   13.4809
   -7.5000    0.0000   15.0000 2851.9639   14.2097
    0.0000    0.0000   15.0000 2859.3352   14.0012
    7.5000    0.0000   15.0000 2825.9023   14.0795
   -7.5000    7.5000   15.0000 2760.6646   15.1687
    0.0000    7.5000   15.0000 2766.5544   14.9530
    7.5000    7.5000   15.0000 2741.6404   15.0273
   -7.5000   15.0000   15.0000 2646.8047   16.5015
    0.0000   15.0000   15.0000 2646.9963   16.2784
    7.5000   15.0000   15.0000 2626.2158   16.3374
   -7.5000   22.5000   15.0000 2515.9399   18.2318
    0.0000   22.5000   15.0000 2517.5620   18.0140
    7.5000   22.5000   15.0000 2494.8560   18.0583
   -7.5000   30.0000   15.0000 2365.8481   20.4287
    0.0000   30.0000   15.0000 2367.1438   20.2400
    7.5000   30.0000   15.0000 2341.6755   20.2658
   -7.5000   37.5000   15.0000 2195.5205   23.1155
    0.0000   37.5000   15.0000 2207.6653   22.9596
    7.5000   37.5000   15.0000 2179.6196   22.9823
   -7.5000   45.0000   15.0000 2032.1354   26.7283
    0.0000   45.0000   15.0000 2041.3831   26.6075
    7.5000   45.0000   15.0000 2014.8422   26.5775
   -7.5000  -45.0000   22.5000 2755.2214   15.3380
    0.0000  -45.0000   22.5000 2767.7371   15.1363
    7.5000  -45.0000   22.5000 2742.7793   15.0455
   -7.5000  -37.5000   22.5000 2850.9028   14.4945
    0.0000  -37.5000   22.5000 2867.6890   14.3189
    7.5000  -37.5000   22.5000 2834.4685   14.2864
   -7.5000  -30.0000   22.5000 2921.9827   14.0086
    0.0000  -30.0000   22.5000 2942.7888   13.8206
    7.5000  -30.0000   22.5000 2906.5974   13.7886
   -7.5000  -22.5000   22.5000 2953.1555   13.6119
    0.0000  -22.5000   22.5000 2969.6274   13.3614
    7.5000  -22.5000   22.5000 2931.5952   13.5194
   -7.5000  -15.0000   22.5000 2941.4431   13.5271
    0.0000  -15.0000   22.5000 2950.4280   13.2517
    7.5000  -15.0000   22.5000 2915.3081   13.4720
   -7.5000   -7.5000   22.5000 2914.4658   13.8123
    0.0000   -7.5000   22.5000 2916.2349   13.5637
    7.5000   -7.5000   22.5000 2885.9504   13.7292
   -7.5000    0.0000   22.5000 2843.1294   14.4680
    0.0000    0.0000   22.5000 2846.2202   14.2358
    7.5000    0.0000   22.5000 2820.4045   14.3352
   -7.5000    7.5000   22.5000 2746.9563   15.4015
    0.0000    7.5000   22.5000 2749.5667   15.1800
    7.5000    7.5000   22.5000 2728.1409   15.2293
   -7.5000   15.0000   22.5000 2632.5308   16.6806
    0.0000   15.0000   22.5000 2637.6394   16.4438
    7.5000   15.0000   22.5000 2611.3525   16.4607
   -7.5000   22.5000   22.5000 2503.9236   18.3317
    0.0000   22.5000   22.5000 2507.4893   18.1102
    7.5000   22.5000   22.5000 2477.5613   18.1020
   -7.5000   30.0000   22.5000 2354.5815   20.4305
    0.0000   30.0000   22.5000 2354.7090   20.2119
    7.5000   30.0000   22.5000 2332.8110   20.2672
   -7.5000   37.5000   22.5000 2186.3533   23.1644
    0.0000   37.5000   22.5000 2196.4282   22.9524
    7.5000   37.5000   22.5000 2173.1169   23.0076
   -7.5000   45.0000   22.5000 2030.5677   26.7748
    0.0000   45.0000   22.5000 2034.4188   26.5825
    7.5000   45.0000   22.5000 2018.6169   26.6551
   -7.5000  -45.0000   30.0000 2733.1638   15.4606
    0.0000  -45.0000   30.0000 2739.8721   15.1861
    7.5000  -45.0000   30.0000 2732.7749   15.2874
   -7.5000  -37.5000   30.0000 2830.8608   14.6058
    0.0000  -37.5000   30.0000 2836.8652   14.3344
    7.5000  -37.5000   30.0000 2827.0779   14.4825
   -7.5000  -30.0000   30.0000 2900.2659   14.0743
    0.0000  -30.0000   30.0000 2911.8748   13.7987
    7.5000  -30.0000   30.0000 2894.4521   14.0127
   -7.5000  -22.5000   30.0000 2932.1282   13.7047
    0.0000  -22.5000   30.0000 2938.0515   13.4139
    7.5000  -22.5000   30.0000 2916.5984   13.7968
   -7.5000  -15.0000   30.0000 2924.4443   13.7741
    0.0000  -15.0000   30.0000 2934.8506   13.5044
    7.5000  -15.0000   30.0000 2904.6484   13.7726
   -7.5000   -7.5000   30.0000 2896.9912   14.1373
    0.0000   -7.5000   30.0000 2899.4375   13.8847
    7.5000   -7.5000   30.0000 2873.4016   14.0834
   -7.5000    0.0000   30.0000 2827.7441   14.8433
    0.0000    0.0000   30.0000 2826.2131   14.5771
    7.5000    0.0000   30.0000 2805.7336   14.7323
   -7.5000    7.5000   30.0000 2719.5271   15.8346
    0.0000    7.5000   30.0000 2724.3142   15.5872
    7.5000    7.5000   30.0000 2710.8901   15.6611
   -7.5000   15.0000   30.0000 2604.8010   17.0780
    0.0000   15.0000   30.0000 2609.6106   16.8384
    7.5000   15.0000   30.0000 2589.0679   16.8535
   -7.5000   22.5000   30.0000 2471.1785   18.6603
    0.0000   22.5000   30.0000 2478.9412   18.4131
    7.5000   22.5000   30.0000 2451.0854   18.4370
   -7.5000   30.0000   30.0000 2317.0286   20.6738
    0.0000   30.0000   30.0000 2325.6147   20.4362
    7.5000   30.0000   30.0000 2303.4707   20.4642
   -7.5000   37.5000   30.0000 2159.4919   23.3807
    0.0000   37.5000   30.0000 2171.1233   23.1403
    7.5000   37.5000   30.0000 2152.5356   23.1197
   -7.5000   45.0000   30.0000 2017.0360   27.0351
    0.0000   45.0000   30.0000 2020.1548   26.7871
    7.5000   45.0000   30.0000 2004.4199   26.8362
   -7.5000  -45.0000   37.5000 2702.7134   15.7703
    0.0000  -45.0000   37.5000 2711.1104   15.4495
    7.5000  -45.0000   37.5000 2714.3223   15.7244
   -7.5000  -37.5000   37.5000 2803.0657   14.9106
    0.0000  -37.5000   37.5000 2813.0083   14.6199
    7.5000  -37.5000   37.5000 2810.3088   14.8901
   -7.5000  -30.0000   37.5000 2871.1843   14.3195
    0.0000  -30.0000   37.5000 2880.4131   13.9950
    7.5000  -30.0000   37.5000 2870.8992   14.3883
   -7.5000  -22.5000   37.5000 2904.2188   14.0699
    0.0000  -22.5000   37.5000 2905.7808   13.7754
    7.5000  -22.5000   37.5000 2887.8066   14.1547
   -7.5000  -15.0000   37.5000 2892.9048   14.2158
    0.0000  -15.0000   37.5000 2900.4260   13.9645
    7.5000  -15.0000   37.5000 2875.6680   14.1921
   -7.5000   -7.5000   37.5000 2858.1365   14.6252
    0.0000   -7.5000   37.5000 2859.9158   14.3798
    7.5000   -7.5000   37.5000 2839.8091   14.5572
   -7.5000    0.0000   37.5000 2789.6833   15.3087
    0.0000    0.0000   37.5000 2788.5312   15.0390
    7.5000    0.0000   37.5000 2777.4795   15.2232
   -7.5000    7.5000   37.5000 2682.8809   16.3166
    0.0000    7.5000   37.5000 2690.7439   16.0620
    7.5000    7.5000   37.5000 2678.3062   16.1950
   -7.5000   15.0000   37.5000 2563.2446   17.6274
    0.0000   15.0000   37.5000 2573.8486   17.4046
    7.5000   15.0000   37.5000 2555.0449   17.4318
   -7.5000   22.5000   37.5000 2430.4255   19.2589
    0.0000   22.5000   37.5000 2440.0310   19.0249
    7.5000   22.5000   37.5000 2425.2537   18.9988
   -7.5000   30.0000   37.5000 2281.5359   21.2367
    0.0000   30.0000   37.5000 2294.7659   21.0445
    7.5000   30.0000   37.5000 2274.5090   21.0394
   -7.5000   37.5000   37.5000 2132.7971   23.9598
    0.0000   37.5000   37.5000 2141.7556   23.7232
    7.5000   37.5000   37.5000 2123.1372   23.7217
   -7.5000   45.0000   37.5000 1990.2274   27.5385
    0.0000   45.0000   37.5000 1997.5204   27.2944
    7.5000   45.0000   37.5000 1983.7584   27.3552
   -7.5000  -45.0000   45.0000 2665.0613   16.3092
    0.0000  -45.0000   45.0000 2681.4741   15.9963
    7.5000  -45.0000   45.0000 2680.9817   16.3332
   -7.5000  -37.5000   45.0000 2763.2705   15.3979
    0.0000  -37.5000   45.0000 2773.1619   15.0909
    7.5000  -37.5000   45.0000 2771.6233   15.4411
   -7.5000  -30.0000   45.0000 2827.2683   14.8359
    0.0000  -30.0000   45.0000 2836.5815   14.5259
    7.5000  -30.0000   45.0000 2829.9824   14.8919
   -7.5000  -22.5000   45.0000 2859.1794   14.6609
    0.0000  -22.5000   45.0000 2862.8799   14.3822
    7.5000  -22.5000   45.0000 2851.1860   14.6815
   -7.5000  -15.0000   45.0000 2836.0066   14.8062
    0.0000  -15.0000   45.0000 2844.7786   14.5608
    7.5000  -15.0000   45.0000 2829.5830   14.7859
   -7.5000   -7.5000   45.0000 2795.9399   15.2269
    0.0000   -7.5000   45.0000 2800.4111   14.9832
    7.5000   -7.5000   45.0000 2788.3032   15.1772
   -7.5000    0.0000   45.0000 2728.4915   15.9114
    0.0000    0.0000   45.0000 2731.7205   15.6515
    7.5000    0.0000   45.0000 2723.4263   15.8368
   -7.5000    7.5000   45.0000 2630.5334   16.9446
    0.0000    7.5000   45.0000 2642.4685   16.7157
    7.5000    7.5000   45.0000 2629.1292   16.8286
   -7.5000   15.0000   45.0000 2511.7139   18.2977
    0.0000   15.0000   45.0000 2528.9956   18.1155
    7.5000   15.0000   45.0000 2513.2944   18.1465
   -7.5000   22.5000   45.0000 2377.5688   19.9717
    0.0000   22.5000   45.0000 2391.8726   19.7515
    7.5000   22.5000   45.0000 2375.8528   19.7339
   -7.5000   30.0000   45.0000 2235.6460   22.0061
    0.0000   30.0000   45.0000 2246.9600   21.7903
    7.5000   30.0000   45.0000 2225.6982   21.8238
   -7.5000   37.5000   45.0000 2096.0098   24.6578
    0.0000   37.5000   45.0000 2105.5740   24.4844
    7.5000   37.5000   45.0000 2086.7368   24.5328
   -7.5000   45.0000   45.0000 1958.5690   28.3234
    0.0000   45.0000   45.0000 1969.2864   28.1082
    7.5000   45.0000   45.0000 1955.2957   28.2328

---------------------------------------------------------------------
imgreg_4dfp /opt/freesurfer/average/711-2C_as_mni_average_305 /opt/freesurfer/average/711-2B_as_mni_average_305_mask talsrcimg_g11 none talsrcimg_to_711-2C_as_mni_average_305_t4 1283
---------------------------------------------------------------------

freesurfer imgreg_4dfp.c
/opt/freesurfer/average/711-2C_as_mni_average_305.4dfp.img
       256       256       256         1
  1.000000  1.000000  1.000000
orientation T byte_order littleendian
Reading image: /opt/freesurfer/average/711-2C_as_mni_average_305.4dfp.img
dimensions:      256       256       256
mmppix:       1.0000   -1.0000   -1.0000
center:     128.0000 -129.0000 -129.0000
/opt/freesurfer/average/711-2B_as_mni_average_305_mask.4dfp.img
       256       256       256         1
  1.000000  1.000000  1.000000
orientation T byte_order littleendian
Reading mask: /opt/freesurfer/average/711-2B_as_mni_average_305_mask.4dfp.img (2306576 pixels)
talsrcimg_g11.4dfp.img
       256       256       256         1
  1.000000  1.000000  1.000000
orientation T byte_order littleendian
Reading image: talsrcimg_g11.4dfp.img
dimensions:      256       256       256
mmppix:       1.0000   -1.0000   -1.0000
center:     128.0000 -129.0000 -129.0000
rotation matrix determinant  1.000000
fimgreg.f
image alignment mode   1283 decimal      503 hex
parameters
    0.0000  -22.5000   15.0000    0.0000    0.0000    0.0000
eta,q 0.93783 13.57740
niter,ni,del,rscale     5    3   12.0000    1.2000
parameter  1  0.680174 ->  0.500000 qaram    1.1500
parameter  4 -5.309200 ->  0.500000 qaram    1.1500
parameter  5 -0.660223 -> -0.500000 qaram    1.1500
parameters
   -3.4500  -21.0537   15.1367   -3.4500    3.4500    1.8869
eta,q 0.94685 13.54509
  0.0643  0.0677  0.0664  0.0544  0.0683  0.0586
  0.0592  0.0621  0.0619  0.0550  0.0643  0.0563
  0.0598  0.0582  0.0605  0.0579  0.0599  0.0549
  0.0650  0.0584  0.0600  0.0599  0.0558  0.0539
  0.0720  0.0597  0.0606  0.0603  0.0540  0.0531
  0.0766  0.0588  0.0623  0.0615  0.0540  0.0535
  0.0810  0.0607  0.0653  0.0636  0.0548  0.0551
niter,ni,del,rscale     7    3   12.0000    1.2000
parameter  4  0.711186 ->  0.500000 qaram    1.3225
parameters
   -2.9187  -21.3060   16.0055   -7.4175    4.5108    2.6049
eta,q 0.94880 13.61272
  0.0772  0.0614  0.0634  0.0530  0.0618  0.0575
  0.0669  0.0565  0.0577  0.0520  0.0570  0.0544
  0.0562  0.0539  0.0545  0.0522  0.0536  0.0520
  0.0531  0.0535  0.0535  0.0536  0.0519  0.0511
  0.0569  0.0556  0.0540  0.0561  0.0509  0.0517
  0.0638  0.0583  0.0552  0.0582  0.0534  0.0529
  0.0696  0.0617  0.0584  0.0602  0.0574  0.0549
niter,ni,del,rscale     7    3   12.0000    1.2000
parameters
   -2.5299  -20.2729   15.5284   -9.9025    4.9945    3.3731
eta,q 0.94868 13.62870
  0.0749  0.0651  0.0584  0.0532  0.0599  0.0566
  0.0620  0.0584  0.0535  0.0526  0.0555  0.0538
  0.0525  0.0537  0.0515  0.0513  0.0529  0.0515
  0.0512  0.0516  0.0512  0.0512  0.0513  0.0511
  0.0555  0.0515  0.0526  0.0531  0.0517  0.0515
  0.0604  0.0540  0.0556  0.0565  0.0543  0.0523
  0.0680  0.0580  0.0608  0.0594  0.0579  0.0542
niter,ni,del,rscale     6    3   12.0000    1.2000
parameters
   -2.5906  -19.4207   15.1652  -11.8268    5.3556    4.0168
eta,q 0.94912 13.63314
  0.0723  0.0628  0.0589  0.0530  0.0591  0.0557
  0.0584  0.0560  0.0534  0.0511  0.0548  0.0531
  0.0510  0.0525  0.0509  0.0512  0.0521  0.0514
  0.0513  0.0512  0.0507  0.0506  0.0510  0.0509
  0.0562  0.0506  0.0523  0.0516  0.0513  0.0508
  0.0605  0.0536  0.0554  0.0542  0.0536  0.0518
  0.0703  0.0571  0.0605  0.0581  0.0578  0.0540
niter,ni,del,rscale     5    3   12.0000    1.2000
parameters
   -2.6513  -18.7234   14.5440  -12.8185    5.3456    4.1436
eta,q 0.95004 13.61378
  0.0718  0.0605  0.0578  0.0545  0.0579  0.0544
  0.0581  0.0544  0.0522  0.0504  0.0535  0.0521
  0.0508  0.0521  0.0501  0.0496  0.0511  0.0506
  0.0509  0.0508  0.0503  0.0501  0.0500  0.0500
  0.0556  0.0505  0.0525  0.0507  0.0505  0.0500
  0.0600  0.0531  0.0558  0.0533  0.0533  0.0514
  0.0700  0.0562  0.0601  0.0568  0.0583  0.0545
niter,ni,del,rscale     4    3   12.0000    1.2000
parameters
   -2.6563  -18.5798   14.2474  -13.0100    5.2889    4.1280
eta,q 0.95025 13.60511
  0.0719  0.0584  0.0586  0.0559  0.0577  0.0541
  0.0581  0.0532  0.0526  0.0512  0.0533  0.0518
  0.0503  0.0512  0.0499  0.0494  0.0509  0.0504
  0.0500  0.0500  0.0499  0.0498  0.0497  0.0497
  0.0548  0.0508  0.0518  0.0504  0.0503  0.0499
  0.0597  0.0536  0.0552  0.0525  0.0533  0.0514
  0.0695  0.0571  0.0589  0.0557  0.0584  0.0546
niter,ni,del,rscale     3    3   12.0000    1.2000
parameters
   -2.6405  -18.5689   14.1927  -13.0242    5.2687    4.1311
eta,q 0.95026 13.60360
  0.0721  0.0580  0.0594  0.0563  0.0577  0.0541
  0.0581  0.0529  0.0531  0.0515  0.0534  0.0518
  0.0501  0.0510  0.0500  0.0494  0.0509  0.0504
  0.0497  0.0498  0.0498  0.0497  0.0497  0.0497
  0.0546  0.0509  0.0515  0.0503  0.0503  0.0499
  0.0596  0.0538  0.0547  0.0523  0.0532  0.0514
  0.0692  0.0573  0.0583  0.0555  0.0582  0.0545
registration optimization eta report
parameter search radius
    6.9000    6.0000    6.0000    7.9350    6.9000    6.0000
100000*second partial in parameter space
       44.       21.       25.       10.       17.       13.
  0.0721  0.0580  0.0594  0.0563  0.0577  0.0541
  0.0581  0.0529  0.0531  0.0515  0.0534  0.0518
  0.0501  0.0510  0.0500  0.0494  0.0509  0.0504
  0.0497  0.0498  0.0498  0.0497  0.0497  0.0497
  0.0546  0.0509  0.0515  0.0503  0.0503  0.0499
  0.0596  0.0538  0.0547  0.0523  0.0532  0.0514
  0.0692  0.0573  0.0583  0.0555  0.0582  0.0545
   -2.6405  -18.5689   14.1927  -13.0242    5.2687    4.1311
eta,q 0.95026 13.60360

---------------------------------------------------------------------
imgreg_4dfp /opt/freesurfer/average/711-2C_as_mni_average_305 /opt/freesurfer/average/711-2B_as_mni_average_305_mask talsrcimg_g11 none talsrcimg_to_711-2C_as_mni_average_305_t4 3335
---------------------------------------------------------------------

freesurfer imgreg_4dfp.c
/opt/freesurfer/average/711-2C_as_mni_average_305.4dfp.img
       256       256       256         1
  1.000000  1.000000  1.000000
orientation T byte_order littleendian
Reading image: /opt/freesurfer/average/711-2C_as_mni_average_305.4dfp.img
dimensions:      256       256       256
mmppix:       1.0000   -1.0000   -1.0000
center:     128.0000 -129.0000 -129.0000
/opt/freesurfer/average/711-2B_as_mni_average_305_mask.4dfp.img
       256       256       256         1
  1.000000  1.000000  1.000000
orientation T byte_order littleendian
Reading mask: /opt/freesurfer/average/711-2B_as_mni_average_305_mask.4dfp.img (2306576 pixels)
talsrcimg_g11.4dfp.img
       256       256       256         1
  1.000000  1.000000  1.000000
orientation T byte_order littleendian
Reading image: talsrcimg_g11.4dfp.img
dimensions:      256       256       256
mmppix:       1.0000   -1.0000   -1.0000
center:     128.0000 -129.0000 -129.0000
fimgreg.f
image alignment mode   3335 decimal      D07 hex
parameters
   -2.6405  -18.5689   14.1927   -0.6812   -2.6766   -2.9841
   -4.9545  -10.5468    7.1734   21.8332    9.1827  -22.4410
eta,q 0.95266 13.71535
niter,ni,del,rscale     5    3    5.0000    1.2000
parameter  4  1.191675 ->  0.500000 qaram    1.1500
parameter  5  6.377666 ->  0.500000 qaram    1.1500
parameter 10  0.672479 ->  0.500000 qaram    1.1500
parameter 11 -0.773691 -> -0.500000 qaram    1.1500
parameter 12  1.192478 ->  0.500000 qaram    1.1500
parameters
   -2.8560  -19.0903   14.4814   -4.8212   -6.8166   -4.5114
   -1.8898  -10.1034    4.6335   17.6932   13.3227  -26.5810
eta,q 0.96728 13.55676
  0.0504  0.0481  0.0493  0.0414  0.0345  0.0379  0.0411  0.0434  0.0365  0.0345  0.0368  0.0326
  0.0486  0.0475  0.0483  0.0416  0.0356  0.0371  0.0391  0.0389  0.0359  0.0343  0.0357  0.0326
  0.0475  0.0472  0.0476  0.0434  0.0383  0.0365  0.0375  0.0363  0.0357  0.0346  0.0349  0.0331
  0.0473  0.0473  0.0472  0.0472  0.0419  0.0362  0.0364  0.0358  0.0359  0.0357  0.0343  0.0338
  0.0480  0.0477  0.0473  0.0522  0.0452  0.0365  0.0358  0.0368  0.0366  0.0374  0.0339  0.0347
  0.0494  0.0484  0.0477  0.0578  0.0480  0.0383  0.0360  0.0387  0.0379  0.0398  0.0337  0.0357
  0.0518  0.0493  0.0485  0.0624  0.0504  0.0421  0.0368  0.0410  0.0396  0.0430  0.0338  0.0368
niter,ni,del,rscale     7    3    5.0000    1.2000
parameter  5  0.693069 ->  0.500000 qaram    1.3225
parameters
   -2.5237  -18.5304   14.6182   -7.6993  -11.5776   -1.6683
   -1.2009  -11.5663    3.7581   18.6014   16.2935  -30.4102
eta,q 0.97143 13.36942
  0.0378  0.0373  0.0341  0.0343  0.0315  0.0333  0.0327  0.0333  0.0309  0.0337  0.0321  0.0294
  0.0353  0.0351  0.0332  0.0332  0.0307  0.0322  0.0314  0.0300  0.0299  0.0314  0.0307  0.0287
  0.0335  0.0335  0.0327  0.0325  0.0306  0.0313  0.0305  0.0292  0.0294  0.0299  0.0298  0.0286
  0.0327  0.0326  0.0325  0.0325  0.0325  0.0305  0.0300  0.0300  0.0294  0.0293  0.0293  0.0292
  0.0328  0.0325  0.0326  0.0346  0.0360  0.0301  0.0301  0.0316  0.0298  0.0295  0.0292  0.0300
  0.0338  0.0331  0.0330  0.0390  0.0395  0.0298  0.0307  0.0337  0.0306  0.0304  0.0293  0.0311
  0.0356  0.0343  0.0337  0.0459  0.0427  0.0311  0.0319  0.0361  0.0318  0.0320  0.0297  0.0323
niter,ni,del,rscale     7    3    5.0000    1.2000
parameters
   -2.5031  -17.5866   14.8513   -8.7513  -14.2739   -2.8684
   -1.1145  -12.4787    2.7962   20.0910   17.0697  -32.1617
eta,q 0.97183 13.16965
  0.0321  0.0337  0.0303  0.0317  0.0312  0.0309  0.0310  0.0324  0.0297  0.0329  0.0300  0.0295
  0.0302  0.0314  0.0291  0.0302  0.0297  0.0298  0.0298  0.0293  0.0289  0.0306  0.0291  0.0285
  0.0290  0.0297  0.0284  0.0290  0.0287  0.0290  0.0290  0.0284  0.0285  0.0291  0.0285  0.0282
  0.0286  0.0286  0.0281  0.0281  0.0284  0.0285  0.0287  0.0287  0.0285  0.0284  0.0284  0.0284
  0.0289  0.0281  0.0282  0.0283  0.0303  0.0287  0.0290  0.0298  0.0288  0.0285  0.0284  0.0289
  0.0300  0.0283  0.0287  0.0310  0.0344  0.0309  0.0297  0.0316  0.0295  0.0291  0.0288  0.0297
  0.0321  0.0292  0.0296  0.0361  0.0385  0.0349  0.0309  0.0339  0.0304  0.0305  0.0294  0.0307
niter,ni,del,rscale     6    3    5.0000    1.2000
parameters
   -2.5382  -16.8363   14.6013   -8.8071  -15.4065   -3.4397
   -1.0510  -12.5016    2.4872   21.3539   17.2260  -33.1322
eta,q 0.97187 13.11480
  0.0313  0.0318  0.0292  0.0318  0.0319  0.0309  0.0305  0.0334  0.0297  0.0324  0.0295  0.0297
  0.0295  0.0301  0.0284  0.0302  0.0301  0.0298  0.0293  0.0298  0.0288  0.0302  0.0288  0.0286
  0.0285  0.0289  0.0280  0.0290  0.0287  0.0288  0.0285  0.0283  0.0283  0.0288  0.0283  0.0282
  0.0282  0.0282  0.0279  0.0279  0.0279  0.0281  0.0282  0.0282  0.0282  0.0282  0.0282  0.0282
  0.0285  0.0279  0.0282  0.0275  0.0284  0.0280  0.0285  0.0291  0.0285  0.0283  0.0283  0.0287
  0.0296  0.0282  0.0288  0.0293  0.0313  0.0296  0.0292  0.0306  0.0291  0.0291  0.0287  0.0294
  0.0315  0.0290  0.0298  0.0331  0.0355  0.0333  0.0304  0.0327  0.0299  0.0303  0.0294  0.0303
niter,ni,del,rscale     5    3    5.0000    1.2000
parameters
   -2.5383  -16.5455   14.3632   -8.7858  -15.9083   -3.7216
   -0.9667  -12.4734    2.2963   22.1091   17.3428  -33.6818
eta,q 0.97177 13.09979
  0.0312  0.0308  0.0293  0.0319  0.0323  0.0311  0.0305  0.0335  0.0297  0.0319  0.0295  0.0299
  0.0295  0.0295  0.0286  0.0303  0.0305  0.0299  0.0293  0.0298  0.0289  0.0299  0.0288  0.0288
  0.0285  0.0286  0.0282  0.0291  0.0290  0.0289  0.0285  0.0283  0.0284  0.0287  0.0284  0.0283
  0.0281  0.0281  0.0281  0.0281  0.0281  0.0282  0.0283  0.0283  0.0283  0.0283  0.0283  0.0283
  0.0284  0.0282  0.0283  0.0277  0.0281  0.0279  0.0285  0.0291  0.0285  0.0285  0.0284  0.0287
  0.0295  0.0287  0.0289  0.0293  0.0304  0.0292  0.0292  0.0305  0.0290  0.0293  0.0288  0.0293
  0.0312  0.0298  0.0298  0.0329  0.0345  0.0328  0.0303  0.0326  0.0298  0.0306  0.0294  0.0301
niter,ni,del,rscale     4    3    5.0000    1.2000
parameters
   -2.5304  -16.3825   14.2142   -8.7934  -16.2152   -3.8934
   -0.9113  -12.4640    2.1381   22.5931   17.4856  -34.0120
eta,q 0.97167 13.09070
  0.0312  0.0306  0.0294  0.0319  0.0324  0.0312  0.0305  0.0335  0.0298  0.0316  0.0295  0.0301
  0.0296  0.0294  0.0287  0.0304  0.0307  0.0300  0.0293  0.0298  0.0290  0.0298  0.0288  0.0290
  0.0286  0.0286  0.0283  0.0292  0.0292  0.0290  0.0286  0.0283  0.0285  0.0287  0.0285  0.0284
  0.0282  0.0282  0.0282  0.0282  0.0282  0.0283  0.0283  0.0283  0.0283  0.0283  0.0283  0.0283
  0.0285  0.0284  0.0284  0.0278  0.0281  0.0280  0.0286  0.0292  0.0286  0.0286  0.0285  0.0287
  0.0295  0.0290  0.0289  0.0294  0.0302  0.0292  0.0293  0.0306  0.0291  0.0294  0.0288  0.0294
  0.0312  0.0300  0.0298  0.0330  0.0342  0.0326  0.0304  0.0327  0.0299  0.0308  0.0294  0.0301
niter,ni,del,rscale     3    3    5.0000    1.2000
parameters
   -2.5264  -16.2705   14.1117   -8.8065  -16.4414   -4.0162
   -0.8742  -12.4629    2.0043   22.9361   17.6353  -34.2253
eta,q 0.97159 13.08271
  0.0313  0.0305  0.0295  0.0319  0.0325  0.0312  0.0305  0.0335  0.0298  0.0315  0.0296  0.0302
  0.0296  0.0294  0.0288  0.0304  0.0308  0.0301  0.0294  0.0299  0.0290  0.0297  0.0289  0.0291
  0.0287  0.0286  0.0284  0.0293  0.0293  0.0291  0.0287  0.0284  0.0285  0.0287  0.0285  0.0285
  0.0283  0.0283  0.0283  0.0283  0.0283  0.0284  0.0284  0.0284  0.0284  0.0284  0.0284  0.0284
  0.0286  0.0285  0.0285  0.0279  0.0282  0.0281  0.0287  0.0292  0.0286  0.0287  0.0285  0.0287
  0.0296  0.0291  0.0290  0.0295  0.0301  0.0292  0.0294  0.0306  0.0291  0.0295  0.0289  0.0294
  0.0313  0.0301  0.0298  0.0331  0.0340  0.0326  0.0305  0.0327  0.0299  0.0309  0.0295  0.0301
niter,ni,del,rscale     2    3    5.0000    1.2000
parameters
   -2.5241  -16.1809   14.0341   -8.8197  -16.6326   -4.1160
   -0.8549  -12.4704    1.8847   23.2036   17.7931  -34.3837
eta,q 0.97152 13.07521
  0.0313  0.0306  0.0296  0.0319  0.0325  0.0313  0.0305  0.0335  0.0299  0.0315  0.0296  0.0302
  0.0297  0.0294  0.0289  0.0305  0.0308  0.0301  0.0294  0.0299  0.0291  0.0297  0.0290  0.0291
  0.0287  0.0287  0.0285  0.0293  0.0294  0.0292  0.0287  0.0284  0.0286  0.0287  0.0286  0.0286
  0.0284  0.0284  0.0284  0.0284  0.0284  0.0285  0.0285  0.0285  0.0285  0.0285  0.0285  0.0285
  0.0287  0.0286  0.0286  0.0280  0.0282  0.0281  0.0287  0.0293  0.0287  0.0288  0.0286  0.0288
  0.0297  0.0292  0.0290  0.0295  0.0300  0.0292  0.0294  0.0307  0.0292  0.0296  0.0289  0.0294
  0.0313  0.0302  0.0298  0.0331  0.0340  0.0326  0.0305  0.0327  0.0299  0.0310  0.0295  0.0302
niter,ni,del,rscale     1    3    5.0000    1.2000
parameters
   -2.5223  -16.1100   13.9706   -8.8358  -16.7892   -4.1995
   -0.8340  -12.4820    1.7872   23.4188   17.9326  -34.4995
eta,q 0.97146 13.06873
  0.0313  0.0306  0.0297  0.0320  0.0325  0.0313  0.0306  0.0335  0.0299  0.0314  0.0296  0.0303
  0.0297  0.0294  0.0290  0.0305  0.0308  0.0302  0.0295  0.0299  0.0292  0.0297  0.0290  0.0292
  0.0288  0.0287  0.0286  0.0294  0.0295  0.0292  0.0288  0.0285  0.0287  0.0288  0.0286  0.0286
  0.0285  0.0285  0.0285  0.0285  0.0285  0.0285  0.0285  0.0285  0.0285  0.0285  0.0285  0.0285
  0.0288  0.0287  0.0286  0.0281  0.0283  0.0282  0.0288  0.0293  0.0288  0.0289  0.0286  0.0288
  0.0297  0.0293  0.0291  0.0296  0.0300  0.0292  0.0295  0.0307  0.0293  0.0296  0.0290  0.0294
  0.0314  0.0303  0.0298  0.0331  0.0339  0.0325  0.0305  0.0327  0.0300  0.0310  0.0295  0.0302
registration optimization eta report
parameter search radius
    2.4000    2.4000    2.4000    8.2800    9.5220    7.2000
    7.2000    7.2000    7.2000    8.2800    8.2800    8.2800
100000*second partial in parameter space
       50.       34.       22.        6.        5.        7.
        4.        9.        3.        4.        2.        2.
  0.0313  0.0306  0.0297  0.0320  0.0325  0.0313  0.0306  0.0335  0.0299  0.0314  0.0296  0.0303
  0.0297  0.0294  0.0290  0.0305  0.0308  0.0302  0.0295  0.0299  0.0292  0.0297  0.0290  0.0292
  0.0288  0.0287  0.0286  0.0294  0.0295  0.0292  0.0288  0.0285  0.0287  0.0288  0.0286  0.0286
  0.0285  0.0285  0.0285  0.0285  0.0285  0.0285  0.0285  0.0285  0.0285  0.0285  0.0285  0.0285
  0.0288  0.0287  0.0286  0.0281  0.0283  0.0282  0.0288  0.0293  0.0288  0.0289  0.0286  0.0288
  0.0297  0.0293  0.0291  0.0296  0.0300  0.0292  0.0295  0.0307  0.0293  0.0296  0.0290  0.0294
  0.0314  0.0303  0.0298  0.0331  0.0339  0.0325  0.0305  0.0327  0.0300  0.0310  0.0295  0.0302
   -2.5223  -16.1100   13.9706   -8.8358  -16.7892   -4.1995
   -0.8340  -12.4820    1.7872   23.4188   17.9326  -34.4995
eta,q 0.97146 13.06873

---------------------------------------------------------------------
imgreg_4dfp /opt/freesurfer/average/711-2C_as_mni_average_305 /opt/freesurfer/average/711-2B_as_mni_average_305_mask talsrcimg_g11 none talsrcimg_to_711-2C_as_mni_average_305_t4 2311
---------------------------------------------------------------------

freesurfer imgreg_4dfp.c
/opt/freesurfer/average/711-2C_as_mni_average_305.4dfp.img
       256       256       256         1
  1.000000  1.000000  1.000000
orientation T byte_order littleendian
Reading image: /opt/freesurfer/average/711-2C_as_mni_average_305.4dfp.img
dimensions:      256       256       256
mmppix:       1.0000   -1.0000   -1.0000
center:     128.0000 -129.0000 -129.0000
/opt/freesurfer/average/711-2B_as_mni_average_305_mask.4dfp.img
       256       256       256         1
  1.000000  1.000000  1.000000
orientation T byte_order littleendian
Reading mask: /opt/freesurfer/average/711-2B_as_mni_average_305_mask.4dfp.img (2306576 pixels)
talsrcimg_g11.4dfp.img
       256       256       256         1
  1.000000  1.000000  1.000000
orientation T byte_order littleendian
Reading image: talsrcimg_g11.4dfp.img
dimensions:      256       256       256
mmppix:       1.0000   -1.0000   -1.0000
center:     128.0000 -129.0000 -129.0000
fimgreg.f
image alignment mode   2311 decimal      907 hex
parameters
   -2.5223  -16.1100   13.9706   -8.8358  -16.7892   -4.1995
   -0.8340  -12.4820    1.7872   23.4188   17.9326  -34.4995
eta,q 0.97146 13.06874
niter,ni,del,rscale     5    3    5.0000    0.8000
parameters
   -2.5068  -16.0868   13.9244   -7.1804  -14.8853   -3.6363
   -0.3582  -12.5650    2.5099   23.3150   16.8002  -33.9865
eta,q 0.97232 13.26562
  0.0298  0.0294  0.0290  0.0302  0.0299  0.0296  0.0292  0.0306  0.0288  0.0288  0.0280  0.0288
  0.0291  0.0289  0.0288  0.0296  0.0292  0.0289  0.0285  0.0286  0.0282  0.0281  0.0278  0.0282
  0.0287  0.0286  0.0286  0.0290  0.0286  0.0283  0.0280  0.0278  0.0279  0.0278  0.0277  0.0278
  0.0285  0.0285  0.0285  0.0285  0.0282  0.0279  0.0278  0.0277  0.0277  0.0277  0.0277  0.0277
  0.0287  0.0286  0.0286  0.0282  0.0279  0.0277  0.0278  0.0283  0.0278  0.0279  0.0279  0.0277
  0.0291  0.0289  0.0288  0.0282  0.0279  0.0279  0.0281  0.0292  0.0279  0.0282  0.0281  0.0280
  0.0297  0.0294  0.0291  0.0290  0.0285  0.0293  0.0287  0.0304  0.0283  0.0288  0.0286  0.0283
niter,ni,del,rscale     4    3    5.0000    0.7000
parameters
   -2.5833  -16.4003   13.9538   -7.3588  -14.5723   -3.1729
   -0.5793  -12.5982    2.7916   22.7379   16.8429  -33.5897
eta,q 0.97249 13.27845
  0.0289  0.0281  0.0282  0.0291  0.0289  0.0291  0.0284  0.0299  0.0282  0.0282  0.0280  0.0284
  0.0282  0.0278  0.0279  0.0285  0.0284  0.0285  0.0279  0.0283  0.0279  0.0277  0.0277  0.0279
  0.0278  0.0276  0.0277  0.0280  0.0280  0.0280  0.0276  0.0276  0.0276  0.0275  0.0276  0.0276
  0.0277  0.0277  0.0276  0.0276  0.0277  0.0276  0.0275  0.0275  0.0275  0.0275  0.0275  0.0275
  0.0279  0.0279  0.0277  0.0277  0.0276  0.0275  0.0277  0.0280  0.0276  0.0277  0.0276  0.0276
  0.0284  0.0283  0.0279  0.0284  0.0279  0.0278  0.0280  0.0287  0.0278  0.0281  0.0277  0.0278
  0.0292  0.0288  0.0282  0.0297  0.0288  0.0289  0.0286  0.0297  0.0281  0.0286  0.0280  0.0281
niter,ni,del,rscale     3    3    5.0000    0.6000
parameters
   -2.5584  -16.5626   14.1023   -7.2530  -14.2110   -2.8727
   -0.6508  -12.6835    2.9459   22.4169   16.8385  -33.2564
eta,q 0.97263 13.30173
  0.0285  0.0280  0.0280  0.0287  0.0285  0.0286  0.0281  0.0291  0.0279  0.0280  0.0277  0.0280
  0.0280  0.0277  0.0278  0.0282  0.0280  0.0281  0.0277  0.0280  0.0276  0.0276  0.0275  0.0277
  0.0276  0.0275  0.0276  0.0278  0.0277  0.0277  0.0275  0.0274  0.0274  0.0274  0.0274  0.0275
  0.0275  0.0275  0.0275  0.0275  0.0275  0.0274  0.0274  0.0274  0.0274  0.0274  0.0274  0.0274
  0.0276  0.0276  0.0275  0.0275  0.0274  0.0273  0.0275  0.0277  0.0274  0.0275  0.0274  0.0274
  0.0279  0.0279  0.0276  0.0279  0.0276  0.0276  0.0277  0.0283  0.0276  0.0278  0.0275  0.0276
  0.0285  0.0283  0.0278  0.0288  0.0283  0.0285  0.0281  0.0291  0.0278  0.0282  0.0277  0.0278
niter,ni,del,rscale     2    3    5.0000    0.5000
parameters
   -2.5646  -16.6606   14.1785   -7.1463  -13.9536   -2.6449
   -0.7062  -12.7464    3.0540   22.2190   16.8973  -32.9993
eta,q 0.97270 13.32050
  0.0281  0.0277  0.0277  0.0283  0.0281  0.0282  0.0278  0.0286  0.0277  0.0277  0.0276  0.0278
  0.0277  0.0275  0.0275  0.0279  0.0278  0.0278  0.0275  0.0278  0.0275  0.0275  0.0274  0.0275
  0.0275  0.0274  0.0274  0.0276  0.0275  0.0275  0.0274  0.0274  0.0273  0.0273  0.0273  0.0274
  0.0274  0.0274  0.0274  0.0274  0.0274  0.0273  0.0273  0.0273  0.0273  0.0273  0.0273  0.0273
  0.0274  0.0274  0.0274  0.0273  0.0273  0.0273  0.0274  0.0275  0.0273  0.0274  0.0273  0.0273
  0.0277  0.0276  0.0275  0.0277  0.0275  0.0275  0.0275  0.0280  0.0274  0.0276  0.0274  0.0274
  0.0281  0.0279  0.0276  0.0283  0.0279  0.0281  0.0279  0.0285  0.0276  0.0279  0.0276  0.0276
niter,ni,del,rscale     1    3    5.0000    0.4000
parameters
   -2.5715  -16.7345   14.2182   -7.0420  -13.7410   -2.4543
   -0.7253  -12.8025    3.1063   22.1127   17.0030  -32.7849
eta,q 0.97275 13.33831
  0.0278  0.0275  0.0275  0.0280  0.0278  0.0278  0.0276  0.0281  0.0275  0.0275  0.0274  0.0276
  0.0275  0.0274  0.0274  0.0277  0.0276  0.0276  0.0274  0.0276  0.0274  0.0274  0.0273  0.0274
  0.0274  0.0273  0.0273  0.0275  0.0274  0.0274  0.0273  0.0273  0.0273  0.0273  0.0273  0.0273
  0.0273  0.0273  0.0273  0.0273  0.0273  0.0273  0.0273  0.0273  0.0272  0.0273  0.0272  0.0272
  0.0273  0.0273  0.0273  0.0273  0.0273  0.0272  0.0273  0.0274  0.0273  0.0273  0.0273  0.0273
  0.0275  0.0275  0.0274  0.0275  0.0274  0.0274  0.0274  0.0277  0.0273  0.0274  0.0273  0.0273
  0.0278  0.0276  0.0275  0.0280  0.0277  0.0277  0.0276  0.0281  0.0275  0.0276  0.0274  0.0275
registration optimization eta report
parameter search radius
    0.8000    0.8000    0.8000    2.4000    2.4000    2.4000
    2.4000    2.4000    2.4000    2.4000    2.4000    2.4000
100000*second partial in parameter space
       74.       45.       33.       12.        8.        9.
        6.       15.        4.        6.        3.        5.
  0.0278  0.0275  0.0275  0.0280  0.0278  0.0278  0.0276  0.0281  0.0275  0.0275  0.0274  0.0276
  0.0275  0.0274  0.0274  0.0277  0.0276  0.0276  0.0274  0.0276  0.0274  0.0274  0.0273  0.0274
  0.0274  0.0273  0.0273  0.0275  0.0274  0.0274  0.0273  0.0273  0.0273  0.0273  0.0273  0.0273
  0.0273  0.0273  0.0273  0.0273  0.0273  0.0273  0.0273  0.0273  0.0272  0.0273  0.0272  0.0272
  0.0273  0.0273  0.0273  0.0273  0.0273  0.0272  0.0273  0.0274  0.0273  0.0273  0.0273  0.0273
  0.0275  0.0275  0.0274  0.0275  0.0274  0.0274  0.0274  0.0277  0.0273  0.0274  0.0273  0.0273
  0.0278  0.0276  0.0275  0.0280  0.0277  0.0277  0.0276  0.0281  0.0275  0.0276  0.0274  0.0275
   -2.5715  -16.7345   14.2182   -7.0420  -13.7410   -2.4543
   -0.7253  -12.8025    3.1063   22.1127   17.0030  -32.7849
eta,q 0.97275 13.33831

---------------------------------------------------------------------
imgreg_4dfp /opt/freesurfer/average/711-2C_as_mni_average_305 /opt/freesurfer/average/711-2B_as_mni_average_305_mask talsrcimg_g11 none talsrcimg_to_711-2C_as_mni_average_305_t4 2311
---------------------------------------------------------------------

freesurfer imgreg_4dfp.c
/opt/freesurfer/average/711-2C_as_mni_average_305.4dfp.img
       256       256       256         1
  1.000000  1.000000  1.000000
orientation T byte_order littleendian
Reading image: /opt/freesurfer/average/711-2C_as_mni_average_305.4dfp.img
dimensions:      256       256       256
mmppix:       1.0000   -1.0000   -1.0000
center:     128.0000 -129.0000 -129.0000
/opt/freesurfer/average/711-2B_as_mni_average_305_mask.4dfp.img
       256       256       256         1
  1.000000  1.000000  1.000000
orientation T byte_order littleendian
Reading mask: /opt/freesurfer/average/711-2B_as_mni_average_305_mask.4dfp.img (2306576 pixels)
talsrcimg_g11.4dfp.img
       256       256       256         1
  1.000000  1.000000  1.000000
orientation T byte_order littleendian
Reading image: talsrcimg_g11.4dfp.img
dimensions:      256       256       256
mmppix:       1.0000   -1.0000   -1.0000
center:     128.0000 -129.0000 -129.0000
fimgreg.f
image alignment mode   2311 decimal      907 hex
parameters
   -2.5715  -16.7345   14.2182   -7.0420  -13.7410   -2.4543
   -0.7253  -12.8025    3.1063   22.1127   17.0030  -32.7849
eta,q 0.97275 13.33832
niter,ni,del,rscale     5    3    5.0000    0.8000
parameters
   -2.6302  -16.8234   14.2549   -7.6917  -14.2437   -2.9498
   -0.7714  -12.7134    2.8609   21.7459   16.8580  -33.0692
eta,q 0.97253 13.26460
  0.0290  0.0283  0.0282  0.0289  0.0286  0.0290  0.0286  0.0306  0.0282  0.0285  0.0280  0.0283
  0.0281  0.0277  0.0277  0.0282  0.0280  0.0283  0.0280  0.0285  0.0278  0.0279  0.0277  0.0278
  0.0275  0.0274  0.0273  0.0276  0.0276  0.0277  0.0276  0.0276  0.0275  0.0275  0.0275  0.0275
  0.0272  0.0272  0.0273  0.0273  0.0273  0.0274  0.0275  0.0275  0.0275  0.0275  0.0275  0.0275
  0.0275  0.0274  0.0273  0.0275  0.0275  0.0274  0.0276  0.0280  0.0276  0.0277  0.0275  0.0276
  0.0282  0.0278  0.0276  0.0287  0.0283  0.0284  0.0280  0.0288  0.0279  0.0281  0.0277  0.0280
  0.0294  0.0286  0.0281  0.0307  0.0298  0.0306  0.0287  0.0299  0.0284  0.0288  0.0281  0.0284
niter,ni,del,rscale     4    3    5.0000    0.7000
parameters
   -2.5426  -16.7146   14.2914   -7.5005  -14.2293   -2.9113
   -0.7671  -12.7019    2.9636   21.8979   16.6856  -33.1425
eta,q 0.97260 13.27434
  0.0289  0.0284  0.0281  0.0290  0.0286  0.0288  0.0283  0.0298  0.0281  0.0284  0.0278  0.0281
  0.0282  0.0279  0.0277  0.0284  0.0281  0.0282  0.0278  0.0282  0.0277  0.0278  0.0276  0.0277
  0.0277  0.0276  0.0275  0.0279  0.0277  0.0277  0.0275  0.0275  0.0275  0.0275  0.0274  0.0275
  0.0275  0.0275  0.0275  0.0274  0.0274  0.0274  0.0274  0.0274  0.0274  0.0274  0.0274  0.0274
  0.0275  0.0275  0.0275  0.0273  0.0274  0.0273  0.0275  0.0278  0.0275  0.0275  0.0275  0.0275
  0.0279  0.0277  0.0277  0.0279  0.0278  0.0278  0.0278  0.0285  0.0277  0.0278  0.0276  0.0278
  0.0286  0.0282  0.0280  0.0291  0.0288  0.0291  0.0284  0.0294  0.0280  0.0282  0.0279  0.0281
niter,ni,del,rscale     3    3    5.0000    0.6000
parameters
   -2.5425  -16.6962   14.2643   -7.3256  -14.0864   -2.7882
   -0.7684  -12.7118    3.0286   21.9798   16.7296  -33.0552
eta,q 0.97266 13.29444
  0.0284  0.0280  0.0278  0.0287  0.0283  0.0285  0.0281  0.0292  0.0278  0.0281  0.0277  0.0279
  0.0279  0.0277  0.0276  0.0282  0.0279  0.0280  0.0277  0.0280  0.0276  0.0277  0.0275  0.0276
  0.0275  0.0275  0.0274  0.0277  0.0276  0.0276  0.0274  0.0274  0.0274  0.0274  0.0274  0.0274
  0.0274  0.0274  0.0274  0.0274  0.0274  0.0274  0.0273  0.0273  0.0273  0.0273  0.0273  0.0273
  0.0275  0.0275  0.0275  0.0273  0.0274  0.0273  0.0274  0.0277  0.0274  0.0274  0.0274  0.0274
  0.0278  0.0277  0.0276  0.0278  0.0276  0.0276  0.0277  0.0282  0.0275  0.0276  0.0275  0.0276
  0.0284  0.0280  0.0279  0.0287  0.0283  0.0285  0.0281  0.0290  0.0278  0.0280  0.0277  0.0279
niter,ni,del,rscale     2    3    5.0000    0.5000
parameters
   -2.5510  -16.7180   14.2555   -7.1703  -13.9089   -2.6111
   -0.7585  -12.7534    3.0883   22.0278   16.8376  -32.9220
eta,q 0.97271 13.31668
  0.0280  0.0278  0.0277  0.0283  0.0280  0.0281  0.0278  0.0286  0.0276  0.0278  0.0276  0.0277
  0.0277  0.0275  0.0275  0.0279  0.0277  0.0278  0.0275  0.0278  0.0274  0.0275  0.0274  0.0275
  0.0274  0.0274  0.0274  0.0276  0.0275  0.0275  0.0274  0.0273  0.0273  0.0273  0.0273  0.0273
  0.0273  0.0273  0.0273  0.0273  0.0273  0.0273  0.0273  0.0273  0.0273  0.0273  0.0273  0.0273
  0.0274  0.0274  0.0274  0.0273  0.0273  0.0273  0.0273  0.0275  0.0273  0.0273  0.0273  0.0273
  0.0277  0.0275  0.0275  0.0276  0.0275  0.0275  0.0275  0.0279  0.0274  0.0275  0.0274  0.0274
  0.0281  0.0278  0.0277  0.0283  0.0280  0.0281  0.0278  0.0285  0.0276  0.0278  0.0275  0.0276
niter,ni,del,rscale     1    3    5.0000    0.4000
parameters
   -2.5649  -16.7582   14.2532   -7.0530  -13.7244   -2.4485
   -0.7496  -12.8051    3.1415   22.0263   16.9519  -32.7624
eta,q 0.97275 13.33610
  0.0277  0.0275  0.0275  0.0280  0.0278  0.0278  0.0276  0.0281  0.0275  0.0276  0.0274  0.0276
  0.0275  0.0274  0.0274  0.0277  0.0275  0.0276  0.0274  0.0276  0.0273  0.0274  0.0273  0.0274
  0.0273  0.0273  0.0273  0.0274  0.0274  0.0274  0.0273  0.0273  0.0273  0.0273  0.0273  0.0273
  0.0273  0.0273  0.0273  0.0273  0.0273  0.0273  0.0272  0.0272  0.0272  0.0272  0.0272  0.0273
  0.0273  0.0273  0.0273  0.0273  0.0273  0.0272  0.0273  0.0274  0.0273  0.0273  0.0273  0.0273
  0.0275  0.0274  0.0274  0.0275  0.0274  0.0274  0.0274  0.0277  0.0273  0.0274  0.0273  0.0273
  0.0278  0.0276  0.0275  0.0279  0.0277  0.0278  0.0276  0.0281  0.0275  0.0276  0.0274  0.0275
registration optimization eta report
parameter search radius
    0.8000    0.8000    0.8000    2.4000    2.4000    2.4000
    2.4000    2.4000    2.4000    2.4000    2.4000    2.4000
100000*second partial in parameter space
       75.       45.       33.       12.        8.        9.
        6.       15.        4.        6.        3.        5.
  0.0277  0.0275  0.0275  0.0280  0.0278  0.0278  0.0276  0.0281  0.0275  0.0276  0.0274  0.0276
  0.0275  0.0274  0.0274  0.0277  0.0275  0.0276  0.0274  0.0276  0.0273  0.0274  0.0273  0.0274
  0.0273  0.0273  0.0273  0.0274  0.0274  0.0274  0.0273  0.0273  0.0273  0.0273  0.0273  0.0273
  0.0273  0.0273  0.0273  0.0273  0.0273  0.0273  0.0272  0.0272  0.0272  0.0272  0.0272  0.0273
  0.0273  0.0273  0.0273  0.0273  0.0273  0.0272  0.0273  0.0274  0.0273  0.0273  0.0273  0.0273
  0.0275  0.0274  0.0274  0.0275  0.0274  0.0274  0.0274  0.0277  0.0273  0.0274  0.0273  0.0273
  0.0278  0.0276  0.0275  0.0279  0.0277  0.0278  0.0276  0.0281  0.0275  0.0276  0.0274  0.0275
   -2.5649  -16.7582   14.2532   -7.0530  -13.7244   -2.4485
   -0.7496  -12.8051    3.1415   22.0263   16.9519  -32.7624
eta,q 0.97275 13.33610

---------------------------------------------------------------------
compute_vox2vox talsrcimg talsrcimg_to_711-2C_as_mni_average_305_t4 /opt/freesurfer/average/711-2C_as_mni_average_305
---------------------------------------------------------------------

freesurfer compute_vox2vox.c
Reading: talsrcimg.4dfp.ifh
Reading: talsrcimg_to_711-2C_as_mni_average_305_t4
Reading: /opt/freesurfer/average/711-2C_as_mni_average_305.4dfp.ifh
Writing: talsrcimg_to_711-2C_as_mni_average_305_t4_vox2vox.txt

start time Sat Mar 14 01:04:51 CET 2026
end		time Sat Mar 14 01:06:21 CET 2026

mpr2mni305 success

avi2talxfm orig_nu.mgz /opt/freesurfer/average/mni305.cor.mgz talsrcimg_to_711-2C_as_mni_average_305_t4_vox2vox.txt transforms/talairach.auto.xfm
avi2talxfm done
mv -f /out/sourcedata/freesurfer/sub-v2s8x29207_ses-1/mri/talsrcimg_to_711-2C_as_mni_average_305_t4_vox2vox.txt /out/sourcedata/freesurfer/sub-v2s8x29207_ses-1/mri/transforms/talsrcimg_to_711-2C_as_mni_average_305_t4_vox2vox.txt
lta_convert --src orig_nu.mgz --trg /opt/freesurfer/average/mni305.cor.mgz --inxfm transforms/talairach.auto.xfm --outlta transforms/talairach.auto.xfm.lta --subject fsaverage
7.3.2

--src: orig_nu.mgz src image (geometry).
--trg: /opt/freesurfer/average/mni305.cor.mgz trg image (geometry).
--inmni: transforms/talairach.auto.xfm input MNI/XFM transform.
--outlta: transforms/talairach.auto.xfm.lta output LTA.
--s: fsaverage subject name
 LTA read, type : 1
 1.05114   0.12518   0.05667   1.10571;
-0.18007   0.92270   0.34882  -8.99676;
 0.00770  -0.24013   1.06796   20.26625;
 0.00000   0.00000   0.00000   1.00000;
setting subject to fsaverage
Writing  LTA to file transforms/talairach.auto.xfm.lta...
lta_convert successful.
 
 
Started at Sat Mar 14 01:04:50 CET 2026
Ended   at Sat Mar 14 01:06:21 CET 2026
talairach_avi done
