/out/sourcedata/freesurfer/sub-v2s8x29248_ses-1/mri
/opt/freesurfer/bin/talairach_avi
--i orig_nu.mgz --xfm transforms/talairach.auto.xfm
talairach_avi 7.3.2
Linux dna026 5.14.0-427.37.1.el9_4.x86_64 #1 SMP PREEMPT_DYNAMIC Fri Sep 13 12:41:50 EDT 2024 x86_64 x86_64 x86_64 GNU/Linux
Sat Mar 14 03:19:16 CET 2026
mri_convert orig_nu.mgz talsrcimg.img 
reading from orig_nu.mgz...
TR=0.00, TE=0.00, TI=0.00, flip angle=0.00
i_ras = (-1, 0, 0)
j_ras = (0, 0, -1)
k_ras = (0, 1, 0)
writing to talsrcimg.img...
Analyze Output Matrix
-1.00000   0.00000   0.00000   120.99043;
 0.00000   0.00000   1.00000  -128.00000;
 0.00000  -1.00000   0.00000   117.71085;
 0.00000   0.00000   0.00000   1.00000;
--------------------
INFO: set hdr.hist.orient to -1
mpr2mni305 talsrcimg
Sat Mar 14 03:19:16 CET 2026
/opt/freesurfer/bin/mpr2mni305 talsrcimg
mpr2mni305 7.3.2
target=711-2C_as_mni_average_305

---------------------------------------------------------------------
analyzeto4dfp talsrcimg -O0 -y
---------------------------------------------------------------------

freesurfer ifh2hdr.c
Sat Mar 14 03:19:17 2026
Writing: talsrcimg.4dfp.hdr
freesurfer analyzeto4dfp.c
Reading: talsrcimg.hdr
header size 348 bytes
hdr.dime.datatype	offset=70	value=2
hdr.dime.bitpix		offset=72	value=8
hdr.hist.orient		offset=252	value=-1
dimensionality     4
dimensions       256       256       256         1
Reading: talsrcimg.img
Writing: talsrcimg.4dfp.img
Writing: talsrcimg.4dfp.ifh
ifh2hdr talsrcimg -r0to226
ori=2

---------------------------------------------------------------------
gauss_4dfp talsrcimg 1.1
---------------------------------------------------------------------

freesurfer gauss_4dfp.c
Reading: talsrcimg.4dfp.img
Writing: talsrcimg_g11.4dfp.img
image dimensions 256 256 256 padded to 288 288 288
processing volume 1freesurfer ifh2hdr.c
Sat Mar 14 03:19:18 2026
Writing: talsrcimg_g11.4dfp.hdr

Writing: talsrcimg_g11.4dfp.ifh
including: talsrcimg.4dfp.img.rec in talsrcimg_g11.4dfp.img.rec

---------------------------------------------------------------------
imgreg_4dfp /opt/freesurfer/average/711-2C_as_mni_average_305 none talsrcimg_g11 none talsrcimg_to_711-2C_as_mni_average_305_t4 4355
---------------------------------------------------------------------

freesurfer imgreg_4dfp.c
/opt/freesurfer/average/711-2C_as_mni_average_305.4dfp.img
       256       256       256         1
  1.000000  1.000000  1.000000
orientation T byte_order littleendian
Reading image: /opt/freesurfer/average/711-2C_as_mni_average_305.4dfp.img
dimensions:      256       256       256
mmppix:       1.0000   -1.0000   -1.0000
center:     128.0000 -129.0000 -129.0000
talsrcimg_g11.4dfp.img
       256       256       256         1
  1.000000  1.000000  1.000000
orientation T byte_order littleendian
Reading image: talsrcimg_g11.4dfp.img
dimensions:      256       256       256
mmppix:       1.0000   -1.0000   -1.0000
center:     128.0000 -129.0000 -129.0000
t4_read: open error in t4_sub.f l:  41 t4_file(1:l)talsrcimg_to_711-2C_as_mni_average_305_t4 
t4_read: transform initialized to I4
rotation matrix determinant  1.000000
image alignment mode   4355 decimal     1103 hex
   -7.5000  -45.0000  -45.0000 8298.3906   19.6395
    0.0000  -45.0000  -45.0000 8632.0176   19.6228
    7.5000  -45.0000  -45.0000 8281.7783   19.6063
   -7.5000  -37.5000  -45.0000 8626.2930   19.5908
    0.0000  -37.5000  -45.0000 8982.4668   19.5740
    7.5000  -37.5000  -45.0000 8599.3516   19.5615
   -7.5000  -30.0000  -45.0000 9254.8184   19.5678
    0.0000  -30.0000  -45.0000 9620.9834   19.5499
    7.5000  -30.0000  -45.0000 9210.0566   19.5401
   -7.5000  -22.5000  -45.0000 9797.8174   19.6001
    0.0000  -22.5000  -45.000010207.6523   19.5847
    7.5000  -22.5000  -45.0000 9765.5869   19.5735
   -7.5000  -15.0000  -45.000010284.2871   19.6494
    0.0000  -15.0000  -45.000010722.5889   19.6366
    7.5000  -15.0000  -45.000010276.3320   19.6224
   -7.5000   -7.5000  -45.000010700.0654   19.6657
    0.0000   -7.5000  -45.000011132.5469   19.6507
    7.5000   -7.5000  -45.000010690.4883   19.6339
   -7.5000    0.0000  -45.000010976.0352   19.6395
    0.0000    0.0000  -45.000011394.5879   19.6228
    7.5000    0.0000  -45.000010958.0762   19.6063
   -7.5000    7.5000  -45.000010422.6650   19.5908
    0.0000    7.5000  -45.000010819.0625   19.5740
    7.5000    7.5000  -45.000010390.4072   19.5615
   -7.5000   15.0000  -45.0000 9768.3857   19.5678
    0.0000   15.0000  -45.000010139.6621   19.5499
    7.5000   15.0000  -45.0000 9702.9561   19.5401
   -7.5000   22.5000  -45.0000 9076.6289   19.5975
    0.0000   22.5000  -45.0000 9417.7129   19.5820
    7.5000   22.5000  -45.0000 8977.3213   19.5708
   -7.5000   30.0000  -45.0000 8316.0596   19.3876
    0.0000   30.0000  -45.0000 8628.8389   19.3749
    7.5000   30.0000  -45.0000 8241.0938   19.3609
   -7.5000   37.5000  -45.0000 7766.3799   19.4398
    0.0000   37.5000  -45.0000 8100.5962   19.4245
    7.5000   37.5000  -45.0000 7759.4644   19.4073
   -7.5000   45.0000  -45.0000 6920.4189   19.1746
    0.0000   45.0000  -45.0000 7243.8032   19.1581
    7.5000   45.0000  -45.0000 6920.9336   19.1394
   -7.5000  -45.0000  -37.5000 8863.0635   19.4276
    0.0000  -45.0000  -37.5000 9214.4102   19.4229
    7.5000  -45.0000  -37.5000 8833.0361   19.4215
   -7.5000  -37.5000  -37.5000 9183.8604   19.3786
    0.0000  -37.5000  -37.5000 9569.4814   19.3720
    7.5000  -37.5000  -37.5000 9154.1895   19.3715
   -7.5000  -30.0000  -37.5000 9839.5029   19.3499
    0.0000  -30.0000  -37.500010241.7412   19.3381
    7.5000  -30.0000  -37.5000 9771.1445   19.3393
   -7.5000  -22.5000  -37.500010397.1406   19.3750
    0.0000  -22.5000  -37.500010835.5078   19.3634
    7.5000  -22.5000  -37.500010328.7451   19.3656
   -7.5000  -15.0000  -37.500010907.9766   19.4235
    0.0000  -15.0000  -37.500011372.8730   19.4154
    7.5000  -15.0000  -37.500010860.7148   19.4183
   -7.5000   -7.5000  -37.500011357.1113   19.4472
    0.0000   -7.5000  -37.500011813.3154   19.4411
    7.5000   -7.5000  -37.500011309.3164   19.4420
   -7.5000    0.0000  -37.500011622.1914   19.4276
    0.0000    0.0000  -37.500012078.5664   19.4229
    7.5000    0.0000  -37.500011577.0254   19.4215
   -7.5000    7.5000  -37.500011011.3398   19.3786
    0.0000    7.5000  -37.500011434.7236   19.3720
    7.5000    7.5000  -37.500010926.9023   19.3715
   -7.5000   15.0000  -37.500010291.9434   19.3499
    0.0000   15.0000  -37.500010679.3604   19.3381
    7.5000   15.0000  -37.500010194.1113   19.3393
   -7.5000   22.5000  -37.5000 9524.3164   19.3723
    0.0000   22.5000  -37.5000 9884.2842   19.3607
    7.5000   22.5000  -37.5000 9425.6006   19.3629
   -7.5000   30.0000  -37.5000 8718.4043   19.1647
    0.0000   30.0000  -37.5000 9039.1797   19.1567
    7.5000   30.0000  -37.5000 8617.8037   19.1595
   -7.5000   37.5000  -37.5000 8150.2637   19.2236
    0.0000   37.5000  -37.5000 8465.0400   19.2173
    7.5000   37.5000  -37.5000 8076.3784   19.2176
   -7.5000   45.0000  -37.5000 7224.6704   18.9643
    0.0000   45.0000  -37.5000 7529.1152   18.9593
    7.5000   45.0000  -37.5000 7200.4736   18.9555
   -7.5000  -45.0000  -30.0000 9638.2461   20.2126
    0.0000  -45.0000  -30.000010037.4658   20.2144
    7.5000  -45.0000  -30.0000 9593.8018   20.2173
   -7.5000  -37.5000  -30.0000 9985.6562   20.1651
    0.0000  -37.5000  -30.000010404.1738   20.1612
    7.5000  -37.5000  -30.0000 9933.0752   20.1601
   -7.5000  -30.0000  -30.000010659.9150   20.1357
    0.0000  -30.0000  -30.000011112.8594   20.1231
    7.5000  -30.0000  -30.000010572.1162   20.1201
   -7.5000  -22.5000  -30.000011272.0654   20.1593
    0.0000  -22.5000  -30.000011759.6982   20.1472
    7.5000  -22.5000  -30.000011169.5957   20.1470
   -7.5000  -15.0000  -30.000011802.4541   20.2076
    0.0000  -15.0000  -30.000012321.1543   20.2027
    7.5000  -15.0000  -30.000011722.3350   20.2083
   -7.5000   -7.5000  -30.000012256.2510   20.2314
    0.0000   -7.5000  -30.000012782.9502   20.2317
    7.5000   -7.5000  -30.000012180.2646   20.2385
   -7.5000    0.0000  -30.000012531.0371   20.2126
    0.0000    0.0000  -30.000013051.5850   20.2144
    7.5000    0.0000  -30.000012441.0400   20.2173
   -7.5000    7.5000  -30.000011836.6328   20.1651
    0.0000    7.5000  -30.000012299.7129   20.1612
    7.5000    7.5000  -30.000011708.5693   20.1601
   -7.5000   15.0000  -30.000011027.5684   20.1357
    0.0000   15.0000  -30.000011434.7881   20.1231
    7.5000   15.0000  -30.000010899.8975   20.1201
   -7.5000   22.5000  -30.000010186.4541   20.1545
    0.0000   22.5000  -30.000010589.5029   20.1424
    7.5000   22.5000  -30.000010086.8877   20.1421
   -7.5000   30.0000  -30.0000 9311.8516   19.9402
    0.0000   30.0000  -30.0000 9669.1543   19.9354
    7.5000   30.0000  -30.0000 9209.1816   19.9409
   -7.5000   37.5000  -30.0000 8684.4863   20.0007
    0.0000   37.5000  -30.0000 9013.7432   20.0008
    7.5000   37.5000  -30.0000 8598.1611   20.0070
   -7.5000   45.0000  -30.0000 7689.6035   19.7438
    0.0000   45.0000  -30.0000 7985.6416   19.7455
    7.5000   45.0000  -30.0000 7668.8726   19.7458
   -7.5000  -45.0000  -22.500010417.1992   20.8796
    0.0000  -45.0000  -22.500010875.1260   20.8739
    7.5000  -45.0000  -22.500010352.9531   20.8627
   -7.5000  -37.5000  -22.500010790.2891   20.8397
    0.0000  -37.5000  -22.500011249.3848   20.8277
    7.5000  -37.5000  -22.500010712.2363   20.8118
   -7.5000  -30.0000  -22.500011506.4590   20.8189
    0.0000  -30.0000  -22.500011993.3096   20.8005
    7.5000  -30.0000  -22.500011393.4326   20.7809
   -7.5000  -22.5000  -22.500012155.9229   20.8458
    0.0000  -22.5000  -22.500012674.2988   20.8309
    7.5000  -22.5000  -22.500012015.1611   20.8134
   -7.5000  -15.0000  -22.500012738.8330   20.8885
    0.0000  -15.0000  -22.500013261.1592   20.8826
    7.5000  -15.0000  -22.500012581.7637   20.8717
   -7.5000   -7.5000  -22.500013191.2246   20.9015
    0.0000   -7.5000  -22.500013747.4814   20.8982
    7.5000   -7.5000  -22.500013032.0791   20.8900
   -7.5000    0.0000  -22.500013460.3545   20.8796
    0.0000    0.0000  -22.500014015.6582   20.8739
    7.5000    0.0000  -22.500013280.1055   20.8627
   -7.5000    7.5000  -22.500012676.5947   20.8397
    0.0000    7.5000  -22.500013177.8350   20.8277
    7.5000    7.5000  -22.500012474.8154   20.8118
   -7.5000   15.0000  -22.500011796.2979   20.8189
    0.0000   15.0000  -22.500012232.9863   20.8005
    7.5000   15.0000  -22.500011598.5107   20.7809
   -7.5000   22.5000  -22.500010872.3555   20.8393
    0.0000   22.5000  -22.500011285.3301   20.8245
    7.5000   22.5000  -22.500010695.1201   20.8070
   -7.5000   30.0000  -22.5000 9920.6631   20.6153
    0.0000   30.0000  -22.500010310.2070   20.6094
    7.5000   30.0000  -22.5000 9789.1504   20.5987
   -7.5000   37.5000  -22.5000 9227.1406   20.6663
    0.0000   37.5000  -22.5000 9570.7734   20.6628
    7.5000   37.5000  -22.5000 9136.2090   20.6542
   -7.5000   45.0000  -22.5000 8178.8140   20.4095
    0.0000   45.0000  -22.5000 8482.5127   20.4046
    7.5000   45.0000  -22.5000 8125.3271   20.3910
   -7.5000  -45.0000  -15.000011197.7686   21.3498
    0.0000  -45.0000  -15.000011681.3096   21.3315
    7.5000  -45.0000  -15.000011113.3428   21.3030
   -7.5000  -37.5000  -15.000011583.8564   21.3167
    0.0000  -37.5000  -15.000012062.9219   21.2945
    7.5000  -37.5000  -15.000011471.4277   21.2647
   -7.5000  -30.0000  -15.000012342.2021   21.3059
    0.0000  -30.0000  -15.000012828.5869   21.2827
    7.5000  -30.0000  -15.000012163.7627   21.2511
   -7.5000  -22.5000  -15.000013038.3096   21.3372
    0.0000  -22.5000  -15.000013555.9785   21.3208
    7.5000  -22.5000  -15.000012827.8066   21.2896
   -7.5000  -15.0000  -15.000013642.5820   21.3741
    0.0000  -15.0000  -15.000014186.0625   21.3655
    7.5000  -15.0000  -15.000013417.2207   21.3372
   -7.5000   -7.5000  -15.000014131.4385   21.3759
    0.0000   -7.5000  -15.000014679.2744   21.3642
    7.5000   -7.5000  -15.000013868.0898   21.3369
   -7.5000    0.0000  -15.000014397.6758   21.3498
    0.0000    0.0000  -15.000014933.7832   21.3315
    7.5000    0.0000  -15.000014119.1279   21.3030
   -7.5000    7.5000  -15.000013532.7793   21.3167
    0.0000    7.5000  -15.000014057.1631   21.2945
    7.5000    7.5000  -15.000013268.2852   21.2647
   -7.5000   15.0000  -15.000012570.5762   21.3059
    0.0000   15.0000  -15.000013054.4434   21.2827
    7.5000   15.0000  -15.000012304.4580   21.2511
   -7.5000   22.5000  -15.000011580.3213   21.3296
    0.0000   22.5000  -15.000011982.0859   21.3133
    7.5000   22.5000  -15.000011321.3564   21.2821
   -7.5000   30.0000  -15.000010527.8857   21.0975
    0.0000   30.0000  -15.000010911.9111   21.0890
    7.5000   30.0000  -15.000010334.4990   21.0611
   -7.5000   37.5000  -15.0000 9765.7803   21.1380
    0.0000   37.5000  -15.000010145.4424   21.1261
    7.5000   37.5000  -15.0000 9641.6113   21.0987
   -7.5000   45.0000  -15.0000 8658.2773   20.8815
    0.0000   45.0000  -15.0000 8989.9180   20.8646
    7.5000   45.0000  -15.0000 8577.0732   20.8340
   -7.5000  -45.0000   -7.500012043.6035   21.5847
    0.0000  -45.0000   -7.500012560.7891   21.5614
    7.5000  -45.0000   -7.500011925.0781   21.5309
   -7.5000  -37.5000   -7.500012431.7656   21.5459
    0.0000  -37.5000   -7.500012916.4102   21.5212
    7.5000  -37.5000   -7.500012276.6201   21.4934
   -7.5000  -30.0000   -7.500013213.3584   21.5340
    0.0000  -30.0000   -7.500013704.3154   21.5102
    7.5000  -30.0000   -7.500012999.6074   21.4834
   -7.5000  -22.5000   -7.500013966.6777   21.5697
    0.0000  -22.5000   -7.500014473.8604   21.5522
    7.5000  -22.5000   -7.500013729.4043   21.5240
   -7.5000  -15.0000   -7.500014621.8945   21.6115
    0.0000  -15.0000   -7.500015140.4082   21.5991
    7.5000  -15.0000   -7.500014351.7217   21.5692
   -7.5000   -7.5000   -7.500015095.4277   21.6145
    0.0000   -7.5000   -7.500015608.4854   21.5973
    7.5000   -7.5000   -7.500014771.5693   21.5662
   -7.5000    0.0000   -7.500015370.3330   21.5847
    0.0000    0.0000   -7.500015869.8018   21.5614
    7.5000    0.0000   -7.500015024.5498   21.5309
   -7.5000    7.5000   -7.500014441.4131   21.5459
    0.0000    7.5000   -7.500014941.9482   21.5212
    7.5000    7.5000   -7.500014130.5859   21.4934
   -7.5000   15.0000   -7.500013375.2695   21.5340
    0.0000   15.0000   -7.500013860.7021   21.5102
    7.5000   15.0000   -7.500013099.1797   21.4834
   -7.5000   22.5000   -7.500012295.7412   21.5598
    0.0000   22.5000   -7.500012698.9961   21.5422
    7.5000   22.5000   -7.500012003.6123   21.5141
   -7.5000   30.0000   -7.500011182.0781   21.3313
    0.0000   30.0000   -7.500011557.8906   21.3190
    7.5000   30.0000   -7.500010925.6865   21.2895
   -7.5000   37.5000   -7.500010373.0391   21.3732
    0.0000   37.5000   -7.500010746.1787   21.3558
    7.5000   37.5000   -7.500010175.3887   21.3244
   -7.5000   45.0000   -7.5000 9181.5322   21.1160
    0.0000   45.0000   -7.5000 9523.7129   21.0939
    7.5000   45.0000   -7.5000 9053.7305   21.0613
   -7.5000  -45.0000    0.000012862.9893   21.6367
    0.0000  -45.0000    0.000013397.1826   21.6188
    7.5000  -45.0000    0.000012765.1797   21.6009
   -7.5000  -37.5000    0.000013232.3691   21.5866
    0.0000  -37.5000    0.000013725.4033   21.5685
    7.5000  -37.5000    0.000013092.4932   21.5551
   -7.5000  -30.0000    0.000014016.4375   21.5637
    0.0000  -30.0000    0.000014501.9023   21.5445
    7.5000  -30.0000    0.000013825.8418   21.5341
   -7.5000  -22.5000    0.000014802.3389   21.5981
    0.0000  -22.5000    0.000015317.7383   21.5815
    7.5000  -22.5000    0.000014590.3594   21.5696
   -7.5000  -15.0000    0.000015483.5352   21.6488
    0.0000  -15.0000    0.000016030.6973   21.6349
    7.5000  -15.0000    0.000015207.6914   21.6197
   -7.5000   -7.5000    0.000015937.7783   21.6645
    0.0000   -7.5000    0.000016455.4688   21.6483
    7.5000   -7.5000    0.000015643.0742   21.6301
   -7.5000    0.0000    0.000016229.5088   21.6367
    0.0000    0.0000    0.000016734.1289   21.6188
    7.5000    0.0000    0.000015898.5996   21.6009
   -7.5000    7.5000    0.000015232.2109   21.5866
    0.0000    7.5000    0.000015733.0840   21.5685
    7.5000    7.5000    0.000014931.0811   21.5551
   -7.5000   15.0000    0.000014121.4395   21.5637
    0.0000   15.0000    0.000014602.6367   21.5445
    7.5000   15.0000    0.000013872.9150   21.5341
   -7.5000   22.5000    0.000012963.7109   21.5882
    0.0000   22.5000    0.000013386.7607   21.5715
    7.5000   22.5000    0.000012703.6328   21.5597
   -7.5000   30.0000    0.000011772.9502   21.3686
    0.0000   30.0000    0.000012157.4502   21.3549
    7.5000   30.0000    0.000011534.7734   21.3399
   -7.5000   37.5000    0.000010928.6055   21.4233
    0.0000   37.5000    0.000011299.1543   21.4069
    7.5000   37.5000    0.000010708.3525   21.3882
   -7.5000   45.0000    0.0000 9661.4873   21.1695
    0.0000   45.0000    0.0000 9986.7461   21.1519
    7.5000   45.0000    0.0000 9482.7236   21.1315
   -7.5000  -45.0000    7.500012651.3398   21.6618
    0.0000  -45.0000    7.500013198.5361   21.6566
    7.5000  -45.0000    7.500012595.2373   21.6554
   -7.5000  -37.5000    7.500013101.5137   21.6074
    0.0000  -37.5000    7.500013539.5068   21.6000
    7.5000  -37.5000    7.500012963.1445   21.5998
   -7.5000  -30.0000    7.500013840.3682   21.5756
    0.0000  -30.0000    7.500014218.5059   21.5625
    7.5000  -30.0000    7.500013668.3525   21.5641
   -7.5000  -22.5000    7.500014567.0615   21.6034
    0.0000  -22.5000    7.500014990.1816   21.5905
    7.5000  -22.5000    7.500014366.2471   21.5933
   -7.5000  -15.0000    7.500015220.7900   21.6572
    0.0000  -15.0000    7.500015680.2471   21.6482
    7.5000  -15.0000    7.500014963.0420   21.6518
   -7.5000   -7.5000    7.500015665.4111   21.6837
    0.0000   -7.5000    7.500016103.5400   21.6767
    7.5000   -7.5000    7.500015384.9131   21.6782
   -7.5000    0.0000    7.500015919.0400   21.6618
    0.0000    0.0000    7.500016428.7285   21.6566
    7.5000    0.0000    7.500015654.6934   21.6554
   -7.5000    7.5000    7.500014914.3936   21.6074
    0.0000    7.5000    7.500015411.9121   21.6000
    7.5000    7.5000    7.500014677.2295   21.5998
   -7.5000   15.0000    7.500013831.6357   21.5756
    0.0000   15.0000    7.500014323.3066   21.5625
    7.5000   15.0000    7.500013628.8975   21.5641
   -7.5000   22.5000    7.500012693.4004   21.5935
    0.0000   22.5000    7.500013124.5664   21.5805
    7.5000   22.5000    7.500012502.3154   21.5833
   -7.5000   30.0000    7.500011520.2461   21.3770
    0.0000   30.0000    7.500011906.2041   21.3680
    7.5000   30.0000    7.500011326.7227   21.3716
   -7.5000   37.5000    7.500010692.1299   21.4425
    0.0000   37.5000    7.500011056.5830   21.4354
    7.5000   37.5000    7.500010499.6797   21.4361
   -7.5000   45.0000    7.5000 9406.5703   21.1940
    0.0000   45.0000    7.5000 9716.1611   21.1883
    7.5000   45.0000    7.5000 9249.8535   21.1844
   -7.5000  -45.0000   15.000012244.0908   21.6983
    0.0000  -45.0000   15.000012782.2422   21.7001
    7.5000  -45.0000   15.000012210.1328   21.7037
   -7.5000  -37.5000   15.000012732.6123   21.6468
    0.0000  -37.5000   15.000013221.7881   21.6425
    7.5000  -37.5000   15.000012632.7207   21.6418
   -7.5000  -30.0000   15.000013393.4941   21.6149
    0.0000  -30.0000   15.000013853.7314   21.6014
    7.5000  -30.0000   15.000013410.9717   21.5985
   -7.5000  -22.5000   15.000014050.8574   21.6405
    0.0000  -22.5000   15.000014515.4434   21.6275
    7.5000  -22.5000   15.000014099.6064   21.6276
   -7.5000  -15.0000   15.000014633.0791   21.6928
    0.0000  -15.0000   15.000015102.9150   21.6874
    7.5000  -15.0000   15.000014617.6963   21.6939
   -7.5000   -7.5000   15.000015047.8057   21.7186
    0.0000   -7.5000   15.000015528.6240   21.7189
    7.5000   -7.5000   15.000014973.7021   21.7266
   -7.5000    0.0000   15.000015274.6123   21.6983
    0.0000    0.0000   15.000015835.9736   21.7001
    7.5000    0.0000   15.000015198.4834   21.7037
   -7.5000    7.5000   15.000014307.3213   21.6468
    0.0000    7.5000   15.000014857.0498   21.6425
    7.5000    7.5000   15.000014213.1533   21.6418
   -7.5000   15.0000   15.000013290.0176   21.6149
    0.0000   15.0000   15.000013823.3203   21.6014
    7.5000   15.0000   15.000013156.9033   21.5985
   -7.5000   22.5000   15.000012187.3584   21.6305
    0.0000   22.5000   15.000012683.3848   21.6175
    7.5000   22.5000   15.000012066.3838   21.6176
   -7.5000   30.0000   15.000011055.7324   21.4121
    0.0000   30.0000   15.000011509.9551   21.4067
    7.5000   30.0000   15.000010932.5322   21.4131
   -7.5000   37.5000   15.000010260.7646   21.4773
    0.0000   37.5000   15.000010646.7969   21.4773
    7.5000   37.5000   15.000010124.6631   21.4844
   -7.5000   45.0000   15.0000 9019.9404   21.2276
    0.0000   45.0000   15.0000 9328.9600   21.2293
    7.5000   45.0000   15.0000 8898.2041   21.2301
   -7.5000  -45.0000   22.500011684.4004   21.7360
    0.0000  -45.0000   22.500012214.9062   21.7297
    7.5000  -45.0000   22.500011697.3018   21.7178
   -7.5000  -37.5000   22.500012018.0215   21.6941
    0.0000  -37.5000   22.500012594.6025   21.6815
    7.5000  -37.5000   22.500012118.2471   21.6649
   -7.5000  -30.0000   22.500012720.5000   21.6719
    0.0000  -30.0000   22.500013322.8535   21.6526
    7.5000  -30.0000   22.500012903.4541   21.6323
   -7.5000  -22.5000   22.500013454.1631   21.6996
    0.0000  -22.5000   22.500014084.5312   21.6838
    7.5000  -22.5000   22.500013584.1309   21.6656
   -7.5000  -15.0000   22.500014017.2002   21.7444
    0.0000  -15.0000   22.500014631.7324   21.7377
    7.5000  -15.0000   22.500014080.4082   21.7263
   -7.5000   -7.5000   22.500014377.6670   21.7585
    0.0000   -7.5000   22.500014959.0195   21.7546
    7.5000   -7.5000   22.500014382.4932   21.7459
   -7.5000    0.0000   22.500014549.1064   21.7360
    0.0000    0.0000   22.500015155.9199   21.7297
    7.5000    0.0000   22.500014593.3711   21.7178
   -7.5000    7.5000   22.500013655.7627   21.6941
    0.0000    7.5000   22.500014218.2441   21.6815
    7.5000    7.5000   22.500013659.5732   21.6649
   -7.5000   15.0000   22.500012701.2344   21.6719
    0.0000   15.0000   22.500013211.8730   21.6526
    7.5000   15.0000   22.500012636.3418   21.6323
   -7.5000   22.5000   22.500011651.9512   21.6896
    0.0000   22.5000   22.500012113.9336   21.6738
    7.5000   22.5000   22.500011582.5342   21.6556
   -7.5000   30.0000   22.500010552.8223   21.4630
    0.0000   30.0000   22.500010983.3105   21.4564
    7.5000   30.0000   22.500010488.2402   21.4452
   -7.5000   37.5000   22.5000 9770.1650   21.5167
    0.0000   37.5000   22.500010171.8740   21.5125
    7.5000   37.5000   22.5000 9707.4248   21.5034
   -7.5000   45.0000   22.5000 8588.0742   21.2608
    0.0000   45.0000   22.5000 8929.7227   21.2554
    7.5000   45.0000   22.5000 8522.3066   21.2411
   -7.5000  -45.0000   30.000010995.5371   21.7806
    0.0000  -45.0000   30.000011511.5039   21.7611
    7.5000  -45.0000   30.000010965.3965   21.7310
   -7.5000  -37.5000   30.000011313.8242   21.7467
    0.0000  -37.5000   30.000011842.6162   21.7234
    7.5000  -37.5000   30.000011382.8477   21.6923
   -7.5000  -30.0000   30.000012008.6611   21.7353
    0.0000  -30.0000   30.000012576.0674   21.7111
    7.5000  -30.0000   30.000012082.5371   21.6785
   -7.5000  -22.5000   30.000012731.5615   21.7671
    0.0000  -22.5000   30.000013301.8984   21.7496
    7.5000  -22.5000   30.000012753.6455   21.7175
   -7.5000  -15.0000   30.000013275.0537   21.8049
    0.0000  -15.0000   30.000013874.2178   21.7952
    7.5000  -15.0000   30.000013297.4668   21.7658
   -7.5000   -7.5000   30.000013609.6152   21.8070
    0.0000   -7.5000   30.000014209.5098   21.7941
    7.5000   -7.5000   30.000013621.0088   21.7655
   -7.5000    0.0000   30.000013772.7285   21.7806
    0.0000    0.0000   30.000014392.1436   21.7611
    7.5000    0.0000   30.000013835.2578   21.7310
   -7.5000    7.5000   30.000012921.6406   21.7467
    0.0000    7.5000   30.000013510.7891   21.7234
    7.5000    7.5000   30.000012977.9141   21.6923
   -7.5000   15.0000   30.000011979.8516   21.7353
    0.0000   15.0000   30.000012510.1553   21.7111
    7.5000   15.0000   30.000012008.9902   21.6785
   -7.5000   22.5000   30.000010950.1338   21.7570
    0.0000   22.5000   30.000011424.3525   21.7396
    7.5000   22.5000   30.000010977.5674   21.7075
   -7.5000   30.0000   30.0000 9894.8027   21.5227
    0.0000   30.0000   30.000010309.6934   21.5131
    7.5000   30.0000   30.0000 9909.6152   21.4841
   -7.5000   37.5000   30.0000 9172.7432   21.5636
    0.0000   37.5000   30.0000 9559.1045   21.5505
    7.5000   37.5000   30.0000 9186.2998   21.5217
   -7.5000   45.0000   30.0000 8068.3169   21.3005
    0.0000   45.0000   30.0000 8414.4268   21.2825
    7.5000   45.0000   30.0000 8081.1738   21.2505
   -7.5000  -45.0000   37.500010678.6270   21.8675
    0.0000  -45.0000   37.500011097.7471   21.8432
    7.5000  -45.0000   37.500010601.6445   21.8111
   -7.5000  -37.5000   37.500011018.6885   21.8276
    0.0000  -37.5000   37.500011435.4678   21.8021
    7.5000  -37.5000   37.500010986.2559   21.7730
   -7.5000  -30.0000   37.500011745.7168   21.8151
    0.0000  -30.0000   37.500012189.6436   21.7905
    7.5000  -30.0000   37.500011669.3564   21.7628
   -7.5000  -22.5000   37.500012426.4102   21.8515
    0.0000  -22.5000   37.500012908.1143   21.8331
    7.5000  -22.5000   37.500012326.5664   21.8039
   -7.5000  -15.0000   37.500012937.0859   21.8944
    0.0000  -15.0000   37.500013448.5459   21.8809
    7.5000  -15.0000   37.500012867.5645   21.8498
   -7.5000   -7.5000   37.500013275.5420   21.8978
    0.0000   -7.5000   37.500013801.7412   21.8795
    7.5000   -7.5000   37.500013243.0449   21.8468
   -7.5000    0.0000   37.500013450.6348   21.8675
    0.0000    0.0000   37.500014010.5713   21.8432
    7.5000    0.0000   37.500013464.1982   21.8111
   -7.5000    7.5000   37.500012614.6797   21.8276
    0.0000    7.5000   37.500013159.7510   21.8021
    7.5000    7.5000   37.500012625.2949   21.7730
   -7.5000   15.0000   37.500011685.2930   21.8151
    0.0000   15.0000   37.500012196.8672   21.7905
    7.5000   15.0000   37.500011691.2725   21.7628
   -7.5000   22.5000   37.500010656.2100   21.8414
    0.0000   22.5000   37.500011127.9326   21.8230
    7.5000   22.5000   37.500010701.7441   21.7939
   -7.5000   30.0000   37.5000 9615.6621   21.6110
    0.0000   30.0000   37.500010027.6436   21.5977
    7.5000   30.0000   37.5000 9648.2842   21.5670
   -7.5000   37.5000   37.5000 8905.7666   21.6521
    0.0000   37.5000   37.5000 9271.6299   21.6336
    7.5000   37.5000   37.5000 8924.8018   21.6008
   -7.5000   45.0000   37.5000 7824.6270   21.3823
    0.0000   45.0000   37.5000 8137.3193   21.3593
    7.5000   45.0000   37.5000 7841.5098   21.3252
   -7.5000  -45.0000   45.0000 9854.4736   22.0228
    0.0000  -45.0000   45.000010229.5283   22.0025
    7.5000  -45.0000   45.0000 9771.1904   21.9824
   -7.5000  -37.5000   45.000010186.7178   21.9717
    0.0000  -37.5000   45.000010557.8779   21.9513
    7.5000  -37.5000   45.000010130.1973   21.9359
   -7.5000  -30.0000   45.000010861.0957   21.9485
    0.0000  -30.0000   45.000011276.2842   21.9270
    7.5000  -30.0000   45.000010782.6826   21.9149
   -7.5000  -22.5000   45.000011469.3789   21.9837
    0.0000  -22.5000   45.000011937.9902   21.9648
    7.5000  -22.5000   45.000011388.0693   21.9512
   -7.5000  -15.0000   45.000011950.0869   22.0353
    0.0000  -15.0000   45.000012442.1318   22.0192
    7.5000  -15.0000   45.000011901.4111   22.0021
   -7.5000   -7.5000   45.000012260.3213   22.0512
    0.0000   -7.5000   45.000012782.8701   22.0326
    7.5000   -7.5000   45.000012257.5400   22.0123
   -7.5000    0.0000   45.000012447.0068   22.0228
    0.0000    0.0000   45.000012983.7520   22.0025
    7.5000    0.0000   45.000012452.9902   21.9824
   -7.5000    7.5000   45.000011683.6016   21.9717
    0.0000    7.5000   45.000012196.7559   21.9513
    7.5000    7.5000   45.000011693.8760   21.9359
   -7.5000   15.0000   45.000010824.0283   21.9485
    0.0000   15.0000   45.000011294.7725   21.9270
    7.5000   15.0000   45.000010837.7676   21.9149
   -7.5000   22.5000   45.0000 9898.6816   21.9735
    0.0000   22.5000   45.000010313.2500   21.9546
    7.5000   22.5000   45.0000 9905.7061   21.9410
   -7.5000   30.0000   45.0000 8914.5439   21.7482
    0.0000   30.0000   45.0000 9278.7490   21.7324
    7.5000   30.0000   45.0000 8928.0283   21.7155
   -7.5000   37.5000   45.0000 8253.5049   21.8013
    0.0000   37.5000   45.0000 8583.2314   21.7824
    7.5000   37.5000   45.0000 8260.0117   21.7618
   -7.5000   45.0000   45.0000 7238.0151   21.5435
    0.0000   45.0000   45.0000 7532.4912   21.5234
    7.5000   45.0000   45.0000 7251.7886   21.5010

---------------------------------------------------------------------
imgreg_4dfp /opt/freesurfer/average/711-2C_as_mni_average_305 /opt/freesurfer/average/711-2B_as_mni_average_305_mask talsrcimg_g11 none talsrcimg_to_711-2C_as_mni_average_305_t4 4355
---------------------------------------------------------------------

freesurfer imgreg_4dfp.c
/opt/freesurfer/average/711-2C_as_mni_average_305.4dfp.img
       256       256       256         1
  1.000000  1.000000  1.000000
orientation T byte_order littleendian
Reading image: /opt/freesurfer/average/711-2C_as_mni_average_305.4dfp.img
dimensions:      256       256       256
mmppix:       1.0000   -1.0000   -1.0000
center:     128.0000 -129.0000 -129.0000
/opt/freesurfer/average/711-2B_as_mni_average_305_mask.4dfp.img
       256       256       256         1
  1.000000  1.000000  1.000000
orientation T byte_order littleendian
Reading mask: /opt/freesurfer/average/711-2B_as_mni_average_305_mask.4dfp.img (2306576 pixels)
talsrcimg_g11.4dfp.img
       256       256       256         1
  1.000000  1.000000  1.000000
orientation T byte_order littleendian
Reading image: talsrcimg_g11.4dfp.img
dimensions:      256       256       256
mmppix:       1.0000   -1.0000   -1.0000
center:     128.0000 -129.0000 -129.0000
rotation matrix determinant  1.000000
image alignment mode   4355 decimal     1103 hex
   -7.5000  -45.0000  -45.0000 2122.3933   20.3294
    0.0000  -45.0000  -45.0000 2127.9067   20.1765
    7.5000  -45.0000  -45.0000 2124.3169   20.3570
   -7.5000  -37.5000  -45.0000 2170.7937   19.1729
    0.0000  -37.5000  -45.0000 2175.0007   18.9804
    7.5000  -37.5000  -45.0000 2172.2444   19.1876
   -7.5000  -30.0000  -45.0000 2192.0823   18.4901
    0.0000  -30.0000  -45.0000 2203.6194   18.2788
    7.5000  -30.0000  -45.0000 2196.9968   18.4859
   -7.5000  -22.5000  -45.0000 2196.4160   18.1655
    0.0000  -22.5000  -45.0000 2213.1362   17.9622
    7.5000  -22.5000  -45.0000 2200.6016   18.1768
   -7.5000  -15.0000  -45.0000 2175.7827   18.3320
    0.0000  -15.0000  -45.0000 2200.3540   18.1063
    7.5000  -15.0000  -45.0000 2186.1594   18.2888
   -7.5000   -7.5000  -45.0000 2136.8381   18.8501
    0.0000   -7.5000  -45.0000 2159.2000   18.5795
    7.5000   -7.5000  -45.0000 2152.3799   18.7751
   -7.5000    0.0000  -45.0000 2084.0796   19.6690
    0.0000    0.0000  -45.0000 2101.1208   19.3604
    7.5000    0.0000  -45.0000 2094.8206   19.6016
   -7.5000    7.5000  -45.0000 2009.8109   20.9856
    0.0000    7.5000  -45.0000 2028.4650   20.6334
    7.5000    7.5000  -45.0000 2017.4722   20.9298
   -7.5000   15.0000  -45.0000 1909.9825   22.8837
    0.0000   15.0000  -45.0000 1929.0377   22.5198
    7.5000   15.0000  -45.0000 1913.6389   22.8237
   -7.5000   22.5000  -45.0000 1802.5610   25.6889
    0.0000   22.5000  -45.0000 1821.7157   25.2985
    7.5000   22.5000  -45.0000 1800.6627   25.6080
   -7.5000   30.0000  -45.0000 1680.2549   29.5396
    0.0000   30.0000  -45.0000 1688.2438   29.2199
    7.5000   30.0000  -45.0000 1675.0685   29.4965
   -7.5000   37.5000  -45.0000 1557.7379   34.7758
    0.0000   37.5000  -45.0000 1566.7888   34.4096
    7.5000   37.5000  -45.0000 1559.1293   34.6921
   -7.5000   45.0000  -45.0000 1425.3296   42.3095
    0.0000   45.0000  -45.0000 1438.1503   41.8623
    7.5000   45.0000  -45.0000 1427.3518   42.2770
   -7.5000  -45.0000  -37.5000 2216.6309   18.6391
    0.0000  -45.0000  -37.5000 2223.2715   18.5956
    7.5000  -45.0000  -37.5000 2218.8921   18.7515
   -7.5000  -37.5000  -37.5000 2262.4006   17.5890
    0.0000  -37.5000  -37.5000 2269.3555   17.4898
    7.5000  -37.5000  -37.5000 2265.3003   17.6449
   -7.5000  -30.0000  -37.5000 2287.5498   16.9560
    0.0000  -30.0000  -37.5000 2305.0288   16.7799
    7.5000  -30.0000  -37.5000 2294.7805   16.9823
   -7.5000  -22.5000  -37.5000 2294.8501   16.6408
    0.0000  -22.5000  -37.5000 2314.9775   16.4982
    7.5000  -22.5000  -37.5000 2302.9199   16.6793
   -7.5000  -15.0000  -37.5000 2280.5195   16.8056
    0.0000  -15.0000  -37.5000 2305.2566   16.6107
    7.5000  -15.0000  -37.5000 2291.0803   16.7934
   -7.5000   -7.5000  -37.5000 2244.6824   17.2701
    0.0000   -7.5000  -37.5000 2264.9922   17.0695
    7.5000   -7.5000  -37.5000 2256.7922   17.2295
   -7.5000    0.0000  -37.5000 2179.6428   18.0635
    0.0000    0.0000  -37.5000 2201.4128   17.8225
    7.5000    0.0000  -37.5000 2193.3438   18.0105
   -7.5000    7.5000  -37.5000 2102.4211   19.1915
    0.0000    7.5000  -37.5000 2120.9731   18.9483
    7.5000    7.5000  -37.5000 2107.0525   19.1926
   -7.5000   15.0000  -37.5000 2000.8322   20.9251
    0.0000   15.0000  -37.5000 2015.4764   20.6517
    7.5000   15.0000  -37.5000 2001.3580   20.9178
   -7.5000   22.5000  -37.5000 1884.9004   23.5082
    0.0000   22.5000  -37.5000 1901.1456   23.1767
    7.5000   22.5000  -37.5000 1885.1198   23.4127
   -7.5000   30.0000  -37.5000 1754.7418   26.8660
    0.0000   30.0000  -37.5000 1766.3473   26.5710
    7.5000   30.0000  -37.5000 1751.5380   26.7953
   -7.5000   37.5000  -37.5000 1629.7834   31.5105
    0.0000   37.5000  -37.5000 1637.2518   31.1156
    7.5000   37.5000  -37.5000 1621.4475   31.3761
   -7.5000   45.0000  -37.5000 1481.6003   38.0443
    0.0000   45.0000  -37.5000 1491.6545   37.6195
    7.5000   45.0000  -37.5000 1482.4470   38.0301
   -7.5000  -45.0000  -30.0000 2347.5576   17.7587
    0.0000  -45.0000  -30.0000 2355.3066   17.7153
    7.5000  -45.0000  -30.0000 2346.2551   17.8685
   -7.5000  -37.5000  -30.0000 2397.6865   16.7303
    0.0000  -37.5000  -30.0000 2409.0466   16.7098
    7.5000  -37.5000  -30.0000 2400.9741   16.8218
   -7.5000  -30.0000  -30.0000 2428.3257   16.1417
    0.0000  -30.0000  -30.0000 2445.9897   16.0552
    7.5000  -30.0000  -30.0000 2433.4480   16.1825
   -7.5000  -22.5000  -30.0000 2439.9502   15.8554
    0.0000  -22.5000  -30.0000 2462.0400   15.7538
    7.5000  -22.5000  -30.0000 2446.2136   15.8933
   -7.5000  -15.0000  -30.0000 2424.2925   15.9863
    0.0000  -15.0000  -30.0000 2449.4189   15.8496
    7.5000  -15.0000  -30.0000 2434.2644   15.9973
   -7.5000   -7.5000  -30.0000 2388.4360   16.4235
    0.0000   -7.5000  -30.0000 2412.6597   16.2683
    7.5000   -7.5000  -30.0000 2398.5876   16.3878
   -7.5000    0.0000  -30.0000 2317.3669   17.1869
    0.0000    0.0000  -30.0000 2342.2046   16.9909
    7.5000    0.0000  -30.0000 2330.6411   17.1490
   -7.5000    7.5000  -30.0000 2230.6011   18.2467
    0.0000    7.5000  -30.0000 2250.8660   18.0682
    7.5000    7.5000  -30.0000 2236.0754   18.2684
   -7.5000   15.0000  -30.0000 2123.0701   19.8871
    0.0000   15.0000  -30.0000 2137.2639   19.6537
    7.5000   15.0000  -30.0000 2122.4680   19.8515
   -7.5000   22.5000  -30.0000 1997.8406   22.2496
    0.0000   22.5000  -30.0000 2018.2358   22.0275
    7.5000   22.5000  -30.0000 2001.5076   22.1879
   -7.5000   30.0000  -30.0000 1864.2217   25.3193
    0.0000   30.0000  -30.0000 1878.3738   25.1249
    7.5000   30.0000  -30.0000 1859.1969   25.3638
   -7.5000   37.5000  -30.0000 1722.7787   29.6134
    0.0000   37.5000  -30.0000 1737.0372   29.2505
    7.5000   37.5000  -30.0000 1713.4358   29.6202
   -7.5000   45.0000  -30.0000 1566.8020   35.5551
    0.0000   45.0000  -30.0000 1581.5332   35.2478
    7.5000   45.0000  -30.0000 1567.1366   35.6518
   -7.5000  -45.0000  -22.5000 2450.6018   16.7572
    0.0000  -45.0000  -22.5000 2463.6836   16.7035
    7.5000  -45.0000  -22.5000 2446.9309   16.8578
   -7.5000  -37.5000  -22.5000 2509.6821   15.8117
    0.0000  -37.5000  -22.5000 2524.8389   15.7700
    7.5000  -37.5000  -22.5000 2509.6575   15.8820
   -7.5000  -30.0000  -22.5000 2546.9087   15.2747
    0.0000  -30.0000  -22.5000 2560.9302   15.2006
    7.5000  -30.0000  -22.5000 2549.8601   15.2968
   -7.5000  -22.5000  -22.5000 2558.0930   15.0385
    0.0000  -22.5000  -22.5000 2580.5593   14.9702
    7.5000  -22.5000  -22.5000 2565.7146   15.0448
   -7.5000  -15.0000  -22.5000 2549.6472   15.1350
    0.0000  -15.0000  -22.5000 2569.7617   15.0363
    7.5000  -15.0000  -22.5000 2554.3721   15.1380
   -7.5000   -7.5000  -22.5000 2512.6697   15.5249
    0.0000   -7.5000  -22.5000 2534.5054   15.4109
    7.5000   -7.5000  -22.5000 2518.7275   15.5124
   -7.5000    0.0000  -22.5000 2438.3535   16.2240
    0.0000    0.0000  -22.5000 2460.8499   16.0683
    7.5000    0.0000  -22.5000 2447.5464   16.2146
   -7.5000    7.5000  -22.5000 2339.2119   17.2599
    0.0000    7.5000  -22.5000 2361.3992   17.0979
    7.5000    7.5000  -22.5000 2341.6191   17.2819
   -7.5000   15.0000  -22.5000 2222.9419   18.8128
    0.0000   15.0000  -22.5000 2238.2600   18.5742
    7.5000   15.0000  -22.5000 2220.7400   18.7557
   -7.5000   22.5000  -22.5000 2091.6465   20.9693
    0.0000   22.5000  -22.5000 2104.5806   20.7474
    7.5000   22.5000  -22.5000 2086.3083   20.8926
   -7.5000   30.0000  -22.5000 1951.5708   23.8211
    0.0000   30.0000  -22.5000 1967.6296   23.6480
    7.5000   30.0000  -22.5000 1945.3824   23.8099
   -7.5000   37.5000  -22.5000 1803.8500   27.8614
    0.0000   37.5000  -22.5000 1810.0178   27.4693
    7.5000   37.5000  -22.5000 1794.2997   27.7439
   -7.5000   45.0000  -22.5000 1649.3545   33.2382
    0.0000   45.0000  -22.5000 1660.6370   32.8071
    7.5000   45.0000  -22.5000 1640.3988   33.3011
   -7.5000  -45.0000  -15.0000 2524.3843   15.8273
    0.0000  -45.0000  -15.0000 2536.2480   15.7704
    7.5000  -45.0000  -15.0000 2521.0139   15.9110
   -7.5000  -37.5000  -15.0000 2596.4199   14.9147
    0.0000  -37.5000  -15.0000 2610.4600   14.8254
    7.5000  -37.5000  -15.0000 2595.0339   14.9842
   -7.5000  -30.0000  -15.0000 2640.6331   14.4013
    0.0000  -30.0000  -15.0000 2656.5015   14.3249
    7.5000  -30.0000  -15.0000 2638.2058   14.4409
   -7.5000  -22.5000  -15.0000 2656.5244   14.2361
    0.0000  -22.5000  -15.0000 2679.9468   14.1599
    7.5000  -22.5000  -15.0000 2660.9734   14.2535
   -7.5000  -15.0000  -15.0000 2648.1309   14.3476
    0.0000  -15.0000  -15.0000 2671.3818   14.2731
    7.5000  -15.0000  -15.0000 2649.2451   14.3622
   -7.5000   -7.5000  -15.0000 2613.4146   14.6872
    0.0000   -7.5000  -15.0000 2635.7324   14.6028
    7.5000   -7.5000  -15.0000 2609.5547   14.7116
   -7.5000    0.0000  -15.0000 2538.8032   15.3533
    0.0000    0.0000  -15.0000 2556.2112   15.2230
    7.5000    0.0000  -15.0000 2534.1008   15.3555
   -7.5000    7.5000  -15.0000 2429.4160   16.3484
    0.0000    7.5000  -15.0000 2448.1941   16.1898
    7.5000    7.5000  -15.0000 2426.6555   16.3364
   -7.5000   15.0000  -15.0000 2301.9983   17.7931
    0.0000   15.0000  -15.0000 2319.9827   17.5976
    7.5000   15.0000  -15.0000 2295.3428   17.7283
   -7.5000   22.5000  -15.0000 2166.2366   19.8198
    0.0000   22.5000  -15.0000 2172.5706   19.6224
    7.5000   22.5000  -15.0000 2155.7080   19.7123
   -7.5000   30.0000  -15.0000 2014.6759   22.5371
    0.0000   30.0000  -15.0000 2021.4514   22.2723
    7.5000   30.0000  -15.0000 2001.8765   22.3901
   -7.5000   37.5000  -15.0000 1859.3226   26.1917
    0.0000   37.5000  -15.0000 1868.6460   25.7921
    7.5000   37.5000  -15.0000 1849.0372   25.9876
   -7.5000   45.0000  -15.0000 1704.1921   31.1316
    0.0000   45.0000  -15.0000 1710.6921   30.6538
    7.5000   45.0000  -15.0000 1693.8630   31.0362
   -7.5000  -45.0000   -7.5000 2582.9368   14.9975
    0.0000  -45.0000   -7.5000 2595.3892   14.9402
    7.5000  -45.0000   -7.5000 2576.7581   15.1302
   -7.5000  -37.5000   -7.5000 2664.7478   14.1050
    0.0000  -37.5000   -7.5000 2683.9226   13.9951
    7.5000  -37.5000   -7.5000 2662.5603   14.2126
   -7.5000  -30.0000   -7.5000 2718.7844   13.6020
    0.0000  -30.0000   -7.5000 2741.9832   13.4874
    7.5000  -30.0000   -7.5000 2714.3457   13.6774
   -7.5000  -22.5000   -7.5000 2745.1672   13.4603
    0.0000  -22.5000   -7.5000 2774.8162   13.3851
    7.5000  -22.5000   -7.5000 2744.4905   13.5384
   -7.5000  -15.0000   -7.5000 2739.0591   13.5921
    0.0000  -15.0000   -7.5000 2768.7473   13.5256
    7.5000  -15.0000   -7.5000 2735.4102   13.6668
   -7.5000   -7.5000   -7.5000 2700.0723   13.9318
    0.0000   -7.5000   -7.5000 2723.4011   13.8471
    7.5000   -7.5000   -7.5000 2688.3608   14.0023
   -7.5000    0.0000   -7.5000 2619.6104   14.5360
    0.0000    0.0000   -7.5000 2633.8787   14.4539
    7.5000    0.0000   -7.5000 2603.7407   14.5929
   -7.5000    7.5000   -7.5000 2505.6951   15.5103
    0.0000    7.5000   -7.5000 2524.6470   15.3943
    7.5000    7.5000   -7.5000 2498.1611   15.5442
   -7.5000   15.0000   -7.5000 2363.9397   16.8753
    0.0000   15.0000   -7.5000 2385.0569   16.7445
    7.5000   15.0000   -7.5000 2361.1562   16.8759
   -7.5000   22.5000   -7.5000 2213.9880   18.8028
    0.0000   22.5000   -7.5000 2223.3870   18.6420
    7.5000   22.5000   -7.5000 2204.4822   18.7383
   -7.5000   30.0000   -7.5000 2058.7710   21.3723
    0.0000   30.0000   -7.5000 2067.7341   21.1280
    7.5000   30.0000   -7.5000 2047.4020   21.2879
   -7.5000   37.5000   -7.5000 1903.7639   24.7576
    0.0000   37.5000   -7.5000 1912.2982   24.3972
    7.5000   37.5000   -7.5000 1888.4236   24.6007
   -7.5000   45.0000   -7.5000 1737.4714   29.2773
    0.0000   45.0000   -7.5000 1750.3278   28.8192
    7.5000   45.0000   -7.5000 1729.9373   29.2207
   -7.5000  -45.0000    0.0000 2626.6282   14.3790
    0.0000  -45.0000    0.0000 2638.2341   14.3193
    7.5000  -45.0000    0.0000 2620.4094   14.6196
   -7.5000  -37.5000    0.0000 2718.7871   13.5190
    0.0000  -37.5000    0.0000 2740.6221   13.3708
    7.5000  -37.5000    0.0000 2717.6448   13.6789
   -7.5000  -30.0000    0.0000 2785.9556   12.9698
    0.0000  -30.0000    0.0000 2815.3499   12.8172
    7.5000  -30.0000    0.0000 2780.5212   13.1116
   -7.5000  -22.5000    0.0000 2823.6138   12.8705
    0.0000  -22.5000    0.0000 2851.8430   12.7336
    7.5000  -22.5000    0.0000 2817.7095   12.9630
   -7.5000  -15.0000    0.0000 2822.3262   13.0231
    0.0000  -15.0000    0.0000 2846.5486   12.8974
    7.5000  -15.0000    0.0000 2803.9783   13.1033
   -7.5000   -7.5000    0.0000 2770.5562   13.3752
    0.0000   -7.5000    0.0000 2785.2944   13.2783
    7.5000   -7.5000    0.0000 2751.0020   13.4330
   -7.5000    0.0000    0.0000 2682.9839   13.9287
    0.0000    0.0000    0.0000 2691.9780   13.8477
    7.5000    0.0000    0.0000 2661.8079   14.0137
   -7.5000    7.5000    0.0000 2558.3589   14.8575
    0.0000    7.5000    0.0000 2570.9604   14.7613
    7.5000    7.5000    0.0000 2543.7991   14.9413
   -7.5000   15.0000    0.0000 2413.6560   16.2065
    0.0000   15.0000    0.0000 2427.7998   16.0949
    7.5000   15.0000    0.0000 2409.4578   16.2614
   -7.5000   22.5000    0.0000 2256.3674   18.0187
    0.0000   22.5000    0.0000 2271.1311   17.8726
    7.5000   22.5000    0.0000 2250.7952   18.0757
   -7.5000   30.0000    0.0000 2092.3469   20.4625
    0.0000   30.0000    0.0000 2101.8047   20.2607
    7.5000   30.0000    0.0000 2082.9285   20.5062
   -7.5000   37.5000    0.0000 1928.5081   23.7662
    0.0000   37.5000    0.0000 1938.3798   23.4006
    7.5000   37.5000    0.0000 1914.4124   23.6970
   -7.5000   45.0000    0.0000 1760.1814   28.0510
    0.0000   45.0000    0.0000 1772.2985   27.5518
    7.5000   45.0000    0.0000 1749.8470   28.0624
   -7.5000  -45.0000    7.5000 2651.6807   13.9786
    0.0000  -45.0000    7.5000 2660.8389   13.9160
    7.5000  -45.0000    7.5000 2646.0366   14.2735
   -7.5000  -37.5000    7.5000 2758.5298   13.1541
    0.0000  -37.5000    7.5000 2782.5154   13.0172
    7.5000  -37.5000    7.5000 2756.9492   13.3484
   -7.5000  -30.0000    7.5000 2841.0286   12.5821
    0.0000  -30.0000    7.5000 2874.3250   12.3645
    7.5000  -30.0000    7.5000 2836.8799   12.7803
   -7.5000  -22.5000    7.5000 2894.8591   12.4514
    0.0000  -22.5000    7.5000 2916.6914   12.2322
    7.5000  -22.5000    7.5000 2875.2524   12.5759
   -7.5000  -15.0000    7.5000 2882.2969   12.6345
    0.0000  -15.0000    7.5000 2895.3748   12.4454
    7.5000  -15.0000    7.5000 2852.2620   12.7326
   -7.5000   -7.5000    7.5000 2820.1477   12.9989
    0.0000   -7.5000    7.5000 2826.8447   12.8451
    7.5000   -7.5000    7.5000 2795.9451   13.0979
   -7.5000    0.0000    7.5000 2720.1472   13.5818
    0.0000    0.0000    7.5000 2734.2866   13.4457
    7.5000    0.0000    7.5000 2699.8071   13.6844
   -7.5000    7.5000    7.5000 2589.7397   14.4919
    0.0000    7.5000    7.5000 2600.0825   14.3668
    7.5000    7.5000    7.5000 2574.7803   14.5760
   -7.5000   15.0000    7.5000 2445.8848   15.7857
    0.0000   15.0000    7.5000 2456.9548   15.6529
    7.5000   15.0000    7.5000 2430.8826   15.8655
   -7.5000   22.5000    7.5000 2282.9490   17.5541
    0.0000   22.5000    7.5000 2291.1963   17.4152
    7.5000   22.5000    7.5000 2270.8804   17.6385
   -7.5000   30.0000    7.5000 2113.1873   19.9459
    0.0000   30.0000    7.5000 2122.6511   19.7460
    7.5000   30.0000    7.5000 2101.7134   20.0366
   -7.5000   37.5000    7.5000 1941.5419   23.0738
    0.0000   37.5000    7.5000 1955.1837   22.7368
    7.5000   37.5000    7.5000 1929.2626   23.1634
   -7.5000   45.0000    7.5000 1769.2815   27.1622
    0.0000   45.0000    7.5000 1781.0565   26.7504
    7.5000   45.0000    7.5000 1762.1125   27.2454
   -7.5000  -45.0000   15.0000 2656.3977   13.8357
    0.0000  -45.0000   15.0000 2665.2224   13.7715
    7.5000  -45.0000   15.0000 2643.4231   14.1797
   -7.5000  -37.5000   15.0000 2775.7227   12.9865
    0.0000  -37.5000   15.0000 2792.3088   12.9019
    7.5000  -37.5000   15.0000 2763.3215   13.2658
   -7.5000  -30.0000   15.0000 2872.8848   12.4413
    0.0000  -30.0000   15.0000 2893.8970   12.3027
    7.5000  -30.0000   15.0000 2853.6951   12.6890
   -7.5000  -22.5000   15.0000 2924.8179   12.2088
    0.0000  -22.5000   15.0000 2942.8677   12.0804
    7.5000  -22.5000   15.0000 2896.2537   12.5229
   -7.5000  -15.0000   15.0000 2904.1924   12.3414
    0.0000  -15.0000   15.0000 2915.4846   12.2352
    7.5000  -15.0000   15.0000 2874.3362   12.6217
   -7.5000   -7.5000   15.0000 2834.7156   12.7798
    0.0000   -7.5000   15.0000 2844.5161   12.6507
    7.5000   -7.5000   15.0000 2812.1990   12.9467
   -7.5000    0.0000   15.0000 2729.6472   13.3937
    0.0000    0.0000   15.0000 2743.8098   13.2664
    7.5000    0.0000   15.0000 2712.1055   13.5259
   -7.5000    7.5000   15.0000 2597.0837   14.2988
    0.0000    7.5000   15.0000 2604.8711   14.1867
    7.5000    7.5000   15.0000 2578.7949   14.3791
   -7.5000   15.0000   15.0000 2450.9285   15.5762
    0.0000   15.0000   15.0000 2456.5715   15.4650
    7.5000   15.0000   15.0000 2429.8921   15.5928
   -7.5000   22.5000   15.0000 2284.9463   17.3328
    0.0000   22.5000   15.0000 2289.9092   17.2121
    7.5000   22.5000   15.0000 2268.1423   17.3303
   -7.5000   30.0000   15.0000 2112.4927   19.6899
    0.0000   30.0000   15.0000 2124.0591   19.5073
    7.5000   30.0000   15.0000 2098.7803   19.6908
   -7.5000   37.5000   15.0000 1942.4727   22.7955
    0.0000   37.5000   15.0000 1951.5576   22.4909
    7.5000   37.5000   15.0000 1930.8156   22.8109
   -7.5000   45.0000   15.0000 1768.6953   26.7209
    0.0000   45.0000   15.0000 1777.4390   26.3776
    7.5000   45.0000   15.0000 1761.6888   26.8423
   -7.5000  -45.0000   22.5000 2648.9558   13.9575
    0.0000  -45.0000   22.5000 2652.2407   13.9403
    7.5000  -45.0000   22.5000 2620.9502   14.3609
   -7.5000  -37.5000   22.5000 2770.4199   13.0817
    0.0000  -37.5000   22.5000 2776.6118   13.0459
    7.5000  -37.5000   22.5000 2734.8220   13.4312
   -7.5000  -30.0000   22.5000 2865.7808   12.4870
    0.0000  -30.0000   22.5000 2873.3838   12.4629
    7.5000  -30.0000   22.5000 2824.8931   12.8806
   -7.5000  -22.5000   22.5000 2911.0518   12.3399
    0.0000  -22.5000   22.5000 2922.5598   12.3001
    7.5000  -22.5000   22.5000 2877.3887   12.6651
   -7.5000  -15.0000   22.5000 2890.6167   12.5011
    0.0000  -15.0000   22.5000 2900.7068   12.4335
    7.5000  -15.0000   22.5000 2865.5295   12.6997
   -7.5000   -7.5000   22.5000 2827.3103   12.8723
    0.0000   -7.5000   22.5000 2834.6221   12.7685
    7.5000   -7.5000   22.5000 2802.6399   13.0101
   -7.5000    0.0000   22.5000 2719.9514   13.4614
    0.0000    0.0000   22.5000 2730.9033   13.3169
    7.5000    0.0000   22.5000 2704.9680   13.5470
   -7.5000    7.5000   22.5000 2588.0901   14.3469
    0.0000    7.5000   22.5000 2595.8115   14.1930
    7.5000    7.5000   22.5000 2573.9434   14.3890
   -7.5000   15.0000   22.5000 2442.4841   15.5925
    0.0000   15.0000   22.5000 2444.7300   15.4182
    7.5000   15.0000   22.5000 2419.5413   15.5811
   -7.5000   22.5000   22.5000 2271.5469   17.3057
    0.0000   22.5000   22.5000 2278.0591   17.1261
    7.5000   22.5000   22.5000 2257.2124   17.2968
   -7.5000   30.0000   22.5000 2100.4050   19.6101
    0.0000   30.0000   22.5000 2108.2329   19.4077
    7.5000   30.0000   22.5000 2085.3711   19.6373
   -7.5000   37.5000   22.5000 1927.0881   22.6319
    0.0000   37.5000   22.5000 1936.4604   22.4274
    7.5000   37.5000   22.5000 1916.6193   22.6828
   -7.5000   45.0000   22.5000 1758.1514   26.5930
    0.0000   45.0000   22.5000 1769.5311   26.3072
    7.5000   45.0000   22.5000 1748.1849   26.7583
   -7.5000  -45.0000   30.0000 2630.8872   14.2915
    0.0000  -45.0000   30.0000 2623.2153   14.3202
    7.5000  -45.0000   30.0000 2583.3435   14.6993
   -7.5000  -37.5000   30.0000 2745.1409   13.4019
    0.0000  -37.5000   30.0000 2742.9470   13.4154
    7.5000  -37.5000   30.0000 2694.5720   13.7862
   -7.5000  -30.0000   30.0000 2825.9248   12.8305
    0.0000  -30.0000   30.0000 2830.1042   12.8316
    7.5000  -30.0000   30.0000 2776.7378   13.2343
   -7.5000  -22.5000   30.0000 2865.3000   12.7324
    0.0000  -22.5000   30.0000 2871.4299   12.6867
    7.5000  -22.5000   30.0000 2823.3130   12.9885
   -7.5000  -15.0000   30.0000 2843.6470   12.8568
    0.0000  -15.0000   30.0000 2852.6333   12.8131
    7.5000  -15.0000   30.0000 2814.4233   13.0378
   -7.5000   -7.5000   30.0000 2781.6541   13.2052
    0.0000   -7.5000   30.0000 2789.6704   13.1377
    7.5000   -7.5000   30.0000 2755.2864   13.3319
   -7.5000    0.0000   30.0000 2679.3989   13.7551
    0.0000    0.0000   30.0000 2687.3787   13.6706
    7.5000    0.0000   30.0000 2662.6418   13.8281
   -7.5000    7.5000   30.0000 2554.7734   14.5920
    0.0000    7.5000   30.0000 2565.2009   14.4772
    7.5000    7.5000   30.0000 2539.9883   14.6345
   -7.5000   15.0000   30.0000 2409.2117   15.7845
    0.0000   15.0000   30.0000 2417.4211   15.6466
    7.5000   15.0000   30.0000 2393.8306   15.8100
   -7.5000   22.5000   30.0000 2240.5732   17.4331
    0.0000   22.5000   30.0000 2252.4980   17.2909
    7.5000   22.5000   30.0000 2230.8047   17.4626
   -7.5000   30.0000   30.0000 2076.0684   19.7561
    0.0000   30.0000   30.0000 2081.9602   19.5294
    7.5000   30.0000   30.0000 2057.8562   19.7753
   -7.5000   37.5000   30.0000 1910.2638   22.7186
    0.0000   37.5000   30.0000 1915.0414   22.4402
    7.5000   37.5000   30.0000 1893.1942   22.7290
   -7.5000   45.0000   30.0000 1739.9642   26.6616
    0.0000   45.0000   30.0000 1743.9189   26.4034
    7.5000   45.0000   30.0000 1724.2375   26.8230
   -7.5000  -45.0000   37.5000 2598.6882   14.9080
    0.0000  -45.0000   37.5000 2589.4663   14.8935
    7.5000  -45.0000   37.5000 2547.5527   15.2811
   -7.5000  -37.5000   37.5000 2708.9324   13.9602
    0.0000  -37.5000   37.5000 2701.4795   13.9574
    7.5000  -37.5000   37.5000 2651.2834   14.3581
   -7.5000  -30.0000   37.5000 2781.4587   13.4642
    0.0000  -30.0000   37.5000 2775.1501   13.4145
    7.5000  -30.0000   37.5000 2720.9163   13.7484
   -7.5000  -22.5000   37.5000 2806.0393   13.3370
    0.0000  -22.5000   37.5000 2804.8508   13.2775
    7.5000  -22.5000   37.5000 2753.3784   13.5153
   -7.5000  -15.0000   37.5000 2780.7593   13.4281
    0.0000  -15.0000   37.5000 2780.4519   13.3935
    7.5000  -15.0000   37.5000 2739.2451   13.5783
   -7.5000   -7.5000   37.5000 2719.6965   13.7582
    0.0000   -7.5000   37.5000 2721.6948   13.6941
    7.5000   -7.5000   37.5000 2688.9390   13.8764
   -7.5000    0.0000   37.5000 2622.7805   14.2825
    0.0000    0.0000   37.5000 2631.0413   14.2044
    7.5000    0.0000   37.5000 2606.2478   14.3822
   -7.5000    7.5000   37.5000 2506.0090   15.0832
    0.0000    7.5000   37.5000 2515.8247   14.9912
    7.5000    7.5000   37.5000 2488.8503   15.1448
   -7.5000   15.0000   37.5000 2366.9404   16.2296
    0.0000   15.0000   37.5000 2378.3262   16.1135
    7.5000   15.0000   37.5000 2351.6145   16.2708
   -7.5000   22.5000   37.5000 2205.1365   17.8308
    0.0000   22.5000   37.5000 2218.4438   17.7058
    7.5000   22.5000   37.5000 2196.3418   17.9150
   -7.5000   30.0000   37.5000 2041.5004   20.0635
    0.0000   30.0000   37.5000 2047.2882   19.9433
    7.5000   30.0000   37.5000 2027.3324   20.2139
   -7.5000   37.5000   37.5000 1883.4246   23.0734
    0.0000   37.5000   37.5000 1879.7900   22.8417
    7.5000   37.5000   37.5000 1861.3629   23.1864
   -7.5000   45.0000   37.5000 1712.5314   27.0924
    0.0000   45.0000   37.5000 1715.1858   26.8411
    7.5000   45.0000   37.5000 1696.8273   27.2337
   -7.5000  -45.0000   45.0000 2558.2932   15.6920
    0.0000  -45.0000   45.0000 2549.3530   15.6866
    7.5000  -45.0000   45.0000 2498.3000   16.0843
   -7.5000  -37.5000   45.0000 2658.2798   14.7618
    0.0000  -37.5000   45.0000 2647.1401   14.7311
    7.5000  -37.5000   45.0000 2596.1865   15.1068
   -7.5000  -30.0000   45.0000 2716.2463   14.2542
    0.0000  -30.0000   45.0000 2707.3933   14.2163
    7.5000  -30.0000   45.0000 2657.7773   14.4798
   -7.5000  -22.5000   45.0000 2728.0010   14.1124
    0.0000  -22.5000   45.0000 2728.0962   14.0540
    7.5000  -22.5000   45.0000 2676.2783   14.2667
   -7.5000  -15.0000   45.0000 2699.0322   14.1925
    0.0000  -15.0000   45.0000 2699.4790   14.1697
    7.5000  -15.0000   45.0000 2657.1370   14.3588
   -7.5000   -7.5000   45.0000 2640.3452   14.5086
    0.0000   -7.5000   45.0000 2640.5679   14.4554
    7.5000   -7.5000   45.0000 2608.9314   14.6634
   -7.5000    0.0000   45.0000 2551.3323   15.0023
    0.0000    0.0000   45.0000 2555.4993   14.9539
    7.5000    0.0000   45.0000 2526.0491   15.1504
   -7.5000    7.5000   45.0000 2442.5300   15.7884
    0.0000    7.5000   45.0000 2447.5325   15.7272
    7.5000    7.5000   45.0000 2418.8223   15.9158
   -7.5000   15.0000   45.0000 2308.7446   16.9326
    0.0000   15.0000   45.0000 2314.8269   16.8394
    7.5000   15.0000   45.0000 2292.0176   17.0150
   -7.5000   22.5000   45.0000 2157.3147   18.5707
    0.0000   22.5000   45.0000 2162.1606   18.4518
    7.5000   22.5000   45.0000 2141.2083   18.6527
   -7.5000   30.0000   45.0000 1994.3636   20.7313
    0.0000   30.0000   45.0000 1999.5807   20.6250
    7.5000   30.0000   45.0000 1981.0415   20.9263
   -7.5000   37.5000   45.0000 1836.8835   23.7937
    0.0000   37.5000   45.0000 1840.6022   23.6026
    7.5000   37.5000   45.0000 1822.6154   24.0066
   -7.5000   45.0000   45.0000 1673.0183   27.9487
    0.0000   45.0000   45.0000 1680.9683   27.7606
    7.5000   45.0000   45.0000 1664.8878   28.1290

---------------------------------------------------------------------
imgreg_4dfp /opt/freesurfer/average/711-2C_as_mni_average_305 /opt/freesurfer/average/711-2B_as_mni_average_305_mask talsrcimg_g11 none talsrcimg_to_711-2C_as_mni_average_305_t4 1283
---------------------------------------------------------------------

freesurfer imgreg_4dfp.c
/opt/freesurfer/average/711-2C_as_mni_average_305.4dfp.img
       256       256       256         1
  1.000000  1.000000  1.000000
orientation T byte_order littleendian
Reading image: /opt/freesurfer/average/711-2C_as_mni_average_305.4dfp.img
dimensions:      256       256       256
mmppix:       1.0000   -1.0000   -1.0000
center:     128.0000 -129.0000 -129.0000
/opt/freesurfer/average/711-2B_as_mni_average_305_mask.4dfp.img
       256       256       256         1
  1.000000  1.000000  1.000000
orientation T byte_order littleendian
Reading mask: /opt/freesurfer/average/711-2B_as_mni_average_305_mask.4dfp.img (2306576 pixels)
talsrcimg_g11.4dfp.img
       256       256       256         1
  1.000000  1.000000  1.000000
orientation T byte_order littleendian
Reading image: talsrcimg_g11.4dfp.img
dimensions:      256       256       256
mmppix:       1.0000   -1.0000   -1.0000
center:     128.0000 -129.0000 -129.0000
rotation matrix determinant  1.000000
fimgreg.f
image alignment mode   1283 decimal      503 hex
parameters
    0.0000  -22.5000   15.0000    0.0000    0.0000    0.0000
eta,q 0.92561 12.04124
niter,ni,del,rscale     5    3   12.0000    1.2000
parameter  4  0.511240 ->  0.500000 qaram    1.1500
parameter  5517.413330 -> -0.500000 qaram    1.1500
parameter  6  1.504596 ->  0.500000 qaram    1.1500
parameters
   -1.9458  -20.4228   15.5239   -3.4500    3.4500   -3.4500
eta,q 0.93308 11.91534
  0.0798  0.0869  0.0804  0.0743  0.0818  0.0672
  0.0770  0.0830  0.0787  0.0750  0.0794  0.0668
  0.0761  0.0796  0.0770  0.0746  0.0770  0.0677
  0.0771  0.0760  0.0750  0.0744  0.0750  0.0697
  0.0794  0.0750  0.0744  0.0757  0.0718  0.0717
  0.0836  0.0758  0.0765  0.0773  0.0690  0.0734
  0.0874  0.0790  0.0800  0.0797  0.0675  0.0748
niter,ni,del,rscale     7    3   12.0000    1.2000
parameter  5 -1.360212 -> -0.500000 qaram    1.3225
parameters
   -2.9585  -20.1641   14.7934   -6.7329    7.4175   -4.3255
eta,q 0.93902 11.99615
  0.0737  0.0771  0.0737  0.0682  0.0784  0.0660
  0.0715  0.0728  0.0702  0.0670  0.0751  0.0629
  0.0695  0.0700  0.0686  0.0674  0.0715  0.0611
  0.0669  0.0681  0.0679  0.0681  0.0671  0.0612
  0.0688  0.0680  0.0690  0.0694  0.0629  0.0630
  0.0754  0.0711  0.0733  0.0719  0.0610  0.0656
  0.0823  0.0765  0.0770  0.0752  0.0622  0.0680
niter,ni,del,rscale     7    3   12.0000    1.2000
parameters
   -4.5352  -19.7722   14.1181   -8.2669    9.6171   -5.2143
eta,q 0.94076 11.99902
  0.0669  0.0738  0.0695  0.0645  0.0755  0.0641
  0.0643  0.0679  0.0646  0.0631  0.0699  0.0612
  0.0626  0.0645  0.0621  0.0616  0.0650  0.0595
  0.0610  0.0621  0.0619  0.0617  0.0613  0.0594
  0.0645  0.0620  0.0643  0.0634  0.0594  0.0610
  0.0724  0.0655  0.0689  0.0657  0.0618  0.0638
  0.0806  0.0718  0.0718  0.0690  0.0662  0.0665
niter,ni,del,rscale     6    3   12.0000    1.2000
parameters
   -5.0115  -19.4313   14.2005   -8.6597    9.9744   -5.3636
eta,q 0.94054 11.99382
  0.0703  0.0725  0.0703  0.0640  0.0714  0.0654
  0.0651  0.0659  0.0644  0.0619  0.0659  0.0620
  0.0616  0.0617  0.0607  0.0607  0.0623  0.0600
  0.0592  0.0596  0.0595  0.0595  0.0596  0.0595
  0.0608  0.0602  0.0616  0.0605  0.0607  0.0605
  0.0677  0.0640  0.0657  0.0626  0.0645  0.0627
  0.0754  0.0702  0.0683  0.0653  0.0700  0.0656
niter,ni,del,rscale     5    3   12.0000    1.2000
parameters
   -5.0814  -19.3226   14.2180   -8.6534   10.0449   -5.3713
eta,q 0.94052 11.99306
  0.0721  0.0717  0.0698  0.0643  0.0706  0.0656
  0.0661  0.0650  0.0641  0.0621  0.0654  0.0622
  0.0623  0.0612  0.0605  0.0609  0.0619  0.0601
  0.0595  0.0595  0.0595  0.0595  0.0595  0.0595
  0.0602  0.0606  0.0618  0.0601  0.0611  0.0604
  0.0663  0.0648  0.0657  0.0620  0.0649  0.0625
  0.0737  0.0707  0.0681  0.0646  0.0706  0.0653
niter,ni,del,rscale     4    3   12.0000    1.2000
parameters
   -5.0954  -19.3200   14.2258   -8.6369   10.0572   -5.3765
eta,q 0.94051 11.99293
  0.0724  0.0713  0.0698  0.0643  0.0705  0.0656
  0.0663  0.0647  0.0640  0.0621  0.0653  0.0622
  0.0624  0.0610  0.0604  0.0609  0.0618  0.0601
  0.0595  0.0595  0.0595  0.0595  0.0595  0.0595
  0.0601  0.0608  0.0618  0.0601  0.0611  0.0604
  0.0662  0.0651  0.0657  0.0620  0.0650  0.0625
  0.0735  0.0711  0.0681  0.0646  0.0708  0.0653
registration optimization eta report
parameter search radius
    6.0000    6.0000    6.0000    6.9000    7.9350    6.9000
100000*second partial in parameter space
       37.       32.       25.       10.       17.       12.
  0.0724  0.0713  0.0698  0.0643  0.0705  0.0656
  0.0663  0.0647  0.0640  0.0621  0.0653  0.0622
  0.0624  0.0610  0.0604  0.0609  0.0618  0.0601
  0.0595  0.0595  0.0595  0.0595  0.0595  0.0595
  0.0601  0.0608  0.0618  0.0601  0.0611  0.0604
  0.0662  0.0651  0.0657  0.0620  0.0650  0.0625
  0.0735  0.0711  0.0681  0.0646  0.0708  0.0653
   -5.0954  -19.3200   14.2258   -8.6369   10.0572   -5.3765
eta,q 0.94051 11.99293

---------------------------------------------------------------------
imgreg_4dfp /opt/freesurfer/average/711-2C_as_mni_average_305 /opt/freesurfer/average/711-2B_as_mni_average_305_mask talsrcimg_g11 none talsrcimg_to_711-2C_as_mni_average_305_t4 3335
---------------------------------------------------------------------

freesurfer imgreg_4dfp.c
/opt/freesurfer/average/711-2C_as_mni_average_305.4dfp.img
       256       256       256         1
  1.000000  1.000000  1.000000
orientation T byte_order littleendian
Reading image: /opt/freesurfer/average/711-2C_as_mni_average_305.4dfp.img
dimensions:      256       256       256
mmppix:       1.0000   -1.0000   -1.0000
center:     128.0000 -129.0000 -129.0000
/opt/freesurfer/average/711-2B_as_mni_average_305_mask.4dfp.img
       256       256       256         1
  1.000000  1.000000  1.000000
orientation T byte_order littleendian
Reading mask: /opt/freesurfer/average/711-2B_as_mni_average_305_mask.4dfp.img (2306576 pixels)
talsrcimg_g11.4dfp.img
       256       256       256         1
  1.000000  1.000000  1.000000
orientation T byte_order littleendian
Reading image: talsrcimg_g11.4dfp.img
dimensions:      256       256       256
mmppix:       1.0000   -1.0000   -1.0000
center:     128.0000 -129.0000 -129.0000
fimgreg.f
image alignment mode   3335 decimal      D07 hex
parameters
   -5.0954  -19.3200   14.2258   -1.9698   -1.8147   -2.6532
   11.8747  -15.7821   -9.2260   16.5689   17.4632  -14.7865
eta,q 0.94192 11.96207
niter,ni,del,rscale     5    3    5.0000    1.2000
parameter  4  5.412668 ->  0.500000 qaram    1.1500
parameter  5  2.428566 ->  0.500000 qaram    1.1500
parameter  6  0.755341 ->  0.500000 qaram    1.1500
parameter 10  0.855327 ->  0.500000 qaram    1.1500
parameter 11  0.802390 ->  0.500000 qaram    1.1500
parameter 12  0.823574 ->  0.500000 qaram    1.1500
parameters
   -5.1007  -19.5753   13.9542   -6.1098   -5.9547   -6.7932
   11.2857  -14.4021   -7.5526   12.4289   13.3232  -18.9265
eta,q 0.95854 11.27119
  0.0604  0.0597  0.0593  0.0478  0.0449  0.0453  0.0473  0.0519  0.0478  0.0430  0.0423  0.0415
  0.0591  0.0587  0.0585  0.0507  0.0466  0.0450  0.0460  0.0487  0.0464  0.0429  0.0421  0.0414
  0.0583  0.0581  0.0581  0.0542  0.0488  0.0455  0.0453  0.0462  0.0455  0.0436  0.0424  0.0416
  0.0581  0.0581  0.0580  0.0580  0.0516  0.0471  0.0451  0.0451  0.0450  0.0449  0.0430  0.0422
  0.0584  0.0585  0.0584  0.0620  0.0547  0.0502  0.0456  0.0452  0.0450  0.0470  0.0440  0.0429
  0.0592  0.0593  0.0591  0.0663  0.0581  0.0539  0.0466  0.0463  0.0453  0.0496  0.0451  0.0438
  0.0603  0.0605  0.0600  0.0704  0.0618  0.0579  0.0481  0.0481  0.0460  0.0525  0.0465  0.0449
niter,ni,del,rscale     7    3    5.0000    1.2000
parameter  4  0.819668 ->  0.500000 qaram    1.3225
parameter  5  0.947506 ->  0.500000 qaram    1.3225
parameters
   -4.6690  -19.1913   14.2809  -10.8708  -10.7157   -6.9727
   11.1924  -13.3839   -7.1225   11.0874   13.9205  -20.3952
eta,q 0.96447 10.86370
  0.0463  0.0448  0.0437  0.0384  0.0354  0.0393  0.0384  0.0417  0.0379  0.0380  0.0374  0.0365
  0.0441  0.0430  0.0425  0.0380  0.0357  0.0377  0.0371  0.0387  0.0367  0.0365  0.0366  0.0359
  0.0424  0.0418  0.0417  0.0388  0.0365  0.0366  0.0362  0.0368  0.0360  0.0357  0.0360  0.0356
  0.0415  0.0413  0.0412  0.0412  0.0381  0.0358  0.0359  0.0359  0.0357  0.0357  0.0356  0.0356
  0.0413  0.0413  0.0413  0.0449  0.0405  0.0356  0.0362  0.0358  0.0359  0.0364  0.0357  0.0359
  0.0421  0.0420  0.0418  0.0492  0.0435  0.0370  0.0371  0.0369  0.0365  0.0379  0.0362  0.0366
  0.0439  0.0430  0.0427  0.0541  0.0470  0.0407  0.0386  0.0392  0.0374  0.0403  0.0371  0.0374
niter,ni,del,rscale     7    3    5.0000    1.2000
parameters
   -4.7535  -18.2904   14.7329  -12.8658  -14.7782   -6.4691
   11.6797  -13.4572   -7.2946   11.8129   14.7420  -20.6412
eta,q 0.96570 10.60875
  0.0393  0.0397  0.0374  0.0387  0.0358  0.0381  0.0368  0.0383  0.0358  0.0378  0.0358  0.0354
  0.0372  0.0377  0.0364  0.0368  0.0347  0.0365  0.0356  0.0361  0.0349  0.0360  0.0351  0.0348
  0.0358  0.0363  0.0356  0.0355  0.0345  0.0353  0.0348  0.0348  0.0345  0.0349  0.0346  0.0344
  0.0355  0.0355  0.0352  0.0352  0.0353  0.0345  0.0344  0.0343  0.0344  0.0344  0.0343  0.0343
  0.0362  0.0352  0.0352  0.0367  0.0367  0.0341  0.0345  0.0348  0.0345  0.0345  0.0343  0.0345
  0.0376  0.0354  0.0355  0.0400  0.0392  0.0351  0.0352  0.0362  0.0351  0.0353  0.0347  0.0349
  0.0398  0.0361  0.0362  0.0444  0.0423  0.0381  0.0363  0.0385  0.0359  0.0368  0.0353  0.0356
niter,ni,del,rscale     6    3    5.0000    1.2000
parameters
   -4.9155  -17.3309   14.7839  -12.9424  -16.7946   -6.7678
   12.0682  -13.5551   -7.6835   12.8670   15.4656  -20.7869
eta,q 0.96623 10.49319
  0.0374  0.0380  0.0354  0.0388  0.0361  0.0370  0.0361  0.0376  0.0350  0.0370  0.0351  0.0348
  0.0356  0.0362  0.0347  0.0368  0.0348  0.0356  0.0350  0.0355  0.0343  0.0354  0.0344  0.0342
  0.0345  0.0350  0.0342  0.0351  0.0339  0.0345  0.0342  0.0343  0.0339  0.0343  0.0340  0.0338
  0.0343  0.0343  0.0340  0.0340  0.0340  0.0338  0.0339  0.0339  0.0339  0.0339  0.0338  0.0338
  0.0349  0.0340  0.0341  0.0341  0.0350  0.0337  0.0340  0.0343  0.0341  0.0338  0.0338  0.0339
  0.0362  0.0341  0.0346  0.0363  0.0368  0.0352  0.0347  0.0357  0.0345  0.0345  0.0341  0.0343
  0.0383  0.0347  0.0353  0.0397  0.0393  0.0385  0.0358  0.0378  0.0352  0.0358  0.0347  0.0348
niter,ni,del,rscale     5    3    5.0000    1.2000
parameters
   -4.9597  -16.5492   14.4580  -12.9412  -18.7105   -7.2739
   12.5501  -13.5062   -8.0345   14.4620   16.1222  -21.0298
eta,q 0.96667 10.39587
  0.0370  0.0369  0.0345  0.0383  0.0357  0.0364  0.0357  0.0372  0.0346  0.0366  0.0346  0.0342
  0.0352  0.0354  0.0339  0.0363  0.0345  0.0351  0.0347  0.0353  0.0339  0.0352  0.0340  0.0336
  0.0341  0.0344  0.0336  0.0347  0.0336  0.0341  0.0339  0.0341  0.0336  0.0341  0.0336  0.0334
  0.0338  0.0338  0.0336  0.0336  0.0336  0.0335  0.0336  0.0336  0.0335  0.0335  0.0334  0.0333
  0.0342  0.0336  0.0338  0.0336  0.0345  0.0333  0.0337  0.0339  0.0337  0.0333  0.0334  0.0335
  0.0354  0.0338  0.0344  0.0357  0.0362  0.0349  0.0343  0.0351  0.0341  0.0338  0.0337  0.0338
  0.0372  0.0344  0.0353  0.0390  0.0386  0.0383  0.0353  0.0372  0.0347  0.0350  0.0343  0.0343
niter,ni,del,rscale     4    3    5.0000    1.2000
parameters
   -4.9522  -15.6202   13.9775  -13.0625  -20.9887   -7.8928
   13.1186  -13.3728   -8.1837   16.2452   16.3971  -21.4819
eta,q 0.96720 10.26384
  0.0366  0.0365  0.0338  0.0375  0.0349  0.0357  0.0351  0.0367  0.0341  0.0364  0.0339  0.0335
  0.0348  0.0351  0.0333  0.0357  0.0339  0.0345  0.0341  0.0348  0.0335  0.0349  0.0334  0.0330
  0.0337  0.0340  0.0330  0.0341  0.0331  0.0336  0.0335  0.0336  0.0332  0.0338  0.0330  0.0328
  0.0333  0.0333  0.0331  0.0330  0.0330  0.0330  0.0331  0.0331  0.0331  0.0331  0.0328  0.0328
  0.0337  0.0331  0.0333  0.0331  0.0341  0.0329  0.0332  0.0333  0.0332  0.0328  0.0328  0.0329
  0.0348  0.0332  0.0339  0.0353  0.0359  0.0344  0.0337  0.0345  0.0336  0.0332  0.0332  0.0332
  0.0365  0.0338  0.0348  0.0385  0.0384  0.0379  0.0346  0.0365  0.0342  0.0346  0.0339  0.0336
niter,ni,del,rscale     3    3    5.0000    1.2000
parameters
   -4.9309  -14.7112   13.6802  -13.0983  -22.8459   -8.2760
   13.5270  -13.2738   -8.2415   17.2526   16.4231  -22.2831
eta,q 0.96749 10.15446
  0.0359  0.0360  0.0334  0.0368  0.0346  0.0355  0.0344  0.0362  0.0338  0.0359  0.0335  0.0331
  0.0342  0.0346  0.0329  0.0351  0.0336  0.0342  0.0336  0.0344  0.0331  0.0344  0.0331  0.0327
  0.0331  0.0335  0.0326  0.0336  0.0328  0.0332  0.0330  0.0332  0.0328  0.0333  0.0327  0.0325
  0.0328  0.0328  0.0325  0.0325  0.0325  0.0326  0.0327  0.0326  0.0326  0.0326  0.0325  0.0325
  0.0332  0.0325  0.0327  0.0325  0.0334  0.0324  0.0327  0.0329  0.0327  0.0326  0.0326  0.0327
  0.0342  0.0327  0.0332  0.0345  0.0352  0.0338  0.0332  0.0341  0.0331  0.0332  0.0329  0.0329
  0.0358  0.0332  0.0340  0.0376  0.0376  0.0371  0.0342  0.0362  0.0338  0.0348  0.0337  0.0333
niter,ni,del,rscale     2    3    5.0000    1.2000
parameters
   -4.9226  -14.1462   13.6614  -13.0831  -23.9208   -8.4365
   13.7800  -13.2215   -8.4512   17.8151   16.4172  -23.0870
eta,q 0.96755 10.10086
  0.0354  0.0351  0.0335  0.0365  0.0348  0.0356  0.0342  0.0361  0.0336  0.0356  0.0335  0.0330
  0.0338  0.0338  0.0329  0.0349  0.0338  0.0343  0.0334  0.0342  0.0330  0.0341  0.0330  0.0327
  0.0328  0.0330  0.0326  0.0334  0.0329  0.0332  0.0328  0.0331  0.0326  0.0331  0.0327  0.0325
  0.0325  0.0325  0.0324  0.0324  0.0324  0.0325  0.0325  0.0325  0.0325  0.0325  0.0325  0.0325
  0.0329  0.0324  0.0325  0.0324  0.0329  0.0323  0.0326  0.0328  0.0327  0.0325  0.0325  0.0326
  0.0338  0.0327  0.0329  0.0343  0.0345  0.0336  0.0331  0.0341  0.0330  0.0333  0.0329  0.0328
  0.0353  0.0334  0.0336  0.0372  0.0367  0.0367  0.0341  0.0361  0.0337  0.0351  0.0336  0.0332
niter,ni,del,rscale     1    3    5.0000    1.2000
parameters
   -4.9377  -13.8501   13.6714  -13.0869  -24.4640   -8.5293
   14.0223  -13.1672   -8.6423   18.1888   16.4158  -23.6766
eta,q 0.96753 10.07790
  0.0352  0.0345  0.0336  0.0365  0.0350  0.0356  0.0342  0.0361  0.0335  0.0354  0.0334  0.0330
  0.0337  0.0335  0.0330  0.0348  0.0339  0.0343  0.0333  0.0342  0.0329  0.0340  0.0330  0.0327
  0.0328  0.0328  0.0326  0.0334  0.0330  0.0332  0.0328  0.0330  0.0326  0.0330  0.0327  0.0325
  0.0325  0.0325  0.0324  0.0324  0.0324  0.0325  0.0325  0.0325  0.0325  0.0325  0.0325  0.0325
  0.0328  0.0325  0.0325  0.0324  0.0326  0.0323  0.0326  0.0328  0.0326  0.0326  0.0325  0.0326
  0.0338  0.0329  0.0329  0.0343  0.0340  0.0336  0.0331  0.0341  0.0330  0.0334  0.0329  0.0328
  0.0353  0.0337  0.0336  0.0372  0.0362  0.0366  0.0340  0.0361  0.0337  0.0352  0.0336  0.0332
registration optimization eta report
parameter search radius
    2.4000    2.4000    2.4000    9.5220    9.5220    8.2800
    7.2000    7.2000    7.2000    8.2800    8.2800    8.2800
100000*second partial in parameter space
       48.       29.       20.        5.        3.        5.
        3.        7.        2.        4.        2.        1.
  0.0352  0.0345  0.0336  0.0365  0.0350  0.0356  0.0342  0.0361  0.0335  0.0354  0.0334  0.0330
  0.0337  0.0335  0.0330  0.0348  0.0339  0.0343  0.0333  0.0342  0.0329  0.0340  0.0330  0.0327
  0.0328  0.0328  0.0326  0.0334  0.0330  0.0332  0.0328  0.0330  0.0326  0.0330  0.0327  0.0325
  0.0325  0.0325  0.0324  0.0324  0.0324  0.0325  0.0325  0.0325  0.0325  0.0325  0.0325  0.0325
  0.0328  0.0325  0.0325  0.0324  0.0326  0.0323  0.0326  0.0328  0.0326  0.0326  0.0325  0.0326
  0.0338  0.0329  0.0329  0.0343  0.0340  0.0336  0.0331  0.0341  0.0330  0.0334  0.0329  0.0328
  0.0353  0.0337  0.0336  0.0372  0.0362  0.0366  0.0340  0.0361  0.0337  0.0352  0.0336  0.0332
   -4.9377  -13.8501   13.6714  -13.0869  -24.4640   -8.5293
   14.0223  -13.1672   -8.6423   18.1888   16.4158  -23.6766
eta,q 0.96753 10.07790

---------------------------------------------------------------------
imgreg_4dfp /opt/freesurfer/average/711-2C_as_mni_average_305 /opt/freesurfer/average/711-2B_as_mni_average_305_mask talsrcimg_g11 none talsrcimg_to_711-2C_as_mni_average_305_t4 2311
---------------------------------------------------------------------

freesurfer imgreg_4dfp.c
/opt/freesurfer/average/711-2C_as_mni_average_305.4dfp.img
       256       256       256         1
  1.000000  1.000000  1.000000
orientation T byte_order littleendian
Reading image: /opt/freesurfer/average/711-2C_as_mni_average_305.4dfp.img
dimensions:      256       256       256
mmppix:       1.0000   -1.0000   -1.0000
center:     128.0000 -129.0000 -129.0000
/opt/freesurfer/average/711-2B_as_mni_average_305_mask.4dfp.img
       256       256       256         1
  1.000000  1.000000  1.000000
orientation T byte_order littleendian
Reading mask: /opt/freesurfer/average/711-2B_as_mni_average_305_mask.4dfp.img (2306576 pixels)
talsrcimg_g11.4dfp.img
       256       256       256         1
  1.000000  1.000000  1.000000
orientation T byte_order littleendian
Reading image: talsrcimg_g11.4dfp.img
dimensions:      256       256       256
mmppix:       1.0000   -1.0000   -1.0000
center:     128.0000 -129.0000 -129.0000
fimgreg.f
image alignment mode   2311 decimal      907 hex
parameters
   -4.9377  -13.8501   13.6714  -13.0869  -24.4640   -8.5293
   14.0223  -13.1672   -8.6423   18.1888   16.4158  -23.6766
eta,q 0.96753 10.07790
niter,ni,del,rscale     5    3    5.0000    0.8000
parameters
   -4.9702  -13.7063   13.7330  -11.9858  -23.7243   -7.7928
   14.0185  -13.2031   -8.7169   18.2148   16.3176  -24.6746
eta,q 0.96786 10.18056
  0.0337  0.0333  0.0330  0.0341  0.0334  0.0337  0.0330  0.0340  0.0327  0.0332  0.0327  0.0323
  0.0330  0.0329  0.0327  0.0334  0.0329  0.0331  0.0325  0.0331  0.0324  0.0327  0.0324  0.0322
  0.0326  0.0326  0.0325  0.0329  0.0326  0.0325  0.0323  0.0324  0.0322  0.0323  0.0322  0.0322
  0.0325  0.0325  0.0325  0.0325  0.0323  0.0322  0.0322  0.0322  0.0322  0.0322  0.0322  0.0322
  0.0326  0.0325  0.0325  0.0323  0.0322  0.0321  0.0322  0.0323  0.0322  0.0323  0.0322  0.0322
  0.0331  0.0327  0.0327  0.0325  0.0324  0.0324  0.0325  0.0330  0.0324  0.0326  0.0324  0.0324
  0.0338  0.0331  0.0329  0.0332  0.0330  0.0332  0.0330  0.0342  0.0328  0.0332  0.0327  0.0326
niter,ni,del,rscale     4    3    5.0000    0.7000
parameters
   -4.8914  -13.9025   13.4894  -11.9294  -23.3520   -7.6439
   14.0193  -13.1250   -8.6510   18.5556   16.2694  -24.9153
eta,q 0.96793 10.22096
  0.0334  0.0326  0.0324  0.0333  0.0330  0.0331  0.0327  0.0336  0.0325  0.0330  0.0325  0.0323
  0.0327  0.0323  0.0322  0.0328  0.0326  0.0326  0.0324  0.0328  0.0323  0.0325  0.0323  0.0321
  0.0323  0.0322  0.0321  0.0324  0.0323  0.0323  0.0322  0.0323  0.0321  0.0322  0.0321  0.0321
  0.0321  0.0321  0.0321  0.0321  0.0321  0.0321  0.0321  0.0321  0.0321  0.0321  0.0321  0.0321
  0.0322  0.0323  0.0322  0.0322  0.0321  0.0320  0.0321  0.0322  0.0321  0.0321  0.0321  0.0321
  0.0326  0.0325  0.0324  0.0326  0.0323  0.0323  0.0324  0.0327  0.0323  0.0323  0.0323  0.0322
  0.0331  0.0329  0.0328  0.0334  0.0328  0.0332  0.0327  0.0336  0.0325  0.0328  0.0325  0.0323
niter,ni,del,rscale     3    3    5.0000    0.6000
parameters
   -4.8415  -13.9586   13.4304  -11.8635  -23.2171   -7.5526
   13.9558  -13.0713   -8.6568   18.6329   16.2094  -25.0305
eta,q 0.96796 10.23646
  0.0329  0.0325  0.0324  0.0330  0.0327  0.0328  0.0325  0.0332  0.0324  0.0327  0.0324  0.0322
  0.0325  0.0322  0.0322  0.0326  0.0324  0.0325  0.0322  0.0326  0.0322  0.0323  0.0322  0.0321
  0.0322  0.0321  0.0321  0.0322  0.0322  0.0322  0.0321  0.0322  0.0321  0.0321  0.0321  0.0320
  0.0321  0.0321  0.0321  0.0321  0.0321  0.0320  0.0320  0.0320  0.0320  0.0320  0.0320  0.0320
  0.0321  0.0321  0.0321  0.0321  0.0321  0.0320  0.0321  0.0321  0.0321  0.0321  0.0321  0.0321
  0.0324  0.0323  0.0322  0.0324  0.0323  0.0323  0.0323  0.0325  0.0322  0.0323  0.0322  0.0321
  0.0328  0.0326  0.0325  0.0330  0.0327  0.0329  0.0325  0.0332  0.0324  0.0326  0.0324  0.0322
niter,ni,del,rscale     2    3    5.0000    0.5000
parameters
   -4.8142  -13.9869   13.4058  -11.7700  -23.0734   -7.4345
   13.8986  -13.0431   -8.6519   18.6304   16.1152  -25.0825
eta,q 0.96798 10.25004
  0.0326  0.0323  0.0323  0.0327  0.0325  0.0326  0.0323  0.0328  0.0323  0.0325  0.0322  0.0322
  0.0323  0.0322  0.0321  0.0324  0.0323  0.0323  0.0322  0.0324  0.0321  0.0322  0.0321  0.0321
  0.0321  0.0321  0.0321  0.0322  0.0321  0.0321  0.0321  0.0321  0.0320  0.0321  0.0320  0.0320
  0.0320  0.0320  0.0320  0.0320  0.0320  0.0320  0.0320  0.0320  0.0320  0.0320  0.0320  0.0320
  0.0321  0.0321  0.0321  0.0321  0.0320  0.0320  0.0321  0.0321  0.0320  0.0321  0.0320  0.0320
  0.0323  0.0322  0.0322  0.0323  0.0322  0.0322  0.0322  0.0324  0.0321  0.0322  0.0321  0.0321
  0.0326  0.0324  0.0323  0.0327  0.0325  0.0326  0.0324  0.0329  0.0323  0.0325  0.0323  0.0322
niter,ni,del,rscale     1    3    5.0000    0.4000
parameters
   -4.7945  -14.0192   13.3927  -11.6816  -22.9675   -7.3059
   13.8539  -13.0131   -8.6450   18.6191   16.0118  -25.0753
eta,q 0.96800 10.26128
  0.0324  0.0322  0.0322  0.0325  0.0323  0.0324  0.0322  0.0326  0.0322  0.0323  0.0322  0.0321
  0.0322  0.0321  0.0321  0.0323  0.0322  0.0322  0.0321  0.0323  0.0321  0.0321  0.0321  0.0320
  0.0321  0.0320  0.0320  0.0321  0.0321  0.0321  0.0320  0.0321  0.0320  0.0320  0.0320  0.0320
  0.0320  0.0320  0.0320  0.0320  0.0320  0.0320  0.0320  0.0320  0.0320  0.0320  0.0320  0.0320
  0.0321  0.0320  0.0320  0.0320  0.0320  0.0320  0.0320  0.0320  0.0320  0.0320  0.0320  0.0320
  0.0322  0.0321  0.0321  0.0322  0.0321  0.0321  0.0321  0.0322  0.0321  0.0321  0.0321  0.0320
  0.0324  0.0322  0.0322  0.0325  0.0323  0.0324  0.0322  0.0325  0.0322  0.0323  0.0322  0.0321
registration optimization eta report
parameter search radius
    0.8000    0.8000    0.8000    2.4000    2.4000    2.4000
    2.4000    2.4000    2.4000    2.4000    2.4000    2.4000
100000*second partial in parameter space
       58.       33.       26.        8.        5.        6.
        4.        9.        3.        5.        3.        2.
  0.0324  0.0322  0.0322  0.0325  0.0323  0.0324  0.0322  0.0326  0.0322  0.0323  0.0322  0.0321
  0.0322  0.0321  0.0321  0.0323  0.0322  0.0322  0.0321  0.0323  0.0321  0.0321  0.0321  0.0320
  0.0321  0.0320  0.0320  0.0321  0.0321  0.0321  0.0320  0.0321  0.0320  0.0320  0.0320  0.0320
  0.0320  0.0320  0.0320  0.0320  0.0320  0.0320  0.0320  0.0320  0.0320  0.0320  0.0320  0.0320
  0.0321  0.0320  0.0320  0.0320  0.0320  0.0320  0.0320  0.0320  0.0320  0.0320  0.0320  0.0320
  0.0322  0.0321  0.0321  0.0322  0.0321  0.0321  0.0321  0.0322  0.0321  0.0321  0.0321  0.0320
  0.0324  0.0322  0.0322  0.0325  0.0323  0.0324  0.0322  0.0325  0.0322  0.0323  0.0322  0.0321
   -4.7945  -14.0192   13.3927  -11.6816  -22.9675   -7.3059
   13.8539  -13.0131   -8.6450   18.6191   16.0118  -25.0753
eta,q 0.96800 10.26128

---------------------------------------------------------------------
imgreg_4dfp /opt/freesurfer/average/711-2C_as_mni_average_305 /opt/freesurfer/average/711-2B_as_mni_average_305_mask talsrcimg_g11 none talsrcimg_to_711-2C_as_mni_average_305_t4 2311
---------------------------------------------------------------------

freesurfer imgreg_4dfp.c
/opt/freesurfer/average/711-2C_as_mni_average_305.4dfp.img
       256       256       256         1
  1.000000  1.000000  1.000000
orientation T byte_order littleendian
Reading image: /opt/freesurfer/average/711-2C_as_mni_average_305.4dfp.img
dimensions:      256       256       256
mmppix:       1.0000   -1.0000   -1.0000
center:     128.0000 -129.0000 -129.0000
/opt/freesurfer/average/711-2B_as_mni_average_305_mask.4dfp.img
       256       256       256         1
  1.000000  1.000000  1.000000
orientation T byte_order littleendian
Reading mask: /opt/freesurfer/average/711-2B_as_mni_average_305_mask.4dfp.img (2306576 pixels)
talsrcimg_g11.4dfp.img
       256       256       256         1
  1.000000  1.000000  1.000000
orientation T byte_order littleendian
Reading image: talsrcimg_g11.4dfp.img
dimensions:      256       256       256
mmppix:       1.0000   -1.0000   -1.0000
center:     128.0000 -129.0000 -129.0000
fimgreg.f
image alignment mode   2311 decimal      907 hex
parameters
   -4.7945  -14.0192   13.3927  -11.6816  -22.9675   -7.3059
   13.8539  -13.0131   -8.6450   18.6191   16.0118  -25.0753
eta,q 0.96800 10.26129
niter,ni,del,rscale     5    3    5.0000    0.8000
parameters
   -4.7646  -14.0693   13.3767  -12.0788  -23.2624   -7.7563
   13.8886  -13.0124   -8.4985   18.7236   16.1803  -24.9470
eta,q 0.96792 10.22628
  0.0336  0.0328  0.0327  0.0333  0.0330  0.0332  0.0329  0.0340  0.0327  0.0332  0.0326  0.0324
  0.0327  0.0323  0.0323  0.0327  0.0325  0.0326  0.0325  0.0330  0.0324  0.0326  0.0324  0.0322
  0.0322  0.0321  0.0321  0.0322  0.0322  0.0323  0.0322  0.0324  0.0322  0.0322  0.0322  0.0321
  0.0320  0.0320  0.0320  0.0320  0.0320  0.0320  0.0321  0.0321  0.0321  0.0321  0.0321  0.0321
  0.0322  0.0321  0.0321  0.0322  0.0321  0.0321  0.0322  0.0322  0.0321  0.0322  0.0321  0.0321
  0.0326  0.0324  0.0323  0.0329  0.0326  0.0328  0.0324  0.0329  0.0323  0.0325  0.0323  0.0322
  0.0334  0.0329  0.0327  0.0341  0.0334  0.0341  0.0329  0.0341  0.0326  0.0332  0.0326  0.0323
niter,ni,del,rscale     4    3    5.0000    0.7000
parameters
   -4.8117  -13.9534   13.4336  -11.9695  -23.2756   -7.7173
   13.8937  -13.0589   -8.5956   18.6788   16.2395  -25.0199
eta,q 0.96794 10.22635
  0.0331  0.0328  0.0326  0.0333  0.0329  0.0331  0.0327  0.0335  0.0325  0.0329  0.0325  0.0323
  0.0325  0.0324  0.0323  0.0327  0.0325  0.0326  0.0324  0.0328  0.0322  0.0324  0.0323  0.0322
  0.0322  0.0322  0.0321  0.0323  0.0322  0.0323  0.0321  0.0323  0.0321  0.0322  0.0321  0.0321
  0.0321  0.0321  0.0321  0.0321  0.0321  0.0321  0.0321  0.0321  0.0321  0.0321  0.0321  0.0321
  0.0322  0.0321  0.0321  0.0321  0.0321  0.0320  0.0321  0.0322  0.0321  0.0321  0.0321  0.0321
  0.0326  0.0323  0.0323  0.0325  0.0324  0.0324  0.0323  0.0327  0.0323  0.0324  0.0322  0.0322
  0.0332  0.0326  0.0325  0.0333  0.0330  0.0332  0.0327  0.0337  0.0325  0.0329  0.0325  0.0323
niter,ni,del,rscale     3    3    5.0000    0.6000
parameters
   -4.8173  -13.9558   13.4282  -11.8510  -23.1838   -7.5904
   13.9023  -13.0531   -8.6369   18.6655   16.1922  -25.1017
eta,q 0.96796 10.23825
  0.0329  0.0325  0.0324  0.0330  0.0327  0.0328  0.0325  0.0332  0.0324  0.0327  0.0324  0.0322
  0.0324  0.0323  0.0322  0.0326  0.0324  0.0325  0.0323  0.0326  0.0322  0.0323  0.0322  0.0321
  0.0321  0.0321  0.0321  0.0323  0.0322  0.0322  0.0321  0.0322  0.0321  0.0321  0.0321  0.0320
  0.0321  0.0321  0.0321  0.0321  0.0320  0.0320  0.0320  0.0320  0.0320  0.0320  0.0320  0.0320
  0.0322  0.0321  0.0321  0.0321  0.0321  0.0320  0.0321  0.0321  0.0321  0.0321  0.0321  0.0321
  0.0324  0.0323  0.0322  0.0324  0.0323  0.0323  0.0322  0.0325  0.0322  0.0323  0.0322  0.0321
  0.0329  0.0325  0.0324  0.0330  0.0327  0.0328  0.0325  0.0332  0.0324  0.0327  0.0324  0.0322
niter,ni,del,rscale     2    3    5.0000    0.5000
parameters
   -4.8061  -13.9870   13.4111  -11.7646  -23.0667   -7.4506
   13.8868  -13.0353   -8.6245   18.6650   16.0961  -25.1240
eta,q 0.96799 10.25086
  0.0326  0.0323  0.0323  0.0327  0.0325  0.0326  0.0324  0.0328  0.0323  0.0325  0.0322  0.0322
  0.0323  0.0322  0.0321  0.0324  0.0323  0.0323  0.0322  0.0324  0.0321  0.0322  0.0321  0.0321
  0.0321  0.0321  0.0321  0.0322  0.0321  0.0321  0.0321  0.0321  0.0320  0.0321  0.0321  0.0320
  0.0320  0.0320  0.0320  0.0320  0.0320  0.0320  0.0320  0.0320  0.0320  0.0320  0.0320  0.0320
  0.0321  0.0321  0.0321  0.0321  0.0320  0.0320  0.0321  0.0321  0.0320  0.0321  0.0320  0.0320
  0.0323  0.0322  0.0322  0.0323  0.0322  0.0322  0.0322  0.0324  0.0321  0.0322  0.0321  0.0321
  0.0326  0.0324  0.0323  0.0327  0.0325  0.0326  0.0324  0.0329  0.0323  0.0325  0.0323  0.0322
niter,ni,del,rscale     1    3    5.0000    0.4000
parameters
   -4.7929  -14.0275   13.3963  -11.6746  -22.9623   -7.3194
   13.8425  -13.0088   -8.6119   18.6317   15.9995  -25.1256
eta,q 0.96800 10.26192
  0.0324  0.0322  0.0322  0.0325  0.0323  0.0324  0.0322  0.0326  0.0322  0.0323  0.0322  0.0321
  0.0322  0.0321  0.0321  0.0323  0.0322  0.0322  0.0321  0.0323  0.0321  0.0321  0.0321  0.0320
  0.0321  0.0320  0.0320  0.0321  0.0321  0.0321  0.0320  0.0321  0.0320  0.0320  0.0320  0.0320
  0.0320  0.0320  0.0320  0.0320  0.0320  0.0320  0.0320  0.0320  0.0320  0.0320  0.0320  0.0320
  0.0321  0.0320  0.0320  0.0320  0.0320  0.0320  0.0320  0.0320  0.0320  0.0320  0.0320  0.0320
  0.0322  0.0321  0.0321  0.0322  0.0321  0.0321  0.0321  0.0322  0.0321  0.0321  0.0321  0.0320
  0.0324  0.0322  0.0322  0.0325  0.0323  0.0324  0.0322  0.0325  0.0322  0.0323  0.0322  0.0321
registration optimization eta report
parameter search radius
    0.8000    0.8000    0.8000    2.4000    2.4000    2.4000
    2.4000    2.4000    2.4000    2.4000    2.4000    2.4000
100000*second partial in parameter space
       59.       32.       26.        8.        5.        6.
        4.        9.        3.        5.        3.        2.
  0.0324  0.0322  0.0322  0.0325  0.0323  0.0324  0.0322  0.0326  0.0322  0.0323  0.0322  0.0321
  0.0322  0.0321  0.0321  0.0323  0.0322  0.0322  0.0321  0.0323  0.0321  0.0321  0.0321  0.0320
  0.0321  0.0320  0.0320  0.0321  0.0321  0.0321  0.0320  0.0321  0.0320  0.0320  0.0320  0.0320
  0.0320  0.0320  0.0320  0.0320  0.0320  0.0320  0.0320  0.0320  0.0320  0.0320  0.0320  0.0320
  0.0321  0.0320  0.0320  0.0320  0.0320  0.0320  0.0320  0.0320  0.0320  0.0320  0.0320  0.0320
  0.0322  0.0321  0.0321  0.0322  0.0321  0.0321  0.0321  0.0322  0.0321  0.0321  0.0321  0.0320
  0.0324  0.0322  0.0322  0.0325  0.0323  0.0324  0.0322  0.0325  0.0322  0.0323  0.0322  0.0321
   -4.7929  -14.0275   13.3963  -11.6746  -22.9623   -7.3194
   13.8425  -13.0088   -8.6119   18.6317   15.9995  -25.1256
eta,q 0.96800 10.26192

---------------------------------------------------------------------
compute_vox2vox talsrcimg talsrcimg_to_711-2C_as_mni_average_305_t4 /opt/freesurfer/average/711-2C_as_mni_average_305
---------------------------------------------------------------------

freesurfer compute_vox2vox.c
Reading: talsrcimg.4dfp.ifh
Reading: talsrcimg_to_711-2C_as_mni_average_305_t4
Reading: /opt/freesurfer/average/711-2C_as_mni_average_305.4dfp.ifh
Writing: talsrcimg_to_711-2C_as_mni_average_305_t4_vox2vox.txt

start time Sat Mar 14 03:19:16 CET 2026
end		time Sat Mar 14 03:20:47 CET 2026

mpr2mni305 success

avi2talxfm orig_nu.mgz /opt/freesurfer/average/mni305.cor.mgz talsrcimg_to_711-2C_as_mni_average_305_t4_vox2vox.txt transforms/talairach.auto.xfm
avi2talxfm done
mv -f /out/sourcedata/freesurfer/sub-v2s8x29248_ses-1/mri/talsrcimg_to_711-2C_as_mni_average_305_t4_vox2vox.txt /out/sourcedata/freesurfer/sub-v2s8x29248_ses-1/mri/transforms/talsrcimg_to_711-2C_as_mni_average_305_t4_vox2vox.txt
lta_convert --src orig_nu.mgz --trg /opt/freesurfer/average/mni305.cor.mgz --inxfm transforms/talairach.auto.xfm --outlta transforms/talairach.auto.xfm.lta --subject fsaverage
7.3.2

--src: orig_nu.mgz src image (geometry).
--trg: /opt/freesurfer/average/mni305.cor.mgz trg image (geometry).
--inmni: transforms/talairach.auto.xfm input MNI/XFM transform.
--outlta: transforms/talairach.auto.xfm.lta output LTA.
--s: fsaverage subject name
 LTA read, type : 1
 1.08628   0.17991  -0.13651   8.04090;
-0.14509   0.98855   0.34848  -7.27801;
 0.15652  -0.21897   1.19852   35.27986;
 0.00000   0.00000   0.00000   1.00000;
setting subject to fsaverage
Writing  LTA to file transforms/talairach.auto.xfm.lta...
lta_convert successful.
 
 
Started at Sat Mar 14 03:19:16 CET 2026
Ended   at Sat Mar 14 03:20:47 CET 2026
talairach_avi done
