status file for recon-all
Sat Mar 14 02:57:55 CET 2026
#@# Tessellate rh Sat Mar 14 02:57:55 CET 2026
#@# Smooth1 rh Sat Mar 14 02:57:58 CET 2026
#@# Inflation1 rh Sat Mar 14 02:58:00 CET 2026
#@# QSphere rh Sat Mar 14 02:58:14 CET 2026
#@# Fix Topology rh Sat Mar 14 02:59:15 CET 2026
#@# Smooth2 rh Sat Mar 14 04:19:03 CET 2026
#@# Inflation2 rh Sat Mar 14 04:19:05 CET 2026
#@# Curv .H and .K rh Sat Mar 14 04:19:17 CET 2026
#@# Sphere rh Sat Mar 14 04:19:54 CET 2026
#@# Surf Reg rh Sat Mar 14 04:25:33 CET 2026
#@# Jacobian white rh Sat Mar 14 04:32:10 CET 2026
#@# AvgCurv rh Sat Mar 14 04:32:11 CET 2026
#@# Cortical Parc rh Sat Mar 14 04:32:12 CET 2026
#@# white curv rh Sat Mar 14 04:39:32 CET 2026
#@# white area rh Sat Mar 14 04:39:33 CET 2026
#@# pial curv rh Sat Mar 14 04:39:34 CET 2026
#@# pial area rh Sat Mar 14 04:39:35 CET 2026
#@# thickness rh Sat Mar 14 04:39:36 CET 2026
#@# area and vertex vol rh Sat Mar 14 04:39:55 CET 2026
#@# Curvature Stats rh Sat Mar 14 04:39:56 CET 2026
#@# Cortical Parc 2 rh Sat Mar 14 04:39:58 CET 2026
#@# Cortical Parc 3 rh Sat Mar 14 04:40:07 CET 2026
#@# WM/GM Contrast rh Sat Mar 14 04:40:15 CET 2026
recon-all -s sub-v2s8x29209_ses-1 finished without error at Sat Mar 14 04:40:17 CET 2026



#New# invocation of recon-all 



status file for recon-all
Sat Mar 14 04:46:48 CET 2026
#@# white curv rh Sat Mar 14 04:46:48 CET 2026
#@# white area rh Sat Mar 14 04:46:48 CET 2026
#@# pial curv rh Sat Mar 14 04:46:48 CET 2026
#@# pial area rh Sat Mar 14 04:46:48 CET 2026
#@# thickness rh Sat Mar 14 04:46:48 CET 2026
#@# area and vertex vol rh Sat Mar 14 04:46:48 CET 2026
#@# Parcellation Stats rh Sat Mar 14 04:46:48 CET 2026
#@# Parcellation Stats 2 rh Sat Mar 14 04:47:03 CET 2026
#@# Parcellation Stats 3 rh Sat Mar 14 04:47:10 CET 2026
#@# BA_exvivo Labels rh Sat Mar 14 04:47:18 CET 2026
recon-all -s sub-v2s8x29209_ses-1 finished without error at Sat Mar 14 04:49:20 CET 2026
