status file for recon-all
Sat Mar 14 02:30:47 CET 2026
#@# Tessellate lh Sat Mar 14 02:30:47 CET 2026
#@# Smooth1 lh Sat Mar 14 02:30:50 CET 2026
#@# Inflation1 lh Sat Mar 14 02:30:52 CET 2026
#@# QSphere lh Sat Mar 14 02:31:04 CET 2026
#@# Fix Topology lh Sat Mar 14 02:31:58 CET 2026
#@# Smooth2 lh Sat Mar 14 02:39:23 CET 2026
#@# Inflation2 lh Sat Mar 14 02:39:26 CET 2026
#@# Curv .H and .K lh Sat Mar 14 02:39:39 CET 2026
#@# Sphere lh Sat Mar 14 02:40:13 CET 2026
#@# Surf Reg lh Sat Mar 14 02:46:13 CET 2026
#@# Jacobian white lh Sat Mar 14 02:52:10 CET 2026
#@# AvgCurv lh Sat Mar 14 02:52:11 CET 2026
#@# Cortical Parc lh Sat Mar 14 02:52:12 CET 2026
#@# white curv lh Sat Mar 14 02:57:11 CET 2026
#@# white area lh Sat Mar 14 02:57:12 CET 2026
#@# pial curv lh Sat Mar 14 02:57:12 CET 2026
#@# pial area lh Sat Mar 14 02:57:14 CET 2026
#@# thickness lh Sat Mar 14 02:57:14 CET 2026
#@# area and vertex vol lh Sat Mar 14 02:57:31 CET 2026
#@# Curvature Stats lh Sat Mar 14 02:57:32 CET 2026
#@# Cortical Parc 2 lh Sat Mar 14 02:57:34 CET 2026
#@# Cortical Parc 3 lh Sat Mar 14 02:57:44 CET 2026
#@# WM/GM Contrast lh Sat Mar 14 02:57:50 CET 2026
recon-all -s sub-v2s8x29209_ses-1 finished without error at Sat Mar 14 02:57:53 CET 2026



#New# invocation of recon-all 



status file for recon-all
Sat Mar 14 04:44:20 CET 2026
#@# white curv lh Sat Mar 14 04:44:20 CET 2026
#@# white area lh Sat Mar 14 04:44:20 CET 2026
#@# pial curv lh Sat Mar 14 04:44:20 CET 2026
#@# pial area lh Sat Mar 14 04:44:20 CET 2026
#@# thickness lh Sat Mar 14 04:44:20 CET 2026
#@# area and vertex vol lh Sat Mar 14 04:44:20 CET 2026
#@# Parcellation Stats lh Sat Mar 14 04:44:20 CET 2026
#@# Parcellation Stats 2 lh Sat Mar 14 04:44:34 CET 2026
#@# Parcellation Stats 3 lh Sat Mar 14 04:44:41 CET 2026
#@# BA_exvivo Labels lh Sat Mar 14 04:44:49 CET 2026
recon-all -s sub-v2s8x29209_ses-1 finished without error at Sat Mar 14 04:46:47 CET 2026
