status file for recon-all
Sat Mar 14 04:17:39 CET 2026
#@# Tessellate rh Sat Mar 14 04:17:39 CET 2026
#@# Smooth1 rh Sat Mar 14 04:17:43 CET 2026
#@# Inflation1 rh Sat Mar 14 04:17:46 CET 2026
#@# QSphere rh Sat Mar 14 04:18:01 CET 2026
#@# Fix Topology rh Sat Mar 14 04:19:22 CET 2026
#@# Smooth2 rh Sat Mar 14 04:34:35 CET 2026
#@# Inflation2 rh Sat Mar 14 04:34:38 CET 2026
#@# Curv .H and .K rh Sat Mar 14 04:34:54 CET 2026
#@# Sphere rh Sat Mar 14 04:35:42 CET 2026
#@# Surf Reg rh Sat Mar 14 04:40:03 CET 2026
#@# Jacobian white rh Sat Mar 14 04:44:55 CET 2026
#@# AvgCurv rh Sat Mar 14 04:44:56 CET 2026
#@# Cortical Parc rh Sat Mar 14 04:44:57 CET 2026
#@# white curv rh Sat Mar 14 04:52:00 CET 2026
#@# white area rh Sat Mar 14 04:52:02 CET 2026
#@# pial curv rh Sat Mar 14 04:52:03 CET 2026
#@# pial area rh Sat Mar 14 04:52:05 CET 2026
#@# thickness rh Sat Mar 14 04:52:06 CET 2026
#@# area and vertex vol rh Sat Mar 14 04:52:41 CET 2026
#@# Curvature Stats rh Sat Mar 14 04:52:43 CET 2026
#@# Cortical Parc 2 rh Sat Mar 14 04:52:46 CET 2026
#@# Cortical Parc 3 rh Sat Mar 14 04:53:02 CET 2026
#@# WM/GM Contrast rh Sat Mar 14 04:53:13 CET 2026
recon-all -s sub-v2s8x29228_ses-1 finished without error at Sat Mar 14 04:53:18 CET 2026



#New# invocation of recon-all 



status file for recon-all
Sat Mar 14 05:02:16 CET 2026
#@# white curv rh Sat Mar 14 05:02:16 CET 2026
#@# white area rh Sat Mar 14 05:02:16 CET 2026
#@# pial curv rh Sat Mar 14 05:02:16 CET 2026
#@# pial area rh Sat Mar 14 05:02:16 CET 2026
#@# thickness rh Sat Mar 14 05:02:16 CET 2026
#@# area and vertex vol rh Sat Mar 14 05:02:16 CET 2026
#@# Parcellation Stats rh Sat Mar 14 05:02:16 CET 2026
#@# Parcellation Stats 2 rh Sat Mar 14 05:02:35 CET 2026
#@# Parcellation Stats 3 rh Sat Mar 14 05:02:46 CET 2026
#@# BA_exvivo Labels rh Sat Mar 14 05:02:56 CET 2026
recon-all -s sub-v2s8x29228_ses-1 finished without error at Sat Mar 14 05:05:51 CET 2026
