status file for recon-all
Sat Mar 14 00:53:19 CET 2026
#@# MotionCor Sat Mar 14 00:53:20 CET 2026
#@# Talairach Sat Mar 14 00:53:26 CET 2026
#@# Talairach Failure Detection Sat Mar 14 00:56:16 CET 2026
#@# Nu Intensity Correction Sat Mar 14 00:56:16 CET 2026
#@# Intensity Normalization Sat Mar 14 00:59:01 CET 2026
recon-all -s sub-v2s8x29201_ses-1 finished without error at Sat Mar 14 00:59:54 CET 2026



#New# invocation of recon-all 



status file for recon-all
Sat Mar 14 01:06:12 CET 2026
#@# EM Registration Sat Mar 14 01:06:12 CET 2026
recon-all -s sub-v2s8x29201_ses-1 finished without error at Sat Mar 14 01:09:16 CET 2026



#New# invocation of recon-all 



status file for recon-all
Sat Mar 14 01:09:19 CET 2026
#@# CA Normalize Sat Mar 14 01:09:19 CET 2026
#@# CA Reg Sat Mar 14 01:10:14 CET 2026
#@# SubCort Seg Sat Mar 14 01:52:51 CET 2026
#@# CC Seg Sat Mar 14 02:14:29 CET 2026
#@# Merge ASeg Sat Mar 14 02:14:49 CET 2026
#@# Intensity Normalization2 Sat Mar 14 02:14:49 CET 2026
#@# Mask BFS Sat Mar 14 02:16:21 CET 2026
#@# WM Segmentation Sat Mar 14 02:16:21 CET 2026
#@# Fill Sat Mar 14 02:17:50 CET 2026
recon-all -s sub-v2s8x29201_ses-1 finished without error at Sat Mar 14 02:18:27 CET 2026



#New# invocation of recon-all 



status file for recon-all
Sat Mar 14 03:18:17 CET 2026
#@# white curv lh Sat Mar 14 03:18:17 CET 2026
#@# white area lh Sat Mar 14 03:18:17 CET 2026
#@# pial curv lh Sat Mar 14 03:18:17 CET 2026
#@# pial area lh Sat Mar 14 03:18:17 CET 2026
#@# thickness lh Sat Mar 14 03:18:17 CET 2026
#@# area and vertex vol lh Sat Mar 14 03:18:17 CET 2026
#@# white curv rh Sat Mar 14 03:18:17 CET 2026
#@# white area rh Sat Mar 14 03:18:17 CET 2026
#@# pial curv rh Sat Mar 14 03:18:17 CET 2026
#@# pial area rh Sat Mar 14 03:18:17 CET 2026
#@# thickness rh Sat Mar 14 03:18:17 CET 2026
#@# area and vertex vol rh Sat Mar 14 03:18:17 CET 2026
#@# Cortical ribbon mask Sat Mar 14 03:18:17 CET 2026
recon-all -s sub-v2s8x29201_ses-1 finished without error at Sat Mar 14 03:21:13 CET 2026



#New# invocation of recon-all 



status file for recon-all
Sat Mar 14 03:27:13 CET 2026
#@# white curv lh Sat Mar 14 03:27:13 CET 2026
#@# white area lh Sat Mar 14 03:27:13 CET 2026
#@# pial curv lh Sat Mar 14 03:27:13 CET 2026
#@# pial area lh Sat Mar 14 03:27:13 CET 2026
#@# thickness lh Sat Mar 14 03:27:13 CET 2026
#@# area and vertex vol lh Sat Mar 14 03:27:13 CET 2026
#@# white curv rh Sat Mar 14 03:27:13 CET 2026
#@# white area rh Sat Mar 14 03:27:13 CET 2026
#@# pial curv rh Sat Mar 14 03:27:13 CET 2026
#@# pial area rh Sat Mar 14 03:27:13 CET 2026
#@# thickness rh Sat Mar 14 03:27:13 CET 2026
#@# area and vertex vol rh Sat Mar 14 03:27:13 CET 2026
#@# Curvature Stats lh Sat Mar 14 03:27:13 CET 2026
#@# Curvature Stats rh Sat Mar 14 03:27:16 CET 2026
#@# Relabel Hypointensities Sat Mar 14 03:27:18 CET 2026
#@# APas-to-ASeg Sat Mar 14 03:27:30 CET 2026
#@# AParc-to-ASeg aparc Sat Mar 14 03:27:37 CET 2026
#@# AParc-to-ASeg aparc.a2009s Sat Mar 14 03:28:01 CET 2026
#@# AParc-to-ASeg aparc.DKTatlas Sat Mar 14 03:28:30 CET 2026
#@# WMParc Sat Mar 14 03:28:56 CET 2026
#@# ASeg Stats Sat Mar 14 03:30:58 CET 2026
recon-all -s sub-v2s8x29201_ses-1 finished without error at Sat Mar 14 03:31:20 CET 2026
