status file for recon-all
Sat Mar 14 04:04:49 CET 2026
#@# Tessellate rh Sat Mar 14 04:04:49 CET 2026
#@# Smooth1 rh Sat Mar 14 04:04:52 CET 2026
#@# Inflation1 rh Sat Mar 14 04:04:55 CET 2026
#@# QSphere rh Sat Mar 14 04:05:06 CET 2026
#@# Fix Topology rh Sat Mar 14 04:06:08 CET 2026
#@# Smooth2 rh Sat Mar 14 04:14:03 CET 2026
#@# Inflation2 rh Sat Mar 14 04:14:05 CET 2026
#@# Curv .H and .K rh Sat Mar 14 04:14:16 CET 2026
#@# Sphere rh Sat Mar 14 04:15:01 CET 2026
#@# Surf Reg rh Sat Mar 14 04:18:23 CET 2026
#@# Jacobian white rh Sat Mar 14 04:22:03 CET 2026
#@# AvgCurv rh Sat Mar 14 04:22:04 CET 2026
#@# Cortical Parc rh Sat Mar 14 04:22:04 CET 2026
#@# white curv rh Sat Mar 14 04:27:36 CET 2026
#@# white area rh Sat Mar 14 04:27:38 CET 2026
#@# pial curv rh Sat Mar 14 04:27:39 CET 2026
#@# pial area rh Sat Mar 14 04:27:40 CET 2026
#@# thickness rh Sat Mar 14 04:27:41 CET 2026
#@# area and vertex vol rh Sat Mar 14 04:28:10 CET 2026
#@# Curvature Stats rh Sat Mar 14 04:28:11 CET 2026
#@# Cortical Parc 2 rh Sat Mar 14 04:28:13 CET 2026
#@# Cortical Parc 3 rh Sat Mar 14 04:28:26 CET 2026
#@# WM/GM Contrast rh Sat Mar 14 04:28:35 CET 2026
recon-all -s sub-v2s8x29229_ses-1 finished without error at Sat Mar 14 04:28:39 CET 2026



#New# invocation of recon-all 



status file for recon-all
Sat Mar 14 04:35:59 CET 2026
#@# white curv rh Sat Mar 14 04:35:59 CET 2026
#@# white area rh Sat Mar 14 04:35:59 CET 2026
#@# pial curv rh Sat Mar 14 04:35:59 CET 2026
#@# pial area rh Sat Mar 14 04:35:59 CET 2026
#@# thickness rh Sat Mar 14 04:35:59 CET 2026
#@# area and vertex vol rh Sat Mar 14 04:35:59 CET 2026
#@# Parcellation Stats rh Sat Mar 14 04:35:59 CET 2026
#@# Parcellation Stats 2 rh Sat Mar 14 04:36:16 CET 2026
#@# Parcellation Stats 3 rh Sat Mar 14 04:36:25 CET 2026
#@# BA_exvivo Labels rh Sat Mar 14 04:36:34 CET 2026
recon-all -s sub-v2s8x29229_ses-1 finished without error at Sat Mar 14 04:38:58 CET 2026
