status file for recon-all
Sat Mar 14 03:33:44 CET 2026
#@# Tessellate lh Sat Mar 14 03:33:44 CET 2026
#@# Smooth1 lh Sat Mar 14 03:33:48 CET 2026
#@# Inflation1 lh Sat Mar 14 03:33:51 CET 2026
#@# QSphere lh Sat Mar 14 03:34:01 CET 2026
#@# Fix Topology lh Sat Mar 14 03:35:01 CET 2026
#@# Smooth2 lh Sat Mar 14 03:48:05 CET 2026
#@# Inflation2 lh Sat Mar 14 03:48:08 CET 2026
#@# Curv .H and .K lh Sat Mar 14 03:48:20 CET 2026
#@# Sphere lh Sat Mar 14 03:49:05 CET 2026
#@# Surf Reg lh Sat Mar 14 03:53:25 CET 2026
#@# Jacobian white lh Sat Mar 14 03:58:30 CET 2026
#@# AvgCurv lh Sat Mar 14 03:58:31 CET 2026
#@# Cortical Parc lh Sat Mar 14 03:58:32 CET 2026
#@# white curv lh Sat Mar 14 04:03:43 CET 2026
#@# white area lh Sat Mar 14 04:03:45 CET 2026
#@# pial curv lh Sat Mar 14 04:03:45 CET 2026
#@# pial area lh Sat Mar 14 04:03:47 CET 2026
#@# thickness lh Sat Mar 14 04:03:48 CET 2026
#@# area and vertex vol lh Sat Mar 14 04:04:17 CET 2026
#@# Curvature Stats lh Sat Mar 14 04:04:18 CET 2026
#@# Cortical Parc 2 lh Sat Mar 14 04:04:20 CET 2026
#@# Cortical Parc 3 lh Sat Mar 14 04:04:33 CET 2026
#@# WM/GM Contrast lh Sat Mar 14 04:04:42 CET 2026
recon-all -s sub-v2s8x29229_ses-1 finished without error at Sat Mar 14 04:04:46 CET 2026



#New# invocation of recon-all 



status file for recon-all
Sat Mar 14 04:32:59 CET 2026
#@# white curv lh Sat Mar 14 04:32:59 CET 2026
#@# white area lh Sat Mar 14 04:32:59 CET 2026
#@# pial curv lh Sat Mar 14 04:32:59 CET 2026
#@# pial area lh Sat Mar 14 04:32:59 CET 2026
#@# thickness lh Sat Mar 14 04:32:59 CET 2026
#@# area and vertex vol lh Sat Mar 14 04:32:59 CET 2026
#@# Parcellation Stats lh Sat Mar 14 04:32:59 CET 2026
#@# Parcellation Stats 2 lh Sat Mar 14 04:33:16 CET 2026
#@# Parcellation Stats 3 lh Sat Mar 14 04:33:25 CET 2026
#@# BA_exvivo Labels lh Sat Mar 14 04:33:33 CET 2026
recon-all -s sub-v2s8x29229_ses-1 finished without error at Sat Mar 14 04:35:58 CET 2026
