/out/sourcedata/freesurfer/sub-v2s8x29219_ses-1/mri
/opt/freesurfer/bin/talairach_avi
--i orig_nu.mgz --xfm transforms/talairach.auto.xfm
talairach_avi 7.3.2
Linux dna061 5.14.0-427.37.1.el9_4.x86_64 #1 SMP PREEMPT_DYNAMIC Fri Sep 13 12:41:50 EDT 2024 x86_64 x86_64 x86_64 GNU/Linux
Sat Mar 14 01:37:31 CET 2026
mri_convert orig_nu.mgz talsrcimg.img 
reading from orig_nu.mgz...
TR=0.00, TE=0.00, TI=0.00, flip angle=0.00
i_ras = (-1, 0, 0)
j_ras = (0, 0, -1)
k_ras = (0, 1, 0)
writing to talsrcimg.img...
Analyze Output Matrix
-1.00000   0.00000   0.00000   129.66513;
 0.00000   0.00000   1.00000  -128.00000;
 0.00000  -1.00000   0.00000   130.00000;
 0.00000   0.00000   0.00000   1.00000;
--------------------
INFO: set hdr.hist.orient to -1
mpr2mni305 talsrcimg
Sat Mar 14 01:37:32 CET 2026
/opt/freesurfer/bin/mpr2mni305 talsrcimg
mpr2mni305 7.3.2
target=711-2C_as_mni_average_305

---------------------------------------------------------------------
analyzeto4dfp talsrcimg -O0 -y
---------------------------------------------------------------------

freesurfer ifh2hdr.c
Sat Mar 14 01:37:32 2026
Writing: talsrcimg.4dfp.hdr
freesurfer analyzeto4dfp.c
Reading: talsrcimg.hdr
header size 348 bytes
hdr.dime.datatype	offset=70	value=2
hdr.dime.bitpix		offset=72	value=8
hdr.hist.orient		offset=252	value=-1
dimensionality     4
dimensions       256       256       256         1
Reading: talsrcimg.img
Writing: talsrcimg.4dfp.img
Writing: talsrcimg.4dfp.ifh
ifh2hdr talsrcimg -r0to220
ori=2

---------------------------------------------------------------------
gauss_4dfp talsrcimg 1.1
---------------------------------------------------------------------

freesurfer gauss_4dfp.c
Reading: talsrcimg.4dfp.img
Writing: talsrcimg_g11.4dfp.img
image dimensions 256 256 256 padded to 288 288 288
processing volume 1freesurfer ifh2hdr.c
Sat Mar 14 01:37:34 2026
Writing: talsrcimg_g11.4dfp.hdr

Writing: talsrcimg_g11.4dfp.ifh
including: talsrcimg.4dfp.img.rec in talsrcimg_g11.4dfp.img.rec

---------------------------------------------------------------------
imgreg_4dfp /opt/freesurfer/average/711-2C_as_mni_average_305 none talsrcimg_g11 none talsrcimg_to_711-2C_as_mni_average_305_t4 4355
---------------------------------------------------------------------

freesurfer imgreg_4dfp.c
/opt/freesurfer/average/711-2C_as_mni_average_305.4dfp.img
       256       256       256         1
  1.000000  1.000000  1.000000
orientation T byte_order littleendian
Reading image: /opt/freesurfer/average/711-2C_as_mni_average_305.4dfp.img
dimensions:      256       256       256
mmppix:       1.0000   -1.0000   -1.0000
center:     128.0000 -129.0000 -129.0000
talsrcimg_g11.4dfp.img
       256       256       256         1
  1.000000  1.000000  1.000000
orientation T byte_order littleendian
Reading image: talsrcimg_g11.4dfp.img
dimensions:      256       256       256
mmppix:       1.0000   -1.0000   -1.0000
center:     128.0000 -129.0000 -129.0000
t4_read: open error in t4_sub.f l:  41 t4_file(1:l)talsrcimg_to_711-2C_as_mni_average_305_t4 
t4_read: transform initialized to I4
rotation matrix determinant  1.000000
image alignment mode   4355 decimal     1103 hex
   -7.5000  -45.0000  -45.0000 9044.2500   19.6781
    0.0000  -45.0000  -45.0000 9532.7314   19.6361
    7.5000  -45.0000  -45.0000 9197.7705   19.6445
   -7.5000  -37.5000  -45.0000 9356.9160   19.6516
    0.0000  -37.5000  -45.0000 9868.9326   19.6086
    7.5000  -37.5000  -45.0000 9500.7100   19.6155
   -7.5000  -30.0000  -45.0000 9984.1016   19.6147
    0.0000  -30.0000  -45.000010524.0449   19.5801
    7.5000  -30.0000  -45.000010118.2939   19.5904
   -7.5000  -22.5000  -45.000010577.3643   19.6056
    0.0000  -22.5000  -45.000011132.7197   19.5810
    7.5000  -22.5000  -45.000010720.0977   19.5968
   -7.5000  -15.0000  -45.000011027.6602   19.6379
    0.0000  -15.0000  -45.000011601.0811   19.6169
    7.5000  -15.0000  -45.000011171.7197   19.6353
   -7.5000   -7.5000  -45.000011439.6016   19.6732
    0.0000   -7.5000  -45.000012035.2285   19.6432
    7.5000   -7.5000  -45.000011561.8447   19.6576
   -7.5000    0.0000  -45.000011636.0664   19.6781
    0.0000    0.0000  -45.000012243.9775   19.6361
    7.5000    0.0000  -45.000011742.6240   19.6445
   -7.5000    7.5000  -45.000010920.7393   19.6516
    0.0000    7.5000  -45.000011497.2764   19.6086
    7.5000    7.5000  -45.000011006.3457   19.6155
   -7.5000   15.0000  -45.000010147.7080   19.6147
    0.0000   15.0000  -45.000010654.3975   19.5801
    7.5000   15.0000  -45.000010202.8271   19.5904
   -7.5000   22.5000  -45.0000 9317.4053   19.6029
    0.0000   22.5000  -45.0000 9800.3135   19.5783
    7.5000   22.5000  -45.0000 9375.2441   19.5941
   -7.5000   30.0000  -45.0000 8488.5059   19.3762
    0.0000   30.0000  -45.0000 8929.3994   19.3555
    7.5000   30.0000  -45.0000 8526.1729   19.3736
   -7.5000   37.5000  -45.0000 7831.0840   19.4588
    0.0000   37.5000  -45.0000 8240.3877   19.4287
    7.5000   37.5000  -45.0000 7857.3145   19.4418
   -7.5000   45.0000  -45.0000 6892.1597   19.2985
    0.0000   45.0000  -45.0000 7253.0415   19.2587
    7.5000   45.0000  -45.0000 6924.1401   19.2662
   -7.5000  -45.0000  -37.5000 9641.1309   19.6154
    0.0000  -45.0000  -37.500010187.9609   19.5656
    7.5000  -45.0000  -37.5000 9806.2588   19.5723
   -7.5000  -37.5000  -37.5000 9956.4434   19.5839
    0.0000  -37.5000  -37.500010524.1621   19.5368
    7.5000  -37.5000  -37.500010110.5732   19.5446
   -7.5000  -30.0000  -37.500010604.3486   19.5455
    0.0000  -30.0000  -37.500011219.1201   19.5078
    7.5000  -30.0000  -37.500010760.0049   19.5198
   -7.5000  -22.5000  -37.500011203.2227   19.5416
    0.0000  -22.5000  -37.500011816.4248   19.5110
    7.5000  -22.5000  -37.500011372.4141   19.5270
   -7.5000  -15.0000  -37.500011679.4111   19.5806
    0.0000  -15.0000  -37.500012313.5713   19.5500
    7.5000  -15.0000  -37.500011852.5068   19.5663
   -7.5000   -7.5000  -37.500012105.1689   19.6156
    0.0000   -7.5000  -37.500012737.9678   19.5753
    7.5000   -7.5000  -37.500012245.8799   19.5864
   -7.5000    0.0000  -37.500012283.8418   19.6154
    0.0000    0.0000  -37.500012947.0322   19.5656
    7.5000    0.0000  -37.500012437.4609   19.5723
   -7.5000    7.5000  -37.500011517.0576   19.5839
    0.0000    7.5000  -37.500012135.4795   19.5368
    7.5000    7.5000  -37.500011622.8447   19.5446
   -7.5000   15.0000  -37.500010681.8701   19.5455
    0.0000   15.0000  -37.500011223.5908   19.5078
    7.5000   15.0000  -37.500010750.6143   19.5198
   -7.5000   22.5000  -37.5000 9798.7695   19.5389
    0.0000   22.5000  -37.500010283.6768   19.5083
    7.5000   22.5000  -37.5000 9859.1211   19.5244
   -7.5000   30.0000  -37.5000 8908.8174   19.3196
    0.0000   30.0000  -37.5000 9321.7656   19.2895
    7.5000   30.0000  -37.5000 8920.4648   19.3056
   -7.5000   37.5000  -37.5000 8195.0938   19.4016
    0.0000   37.5000  -37.5000 8584.0615   19.3614
    7.5000   37.5000  -37.5000 8206.1826   19.3713
   -7.5000   45.0000  -37.5000 7197.9434   19.2342
    0.0000   45.0000  -37.5000 7549.7241   19.1867
    7.5000   45.0000  -37.5000 7230.1641   19.1930
   -7.5000  -45.0000  -30.000010382.3047   20.4209
    0.0000  -45.0000  -30.000010973.8027   20.3787
    7.5000  -45.0000  -30.000010567.7275   20.3907
   -7.5000  -37.5000  -30.000010689.7002   20.3819
    0.0000  -37.5000  -30.000011300.1113   20.3404
    7.5000  -37.5000  -30.000010876.3740   20.3544
   -7.5000  -30.0000  -30.000011358.2227   20.3293
    0.0000  -30.0000  -30.000012022.3730   20.2940
    7.5000  -30.0000  -30.000011562.6797   20.3130
   -7.5000  -22.5000  -30.000011989.3711   20.3199
    0.0000  -22.5000  -30.000012689.1895   20.2907
    7.5000  -22.5000  -30.000012204.3896   20.3131
   -7.5000  -15.0000  -30.000012504.2139   20.3665
    0.0000  -15.0000  -30.000013211.5762   20.3388
    7.5000  -15.0000  -30.000012703.8760   20.3607
   -7.5000   -7.5000  -30.000012926.1777   20.4145
    0.0000   -7.5000  -30.000013634.8271   20.3801
    7.5000   -7.5000  -30.000013101.2236   20.3965
   -7.5000    0.0000  -30.000013091.1182   20.4209
    0.0000    0.0000  -30.000013830.9883   20.3787
    7.5000    0.0000  -30.000013285.8467   20.3907
   -7.5000    7.5000  -30.000012266.1123   20.3819
    0.0000    7.5000  -30.000012930.8613   20.3404
    7.5000    7.5000  -30.000012408.6660   20.3544
   -7.5000   15.0000  -30.000011341.8945   20.3293
    0.0000   15.0000  -30.000011917.4736   20.2940
    7.5000   15.0000  -30.000011442.7227   20.3130
   -7.5000   22.5000  -30.000010411.1934   20.3150
    0.0000   22.5000  -30.000010934.5156   20.2858
    7.5000   22.5000  -30.000010498.6543   20.3082
   -7.5000   30.0000  -30.0000 9433.0410   20.0970
    0.0000   30.0000  -30.0000 9882.9346   20.0697
    7.5000   30.0000  -30.0000 9475.5049   20.0913
   -7.5000   37.5000  -30.0000 8648.3750   20.1940
    0.0000   37.5000  -30.0000 9075.1475   20.1595
    7.5000   37.5000  -30.0000 8691.6953   20.1748
   -7.5000   45.0000  -30.0000 7604.8179   20.0396
    0.0000   45.0000  -30.0000 7989.5405   19.9991
    7.5000   45.0000  -30.0000 7655.5312   20.0100
   -7.5000  -45.0000  -22.500011125.8857   21.1440
    0.0000  -45.0000  -22.500011742.8789   21.1203
    7.5000  -45.0000  -22.500011315.4688   21.1397
   -7.5000  -37.5000  -22.500011440.9092   21.1022
    0.0000  -37.5000  -22.500012070.3447   21.0720
    7.5000  -37.5000  -22.500011616.6602   21.0909
   -7.5000  -30.0000  -22.500012139.9053   21.0355
    0.0000  -30.0000  -22.500012833.2988   21.0064
    7.5000  -30.0000  -22.500012329.6787   21.0298
   -7.5000  -22.5000  -22.500012791.2666   21.0141
    0.0000  -22.5000  -22.500013564.3320   20.9938
    7.5000  -22.5000  -22.500013008.7197   21.0221
   -7.5000  -15.0000  -22.500013298.0879   21.0613
    0.0000  -15.0000  -22.500014103.5977   21.0492
    7.5000  -15.0000  -22.500013535.5039   21.0796
   -7.5000   -7.5000  -22.500013716.9941   21.1241
    0.0000   -7.5000  -22.500014533.2559   21.1098
    7.5000   -7.5000  -22.500013932.4150   21.1358
   -7.5000    0.0000  -22.500013888.7148   21.1440
    0.0000    0.0000  -22.500014695.0137   21.1203
    7.5000    0.0000  -22.500014088.0703   21.1397
   -7.5000    7.5000  -22.500013001.2549   21.1022
    0.0000    7.5000  -22.500013708.6074   21.0720
    7.5000    7.5000  -22.500013160.7725   21.0909
   -7.5000   15.0000  -22.500011988.6982   21.0355
    0.0000   15.0000  -22.500012616.8066   21.0064
    7.5000   15.0000  -22.500012103.5811   21.0298
   -7.5000   22.5000  -22.500010995.1562   21.0076
    0.0000   22.5000  -22.500011571.1309   20.9873
    7.5000   22.5000  -22.500011106.5967   21.0156
   -7.5000   30.0000  -22.5000 9944.0947   20.7858
    0.0000   30.0000  -22.500010429.8613   20.7738
    7.5000   30.0000  -22.5000 9990.6494   20.8039
   -7.5000   37.5000  -22.5000 9127.9189   20.8995
    0.0000   37.5000  -22.5000 9557.7256   20.8850
    7.5000   37.5000  -22.5000 9151.7637   20.9096
   -7.5000   45.0000  -22.5000 8009.8555   20.7687
    0.0000   45.0000  -22.5000 8403.0234   20.7457
    7.5000   45.0000  -22.5000 8061.2129   20.7628
   -7.5000  -45.0000  -15.000011883.3574   21.6880
    0.0000  -45.0000  -15.000012527.5615   21.6742
    7.5000  -45.0000  -15.000012080.4131   21.6976
   -7.5000  -37.5000  -15.000012202.4443   21.6504
    0.0000  -37.5000  -15.000012866.9121   21.6253
    7.5000  -37.5000  -15.000012376.2041   21.6448
   -7.5000  -30.0000  -15.000012934.2754   21.5825
    0.0000  -30.0000  -15.000013692.9346   21.5567
    7.5000  -30.0000  -15.000013135.0332   21.5791
   -7.5000  -22.5000  -15.000013597.2354   21.5540
    0.0000  -22.5000  -15.000014490.1650   21.5400
    7.5000  -22.5000  -15.000013846.7949   21.5692
   -7.5000  -15.0000  -15.000014105.4971   21.5951
    0.0000  -15.0000  -15.000015040.1445   21.5938
    7.5000  -15.0000  -15.000014356.9668   21.6285
   -7.5000   -7.5000  -15.000014525.8301   21.6609
    0.0000   -7.5000  -15.000015458.4883   21.6591
    7.5000   -7.5000  -15.000014757.6025   21.6909
   -7.5000    0.0000  -15.000014684.1953   21.6880
    0.0000    0.0000  -15.000015594.8047   21.6742
    7.5000    0.0000  -15.000014892.0195   21.6976
   -7.5000    7.5000  -15.000013710.7422   21.6504
    0.0000    7.5000  -15.000014503.2314   21.6253
    7.5000    7.5000  -15.000013881.7783   21.6448
   -7.5000   15.0000  -15.000012639.8037   21.5825
    0.0000   15.0000  -15.000013339.8701   21.5567
    7.5000   15.0000  -15.000012773.5420   21.5791
   -7.5000   22.5000  -15.000011570.9092   21.5464
    0.0000   22.5000  -15.000012199.2900   21.5324
    7.5000   22.5000  -15.000011687.4189   21.5616
   -7.5000   30.0000  -15.000010439.1475   21.3156
    0.0000   30.0000  -15.000010972.2148   21.3144
    7.5000   30.0000  -15.000010512.9102   21.3485
   -7.5000   37.5000  -15.0000 9576.3779   21.4337
    0.0000   37.5000  -15.000010032.4033   21.4314
    7.5000   37.5000  -15.0000 9623.9541   21.4618
   -7.5000   45.0000  -15.0000 8367.8672   21.3187
    0.0000   45.0000  -15.0000 8762.5029   21.3054
    7.5000   45.0000  -15.0000 8410.5176   21.3259
   -7.5000  -45.0000   -7.500012717.8027   21.9545
    0.0000  -45.0000   -7.500013441.5830   21.9289
    7.5000  -45.0000   -7.500012930.1230   21.9481
   -7.5000  -37.5000   -7.500013033.5127   21.9234
    0.0000  -37.5000   -7.500013807.7354   21.8898
    7.5000  -37.5000   -7.500013213.1934   21.9046
   -7.5000  -30.0000   -7.500013790.8740   21.8697
    0.0000  -30.0000   -7.500014694.5977   21.8396
    7.5000  -30.0000   -7.500013990.9385   21.8569
   -7.5000  -22.5000   -7.500014473.2168   21.8479
    0.0000  -22.5000   -7.500015444.2461   21.8303
    7.5000  -22.5000   -7.500014713.3545   21.8549
   -7.5000  -15.0000   -7.500015005.9717   21.8832
    0.0000  -15.0000   -7.500015989.9199   21.8756
    7.5000  -15.0000   -7.500015244.2334   21.9058
   -7.5000   -7.5000   -7.500015410.2822   21.9357
    0.0000   -7.5000   -7.500016402.2812   21.9237
    7.5000   -7.5000   -7.500015629.4229   21.9511
   -7.5000    0.0000   -7.500015585.6123   21.9545
    0.0000    0.0000   -7.500016581.8438   21.9289
    7.5000    0.0000   -7.500015789.8066   21.9481
   -7.5000    7.5000   -7.500014557.2266   21.9234
    0.0000    7.5000   -7.500015444.0078   21.8898
    7.5000    7.5000   -7.500014724.9492   21.9046
   -7.5000   15.0000   -7.500013395.2959   21.8697
    0.0000   15.0000   -7.500014151.6143   21.8396
    7.5000   15.0000   -7.500013544.1475   21.8569
   -7.5000   22.5000   -7.500012208.7539   21.8378
    0.0000   22.5000   -7.500012877.2783   21.8202
    7.5000   22.5000   -7.500012336.9531   21.8448
   -7.5000   30.0000   -7.500010962.1748   21.5994
    0.0000   30.0000   -7.500011519.2061   21.5919
    7.5000   30.0000   -7.500011023.0479   21.6217
   -7.5000   37.5000   -7.500010048.7617   21.7047
    0.0000   37.5000   -7.500010536.9531   21.6923
    7.5000   37.5000   -7.500010079.4219   21.7183
   -7.5000   45.0000   -7.5000 8759.1328   21.5832
    0.0000   45.0000   -7.5000 9159.2568   21.5589
    7.5000   45.0000   -7.5000 8763.7402   21.5759
   -7.5000  -45.0000    0.000013483.4121   21.9838
    0.0000  -45.0000    0.000014302.6904   21.9373
    7.5000  -45.0000    0.000013705.5918   21.9475
   -7.5000  -37.5000    0.000013749.2275   21.9541
    0.0000  -37.5000    0.000014591.9395   21.9063
    7.5000  -37.5000    0.000013920.6973   21.9147
   -7.5000  -30.0000    0.000014469.1807   21.9135
    0.0000  -30.0000    0.000015251.5156   21.8748
    7.5000  -30.0000    0.000014584.8574   21.8868
   -7.5000  -22.5000    0.000015167.1426   21.9038
    0.0000  -22.5000    0.000015970.5205   21.8764
    7.5000  -22.5000    0.000015272.3730   21.8947
   -7.5000  -15.0000    0.000015720.1455   21.9401
    0.0000  -15.0000    0.000016567.7266   21.9168
    7.5000  -15.0000    0.000015861.0000   21.9382
   -7.5000   -7.5000    0.000016153.9697   21.9790
    0.0000   -7.5000    0.000017049.4082   21.9457
    7.5000   -7.5000    0.000016291.0010   21.9628
   -7.5000    0.0000    0.000016324.9512   21.9838
    0.0000    0.0000    0.000017282.4062   21.9373
    7.5000    0.0000    0.000016460.4141   21.9475
   -7.5000    7.5000    0.000015269.4268   21.9541
    0.0000    7.5000    0.000016165.6152   21.9063
    7.5000    7.5000    0.000015381.6074   21.9147
   -7.5000   15.0000    0.000014068.3535   21.9135
    0.0000   15.0000    0.000014886.6162   21.8748
    7.5000   15.0000    0.000014181.4023   21.8868
   -7.5000   22.5000    0.000012800.7803   21.8938
    0.0000   22.5000    0.000013505.0029   21.8664
    7.5000   22.5000    0.000012880.8232   21.8846
   -7.5000   30.0000    0.000011464.1104   21.6561
    0.0000   30.0000    0.000012046.1982   21.6331
    7.5000   30.0000    0.000011483.4307   21.6542
   -7.5000   37.5000    0.000010416.2793   21.7478
    0.0000   37.5000    0.000010950.0732   21.7144
    7.5000   37.5000    0.000010462.9766   21.7301
   -7.5000   45.0000    0.0000 9083.8301   21.6098
    0.0000   45.0000    0.0000 9520.9941   21.5656
    7.5000   45.0000    0.0000 9072.8789   21.5749
   -7.5000  -45.0000    7.500013112.1445   21.9501
    0.0000  -45.0000    7.500013941.3916   21.8945
    7.5000  -45.0000    7.500013403.3662   21.9019
   -7.5000  -37.5000    7.500013447.6055   21.9149
    0.0000  -37.5000    7.500014141.3086   21.8622
    7.5000  -37.5000    7.500013615.0000   21.8709
   -7.5000  -30.0000    7.500014153.2422   21.8719
    0.0000  -30.0000    7.500014703.8965   21.8297
    7.5000  -30.0000    7.500014193.4033   21.8432
   -7.5000  -22.5000    7.500014834.7910   21.8675
    0.0000  -22.5000    7.500015416.7539   21.8333
    7.5000  -22.5000    7.500014860.2549   21.8513
   -7.5000  -15.0000    7.500015373.7266   21.9112
    0.0000  -15.0000    7.500016071.6152   21.8770
    7.5000  -15.0000    7.500015457.1426   21.8952
   -7.5000   -7.5000    7.500015788.5635   21.9504
    0.0000   -7.5000    7.500016587.5039   21.9053
    7.5000   -7.5000    7.500015857.8477   21.9178
   -7.5000    0.0000    7.500015931.8828   21.9501
    0.0000    0.0000    7.500016814.9570   21.8945
    7.5000    0.0000    7.500016005.7256   21.9019
   -7.5000    7.5000    7.500014847.3438   21.9149
    0.0000    7.5000    7.500015723.0605   21.8622
    7.5000    7.5000    7.500014939.1152   21.8709
   -7.5000   15.0000    7.500013678.6191   21.8719
    0.0000   15.0000    7.500014514.3262   21.8297
    7.5000   15.0000    7.500013793.8877   21.8432
   -7.5000   22.5000    7.500012417.2510   21.8575
    0.0000   22.5000    7.500013156.3086   21.8233
    7.5000   22.5000    7.500012519.4238   21.8412
   -7.5000   30.0000    7.500011058.7148   21.6276
    0.0000   30.0000    7.500011693.3662   21.5939
    7.5000   30.0000    7.500011119.0059   21.6118
   -7.5000   37.5000    7.500010018.8389   21.7194
    0.0000   37.5000    7.500010585.8682   21.6743
    7.5000   37.5000    7.500010070.7803   21.6855
   -7.5000   45.0000    7.5000 8717.3574   21.5743
    0.0000   45.0000    7.5000 9160.1055   21.5211
    7.5000   45.0000    7.5000 8711.8730   21.5280
   -7.5000  -45.0000   15.000012546.1055   21.9286
    0.0000  -45.0000   15.000013241.6221   21.8834
    7.5000  -45.0000   15.000012844.1592   21.8963
   -7.5000  -37.5000   15.000012915.1953   21.8868
    0.0000  -37.5000   15.000013574.2969   21.8423
    7.5000  -37.5000   15.000013159.4756   21.8573
   -7.5000  -30.0000   15.000013708.4229   21.8303
    0.0000  -30.0000   15.000014341.5986   21.7924
    7.5000  -30.0000   15.000013869.2715   21.8128
   -7.5000  -22.5000   15.000014384.6826   21.8202
    0.0000  -22.5000   15.000015102.2578   21.7888
    7.5000  -22.5000   15.000014532.4336   21.8129
   -7.5000  -15.0000   15.000014901.1777   21.8703
    0.0000  -15.0000   15.000015685.3467   21.8405
    7.5000  -15.0000   15.000015032.0967   21.8640
   -7.5000   -7.5000   15.000015238.8652   21.9218
    0.0000   -7.5000   15.000016092.5820   21.8849
    7.5000   -7.5000   15.000015328.0879   21.9025
   -7.5000    0.0000   15.000015317.4404   21.9286
    0.0000    0.0000   15.000016215.4365   21.8834
    7.5000    0.0000   15.000015404.5459   21.8963
   -7.5000    7.5000   15.000014272.7256   21.8868
    0.0000    7.5000   15.000015142.8125   21.8423
    7.5000    7.5000   15.000014357.0098   21.8573
   -7.5000   15.0000   15.000013132.0518   21.8303
    0.0000   15.0000   15.000013958.0176   21.7924
    7.5000   15.0000   15.000013242.8145   21.8128
   -7.5000   22.5000   15.000011884.8262   21.8102
    0.0000   22.5000   15.000012587.5996   21.7788
    7.5000   22.5000   15.000011968.5479   21.8029
   -7.5000   30.0000   15.000010526.6396   21.5872
    0.0000   30.0000   15.000011116.1162   21.5579
    7.5000   30.0000   15.000010600.0342   21.5811
   -7.5000   37.5000   15.0000 9516.3828   21.6914
    0.0000   37.5000   15.000010015.4043   21.6544
    7.5000   37.5000   15.0000 9565.5684   21.6707
   -7.5000   45.0000   15.0000 8242.6797   21.5541
    0.0000   45.0000   15.0000 8637.5879   21.5106
    7.5000   45.0000   15.0000 8253.7949   21.5222
   -7.5000  -45.0000   22.500011839.9756   21.9609
    0.0000  -45.0000   22.500012568.7842   21.9365
    7.5000  -45.0000   22.500012102.0488   21.9569
   -7.5000  -37.5000   22.500012226.4502   21.9174
    0.0000  -37.5000   22.500012904.6465   21.8862
    7.5000  -37.5000   22.500012413.0098   21.9062
   -7.5000  -30.0000   22.500012972.9727   21.8481
    0.0000  -30.0000   22.500013704.6855   21.8181
    7.5000  -30.0000   22.500013168.6865   21.8426
   -7.5000  -22.5000   22.500013672.2900   21.8259
    0.0000  -22.5000   22.500014503.7402   21.8050
    7.5000  -22.5000   22.500013918.3633   21.8347
   -7.5000  -15.0000   22.500014159.4414   21.8749
    0.0000  -15.0000   22.500015044.2334   21.8626
    7.5000  -15.0000   22.500014411.4551   21.8944
   -7.5000   -7.5000   22.500014459.6875   21.9403
    0.0000   -7.5000   22.500015322.6660   21.9256
    7.5000   -7.5000   22.500014642.8525   21.9528
   -7.5000    0.0000   22.500014517.3301   21.9609
    0.0000    0.0000   22.500015378.2285   21.9365
    7.5000    0.0000   22.500014674.5322   21.9569
   -7.5000    7.5000   22.500013512.8408   21.9174
    0.0000    7.5000   22.500014308.4941   21.8862
    7.5000    7.5000   22.500013642.5830   21.9062
   -7.5000   15.0000   22.500012439.8135   21.8481
    0.0000   15.0000   22.500013150.0088   21.8181
    7.5000   15.0000   22.500012539.9619   21.8426
   -7.5000   22.5000   22.500011224.3535   21.8159
    0.0000   22.5000   22.500011839.5312   21.7950
    7.5000   22.5000   22.500011299.9570   21.8246
   -7.5000   30.0000   22.5000 9918.9258   21.5918
    0.0000   30.0000   22.500010449.9248   21.5797
    7.5000   30.0000   22.5000 9981.9570   21.6111
   -7.5000   37.5000   22.5000 8966.3242   21.7101
    0.0000   37.5000   22.5000 9419.4736   21.6951
    7.5000   37.5000   22.5000 9013.9141   21.7209
   -7.5000   45.0000   22.5000 7756.5532   21.5899
    0.0000   45.0000   22.5000 8120.9214   21.5663
    7.5000   45.0000   22.5000 7769.1870   21.5842
   -7.5000  -45.0000   30.000011051.9062   22.1108
    0.0000  -45.0000   30.000011691.2207   22.0965
    7.5000  -45.0000   30.000011272.7891   22.1207
   -7.5000  -37.5000   30.000011425.5791   22.0727
    0.0000  -37.5000   30.000011996.4941   22.0469
    7.5000  -37.5000   30.000011568.9092   22.0670
   -7.5000  -30.0000   30.000012157.2617   22.0037
    0.0000  -30.0000   30.000012748.4775   21.9773
    7.5000  -30.0000   30.000012301.4648   22.0005
   -7.5000  -22.5000   30.000012815.1768   21.9750
    0.0000  -22.5000   30.000013471.5869   21.9605
    7.5000  -22.5000   30.000012985.4463   21.9908
   -7.5000  -15.0000   30.000013256.3945   22.0169
    0.0000  -15.0000   30.000013951.9180   22.0154
    7.5000  -15.0000   30.000013443.1895   22.0512
   -7.5000   -7.5000   30.000013508.6484   22.0834
    0.0000   -7.5000   30.000014229.6006   22.0814
    7.5000   -7.5000   30.000013664.3291   22.1141
   -7.5000    0.0000   30.000013557.1230   22.1108
    0.0000    0.0000   30.000014312.3408   22.0965
    7.5000    0.0000   30.000013718.5361   22.1207
   -7.5000    7.5000   30.000012602.4639   22.0727
    0.0000    7.5000   30.000013321.2529   22.0469
    7.5000    7.5000   30.000012746.2812   22.0670
   -7.5000   15.0000   30.000011569.4600   22.0037
    0.0000   15.0000   30.000012236.7822   21.9773
    7.5000   15.0000   30.000011705.8408   22.0005
   -7.5000   22.5000   30.000010414.7197   21.9649
    0.0000   22.5000   30.000011010.8975   21.9504
    7.5000   22.5000   30.000010545.3867   21.9807
   -7.5000   30.0000   30.0000 9209.0068   21.7319
    0.0000   30.0000   30.0000 9725.0859   21.7304
    7.5000   30.0000   30.0000 9313.1592   21.7658
   -7.5000   37.5000   30.0000 8337.2002   21.8505
    0.0000   37.5000   30.0000 8753.9863   21.8480
    7.5000   37.5000   30.0000 8393.3076   21.8792
   -7.5000   45.0000   30.0000 7225.5405   21.7361
    0.0000   45.0000   30.0000 7567.4194   21.7222
    7.5000   45.0000   30.0000 7254.4243   21.7433
   -7.5000  -45.0000   37.500010612.2480   22.2867
    0.0000  -45.0000   37.500011175.8984   22.2609
    7.5000  -45.0000   37.500010781.6123   22.2807
   -7.5000  -37.5000   37.500010982.8232   22.2554
    0.0000  -37.5000   37.500011489.0889   22.2214
    7.5000  -37.5000   37.500011079.5830   22.2365
   -7.5000  -30.0000   37.500011687.7656   22.2016
    0.0000  -30.0000   37.500012228.1699   22.1710
    7.5000  -30.0000   37.500011793.8330   22.1890
   -7.5000  -22.5000   37.500012329.0459   22.1802
    0.0000  -22.5000   37.500012890.8506   22.1625
    7.5000  -22.5000   37.500012436.7871   22.1883
   -7.5000  -15.0000   37.500012744.2344   22.2161
    0.0000  -15.0000   37.500013329.3926   22.2088
    7.5000  -15.0000   37.500012850.3076   22.2402
   -7.5000   -7.5000   37.500012966.1133   22.2684
    0.0000   -7.5000   37.500013576.1758   22.2564
    7.5000   -7.5000   37.500013080.5713   22.2848
   -7.5000    0.0000   37.500013011.9111   22.2867
    0.0000    0.0000   37.500013682.6660   22.2609
    7.5000    0.0000   37.500013160.5010   22.2807
   -7.5000    7.5000   37.500012107.5273   22.2554
    0.0000    7.5000   37.500012765.4863   22.2214
    7.5000    7.5000   37.500012246.5322   22.2365
   -7.5000   15.0000   37.500011093.1221   22.2016
    0.0000   15.0000   37.500011716.9092   22.1710
    7.5000   15.0000   37.500011235.4023   22.1890
   -7.5000   22.5000   37.5000 9997.9395   22.1700
    0.0000   22.5000   37.500010557.7773   22.1523
    7.5000   22.5000   37.500010131.4092   22.1780
   -7.5000   30.0000   37.5000 8841.7734   21.9286
    0.0000   30.0000   37.5000 9309.0654   21.9214
    7.5000   30.0000   37.5000 8935.4102   21.9524
   -7.5000   37.5000   37.5000 8008.1045   22.0320
    0.0000   37.5000   37.5000 8397.6504   22.0197
    7.5000   37.5000   37.5000 8066.8423   22.0466
   -7.5000   45.0000   37.5000 6931.6133   21.9042
    0.0000   45.0000   37.5000 7276.4419   21.8797
    7.5000   45.0000   37.5000 6970.9185   21.8971
   -7.5000  -45.0000   45.0000 9721.6074   22.5539
    0.0000  -45.0000   45.000010228.8955   22.5065
    7.5000  -45.0000   45.0000 9857.0596   22.5180
   -7.5000  -37.5000   45.000010043.1504   22.5213
    0.0000  -37.5000   45.000010522.7979   22.4724
    7.5000  -37.5000   45.000010134.8418   22.4817
   -7.5000  -30.0000   45.000010691.1484   22.4808
    0.0000  -30.0000   45.000011187.3506   22.4415
    7.5000  -30.0000   45.000010784.1221   22.4546
   -7.5000  -22.5000   45.000011287.1240   22.4755
    0.0000  -22.5000   45.000011779.3750   22.4482
    7.5000  -22.5000   45.000011373.5869   22.4682
   -7.5000  -15.0000   45.000011691.1904   22.5157
    0.0000  -15.0000   45.000012179.3740   22.4929
    7.5000  -15.0000   45.000011768.9121   22.5165
   -7.5000   -7.5000   45.000011932.9062   22.5532
    0.0000   -7.5000   45.000012455.5791   22.5199
    7.5000   -7.5000   45.000012028.2656   22.5389
   -7.5000    0.0000   45.000011997.9688   22.5539
    0.0000    0.0000   45.000012587.3281   22.5065
    7.5000    0.0000   45.000012114.8809   22.5180
   -7.5000    7.5000   45.000011149.8633   22.5213
    0.0000    7.5000   45.000011717.8643   22.4724
    7.5000    7.5000   45.000011256.1074   22.4817
   -7.5000   15.0000   45.000010209.6836   22.4808
    0.0000   15.0000   45.000010750.1523   22.4415
    7.5000   15.0000   45.000010314.1816   22.4546
   -7.5000   22.5000   45.0000 9219.3916   22.4651
    0.0000   22.5000   45.0000 9706.5859   22.4378
    7.5000   22.5000   45.0000 9300.3574   22.4578
   -7.5000   30.0000   45.0000 8148.5439   22.2224
    0.0000   30.0000   45.0000 8566.6348   22.1998
    7.5000   30.0000   45.0000 8212.2559   22.2231
   -7.5000   37.5000   45.0000 7381.8228   22.3108
    0.0000   37.5000   45.0000 7728.7856   22.2774
    7.5000   37.5000   45.0000 7414.6621   22.2949
   -7.5000   45.0000   45.0000 6407.4673   22.1750
    0.0000   45.0000   45.0000 6705.2314   22.1299
    7.5000   45.0000   45.0000 6420.4712   22.1404

---------------------------------------------------------------------
imgreg_4dfp /opt/freesurfer/average/711-2C_as_mni_average_305 /opt/freesurfer/average/711-2B_as_mni_average_305_mask talsrcimg_g11 none talsrcimg_to_711-2C_as_mni_average_305_t4 4355
---------------------------------------------------------------------

freesurfer imgreg_4dfp.c
/opt/freesurfer/average/711-2C_as_mni_average_305.4dfp.img
       256       256       256         1
  1.000000  1.000000  1.000000
orientation T byte_order littleendian
Reading image: /opt/freesurfer/average/711-2C_as_mni_average_305.4dfp.img
dimensions:      256       256       256
mmppix:       1.0000   -1.0000   -1.0000
center:     128.0000 -129.0000 -129.0000
/opt/freesurfer/average/711-2B_as_mni_average_305_mask.4dfp.img
       256       256       256         1
  1.000000  1.000000  1.000000
orientation T byte_order littleendian
Reading mask: /opt/freesurfer/average/711-2B_as_mni_average_305_mask.4dfp.img (2306576 pixels)
talsrcimg_g11.4dfp.img
       256       256       256         1
  1.000000  1.000000  1.000000
orientation T byte_order littleendian
Reading image: talsrcimg_g11.4dfp.img
dimensions:      256       256       256
mmppix:       1.0000   -1.0000   -1.0000
center:     128.0000 -129.0000 -129.0000
rotation matrix determinant  1.000000
image alignment mode   4355 decimal     1103 hex
   -7.5000  -45.0000  -45.0000 2228.4802   19.1040
    0.0000  -45.0000  -45.0000 2250.0823   18.8679
    7.5000  -45.0000  -45.0000 2251.6643   18.8739
   -7.5000  -37.5000  -45.0000 2261.1365   18.4032
    0.0000  -37.5000  -45.0000 2285.1445   18.0840
    7.5000  -37.5000  -45.0000 2284.4658   18.1036
   -7.5000  -30.0000  -45.0000 2268.7207   18.0567
    0.0000  -30.0000  -45.0000 2290.9741   17.7162
    7.5000  -30.0000  -45.0000 2292.3184   17.7007
   -7.5000  -22.5000  -45.0000 2263.5061   18.0558
    0.0000  -22.5000  -45.0000 2286.6326   17.7488
    7.5000  -22.5000  -45.0000 2288.5688   17.7160
   -7.5000  -15.0000  -45.0000 2226.3777   18.4604
    0.0000  -15.0000  -45.0000 2254.7561   18.1302
    7.5000  -15.0000  -45.0000 2254.5603   18.1178
   -7.5000   -7.5000  -45.0000 2173.8069   19.2440
    0.0000   -7.5000  -45.0000 2201.7625   18.8757
    7.5000   -7.5000  -45.0000 2201.3879   18.8314
   -7.5000    0.0000  -45.0000 2103.0183   20.4707
    0.0000    0.0000  -45.0000 2125.9753   20.0293
    7.5000    0.0000  -45.0000 2125.4382   19.9969
   -7.5000    7.5000  -45.0000 2009.8813   22.1831
    0.0000    7.5000  -45.0000 2035.4513   21.6848
    7.5000    7.5000  -45.0000 2034.3210   21.6784
   -7.5000   15.0000  -45.0000 1909.5751   24.6184
    0.0000   15.0000  -45.0000 1932.0284   24.0310
    7.5000   15.0000  -45.0000 1930.2678   24.0484
   -7.5000   22.5000  -45.0000 1800.5714   28.0267
    0.0000   22.5000  -45.0000 1823.4663   27.3973
    7.5000   22.5000  -45.0000 1819.7224   27.3865
   -7.5000   30.0000  -45.0000 1683.0554   32.5568
    0.0000   30.0000  -45.0000 1703.7252   31.8557
    7.5000   30.0000  -45.0000 1701.5892   31.8503
   -7.5000   37.5000  -45.0000 1551.1875   38.9040
    0.0000   37.5000  -45.0000 1570.6316   37.9347
    7.5000   37.5000  -45.0000 1566.2886   37.8947
   -7.5000   45.0000  -45.0000 1416.7220   47.9228
    0.0000   45.0000  -45.0000 1438.2859   46.7897
    7.5000   45.0000  -45.0000 1437.7896   46.7099
   -7.5000  -45.0000  -37.5000 2325.7551   17.5936
    0.0000  -45.0000  -37.5000 2348.8066   17.3883
    7.5000  -45.0000  -37.5000 2350.5828   17.3756
   -7.5000  -37.5000  -37.5000 2358.8083   16.9538
    0.0000  -37.5000  -37.5000 2385.5847   16.6850
    7.5000  -37.5000  -37.5000 2381.4880   16.6741
   -7.5000  -30.0000  -37.5000 2365.4707   16.6543
    0.0000  -30.0000  -37.5000 2400.9260   16.3620
    7.5000  -30.0000  -37.5000 2395.3311   16.3383
   -7.5000  -22.5000  -37.5000 2359.2070   16.6362
    0.0000  -22.5000  -37.5000 2388.5066   16.3663
    7.5000  -22.5000  -37.5000 2391.0632   16.3540
   -7.5000  -15.0000  -37.5000 2326.3367   16.9853
    0.0000  -15.0000  -37.5000 2356.2920   16.6704
    7.5000  -15.0000  -37.5000 2360.0144   16.6730
   -7.5000   -7.5000  -37.5000 2273.3057   17.6341
    0.0000   -7.5000  -37.5000 2300.9136   17.3066
    7.5000   -7.5000  -37.5000 2304.1326   17.2778
   -7.5000    0.0000  -37.5000 2197.6467   18.7207
    0.0000    0.0000  -37.5000 2224.0740   18.3617
    7.5000    0.0000  -37.5000 2225.5632   18.3035
   -7.5000    7.5000  -37.5000 2104.9907   20.2673
    0.0000    7.5000  -37.5000 2129.1545   19.8703
    7.5000    7.5000  -37.5000 2124.3855   19.8442
   -7.5000   15.0000  -37.5000 1998.4340   22.4541
    0.0000   15.0000  -37.5000 2019.8074   21.9875
    7.5000   15.0000  -37.5000 2015.3647   21.9652
   -7.5000   22.5000  -37.5000 1881.0856   25.4827
    0.0000   22.5000  -37.5000 1905.1500   24.9520
    7.5000   22.5000  -37.5000 1902.5012   24.9311
   -7.5000   30.0000  -37.5000 1759.4476   29.5249
    0.0000   30.0000  -37.5000 1776.0684   28.9101
    7.5000   30.0000  -37.5000 1772.3571   28.8912
   -7.5000   37.5000  -37.5000 1618.3314   35.1137
    0.0000   37.5000  -37.5000 1639.3711   34.3764
    7.5000   37.5000  -37.5000 1633.2772   34.2195
   -7.5000   45.0000  -37.5000 1480.3462   42.9146
    0.0000   45.0000  -37.5000 1498.8468   41.9627
    7.5000   45.0000  -37.5000 1495.6656   41.8435
   -7.5000  -45.0000  -30.0000 2460.8347   16.8649
    0.0000  -45.0000  -30.0000 2485.5203   16.6498
    7.5000  -45.0000  -30.0000 2489.5378   16.6592
   -7.5000  -37.5000  -30.0000 2500.2253   16.1967
    0.0000  -37.5000  -30.0000 2527.5461   15.9514
    7.5000  -37.5000  -30.0000 2527.3430   15.9803
   -7.5000  -30.0000  -30.0000 2509.6511   15.9482
    0.0000  -30.0000  -30.0000 2542.2202   15.6911
    7.5000  -30.0000  -30.0000 2544.4949   15.7045
   -7.5000  -22.5000  -30.0000 2503.9021   15.9695
    0.0000  -22.5000  -30.0000 2537.8901   15.6810
    7.5000  -22.5000  -30.0000 2542.0808   15.7017
   -7.5000  -15.0000  -30.0000 2469.7209   16.2627
    0.0000  -15.0000  -30.0000 2507.4778   15.9588
    7.5000  -15.0000  -30.0000 2512.8760   15.9756
   -7.5000   -7.5000  -30.0000 2415.2664   16.8542
    0.0000   -7.5000  -30.0000 2451.0029   16.5627
    7.5000   -7.5000  -30.0000 2453.3062   16.5437
   -7.5000    0.0000  -30.0000 2331.0579   17.8352
    0.0000    0.0000  -30.0000 2367.5703   17.5228
    7.5000    0.0000  -30.0000 2367.2290   17.5089
   -7.5000    7.5000  -30.0000 2232.9382   19.2703
    0.0000    7.5000  -30.0000 2263.0181   18.8972
    7.5000    7.5000  -30.0000 2260.3372   18.9205
   -7.5000   15.0000  -30.0000 2115.1848   21.3295
    0.0000   15.0000  -30.0000 2136.7966   20.9137
    7.5000   15.0000  -30.0000 2137.4089   20.9057
   -7.5000   22.5000  -30.0000 1987.6332   24.1064
    0.0000   22.5000  -30.0000 2017.0236   23.6250
    7.5000   22.5000  -30.0000 2018.5222   23.6725
   -7.5000   30.0000  -30.0000 1855.3616   27.9147
    0.0000   30.0000  -30.0000 1874.7391   27.3110
    7.5000   30.0000  -30.0000 1874.1074   27.3746
   -7.5000   37.5000  -30.0000 1708.6345   33.0602
    0.0000   37.5000  -30.0000 1731.4622   32.3076
    7.5000   37.5000  -30.0000 1727.8229   32.3856
   -7.5000   45.0000  -30.0000 1561.1025   40.2780
    0.0000   45.0000  -30.0000 1585.9005   39.3633
    7.5000   45.0000  -30.0000 1580.6564   39.4611
   -7.5000  -45.0000  -22.5000 2573.1604   16.0948
    0.0000  -45.0000  -22.5000 2595.8721   15.8836
    7.5000  -45.0000  -22.5000 2599.6404   15.9130
   -7.5000  -37.5000  -22.5000 2620.4023   15.4431
    0.0000  -37.5000  -22.5000 2643.7188   15.2142
    7.5000  -37.5000  -22.5000 2646.2053   15.2619
   -7.5000  -30.0000  -22.5000 2636.9573   15.2072
    0.0000  -30.0000  -22.5000 2665.8335   14.9783
    7.5000  -30.0000  -22.5000 2667.1096   14.9926
   -7.5000  -22.5000  -22.5000 2630.4934   15.2338
    0.0000  -22.5000  -22.5000 2667.6699   14.9911
    7.5000  -22.5000  -22.5000 2670.0740   15.0365
   -7.5000  -15.0000  -22.5000 2594.5740   15.5399
    0.0000  -15.0000  -22.5000 2636.8804   15.2718
    7.5000  -15.0000  -22.5000 2641.3425   15.3018
   -7.5000   -7.5000  -22.5000 2538.7910   16.0785
    0.0000   -7.5000  -22.5000 2578.2336   15.8322
    7.5000   -7.5000  -22.5000 2579.0781   15.8409
   -7.5000    0.0000  -22.5000 2445.4187   17.0225
    0.0000    0.0000  -22.5000 2487.6558   16.7083
    7.5000    0.0000  -22.5000 2487.7815   16.7345
   -7.5000    7.5000  -22.5000 2338.8096   18.3627
    0.0000    7.5000  -22.5000 2375.2998   18.0272
    7.5000    7.5000  -22.5000 2376.1838   18.0554
   -7.5000   15.0000  -22.5000 2208.6416   20.3125
    0.0000   15.0000  -22.5000 2235.4189   19.9354
    7.5000   15.0000  -22.5000 2233.2900   19.9156
   -7.5000   22.5000  -22.5000 2072.7502   22.9055
    0.0000   22.5000  -22.5000 2101.3457   22.4579
    7.5000   22.5000  -22.5000 2100.1553   22.4900
   -7.5000   30.0000  -22.5000 1930.2310   26.4067
    0.0000   30.0000  -22.5000 1955.4457   25.9118
    7.5000   30.0000  -22.5000 1952.3284   25.9172
   -7.5000   37.5000  -22.5000 1781.5077   31.1784
    0.0000   37.5000  -22.5000 1804.3630   30.5514
    7.5000   37.5000  -22.5000 1802.9524   30.5344
   -7.5000   45.0000  -22.5000 1628.1372   37.7569
    0.0000   45.0000  -22.5000 1658.1565   36.9475
    7.5000   45.0000  -22.5000 1653.3375   37.1137
   -7.5000  -45.0000  -15.0000 2649.3792   15.4162
    0.0000  -45.0000  -15.0000 2675.5227   15.1657
    7.5000  -45.0000  -15.0000 2678.3281   15.1688
   -7.5000  -37.5000  -15.0000 2705.2837   14.7802
    0.0000  -37.5000  -15.0000 2736.2065   14.5157
    7.5000  -37.5000  -15.0000 2735.7229   14.5388
   -7.5000  -30.0000  -15.0000 2731.5764   14.5470
    0.0000  -30.0000  -15.0000 2763.1235   14.3190
    7.5000  -30.0000  -15.0000 2764.3052   14.3368
   -7.5000  -22.5000  -15.0000 2728.5205   14.5940
    0.0000  -22.5000  -15.0000 2773.6843   14.3590
    7.5000  -22.5000  -15.0000 2773.8394   14.3896
   -7.5000  -15.0000  -15.0000 2693.4768   14.8647
    0.0000  -15.0000  -15.0000 2741.4214   14.6273
    7.5000  -15.0000  -15.0000 2737.9463   14.6584
   -7.5000   -7.5000  -15.0000 2630.1755   15.4189
    0.0000   -7.5000  -15.0000 2677.6887   15.1655
    7.5000   -7.5000  -15.0000 2676.0413   15.1742
   -7.5000    0.0000  -15.0000 2535.4751   16.2774
    0.0000    0.0000  -15.0000 2578.6162   15.9608
    7.5000    0.0000  -15.0000 2577.6470   15.9807
   -7.5000    7.5000  -15.0000 2415.3899   17.5801
    0.0000    7.5000  -15.0000 2452.7852   17.2428
    7.5000    7.5000  -15.0000 2451.3838   17.2609
   -7.5000   15.0000  -15.0000 2273.9214   19.4248
    0.0000   15.0000  -15.0000 2306.0916   19.0657
    7.5000   15.0000  -15.0000 2303.6206   19.0754
   -7.5000   22.5000  -15.0000 2132.1663   21.8863
    0.0000   22.5000  -15.0000 2161.4458   21.4810
    7.5000   22.5000  -15.0000 2159.3970   21.4693
   -7.5000   30.0000  -15.0000 1977.8827   25.1554
    0.0000   30.0000  -15.0000 2005.5143   24.6959
    7.5000   30.0000  -15.0000 2006.8798   24.6297
   -7.5000   37.5000  -15.0000 1824.6783   29.6053
    0.0000   37.5000  -15.0000 1853.1924   28.9903
    7.5000   37.5000  -15.0000 1855.8505   29.0083
   -7.5000   45.0000  -15.0000 1669.5240   35.6597
    0.0000   45.0000  -15.0000 1698.2800   34.8432
    7.5000   45.0000  -15.0000 1693.7725   34.9089
   -7.5000  -45.0000   -7.5000 2701.8501   14.7737
    0.0000  -45.0000   -7.5000 2737.8760   14.5022
    7.5000  -45.0000   -7.5000 2741.1829   14.4709
   -7.5000  -37.5000   -7.5000 2767.8440   14.1179
    0.0000  -37.5000   -7.5000 2809.6526   13.8168
    7.5000  -37.5000   -7.5000 2805.6125   13.8213
   -7.5000  -30.0000   -7.5000 2803.1038   13.8990
    0.0000  -30.0000   -7.5000 2845.5811   13.6395
    7.5000  -30.0000   -7.5000 2843.5376   13.6273
   -7.5000  -22.5000   -7.5000 2802.8154   13.9531
    0.0000  -22.5000   -7.5000 2856.0303   13.7228
    7.5000  -22.5000   -7.5000 2853.6265   13.7089
   -7.5000  -15.0000   -7.5000 2766.4155   14.2479
    0.0000  -15.0000   -7.5000 2820.2651   14.0044
    7.5000  -15.0000   -7.5000 2818.4290   14.0106
   -7.5000   -7.5000   -7.5000 2695.5918   14.8008
    0.0000   -7.5000   -7.5000 2748.1528   14.5076
    7.5000   -7.5000   -7.5000 2746.6211   14.5436
   -7.5000    0.0000   -7.5000 2593.5537   15.6473
    0.0000    0.0000   -7.5000 2635.6230   15.3072
    7.5000    0.0000   -7.5000 2635.6096   15.3601
   -7.5000    7.5000   -7.5000 2471.2571   16.9042
    0.0000    7.5000   -7.5000 2510.1604   16.5385
    7.5000    7.5000   -7.5000 2508.9727   16.5889
   -7.5000   15.0000   -7.5000 2323.0205   18.6480
    0.0000   15.0000   -7.5000 2358.9514   18.2846
    7.5000   15.0000   -7.5000 2356.9944   18.2882
   -7.5000   22.5000   -7.5000 2171.8535   20.9629
    0.0000   22.5000   -7.5000 2205.2053   20.5682
    7.5000   22.5000   -7.5000 2205.8569   20.5469
   -7.5000   30.0000   -7.5000 2007.1333   24.0555
    0.0000   30.0000   -7.5000 2037.7308   23.5829
    7.5000   30.0000   -7.5000 2036.4186   23.5613
   -7.5000   37.5000   -7.5000 1852.9779   28.2128
    0.0000   37.5000   -7.5000 1881.0605   27.5252
    7.5000   37.5000   -7.5000 1881.4154   27.5011
   -7.5000   45.0000   -7.5000 1691.4825   33.7261
    0.0000   45.0000   -7.5000 1713.8595   33.0640
    7.5000   45.0000   -7.5000 1712.8289   32.9771
   -7.5000  -45.0000    0.0000 2742.3958   14.3510
    0.0000  -45.0000    0.0000 2780.1516   14.0140
    7.5000  -45.0000    0.0000 2784.0022   13.9758
   -7.5000  -37.5000    0.0000 2810.6931   13.6991
    0.0000  -37.5000    0.0000 2861.9099   13.3164
    7.5000  -37.5000    0.0000 2859.2263   13.2999
   -7.5000  -30.0000    0.0000 2849.8696   13.4104
    0.0000  -30.0000    0.0000 2905.0393   13.0321
    7.5000  -30.0000    0.0000 2899.6819   13.0325
   -7.5000  -22.5000    0.0000 2850.7891   13.4627
    0.0000  -22.5000    0.0000 2905.7800   13.0823
    7.5000  -22.5000    0.0000 2899.6760   13.1110
   -7.5000  -15.0000    0.0000 2811.3577   13.8128
    0.0000  -15.0000    0.0000 2860.6709   13.4070
    7.5000  -15.0000    0.0000 2860.5513   13.4502
   -7.5000   -7.5000    0.0000 2736.8047   14.3592
    0.0000   -7.5000    0.0000 2782.4568   13.9824
    7.5000   -7.5000    0.0000 2782.7991   14.0355
   -7.5000    0.0000    0.0000 2626.7156   15.1871
    0.0000    0.0000    0.0000 2665.7368   14.8285
    7.5000    0.0000    0.0000 2668.0930   14.8829
   -7.5000    7.5000    0.0000 2500.1465   16.4356
    0.0000    7.5000    0.0000 2534.2410   16.0140
    7.5000    7.5000    0.0000 2534.2744   16.0601
   -7.5000   15.0000    0.0000 2351.6138   18.1049
    0.0000   15.0000    0.0000 2385.9172   17.6529
    7.5000   15.0000    0.0000 2384.7515   17.6948
   -7.5000   22.5000    0.0000 2197.3362   20.3690
    0.0000   22.5000    0.0000 2228.3960   19.8495
    7.5000   22.5000    0.0000 2226.9922   19.8882
   -7.5000   30.0000    0.0000 2029.3647   23.3298
    0.0000   30.0000    0.0000 2054.4700   22.7617
    7.5000   30.0000    0.0000 2053.5957   22.7654
   -7.5000   37.5000    0.0000 1864.0654   27.2013
    0.0000   37.5000    0.0000 1890.4106   26.5376
    7.5000   37.5000    0.0000 1894.7194   26.5259
   -7.5000   45.0000    0.0000 1696.6328   32.4743
    0.0000   45.0000    0.0000 1718.6278   31.6593
    7.5000   45.0000    0.0000 1717.5665   31.6704
   -7.5000  -45.0000    7.5000 2764.3538   14.1177
    0.0000  -45.0000    7.5000 2804.8628   13.7150
    7.5000  -45.0000    7.5000 2807.2244   13.7149
   -7.5000  -37.5000    7.5000 2842.0317   13.5221
    0.0000  -37.5000    7.5000 2896.8193   13.1128
    7.5000  -37.5000    7.5000 2899.3706   13.1077
   -7.5000  -30.0000    7.5000 2875.0339   13.2002
    0.0000  -30.0000    7.5000 2937.8608   12.6866
    7.5000  -30.0000    7.5000 2935.7104   12.7760
   -7.5000  -22.5000    7.5000 2878.9519   13.2563
    0.0000  -22.5000    7.5000 2933.2649   12.7609
    7.5000  -22.5000    7.5000 2930.9978   12.8596
   -7.5000  -15.0000    7.5000 2833.7886   13.6012
    0.0000  -15.0000    7.5000 2881.3469   13.1844
    7.5000  -15.0000    7.5000 2884.8677   13.2455
   -7.5000   -7.5000    7.5000 2755.5610   14.1603
    0.0000   -7.5000    7.5000 2801.9011   13.8012
    7.5000   -7.5000    7.5000 2801.2134   13.8208
   -7.5000    0.0000    7.5000 2636.5854   15.0206
    0.0000    0.0000    7.5000 2676.5684   14.6737
    7.5000    0.0000    7.5000 2678.7598   14.6792
   -7.5000    7.5000    7.5000 2507.5278   16.2454
    0.0000    7.5000    7.5000 2542.1780   15.8927
    7.5000    7.5000    7.5000 2541.4832   15.8712
   -7.5000   15.0000    7.5000 2360.9778   17.8623
    0.0000   15.0000    7.5000 2394.1865   17.4891
    7.5000   15.0000    7.5000 2392.8206   17.4721
   -7.5000   22.5000    7.5000 2205.0754   20.0327
    0.0000   22.5000    7.5000 2238.2371   19.6226
    7.5000   22.5000    7.5000 2237.2405   19.5825
   -7.5000   30.0000    7.5000 2035.5029   22.9296
    0.0000   30.0000    7.5000 2063.0068   22.4589
    7.5000   30.0000    7.5000 2062.8821   22.3702
   -7.5000   37.5000    7.5000 1870.2322   26.7570
    0.0000   37.5000    7.5000 1893.1335   26.0911
    7.5000   37.5000    7.5000 1892.8701   26.0389
   -7.5000   45.0000    7.5000 1695.6528   31.8488
    0.0000   45.0000    7.5000 1720.1036   30.9717
    7.5000   45.0000    7.5000 1720.5182   30.9517
   -7.5000  -45.0000   15.0000 2753.9106   14.1868
    0.0000  -45.0000   15.0000 2791.5657   13.7058
    7.5000  -45.0000   15.0000 2797.9880   13.7887
   -7.5000  -37.5000   15.0000 2836.5107   13.5806
    0.0000  -37.5000   15.0000 2890.2034   13.1707
    7.5000  -37.5000   15.0000 2891.8301   13.2215
   -7.5000  -30.0000   15.0000 2874.8018   13.3334
    0.0000  -30.0000   15.0000 2941.2615   12.8673
    7.5000  -30.0000   15.0000 2933.9780   12.9325
   -7.5000  -22.5000   15.0000 2870.0959   13.3815
    0.0000  -22.5000   15.0000 2936.5994   12.9674
    7.5000  -22.5000   15.0000 2930.9541   12.9820
   -7.5000  -15.0000   15.0000 2823.7739   13.6449
    0.0000  -15.0000   15.0000 2877.4429   13.3014
    7.5000  -15.0000   15.0000 2878.6826   13.2759
   -7.5000   -7.5000   15.0000 2743.0977   14.1968
    0.0000   -7.5000   15.0000 2788.9768   13.8707
    7.5000   -7.5000   15.0000 2790.2229   13.8354
   -7.5000    0.0000   15.0000 2622.0029   15.0818
    0.0000    0.0000   15.0000 2659.6375   14.7583
    7.5000    0.0000   15.0000 2663.1318   14.7347
   -7.5000    7.5000   15.0000 2493.9124   16.3138
    0.0000    7.5000   15.0000 2527.3401   16.0102
    7.5000    7.5000   15.0000 2525.6624   15.9710
   -7.5000   15.0000   15.0000 2347.3506   17.9398
    0.0000   15.0000   15.0000 2379.8098   17.6233
    7.5000   15.0000   15.0000 2376.9875   17.5883
   -7.5000   22.5000   15.0000 2192.5859   20.0425
    0.0000   22.5000   15.0000 2222.6279   19.6960
    7.5000   22.5000   15.0000 2218.8040   19.6616
   -7.5000   30.0000   15.0000 2024.7808   22.8470
    0.0000   30.0000   15.0000 2052.1709   22.4423
    7.5000   30.0000   15.0000 2051.2913   22.3685
   -7.5000   37.5000   15.0000 1862.4855   26.5867
    0.0000   37.5000   15.0000 1887.7158   25.9846
    7.5000   37.5000   15.0000 1886.7611   25.9365
   -7.5000   45.0000   15.0000 1690.4216   31.5662
    0.0000   45.0000   15.0000 1715.6865   30.7234
    7.5000   45.0000   15.0000 1711.9865   30.7266
   -7.5000  -45.0000   22.5000 2721.5457   14.5928
    0.0000  -45.0000   22.5000 2758.0312   14.1588
    7.5000  -45.0000   22.5000 2759.5015   14.2158
   -7.5000  -37.5000   22.5000 2809.2527   13.9318
    0.0000  -37.5000   22.5000 2856.8591   13.5159
    7.5000  -37.5000   22.5000 2851.0183   13.5628
   -7.5000  -30.0000   22.5000 2845.1475   13.6744
    0.0000  -30.0000   22.5000 2902.0779   13.2762
    7.5000  -30.0000   22.5000 2894.2615   13.3406
   -7.5000  -22.5000   22.5000 2840.8655   13.7406
    0.0000  -22.5000   22.5000 2894.5383   13.4393
    7.5000  -22.5000   22.5000 2892.6616   13.4508
   -7.5000  -15.0000   22.5000 2783.8469   14.0309
    0.0000  -15.0000   22.5000 2835.0635   13.7831
    7.5000  -15.0000   22.5000 2835.8020   13.7670
   -7.5000   -7.5000   22.5000 2701.6648   14.5676
    0.0000   -7.5000   22.5000 2744.4846   14.3186
    7.5000   -7.5000   22.5000 2746.5920   14.2924
   -7.5000    0.0000   22.5000 2588.2109   15.4279
    0.0000    0.0000   22.5000 2625.8020   15.1366
    7.5000    0.0000   22.5000 2626.4792   15.1121
   -7.5000    7.5000   22.5000 2464.7878   16.6136
    0.0000    7.5000   22.5000 2496.5591   16.3149
    7.5000    7.5000   22.5000 2496.3528   16.2902
   -7.5000   15.0000   22.5000 2322.3284   18.1833
    0.0000   15.0000   22.5000 2348.1045   17.8292
    7.5000   15.0000   22.5000 2347.6689   17.8364
   -7.5000   22.5000   22.5000 2165.2917   20.2522
    0.0000   22.5000   22.5000 2192.0178   19.8264
    7.5000   22.5000   22.5000 2189.6194   19.8008
   -7.5000   30.0000   22.5000 2000.4823   23.0369
    0.0000   30.0000   22.5000 2029.6057   22.5417
    7.5000   30.0000   22.5000 2025.3368   22.5125
   -7.5000   37.5000   22.5000 1842.8948   26.6850
    0.0000   37.5000   22.5000 1869.7368   26.1165
    7.5000   37.5000   22.5000 1866.9788   26.0956
   -7.5000   45.0000   22.5000 1676.8884   31.6436
    0.0000   45.0000   22.5000 1695.2916   30.9660
    7.5000   45.0000   22.5000 1694.2660   30.9571
   -7.5000  -45.0000   30.0000 2670.5017   15.2007
    0.0000  -45.0000   30.0000 2706.8691   14.7053
    7.5000  -45.0000   30.0000 2707.4863   14.8157
   -7.5000  -37.5000   30.0000 2755.1833   14.5123
    0.0000  -37.5000   30.0000 2794.4231   14.0231
    7.5000  -37.5000   30.0000 2790.3762   14.1287
   -7.5000  -30.0000   30.0000 2792.8379   14.2330
    0.0000  -30.0000   30.0000 2832.3064   13.8201
    7.5000  -30.0000   30.0000 2828.3584   13.9209
   -7.5000  -22.5000   30.0000 2780.8894   14.3019
    0.0000  -22.5000   30.0000 2824.3809   13.9807
    7.5000  -22.5000   30.0000 2823.1777   14.0109
   -7.5000  -15.0000   30.0000 2720.9478   14.6186
    0.0000  -15.0000   30.0000 2763.3140   14.3183
    7.5000  -15.0000   30.0000 2766.7422   14.3450
   -7.5000   -7.5000   30.0000 2636.5188   15.1955
    0.0000   -7.5000   30.0000 2677.2639   14.8936
    7.5000   -7.5000   30.0000 2680.0061   14.9142
   -7.5000    0.0000   30.0000 2530.0195   16.0520
    0.0000    0.0000   30.0000 2565.8472   15.7416
    7.5000    0.0000   30.0000 2568.3000   15.7386
   -7.5000    7.5000   30.0000 2418.0308   17.1900
    0.0000    7.5000   30.0000 2446.0134   16.8982
    7.5000    7.5000   30.0000 2446.9050   16.8791
   -7.5000   15.0000   30.0000 2277.3186   18.6874
    0.0000   15.0000   30.0000 2302.5562   18.3936
    7.5000   15.0000   30.0000 2301.3311   18.4040
   -7.5000   22.5000   30.0000 2123.2725   20.7563
    0.0000   22.5000   30.0000 2150.5288   20.4043
    7.5000   22.5000   30.0000 2150.6204   20.3720
   -7.5000   30.0000   30.0000 1968.4327   23.4852
    0.0000   30.0000   30.0000 1996.2432   22.9816
    7.5000   30.0000   30.0000 1994.1952   22.9697
   -7.5000   37.5000   30.0000 1815.1946   27.1750
    0.0000   37.5000   30.0000 1834.6740   26.5080
    7.5000   37.5000   30.0000 1835.0371   26.5225
   -7.5000   45.0000   30.0000 1650.5154   32.2735
    0.0000   45.0000   30.0000 1666.4688   31.5096
    7.5000   45.0000   30.0000 1668.1207   31.5610
   -7.5000  -45.0000   37.5000 2608.3438   16.0292
    0.0000  -45.0000   37.5000 2645.4912   15.4880
    7.5000  -45.0000   37.5000 2643.0920   15.6327
   -7.5000  -37.5000   37.5000 2690.9480   15.3097
    0.0000  -37.5000   37.5000 2726.0525   14.7677
    7.5000  -37.5000   37.5000 2720.2593   14.9118
   -7.5000  -30.0000   37.5000 2720.6467   15.0148
    0.0000  -30.0000   37.5000 2752.7778   14.5681
    7.5000  -30.0000   37.5000 2751.2791   14.6692
   -7.5000  -22.5000   37.5000 2704.3420   15.0744
    0.0000  -22.5000   37.5000 2735.6470   14.7079
    7.5000  -22.5000   37.5000 2736.5825   14.7530
   -7.5000  -15.0000   37.5000 2648.7397   15.4117
    0.0000  -15.0000   37.5000 2678.8550   15.0862
    7.5000  -15.0000   37.5000 2679.0103   15.1080
   -7.5000   -7.5000   37.5000 2567.9094   15.9928
    0.0000   -7.5000   37.5000 2597.0435   15.6797
    7.5000   -7.5000   37.5000 2602.5186   15.6709
   -7.5000    0.0000   37.5000 2463.5413   16.8431
    0.0000    0.0000   37.5000 2496.7031   16.5168
    7.5000    0.0000   37.5000 2500.1328   16.5306
   -7.5000    7.5000   37.5000 2356.3430   17.9953
    0.0000    7.5000   37.5000 2387.3525   17.6824
    7.5000    7.5000   37.5000 2388.5791   17.6587
   -7.5000   15.0000   37.5000 2221.1902   19.5316
    0.0000   15.0000   37.5000 2248.9417   19.2389
    7.5000   15.0000   37.5000 2248.2419   19.2301
   -7.5000   22.5000   37.5000 2078.6250   21.5524
    0.0000   22.5000   37.5000 2105.5935   21.2659
    7.5000   22.5000   37.5000 2106.8154   21.2499
   -7.5000   30.0000   37.5000 1929.7931   24.3087
    0.0000   30.0000   37.5000 1952.2623   23.8639
    7.5000   30.0000   37.5000 1951.7548   23.8591
   -7.5000   37.5000   37.5000 1779.8591   28.1316
    0.0000   37.5000   37.5000 1794.4952   27.4381
    7.5000   37.5000   37.5000 1796.0876   27.4672
   -7.5000   45.0000   37.5000 1617.4210   33.2628
    0.0000   45.0000   37.5000 1634.3987   32.4326
    7.5000   45.0000   37.5000 1633.2268   32.4182
   -7.5000  -45.0000   45.0000 2536.7341   17.0711
    0.0000  -45.0000   45.0000 2573.8372   16.5150
    7.5000  -45.0000   45.0000 2568.7207   16.6515
   -7.5000  -37.5000   45.0000 2606.6946   16.3047
    0.0000  -37.5000   45.0000 2643.9004   15.7872
    7.5000  -37.5000   45.0000 2634.5718   15.8940
   -7.5000  -30.0000   45.0000 2628.7561   15.9947
    0.0000  -30.0000   45.0000 2664.2622   15.5536
    7.5000  -30.0000   45.0000 2659.8423   15.6213
   -7.5000  -22.5000   45.0000 2615.0508   16.0224
    0.0000  -22.5000   45.0000 2644.4539   15.6436
    7.5000  -22.5000   45.0000 2644.7603   15.6843
   -7.5000  -15.0000   45.0000 2563.6782   16.3663
    0.0000  -15.0000   45.0000 2585.0505   16.0149
    7.5000  -15.0000   45.0000 2586.8894   16.0707
   -7.5000   -7.5000   45.0000 2489.4707   17.0030
    0.0000   -7.5000   45.0000 2512.3184   16.6564
    7.5000   -7.5000   45.0000 2519.0449   16.6735
   -7.5000    0.0000   45.0000 2391.8625   17.8405
    0.0000    0.0000   45.0000 2422.7844   17.4998
    7.5000    0.0000   45.0000 2426.0273   17.5071
   -7.5000    7.5000   45.0000 2284.1182   19.0165
    0.0000    7.5000   45.0000 2313.4431   18.6849
    7.5000    7.5000   45.0000 2314.1606   18.6660
   -7.5000   15.0000   45.0000 2156.8518   20.6008
    0.0000   15.0000   45.0000 2187.0686   20.2569
    7.5000   15.0000   45.0000 2182.5398   20.2376
   -7.5000   22.5000   45.0000 2024.9335   22.6123
    0.0000   22.5000   45.0000 2049.8408   22.3274
    7.5000   22.5000   45.0000 2047.6942   22.3043
   -7.5000   30.0000   45.0000 1880.1049   25.3864
    0.0000   30.0000   45.0000 1899.8821   25.0294
    7.5000   30.0000   45.0000 1900.9238   25.0432
   -7.5000   37.5000   45.0000 1732.9750   29.3203
    0.0000   37.5000   45.0000 1743.3198   28.7896
    7.5000   37.5000   45.0000 1744.4155   28.7551
   -7.5000   45.0000   45.0000 1577.4822   34.6960
    0.0000   45.0000   45.0000 1589.1860   34.0629
    7.5000   45.0000   45.0000 1587.2986   33.9931

---------------------------------------------------------------------
imgreg_4dfp /opt/freesurfer/average/711-2C_as_mni_average_305 /opt/freesurfer/average/711-2B_as_mni_average_305_mask talsrcimg_g11 none talsrcimg_to_711-2C_as_mni_average_305_t4 1283
---------------------------------------------------------------------

freesurfer imgreg_4dfp.c
/opt/freesurfer/average/711-2C_as_mni_average_305.4dfp.img
       256       256       256         1
  1.000000  1.000000  1.000000
orientation T byte_order littleendian
Reading image: /opt/freesurfer/average/711-2C_as_mni_average_305.4dfp.img
dimensions:      256       256       256
mmppix:       1.0000   -1.0000   -1.0000
center:     128.0000 -129.0000 -129.0000
/opt/freesurfer/average/711-2B_as_mni_average_305_mask.4dfp.img
       256       256       256         1
  1.000000  1.000000  1.000000
orientation T byte_order littleendian
Reading mask: /opt/freesurfer/average/711-2B_as_mni_average_305_mask.4dfp.img (2306576 pixels)
talsrcimg_g11.4dfp.img
       256       256       256         1
  1.000000  1.000000  1.000000
orientation T byte_order littleendian
Reading image: talsrcimg_g11.4dfp.img
dimensions:      256       256       256
mmppix:       1.0000   -1.0000   -1.0000
center:     128.0000 -129.0000 -129.0000
rotation matrix determinant  1.000000
fimgreg.f
image alignment mode   1283 decimal      503 hex
parameters
    0.0000  -30.0000   15.0000    0.0000    0.0000    0.0000
eta,q 0.92405 12.90911
niter,ni,del,rscale     5    3   12.0000    1.2000
parameter  1 -0.553713 -> -0.500000 qaram    1.1500
parameter  2 -0.536142 -> -0.500000 qaram    1.1500
parameters
    3.4500  -26.5500   12.8605   -1.3278    0.1360   -0.7776
eta,q 0.93264 12.53230
  0.0955  0.0853  0.0713  0.0696  0.0715  0.0711
  0.0895  0.0798  0.0683  0.0691  0.0698  0.0692
  0.0818  0.0759  0.0674  0.0678  0.0685  0.0677
  0.0762  0.0722  0.0688  0.0672  0.0675  0.0674
  0.0731  0.0694  0.0717  0.0683  0.0674  0.0689
  0.0730  0.0695  0.0763  0.0711  0.0691  0.0710
  0.0763  0.0721  0.0812  0.0743  0.0718  0.0731
niter,ni,del,rscale     6    3   12.0000    1.2000
parameters
    2.9276  -26.9620   11.9527   -1.4298    0.9598   -0.6941
eta,q 0.93309 12.49892
  0.0810  0.0769  0.0711  0.0708  0.0717  0.0723
  0.0733  0.0719  0.0703  0.0699  0.0699  0.0701
  0.0685  0.0686  0.0680  0.0688  0.0683  0.0680
  0.0674  0.0672  0.0672  0.0671  0.0672  0.0669
  0.0710  0.0695  0.0685  0.0668  0.0668  0.0677
  0.0774  0.0739  0.0712  0.0690  0.0679  0.0698
  0.0846  0.0791  0.0762  0.0726  0.0703  0.0721
niter,ni,del,rscale     5    3   12.0000    1.2000
parameters
    2.5764  -27.1411   11.5901   -1.3601    1.3136   -0.6427
eta,q 0.93311 12.49108
  0.0814  0.0771  0.0714  0.0713  0.0715  0.0725
  0.0733  0.0721  0.0705  0.0700  0.0697  0.0702
  0.0685  0.0687  0.0687  0.0688  0.0679  0.0680
  0.0669  0.0669  0.0669  0.0670  0.0670  0.0669
  0.0700  0.0687  0.0681  0.0667  0.0671  0.0677
  0.0766  0.0726  0.0698  0.0688  0.0684  0.0699
  0.0835  0.0784  0.0741  0.0725  0.0711  0.0725
niter,ni,del,rscale     4    3   12.0000    1.2000
parameters
    2.4415  -27.2376   11.4602   -1.3107    1.4350   -0.6235
eta,q 0.93305 12.48812
  0.0822  0.0773  0.0715  0.0714  0.0714  0.0726
  0.0739  0.0724  0.0706  0.0701  0.0695  0.0702
  0.0689  0.0688  0.0690  0.0688  0.0677  0.0681
  0.0669  0.0669  0.0669  0.0670  0.0670  0.0669
  0.0693  0.0687  0.0679  0.0668  0.0672  0.0678
  0.0758  0.0724  0.0695  0.0690  0.0687  0.0701
  0.0826  0.0783  0.0733  0.0726  0.0715  0.0727
niter,ni,del,rscale     3    3   12.0000    1.2000
parameters
    2.3949  -27.2840   11.4251   -1.2857    1.4771   -0.6203
eta,q 0.93304 12.48772
  0.0825  0.0775  0.0716  0.0715  0.0714  0.0726
  0.0741  0.0725  0.0706  0.0701  0.0694  0.0702
  0.0692  0.0689  0.0691  0.0687  0.0676  0.0681
  0.0669  0.0670  0.0670  0.0670  0.0670  0.0670
  0.0690  0.0687  0.0678  0.0668  0.0673  0.0679
  0.0755  0.0723  0.0694  0.0691  0.0688  0.0701
  0.0823  0.0782  0.0729  0.0727  0.0716  0.0727
registration optimization eta report
parameter search radius
    6.9000    6.9000    6.0000    6.0000    6.0000    6.0000
100000*second partial in parameter space
       32.       22.       13.       14.       13.       15.
  0.0825  0.0775  0.0716  0.0715  0.0714  0.0726
  0.0741  0.0725  0.0706  0.0701  0.0694  0.0702
  0.0692  0.0689  0.0691  0.0687  0.0676  0.0681
  0.0669  0.0670  0.0670  0.0670  0.0670  0.0670
  0.0690  0.0687  0.0678  0.0668  0.0673  0.0679
  0.0755  0.0723  0.0694  0.0691  0.0688  0.0701
  0.0823  0.0782  0.0729  0.0727  0.0716  0.0727
    2.3949  -27.2840   11.4251   -1.2857    1.4771   -0.6203
eta,q 0.93304 12.48772

---------------------------------------------------------------------
imgreg_4dfp /opt/freesurfer/average/711-2C_as_mni_average_305 /opt/freesurfer/average/711-2B_as_mni_average_305_mask talsrcimg_g11 none talsrcimg_to_711-2C_as_mni_average_305_t4 3335
---------------------------------------------------------------------

freesurfer imgreg_4dfp.c
/opt/freesurfer/average/711-2C_as_mni_average_305.4dfp.img
       256       256       256         1
  1.000000  1.000000  1.000000
orientation T byte_order littleendian
Reading image: /opt/freesurfer/average/711-2C_as_mni_average_305.4dfp.img
dimensions:      256       256       256
mmppix:       1.0000   -1.0000   -1.0000
center:     128.0000 -129.0000 -129.0000
/opt/freesurfer/average/711-2B_as_mni_average_305_mask.4dfp.img
       256       256       256         1
  1.000000  1.000000  1.000000
orientation T byte_order littleendian
Reading mask: /opt/freesurfer/average/711-2B_as_mni_average_305_mask.4dfp.img (2306576 pixels)
talsrcimg_g11.4dfp.img
       256       256       256         1
  1.000000  1.000000  1.000000
orientation T byte_order littleendian
Reading image: talsrcimg_g11.4dfp.img
dimensions:      256       256       256
mmppix:       1.0000   -1.0000   -1.0000
center:     128.0000 -129.0000 -129.0000
fimgreg.f
image alignment mode   3335 decimal      D07 hex
parameters
    2.3949  -27.2840   11.4251   -0.0391   -0.0317   -0.0584
    1.1402   -2.5527   -1.0823    2.2715    2.5778   -2.2430
eta,q 0.92965 12.67270
niter,ni,del,rscale     5    3    5.0000    1.2000
parameter  3 -2.629215 -> -0.500000 qaram    1.1500
parameter  4  1.631076 ->  0.500000 qaram    1.1500
parameter  5  4.432409 ->  0.500000 qaram    1.1500
parameter  6  1.098124 ->  0.500000 qaram    1.1500
parameter 12  3.341062 ->  0.500000 qaram    1.1500
parameters
    2.1557  -26.5790   12.8051   -4.1791   -4.1717   -4.1984
    1.6106   -1.8323   -1.3885    1.7790    2.0442   -6.3830
eta,q 0.94321 12.23738
  0.0717  0.0716  0.0714  0.0643  0.0583  0.0570  0.0600  0.0623  0.0589  0.0589  0.0584  0.0563
  0.0710  0.0710  0.0710  0.0650  0.0603  0.0575  0.0588  0.0602  0.0582  0.0581  0.0580  0.0567
  0.0705  0.0706  0.0707  0.0669  0.0628  0.0586  0.0580  0.0586  0.0578  0.0577  0.0577  0.0571
  0.0703  0.0704  0.0703  0.0695  0.0654  0.0610  0.0577  0.0577  0.0577  0.0577  0.0576  0.0576
  0.0706  0.0703  0.0698  0.0727  0.0679  0.0647  0.0579  0.0579  0.0579  0.0579  0.0578  0.0582
  0.0713  0.0704  0.0695  0.0764  0.0710  0.0687  0.0585  0.0590  0.0584  0.0584  0.0581  0.0588
  0.0725  0.0707  0.0695  0.0796  0.0742  0.0726  0.0595  0.0609  0.0591  0.0592  0.0588  0.0594
niter,ni,del,rscale     7    3    5.0000    1.2000
parameter  3  1.124650 ->  0.500000 qaram    1.3225
parameter  5  3.346906 ->  0.500000 qaram    1.3225
parameter  6  0.925600 ->  0.500000 qaram    1.3225
parameter 12  0.891895 ->  0.500000 qaram    1.3225
parameters
    1.9921  -25.8093   11.2181   -7.3196   -8.9327   -8.9594
    2.5443   -2.6231   -1.1930    2.6836    0.8292  -11.1440
eta,q 0.95186 11.68327
  0.0591  0.0588  0.0553  0.0566  0.0481  0.0474  0.0514  0.0509  0.0503  0.0511  0.0492  0.0481
  0.0578  0.0578  0.0553  0.0558  0.0500  0.0487  0.0503  0.0495  0.0496  0.0499  0.0490  0.0481
  0.0570  0.0571  0.0558  0.0551  0.0523  0.0497  0.0495  0.0490  0.0491  0.0492  0.0490  0.0484
  0.0568  0.0568  0.0567  0.0554  0.0552  0.0506  0.0491  0.0490  0.0490  0.0490  0.0489  0.0489
  0.0572  0.0567  0.0579  0.0574  0.0583  0.0532  0.0491  0.0495  0.0491  0.0490  0.0490  0.0498
  0.0583  0.0569  0.0593  0.0604  0.0613  0.0570  0.0496  0.0504  0.0495  0.0494  0.0492  0.0510
  0.0598  0.0572  0.0607  0.0645  0.0648  0.0615  0.0505  0.0518  0.0501  0.0502  0.0495  0.0522
niter,ni,del,rscale     7    3    5.0000    1.2000
parameter  2 -0.710255 -> -0.500000 qaram    1.1500
parameter  3  1.625044 ->  0.500000 qaram    1.5209
parameter  5  0.997900 ->  0.500000 qaram    1.5209
parameter  6  0.609340 ->  0.500000 qaram    1.5209
parameter 10 -1.050747 -> -0.500000 qaram    1.1500
parameters
    2.0581  -24.4293    9.3931   -7.0538  -14.4078  -14.4346
    2.4900   -2.3973   -0.7676    6.8236    1.6255  -13.4913
eta,q 0.96062 11.20343
  0.0502  0.0514  0.0450  0.0483  0.0421  0.0410  0.0425  0.0434  0.0423  0.0453  0.0402  0.0404
  0.0490  0.0501  0.0453  0.0472  0.0421  0.0407  0.0416  0.0419  0.0415  0.0436  0.0399  0.0397
  0.0484  0.0490  0.0461  0.0462  0.0434  0.0414  0.0410  0.0410  0.0410  0.0420  0.0397  0.0394
  0.0481  0.0481  0.0474  0.0455  0.0454  0.0423  0.0408  0.0408  0.0408  0.0408  0.0395  0.0395
  0.0483  0.0476  0.0488  0.0454  0.0485  0.0438  0.0410  0.0411  0.0409  0.0399  0.0395  0.0400
  0.0489  0.0474  0.0503  0.0465  0.0521  0.0473  0.0416  0.0418  0.0413  0.0394  0.0397  0.0408
  0.0500  0.0476  0.0519  0.0485  0.0561  0.0519  0.0426  0.0429  0.0420  0.0393  0.0400  0.0418
niter,ni,del,rscale     7    3    5.0000    1.2000
parameter  2 -0.739118 -> -0.500000 qaram    1.3225
parameter  3  0.610358 ->  0.500000 qaram    1.7490
parameter 10 -1.563967 -> -0.500000 qaram    1.3225
parameters
    2.1635  -22.8423    7.2942   -4.8823  -19.1258  -17.8610
    2.5535   -1.8824   -0.6710   11.5846    1.8613  -17.7658
eta,q 0.96636 10.95623
  0.0414  0.0453  0.0377  0.0404  0.0375  0.0371  0.0375  0.0386  0.0370  0.0412  0.0346  0.0340
  0.0403  0.0428  0.0372  0.0392  0.0365  0.0364  0.0366  0.0372  0.0364  0.0392  0.0342  0.0337
  0.0396  0.0408  0.0373  0.0382  0.0359  0.0359  0.0361  0.0363  0.0360  0.0374  0.0340  0.0337
  0.0394  0.0394  0.0381  0.0372  0.0367  0.0360  0.0359  0.0359  0.0359  0.0359  0.0339  0.0339
  0.0395  0.0385  0.0396  0.0367  0.0389  0.0370  0.0360  0.0360  0.0359  0.0346  0.0340  0.0344
  0.0400  0.0381  0.0415  0.0372  0.0420  0.0389  0.0366  0.0367  0.0363  0.0337  0.0342  0.0350
  0.0411  0.0383  0.0437  0.0385  0.0459  0.0442  0.0375  0.0379  0.0370  0.0331  0.0345  0.0357
niter,ni,del,rscale     7    3    5.0000    1.2000
parameter  2 -0.767739 -> -0.500000 qaram    1.5209
parameter 10 -0.978408 -> -0.500000 qaram    1.5209
parameter 12  0.743112 ->  0.500000 qaram    1.5209
parameters
    2.2330  -21.0172    5.5453   -4.4677  -21.6546  -19.2033
    2.6379   -1.7447   -0.9601   17.0597    2.9834  -23.2409
eta,q 0.97087 10.87279
  0.0359  0.0404  0.0326  0.0345  0.0340  0.0340  0.0334  0.0345  0.0329  0.0386  0.0305  0.0293
  0.0348  0.0377  0.0318  0.0334  0.0327  0.0327  0.0325  0.0331  0.0322  0.0360  0.0301  0.0291
  0.0340  0.0354  0.0316  0.0324  0.0319  0.0319  0.0319  0.0321  0.0318  0.0336  0.0298  0.0293
  0.0336  0.0336  0.0321  0.0316  0.0316  0.0317  0.0317  0.0317  0.0317  0.0317  0.0297  0.0297
  0.0338  0.0325  0.0333  0.0316  0.0328  0.0320  0.0319  0.0320  0.0319  0.0303  0.0297  0.0303
  0.0345  0.0320  0.0351  0.0325  0.0352  0.0329  0.0325  0.0329  0.0324  0.0296  0.0298  0.0309
  0.0358  0.0323  0.0377  0.0345  0.0385  0.0368  0.0334  0.0343  0.0331  0.0296  0.0301  0.0317
niter,ni,del,rscale     7    3    5.0000    1.2000
parameters
    2.2715  -20.0701    4.4853   -4.1165  -22.5909  -19.0013
    2.7723   -1.8626   -1.2800   21.4381    3.6895  -25.9427
eta,q 0.97213 10.94125
  0.0317  0.0356  0.0305  0.0316  0.0322  0.0327  0.0307  0.0319  0.0300  0.0360  0.0289  0.0289
  0.0304  0.0325  0.0292  0.0304  0.0305  0.0308  0.0296  0.0301  0.0292  0.0329  0.0285  0.0282
  0.0295  0.0303  0.0286  0.0294  0.0293  0.0294  0.0289  0.0291  0.0288  0.0304  0.0282  0.0279
  0.0291  0.0291  0.0288  0.0286  0.0286  0.0287  0.0287  0.0287  0.0287  0.0287  0.0280  0.0280
  0.0294  0.0289  0.0298  0.0287  0.0290  0.0288  0.0289  0.0291  0.0289  0.0280  0.0280  0.0286
  0.0302  0.0296  0.0314  0.0296  0.0312  0.0294  0.0295  0.0303  0.0294  0.0283  0.0282  0.0293
  0.0316  0.0311  0.0336  0.0317  0.0342  0.0334  0.0306  0.0321  0.0302  0.0296  0.0286  0.0302
niter,ni,del,rscale     6    3    5.0000    1.2000
parameters
    2.2731  -19.5452    4.0892   -4.0367  -23.6434  -19.4973
    2.8751   -1.8072   -1.1964   22.5990    3.7544  -25.9050
eta,q 0.97205 10.88048
  0.0306  0.0331  0.0305  0.0308  0.0310  0.0318  0.0299  0.0315  0.0292  0.0329  0.0286  0.0295
  0.0291  0.0303  0.0290  0.0296  0.0295  0.0299  0.0288  0.0296  0.0285  0.0305  0.0283  0.0287
  0.0282  0.0286  0.0281  0.0285  0.0285  0.0286  0.0282  0.0285  0.0281  0.0288  0.0280  0.0282
  0.0279  0.0279  0.0278  0.0278  0.0278  0.0280  0.0280  0.0280  0.0280  0.0280  0.0279  0.0279
  0.0282  0.0280  0.0284  0.0280  0.0280  0.0281  0.0282  0.0284  0.0281  0.0281  0.0280  0.0281
  0.0291  0.0289  0.0298  0.0290  0.0303  0.0291  0.0288  0.0295  0.0285  0.0291  0.0282  0.0287
  0.0306  0.0306  0.0318  0.0312  0.0333  0.0339  0.0298  0.0314  0.0292  0.0313  0.0287  0.0294
niter,ni,del,rscale     5    3    5.0000    1.2000
parameters
    2.3323  -19.1337    3.7865   -3.9144  -24.6033  -20.1307
    2.7101   -1.6663   -0.9427   23.4660    3.6529  -25.5022
eta,q 0.97200 10.80979
  0.0307  0.0323  0.0306  0.0308  0.0310  0.0316  0.0297  0.0314  0.0293  0.0324  0.0286  0.0295
  0.0292  0.0299  0.0291  0.0296  0.0295  0.0297  0.0287  0.0297  0.0286  0.0303  0.0283  0.0288
  0.0283  0.0285  0.0282  0.0285  0.0285  0.0285  0.0282  0.0285  0.0282  0.0288  0.0281  0.0282
  0.0279  0.0279  0.0279  0.0279  0.0279  0.0280  0.0280  0.0280  0.0280  0.0280  0.0280  0.0280
  0.0282  0.0281  0.0284  0.0281  0.0280  0.0282  0.0283  0.0284  0.0281  0.0281  0.0280  0.0282
  0.0290  0.0290  0.0297  0.0290  0.0300  0.0292  0.0289  0.0295  0.0285  0.0291  0.0283  0.0286
  0.0304  0.0306  0.0316  0.0312  0.0330  0.0338  0.0298  0.0312  0.0291  0.0315  0.0287  0.0293
niter,ni,del,rscale     4    3    5.0000    1.2000
parameters
    2.4182  -18.7345    3.4883   -3.8350  -25.5777  -20.7922
    2.4728   -1.4885   -0.7681   24.2702    3.7073  -25.1423
eta,q 0.97199 10.73384
  0.0307  0.0321  0.0306  0.0308  0.0309  0.0315  0.0296  0.0314  0.0293  0.0323  0.0287  0.0295
  0.0293  0.0298  0.0291  0.0296  0.0294  0.0296  0.0287  0.0297  0.0286  0.0303  0.0283  0.0288
  0.0284  0.0285  0.0282  0.0286  0.0285  0.0285  0.0282  0.0286  0.0282  0.0289  0.0281  0.0282
  0.0280  0.0280  0.0280  0.0280  0.0280  0.0281  0.0281  0.0281  0.0281  0.0281  0.0280  0.0280
  0.0282  0.0282  0.0285  0.0282  0.0280  0.0283  0.0283  0.0284  0.0282  0.0281  0.0280  0.0282
  0.0290  0.0290  0.0297  0.0290  0.0299  0.0293  0.0289  0.0294  0.0285  0.0291  0.0283  0.0287
  0.0303  0.0305  0.0315  0.0312  0.0330  0.0335  0.0298  0.0311  0.0292  0.0316  0.0287  0.0294
niter,ni,del,rscale     3    3    5.0000    1.2000
parameters
    2.5146  -18.3722    3.2092   -3.8356  -26.4454  -21.3432
    2.2713   -1.3241   -0.7014   24.9233    3.8176  -25.0238
eta,q 0.97199 10.66649
  0.0306  0.0319  0.0306  0.0307  0.0309  0.0315  0.0296  0.0313  0.0293  0.0323  0.0287  0.0295
  0.0293  0.0298  0.0291  0.0296  0.0295  0.0297  0.0287  0.0296  0.0286  0.0304  0.0284  0.0288
  0.0284  0.0285  0.0282  0.0285  0.0285  0.0284  0.0282  0.0286  0.0282  0.0289  0.0281  0.0282
  0.0280  0.0280  0.0280  0.0280  0.0280  0.0281  0.0281  0.0281  0.0281  0.0281  0.0280  0.0280
  0.0282  0.0283  0.0285  0.0283  0.0280  0.0284  0.0283  0.0284  0.0282  0.0281  0.0280  0.0282
  0.0290  0.0291  0.0297  0.0290  0.0298  0.0293  0.0289  0.0294  0.0286  0.0292  0.0283  0.0287
  0.0302  0.0305  0.0315  0.0312  0.0329  0.0331  0.0297  0.0311  0.0292  0.0318  0.0287  0.0294
niter,ni,del,rscale     2    3    5.0000    1.2000
parameters
    2.6045  -18.1103    2.9971   -3.8887  -27.0435  -21.6675
    2.1221   -1.1965   -0.6778   25.3700    3.8999  -25.0538
eta,q 0.97198 10.62199
  0.0305  0.0317  0.0307  0.0306  0.0310  0.0316  0.0295  0.0312  0.0293  0.0322  0.0287  0.0295
  0.0292  0.0296  0.0292  0.0295  0.0295  0.0297  0.0287  0.0296  0.0286  0.0304  0.0284  0.0287
  0.0284  0.0284  0.0283  0.0285  0.0285  0.0285  0.0282  0.0285  0.0282  0.0289  0.0281  0.0282
  0.0280  0.0280  0.0280  0.0280  0.0280  0.0281  0.0281  0.0281  0.0281  0.0281  0.0280  0.0280
  0.0282  0.0283  0.0285  0.0283  0.0280  0.0284  0.0283  0.0284  0.0282  0.0282  0.0281  0.0282
  0.0290  0.0292  0.0296  0.0291  0.0295  0.0293  0.0288  0.0294  0.0286  0.0293  0.0283  0.0287
  0.0302  0.0306  0.0314  0.0311  0.0326  0.0327  0.0296  0.0311  0.0293  0.0321  0.0288  0.0295
niter,ni,del,rscale     1    3    5.0000    1.2000
parameters
    2.6729  -17.9474    2.8719   -3.9398  -27.3883  -21.8316
    2.0142   -1.1057   -0.6845   25.6520    3.9589  -25.1298
eta,q 0.97197 10.59793
  0.0305  0.0316  0.0308  0.0306  0.0311  0.0316  0.0296  0.0312  0.0293  0.0322  0.0288  0.0294
  0.0292  0.0295  0.0293  0.0295  0.0296  0.0298  0.0287  0.0296  0.0286  0.0303  0.0284  0.0287
  0.0284  0.0283  0.0283  0.0286  0.0285  0.0285  0.0282  0.0285  0.0282  0.0289  0.0282  0.0282
  0.0280  0.0280  0.0280  0.0280  0.0280  0.0281  0.0281  0.0281  0.0281  0.0281  0.0280  0.0280
  0.0282  0.0284  0.0284  0.0283  0.0280  0.0284  0.0283  0.0284  0.0282  0.0282  0.0281  0.0282
  0.0290  0.0293  0.0295  0.0291  0.0293  0.0292  0.0288  0.0294  0.0286  0.0295  0.0283  0.0287
  0.0302  0.0307  0.0313  0.0311  0.0323  0.0325  0.0296  0.0311  0.0293  0.0323  0.0288  0.0295
registration optimization eta report
parameter search radius
    2.4000    3.6501    4.1976    8.2800   10.9503   10.9503
    7.2000    7.2000    7.2000   10.9503    7.2000   10.9503
100000*second partial in parameter space
       41.       23.       17.        4.        3.        3.
        3.        6.        2.        3.        1.        1.
  0.0305  0.0316  0.0308  0.0306  0.0311  0.0316  0.0296  0.0312  0.0293  0.0322  0.0288  0.0294
  0.0292  0.0295  0.0293  0.0295  0.0296  0.0298  0.0287  0.0296  0.0286  0.0303  0.0284  0.0287
  0.0284  0.0283  0.0283  0.0286  0.0285  0.0285  0.0282  0.0285  0.0282  0.0289  0.0282  0.0282
  0.0280  0.0280  0.0280  0.0280  0.0280  0.0281  0.0281  0.0281  0.0281  0.0281  0.0280  0.0280
  0.0282  0.0284  0.0284  0.0283  0.0280  0.0284  0.0283  0.0284  0.0282  0.0282  0.0281  0.0282
  0.0290  0.0293  0.0295  0.0291  0.0293  0.0292  0.0288  0.0294  0.0286  0.0295  0.0283  0.0287
  0.0302  0.0307  0.0313  0.0311  0.0323  0.0325  0.0296  0.0311  0.0293  0.0323  0.0288  0.0295
    2.6729  -17.9474    2.8719   -3.9398  -27.3883  -21.8316
    2.0142   -1.1057   -0.6845   25.6520    3.9589  -25.1298
eta,q 0.97197 10.59793

---------------------------------------------------------------------
imgreg_4dfp /opt/freesurfer/average/711-2C_as_mni_average_305 /opt/freesurfer/average/711-2B_as_mni_average_305_mask talsrcimg_g11 none talsrcimg_to_711-2C_as_mni_average_305_t4 2311
---------------------------------------------------------------------

freesurfer imgreg_4dfp.c
/opt/freesurfer/average/711-2C_as_mni_average_305.4dfp.img
       256       256       256         1
  1.000000  1.000000  1.000000
orientation T byte_order littleendian
Reading image: /opt/freesurfer/average/711-2C_as_mni_average_305.4dfp.img
dimensions:      256       256       256
mmppix:       1.0000   -1.0000   -1.0000
center:     128.0000 -129.0000 -129.0000
/opt/freesurfer/average/711-2B_as_mni_average_305_mask.4dfp.img
       256       256       256         1
  1.000000  1.000000  1.000000
orientation T byte_order littleendian
Reading mask: /opt/freesurfer/average/711-2B_as_mni_average_305_mask.4dfp.img (2306576 pixels)
talsrcimg_g11.4dfp.img
       256       256       256         1
  1.000000  1.000000  1.000000
orientation T byte_order littleendian
Reading image: talsrcimg_g11.4dfp.img
dimensions:      256       256       256
mmppix:       1.0000   -1.0000   -1.0000
center:     128.0000 -129.0000 -129.0000
fimgreg.f
image alignment mode   2311 decimal      907 hex
parameters
    2.6729  -17.9474    2.8719   -3.9398  -27.3883  -21.8316
    2.0142   -1.1057   -0.6845   25.6520    3.9589  -25.1298
eta,q 0.97197 10.59793
niter,ni,del,rscale     5    3    5.0000    0.8000
parameters
    2.7251  -18.1037    2.8528   -3.4134  -25.0538  -21.2913
    2.0798   -0.9667   -0.7108   25.9614    4.0399  -25.7756
eta,q 0.97212 10.79196
  0.0292  0.0285  0.0285  0.0293  0.0289  0.0287  0.0287  0.0294  0.0285  0.0288  0.0282  0.0281
  0.0286  0.0282  0.0282  0.0287  0.0285  0.0283  0.0282  0.0287  0.0282  0.0283  0.0281  0.0280
  0.0282  0.0280  0.0281  0.0282  0.0282  0.0280  0.0280  0.0281  0.0280  0.0280  0.0280  0.0279
  0.0280  0.0280  0.0280  0.0280  0.0280  0.0279  0.0279  0.0279  0.0279  0.0279  0.0279  0.0279
  0.0281  0.0282  0.0281  0.0281  0.0279  0.0279  0.0280  0.0280  0.0280  0.0279  0.0279  0.0280
  0.0285  0.0284  0.0282  0.0284  0.0279  0.0281  0.0282  0.0285  0.0282  0.0282  0.0280  0.0281
  0.0290  0.0287  0.0285  0.0288  0.0280  0.0284  0.0286  0.0293  0.0285  0.0286  0.0283  0.0283
niter,ni,del,rscale     4    3    5.0000    0.7000
parameters
    2.6778  -18.1965    3.0241   -3.3713  -25.4248  -20.9588
    2.1841   -1.0139   -0.6804   26.0998    4.0280  -25.7690
eta,q 0.97211 10.79166
  0.0287  0.0283  0.0283  0.0288  0.0282  0.0285  0.0285  0.0290  0.0283  0.0285  0.0281  0.0282
  0.0282  0.0281  0.0281  0.0283  0.0280  0.0282  0.0281  0.0284  0.0281  0.0282  0.0280  0.0280
  0.0280  0.0279  0.0280  0.0280  0.0279  0.0280  0.0279  0.0280  0.0279  0.0280  0.0279  0.0279
  0.0279  0.0279  0.0279  0.0279  0.0279  0.0279  0.0279  0.0279  0.0279  0.0279  0.0279  0.0279
  0.0280  0.0280  0.0279  0.0280  0.0279  0.0279  0.0279  0.0280  0.0279  0.0279  0.0279  0.0279
  0.0283  0.0281  0.0280  0.0283  0.0281  0.0281  0.0281  0.0284  0.0281  0.0281  0.0280  0.0280
  0.0288  0.0284  0.0282  0.0287  0.0285  0.0283  0.0284  0.0291  0.0283  0.0285  0.0282  0.0282
niter,ni,del,rscale     3    3    5.0000    0.6000
parameters
    2.6406  -18.1533    3.1355   -3.4112  -25.2207  -20.7333
    2.2331   -1.0417   -0.7057   26.1953    3.9717  -25.8403
eta,q 0.97213 10.81693
  0.0285  0.0283  0.0282  0.0285  0.0282  0.0283  0.0283  0.0287  0.0282  0.0283  0.0281  0.0281
  0.0281  0.0281  0.0280  0.0282  0.0280  0.0281  0.0281  0.0283  0.0280  0.0281  0.0280  0.0280
  0.0279  0.0279  0.0279  0.0279  0.0279  0.0279  0.0279  0.0280  0.0279  0.0279  0.0279  0.0279
  0.0279  0.0279  0.0279  0.0279  0.0279  0.0279  0.0279  0.0279  0.0279  0.0279  0.0279  0.0279
  0.0280  0.0279  0.0279  0.0280  0.0279  0.0279  0.0279  0.0280  0.0279  0.0279  0.0279  0.0279
  0.0282  0.0280  0.0280  0.0282  0.0279  0.0280  0.0280  0.0283  0.0280  0.0280  0.0280  0.0280
  0.0286  0.0282  0.0281  0.0285  0.0282  0.0282  0.0283  0.0288  0.0282  0.0283  0.0281  0.0281
niter,ni,del,rscale     2    3    5.0000    0.5000
parameters
    2.6209  -18.1439    3.2030   -3.4636  -25.0606  -20.4995
    2.2849   -1.0563   -0.7401   26.2623    3.9258  -25.9384
eta,q 0.97214 10.83818
  0.0283  0.0281  0.0281  0.0284  0.0281  0.0281  0.0281  0.0284  0.0281  0.0282  0.0280  0.0280
  0.0281  0.0280  0.0280  0.0281  0.0280  0.0280  0.0280  0.0281  0.0280  0.0280  0.0279  0.0279
  0.0279  0.0279  0.0279  0.0279  0.0279  0.0279  0.0279  0.0279  0.0279  0.0279  0.0279  0.0279
  0.0279  0.0279  0.0279  0.0279  0.0279  0.0279  0.0279  0.0279  0.0279  0.0279  0.0279  0.0279
  0.0279  0.0279  0.0279  0.0280  0.0279  0.0279  0.0279  0.0279  0.0279  0.0279  0.0279  0.0279
  0.0281  0.0280  0.0279  0.0281  0.0279  0.0279  0.0280  0.0281  0.0280  0.0280  0.0279  0.0279
  0.0283  0.0281  0.0280  0.0284  0.0281  0.0281  0.0281  0.0285  0.0281  0.0282  0.0280  0.0280
niter,ni,del,rscale     1    3    5.0000    0.4000
parameters
    2.6037  -18.1395    3.2801   -3.5275  -24.8683  -20.2669
    2.3484   -1.0592   -0.7829   26.3167    3.8522  -25.9926
eta,q 0.97215 10.86025
  0.0281  0.0280  0.0280  0.0282  0.0280  0.0280  0.0280  0.0282  0.0280  0.0280  0.0279  0.0279
  0.0280  0.0279  0.0279  0.0280  0.0279  0.0279  0.0279  0.0280  0.0279  0.0279  0.0279  0.0279
  0.0279  0.0279  0.0279  0.0279  0.0279  0.0279  0.0279  0.0279  0.0279  0.0279  0.0279  0.0279
  0.0279  0.0279  0.0279  0.0279  0.0279  0.0279  0.0278  0.0278  0.0278  0.0278  0.0278  0.0278
  0.0279  0.0279  0.0279  0.0279  0.0278  0.0279  0.0279  0.0279  0.0279  0.0279  0.0279  0.0279
  0.0280  0.0279  0.0279  0.0280  0.0279  0.0279  0.0279  0.0280  0.0279  0.0279  0.0279  0.0279
  0.0282  0.0280  0.0280  0.0282  0.0280  0.0280  0.0280  0.0283  0.0280  0.0280  0.0279  0.0279
registration optimization eta report
parameter search radius
    0.8000    0.8000    0.8000    2.4000    2.4000    2.4000
    2.4000    2.4000    2.4000    2.4000    2.4000    2.4000
100000*second partial in parameter space
       45.       24.       19.        6.        2.        3.
        3.        7.        3.        3.        2.        2.
  0.0281  0.0280  0.0280  0.0282  0.0280  0.0280  0.0280  0.0282  0.0280  0.0280  0.0279  0.0279
  0.0280  0.0279  0.0279  0.0280  0.0279  0.0279  0.0279  0.0280  0.0279  0.0279  0.0279  0.0279
  0.0279  0.0279  0.0279  0.0279  0.0279  0.0279  0.0279  0.0279  0.0279  0.0279  0.0279  0.0279
  0.0279  0.0279  0.0279  0.0279  0.0279  0.0279  0.0278  0.0278  0.0278  0.0278  0.0278  0.0278
  0.0279  0.0279  0.0279  0.0279  0.0278  0.0279  0.0279  0.0279  0.0279  0.0279  0.0279  0.0279
  0.0280  0.0279  0.0279  0.0280  0.0279  0.0279  0.0279  0.0280  0.0279  0.0279  0.0279  0.0279
  0.0282  0.0280  0.0280  0.0282  0.0280  0.0280  0.0280  0.0283  0.0280  0.0280  0.0279  0.0279
    2.6037  -18.1395    3.2801   -3.5275  -24.8683  -20.2669
    2.3484   -1.0592   -0.7829   26.3167    3.8522  -25.9926
eta,q 0.97215 10.86025

---------------------------------------------------------------------
imgreg_4dfp /opt/freesurfer/average/711-2C_as_mni_average_305 /opt/freesurfer/average/711-2B_as_mni_average_305_mask talsrcimg_g11 none talsrcimg_to_711-2C_as_mni_average_305_t4 2311
---------------------------------------------------------------------

freesurfer imgreg_4dfp.c
/opt/freesurfer/average/711-2C_as_mni_average_305.4dfp.img
       256       256       256         1
  1.000000  1.000000  1.000000
orientation T byte_order littleendian
Reading image: /opt/freesurfer/average/711-2C_as_mni_average_305.4dfp.img
dimensions:      256       256       256
mmppix:       1.0000   -1.0000   -1.0000
center:     128.0000 -129.0000 -129.0000
/opt/freesurfer/average/711-2B_as_mni_average_305_mask.4dfp.img
       256       256       256         1
  1.000000  1.000000  1.000000
orientation T byte_order littleendian
Reading mask: /opt/freesurfer/average/711-2B_as_mni_average_305_mask.4dfp.img (2306576 pixels)
talsrcimg_g11.4dfp.img
       256       256       256         1
  1.000000  1.000000  1.000000
orientation T byte_order littleendian
Reading image: talsrcimg_g11.4dfp.img
dimensions:      256       256       256
mmppix:       1.0000   -1.0000   -1.0000
center:     128.0000 -129.0000 -129.0000
fimgreg.f
image alignment mode   2311 decimal      907 hex
parameters
    2.6037  -18.1395    3.2801   -3.5275  -24.8682  -20.2669
    2.3484   -1.0592   -0.7829   26.3167    3.8522  -25.9926
eta,q 0.97215 10.86025
niter,ni,del,rscale     5    3    5.0000    0.8000
parameters
    2.5909  -18.1196    3.3297   -3.4240  -25.6510  -20.3043
    2.3105   -1.1835   -0.7372   26.2570    3.6698  -25.7383
eta,q 0.97212 10.81020
  0.0290  0.0285  0.0284  0.0290  0.0283  0.0285  0.0286  0.0293  0.0285  0.0286  0.0282  0.0283
  0.0284  0.0281  0.0281  0.0284  0.0280  0.0282  0.0282  0.0285  0.0281  0.0282  0.0280  0.0281
  0.0280  0.0279  0.0279  0.0280  0.0279  0.0280  0.0279  0.0281  0.0279  0.0280  0.0279  0.0279
  0.0278  0.0278  0.0278  0.0278  0.0279  0.0279  0.0279  0.0279  0.0279  0.0279  0.0279  0.0279
  0.0280  0.0279  0.0279  0.0280  0.0279  0.0279  0.0279  0.0281  0.0279  0.0279  0.0279  0.0279
  0.0284  0.0281  0.0280  0.0284  0.0282  0.0282  0.0282  0.0286  0.0281  0.0282  0.0280  0.0280
  0.0290  0.0285  0.0283  0.0289  0.0290  0.0285  0.0286  0.0295  0.0284  0.0288  0.0283  0.0282
niter,ni,del,rscale     4    3    5.0000    0.7000
parameters
    2.5682  -18.0767    3.3742   -3.3589  -25.4541  -20.2273
    2.2946   -1.1661   -0.7356   26.3237    3.5756  -25.7869
eta,q 0.97213 10.83019
  0.0287  0.0284  0.0283  0.0288  0.0283  0.0284  0.0284  0.0290  0.0283  0.0285  0.0281  0.0281
  0.0282  0.0281  0.0281  0.0283  0.0281  0.0281  0.0281  0.0284  0.0281  0.0282  0.0280  0.0280
  0.0280  0.0279  0.0279  0.0280  0.0280  0.0279  0.0279  0.0280  0.0279  0.0280  0.0279  0.0279
  0.0279  0.0279  0.0279  0.0279  0.0279  0.0279  0.0279  0.0279  0.0279  0.0279  0.0279  0.0279
  0.0280  0.0279  0.0279  0.0280  0.0279  0.0279  0.0279  0.0280  0.0279  0.0279  0.0279  0.0279
  0.0283  0.0281  0.0280  0.0283  0.0279  0.0281  0.0281  0.0284  0.0281  0.0281  0.0280  0.0280
  0.0288  0.0283  0.0282  0.0287  0.0283  0.0284  0.0284  0.0290  0.0283  0.0285  0.0282  0.0281
niter,ni,del,rscale     3    3    5.0000    0.6000
parameters
    2.5605  -18.0752    3.4048   -3.3834  -25.2914  -20.1149
    2.3206   -1.1489   -0.7393   26.3904    3.5240  -25.8680
eta,q 0.97214 10.84697
  0.0285  0.0282  0.0282  0.0285  0.0282  0.0283  0.0283  0.0287  0.0282  0.0283  0.0280  0.0281
  0.0281  0.0280  0.0280  0.0282  0.0280  0.0281  0.0280  0.0283  0.0280  0.0281  0.0280  0.0279
  0.0279  0.0279  0.0279  0.0279  0.0279  0.0279  0.0279  0.0280  0.0279  0.0279  0.0279  0.0279
  0.0279  0.0279  0.0279  0.0279  0.0279  0.0279  0.0279  0.0279  0.0279  0.0279  0.0279  0.0279
  0.0279  0.0279  0.0279  0.0280  0.0278  0.0279  0.0279  0.0279  0.0279  0.0279  0.0279  0.0279
  0.0282  0.0280  0.0280  0.0282  0.0279  0.0280  0.0280  0.0282  0.0280  0.0280  0.0279  0.0280
  0.0285  0.0282  0.0281  0.0285  0.0282  0.0282  0.0283  0.0287  0.0282  0.0283  0.0281  0.0281
niter,ni,del,rscale     2    3    5.0000    0.5000
parameters
    2.5517  -18.0794    3.4426   -3.4358  -25.0919  -19.9536
    2.3464   -1.1456   -0.7728   26.4231    3.4729  -25.9397
eta,q 0.97215 10.86608
  0.0283  0.0281  0.0281  0.0283  0.0281  0.0281  0.0281  0.0284  0.0281  0.0282  0.0280  0.0280
  0.0280  0.0280  0.0280  0.0281  0.0280  0.0280  0.0280  0.0281  0.0279  0.0280  0.0279  0.0279
  0.0279  0.0279  0.0279  0.0279  0.0279  0.0279  0.0279  0.0279  0.0279  0.0279  0.0279  0.0279
  0.0279  0.0279  0.0279  0.0279  0.0279  0.0279  0.0278  0.0278  0.0278  0.0278  0.0278  0.0278
  0.0279  0.0279  0.0279  0.0279  0.0278  0.0279  0.0279  0.0279  0.0279  0.0279  0.0279  0.0279
  0.0281  0.0280  0.0279  0.0281  0.0279  0.0279  0.0280  0.0281  0.0280  0.0280  0.0279  0.0279
  0.0283  0.0281  0.0280  0.0283  0.0280  0.0281  0.0281  0.0285  0.0281  0.0282  0.0280  0.0280
niter,ni,del,rscale     1    3    5.0000    0.4000
parameters
    2.5409  -18.0865    3.4857   -3.4823  -24.9090  -19.7682
    2.3790   -1.1410   -0.7882   26.4583    3.3540  -26.0450
eta,q 0.97216 10.88580
  0.0281  0.0280  0.0280  0.0282  0.0280  0.0280  0.0280  0.0282  0.0280  0.0280  0.0279  0.0279
  0.0280  0.0279  0.0279  0.0280  0.0279  0.0279  0.0279  0.0280  0.0279  0.0279  0.0279  0.0279
  0.0279  0.0279  0.0279  0.0279  0.0279  0.0279  0.0279  0.0279  0.0278  0.0279  0.0278  0.0278
  0.0278  0.0278  0.0278  0.0278  0.0278  0.0278  0.0278  0.0278  0.0278  0.0278  0.0278  0.0278
  0.0279  0.0279  0.0279  0.0279  0.0278  0.0278  0.0278  0.0279  0.0279  0.0278  0.0278  0.0278
  0.0280  0.0279  0.0279  0.0280  0.0279  0.0279  0.0279  0.0280  0.0279  0.0279  0.0279  0.0279
  0.0281  0.0280  0.0280  0.0282  0.0280  0.0280  0.0280  0.0282  0.0280  0.0280  0.0279  0.0279
registration optimization eta report
parameter search radius
    0.8000    0.8000    0.8000    2.4000    2.4000    2.4000
    2.4000    2.4000    2.4000    2.4000    2.4000    2.4000
100000*second partial in parameter space
       46.       24.       20.        6.        2.        3.
        3.        7.        3.        4.        2.        2.
  0.0281  0.0280  0.0280  0.0282  0.0280  0.0280  0.0280  0.0282  0.0280  0.0280  0.0279  0.0279
  0.0280  0.0279  0.0279  0.0280  0.0279  0.0279  0.0279  0.0280  0.0279  0.0279  0.0279  0.0279
  0.0279  0.0279  0.0279  0.0279  0.0279  0.0279  0.0279  0.0279  0.0278  0.0279  0.0278  0.0278
  0.0278  0.0278  0.0278  0.0278  0.0278  0.0278  0.0278  0.0278  0.0278  0.0278  0.0278  0.0278
  0.0279  0.0279  0.0279  0.0279  0.0278  0.0278  0.0278  0.0279  0.0279  0.0278  0.0278  0.0278
  0.0280  0.0279  0.0279  0.0280  0.0279  0.0279  0.0279  0.0280  0.0279  0.0279  0.0279  0.0279
  0.0281  0.0280  0.0280  0.0282  0.0280  0.0280  0.0280  0.0282  0.0280  0.0280  0.0279  0.0279
    2.5409  -18.0865    3.4857   -3.4823  -24.9090  -19.7682
    2.3790   -1.1410   -0.7882   26.4583    3.3540  -26.0450
eta,q 0.97216 10.88580

---------------------------------------------------------------------
compute_vox2vox talsrcimg talsrcimg_to_711-2C_as_mni_average_305_t4 /opt/freesurfer/average/711-2C_as_mni_average_305
---------------------------------------------------------------------

freesurfer compute_vox2vox.c
Reading: talsrcimg.4dfp.ifh
Reading: talsrcimg_to_711-2C_as_mni_average_305_t4
Reading: /opt/freesurfer/average/711-2C_as_mni_average_305.4dfp.ifh
Writing: talsrcimg_to_711-2C_as_mni_average_305_t4_vox2vox.txt

start time Sat Mar 14 01:37:32 CET 2026
end		time Sat Mar 14 01:38:59 CET 2026

mpr2mni305 success

avi2talxfm orig_nu.mgz /opt/freesurfer/average/mni305.cor.mgz talsrcimg_to_711-2C_as_mni_average_305_t4_vox2vox.txt transforms/talairach.auto.xfm
avi2talxfm done
mv -f /out/sourcedata/freesurfer/sub-v2s8x29219_ses-1/mri/talsrcimg_to_711-2C_as_mni_average_305_t4_vox2vox.txt /out/sourcedata/freesurfer/sub-v2s8x29219_ses-1/mri/transforms/talsrcimg_to_711-2C_as_mni_average_305_t4_vox2vox.txt
lta_convert --src orig_nu.mgz --trg /opt/freesurfer/average/mni305.cor.mgz --inxfm transforms/talairach.auto.xfm --outlta transforms/talairach.auto.xfm.lta --subject fsaverage
7.3.2

--src: orig_nu.mgz src image (geometry).
--trg: /opt/freesurfer/average/mni305.cor.mgz trg image (geometry).
--inmni: transforms/talairach.auto.xfm input MNI/XFM transform.
--outlta: transforms/talairach.auto.xfm.lta output LTA.
--s: fsaverage subject name
 LTA read, type : 1
 1.03508   0.02291  -0.02485  -3.82284;
-0.03566   1.11767   0.38879   1.86157;
 0.02343  -0.39357   1.19447   21.70605;
 0.00000   0.00000   0.00000   1.00000;
setting subject to fsaverage
Writing  LTA to file transforms/talairach.auto.xfm.lta...
lta_convert successful.
 
 
Started at Sat Mar 14 01:37:31 CET 2026
Ended   at Sat Mar 14 01:38:59 CET 2026
talairach_avi done
