status file for recon-all
Sat Mar 14 02:27:53 CET 2026
#@# MotionCor Sat Mar 14 02:27:54 CET 2026
#@# Talairach Sat Mar 14 02:28:00 CET 2026
#@# Talairach Failure Detection Sat Mar 14 02:30:50 CET 2026
#@# Nu Intensity Correction Sat Mar 14 02:30:50 CET 2026
#@# Intensity Normalization Sat Mar 14 02:33:36 CET 2026
recon-all -s sub-v2s8x29235_ses-1 finished without error at Sat Mar 14 02:34:37 CET 2026



#New# invocation of recon-all 



status file for recon-all
Sat Mar 14 02:40:42 CET 2026
#@# EM Registration Sat Mar 14 02:40:42 CET 2026
recon-all -s sub-v2s8x29235_ses-1 finished without error at Sat Mar 14 02:42:36 CET 2026



#New# invocation of recon-all 



status file for recon-all
Sat Mar 14 02:42:38 CET 2026
#@# CA Normalize Sat Mar 14 02:42:38 CET 2026
#@# CA Reg Sat Mar 14 02:43:31 CET 2026
#@# SubCort Seg Sat Mar 14 03:29:05 CET 2026
#@# CC Seg Sat Mar 14 03:51:13 CET 2026
#@# Merge ASeg Sat Mar 14 03:51:44 CET 2026
#@# Intensity Normalization2 Sat Mar 14 03:51:44 CET 2026
#@# Mask BFS Sat Mar 14 03:53:16 CET 2026
#@# WM Segmentation Sat Mar 14 03:53:17 CET 2026
#@# Fill Sat Mar 14 03:54:54 CET 2026
recon-all -s sub-v2s8x29235_ses-1 finished without error at Sat Mar 14 03:55:31 CET 2026



#New# invocation of recon-all 



status file for recon-all
Sat Mar 14 05:10:12 CET 2026
#@# white curv lh Sat Mar 14 05:10:12 CET 2026
#@# white area lh Sat Mar 14 05:10:12 CET 2026
#@# pial curv lh Sat Mar 14 05:10:12 CET 2026
#@# pial area lh Sat Mar 14 05:10:12 CET 2026
#@# thickness lh Sat Mar 14 05:10:12 CET 2026
#@# area and vertex vol lh Sat Mar 14 05:10:12 CET 2026
#@# white curv rh Sat Mar 14 05:10:12 CET 2026
#@# white area rh Sat Mar 14 05:10:12 CET 2026
#@# pial curv rh Sat Mar 14 05:10:12 CET 2026
#@# pial area rh Sat Mar 14 05:10:12 CET 2026
#@# thickness rh Sat Mar 14 05:10:12 CET 2026
#@# area and vertex vol rh Sat Mar 14 05:10:12 CET 2026
#@# Cortical ribbon mask Sat Mar 14 05:10:12 CET 2026
recon-all -s sub-v2s8x29235_ses-1 finished without error at Sat Mar 14 05:14:34 CET 2026



#New# invocation of recon-all 



status file for recon-all
Sat Mar 14 05:20:19 CET 2026
#@# white curv lh Sat Mar 14 05:20:19 CET 2026
#@# white area lh Sat Mar 14 05:20:19 CET 2026
#@# pial curv lh Sat Mar 14 05:20:19 CET 2026
#@# pial area lh Sat Mar 14 05:20:19 CET 2026
#@# thickness lh Sat Mar 14 05:20:19 CET 2026
#@# area and vertex vol lh Sat Mar 14 05:20:19 CET 2026
#@# white curv rh Sat Mar 14 05:20:19 CET 2026
#@# white area rh Sat Mar 14 05:20:19 CET 2026
#@# pial curv rh Sat Mar 14 05:20:19 CET 2026
#@# pial area rh Sat Mar 14 05:20:19 CET 2026
#@# thickness rh Sat Mar 14 05:20:19 CET 2026
#@# area and vertex vol rh Sat Mar 14 05:20:19 CET 2026
#@# Curvature Stats lh Sat Mar 14 05:20:19 CET 2026
#@# Curvature Stats rh Sat Mar 14 05:20:21 CET 2026
#@# Relabel Hypointensities Sat Mar 14 05:20:23 CET 2026
#@# APas-to-ASeg Sat Mar 14 05:20:35 CET 2026
#@# AParc-to-ASeg aparc Sat Mar 14 05:20:42 CET 2026
#@# AParc-to-ASeg aparc.a2009s Sat Mar 14 05:21:17 CET 2026
#@# AParc-to-ASeg aparc.DKTatlas Sat Mar 14 05:21:49 CET 2026
#@# WMParc Sat Mar 14 05:22:23 CET 2026
#@# ASeg Stats Sat Mar 14 05:24:16 CET 2026
recon-all -s sub-v2s8x29235_ses-1 finished without error at Sat Mar 14 05:24:34 CET 2026
