status file for recon-all
Sat Mar 14 02:15:27 CET 2026
#@# Tessellate lh Sat Mar 14 02:15:27 CET 2026
#@# Smooth1 lh Sat Mar 14 02:15:30 CET 2026
#@# Inflation1 lh Sat Mar 14 02:15:32 CET 2026
#@# QSphere lh Sat Mar 14 02:15:44 CET 2026
#@# Fix Topology lh Sat Mar 14 02:16:54 CET 2026
#@# Smooth2 lh Sat Mar 14 02:41:07 CET 2026
#@# Inflation2 lh Sat Mar 14 02:41:09 CET 2026
#@# Curv .H and .K lh Sat Mar 14 02:41:22 CET 2026
#@# Sphere lh Sat Mar 14 02:41:56 CET 2026
#@# Surf Reg lh Sat Mar 14 02:47:13 CET 2026
#@# Jacobian white lh Sat Mar 14 02:52:40 CET 2026
#@# AvgCurv lh Sat Mar 14 02:52:41 CET 2026
#@# Cortical Parc lh Sat Mar 14 02:52:42 CET 2026
#@# white curv lh Sat Mar 14 02:57:35 CET 2026
#@# white area lh Sat Mar 14 02:57:37 CET 2026
#@# pial curv lh Sat Mar 14 02:57:37 CET 2026
#@# pial area lh Sat Mar 14 02:57:39 CET 2026
#@# thickness lh Sat Mar 14 02:57:40 CET 2026
#@# area and vertex vol lh Sat Mar 14 02:57:57 CET 2026
#@# Curvature Stats lh Sat Mar 14 02:57:58 CET 2026
#@# Cortical Parc 2 lh Sat Mar 14 02:58:00 CET 2026
#@# Cortical Parc 3 lh Sat Mar 14 02:58:09 CET 2026
#@# WM/GM Contrast lh Sat Mar 14 02:58:16 CET 2026
recon-all -s sub-v2s8x29199_ses-1 finished without error at Sat Mar 14 02:58:19 CET 2026



#New# invocation of recon-all 



status file for recon-all
Sat Mar 14 03:26:07 CET 2026
#@# white curv lh Sat Mar 14 03:26:07 CET 2026
#@# white area lh Sat Mar 14 03:26:07 CET 2026
#@# pial curv lh Sat Mar 14 03:26:08 CET 2026
#@# pial area lh Sat Mar 14 03:26:08 CET 2026
#@# thickness lh Sat Mar 14 03:26:08 CET 2026
#@# area and vertex vol lh Sat Mar 14 03:26:08 CET 2026
#@# Parcellation Stats lh Sat Mar 14 03:26:08 CET 2026
#@# Parcellation Stats 2 lh Sat Mar 14 03:26:21 CET 2026
#@# Parcellation Stats 3 lh Sat Mar 14 03:26:28 CET 2026
#@# BA_exvivo Labels lh Sat Mar 14 03:26:35 CET 2026
recon-all -s sub-v2s8x29199_ses-1 finished without error at Sat Mar 14 03:28:35 CET 2026
