status file for recon-all
Sat Mar 14 02:58:21 CET 2026
#@# Tessellate rh Sat Mar 14 02:58:21 CET 2026
#@# Smooth1 rh Sat Mar 14 02:58:24 CET 2026
#@# Inflation1 rh Sat Mar 14 02:58:27 CET 2026
#@# QSphere rh Sat Mar 14 02:58:40 CET 2026
#@# Fix Topology rh Sat Mar 14 02:59:44 CET 2026
#@# Smooth2 rh Sat Mar 14 03:09:40 CET 2026
#@# Inflation2 rh Sat Mar 14 03:09:42 CET 2026
#@# Curv .H and .K rh Sat Mar 14 03:09:58 CET 2026
#@# Sphere rh Sat Mar 14 03:10:33 CET 2026
#@# Surf Reg rh Sat Mar 14 03:14:08 CET 2026
#@# Jacobian white rh Sat Mar 14 03:17:37 CET 2026
#@# AvgCurv rh Sat Mar 14 03:17:38 CET 2026
#@# Cortical Parc rh Sat Mar 14 03:17:39 CET 2026
#@# white curv rh Sat Mar 14 03:22:35 CET 2026
#@# white area rh Sat Mar 14 03:22:37 CET 2026
#@# pial curv rh Sat Mar 14 03:22:37 CET 2026
#@# pial area rh Sat Mar 14 03:22:39 CET 2026
#@# thickness rh Sat Mar 14 03:22:40 CET 2026
#@# area and vertex vol rh Sat Mar 14 03:22:58 CET 2026
#@# Curvature Stats rh Sat Mar 14 03:22:59 CET 2026
#@# Cortical Parc 2 rh Sat Mar 14 03:23:01 CET 2026
#@# Cortical Parc 3 rh Sat Mar 14 03:23:10 CET 2026
#@# WM/GM Contrast rh Sat Mar 14 03:23:17 CET 2026
recon-all -s sub-v2s8x29199_ses-1 finished without error at Sat Mar 14 03:23:20 CET 2026



#New# invocation of recon-all 



status file for recon-all
Sat Mar 14 03:28:37 CET 2026
#@# white curv rh Sat Mar 14 03:28:37 CET 2026
#@# white area rh Sat Mar 14 03:28:37 CET 2026
#@# pial curv rh Sat Mar 14 03:28:38 CET 2026
#@# pial area rh Sat Mar 14 03:28:38 CET 2026
#@# thickness rh Sat Mar 14 03:28:38 CET 2026
#@# area and vertex vol rh Sat Mar 14 03:28:38 CET 2026
#@# Parcellation Stats rh Sat Mar 14 03:28:38 CET 2026
#@# Parcellation Stats 2 rh Sat Mar 14 03:28:51 CET 2026
#@# Parcellation Stats 3 rh Sat Mar 14 03:28:58 CET 2026
#@# BA_exvivo Labels rh Sat Mar 14 03:29:05 CET 2026
recon-all -s sub-v2s8x29199_ses-1 finished without error at Sat Mar 14 03:31:05 CET 2026
