status file for recon-all
Sat Mar 14 05:09:44 CET 2026
#@# Tessellate rh Sat Mar 14 05:09:44 CET 2026
#@# Smooth1 rh Sat Mar 14 05:09:47 CET 2026
#@# Inflation1 rh Sat Mar 14 05:09:50 CET 2026
#@# QSphere rh Sat Mar 14 05:10:03 CET 2026
#@# Fix Topology rh Sat Mar 14 05:10:46 CET 2026
#@# Smooth2 rh Sat Mar 14 05:16:22 CET 2026
#@# Inflation2 rh Sat Mar 14 05:16:25 CET 2026
#@# Curv .H and .K rh Sat Mar 14 05:16:38 CET 2026
#@# Sphere rh Sat Mar 14 05:17:17 CET 2026
#@# Surf Reg rh Sat Mar 14 05:19:17 CET 2026
#@# Jacobian white rh Sat Mar 14 05:22:47 CET 2026
#@# AvgCurv rh Sat Mar 14 05:22:48 CET 2026
#@# Cortical Parc rh Sat Mar 14 05:22:49 CET 2026
#@# white curv rh Sat Mar 14 05:28:06 CET 2026
#@# white area rh Sat Mar 14 05:28:07 CET 2026
#@# pial curv rh Sat Mar 14 05:28:08 CET 2026
#@# pial area rh Sat Mar 14 05:28:10 CET 2026
#@# thickness rh Sat Mar 14 05:28:10 CET 2026
#@# area and vertex vol rh Sat Mar 14 05:28:32 CET 2026
#@# Curvature Stats rh Sat Mar 14 05:28:33 CET 2026
#@# Cortical Parc 2 rh Sat Mar 14 05:28:35 CET 2026
#@# Cortical Parc 3 rh Sat Mar 14 05:28:46 CET 2026
#@# WM/GM Contrast rh Sat Mar 14 05:28:53 CET 2026
recon-all -s sub-v2s8x29252_ses-1 finished without error at Sat Mar 14 05:28:56 CET 2026



#New# invocation of recon-all 



status file for recon-all
Sat Mar 14 05:35:12 CET 2026
#@# white curv rh Sat Mar 14 05:35:13 CET 2026
#@# white area rh Sat Mar 14 05:35:13 CET 2026
#@# pial curv rh Sat Mar 14 05:35:13 CET 2026
#@# pial area rh Sat Mar 14 05:35:13 CET 2026
#@# thickness rh Sat Mar 14 05:35:13 CET 2026
#@# area and vertex vol rh Sat Mar 14 05:35:13 CET 2026
#@# Parcellation Stats rh Sat Mar 14 05:35:13 CET 2026
#@# Parcellation Stats 2 rh Sat Mar 14 05:35:28 CET 2026
#@# Parcellation Stats 3 rh Sat Mar 14 05:35:36 CET 2026
#@# BA_exvivo Labels rh Sat Mar 14 05:35:44 CET 2026
recon-all -s sub-v2s8x29252_ses-1 finished without error at Sat Mar 14 05:37:43 CET 2026
