status file for recon-all
Sat Mar 14 03:26:17 CET 2026
#@# MotionCor Sat Mar 14 03:26:18 CET 2026
#@# Talairach Sat Mar 14 03:26:24 CET 2026
#@# Talairach Failure Detection Sat Mar 14 03:29:14 CET 2026
#@# Nu Intensity Correction Sat Mar 14 03:29:15 CET 2026
#@# Intensity Normalization Sat Mar 14 03:32:01 CET 2026
recon-all -s sub-v2s8x29252_ses-1 finished without error at Sat Mar 14 03:32:58 CET 2026



#New# invocation of recon-all 



status file for recon-all
Sat Mar 14 03:38:54 CET 2026
#@# EM Registration Sat Mar 14 03:38:54 CET 2026
recon-all -s sub-v2s8x29252_ses-1 finished without error at Sat Mar 14 03:40:51 CET 2026



#New# invocation of recon-all 



status file for recon-all
Sat Mar 14 03:40:54 CET 2026
#@# CA Normalize Sat Mar 14 03:40:54 CET 2026
#@# CA Reg Sat Mar 14 03:41:47 CET 2026
#@# SubCort Seg Sat Mar 14 04:24:59 CET 2026
#@# CC Seg Sat Mar 14 04:45:18 CET 2026
#@# Merge ASeg Sat Mar 14 04:45:40 CET 2026
#@# Intensity Normalization2 Sat Mar 14 04:45:40 CET 2026
#@# Mask BFS Sat Mar 14 04:47:05 CET 2026
#@# WM Segmentation Sat Mar 14 04:47:06 CET 2026
#@# Fill Sat Mar 14 04:48:35 CET 2026
recon-all -s sub-v2s8x29252_ses-1 finished without error at Sat Mar 14 04:49:14 CET 2026



#New# invocation of recon-all 



status file for recon-all
Sat Mar 14 05:29:00 CET 2026
#@# white curv lh Sat Mar 14 05:29:00 CET 2026
#@# white area lh Sat Mar 14 05:29:00 CET 2026
#@# pial curv lh Sat Mar 14 05:29:00 CET 2026
#@# pial area lh Sat Mar 14 05:29:00 CET 2026
#@# thickness lh Sat Mar 14 05:29:00 CET 2026
#@# area and vertex vol lh Sat Mar 14 05:29:01 CET 2026
#@# white curv rh Sat Mar 14 05:29:01 CET 2026
#@# white area rh Sat Mar 14 05:29:01 CET 2026
#@# pial curv rh Sat Mar 14 05:29:01 CET 2026
#@# pial area rh Sat Mar 14 05:29:01 CET 2026
#@# thickness rh Sat Mar 14 05:29:01 CET 2026
#@# area and vertex vol rh Sat Mar 14 05:29:01 CET 2026
#@# Cortical ribbon mask Sat Mar 14 05:29:01 CET 2026
recon-all -s sub-v2s8x29252_ses-1 finished without error at Sat Mar 14 05:32:28 CET 2026



#New# invocation of recon-all 



status file for recon-all
Sat Mar 14 05:37:47 CET 2026
#@# white curv lh Sat Mar 14 05:37:47 CET 2026
#@# white area lh Sat Mar 14 05:37:47 CET 2026
#@# pial curv lh Sat Mar 14 05:37:47 CET 2026
#@# pial area lh Sat Mar 14 05:37:47 CET 2026
#@# thickness lh Sat Mar 14 05:37:47 CET 2026
#@# area and vertex vol lh Sat Mar 14 05:37:47 CET 2026
#@# white curv rh Sat Mar 14 05:37:47 CET 2026
#@# white area rh Sat Mar 14 05:37:47 CET 2026
#@# pial curv rh Sat Mar 14 05:37:47 CET 2026
#@# pial area rh Sat Mar 14 05:37:47 CET 2026
#@# thickness rh Sat Mar 14 05:37:47 CET 2026
#@# area and vertex vol rh Sat Mar 14 05:37:47 CET 2026
#@# Curvature Stats lh Sat Mar 14 05:37:47 CET 2026
#@# Curvature Stats rh Sat Mar 14 05:37:48 CET 2026
#@# Relabel Hypointensities Sat Mar 14 05:37:50 CET 2026
#@# APas-to-ASeg Sat Mar 14 05:38:01 CET 2026
#@# AParc-to-ASeg aparc Sat Mar 14 05:38:08 CET 2026
#@# AParc-to-ASeg aparc.a2009s Sat Mar 14 05:38:33 CET 2026
#@# AParc-to-ASeg aparc.DKTatlas Sat Mar 14 05:39:03 CET 2026
#@# WMParc Sat Mar 14 05:39:36 CET 2026
#@# ASeg Stats Sat Mar 14 05:41:25 CET 2026
recon-all -s sub-v2s8x29252_ses-1 finished without error at Sat Mar 14 05:41:43 CET 2026
