status file for recon-all
Sat Mar 14 04:49:18 CET 2026
#@# Tessellate lh Sat Mar 14 04:49:18 CET 2026
#@# Smooth1 lh Sat Mar 14 04:49:21 CET 2026
#@# Inflation1 lh Sat Mar 14 04:49:23 CET 2026
#@# QSphere lh Sat Mar 14 04:49:36 CET 2026
#@# Fix Topology lh Sat Mar 14 04:50:32 CET 2026
#@# Smooth2 lh Sat Mar 14 04:56:13 CET 2026
#@# Inflation2 lh Sat Mar 14 04:56:15 CET 2026
#@# Curv .H and .K lh Sat Mar 14 04:56:28 CET 2026
#@# Sphere lh Sat Mar 14 04:57:06 CET 2026
#@# Surf Reg lh Sat Mar 14 05:00:07 CET 2026
#@# Jacobian white lh Sat Mar 14 05:03:30 CET 2026
#@# AvgCurv lh Sat Mar 14 05:03:31 CET 2026
#@# Cortical Parc lh Sat Mar 14 05:03:31 CET 2026
#@# white curv lh Sat Mar 14 05:08:54 CET 2026
#@# white area lh Sat Mar 14 05:08:56 CET 2026
#@# pial curv lh Sat Mar 14 05:08:56 CET 2026
#@# pial area lh Sat Mar 14 05:08:58 CET 2026
#@# thickness lh Sat Mar 14 05:08:59 CET 2026
#@# area and vertex vol lh Sat Mar 14 05:09:18 CET 2026
#@# Curvature Stats lh Sat Mar 14 05:09:19 CET 2026
#@# Cortical Parc 2 lh Sat Mar 14 05:09:21 CET 2026
#@# Cortical Parc 3 lh Sat Mar 14 05:09:31 CET 2026
#@# WM/GM Contrast lh Sat Mar 14 05:09:39 CET 2026
recon-all -s sub-v2s8x29252_ses-1 finished without error at Sat Mar 14 05:09:42 CET 2026



#New# invocation of recon-all 



status file for recon-all
Sat Mar 14 05:32:34 CET 2026
#@# white curv lh Sat Mar 14 05:32:34 CET 2026
#@# white area lh Sat Mar 14 05:32:34 CET 2026
#@# pial curv lh Sat Mar 14 05:32:34 CET 2026
#@# pial area lh Sat Mar 14 05:32:34 CET 2026
#@# thickness lh Sat Mar 14 05:32:34 CET 2026
#@# area and vertex vol lh Sat Mar 14 05:32:34 CET 2026
#@# Parcellation Stats lh Sat Mar 14 05:32:34 CET 2026
#@# Parcellation Stats 2 lh Sat Mar 14 05:32:49 CET 2026
#@# Parcellation Stats 3 lh Sat Mar 14 05:32:57 CET 2026
#@# BA_exvivo Labels lh Sat Mar 14 05:33:05 CET 2026
recon-all -s sub-v2s8x29252_ses-1 finished without error at Sat Mar 14 05:35:10 CET 2026
