status file for recon-all
Sat Mar 14 00:24:09 CET 2026
#@# MotionCor Sat Mar 14 00:24:10 CET 2026
#@# Talairach Sat Mar 14 00:24:16 CET 2026
#@# Talairach Failure Detection Sat Mar 14 00:27:08 CET 2026
#@# Nu Intensity Correction Sat Mar 14 00:27:08 CET 2026
#@# Intensity Normalization Sat Mar 14 00:29:54 CET 2026
recon-all -s sub-v2s8x29192_ses-1 finished without error at Sat Mar 14 00:30:50 CET 2026



#New# invocation of recon-all 



status file for recon-all
Sat Mar 14 00:36:50 CET 2026
#@# EM Registration Sat Mar 14 00:36:50 CET 2026
recon-all -s sub-v2s8x29192_ses-1 finished without error at Sat Mar 14 00:38:52 CET 2026



#New# invocation of recon-all 



status file for recon-all
Sat Mar 14 00:38:54 CET 2026
#@# CA Normalize Sat Mar 14 00:38:54 CET 2026
#@# CA Reg Sat Mar 14 00:39:48 CET 2026
#@# SubCort Seg Sat Mar 14 01:20:50 CET 2026
#@# CC Seg Sat Mar 14 01:41:13 CET 2026
#@# Merge ASeg Sat Mar 14 01:41:34 CET 2026
#@# Intensity Normalization2 Sat Mar 14 01:41:34 CET 2026
#@# Mask BFS Sat Mar 14 01:42:59 CET 2026
#@# WM Segmentation Sat Mar 14 01:42:59 CET 2026
#@# Fill Sat Mar 14 01:44:29 CET 2026
recon-all -s sub-v2s8x29192_ses-1 finished without error at Sat Mar 14 01:45:08 CET 2026



#New# invocation of recon-all 



status file for recon-all
Sat Mar 14 02:39:55 CET 2026
#@# white curv lh Sat Mar 14 02:39:55 CET 2026
#@# white area lh Sat Mar 14 02:39:55 CET 2026
#@# pial curv lh Sat Mar 14 02:39:55 CET 2026
#@# pial area lh Sat Mar 14 02:39:55 CET 2026
#@# thickness lh Sat Mar 14 02:39:55 CET 2026
#@# area and vertex vol lh Sat Mar 14 02:39:55 CET 2026
#@# white curv rh Sat Mar 14 02:39:55 CET 2026
#@# white area rh Sat Mar 14 02:39:55 CET 2026
#@# pial curv rh Sat Mar 14 02:39:55 CET 2026
#@# pial area rh Sat Mar 14 02:39:55 CET 2026
#@# thickness rh Sat Mar 14 02:39:55 CET 2026
#@# area and vertex vol rh Sat Mar 14 02:39:55 CET 2026
#@# Cortical ribbon mask Sat Mar 14 02:39:55 CET 2026
recon-all -s sub-v2s8x29192_ses-1 finished without error at Sat Mar 14 02:43:01 CET 2026



#New# invocation of recon-all 



status file for recon-all
Sat Mar 14 02:48:39 CET 2026
#@# white curv lh Sat Mar 14 02:48:39 CET 2026
#@# white area lh Sat Mar 14 02:48:39 CET 2026
#@# pial curv lh Sat Mar 14 02:48:39 CET 2026
#@# pial area lh Sat Mar 14 02:48:39 CET 2026
#@# thickness lh Sat Mar 14 02:48:39 CET 2026
#@# area and vertex vol lh Sat Mar 14 02:48:39 CET 2026
#@# white curv rh Sat Mar 14 02:48:39 CET 2026
#@# white area rh Sat Mar 14 02:48:39 CET 2026
#@# pial curv rh Sat Mar 14 02:48:39 CET 2026
#@# pial area rh Sat Mar 14 02:48:39 CET 2026
#@# thickness rh Sat Mar 14 02:48:39 CET 2026
#@# area and vertex vol rh Sat Mar 14 02:48:39 CET 2026
#@# Curvature Stats lh Sat Mar 14 02:48:39 CET 2026
#@# Curvature Stats rh Sat Mar 14 02:48:41 CET 2026
#@# Relabel Hypointensities Sat Mar 14 02:48:44 CET 2026
#@# APas-to-ASeg Sat Mar 14 02:48:56 CET 2026
#@# AParc-to-ASeg aparc Sat Mar 14 02:49:02 CET 2026
#@# AParc-to-ASeg aparc.a2009s Sat Mar 14 02:49:34 CET 2026
#@# AParc-to-ASeg aparc.DKTatlas Sat Mar 14 02:50:05 CET 2026
#@# WMParc Sat Mar 14 02:50:36 CET 2026
#@# ASeg Stats Sat Mar 14 02:52:40 CET 2026
recon-all -s sub-v2s8x29192_ses-1 finished without error at Sat Mar 14 02:53:02 CET 2026
