status file for recon-all
Sat Mar 14 01:45:14 CET 2026
#@# Tessellate lh Sat Mar 14 01:45:14 CET 2026
#@# Smooth1 lh Sat Mar 14 01:45:17 CET 2026
#@# Inflation1 lh Sat Mar 14 01:45:19 CET 2026
#@# QSphere lh Sat Mar 14 01:45:32 CET 2026
#@# Fix Topology lh Sat Mar 14 01:46:28 CET 2026
#@# Smooth2 lh Sat Mar 14 01:56:07 CET 2026
#@# Inflation2 lh Sat Mar 14 01:56:09 CET 2026
#@# Curv .H and .K lh Sat Mar 14 01:56:22 CET 2026
#@# Sphere lh Sat Mar 14 01:57:02 CET 2026
#@# Surf Reg lh Sat Mar 14 02:01:05 CET 2026
#@# Jacobian white lh Sat Mar 14 02:05:38 CET 2026
#@# AvgCurv lh Sat Mar 14 02:05:38 CET 2026
#@# Cortical Parc lh Sat Mar 14 02:05:39 CET 2026
#@# white curv lh Sat Mar 14 02:11:14 CET 2026
#@# white area lh Sat Mar 14 02:11:15 CET 2026
#@# pial curv lh Sat Mar 14 02:11:16 CET 2026
#@# pial area lh Sat Mar 14 02:11:17 CET 2026
#@# thickness lh Sat Mar 14 02:11:18 CET 2026
#@# area and vertex vol lh Sat Mar 14 02:11:38 CET 2026
#@# Curvature Stats lh Sat Mar 14 02:11:39 CET 2026
#@# Cortical Parc 2 lh Sat Mar 14 02:11:41 CET 2026
#@# Cortical Parc 3 lh Sat Mar 14 02:11:51 CET 2026
#@# WM/GM Contrast lh Sat Mar 14 02:11:59 CET 2026
recon-all -s sub-v2s8x29192_ses-1 finished without error at Sat Mar 14 02:12:02 CET 2026



#New# invocation of recon-all 



status file for recon-all
Sat Mar 14 02:43:06 CET 2026
#@# white curv lh Sat Mar 14 02:43:06 CET 2026
#@# white area lh Sat Mar 14 02:43:06 CET 2026
#@# pial curv lh Sat Mar 14 02:43:06 CET 2026
#@# pial area lh Sat Mar 14 02:43:06 CET 2026
#@# thickness lh Sat Mar 14 02:43:06 CET 2026
#@# area and vertex vol lh Sat Mar 14 02:43:06 CET 2026
#@# Parcellation Stats lh Sat Mar 14 02:43:06 CET 2026
#@# Parcellation Stats 2 lh Sat Mar 14 02:43:23 CET 2026
#@# Parcellation Stats 3 lh Sat Mar 14 02:43:31 CET 2026
#@# BA_exvivo Labels lh Sat Mar 14 02:43:39 CET 2026
recon-all -s sub-v2s8x29192_ses-1 finished without error at Sat Mar 14 02:45:48 CET 2026
