status file for recon-all
Sat Mar 14 05:02:22 CET 2026
#@# Tessellate lh Sat Mar 14 05:02:22 CET 2026
#@# Smooth1 lh Sat Mar 14 05:02:26 CET 2026
#@# Inflation1 lh Sat Mar 14 05:02:28 CET 2026
#@# QSphere lh Sat Mar 14 05:02:38 CET 2026
#@# Fix Topology lh Sat Mar 14 05:03:34 CET 2026
#@# Smooth2 lh Sat Mar 14 05:14:53 CET 2026
#@# Inflation2 lh Sat Mar 14 05:14:56 CET 2026
#@# Curv .H and .K lh Sat Mar 14 05:15:06 CET 2026
#@# Sphere lh Sat Mar 14 05:15:46 CET 2026
#@# Surf Reg lh Sat Mar 14 05:19:34 CET 2026
#@# Jacobian white lh Sat Mar 14 05:24:06 CET 2026
#@# AvgCurv lh Sat Mar 14 05:24:06 CET 2026
#@# Cortical Parc lh Sat Mar 14 05:24:07 CET 2026
#@# white curv lh Sat Mar 14 05:28:59 CET 2026
#@# white area lh Sat Mar 14 05:29:00 CET 2026
#@# pial curv lh Sat Mar 14 05:29:01 CET 2026
#@# pial area lh Sat Mar 14 05:29:02 CET 2026
#@# thickness lh Sat Mar 14 05:29:03 CET 2026
#@# area and vertex vol lh Sat Mar 14 05:29:29 CET 2026
#@# Curvature Stats lh Sat Mar 14 05:29:30 CET 2026
#@# Cortical Parc 2 lh Sat Mar 14 05:29:32 CET 2026
#@# Cortical Parc 3 lh Sat Mar 14 05:29:43 CET 2026
#@# WM/GM Contrast lh Sat Mar 14 05:29:52 CET 2026
recon-all -s sub-v2s8x29253_ses-1 finished without error at Sat Mar 14 05:29:56 CET 2026



#New# invocation of recon-all 



status file for recon-all
Sat Mar 14 05:52:49 CET 2026
#@# white curv lh Sat Mar 14 05:52:49 CET 2026
#@# white area lh Sat Mar 14 05:52:49 CET 2026
#@# pial curv lh Sat Mar 14 05:52:49 CET 2026
#@# pial area lh Sat Mar 14 05:52:49 CET 2026
#@# thickness lh Sat Mar 14 05:52:49 CET 2026
#@# area and vertex vol lh Sat Mar 14 05:52:49 CET 2026
#@# Parcellation Stats lh Sat Mar 14 05:52:49 CET 2026
#@# Parcellation Stats 2 lh Sat Mar 14 05:53:03 CET 2026
#@# Parcellation Stats 3 lh Sat Mar 14 05:53:10 CET 2026
#@# BA_exvivo Labels lh Sat Mar 14 05:53:17 CET 2026
recon-all -s sub-v2s8x29253_ses-1 finished without error at Sat Mar 14 05:55:30 CET 2026
