status file for recon-all
Sat Mar 14 00:21:40 CET 2026
#@# MotionCor Sat Mar 14 00:21:42 CET 2026
#@# Talairach Sat Mar 14 00:21:52 CET 2026
#@# Talairach Failure Detection Sat Mar 14 00:26:21 CET 2026
#@# Nu Intensity Correction Sat Mar 14 00:26:21 CET 2026
#@# Intensity Normalization Sat Mar 14 00:29:37 CET 2026
recon-all -s sub-v2s8x29191_ses-1 finished without error at Sat Mar 14 00:31:02 CET 2026



#New# invocation of recon-all 



status file for recon-all
Sat Mar 14 00:38:25 CET 2026
#@# EM Registration Sat Mar 14 00:38:25 CET 2026
recon-all -s sub-v2s8x29191_ses-1 finished without error at Sat Mar 14 00:40:15 CET 2026



#New# invocation of recon-all 



status file for recon-all
Sat Mar 14 00:40:17 CET 2026
#@# CA Normalize Sat Mar 14 00:40:17 CET 2026
#@# CA Reg Sat Mar 14 00:41:40 CET 2026
#@# SubCort Seg Sat Mar 14 01:44:55 CET 2026
#@# CC Seg Sat Mar 14 02:14:58 CET 2026
#@# Merge ASeg Sat Mar 14 02:15:30 CET 2026
#@# Intensity Normalization2 Sat Mar 14 02:15:30 CET 2026
#@# Mask BFS Sat Mar 14 02:17:41 CET 2026
#@# WM Segmentation Sat Mar 14 02:17:42 CET 2026
#@# Fill Sat Mar 14 02:19:40 CET 2026
recon-all -s sub-v2s8x29191_ses-1 finished without error at Sat Mar 14 02:20:43 CET 2026



#New# invocation of recon-all 



status file for recon-all
Sat Mar 14 03:10:26 CET 2026
#@# white curv lh Sat Mar 14 03:10:26 CET 2026
#@# white area lh Sat Mar 14 03:10:26 CET 2026
#@# pial curv lh Sat Mar 14 03:10:26 CET 2026
#@# pial area lh Sat Mar 14 03:10:26 CET 2026
#@# thickness lh Sat Mar 14 03:10:26 CET 2026
#@# area and vertex vol lh Sat Mar 14 03:10:26 CET 2026
#@# white curv rh Sat Mar 14 03:10:26 CET 2026
#@# white area rh Sat Mar 14 03:10:26 CET 2026
#@# pial curv rh Sat Mar 14 03:10:26 CET 2026
#@# pial area rh Sat Mar 14 03:10:26 CET 2026
#@# thickness rh Sat Mar 14 03:10:26 CET 2026
#@# area and vertex vol rh Sat Mar 14 03:10:26 CET 2026
#@# Cortical ribbon mask Sat Mar 14 03:10:26 CET 2026
recon-all -s sub-v2s8x29191_ses-1 finished without error at Sat Mar 14 03:16:16 CET 2026



#New# invocation of recon-all 



status file for recon-all
Sat Mar 14 03:23:17 CET 2026
#@# white curv lh Sat Mar 14 03:23:17 CET 2026
#@# white area lh Sat Mar 14 03:23:17 CET 2026
#@# pial curv lh Sat Mar 14 03:23:17 CET 2026
#@# pial area lh Sat Mar 14 03:23:17 CET 2026
#@# thickness lh Sat Mar 14 03:23:17 CET 2026
#@# area and vertex vol lh Sat Mar 14 03:23:17 CET 2026
#@# white curv rh Sat Mar 14 03:23:17 CET 2026
#@# white area rh Sat Mar 14 03:23:17 CET 2026
#@# pial curv rh Sat Mar 14 03:23:17 CET 2026
#@# pial area rh Sat Mar 14 03:23:17 CET 2026
#@# thickness rh Sat Mar 14 03:23:17 CET 2026
#@# area and vertex vol rh Sat Mar 14 03:23:17 CET 2026
#@# Curvature Stats lh Sat Mar 14 03:23:17 CET 2026
#@# Curvature Stats rh Sat Mar 14 03:23:19 CET 2026
#@# Relabel Hypointensities Sat Mar 14 03:23:22 CET 2026
#@# APas-to-ASeg Sat Mar 14 03:23:37 CET 2026
#@# AParc-to-ASeg aparc Sat Mar 14 03:23:46 CET 2026
#@# AParc-to-ASeg aparc.a2009s Sat Mar 14 03:24:29 CET 2026
#@# AParc-to-ASeg aparc.DKTatlas Sat Mar 14 03:25:12 CET 2026
#@# WMParc Sat Mar 14 03:25:58 CET 2026
#@# ASeg Stats Sat Mar 14 03:30:33 CET 2026
recon-all -s sub-v2s8x29191_ses-1 finished without error at Sat Mar 14 03:31:15 CET 2026
