/out/sourcedata/freesurfer/sub-v2s8x29182_ses-1/mri
/opt/freesurfer/bin/talairach_avi
--i orig_nu.mgz --xfm transforms/talairach.auto.xfm
talairach_avi 7.3.2
Linux dna061 5.14.0-427.37.1.el9_4.x86_64 #1 SMP PREEMPT_DYNAMIC Fri Sep 13 12:41:50 EDT 2024 x86_64 x86_64 x86_64 GNU/Linux
Fri Mar 13 23:50:12 CET 2026
mri_convert orig_nu.mgz talsrcimg.img 
reading from orig_nu.mgz...
TR=0.00, TE=0.00, TI=0.00, flip angle=0.00
i_ras = (-1, 0, 0)
j_ras = (0, 0, -1)
k_ras = (0, 1, 0)
writing to talsrcimg.img...
Analyze Output Matrix
-1.00000   0.00000   0.00000   129.66513;
 0.00000   0.00000   1.00000  -128.00000;
 0.00000  -1.00000   0.00000   130.00000;
 0.00000   0.00000   0.00000   1.00000;
--------------------
INFO: set hdr.hist.orient to -1
mpr2mni305 talsrcimg
Fri Mar 13 23:50:13 CET 2026
/opt/freesurfer/bin/mpr2mni305 talsrcimg
mpr2mni305 7.3.2
target=711-2C_as_mni_average_305

---------------------------------------------------------------------
analyzeto4dfp talsrcimg -O0 -y
---------------------------------------------------------------------

freesurfer ifh2hdr.c
Fri Mar 13 23:50:13 2026
Writing: talsrcimg.4dfp.hdr
freesurfer analyzeto4dfp.c
Reading: talsrcimg.hdr
header size 348 bytes
hdr.dime.datatype	offset=70	value=2
hdr.dime.bitpix		offset=72	value=8
hdr.hist.orient		offset=252	value=-1
dimensionality     4
dimensions       256       256       256         1
Reading: talsrcimg.img
Writing: talsrcimg.4dfp.img
Writing: talsrcimg.4dfp.ifh
ifh2hdr talsrcimg -r0to219
ori=2

---------------------------------------------------------------------
gauss_4dfp talsrcimg 1.1
---------------------------------------------------------------------

freesurfer gauss_4dfp.c
Reading: talsrcimg.4dfp.img
Writing: talsrcimg_g11.4dfp.img
image dimensions 256 256 256 padded to 288 288 288
processing volume 1freesurfer ifh2hdr.c
Fri Mar 13 23:50:15 2026
Writing: talsrcimg_g11.4dfp.hdr

Writing: talsrcimg_g11.4dfp.ifh
including: talsrcimg.4dfp.img.rec in talsrcimg_g11.4dfp.img.rec

---------------------------------------------------------------------
imgreg_4dfp /opt/freesurfer/average/711-2C_as_mni_average_305 none talsrcimg_g11 none talsrcimg_to_711-2C_as_mni_average_305_t4 4355
---------------------------------------------------------------------

freesurfer imgreg_4dfp.c
/opt/freesurfer/average/711-2C_as_mni_average_305.4dfp.img
       256       256       256         1
  1.000000  1.000000  1.000000
orientation T byte_order littleendian
Reading image: /opt/freesurfer/average/711-2C_as_mni_average_305.4dfp.img
dimensions:      256       256       256
mmppix:       1.0000   -1.0000   -1.0000
center:     128.0000 -129.0000 -129.0000
talsrcimg_g11.4dfp.img
       256       256       256         1
  1.000000  1.000000  1.000000
orientation T byte_order littleendian
Reading image: talsrcimg_g11.4dfp.img
dimensions:      256       256       256
mmppix:       1.0000   -1.0000   -1.0000
center:     128.0000 -129.0000 -129.0000
t4_read: open error in t4_sub.f l:  41 t4_file(1:l)talsrcimg_to_711-2C_as_mni_average_305_t4 
t4_read: transform initialized to I4
rotation matrix determinant  1.000000
image alignment mode   4355 decimal     1103 hex
   -7.5000  -45.0000  -45.0000 8394.0459   21.1609
    0.0000  -45.0000  -45.0000 8782.5703   21.1928
    7.5000  -45.0000  -45.0000 8418.4893   21.2066
   -7.5000  -37.5000  -45.0000 8679.0635   21.2320
    0.0000  -37.5000  -45.0000 9089.3008   21.2580
    7.5000  -37.5000  -45.0000 8717.4434   21.2599
   -7.5000  -30.0000  -45.0000 9307.8916   21.2483
    0.0000  -30.0000  -45.0000 9735.5869   21.2768
    7.5000  -30.0000  -45.0000 9343.0908   21.2697
   -7.5000  -22.5000  -45.0000 9906.4648   21.1954
    0.0000  -22.5000  -45.000010354.0801   21.2320
    7.5000  -22.5000  -45.0000 9928.6680   21.2302
   -7.5000  -15.0000  -45.000010434.7090   21.1310
    0.0000  -15.0000  -45.000010900.4883   21.1739
    7.5000  -15.0000  -45.000010458.7979   21.1829
   -7.5000   -7.5000  -45.000010852.6465   21.1127
    0.0000   -7.5000  -45.000011334.5977   21.1534
    7.5000   -7.5000  -45.000010899.8535   21.1690
   -7.5000    0.0000  -45.000011137.3770   21.1609
    0.0000    0.0000  -45.000011631.9893   21.1928
    7.5000    0.0000  -45.000011182.0898   21.2066
   -7.5000    7.5000  -45.000010541.6104   21.2320
    0.0000    7.5000  -45.000010981.2324   21.2580
    7.5000    7.5000  -45.000010567.5469   21.2599
   -7.5000   15.0000  -45.0000 9826.9561   21.2483
    0.0000   15.0000  -45.000010209.1338   21.2768
    7.5000   15.0000  -45.0000 9830.3955   21.2697
   -7.5000   22.5000  -45.0000 9068.8330   21.1925
    0.0000   22.5000  -45.0000 9387.6807   21.2290
    7.5000   22.5000  -45.0000 9050.4355   21.2273
   -7.5000   30.0000  -45.0000 8286.1680   20.8494
    0.0000   30.0000  -45.0000 8578.7266   20.8917
    7.5000   30.0000  -45.0000 8258.1074   20.9006
   -7.5000   37.5000  -45.0000 7808.6089   20.8313
    0.0000   37.5000  -45.0000 8091.2480   20.8715
    7.5000   37.5000  -45.0000 7788.7583   20.8869
   -7.5000   45.0000  -45.0000 6972.7124   20.5329
    0.0000   45.0000  -45.0000 7234.9453   20.5639
    7.5000   45.0000  -45.0000 6946.1855   20.5782
   -7.5000  -45.0000  -37.5000 9005.5264   21.0888
    0.0000  -45.0000  -37.5000 9441.7725   21.1025
    7.5000  -45.0000  -37.5000 9033.0830   21.0979
   -7.5000  -37.5000  -37.5000 9320.1914   21.1566
    0.0000  -37.5000  -37.5000 9759.6543   21.1704
    7.5000  -37.5000  -37.5000 9344.8096   21.1569
   -7.5000  -30.0000  -37.5000 9958.9873   21.1682
    0.0000  -30.0000  -37.500010423.3848   21.1876
    7.5000  -30.0000  -37.5000 9980.0947   21.1686
   -7.5000  -22.5000  -37.500010573.3457   21.1117
    0.0000  -22.5000  -37.500011073.8428   21.1369
    7.5000  -22.5000  -37.500010582.5957   21.1239
   -7.5000  -15.0000  -37.500011129.9795   21.0473
    0.0000  -15.0000  -37.500011653.0430   21.0724
    7.5000  -15.0000  -37.500011151.6172   21.0676
   -7.5000   -7.5000  -37.500011571.4609   21.0359
    0.0000   -7.5000  -37.500012082.4043   21.0551
    7.5000   -7.5000  -37.500011594.7275   21.0532
   -7.5000    0.0000  -37.500011875.6514   21.0888
    0.0000    0.0000  -37.500012386.2529   21.1025
    7.5000    0.0000  -37.500011897.6514   21.0979
   -7.5000    7.5000  -37.500011195.6562   21.1566
    0.0000    7.5000  -37.500011654.3682   21.1704
    7.5000    7.5000  -37.500011197.0967   21.1569
   -7.5000   15.0000  -37.500010385.5898   21.1682
    0.0000   15.0000  -37.500010803.6035   21.1876
    7.5000   15.0000  -37.500010366.4570   21.1686
   -7.5000   22.5000  -37.5000 9534.0693   21.1088
    0.0000   22.5000  -37.5000 9883.4023   21.1340
    7.5000   22.5000  -37.5000 9516.1787   21.1210
   -7.5000   30.0000  -37.5000 8698.1602   20.7668
    0.0000   30.0000  -37.5000 9008.0732   20.7916
    7.5000   30.0000  -37.5000 8676.0586   20.7868
   -7.5000   37.5000  -37.5000 8183.8623   20.7556
    0.0000   37.5000  -37.5000 8461.0469   20.7745
    7.5000   37.5000  -37.5000 8143.6948   20.7726
   -7.5000   45.0000  -37.5000 7288.9204   20.4613
    0.0000   45.0000  -37.5000 7544.0034   20.4747
    7.5000   45.0000  -37.5000 7263.7173   20.4709
   -7.5000  -45.0000  -30.0000 9769.4551   21.9612
    0.0000  -45.0000  -30.000010260.0430   21.9637
    7.5000  -45.0000  -30.0000 9803.6318   21.9439
   -7.5000  -37.5000  -30.000010104.1445   22.0247
    0.0000  -37.5000  -30.000010601.4033   22.0329
    7.5000  -37.5000  -30.000010123.6602   22.0066
   -7.5000  -30.0000  -30.000010760.5889   22.0319
    0.0000  -30.0000  -30.000011302.3428   22.0491
    7.5000  -30.0000  -30.000010784.5312   22.0203
   -7.5000  -22.5000  -30.000011401.0859   21.9730
    0.0000  -22.5000  -30.000011969.9971   21.9929
    7.5000  -22.5000  -30.000011412.0762   21.9711
   -7.5000  -15.0000  -30.000011979.1250   21.9103
    0.0000  -15.0000  -30.000012576.8057   21.9235
    7.5000  -15.0000  -30.000012007.7930   21.9077
   -7.5000   -7.5000  -30.000012461.1611   21.9056
    0.0000   -7.5000  -30.000013038.6191   21.9103
    7.5000   -7.5000  -30.000012463.0391   21.8940
   -7.5000    0.0000  -30.000012781.0127   21.9612
    0.0000    0.0000  -30.000013349.2969   21.9637
    7.5000    0.0000  -30.000012776.2988   21.9439
   -7.5000    7.5000  -30.000011998.1787   22.0247
    0.0000    7.5000  -30.000012522.0586   22.0329
    7.5000    7.5000  -30.000011992.0176   22.0066
   -7.5000   15.0000  -30.000011099.8887   22.0319
    0.0000   15.0000  -30.000011550.7568   22.0491
    7.5000   15.0000  -30.000011061.1162   22.0203
   -7.5000   22.5000  -30.000010152.2842   21.9678
    0.0000   22.5000  -30.000010552.6465   21.9876
    7.5000   22.5000  -30.000010099.3018   21.9658
   -7.5000   30.0000  -30.0000 9264.4941   21.6204
    0.0000   30.0000  -30.0000 9613.0361   21.6335
    7.5000   30.0000  -30.0000 9214.1270   21.6178
   -7.5000   37.5000  -30.0000 8673.4668   21.6157
    0.0000   37.5000  -30.0000 8990.1084   21.6204
    7.5000   37.5000  -30.0000 8625.1670   21.6043
   -7.5000   45.0000  -30.0000 7725.7051   21.3218
    0.0000   45.0000  -30.0000 7987.1201   21.3245
    7.5000   45.0000  -30.0000 7679.3779   21.3055
   -7.5000  -45.0000  -22.500010534.2754   22.7202
    0.0000  -45.0000  -22.500011066.1250   22.7275
    7.5000  -45.0000  -22.500010554.6797   22.7095
   -7.5000  -37.5000  -22.500010872.5186   22.7789
    0.0000  -37.5000  -22.500011407.6172   22.7926
    7.5000  -37.5000  -22.500010880.5693   22.7684
   -7.5000  -30.0000  -22.500011547.7793   22.7843
    0.0000  -30.0000  -22.500012146.4609   22.8070
    7.5000  -30.0000  -22.500011571.5225   22.7814
   -7.5000  -22.5000  -22.500012199.2510   22.7283
    0.0000  -22.5000  -22.500012825.2412   22.7519
    7.5000  -22.5000  -22.500012233.6748   22.7336
   -7.5000  -15.0000  -22.500012797.5762   22.6709
    0.0000  -15.0000  -22.500013458.7217   22.6868
    7.5000  -15.0000  -22.500012849.8691   22.6741
   -7.5000   -7.5000  -22.500013274.8145   22.6681
    0.0000   -7.5000  -22.500013965.0889   22.6767
    7.5000   -7.5000  -22.500013304.2197   22.6628
   -7.5000    0.0000  -22.500013601.8750   22.7202
    0.0000    0.0000  -22.500014281.1777   22.7275
    7.5000    0.0000  -22.500013608.3438   22.7095
   -7.5000    7.5000  -22.500012767.2207   22.7789
    0.0000    7.5000  -22.500013382.7168   22.7926
    7.5000    7.5000  -22.500012765.4258   22.7684
   -7.5000   15.0000  -22.500011814.8457   22.7843
    0.0000   15.0000  -22.500012362.6172   22.8070
    7.5000   15.0000  -22.500011786.7256   22.7814
   -7.5000   22.5000  -22.500010792.8594   22.7212
    0.0000   22.5000  -22.500011261.6357   22.7448
    7.5000   22.5000  -22.500010730.0254   22.7266
   -7.5000   30.0000  -22.5000 9821.6406   22.3744
    0.0000   30.0000  -22.500010226.5488   22.3901
    7.5000   30.0000  -22.5000 9758.5000   22.3775
   -7.5000   37.5000  -22.5000 9170.0488   22.3715
    0.0000   37.5000  -22.5000 9521.0547   22.3801
    7.5000   37.5000  -22.5000 9126.2559   22.3663
   -7.5000   45.0000  -22.5000 8126.7495   22.0747
    0.0000   45.0000  -22.5000 8426.0459   22.0819
    7.5000   45.0000  -22.5000 8088.1240   22.0645
   -7.5000  -45.0000  -15.000011311.5879   23.2540
    0.0000  -45.0000  -15.000011874.9609   23.2770
    7.5000  -45.0000  -15.000011360.2637   23.2753
   -7.5000  -37.5000  -15.000011621.0137   23.3159
    0.0000  -37.5000  -15.000012191.5166   23.3405
    7.5000  -37.5000  -15.000011687.1406   23.3297
   -7.5000  -30.0000  -15.000012324.1318   23.3249
    0.0000  -30.0000  -15.000012961.1367   23.3563
    7.5000  -30.0000  -15.000012403.8125   23.3404
   -7.5000  -22.5000  -15.000013020.8242   23.2707
    0.0000  -22.5000  -15.000013693.3760   23.3050
    7.5000  -22.5000  -15.000013098.3154   23.2959
   -7.5000  -15.0000  -15.000013674.2510   23.2133
    0.0000  -15.0000  -15.000014373.5225   23.2451
    7.5000  -15.0000  -15.000013732.5107   23.2444
   -7.5000   -7.5000  -15.000014155.4307   23.2054
    0.0000   -7.5000  -15.000014896.8145   23.2329
    7.5000   -7.5000  -15.000014167.4385   23.2344
   -7.5000    0.0000  -15.000014459.0469   23.2540
    0.0000    0.0000  -15.000015175.9248   23.2770
    7.5000    0.0000  -15.000014461.5752   23.2753
   -7.5000    7.5000  -15.000013568.4170   23.3159
    0.0000    7.5000  -15.000014206.6699   23.3405
    7.5000    7.5000  -15.000013556.5645   23.3297
   -7.5000   15.0000  -15.000012574.7627   23.3249
    0.0000   15.0000  -15.000013122.3398   23.3563
    7.5000   15.0000  -15.000012509.5537   23.3404
   -7.5000   22.5000  -15.000011467.9951   23.2624
    0.0000   22.5000  -15.000011947.9609   23.2967
    7.5000   22.5000  -15.000011379.7334   23.2877
   -7.5000   30.0000  -15.000010387.1494   22.9129
    0.0000   30.0000  -15.000010810.1104   22.9443
    7.5000   30.0000  -15.000010309.8721   22.9436
   -7.5000   37.5000  -15.0000 9660.1787   22.9051
    0.0000   37.5000  -15.000010042.7725   22.9322
    7.5000   37.5000  -15.0000 9620.7119   22.9337
   -7.5000   45.0000  -15.0000 8528.7666   22.6079
    0.0000   45.0000  -15.0000 8851.1885   22.6301
    7.5000   45.0000  -15.0000 8483.4990   22.6288
   -7.5000  -45.0000   -7.500012156.1416   23.5065
    0.0000  -45.0000   -7.500012748.1523   23.5410
    7.5000  -45.0000   -7.500012240.4834   23.5540
   -7.5000  -37.5000   -7.500012479.1191   23.5798
    0.0000  -37.5000   -7.500013057.3740   23.6096
    7.5000  -37.5000   -7.500012561.3838   23.6096
   -7.5000  -30.0000   -7.500013228.3545   23.5950
    0.0000  -30.0000   -7.500013853.6670   23.6288
    7.5000  -30.0000   -7.500013307.6250   23.6195
   -7.5000  -22.5000   -7.500013976.0996   23.5377
    0.0000  -22.5000   -7.500014648.5146   23.5790
    7.5000  -22.5000   -7.500014056.1816   23.5760
   -7.5000  -15.0000   -7.500014667.5889   23.4719
    0.0000  -15.0000   -7.500015384.3760   23.5180
    7.5000  -15.0000   -7.500014744.0479   23.5267
   -7.5000   -7.5000   -7.500015160.5195   23.4557
    0.0000   -7.5000   -7.500015869.1875   23.4991
    7.5000   -7.5000   -7.500015194.7471   23.5144
   -7.5000    0.0000   -7.500015457.1475   23.5065
    0.0000    0.0000   -7.500016164.4473   23.5410
    7.5000    0.0000   -7.500015459.9912   23.5540
   -7.5000    7.5000   -7.500014474.6543   23.5798
    0.0000    7.5000   -7.500015135.8516   23.6096
    7.5000    7.5000   -7.500014454.9902   23.6096
   -7.5000   15.0000   -7.500013405.2832   23.5950
    0.0000   15.0000   -7.500013981.1387   23.6288
    7.5000   15.0000   -7.500013331.8330   23.6195
   -7.5000   22.5000   -7.500012211.4150   23.5269
    0.0000   22.5000   -7.500012713.4961   23.5681
    7.5000   22.5000   -7.500012119.9619   23.5651
   -7.5000   30.0000   -7.500011015.7451   23.1675
    0.0000   30.0000   -7.500011448.4199   23.2130
    7.5000   30.0000   -7.500010943.1523   23.2216
   -7.5000   37.5000   -7.500010204.7051   23.1515
    0.0000   37.5000   -7.500010602.2002   23.1943
    7.5000   37.5000   -7.500010147.3994   23.2094
   -7.5000   45.0000   -7.5000 8988.8594   22.8593
    0.0000   45.0000   -7.5000 9322.2461   22.8926
    7.5000   45.0000   -7.5000 8936.6963   22.9061
   -7.5000  -45.0000    0.000012889.0801   23.5463
    0.0000  -45.0000    0.000013455.6055   23.5771
    7.5000  -45.0000    0.000012970.1240   23.5884
   -7.5000  -37.5000    0.000013262.1104   23.6259
    0.0000  -37.5000    0.000013805.5215   23.6506
    7.5000  -37.5000    0.000013328.9238   23.6486
   -7.5000  -30.0000    0.000014030.5566   23.6425
    0.0000  -30.0000    0.000014610.8066   23.6705
    7.5000  -30.0000    0.000014103.6250   23.6587
   -7.5000  -22.5000    0.000014752.7402   23.5815
    0.0000  -22.5000    0.000015311.3701   23.6185
    7.5000  -22.5000    0.000014817.4033   23.6131
   -7.5000  -15.0000    0.000015414.5576   23.5091
    0.0000  -15.0000    0.000016011.1338   23.5529
    7.5000  -15.0000    0.000015482.6670   23.5595
   -7.5000   -7.5000    0.000015880.3105   23.4903
    0.0000   -7.5000    0.000016490.0957   23.5312
    7.5000   -7.5000    0.000015931.2793   23.5449
   -7.5000    0.0000    0.000016176.6260   23.5463
    0.0000    0.0000    0.000016826.8652   23.5771
    7.5000    0.0000    0.000016176.3389   23.5884
   -7.5000    7.5000    0.000015179.5732   23.6259
    0.0000    7.5000    0.000015795.7285   23.6506
    7.5000    7.5000    0.000015156.6553   23.6486
   -7.5000   15.0000    0.000014022.0615   23.6425
    0.0000   15.0000    0.000014582.7637   23.6705
    7.5000   15.0000    0.000013982.1689   23.6587
   -7.5000   22.5000    0.000012770.1777   23.5706
    0.0000   22.5000    0.000013276.1172   23.6077
    7.5000   22.5000    0.000012751.3633   23.6022
   -7.5000   30.0000    0.000011517.4395   23.2048
    0.0000   30.0000    0.000011961.8877   23.2481
    7.5000   30.0000    0.000011474.8154   23.2546
   -7.5000   37.5000    0.000010642.8574   23.1863
    0.0000   37.5000    0.000011039.3936   23.2266
    7.5000   37.5000    0.000010586.2939   23.2401
   -7.5000   45.0000    0.0000 9345.5723   22.9002
    0.0000   45.0000    0.0000 9677.4727   22.9301
    7.5000   45.0000    0.0000 9314.0518   22.9421
   -7.5000  -45.0000    7.500012582.4707   23.5628
    0.0000  -45.0000    7.500013058.3750   23.5774
    7.5000  -45.0000    7.500012641.7529   23.5715
   -7.5000  -37.5000    7.500012982.6260   23.6390
    0.0000  -37.5000    7.500013496.1172   23.6535
    7.5000  -37.5000    7.500013042.2402   23.6371
   -7.5000  -30.0000    7.500013685.8750   23.6518
    0.0000  -30.0000    7.500014163.4238   23.6724
    7.5000  -30.0000    7.500013736.2256   23.6494
   -7.5000  -22.5000    7.500014320.7900   23.5879
    0.0000  -22.5000    7.500014824.3281   23.6152
    7.5000  -22.5000    7.500014378.9375   23.5990
   -7.5000  -15.0000    7.500014951.9004   23.5154
    0.0000  -15.0000    7.500015510.7578   23.5431
    7.5000  -15.0000    7.500015016.5859   23.5364
   -7.5000   -7.5000    7.500015398.5312   23.5029
    0.0000   -7.5000    7.500015973.1143   23.5240
    7.5000   -7.5000    7.500015466.1025   23.5211
   -7.5000    0.0000    7.500015711.2939   23.5628
    0.0000    0.0000    7.500016307.6982   23.5774
    7.5000    0.0000    7.500015744.4307   23.5715
   -7.5000    7.5000    7.500014761.2812   23.6390
    0.0000    7.5000    7.500015280.9238   23.6535
    7.5000    7.5000    7.500014758.6328   23.6371
   -7.5000   15.0000    7.500013673.2842   23.6518
    0.0000   15.0000    7.500014133.4268   23.6724
    7.5000   15.0000    7.500013633.2822   23.6494
   -7.5000   22.5000    7.500012473.8516   23.5770
    0.0000   22.5000    7.500012910.8105   23.6043
    7.5000   22.5000    7.500012419.9902   23.5881
   -7.5000   30.0000    7.500011238.7686   23.2111
    0.0000   30.0000    7.500011621.9248   23.2384
    7.5000   30.0000    7.500011165.5605   23.2318
   -7.5000   37.5000    7.500010336.5742   23.1987
    0.0000   37.5000    7.500010667.5039   23.2196
    7.5000   37.5000    7.500010243.8945   23.2167
   -7.5000   45.0000    7.5000 9027.9316   22.9151
    0.0000   45.0000    7.5000 9314.1396   22.9296
    7.5000   45.0000    7.5000 8969.9941   22.9245
   -7.5000  -45.0000   15.000012070.6963   23.5827
    0.0000  -45.0000   15.000012566.6719   23.5853
    7.5000  -45.0000   15.000012156.8779   23.5641
   -7.5000  -37.5000   15.000012457.7422   23.6509
    0.0000  -37.5000   15.000012990.1387   23.6597
    7.5000  -37.5000   15.000012510.1221   23.6314
   -7.5000  -30.0000   15.000013190.9404   23.6586
    0.0000  -30.0000   15.000013665.2412   23.6771
    7.5000  -30.0000   15.000013219.1309   23.6462
   -7.5000  -22.5000   15.000013875.0430   23.5954
    0.0000  -22.5000   15.000014333.7441   23.6167
    7.5000  -22.5000   15.000013948.0996   23.5933
   -7.5000  -15.0000   15.000014500.9287   23.5280
    0.0000  -15.0000   15.000014995.4912   23.5422
    7.5000  -15.0000   15.000014585.6484   23.5252
   -7.5000   -7.5000   15.000014925.3516   23.5229
    0.0000   -7.5000   15.000015401.1641   23.5280
    7.5000   -7.5000   15.000015020.5312   23.5105
   -7.5000    0.0000   15.000015193.3105   23.5827
    0.0000    0.0000   15.000015673.9570   23.5853
    7.5000    0.0000   15.000015244.4590   23.5641
   -7.5000    7.5000   15.000014219.0576   23.6509
    0.0000    7.5000   15.000014658.1123   23.6597
    7.5000    7.5000   15.000014221.6113   23.6314
   -7.5000   15.0000   15.000013163.0498   23.6586
    0.0000   15.0000   15.000013567.2373   23.6771
    7.5000   15.0000   15.000013101.4697   23.6462
   -7.5000   22.5000   15.000011989.3711   23.5845
    0.0000   22.5000   15.000012378.1846   23.6058
    7.5000   22.5000   15.000011905.4180   23.5824
   -7.5000   30.0000   15.000010746.1836   23.2235
    0.0000   30.0000   15.000011096.2344   23.2375
    7.5000   30.0000   15.000010660.4854   23.2207
   -7.5000   37.5000   15.0000 9838.3623   23.2185
    0.0000   37.5000   15.000010137.9141   23.2235
    7.5000   37.5000   15.0000 9730.8916   23.2062
   -7.5000   45.0000   15.0000 8590.2988   22.9331
    0.0000   45.0000   15.0000 8834.0088   22.9360
    7.5000   45.0000   15.0000 8527.1777   22.9156
   -7.5000  -45.0000   22.500011470.8447   23.5854
    0.0000  -45.0000   22.500011968.1885   23.5930
    7.5000  -45.0000   22.500011573.7344   23.5743
   -7.5000  -37.5000   22.500011817.7061   23.6464
    0.0000  -37.5000   22.500012307.1670   23.6606
    7.5000  -37.5000   22.500011905.4326   23.6355
   -7.5000  -30.0000   22.500012560.1846   23.6519
    0.0000  -30.0000   22.500013020.2119   23.6755
    7.5000  -30.0000   22.500012609.0498   23.6489
   -7.5000  -22.5000   22.500013355.3506   23.5938
    0.0000  -22.5000   22.500013858.8174   23.6183
    7.5000  -22.5000   22.500013420.4658   23.5994
   -7.5000  -15.0000   22.500014027.7188   23.5342
    0.0000  -15.0000   22.500014573.9473   23.5508
    7.5000  -15.0000   22.500014111.1943   23.5375
   -7.5000   -7.5000   22.500014424.0186   23.5313
    0.0000   -7.5000   22.500014939.9590   23.5403
    7.5000   -7.5000   22.500014458.4414   23.5258
   -7.5000    0.0000   22.500014611.9033   23.5854
    0.0000    0.0000   22.500015096.1689   23.5930
    7.5000    0.0000   22.500014588.9580   23.5743
   -7.5000    7.5000   22.500013596.2471   23.6464
    0.0000    7.5000   22.500014010.4746   23.6606
    7.5000    7.5000   22.500013557.2217   23.6355
   -7.5000   15.0000   22.500012567.1553   23.6519
    0.0000   15.0000   22.500012958.3018   23.6755
    7.5000   15.0000   22.500012531.7402   23.6489
   -7.5000   22.5000   22.500011420.2334   23.5829
    0.0000   22.5000   22.500011767.8701   23.6074
    7.5000   22.5000   22.500011364.9277   23.5885
   -7.5000   30.0000   22.500010185.0762   23.2297
    0.0000   30.0000   22.500010527.2480   23.2460
    7.5000   30.0000   22.500010132.1621   23.2329
   -7.5000   37.5000   22.5000 9309.3838   23.2267
    0.0000   37.5000   22.5000 9606.7002   23.2356
    7.5000   37.5000   22.5000 9251.1533   23.2213
   -7.5000   45.0000   22.5000 8122.8179   22.9352
    0.0000   45.0000   22.5000 8390.2676   22.9427
    7.5000   45.0000   22.5000 8070.6230   22.9246
   -7.5000  -45.0000   30.000010786.6572   23.5935
    0.0000  -45.0000   30.000011301.5488   23.6172
    7.5000  -45.0000   30.000010900.2598   23.6158
   -7.5000  -37.5000   30.000011139.6201   23.6564
    0.0000  -37.5000   30.000011636.1533   23.6817
    7.5000  -37.5000   30.000011224.9170   23.6709
   -7.5000  -30.0000   30.000011887.8086   23.6657
    0.0000  -30.0000   30.000012379.6729   23.6978
    7.5000  -30.0000   30.000011944.0156   23.6818
   -7.5000  -22.5000   30.000012635.5576   23.6107
    0.0000  -22.5000   30.000013154.8320   23.6458
    7.5000  -22.5000   30.000012699.2256   23.6367
   -7.5000  -15.0000   30.000013274.2451   23.5525
    0.0000  -15.0000   30.000013845.7539   23.5851
    7.5000  -15.0000   30.000013335.0889   23.5846
   -7.5000   -7.5000   30.000013607.1377   23.5443
    0.0000   -7.5000   30.000014202.1074   23.5726
    7.5000   -7.5000   30.000013644.4805   23.5744
   -7.5000    0.0000   30.000013746.3535   23.5935
    0.0000    0.0000   30.000014298.5576   23.6172
    7.5000    0.0000   30.000013751.0361   23.6158
   -7.5000    7.5000   30.000012794.9619   23.6564
    0.0000    7.5000   30.000013275.3623   23.6817
    7.5000    7.5000   30.000012753.0859   23.6709
   -7.5000   15.0000   30.000011822.5967   23.6657
    0.0000   15.0000   30.000012273.1826   23.6978
    7.5000   15.0000   30.000011770.6914   23.6818
   -7.5000   22.5000   30.000010754.4150   23.5998
    0.0000   22.5000   30.000011154.8027   23.6349
    7.5000   22.5000   30.000010702.8799   23.6258
   -7.5000   30.0000   30.0000 9556.2754   23.2477
    0.0000   30.0000   30.0000 9923.4678   23.2799
    7.5000   30.0000   30.0000 9519.6162   23.2793
   -7.5000   37.5000   30.0000 8729.4141   23.2396
    0.0000   37.5000   30.0000 9051.6670   23.2675
    7.5000   37.5000   30.0000 8683.1758   23.2693
   -7.5000   45.0000   30.0000 7607.9697   22.9442
    0.0000   45.0000   30.0000 7885.5303   22.9671
    7.5000   45.0000   30.0000 7567.1904   22.9661
   -7.5000  -45.0000   37.500010458.5215   23.6775
    0.0000  -45.0000   37.500011009.7197   23.7129
    7.5000  -45.0000   37.500010561.2734   23.7264
   -7.5000  -37.5000   37.500010820.6006   23.7521
    0.0000  -37.5000   37.500011347.2402   23.7826
    7.5000  -37.5000   37.500010889.4551   23.7829
   -7.5000  -30.0000   37.500011552.5918   23.7673
    0.0000  -30.0000   37.500012078.4785   23.8019
    7.5000  -30.0000   37.500011594.6758   23.7927
   -7.5000  -22.5000   37.500012252.7871   23.7088
    0.0000  -22.5000   37.500012805.8154   23.7510
    7.5000  -22.5000   37.500012308.1660   23.7481
   -7.5000  -15.0000   37.500012859.0098   23.6419
    0.0000  -15.0000   37.500013409.5156   23.6889
    7.5000  -15.0000   37.500012917.7363   23.6979
   -7.5000   -7.5000   37.500013148.3789   23.6256
    0.0000   -7.5000   37.500013708.1777   23.6700
    7.5000   -7.5000   37.500013204.3604   23.6858
   -7.5000    0.0000   37.500013288.5654   23.6775
    0.0000    0.0000   37.500013818.9629   23.7129
    7.5000    0.0000   37.500013322.8652   23.7264
   -7.5000    7.5000   37.500012394.1445   23.7521
    0.0000    7.5000   37.500012897.8154   23.7826
    7.5000    7.5000   37.500012408.6309   23.7829
   -7.5000   15.0000   37.500011470.1514   23.7673
    0.0000   15.0000   37.500011902.8018   23.8019
    7.5000   15.0000   37.500011434.0312   23.7927
   -7.5000   22.5000   37.500010431.2041   23.6979
    0.0000   22.5000   37.500010816.2324   23.7400
    7.5000   22.5000   37.500010378.7891   23.7372
   -7.5000   30.0000   37.5000 9294.1104   23.3359
    0.0000   30.0000   37.5000 9639.1992   23.3823
    7.5000   30.0000   37.5000 9241.4414   23.3912
   -7.5000   37.5000   37.5000 8484.1240   23.3198
    0.0000   37.5000   37.5000 8777.2412   23.3636
    7.5000   37.5000   37.5000 8424.3330   23.3793
   -7.5000   45.0000   37.5000 7376.5654   23.0283
    0.0000   45.0000   37.5000 7634.6211   23.0625
    7.5000   45.0000   37.5000 7344.7476   23.0765
   -7.5000  -45.0000   45.0000 9648.0752   23.8076
    0.0000  -45.0000   45.000010147.3213   23.8403
    7.5000  -45.0000   45.0000 9709.0234   23.8518
   -7.5000  -37.5000   45.0000 9978.6084   23.8891
    0.0000  -37.5000   45.000010460.0098   23.9155
    7.5000  -37.5000   45.000010026.0146   23.9131
   -7.5000  -30.0000   45.000010626.9463   23.9053
    0.0000  -30.0000   45.000011130.9600   23.9348
    7.5000  -30.0000   45.000010673.7217   23.9221
   -7.5000  -22.5000   45.000011264.5020   23.8421
    0.0000  -22.5000   45.000011777.2891   23.8807
    7.5000  -22.5000   45.000011308.0928   23.8744
   -7.5000  -15.0000   45.000011824.8047   23.7680
    0.0000  -15.0000   45.000012327.2529   23.8135
    7.5000  -15.0000   45.000011861.1631   23.8197
   -7.5000   -7.5000   45.000012107.2393   23.7496
    0.0000   -7.5000   45.000012593.3457   23.7923
    7.5000   -7.5000   45.000012120.9141   23.8060
   -7.5000    0.0000   45.000012259.5166   23.8076
    0.0000    0.0000   45.000012741.5127   23.8403
    7.5000    0.0000   45.000012283.0537   23.8518
   -7.5000    7.5000   45.000011455.6504   23.8891
    0.0000    7.5000   45.000011906.2969   23.9155
    7.5000    7.5000   45.000011466.3984   23.9131
   -7.5000   15.0000   45.000010585.1191   23.9053
    0.0000   15.0000   45.000010999.0439   23.9348
    7.5000   15.0000   45.000010563.9492   23.9221
   -7.5000   22.5000   45.0000 9619.1406   23.8311
    0.0000   22.5000   45.0000 9999.4805   23.8696
    7.5000   22.5000   45.0000 9602.7725   23.8633
   -7.5000   30.0000   45.0000 8578.2695   23.4584
    0.0000   30.0000   45.0000 8899.8906   23.5033
    7.5000   30.0000   45.0000 8541.8369   23.5094
   -7.5000   37.5000   45.0000 7831.0635   23.4402
    0.0000   37.5000   45.0000 8127.9580   23.4824
    7.5000   37.5000   45.0000 7805.4487   23.4959
   -7.5000   45.0000   45.0000 6832.2686   23.1640
    0.0000   45.0000   45.0000 7088.5498   23.1958
    7.5000   45.0000   45.0000 6814.9111   23.2078

---------------------------------------------------------------------
imgreg_4dfp /opt/freesurfer/average/711-2C_as_mni_average_305 /opt/freesurfer/average/711-2B_as_mni_average_305_mask talsrcimg_g11 none talsrcimg_to_711-2C_as_mni_average_305_t4 4355
---------------------------------------------------------------------

freesurfer imgreg_4dfp.c
/opt/freesurfer/average/711-2C_as_mni_average_305.4dfp.img
       256       256       256         1
  1.000000  1.000000  1.000000
orientation T byte_order littleendian
Reading image: /opt/freesurfer/average/711-2C_as_mni_average_305.4dfp.img
dimensions:      256       256       256
mmppix:       1.0000   -1.0000   -1.0000
center:     128.0000 -129.0000 -129.0000
/opt/freesurfer/average/711-2B_as_mni_average_305_mask.4dfp.img
       256       256       256         1
  1.000000  1.000000  1.000000
orientation T byte_order littleendian
Reading mask: /opt/freesurfer/average/711-2B_as_mni_average_305_mask.4dfp.img (2306576 pixels)
talsrcimg_g11.4dfp.img
       256       256       256         1
  1.000000  1.000000  1.000000
orientation T byte_order littleendian
Reading image: talsrcimg_g11.4dfp.img
dimensions:      256       256       256
mmppix:       1.0000   -1.0000   -1.0000
center:     128.0000 -129.0000 -129.0000
rotation matrix determinant  1.000000
image alignment mode   4355 decimal     1103 hex
   -7.5000  -45.0000  -45.0000 2086.9248   21.8135
    0.0000  -45.0000  -45.0000 2101.8137   21.5337
    7.5000  -45.0000  -45.0000 2085.7622   21.8001
   -7.5000  -37.5000  -45.0000 2129.9492   20.6641
    0.0000  -37.5000  -45.0000 2150.5806   20.4294
    7.5000  -37.5000  -45.0000 2132.6619   20.6545
   -7.5000  -30.0000  -45.0000 2159.0081   19.9486
    0.0000  -30.0000  -45.0000 2182.3848   19.6309
    7.5000  -30.0000  -45.0000 2163.6968   19.8998
   -7.5000  -22.5000  -45.0000 2171.1248   19.5927
    0.0000  -22.5000  -45.0000 2189.6606   19.3193
    7.5000  -22.5000  -45.0000 2173.6089   19.5652
   -7.5000  -15.0000  -45.0000 2160.8281   19.7204
    0.0000  -15.0000  -45.0000 2181.4490   19.4217
    7.5000  -15.0000  -45.0000 2165.7842   19.6931
   -7.5000   -7.5000  -45.0000 2125.7205   20.3140
    0.0000   -7.5000  -45.0000 2149.7454   20.0155
    7.5000   -7.5000  -45.0000 2135.8564   20.2717
   -7.5000    0.0000  -45.0000 2074.6831   21.2515
    0.0000    0.0000  -45.0000 2101.2405   20.9215
    7.5000    0.0000  -45.0000 2086.4712   21.1859
   -7.5000    7.5000  -45.0000 2013.1660   22.5558
    0.0000    7.5000  -45.0000 2035.5643   22.2094
    7.5000    7.5000  -45.0000 2022.5375   22.4876
   -7.5000   15.0000  -45.0000 1929.3447   24.4035
    0.0000   15.0000  -45.0000 1949.1418   24.0497
    7.5000   15.0000  -45.0000 1934.7975   24.3943
   -7.5000   22.5000  -45.0000 1826.3082   27.1424
    0.0000   22.5000  -45.0000 1840.1448   26.7327
    7.5000   22.5000  -45.0000 1831.0427   27.1452
   -7.5000   30.0000  -45.0000 1706.7642   31.0122
    0.0000   30.0000  -45.0000 1723.2223   30.6444
    7.5000   30.0000  -45.0000 1713.5125   31.0550
   -7.5000   37.5000  -45.0000 1593.8281   36.5718
    0.0000   37.5000  -45.0000 1605.4691   36.0997
    7.5000   37.5000  -45.0000 1595.5070   36.5306
   -7.5000   45.0000  -45.0000 1470.3513   44.2042
    0.0000   45.0000  -45.0000 1482.8198   43.4564
    7.5000   45.0000  -45.0000 1471.7882   44.0489
   -7.5000  -45.0000  -37.5000 2186.2908   20.0233
    0.0000  -45.0000  -37.5000 2206.7314   19.8067
    7.5000  -45.0000  -37.5000 2186.9456   20.0199
   -7.5000  -37.5000  -37.5000 2228.2007   19.0209
    0.0000  -37.5000  -37.5000 2251.6748   18.8302
    7.5000  -37.5000  -37.5000 2233.0549   19.0418
   -7.5000  -30.0000  -37.5000 2256.6238   18.3994
    0.0000  -30.0000  -37.5000 2278.4939   18.1344
    7.5000  -30.0000  -37.5000 2260.0674   18.3727
   -7.5000  -22.5000  -37.5000 2271.6245   18.0791
    0.0000  -22.5000  -37.5000 2294.5142   17.8600
    7.5000  -22.5000  -37.5000 2274.5557   18.0728
   -7.5000  -15.0000  -37.5000 2262.3459   18.1625
    0.0000  -15.0000  -37.5000 2286.3428   17.9171
    7.5000  -15.0000  -37.5000 2270.2969   18.1569
   -7.5000   -7.5000  -37.5000 2228.1104   18.6499
    0.0000   -7.5000  -37.5000 2255.4519   18.3901
    7.5000   -7.5000  -37.5000 2239.6953   18.6209
   -7.5000    0.0000  -37.5000 2177.3872   19.5125
    0.0000    0.0000  -37.5000 2206.5815   19.2035
    7.5000    0.0000  -37.5000 2186.0007   19.4330
   -7.5000    7.5000  -37.5000 2106.3604   20.7512
    0.0000    7.5000  -37.5000 2133.5864   20.3958
    7.5000    7.5000  -37.5000 2112.7256   20.6460
   -7.5000   15.0000  -37.5000 2012.5529   22.4579
    0.0000   15.0000  -37.5000 2035.4464   22.0920
    7.5000   15.0000  -37.5000 2017.9579   22.4023
   -7.5000   22.5000  -37.5000 1903.8486   24.9120
    0.0000   22.5000  -37.5000 1921.6328   24.5213
    7.5000   22.5000  -37.5000 1908.0555   24.8132
   -7.5000   30.0000  -37.5000 1777.6803   28.4147
    0.0000   30.0000  -37.5000 1802.9260   28.0096
    7.5000   30.0000  -37.5000 1788.1534   28.3225
   -7.5000   37.5000  -37.5000 1659.1545   33.1766
    0.0000   37.5000  -37.5000 1672.9393   32.6846
    7.5000   37.5000  -37.5000 1663.6775   33.1190
   -7.5000   45.0000  -37.5000 1524.7455   39.8483
    0.0000   45.0000  -37.5000 1536.1862   39.2290
    7.5000   45.0000  -37.5000 1529.5886   39.6048
   -7.5000  -45.0000  -30.0000 2325.1580   19.0167
    0.0000  -45.0000  -30.0000 2347.3955   18.8458
    7.5000  -45.0000  -30.0000 2328.7639   19.0452
   -7.5000  -37.5000  -30.0000 2374.7869   18.1448
    0.0000  -37.5000  -30.0000 2392.6296   18.0237
    7.5000  -37.5000  -30.0000 2371.6973   18.1704
   -7.5000  -30.0000  -30.0000 2401.3337   17.5389
    0.0000  -30.0000  -30.0000 2424.0564   17.4020
    7.5000  -30.0000  -30.0000 2404.0864   17.5660
   -7.5000  -22.5000  -30.0000 2413.0115   17.3039
    0.0000  -22.5000  -30.0000 2443.1653   17.1531
    7.5000  -22.5000  -30.0000 2418.3694   17.3223
   -7.5000  -15.0000  -30.0000 2403.4766   17.3992
    0.0000  -15.0000  -30.0000 2435.1558   17.1911
    7.5000  -15.0000  -30.0000 2414.3379   17.3693
   -7.5000   -7.5000  -30.0000 2370.3545   17.8319
    0.0000   -7.5000  -30.0000 2403.2324   17.6069
    7.5000   -7.5000  -30.0000 2382.3984   17.7916
   -7.5000    0.0000  -30.0000 2318.8918   18.6329
    0.0000    0.0000  -30.0000 2347.6130   18.3831
    7.5000    0.0000  -30.0000 2326.5798   18.5860
   -7.5000    7.5000  -30.0000 2236.9294   19.8339
    0.0000    7.5000  -30.0000 2267.9353   19.5306
    7.5000    7.5000  -30.0000 2246.3513   19.7737
   -7.5000   15.0000  -30.0000 2134.3772   21.4926
    0.0000   15.0000  -30.0000 2157.8879   21.1603
    7.5000   15.0000  -30.0000 2138.5554   21.4243
   -7.5000   22.5000  -30.0000 2012.2557   23.7715
    0.0000   22.5000  -30.0000 2035.4619   23.4231
    7.5000   22.5000  -30.0000 2016.5378   23.6933
   -7.5000   30.0000  -30.0000 1884.1663   26.9710
    0.0000   30.0000  -30.0000 1914.3538   26.6311
    7.5000   30.0000  -30.0000 1894.7255   26.8903
   -7.5000   37.5000  -30.0000 1751.3949   31.3730
    0.0000   37.5000  -30.0000 1773.3077   30.9886
    7.5000   37.5000  -30.0000 1755.7869   31.3352
   -7.5000   45.0000  -30.0000 1617.1915   37.4242
    0.0000   45.0000  -30.0000 1631.2681   36.9375
    7.5000   45.0000  -30.0000 1618.7644   37.2082
   -7.5000  -45.0000  -22.5000 2436.1475   17.9166
    0.0000  -45.0000  -22.5000 2456.9661   17.7636
    7.5000  -45.0000  -22.5000 2434.6074   17.9526
   -7.5000  -37.5000  -22.5000 2493.8655   17.1005
    0.0000  -37.5000  -22.5000 2515.2358   16.9750
    7.5000  -37.5000  -22.5000 2490.4458   17.1073
   -7.5000  -30.0000  -22.5000 2528.8223   16.5537
    0.0000  -30.0000  -22.5000 2554.6565   16.4437
    7.5000  -30.0000  -22.5000 2529.1797   16.5488
   -7.5000  -22.5000  -22.5000 2538.6021   16.3917
    0.0000  -22.5000  -22.5000 2568.7778   16.2804
    7.5000  -22.5000  -22.5000 2543.5835   16.4128
   -7.5000  -15.0000  -22.5000 2529.0103   16.5441
    0.0000  -15.0000  -22.5000 2563.5532   16.3711
    7.5000  -15.0000  -22.5000 2542.2673   16.5227
   -7.5000   -7.5000  -22.5000 2493.4526   16.9725
    0.0000   -7.5000  -22.5000 2530.3723   16.7976
    7.5000   -7.5000  -22.5000 2505.4248   16.9377
   -7.5000    0.0000  -22.5000 2436.3589   17.7142
    0.0000    0.0000  -22.5000 2471.3525   17.5301
    7.5000    0.0000  -22.5000 2447.1707   17.6589
   -7.5000    7.5000  -22.5000 2348.3809   18.8381
    0.0000    7.5000  -22.5000 2381.6621   18.5948
    7.5000    7.5000  -22.5000 2359.3660   18.7669
   -7.5000   15.0000  -22.5000 2239.3945   20.3915
    0.0000   15.0000  -22.5000 2266.8040   20.1098
    7.5000   15.0000  -22.5000 2245.0532   20.3203
   -7.5000   22.5000  -22.5000 2104.0334   22.5682
    0.0000   22.5000  -22.5000 2127.5032   22.2285
    7.5000   22.5000  -22.5000 2110.0608   22.4671
   -7.5000   30.0000  -22.5000 1967.5925   25.5437
    0.0000   30.0000  -22.5000 1992.8654   25.1709
    7.5000   30.0000  -22.5000 1972.2455   25.4663
   -7.5000   37.5000  -22.5000 1829.1702   29.6443
    0.0000   37.5000  -22.5000 1848.4738   29.1718
    7.5000   37.5000  -22.5000 1832.3872   29.4978
   -7.5000   45.0000  -22.5000 1684.7985   35.1644
    0.0000   45.0000  -22.5000 1704.0189   34.6004
    7.5000   45.0000  -22.5000 1689.6335   34.9995
   -7.5000  -45.0000  -15.0000 2520.6550   16.8822
    0.0000  -45.0000  -15.0000 2541.7017   16.7484
    7.5000  -45.0000  -15.0000 2520.1235   16.9023
   -7.5000  -37.5000  -15.0000 2584.1292   16.1046
    0.0000  -37.5000  -15.0000 2606.0503   15.9611
    7.5000  -37.5000  -15.0000 2588.9497   16.0970
   -7.5000  -30.0000  -15.0000 2625.7075   15.6213
    0.0000  -30.0000  -15.0000 2655.3813   15.5138
    7.5000  -30.0000  -15.0000 2633.4417   15.5910
   -7.5000  -22.5000  -15.0000 2641.5530   15.5169
    0.0000  -22.5000  -15.0000 2680.6619   15.3967
    7.5000  -22.5000  -15.0000 2654.4927   15.4913
   -7.5000  -15.0000  -15.0000 2637.2307   15.7046
    0.0000  -15.0000  -15.0000 2677.0386   15.5576
    7.5000  -15.0000  -15.0000 2648.8081   15.6817
   -7.5000   -7.5000  -15.0000 2598.8250   16.1793
    0.0000   -7.5000  -15.0000 2642.0251   16.0314
    7.5000   -7.5000  -15.0000 2609.3154   16.1256
   -7.5000    0.0000  -15.0000 2527.1785   16.9008
    0.0000    0.0000  -15.0000 2568.9893   16.7095
    7.5000    0.0000  -15.0000 2543.7815   16.8259
   -7.5000    7.5000  -15.0000 2439.3049   17.8980
    0.0000    7.5000  -15.0000 2474.6641   17.6793
    7.5000    7.5000  -15.0000 2452.5430   17.8222
   -7.5000   15.0000  -15.0000 2320.0854   19.3838
    0.0000   15.0000  -15.0000 2348.1248   19.1247
    7.5000   15.0000  -15.0000 2328.3232   19.3064
   -7.5000   22.5000  -15.0000 2178.4153   21.3912
    0.0000   22.5000  -15.0000 2200.0942   21.0858
    7.5000   22.5000  -15.0000 2179.9941   21.3344
   -7.5000   30.0000  -15.0000 2029.4542   24.1370
    0.0000   30.0000  -15.0000 2046.8958   23.8124
    7.5000   30.0000  -15.0000 2031.5691   24.1109
   -7.5000   37.5000  -15.0000 1879.7036   27.9168
    0.0000   37.5000  -15.0000 1900.3208   27.4853
    7.5000   37.5000  -15.0000 1890.7529   27.8385
   -7.5000   45.0000  -15.0000 1732.3538   32.9932
    0.0000   45.0000  -15.0000 1753.3949   32.4924
    7.5000   45.0000  -15.0000 1743.4183   32.9662
   -7.5000  -45.0000   -7.5000 2591.2402   15.9678
    0.0000  -45.0000   -7.5000 2605.0710   15.7928
    7.5000  -45.0000   -7.5000 2590.5466   15.9901
   -7.5000  -37.5000   -7.5000 2667.4297   15.2365
    0.0000  -37.5000   -7.5000 2685.8955   15.0598
    7.5000  -37.5000   -7.5000 2672.0007   15.2317
   -7.5000  -30.0000   -7.5000 2716.0173   14.7913
    0.0000  -30.0000   -7.5000 2748.4819   14.6125
    7.5000  -30.0000   -7.5000 2722.5952   14.7715
   -7.5000  -22.5000   -7.5000 2739.1316   14.7426
    0.0000  -22.5000   -7.5000 2777.7451   14.5673
    7.5000  -22.5000   -7.5000 2747.5447   14.7303
   -7.5000  -15.0000   -7.5000 2733.4756   14.9490
    0.0000  -15.0000   -7.5000 2778.5767   14.7868
    7.5000  -15.0000   -7.5000 2743.7607   14.9428
   -7.5000   -7.5000   -7.5000 2688.5752   15.3974
    0.0000   -7.5000   -7.5000 2730.4177   15.2781
    7.5000   -7.5000   -7.5000 2701.4185   15.3979
   -7.5000    0.0000   -7.5000 2608.8672   16.0906
    0.0000    0.0000   -7.5000 2650.6250   15.9363
    7.5000    0.0000   -7.5000 2624.7302   16.0532
   -7.5000    7.5000   -7.5000 2509.3330   17.0371
    0.0000    7.5000   -7.5000 2545.0356   16.8547
    7.5000    7.5000   -7.5000 2520.5986   16.9810
   -7.5000   15.0000   -7.5000 2381.9741   18.4559
    0.0000   15.0000   -7.5000 2413.4751   18.2339
    7.5000   15.0000   -7.5000 2389.6316   18.3960
   -7.5000   22.5000   -7.5000 2230.9404   20.3793
    0.0000   22.5000   -7.5000 2259.1033   20.1259
    7.5000   22.5000   -7.5000 2237.3572   20.3014
   -7.5000   30.0000   -7.5000 2074.2815   22.9953
    0.0000   30.0000   -7.5000 2097.9265   22.7076
    7.5000   30.0000   -7.5000 2083.0227   22.9374
   -7.5000   37.5000   -7.5000 1914.2880   26.4582
    0.0000   37.5000   -7.5000 1942.0740   26.1011
    7.5000   37.5000   -7.5000 1926.8688   26.4041
   -7.5000   45.0000   -7.5000 1766.5331   31.1621
    0.0000   45.0000   -7.5000 1787.8834   30.6904
    7.5000   45.0000   -7.5000 1776.8688   31.0320
   -7.5000  -45.0000    0.0000 2636.5920   15.2891
    0.0000  -45.0000    0.0000 2653.0818   15.0131
    7.5000  -45.0000    0.0000 2637.7595   15.3095
   -7.5000  -37.5000    0.0000 2725.2163   14.6114
    0.0000  -37.5000    0.0000 2750.6108   14.3446
    7.5000  -37.5000    0.0000 2729.0840   14.6186
   -7.5000  -30.0000    0.0000 2792.5930   14.1720
    0.0000  -30.0000    0.0000 2831.6646   13.9082
    7.5000  -30.0000    0.0000 2797.0288   14.1644
   -7.5000  -22.5000    0.0000 2822.9431   14.1142
    0.0000  -22.5000    0.0000 2862.3884   13.9002
    7.5000  -22.5000    0.0000 2831.2471   14.1112
   -7.5000  -15.0000    0.0000 2807.9468   14.3250
    0.0000  -15.0000    0.0000 2853.2734   14.1297
    7.5000  -15.0000    0.0000 2820.0750   14.3265
   -7.5000   -7.5000    0.0000 2752.1960   14.7810
    0.0000   -7.5000    0.0000 2790.0984   14.6112
    7.5000   -7.5000    0.0000 2767.3955   14.7755
   -7.5000    0.0000    0.0000 2660.3218   15.4674
    0.0000    0.0000    0.0000 2702.8296   15.3200
    7.5000    0.0000    0.0000 2676.7068   15.4413
   -7.5000    7.5000    0.0000 2551.4873   16.4122
    0.0000    7.5000    0.0000 2586.2600   16.2560
    7.5000    7.5000    0.0000 2563.6733   16.3350
   -7.5000   15.0000    0.0000 2416.8591   17.7457
    0.0000   15.0000    0.0000 2450.9692   17.5704
    7.5000   15.0000    0.0000 2427.1414   17.6759
   -7.5000   22.5000    0.0000 2265.4048   19.5738
    0.0000   22.5000    0.0000 2295.6289   19.3793
    7.5000   22.5000    0.0000 2275.6777   19.5619
   -7.5000   30.0000    0.0000 2102.3044   22.0887
    0.0000   30.0000    0.0000 2131.1042   21.8098
    7.5000   30.0000    0.0000 2113.6248   22.0841
   -7.5000   37.5000    0.0000 1941.1515   25.4779
    0.0000   37.5000    0.0000 1967.2291   25.1165
    7.5000   37.5000    0.0000 1951.7062   25.4034
   -7.5000   45.0000    0.0000 1785.6124   29.9069
    0.0000   45.0000    0.0000 1804.6870   29.4721
    7.5000   45.0000    0.0000 1796.2926   29.8181
   -7.5000  -45.0000    7.5000 2663.0115   14.8865
    0.0000  -45.0000    7.5000 2683.9126   14.5434
    7.5000  -45.0000    7.5000 2666.0095   14.8871
   -7.5000  -37.5000    7.5000 2759.6604   14.2697
    0.0000  -37.5000    7.5000 2793.5608   13.9525
    7.5000  -37.5000    7.5000 2768.9932   14.2079
   -7.5000  -30.0000    7.5000 2838.8579   13.8525
    0.0000  -30.0000    7.5000 2889.2881   13.5494
    7.5000  -30.0000    7.5000 2848.2332   13.8105
   -7.5000  -22.5000    7.5000 2878.3015   13.6714
    0.0000  -22.5000    7.5000 2926.6462   13.4134
    7.5000  -22.5000    7.5000 2887.6726   13.6813
   -7.5000  -15.0000    7.5000 2852.7356   13.9085
    0.0000  -15.0000    7.5000 2898.3228   13.6925
    7.5000  -15.0000    7.5000 2867.3853   13.8743
   -7.5000   -7.5000    7.5000 2788.4932   14.3852
    0.0000   -7.5000    7.5000 2826.2908   14.2354
    7.5000   -7.5000    7.5000 2807.9170   14.3454
   -7.5000    0.0000    7.5000 2692.6292   15.1386
    0.0000    0.0000    7.5000 2729.5664   14.9891
    7.5000    0.0000    7.5000 2708.1628   15.1034
   -7.5000    7.5000    7.5000 2576.5442   16.1156
    0.0000    7.5000    7.5000 2604.7324   15.9180
    7.5000    7.5000    7.5000 2585.3254   16.0472
   -7.5000   15.0000    7.5000 2437.3315   17.4483
    0.0000   15.0000    7.5000 2463.6104   17.2306
    7.5000   15.0000    7.5000 2441.2300   17.3800
   -7.5000   22.5000    7.5000 2284.3816   19.2330
    0.0000   22.5000    7.5000 2314.5515   18.9773
    7.5000   22.5000    7.5000 2289.6653   19.1965
   -7.5000   30.0000    7.5000 2123.6482   21.6125
    0.0000   30.0000    7.5000 2150.5623   21.3258
    7.5000   30.0000    7.5000 2130.3660   21.6370
   -7.5000   37.5000    7.5000 1954.4204   24.7864
    0.0000   37.5000    7.5000 1980.6854   24.4347
    7.5000   37.5000    7.5000 1961.8292   24.7384
   -7.5000   45.0000    7.5000 1796.4670   28.9595
    0.0000   45.0000    7.5000 1814.0142   28.5081
    7.5000   45.0000    7.5000 1803.7479   28.9019
   -7.5000  -45.0000   15.0000 2667.5491   14.7252
    0.0000  -45.0000   15.0000 2694.6763   14.4099
    7.5000  -45.0000   15.0000 2678.8835   14.7196
   -7.5000  -37.5000   15.0000 2764.9529   14.1014
    0.0000  -37.5000   15.0000 2806.9553   13.8053
    7.5000  -37.5000   15.0000 2779.5317   14.0479
   -7.5000  -30.0000   15.0000 2844.1931   13.7121
    0.0000  -30.0000   15.0000 2902.8899   13.4571
    7.5000  -30.0000   15.0000 2858.7673   13.6458
   -7.5000  -22.5000   15.0000 2888.7292   13.6153
    0.0000  -22.5000   15.0000 2942.2583   13.2782
    7.5000  -22.5000   15.0000 2905.8335   13.5569
   -7.5000  -15.0000   15.0000 2868.9468   13.8097
    0.0000  -15.0000   15.0000 2913.0002   13.5363
    7.5000  -15.0000   15.0000 2883.1218   13.7832
   -7.5000   -7.5000   15.0000 2796.2856   14.3084
    0.0000   -7.5000   15.0000 2831.4668   14.0728
    7.5000   -7.5000   15.0000 2813.0518   14.2687
   -7.5000    0.0000   15.0000 2694.4263   15.0336
    0.0000    0.0000   15.0000 2730.5498   14.8047
    7.5000    0.0000   15.0000 2709.0066   14.9484
   -7.5000    7.5000   15.0000 2564.1619   16.0389
    0.0000    7.5000   15.0000 2594.2239   15.8086
    7.5000    7.5000   15.0000 2575.6313   15.9311
   -7.5000   15.0000   15.0000 2425.8103   17.3618
    0.0000   15.0000   15.0000 2450.6201   17.1249
    7.5000   15.0000   15.0000 2431.3911   17.2746
   -7.5000   22.5000   15.0000 2277.3679   19.1132
    0.0000   22.5000   15.0000 2302.0962   18.8905
    7.5000   22.5000   15.0000 2280.4556   19.0562
   -7.5000   30.0000   15.0000 2116.6819   21.4221
    0.0000   30.0000   15.0000 2143.1238   21.1926
    7.5000   30.0000   15.0000 2119.0610   21.4002
   -7.5000   37.5000   15.0000 1952.4592   24.5368
    0.0000   37.5000   15.0000 1974.9879   24.1732
    7.5000   37.5000   15.0000 1957.5808   24.4382
   -7.5000   45.0000   15.0000 1795.3011   28.7488
    0.0000   45.0000   15.0000 1811.0999   28.1939
    7.5000   45.0000   15.0000 1807.8202   28.5249
   -7.5000  -45.0000   22.5000 2648.6599   14.8796
    0.0000  -45.0000   22.5000 2688.1284   14.5625
    7.5000  -45.0000   22.5000 2670.4583   14.8271
   -7.5000  -37.5000   22.5000 2744.7290   14.2294
    0.0000  -37.5000   22.5000 2793.3684   13.9247
    7.5000  -37.5000   22.5000 2771.3694   14.1440
   -7.5000  -30.0000   22.5000 2823.8479   13.8235
    0.0000  -30.0000   22.5000 2873.2429   13.4926
    7.5000  -30.0000   22.5000 2843.5842   13.7377
   -7.5000  -22.5000   22.5000 2862.9792   13.7890
    0.0000  -22.5000   22.5000 2910.9485   13.5218
    7.5000  -22.5000   22.5000 2881.2446   13.7113
   -7.5000  -15.0000   22.5000 2832.1040   14.0394
    0.0000  -15.0000   22.5000 2881.0278   13.8157
    7.5000  -15.0000   22.5000 2852.8730   13.9811
   -7.5000   -7.5000   22.5000 2761.3911   14.4481
    0.0000   -7.5000   22.5000 2808.2495   14.2219
    7.5000   -7.5000   22.5000 2783.0361   14.4052
   -7.5000    0.0000   22.5000 2664.4846   15.1191
    0.0000    0.0000   22.5000 2706.2104   14.8640
    7.5000    0.0000   22.5000 2683.7615   15.0360
   -7.5000    7.5000   22.5000 2540.9358   16.1137
    0.0000    7.5000   22.5000 2572.2141   15.8516
    7.5000    7.5000   22.5000 2557.9158   15.9973
   -7.5000   15.0000   22.5000 2404.3115   17.4506
    0.0000   15.0000   22.5000 2431.1711   17.1834
    7.5000   15.0000   22.5000 2420.9336   17.3404
   -7.5000   22.5000   22.5000 2251.6047   19.2359
    0.0000   22.5000   22.5000 2274.3931   18.9467
    7.5000   22.5000   22.5000 2262.4175   19.1329
   -7.5000   30.0000   22.5000 2087.8315   21.5397
    0.0000   30.0000   22.5000 2115.4175   21.2035
    7.5000   30.0000   22.5000 2098.5159   21.4183
   -7.5000   37.5000   22.5000 1928.0802   24.5956
    0.0000   37.5000   22.5000 1949.0992   24.2287
    7.5000   37.5000   22.5000 1937.7421   24.4219
   -7.5000   45.0000   22.5000 1778.1932   28.6451
    0.0000   45.0000   22.5000 1797.4741   28.1862
    7.5000   45.0000   22.5000 1784.4457   28.4711
   -7.5000  -45.0000   30.0000 2609.9028   15.3598
    0.0000  -45.0000   30.0000 2653.6155   15.0698
    7.5000  -45.0000   30.0000 2639.7720   15.2984
   -7.5000  -37.5000   30.0000 2700.6909   14.6675
    0.0000  -37.5000   30.0000 2747.9407   14.3959
    7.5000  -37.5000   30.0000 2731.5466   14.5876
   -7.5000  -30.0000   30.0000 2773.4163   14.2370
    0.0000  -30.0000   30.0000 2815.2881   13.9995
    7.5000  -30.0000   30.0000 2793.5835   14.1832
   -7.5000  -22.5000   30.0000 2799.1492   14.1932
    0.0000  -22.5000   30.0000 2842.5989   13.9901
    7.5000  -22.5000   30.0000 2819.5068   14.1660
   -7.5000  -15.0000   30.0000 2766.9236   14.4013
    0.0000  -15.0000   30.0000 2813.3884   14.2507
    7.5000  -15.0000   30.0000 2788.8394   14.3960
   -7.5000   -7.5000   30.0000 2693.3870   14.8674
    0.0000   -7.5000   30.0000 2739.6094   14.6907
    7.5000   -7.5000   30.0000 2718.0491   14.8433
   -7.5000    0.0000   30.0000 2603.0222   15.5410
    0.0000    0.0000   30.0000 2638.9150   15.3575
    7.5000    0.0000   30.0000 2623.9475   15.4898
   -7.5000    7.5000   30.0000 2490.0354   16.5139
    0.0000    7.5000   30.0000 2521.8511   16.3186
    7.5000    7.5000   30.0000 2501.1206   16.4346
   -7.5000   15.0000   30.0000 2362.9700   17.8148
    0.0000   15.0000   30.0000 2392.9065   17.5871
    7.5000   15.0000   30.0000 2374.8455   17.7602
   -7.5000   22.5000   30.0000 2218.1982   19.5491
    0.0000   22.5000   30.0000 2241.0630   19.2954
    7.5000   22.5000   30.0000 2224.8938   19.5201
   -7.5000   30.0000   30.0000 2049.7581   21.8731
    0.0000   30.0000   30.0000 2077.0146   21.5732
    7.5000   30.0000   30.0000 2063.2759   21.8032
   -7.5000   37.5000   30.0000 1897.6958   24.9008
    0.0000   37.5000   30.0000 1917.8567   24.4629
    7.5000   37.5000   30.0000 1908.6233   24.7704
   -7.5000   45.0000   30.0000 1746.7983   28.9707
    0.0000   45.0000   30.0000 1760.6193   28.4186
    7.5000   45.0000   30.0000 1755.9585   28.7598
   -7.5000  -45.0000   37.5000 2560.4688   16.1054
    0.0000  -45.0000   37.5000 2608.1248   15.9264
    7.5000  -45.0000   37.5000 2589.8196   16.1217
   -7.5000  -37.5000   37.5000 2647.1172   15.3629
    0.0000  -37.5000   37.5000 2698.3579   15.1538
    7.5000  -37.5000   37.5000 2675.2361   15.3264
   -7.5000  -30.0000   37.5000 2713.7681   14.9098
    0.0000  -30.0000   37.5000 2756.8420   14.7212
    7.5000  -30.0000   37.5000 2731.5254   14.8755
   -7.5000  -22.5000   37.5000 2728.1431   14.8358
    0.0000  -22.5000   37.5000 2766.5293   14.6732
    7.5000  -22.5000   37.5000 2746.1443   14.8212
   -7.5000  -15.0000   37.5000 2690.2019   15.0565
    0.0000  -15.0000   37.5000 2724.4231   14.9020
    7.5000  -15.0000   37.5000 2709.8262   15.0492
   -7.5000   -7.5000   37.5000 2620.4268   15.4887
    0.0000   -7.5000   37.5000 2654.9111   15.3430
    7.5000   -7.5000   37.5000 2642.2859   15.5126
   -7.5000    0.0000   37.5000 2531.5920   16.1916
    0.0000    0.0000   37.5000 2561.0586   16.0192
    7.5000    0.0000   37.5000 2550.0686   16.2092
   -7.5000    7.5000   37.5000 2422.4258   17.2189
    0.0000    7.5000   37.5000 2456.0476   17.0325
    7.5000    7.5000   37.5000 2442.4978   17.1701
   -7.5000   15.0000   37.5000 2304.9958   18.5570
    0.0000   15.0000   37.5000 2329.5059   18.3221
    7.5000   15.0000   37.5000 2320.4456   18.4610
   -7.5000   22.5000   37.5000 2168.7161   20.2414
    0.0000   22.5000   37.5000 2185.6189   20.0099
    7.5000   22.5000   37.5000 2179.1152   20.2039
   -7.5000   30.0000   37.5000 2013.6337   22.5116
    0.0000   30.0000   37.5000 2033.7563   22.2801
    7.5000   30.0000   37.5000 2028.1462   22.5163
   -7.5000   37.5000   37.5000 1863.5063   25.5707
    0.0000   37.5000   37.5000 1876.3538   25.1932
    7.5000   37.5000   37.5000 1872.9570   25.5182
   -7.5000   45.0000   37.5000 1707.6493   29.6778
    0.0000   45.0000   37.5000 1720.8066   29.1737
    7.5000   45.0000   37.5000 1721.2230   29.5261
   -7.5000  -45.0000   45.0000 2499.6179   17.0700
    0.0000  -45.0000   45.0000 2542.4109   16.9286
    7.5000  -45.0000   45.0000 2524.3232   17.0613
   -7.5000  -37.5000   45.0000 2581.9187   16.2862
    0.0000  -37.5000   45.0000 2626.5481   16.1253
    7.5000  -37.5000   45.0000 2605.8889   16.2637
   -7.5000  -30.0000   45.0000 2635.2109   15.7876
    0.0000  -30.0000   45.0000 2672.8176   15.6312
    7.5000  -30.0000   45.0000 2650.8936   15.7690
   -7.5000  -22.5000   45.0000 2641.7949   15.6672
    0.0000  -22.5000   45.0000 2676.3723   15.4983
    7.5000  -22.5000   45.0000 2658.6760   15.6413
   -7.5000  -15.0000   45.0000 2604.9001   15.8656
    0.0000  -15.0000   45.0000 2630.4929   15.6934
    7.5000  -15.0000   45.0000 2618.4282   15.8567
   -7.5000   -7.5000   45.0000 2538.2109   16.3484
    0.0000   -7.5000   45.0000 2558.2100   16.1821
    7.5000   -7.5000   45.0000 2546.5430   16.3577
   -7.5000    0.0000   45.0000 2451.1680   17.1324
    0.0000    0.0000   45.0000 2470.9614   16.9255
    7.5000    0.0000   45.0000 2464.0793   17.0991
   -7.5000    7.5000   45.0000 2350.9478   18.1491
    0.0000    7.5000   45.0000 2373.2229   17.9259
    7.5000    7.5000   45.0000 2363.7224   18.0709
   -7.5000   15.0000   45.0000 2234.9695   19.5152
    0.0000   15.0000   45.0000 2259.3950   19.2645
    7.5000   15.0000   45.0000 2246.8677   19.3932
   -7.5000   22.5000   45.0000 2101.4023   21.2362
    0.0000   22.5000   45.0000 2128.2598   20.9663
    7.5000   22.5000   45.0000 2118.3655   21.1269
   -7.5000   30.0000   45.0000 1960.1735   23.5740
    0.0000   30.0000   45.0000 1977.9940   23.2959
    7.5000   30.0000   45.0000 1972.8510   23.5088
   -7.5000   37.5000   45.0000 1813.9348   26.6641
    0.0000   37.5000   45.0000 1831.8453   26.2578
    7.5000   37.5000   45.0000 1828.1575   26.5420
   -7.5000   45.0000   45.0000 1669.0895   30.8171
    0.0000   45.0000   45.0000 1683.3558   30.2564
    7.5000   45.0000   45.0000 1678.5754   30.5839

---------------------------------------------------------------------
imgreg_4dfp /opt/freesurfer/average/711-2C_as_mni_average_305 /opt/freesurfer/average/711-2B_as_mni_average_305_mask talsrcimg_g11 none talsrcimg_to_711-2C_as_mni_average_305_t4 1283
---------------------------------------------------------------------

freesurfer imgreg_4dfp.c
/opt/freesurfer/average/711-2C_as_mni_average_305.4dfp.img
       256       256       256         1
  1.000000  1.000000  1.000000
orientation T byte_order littleendian
Reading image: /opt/freesurfer/average/711-2C_as_mni_average_305.4dfp.img
dimensions:      256       256       256
mmppix:       1.0000   -1.0000   -1.0000
center:     128.0000 -129.0000 -129.0000
/opt/freesurfer/average/711-2B_as_mni_average_305_mask.4dfp.img
       256       256       256         1
  1.000000  1.000000  1.000000
orientation T byte_order littleendian
Reading mask: /opt/freesurfer/average/711-2B_as_mni_average_305_mask.4dfp.img (2306576 pixels)
talsrcimg_g11.4dfp.img
       256       256       256         1
  1.000000  1.000000  1.000000
orientation T byte_order littleendian
Reading image: talsrcimg_g11.4dfp.img
dimensions:      256       256       256
mmppix:       1.0000   -1.0000   -1.0000
center:     128.0000 -129.0000 -129.0000
rotation matrix determinant  1.000000
fimgreg.f
image alignment mode   1283 decimal      503 hex
parameters
    0.0000  -22.5000   15.0000    0.0000    0.0000    0.0000
eta,q 0.92518 13.21701
niter,ni,del,rscale     5    3   12.0000    1.2000
parameters
    0.8992  -22.0518   13.4800   -2.2646   -0.3389   -0.0943
eta,q 0.92567 13.09654
  0.0879  0.0842  0.0762  0.0756  0.0774  0.0792
  0.0798  0.0803  0.0759  0.0745  0.0761  0.0768
  0.0754  0.0768  0.0756  0.0744  0.0751  0.0747
  0.0748  0.0744  0.0744  0.0747  0.0744  0.0744
  0.0747  0.0747  0.0753  0.0759  0.0749  0.0754
  0.0767  0.0774  0.0775  0.0777  0.0766  0.0770
  0.0808  0.0827  0.0828  0.0801  0.0783  0.0793
niter,ni,del,rscale     4    3   12.0000    1.2000
parameters
    0.6571  -21.6255   12.9633   -2.3438   -0.3440   -0.0573
eta,q 0.92548 13.11388
  0.0836  0.0845  0.0782  0.0780  0.0781  0.0794
  0.0765  0.0781  0.0748  0.0754  0.0765  0.0771
  0.0742  0.0752  0.0750  0.0747  0.0755  0.0751
  0.0743  0.0742  0.0742  0.0745  0.0745  0.0745
  0.0760  0.0749  0.0741  0.0749  0.0749  0.0755
  0.0788  0.0775  0.0768  0.0762  0.0765  0.0770
  0.0839  0.0812  0.0799  0.0777  0.0783  0.0791
niter,ni,del,rscale     3    3   12.0000    1.2000
parameters
    0.7747  -21.6542   13.0979   -2.2338   -0.3840   -0.0617
eta,q 0.92552 13.11043
  0.0849  0.0830  0.0798  0.0783  0.0780  0.0793
  0.0777  0.0773  0.0752  0.0755  0.0764  0.0770
  0.0745  0.0750  0.0748  0.0747  0.0755  0.0750
  0.0745  0.0746  0.0746  0.0745  0.0745  0.0745
  0.0760  0.0757  0.0737  0.0749  0.0749  0.0755
  0.0784  0.0785  0.0761  0.0760  0.0765  0.0771
  0.0827  0.0822  0.0789  0.0776  0.0783  0.0792
niter,ni,del,rscale     2    3   12.0000    1.2000
parameters
    0.7570  -21.6793   13.0890   -2.2345   -0.3838   -0.0585
eta,q 0.92552 13.11002
  0.0844  0.0830  0.0794  0.0782  0.0780  0.0794
  0.0773  0.0774  0.0750  0.0755  0.0765  0.0770
  0.0744  0.0750  0.0749  0.0747  0.0755  0.0750
  0.0745  0.0745  0.0745  0.0745  0.0745  0.0745
  0.0761  0.0756  0.0738  0.0750  0.0748  0.0755
  0.0786  0.0784  0.0762  0.0761  0.0765  0.0771
  0.0831  0.0823  0.0790  0.0777  0.0782  0.0792
registration optimization eta report
parameter search radius
    6.0000    6.0000    6.0000    6.0000    6.0000    6.0000
100000*second partial in parameter space
       26.       23.       14.       10.       10.       13.
  0.0844  0.0830  0.0794  0.0782  0.0780  0.0794
  0.0773  0.0774  0.0750  0.0755  0.0765  0.0770
  0.0744  0.0750  0.0749  0.0747  0.0755  0.0750
  0.0745  0.0745  0.0745  0.0745  0.0745  0.0745
  0.0761  0.0756  0.0738  0.0750  0.0748  0.0755
  0.0786  0.0784  0.0762  0.0761  0.0765  0.0771
  0.0831  0.0823  0.0790  0.0777  0.0782  0.0792
    0.7570  -21.6793   13.0890   -2.2345   -0.3838   -0.0585
eta,q 0.92552 13.11002

---------------------------------------------------------------------
imgreg_4dfp /opt/freesurfer/average/711-2C_as_mni_average_305 /opt/freesurfer/average/711-2B_as_mni_average_305_mask talsrcimg_g11 none talsrcimg_to_711-2C_as_mni_average_305_t4 3335
---------------------------------------------------------------------

freesurfer imgreg_4dfp.c
/opt/freesurfer/average/711-2C_as_mni_average_305.4dfp.img
       256       256       256         1
  1.000000  1.000000  1.000000
orientation T byte_order littleendian
Reading image: /opt/freesurfer/average/711-2C_as_mni_average_305.4dfp.img
dimensions:      256       256       256
mmppix:       1.0000   -1.0000   -1.0000
center:     128.0000 -129.0000 -129.0000
/opt/freesurfer/average/711-2B_as_mni_average_305_mask.4dfp.img
       256       256       256         1
  1.000000  1.000000  1.000000
orientation T byte_order littleendian
Reading mask: /opt/freesurfer/average/711-2B_as_mni_average_305_mask.4dfp.img (2306576 pixels)
talsrcimg_g11.4dfp.img
       256       256       256         1
  1.000000  1.000000  1.000000
orientation T byte_order littleendian
Reading image: talsrcimg_g11.4dfp.img
dimensions:      256       256       256
mmppix:       1.0000   -1.0000   -1.0000
center:     128.0000 -129.0000 -129.0000
fimgreg.f
image alignment mode   3335 decimal      D07 hex
parameters
    0.7570  -21.6793   13.0890   -0.0023   -0.0761   -0.0783
    0.0759    0.6733   -0.1021    3.8983   -0.6699   -3.8989
eta,q 0.92673 13.23366
niter,ni,del,rscale     5    3    5.0000    1.2000
parameter  4  4.345912 ->  0.500000 qaram    1.1500
parameter  5  3.132898 ->  0.500000 qaram    1.1500
parameter  6  1.512099 ->  0.500000 qaram    1.1500
parameter 10  0.703855 ->  0.500000 qaram    1.1500
parameter 12  2.045861 ->  0.500000 qaram    1.1500
parameters
    0.5496  -21.1211   14.0348   -4.1423   -4.2161   -4.2183
    0.2034    1.0271   -1.2999   -0.2417    0.7124   -8.0389
eta,q 0.94409 12.24118
  0.0750  0.0754  0.0750  0.0632  0.0600  0.0567  0.0605  0.0615  0.0593  0.0576  0.0585  0.0553
  0.0739  0.0744  0.0743  0.0663  0.0620  0.0578  0.0594  0.0597  0.0587  0.0572  0.0579  0.0557
  0.0733  0.0736  0.0737  0.0695  0.0644  0.0602  0.0587  0.0588  0.0584  0.0575  0.0575  0.0564
  0.0733  0.0732  0.0732  0.0729  0.0672  0.0626  0.0584  0.0584  0.0584  0.0583  0.0573  0.0572
  0.0737  0.0732  0.0730  0.0769  0.0703  0.0658  0.0586  0.0586  0.0587  0.0597  0.0572  0.0581
  0.0745  0.0735  0.0730  0.0810  0.0736  0.0700  0.0593  0.0595  0.0593  0.0613  0.0574  0.0592
  0.0755  0.0740  0.0735  0.0855  0.0771  0.0746  0.0604  0.0609  0.0602  0.0633  0.0578  0.0603
niter,ni,del,rscale     7    3    5.0000    1.2000
parameter  4  1.733705 ->  0.500000 qaram    1.3225
parameter  5  1.160356 ->  0.500000 qaram    1.3225
parameter  6  0.960728 ->  0.500000 qaram    1.3225
parameter 12  1.003642 ->  0.500000 qaram    1.3225
parameters
    0.8141  -20.8585   13.3371   -8.9033   -8.9771   -8.9793
    0.9162    1.0206   -1.0731   -0.0230    0.9569  -12.7999
eta,q 0.95545 11.55934
  0.0585  0.0582  0.0567  0.0484  0.0464  0.0440  0.0482  0.0487  0.0470  0.0479  0.0461  0.0445
  0.0571  0.0571  0.0560  0.0496  0.0468  0.0450  0.0469  0.0469  0.0461  0.0465  0.0457  0.0445
  0.0562  0.0563  0.0557  0.0520  0.0481  0.0462  0.0459  0.0458  0.0456  0.0456  0.0455  0.0448
  0.0559  0.0559  0.0559  0.0557  0.0501  0.0471  0.0454  0.0454  0.0454  0.0454  0.0454  0.0454
  0.0560  0.0560  0.0565  0.0596  0.0531  0.0504  0.0455  0.0457  0.0455  0.0456  0.0454  0.0461
  0.0565  0.0565  0.0574  0.0640  0.0565  0.0542  0.0461  0.0469  0.0460  0.0464  0.0457  0.0470
  0.0575  0.0574  0.0584  0.0687  0.0601  0.0585  0.0474  0.0487  0.0468  0.0476  0.0460  0.0480
niter,ni,del,rscale     7    3    5.0000    1.2000
parameter  2 -0.863175 -> -0.500000 qaram    1.1500
parameter  3  1.319110 ->  0.500000 qaram    1.1500
parameter  5  0.516709 ->  0.500000 qaram    1.5209
parameter  6  0.622957 ->  0.500000 qaram    1.5209
parameter 10 -0.739064 -> -0.500000 qaram    1.3225
parameters
    0.6419  -19.4785   11.9571  -13.2832  -14.4522  -14.4545
    1.0565   -0.3563   -0.7063    4.7380    1.0716  -17.3810
eta,q 0.96238 10.91320
  0.0469  0.0491  0.0422  0.0430  0.0415  0.0396  0.0409  0.0409  0.0402  0.0440  0.0386  0.0380
  0.0455  0.0472  0.0423  0.0421  0.0409  0.0392  0.0401  0.0398  0.0396  0.0421  0.0382  0.0377
  0.0447  0.0457  0.0427  0.0416  0.0408  0.0398  0.0395  0.0392  0.0393  0.0405  0.0380  0.0377
  0.0446  0.0445  0.0435  0.0424  0.0417  0.0408  0.0393  0.0393  0.0391  0.0391  0.0379  0.0380
  0.0450  0.0438  0.0445  0.0450  0.0432  0.0421  0.0394  0.0400  0.0392  0.0382  0.0380  0.0385
  0.0461  0.0434  0.0455  0.0490  0.0459  0.0445  0.0399  0.0412  0.0395  0.0379  0.0382  0.0392
  0.0476  0.0433  0.0466  0.0537  0.0492  0.0486  0.0408  0.0428  0.0400  0.0383  0.0386  0.0400
niter,ni,del,rscale     7    3    5.0000    1.2000
parameter  2 -1.211588 -> -0.500000 qaram    1.3225
parameter  3  0.847759 ->  0.500000 qaram    1.3225
parameter 10 -0.772137 -> -0.500000 qaram    1.5209
parameters
    0.5439  -17.8915   10.3701  -13.0727  -16.3956  -16.2719
    0.8853   -0.3253   -0.6030   10.2131    1.8951  -20.4791
eta,q 0.96739 10.83714
  0.0398  0.0446  0.0344  0.0381  0.0370  0.0372  0.0362  0.0374  0.0356  0.0413  0.0338  0.0334
  0.0386  0.0419  0.0344  0.0365  0.0356  0.0359  0.0353  0.0359  0.0350  0.0387  0.0333  0.0328
  0.0378  0.0396  0.0347  0.0353  0.0347  0.0348  0.0347  0.0349  0.0347  0.0364  0.0330  0.0326
  0.0376  0.0376  0.0354  0.0344  0.0344  0.0345  0.0345  0.0345  0.0345  0.0345  0.0328  0.0328
  0.0380  0.0361  0.0364  0.0344  0.0352  0.0355  0.0347  0.0348  0.0346  0.0333  0.0329  0.0334
  0.0389  0.0352  0.0377  0.0356  0.0372  0.0368  0.0354  0.0359  0.0350  0.0328  0.0331  0.0341
  0.0402  0.0347  0.0392  0.0385  0.0405  0.0411  0.0364  0.0373  0.0356  0.0332  0.0335  0.0349
niter,ni,del,rscale     7    3    5.0000    1.2000
parameter  2 -0.984953 -> -0.500000 qaram    1.5209
parameter  3  0.556252 ->  0.500000 qaram    1.5209
parameters
    0.4918  -16.0665    8.5451  -12.6326  -18.6137  -17.4520
    1.0950   -0.2956   -1.0132   14.6899    1.8634  -24.2478
eta,q 0.97218 10.78928
  0.0352  0.0416  0.0299  0.0332  0.0318  0.0329  0.0313  0.0325  0.0306  0.0383  0.0290  0.0286
  0.0338  0.0380  0.0294  0.0316  0.0303  0.0310  0.0304  0.0308  0.0299  0.0348  0.0286  0.0280
  0.0329  0.0350  0.0295  0.0304  0.0295  0.0299  0.0297  0.0298  0.0295  0.0317  0.0282  0.0278
  0.0326  0.0326  0.0301  0.0294  0.0293  0.0294  0.0294  0.0294  0.0294  0.0294  0.0282  0.0282
  0.0330  0.0309  0.0312  0.0292  0.0302  0.0300  0.0296  0.0298  0.0296  0.0282  0.0283  0.0289
  0.0340  0.0299  0.0328  0.0303  0.0324  0.0315  0.0302  0.0308  0.0301  0.0286  0.0286  0.0299
  0.0354  0.0297  0.0348  0.0333  0.0358  0.0360  0.0311  0.0325  0.0309  0.0307  0.0290  0.0310
niter,ni,del,rscale     7    3    5.0000    1.2000
parameters
    0.5331  -14.3730    8.1157  -12.5387  -19.5664  -17.0596
    1.5652   -0.3678   -0.7401   16.7017    0.9461  -26.0116
eta,q 0.97362 10.80649
  0.0309  0.0379  0.0292  0.0305  0.0303  0.0321  0.0289  0.0303  0.0283  0.0347  0.0271  0.0276
  0.0293  0.0335  0.0277  0.0289  0.0284  0.0296  0.0279  0.0282  0.0275  0.0310  0.0267  0.0268
  0.0282  0.0301  0.0269  0.0277  0.0273  0.0278  0.0271  0.0270  0.0269  0.0283  0.0265  0.0264
  0.0278  0.0278  0.0268  0.0267  0.0267  0.0268  0.0268  0.0267  0.0267  0.0267  0.0265  0.0265
  0.0282  0.0268  0.0274  0.0266  0.0272  0.0269  0.0269  0.0272  0.0268  0.0267  0.0267  0.0270
  0.0292  0.0270  0.0287  0.0280  0.0291  0.0279  0.0275  0.0284  0.0273  0.0281  0.0270  0.0278
  0.0307  0.0283  0.0307  0.0312  0.0323  0.0324  0.0285  0.0303  0.0281  0.0305  0.0274  0.0287
niter,ni,del,rscale     6    3    5.0000    1.2000
parameters
    0.6318  -13.9638    8.0290  -12.4743  -19.9648  -17.1064
    1.5012   -0.1717   -0.4575   17.4219    0.4296  -26.2532
eta,q 0.97361 10.80222
  0.0297  0.0327  0.0295  0.0304  0.0303  0.0318  0.0285  0.0304  0.0280  0.0331  0.0272  0.0281
  0.0280  0.0293  0.0279  0.0288  0.0284  0.0293  0.0275  0.0282  0.0272  0.0297  0.0267  0.0272
  0.0268  0.0272  0.0267  0.0274  0.0271  0.0275  0.0267  0.0268  0.0266  0.0274  0.0264  0.0266
  0.0264  0.0264  0.0264  0.0264  0.0264  0.0264  0.0264  0.0264  0.0264  0.0264  0.0264  0.0264
  0.0267  0.0268  0.0268  0.0263  0.0266  0.0265  0.0266  0.0269  0.0265  0.0270  0.0266  0.0267
  0.0276  0.0281  0.0280  0.0279  0.0284  0.0280  0.0274  0.0280  0.0270  0.0288  0.0269  0.0273
  0.0292  0.0302  0.0298  0.0311  0.0315  0.0331  0.0286  0.0299  0.0278  0.0315  0.0273  0.0282
niter,ni,del,rscale     5    3    5.0000    1.2000
parameters
    0.6941  -13.7980    7.9654  -12.3923  -20.1854  -17.2126
    1.3805   -0.0253   -0.2065   17.6802    0.0881  -26.2519
eta,q 0.97356 10.79421
  0.0296  0.0318  0.0295  0.0305  0.0304  0.0317  0.0285  0.0305  0.0280  0.0326  0.0272  0.0282
  0.0279  0.0287  0.0279  0.0289  0.0284  0.0293  0.0275  0.0282  0.0272  0.0293  0.0268  0.0273
  0.0268  0.0269  0.0268  0.0275  0.0271  0.0275  0.0267  0.0268  0.0267  0.0271  0.0265  0.0266
  0.0264  0.0264  0.0264  0.0264  0.0264  0.0264  0.0264  0.0264  0.0264  0.0264  0.0264  0.0264
  0.0267  0.0270  0.0268  0.0263  0.0266  0.0265  0.0267  0.0269  0.0265  0.0272  0.0266  0.0267
  0.0277  0.0284  0.0280  0.0280  0.0283  0.0280  0.0275  0.0281  0.0270  0.0291  0.0269  0.0273
  0.0293  0.0306  0.0298  0.0312  0.0312  0.0332  0.0287  0.0300  0.0278  0.0318  0.0273  0.0282
niter,ni,del,rscale     4    3    5.0000    1.2000
parameters
    0.7350  -13.7182    7.9176  -12.3308  -20.3217  -17.3020
    1.2726    0.0635   -0.0368   17.7976   -0.1711  -26.1998
eta,q 0.97353 10.78728
  0.0296  0.0315  0.0295  0.0305  0.0305  0.0317  0.0285  0.0304  0.0279  0.0324  0.0273  0.0283
  0.0279  0.0285  0.0279  0.0289  0.0285  0.0293  0.0275  0.0282  0.0272  0.0291  0.0268  0.0273
  0.0268  0.0269  0.0268  0.0276  0.0272  0.0275  0.0268  0.0268  0.0267  0.0271  0.0265  0.0267
  0.0264  0.0264  0.0265  0.0264  0.0264  0.0265  0.0265  0.0265  0.0265  0.0265  0.0265  0.0265
  0.0268  0.0271  0.0268  0.0263  0.0266  0.0265  0.0267  0.0269  0.0266  0.0273  0.0266  0.0267
  0.0278  0.0286  0.0280  0.0281  0.0282  0.0280  0.0275  0.0282  0.0270  0.0292  0.0270  0.0273
  0.0294  0.0308  0.0298  0.0313  0.0311  0.0332  0.0288  0.0301  0.0279  0.0319  0.0273  0.0282
niter,ni,del,rscale     3    3    5.0000    1.2000
parameters
    0.7644  -13.6712    7.8846  -12.2950  -20.4163  -17.3713
    1.1950    0.1223    0.0917   17.8610   -0.3588  -26.1514
eta,q 0.97351 10.78119
  0.0296  0.0314  0.0295  0.0305  0.0305  0.0317  0.0286  0.0304  0.0279  0.0323  0.0273  0.0283
  0.0279  0.0285  0.0280  0.0289  0.0285  0.0293  0.0276  0.0282  0.0272  0.0291  0.0268  0.0273
  0.0268  0.0269  0.0269  0.0276  0.0272  0.0275  0.0268  0.0269  0.0267  0.0271  0.0266  0.0267
  0.0265  0.0265  0.0265  0.0265  0.0265  0.0265  0.0265  0.0265  0.0265  0.0265  0.0265  0.0265
  0.0268  0.0271  0.0268  0.0264  0.0266  0.0265  0.0267  0.0270  0.0266  0.0273  0.0267  0.0267
  0.0278  0.0286  0.0280  0.0281  0.0282  0.0280  0.0275  0.0282  0.0271  0.0292  0.0270  0.0273
  0.0294  0.0309  0.0297  0.0314  0.0311  0.0331  0.0288  0.0302  0.0279  0.0319  0.0273  0.0282
niter,ni,del,rscale     2    3    5.0000    1.2000
parameters
    0.7822  -13.6398    7.8608  -12.2730  -20.4805  -17.4221
    1.1434    0.1640    0.1745   17.9014   -0.4876  -26.1176
eta,q 0.97348 10.77685
  0.0296  0.0313  0.0296  0.0305  0.0305  0.0317  0.0286  0.0304  0.0279  0.0323  0.0274  0.0283
  0.0279  0.0285  0.0280  0.0290  0.0285  0.0293  0.0276  0.0282  0.0272  0.0291  0.0269  0.0273
  0.0268  0.0269  0.0269  0.0276  0.0272  0.0275  0.0268  0.0269  0.0267  0.0271  0.0266  0.0267
  0.0265  0.0265  0.0265  0.0265  0.0265  0.0265  0.0265  0.0265  0.0265  0.0265  0.0265  0.0265
  0.0269  0.0271  0.0269  0.0264  0.0266  0.0266  0.0267  0.0270  0.0266  0.0273  0.0267  0.0268
  0.0279  0.0287  0.0280  0.0282  0.0282  0.0280  0.0275  0.0283  0.0271  0.0293  0.0270  0.0273
  0.0295  0.0309  0.0297  0.0314  0.0311  0.0331  0.0288  0.0302  0.0279  0.0319  0.0274  0.0282
niter,ni,del,rscale     1    3    5.0000    1.2000
parameters
    0.7954  -13.6189    7.8459  -12.2563  -20.5266  -17.4539
    1.1049    0.1944    0.2355   17.9288   -0.5677  -26.0905
eta,q 0.97348 10.77386
  0.0296  0.0313  0.0296  0.0306  0.0305  0.0317  0.0286  0.0304  0.0279  0.0323  0.0274  0.0283
  0.0279  0.0284  0.0280  0.0290  0.0286  0.0293  0.0276  0.0282  0.0272  0.0291  0.0269  0.0273
  0.0268  0.0269  0.0269  0.0276  0.0272  0.0275  0.0268  0.0269  0.0267  0.0271  0.0266  0.0267
  0.0265  0.0265  0.0265  0.0265  0.0265  0.0265  0.0265  0.0265  0.0265  0.0265  0.0265  0.0265
  0.0269  0.0272  0.0269  0.0264  0.0266  0.0266  0.0267  0.0270  0.0266  0.0274  0.0267  0.0268
  0.0279  0.0287  0.0280  0.0282  0.0282  0.0279  0.0275  0.0283  0.0271  0.0293  0.0270  0.0274
  0.0295  0.0309  0.0297  0.0314  0.0310  0.0330  0.0288  0.0302  0.0280  0.0320  0.0273  0.0282
registration optimization eta report
parameter search radius
    2.4000    3.6501    3.6501    9.5220   10.9503   10.9503
    7.2000    7.2000    7.2000   10.9503    7.2000    9.5220
100000*second partial in parameter space
       52.       34.       23.        5.        4.        5.
        4.        7.        3.        5.        2.        2.
  0.0296  0.0313  0.0296  0.0306  0.0305  0.0317  0.0286  0.0304  0.0279  0.0323  0.0274  0.0283
  0.0279  0.0284  0.0280  0.0290  0.0286  0.0293  0.0276  0.0282  0.0272  0.0291  0.0269  0.0273
  0.0268  0.0269  0.0269  0.0276  0.0272  0.0275  0.0268  0.0269  0.0267  0.0271  0.0266  0.0267
  0.0265  0.0265  0.0265  0.0265  0.0265  0.0265  0.0265  0.0265  0.0265  0.0265  0.0265  0.0265
  0.0269  0.0272  0.0269  0.0264  0.0266  0.0266  0.0267  0.0270  0.0266  0.0274  0.0267  0.0268
  0.0279  0.0287  0.0280  0.0282  0.0282  0.0279  0.0275  0.0283  0.0271  0.0293  0.0270  0.0274
  0.0295  0.0309  0.0297  0.0314  0.0310  0.0330  0.0288  0.0302  0.0280  0.0320  0.0273  0.0282
    0.7954  -13.6189    7.8459  -12.2563  -20.5266  -17.4539
    1.1049    0.1944    0.2355   17.9288   -0.5677  -26.0905
eta,q 0.97348 10.77386

---------------------------------------------------------------------
imgreg_4dfp /opt/freesurfer/average/711-2C_as_mni_average_305 /opt/freesurfer/average/711-2B_as_mni_average_305_mask talsrcimg_g11 none talsrcimg_to_711-2C_as_mni_average_305_t4 2311
---------------------------------------------------------------------

freesurfer imgreg_4dfp.c
/opt/freesurfer/average/711-2C_as_mni_average_305.4dfp.img
       256       256       256         1
  1.000000  1.000000  1.000000
orientation T byte_order littleendian
Reading image: /opt/freesurfer/average/711-2C_as_mni_average_305.4dfp.img
dimensions:      256       256       256
mmppix:       1.0000   -1.0000   -1.0000
center:     128.0000 -129.0000 -129.0000
/opt/freesurfer/average/711-2B_as_mni_average_305_mask.4dfp.img
       256       256       256         1
  1.000000  1.000000  1.000000
orientation T byte_order littleendian
Reading mask: /opt/freesurfer/average/711-2B_as_mni_average_305_mask.4dfp.img (2306576 pixels)
talsrcimg_g11.4dfp.img
       256       256       256         1
  1.000000  1.000000  1.000000
orientation T byte_order littleendian
Reading image: talsrcimg_g11.4dfp.img
dimensions:      256       256       256
mmppix:       1.0000   -1.0000   -1.0000
center:     128.0000 -129.0000 -129.0000
fimgreg.f
image alignment mode   2311 decimal      907 hex
parameters
    0.7954  -13.6189    7.8459  -12.2563  -20.5266  -17.4539
    1.1049    0.1944    0.2355   17.9288   -0.5677  -26.0905
eta,q 0.97348 10.77386
niter,ni,del,rscale     5    3    5.0000    0.8000
parameters
    0.7853  -13.7827    7.8967  -10.7329  -19.3199  -15.8116
    1.0892    0.4117    0.1608   17.6728    0.2633  -26.1107
eta,q 0.97387 10.96697
  0.0279  0.0272  0.0272  0.0283  0.0275  0.0278  0.0273  0.0283  0.0269  0.0272  0.0268  0.0267
  0.0271  0.0268  0.0268  0.0276  0.0270  0.0271  0.0267  0.0271  0.0265  0.0266  0.0265  0.0264
  0.0267  0.0266  0.0266  0.0270  0.0266  0.0266  0.0263  0.0264  0.0262  0.0262  0.0262  0.0262
  0.0265  0.0265  0.0265  0.0265  0.0263  0.0262  0.0261  0.0261  0.0261  0.0261  0.0261  0.0261
  0.0267  0.0267  0.0266  0.0263  0.0262  0.0261  0.0263  0.0263  0.0262  0.0264  0.0261  0.0262
  0.0272  0.0270  0.0268  0.0264  0.0264  0.0263  0.0267  0.0269  0.0265  0.0268  0.0263  0.0264
  0.0279  0.0276  0.0271  0.0270  0.0268  0.0266  0.0274  0.0279  0.0269  0.0274  0.0265  0.0267
niter,ni,del,rscale     4    3    5.0000    0.7000
parameters
    0.6295  -13.9972    7.9324  -10.8947  -18.9139  -15.4659
    1.3630    0.1825   -0.1810   17.4707    0.9192  -26.2852
eta,q 0.97397 10.99650
  0.0270  0.0266  0.0267  0.0272  0.0269  0.0269  0.0271  0.0274  0.0266  0.0269  0.0266  0.0264
  0.0264  0.0263  0.0264  0.0266  0.0265  0.0265  0.0266  0.0266  0.0263  0.0264  0.0263  0.0262
  0.0262  0.0261  0.0261  0.0262  0.0263  0.0262  0.0262  0.0262  0.0261  0.0261  0.0261  0.0261
  0.0261  0.0261  0.0261  0.0261  0.0261  0.0261  0.0261  0.0261  0.0261  0.0260  0.0260  0.0260
  0.0263  0.0263  0.0261  0.0262  0.0261  0.0261  0.0261  0.0263  0.0262  0.0262  0.0260  0.0261
  0.0268  0.0266  0.0263  0.0266  0.0263  0.0263  0.0264  0.0268  0.0264  0.0265  0.0261  0.0263
  0.0275  0.0271  0.0266  0.0275  0.0267  0.0267  0.0269  0.0277  0.0268  0.0271  0.0263  0.0265
niter,ni,del,rscale     3    3    5.0000    0.6000
parameters
    0.5447  -14.0936    7.9461  -10.8498  -18.6268  -15.3546
    1.4912    0.0483   -0.4457   17.3791    1.3265  -26.3907
eta,q 0.97401 11.01852
  0.0268  0.0265  0.0264  0.0269  0.0266  0.0266  0.0267  0.0270  0.0264  0.0267  0.0264  0.0263
  0.0263  0.0262  0.0262  0.0264  0.0264  0.0263  0.0263  0.0264  0.0262  0.0263  0.0262  0.0261
  0.0261  0.0261  0.0261  0.0261  0.0262  0.0261  0.0261  0.0261  0.0260  0.0261  0.0261  0.0260
  0.0260  0.0260  0.0260  0.0260  0.0260  0.0260  0.0260  0.0260  0.0260  0.0260  0.0260  0.0260
  0.0262  0.0261  0.0261  0.0261  0.0260  0.0261  0.0261  0.0261  0.0261  0.0261  0.0260  0.0260
  0.0265  0.0264  0.0262  0.0263  0.0262  0.0262  0.0263  0.0265  0.0263  0.0264  0.0261  0.0262
  0.0270  0.0267  0.0264  0.0269  0.0265  0.0265  0.0266  0.0272  0.0266  0.0268  0.0262  0.0263
niter,ni,del,rscale     2    3    5.0000    0.5000
parameters
    0.4917  -14.1409    7.9337  -10.7752  -18.4176  -15.3249
    1.5558   -0.0151   -0.6182   17.3218    1.5537  -26.4799
eta,q 0.97402 11.03410
  0.0265  0.0264  0.0263  0.0266  0.0265  0.0264  0.0265  0.0267  0.0263  0.0265  0.0262  0.0262
  0.0262  0.0262  0.0261  0.0263  0.0262  0.0261  0.0262  0.0263  0.0261  0.0262  0.0261  0.0261
  0.0260  0.0260  0.0260  0.0261  0.0261  0.0260  0.0260  0.0261  0.0260  0.0260  0.0260  0.0260
  0.0260  0.0260  0.0260  0.0260  0.0260  0.0260  0.0260  0.0260  0.0260  0.0260  0.0260  0.0260
  0.0261  0.0261  0.0260  0.0260  0.0260  0.0260  0.0260  0.0261  0.0260  0.0261  0.0260  0.0260
  0.0263  0.0262  0.0261  0.0262  0.0261  0.0262  0.0262  0.0263  0.0262  0.0262  0.0261  0.0261
  0.0266  0.0265  0.0263  0.0266  0.0264  0.0263  0.0264  0.0268  0.0264  0.0265  0.0262  0.0262
niter,ni,del,rscale     1    3    5.0000    0.4000
parameters
    0.4603  -14.1675    7.9085  -10.7122  -18.2693  -15.3542
    1.5838   -0.0331   -0.7023   17.3074    1.6942  -26.5381
eta,q 0.97403 11.04422
  0.0263  0.0262  0.0262  0.0264  0.0263  0.0262  0.0263  0.0264  0.0262  0.0263  0.0261  0.0261
  0.0261  0.0261  0.0261  0.0262  0.0261  0.0261  0.0261  0.0262  0.0261  0.0261  0.0260  0.0260
  0.0260  0.0260  0.0260  0.0260  0.0260  0.0260  0.0260  0.0260  0.0260  0.0260  0.0260  0.0260
  0.0260  0.0260  0.0260  0.0260  0.0260  0.0260  0.0260  0.0260  0.0260  0.0260  0.0260  0.0260
  0.0260  0.0260  0.0260  0.0260  0.0260  0.0260  0.0260  0.0260  0.0260  0.0260  0.0260  0.0260
  0.0262  0.0261  0.0261  0.0261  0.0261  0.0261  0.0261  0.0262  0.0261  0.0261  0.0260  0.0260
  0.0264  0.0263  0.0262  0.0263  0.0262  0.0262  0.0263  0.0265  0.0262  0.0263  0.0261  0.0261
registration optimization eta report
parameter search radius
    0.8000    0.8000    0.8000    2.4000    2.4000    2.4000
    2.4000    2.4000    2.4000    2.4000    2.4000    2.4000
100000*second partial in parameter space
       59.       45.       30.        6.        5.        4.
        5.        8.        4.        6.        3.        3.
  0.0263  0.0262  0.0262  0.0264  0.0263  0.0262  0.0263  0.0264  0.0262  0.0263  0.0261  0.0261
  0.0261  0.0261  0.0261  0.0262  0.0261  0.0261  0.0261  0.0262  0.0261  0.0261  0.0260  0.0260
  0.0260  0.0260  0.0260  0.0260  0.0260  0.0260  0.0260  0.0260  0.0260  0.0260  0.0260  0.0260
  0.0260  0.0260  0.0260  0.0260  0.0260  0.0260  0.0260  0.0260  0.0260  0.0260  0.0260  0.0260
  0.0260  0.0260  0.0260  0.0260  0.0260  0.0260  0.0260  0.0260  0.0260  0.0260  0.0260  0.0260
  0.0262  0.0261  0.0261  0.0261  0.0261  0.0261  0.0261  0.0262  0.0261  0.0261  0.0260  0.0260
  0.0264  0.0263  0.0262  0.0263  0.0262  0.0262  0.0263  0.0265  0.0262  0.0263  0.0261  0.0261
    0.4603  -14.1675    7.9085  -10.7122  -18.2693  -15.3542
    1.5838   -0.0331   -0.7023   17.3074    1.6942  -26.5381
eta,q 0.97403 11.04422

---------------------------------------------------------------------
imgreg_4dfp /opt/freesurfer/average/711-2C_as_mni_average_305 /opt/freesurfer/average/711-2B_as_mni_average_305_mask talsrcimg_g11 none talsrcimg_to_711-2C_as_mni_average_305_t4 2311
---------------------------------------------------------------------

freesurfer imgreg_4dfp.c
/opt/freesurfer/average/711-2C_as_mni_average_305.4dfp.img
       256       256       256         1
  1.000000  1.000000  1.000000
orientation T byte_order littleendian
Reading image: /opt/freesurfer/average/711-2C_as_mni_average_305.4dfp.img
dimensions:      256       256       256
mmppix:       1.0000   -1.0000   -1.0000
center:     128.0000 -129.0000 -129.0000
/opt/freesurfer/average/711-2B_as_mni_average_305_mask.4dfp.img
       256       256       256         1
  1.000000  1.000000  1.000000
orientation T byte_order littleendian
Reading mask: /opt/freesurfer/average/711-2B_as_mni_average_305_mask.4dfp.img (2306576 pixels)
talsrcimg_g11.4dfp.img
       256       256       256         1
  1.000000  1.000000  1.000000
orientation T byte_order littleendian
Reading image: talsrcimg_g11.4dfp.img
dimensions:      256       256       256
mmppix:       1.0000   -1.0000   -1.0000
center:     128.0000 -129.0000 -129.0000
fimgreg.f
image alignment mode   2311 decimal      907 hex
parameters
    0.4603  -14.1675    7.9085  -10.7122  -18.2693  -15.3542
    1.5838   -0.0331   -0.7023   17.3074    1.6942  -26.5381
eta,q 0.97403 11.04423
niter,ni,del,rscale     5    3    5.0000    0.8000
parameters
    0.4615  -14.1477    7.8959  -11.1237  -18.6601  -15.4260
    1.6684   -0.1680   -0.6302   17.3504    1.6487  -26.5166
eta,q 0.97400 11.00550
  0.0275  0.0272  0.0267  0.0273  0.0269  0.0270  0.0272  0.0278  0.0269  0.0273  0.0265  0.0266
  0.0266  0.0265  0.0263  0.0266  0.0264  0.0265  0.0266  0.0268  0.0264  0.0266  0.0262  0.0263
  0.0261  0.0261  0.0261  0.0261  0.0261  0.0261  0.0262  0.0262  0.0261  0.0261  0.0261  0.0261
  0.0260  0.0260  0.0260  0.0260  0.0260  0.0260  0.0260  0.0260  0.0260  0.0260  0.0260  0.0260
  0.0262  0.0261  0.0261  0.0261  0.0261  0.0261  0.0261  0.0262  0.0261  0.0262  0.0261  0.0261
  0.0267  0.0265  0.0263  0.0268  0.0266  0.0264  0.0265  0.0269  0.0264  0.0266  0.0262  0.0263
  0.0275  0.0271  0.0267  0.0281  0.0274  0.0272  0.0271  0.0280  0.0268  0.0272  0.0265  0.0265
niter,ni,del,rscale     4    3    5.0000    0.7000
parameters
    0.4740  -14.1324    7.9461  -11.0161  -18.6278  -15.3283
    1.6424   -0.1306   -0.6228   17.3551    1.6115  -26.4852
eta,q 0.97400 11.01427
  0.0272  0.0269  0.0266  0.0272  0.0268  0.0268  0.0269  0.0275  0.0266  0.0270  0.0264  0.0264
  0.0265  0.0264  0.0263  0.0266  0.0264  0.0264  0.0264  0.0267  0.0263  0.0264  0.0262  0.0262
  0.0261  0.0261  0.0261  0.0262  0.0262  0.0261  0.0261  0.0262  0.0261  0.0261  0.0260  0.0260
  0.0260  0.0260  0.0260  0.0260  0.0260  0.0260  0.0260  0.0260  0.0260  0.0260  0.0260  0.0260
  0.0261  0.0261  0.0261  0.0260  0.0260  0.0261  0.0261  0.0261  0.0261  0.0261  0.0261  0.0261
  0.0265  0.0264  0.0262  0.0264  0.0263  0.0263  0.0264  0.0266  0.0263  0.0265  0.0262  0.0262
  0.0271  0.0268  0.0265  0.0272  0.0269  0.0268  0.0269  0.0275  0.0266  0.0270  0.0264  0.0264
niter,ni,del,rscale     3    3    5.0000    0.6000
parameters
    0.4688  -14.1432    7.9421  -10.8990  -18.5000  -15.2896
    1.6280   -0.0987   -0.6599   17.3305    1.6859  -26.5018
eta,q 0.97402 11.02701
  0.0268  0.0266  0.0264  0.0269  0.0266  0.0266  0.0266  0.0271  0.0265  0.0267  0.0263  0.0263
  0.0264  0.0263  0.0262  0.0264  0.0263  0.0262  0.0263  0.0265  0.0262  0.0263  0.0261  0.0261
  0.0261  0.0261  0.0260  0.0261  0.0261  0.0260  0.0261  0.0261  0.0260  0.0261  0.0260  0.0260
  0.0260  0.0260  0.0260  0.0260  0.0260  0.0260  0.0260  0.0260  0.0260  0.0260  0.0260  0.0260
  0.0261  0.0261  0.0260  0.0260  0.0260  0.0261  0.0261  0.0261  0.0260  0.0261  0.0260  0.0260
  0.0264  0.0263  0.0262  0.0263  0.0262  0.0262  0.0263  0.0264  0.0262  0.0263  0.0261  0.0261
  0.0268  0.0266  0.0264  0.0268  0.0266  0.0265  0.0267  0.0271  0.0265  0.0267  0.0263  0.0263
niter,ni,del,rscale     2    3    5.0000    0.5000
parameters
    0.4541  -14.1619    7.9202  -10.7965  -18.3528  -15.2847
    1.6217   -0.0808   -0.7155   17.3181    1.7318  -26.5338
eta,q 0.97402 11.03955
  0.0266  0.0264  0.0263  0.0266  0.0264  0.0264  0.0264  0.0267  0.0263  0.0265  0.0262  0.0262
  0.0262  0.0262  0.0261  0.0263  0.0262  0.0261  0.0262  0.0263  0.0261  0.0262  0.0261  0.0261
  0.0260  0.0260  0.0260  0.0261  0.0261  0.0260  0.0260  0.0261  0.0260  0.0260  0.0260  0.0260
  0.0260  0.0260  0.0260  0.0260  0.0260  0.0260  0.0260  0.0260  0.0260  0.0260  0.0260  0.0260
  0.0261  0.0260  0.0260  0.0260  0.0260  0.0260  0.0260  0.0260  0.0260  0.0260  0.0260  0.0260
  0.0263  0.0262  0.0261  0.0262  0.0261  0.0262  0.0262  0.0263  0.0261  0.0262  0.0261  0.0261
  0.0266  0.0264  0.0263  0.0266  0.0264  0.0263  0.0265  0.0267  0.0263  0.0265  0.0262  0.0262
niter,ni,del,rscale     1    3    5.0000    0.4000
parameters
    0.4436  -14.1768    7.9060  -10.7195  -18.2356  -15.3233
    1.6122   -0.0680   -0.7618   17.3050    1.7921  -26.5793
eta,q 0.97403 11.04754
  0.0263  0.0263  0.0262  0.0264  0.0263  0.0262  0.0263  0.0265  0.0262  0.0263  0.0261  0.0261
  0.0261  0.0261  0.0261  0.0262  0.0261  0.0261  0.0261  0.0262  0.0261  0.0261  0.0260  0.0260
  0.0260  0.0260  0.0260  0.0260  0.0260  0.0260  0.0260  0.0260  0.0260  0.0260  0.0260  0.0260
  0.0260  0.0260  0.0260  0.0260  0.0260  0.0260  0.0260  0.0260  0.0260  0.0260  0.0260  0.0260
  0.0260  0.0260  0.0260  0.0260  0.0260  0.0260  0.0260  0.0260  0.0260  0.0260  0.0260  0.0260
  0.0262  0.0261  0.0261  0.0261  0.0261  0.0261  0.0261  0.0262  0.0261  0.0261  0.0260  0.0260
  0.0264  0.0263  0.0262  0.0263  0.0262  0.0262  0.0263  0.0265  0.0262  0.0263  0.0261  0.0261
registration optimization eta report
parameter search radius
    0.8000    0.8000    0.8000    2.4000    2.4000    2.4000
    2.4000    2.4000    2.4000    2.4000    2.4000    2.4000
100000*second partial in parameter space
       60.       45.       30.        6.        5.        4.
        5.        8.        4.        6.        3.        3.
  0.0263  0.0263  0.0262  0.0264  0.0263  0.0262  0.0263  0.0265  0.0262  0.0263  0.0261  0.0261
  0.0261  0.0261  0.0261  0.0262  0.0261  0.0261  0.0261  0.0262  0.0261  0.0261  0.0260  0.0260
  0.0260  0.0260  0.0260  0.0260  0.0260  0.0260  0.0260  0.0260  0.0260  0.0260  0.0260  0.0260
  0.0260  0.0260  0.0260  0.0260  0.0260  0.0260  0.0260  0.0260  0.0260  0.0260  0.0260  0.0260
  0.0260  0.0260  0.0260  0.0260  0.0260  0.0260  0.0260  0.0260  0.0260  0.0260  0.0260  0.0260
  0.0262  0.0261  0.0261  0.0261  0.0261  0.0261  0.0261  0.0262  0.0261  0.0261  0.0260  0.0260
  0.0264  0.0263  0.0262  0.0263  0.0262  0.0262  0.0263  0.0265  0.0262  0.0263  0.0261  0.0261
    0.4436  -14.1768    7.9060  -10.7195  -18.2356  -15.3233
    1.6122   -0.0680   -0.7618   17.3050    1.7921  -26.5793
eta,q 0.97403 11.04754

---------------------------------------------------------------------
compute_vox2vox talsrcimg talsrcimg_to_711-2C_as_mni_average_305_t4 /opt/freesurfer/average/711-2C_as_mni_average_305
---------------------------------------------------------------------

freesurfer compute_vox2vox.c
Reading: talsrcimg.4dfp.ifh
Reading: talsrcimg_to_711-2C_as_mni_average_305_t4
Reading: /opt/freesurfer/average/711-2C_as_mni_average_305.4dfp.ifh
Writing: talsrcimg_to_711-2C_as_mni_average_305_t4_vox2vox.txt

start time Fri Mar 13 23:50:13 CET 2026
end		time Fri Mar 13 23:51:40 CET 2026

mpr2mni305 success

avi2talxfm orig_nu.mgz /opt/freesurfer/average/mni305.cor.mgz talsrcimg_to_711-2C_as_mni_average_305_t4_vox2vox.txt transforms/talairach.auto.xfm
avi2talxfm done
mv -f /out/sourcedata/freesurfer/sub-v2s8x29182_ses-1/mri/talsrcimg_to_711-2C_as_mni_average_305_t4_vox2vox.txt /out/sourcedata/freesurfer/sub-v2s8x29182_ses-1/mri/transforms/talsrcimg_to_711-2C_as_mni_average_305_t4_vox2vox.txt
lta_convert --src orig_nu.mgz --trg /opt/freesurfer/average/mni305.cor.mgz --inxfm transforms/talairach.auto.xfm --outlta transforms/talairach.auto.xfm.lta --subject fsaverage
7.3.2

--src: orig_nu.mgz src image (geometry).
--trg: /opt/freesurfer/average/mni305.cor.mgz trg image (geometry).
--inmni: transforms/talairach.auto.xfm input MNI/XFM transform.
--outlta: transforms/talairach.auto.xfm.lta output LTA.
--s: fsaverage subject name
 LTA read, type : 1
 1.11979   0.00507  -0.02043  -1.55087;
-0.01915   1.10731   0.36033  -4.98515;
 0.01449  -0.23431   1.14657   16.94453;
 0.00000   0.00000   0.00000   1.00000;
setting subject to fsaverage
Writing  LTA to file transforms/talairach.auto.xfm.lta...
lta_convert successful.
 
 
Started at Fri Mar 13 23:50:12 CET 2026
Ended   at Fri Mar 13 23:51:40 CET 2026
talairach_avi done
