status file for recon-all
Fri Mar 13 23:33:43 CET 2026
#@# MotionCor Fri Mar 13 23:33:44 CET 2026
#@# Talairach Fri Mar 13 23:33:50 CET 2026
#@# Talairach Failure Detection Fri Mar 13 23:36:42 CET 2026
#@# Nu Intensity Correction Fri Mar 13 23:36:42 CET 2026
#@# Intensity Normalization Fri Mar 13 23:39:27 CET 2026
recon-all -s sub-v2s8x29177_ses-1 finished without error at Fri Mar 13 23:40:27 CET 2026



#New# invocation of recon-all 



status file for recon-all
Fri Mar 13 23:46:18 CET 2026
#@# EM Registration Fri Mar 13 23:46:18 CET 2026
recon-all -s sub-v2s8x29177_ses-1 finished without error at Fri Mar 13 23:47:40 CET 2026



#New# invocation of recon-all 



status file for recon-all
Fri Mar 13 23:47:43 CET 2026
#@# CA Normalize Fri Mar 13 23:47:43 CET 2026
#@# CA Reg Fri Mar 13 23:48:37 CET 2026
#@# SubCort Seg Sat Mar 14 00:23:10 CET 2026
#@# CC Seg Sat Mar 14 00:43:29 CET 2026
#@# Merge ASeg Sat Mar 14 00:43:54 CET 2026
#@# Intensity Normalization2 Sat Mar 14 00:43:54 CET 2026
#@# Mask BFS Sat Mar 14 00:45:22 CET 2026
#@# WM Segmentation Sat Mar 14 00:45:22 CET 2026
#@# Fill Sat Mar 14 00:46:56 CET 2026
recon-all -s sub-v2s8x29177_ses-1 finished without error at Sat Mar 14 00:47:33 CET 2026



#New# invocation of recon-all 



status file for recon-all
Sat Mar 14 01:16:38 CET 2026
#@# white curv lh Sat Mar 14 01:16:38 CET 2026
#@# white area lh Sat Mar 14 01:16:38 CET 2026
#@# pial curv lh Sat Mar 14 01:16:38 CET 2026
#@# pial area lh Sat Mar 14 01:16:38 CET 2026
#@# thickness lh Sat Mar 14 01:16:38 CET 2026
#@# area and vertex vol lh Sat Mar 14 01:16:38 CET 2026
#@# white curv rh Sat Mar 14 01:16:38 CET 2026
#@# white area rh Sat Mar 14 01:16:38 CET 2026
#@# pial curv rh Sat Mar 14 01:16:38 CET 2026
#@# pial area rh Sat Mar 14 01:16:38 CET 2026
#@# thickness rh Sat Mar 14 01:16:38 CET 2026
#@# area and vertex vol rh Sat Mar 14 01:16:38 CET 2026
#@# Cortical ribbon mask Sat Mar 14 01:16:38 CET 2026
recon-all -s sub-v2s8x29177_ses-1 finished without error at Sat Mar 14 01:18:36 CET 2026



#New# invocation of recon-all 



status file for recon-all
Sat Mar 14 01:22:54 CET 2026
#@# white curv lh Sat Mar 14 01:22:54 CET 2026
#@# white area lh Sat Mar 14 01:22:54 CET 2026
#@# pial curv lh Sat Mar 14 01:22:54 CET 2026
#@# pial area lh Sat Mar 14 01:22:54 CET 2026
#@# thickness lh Sat Mar 14 01:22:54 CET 2026
#@# area and vertex vol lh Sat Mar 14 01:22:54 CET 2026
#@# white curv rh Sat Mar 14 01:22:54 CET 2026
#@# white area rh Sat Mar 14 01:22:54 CET 2026
#@# pial curv rh Sat Mar 14 01:22:54 CET 2026
#@# pial area rh Sat Mar 14 01:22:54 CET 2026
#@# thickness rh Sat Mar 14 01:22:54 CET 2026
#@# area and vertex vol rh Sat Mar 14 01:22:54 CET 2026
#@# Curvature Stats lh Sat Mar 14 01:22:54 CET 2026
#@# Curvature Stats rh Sat Mar 14 01:22:56 CET 2026
#@# Relabel Hypointensities Sat Mar 14 01:22:57 CET 2026
#@# APas-to-ASeg Sat Mar 14 01:23:07 CET 2026
#@# AParc-to-ASeg aparc Sat Mar 14 01:23:12 CET 2026
#@# AParc-to-ASeg aparc.a2009s Sat Mar 14 01:23:37 CET 2026
#@# AParc-to-ASeg aparc.DKTatlas Sat Mar 14 01:24:03 CET 2026
#@# WMParc Sat Mar 14 01:24:26 CET 2026
#@# ASeg Stats Sat Mar 14 01:26:14 CET 2026
recon-all -s sub-v2s8x29177_ses-1 finished without error at Sat Mar 14 01:26:32 CET 2026
