status file for recon-all
Sat Mar 14 01:02:02 CET 2026
#@# Tessellate rh Sat Mar 14 01:02:02 CET 2026
#@# Smooth1 rh Sat Mar 14 01:02:05 CET 2026
#@# Inflation1 rh Sat Mar 14 01:02:07 CET 2026
#@# QSphere rh Sat Mar 14 01:02:13 CET 2026
#@# Fix Topology rh Sat Mar 14 01:02:50 CET 2026
#@# Smooth2 rh Sat Mar 14 01:06:44 CET 2026
#@# Inflation2 rh Sat Mar 14 01:06:45 CET 2026
#@# Curv .H and .K rh Sat Mar 14 01:06:53 CET 2026
#@# Sphere rh Sat Mar 14 01:07:27 CET 2026
#@# Surf Reg rh Sat Mar 14 01:09:20 CET 2026
#@# Jacobian white rh Sat Mar 14 01:11:26 CET 2026
#@# AvgCurv rh Sat Mar 14 01:11:27 CET 2026
#@# Cortical Parc rh Sat Mar 14 01:11:27 CET 2026
#@# white curv rh Sat Mar 14 01:15:49 CET 2026
#@# white area rh Sat Mar 14 01:15:50 CET 2026
#@# pial curv rh Sat Mar 14 01:15:50 CET 2026
#@# pial area rh Sat Mar 14 01:15:51 CET 2026
#@# thickness rh Sat Mar 14 01:15:52 CET 2026
#@# area and vertex vol rh Sat Mar 14 01:16:12 CET 2026
#@# Curvature Stats rh Sat Mar 14 01:16:13 CET 2026
#@# Cortical Parc 2 rh Sat Mar 14 01:16:14 CET 2026
#@# Cortical Parc 3 rh Sat Mar 14 01:16:23 CET 2026
#@# WM/GM Contrast rh Sat Mar 14 01:16:31 CET 2026
recon-all -s sub-v2s8x29177_ses-1 finished without error at Sat Mar 14 01:16:33 CET 2026



#New# invocation of recon-all 



status file for recon-all
Sat Mar 14 01:20:48 CET 2026
#@# white curv rh Sat Mar 14 01:20:48 CET 2026
#@# white area rh Sat Mar 14 01:20:48 CET 2026
#@# pial curv rh Sat Mar 14 01:20:48 CET 2026
#@# pial area rh Sat Mar 14 01:20:48 CET 2026
#@# thickness rh Sat Mar 14 01:20:48 CET 2026
#@# area and vertex vol rh Sat Mar 14 01:20:48 CET 2026
#@# Parcellation Stats rh Sat Mar 14 01:20:48 CET 2026
#@# Parcellation Stats 2 rh Sat Mar 14 01:21:00 CET 2026
#@# Parcellation Stats 3 rh Sat Mar 14 01:21:06 CET 2026
#@# BA_exvivo Labels rh Sat Mar 14 01:21:12 CET 2026
recon-all -s sub-v2s8x29177_ses-1 finished without error at Sat Mar 14 01:22:50 CET 2026
