status file for recon-all
Sat Mar 14 01:20:00 CET 2026
#@# Tessellate lh Sat Mar 14 01:20:00 CET 2026
#@# Smooth1 lh Sat Mar 14 01:20:03 CET 2026
#@# Inflation1 lh Sat Mar 14 01:20:05 CET 2026
#@# QSphere lh Sat Mar 14 01:20:17 CET 2026
#@# Fix Topology lh Sat Mar 14 01:21:05 CET 2026
#@# Smooth2 lh Sat Mar 14 01:29:26 CET 2026
#@# Inflation2 lh Sat Mar 14 01:29:28 CET 2026
#@# Curv .H and .K lh Sat Mar 14 01:29:40 CET 2026
#@# Sphere lh Sat Mar 14 01:30:18 CET 2026
#@# Surf Reg lh Sat Mar 14 01:32:07 CET 2026
#@# Jacobian white lh Sat Mar 14 01:35:47 CET 2026
#@# AvgCurv lh Sat Mar 14 01:35:48 CET 2026
#@# Cortical Parc lh Sat Mar 14 01:35:49 CET 2026
#@# white curv lh Sat Mar 14 01:40:56 CET 2026
#@# white area lh Sat Mar 14 01:40:57 CET 2026
#@# pial curv lh Sat Mar 14 01:40:58 CET 2026
#@# pial area lh Sat Mar 14 01:40:59 CET 2026
#@# thickness lh Sat Mar 14 01:41:00 CET 2026
#@# area and vertex vol lh Sat Mar 14 01:41:21 CET 2026
#@# Curvature Stats lh Sat Mar 14 01:41:22 CET 2026
#@# Cortical Parc 2 lh Sat Mar 14 01:41:24 CET 2026
#@# Cortical Parc 3 lh Sat Mar 14 01:41:34 CET 2026
#@# WM/GM Contrast lh Sat Mar 14 01:41:41 CET 2026
recon-all -s sub-v2s8x29185_ses-1 finished without error at Sat Mar 14 01:41:44 CET 2026



#New# invocation of recon-all 



status file for recon-all
Sat Mar 14 02:04:15 CET 2026
#@# white curv lh Sat Mar 14 02:04:15 CET 2026
#@# white area lh Sat Mar 14 02:04:15 CET 2026
#@# pial curv lh Sat Mar 14 02:04:15 CET 2026
#@# pial area lh Sat Mar 14 02:04:15 CET 2026
#@# thickness lh Sat Mar 14 02:04:15 CET 2026
#@# area and vertex vol lh Sat Mar 14 02:04:15 CET 2026
#@# Parcellation Stats lh Sat Mar 14 02:04:15 CET 2026
#@# Parcellation Stats 2 lh Sat Mar 14 02:04:30 CET 2026
#@# Parcellation Stats 3 lh Sat Mar 14 02:04:38 CET 2026
#@# BA_exvivo Labels lh Sat Mar 14 02:04:46 CET 2026
recon-all -s sub-v2s8x29185_ses-1 finished without error at Sat Mar 14 02:06:56 CET 2026
