/out/sourcedata/freesurfer/sub-v2s8x29210_ses-1/mri
/opt/freesurfer/bin/talairach_avi
--i orig_nu.mgz --xfm transforms/talairach.auto.xfm
talairach_avi 7.3.2
Linux dna075 5.14.0-427.37.1.el9_4.x86_64 #1 SMP PREEMPT_DYNAMIC Fri Sep 13 12:41:50 EDT 2024 x86_64 x86_64 x86_64 GNU/Linux
Sat Mar 14 01:07:59 CET 2026
mri_convert orig_nu.mgz talsrcimg.img 
reading from orig_nu.mgz...
TR=0.00, TE=0.00, TI=0.00, flip angle=0.00
i_ras = (-1, 0, 0)
j_ras = (0, 0, -1)
k_ras = (0, 1, 0)
writing to talsrcimg.img...
Analyze Output Matrix
-1.00000   0.00000   0.00000   125.32777;
 0.00000   0.00000   1.00000  -128.00000;
 0.00000  -1.00000   0.00000   129.27710;
 0.00000   0.00000   0.00000   1.00000;
--------------------
INFO: set hdr.hist.orient to -1
mpr2mni305 talsrcimg
Sat Mar 14 01:07:59 CET 2026
/opt/freesurfer/bin/mpr2mni305 talsrcimg
mpr2mni305 7.3.2
target=711-2C_as_mni_average_305

---------------------------------------------------------------------
analyzeto4dfp talsrcimg -O0 -y
---------------------------------------------------------------------

freesurfer ifh2hdr.c
Sat Mar 14 01:08:00 2026
Writing: talsrcimg.4dfp.hdr
freesurfer analyzeto4dfp.c
Reading: talsrcimg.hdr
header size 348 bytes
hdr.dime.datatype	offset=70	value=2
hdr.dime.bitpix		offset=72	value=8
hdr.hist.orient		offset=252	value=-1
dimensionality     4
dimensions       256       256       256         1
Reading: talsrcimg.img
Writing: talsrcimg.4dfp.img
Writing: talsrcimg.4dfp.ifh
ifh2hdr talsrcimg -r0to220
ori=2

---------------------------------------------------------------------
gauss_4dfp talsrcimg 1.1
---------------------------------------------------------------------

freesurfer gauss_4dfp.c
Reading: talsrcimg.4dfp.img
Writing: talsrcimg_g11.4dfp.img
image dimensions 256 256 256 padded to 288 288 288
processing volume 1freesurfer ifh2hdr.c
Sat Mar 14 01:08:01 2026
Writing: talsrcimg_g11.4dfp.hdr

Writing: talsrcimg_g11.4dfp.ifh
including: talsrcimg.4dfp.img.rec in talsrcimg_g11.4dfp.img.rec

---------------------------------------------------------------------
imgreg_4dfp /opt/freesurfer/average/711-2C_as_mni_average_305 none talsrcimg_g11 none talsrcimg_to_711-2C_as_mni_average_305_t4 4355
---------------------------------------------------------------------

freesurfer imgreg_4dfp.c
/opt/freesurfer/average/711-2C_as_mni_average_305.4dfp.img
       256       256       256         1
  1.000000  1.000000  1.000000
orientation T byte_order littleendian
Reading image: /opt/freesurfer/average/711-2C_as_mni_average_305.4dfp.img
dimensions:      256       256       256
mmppix:       1.0000   -1.0000   -1.0000
center:     128.0000 -129.0000 -129.0000
talsrcimg_g11.4dfp.img
       256       256       256         1
  1.000000  1.000000  1.000000
orientation T byte_order littleendian
Reading image: talsrcimg_g11.4dfp.img
dimensions:      256       256       256
mmppix:       1.0000   -1.0000   -1.0000
center:     128.0000 -129.0000 -129.0000
t4_read: open error in t4_sub.f l:  41 t4_file(1:l)talsrcimg_to_711-2C_as_mni_average_305_t4 
t4_read: transform initialized to I4
rotation matrix determinant  1.000000
image alignment mode   4355 decimal     1103 hex
   -7.5000  -45.0000  -45.0000 7155.9272   21.0847
    0.0000  -45.0000  -45.0000 7455.0596   21.0820
    7.5000  -45.0000  -45.0000 7187.1069   21.1040
   -7.5000  -37.5000  -45.0000 7754.4360   20.9872
    0.0000  -37.5000  -45.0000 8088.3540   20.9837
    7.5000  -37.5000  -45.0000 7792.5630   21.0086
   -7.5000  -30.0000  -45.0000 8685.1035   20.9078
    0.0000  -30.0000  -45.0000 9067.7930   20.8972
    7.5000  -30.0000  -45.0000 8691.3760   20.9210
   -7.5000  -22.5000  -45.0000 9555.6357   20.8668
    0.0000  -22.5000  -45.0000 9971.6113   20.8502
    7.5000  -22.5000  -45.0000 9569.1123   20.8680
   -7.5000  -15.0000  -45.000010332.8770   20.8557
    0.0000  -15.0000  -45.000010780.1260   20.8388
    7.5000  -15.0000  -45.000010339.3516   20.8525
   -7.5000   -7.5000  -45.000011048.1035   20.8603
    0.0000   -7.5000  -45.000011536.5127   20.8489
    7.5000   -7.5000  -45.000011045.8486   20.8651
   -7.5000    0.0000  -45.000011646.7178   20.8566
    0.0000    0.0000  -45.000012185.1113   20.8524
    7.5000    0.0000  -45.000011631.9570   20.8732
   -7.5000    7.5000  -45.000011396.4814   20.8373
    0.0000    7.5000  -45.000011909.6689   20.8330
    7.5000    7.5000  -45.000011342.5654   20.8570
   -7.5000   15.0000  -45.000011075.2979   20.8197
    0.0000   15.0000  -45.000011554.7021   20.8087
    7.5000   15.0000  -45.000010995.7002   20.8319
   -7.5000   22.5000  -45.000010628.4824   20.8230
    0.0000   22.5000  -45.000011088.5254   20.8064
    7.5000   22.5000  -45.000010555.2246   20.8238
   -7.5000   30.0000  -45.000010034.3408   20.5693
    0.0000   30.0000  -45.000010463.9629   20.5525
    7.5000   30.0000  -45.0000 9955.8799   20.5659
   -7.5000   37.5000  -45.0000 9711.5479   20.5823
    0.0000   37.5000  -45.000010128.3535   20.5710
    7.5000   37.5000  -45.0000 9617.0586   20.5870
   -7.5000   45.0000  -45.0000 9016.6953   20.0570
    0.0000   45.0000  -45.0000 9365.9072   20.0529
    7.5000   45.0000  -45.0000 8890.1279   20.0729
   -7.5000  -45.0000  -37.5000 7637.8799   21.0468
    0.0000  -45.0000  -37.5000 7964.0952   21.0523
    7.5000  -45.0000  -37.5000 7655.3350   21.0762
   -7.5000  -37.5000  -37.5000 8281.5674   20.9658
    0.0000  -37.5000  -37.5000 8663.7793   20.9691
    7.5000  -37.5000  -37.5000 8317.2295   20.9951
   -7.5000  -30.0000  -37.5000 9247.4619   20.8928
    0.0000  -30.0000  -37.5000 9685.1016   20.8909
    7.5000  -30.0000  -37.5000 9270.0557   20.9152
   -7.5000  -22.5000  -37.500010174.8672   20.8411
    0.0000  -22.5000  -37.500010645.4277   20.8370
    7.5000  -22.5000  -37.500010180.0889   20.8558
   -7.5000  -15.0000  -37.500011031.2061   20.8141
    0.0000  -15.0000  -37.500011519.5674   20.8117
    7.5000  -15.0000  -37.500011003.5547   20.8283
   -7.5000   -7.5000  -37.500011762.8047   20.8136
    0.0000   -7.5000  -37.500012316.5166   20.8145
    7.5000   -7.5000  -37.500011748.9170   20.8338
   -7.5000    0.0000  -37.500012392.7695   20.8193
    0.0000    0.0000  -37.500012973.1211   20.8232
    7.5000    0.0000  -37.500012324.6396   20.8460
   -7.5000    7.5000  -37.500012104.8135   20.8158
    0.0000    7.5000  -37.500012660.4941   20.8182
    7.5000    7.5000  -37.500012003.9570   20.8434
   -7.5000   15.0000  -37.500011741.3389   20.8048
    0.0000   15.0000  -37.500012242.3701   20.8025
    7.5000   15.0000  -37.500011612.0576   20.8261
   -7.5000   22.5000  -37.500011254.6348   20.7974
    0.0000   22.5000  -37.500011709.7471   20.7932
    7.5000   22.5000  -37.500011138.8203   20.8116
   -7.5000   30.0000  -37.500010642.0947   20.5282
    0.0000   30.0000  -37.500011062.4150   20.5257
    7.5000   30.0000  -37.500010514.3633   20.5420
   -7.5000   37.5000  -37.500010284.6172   20.5361
    0.0000   37.5000  -37.500010703.2275   20.5371
    7.5000   37.5000  -37.500010142.5479   20.5561
   -7.5000   45.0000  -37.5000 9504.1885   20.0212
    0.0000   45.0000  -37.5000 9900.7256   20.0249
    7.5000   45.0000  -37.5000 9368.3271   20.0468
   -7.5000  -45.0000  -30.0000 8277.6426   21.9030
    0.0000  -45.0000  -30.0000 8632.0820   21.9265
    7.5000  -45.0000  -30.0000 8287.4199   21.9491
   -7.5000  -37.5000  -30.0000 8971.4785   21.8297
    0.0000  -37.5000  -30.0000 9392.4297   21.8502
    7.5000  -37.5000  -30.0000 8990.2715   21.8761
   -7.5000  -30.0000  -30.000010014.9951   21.7549
    0.0000  -30.0000  -30.000010479.2676   21.7733
    7.5000  -30.0000  -30.000010006.7832   21.8009
   -7.5000  -22.5000  -30.000010998.5146   21.6912
    0.0000  -22.5000  -30.000011483.9766   21.7112
    7.5000  -22.5000  -30.000010972.6025   21.7356
   -7.5000  -15.0000  -30.000011898.6475   21.6517
    0.0000  -15.0000  -30.000012424.0586   21.6747
    7.5000  -15.0000  -30.000011839.6494   21.6974
   -7.5000   -7.5000  -30.000012699.6064   21.6503
    0.0000   -7.5000  -30.000013275.4229   21.6735
    7.5000   -7.5000  -30.000012621.1543   21.6957
   -7.5000    0.0000  -30.000013373.4316   21.6666
    0.0000    0.0000  -30.000013987.0479   21.6881
    7.5000    0.0000  -30.000013263.6826   21.7097
   -7.5000    7.5000  -30.000013001.8516   21.6735
    0.0000    7.5000  -30.000013587.6201   21.6928
    7.5000    7.5000  -30.000012883.8379   21.7180
   -7.5000   15.0000  -30.000012564.5225   21.6635
    0.0000   15.0000  -30.000013095.8975   21.6812
    7.5000   15.0000  -30.000012421.8779   21.7082
   -7.5000   22.5000  -30.000012060.5166   21.6435
    0.0000   22.5000  -30.000012538.9219   21.6633
    7.5000   22.5000  -30.000011914.3340   21.6874
   -7.5000   30.0000  -30.000011414.9990   21.3562
    0.0000   30.0000  -30.000011853.5615   21.3789
    7.5000   30.0000  -30.000011234.6846   21.4013
   -7.5000   37.5000  -30.000011034.0029   21.3638
    0.0000   37.5000  -30.000011461.9561   21.3867
    7.5000   37.5000  -30.000010829.2812   21.4086
   -7.5000   45.0000  -30.000010160.1143   20.8513
    0.0000   45.0000  -30.000010547.8818   20.8720
    7.5000   45.0000  -30.0000 9958.7959   20.8928
   -7.5000  -45.0000  -22.5000 8921.1680   22.6511
    0.0000  -45.0000  -22.5000 9308.8555   22.6856
    7.5000  -45.0000  -22.5000 8942.5166   22.7030
   -7.5000  -37.5000  -22.5000 9669.3545   22.5715
    0.0000  -37.5000  -22.500010085.1992   22.6041
    7.5000  -37.5000  -22.5000 9693.0723   22.6266
   -7.5000  -30.0000  -22.500010773.8994   22.4892
    0.0000  -30.0000  -22.500011220.1309   22.5207
    7.5000  -30.0000  -22.500010767.2197   22.5489
   -7.5000  -22.5000  -22.500011826.6592   22.4220
    0.0000  -22.5000  -22.500012295.4629   22.4546
    7.5000  -22.5000  -22.500011766.7227   22.4821
   -7.5000  -15.0000  -22.500012771.5225   22.3838
    0.0000  -15.0000  -22.500013283.6201   22.4183
    7.5000  -15.0000  -22.500012653.4883   22.4429
   -7.5000   -7.5000  -22.500013612.0674   22.3874
    0.0000   -7.5000  -22.500014186.5488   22.4213
    7.5000   -7.5000  -22.500013485.3740   22.4410
   -7.5000    0.0000  -22.500014308.8252   22.4067
    0.0000    0.0000  -22.500014934.9990   22.4390
    7.5000    0.0000  -22.500014195.6299   22.4555
   -7.5000    7.5000  -22.500013900.6230   22.4105
    0.0000    7.5000  -22.500014496.1270   22.4416
    7.5000    7.5000  -22.500013765.8594   22.4633
   -7.5000   15.0000  -22.500013397.3643   22.3950
    0.0000   15.0000  -22.500013953.3721   22.4257
    7.5000   15.0000  -22.500013219.5312   22.4533
   -7.5000   22.5000  -22.500012856.7988   22.3713
    0.0000   22.5000  -22.500013349.4990   22.4037
    7.5000   22.5000  -22.500012656.6602   22.4309
   -7.5000   30.0000  -22.500012142.3975   22.0817
    0.0000   30.0000  -22.500012602.4922   22.1156
    7.5000   30.0000  -22.500011893.6377   22.1398
   -7.5000   37.5000  -22.500011734.6084   22.0945
    0.0000   37.5000  -22.500012176.3066   22.1279
    7.5000   37.5000  -22.500011442.5273   22.1474
   -7.5000   45.0000  -22.500010784.0010   21.5798
    0.0000   45.0000  -22.500011189.4580   21.6108
    7.5000   45.0000  -22.500010519.4268   21.6268
   -7.5000  -45.0000  -15.0000 9572.4336   23.2003
    0.0000  -45.0000  -15.000010002.3330   23.2297
    7.5000  -45.0000  -15.0000 9585.9248   23.2446
   -7.5000  -37.5000  -15.000010375.9648   23.1022
    0.0000  -37.5000  -15.000010846.7822   23.1313
    7.5000  -37.5000  -15.000010389.8057   23.1531
   -7.5000  -30.0000  -15.000011541.2393   23.0108
    0.0000  -30.0000  -15.000012045.5264   23.0369
    7.5000  -30.0000  -15.000011524.3701   23.0660
   -7.5000  -22.5000  -15.000012674.9316   22.9516
    0.0000  -22.5000  -15.000013194.3760   22.9755
    7.5000  -22.5000  -15.000012570.1260   23.0035
   -7.5000  -15.0000  -15.000013650.3691   22.9283
    0.0000  -15.0000  -15.000014191.8867   22.9522
    7.5000  -15.0000  -15.000013489.5703   22.9744
   -7.5000   -7.5000  -15.000014500.0205   22.9384
    0.0000   -7.5000  -15.000015099.7129   22.9635
    7.5000   -7.5000  -15.000014366.9922   22.9795
   -7.5000    0.0000  -15.000015211.6777   22.9501
    0.0000    0.0000  -15.000015861.5986   22.9773
    7.5000    0.0000  -15.000015099.6045   22.9914
   -7.5000    7.5000  -15.000014787.8887   22.9380
    0.0000    7.5000  -15.000015387.4512   22.9656
    7.5000    7.5000  -15.000014605.1387   22.9865
   -7.5000   15.0000  -15.000014249.1475   22.9144
    0.0000   15.0000  -15.000014784.4619   22.9399
    7.5000   15.0000  -15.000014042.6787   22.9684
   -7.5000   22.5000  -15.000013645.6211   22.8987
    0.0000   22.5000  -15.000014098.5127   22.9223
    7.5000   22.5000  -15.000013361.1660   22.9501
   -7.5000   30.0000  -15.000012872.3857   22.6220
    0.0000   30.0000  -15.000013284.0664   22.6455
    7.5000   30.0000  -15.000012566.1328   22.6673
   -7.5000   37.5000  -15.000012427.1729   22.6415
    0.0000   37.5000  -15.000012819.4541   22.6663
    7.5000   37.5000  -15.000012070.0107   22.6821
   -7.5000   45.0000  -15.000011400.3154   22.1164
    0.0000   45.0000  -15.000011783.2656   22.1426
    7.5000   45.0000  -15.000011080.3623   22.1561
   -7.5000  -45.0000   -7.500010255.2188   23.4739
    0.0000  -45.0000   -7.500010727.7939   23.4847
    7.5000  -45.0000   -7.500010236.9219   23.5041
   -7.5000  -37.5000   -7.500011110.5000   23.3615
    0.0000  -37.5000   -7.500011616.3037   23.3724
    7.5000  -37.5000   -7.500011077.5713   23.3975
   -7.5000  -30.0000   -7.500012326.9502   23.2678
    0.0000  -30.0000   -7.500012888.2275   23.2727
    7.5000  -30.0000   -7.500012279.2266   23.3015
   -7.5000  -22.5000   -7.500013463.4531   23.2208
    0.0000  -22.5000   -7.500014066.8584   23.2199
    7.5000  -22.5000   -7.500013399.2363   23.2442
   -7.5000  -15.0000   -7.500014489.2803   23.2113
    0.0000  -15.0000   -7.500015117.9473   23.2093
    7.5000  -15.0000   -7.500014391.3457   23.2271
   -7.5000   -7.5000   -7.500015374.6260   23.2217
    0.0000   -7.5000   -7.500016010.6699   23.2241
    7.5000   -7.5000   -7.500015273.6533   23.2401
   -7.5000    0.0000   -7.500016135.3105   23.2208
    0.0000    0.0000   -7.500016781.6641   23.2297
    7.5000    0.0000   -7.500016017.5215   23.2479
   -7.5000    7.5000   -7.500015700.4473   23.1956
    0.0000    7.5000   -7.500016302.7393   23.2054
    7.5000    7.5000   -7.500015515.5537   23.2295
   -7.5000   15.0000   -7.500015138.4746   23.1703
    0.0000   15.0000   -7.500015683.0703   23.1747
    7.5000   15.0000   -7.500014920.3672   23.2028
   -7.5000   22.5000   -7.500014432.6895   23.1648
    0.0000   22.5000   -7.500014915.5928   23.1637
    7.5000   22.5000   -7.500014153.4385   23.1876
   -7.5000   30.0000   -7.500013632.1826   22.9007
    0.0000   30.0000   -7.500014052.4297   22.8987
    7.5000   30.0000   -7.500013293.9375   22.9161
   -7.5000   37.5000   -7.500013138.5059   22.9205
    0.0000   37.5000   -7.500013544.3525   22.9229
    7.5000   37.5000   -7.500012781.7520   22.9386
   -7.5000   45.0000   -7.500012030.1172   22.3814
    0.0000   45.0000   -7.500012419.0742   22.3900
    7.5000   45.0000   -7.500011726.6748   22.4075
   -7.5000  -45.0000    0.000010859.0020   23.5193
    0.0000  -45.0000    0.000011370.4111   23.5178
    7.5000  -45.0000    0.000010837.6299   23.5424
   -7.5000  -37.5000    0.000011725.4434   23.4117
    0.0000  -37.5000    0.000012270.6924   23.4093
    7.5000  -37.5000    0.000011705.8887   23.4370
   -7.5000  -30.0000    0.000012954.8418   23.3238
    0.0000  -30.0000    0.000013561.1533   23.3135
    7.5000  -30.0000    0.000012946.7754   23.3398
   -7.5000  -22.5000    0.000014090.7402   23.2777
    0.0000  -22.5000    0.000014728.5352   23.2608
    7.5000  -22.5000    0.000014096.7764   23.2801
   -7.5000  -15.0000    0.000015144.0068   23.2646
    0.0000  -15.0000    0.000015813.8105   23.2471
    7.5000  -15.0000    0.000015154.6738   23.2622
   -7.5000   -7.5000    0.000016070.7061   23.2693
    0.0000   -7.5000    0.000016781.9219   23.2580
    7.5000   -7.5000    0.000016078.4590   23.2761
   -7.5000    0.0000    0.000016848.4570   23.2656
    0.0000    0.0000    0.000017560.1133   23.2624
    7.5000    0.0000    0.000016847.1816   23.2857
   -7.5000    7.5000    0.000016394.8145   23.2450
    0.0000    7.5000    0.000017051.1289   23.2417
    7.5000    7.5000    0.000016352.0889   23.2684
   -7.5000   15.0000    0.000015765.5264   23.2259
    0.0000   15.0000    0.000016382.3242   23.2151
    7.5000   15.0000    0.000015674.1982   23.2408
   -7.5000   22.5000    0.000015029.9268   23.2215
    0.0000   22.5000    0.000015552.8457   23.2044
    7.5000   22.5000    0.000014844.1494   23.2235
   -7.5000   30.0000    0.000014193.8828   22.9540
    0.0000   30.0000    0.000014651.4844   22.9367
    7.5000   30.0000    0.000013930.9277   22.9514
   -7.5000   37.5000    0.000013690.7480   22.9681
    0.0000   37.5000    0.000014124.9316   22.9570
    7.5000   37.5000    0.000013416.6943   22.9748
   -7.5000   45.0000    0.000012519.0010   22.4263
    0.0000   45.0000    0.000012911.8818   22.4232
    7.5000   45.0000    0.000012244.4004   22.4456
   -7.5000  -45.0000    7.500010610.3105   23.5206
    0.0000  -45.0000    7.500011093.1025   23.5275
    7.5000  -45.0000    7.500010581.7158   23.5545
   -7.5000  -37.5000    7.500011420.0010   23.4305
    0.0000  -37.5000    7.500011974.0654   23.4348
    7.5000  -37.5000    7.500011446.5791   23.4641
   -7.5000  -30.0000    7.500012594.8330   23.3489
    0.0000  -30.0000    7.500013196.9014   23.3474
    7.5000  -30.0000    7.500012655.8447   23.3747
   -7.5000  -22.5000    7.500013667.4111   23.2908
    0.0000  -22.5000    7.500014320.0654   23.2868
    7.5000  -22.5000    7.500013755.3340   23.3080
   -7.5000  -15.0000    7.500014643.2852   23.2604
    0.0000  -15.0000    7.500015337.4385   23.2582
    7.5000  -15.0000    7.500014797.7061   23.2771
   -7.5000   -7.5000    7.500015554.0830   23.2600
    0.0000   -7.5000    7.500016300.7686   23.2616
    7.5000   -7.5000    7.500015729.6768   23.2835
   -7.5000    0.0000    7.500016309.8975   23.2668
    0.0000    0.0000    7.500017060.5312   23.2718
    7.5000    0.0000    7.500016487.2441   23.2976
   -7.5000    7.5000    7.500015862.2529   23.2631
    0.0000    7.5000    7.500016536.4199   23.2664
    7.5000    7.5000    7.500015979.9043   23.2948
   -7.5000   15.0000    7.500015231.0146   23.2507
    0.0000   15.0000    7.500015793.6816   23.2487
    7.5000   15.0000    7.500015234.9990   23.2753
   -7.5000   22.5000    7.500014504.9834   23.2345
    0.0000   22.5000    7.500014974.6924   23.2303
    7.5000   22.5000    7.500014389.4102   23.2512
   -7.5000   30.0000    7.500013648.5752   22.9499
    0.0000   30.0000    7.500014060.0078   22.9476
    7.5000   30.0000    7.500013438.1064   22.9661
   -7.5000   37.5000    7.500013158.9619   22.9589
    0.0000   37.5000    7.500013550.7295   22.9605
    7.5000   37.5000    7.500012925.7783   22.9821
   -7.5000   45.0000    7.500012034.7920   22.4275
    0.0000   45.0000    7.500012416.4150   22.4324
    7.5000   45.0000    7.500011837.0742   22.4572
   -7.5000  -45.0000   15.000010245.2725   23.5437
    0.0000  -45.0000   15.000010710.9961   23.5690
    7.5000  -45.0000   15.000010227.7031   23.5937
   -7.5000  -37.5000   15.000011021.4365   23.4653
    0.0000  -37.5000   15.000011543.4502   23.4872
    7.5000  -37.5000   15.000011053.1709   23.5155
   -7.5000  -30.0000   15.000012132.2490   23.3848
    0.0000  -30.0000   15.000012713.6738   23.4045
    7.5000  -30.0000   15.000012194.2510   23.4346
   -7.5000  -22.5000   15.000013130.9395   23.3157
    0.0000  -22.5000   15.000013769.2119   23.3371
    7.5000  -22.5000   15.000013242.5117   23.3638
   -7.5000  -15.0000   15.000014073.0869   23.2727
    0.0000  -15.0000   15.000014721.9971   23.2973
    7.5000  -15.0000   15.000014216.3350   23.3223
   -7.5000   -7.5000   15.000014957.9756   23.2713
    0.0000   -7.5000   15.000015646.5732   23.2962
    7.5000   -7.5000   15.000015124.8936   23.3205
   -7.5000    0.0000   15.000015738.8115   23.2893
    0.0000    0.0000   15.000016452.4277   23.3124
    7.5000    0.0000   15.000015921.5146   23.3361
   -7.5000    7.5000   15.000015392.8086   23.2973
    0.0000    7.5000   15.000016037.7871   23.3180
    7.5000    7.5000   15.000015519.0088   23.3454
   -7.5000   15.0000   15.000014785.6475   23.2865
    0.0000   15.0000   15.000015300.5352   23.3054
    7.5000   15.0000   15.000014813.4199   23.3348
   -7.5000   22.5000   15.000014010.7295   23.2593
    0.0000   22.5000   15.000014410.7500   23.2805
    7.5000   22.5000   15.000013924.6953   23.3069
   -7.5000   30.0000   15.000013088.6377   22.9619
    0.0000   30.0000   15.000013474.9541   22.9861
    7.5000   30.0000   15.000012951.3623   23.0106
   -7.5000   37.5000   15.000012534.1074   22.9701
    0.0000   37.5000   15.000012951.9854   22.9946
    7.5000   37.5000   15.000012414.3252   23.0186
   -7.5000   45.0000   15.000011468.4131   22.4493
    0.0000   45.0000   15.000011871.1582   22.4715
    7.5000   45.0000   15.000011345.1455   22.4944
   -7.5000  -45.0000   22.5000 9769.6631   23.5981
    0.0000  -45.0000   22.500010219.6211   23.6335
    7.5000  -45.0000   22.5000 9758.6768   23.6518
   -7.5000  -37.5000   22.500010511.6406   23.5154
    0.0000  -37.5000   22.500011008.5371   23.5488
    7.5000  -37.5000   22.500010527.2393   23.5723
   -7.5000  -30.0000   22.500011571.3613   23.4296
    0.0000  -30.0000   22.500012108.4111   23.4619
    7.5000  -30.0000   22.500011610.9463   23.4912
   -7.5000  -22.5000   22.500012524.9717   23.3589
    0.0000  -22.5000   22.500013113.0361   23.3924
    7.5000  -22.5000   22.500012620.6836   23.4210
   -7.5000  -15.0000   22.500013415.8750   23.3184
    0.0000  -15.0000   22.500014031.0859   23.3538
    7.5000  -15.0000   22.500013522.7236   23.3796
   -7.5000   -7.5000   22.500014257.8057   23.3220
    0.0000   -7.5000   22.500014889.4258   23.3568
    7.5000   -7.5000   22.500014395.7812   23.3776
   -7.5000    0.0000   22.500015024.5107   23.3425
    0.0000    0.0000   22.500015686.4980   23.3756
    7.5000    0.0000   22.500015235.2070   23.3931
   -7.5000    7.5000   22.500014722.8408   23.3470
    0.0000    7.5000   22.500015389.2002   23.3789
    7.5000    7.5000   22.500014893.8965   23.4016
   -7.5000   15.0000   22.500014138.2197   23.3310
    0.0000   15.0000   22.500014751.5996   23.3625
    7.5000   15.0000   22.500014220.7998   23.3912
   -7.5000   22.5000   22.500013329.9932   23.3024
    0.0000   22.5000   22.500013891.4004   23.3356
    7.5000   22.5000   22.500013347.3672   23.3639
   -7.5000   30.0000   22.500012439.3916   23.0068
    0.0000   30.0000   22.500012935.1230   23.0417
    7.5000   30.0000   22.500012390.0469   23.0670
   -7.5000   37.5000   22.500011887.8359   23.0201
    0.0000   37.5000   22.500012371.3877   23.0544
    7.5000   37.5000   22.500011838.9385   23.0750
   -7.5000   45.0000   22.500010873.7900   22.5005
    0.0000   45.0000   22.500011322.4219   22.5325
    7.5000   45.0000   22.500010814.7715   22.5493
   -7.5000  -45.0000   30.0000 9167.2656   23.6738
    0.0000  -45.0000   30.0000 9581.5020   23.7028
    7.5000  -45.0000   30.0000 9154.9395   23.7176
   -7.5000  -37.5000   30.0000 9881.3389   23.5735
    0.0000  -37.5000   30.000010344.3916   23.6020
    7.5000  -37.5000   30.0000 9888.9531   23.6237
   -7.5000  -30.0000   30.000010900.3789   23.4799
    0.0000  -30.0000   30.000011391.0273   23.5053
    7.5000  -30.0000   30.000010921.9727   23.5344
   -7.5000  -22.5000   30.000011817.5449   23.4190
    0.0000  -22.5000   30.000012336.3330   23.4421
    7.5000  -22.5000   30.000011864.9014   23.4702
   -7.5000  -15.0000   30.000012683.0781   23.3946
    0.0000  -15.0000   30.000013233.9180   23.4179
    7.5000  -15.0000   30.000012726.8828   23.4402
   -7.5000   -7.5000   30.000013491.1416   23.4047
    0.0000   -7.5000   30.000014096.2861   23.4293
    7.5000   -7.5000   30.000013577.9102   23.4454
   -7.5000    0.0000   30.000014222.4707   23.4168
    0.0000    0.0000   30.000014872.4697   23.4436
    7.5000    0.0000   30.000014366.5410   23.4576
   -7.5000    7.5000   30.000013898.6328   23.4048
    0.0000    7.5000   30.000014565.7959   23.4319
    7.5000    7.5000   30.000014032.5938   23.4527
   -7.5000   15.0000   30.000013327.1299   23.3810
    0.0000   15.0000   30.000013958.3389   23.4057
    7.5000   15.0000   30.000013408.6211   23.4342
   -7.5000   22.5000   30.000012552.2314   23.3623
    0.0000   22.5000   30.000013139.9756   23.3851
    7.5000   22.5000   30.000012625.1504   23.4129
   -7.5000   30.0000   30.000011720.5752   23.0820
    0.0000   30.0000   30.000012245.1719   23.1048
    7.5000   30.0000   30.000011752.2119   23.1267
   -7.5000   37.5000   30.000011218.4805   23.1017
    0.0000   37.5000   30.000011700.1055   23.1260
    7.5000   37.5000   30.000011215.9844   23.1419
   -7.5000   45.0000   30.000010242.8740   22.5721
    0.0000   45.0000   30.000010688.6855   22.5979
    7.5000   45.0000   30.000010236.2236   22.6114
   -7.5000  -45.0000   37.5000 8830.9023   23.7647
    0.0000  -45.0000   37.5000 9213.5898   23.7740
    7.5000  -45.0000   37.5000 8836.7686   23.7927
   -7.5000  -37.5000   37.5000 9517.6572   23.6498
    0.0000  -37.5000   37.5000 9961.1699   23.6591
    7.5000  -37.5000   37.5000 9533.4277   23.6835
   -7.5000  -30.0000   37.500010519.9111   23.5546
    0.0000  -30.0000   37.500011011.4629   23.5576
    7.5000  -30.0000   37.500010536.5381   23.5857
   -7.5000  -22.5000   37.500011464.4609   23.5069
    0.0000  -22.5000   37.500011987.7861   23.5042
    7.5000  -22.5000   37.500011465.5527   23.5279
   -7.5000  -15.0000   37.500012331.4619   23.4970
    0.0000  -15.0000   37.500012885.5186   23.4933
    7.5000  -15.0000   37.500012314.7822   23.5107
   -7.5000   -7.5000   37.500013122.4619   23.5072
    0.0000   -7.5000   37.500013717.2188   23.5080
    7.5000   -7.5000   37.500013145.6348   23.5234
   -7.5000    0.0000   37.500013827.1172   23.5058
    0.0000    0.0000   37.500014463.5801   23.5132
    7.5000    0.0000   37.500013887.3330   23.5308
   -7.5000    7.5000   37.500013473.5547   23.4800
    0.0000    7.5000   37.500014099.8945   23.4882
    7.5000    7.5000   37.500013552.7100   23.5116
   -7.5000   15.0000   37.500012903.6338   23.4549
    0.0000   15.0000   37.500013531.8857   23.4574
    7.5000   15.0000   37.500012994.8154   23.4849
   -7.5000   22.5000   37.500012143.8926   23.4498
    0.0000   22.5000   37.500012731.0625   23.4468
    7.5000   22.5000   37.500012248.0713   23.4703
   -7.5000   30.0000   37.500011338.5928   23.1831
    0.0000   30.0000   37.500011873.3672   23.1794
    7.5000   30.0000   37.500011395.2852   23.1964
   -7.5000   37.5000   37.500010858.0596   23.2029
    0.0000   37.5000   37.500011353.0938   23.2037
    7.5000   37.5000   37.500010881.8594   23.2189
   -7.5000   45.0000   37.5000 9917.4756   22.6578
    0.0000   45.0000   37.500010369.2852   22.6649
    7.5000   45.0000   37.5000 9912.2266   22.6819
   -7.5000  -45.0000   45.0000 8117.6665   23.9030
    0.0000  -45.0000   45.0000 8457.3857   23.8989
    7.5000  -45.0000   45.0000 8118.1118   23.9224
   -7.5000  -37.5000   45.0000 8752.6123   23.7911
    0.0000  -37.5000   45.0000 9138.8838   23.7858
    7.5000  -37.5000   45.0000 8757.2949   23.8123
   -7.5000  -30.0000   45.0000 9694.0928   23.6995
    0.0000  -30.0000   45.000010126.3594   23.6856
    7.5000  -30.0000   45.0000 9683.5225   23.7107
   -7.5000  -22.5000   45.000010579.2617   23.6512
    0.0000  -22.5000   45.000011056.2061   23.6306
    7.5000  -22.5000   45.000010543.6855   23.6486
   -7.5000  -15.0000   45.000011370.0723   23.6375
    0.0000  -15.0000   45.000011876.0664   23.6165
    7.5000  -15.0000   45.000011327.2412   23.6302
   -7.5000   -7.5000   45.000012115.0654   23.6428
    0.0000   -7.5000   45.000012661.4570   23.6285
    7.5000   -7.5000   45.000012077.9277   23.6453
   -7.5000    0.0000   45.000012748.4795   23.6393
    0.0000    0.0000   45.000013323.8760   23.6335
    7.5000    0.0000   45.000012746.2168   23.6556
   -7.5000    7.5000   45.000012414.3301   23.6178
    0.0000    7.5000   45.000012980.9746   23.6117
    7.5000    7.5000   45.000012436.7168   23.6372
   -7.5000   15.0000   45.000011894.6631   23.5977
    0.0000   15.0000   45.000012465.7715   23.5835
    7.5000   15.0000   45.000011932.4160   23.6078
   -7.5000   22.5000   45.000011238.9092   23.5930
    0.0000   22.5000   45.000011770.9697   23.5723
    7.5000   22.5000   45.000011283.8164   23.5899
   -7.5000   30.0000   45.000010474.1055   23.3197
    0.0000   30.0000   45.000010982.2920   23.2989
    7.5000   30.0000   45.000010508.8730   23.3123
   -7.5000   37.5000   45.000010025.4844   23.3347
    0.0000   37.5000   45.000010475.1816   23.3206
    7.5000   37.5000   45.000010026.1572   23.3372
   -7.5000   45.0000   45.0000 9137.2656   22.7969
    0.0000   45.0000   45.0000 9538.5781   22.7912
    7.5000   45.0000   45.0000 9128.5586   22.8126

---------------------------------------------------------------------
imgreg_4dfp /opt/freesurfer/average/711-2C_as_mni_average_305 /opt/freesurfer/average/711-2B_as_mni_average_305_mask talsrcimg_g11 none talsrcimg_to_711-2C_as_mni_average_305_t4 4355
---------------------------------------------------------------------

freesurfer imgreg_4dfp.c
/opt/freesurfer/average/711-2C_as_mni_average_305.4dfp.img
       256       256       256         1
  1.000000  1.000000  1.000000
orientation T byte_order littleendian
Reading image: /opt/freesurfer/average/711-2C_as_mni_average_305.4dfp.img
dimensions:      256       256       256
mmppix:       1.0000   -1.0000   -1.0000
center:     128.0000 -129.0000 -129.0000
/opt/freesurfer/average/711-2B_as_mni_average_305_mask.4dfp.img
       256       256       256         1
  1.000000  1.000000  1.000000
orientation T byte_order littleendian
Reading mask: /opt/freesurfer/average/711-2B_as_mni_average_305_mask.4dfp.img (2306576 pixels)
talsrcimg_g11.4dfp.img
       256       256       256         1
  1.000000  1.000000  1.000000
orientation T byte_order littleendian
Reading image: talsrcimg_g11.4dfp.img
dimensions:      256       256       256
mmppix:       1.0000   -1.0000   -1.0000
center:     128.0000 -129.0000 -129.0000
rotation matrix determinant  1.000000
image alignment mode   4355 decimal     1103 hex
   -7.5000  -45.0000  -45.0000 1923.2542   27.6064
    0.0000  -45.0000  -45.0000 1936.3073   27.3666
    7.5000  -45.0000  -45.0000 1935.0403   27.5712
   -7.5000  -37.5000  -45.0000 2017.7025   24.9254
    0.0000  -37.5000  -45.0000 2031.4985   24.7154
    7.5000  -37.5000  -45.0000 2029.5370   24.9376
   -7.5000  -30.0000  -45.0000 2099.1343   23.0335
    0.0000  -30.0000  -45.0000 2114.3979   22.8104
    7.5000  -30.0000  -45.0000 2101.1372   22.9874
   -7.5000  -22.5000  -45.0000 2160.2417   21.6632
    0.0000  -22.5000  -45.0000 2173.6567   21.4800
    7.5000  -22.5000  -45.0000 2167.4934   21.6072
   -7.5000  -15.0000  -45.0000 2195.1809   20.7199
    0.0000  -15.0000  -45.0000 2209.1763   20.5596
    7.5000  -15.0000  -45.0000 2206.8867   20.6779
   -7.5000   -7.5000  -45.0000 2220.7556   20.0666
    0.0000   -7.5000  -45.0000 2236.0674   19.9334
    7.5000   -7.5000  -45.0000 2230.8745   20.0633
   -7.5000    0.0000  -45.0000 2226.1953   19.7799
    0.0000    0.0000  -45.0000 2245.6279   19.6076
    7.5000    0.0000  -45.0000 2238.7542   19.7580
   -7.5000    7.5000  -45.0000 2229.3103   19.8082
    0.0000    7.5000  -45.0000 2246.0793   19.5564
    7.5000    7.5000  -45.0000 2235.9685   19.7062
   -7.5000   15.0000  -45.0000 2209.5857   20.2178
    0.0000   15.0000  -45.0000 2230.6636   19.9846
    7.5000   15.0000  -45.0000 2219.9038   20.1250
   -7.5000   22.5000  -45.0000 2171.3008   21.0931
    0.0000   22.5000  -45.0000 2193.2231   20.8565
    7.5000   22.5000  -45.0000 2180.3628   20.9954
   -7.5000   30.0000  -45.0000 2111.8071   22.3857
    0.0000   30.0000  -45.0000 2136.5708   22.1370
    7.5000   30.0000  -45.0000 2122.6736   22.2639
   -7.5000   37.5000  -45.0000 2035.1840   24.0403
    0.0000   37.5000  -45.0000 2059.5088   23.8288
    7.5000   37.5000  -45.0000 2045.0604   24.0169
   -7.5000   45.0000  -45.0000 1942.8870   26.3571
    0.0000   45.0000  -45.0000 1960.1184   26.0764
    7.5000   45.0000  -45.0000 1946.5457   26.2796
   -7.5000  -45.0000  -37.5000 2006.9802   25.4473
    0.0000  -45.0000  -37.5000 2019.7247   25.2204
    7.5000  -45.0000  -37.5000 2012.9958   25.5304
   -7.5000  -37.5000  -37.5000 2112.2966   22.9630
    0.0000  -37.5000  -37.5000 2127.5659   22.7717
    7.5000  -37.5000  -37.5000 2118.3406   23.0129
   -7.5000  -30.0000  -37.5000 2199.0881   21.1786
    0.0000  -30.0000  -37.5000 2215.0046   21.0344
    7.5000  -30.0000  -37.5000 2201.0654   21.1620
   -7.5000  -22.5000  -37.5000 2261.9365   19.8241
    0.0000  -22.5000  -37.5000 2277.7700   19.6907
    7.5000  -22.5000  -37.5000 2271.0063   19.8331
   -7.5000  -15.0000  -37.5000 2304.4939   18.9570
    0.0000  -15.0000  -37.5000 2316.6404   18.8326
    7.5000  -15.0000  -37.5000 2309.4517   18.9252
   -7.5000   -7.5000  -37.5000 2323.5786   18.4422
    0.0000   -7.5000  -37.5000 2340.8613   18.3060
    7.5000   -7.5000  -37.5000 2335.5229   18.4542
   -7.5000    0.0000  -37.5000 2328.4124   18.2090
    0.0000    0.0000  -37.5000 2347.8887   18.1035
    7.5000    0.0000  -37.5000 2333.2207   18.2550
   -7.5000    7.5000  -37.5000 2327.8057   18.2870
    0.0000    7.5000  -37.5000 2348.0356   18.1165
    7.5000    7.5000  -37.5000 2335.4995   18.2636
   -7.5000   15.0000  -37.5000 2308.5962   18.6454
    0.0000   15.0000  -37.5000 2328.8508   18.4417
    7.5000   15.0000  -37.5000 2314.7148   18.5898
   -7.5000   22.5000  -37.5000 2269.2620   19.3544
    0.0000   22.5000  -37.5000 2290.6675   19.1653
    7.5000   22.5000  -37.5000 2277.0276   19.3181
   -7.5000   30.0000  -37.5000 2210.2998   20.4349
    0.0000   30.0000  -37.5000 2231.7092   20.2677
    7.5000   30.0000  -37.5000 2218.9868   20.4515
   -7.5000   37.5000  -37.5000 2127.3669   22.0004
    0.0000   37.5000  -37.5000 2145.7759   21.8161
    7.5000   37.5000  -37.5000 2133.7703   22.0214
   -7.5000   45.0000  -37.5000 2029.9038   24.0982
    0.0000   45.0000  -37.5000 2046.0529   23.9387
    7.5000   45.0000  -37.5000 2034.2695   24.1180
   -7.5000  -45.0000  -30.0000 2124.0493   24.4823
    0.0000  -45.0000  -30.0000 2134.6455   24.3137
    7.5000  -45.0000  -30.0000 2124.4143   24.5934
   -7.5000  -37.5000  -30.0000 2236.2278   22.0586
    0.0000  -37.5000  -30.0000 2253.0195   21.9059
    7.5000  -37.5000  -30.0000 2237.2388   22.1740
   -7.5000  -30.0000  -30.0000 2332.6487   20.2390
    0.0000  -30.0000  -30.0000 2350.4524   20.1233
    7.5000  -30.0000  -30.0000 2332.6357   20.2806
   -7.5000  -22.5000  -30.0000 2398.8552   18.8801
    0.0000  -22.5000  -30.0000 2414.7200   18.7598
    7.5000  -22.5000  -30.0000 2400.6545   18.9112
   -7.5000  -15.0000  -30.0000 2450.3418   18.0189
    0.0000  -15.0000  -30.0000 2461.3604   17.8764
    7.5000  -15.0000  -30.0000 2446.3750   18.0480
   -7.5000   -7.5000  -30.0000 2471.6785   17.5620
    0.0000   -7.5000  -30.0000 2491.0640   17.4668
    7.5000   -7.5000  -30.0000 2477.0103   17.5924
   -7.5000    0.0000  -30.0000 2481.3743   17.3824
    0.0000    0.0000  -30.0000 2499.2524   17.2877
    7.5000    0.0000  -30.0000 2481.6121   17.4185
   -7.5000    7.5000  -30.0000 2475.5996   17.4784
    0.0000    7.5000  -30.0000 2491.4268   17.3653
    7.5000    7.5000  -30.0000 2479.5928   17.4842
   -7.5000   15.0000  -30.0000 2456.2239   17.8190
    0.0000   15.0000  -30.0000 2473.9832   17.6600
    7.5000   15.0000  -30.0000 2460.6809   17.8248
   -7.5000   22.5000  -30.0000 2414.9292   18.4446
    0.0000   22.5000  -30.0000 2435.9507   18.3040
    7.5000   22.5000  -30.0000 2423.1743   18.5095
   -7.5000   30.0000  -30.0000 2350.2649   19.4573
    0.0000   30.0000  -30.0000 2370.7625   19.3041
    7.5000   30.0000  -30.0000 2356.1484   19.5304
   -7.5000   37.5000  -30.0000 2264.7654   20.9112
    0.0000   37.5000  -30.0000 2278.0586   20.7676
    7.5000   37.5000  -30.0000 2263.7637   21.0279
   -7.5000   45.0000  -30.0000 2156.0867   22.8908
    0.0000   45.0000  -30.0000 2168.8599   22.7326
    7.5000   45.0000  -30.0000 2154.1243   23.0115
   -7.5000  -45.0000  -22.5000 2202.9954   23.4596
    0.0000  -45.0000  -22.5000 2216.7661   23.3213
    7.5000  -45.0000  -22.5000 2208.6050   23.5614
   -7.5000  -37.5000  -22.5000 2325.3054   21.1007
    0.0000  -37.5000  -22.5000 2335.6731   20.9391
    7.5000  -37.5000  -22.5000 2329.6772   21.1810
   -7.5000  -30.0000  -22.5000 2428.5989   19.1937
    0.0000  -30.0000  -22.5000 2439.1040   19.0583
    7.5000  -30.0000  -22.5000 2429.5667   19.2772
   -7.5000  -22.5000  -22.5000 2504.5840   17.8578
    0.0000  -22.5000  -22.5000 2512.6177   17.7311
    7.5000  -22.5000  -22.5000 2502.5977   17.9467
   -7.5000  -15.0000  -22.5000 2560.2039   17.0045
    0.0000  -15.0000  -22.5000 2573.0654   16.8895
    7.5000  -15.0000  -22.5000 2555.2451   17.0531
   -7.5000   -7.5000  -22.5000 2592.9507   16.5623
    0.0000   -7.5000  -22.5000 2612.4324   16.4372
    7.5000   -7.5000  -22.5000 2592.3042   16.5995
   -7.5000    0.0000  -22.5000 2609.2500   16.3962
    0.0000    0.0000  -22.5000 2628.6277   16.2861
    7.5000    0.0000  -22.5000 2609.9500   16.4538
   -7.5000    7.5000  -22.5000 2609.3816   16.4826
    0.0000    7.5000  -22.5000 2624.9844   16.3881
    7.5000    7.5000  -22.5000 2612.5122   16.5338
   -7.5000   15.0000  -22.5000 2589.5659   16.8767
    0.0000   15.0000  -22.5000 2607.0530   16.7569
    7.5000   15.0000  -22.5000 2588.2278   16.9257
   -7.5000   22.5000  -22.5000 2545.8552   17.4889
    0.0000   22.5000  -22.5000 2564.3340   17.3771
    7.5000   22.5000  -22.5000 2547.2261   17.5939
   -7.5000   30.0000  -22.5000 2472.5598   18.4250
    0.0000   30.0000  -22.5000 2490.5557   18.3270
    7.5000   30.0000  -22.5000 2467.8862   18.5884
   -7.5000   37.5000  -22.5000 2376.6919   19.7828
    0.0000   37.5000  -22.5000 2391.0896   19.6542
    7.5000   37.5000  -22.5000 2371.4385   19.9287
   -7.5000   45.0000  -22.5000 2257.2659   21.6526
    0.0000   45.0000  -22.5000 2268.1943   21.5235
    7.5000   45.0000  -22.5000 2251.6150   21.8123
   -7.5000  -45.0000  -15.0000 2255.0432   22.4572
    0.0000  -45.0000  -15.0000 2271.4917   22.3216
    7.5000  -45.0000  -15.0000 2263.1826   22.5462
   -7.5000  -37.5000  -15.0000 2381.7744   20.0947
    0.0000  -37.5000  -15.0000 2399.0452   19.9701
    7.5000  -37.5000  -15.0000 2392.4678   20.2109
   -7.5000  -30.0000  -15.0000 2489.2117   18.2006
    0.0000  -30.0000  -15.0000 2504.9373   18.0937
    7.5000  -30.0000  -15.0000 2500.1621   18.3377
   -7.5000  -22.5000  -15.0000 2579.0481   16.8930
    0.0000  -22.5000  -15.0000 2591.9685   16.7807
    7.5000  -22.5000  -15.0000 2574.8518   16.9839
   -7.5000  -15.0000  -15.0000 2643.5908   16.0347
    0.0000  -15.0000  -15.0000 2660.6074   15.9300
    7.5000  -15.0000  -15.0000 2640.9080   16.1023
   -7.5000   -7.5000  -15.0000 2684.6584   15.5894
    0.0000   -7.5000  -15.0000 2708.3364   15.4659
    7.5000   -7.5000  -15.0000 2687.0649   15.6615
   -7.5000    0.0000  -15.0000 2701.6409   15.4525
    0.0000    0.0000  -15.0000 2733.4231   15.3266
    7.5000    0.0000  -15.0000 2710.4480   15.5505
   -7.5000    7.5000  -15.0000 2710.5505   15.5760
    0.0000    7.5000  -15.0000 2735.1873   15.4589
    7.5000    7.5000  -15.0000 2710.5193   15.6492
   -7.5000   15.0000  -15.0000 2697.0745   15.9316
    0.0000   15.0000  -15.0000 2720.7139   15.8602
    7.5000   15.0000  -15.0000 2696.0632   16.0039
   -7.5000   22.5000  -15.0000 2653.0017   16.5857
    0.0000   22.5000  -15.0000 2672.1292   16.4845
    7.5000   22.5000  -15.0000 2642.6221   16.7043
   -7.5000   30.0000  -15.0000 2572.0557   17.5050
    0.0000   30.0000  -15.0000 2589.5264   17.3890
    7.5000   30.0000  -15.0000 2560.2988   17.6567
   -7.5000   37.5000  -15.0000 2464.4619   18.7672
    0.0000   37.5000  -15.0000 2479.9343   18.6405
    7.5000   37.5000  -15.0000 2453.0210   18.9160
   -7.5000   45.0000  -15.0000 2331.4707   20.5829
    0.0000   45.0000  -15.0000 2342.3176   20.4360
    7.5000   45.0000  -15.0000 2320.8794   20.6951
   -7.5000  -45.0000   -7.5000 2288.9221   21.4934
    0.0000  -45.0000   -7.5000 2309.2781   21.4039
    7.5000  -45.0000   -7.5000 2303.1326   21.6725
   -7.5000  -37.5000   -7.5000 2416.7935   19.1597
    0.0000  -37.5000   -7.5000 2438.4932   19.0792
    7.5000  -37.5000   -7.5000 2431.7576   19.3647
   -7.5000  -30.0000   -7.5000 2530.6326   17.3212
    0.0000  -30.0000   -7.5000 2550.5942   17.2161
    7.5000  -30.0000   -7.5000 2543.0969   17.4957
   -7.5000  -22.5000   -7.5000 2630.2859   15.9961
    0.0000  -22.5000   -7.5000 2649.7253   15.8828
    7.5000  -22.5000   -7.5000 2637.5713   16.1563
   -7.5000  -15.0000   -7.5000 2710.0542   15.1582
    0.0000  -15.0000   -7.5000 2731.2598   15.0523
    7.5000  -15.0000   -7.5000 2713.6086   15.3085
   -7.5000   -7.5000   -7.5000 2765.9622   14.7156
    0.0000   -7.5000   -7.5000 2787.9907   14.6031
    7.5000   -7.5000   -7.5000 2766.7312   14.8665
   -7.5000    0.0000   -7.5000 2791.9607   14.5797
    0.0000    0.0000   -7.5000 2818.9419   14.4446
    7.5000    0.0000   -7.5000 2796.3547   14.7348
   -7.5000    7.5000   -7.5000 2800.9250   14.7592
    0.0000    7.5000   -7.5000 2830.3186   14.6387
    7.5000    7.5000   -7.5000 2795.1543   14.8725
   -7.5000   15.0000   -7.5000 2792.6199   15.1476
    0.0000   15.0000   -7.5000 2818.0256   15.0623
    7.5000   15.0000   -7.5000 2782.1797   15.2498
   -7.5000   22.5000   -7.5000 2737.3230   15.8056
    0.0000   22.5000   -7.5000 2758.5044   15.6996
    7.5000   22.5000   -7.5000 2725.1560   15.9010
   -7.5000   30.0000   -7.5000 2648.3098   16.7119
    0.0000   30.0000   -7.5000 2665.0139   16.5945
    7.5000   30.0000   -7.5000 2631.7542   16.8172
   -7.5000   37.5000   -7.5000 2527.6211   17.9100
    0.0000   37.5000   -7.5000 2542.9028   17.7996
    7.5000   37.5000   -7.5000 2514.3701   18.0589
   -7.5000   45.0000   -7.5000 2387.2791   19.6725
    0.0000   45.0000   -7.5000 2401.6104   19.5131
    7.5000   45.0000   -7.5000 2381.6592   19.7571
   -7.5000  -45.0000    0.0000 2313.1943   20.7683
    0.0000  -45.0000    0.0000 2330.9011   20.7871
    7.5000  -45.0000    0.0000 2323.9360   21.1346
   -7.5000  -37.5000    0.0000 2441.7822   18.4881
    0.0000  -37.5000    0.0000 2461.9062   18.4823
    7.5000  -37.5000    0.0000 2452.0271   18.8570
   -7.5000  -30.0000    0.0000 2558.4097   16.6448
    0.0000  -30.0000    0.0000 2579.4321   16.6142
    7.5000  -30.0000    0.0000 2567.4324   16.9625
   -7.5000  -22.5000    0.0000 2666.9473   15.3520
    0.0000  -22.5000    0.0000 2685.6448   15.2593
    7.5000  -22.5000    0.0000 2676.9519   15.6181
   -7.5000  -15.0000    0.0000 2757.0842   14.5461
    0.0000  -15.0000    0.0000 2779.8638   14.4180
    7.5000  -15.0000    0.0000 2762.2690   14.7553
   -7.5000   -7.5000    0.0000 2827.6379   14.1146
    0.0000   -7.5000    0.0000 2853.8105   13.9703
    7.5000   -7.5000    0.0000 2828.7122   14.3280
   -7.5000    0.0000    0.0000 2867.2268   13.9403
    0.0000    0.0000    0.0000 2898.0994   13.7943
    7.5000    0.0000    0.0000 2869.3713   14.1370
   -7.5000    7.5000    0.0000 2882.2488   14.1299
    0.0000    7.5000    0.0000 2914.2771   13.9926
    7.5000    7.5000    0.0000 2873.4368   14.3087
   -7.5000   15.0000    0.0000 2862.7383   14.5633
    0.0000   15.0000    0.0000 2885.4028   14.4347
    7.5000   15.0000    0.0000 2844.5383   14.6968
   -7.5000   22.5000    0.0000 2801.4402   15.2089
    0.0000   22.5000    0.0000 2814.7605   15.0796
    7.5000   22.5000    0.0000 2777.1602   15.3344
   -7.5000   30.0000    0.0000 2692.4417   16.1702
    0.0000   30.0000    0.0000 2709.4468   16.0118
    7.5000   30.0000    0.0000 2677.9265   16.2650
   -7.5000   37.5000    0.0000 2562.9749   17.3739
    0.0000   37.5000    0.0000 2579.0271   17.1952
    7.5000   37.5000    0.0000 2556.3599   17.4327
   -7.5000   45.0000    0.0000 2419.6235   19.0578
    0.0000   45.0000    0.0000 2435.3281   18.8419
    7.5000   45.0000    0.0000 2411.1160   19.0889
   -7.5000  -45.0000    7.5000 2330.2380   20.5297
    0.0000  -45.0000    7.5000 2349.0195   20.5036
    7.5000  -45.0000    7.5000 2334.4243   20.8919
   -7.5000  -37.5000    7.5000 2452.4114   18.2284
    0.0000  -37.5000    7.5000 2475.5081   18.2073
    7.5000  -37.5000    7.5000 2463.8594   18.5959
   -7.5000  -30.0000    7.5000 2569.6877   16.3931
    0.0000  -30.0000    7.5000 2589.1492   16.3488
    7.5000  -30.0000    7.5000 2578.5161   16.7555
   -7.5000  -22.5000    7.5000 2683.3098   15.0383
    0.0000  -22.5000    7.5000 2704.9111   14.9953
    7.5000  -22.5000    7.5000 2691.0247   15.3885
   -7.5000  -15.0000    7.5000 2783.9827   14.1776
    0.0000  -15.0000    7.5000 2812.1401   14.0874
    7.5000  -15.0000    7.5000 2791.6025   14.4842
   -7.5000   -7.5000    7.5000 2868.0669   13.7379
    0.0000   -7.5000    7.5000 2898.2043   13.5993
    7.5000   -7.5000    7.5000 2873.2463   14.0115
   -7.5000    0.0000    7.5000 2918.4429   13.6045
    0.0000    0.0000    7.5000 2954.7803   13.4511
    7.5000    0.0000    7.5000 2918.3982   13.8237
   -7.5000    7.5000    7.5000 2936.9609   13.7517
    0.0000    7.5000    7.5000 2973.8660   13.5666
    7.5000    7.5000    7.5000 2923.4290   13.9442
   -7.5000   15.0000    7.5000 2898.9917   14.1893
    0.0000   15.0000    7.5000 2924.2307   13.9668
    7.5000   15.0000    7.5000 2877.3486   14.3180
   -7.5000   22.5000    7.5000 2822.5959   14.8696
    0.0000   22.5000    7.5000 2836.8911   14.6583
    7.5000   22.5000    7.5000 2797.8342   14.9416
   -7.5000   30.0000    7.5000 2706.1226   15.8313
    0.0000   30.0000    7.5000 2723.1382   15.6051
    7.5000   30.0000    7.5000 2690.0420   15.8776
   -7.5000   37.5000    7.5000 2572.7319   17.0813
    0.0000   37.5000    7.5000 2593.0120   16.8447
    7.5000   37.5000    7.5000 2566.1147   17.1322
   -7.5000   45.0000    7.5000 2429.5791   18.7413
    0.0000   45.0000    7.5000 2448.7258   18.5327
    7.5000   45.0000    7.5000 2425.2083   18.7783
   -7.5000  -45.0000   15.0000 2336.5962   20.6284
    0.0000  -45.0000   15.0000 2352.2520   20.5609
    7.5000  -45.0000   15.0000 2333.6028   20.9242
   -7.5000  -37.5000   15.0000 2454.4578   18.2998
    0.0000  -37.5000   15.0000 2472.0266   18.2155
    7.5000  -37.5000   15.0000 2457.2986   18.6222
   -7.5000  -30.0000   15.0000 2567.5505   16.4462
    0.0000  -30.0000   15.0000 2584.5583   16.3577
    7.5000  -30.0000   15.0000 2569.5796   16.7845
   -7.5000  -22.5000   15.0000 2675.7563   15.0436
    0.0000  -22.5000   15.0000 2699.0759   14.9807
    7.5000  -22.5000   15.0000 2679.8499   15.3685
   -7.5000  -15.0000   15.0000 2781.8350   14.1107
    0.0000  -15.0000   15.0000 2809.5662   14.0178
    7.5000  -15.0000   15.0000 2787.0759   14.4212
   -7.5000   -7.5000   15.0000 2870.7913   13.6549
    0.0000   -7.5000   15.0000 2902.5100   13.5201
    7.5000   -7.5000   15.0000 2871.0947   13.9046
   -7.5000    0.0000   15.0000 2932.3999   13.5278
    0.0000    0.0000   15.0000 2970.7180   13.3466
    7.5000    0.0000   15.0000 2924.0894   13.7224
   -7.5000    7.5000   15.0000 2949.6992   13.7380
    0.0000    7.5000   15.0000 2985.3459   13.5312
    7.5000    7.5000   15.0000 2930.4197   13.9020
   -7.5000   15.0000   15.0000 2901.3389   14.1838
    0.0000   15.0000   15.0000 2927.3611   13.9603
    7.5000   15.0000   15.0000 2878.7292   14.2808
   -7.5000   22.5000   15.0000 2818.4319   14.8020
    0.0000   22.5000   15.0000 2831.6331   14.5728
    7.5000   22.5000   15.0000 2788.3660   14.8437
   -7.5000   30.0000   15.0000 2703.8657   15.7465
    0.0000   30.0000   15.0000 2715.1089   15.4875
    7.5000   30.0000   15.0000 2677.7522   15.7424
   -7.5000   37.5000   15.0000 2565.9609   17.0286
    0.0000   37.5000   15.0000 2577.7227   16.7910
    7.5000   37.5000   15.0000 2553.1116   17.0305
   -7.5000   45.0000   15.0000 2420.7468   18.6919
    0.0000   45.0000   15.0000 2433.2671   18.4713
    7.5000   45.0000   15.0000 2411.6982   18.7063
   -7.5000  -45.0000   22.5000 2329.9961   20.9721
    0.0000  -45.0000   22.5000 2340.2932   20.8957
    7.5000  -45.0000   22.5000 2321.4268   21.2374
   -7.5000  -37.5000   22.5000 2445.4365   18.5953
    0.0000  -37.5000   22.5000 2459.0291   18.5052
    7.5000  -37.5000   22.5000 2439.1218   18.8725
   -7.5000  -30.0000   22.5000 2555.9924   16.7326
    0.0000  -30.0000   22.5000 2568.5198   16.6209
    7.5000  -30.0000   22.5000 2548.0520   16.9942
   -7.5000  -22.5000   22.5000 2658.5713   15.3155
    0.0000  -22.5000   22.5000 2675.2837   15.2136
    7.5000  -22.5000   22.5000 2657.3435   15.5775
   -7.5000  -15.0000   22.5000 2762.8958   14.3447
    0.0000  -15.0000   22.5000 2784.5886   14.2196
    7.5000  -15.0000   22.5000 2758.3733   14.5904
   -7.5000   -7.5000   22.5000 2847.2153   13.8439
    0.0000   -7.5000   22.5000 2868.1013   13.7033
    7.5000   -7.5000   22.5000 2838.8496   14.0815
   -7.5000    0.0000   22.5000 2905.7642   13.6868
    0.0000    0.0000   22.5000 2931.1567   13.5461
    7.5000    0.0000   22.5000 2891.7073   13.9546
   -7.5000    7.5000   22.5000 2918.8318   13.9533
    0.0000    7.5000   22.5000 2945.1089   13.7860
    7.5000    7.5000   22.5000 2896.3381   14.1604
   -7.5000   15.0000   22.5000 2864.6975   14.3845
    0.0000   15.0000   22.5000 2887.0750   14.2275
    7.5000   15.0000   22.5000 2841.5820   14.5229
   -7.5000   22.5000   22.5000 2780.5334   14.9901
    0.0000   22.5000   22.5000 2792.2900   14.8473
    7.5000   22.5000   22.5000 2753.5564   15.1079
   -7.5000   30.0000   22.5000 2673.3633   15.8941
    0.0000   30.0000   22.5000 2676.0095   15.7460
    7.5000   30.0000   22.5000 2645.3198   15.9720
   -7.5000   37.5000   22.5000 2539.1670   17.2004
    0.0000   37.5000   22.5000 2545.8462   17.0181
    7.5000   37.5000   22.5000 2524.5852   17.2335
   -7.5000   45.0000   22.5000 2401.8521   18.8176
    0.0000   45.0000   22.5000 2410.5442   18.6331
    7.5000   45.0000   22.5000 2387.4912   18.8574
   -7.5000  -45.0000   30.0000 2304.6677   21.5921
    0.0000  -45.0000   30.0000 2311.6680   21.5324
    7.5000  -45.0000   30.0000 2290.3367   21.8972
   -7.5000  -37.5000   30.0000 2418.1582   19.1732
    0.0000  -37.5000   30.0000 2429.4412   19.0737
    7.5000  -37.5000   30.0000 2407.1873   19.4223
   -7.5000  -30.0000   30.0000 2523.9431   17.2840
    0.0000  -30.0000   30.0000 2533.4766   17.1473
    7.5000  -30.0000   30.0000 2513.0164   17.4988
   -7.5000  -22.5000   30.0000 2626.1882   15.8525
    0.0000  -22.5000   30.0000 2633.9788   15.7116
    7.5000  -22.5000   30.0000 2614.7517   16.0914
   -7.5000  -15.0000   30.0000 2724.2908   14.8676
    0.0000  -15.0000   30.0000 2734.7898   14.7402
    7.5000  -15.0000   30.0000 2704.6968   15.0918
   -7.5000   -7.5000   30.0000 2804.0898   14.3456
    0.0000   -7.5000   30.0000 2815.7092   14.2280
    7.5000   -7.5000   30.0000 2779.9265   14.5686
   -7.5000    0.0000   30.0000 2849.3499   14.1728
    0.0000    0.0000   30.0000 2865.8589   14.0519
    7.5000    0.0000   30.0000 2824.0554   14.4074
   -7.5000    7.5000   30.0000 2849.7908   14.3935
    0.0000    7.5000   30.0000 2868.0352   14.2717
    7.5000    7.5000   30.0000 2827.9690   14.5550
   -7.5000   15.0000   30.0000 2795.5552   14.8326
    0.0000   15.0000   30.0000 2815.4297   14.7234
    7.5000   15.0000   30.0000 2774.0110   14.9633
   -7.5000   22.5000   30.0000 2712.9148   15.4886
    0.0000   22.5000   30.0000 2730.6921   15.3756
    7.5000   22.5000   30.0000 2696.3762   15.6268
   -7.5000   30.0000   30.0000 2610.7336   16.4134
    0.0000   30.0000   30.0000 2619.3203   16.2788
    7.5000   30.0000   30.0000 2590.2083   16.5443
   -7.5000   37.5000   30.0000 2484.8289   17.6928
    0.0000   37.5000   30.0000 2491.0215   17.5564
    7.5000   37.5000   30.0000 2469.2637   17.7944
   -7.5000   45.0000   30.0000 2352.4758   19.2676
    0.0000   45.0000   30.0000 2362.1858   19.1550
    7.5000   45.0000   30.0000 2340.8608   19.3845
   -7.5000  -45.0000   37.5000 2260.0312   22.5152
    0.0000  -45.0000   37.5000 2259.7957   22.4593
    7.5000  -45.0000   37.5000 2246.4204   22.8848
   -7.5000  -37.5000   37.5000 2370.3608   20.0153
    0.0000  -37.5000   37.5000 2376.5967   19.9181
    7.5000  -37.5000   37.5000 2358.7173   20.3139
   -7.5000  -30.0000   37.5000 2475.3708   18.1086
    0.0000  -30.0000   37.5000 2484.8613   17.9852
    7.5000  -30.0000   37.5000 2461.1909   18.3193
   -7.5000  -22.5000   37.5000 2578.1304   16.7075
    0.0000  -22.5000   37.5000 2585.8127   16.5792
    7.5000  -22.5000   37.5000 2555.5046   16.8996
   -7.5000  -15.0000   37.5000 2663.6689   15.7440
    0.0000  -15.0000   37.5000 2670.2952   15.6049
    7.5000  -15.0000   37.5000 2634.4749   15.9094
   -7.5000   -7.5000   37.5000 2735.7046   15.1447
    0.0000   -7.5000   37.5000 2743.7949   15.0128
    7.5000   -7.5000   37.5000 2705.4355   15.3292
   -7.5000    0.0000   37.5000 2774.2532   14.9237
    0.0000    0.0000   37.5000 2782.8108   14.7968
    7.5000    0.0000   37.5000 2744.4788   15.1213
   -7.5000    7.5000   37.5000 2767.3137   15.0779
    0.0000    7.5000   37.5000 2776.2263   14.9667
    7.5000    7.5000   37.5000 2745.5710   15.2274
   -7.5000   15.0000   37.5000 2709.8933   15.5494
    0.0000   15.0000   37.5000 2725.6584   15.4443
    7.5000   15.0000   37.5000 2695.8582   15.6807
   -7.5000   22.5000   37.5000 2627.1272   16.2421
    0.0000   22.5000   37.5000 2642.8574   16.1491
    7.5000   22.5000   37.5000 2619.3938   16.3770
   -7.5000   30.0000   37.5000 2533.8132   17.1829
    0.0000   30.0000   37.5000 2543.3943   17.1103
    7.5000   30.0000   37.5000 2521.7559   17.3315
   -7.5000   37.5000   37.5000 2421.4666   18.4623
    0.0000   37.5000   37.5000 2429.5737   18.3797
    7.5000   37.5000   37.5000 2411.2275   18.6051
   -7.5000   45.0000   37.5000 2294.6616   20.0540
    0.0000   45.0000   37.5000 2305.3464   19.9337
    7.5000   45.0000   37.5000 2286.5991   20.1807
   -7.5000  -45.0000   45.0000 2198.9995   23.7644
    0.0000  -45.0000   45.0000 2199.3159   23.7002
    7.5000  -45.0000   45.0000 2187.7334   24.1712
   -7.5000  -37.5000   45.0000 2306.1636   21.2297
    0.0000  -37.5000   45.0000 2312.3281   21.1341
    7.5000  -37.5000   45.0000 2297.8926   21.5312
   -7.5000  -30.0000   45.0000 2409.3201   19.3249
    0.0000  -30.0000   45.0000 2415.4812   19.2000
    7.5000  -30.0000   45.0000 2391.6238   19.4995
   -7.5000  -22.5000   45.0000 2507.1848   17.8586
    0.0000  -22.5000   45.0000 2513.9094   17.7369
    7.5000  -22.5000   45.0000 2481.6865   17.9812
   -7.5000  -15.0000   45.0000 2586.1787   16.8246
    0.0000  -15.0000   45.0000 2591.9683   16.7241
    7.5000  -15.0000   45.0000 2554.0132   16.9580
   -7.5000   -7.5000   45.0000 2651.2000   16.1742
    0.0000   -7.5000   45.0000 2660.1941   16.0636
    7.5000   -7.5000   45.0000 2616.7412   16.3408
   -7.5000    0.0000   45.0000 2676.4692   15.9025
    0.0000    0.0000   45.0000 2683.1851   15.7987
    7.5000    0.0000   45.0000 2646.7168   16.0651
   -7.5000    7.5000   45.0000 2666.9402   16.0231
    0.0000    7.5000   45.0000 2674.4888   15.9159
    7.5000    7.5000   45.0000 2645.1021   16.1543
   -7.5000   15.0000   45.0000 2614.9895   16.5039
    0.0000   15.0000   45.0000 2623.0745   16.3925
    7.5000   15.0000   45.0000 2595.7837   16.5962
   -7.5000   22.5000   45.0000 2538.7600   17.2249
    0.0000   22.5000   45.0000 2545.4998   17.1422
    7.5000   22.5000   45.0000 2525.1084   17.3280
   -7.5000   30.0000   45.0000 2447.2202   18.2123
    0.0000   30.0000   45.0000 2457.6470   18.1275
    7.5000   30.0000   45.0000 2434.7051   18.3162
   -7.5000   37.5000   45.0000 2346.5427   19.4799
    0.0000   37.5000   45.0000 2349.1624   19.3797
    7.5000   37.5000   45.0000 2330.1667   19.5875
   -7.5000   45.0000   45.0000 2228.3296   21.0983
    0.0000   45.0000   45.0000 2232.3625   20.9886
    7.5000   45.0000   45.0000 2216.1416   21.1772

---------------------------------------------------------------------
imgreg_4dfp /opt/freesurfer/average/711-2C_as_mni_average_305 /opt/freesurfer/average/711-2B_as_mni_average_305_mask talsrcimg_g11 none talsrcimg_to_711-2C_as_mni_average_305_t4 1283
---------------------------------------------------------------------

freesurfer imgreg_4dfp.c
/opt/freesurfer/average/711-2C_as_mni_average_305.4dfp.img
       256       256       256         1
  1.000000  1.000000  1.000000
orientation T byte_order littleendian
Reading image: /opt/freesurfer/average/711-2C_as_mni_average_305.4dfp.img
dimensions:      256       256       256
mmppix:       1.0000   -1.0000   -1.0000
center:     128.0000 -129.0000 -129.0000
/opt/freesurfer/average/711-2B_as_mni_average_305_mask.4dfp.img
       256       256       256         1
  1.000000  1.000000  1.000000
orientation T byte_order littleendian
Reading mask: /opt/freesurfer/average/711-2B_as_mni_average_305_mask.4dfp.img (2306576 pixels)
talsrcimg_g11.4dfp.img
       256       256       256         1
  1.000000  1.000000  1.000000
orientation T byte_order littleendian
Reading image: talsrcimg_g11.4dfp.img
dimensions:      256       256       256
mmppix:       1.0000   -1.0000   -1.0000
center:     128.0000 -129.0000 -129.0000
rotation matrix determinant  1.000000
fimgreg.f
image alignment mode   1283 decimal      503 hex
parameters
    0.0000    7.5000   15.0000    0.0000    0.0000    0.0000
eta,q 0.93710 13.48737
niter,ni,del,rscale     5    3   12.0000    1.2000
parameter  5 -0.607958 -> -0.500000 qaram    1.1500
parameters
   -0.6678    6.6218   13.1615   -1.6294    3.4500    2.0542
eta,q 0.94234 13.30445
  0.0704  0.0674  0.0637  0.0613  0.0703  0.0649
  0.0658  0.0639  0.0618  0.0606  0.0659  0.0620
  0.0615  0.0611  0.0601  0.0599  0.0620  0.0594
  0.0611  0.0605  0.0603  0.0599  0.0598  0.0581
  0.0639  0.0632  0.0634  0.0607  0.0583  0.0577
  0.0692  0.0675  0.0683  0.0628  0.0581  0.0580
  0.0755  0.0727  0.0731  0.0660  0.0587  0.0594
niter,ni,del,rscale     5    3   12.0000    1.2000
parameter  5 -0.563311 -> -0.500000 qaram    1.3225
parameters
   -1.7710    6.5661   12.9601   -2.7556    7.4175    0.7994
eta,q 0.94391 13.27627
  0.0646  0.0660  0.0631  0.0588  0.0664  0.0588
  0.0608  0.0617  0.0601  0.0591  0.0627  0.0568
  0.0585  0.0591  0.0579  0.0587  0.0605  0.0561
  0.0577  0.0580  0.0580  0.0579  0.0584  0.0565
  0.0592  0.0587  0.0583  0.0577  0.0569  0.0577
  0.0657  0.0618  0.0597  0.0593  0.0566  0.0593
  0.0753  0.0666  0.0645  0.0617  0.0580  0.0609
niter,ni,del,rscale     5    3   12.0000    1.2000
parameters
   -3.7090    6.5724   12.3567   -2.5306    7.9955   -0.9882
eta,q 0.94686 13.25450
  0.0616  0.0613  0.0597  0.0553  0.0655  0.0555
  0.0568  0.0573  0.0560  0.0551  0.0616  0.0539
  0.0543  0.0549  0.0542  0.0546  0.0571  0.0531
  0.0561  0.0542  0.0542  0.0541  0.0541  0.0538
  0.0617  0.0550  0.0549  0.0536  0.0544  0.0554
  0.0690  0.0571  0.0579  0.0541  0.0579  0.0571
  0.0775  0.0614  0.0627  0.0559  0.0641  0.0595
niter,ni,del,rscale     4    3   12.0000    1.2000
parameters
   -4.3110    6.7892   12.1406   -2.4123    8.8299   -1.6442
eta,q 0.94715 13.25163
  0.0653  0.0609  0.0598  0.0548  0.0667  0.0561
  0.0597  0.0570  0.0555  0.0540  0.0617  0.0542
  0.0551  0.0545  0.0531  0.0536  0.0562  0.0531
  0.0531  0.0533  0.0533  0.0532  0.0532  0.0529
  0.0564  0.0543  0.0541  0.0526  0.0537  0.0539
  0.0637  0.0562  0.0561  0.0533  0.0575  0.0556
  0.0712  0.0600  0.0607  0.0553  0.0629  0.0574
niter,ni,del,rscale     3    3   12.0000    1.2000
parameters
   -4.6892    6.7770   12.0018   -2.7091    9.4616   -1.9412
eta,q 0.94711 13.24830
  0.0659  0.0602  0.0596  0.0545  0.0662  0.0567
  0.0604  0.0566  0.0552  0.0536  0.0605  0.0546
  0.0552  0.0541  0.0527  0.0533  0.0553  0.0532
  0.0528  0.0530  0.0530  0.0529  0.0530  0.0529
  0.0553  0.0542  0.0539  0.0525  0.0541  0.0538
  0.0624  0.0564  0.0555  0.0534  0.0580  0.0554
  0.0704  0.0605  0.0600  0.0556  0.0628  0.0571
niter,ni,del,rscale     2    3   12.0000    1.2000
parameters
   -4.9112    6.8470   11.7894   -3.0525    9.8864   -2.1143
eta,q 0.94702 13.24949
  0.0664  0.0603  0.0591  0.0545  0.0654  0.0570
  0.0610  0.0567  0.0551  0.0535  0.0594  0.0548
  0.0557  0.0543  0.0527  0.0532  0.0549  0.0533
  0.0529  0.0530  0.0530  0.0529  0.0530  0.0530
  0.0549  0.0541  0.0541  0.0526  0.0547  0.0538
  0.0616  0.0562  0.0554  0.0536  0.0583  0.0555
  0.0697  0.0603  0.0599  0.0555  0.0627  0.0571
niter,ni,del,rscale     1    3   12.0000    1.2000
parameters
   -5.0470    6.9899   11.5649   -3.4626   10.1677   -2.1853
eta,q 0.94695 13.25315
  0.0666  0.0605  0.0588  0.0545  0.0647  0.0573
  0.0612  0.0569  0.0551  0.0535  0.0588  0.0551
  0.0559  0.0545  0.0529  0.0532  0.0546  0.0535
  0.0530  0.0530  0.0531  0.0529  0.0530  0.0530
  0.0549  0.0540  0.0543  0.0527  0.0550  0.0539
  0.0611  0.0560  0.0555  0.0537  0.0584  0.0556
  0.0691  0.0602  0.0596  0.0555  0.0626  0.0571
registration optimization eta report
parameter search radius
    6.0000    6.0000    6.0000    6.0000    7.9350    6.0000
100000*second partial in parameter space
       40.       19.       17.        6.       16.       11.
  0.0666  0.0605  0.0588  0.0545  0.0647  0.0573
  0.0612  0.0569  0.0551  0.0535  0.0588  0.0551
  0.0559  0.0545  0.0529  0.0532  0.0546  0.0535
  0.0530  0.0530  0.0531  0.0529  0.0530  0.0530
  0.0549  0.0540  0.0543  0.0527  0.0550  0.0539
  0.0611  0.0560  0.0555  0.0537  0.0584  0.0556
  0.0691  0.0602  0.0596  0.0555  0.0626  0.0571
   -5.0470    6.9899   11.5649   -3.4626   10.1677   -2.1853
eta,q 0.94695 13.25315

---------------------------------------------------------------------
imgreg_4dfp /opt/freesurfer/average/711-2C_as_mni_average_305 /opt/freesurfer/average/711-2B_as_mni_average_305_mask talsrcimg_g11 none talsrcimg_to_711-2C_as_mni_average_305_t4 3335
---------------------------------------------------------------------

freesurfer imgreg_4dfp.c
/opt/freesurfer/average/711-2C_as_mni_average_305.4dfp.img
       256       256       256         1
  1.000000  1.000000  1.000000
orientation T byte_order littleendian
Reading image: /opt/freesurfer/average/711-2C_as_mni_average_305.4dfp.img
dimensions:      256       256       256
mmppix:       1.0000   -1.0000   -1.0000
center:     128.0000 -129.0000 -129.0000
/opt/freesurfer/average/711-2B_as_mni_average_305_mask.4dfp.img
       256       256       256         1
  1.000000  1.000000  1.000000
orientation T byte_order littleendian
Reading mask: /opt/freesurfer/average/711-2B_as_mni_average_305_mask.4dfp.img (2306576 pixels)
talsrcimg_g11.4dfp.img
       256       256       256         1
  1.000000  1.000000  1.000000
orientation T byte_order littleendian
Reading image: talsrcimg_g11.4dfp.img
dimensions:      256       256       256
mmppix:       1.0000   -1.0000   -1.0000
center:     128.0000 -129.0000 -129.0000
fimgreg.f
image alignment mode   3335 decimal      D07 hex
parameters
   -5.0470    6.9899   11.5649   -1.6420   -0.2958   -1.7502
    4.8715  -17.3776   -3.7532    6.7072   17.6530   -5.9448
eta,q 0.94598 13.34428
niter,ni,del,rscale     5    3    5.0000    1.2000
parameter  4  1.134544 ->  0.500000 qaram    1.1500
parameter  5  1.753662 ->  0.500000 qaram    1.1500
parameter  6  1.614896 ->  0.500000 qaram    1.1500
parameter 11  1.135741 ->  0.500000 qaram    1.1500
parameter 12  0.672979 ->  0.500000 qaram    1.1500
parameters
   -5.2883    7.4999   12.2113   -5.7820   -4.4358   -5.8902
    3.3785  -16.2556   -0.7753    6.9690   13.5130  -10.0848
eta,q 0.95788 12.47232
  0.0558  0.0558  0.0558  0.0501  0.0468  0.0421  0.0448  0.0478  0.0453  0.0456  0.0423  0.0421
  0.0547  0.0549  0.0549  0.0508  0.0477  0.0433  0.0440  0.0458  0.0445  0.0445  0.0424  0.0421
  0.0541  0.0543  0.0543  0.0520  0.0491  0.0451  0.0437  0.0443  0.0440  0.0438  0.0428  0.0422
  0.0540  0.0540  0.0540  0.0539  0.0511  0.0480  0.0438  0.0436  0.0436  0.0435  0.0434  0.0425
  0.0544  0.0540  0.0539  0.0564  0.0534  0.0514  0.0442  0.0437  0.0435  0.0436  0.0443  0.0431
  0.0553  0.0542  0.0541  0.0596  0.0558  0.0550  0.0450  0.0445  0.0435  0.0443  0.0453  0.0439
  0.0568  0.0547  0.0545  0.0635  0.0587  0.0593  0.0462  0.0458  0.0438  0.0454  0.0465  0.0450
niter,ni,del,rscale     7    3    5.0000    1.2000
parameter  2 -0.898393 -> -0.500000 qaram    1.1500
parameter  5  0.975939 ->  0.500000 qaram    1.3225
parameter  6  0.963216 ->  0.500000 qaram    1.3225
parameter 10 -0.710515 -> -0.500000 qaram    1.1500
parameters
   -4.7965    8.8799   11.1584   -9.0946   -9.1968  -10.6512
    3.2725  -14.1401    0.3866   11.1090   11.4261  -13.7859
eta,q 0.96543 11.83862
  0.0454  0.0457  0.0412  0.0414  0.0379  0.0350  0.0379  0.0406  0.0371  0.0394  0.0357  0.0350
  0.0439  0.0443  0.0408  0.0405  0.0382  0.0357  0.0368  0.0385  0.0364  0.0378  0.0351  0.0346
  0.0428  0.0430  0.0408  0.0403  0.0389  0.0367  0.0361  0.0370  0.0359  0.0365  0.0349  0.0346
  0.0421  0.0420  0.0410  0.0407  0.0402  0.0384  0.0359  0.0359  0.0356  0.0356  0.0349  0.0348
  0.0420  0.0413  0.0415  0.0421  0.0423  0.0413  0.0362  0.0356  0.0356  0.0351  0.0354  0.0354
  0.0425  0.0410  0.0422  0.0443  0.0449  0.0452  0.0369  0.0361  0.0359  0.0349  0.0361  0.0363
  0.0435  0.0410  0.0432  0.0475  0.0478  0.0496  0.0380  0.0373  0.0364  0.0350  0.0371  0.0375
niter,ni,del,rscale     7    3    5.0000    1.2000
parameter  2 -1.437151 -> -0.500000 qaram    1.3225
parameter  3  0.616291 ->  0.500000 qaram    1.1500
parameter  5  0.564756 ->  0.500000 qaram    1.5209
parameter  6  0.513254 ->  0.500000 qaram    1.5209
parameter 10 -0.797265 -> -0.500000 qaram    1.3225
parameters
   -4.5025   10.4669    9.7784   -7.7023  -14.6720  -16.1264
    3.1103  -13.2535    1.2143   15.8700   11.5636  -16.0219
eta,q 0.97183 11.45375
  0.0375  0.0403  0.0322  0.0359  0.0313  0.0303  0.0316  0.0331  0.0313  0.0350  0.0296  0.0290
  0.0360  0.0381  0.0320  0.0342  0.0308  0.0297  0.0305  0.0314  0.0305  0.0329  0.0289  0.0284
  0.0350  0.0362  0.0321  0.0328  0.0310  0.0298  0.0298  0.0302  0.0299  0.0311  0.0285  0.0282
  0.0346  0.0345  0.0325  0.0320  0.0318  0.0308  0.0296  0.0296  0.0296  0.0296  0.0283  0.0283
  0.0347  0.0332  0.0331  0.0319  0.0333  0.0326  0.0299  0.0297  0.0297  0.0287  0.0284  0.0288
  0.0353  0.0323  0.0341  0.0326  0.0356  0.0362  0.0307  0.0304  0.0300  0.0283  0.0288  0.0296
  0.0363  0.0318  0.0354  0.0342  0.0387  0.0412  0.0317  0.0318  0.0307  0.0284  0.0295  0.0306
niter,ni,del,rscale     7    3    5.0000    1.2000
parameter  2 -1.061198 -> -0.500000 qaram    1.5209
parameter 12  0.517217 ->  0.500000 qaram    1.3225
parameters
   -4.2931   12.2920    8.6505   -7.3740  -15.5941  -17.1915
    3.3493  -13.0022    1.1419   19.1417   12.0711  -20.7829
eta,q 0.97583 11.46780
  0.0311  0.0369  0.0258  0.0282  0.0290  0.0292  0.0275  0.0286  0.0269  0.0320  0.0259  0.0246
  0.0296  0.0337  0.0252  0.0268  0.0268  0.0270  0.0262  0.0268  0.0260  0.0291  0.0252  0.0242
  0.0286  0.0307  0.0251  0.0257  0.0254  0.0256  0.0254  0.0256  0.0253  0.0267  0.0248  0.0242
  0.0282  0.0281  0.0254  0.0251  0.0251  0.0251  0.0251  0.0251  0.0251  0.0251  0.0246  0.0246
  0.0283  0.0263  0.0262  0.0252  0.0258  0.0255  0.0254  0.0254  0.0254  0.0246  0.0247  0.0254
  0.0290  0.0253  0.0274  0.0262  0.0277  0.0277  0.0261  0.0264  0.0260  0.0251  0.0250  0.0264
  0.0302  0.0251  0.0290  0.0281  0.0308  0.0322  0.0272  0.0282  0.0270  0.0266  0.0257  0.0276
niter,ni,del,rscale     7    3    5.0000    1.2000
parameters
   -4.1130   13.5570    7.5040   -6.8691  -16.3461  -17.2010
    3.9440  -13.0215    1.1265   21.5895   12.3284  -23.2901
eta,q 0.97739 11.52933
  0.0274  0.0328  0.0238  0.0264  0.0272  0.0285  0.0258  0.0267  0.0249  0.0296  0.0242  0.0239
  0.0257  0.0290  0.0232  0.0250  0.0250  0.0259  0.0244  0.0247  0.0239  0.0266  0.0235  0.0230
  0.0246  0.0260  0.0231  0.0238  0.0235  0.0240  0.0234  0.0234  0.0233  0.0243  0.0230  0.0226
  0.0242  0.0242  0.0235  0.0231  0.0231  0.0230  0.0230  0.0230  0.0230  0.0230  0.0228  0.0228
  0.0244  0.0235  0.0242  0.0231  0.0237  0.0231  0.0232  0.0235  0.0233  0.0229  0.0229  0.0236
  0.0252  0.0241  0.0254  0.0241  0.0256  0.0249  0.0239  0.0247  0.0239  0.0236  0.0233  0.0247
  0.0265  0.0258  0.0270  0.0260  0.0289  0.0295  0.0250  0.0267  0.0249  0.0252  0.0241  0.0261
niter,ni,del,rscale     6    3    5.0000    1.2000
parameters
   -3.9355   13.8509    6.9673   -6.6636  -16.9719  -17.3066
    4.2669  -12.9641    1.3114   22.6315   12.1236  -24.3533
eta,q 0.97757 11.53212
  0.0260  0.0287  0.0239  0.0258  0.0266  0.0282  0.0251  0.0264  0.0244  0.0277  0.0238  0.0243
  0.0243  0.0255  0.0230  0.0244  0.0244  0.0256  0.0237  0.0243  0.0234  0.0250  0.0231  0.0232
  0.0231  0.0234  0.0225  0.0232  0.0229  0.0236  0.0228  0.0229  0.0227  0.0232  0.0227  0.0225
  0.0226  0.0226  0.0226  0.0225  0.0225  0.0225  0.0225  0.0225  0.0225  0.0225  0.0225  0.0225
  0.0228  0.0230  0.0231  0.0226  0.0230  0.0225  0.0227  0.0229  0.0227  0.0227  0.0226  0.0230
  0.0237  0.0245  0.0241  0.0237  0.0248  0.0245  0.0234  0.0242  0.0232  0.0239  0.0231  0.0240
  0.0252  0.0269  0.0255  0.0259  0.0280  0.0296  0.0246  0.0263  0.0242  0.0258  0.0241  0.0253
niter,ni,del,rscale     5    3    5.0000    1.2000
parameters
   -3.8424   14.0467    6.7122   -6.5501  -17.3403  -17.4907
    4.3409  -12.8900    1.4645   23.1991   11.9743  -24.8017
eta,q 0.97759 11.52576
  0.0257  0.0280  0.0242  0.0257  0.0266  0.0281  0.0248  0.0264  0.0242  0.0271  0.0238  0.0246
  0.0239  0.0251  0.0231  0.0243  0.0244  0.0255  0.0235  0.0243  0.0233  0.0246  0.0231  0.0234
  0.0228  0.0232  0.0225  0.0231  0.0229  0.0235  0.0227  0.0229  0.0226  0.0230  0.0226  0.0226
  0.0224  0.0224  0.0224  0.0224  0.0224  0.0224  0.0224  0.0224  0.0224  0.0224  0.0224  0.0224
  0.0227  0.0229  0.0228  0.0225  0.0229  0.0225  0.0227  0.0228  0.0226  0.0228  0.0225  0.0228
  0.0236  0.0245  0.0237  0.0237  0.0245  0.0246  0.0235  0.0241  0.0232  0.0240  0.0231  0.0237
  0.0252  0.0268  0.0250  0.0260  0.0275  0.0298  0.0247  0.0263  0.0241  0.0260  0.0240  0.0250
niter,ni,del,rscale     4    3    5.0000    1.2000
parameters
   -3.7956   14.1828    6.5501   -6.4817  -17.5760  -17.6759
    4.3545  -12.8440    1.5521   23.5396   11.8907  -25.0137
eta,q 0.97758 11.51743
  0.0255  0.0277  0.0244  0.0257  0.0266  0.0281  0.0248  0.0264  0.0242  0.0268  0.0238  0.0247
  0.0238  0.0249  0.0232  0.0242  0.0244  0.0255  0.0235  0.0243  0.0232  0.0244  0.0231  0.0234
  0.0228  0.0231  0.0226  0.0231  0.0229  0.0235  0.0226  0.0229  0.0226  0.0229  0.0226  0.0227
  0.0224  0.0224  0.0224  0.0224  0.0224  0.0224  0.0224  0.0224  0.0224  0.0224  0.0224  0.0224
  0.0227  0.0229  0.0228  0.0226  0.0228  0.0225  0.0227  0.0229  0.0226  0.0229  0.0225  0.0228
  0.0237  0.0245  0.0236  0.0237  0.0244  0.0246  0.0235  0.0242  0.0232  0.0241  0.0231  0.0236
  0.0253  0.0269  0.0248  0.0260  0.0273  0.0297  0.0247  0.0263  0.0241  0.0261  0.0240  0.0249
niter,ni,del,rscale     3    3    5.0000    1.2000
parameters
   -3.7677   14.2764    6.4405   -6.4398  -17.7348  -17.8152
    4.3547  -12.8148    1.5939   23.7641   11.8549  -25.1326
eta,q 0.97756 11.51060
  0.0255  0.0275  0.0244  0.0257  0.0266  0.0281  0.0248  0.0263  0.0242  0.0267  0.0238  0.0247
  0.0238  0.0248  0.0233  0.0242  0.0245  0.0255  0.0235  0.0243  0.0232  0.0243  0.0231  0.0235
  0.0228  0.0230  0.0226  0.0231  0.0230  0.0235  0.0227  0.0229  0.0227  0.0229  0.0227  0.0227
  0.0224  0.0224  0.0224  0.0224  0.0224  0.0224  0.0224  0.0224  0.0224  0.0224  0.0224  0.0224
  0.0227  0.0230  0.0227  0.0226  0.0228  0.0225  0.0228  0.0229  0.0226  0.0229  0.0225  0.0228
  0.0237  0.0246  0.0235  0.0237  0.0243  0.0245  0.0235  0.0242  0.0232  0.0241  0.0231  0.0236
  0.0253  0.0269  0.0248  0.0261  0.0272  0.0296  0.0247  0.0263  0.0242  0.0262  0.0240  0.0248
niter,ni,del,rscale     2    3    5.0000    1.2000
parameters
   -3.7474   14.3401    6.3651   -6.4129  -17.8474  -17.9195
    4.3545  -12.7949    1.6135   23.9116   11.8394  -25.1980
eta,q 0.97754 11.50492
  0.0254  0.0274  0.0245  0.0257  0.0266  0.0281  0.0248  0.0263  0.0242  0.0266  0.0238  0.0248
  0.0238  0.0247  0.0233  0.0243  0.0245  0.0256  0.0235  0.0243  0.0233  0.0243  0.0232  0.0235
  0.0228  0.0230  0.0226  0.0231  0.0230  0.0235  0.0227  0.0229  0.0227  0.0229  0.0227  0.0227
  0.0224  0.0224  0.0224  0.0224  0.0224  0.0224  0.0225  0.0225  0.0225  0.0225  0.0225  0.0225
  0.0228  0.0230  0.0228  0.0226  0.0228  0.0225  0.0228  0.0229  0.0227  0.0230  0.0226  0.0228
  0.0237  0.0246  0.0235  0.0237  0.0243  0.0245  0.0236  0.0242  0.0232  0.0242  0.0231  0.0236
  0.0253  0.0270  0.0247  0.0261  0.0271  0.0296  0.0247  0.0263  0.0242  0.0262  0.0240  0.0248
niter,ni,del,rscale     1    3    5.0000    1.2000
parameters
   -3.7344   14.3856    6.3115   -6.3906  -17.9285  -17.9999
    4.3583  -12.7842    1.6202   24.0191   11.8314  -25.2406
eta,q 0.97753 11.50073
  0.0254  0.0273  0.0246  0.0257  0.0266  0.0281  0.0248  0.0263  0.0242  0.0265  0.0239  0.0248
  0.0238  0.0247  0.0234  0.0243  0.0245  0.0256  0.0235  0.0243  0.0233  0.0243  0.0232  0.0235
  0.0228  0.0230  0.0227  0.0231  0.0230  0.0235  0.0227  0.0229  0.0227  0.0229  0.0227  0.0227
  0.0225  0.0225  0.0225  0.0225  0.0225  0.0225  0.0225  0.0225  0.0225  0.0225  0.0225  0.0225
  0.0228  0.0231  0.0228  0.0226  0.0228  0.0225  0.0228  0.0229  0.0227  0.0230  0.0226  0.0228
  0.0238  0.0246  0.0235  0.0238  0.0243  0.0245  0.0236  0.0242  0.0233  0.0242  0.0231  0.0236
  0.0254  0.0270  0.0247  0.0261  0.0271  0.0295  0.0248  0.0263  0.0242  0.0263  0.0240  0.0248
registration optimization eta report
parameter search radius
    2.4000    3.6501    2.7600    8.2800   10.9503   10.9503
    7.2000    7.2000    7.2000    9.5220    8.2800    9.5220
100000*second partial in parameter space
       51.       35.       28.        5.        4.        5.
        4.        7.        3.        4.        2.        3.
  0.0254  0.0273  0.0246  0.0257  0.0266  0.0281  0.0248  0.0263  0.0242  0.0265  0.0239  0.0248
  0.0238  0.0247  0.0234  0.0243  0.0245  0.0256  0.0235  0.0243  0.0233  0.0243  0.0232  0.0235
  0.0228  0.0230  0.0227  0.0231  0.0230  0.0235  0.0227  0.0229  0.0227  0.0229  0.0227  0.0227
  0.0225  0.0225  0.0225  0.0225  0.0225  0.0225  0.0225  0.0225  0.0225  0.0225  0.0225  0.0225
  0.0228  0.0231  0.0228  0.0226  0.0228  0.0225  0.0228  0.0229  0.0227  0.0230  0.0226  0.0228
  0.0238  0.0246  0.0235  0.0238  0.0243  0.0245  0.0236  0.0242  0.0233  0.0242  0.0231  0.0236
  0.0254  0.0270  0.0247  0.0261  0.0271  0.0295  0.0248  0.0263  0.0242  0.0263  0.0240  0.0248
   -3.7344   14.3856    6.3115   -6.3906  -17.9285  -17.9999
    4.3583  -12.7842    1.6202   24.0191   11.8314  -25.2406
eta,q 0.97753 11.50073

---------------------------------------------------------------------
imgreg_4dfp /opt/freesurfer/average/711-2C_as_mni_average_305 /opt/freesurfer/average/711-2B_as_mni_average_305_mask talsrcimg_g11 none talsrcimg_to_711-2C_as_mni_average_305_t4 2311
---------------------------------------------------------------------

freesurfer imgreg_4dfp.c
/opt/freesurfer/average/711-2C_as_mni_average_305.4dfp.img
       256       256       256         1
  1.000000  1.000000  1.000000
orientation T byte_order littleendian
Reading image: /opt/freesurfer/average/711-2C_as_mni_average_305.4dfp.img
dimensions:      256       256       256
mmppix:       1.0000   -1.0000   -1.0000
center:     128.0000 -129.0000 -129.0000
/opt/freesurfer/average/711-2B_as_mni_average_305_mask.4dfp.img
       256       256       256         1
  1.000000  1.000000  1.000000
orientation T byte_order littleendian
Reading mask: /opt/freesurfer/average/711-2B_as_mni_average_305_mask.4dfp.img (2306576 pixels)
talsrcimg_g11.4dfp.img
       256       256       256         1
  1.000000  1.000000  1.000000
orientation T byte_order littleendian
Reading image: talsrcimg_g11.4dfp.img
dimensions:      256       256       256
mmppix:       1.0000   -1.0000   -1.0000
center:     128.0000 -129.0000 -129.0000
fimgreg.f
image alignment mode   2311 decimal      907 hex
parameters
   -3.7344   14.3856    6.3115   -6.3906  -17.9285  -17.9999
    4.3583  -12.7842    1.6202   24.0192   11.8314  -25.2406
eta,q 0.97753 11.50072
niter,ni,del,rscale     5    3    5.0000    0.8000
parameters
   -3.7246   14.3592    6.2543   -5.7199  -17.5051  -16.5306
    4.3169  -13.0008    1.6647   23.9060   11.6827  -25.6500
eta,q 0.97771 11.62839
  0.0238  0.0234  0.0232  0.0239  0.0234  0.0241  0.0234  0.0242  0.0231  0.0233  0.0229  0.0229
  0.0231  0.0229  0.0228  0.0233  0.0229  0.0233  0.0228  0.0231  0.0227  0.0227  0.0226  0.0225
  0.0226  0.0226  0.0225  0.0228  0.0226  0.0227  0.0224  0.0225  0.0224  0.0224  0.0224  0.0223
  0.0225  0.0225  0.0225  0.0225  0.0224  0.0224  0.0223  0.0223  0.0223  0.0223  0.0223  0.0223
  0.0226  0.0226  0.0226  0.0225  0.0225  0.0223  0.0225  0.0226  0.0224  0.0224  0.0224  0.0224
  0.0231  0.0229  0.0228  0.0228  0.0227  0.0224  0.0228  0.0234  0.0227  0.0228  0.0226  0.0227
  0.0238  0.0235  0.0233  0.0234  0.0231  0.0228  0.0234  0.0245  0.0231  0.0234  0.0230  0.0231
niter,ni,del,rscale     4    3    5.0000    0.7000
parameters
   -3.7213   14.2313    6.5741   -5.8997  -17.3121  -15.8997
    4.3132  -13.0527    1.7097   23.6584   11.6507  -25.4723
eta,q 0.97779 11.65237
  0.0234  0.0229  0.0232  0.0232  0.0230  0.0233  0.0231  0.0238  0.0229  0.0229  0.0227  0.0228
  0.0228  0.0225  0.0227  0.0227  0.0226  0.0228  0.0226  0.0229  0.0225  0.0225  0.0224  0.0225
  0.0224  0.0223  0.0224  0.0224  0.0223  0.0225  0.0223  0.0224  0.0223  0.0223  0.0223  0.0223
  0.0223  0.0223  0.0223  0.0223  0.0223  0.0222  0.0222  0.0222  0.0222  0.0222  0.0222  0.0222
  0.0224  0.0224  0.0223  0.0224  0.0223  0.0222  0.0223  0.0224  0.0223  0.0223  0.0223  0.0223
  0.0228  0.0227  0.0224  0.0228  0.0225  0.0224  0.0226  0.0230  0.0225  0.0226  0.0224  0.0224
  0.0234  0.0232  0.0226  0.0234  0.0228  0.0229  0.0231  0.0239  0.0228  0.0231  0.0227  0.0227
niter,ni,del,rscale     3    3    5.0000    0.6000
parameters
   -3.7596   14.1213    6.7550   -5.9748  -17.1830  -15.5809
    4.2447  -13.1015    1.6895   23.4180   11.6628  -25.3005
eta,q 0.97783 11.66249
  0.0230  0.0227  0.0228  0.0229  0.0227  0.0230  0.0228  0.0234  0.0226  0.0227  0.0225  0.0226
  0.0225  0.0224  0.0225  0.0226  0.0224  0.0226  0.0224  0.0227  0.0224  0.0224  0.0223  0.0224
  0.0223  0.0222  0.0223  0.0223  0.0223  0.0223  0.0222  0.0223  0.0222  0.0222  0.0222  0.0222
  0.0222  0.0222  0.0222  0.0222  0.0222  0.0222  0.0222  0.0222  0.0222  0.0222  0.0222  0.0222
  0.0223  0.0223  0.0222  0.0223  0.0222  0.0222  0.0223  0.0223  0.0222  0.0223  0.0222  0.0222
  0.0226  0.0225  0.0223  0.0226  0.0224  0.0224  0.0225  0.0227  0.0224  0.0225  0.0223  0.0223
  0.0231  0.0229  0.0225  0.0230  0.0227  0.0228  0.0228  0.0234  0.0226  0.0229  0.0225  0.0226
niter,ni,del,rscale     2    3    5.0000    0.5000
parameters
   -3.7845   14.0449    6.8583   -6.0078  -17.1144  -15.3749
    4.1946  -13.1407    1.6719   23.2650   11.6814  -25.1966
eta,q 0.97784 11.66886
  0.0227  0.0225  0.0226  0.0227  0.0225  0.0227  0.0226  0.0230  0.0225  0.0225  0.0224  0.0225
  0.0224  0.0223  0.0224  0.0224  0.0223  0.0224  0.0224  0.0225  0.0223  0.0223  0.0223  0.0223
  0.0222  0.0222  0.0222  0.0222  0.0222  0.0223  0.0222  0.0223  0.0222  0.0222  0.0222  0.0222
  0.0222  0.0222  0.0222  0.0222  0.0222  0.0222  0.0222  0.0222  0.0222  0.0222  0.0222  0.0222
  0.0223  0.0222  0.0222  0.0222  0.0222  0.0222  0.0222  0.0223  0.0222  0.0222  0.0222  0.0222
  0.0225  0.0224  0.0223  0.0224  0.0223  0.0223  0.0224  0.0226  0.0223  0.0224  0.0223  0.0223
  0.0228  0.0226  0.0224  0.0228  0.0225  0.0226  0.0226  0.0230  0.0225  0.0226  0.0224  0.0224
niter,ni,del,rscale     1    3    5.0000    0.4000
parameters
   -3.7978   13.9998    6.9194   -6.0098  -17.0971  -15.2345
    4.1661  -13.1617    1.6508   23.1620   11.7084  -25.1497
eta,q 0.97785 11.67291
  0.0225  0.0224  0.0224  0.0225  0.0224  0.0225  0.0224  0.0227  0.0224  0.0224  0.0223  0.0224
  0.0223  0.0223  0.0223  0.0223  0.0223  0.0223  0.0223  0.0224  0.0222  0.0223  0.0222  0.0222
  0.0222  0.0222  0.0222  0.0222  0.0222  0.0222  0.0222  0.0222  0.0222  0.0222  0.0222  0.0222
  0.0222  0.0222  0.0222  0.0222  0.0222  0.0222  0.0222  0.0222  0.0222  0.0222  0.0222  0.0222
  0.0222  0.0222  0.0222  0.0222  0.0222  0.0222  0.0222  0.0222  0.0222  0.0222  0.0222  0.0222
  0.0223  0.0223  0.0222  0.0223  0.0223  0.0223  0.0223  0.0224  0.0223  0.0223  0.0222  0.0222
  0.0225  0.0225  0.0223  0.0225  0.0224  0.0224  0.0225  0.0227  0.0224  0.0224  0.0223  0.0223
registration optimization eta report
parameter search radius
    0.8000    0.8000    0.8000    2.4000    2.4000    2.4000
    2.4000    2.4000    2.4000    2.4000    2.4000    2.4000
100000*second partial in parameter space
       57.       42.       34.        6.        4.        5.
        5.        9.        4.        5.        3.        3.
  0.0225  0.0224  0.0224  0.0225  0.0224  0.0225  0.0224  0.0227  0.0224  0.0224  0.0223  0.0224
  0.0223  0.0223  0.0223  0.0223  0.0223  0.0223  0.0223  0.0224  0.0222  0.0223  0.0222  0.0222
  0.0222  0.0222  0.0222  0.0222  0.0222  0.0222  0.0222  0.0222  0.0222  0.0222  0.0222  0.0222
  0.0222  0.0222  0.0222  0.0222  0.0222  0.0222  0.0222  0.0222  0.0222  0.0222  0.0222  0.0222
  0.0222  0.0222  0.0222  0.0222  0.0222  0.0222  0.0222  0.0222  0.0222  0.0222  0.0222  0.0222
  0.0223  0.0223  0.0222  0.0223  0.0223  0.0223  0.0223  0.0224  0.0223  0.0223  0.0222  0.0222
  0.0225  0.0225  0.0223  0.0225  0.0224  0.0224  0.0225  0.0227  0.0224  0.0224  0.0223  0.0223
   -3.7978   13.9998    6.9194   -6.0098  -17.0971  -15.2345
    4.1661  -13.1617    1.6508   23.1620   11.7084  -25.1497
eta,q 0.97785 11.67291

---------------------------------------------------------------------
imgreg_4dfp /opt/freesurfer/average/711-2C_as_mni_average_305 /opt/freesurfer/average/711-2B_as_mni_average_305_mask talsrcimg_g11 none talsrcimg_to_711-2C_as_mni_average_305_t4 2311
---------------------------------------------------------------------

freesurfer imgreg_4dfp.c
/opt/freesurfer/average/711-2C_as_mni_average_305.4dfp.img
       256       256       256         1
  1.000000  1.000000  1.000000
orientation T byte_order littleendian
Reading image: /opt/freesurfer/average/711-2C_as_mni_average_305.4dfp.img
dimensions:      256       256       256
mmppix:       1.0000   -1.0000   -1.0000
center:     128.0000 -129.0000 -129.0000
/opt/freesurfer/average/711-2B_as_mni_average_305_mask.4dfp.img
       256       256       256         1
  1.000000  1.000000  1.000000
orientation T byte_order littleendian
Reading mask: /opt/freesurfer/average/711-2B_as_mni_average_305_mask.4dfp.img (2306576 pixels)
talsrcimg_g11.4dfp.img
       256       256       256         1
  1.000000  1.000000  1.000000
orientation T byte_order littleendian
Reading image: talsrcimg_g11.4dfp.img
dimensions:      256       256       256
mmppix:       1.0000   -1.0000   -1.0000
center:     128.0000 -129.0000 -129.0000
fimgreg.f
image alignment mode   2311 decimal      907 hex
parameters
   -3.7978   13.9998    6.9194   -6.0098  -17.0971  -15.2345
    4.1661  -13.1617    1.6508   23.1620   11.7084  -25.1497
eta,q 0.97785 11.67291
niter,ni,del,rscale     5    3    5.0000    0.8000
parameters
   -3.8086   13.9812    6.9656   -6.2277  -17.0153  -15.5593
    4.2588  -13.0775    1.6278   23.0961   11.7690  -24.9785
eta,q 0.97783 11.64878
  0.0236  0.0232  0.0230  0.0234  0.0231  0.0233  0.0234  0.0243  0.0230  0.0232  0.0228  0.0230
  0.0228  0.0226  0.0226  0.0228  0.0226  0.0227  0.0227  0.0232  0.0225  0.0226  0.0225  0.0225
  0.0223  0.0223  0.0223  0.0223  0.0223  0.0223  0.0223  0.0224  0.0223  0.0223  0.0223  0.0223
  0.0222  0.0222  0.0222  0.0222  0.0222  0.0222  0.0222  0.0222  0.0222  0.0222  0.0222  0.0222
  0.0223  0.0223  0.0222  0.0223  0.0223  0.0223  0.0223  0.0224  0.0223  0.0223  0.0222  0.0222
  0.0228  0.0227  0.0225  0.0229  0.0225  0.0228  0.0227  0.0231  0.0226  0.0227  0.0224  0.0225
  0.0236  0.0232  0.0229  0.0237  0.0230  0.0239  0.0233  0.0242  0.0230  0.0233  0.0228  0.0228
niter,ni,del,rscale     4    3    5.0000    0.7000
parameters
   -3.8170   13.9782    6.9414   -6.1357  -17.0053  -15.5265
    4.2273  -13.1056    1.6070   23.0591   11.7724  -24.9996
eta,q 0.97783 11.65452
  0.0233  0.0230  0.0228  0.0233  0.0229  0.0231  0.0231  0.0238  0.0228  0.0230  0.0226  0.0227
  0.0227  0.0225  0.0224  0.0227  0.0225  0.0226  0.0225  0.0229  0.0224  0.0225  0.0224  0.0224
  0.0223  0.0223  0.0222  0.0223  0.0222  0.0223  0.0222  0.0223  0.0222  0.0222  0.0222  0.0222
  0.0222  0.0222  0.0222  0.0222  0.0222  0.0222  0.0222  0.0222  0.0222  0.0222  0.0222  0.0222
  0.0223  0.0223  0.0222  0.0223  0.0222  0.0222  0.0223  0.0224  0.0222  0.0223  0.0222  0.0222
  0.0227  0.0225  0.0225  0.0226  0.0225  0.0225  0.0226  0.0229  0.0225  0.0225  0.0224  0.0224
  0.0233  0.0230  0.0228  0.0232  0.0228  0.0232  0.0230  0.0238  0.0228  0.0230  0.0227  0.0227
niter,ni,del,rscale     3    3    5.0000    0.6000
parameters
   -3.8158   13.9710    6.9438   -6.0897  -17.0244  -15.4124
    4.2061  -13.1346    1.6138   23.0577   11.7478  -25.0323
eta,q 0.97784 11.66112
  0.0230  0.0228  0.0226  0.0230  0.0227  0.0229  0.0228  0.0233  0.0226  0.0228  0.0225  0.0226
  0.0225  0.0224  0.0224  0.0226  0.0224  0.0225  0.0224  0.0227  0.0224  0.0224  0.0223  0.0223
  0.0223  0.0222  0.0222  0.0223  0.0222  0.0223  0.0222  0.0223  0.0222  0.0222  0.0222  0.0222
  0.0222  0.0222  0.0222  0.0222  0.0222  0.0222  0.0222  0.0222  0.0222  0.0222  0.0222  0.0222
  0.0223  0.0222  0.0222  0.0222  0.0222  0.0222  0.0223  0.0223  0.0222  0.0222  0.0222  0.0222
  0.0225  0.0224  0.0224  0.0225  0.0224  0.0224  0.0225  0.0227  0.0224  0.0224  0.0223  0.0224
  0.0230  0.0228  0.0226  0.0230  0.0227  0.0229  0.0228  0.0234  0.0226  0.0228  0.0225  0.0226
niter,ni,del,rscale     2    3    5.0000    0.5000
parameters
   -3.8154   13.9626    6.9526   -6.0653  -17.0323  -15.3002
    4.1727  -13.1558    1.6122   23.0728   11.7375  -25.0458
eta,q 0.97784 11.66736
  0.0227  0.0226  0.0225  0.0227  0.0225  0.0227  0.0226  0.0230  0.0225  0.0226  0.0224  0.0225
  0.0224  0.0223  0.0223  0.0224  0.0223  0.0224  0.0223  0.0225  0.0223  0.0223  0.0223  0.0223
  0.0222  0.0222  0.0222  0.0222  0.0222  0.0222  0.0222  0.0222  0.0222  0.0222  0.0222  0.0222
  0.0222  0.0222  0.0222  0.0222  0.0222  0.0222  0.0222  0.0221  0.0222  0.0222  0.0222  0.0222
  0.0222  0.0222  0.0222  0.0222  0.0222  0.0222  0.0222  0.0223  0.0222  0.0222  0.0222  0.0222
  0.0224  0.0223  0.0223  0.0224  0.0223  0.0223  0.0224  0.0225  0.0223  0.0223  0.0223  0.0223
  0.0227  0.0226  0.0225  0.0227  0.0225  0.0226  0.0226  0.0230  0.0225  0.0226  0.0224  0.0225
niter,ni,del,rscale     1    3    5.0000    0.4000
parameters
   -3.8160   13.9626    6.9677   -6.0436  -17.0492  -15.2047
    4.1470  -13.1770    1.6290   23.0850   11.7214  -25.0667
eta,q 0.97784 11.67233
  0.0225  0.0224  0.0224  0.0225  0.0224  0.0225  0.0224  0.0227  0.0224  0.0224  0.0223  0.0223
  0.0223  0.0223  0.0223  0.0223  0.0222  0.0223  0.0223  0.0224  0.0222  0.0223  0.0222  0.0222
  0.0222  0.0222  0.0222  0.0222  0.0222  0.0222  0.0222  0.0222  0.0222  0.0222  0.0222  0.0222
  0.0222  0.0222  0.0222  0.0222  0.0222  0.0222  0.0222  0.0222  0.0222  0.0222  0.0222  0.0222
  0.0222  0.0222  0.0222  0.0222  0.0222  0.0222  0.0222  0.0222  0.0222  0.0222  0.0222  0.0222
  0.0223  0.0223  0.0222  0.0223  0.0223  0.0223  0.0223  0.0224  0.0222  0.0223  0.0222  0.0222
  0.0225  0.0224  0.0224  0.0225  0.0224  0.0224  0.0225  0.0227  0.0224  0.0224  0.0223  0.0224
registration optimization eta report
parameter search radius
    0.8000    0.8000    0.8000    2.4000    2.4000    2.4000
    2.4000    2.4000    2.4000    2.4000    2.4000    2.4000
100000*second partial in parameter space
       58.       41.       33.        7.        4.        5.
        5.        9.        4.        5.        3.        3.
  0.0225  0.0224  0.0224  0.0225  0.0224  0.0225  0.0224  0.0227  0.0224  0.0224  0.0223  0.0223
  0.0223  0.0223  0.0223  0.0223  0.0222  0.0223  0.0223  0.0224  0.0222  0.0223  0.0222  0.0222
  0.0222  0.0222  0.0222  0.0222  0.0222  0.0222  0.0222  0.0222  0.0222  0.0222  0.0222  0.0222
  0.0222  0.0222  0.0222  0.0222  0.0222  0.0222  0.0222  0.0222  0.0222  0.0222  0.0222  0.0222
  0.0222  0.0222  0.0222  0.0222  0.0222  0.0222  0.0222  0.0222  0.0222  0.0222  0.0222  0.0222
  0.0223  0.0223  0.0222  0.0223  0.0223  0.0223  0.0223  0.0224  0.0222  0.0223  0.0222  0.0222
  0.0225  0.0224  0.0224  0.0225  0.0224  0.0224  0.0225  0.0227  0.0224  0.0224  0.0223  0.0224
   -3.8160   13.9626    6.9677   -6.0436  -17.0492  -15.2047
    4.1470  -13.1770    1.6290   23.0850   11.7214  -25.0667
eta,q 0.97784 11.67233

---------------------------------------------------------------------
compute_vox2vox talsrcimg talsrcimg_to_711-2C_as_mni_average_305_t4 /opt/freesurfer/average/711-2C_as_mni_average_305
---------------------------------------------------------------------

freesurfer compute_vox2vox.c
Reading: talsrcimg.4dfp.ifh
Reading: talsrcimg_to_711-2C_as_mni_average_305_t4
Reading: /opt/freesurfer/average/711-2C_as_mni_average_305.4dfp.ifh
Writing: talsrcimg_to_711-2C_as_mni_average_305_t4_vox2vox.txt

start time Sat Mar 14 01:07:59 CET 2026
end		time Sat Mar 14 01:08:13 CET 2026

mpr2mni305 success

avi2talxfm orig_nu.mgz /opt/freesurfer/average/mni305.cor.mgz talsrcimg_to_711-2C_as_mni_average_305_t4_vox2vox.txt transforms/talairach.auto.xfm
avi2talxfm done
mv -f /out/sourcedata/freesurfer/sub-v2s8x29210_ses-1/mri/talsrcimg_to_711-2C_as_mni_average_305_t4_vox2vox.txt /out/sourcedata/freesurfer/sub-v2s8x29210_ses-1/mri/transforms/talsrcimg_to_711-2C_as_mni_average_305_t4_vox2vox.txt
lta_convert --src orig_nu.mgz --trg /opt/freesurfer/average/mni305.cor.mgz --inxfm transforms/talairach.auto.xfm --outlta transforms/talairach.auto.xfm.lta --subject fsaverage
7.3.2

--src: orig_nu.mgz src image (geometry).
--trg: /opt/freesurfer/average/mni305.cor.mgz trg image (geometry).
--inmni: transforms/talairach.auto.xfm input MNI/XFM transform.
--outlta: transforms/talairach.auto.xfm.lta output LTA.
--s: fsaverage subject name
 LTA read, type : 1
 1.04403   0.16304  -0.00293   6.72360;
-0.13895   1.06797   0.32967  -14.17621;
 0.01817  -0.30041   1.11384  -13.63158;
 0.00000   0.00000   0.00000   1.00000;
setting subject to fsaverage
Writing  LTA to file transforms/talairach.auto.xfm.lta...
lta_convert successful.
 
 
Started at Sat Mar 14 01:07:59 CET 2026
Ended   at Sat Mar 14 01:08:14 CET 2026
talairach_avi done
