/out/sourcedata/freesurfer/sub-v2s8x29250_ses-1/mri
/opt/freesurfer/bin/talairach_avi
--i orig_nu.mgz --xfm transforms/talairach.auto.xfm
talairach_avi 7.3.2
Linux dna071 5.14.0-427.37.1.el9_4.x86_64 #1 SMP PREEMPT_DYNAMIC Fri Sep 13 12:41:50 EDT 2024 x86_64 x86_64 x86_64 GNU/Linux
Sat Mar 14 03:22:32 CET 2026
mri_convert orig_nu.mgz talsrcimg.img 
reading from orig_nu.mgz...
TR=0.00, TE=0.00, TI=0.00, flip angle=0.00
i_ras = (-1, 0, 0)
j_ras = (0, 0, -1)
k_ras = (0, 1, 0)
writing to talsrcimg.img...
Analyze Output Matrix
-1.00000   0.00000   0.00000   129.66513;
 0.00000   0.00000   1.00000  -128.00000;
 0.00000  -1.00000   0.00000   130.00000;
 0.00000   0.00000   0.00000   1.00000;
--------------------
INFO: set hdr.hist.orient to -1
mpr2mni305 talsrcimg
Sat Mar 14 03:22:32 CET 2026
/opt/freesurfer/bin/mpr2mni305 talsrcimg
mpr2mni305 7.3.2
target=711-2C_as_mni_average_305

---------------------------------------------------------------------
analyzeto4dfp talsrcimg -O0 -y
---------------------------------------------------------------------

freesurfer ifh2hdr.c
Sat Mar 14 03:22:33 2026
Writing: talsrcimg.4dfp.hdr
freesurfer analyzeto4dfp.c
Reading: talsrcimg.hdr
header size 348 bytes
hdr.dime.datatype	offset=70	value=2
hdr.dime.bitpix		offset=72	value=8
hdr.hist.orient		offset=252	value=-1
dimensionality     4
dimensions       256       256       256         1
Reading: talsrcimg.img
Writing: talsrcimg.4dfp.img
Writing: talsrcimg.4dfp.ifh
ifh2hdr talsrcimg -r0to206
ori=2

---------------------------------------------------------------------
gauss_4dfp talsrcimg 1.1
---------------------------------------------------------------------

freesurfer gauss_4dfp.c
Reading: talsrcimg.4dfp.img
Writing: talsrcimg_g11.4dfp.img
image dimensions 256 256 256 padded to 288 288 288
processing volume 1freesurfer ifh2hdr.c
Sat Mar 14 03:22:34 2026
Writing: talsrcimg_g11.4dfp.hdr

Writing: talsrcimg_g11.4dfp.ifh
including: talsrcimg.4dfp.img.rec in talsrcimg_g11.4dfp.img.rec

---------------------------------------------------------------------
imgreg_4dfp /opt/freesurfer/average/711-2C_as_mni_average_305 none talsrcimg_g11 none talsrcimg_to_711-2C_as_mni_average_305_t4 4355
---------------------------------------------------------------------

freesurfer imgreg_4dfp.c
/opt/freesurfer/average/711-2C_as_mni_average_305.4dfp.img
       256       256       256         1
  1.000000  1.000000  1.000000
orientation T byte_order littleendian
Reading image: /opt/freesurfer/average/711-2C_as_mni_average_305.4dfp.img
dimensions:      256       256       256
mmppix:       1.0000   -1.0000   -1.0000
center:     128.0000 -129.0000 -129.0000
talsrcimg_g11.4dfp.img
       256       256       256         1
  1.000000  1.000000  1.000000
orientation T byte_order littleendian
Reading image: talsrcimg_g11.4dfp.img
dimensions:      256       256       256
mmppix:       1.0000   -1.0000   -1.0000
center:     128.0000 -129.0000 -129.0000
t4_read: open error in t4_sub.f l:  41 t4_file(1:l)talsrcimg_to_711-2C_as_mni_average_305_t4 
t4_read: transform initialized to I4
rotation matrix determinant  1.000000
image alignment mode   4355 decimal     1103 hex
   -7.5000  -45.0000  -45.0000 8017.1245   19.0456
    0.0000  -45.0000  -45.0000 8330.1074   18.9944
    7.5000  -45.0000  -45.0000 7917.3467   18.9843
   -7.5000  -37.5000  -45.0000 8614.4404   18.9853
    0.0000  -37.5000  -45.0000 8978.0947   18.9339
    7.5000  -37.5000  -45.0000 8521.7998   18.9231
   -7.5000  -30.0000  -45.0000 9536.6914   18.9624
    0.0000  -30.0000  -45.0000 9942.0088   18.9166
    7.5000  -30.0000  -45.0000 9418.5674   18.9046
   -7.5000  -22.5000  -45.000010412.2012   18.9563
    0.0000  -22.5000  -45.000010867.7070   18.9174
    7.5000  -22.5000  -45.000010285.8330   18.9049
   -7.5000  -15.0000  -45.000011167.4775   18.9591
    0.0000  -15.0000  -45.000011655.6797   18.9214
    7.5000  -15.0000  -45.000011016.0078   18.9085
   -7.5000   -7.5000  -45.000011860.4795   18.9403
    0.0000   -7.5000  -45.000012383.7100   18.8955
    7.5000   -7.5000  -45.000011690.2881   18.8826
   -7.5000    0.0000  -45.000012479.1416   18.9121
    0.0000    0.0000  -45.000013015.6152   18.8603
    7.5000    0.0000  -45.000012297.9043   18.8483
   -7.5000    7.5000  -45.000012110.8809   18.9084
    0.0000    7.5000  -45.000012611.6172   18.8567
    7.5000    7.5000  -45.000011949.0010   18.8448
   -7.5000   15.0000  -45.000011621.2959   18.9290
    0.0000   15.0000  -45.000012108.4629   18.8831
    7.5000   15.0000  -45.000011476.5088   18.8706
   -7.5000   22.5000  -45.000011102.8955   18.9489
    0.0000   22.5000  -45.000011575.4307   18.9100
    7.5000   22.5000  -45.000010963.6650   18.8974
   -7.5000   30.0000  -45.000010508.8066   18.7065
    0.0000   30.0000  -45.000010950.8477   18.6692
    7.5000   30.0000  -45.000010362.4385   18.6565
   -7.5000   37.5000  -45.000010131.0469   18.6879
    0.0000   37.5000  -45.000010543.6016   18.6437
    7.5000   37.5000  -45.0000 9975.7402   18.6310
   -7.5000   45.0000  -45.0000 9280.3867   18.1864
    0.0000   45.0000  -45.0000 9653.9150   18.1366
    7.5000   45.0000  -45.0000 9164.9912   18.1251
   -7.5000  -45.0000  -37.5000 8481.6318   19.0676
    0.0000  -45.0000  -37.5000 8839.4414   19.0216
    7.5000  -45.0000  -37.5000 8376.3525   19.0105
   -7.5000  -37.5000  -37.5000 9110.8057   19.0011
    0.0000  -37.5000  -37.5000 9504.0684   18.9548
    7.5000  -37.5000  -37.5000 9029.4531   18.9436
   -7.5000  -30.0000  -37.500010045.0996   18.9722
    0.0000  -30.0000  -37.500010485.3555   18.9327
    7.5000  -30.0000  -37.5000 9943.7236   18.9208
   -7.5000  -22.5000  -37.500010963.2871   18.9663
    0.0000  -22.5000  -37.500011448.8652   18.9355
    7.5000  -22.5000  -37.500010824.0889   18.9230
   -7.5000  -15.0000  -37.500011740.6572   18.9756
    0.0000  -15.0000  -37.500012285.4473   18.9463
    7.5000  -15.0000  -37.500011596.5225   18.9323
   -7.5000   -7.5000  -37.500012457.0039   18.9624
    0.0000   -7.5000  -37.500013042.1504   18.9244
    7.5000   -7.5000  -37.500012287.4521   18.9100
   -7.5000    0.0000  -37.500013091.3955   18.9337
    0.0000    0.0000  -37.500013686.4443   18.8871
    7.5000    0.0000  -37.500012883.3076   18.8741
   -7.5000    7.5000  -37.500012713.1826   18.9236
    0.0000    7.5000  -37.500013267.3926   18.8770
    7.5000    7.5000  -37.500012525.6621   18.8646
   -7.5000   15.0000  -37.500012204.9570   18.9384
    0.0000   15.0000  -37.500012724.7441   18.8987
    7.5000   15.0000  -37.500012000.9922   18.8863
   -7.5000   22.5000  -37.500011637.1064   18.9590
    0.0000   22.5000  -37.500012107.1416   18.9282
    7.5000   22.5000  -37.500011399.5586   18.9155
   -7.5000   30.0000  -37.500010968.1875   18.7227
    0.0000   30.0000  -37.500011437.3838   18.6938
    7.5000   30.0000  -37.500010774.1270   18.6800
   -7.5000   37.5000  -37.500010557.2598   18.7097
    0.0000   37.5000  -37.500011006.4434   18.6722
    7.5000   37.5000  -37.500010397.1035   18.6580
   -7.5000   45.0000  -37.5000 9658.6836   18.2072
    0.0000   45.0000  -37.500010065.6484   18.1624
    7.5000   45.0000  -37.5000 9539.7373   18.1499
   -7.5000  -45.0000  -30.0000 9066.3975   19.8827
    0.0000  -45.0000  -30.0000 9464.1846   19.8389
    7.5000  -45.0000  -30.0000 8970.0908   19.8277
   -7.5000  -37.5000  -30.0000 9727.9375   19.8027
    0.0000  -37.5000  -30.000010151.8086   19.7580
    7.5000  -37.5000  -30.0000 9646.9082   19.7469
   -7.5000  -30.0000  -30.000010689.7500   19.7651
    0.0000  -30.0000  -30.000011170.2490   19.7277
    7.5000  -30.0000  -30.000010586.1934   19.7157
   -7.5000  -22.5000  -30.000011632.0078   19.7631
    0.0000  -22.5000  -30.000012172.5693   19.7359
    7.5000  -22.5000  -30.000011504.3564   19.7227
   -7.5000  -15.0000  -30.000012460.4736   19.7836
    0.0000  -15.0000  -30.000013055.1191   19.7590
    7.5000  -15.0000  -30.000012322.7842   19.7439
   -7.5000   -7.5000  -30.000013213.2012   19.7760
    0.0000   -7.5000  -30.000013832.3506   19.7418
    7.5000   -7.5000  -30.000013036.1514   19.7266
   -7.5000    0.0000  -30.000013869.5791   19.7429
    0.0000    0.0000  -30.000014497.0537   19.6985
    7.5000    0.0000  -30.000013661.4326   19.6852
   -7.5000    7.5000  -30.000013449.8887   19.7215
    0.0000    7.5000  -30.000014072.8496   19.6764
    7.5000    7.5000  -30.000013232.7891   19.6640
   -7.5000   15.0000  -30.000012907.2402   19.7293
    0.0000   15.0000  -30.000013496.6562   19.6917
    7.5000   15.0000  -30.000012684.8047   19.6791
   -7.5000   22.5000  -30.000012283.6387   19.7535
    0.0000   22.5000  -30.000012828.0273   19.7262
    7.5000   22.5000  -30.000012032.4629   19.7129
   -7.5000   30.0000  -30.000011579.9912   19.5218
    0.0000   30.0000  -30.000012087.4131   19.4975
    7.5000   30.0000  -30.000011354.4668   19.4826
   -7.5000   37.5000  -30.000011127.2393   19.5144
    0.0000   37.5000  -30.000011635.7695   19.4806
    7.5000   37.5000  -30.000010963.0371   19.4655
   -7.5000   45.0000  -30.000010185.5361   18.9993
    0.0000   45.0000  -30.000010622.7969   18.9565
    7.5000   45.0000  -30.000010042.6289   18.9438
   -7.5000  -45.0000  -22.5000 9609.4736   20.5692
    0.0000  -45.0000  -22.500010040.8604   20.5237
    7.5000  -45.0000  -22.5000 9555.7520   20.5139
   -7.5000  -37.5000  -22.500010310.3340   20.4823
    0.0000  -37.5000  -22.500010773.3535   20.4346
    7.5000  -37.5000  -22.500010236.7148   20.4241
   -7.5000  -30.0000  -22.500011303.6045   20.4412
    0.0000  -30.0000  -22.500011843.9473   20.3991
    7.5000  -30.0000  -22.500011221.3730   20.3874
   -7.5000  -22.5000  -22.500012283.4424   20.4421
    0.0000  -22.5000  -22.500012866.1777   20.4097
    7.5000  -22.5000  -22.500012177.5830   20.3962
   -7.5000  -15.0000  -22.500013142.0654   20.4671
    0.0000  -15.0000  -22.500013764.3027   20.4386
    7.5000  -15.0000  -22.500013026.2256   20.4242
   -7.5000   -7.5000  -22.500013907.0576   20.4603
    0.0000   -7.5000  -22.500014546.2207   20.4238
    7.5000   -7.5000  -22.500013750.7695   20.4104
   -7.5000    0.0000  -22.500014587.0098   20.4246
    0.0000    0.0000  -22.500015260.5996   20.3783
    7.5000    0.0000  -22.500014386.3359   20.3664
   -7.5000    7.5000  -22.500014181.7412   20.3985
    0.0000    7.5000  -22.500014848.7021   20.3503
    7.5000    7.5000  -22.500013961.8057   20.3385
   -7.5000   15.0000  -22.500013614.9951   20.4041
    0.0000   15.0000  -22.500014246.8633   20.3617
    7.5000   15.0000  -22.500013378.1777   20.3495
   -7.5000   22.5000  -22.500012914.9629   20.4307
    0.0000   22.5000  -22.500013517.8877   20.3983
    7.5000   22.5000  -22.500012690.5918   20.3848
   -7.5000   30.0000  -22.500012144.6533   20.1994
    0.0000   30.0000  -22.500012691.9854   20.1713
    7.5000   30.0000  -22.500011913.6191   20.1570
   -7.5000   37.5000  -22.500011679.6025   20.1926
    0.0000   37.5000  -22.500012236.2441   20.1566
    7.5000   37.5000  -22.500011520.1670   20.1435
   -7.5000   45.0000  -22.500010722.1221   19.6700
    0.0000   45.0000  -22.500011199.5723   19.6254
    7.5000   45.0000  -22.500010554.4766   19.6139
   -7.5000  -45.0000  -15.000010161.3076   21.0506
    0.0000  -45.0000  -15.000010628.9854   21.0012
    7.5000  -45.0000  -15.000010101.9961   20.9919
   -7.5000  -37.5000  -15.000010872.2969   20.9658
    0.0000  -37.5000  -15.000011375.6035   20.9134
    7.5000  -37.5000  -15.000010802.9590   20.9033
   -7.5000  -30.0000  -15.000011920.9658   20.9276
    0.0000  -30.0000  -15.000012474.8096   20.8785
    7.5000  -30.0000  -15.000011845.6377   20.8673
   -7.5000  -22.5000  -15.000012931.0234   20.9278
    0.0000  -22.5000  -15.000013501.0547   20.8870
    7.5000  -22.5000  -15.000012833.5156   20.8737
   -7.5000  -15.0000  -15.000013822.1523   20.9485
    0.0000  -15.0000  -15.000014444.6191   20.9122
    7.5000  -15.0000  -15.000013729.0244   20.8981
   -7.5000   -7.5000  -15.000014587.8379   20.9380
    0.0000   -7.5000  -15.000015212.2568   20.8962
    7.5000   -7.5000  -15.000014459.8496   20.8836
   -7.5000    0.0000  -15.000015300.6357   20.9027
    0.0000    0.0000  -15.000015959.6250   20.8526
    7.5000    0.0000  -15.000015092.6328   20.8411
   -7.5000    7.5000  -15.000014918.8330   20.8806
    0.0000    7.5000  -15.000015577.7510   20.8276
    7.5000    7.5000  -15.000014701.4629   20.8162
   -7.5000   15.0000  -15.000014335.8320   20.8900
    0.0000   15.0000  -15.000014978.0186   20.8406
    7.5000   15.0000  -15.000014122.8721   20.8288
   -7.5000   22.5000  -15.000013536.9834   20.9151
    0.0000   22.5000  -15.000014168.8008   20.8743
    7.5000   22.5000  -15.000013359.1230   20.8609
   -7.5000   30.0000  -15.000012710.6377   20.6774
    0.0000   30.0000  -15.000013320.5088   20.6416
    7.5000   30.0000  -15.000012531.7744   20.6276
   -7.5000   37.5000  -15.000012239.7217   20.6670
    0.0000   37.5000  -15.000012826.7803   20.6257
    7.5000   37.5000  -15.000012069.7070   20.6133
   -7.5000   45.0000  -15.000011238.9434   20.1426
    0.0000   45.0000  -15.000011739.7891   20.0943
    7.5000   45.0000  -15.000011070.3164   20.0832
   -7.5000  -45.0000   -7.500010706.4219   21.2768
    0.0000  -45.0000   -7.500011198.2275   21.2212
    7.5000  -45.0000   -7.500010639.4131   21.2112
   -7.5000  -37.5000   -7.500011464.5791   21.2022
    0.0000  -37.5000   -7.500011974.0586   21.1448
    7.5000  -37.5000   -7.500011396.1465   21.1340
   -7.5000  -30.0000   -7.500012542.3574   21.1721
    0.0000  -30.0000   -7.500013076.6123   21.1190
    7.5000  -30.0000   -7.500012463.5107   21.1069
   -7.5000  -22.5000   -7.500013565.7568   21.1690
    0.0000  -22.5000   -7.500014106.9648   21.1231
    7.5000  -22.5000   -7.500013490.2676   21.1094
   -7.5000  -15.0000   -7.500014553.4707   21.1789
    0.0000  -15.0000   -7.500015143.3193   21.1358
    7.5000  -15.0000   -7.500014456.2852   21.1216
   -7.5000   -7.5000   -7.500015386.8857   21.1611
    0.0000   -7.5000   -7.500016037.4658   21.1121
    7.5000   -7.5000   -7.500015262.5068   21.0988
   -7.5000    0.0000   -7.500016148.5010   21.1276
    0.0000    0.0000   -7.500016788.1504   21.0711
    7.5000    0.0000   -7.500015982.9736   21.0590
   -7.5000    7.5000   -7.500015703.7686   21.1164
    0.0000    7.5000   -7.500016337.2568   21.0586
    7.5000    7.5000   -7.500015570.6680   21.0465
   -7.5000   15.0000   -7.500015053.7500   21.1346
    0.0000   15.0000   -7.500015670.8711   21.0813
    7.5000   15.0000   -7.500014935.6152   21.0687
   -7.5000   22.5000   -7.500014216.1777   21.1539
    0.0000   22.5000   -7.500014822.0645   21.1079
    7.5000   22.5000   -7.500014093.8506   21.0942
   -7.5000   30.0000   -7.500013302.3662   20.9042
    0.0000   30.0000   -7.500013914.0762   20.8617
    7.5000   30.0000   -7.500013181.3154   20.8477
   -7.5000   37.5000   -7.500012824.3330   20.8866
    0.0000   37.5000   -7.500013397.8555   20.8383
    7.5000   37.5000   -7.500012680.9951   20.8252
   -7.5000   45.0000   -7.500011786.6006   20.3631
    0.0000   45.0000   -7.500012279.9336   20.3087
    7.5000   45.0000   -7.500011633.4766   20.2970
   -7.5000  -45.0000    0.000011152.3486   21.3119
    0.0000  -45.0000    0.000011632.8291   21.2545
    7.5000  -45.0000    0.000011073.2344   21.2433
   -7.5000  -37.5000    0.000011947.3838   21.2443
    0.0000  -37.5000    0.000012412.7119   21.1867
    7.5000  -37.5000    0.000011848.2422   21.1747
   -7.5000  -30.0000    0.000013055.1348   21.2184
    0.0000  -30.0000    0.000013539.3213   21.1671
    7.5000  -30.0000    0.000012970.2832   21.1537
   -7.5000  -22.5000    0.000014130.5088   21.2114
    0.0000  -22.5000    0.000014643.3770   21.1678
    7.5000  -22.5000    0.000014031.5020   21.1538
   -7.5000  -15.0000    0.000015230.8672   21.2146
    0.0000  -15.0000    0.000015803.9014   21.1723
    7.5000  -15.0000    0.000015087.4443   21.1579
   -7.5000   -7.5000    0.000016160.6338   21.1938
    0.0000   -7.5000    0.000016755.1113   21.1437
    7.5000   -7.5000    0.000016017.9922   21.1292
   -7.5000    0.0000    0.000016829.2676   21.1625
    0.0000    0.0000    0.000017357.8184   21.1045
    7.5000    0.0000    0.000016766.5020   21.0911
   -7.5000    7.5000    0.000016217.7822   21.1582
    0.0000    7.5000    0.000016774.3359   21.1004
    7.5000    7.5000    0.000016243.9004   21.0870
   -7.5000   15.0000    0.000015522.8223   21.1810
    0.0000   15.0000    0.000016088.7666   21.1296
    7.5000   15.0000    0.000015528.6387   21.1156
   -7.5000   22.5000    0.000014708.6885   21.1962
    0.0000   22.5000    0.000015255.7422   21.1527
    7.5000   22.5000    0.000014625.0303   21.1386
   -7.5000   30.0000    0.000013770.2529   20.9400
    0.0000   30.0000    0.000014285.6309   20.8983
    7.5000   30.0000    0.000013613.2793   20.8840
   -7.5000   37.5000    0.000013274.0557   20.9196
    0.0000   37.5000    0.000013747.8057   20.8700
    7.5000   37.5000    0.000013056.1836   20.8558
   -7.5000   45.0000    0.000012209.5039   20.3983
    0.0000   45.0000    0.000012650.0352   20.3425
    7.5000   45.0000    0.000011975.1328   20.3295
   -7.5000  -45.0000    7.500010747.3418   21.3371
    0.0000  -45.0000    7.500011145.7725   21.2857
    7.5000  -45.0000    7.500010648.1260   21.2733
   -7.5000  -37.5000    7.500011483.8809   21.2627
    0.0000  -37.5000    7.500011927.9941   21.2109
    7.5000  -37.5000    7.500011399.8613   21.1984
   -7.5000  -30.0000    7.500012557.4512   21.2304
    0.0000  -30.0000    7.500013045.7090   21.1862
    7.5000  -30.0000    7.500012464.3135   21.1729
   -7.5000  -22.5000    7.500013589.4961   21.2238
    0.0000  -22.5000    7.500014108.2656   21.1894
    7.5000  -22.5000    7.500013500.2285   21.1753
   -7.5000  -15.0000    7.500014599.8818   21.2342
    0.0000  -15.0000    7.500015156.7324   21.2014
    7.5000  -15.0000    7.500014492.8867   21.1858
   -7.5000   -7.5000    7.500015482.7959   21.2195
    0.0000   -7.5000    7.500016039.3359   21.1769
    7.5000   -7.5000    7.500015371.0996   21.1608
   -7.5000    0.0000    7.500016239.7295   21.1873
    0.0000    0.0000    7.500016772.6504   21.1352
    7.5000    0.0000    7.500016103.6562   21.1206
   -7.5000    7.5000    7.500015773.2539   21.1760
    0.0000    7.5000    7.500016278.0400   21.1238
    7.5000    7.5000    7.500015587.6445   21.1100
   -7.5000   15.0000    7.500015080.7812   21.1925
    0.0000   15.0000    7.500015575.8691   21.1482
    7.5000   15.0000    7.500014883.6387   21.1343
   -7.5000   22.5000    7.500014260.9600   21.2087
    0.0000   22.5000    7.500014694.6709   21.1743
    7.5000   22.5000    7.500014015.4775   21.1602
   -7.5000   30.0000    7.500013257.0742   20.9594
    0.0000   30.0000    7.500013655.1338   20.9270
    7.5000   30.0000    7.500013031.7783   20.9116
   -7.5000   37.5000    7.500012735.5488   20.9449
    0.0000   37.5000    7.500013092.4775   20.9028
    7.5000   37.5000    7.500012502.9004   20.8869
   -7.5000   45.0000    7.500011688.9814   20.4223
    0.0000   45.0000    7.500012064.9365   20.3721
    7.5000   45.0000    7.500011461.2314   20.3581
   -7.5000  -45.0000   15.000010146.9307   21.4084
    0.0000  -45.0000   15.000010579.3223   21.3621
    7.5000  -45.0000   15.000010067.7441   21.3505
   -7.5000  -37.5000   15.000010858.5879   21.3225
    0.0000  -37.5000   15.000011298.7627   21.2750
    7.5000  -37.5000   15.000010775.7012   21.2634
   -7.5000  -30.0000   15.000011889.3447   21.2817
    0.0000  -30.0000   15.000012342.0791   21.2420
    7.5000  -30.0000   15.000011811.3691   21.2293
   -7.5000  -22.5000   15.000012879.2969   21.2790
    0.0000  -22.5000   15.000013362.7725   21.2504
    7.5000  -22.5000   15.000012787.8203   21.2364
   -7.5000  -15.0000   15.000013851.7559   21.3007
    0.0000  -15.0000   15.000014355.2236   21.2750
    7.5000  -15.0000   15.000013704.4922   21.2590
   -7.5000   -7.5000   15.000014737.2305   21.2927
    0.0000   -7.5000   15.000015222.0850   21.2567
    7.5000   -7.5000   15.000014534.5605   21.2406
   -7.5000    0.0000   15.000015539.5566   21.2576
    0.0000    0.0000   15.000015998.2920   21.2104
    7.5000    0.0000   15.000015255.4141   21.1966
   -7.5000    7.5000   15.000015134.0508   21.2348
    0.0000    7.5000   15.000015615.1445   21.1869
    7.5000    7.5000   15.000014777.0674   21.1739
   -7.5000   15.0000   15.000014487.8135   21.2431
    0.0000   15.0000   15.000014953.2627   21.2032
    7.5000   15.0000   15.000014134.6562   21.1899
   -7.5000   22.5000   15.000013652.6543   21.2639
    0.0000   22.5000   15.000014091.2256   21.2353
    7.5000   22.5000   15.000013343.4004   21.2212
   -7.5000   30.0000   15.000012624.0166   21.0251
    0.0000   30.0000   15.000013046.5068   20.9996
    7.5000   30.0000   15.000012408.2148   20.9839
   -7.5000   37.5000   15.000012069.3369   21.0172
    0.0000   37.5000   15.000012468.0850   20.9816
    7.5000   37.5000   15.000011857.0791   20.9657
   -7.5000   45.0000   15.000011056.8613   20.4900
    0.0000   45.0000   15.000011440.5518   20.4446
    7.5000   45.0000   15.000010837.2539   20.4312
   -7.5000  -45.0000   22.5000 9509.8789   21.4866
    0.0000  -45.0000   22.5000 9911.3252   21.4404
    7.5000  -45.0000   22.5000 9430.0898   21.4309
   -7.5000  -37.5000   22.500010156.8701   21.3950
    0.0000  -37.5000   22.500010585.1514   21.3465
    7.5000  -37.5000   22.500010086.3535   21.3363
   -7.5000  -30.0000   22.500011134.1113   21.3513
    0.0000  -30.0000   22.500011616.0107   21.3084
    7.5000  -30.0000   22.500011044.2246   21.2969
   -7.5000  -22.5000   22.500012130.3926   21.3517
    0.0000  -22.5000   22.500012653.2705   21.3191
    7.5000  -22.5000   22.500011997.2266   21.3058
   -7.5000  -15.0000   22.500013044.9971   21.3782
    0.0000  -15.0000   22.500013590.6475   21.3498
    7.5000  -15.0000   22.500012862.1787   21.3354
   -7.5000   -7.5000   22.500013816.1084   21.3716
    0.0000   -7.5000   22.500014342.1895   21.3349
    7.5000   -7.5000   22.500013622.8418   21.3217
   -7.5000    0.0000   22.500014507.6240   21.3346
    0.0000    0.0000   22.500015040.1865   21.2875
    7.5000    0.0000   22.500014290.1738   21.2759
   -7.5000    7.5000   22.500014105.7021   21.3070
    0.0000    7.5000   22.500014621.8291   21.2579
    7.5000    7.5000   22.500013858.7012   21.2463
   -7.5000   15.0000   22.500013506.1328   21.3122
    0.0000   15.0000   22.500014016.2227   21.2692
    7.5000   15.0000   22.500013280.2852   21.2571
   -7.5000   22.5000   22.500012805.9814   21.3365
    0.0000   22.5000   22.500013277.5215   21.3039
    7.5000   22.5000   22.500012598.9258   21.2905
   -7.5000   30.0000   22.500011919.0566   21.1015
    0.0000   30.0000   22.500012370.2402   21.0735
    7.5000   30.0000   22.500011727.5928   21.0593
   -7.5000   37.5000   22.500011409.2549   21.0950
    0.0000   37.5000   22.500011819.8564   21.0588
    7.5000   37.5000   22.500011206.3203   21.0457
   -7.5000   45.0000   22.500010413.5059   20.5641
    0.0000   45.0000   22.500010780.8672   20.5188
    7.5000   45.0000   22.500010218.7100   20.5076
   -7.5000  -45.0000   30.0000 8765.1855   21.5949
    0.0000  -45.0000   30.0000 9149.9141   21.5461
    7.5000  -45.0000   30.0000 8677.1406   21.5378
   -7.5000  -37.5000   30.0000 9379.8311   21.5070
    0.0000  -37.5000   30.0000 9803.4775   21.4550
    7.5000  -37.5000   30.0000 9279.9492   21.4458
   -7.5000  -30.0000   30.000010308.1133   21.4671
    0.0000  -30.0000   30.000010779.3975   21.4185
    7.5000  -30.0000   30.000010197.5732   21.4082
   -7.5000  -22.5000   30.000011218.7949   21.4670
    0.0000  -22.5000   30.000011738.4121   21.4271
    7.5000  -22.5000   30.000011095.8027   21.4147
   -7.5000  -15.0000   30.000012041.6748   21.4883
    0.0000  -15.0000   30.000012587.9482   21.4532
    7.5000  -15.0000   30.000011897.8330   21.4401
   -7.5000   -7.5000   30.000012754.9541   21.4776
    0.0000   -7.5000   30.000013302.8467   21.4368
    7.5000   -7.5000   30.000012606.2930   21.4252
   -7.5000    0.0000   30.000013388.7676   21.4414
    0.0000    0.0000   30.000013942.2061   21.3918
    7.5000    0.0000   30.000013235.8818   21.3812
   -7.5000    7.5000   30.000012987.1523   21.4186
    0.0000    7.5000   30.000013488.6885   21.3659
    7.5000    7.5000   30.000012818.4688   21.3554
   -7.5000   15.0000   30.000012460.7998   21.4280
    0.0000   15.0000   30.000012937.7432   21.3792
    7.5000   15.0000   30.000012320.2871   21.3683
   -7.5000   22.5000   30.000011838.9170   21.4516
    0.0000   22.5000   30.000012297.8574   21.4117
    7.5000   22.5000   30.000011704.2988   21.3993
   -7.5000   30.0000   30.000011030.1807   21.2102
    0.0000   30.0000   30.000011465.1709   21.1756
    7.5000   30.0000   30.000010916.7988   21.1626
   -7.5000   37.5000   30.000010543.7188   21.1997
    0.0000   37.5000   30.000010960.0176   21.1593
    7.5000   37.5000   30.000010406.9678   21.1479
   -7.5000   45.0000   30.0000 9610.2891   20.6671
    0.0000   45.0000   30.0000 9974.4336   20.6193
    7.5000   45.0000   30.0000 9468.3984   20.6091
   -7.5000  -45.0000   37.5000 8343.7139   21.9521
    0.0000  -45.0000   37.5000 8698.6943   21.8971
    7.5000  -45.0000   37.5000 8276.7666   21.8885
   -7.5000  -37.5000   37.5000 8927.2012   21.8736
    0.0000  -37.5000   37.5000 9328.1963   21.8168
    7.5000  -37.5000   37.5000 8857.4346   21.8073
   -7.5000  -30.0000   37.5000 9828.2285   21.8415
    0.0000  -30.0000   37.500010291.8730   21.7892
    7.5000  -30.0000   37.5000 9731.1768   21.7782
   -7.5000  -22.5000   37.500010704.7344   21.8372
    0.0000  -22.5000   37.500011212.7822   21.7925
    7.5000  -22.5000   37.500010566.9541   21.7799
   -7.5000  -15.0000   37.500011500.5029   21.8469
    0.0000  -15.0000   37.500012039.4404   21.8053
    7.5000  -15.0000   37.500011345.0166   21.7921
   -7.5000   -7.5000   37.500012189.9854   21.8283
    0.0000   -7.5000   37.500012733.2500   21.7802
    7.5000   -7.5000   37.500012044.9414   21.7682
   -7.5000    0.0000   37.500012807.2266   21.7936
    0.0000    0.0000   37.500013351.5625   21.7377
    7.5000    0.0000   37.500012660.7607   21.7268
   -7.5000    7.5000   37.500012406.0010   21.7825
    0.0000    7.5000   37.500012907.6113   21.7252
    7.5000    7.5000   37.500012268.2939   21.7143
   -7.5000   15.0000   37.500011918.6572   21.8017
    0.0000   15.0000   37.500012379.2168   21.7493
    7.5000   15.0000   37.500011803.2559   21.7376
   -7.5000   22.5000   37.500011336.8271   21.8214
    0.0000   22.5000   37.500011760.1074   21.7768
    7.5000   22.5000   37.500011214.6963   21.7641
   -7.5000   30.0000   37.500010580.8906   21.5642
    0.0000   30.0000   37.500010996.7451   21.5231
    7.5000   30.0000   37.500010470.6660   21.5101
   -7.5000   37.5000   37.500010111.0654   21.5458
    0.0000   37.5000   37.500010513.8916   21.4983
    7.5000   37.5000   37.5000 9984.4248   21.4865
   -7.5000   45.0000   37.5000 9223.7910   21.0066
    0.0000   45.0000   37.5000 9571.5469   20.9528
    7.5000   45.0000   37.5000 9103.0869   20.9423
   -7.5000  -45.0000   45.0000 7535.3921   22.3913
    0.0000  -45.0000   45.0000 7840.8384   22.3367
    7.5000  -45.0000   45.0000 7482.4253   22.3253
   -7.5000  -37.5000   45.0000 8096.8794   22.3155
    0.0000  -37.5000   45.0000 8442.8164   22.2616
    7.5000  -37.5000   45.0000 8033.0269   22.2490
   -7.5000  -30.0000   45.0000 8924.8135   22.2830
    0.0000  -30.0000   45.0000 9341.5596   22.2364
    7.5000  -30.0000   45.0000 8845.8447   22.2234
   -7.5000  -22.5000   45.0000 9734.4912   22.2723
    0.0000  -22.5000   45.000010194.1494   22.2331
    7.5000  -22.5000   45.0000 9629.7734   22.2213
   -7.5000  -15.0000   45.000010476.6250   22.2761
    0.0000  -15.0000   45.000010944.6123   22.2374
    7.5000  -15.0000   45.000010364.1230   22.2253
   -7.5000   -7.5000   45.000011128.2393   22.2568
    0.0000   -7.5000   45.000011605.9658   22.2093
    7.5000   -7.5000   45.000011008.1602   22.1959
   -7.5000    0.0000   45.000011675.9492   22.2253
    0.0000    0.0000   45.000012160.3203   22.1700
    7.5000    0.0000   45.000011550.7061   22.1562
   -7.5000    7.5000   45.000011320.7881   22.2199
    0.0000    7.5000   45.000011753.0029   22.1656
    7.5000    7.5000   45.000011202.2871   22.1516
   -7.5000   15.0000   45.000010893.5654   22.2416
    0.0000   15.0000   45.000011288.7305   22.1947
    7.5000   15.0000   45.000010784.6914   22.1811
   -7.5000   22.5000   45.000010373.0439   22.2560
    0.0000   22.5000   45.000010743.0576   22.2169
    7.5000   22.5000   45.000010273.2412   22.2049
   -7.5000   30.0000   45.0000 9710.5352   21.9859
    0.0000   30.0000   45.000010060.4316   21.9477
    7.5000   30.0000   45.0000 9617.5723   21.9357
   -7.5000   37.5000   45.0000 9273.1055   21.9669
    0.0000   37.5000   45.0000 9625.9404   21.9199
    7.5000   37.5000   45.0000 9183.1348   21.9067
   -7.5000   45.0000   45.0000 8466.2139   21.4324
    0.0000   45.0000   45.0000 8761.6133   21.3790
    7.5000   45.0000   45.0000 8362.5068   21.3657

---------------------------------------------------------------------
imgreg_4dfp /opt/freesurfer/average/711-2C_as_mni_average_305 /opt/freesurfer/average/711-2B_as_mni_average_305_mask talsrcimg_g11 none talsrcimg_to_711-2C_as_mni_average_305_t4 4355
---------------------------------------------------------------------

freesurfer imgreg_4dfp.c
/opt/freesurfer/average/711-2C_as_mni_average_305.4dfp.img
       256       256       256         1
  1.000000  1.000000  1.000000
orientation T byte_order littleendian
Reading image: /opt/freesurfer/average/711-2C_as_mni_average_305.4dfp.img
dimensions:      256       256       256
mmppix:       1.0000   -1.0000   -1.0000
center:     128.0000 -129.0000 -129.0000
/opt/freesurfer/average/711-2B_as_mni_average_305_mask.4dfp.img
       256       256       256         1
  1.000000  1.000000  1.000000
orientation T byte_order littleendian
Reading mask: /opt/freesurfer/average/711-2B_as_mni_average_305_mask.4dfp.img (2306576 pixels)
talsrcimg_g11.4dfp.img
       256       256       256         1
  1.000000  1.000000  1.000000
orientation T byte_order littleendian
Reading image: talsrcimg_g11.4dfp.img
dimensions:      256       256       256
mmppix:       1.0000   -1.0000   -1.0000
center:     128.0000 -129.0000 -129.0000
rotation matrix determinant  1.000000
image alignment mode   4355 decimal     1103 hex
   -7.5000  -45.0000  -45.0000 2047.6626   21.0317
    0.0000  -45.0000  -45.0000 2046.4373   21.0281
    7.5000  -45.0000  -45.0000 2022.4086   21.2688
   -7.5000  -37.5000  -45.0000 2155.0010   18.9851
    0.0000  -37.5000  -45.0000 2156.5972   19.0111
    7.5000  -37.5000  -45.0000 2133.6589   19.1560
   -7.5000  -30.0000  -45.0000 2249.2468   17.4444
    0.0000  -30.0000  -45.0000 2249.9138   17.4810
    7.5000  -30.0000  -45.0000 2227.0508   17.6149
   -7.5000  -22.5000  -45.0000 2317.7908   16.4141
    0.0000  -22.5000  -45.0000 2319.7974   16.4447
    7.5000  -22.5000  -45.0000 2297.8062   16.5521
   -7.5000  -15.0000  -45.0000 2355.4214   15.7692
    0.0000  -15.0000  -45.0000 2358.6760   15.7821
    7.5000  -15.0000  -45.0000 2332.6040   15.9275
   -7.5000   -7.5000  -45.0000 2374.4153   15.3854
    0.0000   -7.5000  -45.0000 2380.3254   15.3675
    7.5000   -7.5000  -45.0000 2349.4592   15.5665
   -7.5000    0.0000  -45.0000 2375.3723   15.2948
    0.0000    0.0000  -45.0000 2381.4365   15.2611
    7.5000    0.0000  -45.0000 2350.3823   15.5034
   -7.5000    7.5000  -45.0000 2356.6655   15.5350
    0.0000    7.5000  -45.0000 2358.4880   15.4841
    7.5000    7.5000  -45.0000 2328.6584   15.7430
   -7.5000   15.0000  -45.0000 2310.3916   16.0937
    0.0000   15.0000  -45.0000 2314.2859   16.0760
    7.5000   15.0000  -45.0000 2284.1653   16.3492
   -7.5000   22.5000  -45.0000 2245.6526   16.9848
    0.0000   22.5000  -45.0000 2252.5630   16.9802
    7.5000   22.5000  -45.0000 2222.6306   17.3094
   -7.5000   30.0000  -45.0000 2166.2161   18.2973
    0.0000   30.0000  -45.0000 2171.8765   18.2294
    7.5000   30.0000  -45.0000 2141.9963   18.6211
   -7.5000   37.5000  -45.0000 2075.5779   20.1046
    0.0000   37.5000  -45.0000 2078.1335   19.9940
    7.5000   37.5000  -45.0000 2052.5854   20.3911
   -7.5000   45.0000  -45.0000 1963.9325   22.5534
    0.0000   45.0000  -45.0000 1963.7297   22.4017
    7.5000   45.0000  -45.0000 1939.8911   22.8435
   -7.5000  -45.0000  -37.5000 2119.2275   19.7875
    0.0000  -45.0000  -37.5000 2120.5293   19.8171
    7.5000  -45.0000  -37.5000 2093.2993   19.9747
   -7.5000  -37.5000  -37.5000 2233.4758   17.8330
    0.0000  -37.5000  -37.5000 2235.8982   17.8661
    7.5000  -37.5000  -37.5000 2215.0283   17.9935
   -7.5000  -30.0000  -37.5000 2327.3838   16.3350
    0.0000  -30.0000  -37.5000 2334.4817   16.3796
    7.5000  -30.0000  -37.5000 2308.5667   16.4741
   -7.5000  -22.5000  -37.5000 2409.5352   15.3133
    0.0000  -22.5000  -37.5000 2411.1870   15.3332
    7.5000  -22.5000  -37.5000 2383.6602   15.4250
   -7.5000  -15.0000  -37.5000 2446.5017   14.7105
    0.0000  -15.0000  -37.5000 2450.9077   14.7514
    7.5000  -15.0000  -37.5000 2423.5015   14.8218
   -7.5000   -7.5000  -37.5000 2472.0713   14.3238
    0.0000   -7.5000  -37.5000 2478.7725   14.3327
    7.5000   -7.5000  -37.5000 2447.6831   14.4640
   -7.5000    0.0000  -37.5000 2475.2959   14.2622
    0.0000    0.0000  -37.5000 2478.1580   14.2485
    7.5000    0.0000  -37.5000 2443.8259   14.4356
   -7.5000    7.5000  -37.5000 2458.4175   14.4748
    0.0000    7.5000  -37.5000 2459.1753   14.4633
    7.5000    7.5000  -37.5000 2426.3425   14.6727
   -7.5000   15.0000  -37.5000 2414.0220   14.9908
    0.0000   15.0000  -37.5000 2417.2852   14.9536
    7.5000   15.0000  -37.5000 2380.4102   15.1988
   -7.5000   22.5000  -37.5000 2347.4929   15.7858
    0.0000   22.5000  -37.5000 2349.2109   15.7561
    7.5000   22.5000  -37.5000 2310.8481   16.0201
   -7.5000   30.0000  -37.5000 2254.6760   16.9499
    0.0000   30.0000  -37.5000 2264.4006   16.9306
    7.5000   30.0000  -37.5000 2230.0088   17.2113
   -7.5000   37.5000  -37.5000 2153.8354   18.5148
    0.0000   37.5000  -37.5000 2159.6226   18.4787
    7.5000   37.5000  -37.5000 2132.3608   18.8041
   -7.5000   45.0000  -37.5000 2031.3531   20.7429
    0.0000   45.0000  -37.5000 2035.8047   20.6374
    7.5000   45.0000  -37.5000 2014.6556   20.9856
   -7.5000  -45.0000  -30.0000 2215.4541   19.3113
    0.0000  -45.0000  -30.0000 2218.3982   19.3985
    7.5000  -45.0000  -30.0000 2190.0242   19.5394
   -7.5000  -37.5000  -30.0000 2337.0891   17.3305
    0.0000  -37.5000  -30.0000 2341.8464   17.4079
    7.5000  -37.5000  -30.0000 2314.3831   17.5405
   -7.5000  -30.0000  -30.0000 2439.5469   15.8603
    0.0000  -30.0000  -30.0000 2443.2590   15.9124
    7.5000  -30.0000  -30.0000 2412.4385   16.0098
   -7.5000  -22.5000  -30.0000 2531.0505   14.8285
    0.0000  -22.5000  -30.0000 2535.3164   14.8624
    7.5000  -22.5000  -30.0000 2502.4836   14.9407
   -7.5000  -15.0000  -30.0000 2584.9265   14.1860
    0.0000  -15.0000  -30.0000 2593.1379   14.2287
    7.5000  -15.0000  -30.0000 2560.6960   14.2991
   -7.5000   -7.5000  -30.0000 2619.6086   13.8361
    0.0000   -7.5000  -30.0000 2622.3364   13.8582
    7.5000   -7.5000  -30.0000 2588.9287   13.9561
   -7.5000    0.0000  -30.0000 2623.0850   13.7959
    0.0000    0.0000  -30.0000 2622.9905   13.8090
    7.5000    0.0000  -30.0000 2589.6558   13.9333
   -7.5000    7.5000  -30.0000 2602.9517   14.0350
    0.0000    7.5000  -30.0000 2607.1580   14.0214
    7.5000    7.5000  -30.0000 2567.8030   14.1873
   -7.5000   15.0000  -30.0000 2558.9841   14.5291
    0.0000   15.0000  -30.0000 2565.4001   14.5279
    7.5000   15.0000  -30.0000 2522.6411   14.6936
   -7.5000   22.5000  -30.0000 2490.0396   15.2756
    0.0000   22.5000  -30.0000 2494.5339   15.2682
    7.5000   22.5000  -30.0000 2450.9102   15.4758
   -7.5000   30.0000  -30.0000 2389.0015   16.3429
    0.0000   30.0000  -30.0000 2397.5378   16.3315
    7.5000   30.0000  -30.0000 2363.2471   16.5839
   -7.5000   37.5000  -30.0000 2274.5652   17.8361
    0.0000   37.5000  -30.0000 2283.5217   17.8111
    7.5000   37.5000  -30.0000 2255.6118   18.1031
   -7.5000   45.0000  -30.0000 2144.8193   19.9243
    0.0000   45.0000  -30.0000 2152.2263   19.8519
    7.5000   45.0000  -30.0000 2127.0952   20.2133
   -7.5000  -45.0000  -22.5000 2275.5420   18.7426
    0.0000  -45.0000  -22.5000 2280.9473   18.7874
    7.5000  -45.0000  -22.5000 2254.0977   19.0005
   -7.5000  -37.5000  -22.5000 2404.1484   16.7912
    0.0000  -37.5000  -22.5000 2410.5820   16.7778
    7.5000  -37.5000  -22.5000 2382.2959   17.0137
   -7.5000  -30.0000  -22.5000 2514.6030   15.3194
    0.0000  -30.0000  -22.5000 2525.1641   15.3176
    7.5000  -30.0000  -22.5000 2486.9128   15.4943
   -7.5000  -22.5000  -22.5000 2615.4731   14.3120
    0.0000  -22.5000  -22.5000 2627.2034   14.3179
    7.5000  -22.5000  -22.5000 2587.5500   14.4531
   -7.5000  -15.0000  -22.5000 2685.0686   13.6706
    0.0000  -15.0000  -22.5000 2695.3999   13.6463
    7.5000  -15.0000  -22.5000 2660.7991   13.7868
   -7.5000   -7.5000  -22.5000 2728.8723   13.3003
    0.0000   -7.5000  -22.5000 2733.3958   13.2795
    7.5000   -7.5000  -22.5000 2698.4395   13.3923
   -7.5000    0.0000  -22.5000 2740.5620   13.2401
    0.0000    0.0000  -22.5000 2745.1709   13.2359
    7.5000    0.0000  -22.5000 2702.5317   13.3492
   -7.5000    7.5000  -22.5000 2723.8423   13.5060
    0.0000    7.5000  -22.5000 2733.6548   13.5036
    7.5000    7.5000  -22.5000 2689.9763   13.6209
   -7.5000   15.0000  -22.5000 2677.0588   13.9910
    0.0000   15.0000  -22.5000 2686.8042   13.9899
    7.5000   15.0000  -22.5000 2641.2390   14.1283
   -7.5000   22.5000  -22.5000 2599.2527   14.7114
    0.0000   22.5000  -22.5000 2608.9556   14.6966
    7.5000   22.5000  -22.5000 2567.8418   14.9125
   -7.5000   30.0000  -22.5000 2494.7969   15.7064
    0.0000   30.0000  -22.5000 2502.9067   15.6868
    7.5000   30.0000  -22.5000 2466.7830   15.9582
   -7.5000   37.5000  -22.5000 2370.5457   17.1161
    0.0000   37.5000  -22.5000 2384.6597   17.1011
    7.5000   37.5000  -22.5000 2353.8599   17.3814
   -7.5000   45.0000  -22.5000 2234.1011   19.1227
    0.0000   45.0000  -22.5000 2241.3818   19.0693
    7.5000   45.0000  -22.5000 2215.7686   19.4094
   -7.5000  -45.0000  -15.0000 2304.2434   18.2068
    0.0000  -45.0000  -15.0000 2311.6841   18.1635
    7.5000  -45.0000  -15.0000 2281.7197   18.4865
   -7.5000  -37.5000  -15.0000 2437.9106   16.2618
    0.0000  -37.5000  -15.0000 2446.9504   16.2017
    7.5000  -37.5000  -15.0000 2415.1365   16.4903
   -7.5000  -30.0000  -15.0000 2557.3640   14.8521
    0.0000  -30.0000  -15.0000 2568.5198   14.8009
    7.5000  -30.0000  -15.0000 2535.4419   15.0346
   -7.5000  -22.5000  -15.0000 2666.3257   13.8669
    0.0000  -22.5000  -15.0000 2672.2527   13.7934
    7.5000  -22.5000  -15.0000 2638.2705   14.0306
   -7.5000  -15.0000  -15.0000 2747.3503   13.2132
    0.0000  -15.0000  -15.0000 2759.3455   13.1271
    7.5000  -15.0000  -15.0000 2721.5713   13.3586
   -7.5000   -7.5000  -15.0000 2801.8899   12.7974
    0.0000   -7.5000  -15.0000 2813.0820   12.7470
    7.5000   -7.5000  -15.0000 2770.8206   12.9420
   -7.5000    0.0000  -15.0000 2825.8196   12.7108
    0.0000    0.0000  -15.0000 2836.0276   12.6845
    7.5000    0.0000  -15.0000 2781.7903   12.8634
   -7.5000    7.5000  -15.0000 2815.6941   12.9927
    0.0000    7.5000  -15.0000 2827.7566   12.9497
    7.5000    7.5000  -15.0000 2775.8259   13.1371
   -7.5000   15.0000  -15.0000 2763.3171   13.4809
    0.0000   15.0000  -15.0000 2774.5518   13.4579
    7.5000   15.0000  -15.0000 2726.3293   13.6389
   -7.5000   22.5000  -15.0000 2669.8376   14.1664
    0.0000   22.5000  -15.0000 2684.1846   14.1536
    7.5000   22.5000  -15.0000 2643.2861   14.3757
   -7.5000   30.0000  -15.0000 2564.4946   15.1189
    0.0000   30.0000  -15.0000 2578.9316   15.0921
    7.5000   30.0000  -15.0000 2538.8032   15.3631
   -7.5000   37.5000  -15.0000 2434.8354   16.4788
    0.0000   37.5000  -15.0000 2448.6226   16.4545
    7.5000   37.5000  -15.0000 2413.4338   16.7575
   -7.5000   45.0000  -15.0000 2295.5210   18.4020
    0.0000   45.0000  -15.0000 2301.6174   18.3803
    7.5000   45.0000  -15.0000 2270.7949   18.6982
   -7.5000  -45.0000   -7.5000 2307.7126   17.8213
    0.0000  -45.0000   -7.5000 2319.2344   17.7489
    7.5000  -45.0000   -7.5000 2290.2478   18.0852
   -7.5000  -37.5000   -7.5000 2452.1230   15.8996
    0.0000  -37.5000   -7.5000 2458.3086   15.7741
    7.5000  -37.5000   -7.5000 2430.5059   16.1474
   -7.5000  -30.0000   -7.5000 2577.0767   14.5114
    0.0000  -30.0000   -7.5000 2582.6128   14.3694
    7.5000  -30.0000   -7.5000 2551.9094   14.7041
   -7.5000  -22.5000   -7.5000 2688.4634   13.5054
    0.0000  -22.5000   -7.5000 2695.7690   13.3630
    7.5000  -22.5000   -7.5000 2663.1768   13.6941
   -7.5000  -15.0000   -7.5000 2786.3601   12.8386
    0.0000  -15.0000   -7.5000 2796.4089   12.7089
    7.5000  -15.0000   -7.5000 2758.1951   13.0358
   -7.5000   -7.5000   -7.5000 2855.6248   12.4149
    0.0000   -7.5000   -7.5000 2874.0024   12.2996
    7.5000   -7.5000   -7.5000 2821.8508   12.6032
   -7.5000    0.0000   -7.5000 2895.7998   12.2604
    0.0000    0.0000   -7.5000 2907.3435   12.1694
    7.5000    0.0000   -7.5000 2847.2815   12.4881
   -7.5000    7.5000   -7.5000 2881.1182   12.5054
    0.0000    7.5000   -7.5000 2900.4004   12.4145
    7.5000    7.5000   -7.5000 2838.3816   12.7105
   -7.5000   15.0000   -7.5000 2813.3228   12.9823
    0.0000   15.0000   -7.5000 2831.8730   12.9216
    7.5000   15.0000   -7.5000 2776.9939   13.2168
   -7.5000   22.5000   -7.5000 2719.5310   13.6687
    0.0000   22.5000   -7.5000 2735.8704   13.6147
    7.5000   22.5000   -7.5000 2684.9500   13.9554
   -7.5000   30.0000   -7.5000 2600.2231   14.6084
    0.0000   30.0000   -7.5000 2615.6689   14.5689
    7.5000   30.0000   -7.5000 2573.3284   14.8822
   -7.5000   37.5000   -7.5000 2470.8159   15.8938
    0.0000   37.5000   -7.5000 2479.0461   15.9010
    7.5000   37.5000   -7.5000 2447.9695   16.2257
   -7.5000   45.0000   -7.5000 2331.1040   17.7253
    0.0000   45.0000   -7.5000 2335.3684   17.7528
    7.5000   45.0000   -7.5000 2304.8213   18.0985
   -7.5000  -45.0000    0.0000 2290.3906   17.7341
    0.0000  -45.0000    0.0000 2304.8196   17.5885
    7.5000  -45.0000    0.0000 2281.2415   18.0193
   -7.5000  -37.5000    0.0000 2436.3474   15.8090
    0.0000  -37.5000    0.0000 2444.7852   15.6096
    7.5000  -37.5000    0.0000 2421.0076   16.0523
   -7.5000  -30.0000    0.0000 2563.0566   14.4001
    0.0000  -30.0000    0.0000 2572.8499   14.1769
    7.5000  -30.0000    0.0000 2545.5498   14.6215
   -7.5000  -22.5000    0.0000 2685.3281   13.3839
    0.0000  -22.5000    0.0000 2699.0403   13.1547
    7.5000  -22.5000    0.0000 2662.9231   13.5921
   -7.5000  -15.0000    0.0000 2797.2134   12.6826
    0.0000  -15.0000    0.0000 2809.0530   12.4971
    7.5000  -15.0000    0.0000 2767.4458   12.9004
   -7.5000   -7.5000    0.0000 2886.3071   12.2457
    0.0000   -7.5000    0.0000 2902.2771   12.0783
    7.5000   -7.5000    0.0000 2844.6316   12.4475
   -7.5000    0.0000    0.0000 2930.1445   12.0321
    0.0000    0.0000    0.0000 2944.3472   11.8686
    7.5000    0.0000    0.0000 2875.2097   12.3004
   -7.5000    7.5000    0.0000 2907.1726   12.1857
    0.0000    7.5000    0.0000 2931.4497   12.0150
    7.5000    7.5000    0.0000 2863.1960   12.4910
   -7.5000   15.0000    0.0000 2834.2126   12.6336
    0.0000   15.0000    0.0000 2848.8206   12.5262
    7.5000   15.0000    0.0000 2796.2017   12.9364
   -7.5000   22.5000    0.0000 2738.0015   13.3372
    0.0000   22.5000    0.0000 2747.5322   13.2834
    7.5000   22.5000    0.0000 2702.9426   13.6041
   -7.5000   30.0000    0.0000 2610.8984   14.3519
    0.0000   30.0000    0.0000 2621.2439   14.3074
    7.5000   30.0000    0.0000 2584.0159   14.5955
   -7.5000   37.5000    0.0000 2479.7698   15.6947
    0.0000   37.5000    0.0000 2486.6934   15.6404
    7.5000   37.5000    0.0000 2455.4329   15.9364
   -7.5000   45.0000    0.0000 2338.9617   17.4480
    0.0000   45.0000    0.0000 2346.0706   17.3789
    7.5000   45.0000    0.0000 2311.7666   17.7124
   -7.5000  -45.0000    7.5000 2264.9053   18.0475
    0.0000  -45.0000    7.5000 2276.1306   17.8074
    7.5000  -45.0000    7.5000 2255.4788   18.3104
   -7.5000  -37.5000    7.5000 2404.5156   16.0114
    0.0000  -37.5000    7.5000 2414.8379   15.7766
    7.5000  -37.5000    7.5000 2390.7451   16.2679
   -7.5000  -30.0000    7.5000 2533.7642   14.5095
    0.0000  -30.0000    7.5000 2544.6177   14.2981
    7.5000  -30.0000    7.5000 2517.4578   14.7689
   -7.5000  -22.5000    7.5000 2661.0479   13.4503
    0.0000  -22.5000    7.5000 2681.4507   13.2406
    7.5000  -22.5000    7.5000 2641.2371   13.6781
   -7.5000  -15.0000    7.5000 2772.6655   12.7205
    0.0000  -15.0000    7.5000 2793.3667   12.5191
    7.5000  -15.0000    7.5000 2752.1245   12.9645
   -7.5000   -7.5000    7.5000 2868.2603   12.2753
    0.0000   -7.5000    7.5000 2892.8135   12.0629
    7.5000   -7.5000    7.5000 2839.3857   12.4925
   -7.5000    0.0000    7.5000 2919.4346   12.1139
    0.0000    0.0000    7.5000 2936.5798   11.9336
    7.5000    0.0000    7.5000 2872.1877   12.3401
   -7.5000    7.5000    7.5000 2908.9338   12.2218
    0.0000    7.5000    7.5000 2924.1504   12.0576
    7.5000    7.5000    7.5000 2863.1311   12.4369
   -7.5000   15.0000    7.5000 2830.0374   12.6112
    0.0000   15.0000    7.5000 2847.5393   12.4879
    7.5000   15.0000    7.5000 2796.9844   12.8181
   -7.5000   22.5000    7.5000 2731.4417   13.3228
    0.0000   22.5000    7.5000 2747.0801   13.2202
    7.5000   22.5000    7.5000 2698.2703   13.5296
   -7.5000   30.0000    7.5000 2598.4495   14.3937
    0.0000   30.0000    7.5000 2611.0337   14.3247
    7.5000   30.0000    7.5000 2576.2476   14.6016
   -7.5000   37.5000    7.5000 2467.4438   15.7378
    0.0000   37.5000    7.5000 2471.7429   15.7010
    7.5000   37.5000    7.5000 2449.5732   15.9740
   -7.5000   45.0000    7.5000 2327.9670   17.4584
    0.0000   45.0000    7.5000 2333.7842   17.4333
    7.5000   45.0000    7.5000 2303.8267   17.6982
   -7.5000  -45.0000   15.0000 2225.3145   18.4985
    0.0000  -45.0000   15.0000 2243.6938   18.2786
    7.5000  -45.0000   15.0000 2218.6382   18.8011
   -7.5000  -37.5000   15.0000 2358.9727   16.3910
    0.0000  -37.5000   15.0000 2374.0903   16.1701
    7.5000  -37.5000   15.0000 2351.9312   16.6586
   -7.5000  -30.0000   15.0000 2488.0781   14.8778
    0.0000  -30.0000   15.0000 2503.2148   14.6706
    7.5000  -30.0000   15.0000 2478.7871   15.1087
   -7.5000  -22.5000   15.0000 2610.7183   13.7667
    0.0000  -22.5000   15.0000 2632.4749   13.5839
    7.5000  -22.5000   15.0000 2596.4995   14.0287
   -7.5000  -15.0000   15.0000 2720.4917   13.0861
    0.0000  -15.0000   15.0000 2739.7458   12.9167
    7.5000  -15.0000   15.0000 2698.5310   13.3037
   -7.5000   -7.5000   15.0000 2817.4854   12.6372
    0.0000   -7.5000   15.0000 2838.9509   12.4638
    7.5000   -7.5000   15.0000 2789.4590   12.8179
   -7.5000    0.0000   15.0000 2866.8169   12.4618
    0.0000    0.0000   15.0000 2876.3950   12.2986
    7.5000    0.0000   15.0000 2831.5847   12.6211
   -7.5000    7.5000   15.0000 2858.6743   12.5575
    0.0000    7.5000   15.0000 2875.2759   12.4292
    7.5000    7.5000   15.0000 2824.2241   12.6803
   -7.5000   15.0000   15.0000 2787.5945   12.9658
    0.0000   15.0000   15.0000 2804.8667   12.8631
    7.5000   15.0000   15.0000 2756.8079   13.0848
   -7.5000   22.5000   15.0000 2692.2617   13.6436
    0.0000   22.5000   15.0000 2709.2615   13.5581
    7.5000   22.5000   15.0000 2666.2537   13.7810
   -7.5000   30.0000   15.0000 2569.8274   14.6435
    0.0000   30.0000   15.0000 2585.8040   14.5688
    7.5000   30.0000   15.0000 2554.9863   14.8028
   -7.5000   37.5000   15.0000 2435.9309   15.9720
    0.0000   37.5000   15.0000 2448.8652   15.9195
    7.5000   37.5000   15.0000 2425.1765   16.1596
   -7.5000   45.0000   15.0000 2294.8677   17.6632
    0.0000   45.0000   15.0000 2304.7024   17.5710
    7.5000   45.0000   15.0000 2281.4285   17.8597
   -7.5000  -45.0000   22.5000 2183.5132   19.3027
    0.0000  -45.0000   22.5000 2204.6208   19.0557
    7.5000  -45.0000   22.5000 2180.6155   19.5468
   -7.5000  -37.5000   22.5000 2312.8213   17.0828
    0.0000  -37.5000   22.5000 2330.7380   16.9144
    7.5000  -37.5000   22.5000 2308.9614   17.3411
   -7.5000  -30.0000   22.5000 2433.6165   15.5094
    0.0000  -30.0000   22.5000 2454.3804   15.3777
    7.5000  -30.0000   22.5000 2428.5232   15.7386
   -7.5000  -22.5000   22.5000 2549.8022   14.4403
    0.0000  -22.5000   22.5000 2571.3953   14.3208
    7.5000  -22.5000   22.5000 2540.5212   14.6429
   -7.5000  -15.0000   22.5000 2656.7361   13.7019
    0.0000  -15.0000   22.5000 2678.3589   13.5727
    7.5000  -15.0000   22.5000 2641.5417   13.8594
   -7.5000   -7.5000   22.5000 2748.5408   13.1649
    0.0000   -7.5000   22.5000 2767.8884   13.0245
    7.5000   -7.5000   22.5000 2726.4524   13.3154
   -7.5000    0.0000   22.5000 2788.6650   12.9519
    0.0000    0.0000   22.5000 2803.5249   12.8283
    7.5000    0.0000   22.5000 2766.5464   13.0806
   -7.5000    7.5000   22.5000 2780.9766   13.0818
    0.0000    7.5000   22.5000 2795.6880   12.9723
    7.5000    7.5000   22.5000 2757.2141   13.1909
   -7.5000   15.0000   22.5000 2715.6626   13.4884
    0.0000   15.0000   22.5000 2734.1819   13.3891
    7.5000   15.0000   22.5000 2696.0181   13.6001
   -7.5000   22.5000   22.5000 2630.0625   14.1721
    0.0000   22.5000   22.5000 2643.6926   14.0791
    7.5000   22.5000   22.5000 2609.7751   14.3066
   -7.5000   30.0000   22.5000 2520.9690   15.1770
    0.0000   30.0000   22.5000 2540.1414   15.0822
    7.5000   30.0000   22.5000 2503.6931   15.2961
   -7.5000   37.5000   22.5000 2395.3911   16.4942
    0.0000   37.5000   22.5000 2409.5156   16.4044
    7.5000   37.5000   22.5000 2384.4854   16.6399
   -7.5000   45.0000   22.5000 2254.3071   18.1749
    0.0000   45.0000   22.5000 2262.6729   18.0551
    7.5000   45.0000   22.5000 2244.0940   18.3105
   -7.5000  -45.0000   30.0000 2135.8813   20.4312
    0.0000  -45.0000   30.0000 2152.0386   20.2713
    7.5000  -45.0000   30.0000 2130.3049   20.6509
   -7.5000  -37.5000   30.0000 2257.9958   18.1473
    0.0000  -37.5000   30.0000 2276.5486   18.0402
    7.5000  -37.5000   30.0000 2250.8499   18.3347
   -7.5000  -30.0000   30.0000 2373.9844   16.4729
    0.0000  -30.0000   30.0000 2396.2090   16.3938
    7.5000  -30.0000   30.0000 2365.8472   16.6569
   -7.5000  -22.5000   30.0000 2484.9727   15.2969
    0.0000  -22.5000   30.0000 2513.3821   15.2232
    7.5000  -22.5000   30.0000 2475.3186   15.4824
   -7.5000  -15.0000   30.0000 2583.5447   14.4870
    0.0000  -15.0000   30.0000 2614.3765   14.3751
    7.5000  -15.0000   30.0000 2572.1897   14.6525
   -7.5000   -7.5000   30.0000 2662.6807   13.9138
    0.0000   -7.5000   30.0000 2687.7095   13.8083
    7.5000   -7.5000   30.0000 2647.9712   14.0620
   -7.5000    0.0000   30.0000 2698.3342   13.7012
    0.0000    0.0000   30.0000 2717.8601   13.5991
    7.5000    0.0000   30.0000 2682.7952   13.8116
   -7.5000    7.5000   30.0000 2682.1221   13.8201
    0.0000    7.5000   30.0000 2697.8633   13.7218
    7.5000    7.5000   30.0000 2664.3982   13.9092
   -7.5000   15.0000   30.0000 2624.4946   14.2295
    0.0000   15.0000   30.0000 2642.5481   14.1292
    7.5000   15.0000   30.0000 2613.0398   14.3216
   -7.5000   22.5000   30.0000 2552.8601   14.9121
    0.0000   22.5000   30.0000 2569.5168   14.8079
    7.5000   22.5000   30.0000 2536.6360   15.0158
   -7.5000   30.0000   30.0000 2453.1235   15.8569
    0.0000   30.0000   30.0000 2470.3914   15.7680
    7.5000   30.0000   30.0000 2440.4072   15.9990
   -7.5000   37.5000   30.0000 2340.3711   17.1693
    0.0000   37.5000   30.0000 2353.9907   17.0782
    7.5000   37.5000   30.0000 2326.1311   17.3137
   -7.5000   45.0000   30.0000 2198.9065   18.8388
    0.0000   45.0000   30.0000 2207.0276   18.7451
    7.5000   45.0000   30.0000 2189.8506   19.0194
   -7.5000  -45.0000   37.5000 2073.0632   21.9474
    0.0000  -45.0000   37.5000 2093.0596   21.8276
    7.5000  -45.0000   37.5000 2075.5435   22.1178
   -7.5000  -37.5000   37.5000 2191.8396   19.4512
    0.0000  -37.5000   37.5000 2213.9561   19.3376
    7.5000  -37.5000   37.5000 2193.2668   19.6161
   -7.5000  -30.0000   37.5000 2308.1343   17.6931
    0.0000  -30.0000   37.5000 2337.2034   17.6183
    7.5000  -30.0000   37.5000 2302.4951   17.8453
   -7.5000  -22.5000   37.5000 2415.8743   16.4317
    0.0000  -22.5000   37.5000 2446.4048   16.3728
    7.5000  -22.5000   37.5000 2403.1355   16.6040
   -7.5000  -15.0000   37.5000 2505.1272   15.5458
    0.0000  -15.0000   37.5000 2536.5298   15.4677
    7.5000  -15.0000   37.5000 2492.7231   15.7312
   -7.5000   -7.5000   37.5000 2574.3022   14.9009
    0.0000   -7.5000   37.5000 2600.2576   14.8461
    7.5000   -7.5000   37.5000 2561.0583   15.0661
   -7.5000    0.0000   37.5000 2603.1799   14.6672
    0.0000    0.0000   37.5000 2624.4092   14.5787
    7.5000    0.0000   37.5000 2589.9080   14.7919
   -7.5000    7.5000   37.5000 2582.3291   14.7466
    0.0000    7.5000   37.5000 2602.2896   14.6592
    7.5000    7.5000   37.5000 2571.1335   14.8379
   -7.5000   15.0000   37.5000 2529.6726   15.1595
    0.0000   15.0000   37.5000 2547.1016   15.0869
    7.5000   15.0000   37.5000 2524.5852   15.2713
   -7.5000   22.5000   37.5000 2467.6440   15.8347
    0.0000   22.5000   37.5000 2478.9216   15.7698
    7.5000   22.5000   37.5000 2458.2568   15.9594
   -7.5000   30.0000   37.5000 2378.5999   16.7471
    0.0000   30.0000   37.5000 2395.0103   16.6689
    7.5000   30.0000   37.5000 2370.9551   16.8770
   -7.5000   37.5000   37.5000 2281.0601   17.9998
    0.0000   37.5000   37.5000 2293.8596   17.9323
    7.5000   37.5000   37.5000 2266.3274   18.1269
   -7.5000   45.0000   37.5000 2145.1514   19.7292
    0.0000   45.0000   37.5000 2150.9348   19.6534
    7.5000   45.0000   37.5000 2135.1514   19.8799
   -7.5000  -45.0000   45.0000 2002.2372   23.7191
    0.0000  -45.0000   45.0000 2017.4109   23.5242
    7.5000  -45.0000   45.0000 2003.9940   23.8957
   -7.5000  -37.5000   45.0000 2121.2517   21.1188
    0.0000  -37.5000   45.0000 2141.4370   21.0043
    7.5000  -37.5000   45.0000 2120.9983   21.2425
   -7.5000  -30.0000   45.0000 2233.7119   19.2158
    0.0000  -30.0000   45.0000 2261.0881   19.1775
    7.5000  -30.0000   45.0000 2229.1838   19.4034
   -7.5000  -22.5000   45.0000 2335.5325   17.8633
    0.0000  -22.5000   45.0000 2365.1204   17.8281
    7.5000  -22.5000   45.0000 2326.2434   18.0541
   -7.5000  -15.0000   45.0000 2417.8750   16.9034
    0.0000  -15.0000   45.0000 2443.1125   16.8379
    7.5000  -15.0000   45.0000 2409.2971   17.0865
   -7.5000   -7.5000   45.0000 2478.3398   16.1896
    0.0000   -7.5000   45.0000 2497.9558   16.1391
    7.5000   -7.5000   45.0000 2466.7949   16.3376
   -7.5000    0.0000   45.0000 2494.8435   15.8860
    0.0000    0.0000   45.0000 2513.1892   15.8118
    7.5000    0.0000   45.0000 2481.8318   16.0285
   -7.5000    7.5000   45.0000 2480.1570   15.9379
    0.0000    7.5000   45.0000 2492.3389   15.8531
    7.5000    7.5000   45.0000 2468.3188   16.0353
   -7.5000   15.0000   45.0000 2432.7419   16.3381
    0.0000   15.0000   45.0000 2444.1807   16.2906
    7.5000   15.0000   45.0000 2426.4067   16.4747
   -7.5000   22.5000   45.0000 2375.6304   17.0127
    0.0000   22.5000   45.0000 2385.3557   16.9340
    7.5000   22.5000   45.0000 2371.7463   17.1459
   -7.5000   30.0000   45.0000 2296.9167   17.8885
    0.0000   30.0000   45.0000 2309.7124   17.8022
    7.5000   30.0000   45.0000 2293.4717   18.0240
   -7.5000   37.5000   45.0000 2202.1194   19.1464
    0.0000   37.5000   45.0000 2216.9268   19.0252
    7.5000   37.5000   45.0000 2194.8809   19.2563
   -7.5000   45.0000   45.0000 2075.0227   20.8790
    0.0000   45.0000   45.0000 2085.9897   20.7461
    7.5000   45.0000   45.0000 2067.2532   21.0034

---------------------------------------------------------------------
imgreg_4dfp /opt/freesurfer/average/711-2C_as_mni_average_305 /opt/freesurfer/average/711-2B_as_mni_average_305_mask talsrcimg_g11 none talsrcimg_to_711-2C_as_mni_average_305_t4 1283
---------------------------------------------------------------------

freesurfer imgreg_4dfp.c
/opt/freesurfer/average/711-2C_as_mni_average_305.4dfp.img
       256       256       256         1
  1.000000  1.000000  1.000000
orientation T byte_order littleendian
Reading image: /opt/freesurfer/average/711-2C_as_mni_average_305.4dfp.img
dimensions:      256       256       256
mmppix:       1.0000   -1.0000   -1.0000
center:     128.0000 -129.0000 -129.0000
/opt/freesurfer/average/711-2B_as_mni_average_305_mask.4dfp.img
       256       256       256         1
  1.000000  1.000000  1.000000
orientation T byte_order littleendian
Reading mask: /opt/freesurfer/average/711-2B_as_mni_average_305_mask.4dfp.img (2306576 pixels)
talsrcimg_g11.4dfp.img
       256       256       256         1
  1.000000  1.000000  1.000000
orientation T byte_order littleendian
Reading image: talsrcimg_g11.4dfp.img
dimensions:      256       256       256
mmppix:       1.0000   -1.0000   -1.0000
center:     128.0000 -129.0000 -129.0000
rotation matrix determinant  1.000000
fimgreg.f
image alignment mode   1283 decimal      503 hex
parameters
    0.0000    0.0000    0.0000    0.0000    0.0000    0.0000
eta,q 0.92369 11.88675
niter,ni,del,rscale     5    3   12.0000    1.2000
parameter  4 -8.108981 ->  0.500000 qaram    1.1500
parameters
   -2.6378    1.0339    1.4809   -3.4500    0.8776    1.2976
eta,q 0.93304 11.75231
  0.0786  0.0853  0.0818  0.0643  0.0719  0.0735
  0.0757  0.0813  0.0751  0.0665  0.0695  0.0704
  0.0753  0.0774  0.0724  0.0700  0.0680  0.0683
  0.0775  0.0746  0.0738  0.0744  0.0672  0.0672
  0.0809  0.0738  0.0750  0.0779  0.0671  0.0669
  0.0859  0.0762  0.0745  0.0805  0.0680  0.0677
  0.0925  0.0808  0.0742  0.0828  0.0699  0.0698
niter,ni,del,rscale     5    3   12.0000    1.2000
parameter  3 -0.505068 -> -0.500000 qaram    1.1500
parameter  4  0.528655 ->  0.500000 qaram    1.3225
parameters
   -2.5480    1.7993    4.9309   -7.4175    0.6618    1.7580
eta,q 0.93692 11.69743
  0.0786  0.0813  0.0709  0.0647  0.0694  0.0684
  0.0721  0.0754  0.0690  0.0635  0.0659  0.0657
  0.0681  0.0706  0.0678  0.0621  0.0638  0.0639
  0.0670  0.0670  0.0664  0.0636  0.0631  0.0632
  0.0682  0.0671  0.0644  0.0699  0.0637  0.0633
  0.0722  0.0713  0.0638  0.0763  0.0661  0.0647
  0.0774  0.0762  0.0668  0.0810  0.0709  0.0671
niter,ni,del,rscale     6    3   12.0000    1.2000
parameters
   -2.6886    3.1903    2.4889  -10.5208    0.5779    2.0642
eta,q 0.94246 11.67134
  0.0743  0.0793  0.0651  0.0625  0.0639  0.0630
  0.0688  0.0713  0.0620  0.0583  0.0612  0.0602
  0.0650  0.0663  0.0598  0.0577  0.0586  0.0582
  0.0631  0.0631  0.0616  0.0598  0.0575  0.0575
  0.0646  0.0616  0.0661  0.0640  0.0585  0.0582
  0.0694  0.0644  0.0724  0.0691  0.0610  0.0597
  0.0757  0.0691  0.0803  0.0755  0.0646  0.0619
niter,ni,del,rscale     5    3   12.0000    1.2000
parameters
   -2.7711    4.5448    1.5188  -12.4198    0.8544    2.1178
eta,q 0.94399 11.69740
  0.0715  0.0730  0.0663  0.0626  0.0634  0.0614
  0.0660  0.0666  0.0616  0.0596  0.0599  0.0582
  0.0608  0.0612  0.0582  0.0562  0.0572  0.0563
  0.0575  0.0576  0.0569  0.0570  0.0560  0.0560
  0.0595  0.0571  0.0602  0.0604  0.0567  0.0568
  0.0661  0.0596  0.0664  0.0662  0.0591  0.0584
  0.0731  0.0640  0.0730  0.0717  0.0622  0.0608
niter,ni,del,rscale     4    3   12.0000    1.2000
parameters
   -2.8797    5.2588    0.9009  -14.0967    0.8891    2.0187
eta,q 0.94342 11.73743
  0.0706  0.0691  0.0662  0.0612  0.0635  0.0612
  0.0643  0.0635  0.0618  0.0598  0.0598  0.0584
  0.0585  0.0585  0.0581  0.0572  0.0575  0.0569
  0.0560  0.0560  0.0562  0.0564  0.0566  0.0566
  0.0581  0.0575  0.0584  0.0587  0.0577  0.0572
  0.0645  0.0603  0.0643  0.0635  0.0601  0.0588
  0.0723  0.0641  0.0711  0.0699  0.0631  0.0613
niter,ni,del,rscale     3    3   12.0000    1.2000
parameters
   -2.8457    6.1397    0.1950  -16.0189    0.5958    1.7162
eta,q 0.94355 11.76295
  0.0716  0.0672  0.0655  0.0602  0.0629  0.0605
  0.0649  0.0630  0.0608  0.0582  0.0593  0.0582
  0.0589  0.0584  0.0582  0.0565  0.0570  0.0570
  0.0566  0.0566  0.0569  0.0571  0.0565  0.0564
  0.0583  0.0577  0.0587  0.0584  0.0581  0.0568
  0.0639  0.0591  0.0637  0.0621  0.0606  0.0586
  0.0719  0.0627  0.0702  0.0684  0.0637  0.0618
niter,ni,del,rscale     2    3   12.0000    1.2000
parameters
   -2.5979    7.0711   -0.5702  -17.4284    0.2449    1.5058
eta,q 0.94529 11.76857
  0.0727  0.0660  0.0649  0.0613  0.0611  0.0603
  0.0658  0.0628  0.0587  0.0578  0.0577  0.0574
  0.0592  0.0593  0.0562  0.0552  0.0554  0.0553
  0.0564  0.0564  0.0559  0.0557  0.0547  0.0547
  0.0577  0.0559  0.0584  0.0587  0.0563  0.0554
  0.0629  0.0578  0.0630  0.0615  0.0589  0.0577
  0.0712  0.0629  0.0688  0.0667  0.0625  0.0614
niter,ni,del,rscale     1    3   12.0000    1.2000
parameters
   -2.4498    7.3579   -0.9325  -17.9012    0.0652    1.4587
eta,q 0.94570 11.77339
  0.0718  0.0658  0.0663  0.0630  0.0609  0.0606
  0.0641  0.0623  0.0587  0.0594  0.0574  0.0574
  0.0571  0.0583  0.0551  0.0558  0.0552  0.0550
  0.0547  0.0547  0.0545  0.0544  0.0543  0.0543
  0.0565  0.0549  0.0570  0.0574  0.0555  0.0550
  0.0622  0.0590  0.0620  0.0607  0.0581  0.0573
  0.0707  0.0659  0.0675  0.0648  0.0616  0.0610
registration optimization eta report
parameter search radius
    6.0000    6.0000    6.9000    7.9350    6.0000    6.0000
100000*second partial in parameter space
       45.       30.       26.       14.       19.       18.
  0.0718  0.0658  0.0663  0.0630  0.0609  0.0606
  0.0641  0.0623  0.0587  0.0594  0.0574  0.0574
  0.0571  0.0583  0.0551  0.0558  0.0552  0.0550
  0.0547  0.0547  0.0545  0.0544  0.0543  0.0543
  0.0565  0.0549  0.0570  0.0574  0.0555  0.0550
  0.0622  0.0590  0.0620  0.0607  0.0581  0.0573
  0.0707  0.0659  0.0675  0.0648  0.0616  0.0610
   -2.4498    7.3579   -0.9325  -17.9012    0.0652    1.4587
eta,q 0.94570 11.77339

---------------------------------------------------------------------
imgreg_4dfp /opt/freesurfer/average/711-2C_as_mni_average_305 /opt/freesurfer/average/711-2B_as_mni_average_305_mask talsrcimg_g11 none talsrcimg_to_711-2C_as_mni_average_305_t4 3335
---------------------------------------------------------------------

freesurfer imgreg_4dfp.c
/opt/freesurfer/average/711-2C_as_mni_average_305.4dfp.img
       256       256       256         1
  1.000000  1.000000  1.000000
orientation T byte_order littleendian
Reading image: /opt/freesurfer/average/711-2C_as_mni_average_305.4dfp.img
dimensions:      256       256       256
mmppix:       1.0000   -1.0000   -1.0000
center:     128.0000 -129.0000 -129.0000
/opt/freesurfer/average/711-2B_as_mni_average_305_mask.4dfp.img
       256       256       256         1
  1.000000  1.000000  1.000000
orientation T byte_order littleendian
Reading mask: /opt/freesurfer/average/711-2B_as_mni_average_305_mask.4dfp.img (2306576 pixels)
talsrcimg_g11.4dfp.img
       256       256       256         1
  1.000000  1.000000  1.000000
orientation T byte_order littleendian
Reading image: talsrcimg_g11.4dfp.img
dimensions:      256       256       256
mmppix:       1.0000   -1.0000   -1.0000
center:     128.0000 -129.0000 -129.0000
fimgreg.f
image alignment mode   3335 decimal      D07 hex
parameters
   -2.4498    7.3579   -0.9325   -0.0325   -4.8712   -4.8413
   -2.3875   -0.8907    2.5457   30.7250    0.1137  -30.7377
eta,q 0.94701 11.82828
niter,ni,del,rscale     5    3    5.0000    1.2000
parameter  4  2.532725 ->  0.500000 qaram    1.1500
parameter  5  3.652207 ->  0.500000 qaram    1.1500
parameter  6  1.492143 ->  0.500000 qaram    1.1500
parameter 10  1.010039 ->  0.500000 qaram    1.1500
parameters
   -2.4856    7.5262   -0.8634   -4.1725   -9.0112   -8.9813
   -2.9650    0.7783    3.2417   26.5850    0.4964  -28.1660
eta,q 0.96755 11.25346
  0.0554  0.0554  0.0552  0.0444  0.0376  0.0340  0.0382  0.0433  0.0381  0.0324  0.0350  0.0359
  0.0540  0.0542  0.0540  0.0462  0.0403  0.0352  0.0368  0.0399  0.0368  0.0325  0.0337  0.0345
  0.0532  0.0534  0.0532  0.0491  0.0434  0.0378  0.0359  0.0372  0.0359  0.0335  0.0330  0.0333
  0.0530  0.0530  0.0530  0.0530  0.0469  0.0411  0.0357  0.0357  0.0355  0.0355  0.0327  0.0327
  0.0533  0.0531  0.0532  0.0570  0.0508  0.0455  0.0363  0.0356  0.0356  0.0382  0.0329  0.0324
  0.0542  0.0537  0.0539  0.0609  0.0550  0.0503  0.0375  0.0365  0.0362  0.0414  0.0335  0.0327
  0.0555  0.0549  0.0549  0.0656  0.0592  0.0558  0.0391  0.0386  0.0373  0.0449  0.0345  0.0332
niter,ni,del,rscale     7    3    5.0000    1.2000
parameter  4  0.563869 ->  0.500000 qaram    1.3225
parameter  5  1.577051 ->  0.500000 qaram    1.3225
parameters
   -2.2444    7.9677   -0.3527   -8.9335  -13.7722  -11.9070
   -3.1088    1.2104    3.0359   25.8439   -0.1704  -28.0451
eta,q 0.97360 10.85031
  0.0378  0.0365  0.0361  0.0319  0.0248  0.0284  0.0288  0.0320  0.0286  0.0302  0.0273  0.0276
  0.0351  0.0345  0.0343  0.0306  0.0260  0.0274  0.0275  0.0291  0.0274  0.0281  0.0267  0.0269
  0.0333  0.0332  0.0330  0.0304  0.0279  0.0264  0.0267  0.0271  0.0267  0.0268  0.0264  0.0266
  0.0325  0.0324  0.0323  0.0322  0.0304  0.0265  0.0264  0.0264  0.0264  0.0264  0.0264  0.0264
  0.0327  0.0324  0.0322  0.0359  0.0336  0.0289  0.0268  0.0268  0.0267  0.0271  0.0266  0.0265
  0.0339  0.0330  0.0327  0.0406  0.0372  0.0332  0.0277  0.0283  0.0276  0.0291  0.0270  0.0269
  0.0361  0.0343  0.0339  0.0452  0.0413  0.0387  0.0290  0.0309  0.0288  0.0321  0.0276  0.0275
niter,ni,del,rscale     7    3    5.0000    1.2000
parameter  5  0.696696 ->  0.500000 qaram    1.5209
parameters
   -1.9717    7.6187   -1.0079   -8.9309  -19.2474  -13.3568
   -3.3718    1.5699    3.0768   26.3021   -0.3441  -30.1069
eta,q 0.97563 10.50788
  0.0311  0.0286  0.0272  0.0311  0.0246  0.0268  0.0269  0.0295  0.0266  0.0292  0.0252  0.0250
  0.0288  0.0271  0.0264  0.0291  0.0242  0.0256  0.0255  0.0268  0.0254  0.0269  0.0247  0.0246
  0.0272  0.0264  0.0261  0.0274  0.0246  0.0248  0.0247  0.0250  0.0247  0.0252  0.0245  0.0244
  0.0264  0.0263  0.0263  0.0261  0.0261  0.0242  0.0245  0.0245  0.0245  0.0245  0.0245  0.0245
  0.0265  0.0270  0.0269  0.0259  0.0284  0.0246  0.0249  0.0249  0.0247  0.0248  0.0246  0.0249
  0.0275  0.0284  0.0279  0.0280  0.0316  0.0271  0.0259  0.0262  0.0254  0.0261  0.0248  0.0256
  0.0294  0.0303  0.0293  0.0324  0.0354  0.0310  0.0272  0.0285  0.0265  0.0284  0.0252  0.0264
niter,ni,del,rscale     7    3    5.0000    1.2000
parameters
   -1.8844    7.5821   -1.5817   -8.5137  -20.5777  -13.9436
   -3.3729    1.6331    3.2774   26.6782   -0.3610  -30.9645
eta,q 0.97585 10.43894
  0.0283  0.0274  0.0253  0.0291  0.0281  0.0272  0.0268  0.0289  0.0263  0.0288  0.0250  0.0251
  0.0262  0.0256  0.0245  0.0271  0.0258  0.0258  0.0253  0.0263  0.0251  0.0264  0.0245  0.0246
  0.0249  0.0246  0.0242  0.0255  0.0243  0.0247  0.0245  0.0246  0.0244  0.0248  0.0242  0.0242
  0.0244  0.0244  0.0244  0.0242  0.0241  0.0240  0.0242  0.0242  0.0242  0.0242  0.0242  0.0242
  0.0247  0.0248  0.0249  0.0238  0.0251  0.0240  0.0245  0.0247  0.0244  0.0245  0.0243  0.0244
  0.0258  0.0259  0.0257  0.0255  0.0274  0.0258  0.0254  0.0262  0.0250  0.0258  0.0245  0.0250
  0.0278  0.0274  0.0267  0.0294  0.0309  0.0293  0.0268  0.0287  0.0260  0.0281  0.0249  0.0257
niter,ni,del,rscale     6    3    5.0000    1.2000
parameters
   -1.8844    7.6335   -1.8557   -8.3881  -20.8297  -14.2364
   -3.3867    1.6094    3.3670   26.8766   -0.3891  -31.2080
eta,q 0.97586 10.42446
  0.0279  0.0272  0.0255  0.0288  0.0289  0.0274  0.0268  0.0288  0.0261  0.0286  0.0250  0.0253
  0.0258  0.0255  0.0246  0.0269  0.0264  0.0259  0.0253  0.0262  0.0250  0.0262  0.0245  0.0247
  0.0246  0.0244  0.0242  0.0254  0.0247  0.0249  0.0244  0.0246  0.0244  0.0248  0.0242  0.0243
  0.0241  0.0241  0.0241  0.0241  0.0241  0.0241  0.0242  0.0242  0.0242  0.0242  0.0241  0.0241
  0.0246  0.0245  0.0245  0.0239  0.0247  0.0239  0.0245  0.0247  0.0244  0.0245  0.0243  0.0243
  0.0258  0.0254  0.0252  0.0257  0.0265  0.0256  0.0254  0.0263  0.0250  0.0259  0.0245  0.0248
  0.0279  0.0268  0.0262  0.0297  0.0296  0.0289  0.0267  0.0288  0.0260  0.0282  0.0249  0.0255
niter,ni,del,rscale     5    3    5.0000    1.2000
parameters
   -1.8896    7.6836   -1.9781   -8.3395  -20.9500  -14.4076
   -3.4094    1.5929    3.4195   26.9935   -0.4141  -31.2687
eta,q 0.97583 10.41558
  0.0278  0.0271  0.0257  0.0288  0.0290  0.0275  0.0268  0.0289  0.0261  0.0284  0.0250  0.0254
  0.0258  0.0254  0.0248  0.0269  0.0265  0.0260  0.0253  0.0263  0.0250  0.0262  0.0245  0.0247
  0.0246  0.0244  0.0242  0.0254  0.0248  0.0249  0.0245  0.0246  0.0244  0.0247  0.0242  0.0243
  0.0241  0.0241  0.0241  0.0241  0.0241  0.0241  0.0242  0.0242  0.0242  0.0242  0.0242  0.0242
  0.0246  0.0245  0.0245  0.0239  0.0247  0.0239  0.0245  0.0247  0.0244  0.0245  0.0243  0.0243
  0.0258  0.0254  0.0251  0.0258  0.0265  0.0255  0.0254  0.0263  0.0250  0.0260  0.0245  0.0248
  0.0279  0.0268  0.0260  0.0298  0.0295  0.0288  0.0268  0.0289  0.0260  0.0283  0.0250  0.0254
niter,ni,del,rscale     4    3    5.0000    1.2000
parameters
   -1.8920    7.7176   -2.0418   -8.3128  -21.0221  -14.5090
   -3.4224    1.5882    3.4474   27.0634   -0.4285  -31.2809
eta,q 0.97581 10.40992
  0.0279  0.0271  0.0258  0.0288  0.0291  0.0276  0.0268  0.0289  0.0261  0.0284  0.0250  0.0254
  0.0258  0.0254  0.0248  0.0269  0.0266  0.0261  0.0253  0.0263  0.0250  0.0261  0.0245  0.0248
  0.0246  0.0245  0.0243  0.0254  0.0248  0.0250  0.0245  0.0246  0.0244  0.0247  0.0243  0.0244
  0.0242  0.0242  0.0242  0.0242  0.0242  0.0242  0.0242  0.0242  0.0242  0.0242  0.0242  0.0242
  0.0246  0.0245  0.0244  0.0240  0.0247  0.0239  0.0245  0.0247  0.0244  0.0246  0.0243  0.0243
  0.0258  0.0254  0.0250  0.0259  0.0264  0.0254  0.0254  0.0263  0.0250  0.0260  0.0246  0.0248
  0.0279  0.0268  0.0259  0.0298  0.0294  0.0287  0.0268  0.0289  0.0260  0.0283  0.0250  0.0254
niter,ni,del,rscale     3    3    5.0000    1.2000
parameters
   -1.8929    7.7369   -2.0793   -8.3005  -21.0706  -14.5766
   -3.4292    1.5848    3.4696   27.1041   -0.4470  -31.2804
eta,q 0.97580 10.40551
  0.0279  0.0270  0.0259  0.0288  0.0291  0.0276  0.0268  0.0289  0.0261  0.0283  0.0250  0.0254
  0.0259  0.0254  0.0249  0.0269  0.0266  0.0261  0.0254  0.0263  0.0250  0.0261  0.0245  0.0248
  0.0246  0.0245  0.0243  0.0254  0.0249  0.0250  0.0245  0.0247  0.0244  0.0247  0.0243  0.0244
  0.0242  0.0242  0.0242  0.0242  0.0242  0.0242  0.0242  0.0242  0.0242  0.0242  0.0242  0.0242
  0.0246  0.0245  0.0244  0.0240  0.0247  0.0239  0.0245  0.0247  0.0244  0.0246  0.0243  0.0243
  0.0259  0.0254  0.0250  0.0259  0.0264  0.0254  0.0254  0.0263  0.0250  0.0260  0.0246  0.0248
  0.0279  0.0268  0.0259  0.0298  0.0294  0.0286  0.0268  0.0289  0.0260  0.0283  0.0250  0.0254
niter,ni,del,rscale     2    3    5.0000    1.2000
parameters
   -1.8918    7.7513   -2.1050   -8.2922  -21.1029  -14.6231
   -3.4386    1.5854    3.4900   27.1351   -0.4752  -31.2878
eta,q 0.97579 10.40285
  0.0279  0.0270  0.0259  0.0288  0.0291  0.0276  0.0268  0.0289  0.0261  0.0283  0.0250  0.0254
  0.0259  0.0254  0.0249  0.0269  0.0266  0.0261  0.0254  0.0263  0.0250  0.0261  0.0245  0.0248
  0.0246  0.0245  0.0244  0.0254  0.0249  0.0250  0.0245  0.0247  0.0244  0.0248  0.0243  0.0244
  0.0242  0.0242  0.0242  0.0242  0.0242  0.0242  0.0242  0.0242  0.0242  0.0242  0.0242  0.0242
  0.0246  0.0245  0.0244  0.0240  0.0247  0.0240  0.0245  0.0248  0.0244  0.0246  0.0243  0.0243
  0.0259  0.0254  0.0250  0.0259  0.0264  0.0254  0.0255  0.0263  0.0251  0.0260  0.0246  0.0248
  0.0279  0.0268  0.0259  0.0298  0.0294  0.0286  0.0268  0.0289  0.0260  0.0283  0.0250  0.0254
niter,ni,del,rscale     1    3    5.0000    1.2000
parameters
   -1.8921    7.7611   -2.1214   -8.2831  -21.1245  -14.6530
   -3.4424    1.5844    3.5029   27.1556   -0.4798  -31.2835
eta,q 0.97579 10.40103
  0.0279  0.0270  0.0259  0.0288  0.0291  0.0276  0.0268  0.0289  0.0261  0.0283  0.0250  0.0254
  0.0259  0.0254  0.0249  0.0269  0.0266  0.0261  0.0254  0.0263  0.0250  0.0261  0.0245  0.0248
  0.0246  0.0245  0.0244  0.0254  0.0249  0.0250  0.0245  0.0247  0.0244  0.0248  0.0243  0.0244
  0.0242  0.0242  0.0242  0.0242  0.0242  0.0242  0.0242  0.0242  0.0242  0.0242  0.0242  0.0242
  0.0246  0.0246  0.0244  0.0240  0.0247  0.0240  0.0245  0.0248  0.0244  0.0246  0.0243  0.0243
  0.0259  0.0254  0.0250  0.0259  0.0264  0.0254  0.0254  0.0263  0.0251  0.0260  0.0246  0.0248
  0.0279  0.0268  0.0259  0.0298  0.0294  0.0286  0.0268  0.0289  0.0261  0.0283  0.0250  0.0254
registration optimization eta report
parameter search radius
    2.4000    2.4000    2.4000    9.5220   10.9503    8.2800
    7.2000    7.2000    7.2000    8.2800    7.2000    7.2000
100000*second partial in parameter space
       64.       47.       29.        6.        4.        6.
        5.        9.        4.        6.        1.        2.
  0.0279  0.0270  0.0259  0.0288  0.0291  0.0276  0.0268  0.0289  0.0261  0.0283  0.0250  0.0254
  0.0259  0.0254  0.0249  0.0269  0.0266  0.0261  0.0254  0.0263  0.0250  0.0261  0.0245  0.0248
  0.0246  0.0245  0.0244  0.0254  0.0249  0.0250  0.0245  0.0247  0.0244  0.0248  0.0243  0.0244
  0.0242  0.0242  0.0242  0.0242  0.0242  0.0242  0.0242  0.0242  0.0242  0.0242  0.0242  0.0242
  0.0246  0.0246  0.0244  0.0240  0.0247  0.0240  0.0245  0.0248  0.0244  0.0246  0.0243  0.0243
  0.0259  0.0254  0.0250  0.0259  0.0264  0.0254  0.0254  0.0263  0.0251  0.0260  0.0246  0.0248
  0.0279  0.0268  0.0259  0.0298  0.0294  0.0286  0.0268  0.0289  0.0261  0.0283  0.0250  0.0254
   -1.8921    7.7611   -2.1214   -8.2831  -21.1245  -14.6530
   -3.4424    1.5844    3.5029   27.1556   -0.4798  -31.2835
eta,q 0.97579 10.40103

---------------------------------------------------------------------
imgreg_4dfp /opt/freesurfer/average/711-2C_as_mni_average_305 /opt/freesurfer/average/711-2B_as_mni_average_305_mask talsrcimg_g11 none talsrcimg_to_711-2C_as_mni_average_305_t4 2311
---------------------------------------------------------------------

freesurfer imgreg_4dfp.c
/opt/freesurfer/average/711-2C_as_mni_average_305.4dfp.img
       256       256       256         1
  1.000000  1.000000  1.000000
orientation T byte_order littleendian
Reading image: /opt/freesurfer/average/711-2C_as_mni_average_305.4dfp.img
dimensions:      256       256       256
mmppix:       1.0000   -1.0000   -1.0000
center:     128.0000 -129.0000 -129.0000
/opt/freesurfer/average/711-2B_as_mni_average_305_mask.4dfp.img
       256       256       256         1
  1.000000  1.000000  1.000000
orientation T byte_order littleendian
Reading mask: /opt/freesurfer/average/711-2B_as_mni_average_305_mask.4dfp.img (2306576 pixels)
talsrcimg_g11.4dfp.img
       256       256       256         1
  1.000000  1.000000  1.000000
orientation T byte_order littleendian
Reading image: talsrcimg_g11.4dfp.img
dimensions:      256       256       256
mmppix:       1.0000   -1.0000   -1.0000
center:     128.0000 -129.0000 -129.0000
fimgreg.f
image alignment mode   2311 decimal      907 hex
parameters
   -1.8921    7.7611   -2.1214   -8.2831  -21.1245  -14.6530
   -3.4424    1.5844    3.5029   27.1556   -0.4798  -31.2835
eta,q 0.97579 10.40103
niter,ni,del,rscale     5    3    5.0000    0.8000
parameters
   -1.8860    7.7246   -2.1696   -6.5709  -20.8382  -13.7301
   -3.4362    1.7545    3.5762   27.0833   -0.2247  -31.5696
eta,q 0.97631 10.52348
  0.0259  0.0254  0.0249  0.0261  0.0250  0.0256  0.0250  0.0265  0.0246  0.0253  0.0244  0.0242
  0.0250  0.0247  0.0245  0.0254  0.0244  0.0249  0.0243  0.0251  0.0241  0.0244  0.0240  0.0239
  0.0244  0.0243  0.0243  0.0248  0.0241  0.0244  0.0238  0.0241  0.0238  0.0239  0.0238  0.0237
  0.0242  0.0242  0.0242  0.0242  0.0239  0.0239  0.0237  0.0237  0.0237  0.0237  0.0237  0.0237
  0.0244  0.0244  0.0243  0.0239  0.0240  0.0236  0.0239  0.0239  0.0238  0.0239  0.0237  0.0238
  0.0249  0.0248  0.0246  0.0240  0.0243  0.0239  0.0243  0.0248  0.0241  0.0244  0.0239  0.0240
  0.0259  0.0255  0.0250  0.0247  0.0248  0.0249  0.0250  0.0262  0.0246  0.0254  0.0242  0.0244
niter,ni,del,rscale     4    3    5.0000    0.7000
parameters
   -2.0125    7.7199   -2.0237   -6.7922  -20.6481  -13.2823
   -3.4035    1.6269    3.4231   27.0094   -0.0546  -31.6878
eta,q 0.97641 10.54702
  0.0249  0.0246  0.0245  0.0250  0.0245  0.0251  0.0246  0.0256  0.0242  0.0248  0.0241  0.0241
  0.0242  0.0241  0.0241  0.0244  0.0241  0.0245  0.0241  0.0245  0.0239  0.0242  0.0238  0.0238
  0.0237  0.0238  0.0238  0.0239  0.0238  0.0241  0.0237  0.0238  0.0237  0.0237  0.0237  0.0236
  0.0237  0.0237  0.0237  0.0237  0.0237  0.0237  0.0236  0.0236  0.0236  0.0236  0.0236  0.0236
  0.0240  0.0238  0.0237  0.0238  0.0237  0.0236  0.0237  0.0239  0.0237  0.0238  0.0236  0.0237
  0.0245  0.0241  0.0239  0.0244  0.0240  0.0239  0.0240  0.0246  0.0239  0.0242  0.0238  0.0238
  0.0254  0.0246  0.0242  0.0255  0.0244  0.0248  0.0246  0.0259  0.0243  0.0250  0.0241  0.0241
niter,ni,del,rscale     3    3    5.0000    0.6000
parameters
   -2.0379    7.6819   -1.8836   -6.7667  -20.5669  -12.8789
   -3.3722    1.6103    3.3277   26.9073    0.0290  -31.6964
eta,q 0.97648 10.56573
  0.0247  0.0243  0.0243  0.0247  0.0242  0.0247  0.0243  0.0251  0.0240  0.0245  0.0239  0.0239
  0.0240  0.0239  0.0239  0.0242  0.0239  0.0243  0.0239  0.0243  0.0237  0.0239  0.0237  0.0237
  0.0237  0.0236  0.0237  0.0238  0.0237  0.0239  0.0236  0.0237  0.0236  0.0236  0.0236  0.0236
  0.0236  0.0236  0.0236  0.0236  0.0236  0.0236  0.0235  0.0235  0.0235  0.0235  0.0235  0.0235
  0.0237  0.0237  0.0236  0.0236  0.0236  0.0235  0.0236  0.0237  0.0236  0.0237  0.0236  0.0236
  0.0241  0.0240  0.0238  0.0241  0.0238  0.0238  0.0239  0.0243  0.0238  0.0240  0.0237  0.0237
  0.0247  0.0244  0.0240  0.0248  0.0242  0.0245  0.0243  0.0252  0.0241  0.0246  0.0239  0.0239
niter,ni,del,rscale     2    3    5.0000    0.5000
parameters
   -2.0560    7.6644   -1.7419   -6.7332  -20.5102  -12.4999
   -3.3499    1.6102    3.2816   26.8266    0.0751  -31.6523
eta,q 0.97653 10.58179
  0.0243  0.0240  0.0240  0.0244  0.0239  0.0244  0.0240  0.0246  0.0238  0.0242  0.0238  0.0237
  0.0238  0.0237  0.0238  0.0240  0.0237  0.0241  0.0237  0.0240  0.0236  0.0238  0.0236  0.0236
  0.0236  0.0236  0.0236  0.0237  0.0236  0.0237  0.0235  0.0236  0.0235  0.0235  0.0235  0.0235
  0.0235  0.0235  0.0235  0.0235  0.0235  0.0235  0.0235  0.0235  0.0235  0.0235  0.0235  0.0235
  0.0236  0.0236  0.0235  0.0236  0.0236  0.0235  0.0235  0.0236  0.0235  0.0236  0.0235  0.0235
  0.0239  0.0238  0.0236  0.0239  0.0237  0.0237  0.0237  0.0240  0.0236  0.0238  0.0236  0.0236
  0.0243  0.0240  0.0238  0.0244  0.0239  0.0242  0.0240  0.0247  0.0239  0.0242  0.0238  0.0237
niter,ni,del,rscale     1    3    5.0000    0.4000
parameters
   -2.0700    7.6536   -1.5946   -6.7251  -20.4640  -12.1289
   -3.3371    1.6168    3.2320   26.7472    0.0921  -31.5984
eta,q 0.97658 10.59554
  0.0240  0.0238  0.0238  0.0240  0.0237  0.0241  0.0238  0.0242  0.0237  0.0239  0.0236  0.0236
  0.0237  0.0236  0.0236  0.0237  0.0236  0.0239  0.0236  0.0238  0.0235  0.0236  0.0235  0.0235
  0.0235  0.0235  0.0235  0.0235  0.0235  0.0236  0.0235  0.0235  0.0234  0.0235  0.0234  0.0234
  0.0235  0.0235  0.0235  0.0235  0.0235  0.0235  0.0234  0.0234  0.0234  0.0234  0.0234  0.0234
  0.0235  0.0235  0.0235  0.0235  0.0235  0.0234  0.0235  0.0235  0.0235  0.0235  0.0234  0.0234
  0.0237  0.0236  0.0235  0.0237  0.0236  0.0236  0.0236  0.0238  0.0235  0.0237  0.0235  0.0235
  0.0240  0.0238  0.0236  0.0241  0.0237  0.0239  0.0238  0.0242  0.0237  0.0239  0.0236  0.0236
registration optimization eta report
parameter search radius
    0.8000    0.8000    0.8000    2.4000    2.4000    2.4000
    2.4000    2.4000    2.4000    2.4000    2.4000    2.4000
100000*second partial in parameter space
       79.       53.       41.       10.        5.       10.
        6.       14.        4.        8.        3.        3.
  0.0240  0.0238  0.0238  0.0240  0.0237  0.0241  0.0238  0.0242  0.0237  0.0239  0.0236  0.0236
  0.0237  0.0236  0.0236  0.0237  0.0236  0.0239  0.0236  0.0238  0.0235  0.0236  0.0235  0.0235
  0.0235  0.0235  0.0235  0.0235  0.0235  0.0236  0.0235  0.0235  0.0234  0.0235  0.0234  0.0234
  0.0235  0.0235  0.0235  0.0235  0.0235  0.0235  0.0234  0.0234  0.0234  0.0234  0.0234  0.0234
  0.0235  0.0235  0.0235  0.0235  0.0235  0.0234  0.0235  0.0235  0.0235  0.0235  0.0234  0.0234
  0.0237  0.0236  0.0235  0.0237  0.0236  0.0236  0.0236  0.0238  0.0235  0.0237  0.0235  0.0235
  0.0240  0.0238  0.0236  0.0241  0.0237  0.0239  0.0238  0.0242  0.0237  0.0239  0.0236  0.0236
   -2.0700    7.6536   -1.5946   -6.7251  -20.4640  -12.1289
   -3.3371    1.6168    3.2320   26.7472    0.0921  -31.5984
eta,q 0.97658 10.59554

---------------------------------------------------------------------
imgreg_4dfp /opt/freesurfer/average/711-2C_as_mni_average_305 /opt/freesurfer/average/711-2B_as_mni_average_305_mask talsrcimg_g11 none talsrcimg_to_711-2C_as_mni_average_305_t4 2311
---------------------------------------------------------------------

freesurfer imgreg_4dfp.c
/opt/freesurfer/average/711-2C_as_mni_average_305.4dfp.img
       256       256       256         1
  1.000000  1.000000  1.000000
orientation T byte_order littleendian
Reading image: /opt/freesurfer/average/711-2C_as_mni_average_305.4dfp.img
dimensions:      256       256       256
mmppix:       1.0000   -1.0000   -1.0000
center:     128.0000 -129.0000 -129.0000
/opt/freesurfer/average/711-2B_as_mni_average_305_mask.4dfp.img
       256       256       256         1
  1.000000  1.000000  1.000000
orientation T byte_order littleendian
Reading mask: /opt/freesurfer/average/711-2B_as_mni_average_305_mask.4dfp.img (2306576 pixels)
talsrcimg_g11.4dfp.img
       256       256       256         1
  1.000000  1.000000  1.000000
orientation T byte_order littleendian
Reading image: talsrcimg_g11.4dfp.img
dimensions:      256       256       256
mmppix:       1.0000   -1.0000   -1.0000
center:     128.0000 -129.0000 -129.0000
fimgreg.f
image alignment mode   2311 decimal      907 hex
parameters
   -2.0700    7.6536   -1.5946   -6.7251  -20.4640  -12.1289
   -3.3371    1.6168    3.2320   26.7472    0.0921  -31.5984
eta,q 0.97658 10.59554
niter,ni,del,rscale     5    3    5.0000    0.8000
parameters
   -2.0548    7.6840   -1.4195   -7.2297  -20.4867  -12.4795
   -3.3230    1.5120    3.1940   26.9063   -0.0169  -31.3809
eta,q 0.97651 10.56956
  0.0255  0.0249  0.0247  0.0250  0.0245  0.0250  0.0248  0.0261  0.0244  0.0254  0.0241  0.0242
  0.0243  0.0240  0.0240  0.0243  0.0239  0.0244  0.0241  0.0247  0.0239  0.0244  0.0238  0.0238
  0.0236  0.0236  0.0236  0.0237  0.0236  0.0239  0.0237  0.0238  0.0236  0.0238  0.0236  0.0236
  0.0234  0.0234  0.0234  0.0234  0.0234  0.0234  0.0235  0.0235  0.0235  0.0235  0.0235  0.0235
  0.0237  0.0236  0.0235  0.0237  0.0236  0.0236  0.0237  0.0239  0.0236  0.0237  0.0236  0.0236
  0.0243  0.0240  0.0238  0.0246  0.0239  0.0244  0.0241  0.0248  0.0239  0.0242  0.0238  0.0238
  0.0254  0.0247  0.0242  0.0262  0.0246  0.0261  0.0248  0.0263  0.0245  0.0252  0.0242  0.0241
niter,ni,del,rscale     4    3    5.0000    0.7000
parameters
   -2.0341    7.6573   -1.5218   -7.0690  -20.5155  -12.5091
   -3.3347    1.5674    3.2488   26.8655   -0.0189  -31.4541
eta,q 0.97652 10.57082
  0.0251  0.0245  0.0241  0.0250  0.0243  0.0248  0.0245  0.0257  0.0242  0.0248  0.0240  0.0240
  0.0242  0.0239  0.0237  0.0244  0.0238  0.0243  0.0239  0.0245  0.0238  0.0241  0.0237  0.0237
  0.0237  0.0236  0.0235  0.0238  0.0236  0.0238  0.0236  0.0238  0.0236  0.0236  0.0235  0.0235
  0.0235  0.0235  0.0235  0.0235  0.0235  0.0235  0.0235  0.0235  0.0235  0.0235  0.0235  0.0235
  0.0237  0.0236  0.0236  0.0235  0.0236  0.0235  0.0236  0.0237  0.0235  0.0236  0.0235  0.0235
  0.0241  0.0240  0.0239  0.0240  0.0238  0.0240  0.0239  0.0244  0.0238  0.0241  0.0237  0.0237
  0.0250  0.0246  0.0243  0.0250  0.0243  0.0252  0.0245  0.0256  0.0242  0.0249  0.0240  0.0240
niter,ni,del,rscale     3    3    5.0000    0.6000
parameters
   -2.0413    7.6524   -1.5539   -6.9291  -20.4931  -12.3734
   -3.3465    1.5931    3.2582   26.8223    0.0228  -31.5294
eta,q 0.97656 10.58094
  0.0246  0.0242  0.0240  0.0247  0.0241  0.0246  0.0242  0.0251  0.0240  0.0245  0.0239  0.0238
  0.0240  0.0238  0.0237  0.0241  0.0237  0.0242  0.0238  0.0242  0.0237  0.0239  0.0236  0.0236
  0.0236  0.0235  0.0235  0.0237  0.0235  0.0238  0.0235  0.0237  0.0235  0.0236  0.0235  0.0235
  0.0235  0.0235  0.0235  0.0235  0.0235  0.0235  0.0234  0.0234  0.0234  0.0234  0.0234  0.0234
  0.0236  0.0236  0.0236  0.0235  0.0235  0.0235  0.0235  0.0236  0.0235  0.0236  0.0235  0.0235
  0.0240  0.0238  0.0238  0.0239  0.0237  0.0238  0.0238  0.0242  0.0237  0.0239  0.0236  0.0236
  0.0246  0.0242  0.0241  0.0246  0.0241  0.0246  0.0242  0.0251  0.0240  0.0245  0.0238  0.0238
niter,ni,del,rscale     2    3    5.0000    0.5000
parameters
   -2.0558    7.6493   -1.5229   -6.8443  -20.4751  -12.1662
   -3.3425    1.6034    3.2434   26.7754    0.0566  -31.5338
eta,q 0.97659 10.59071
  0.0242  0.0240  0.0239  0.0243  0.0239  0.0243  0.0240  0.0246  0.0238  0.0241  0.0237  0.0237
  0.0238  0.0237  0.0236  0.0239  0.0236  0.0240  0.0237  0.0240  0.0236  0.0237  0.0236  0.0235
  0.0235  0.0235  0.0235  0.0236  0.0235  0.0237  0.0235  0.0236  0.0235  0.0235  0.0235  0.0234
  0.0234  0.0234  0.0234  0.0234  0.0234  0.0234  0.0234  0.0234  0.0234  0.0234  0.0234  0.0234
  0.0236  0.0235  0.0235  0.0235  0.0235  0.0234  0.0235  0.0235  0.0235  0.0235  0.0234  0.0234
  0.0238  0.0237  0.0236  0.0238  0.0236  0.0237  0.0237  0.0239  0.0236  0.0238  0.0235  0.0235
  0.0242  0.0240  0.0238  0.0243  0.0239  0.0242  0.0239  0.0246  0.0238  0.0242  0.0237  0.0237
niter,ni,del,rscale     1    3    5.0000    0.4000
parameters
   -2.0684    7.6470   -1.4467   -6.7999  -20.4368  -11.9117
   -3.3357    1.6148    3.2274   26.7182    0.0607  -31.4829
eta,q 0.97660 10.60122
  0.0239  0.0238  0.0237  0.0240  0.0237  0.0241  0.0237  0.0242  0.0236  0.0239  0.0236  0.0236
  0.0236  0.0236  0.0236  0.0237  0.0235  0.0238  0.0235  0.0238  0.0235  0.0236  0.0235  0.0235
  0.0235  0.0235  0.0235  0.0235  0.0235  0.0236  0.0234  0.0235  0.0234  0.0234  0.0234  0.0234
  0.0234  0.0234  0.0234  0.0234  0.0234  0.0234  0.0234  0.0234  0.0234  0.0234  0.0234  0.0234
  0.0235  0.0235  0.0234  0.0235  0.0234  0.0234  0.0234  0.0235  0.0234  0.0235  0.0234  0.0234
  0.0237  0.0236  0.0235  0.0236  0.0235  0.0236  0.0235  0.0237  0.0235  0.0236  0.0235  0.0235
  0.0239  0.0238  0.0236  0.0240  0.0237  0.0239  0.0237  0.0242  0.0236  0.0239  0.0236  0.0236
registration optimization eta report
parameter search radius
    0.8000    0.8000    0.8000    2.4000    2.4000    2.4000
    2.4000    2.4000    2.4000    2.4000    2.4000    2.4000
100000*second partial in parameter space
       80.       54.       41.       10.        5.       10.
        6.       14.        4.        8.        4.        3.
  0.0239  0.0238  0.0237  0.0240  0.0237  0.0241  0.0237  0.0242  0.0236  0.0239  0.0236  0.0236
  0.0236  0.0236  0.0236  0.0237  0.0235  0.0238  0.0235  0.0238  0.0235  0.0236  0.0235  0.0235
  0.0235  0.0235  0.0235  0.0235  0.0235  0.0236  0.0234  0.0235  0.0234  0.0234  0.0234  0.0234
  0.0234  0.0234  0.0234  0.0234  0.0234  0.0234  0.0234  0.0234  0.0234  0.0234  0.0234  0.0234
  0.0235  0.0235  0.0234  0.0235  0.0234  0.0234  0.0234  0.0235  0.0234  0.0235  0.0234  0.0234
  0.0237  0.0236  0.0235  0.0236  0.0235  0.0236  0.0235  0.0237  0.0235  0.0236  0.0235  0.0235
  0.0239  0.0238  0.0236  0.0240  0.0237  0.0239  0.0237  0.0242  0.0236  0.0239  0.0236  0.0236
   -2.0684    7.6470   -1.4467   -6.7999  -20.4368  -11.9117
   -3.3357    1.6148    3.2274   26.7182    0.0607  -31.4829
eta,q 0.97660 10.60122

---------------------------------------------------------------------
compute_vox2vox talsrcimg talsrcimg_to_711-2C_as_mni_average_305_t4 /opt/freesurfer/average/711-2C_as_mni_average_305
---------------------------------------------------------------------

freesurfer compute_vox2vox.c
Reading: talsrcimg.4dfp.ifh
Reading: talsrcimg_to_711-2C_as_mni_average_305_t4
Reading: /opt/freesurfer/average/711-2C_as_mni_average_305.4dfp.ifh
Writing: talsrcimg_to_711-2C_as_mni_average_305_t4_vox2vox.txt

start time Sat Mar 14 03:22:32 CET 2026
end		time Sat Mar 14 03:22:46 CET 2026

mpr2mni305 success

avi2talxfm orig_nu.mgz /opt/freesurfer/average/mni305.cor.mgz talsrcimg_to_711-2C_as_mni_average_305_t4_vox2vox.txt transforms/talairach.auto.xfm
avi2talxfm done
mv -f /out/sourcedata/freesurfer/sub-v2s8x29250_ses-1/mri/talsrcimg_to_711-2C_as_mni_average_305_t4_vox2vox.txt /out/sourcedata/freesurfer/sub-v2s8x29250_ses-1/mri/transforms/talsrcimg_to_711-2C_as_mni_average_305_t4_vox2vox.txt
lta_convert --src orig_nu.mgz --trg /opt/freesurfer/average/mni305.cor.mgz --inxfm transforms/talairach.auto.xfm --outlta transforms/talairach.auto.xfm.lta --subject fsaverage
7.3.2

--src: orig_nu.mgz src image (geometry).
--trg: /opt/freesurfer/average/mni305.cor.mgz trg image (geometry).
--inmni: transforms/talairach.auto.xfm input MNI/XFM transform.
--outlta: transforms/talairach.auto.xfm.lta output LTA.
--s: fsaverage subject name
 LTA read, type : 1
 1.07183  -0.02971   0.03318   1.17419;
-0.01453   1.01398   0.40062  -3.01757;
-0.03860  -0.33930   1.12099  -10.23828;
 0.00000   0.00000   0.00000   1.00000;
setting subject to fsaverage
Writing  LTA to file transforms/talairach.auto.xfm.lta...
lta_convert successful.
 
 
Started at Sat Mar 14 03:22:32 CET 2026
Ended   at Sat Mar 14 03:22:47 CET 2026
talairach_avi done
