status file for recon-all
Sat Mar 14 05:05:53 CET 2026
#@# Tessellate rh Sat Mar 14 05:05:53 CET 2026
#@# Smooth1 rh Sat Mar 14 05:05:57 CET 2026
#@# Inflation1 rh Sat Mar 14 05:05:59 CET 2026
#@# QSphere rh Sat Mar 14 05:06:08 CET 2026
#@# Fix Topology rh Sat Mar 14 05:07:00 CET 2026
#@# Smooth2 rh Sat Mar 14 05:13:15 CET 2026
#@# Inflation2 rh Sat Mar 14 05:13:17 CET 2026
#@# Curv .H and .K rh Sat Mar 14 05:13:28 CET 2026
#@# Sphere rh Sat Mar 14 05:14:09 CET 2026
#@# Surf Reg rh Sat Mar 14 05:15:49 CET 2026
#@# Jacobian white rh Sat Mar 14 05:18:22 CET 2026
#@# AvgCurv rh Sat Mar 14 05:18:23 CET 2026
#@# Cortical Parc rh Sat Mar 14 05:18:23 CET 2026
#@# white curv rh Sat Mar 14 05:23:22 CET 2026
#@# white area rh Sat Mar 14 05:23:23 CET 2026
#@# pial curv rh Sat Mar 14 05:23:24 CET 2026
#@# pial area rh Sat Mar 14 05:23:25 CET 2026
#@# thickness rh Sat Mar 14 05:23:26 CET 2026
#@# area and vertex vol rh Sat Mar 14 05:23:51 CET 2026
#@# Curvature Stats rh Sat Mar 14 05:23:53 CET 2026
#@# Cortical Parc 2 rh Sat Mar 14 05:23:55 CET 2026
#@# Cortical Parc 3 rh Sat Mar 14 05:24:07 CET 2026
#@# WM/GM Contrast rh Sat Mar 14 05:24:16 CET 2026
recon-all -s sub-v2s8x29245_ses-1 finished without error at Sat Mar 14 05:24:19 CET 2026



#New# invocation of recon-all 



status file for recon-all
Sat Mar 14 05:31:03 CET 2026
#@# white curv rh Sat Mar 14 05:31:04 CET 2026
#@# white area rh Sat Mar 14 05:31:04 CET 2026
#@# pial curv rh Sat Mar 14 05:31:04 CET 2026
#@# pial area rh Sat Mar 14 05:31:04 CET 2026
#@# thickness rh Sat Mar 14 05:31:04 CET 2026
#@# area and vertex vol rh Sat Mar 14 05:31:04 CET 2026
#@# Parcellation Stats rh Sat Mar 14 05:31:04 CET 2026
#@# Parcellation Stats 2 rh Sat Mar 14 05:31:18 CET 2026
#@# Parcellation Stats 3 rh Sat Mar 14 05:31:26 CET 2026
#@# BA_exvivo Labels rh Sat Mar 14 05:31:33 CET 2026
recon-all -s sub-v2s8x29245_ses-1 finished without error at Sat Mar 14 05:33:45 CET 2026
