status file for recon-all
Sat Mar 14 03:13:09 CET 2026
#@# MotionCor Sat Mar 14 03:13:11 CET 2026
#@# Talairach Sat Mar 14 03:13:16 CET 2026
#@# Talairach Failure Detection Sat Mar 14 03:16:08 CET 2026
#@# Nu Intensity Correction Sat Mar 14 03:16:08 CET 2026
#@# Intensity Normalization Sat Mar 14 03:18:53 CET 2026
recon-all -s sub-v2s8x29247_ses-1 finished without error at Sat Mar 14 03:19:48 CET 2026



#New# invocation of recon-all 



status file for recon-all
Sat Mar 14 03:25:40 CET 2026
#@# EM Registration Sat Mar 14 03:25:40 CET 2026
recon-all -s sub-v2s8x29247_ses-1 finished without error at Sat Mar 14 03:27:00 CET 2026



#New# invocation of recon-all 



status file for recon-all
Sat Mar 14 03:27:04 CET 2026
#@# CA Normalize Sat Mar 14 03:27:04 CET 2026
#@# CA Reg Sat Mar 14 03:28:00 CET 2026
#@# SubCort Seg Sat Mar 14 03:59:04 CET 2026
#@# CC Seg Sat Mar 14 04:20:12 CET 2026
#@# Merge ASeg Sat Mar 14 04:20:34 CET 2026
#@# Intensity Normalization2 Sat Mar 14 04:20:34 CET 2026
#@# Mask BFS Sat Mar 14 04:21:53 CET 2026
#@# WM Segmentation Sat Mar 14 04:21:54 CET 2026
#@# Fill Sat Mar 14 04:23:25 CET 2026
recon-all -s sub-v2s8x29247_ses-1 finished without error at Sat Mar 14 04:24:01 CET 2026



#New# invocation of recon-all 



status file for recon-all
Sat Mar 14 04:57:54 CET 2026
#@# white curv lh Sat Mar 14 04:57:55 CET 2026
#@# white area lh Sat Mar 14 04:57:55 CET 2026
#@# pial curv lh Sat Mar 14 04:57:55 CET 2026
#@# pial area lh Sat Mar 14 04:57:55 CET 2026
#@# thickness lh Sat Mar 14 04:57:55 CET 2026
#@# area and vertex vol lh Sat Mar 14 04:57:55 CET 2026
#@# white curv rh Sat Mar 14 04:57:55 CET 2026
#@# white area rh Sat Mar 14 04:57:55 CET 2026
#@# pial curv rh Sat Mar 14 04:57:55 CET 2026
#@# pial area rh Sat Mar 14 04:57:55 CET 2026
#@# thickness rh Sat Mar 14 04:57:55 CET 2026
#@# area and vertex vol rh Sat Mar 14 04:57:55 CET 2026
#@# Cortical ribbon mask Sat Mar 14 04:57:55 CET 2026
recon-all -s sub-v2s8x29247_ses-1 finished without error at Sat Mar 14 05:01:26 CET 2026



#New# invocation of recon-all 



status file for recon-all
Sat Mar 14 05:06:07 CET 2026
#@# white curv lh Sat Mar 14 05:06:07 CET 2026
#@# white area lh Sat Mar 14 05:06:07 CET 2026
#@# pial curv lh Sat Mar 14 05:06:07 CET 2026
#@# pial area lh Sat Mar 14 05:06:07 CET 2026
#@# thickness lh Sat Mar 14 05:06:07 CET 2026
#@# area and vertex vol lh Sat Mar 14 05:06:07 CET 2026
#@# white curv rh Sat Mar 14 05:06:07 CET 2026
#@# white area rh Sat Mar 14 05:06:07 CET 2026
#@# pial curv rh Sat Mar 14 05:06:07 CET 2026
#@# pial area rh Sat Mar 14 05:06:07 CET 2026
#@# thickness rh Sat Mar 14 05:06:07 CET 2026
#@# area and vertex vol rh Sat Mar 14 05:06:07 CET 2026
#@# Curvature Stats lh Sat Mar 14 05:06:07 CET 2026
#@# Curvature Stats rh Sat Mar 14 05:06:08 CET 2026
#@# Relabel Hypointensities Sat Mar 14 05:06:10 CET 2026
#@# APas-to-ASeg Sat Mar 14 05:06:20 CET 2026
#@# AParc-to-ASeg aparc Sat Mar 14 05:06:26 CET 2026
#@# AParc-to-ASeg aparc.a2009s Sat Mar 14 05:06:50 CET 2026
#@# AParc-to-ASeg aparc.DKTatlas Sat Mar 14 05:07:12 CET 2026
#@# WMParc Sat Mar 14 05:07:35 CET 2026
#@# ASeg Stats Sat Mar 14 05:09:11 CET 2026
recon-all -s sub-v2s8x29247_ses-1 finished without error at Sat Mar 14 05:09:27 CET 2026
