status file for recon-all
Sat Mar 14 04:24:04 CET 2026
#@# Tessellate lh Sat Mar 14 04:24:04 CET 2026
#@# Smooth1 lh Sat Mar 14 04:24:07 CET 2026
#@# Inflation1 lh Sat Mar 14 04:24:09 CET 2026
#@# QSphere lh Sat Mar 14 04:24:16 CET 2026
#@# Fix Topology lh Sat Mar 14 04:24:57 CET 2026
#@# Smooth2 lh Sat Mar 14 04:29:52 CET 2026
#@# Inflation2 lh Sat Mar 14 04:29:54 CET 2026
#@# Curv .H and .K lh Sat Mar 14 04:30:01 CET 2026
#@# Sphere lh Sat Mar 14 04:30:38 CET 2026
#@# Surf Reg lh Sat Mar 14 04:32:41 CET 2026
#@# Jacobian white lh Sat Mar 14 04:35:11 CET 2026
#@# AvgCurv lh Sat Mar 14 04:35:11 CET 2026
#@# Cortical Parc lh Sat Mar 14 04:35:12 CET 2026
#@# white curv lh Sat Mar 14 04:39:59 CET 2026
#@# white area lh Sat Mar 14 04:40:00 CET 2026
#@# pial curv lh Sat Mar 14 04:40:01 CET 2026
#@# pial area lh Sat Mar 14 04:40:02 CET 2026
#@# thickness lh Sat Mar 14 04:40:02 CET 2026
#@# area and vertex vol lh Sat Mar 14 04:40:21 CET 2026
#@# Curvature Stats lh Sat Mar 14 04:40:22 CET 2026
#@# Cortical Parc 2 lh Sat Mar 14 04:40:24 CET 2026
#@# Cortical Parc 3 lh Sat Mar 14 04:40:33 CET 2026
#@# WM/GM Contrast lh Sat Mar 14 04:40:41 CET 2026
recon-all -s sub-v2s8x29247_ses-1 finished without error at Sat Mar 14 04:40:43 CET 2026



#New# invocation of recon-all 



status file for recon-all
Sat Mar 14 05:01:31 CET 2026
#@# white curv lh Sat Mar 14 05:01:31 CET 2026
#@# white area lh Sat Mar 14 05:01:31 CET 2026
#@# pial curv lh Sat Mar 14 05:01:31 CET 2026
#@# pial area lh Sat Mar 14 05:01:31 CET 2026
#@# thickness lh Sat Mar 14 05:01:31 CET 2026
#@# area and vertex vol lh Sat Mar 14 05:01:31 CET 2026
#@# Parcellation Stats lh Sat Mar 14 05:01:31 CET 2026
#@# Parcellation Stats 2 lh Sat Mar 14 05:01:44 CET 2026
#@# Parcellation Stats 3 lh Sat Mar 14 05:01:51 CET 2026
#@# BA_exvivo Labels lh Sat Mar 14 05:01:58 CET 2026
recon-all -s sub-v2s8x29247_ses-1 finished without error at Sat Mar 14 05:03:46 CET 2026
