/out/sourcedata/freesurfer/sub-v2s8x29225_ses-1/mri
/opt/freesurfer/bin/talairach_avi
--i orig_nu.mgz --xfm transforms/talairach.auto.xfm
talairach_avi 7.3.2
Linux dna010 5.14.0-427.37.1.el9_4.x86_64 #1 SMP PREEMPT_DYNAMIC Fri Sep 13 12:41:50 EDT 2024 x86_64 x86_64 x86_64 GNU/Linux
Sat Mar 14 01:56:19 CET 2026
mri_convert orig_nu.mgz talsrcimg.img 
reading from orig_nu.mgz...
TR=0.00, TE=0.00, TI=0.00, flip angle=0.00
i_ras = (-1, 0, 0)
j_ras = (0, 0, -1)
k_ras = (0, 1, 0)
writing to talsrcimg.img...
Analyze Output Matrix
-1.00000   0.00000   0.00000   129.66513;
 0.00000   0.00000   1.00000  -128.00000;
 0.00000  -1.00000   0.00000   130.00000;
 0.00000   0.00000   0.00000   1.00000;
--------------------
INFO: set hdr.hist.orient to -1
mpr2mni305 talsrcimg
Sat Mar 14 01:56:20 CET 2026
/opt/freesurfer/bin/mpr2mni305 talsrcimg
mpr2mni305 7.3.2
target=711-2C_as_mni_average_305

---------------------------------------------------------------------
analyzeto4dfp talsrcimg -O0 -y
---------------------------------------------------------------------

freesurfer ifh2hdr.c
Sat Mar 14 01:56:20 2026
Writing: talsrcimg.4dfp.hdr
freesurfer analyzeto4dfp.c
Reading: talsrcimg.hdr
header size 348 bytes
hdr.dime.datatype	offset=70	value=2
hdr.dime.bitpix		offset=72	value=8
hdr.hist.orient		offset=252	value=-1
dimensionality     4
dimensions       256       256       256         1
Reading: talsrcimg.img
Writing: talsrcimg.4dfp.img
Writing: talsrcimg.4dfp.ifh
ifh2hdr talsrcimg -r0to221
ori=2

---------------------------------------------------------------------
gauss_4dfp talsrcimg 1.1
---------------------------------------------------------------------

freesurfer gauss_4dfp.c
Reading: talsrcimg.4dfp.img
Writing: talsrcimg_g11.4dfp.img
image dimensions 256 256 256 padded to 288 288 288
processing volume 1freesurfer ifh2hdr.c
Sat Mar 14 01:56:22 2026
Writing: talsrcimg_g11.4dfp.hdr

Writing: talsrcimg_g11.4dfp.ifh
including: talsrcimg.4dfp.img.rec in talsrcimg_g11.4dfp.img.rec

---------------------------------------------------------------------
imgreg_4dfp /opt/freesurfer/average/711-2C_as_mni_average_305 none talsrcimg_g11 none talsrcimg_to_711-2C_as_mni_average_305_t4 4355
---------------------------------------------------------------------

freesurfer imgreg_4dfp.c
/opt/freesurfer/average/711-2C_as_mni_average_305.4dfp.img
       256       256       256         1
  1.000000  1.000000  1.000000
orientation T byte_order littleendian
Reading image: /opt/freesurfer/average/711-2C_as_mni_average_305.4dfp.img
dimensions:      256       256       256
mmppix:       1.0000   -1.0000   -1.0000
center:     128.0000 -129.0000 -129.0000
talsrcimg_g11.4dfp.img
       256       256       256         1
  1.000000  1.000000  1.000000
orientation T byte_order littleendian
Reading image: talsrcimg_g11.4dfp.img
dimensions:      256       256       256
mmppix:       1.0000   -1.0000   -1.0000
center:     128.0000 -129.0000 -129.0000
t4_read: open error in t4_sub.f l:  41 t4_file(1:l)talsrcimg_to_711-2C_as_mni_average_305_t4 
t4_read: transform initialized to I4
rotation matrix determinant  1.000000
image alignment mode   4355 decimal     1103 hex
   -7.5000  -45.0000  -45.0000 8952.1807   19.2528
    0.0000  -45.0000  -45.0000 9303.1680   19.2796
    7.5000  -45.0000  -45.0000 8858.8633   19.2941
   -7.5000  -37.5000  -45.0000 9342.7959   19.2372
    0.0000  -37.5000  -45.0000 9716.3750   19.2567
    7.5000  -37.5000  -45.0000 9252.0322   19.2602
   -7.5000  -30.0000  -45.000010025.9834   19.2290
    0.0000  -30.0000  -45.000010438.5586   19.2430
    7.5000  -30.0000  -45.0000 9936.9668   19.2403
   -7.5000  -22.5000  -45.000010682.3926   19.2286
    0.0000  -22.5000  -45.000011130.2061   19.2436
    7.5000  -22.5000  -45.000010574.7129   19.2469
   -7.5000  -15.0000  -45.000011256.0889   19.2348
    0.0000  -15.0000  -45.000011725.8721   19.2544
    7.5000  -15.0000  -45.000011141.2686   19.2682
   -7.5000   -7.5000  -45.000011746.0615   19.2392
    0.0000   -7.5000  -45.000012212.6182   19.2652
    7.5000   -7.5000  -45.000011650.3174   19.2838
   -7.5000    0.0000  -45.000012160.9980   19.2412
    0.0000    0.0000  -45.000012640.2471   19.2679
    7.5000    0.0000  -45.000012052.7861   19.2823
   -7.5000    7.5000  -45.000011671.4248   19.2372
    0.0000    7.5000  -45.000012115.4629   19.2566
    7.5000    7.5000  -45.000011539.8906   19.2601
   -7.5000   15.0000  -45.000010929.5938   19.2290
    0.0000   15.0000  -45.000011357.4121   19.2430
    7.5000   15.0000  -45.000010815.2822   19.2403
   -7.5000   22.5000  -45.000010108.9229   19.2260
    0.0000   22.5000  -45.000010481.3418   19.2409
    7.5000   22.5000  -45.0000 9980.7539   19.2442
   -7.5000   30.0000  -45.0000 9277.0264   18.9785
    0.0000   30.0000  -45.0000 9597.8486   18.9979
    7.5000   30.0000  -45.0000 9132.0361   19.0114
   -7.5000   37.5000  -45.0000 8793.9883   18.9851
    0.0000   37.5000  -45.0000 9079.1777   19.0107
    7.5000   37.5000  -45.0000 8634.7070   19.0291
   -7.5000   45.0000  -45.0000 7912.8198   18.5445
    0.0000   45.0000  -45.0000 8170.9409   18.5702
    7.5000   45.0000  -45.0000 7758.2236   18.5842
   -7.5000  -45.0000  -37.5000 9510.8398   19.2181
    0.0000  -45.0000  -37.5000 9912.0830   19.2411
    7.5000  -45.0000  -37.5000 9426.8057   19.2564
   -7.5000  -37.5000  -37.5000 9903.9688   19.2064
    0.0000  -37.5000  -37.500010332.4785   19.2264
    7.5000  -37.5000  -37.5000 9825.8896   19.2318
   -7.5000  -30.0000  -37.500010631.4814   19.1996
    0.0000  -30.0000  -37.500011094.8691   19.2152
    7.5000  -30.0000  -37.500010541.6309   19.2149
   -7.5000  -22.5000  -37.500011294.8057   19.1954
    0.0000  -22.5000  -37.500011801.5469   19.2083
    7.5000  -22.5000  -37.500011190.5195   19.2135
   -7.5000  -15.0000  -37.500011892.0830   19.1974
    0.0000  -15.0000  -37.500012396.5898   19.2114
    7.5000  -15.0000  -37.500011773.4219   19.2265
   -7.5000   -7.5000  -37.500012398.5977   19.2016
    0.0000   -7.5000  -37.500012902.2764   19.2213
    7.5000   -7.5000  -37.500012277.9668   19.2407
   -7.5000    0.0000  -37.500012827.0742   19.2065
    0.0000    0.0000  -37.500013337.2715   19.2294
    7.5000    0.0000  -37.500012693.3184   19.2445
   -7.5000    7.5000  -37.500012295.4570   19.2064
    0.0000    7.5000  -37.500012785.1914   19.2264
    7.5000    7.5000  -37.500012157.3975   19.2318
   -7.5000   15.0000  -37.500011494.1133   19.1996
    0.0000   15.0000  -37.500011956.5811   19.2152
    7.5000   15.0000  -37.500011373.1631   19.2149
   -7.5000   22.5000  -37.500010587.5156   19.1928
    0.0000   22.5000  -37.500010987.3398   19.2057
    7.5000   22.5000  -37.500010468.7520   19.2108
   -7.5000   30.0000  -37.5000 9677.8379   18.9416
    0.0000   30.0000  -37.500010033.7090   18.9554
    7.5000   30.0000  -37.5000 9558.9336   18.9703
   -7.5000   37.5000  -37.5000 9148.2656   18.9478
    0.0000   37.5000  -37.5000 9465.0352   18.9672
    7.5000   37.5000  -37.5000 9019.8047   18.9863
   -7.5000   45.0000  -37.5000 8222.6748   18.5090
    0.0000   45.0000  -37.5000 8510.1250   18.5310
    7.5000   45.0000  -37.5000 8099.8911   18.5455
   -7.5000  -45.0000  -30.000010229.6699   20.0241
    0.0000  -45.0000  -30.000010669.3555   20.0462
    7.5000  -45.0000  -30.000010145.1299   20.0699
   -7.5000  -37.5000  -30.000010644.1738   20.0179
    0.0000  -37.5000  -30.000011116.0508   20.0404
    7.5000  -37.5000  -30.000010544.6348   20.0556
   -7.5000  -30.0000  -30.000011413.3311   20.0069
    0.0000  -30.0000  -30.000011932.2598   20.0280
    7.5000  -30.0000  -30.000011307.0791   20.0395
   -7.5000  -22.5000  -30.000012105.6309   19.9913
    0.0000  -22.5000  -30.000012651.1543   20.0087
    7.5000  -22.5000  -30.000011978.6982   20.0259
   -7.5000  -15.0000  -30.000012732.5127   19.9853
    0.0000  -15.0000  -30.000013299.7891   20.0008
    7.5000  -15.0000  -30.000012590.2275   20.0271
   -7.5000   -7.5000  -30.000013262.5381   19.9950
    0.0000   -7.5000  -30.000013843.8906   20.0137
    7.5000   -7.5000  -30.000013125.1377   20.0425
   -7.5000    0.0000  -30.000013689.6465   20.0120
    0.0000    0.0000  -30.000014293.3457   20.0339
    7.5000    0.0000  -30.000013530.3750   20.0575
   -7.5000    7.5000  -30.000013093.3740   20.0179
    0.0000    7.5000  -30.000013653.5771   20.0404
    7.5000    7.5000  -30.000012924.0186   20.0556
   -7.5000   15.0000  -30.000012244.2568   20.0069
    0.0000   15.0000  -30.000012754.0869   20.0280
    7.5000   15.0000  -30.000012093.2510   20.0395
   -7.5000   22.5000  -30.000011257.7979   19.9865
    0.0000   22.5000  -30.000011706.7666   20.0039
    7.5000   22.5000  -30.000011112.9854   20.0211
   -7.5000   30.0000  -30.000010267.9443   19.7209
    0.0000   30.0000  -30.000010669.2539   19.7362
    7.5000   30.0000  -30.000010132.3115   19.7621
   -7.5000   37.5000  -30.0000 9676.8262   19.7327
    0.0000   37.5000  -30.000010021.8662   19.7511
    7.5000   37.5000  -30.0000 9530.5430   19.7796
   -7.5000   45.0000  -30.0000 8674.1816   19.2988
    0.0000   45.0000  -30.0000 8964.6152   19.3199
    7.5000   45.0000  -30.0000 8539.9209   19.3426
   -7.5000  -45.0000  -22.500010924.4121   20.7239
    0.0000  -45.0000  -22.500011407.7021   20.7501
    7.5000  -45.0000  -22.500010827.6914   20.7824
   -7.5000  -37.5000  -22.500011367.7451   20.7178
    0.0000  -37.5000  -22.500011863.5713   20.7418
    7.5000  -37.5000  -22.500011258.1465   20.7657
   -7.5000  -30.0000  -22.500012172.4375   20.7015
    0.0000  -30.0000  -22.500012695.4551   20.7245
    7.5000  -30.0000  -22.500012037.0664   20.7453
   -7.5000  -22.5000  -22.500012885.9795   20.6803
    0.0000  -22.5000  -22.500013445.3701   20.7034
    7.5000  -22.5000  -22.500012741.4297   20.7301
   -7.5000  -15.0000  -22.500013545.9619   20.6718
    0.0000  -15.0000  -22.500014165.2432   20.6959
    7.5000  -15.0000  -22.500013371.0205   20.7314
   -7.5000   -7.5000  -22.500014104.0166   20.6863
    0.0000   -7.5000  -22.500014767.9619   20.7125
    7.5000   -7.5000  -22.500013914.6533   20.7504
   -7.5000    0.0000  -22.500014525.4580   20.7113
    0.0000    0.0000  -22.500015193.2686   20.7374
    7.5000    0.0000  -22.500014338.5566   20.7695
   -7.5000    7.5000  -22.500013858.4941   20.7178
    0.0000    7.5000  -22.500014476.1230   20.7418
    7.5000    7.5000  -22.500013683.6162   20.7657
   -7.5000   15.0000  -22.500012960.7090   20.7015
    0.0000   15.0000  -22.500013522.4307   20.7245
    7.5000   15.0000  -22.500012782.4580   20.7453
   -7.5000   22.5000  -22.500011909.2969   20.6740
    0.0000   22.5000  -22.500012397.5957   20.6970
    7.5000   22.5000  -22.500011728.5859   20.7238
   -7.5000   30.0000  -22.500010871.3477   20.4014
    0.0000   30.0000  -22.500011298.2119   20.4252
    7.5000   30.0000  -22.500010706.4580   20.4602
   -7.5000   37.5000  -22.500010217.0439   20.4185
    0.0000   37.5000  -22.500010601.4004   20.4444
    7.5000   37.5000  -22.500010049.5859   20.4818
   -7.5000   45.0000  -22.5000 9120.2451   19.9898
    0.0000   45.0000  -22.5000 9447.3369   20.0151
    7.5000   45.0000  -22.5000 8973.7822   20.0462
   -7.5000  -45.0000  -15.000011638.7764   21.2226
    0.0000  -45.0000  -15.000012163.6006   21.2549
    7.5000  -45.0000  -15.000011539.2568   21.2876
   -7.5000  -37.5000  -15.000012088.0020   21.2115
    0.0000  -37.5000  -15.000012625.7080   21.2367
    7.5000  -37.5000  -15.000011973.7607   21.2599
   -7.5000  -30.0000  -15.000012911.7080   21.1935
    0.0000  -30.0000  -15.000013444.1406   21.2156
    7.5000  -30.0000  -15.000012772.2568   21.2350
   -7.5000  -22.5000  -15.000013646.7529   21.1770
    0.0000  -22.5000  -15.000014209.5283   21.2026
    7.5000  -22.5000  -15.000013506.7305   21.2282
   -7.5000  -15.0000  -15.000014348.9873   21.1733
    0.0000  -15.0000  -15.000014980.2217   21.2041
    7.5000  -15.0000  -15.000014184.1562   21.2388
   -7.5000   -7.5000  -15.000014951.3584   21.1879
    0.0000   -7.5000  -15.000015644.4365   21.2222
    7.5000   -7.5000  -15.000014749.1748   21.2602
   -7.5000    0.0000  -15.000015339.3604   21.2097
    0.0000    0.0000  -15.000016052.8975   21.2419
    7.5000    0.0000  -15.000015132.8330   21.2744
   -7.5000    7.5000  -15.000014635.3848   21.2115
    0.0000    7.5000  -15.000015275.6953   21.2367
    7.5000    7.5000  -15.000014395.1396   21.2599
   -7.5000   15.0000  -15.000013667.3447   21.1935
    0.0000   15.0000  -15.000014254.4941   21.2156
    7.5000   15.0000  -15.000013454.8896   21.2350
   -7.5000   22.5000  -15.000012538.1689   21.1695
    0.0000   22.5000  -15.000013071.6816   21.1951
    7.5000   22.5000  -15.000012336.7158   21.2207
   -7.5000   30.0000  -15.000011436.7217   20.8992
    0.0000   30.0000  -15.000011892.7256   20.9296
    7.5000   30.0000  -15.000011262.1396   20.9639
   -7.5000   37.5000  -15.000010730.3867   20.9169
    0.0000   37.5000  -15.000011150.7139   20.9507
    7.5000   37.5000  -15.000010549.9121   20.9882
   -7.5000   45.0000  -15.0000 9558.7461   20.4852
    0.0000   45.0000  -15.0000 9910.8506   20.5165
    7.5000   45.0000  -15.0000 9403.9258   20.5482
   -7.5000  -45.0000   -7.500012338.4111   21.4605
    0.0000  -45.0000   -7.500012865.6787   21.4933
    7.5000  -45.0000   -7.500012242.6074   21.5171
   -7.5000  -37.5000   -7.500012791.4014   21.4444
    0.0000  -37.5000   -7.500013322.7373   21.4682
    7.5000  -37.5000   -7.500012702.2158   21.4810
   -7.5000  -30.0000   -7.500013641.8848   21.4297
    0.0000  -30.0000   -7.500014181.6055   21.4488
    7.5000  -30.0000   -7.500013533.9443   21.4564
   -7.5000  -22.5000   -7.500014398.0469   21.4226
    0.0000  -22.5000   -7.500014944.7559   21.4453
    7.5000  -22.5000   -7.500014296.9688   21.4594
   -7.5000  -15.0000   -7.500015137.9961   21.4261
    0.0000  -15.0000   -7.500015753.5225   21.4547
    7.5000  -15.0000   -7.500015020.3193   21.4791
   -7.5000   -7.5000   -7.500015806.6387   21.4364
    0.0000   -7.5000   -7.500016461.6680   21.4703
    7.5000   -7.5000   -7.500015618.2734   21.4991
   -7.5000    0.0000   -7.500016200.6328   21.4476
    0.0000    0.0000   -7.500016869.1836   21.4802
    7.5000    0.0000   -7.500015999.9727   21.5039
   -7.5000    7.5000   -7.500015398.7168   21.4444
    0.0000    7.5000   -7.500016032.5684   21.4681
    7.5000    7.5000   -7.500015168.4248   21.4810
   -7.5000   15.0000   -7.500014360.8271   21.4297
    0.0000   15.0000   -7.500014940.3701   21.4488
    7.5000   15.0000   -7.500014157.2871   21.4564
   -7.5000   22.5000   -7.500013168.7988   21.4128
    0.0000   22.5000   -7.500013710.8740   21.4354
    7.5000   22.5000   -7.500012987.6504   21.4495
   -7.5000   30.0000   -7.500011997.7959   21.1483
    0.0000   30.0000   -7.500012462.3359   21.1765
    7.5000   30.0000   -7.500011824.4189   21.2006
   -7.5000   37.5000   -7.500011255.0859   21.1614
    0.0000   37.5000   -7.500011689.5449   21.1949
    7.5000   37.5000   -7.500011052.8896   21.2232
   -7.5000   45.0000   -7.500010013.0303   20.7194
    0.0000   45.0000   -7.500010388.8965   20.7510
    7.5000   45.0000   -7.5000 9835.2627   20.7742
   -7.5000  -45.0000    0.000012929.6299   21.4912
    0.0000  -45.0000    0.000013431.2539   21.5206
    7.5000  -45.0000    0.000012848.6074   21.5365
   -7.5000  -37.5000    0.000013428.1543   21.4737
    0.0000  -37.5000    0.000013938.7021   21.4949
    7.5000  -37.5000    0.000013348.2490   21.4987
   -7.5000  -30.0000    0.000014340.5918   21.4638
    0.0000  -30.0000    0.000014827.4385   21.4791
    7.5000  -30.0000    0.000014244.8564   21.4760
   -7.5000  -22.5000    0.000015026.4971   21.4630
    0.0000  -22.5000    0.000015535.4062   21.4793
    7.5000  -22.5000    0.000015031.8965   21.4828
   -7.5000  -15.0000    0.000015745.7256   21.4700
    0.0000  -15.0000    0.000016327.4258   21.4915
    7.5000  -15.0000    0.000015755.9619   21.5065
   -7.5000   -7.5000    0.000016402.3418   21.4755
    0.0000   -7.5000    0.000017024.7383   21.5040
    7.5000   -7.5000    0.000016346.5518   21.5246
   -7.5000    0.0000    0.000016811.7051   21.4783
    0.0000    0.0000    0.000017442.8281   21.5076
    7.5000    0.0000    0.000016725.8789   21.5233
   -7.5000    7.5000    0.000015953.8779   21.4736
    0.0000    7.5000    0.000016550.1445   21.4949
    7.5000    7.5000    0.000015844.4922   21.4987
   -7.5000   15.0000    0.000014894.0439   21.4638
    0.0000   15.0000    0.000015440.4502   21.4791
    7.5000   15.0000    0.000014763.7607   21.4760
   -7.5000   22.5000    0.000013700.3652   21.4531
    0.0000   22.5000    0.000014214.9482   21.4694
    7.5000   22.5000    0.000013532.9248   21.4729
   -7.5000   30.0000    0.000012508.3574   21.1922
    0.0000   30.0000    0.000012956.4492   21.2134
    7.5000   30.0000    0.000012330.0352   21.2282
   -7.5000   37.5000    0.000011734.9609   21.2002
    0.0000   37.5000    0.000012144.1768   21.2282
    7.5000   37.5000    0.000011521.2227   21.2485
   -7.5000   45.0000    0.000010419.0615   20.7493
    0.0000   45.0000    0.000010787.7432   20.7774
    7.5000   45.0000    0.000010242.3232   20.7928
   -7.5000  -45.0000    7.500012473.4014   21.4911
    0.0000  -45.0000    7.500012963.3848   21.5169
    7.5000  -45.0000    7.500012404.3037   21.5341
   -7.5000  -37.5000    7.500012925.3193   21.4780
    0.0000  -37.5000    7.500013388.5166   21.5004
    7.5000  -37.5000    7.500012866.4912   21.5065
   -7.5000  -30.0000    7.500013766.6484   21.4698
    0.0000  -30.0000    7.500014246.8994   21.4873
    7.5000  -30.0000    7.500013736.6680   21.4870
   -7.5000  -22.5000    7.500014488.9863   21.4646
    0.0000  -22.5000    7.500015022.5420   21.4790
    7.5000  -22.5000    7.500014560.3037   21.4848
   -7.5000  -15.0000    7.500015213.9082   21.4668
    0.0000  -15.0000    7.500015749.2598   21.4825
    7.5000  -15.0000    7.500015280.6328   21.4996
   -7.5000   -7.5000    7.500015813.2012   21.4722
    0.0000   -7.5000    7.500016363.7178   21.4942
    7.5000   -7.5000    7.500015851.0488   21.5160
   -7.5000    0.0000    7.500016212.7168   21.4781
    0.0000    0.0000    7.500016758.0488   21.5038
    7.5000    0.0000    7.500016195.7139   21.5208
   -7.5000    7.5000    7.500015334.1689   21.4780
    0.0000    7.5000    7.500015828.8643   21.5003
    7.5000    7.5000    7.500015272.6660   21.5064
   -7.5000   15.0000    7.500014319.8936   21.4698
    0.0000   15.0000    7.500014781.0703   21.4873
    7.5000   15.0000    7.500014207.0352   21.4870
   -7.5000   22.5000    7.500013198.3896   21.4547
    0.0000   22.5000    7.500013623.5684   21.4691
    7.5000   22.5000    7.500013036.0420   21.4750
   -7.5000   30.0000    7.500012075.7031   21.1890
    0.0000   30.0000    7.500012468.8574   21.2045
    7.5000   30.0000    7.500011898.6670   21.2213
   -7.5000   37.5000    7.500011264.2021   21.1966
    0.0000   37.5000    7.500011624.1553   21.2183
    7.5000   37.5000    7.500011081.8027   21.2398
   -7.5000   45.0000    7.5000 9970.7246   20.7469
    0.0000   45.0000    7.500010286.5664   20.7716
    7.5000   45.0000    7.5000 9809.7197   20.7880
   -7.5000  -45.0000   15.000011860.5547   21.5483
    0.0000  -45.0000   15.000012319.8701   21.5721
    7.5000  -45.0000   15.000011813.7578   21.5978
   -7.5000  -37.5000   15.000012260.9229   21.5420
    0.0000  -37.5000   15.000012718.6289   21.5662
    7.5000  -37.5000   15.000012241.2002   21.5826
   -7.5000  -30.0000   15.000013078.7412   21.5302
    0.0000  -30.0000   15.000013540.0127   21.5529
    7.5000  -30.0000   15.000013096.2031   21.5651
   -7.5000  -22.5000   15.000013902.7764   21.5128
    0.0000  -22.5000   15.000014431.1865   21.5315
    7.5000  -22.5000   15.000013918.6709   21.5500
   -7.5000  -15.0000   15.000014716.3027   21.5059
    0.0000  -15.0000   15.000015286.6895   21.5226
    7.5000  -15.0000   15.000014657.1309   21.5510
   -7.5000   -7.5000   15.000015323.5967   21.5165
    0.0000   -7.5000   15.000015888.8662   21.5366
    7.5000   -7.5000   15.000015236.6123   21.5679
   -7.5000    0.0000   15.000015653.7627   21.5352
    0.0000    0.0000   15.000016191.2754   21.5589
    7.5000    0.0000   15.000015556.8086   21.5843
   -7.5000    7.5000   15.000014696.3799   21.5420
    0.0000    7.5000   15.000015160.5459   21.5662
    7.5000    7.5000   15.000014594.9238   21.5826
   -7.5000   15.0000   15.000013672.3818   21.5302
    0.0000   15.0000   15.000014104.2588   21.5529
    7.5000   15.0000   15.000013547.2881   21.5651
   -7.5000   22.5000   15.000012549.4004   21.5029
    0.0000   22.5000   15.000012945.9473   21.5216
    7.5000   22.5000   15.000012407.7568   21.5401
   -7.5000   30.0000   15.000011454.8076   21.2276
    0.0000   30.0000   15.000011823.2949   21.2441
    7.5000   30.0000   15.000011317.1602   21.2721
   -7.5000   37.5000   15.000010677.6445   21.2405
    0.0000   37.5000   15.000011016.7686   21.2603
    7.5000   37.5000   15.000010534.3486   21.2912
   -7.5000   45.0000   15.0000 9453.4365   20.8015
    0.0000   45.0000   15.0000 9748.4961   20.8243
    7.5000   45.0000   15.0000 9321.0107   20.8489
   -7.5000  -45.0000   22.500011180.1455   21.6317
    0.0000  -45.0000   22.500011652.2178   21.6595
    7.5000  -45.0000   22.500011150.9326   21.6935
   -7.5000  -37.5000   22.500011578.1289   21.6256
    0.0000  -37.5000   22.500012041.0176   21.6511
    7.5000  -37.5000   22.500011558.9170   21.6761
   -7.5000  -30.0000   22.500012395.0127   21.6082
    0.0000  -30.0000   22.500012861.8701   21.6326
    7.5000  -30.0000   22.500012379.6211   21.6544
   -7.5000  -22.5000   22.500013211.4717   21.5852
    0.0000  -22.5000   22.500013733.4961   21.6098
    7.5000  -22.5000   22.500013177.2578   21.6379
   -7.5000  -15.0000   22.500013972.8730   21.5758
    0.0000  -15.0000   22.500014503.3613   21.6016
    7.5000  -15.0000   22.500013892.7109   21.6389
   -7.5000   -7.5000   22.500014557.3428   21.5916
    0.0000   -7.5000   22.500015086.2666   21.6194
    7.5000   -7.5000   22.500014445.3926   21.6593
   -7.5000    0.0000   22.500014884.5195   21.6185
    0.0000    0.0000   22.500015441.7783   21.6462
    7.5000    0.0000   22.500014777.3154   21.6799
   -7.5000    7.5000   22.500013968.6230   21.6256
    0.0000    7.5000   22.500014464.0068   21.6510
    7.5000    7.5000   22.500013866.4902   21.6761
   -7.5000   15.0000   22.500012998.3086   21.6082
    0.0000   15.0000   22.500013450.2656   21.6326
    7.5000   15.0000   22.500012869.7959   21.6544
   -7.5000   22.5000   22.500011897.5283   21.5753
    0.0000   22.5000   22.500012316.0146   21.5999
    7.5000   22.5000   22.500011753.9102   21.6279
   -7.5000   30.0000   22.500010809.0508   21.2966
    0.0000   30.0000   22.500011191.9248   21.3220
    7.5000   30.0000   22.500010673.0625   21.3589
   -7.5000   37.5000   22.500010035.3135   21.3150
    0.0000   37.5000   22.500010407.9365   21.3425
    7.5000   37.5000   22.5000 9907.3496   21.3819
   -7.5000   45.0000   22.5000 8853.7461   20.8838
    0.0000   45.0000   22.5000 9175.5518   20.9106
    7.5000   45.0000   22.5000 8738.7754   20.9433
   -7.5000  -45.0000   30.000010412.2168   21.7300
    0.0000  -45.0000   30.000010888.8242   21.7640
    7.5000  -45.0000   30.000010344.3203   21.7977
   -7.5000  -37.5000   30.000010803.6592   21.7180
    0.0000  -37.5000   30.000011269.7676   21.7445
    7.5000  -37.5000   30.000010751.7266   21.7684
   -7.5000  -30.0000   30.000011555.6455   21.6982
    0.0000  -30.0000   30.000012036.8145   21.7215
    7.5000  -30.0000   30.000011512.8457   21.7414
   -7.5000  -22.5000   30.000012289.6152   21.6805
    0.0000  -22.5000   30.000012803.6592   21.7076
    7.5000  -22.5000   30.000012246.0898   21.7341
   -7.5000  -15.0000   30.000012992.0215   21.6771
    0.0000  -15.0000   30.000013529.7822   21.7097
    7.5000  -15.0000   30.000012924.4512   21.7456
   -7.5000   -7.5000   30.000013539.4053   21.6935
    0.0000   -7.5000   30.000014080.0811   21.7296
    7.5000   -7.5000   30.000013454.3379   21.7688
   -7.5000    0.0000   30.000013855.9043   21.7167
    0.0000    0.0000   30.000014398.3604   21.7505
    7.5000    0.0000   30.000013773.7354   21.7840
   -7.5000    7.5000   30.000013025.0518   21.7179
    0.0000    7.5000   30.000013520.6953   21.7445
    7.5000    7.5000   30.000012940.9131   21.7683
   -7.5000   15.0000   30.000012121.7559   21.6982
    0.0000   15.0000   30.000012566.2520   21.7215
    7.5000   15.0000   30.000012006.0908   21.7414
   -7.5000   22.5000   30.000011106.2998   21.6705
    0.0000   22.5000   30.000011523.5156   21.6976
    7.5000   22.5000   30.000010966.0273   21.7241
   -7.5000   30.0000   30.000010072.9346   21.3965
    0.0000   30.0000   30.000010459.0156   21.4287
    7.5000   30.0000   30.0000 9926.1992   21.4642
   -7.5000   37.5000   30.0000 9344.0439   21.4160
    0.0000   37.5000   30.0000 9712.0000   21.4516
    7.5000   37.5000   30.0000 9228.3662   21.4904
   -7.5000   45.0000   30.0000 8237.3223   20.9809
    0.0000   45.0000   30.0000 8542.3975   21.0138
    7.5000   45.0000   30.0000 8130.3330   21.0465
   -7.5000  -45.0000   37.5000 9989.6631   21.9851
    0.0000  -45.0000   37.500010459.0186   22.0195
    7.5000  -45.0000   37.5000 9917.9141   22.0433
   -7.5000  -37.5000   37.500010370.5469   21.9671
    0.0000  -37.5000   37.500010848.8301   21.9921
    7.5000  -37.5000   37.500010303.5449   22.0041
   -7.5000  -30.0000   37.500011114.2637   21.9504
    0.0000  -30.0000   37.500011615.8701   21.9706
    7.5000  -30.0000   37.500011054.5342   21.9770
   -7.5000  -22.5000   37.500011802.7246   21.9430
    0.0000  -22.5000   37.500012322.2334   21.9670
    7.5000  -22.5000   37.500011715.5654   21.9804
   -7.5000  -15.0000   37.500012429.2686   21.9478
    0.0000  -15.0000   37.500012982.4219   21.9779
    7.5000  -15.0000   37.500012348.9629   22.0024
   -7.5000   -7.5000   37.500012971.8379   21.9597
    0.0000   -7.5000   37.500013509.1924   21.9953
    7.5000   -7.5000   37.500012897.2686   22.0244
   -7.5000    0.0000   37.500013311.5664   21.9716
    0.0000    0.0000   37.500013830.2568   22.0059
    7.5000    0.0000   37.500013232.2100   22.0294
   -7.5000    7.5000   37.500012537.4902   21.9670
    0.0000    7.5000   37.500013017.8896   21.9921
    7.5000    7.5000   37.500012444.5352   22.0041
   -7.5000   15.0000   37.500011654.5908   21.9504
    0.0000   15.0000   37.500012085.2314   21.9706
    7.5000   15.0000   37.500011550.4043   21.9770
   -7.5000   22.5000   37.500010689.4297   21.9329
    0.0000   22.5000   37.500011084.6152   21.9569
    7.5000   22.5000   37.500010568.5693   21.9703
   -7.5000   30.0000   37.5000 9718.1426   21.6637
    0.0000   30.0000   37.500010075.7344   21.6935
    7.5000   30.0000   37.5000 9576.0576   21.7177
   -7.5000   37.5000   37.5000 9005.3838   21.6769
    0.0000   37.5000   37.5000 9337.7461   21.7120
    7.5000   37.5000   37.5000 8900.9121   21.7407
   -7.5000   45.0000   37.5000 7933.0762   21.2215
    0.0000   45.0000   37.5000 8206.8506   21.2546
    7.5000   45.0000   37.5000 7842.0474   21.2777
   -7.5000  -45.0000   45.0000 9166.6914   22.2926
    0.0000  -45.0000   45.0000 9587.8701   22.3219
    7.5000  -45.0000   45.0000 9096.1602   22.3385
   -7.5000  -37.5000   45.0000 9515.2881   22.2726
    0.0000  -37.5000   45.0000 9945.7041   22.2940
    7.5000  -37.5000   45.0000 9443.3164   22.2975
   -7.5000  -30.0000   45.000010185.8252   22.2620
    0.0000  -30.0000   45.000010655.1416   22.2780
    7.5000  -30.0000   45.000010122.8369   22.2743
   -7.5000  -22.5000   45.000010827.7803   22.2628
    0.0000  -22.5000   45.000011309.3730   22.2798
    7.5000  -22.5000   45.000010744.3408   22.2831
   -7.5000  -15.0000   45.000011403.3340   22.2715
    0.0000  -15.0000   45.000011892.3223   22.2932
    7.5000  -15.0000   45.000011312.6338   22.3088
   -7.5000   -7.5000   45.000011906.3975   22.2769
    0.0000   -7.5000   45.000012381.1758   22.3052
    7.5000   -7.5000   45.000011822.3994   22.3268
   -7.5000    0.0000   45.000012231.9150   22.2787
    0.0000    0.0000   45.000012706.5039   22.3078
    7.5000    0.0000   45.000012152.8574   22.3241
   -7.5000    7.5000   45.000011526.4443   22.2726
    0.0000    7.5000   45.000011972.4453   22.2940
    7.5000    7.5000   45.000011443.5059   22.2975
   -7.5000   15.0000   45.000010714.5303   22.2620
    0.0000   15.0000   45.000011114.0996   22.2780
    7.5000   15.0000   45.000010631.4023   22.2743
   -7.5000   22.5000   45.0000 9828.6738   22.2525
    0.0000   22.5000   45.000010203.1836   22.2694
    7.5000   22.5000   45.0000 9730.9385   22.2728
   -7.5000   30.0000   45.0000 8941.0830   21.9814
    0.0000   30.0000   45.0000 9266.1602   22.0027
    7.5000   30.0000   45.0000 8811.1455   22.0181
   -7.5000   37.5000   45.0000 8288.9707   21.9870
    0.0000   37.5000   45.0000 8602.6650   22.0150
    7.5000   37.5000   45.0000 8179.3750   22.0362
   -7.5000   45.0000   45.0000 7317.6138   21.5210
    0.0000   45.0000   45.0000 7566.4219   21.5490
    7.5000   45.0000   45.0000 7218.2153   21.5650

---------------------------------------------------------------------
imgreg_4dfp /opt/freesurfer/average/711-2C_as_mni_average_305 /opt/freesurfer/average/711-2B_as_mni_average_305_mask talsrcimg_g11 none talsrcimg_to_711-2C_as_mni_average_305_t4 4355
---------------------------------------------------------------------

freesurfer imgreg_4dfp.c
/opt/freesurfer/average/711-2C_as_mni_average_305.4dfp.img
       256       256       256         1
  1.000000  1.000000  1.000000
orientation T byte_order littleendian
Reading image: /opt/freesurfer/average/711-2C_as_mni_average_305.4dfp.img
dimensions:      256       256       256
mmppix:       1.0000   -1.0000   -1.0000
center:     128.0000 -129.0000 -129.0000
/opt/freesurfer/average/711-2B_as_mni_average_305_mask.4dfp.img
       256       256       256         1
  1.000000  1.000000  1.000000
orientation T byte_order littleendian
Reading mask: /opt/freesurfer/average/711-2B_as_mni_average_305_mask.4dfp.img (2306576 pixels)
talsrcimg_g11.4dfp.img
       256       256       256         1
  1.000000  1.000000  1.000000
orientation T byte_order littleendian
Reading image: talsrcimg_g11.4dfp.img
dimensions:      256       256       256
mmppix:       1.0000   -1.0000   -1.0000
center:     128.0000 -129.0000 -129.0000
rotation matrix determinant  1.000000
image alignment mode   4355 decimal     1103 hex
   -7.5000  -45.0000  -45.0000 2215.5227   18.9193
    0.0000  -45.0000  -45.0000 2216.9470   18.8849
    7.5000  -45.0000  -45.0000 2196.8135   19.1343
   -7.5000  -37.5000  -45.0000 2270.5039   17.7597
    0.0000  -37.5000  -45.0000 2275.3279   17.7017
    7.5000  -37.5000  -45.0000 2251.2307   17.9093
   -7.5000  -30.0000  -45.0000 2302.5840   16.9386
    0.0000  -30.0000  -45.0000 2311.2830   16.8622
    7.5000  -30.0000  -45.0000 2284.5845   17.0919
   -7.5000  -22.5000  -45.0000 2320.3113   16.4919
    0.0000  -22.5000  -45.0000 2332.2126   16.4382
    7.5000  -22.5000  -45.0000 2302.3179   16.6960
   -7.5000  -15.0000  -45.0000 2328.2732   16.3880
    0.0000  -15.0000  -45.0000 2336.6975   16.3301
    7.5000  -15.0000  -45.0000 2305.0339   16.6233
   -7.5000   -7.5000  -45.0000 2312.6770   16.6843
    0.0000   -7.5000  -45.0000 2316.3315   16.6098
    7.5000   -7.5000  -45.0000 2291.0920   16.9329
   -7.5000    0.0000  -45.0000 2265.5088   17.2813
    0.0000    0.0000  -45.0000 2275.7434   17.2123
    7.5000    0.0000  -45.0000 2244.5686   17.5329
   -7.5000    7.5000  -45.0000 2207.6716   18.1927
    0.0000    7.5000  -45.0000 2215.7832   18.0976
    7.5000    7.5000  -45.0000 2183.4390   18.4290
   -7.5000   15.0000  -45.0000 2122.6101   19.5021
    0.0000   15.0000  -45.0000 2133.4343   19.4122
    7.5000   15.0000  -45.0000 2102.3337   19.7681
   -7.5000   22.5000  -45.0000 2025.8359   21.4303
    0.0000   22.5000  -45.0000 2031.1251   21.3067
    7.5000   22.5000  -45.0000 2002.1067   21.7330
   -7.5000   30.0000  -45.0000 1912.2058   24.1053
    0.0000   30.0000  -45.0000 1915.0444   24.0112
    7.5000   30.0000  -45.0000 1888.2710   24.4384
   -7.5000   37.5000  -45.0000 1788.4127   27.7845
    0.0000   37.5000  -45.0000 1790.6953   27.7228
    7.5000   37.5000  -45.0000 1768.7051   28.1854
   -7.5000   45.0000  -45.0000 1663.5055   32.7716
    0.0000   45.0000  -45.0000 1663.5051   32.7115
    7.5000   45.0000  -45.0000 1636.8779   33.2963
   -7.5000  -45.0000  -37.5000 2301.4089   17.4834
    0.0000  -45.0000  -37.5000 2306.7468   17.4407
    7.5000  -45.0000  -37.5000 2285.1143   17.6278
   -7.5000  -37.5000  -37.5000 2360.5857   16.4295
    0.0000  -37.5000  -37.5000 2367.3970   16.3776
    7.5000  -37.5000  -37.5000 2344.6975   16.5421
   -7.5000  -30.0000  -37.5000 2398.4097   15.7006
    0.0000  -30.0000  -37.5000 2406.0979   15.6582
    7.5000  -30.0000  -37.5000 2382.0347   15.8382
   -7.5000  -22.5000  -37.5000 2414.8096   15.3132
    0.0000  -22.5000  -37.5000 2429.3540   15.2795
    7.5000  -22.5000  -37.5000 2400.8372   15.4874
   -7.5000  -15.0000  -37.5000 2423.9836   15.2239
    0.0000  -15.0000  -37.5000 2435.3804   15.1873
    7.5000  -15.0000  -37.5000 2404.7063   15.4325
   -7.5000   -7.5000  -37.5000 2408.0081   15.4876
    0.0000   -7.5000  -37.5000 2415.1355   15.4012
    7.5000   -7.5000  -37.5000 2386.8914   15.6826
   -7.5000    0.0000  -37.5000 2364.8284   16.0006
    0.0000    0.0000  -37.5000 2375.6348   15.9532
    7.5000    0.0000  -37.5000 2339.9263   16.2427
   -7.5000    7.5000  -37.5000 2299.7656   16.8567
    0.0000    7.5000  -37.5000 2312.1062   16.7873
    7.5000    7.5000  -37.5000 2275.1902   17.1059
   -7.5000   15.0000  -37.5000 2209.0479   18.0764
    0.0000   15.0000  -37.5000 2219.1929   18.0042
    7.5000   15.0000  -37.5000 2188.7527   18.3236
   -7.5000   22.5000  -37.5000 2105.2224   19.8668
    0.0000   22.5000  -37.5000 2111.3503   19.7767
    7.5000   22.5000  -37.5000 2082.6213   20.1237
   -7.5000   30.0000  -37.5000 1984.9952   22.2973
    0.0000   30.0000  -37.5000 1989.2661   22.1972
    7.5000   30.0000  -37.5000 1958.8417   22.5852
   -7.5000   37.5000  -37.5000 1857.5319   25.5401
    0.0000   37.5000  -37.5000 1860.8125   25.4972
    7.5000   37.5000  -37.5000 1836.0940   25.9510
   -7.5000   45.0000  -37.5000 1718.3583   30.0996
    0.0000   45.0000  -37.5000 1722.1489   30.0328
    7.5000   45.0000  -37.5000 1694.3621   30.5039
   -7.5000  -45.0000  -30.0000 2426.6987   16.7723
    0.0000  -45.0000  -30.0000 2430.2578   16.7333
    7.5000  -45.0000  -30.0000 2405.5427   16.8972
   -7.5000  -37.5000  -30.0000 2491.5349   15.7284
    0.0000  -37.5000  -30.0000 2499.1658   15.7153
    7.5000  -37.5000  -30.0000 2471.4998   15.8441
   -7.5000  -30.0000  -30.0000 2538.7671   15.0582
    0.0000  -30.0000  -30.0000 2551.2178   15.0290
    7.5000  -30.0000  -30.0000 2521.1123   15.1777
   -7.5000  -22.5000  -30.0000 2567.2146   14.7117
    0.0000  -22.5000  -30.0000 2578.9414   14.6659
    7.5000  -22.5000  -30.0000 2545.3577   14.8523
   -7.5000  -15.0000  -30.0000 2575.5889   14.6572
    0.0000  -15.0000  -30.0000 2583.6548   14.6327
    7.5000  -15.0000  -30.0000 2551.0430   14.8528
   -7.5000   -7.5000  -30.0000 2555.8132   14.9231
    0.0000   -7.5000  -30.0000 2567.5513   14.8622
    7.5000   -7.5000  -30.0000 2533.9817   15.1048
   -7.5000    0.0000  -30.0000 2507.6089   15.4319
    0.0000    0.0000  -30.0000 2521.1472   15.3676
    7.5000    0.0000  -30.0000 2481.5491   15.6250
   -7.5000    7.5000  -30.0000 2434.8286   16.2471
    0.0000    7.5000  -30.0000 2447.5930   16.1917
    7.5000    7.5000  -30.0000 2406.0432   16.4698
   -7.5000   15.0000  -30.0000 2335.2617   17.4296
    0.0000   15.0000  -30.0000 2346.5728   17.3530
    7.5000   15.0000  -30.0000 2310.6611   17.6556
   -7.5000   22.5000  -30.0000 2221.6421   19.0886
    0.0000   22.5000  -30.0000 2227.7275   19.0057
    7.5000   22.5000  -30.0000 2194.2986   19.3147
   -7.5000   30.0000  -30.0000 2087.2944   21.3947
    0.0000   30.0000  -30.0000 2092.7864   21.3289
    7.5000   30.0000  -30.0000 2058.9885   21.6752
   -7.5000   37.5000  -30.0000 1954.6525   24.5053
    0.0000   37.5000  -30.0000 1956.6244   24.4418
    7.5000   37.5000  -30.0000 1924.7079   24.8466
   -7.5000   45.0000  -30.0000 1809.6732   28.7594
    0.0000   45.0000  -30.0000 1810.3406   28.6983
    7.5000   45.0000  -30.0000 1784.0898   29.1144
   -7.5000  -45.0000  -22.5000 2516.9531   15.9646
    0.0000  -45.0000  -22.5000 2522.7036   15.9461
    7.5000  -45.0000  -22.5000 2495.4907   16.1169
   -7.5000  -37.5000  -22.5000 2596.9343   14.9252
    0.0000  -37.5000  -22.5000 2603.1626   14.9536
    7.5000  -37.5000  -22.5000 2576.0208   15.0719
   -7.5000  -30.0000  -22.5000 2657.3889   14.2864
    0.0000  -30.0000  -22.5000 2663.7957   14.2702
    7.5000  -30.0000  -22.5000 2634.7478   14.4208
   -7.5000  -22.5000  -22.5000 2695.8491   13.9525
    0.0000  -22.5000  -22.5000 2703.1985   13.9402
    7.5000  -22.5000  -22.5000 2666.9368   14.1067
   -7.5000  -15.0000  -22.5000 2702.1204   13.9780
    0.0000  -15.0000  -22.5000 2715.1187   13.9554
    7.5000  -15.0000  -22.5000 2671.4099   14.1308
   -7.5000   -7.5000  -22.5000 2681.4766   14.2558
    0.0000   -7.5000  -22.5000 2697.7407   14.2199
    7.5000   -7.5000  -22.5000 2651.3918   14.4105
   -7.5000    0.0000  -22.5000 2628.3752   14.7713
    0.0000    0.0000  -22.5000 2642.2283   14.7161
    7.5000    0.0000  -22.5000 2597.4480   14.9278
   -7.5000    7.5000  -22.5000 2545.2876   15.5354
    0.0000    7.5000  -22.5000 2560.6714   15.4964
    7.5000    7.5000  -22.5000 2516.6008   15.7418
   -7.5000   15.0000  -22.5000 2438.8037   16.6562
    0.0000   15.0000  -22.5000 2449.7092   16.6031
    7.5000   15.0000  -22.5000 2409.6189   16.8787
   -7.5000   22.5000  -22.5000 2312.8350   18.2399
    0.0000   22.5000  -22.5000 2319.6228   18.1799
    7.5000   22.5000  -22.5000 2284.6904   18.5010
   -7.5000   30.0000  -22.5000 2169.7036   20.4491
    0.0000   30.0000  -22.5000 2171.3149   20.3812
    7.5000   30.0000  -22.5000 2141.5667   20.7406
   -7.5000   37.5000  -22.5000 2026.1653   23.3652
    0.0000   37.5000  -22.5000 2029.7056   23.2682
    7.5000   37.5000  -22.5000 1996.7749   23.6809
   -7.5000   45.0000  -22.5000 1871.7291   27.2965
    0.0000   45.0000  -22.5000 1877.0825   27.2151
    7.5000   45.0000  -22.5000 1850.1115   27.7028
   -7.5000  -45.0000  -15.0000 2574.3887   15.2511
    0.0000  -45.0000  -15.0000 2584.9971   15.2391
    7.5000  -45.0000  -15.0000 2555.0657   15.4593
   -7.5000  -37.5000  -15.0000 2667.5698   14.2333
    0.0000  -37.5000  -15.0000 2677.7561   14.2200
    7.5000  -37.5000  -15.0000 2646.9570   14.4095
   -7.5000  -30.0000  -15.0000 2743.8608   13.5817
    0.0000  -30.0000  -15.0000 2749.8972   13.5515
    7.5000  -30.0000  -15.0000 2716.2886   13.7461
   -7.5000  -22.5000  -15.0000 2795.2192   13.2327
    0.0000  -22.5000  -15.0000 2801.5374   13.2267
    7.5000  -22.5000  -15.0000 2758.9958   13.4199
   -7.5000  -15.0000  -15.0000 2805.4934   13.2960
    0.0000  -15.0000  -15.0000 2824.1809   13.2814
    7.5000  -15.0000  -15.0000 2770.0105   13.4683
   -7.5000   -7.5000  -15.0000 2784.4412   13.6117
    0.0000   -7.5000  -15.0000 2804.5725   13.5914
    7.5000   -7.5000  -15.0000 2747.8633   13.7658
   -7.5000    0.0000  -15.0000 2719.1377   14.1181
    0.0000    0.0000  -15.0000 2737.8489   14.0862
    7.5000    0.0000  -15.0000 2685.2393   14.2850
   -7.5000    7.5000  -15.0000 2629.7080   14.8463
    0.0000    7.5000  -15.0000 2646.2073   14.8057
    7.5000    7.5000  -15.0000 2599.2332   15.0336
   -7.5000   15.0000  -15.0000 2511.9792   15.9202
    0.0000   15.0000  -15.0000 2522.7761   15.8767
    7.5000   15.0000  -15.0000 2481.0032   16.1317
   -7.5000   22.5000  -15.0000 2376.3694   17.4692
    0.0000   22.5000  -15.0000 2383.7822   17.4336
    7.5000   22.5000  -15.0000 2348.3633   17.7213
   -7.5000   30.0000  -15.0000 2222.2551   19.5882
    0.0000   30.0000  -15.0000 2227.3772   19.5055
    7.5000   30.0000  -15.0000 2200.2246   19.8502
   -7.5000   37.5000  -15.0000 2067.4932   22.3380
    0.0000   37.5000  -15.0000 2077.2422   22.2057
    7.5000   37.5000  -15.0000 2043.6277   22.6318
   -7.5000   45.0000  -15.0000 1907.0778   26.0319
    0.0000   45.0000  -15.0000 1918.1987   25.9134
    7.5000   45.0000  -15.0000 1891.0706   26.3878
   -7.5000  -45.0000   -7.5000 2614.0286   14.6579
    0.0000  -45.0000   -7.5000 2619.3999   14.5789
    7.5000  -45.0000   -7.5000 2591.9756   14.8984
   -7.5000  -37.5000   -7.5000 2718.0955   13.6139
    0.0000  -37.5000   -7.5000 2728.0229   13.5575
    7.5000  -37.5000   -7.5000 2696.0503   13.8444
   -7.5000  -30.0000   -7.5000 2805.1570   12.9846
    0.0000  -30.0000   -7.5000 2817.8574   12.9245
    7.5000  -30.0000   -7.5000 2778.5410   13.1849
   -7.5000  -22.5000   -7.5000 2873.5701   12.6238
    0.0000  -22.5000   -7.5000 2886.9341   12.5812
    7.5000  -22.5000   -7.5000 2832.9690   12.8530
   -7.5000  -15.0000   -7.5000 2887.3889   12.7049
    0.0000  -15.0000   -7.5000 2909.6589   12.6669
    7.5000  -15.0000   -7.5000 2846.4236   12.9127
   -7.5000   -7.5000   -7.5000 2866.2000   13.0291
    0.0000   -7.5000   -7.5000 2885.8145   13.0046
    7.5000   -7.5000   -7.5000 2821.8137   13.1970
   -7.5000    0.0000   -7.5000 2791.7185   13.5258
    0.0000    0.0000   -7.5000 2807.2766   13.5000
    7.5000    0.0000   -7.5000 2754.3130   13.7004
   -7.5000    7.5000   -7.5000 2687.2371   14.2491
    0.0000    7.5000   -7.5000 2704.1504   14.2264
    7.5000    7.5000   -7.5000 2655.5432   14.4262
   -7.5000   15.0000   -7.5000 2555.9543   15.3002
    0.0000   15.0000   -7.5000 2570.2527   15.2819
    7.5000   15.0000   -7.5000 2528.1968   15.5128
   -7.5000   22.5000   -7.5000 2414.6711   16.8129
    0.0000   22.5000   -7.5000 2426.4722   16.7756
    7.5000   22.5000   -7.5000 2385.9697   17.0611
   -7.5000   30.0000   -7.5000 2255.0667   18.8416
    0.0000   30.0000   -7.5000 2262.4048   18.7865
    7.5000   30.0000   -7.5000 2229.5964   19.1202
   -7.5000   37.5000   -7.5000 2096.8457   21.4649
    0.0000   37.5000   -7.5000 2107.1006   21.3939
    7.5000   37.5000   -7.5000 2070.0603   21.7765
   -7.5000   45.0000   -7.5000 1934.9938   24.9643
    0.0000   45.0000   -7.5000 1942.3682   24.8909
    7.5000   45.0000   -7.5000 1914.2357   25.3285
   -7.5000  -45.0000    0.0000 2625.2070   14.3265
    0.0000  -45.0000    0.0000 2634.1660   14.1819
    7.5000  -45.0000    0.0000 2610.0474   14.5817
   -7.5000  -37.5000    0.0000 2745.8447   13.2728
    0.0000  -37.5000    0.0000 2755.6191   13.1511
    7.5000  -37.5000    0.0000 2727.2615   13.5282
   -7.5000  -30.0000    0.0000 2852.9111   12.6263
    0.0000  -30.0000    0.0000 2866.2456   12.5101
    7.5000  -30.0000    0.0000 2821.0645   12.8532
   -7.5000  -22.5000    0.0000 2934.2385   12.2599
    0.0000  -22.5000    0.0000 2954.4038   12.1698
    7.5000  -22.5000    0.0000 2885.1787   12.5188
   -7.5000  -15.0000    0.0000 2953.4846   12.2633
    0.0000  -15.0000    0.0000 2978.2954   12.1941
    7.5000  -15.0000    0.0000 2901.3054   12.5575
   -7.5000   -7.5000    0.0000 2914.6230   12.6003
    0.0000   -7.5000    0.0000 2935.2751   12.5574
    7.5000   -7.5000    0.0000 2868.5181   12.8350
   -7.5000    0.0000    0.0000 2826.3315   13.1478
    0.0000    0.0000    0.0000 2843.9556   13.1088
    7.5000    0.0000    0.0000 2789.3882   13.3572
   -7.5000    7.5000    0.0000 2715.5454   13.8753
    0.0000    7.5000    0.0000 2731.3911   13.8323
    7.5000    7.5000    0.0000 2686.9395   14.0774
   -7.5000   15.0000    0.0000 2578.4309   14.9333
    0.0000   15.0000    0.0000 2591.6338   14.8702
    7.5000   15.0000    0.0000 2551.0046   15.1232
   -7.5000   22.5000    0.0000 2431.9600   16.4590
    0.0000   22.5000    0.0000 2443.6543   16.3879
    7.5000   22.5000    0.0000 2401.4397   16.6653
   -7.5000   30.0000    0.0000 2269.0845   18.4311
    0.0000   30.0000    0.0000 2277.5847   18.3732
    7.5000   30.0000    0.0000 2243.7151   18.7383
   -7.5000   37.5000    0.0000 2109.6296   21.0337
    0.0000   37.5000    0.0000 2115.0303   20.9279
    7.5000   37.5000    0.0000 2082.5085   21.3660
   -7.5000   45.0000    0.0000 1941.5455   24.3568
    0.0000   45.0000    0.0000 1948.5924   24.2646
    7.5000   45.0000    0.0000 1920.5751   24.7342
   -7.5000  -45.0000    7.5000 2619.7207   14.2136
    0.0000  -45.0000    7.5000 2634.8225   14.0804
    7.5000  -45.0000    7.5000 2607.3193   14.4745
   -7.5000  -37.5000    7.5000 2746.3713   13.1639
    0.0000  -37.5000    7.5000 2760.0496   13.0200
    7.5000  -37.5000    7.5000 2729.5593   13.4290
   -7.5000  -30.0000    7.5000 2861.2581   12.5041
    0.0000  -30.0000    7.5000 2884.4644   12.3466
    7.5000  -30.0000    7.5000 2830.7065   12.7420
   -7.5000  -22.5000    7.5000 2951.6606   12.1187
    0.0000  -22.5000    7.5000 2981.3447   11.9900
    7.5000  -22.5000    7.5000 2908.3396   12.3959
   -7.5000  -15.0000    7.5000 2973.1438   12.1374
    0.0000  -15.0000    7.5000 2999.8467   12.0046
    7.5000  -15.0000    7.5000 2923.5903   12.4283
   -7.5000   -7.5000    7.5000 2928.1050   12.4546
    0.0000   -7.5000    7.5000 2950.1260   12.3501
    7.5000   -7.5000    7.5000 2886.8186   12.7008
   -7.5000    0.0000    7.5000 2833.9387   13.0197
    0.0000    0.0000    7.5000 2851.1785   12.9316
    7.5000    0.0000    7.5000 2798.6687   13.2185
   -7.5000    7.5000    7.5000 2713.0945   13.7750
    0.0000    7.5000    7.5000 2726.3032   13.6986
    7.5000    7.5000    7.5000 2688.0649   13.9411
   -7.5000   15.0000    7.5000 2574.2390   14.8507
    0.0000   15.0000    7.5000 2588.5684   14.7757
    7.5000   15.0000    7.5000 2551.4907   15.0267
   -7.5000   22.5000    7.5000 2429.5400   16.3322
    0.0000   22.5000    7.5000 2438.9351   16.2858
    7.5000   22.5000    7.5000 2403.6292   16.5499
   -7.5000   30.0000    7.5000 2271.5176   18.2871
    0.0000   30.0000    7.5000 2279.1748   18.2435
    7.5000   30.0000    7.5000 2247.0103   18.5725
   -7.5000   37.5000    7.5000 2107.1892   20.7936
    0.0000   37.5000    7.5000 2112.0415   20.7167
    7.5000   37.5000    7.5000 2083.1567   21.1103
   -7.5000   45.0000    7.5000 1939.4839   24.0808
    0.0000   45.0000    7.5000 1943.8402   23.9863
    7.5000   45.0000    7.5000 1923.0461   24.4656
   -7.5000  -45.0000   15.0000 2596.6797   14.3320
    0.0000  -45.0000   15.0000 2616.1440   14.1881
    7.5000  -45.0000   15.0000 2588.3901   14.6259
   -7.5000  -37.5000   15.0000 2725.2039   13.2932
    0.0000  -37.5000   15.0000 2747.4951   13.1406
    7.5000  -37.5000   15.0000 2710.9133   13.5681
   -7.5000  -30.0000   15.0000 2842.3984   12.6178
    0.0000  -30.0000   15.0000 2870.2080   12.4572
    7.5000  -30.0000   15.0000 2819.2847   12.8862
   -7.5000  -22.5000   15.0000 2930.1387   12.2758
    0.0000  -22.5000   15.0000 2962.5295   12.1325
    7.5000  -22.5000   15.0000 2895.5928   12.5600
   -7.5000  -15.0000   15.0000 2948.0120   12.3630
    0.0000  -15.0000   15.0000 2976.3049   12.2277
    7.5000  -15.0000   15.0000 2908.4324   12.5681
   -7.5000   -7.5000   15.0000 2902.3879   12.6471
    0.0000   -7.5000   15.0000 2926.1355   12.5269
    7.5000   -7.5000   15.0000 2868.4604   12.8191
   -7.5000    0.0000   15.0000 2811.6982   13.1372
    0.0000    0.0000   15.0000 2833.4985   13.0218
    7.5000    0.0000   15.0000 2782.8662   13.3047
   -7.5000    7.5000   15.0000 2686.7178   13.8607
    0.0000    7.5000   15.0000 2702.3225   13.7664
    7.5000    7.5000   15.0000 2665.9766   14.0391
   -7.5000   15.0000   15.0000 2552.3745   14.9144
    0.0000   15.0000   15.0000 2563.4333   14.8329
    7.5000   15.0000   15.0000 2533.1191   15.0873
   -7.5000   22.5000   15.0000 2407.0532   16.3694
    0.0000   22.5000   15.0000 2415.6648   16.3162
    7.5000   22.5000   15.0000 2387.0688   16.5796
   -7.5000   30.0000   15.0000 2248.9490   18.3211
    0.0000   30.0000   15.0000 2255.4019   18.2234
    7.5000   30.0000   15.0000 2231.3896   18.5569
   -7.5000   37.5000   15.0000 2087.6013   20.8688
    0.0000   37.5000   15.0000 2094.7151   20.7314
    7.5000   37.5000   15.0000 2070.3032   21.1395
   -7.5000   45.0000   15.0000 1924.2178   24.1484
    0.0000   45.0000   15.0000 1933.4060   24.0236
    7.5000   45.0000   15.0000 1910.7979   24.4349
   -7.5000  -45.0000   22.5000 2571.4304   14.8019
    0.0000  -45.0000   22.5000 2596.8728   14.6553
    7.5000  -45.0000   22.5000 2566.7126   15.0676
   -7.5000  -37.5000   22.5000 2690.4866   13.7415
    0.0000  -37.5000   22.5000 2714.7983   13.6018
    7.5000  -37.5000   22.5000 2680.8877   13.9859
   -7.5000  -30.0000   22.5000 2796.1995   13.0417
    0.0000  -30.0000   22.5000 2821.6545   12.8939
    7.5000  -30.0000   22.5000 2780.2583   13.2935
   -7.5000  -22.5000   22.5000 2872.7117   12.7199
    0.0000  -22.5000   22.5000 2903.8298   12.5814
    7.5000  -22.5000   22.5000 2851.5857   12.9355
   -7.5000  -15.0000   22.5000 2886.7715   12.7624
    0.0000  -15.0000   22.5000 2913.1423   12.6335
    7.5000  -15.0000   22.5000 2861.8010   12.9407
   -7.5000   -7.5000   22.5000 2842.9128   13.0271
    0.0000   -7.5000   22.5000 2860.8398   12.9060
    7.5000   -7.5000   22.5000 2815.5603   13.1992
   -7.5000    0.0000   22.5000 2755.7698   13.5292
    0.0000    0.0000   22.5000 2775.3618   13.4112
    7.5000    0.0000   22.5000 2734.5098   13.6982
   -7.5000    7.5000   22.5000 2636.2292   14.2591
    0.0000    7.5000   22.5000 2653.1260   14.1581
    7.5000    7.5000   22.5000 2625.9321   14.4035
   -7.5000   15.0000   22.5000 2515.4761   15.2710
    0.0000   15.0000   22.5000 2527.9917   15.1785
    7.5000   15.0000   22.5000 2501.4089   15.4048
   -7.5000   22.5000   22.5000 2373.1250   16.6762
    0.0000   22.5000   22.5000 2385.2200   16.6198
    7.5000   22.5000   22.5000 2358.8826   16.8838
   -7.5000   30.0000   22.5000 2217.2612   18.5598
    0.0000   30.0000   22.5000 2224.5662   18.4726
    7.5000   30.0000   22.5000 2203.2778   18.8058
   -7.5000   37.5000   22.5000 2058.3647   21.0572
    0.0000   37.5000   22.5000 2067.0837   20.9388
    7.5000   37.5000   22.5000 2043.1093   21.3409
   -7.5000   45.0000   22.5000 1898.3739   24.2727
    0.0000   45.0000   22.5000 1909.5220   24.1285
    7.5000   45.0000   22.5000 1884.4147   24.6149
   -7.5000  -45.0000   30.0000 2532.6868   15.5333
    0.0000  -45.0000   30.0000 2560.3062   15.4352
    7.5000  -45.0000   30.0000 2522.9968   15.7503
   -7.5000  -37.5000   30.0000 2641.7209   14.4530
    0.0000  -37.5000   30.0000 2667.1560   14.3578
    7.5000  -37.5000   30.0000 2631.1860   14.6742
   -7.5000  -30.0000   30.0000 2732.2542   13.7349
    0.0000  -30.0000   30.0000 2758.2722   13.6354
    7.5000  -30.0000   30.0000 2718.5698   13.9461
   -7.5000  -22.5000   30.0000 2789.9968   13.3976
    0.0000  -22.5000   30.0000 2817.4160   13.2943
    7.5000  -22.5000   30.0000 2778.2913   13.5895
   -7.5000  -15.0000   30.0000 2802.4312   13.3885
    0.0000  -15.0000   30.0000 2827.6704   13.2905
    7.5000  -15.0000   30.0000 2787.9121   13.5569
   -7.5000   -7.5000   30.0000 2756.2371   13.6700
    0.0000   -7.5000   30.0000 2775.8525   13.5751
    7.5000   -7.5000   30.0000 2739.5642   13.8361
   -7.5000    0.0000   30.0000 2676.7451   14.1478
    0.0000    0.0000   30.0000 2693.8230   14.0536
    7.5000    0.0000   30.0000 2658.9045   14.3241
   -7.5000    7.5000   30.0000 2569.6311   14.8725
    0.0000    7.5000   30.0000 2585.0029   14.7727
    7.5000    7.5000   30.0000 2554.8242   15.0279
   -7.5000   15.0000   30.0000 2455.6814   15.8673
    0.0000   15.0000   30.0000 2467.9595   15.7800
    7.5000   15.0000   30.0000 2439.3218   16.0197
   -7.5000   22.5000   30.0000 2323.9702   17.2203
    0.0000   22.5000   30.0000 2336.7764   17.1760
    7.5000   22.5000   30.0000 2306.7891   17.4296
   -7.5000   30.0000   30.0000 2170.9988   19.0810
    0.0000   30.0000   30.0000 2182.6370   19.0078
    7.5000   30.0000   30.0000 2156.4502   19.3409
   -7.5000   37.5000   30.0000 2017.8732   21.5382
    0.0000   37.5000   30.0000 2025.8389   21.4353
    7.5000   37.5000   30.0000 2006.8768   21.8461
   -7.5000   45.0000   30.0000 1862.5308   24.7487
    0.0000   45.0000   30.0000 1864.9912   24.5762
    7.5000   45.0000   30.0000 1848.6866   25.0778
   -7.5000  -45.0000   37.5000 2483.8025   16.4415
    0.0000  -45.0000   37.5000 2509.8040   16.3973
    7.5000  -45.0000   37.5000 2471.2620   16.6607
   -7.5000  -37.5000   37.5000 2584.7505   15.3597
    0.0000  -37.5000   37.5000 2609.7605   15.2990
    7.5000  -37.5000   37.5000 2569.6611   15.5374
   -7.5000  -30.0000   37.5000 2662.6018   14.6571
    0.0000  -30.0000   37.5000 2686.8752   14.5921
    7.5000  -30.0000   37.5000 2650.5940   14.8127
   -7.5000  -22.5000   37.5000 2703.2581   14.2977
    0.0000  -22.5000   37.5000 2727.8298   14.2044
    7.5000  -22.5000   37.5000 2690.8350   14.4194
   -7.5000  -15.0000   37.5000 2707.2258   14.2157
    0.0000  -15.0000   37.5000 2731.6533   14.1425
    7.5000  -15.0000   37.5000 2697.8936   14.3351
   -7.5000   -7.5000   37.5000 2662.5801   14.4876
    0.0000   -7.5000   37.5000 2677.2100   14.4164
    7.5000   -7.5000   37.5000 2653.3533   14.6290
   -7.5000    0.0000   37.5000 2588.4768   14.9667
    0.0000    0.0000   37.5000 2599.0271   14.8875
    7.5000    0.0000   37.5000 2576.2764   15.1108
   -7.5000    7.5000   37.5000 2496.0049   15.6843
    0.0000    7.5000   37.5000 2505.7705   15.6056
    7.5000    7.5000   37.5000 2480.0242   15.8084
   -7.5000   15.0000   37.5000 2384.9651   16.6687
    0.0000   15.0000   37.5000 2390.4866   16.6000
    7.5000   15.0000   37.5000 2369.6750   16.7965
   -7.5000   22.5000   37.5000 2262.5007   18.0226
    0.0000   22.5000   37.5000 2269.9639   17.9515
    7.5000   22.5000   37.5000 2247.7761   18.1927
   -7.5000   30.0000   37.5000 2123.4805   19.9304
    0.0000   30.0000   37.5000 2130.8196   19.8252
    7.5000   30.0000   37.5000 2107.8960   20.1462
   -7.5000   37.5000   37.5000 1971.4978   22.3673
    0.0000   37.5000   37.5000 1977.0745   22.2679
    7.5000   37.5000   37.5000 1959.6138   22.6764
   -7.5000   45.0000   37.5000 1815.0267   25.6501
    0.0000   45.0000   37.5000 1817.1205   25.4922
    7.5000   45.0000   37.5000 1803.8130   25.9936
   -7.5000  -45.0000   45.0000 2422.7271   17.6032
    0.0000  -45.0000   45.0000 2439.5388   17.5594
    7.5000  -45.0000   45.0000 2406.9402   17.7903
   -7.5000  -37.5000   45.0000 2512.4023   16.4712
    0.0000  -37.5000   45.0000 2531.0159   16.4394
    7.5000  -37.5000   45.0000 2496.9736   16.6362
   -7.5000  -30.0000   45.0000 2574.6226   15.7473
    0.0000  -30.0000   45.0000 2594.2405   15.7163
    7.5000  -30.0000   45.0000 2564.4541   15.8686
   -7.5000  -22.5000   45.0000 2608.8484   15.3632
    0.0000  -22.5000   45.0000 2630.3572   15.3049
    7.5000  -22.5000   45.0000 2597.3477   15.4590
   -7.5000  -15.0000   45.0000 2610.4343   15.2439
    0.0000  -15.0000   45.0000 2627.5232   15.1712
    7.5000  -15.0000   45.0000 2597.9099   15.3437
   -7.5000   -7.5000   45.0000 2564.6526   15.4856
    0.0000   -7.5000   45.0000 2573.6216   15.4332
    7.5000   -7.5000   45.0000 2552.1538   15.6229
   -7.5000    0.0000   45.0000 2493.3391   15.9891
    0.0000    0.0000   45.0000 2499.4731   15.9125
    7.5000    0.0000   45.0000 2481.6946   16.1170
   -7.5000    7.5000   45.0000 2408.6477   16.6966
    0.0000    7.5000   45.0000 2416.7224   16.6210
    7.5000    7.5000   45.0000 2396.1177   16.8107
   -7.5000   15.0000   45.0000 2303.2686   17.6767
    0.0000   15.0000   45.0000 2311.4719   17.6009
    7.5000   15.0000   45.0000 2292.1194   17.8036
   -7.5000   22.5000   45.0000 2189.4919   19.0525
    0.0000   22.5000   45.0000 2200.2498   18.9621
    7.5000   22.5000   45.0000 2175.6211   19.2022
   -7.5000   30.0000   45.0000 2062.1797   20.9877
    0.0000   30.0000   45.0000 2067.9583   20.9043
    7.5000   30.0000   45.0000 2041.5198   21.1932
   -7.5000   37.5000   45.0000 1914.5369   23.5804
    0.0000   37.5000   45.0000 1922.0135   23.4429
    7.5000   37.5000   45.0000 1898.9265   23.7974
   -7.5000   45.0000   45.0000 1766.1367   26.9349
    0.0000   45.0000   45.0000 1766.7330   26.7782
    7.5000   45.0000   45.0000 1752.7266   27.1976

---------------------------------------------------------------------
imgreg_4dfp /opt/freesurfer/average/711-2C_as_mni_average_305 /opt/freesurfer/average/711-2B_as_mni_average_305_mask talsrcimg_g11 none talsrcimg_to_711-2C_as_mni_average_305_t4 1283
---------------------------------------------------------------------

freesurfer imgreg_4dfp.c
/opt/freesurfer/average/711-2C_as_mni_average_305.4dfp.img
       256       256       256         1
  1.000000  1.000000  1.000000
orientation T byte_order littleendian
Reading image: /opt/freesurfer/average/711-2C_as_mni_average_305.4dfp.img
dimensions:      256       256       256
mmppix:       1.0000   -1.0000   -1.0000
center:     128.0000 -129.0000 -129.0000
/opt/freesurfer/average/711-2B_as_mni_average_305_mask.4dfp.img
       256       256       256         1
  1.000000  1.000000  1.000000
orientation T byte_order littleendian
Reading mask: /opt/freesurfer/average/711-2B_as_mni_average_305_mask.4dfp.img (2306576 pixels)
talsrcimg_g11.4dfp.img
       256       256       256         1
  1.000000  1.000000  1.000000
orientation T byte_order littleendian
Reading image: talsrcimg_g11.4dfp.img
dimensions:      256       256       256
mmppix:       1.0000   -1.0000   -1.0000
center:     128.0000 -129.0000 -129.0000
rotation matrix determinant  1.000000
fimgreg.f
image alignment mode   1283 decimal      503 hex
parameters
    0.0000  -15.0000    7.5000    0.0000    0.0000    0.0000
eta,q 0.94109 11.97463
niter,ni,del,rscale     5    3   12.0000    1.2000
parameter  2  0.622058 ->  0.500000 qaram    1.1500
parameters
   -1.5342  -18.4500    8.5509   -2.7780   -0.7472    0.0666
eta,q 0.94463 11.84119
  0.0660  0.0593  0.0646  0.0573  0.0605  0.0598
  0.0627  0.0571  0.0610  0.0557  0.0572  0.0577
  0.0608  0.0578  0.0582  0.0558  0.0555  0.0561
  0.0609  0.0604  0.0568  0.0565  0.0556  0.0554
  0.0633  0.0634  0.0566  0.0583  0.0578  0.0558
  0.0700  0.0670  0.0579  0.0592  0.0600  0.0574
  0.0788  0.0719  0.0608  0.0604  0.0620  0.0598
niter,ni,del,rscale     5    3   12.0000    1.2000
parameters
   -1.5480  -16.6953    7.8794   -4.3318   -0.7552    0.3025
eta,q 0.94541 11.84717
  0.0685  0.0751  0.0605  0.0576  0.0612  0.0594
  0.0620  0.0662  0.0578  0.0555  0.0577  0.0574
  0.0575  0.0590  0.0558  0.0547  0.0556  0.0556
  0.0554  0.0554  0.0548  0.0549  0.0546  0.0546
  0.0565  0.0551  0.0564  0.0567  0.0558  0.0548
  0.0615  0.0577  0.0597  0.0593  0.0582  0.0566
  0.0693  0.0617  0.0639  0.0613  0.0608  0.0591
niter,ni,del,rscale     4    3   12.0000    1.2000
parameters
   -1.6992  -15.7033    7.4722   -5.9305   -0.5322    0.4633
eta,q 0.94497 11.86381
  0.0670  0.0703  0.0598  0.0572  0.0615  0.0591
  0.0606  0.0621  0.0576  0.0554  0.0586  0.0573
  0.0561  0.0564  0.0564  0.0551  0.0563  0.0560
  0.0546  0.0546  0.0550  0.0552  0.0551  0.0551
  0.0561  0.0561  0.0554  0.0562  0.0560  0.0553
  0.0609  0.0587  0.0582  0.0587  0.0582  0.0569
  0.0689  0.0623  0.0621  0.0614  0.0605  0.0590
niter,ni,del,rscale     3    3   12.0000    1.2000
parameters
   -1.8684  -14.6813    7.1160   -7.8078   -0.2925    0.3687
eta,q 0.94496 11.88546
  0.0664  0.0691  0.0593  0.0569  0.0608  0.0589
  0.0607  0.0613  0.0572  0.0552  0.0582  0.0572
  0.0565  0.0561  0.0566  0.0549  0.0559  0.0559
  0.0550  0.0550  0.0555  0.0557  0.0549  0.0550
  0.0566  0.0563  0.0554  0.0565  0.0562  0.0553
  0.0609  0.0583  0.0576  0.0583  0.0581  0.0571
  0.0684  0.0616  0.0612  0.0611  0.0595  0.0596
niter,ni,del,rscale     2    3   12.0000    1.2000
parameters
   -1.9593  -13.4707    6.4131   -9.8836    0.2356    0.1886
eta,q 0.94508 11.90494
  0.0650  0.0693  0.0580  0.0569  0.0594  0.0593
  0.0602  0.0615  0.0560  0.0552  0.0572  0.0576
  0.0568  0.0565  0.0559  0.0548  0.0556  0.0558
  0.0550  0.0551  0.0554  0.0556  0.0548  0.0549
  0.0558  0.0559  0.0552  0.0571  0.0556  0.0556
  0.0597  0.0579  0.0571  0.0588  0.0567  0.0575
  0.0666  0.0609  0.0605  0.0609  0.0578  0.0603
niter,ni,del,rscale     1    3   12.0000    1.2000
parameters
   -2.2476  -12.5179    6.0064  -10.6765    0.8253   -0.0695
eta,q 0.94484 11.92278
  0.0625  0.0694  0.0577  0.0590  0.0590  0.0591
  0.0583  0.0619  0.0549  0.0558  0.0573  0.0574
  0.0562  0.0567  0.0554  0.0549  0.0558  0.0559
  0.0549  0.0550  0.0552  0.0555  0.0551  0.0551
  0.0553  0.0561  0.0543  0.0565  0.0557  0.0559
  0.0589  0.0583  0.0558  0.0582  0.0564  0.0577
  0.0650  0.0626  0.0589  0.0605  0.0577  0.0601
registration optimization eta report
parameter search radius
    6.0000    6.9000    6.0000    6.0000    6.0000    6.0000
100000*second partial in parameter space
       25.       23.       10.       12.        9.       12.
  0.0625  0.0694  0.0577  0.0590  0.0590  0.0591
  0.0583  0.0619  0.0549  0.0558  0.0573  0.0574
  0.0562  0.0567  0.0554  0.0549  0.0558  0.0559
  0.0549  0.0550  0.0552  0.0555  0.0551  0.0551
  0.0553  0.0561  0.0543  0.0565  0.0557  0.0559
  0.0589  0.0583  0.0558  0.0582  0.0564  0.0577
  0.0650  0.0626  0.0589  0.0605  0.0577  0.0601
   -2.2476  -12.5179    6.0064  -10.6765    0.8253   -0.0695
eta,q 0.94484 11.92278

---------------------------------------------------------------------
imgreg_4dfp /opt/freesurfer/average/711-2C_as_mni_average_305 /opt/freesurfer/average/711-2B_as_mni_average_305_mask talsrcimg_g11 none talsrcimg_to_711-2C_as_mni_average_305_t4 3335
---------------------------------------------------------------------

freesurfer imgreg_4dfp.c
/opt/freesurfer/average/711-2C_as_mni_average_305.4dfp.img
       256       256       256         1
  1.000000  1.000000  1.000000
orientation T byte_order littleendian
Reading image: /opt/freesurfer/average/711-2C_as_mni_average_305.4dfp.img
dimensions:      256       256       256
mmppix:       1.0000   -1.0000   -1.0000
center:     128.0000 -129.0000 -129.0000
/opt/freesurfer/average/711-2B_as_mni_average_305_mask.4dfp.img
       256       256       256         1
  1.000000  1.000000  1.000000
orientation T byte_order littleendian
Reading mask: /opt/freesurfer/average/711-2B_as_mni_average_305_mask.4dfp.img (2306576 pixels)
talsrcimg_g11.4dfp.img
       256       256       256         1
  1.000000  1.000000  1.000000
orientation T byte_order littleendian
Reading image: talsrcimg_g11.4dfp.img
dimensions:      256       256       256
mmppix:       1.0000   -1.0000   -1.0000
center:     128.0000 -129.0000 -129.0000
fimgreg.f
image alignment mode   3335 decimal      D07 hex
parameters
   -2.2476  -12.5179    6.0064   -0.0104   -1.7315   -1.7413
    0.3860   -1.3930   -0.1212   18.5281    1.4404  -18.5245
eta,q 0.95035 11.99561
niter,ni,del,rscale     5    3    5.0000    1.2000
parameter  4  1.987024 ->  0.500000 qaram    1.1500
parameter  5  2.610265 ->  0.500000 qaram    1.1500
parameter  6  1.808792 ->  0.500000 qaram    1.1500
parameter 10  0.973061 ->  0.500000 qaram    1.1500
parameter 12  0.921669 ->  0.500000 qaram    1.1500
parameters
   -2.5299  -12.2488    5.7468   -4.1504   -5.8715   -5.8813
   -0.9967   -0.7346   -0.4006   14.3881   -0.2966  -22.6645
eta,q 0.96900 11.09703
  0.0515  0.0516  0.0506  0.0419  0.0362  0.0326  0.0361  0.0399  0.0365  0.0316  0.0328  0.0310
  0.0503  0.0506  0.0499  0.0434  0.0383  0.0339  0.0350  0.0371  0.0353  0.0318  0.0321  0.0310
  0.0497  0.0499  0.0495  0.0460  0.0409  0.0362  0.0345  0.0353  0.0346  0.0327  0.0319  0.0312
  0.0496  0.0496  0.0495  0.0495  0.0440  0.0389  0.0345  0.0344  0.0344  0.0344  0.0319  0.0318
  0.0501  0.0496  0.0498  0.0535  0.0476  0.0422  0.0351  0.0347  0.0347  0.0368  0.0324  0.0326
  0.0510  0.0501  0.0504  0.0576  0.0515  0.0459  0.0363  0.0360  0.0356  0.0398  0.0332  0.0336
  0.0525  0.0509  0.0511  0.0622  0.0556  0.0502  0.0380  0.0382  0.0369  0.0433  0.0343  0.0347
niter,ni,del,rscale     7    3    5.0000    1.2000
parameter  4  0.540637 ->  0.500000 qaram    1.3225
parameter  5  1.086010 ->  0.500000 qaram    1.3225
parameters
   -2.2077  -12.1294    4.9570   -8.9114  -10.6325   -9.5237
   -0.8211   -0.0671   -0.0203   13.4029   -1.1133  -25.1372
eta,q 0.97449 10.58671
  0.0356  0.0336  0.0317  0.0304  0.0252  0.0267  0.0280  0.0302  0.0280  0.0283  0.0264  0.0263
  0.0333  0.0322  0.0309  0.0293  0.0258  0.0260  0.0268  0.0279  0.0268  0.0267  0.0260  0.0257
  0.0317  0.0313  0.0307  0.0292  0.0271  0.0257  0.0261  0.0264  0.0260  0.0258  0.0257  0.0255
  0.0310  0.0309  0.0309  0.0307  0.0291  0.0260  0.0258  0.0258  0.0257  0.0257  0.0257  0.0256
  0.0311  0.0311  0.0317  0.0338  0.0320  0.0285  0.0260  0.0259  0.0259  0.0263  0.0258  0.0261
  0.0320  0.0319  0.0328  0.0383  0.0357  0.0322  0.0266  0.0269  0.0265  0.0277  0.0262  0.0269
  0.0337  0.0331  0.0341  0.0432  0.0398  0.0372  0.0278  0.0289  0.0275  0.0301  0.0269  0.0278
niter,ni,del,rscale     7    3    5.0000    1.2000
parameters
   -1.9045  -11.3400    5.1553   -8.6046  -14.7859  -10.0010
   -0.8479    0.1816   -0.0933   14.9371   -1.5237  -25.7267
eta,q 0.97566 10.39253
  0.0292  0.0295  0.0269  0.0302  0.0256  0.0270  0.0266  0.0283  0.0261  0.0285  0.0252  0.0255
  0.0273  0.0276  0.0261  0.0282  0.0247  0.0259  0.0254  0.0262  0.0252  0.0266  0.0247  0.0249
  0.0261  0.0263  0.0255  0.0265  0.0244  0.0249  0.0247  0.0249  0.0246  0.0252  0.0244  0.0245
  0.0255  0.0255  0.0252  0.0252  0.0251  0.0244  0.0245  0.0245  0.0245  0.0245  0.0243  0.0243
  0.0256  0.0252  0.0253  0.0249  0.0269  0.0243  0.0247  0.0248  0.0247  0.0244  0.0245  0.0245
  0.0263  0.0255  0.0257  0.0267  0.0298  0.0255  0.0254  0.0259  0.0252  0.0250  0.0248  0.0251
  0.0277  0.0263  0.0265  0.0306  0.0338  0.0288  0.0267  0.0278  0.0262  0.0264  0.0254  0.0260
niter,ni,del,rscale     6    3    5.0000    1.2000
parameters
   -1.8094  -11.1325    5.2479   -8.0234  -15.9207  -10.1553
   -0.8088    0.3229   -0.1900   15.4065   -1.7046  -25.7316
eta,q 0.97579 10.35234
  0.0274  0.0269  0.0259  0.0292  0.0267  0.0271  0.0263  0.0281  0.0258  0.0274  0.0251  0.0255
  0.0258  0.0255  0.0251  0.0273  0.0254  0.0258  0.0252  0.0260  0.0249  0.0258  0.0246  0.0249
  0.0247  0.0247  0.0246  0.0257  0.0246  0.0247  0.0245  0.0247  0.0244  0.0247  0.0243  0.0244
  0.0243  0.0243  0.0243  0.0243  0.0241  0.0242  0.0242  0.0242  0.0242  0.0242  0.0242  0.0242
  0.0246  0.0245  0.0244  0.0239  0.0246  0.0242  0.0244  0.0246  0.0244  0.0244  0.0243  0.0243
  0.0255  0.0251  0.0249  0.0254  0.0262  0.0252  0.0251  0.0258  0.0250  0.0252  0.0247  0.0248
  0.0270  0.0261  0.0257  0.0291  0.0289  0.0281  0.0263  0.0278  0.0259  0.0269  0.0252  0.0256
niter,ni,del,rscale     5    3    5.0000    1.2000
parameters
   -1.8108  -11.1004    5.2459   -7.9191  -16.1427  -10.2327
   -0.7941    0.3628   -0.1928   15.4963   -1.6988  -25.7236
eta,q 0.97579 10.34280
  0.0271  0.0263  0.0256  0.0288  0.0272  0.0271  0.0263  0.0280  0.0258  0.0271  0.0251  0.0255
  0.0255  0.0251  0.0249  0.0270  0.0258  0.0258  0.0252  0.0259  0.0249  0.0256  0.0246  0.0249
  0.0245  0.0244  0.0244  0.0255  0.0247  0.0248  0.0245  0.0246  0.0244  0.0246  0.0243  0.0244
  0.0242  0.0242  0.0242  0.0242  0.0242  0.0242  0.0242  0.0242  0.0242  0.0242  0.0242  0.0242
  0.0245  0.0245  0.0243  0.0240  0.0243  0.0241  0.0244  0.0247  0.0244  0.0244  0.0243  0.0243
  0.0255  0.0251  0.0248  0.0259  0.0256  0.0252  0.0251  0.0259  0.0249  0.0254  0.0246  0.0248
  0.0272  0.0261  0.0257  0.0297  0.0279  0.0280  0.0263  0.0279  0.0258  0.0271  0.0251  0.0256
niter,ni,del,rscale     4    3    5.0000    1.2000
parameters
   -1.8135  -11.0897    5.2490   -7.8969  -16.1850  -10.2459
   -0.7837    0.3637   -0.2056   15.5217   -1.6768  -25.7228
eta,q 0.97579 10.34116
  0.0271  0.0263  0.0256  0.0287  0.0272  0.0272  0.0263  0.0280  0.0258  0.0271  0.0252  0.0255
  0.0255  0.0251  0.0249  0.0270  0.0258  0.0259  0.0252  0.0259  0.0249  0.0256  0.0246  0.0249
  0.0245  0.0244  0.0244  0.0254  0.0248  0.0248  0.0245  0.0246  0.0244  0.0246  0.0243  0.0244
  0.0242  0.0242  0.0242  0.0242  0.0242  0.0242  0.0242  0.0242  0.0242  0.0242  0.0242  0.0242
  0.0245  0.0245  0.0243  0.0241  0.0243  0.0241  0.0244  0.0247  0.0244  0.0245  0.0243  0.0243
  0.0255  0.0251  0.0248  0.0260  0.0255  0.0251  0.0251  0.0259  0.0249  0.0254  0.0246  0.0248
  0.0272  0.0261  0.0257  0.0298  0.0277  0.0279  0.0263  0.0280  0.0258  0.0272  0.0251  0.0256
registration optimization eta report
parameter search radius
    2.4000    2.4000    2.4000    9.5220    9.5220    8.2800
    7.2000    7.2000    7.2000    8.2800    7.2000    8.2800
100000*second partial in parameter space
       51.       35.       25.        6.        4.        5.
        4.        7.        3.        4.        2.        2.
  0.0271  0.0263  0.0256  0.0287  0.0272  0.0272  0.0263  0.0280  0.0258  0.0271  0.0252  0.0255
  0.0255  0.0251  0.0249  0.0270  0.0258  0.0259  0.0252  0.0259  0.0249  0.0256  0.0246  0.0249
  0.0245  0.0244  0.0244  0.0254  0.0248  0.0248  0.0245  0.0246  0.0244  0.0246  0.0243  0.0244
  0.0242  0.0242  0.0242  0.0242  0.0242  0.0242  0.0242  0.0242  0.0242  0.0242  0.0242  0.0242
  0.0245  0.0245  0.0243  0.0241  0.0243  0.0241  0.0244  0.0247  0.0244  0.0245  0.0243  0.0243
  0.0255  0.0251  0.0248  0.0260  0.0255  0.0251  0.0251  0.0259  0.0249  0.0254  0.0246  0.0248
  0.0272  0.0261  0.0257  0.0298  0.0277  0.0279  0.0263  0.0280  0.0258  0.0272  0.0251  0.0256
   -1.8135  -11.0897    5.2490   -7.8969  -16.1850  -10.2459
   -0.7837    0.3637   -0.2056   15.5217   -1.6768  -25.7228
eta,q 0.97579 10.34116

---------------------------------------------------------------------
imgreg_4dfp /opt/freesurfer/average/711-2C_as_mni_average_305 /opt/freesurfer/average/711-2B_as_mni_average_305_mask talsrcimg_g11 none talsrcimg_to_711-2C_as_mni_average_305_t4 2311
---------------------------------------------------------------------

freesurfer imgreg_4dfp.c
/opt/freesurfer/average/711-2C_as_mni_average_305.4dfp.img
       256       256       256         1
  1.000000  1.000000  1.000000
orientation T byte_order littleendian
Reading image: /opt/freesurfer/average/711-2C_as_mni_average_305.4dfp.img
dimensions:      256       256       256
mmppix:       1.0000   -1.0000   -1.0000
center:     128.0000 -129.0000 -129.0000
/opt/freesurfer/average/711-2B_as_mni_average_305_mask.4dfp.img
       256       256       256         1
  1.000000  1.000000  1.000000
orientation T byte_order littleendian
Reading mask: /opt/freesurfer/average/711-2B_as_mni_average_305_mask.4dfp.img (2306576 pixels)
talsrcimg_g11.4dfp.img
       256       256       256         1
  1.000000  1.000000  1.000000
orientation T byte_order littleendian
Reading image: talsrcimg_g11.4dfp.img
dimensions:      256       256       256
mmppix:       1.0000   -1.0000   -1.0000
center:     128.0000 -129.0000 -129.0000
fimgreg.f
image alignment mode   2311 decimal      907 hex
parameters
   -1.8135  -11.0897    5.2490   -7.8969  -16.1850  -10.2459
   -0.7837    0.3637   -0.2056   15.5217   -1.6768  -25.7228
eta,q 0.97579 10.34116
niter,ni,del,rscale     5    3    5.0000    0.8000
parameters
   -1.8130  -11.1302    5.2982   -6.3351  -15.5868   -9.4011
   -0.7526    0.4380   -0.2065   15.3551   -1.8135  -25.5712
eta,q 0.97615 10.44612
  0.0255  0.0251  0.0249  0.0262  0.0250  0.0253  0.0249  0.0259  0.0247  0.0248  0.0244  0.0244
  0.0248  0.0246  0.0245  0.0254  0.0245  0.0246  0.0243  0.0248  0.0243  0.0243  0.0241  0.0241
  0.0244  0.0243  0.0243  0.0247  0.0242  0.0242  0.0240  0.0241  0.0240  0.0240  0.0239  0.0239
  0.0242  0.0242  0.0242  0.0242  0.0239  0.0239  0.0239  0.0239  0.0239  0.0239  0.0239  0.0239
  0.0243  0.0243  0.0243  0.0239  0.0239  0.0238  0.0240  0.0241  0.0239  0.0240  0.0239  0.0239
  0.0248  0.0247  0.0245  0.0241  0.0241  0.0240  0.0243  0.0247  0.0242  0.0244  0.0241  0.0240
  0.0255  0.0251  0.0248  0.0248  0.0247  0.0246  0.0249  0.0257  0.0247  0.0250  0.0244  0.0243
niter,ni,del,rscale     4    3    5.0000    0.7000
parameters
   -1.8877  -11.2778    5.0234   -6.3957  -15.2989   -9.2688
   -0.7133    0.4182   -0.0756   15.3388   -1.6800  -26.0051
eta,q 0.97621 10.47074
  0.0249  0.0245  0.0242  0.0251  0.0246  0.0247  0.0246  0.0254  0.0245  0.0246  0.0243  0.0241
  0.0243  0.0241  0.0239  0.0245  0.0243  0.0243  0.0242  0.0245  0.0241  0.0242  0.0240  0.0239
  0.0239  0.0239  0.0238  0.0240  0.0240  0.0240  0.0239  0.0240  0.0239  0.0239  0.0238  0.0238
  0.0239  0.0238  0.0238  0.0238  0.0238  0.0238  0.0238  0.0238  0.0238  0.0238  0.0238  0.0238
  0.0240  0.0240  0.0240  0.0239  0.0238  0.0238  0.0239  0.0240  0.0239  0.0239  0.0238  0.0239
  0.0244  0.0243  0.0242  0.0244  0.0240  0.0240  0.0241  0.0245  0.0241  0.0242  0.0240  0.0240
  0.0251  0.0248  0.0246  0.0254  0.0245  0.0247  0.0246  0.0254  0.0244  0.0246  0.0242  0.0243
niter,ni,del,rscale     3    3    5.0000    0.6000
parameters
   -1.9028  -11.2430    4.9180   -6.3170  -15.1418   -9.0074
   -0.7431    0.3874   -0.0907   15.4178   -1.6423  -26.3636
eta,q 0.97625 10.49427
  0.0246  0.0244  0.0241  0.0249  0.0244  0.0245  0.0244  0.0250  0.0243  0.0244  0.0241  0.0240
  0.0242  0.0241  0.0239  0.0244  0.0241  0.0241  0.0240  0.0243  0.0240  0.0241  0.0239  0.0238
  0.0239  0.0239  0.0238  0.0240  0.0239  0.0239  0.0238  0.0239  0.0238  0.0238  0.0238  0.0238
  0.0238  0.0238  0.0238  0.0238  0.0238  0.0238  0.0238  0.0238  0.0238  0.0238  0.0238  0.0238
  0.0239  0.0239  0.0239  0.0238  0.0238  0.0237  0.0238  0.0239  0.0238  0.0238  0.0238  0.0238
  0.0242  0.0240  0.0240  0.0242  0.0240  0.0239  0.0240  0.0243  0.0240  0.0240  0.0239  0.0239
  0.0247  0.0243  0.0243  0.0249  0.0243  0.0244  0.0244  0.0250  0.0243  0.0244  0.0241  0.0241
niter,ni,del,rscale     2    3    5.0000    0.5000
parameters
   -1.9166  -11.2318    4.7965   -6.2565  -15.0164   -8.7926
   -0.7365    0.3915   -0.0848   15.5034   -1.6427  -26.7167
eta,q 0.97628 10.51415
  0.0243  0.0242  0.0240  0.0245  0.0242  0.0242  0.0242  0.0246  0.0241  0.0242  0.0240  0.0239
  0.0240  0.0239  0.0238  0.0241  0.0240  0.0240  0.0239  0.0241  0.0239  0.0239  0.0238  0.0238
  0.0238  0.0238  0.0238  0.0239  0.0238  0.0239  0.0238  0.0238  0.0238  0.0238  0.0237  0.0237
  0.0238  0.0238  0.0237  0.0237  0.0237  0.0237  0.0237  0.0237  0.0237  0.0237  0.0237  0.0237
  0.0238  0.0238  0.0238  0.0238  0.0238  0.0237  0.0238  0.0238  0.0238  0.0238  0.0238  0.0238
  0.0240  0.0239  0.0239  0.0241  0.0239  0.0238  0.0239  0.0241  0.0239  0.0239  0.0238  0.0238
  0.0244  0.0241  0.0241  0.0245  0.0242  0.0242  0.0242  0.0246  0.0241  0.0242  0.0240  0.0240
niter,ni,del,rscale     1    3    5.0000    0.4000
parameters
   -1.9281  -11.2111    4.7015   -6.2380  -14.9178   -8.5865
   -0.7563    0.4038   -0.0897   15.5591   -1.5998  -26.9857
eta,q 0.97630 10.52922
  0.0241  0.0240  0.0239  0.0242  0.0240  0.0241  0.0240  0.0243  0.0239  0.0240  0.0239  0.0238
  0.0239  0.0238  0.0238  0.0240  0.0239  0.0239  0.0238  0.0240  0.0238  0.0238  0.0238  0.0237
  0.0238  0.0238  0.0237  0.0238  0.0238  0.0238  0.0237  0.0238  0.0237  0.0237  0.0237  0.0237
  0.0237  0.0237  0.0237  0.0237  0.0237  0.0237  0.0237  0.0237  0.0237  0.0237  0.0237  0.0237
  0.0238  0.0237  0.0238  0.0238  0.0237  0.0237  0.0237  0.0238  0.0237  0.0237  0.0237  0.0237
  0.0239  0.0238  0.0238  0.0239  0.0238  0.0238  0.0238  0.0240  0.0238  0.0238  0.0238  0.0238
  0.0241  0.0240  0.0240  0.0242  0.0240  0.0240  0.0240  0.0243  0.0239  0.0240  0.0239  0.0239
registration optimization eta report
parameter search radius
    0.8000    0.8000    0.8000    2.4000    2.4000    2.4000
    2.4000    2.4000    2.4000    2.4000    2.4000    2.4000
100000*second partial in parameter space
       61.       42.       31.        9.        5.        6.
        5.       10.        4.        5.        3.        2.
  0.0241  0.0240  0.0239  0.0242  0.0240  0.0241  0.0240  0.0243  0.0239  0.0240  0.0239  0.0238
  0.0239  0.0238  0.0238  0.0240  0.0239  0.0239  0.0238  0.0240  0.0238  0.0238  0.0238  0.0237
  0.0238  0.0238  0.0237  0.0238  0.0238  0.0238  0.0237  0.0238  0.0237  0.0237  0.0237  0.0237
  0.0237  0.0237  0.0237  0.0237  0.0237  0.0237  0.0237  0.0237  0.0237  0.0237  0.0237  0.0237
  0.0238  0.0237  0.0238  0.0238  0.0237  0.0237  0.0237  0.0238  0.0237  0.0237  0.0237  0.0237
  0.0239  0.0238  0.0238  0.0239  0.0238  0.0238  0.0238  0.0240  0.0238  0.0238  0.0238  0.0238
  0.0241  0.0240  0.0240  0.0242  0.0240  0.0240  0.0240  0.0243  0.0239  0.0240  0.0239  0.0239
   -1.9281  -11.2111    4.7015   -6.2380  -14.9178   -8.5865
   -0.7563    0.4038   -0.0897   15.5591   -1.5998  -26.9857
eta,q 0.97630 10.52922

---------------------------------------------------------------------
imgreg_4dfp /opt/freesurfer/average/711-2C_as_mni_average_305 /opt/freesurfer/average/711-2B_as_mni_average_305_mask talsrcimg_g11 none talsrcimg_to_711-2C_as_mni_average_305_t4 2311
---------------------------------------------------------------------

freesurfer imgreg_4dfp.c
/opt/freesurfer/average/711-2C_as_mni_average_305.4dfp.img
       256       256       256         1
  1.000000  1.000000  1.000000
orientation T byte_order littleendian
Reading image: /opt/freesurfer/average/711-2C_as_mni_average_305.4dfp.img
dimensions:      256       256       256
mmppix:       1.0000   -1.0000   -1.0000
center:     128.0000 -129.0000 -129.0000
/opt/freesurfer/average/711-2B_as_mni_average_305_mask.4dfp.img
       256       256       256         1
  1.000000  1.000000  1.000000
orientation T byte_order littleendian
Reading mask: /opt/freesurfer/average/711-2B_as_mni_average_305_mask.4dfp.img (2306576 pixels)
talsrcimg_g11.4dfp.img
       256       256       256         1
  1.000000  1.000000  1.000000
orientation T byte_order littleendian
Reading image: talsrcimg_g11.4dfp.img
dimensions:      256       256       256
mmppix:       1.0000   -1.0000   -1.0000
center:     128.0000 -129.0000 -129.0000
fimgreg.f
image alignment mode   2311 decimal      907 hex
parameters
   -1.9281  -11.2111    4.7015   -6.2380  -14.9178   -8.5865
   -0.7563    0.4038   -0.0897   15.5591   -1.5998  -26.9857
eta,q 0.97630 10.52922
niter,ni,del,rscale     5    3    5.0000    0.8000
parameters
   -1.9304  -11.1915    4.6448   -6.6427  -15.1617   -9.2500
   -0.7435    0.3661   -0.0853   15.7114   -1.6132  -26.9155
eta,q 0.97621 10.48648
  0.0253  0.0248  0.0244  0.0253  0.0246  0.0247  0.0249  0.0259  0.0247  0.0249  0.0244  0.0243
  0.0244  0.0242  0.0240  0.0245  0.0242  0.0243  0.0243  0.0247  0.0242  0.0243  0.0240  0.0240
  0.0239  0.0238  0.0238  0.0239  0.0239  0.0239  0.0239  0.0240  0.0239  0.0240  0.0238  0.0238
  0.0237  0.0237  0.0237  0.0237  0.0237  0.0237  0.0238  0.0238  0.0238  0.0238  0.0238  0.0238
  0.0239  0.0238  0.0238  0.0239  0.0238  0.0238  0.0239  0.0241  0.0239  0.0239  0.0239  0.0238
  0.0244  0.0242  0.0241  0.0247  0.0242  0.0245  0.0243  0.0248  0.0242  0.0242  0.0241  0.0240
  0.0253  0.0247  0.0245  0.0262  0.0250  0.0261  0.0249  0.0259  0.0247  0.0248  0.0244  0.0243
niter,ni,del,rscale     4    3    5.0000    0.7000
parameters
   -1.9084  -11.1151    4.7210   -6.4333  -15.1938   -9.1609
   -0.7492    0.3912   -0.1162   15.7510   -1.6600  -26.8640
eta,q 0.97625 10.49312
  0.0250  0.0247  0.0244  0.0253  0.0245  0.0247  0.0246  0.0254  0.0244  0.0246  0.0242  0.0242
  0.0243  0.0242  0.0241  0.0246  0.0242  0.0243  0.0241  0.0245  0.0241  0.0242  0.0240  0.0239
  0.0239  0.0239  0.0239  0.0241  0.0239  0.0240  0.0239  0.0239  0.0238  0.0239  0.0238  0.0238
  0.0238  0.0238  0.0238  0.0238  0.0238  0.0238  0.0238  0.0238  0.0238  0.0238  0.0238  0.0238
  0.0239  0.0239  0.0238  0.0238  0.0238  0.0237  0.0238  0.0240  0.0238  0.0238  0.0238  0.0238
  0.0243  0.0241  0.0240  0.0243  0.0241  0.0240  0.0241  0.0245  0.0241  0.0241  0.0240  0.0239
  0.0249  0.0245  0.0243  0.0251  0.0246  0.0248  0.0246  0.0254  0.0245  0.0246  0.0242  0.0241
niter,ni,del,rscale     3    3    5.0000    0.6000
parameters
   -1.9129  -11.1368    4.7064   -6.3282  -15.1225   -8.9886
   -0.7422    0.4031   -0.1029   15.7191   -1.6610  -26.9209
eta,q 0.97627 10.50556
  0.0246  0.0243  0.0242  0.0249  0.0244  0.0245  0.0244  0.0250  0.0243  0.0244  0.0241  0.0240
  0.0241  0.0240  0.0239  0.0243  0.0241  0.0242  0.0240  0.0243  0.0240  0.0240  0.0239  0.0239
  0.0238  0.0238  0.0238  0.0240  0.0239  0.0239  0.0238  0.0239  0.0238  0.0238  0.0238  0.0238
  0.0238  0.0238  0.0238  0.0238  0.0238  0.0237  0.0237  0.0237  0.0237  0.0237  0.0237  0.0237
  0.0239  0.0238  0.0238  0.0238  0.0238  0.0237  0.0238  0.0239  0.0238  0.0238  0.0238  0.0238
  0.0241  0.0240  0.0239  0.0242  0.0240  0.0239  0.0240  0.0243  0.0240  0.0240  0.0239  0.0239
  0.0246  0.0244  0.0242  0.0248  0.0244  0.0245  0.0244  0.0250  0.0243  0.0244  0.0241  0.0240
niter,ni,del,rscale     2    3    5.0000    0.5000
parameters
   -1.9199  -11.1565    4.6738   -6.2715  -15.0161   -8.7981
   -0.7518    0.4094   -0.0913   15.6872   -1.6551  -27.0469
eta,q 0.97630 10.51921
  0.0243  0.0241  0.0240  0.0245  0.0242  0.0243  0.0241  0.0246  0.0241  0.0242  0.0240  0.0239
  0.0240  0.0239  0.0239  0.0241  0.0240  0.0240  0.0239  0.0241  0.0239  0.0239  0.0238  0.0238
  0.0238  0.0238  0.0238  0.0239  0.0238  0.0239  0.0238  0.0238  0.0237  0.0238  0.0237  0.0237
  0.0237  0.0237  0.0237  0.0237  0.0237  0.0237  0.0237  0.0237  0.0237  0.0237  0.0237  0.0237
  0.0238  0.0238  0.0238  0.0238  0.0238  0.0237  0.0238  0.0238  0.0237  0.0237  0.0237  0.0237
  0.0240  0.0239  0.0239  0.0240  0.0239  0.0238  0.0239  0.0241  0.0239  0.0239  0.0238  0.0238
  0.0243  0.0242  0.0240  0.0245  0.0242  0.0242  0.0242  0.0246  0.0241  0.0242  0.0240  0.0239
niter,ni,del,rscale     1    3    5.0000    0.4000
parameters
   -1.9256  -11.1677    4.6316   -6.2464  -14.9198   -8.5904
   -0.7656    0.4140   -0.0799   15.6646   -1.6162  -27.1628
eta,q 0.97631 10.53188
  0.0241  0.0240  0.0239  0.0242  0.0240  0.0241  0.0240  0.0243  0.0239  0.0240  0.0239  0.0238
  0.0239  0.0238  0.0238  0.0240  0.0239  0.0239  0.0238  0.0240  0.0238  0.0238  0.0238  0.0237
  0.0237  0.0237  0.0237  0.0238  0.0238  0.0238  0.0237  0.0238  0.0237  0.0237  0.0237  0.0237
  0.0237  0.0237  0.0237  0.0237  0.0237  0.0237  0.0237  0.0237  0.0237  0.0237  0.0237  0.0237
  0.0238  0.0237  0.0237  0.0238  0.0237  0.0237  0.0237  0.0238  0.0237  0.0237  0.0237  0.0237
  0.0239  0.0238  0.0238  0.0239  0.0238  0.0238  0.0238  0.0240  0.0238  0.0238  0.0238  0.0238
  0.0241  0.0240  0.0239  0.0242  0.0240  0.0240  0.0240  0.0243  0.0239  0.0240  0.0239  0.0238
registration optimization eta report
parameter search radius
    0.8000    0.8000    0.8000    2.4000    2.4000    2.4000
    2.4000    2.4000    2.4000    2.4000    2.4000    2.4000
100000*second partial in parameter space
       62.       43.       31.        9.        5.        6.
        5.       11.        4.        5.        3.        2.
  0.0241  0.0240  0.0239  0.0242  0.0240  0.0241  0.0240  0.0243  0.0239  0.0240  0.0239  0.0238
  0.0239  0.0238  0.0238  0.0240  0.0239  0.0239  0.0238  0.0240  0.0238  0.0238  0.0238  0.0237
  0.0237  0.0237  0.0237  0.0238  0.0238  0.0238  0.0237  0.0238  0.0237  0.0237  0.0237  0.0237
  0.0237  0.0237  0.0237  0.0237  0.0237  0.0237  0.0237  0.0237  0.0237  0.0237  0.0237  0.0237
  0.0238  0.0237  0.0237  0.0238  0.0237  0.0237  0.0237  0.0238  0.0237  0.0237  0.0237  0.0237
  0.0239  0.0238  0.0238  0.0239  0.0238  0.0238  0.0238  0.0240  0.0238  0.0238  0.0238  0.0238
  0.0241  0.0240  0.0239  0.0242  0.0240  0.0240  0.0240  0.0243  0.0239  0.0240  0.0239  0.0238
   -1.9256  -11.1677    4.6316   -6.2464  -14.9198   -8.5904
   -0.7656    0.4140   -0.0799   15.6646   -1.6162  -27.1628
eta,q 0.97631 10.53188

---------------------------------------------------------------------
compute_vox2vox talsrcimg talsrcimg_to_711-2C_as_mni_average_305_t4 /opt/freesurfer/average/711-2C_as_mni_average_305
---------------------------------------------------------------------

freesurfer compute_vox2vox.c
Reading: talsrcimg.4dfp.ifh
Reading: talsrcimg_to_711-2C_as_mni_average_305_t4
Reading: /opt/freesurfer/average/711-2C_as_mni_average_305.4dfp.ifh
Writing: talsrcimg_to_711-2C_as_mni_average_305_t4_vox2vox.txt

start time Sat Mar 14 01:56:20 CET 2026
end		time Sat Mar 14 01:57:46 CET 2026

mpr2mni305 success

avi2talxfm orig_nu.mgz /opt/freesurfer/average/mni305.cor.mgz talsrcimg_to_711-2C_as_mni_average_305_t4_vox2vox.txt transforms/talairach.auto.xfm
avi2talxfm done
mv -f /out/sourcedata/freesurfer/sub-v2s8x29225_ses-1/mri/talsrcimg_to_711-2C_as_mni_average_305_t4_vox2vox.txt /out/sourcedata/freesurfer/sub-v2s8x29225_ses-1/mri/transforms/talsrcimg_to_711-2C_as_mni_average_305_t4_vox2vox.txt
lta_convert --src orig_nu.mgz --trg /opt/freesurfer/average/mni305.cor.mgz --inxfm transforms/talairach.auto.xfm --outlta transforms/talairach.auto.xfm.lta --subject fsaverage
7.3.2

--src: orig_nu.mgz src image (geometry).
--trg: /opt/freesurfer/average/mni305.cor.mgz trg image (geometry).
--inmni: transforms/talairach.auto.xfm input MNI/XFM transform.
--outlta: transforms/talairach.auto.xfm.lta output LTA.
--s: fsaverage subject name
 LTA read, type : 1
 1.06653  -0.00614   0.00764   1.45036;
 0.01816   1.03712   0.33128  -2.41231;
-0.00234  -0.19096   1.11438   12.21216;
 0.00000   0.00000   0.00000   1.00000;
setting subject to fsaverage
Writing  LTA to file transforms/talairach.auto.xfm.lta...
lta_convert successful.
 
 
Started at Sat Mar 14 01:56:19 CET 2026
Ended   at Sat Mar 14 01:57:46 CET 2026
talairach_avi done
