/out/sourcedata/freesurfer/sub-v2s8x29205_ses-1/mri
/opt/freesurfer/bin/talairach_avi
--i orig_nu.mgz --xfm transforms/talairach.auto.xfm
talairach_avi 7.3.2
Linux dna017 5.14.0-427.37.1.el9_4.x86_64 #1 SMP PREEMPT_DYNAMIC Fri Sep 13 12:41:50 EDT 2024 x86_64 x86_64 x86_64 GNU/Linux
Sat Mar 14 01:04:03 CET 2026
mri_convert orig_nu.mgz talsrcimg.img 
reading from orig_nu.mgz...
TR=0.00, TE=0.00, TI=0.00, flip angle=0.00
i_ras = (-1, 0, 0)
j_ras = (0, 0, -1)
k_ras = (0, 1, 0)
writing to talsrcimg.img...
Analyze Output Matrix
-1.00000   0.00000   0.00000   129.66513;
 0.00000   0.00000   1.00000  -128.00000;
 0.00000  -1.00000   0.00000   130.00000;
 0.00000   0.00000   0.00000   1.00000;
--------------------
INFO: set hdr.hist.orient to -1
mpr2mni305 talsrcimg
Sat Mar 14 01:04:04 CET 2026
/opt/freesurfer/bin/mpr2mni305 talsrcimg
mpr2mni305 7.3.2
target=711-2C_as_mni_average_305

---------------------------------------------------------------------
analyzeto4dfp talsrcimg -O0 -y
---------------------------------------------------------------------

freesurfer ifh2hdr.c
Sat Mar 14 01:04:04 2026
Writing: talsrcimg.4dfp.hdr
freesurfer analyzeto4dfp.c
Reading: talsrcimg.hdr
header size 348 bytes
hdr.dime.datatype	offset=70	value=2
hdr.dime.bitpix		offset=72	value=8
hdr.hist.orient		offset=252	value=-1
dimensionality     4
dimensions       256       256       256         1
Reading: talsrcimg.img
Writing: talsrcimg.4dfp.img
Writing: talsrcimg.4dfp.ifh
ifh2hdr talsrcimg -r0to223
ori=2

---------------------------------------------------------------------
gauss_4dfp talsrcimg 1.1
---------------------------------------------------------------------

freesurfer gauss_4dfp.c
Reading: talsrcimg.4dfp.img
Writing: talsrcimg_g11.4dfp.img
image dimensions 256 256 256 padded to 288 288 288
processing volume 1freesurfer ifh2hdr.c
Sat Mar 14 01:04:06 2026
Writing: talsrcimg_g11.4dfp.hdr

Writing: talsrcimg_g11.4dfp.ifh
including: talsrcimg.4dfp.img.rec in talsrcimg_g11.4dfp.img.rec

---------------------------------------------------------------------
imgreg_4dfp /opt/freesurfer/average/711-2C_as_mni_average_305 none talsrcimg_g11 none talsrcimg_to_711-2C_as_mni_average_305_t4 4355
---------------------------------------------------------------------

freesurfer imgreg_4dfp.c
/opt/freesurfer/average/711-2C_as_mni_average_305.4dfp.img
       256       256       256         1
  1.000000  1.000000  1.000000
orientation T byte_order littleendian
Reading image: /opt/freesurfer/average/711-2C_as_mni_average_305.4dfp.img
dimensions:      256       256       256
mmppix:       1.0000   -1.0000   -1.0000
center:     128.0000 -129.0000 -129.0000
talsrcimg_g11.4dfp.img
       256       256       256         1
  1.000000  1.000000  1.000000
orientation T byte_order littleendian
Reading image: talsrcimg_g11.4dfp.img
dimensions:      256       256       256
mmppix:       1.0000   -1.0000   -1.0000
center:     128.0000 -129.0000 -129.0000
t4_read: open error in t4_sub.f l:  41 t4_file(1:l)talsrcimg_to_711-2C_as_mni_average_305_t4 
t4_read: transform initialized to I4
rotation matrix determinant  1.000000
image alignment mode   4355 decimal     1103 hex
   -7.5000  -45.0000  -45.000010075.2930   16.5678
    0.0000  -45.0000  -45.000010386.7998   16.5539
    7.5000  -45.0000  -45.0000 9802.8164   16.5710
   -7.5000  -37.5000  -45.000010398.7939   16.5729
    0.0000  -37.5000  -45.000010733.2129   16.5672
    7.5000  -37.5000  -45.000010136.0605   16.5849
   -7.5000  -30.0000  -45.000011108.5928   16.5940
    0.0000  -30.0000  -45.000011436.5137   16.5908
    7.5000  -30.0000  -45.000010804.7217   16.6030
   -7.5000  -22.5000  -45.000011754.4648   16.6119
    0.0000  -22.5000  -45.000012081.5830   16.6024
    7.5000  -22.5000  -45.000011382.5635   16.6085
   -7.5000  -15.0000  -45.000012306.0234   16.6086
    0.0000  -15.0000  -45.000012633.0781   16.5905
    7.5000  -15.0000  -45.000011931.4756   16.5960
   -7.5000   -7.5000  -45.000012742.7998   16.5859
    0.0000   -7.5000  -45.000013079.3438   16.5659
    7.5000   -7.5000  -45.000012395.0488   16.5768
   -7.5000    0.0000  -45.000013014.3359   16.5678
    0.0000    0.0000  -45.000013403.1094   16.5539
    7.5000    0.0000  -45.000012685.8447   16.5710
   -7.5000    7.5000  -45.000012252.2656   16.5729
    0.0000    7.5000  -45.000012610.3926   16.5672
    7.5000    7.5000  -45.000011929.3203   16.5849
   -7.5000   15.0000  -45.000011378.3008   16.6024
    0.0000   15.0000  -45.000011717.3799   16.5993
    7.5000   15.0000  -45.000011054.1738   16.6117
   -7.5000   22.5000  -45.000010459.3301   16.6388
    0.0000   22.5000  -45.000010769.2021   16.6296
    7.5000   22.5000  -45.000010153.6045   16.6359
   -7.5000   30.0000  -45.0000 9515.5127   16.4614
    0.0000   30.0000  -45.0000 9839.0303   16.4440
    7.5000   30.0000  -45.0000 9244.5010   16.4501
   -7.5000   37.5000  -45.0000 8857.9736   16.5252
    0.0000   37.5000  -45.0000 9200.8799   16.5057
    7.5000   37.5000  -45.0000 8641.9170   16.5173
   -7.5000   45.0000  -45.0000 7828.8491   16.2444
    0.0000   45.0000  -45.0000 8111.9150   16.2309
    7.5000   45.0000  -45.0000 7661.8057   16.2493
   -7.5000  -45.0000  -37.500010574.1553   16.5630
    0.0000  -45.0000  -37.500010918.1094   16.5433
    7.5000  -45.0000  -37.500010263.7607   16.5541
   -7.5000  -37.5000  -37.500010913.0283   16.5714
    0.0000  -37.5000  -37.500011230.2461   16.5587
    7.5000  -37.5000  -37.500010592.9023   16.5706
   -7.5000  -30.0000  -37.500011652.4336   16.5908
    0.0000  -30.0000  -37.500011968.2012   16.5798
    7.5000  -30.0000  -37.500011273.7578   16.5882
   -7.5000  -22.5000  -37.500012301.4727   16.6035
    0.0000  -22.5000  -37.500012638.2715   16.5866
    7.5000  -22.5000  -37.500011871.2334   16.5906
   -7.5000  -15.0000  -37.500012868.1299   16.5971
    0.0000  -15.0000  -37.500013236.4053   16.5727
    7.5000  -15.0000  -37.500012432.9004   16.5766
   -7.5000   -7.5000  -37.500013293.5127   16.5763
    0.0000   -7.5000  -37.500013692.8076   16.5509
    7.5000   -7.5000  -37.500012911.6758   16.5580
   -7.5000    0.0000  -37.500013570.5635   16.5630
    0.0000    0.0000  -37.500013990.7725   16.5433
    7.5000    0.0000  -37.500013209.7344   16.5541
   -7.5000    7.5000  -37.500012746.8379   16.5714
    0.0000    7.5000  -37.500013142.3584   16.5587
    7.5000    7.5000  -37.500012397.1084   16.5706
   -7.5000   15.0000  -37.500011827.4951   16.5992
    0.0000   15.0000  -37.500012195.1465   16.5882
    7.5000   15.0000  -37.500011482.5791   16.5968
   -7.5000   22.5000  -37.500010853.9805   16.6302
    0.0000   22.5000  -37.500011197.4043   16.6135
    7.5000   22.5000  -37.500010537.6250   16.6179
   -7.5000   30.0000  -37.5000 9832.5537   16.4498
    0.0000   30.0000  -37.500010194.0186   16.4261
    7.5000   30.0000  -37.5000 9570.4189   16.4307
   -7.5000   37.5000  -37.5000 9161.2490   16.5156
    0.0000   37.5000  -37.5000 9522.1289   16.4905
    7.5000   37.5000  -37.5000 8922.0078   16.4983
   -7.5000   45.0000  -37.5000 8087.6318   16.2389
    0.0000   45.0000  -37.5000 8397.2568   16.2195
    7.5000   45.0000  -37.5000 7895.2056   16.2312
   -7.5000  -45.0000  -30.000011297.3193   17.2276
    0.0000  -45.0000  -30.000011659.5684   17.2026
    7.5000  -45.0000  -30.000010934.0820   17.2097
   -7.5000  -37.5000  -30.000011644.0928   17.2435
    0.0000  -37.5000  -30.000011969.5898   17.2249
    7.5000  -37.5000  -30.000011252.0146   17.2312
   -7.5000  -30.0000  -30.000012395.6035   17.2649
    0.0000  -30.0000  -30.000012737.6006   17.2496
    7.5000  -30.0000  -30.000011926.9326   17.2543
   -7.5000  -22.5000  -30.000013059.1797   17.2714
    0.0000  -22.5000  -30.000013429.9414   17.2523
    7.5000  -22.5000  -30.000012538.5830   17.2570
   -7.5000  -15.0000  -30.000013627.1738   17.2582
    0.0000  -15.0000  -30.000014041.5547   17.2327
    7.5000  -15.0000  -30.000013120.7363   17.2397
   -7.5000   -7.5000  -30.000014082.2129   17.2363
    0.0000   -7.5000  -30.000014542.4316   17.2082
    7.5000   -7.5000  -30.000013626.3271   17.2158
   -7.5000    0.0000  -30.000014394.3525   17.2276
    0.0000    0.0000  -30.000014862.4131   17.2026
    7.5000    0.0000  -30.000013973.4170   17.2097
   -7.5000    7.5000  -30.000013530.8936   17.2435
    0.0000    7.5000  -30.000013943.0078   17.2249
    7.5000    7.5000  -30.000013133.7354   17.2312
   -7.5000   15.0000  -30.000012531.9707   17.2736
    0.0000   15.0000  -30.000012911.5527   17.2584
    7.5000   15.0000  -30.000012137.7422   17.2632
   -7.5000   22.5000  -30.000011475.8916   17.2973
    0.0000   22.5000  -30.000011839.9805   17.2785
    7.5000   22.5000  -30.000011115.3545   17.2835
   -7.5000   30.0000  -30.000010380.5605   17.1068
    0.0000   30.0000  -30.000010727.2783   17.0821
    7.5000   30.0000  -30.000010041.3672   17.0897
   -7.5000   37.5000  -30.0000 9654.4023   17.1744
    0.0000   37.5000  -30.000010017.3057   17.1467
    7.5000   37.5000  -30.0000 9355.0977   17.1550
   -7.5000   45.0000  -30.0000 8495.5840   16.9013
    0.0000   45.0000  -30.0000 8812.9609   16.8763
    7.5000   45.0000  -30.0000 8248.7070   16.8842
   -7.5000  -45.0000  -22.500012041.9531   17.8140
    0.0000  -45.0000  -22.500012417.2344   17.7882
    7.5000  -45.0000  -22.500011574.9160   17.7977
   -7.5000  -37.5000  -22.500012435.8604   17.8359
    0.0000  -37.5000  -22.500012804.9600   17.8172
    7.5000  -37.5000  -22.500011906.2119   17.8235
   -7.5000  -30.0000  -22.500013184.1514   17.8619
    0.0000  -30.0000  -22.500013571.2207   17.8489
    7.5000  -30.0000  -22.500012587.7393   17.8529
   -7.5000  -22.5000  -22.500013813.0537   17.8656
    0.0000  -22.5000  -22.500014248.7285   17.8511
    7.5000  -22.5000  -22.500013220.7812   17.8571
   -7.5000  -15.0000  -22.500014388.6455   17.8468
    0.0000  -15.0000  -22.500014846.6631   17.8259
    7.5000  -15.0000  -22.500013840.6338   17.8364
   -7.5000   -7.5000  -22.500014866.7324   17.8215
    0.0000   -7.5000  -22.500015342.9512   17.7953
    7.5000   -7.5000  -22.500014352.9941   17.8069
   -7.5000    0.0000  -22.500015206.1816   17.8140
    0.0000    0.0000  -22.500015697.4678   17.7882
    7.5000    0.0000  -22.500014711.9551   17.7977
   -7.5000    7.5000  -22.500014327.0400   17.8359
    0.0000    7.5000  -22.500014764.7217   17.8172
    7.5000    7.5000  -22.500013833.3955   17.8235
   -7.5000   15.0000  -22.500013322.9541   17.8710
    0.0000   15.0000  -22.500013710.7861   17.8582
    7.5000   15.0000  -22.500012799.4014   17.8622
   -7.5000   22.5000  -22.500012189.0254   17.8912
    0.0000   22.5000  -22.500012528.2236   17.8770
    7.5000   22.5000  -22.500011708.6279   17.8834
   -7.5000   30.0000  -22.500011014.8105   17.6934
    0.0000   30.0000  -22.500011336.9277   17.6732
    7.5000   30.0000  -22.500010564.2256   17.6844
   -7.5000   37.5000  -22.500010197.6982   17.7599
    0.0000   37.5000  -22.500010537.8633   17.7343
    7.5000   37.5000  -22.5000 9829.2842   17.7467
   -7.5000   45.0000  -22.5000 8957.9287   17.4892
    0.0000   45.0000  -22.5000 9282.1377   17.4633
    7.5000   45.0000  -22.5000 8646.9248   17.4740
   -7.5000  -45.0000  -15.000012699.8105   18.2576
    0.0000  -45.0000  -15.000013066.3252   18.2366
    7.5000  -45.0000  -15.000012119.8486   18.2526
   -7.5000  -37.5000  -15.000013251.0215   18.2783
    0.0000  -37.5000  -15.000013617.8428   18.2663
    7.5000  -37.5000  -15.000012519.5537   18.2786
   -7.5000  -30.0000  -15.000014074.1201   18.3086
    0.0000  -30.0000  -15.000014454.3535   18.3037
    7.5000  -30.0000  -15.000013245.5518   18.3110
   -7.5000  -22.5000  -15.000014686.0664   18.3179
    0.0000  -22.5000  -15.000015110.2041   18.3106
    7.5000  -22.5000  -15.000013926.1182   18.3179
   -7.5000  -15.0000  -15.000015236.4766   18.3005
    0.0000  -15.0000  -15.000015679.4238   18.2850
    7.5000  -15.0000  -15.000014563.0986   18.2966
   -7.5000   -7.5000  -15.000015761.6123   18.2708
    0.0000   -7.5000  -15.000016194.2451   18.2488
    7.5000   -7.5000  -15.000015095.9922   18.2642
   -7.5000    0.0000  -15.000016150.8408   18.2576
    0.0000    0.0000  -15.000016594.3535   18.2366
    7.5000    0.0000  -15.000015464.9580   18.2526
   -7.5000    7.5000  -15.000015251.2891   18.2783
    0.0000    7.5000  -15.000015624.3467   18.2663
    7.5000    7.5000  -15.000014545.3311   18.2786
   -7.5000   15.0000  -15.000014190.3848   18.3181
    0.0000   15.0000  -15.000014535.7715   18.3133
    7.5000   15.0000  -15.000013463.0195   18.3208
   -7.5000   22.5000  -15.000012982.8906   18.3435
    0.0000   22.5000  -15.000013318.6885   18.3367
    7.5000   22.5000  -15.000012326.8477   18.3443
   -7.5000   30.0000  -15.000011710.9814   18.1459
    0.0000   30.0000  -15.000012059.3262   18.1312
    7.5000   30.0000  -15.000011149.1377   18.1434
   -7.5000   37.5000  -15.000010793.1006   18.2103
    0.0000   37.5000  -15.000011144.0127   18.1892
    7.5000   37.5000  -15.000010341.5000   18.2054
   -7.5000   45.0000  -15.0000 9442.9131   17.9367
    0.0000   45.0000  -15.0000 9748.5713   17.9157
    7.5000   45.0000  -15.0000 9080.2734   17.9335
   -7.5000  -45.0000   -7.500013189.9277   18.4942
    0.0000  -45.0000   -7.500013553.5430   18.4793
    7.5000  -45.0000   -7.500012617.2891   18.5001
   -7.5000  -37.5000   -7.500013913.1719   18.5060
    0.0000  -37.5000   -7.500014232.2617   18.5011
    7.5000  -37.5000   -7.500013063.2363   18.5203
   -7.5000  -30.0000   -7.500015042.2910   18.5348
    0.0000  -30.0000   -7.500015357.9424   18.5355
    7.5000  -30.0000   -7.500013933.2188   18.5481
   -7.5000  -22.5000   -7.500015856.1689   18.5530
    0.0000  -22.5000   -7.500016193.6748   18.5487
    7.5000  -22.5000   -7.500014725.6699   18.5569
   -7.5000  -15.0000   -7.500016426.8047   18.5441
    0.0000  -15.0000   -7.500016730.5566   18.5298
    7.5000  -15.0000   -7.500015360.8350   18.5396
   -7.5000   -7.5000   -7.500016924.3184   18.5144
    0.0000   -7.5000   -7.500017177.9199   18.4952
    7.5000   -7.5000   -7.500015848.0762   18.5112
   -7.5000    0.0000   -7.500017237.2500   18.4942
    0.0000    0.0000   -7.500017515.5117   18.4793
    7.5000    0.0000   -7.500016214.6143   18.5001
   -7.5000    7.5000   -7.500016147.9902   18.5060
    0.0000    7.5000   -7.500016486.3340   18.5011
    7.5000    7.5000   -7.500015280.0518   18.5203
   -7.5000   15.0000   -7.500014930.2754   18.5443
    0.0000   15.0000   -7.500015320.8379   18.5452
    7.5000   15.0000   -7.500014206.2246   18.5580
   -7.5000   22.5000   -7.500013641.0518   18.5770
    0.0000   22.5000   -7.500014021.8975   18.5731
    7.5000   22.5000   -7.500012997.8545   18.5817
   -7.5000   30.0000   -7.500012302.8711   18.3868
    0.0000   30.0000   -7.500012671.6582   18.3733
    7.5000   30.0000   -7.500011760.1680   18.3838
   -7.5000   37.5000   -7.500011310.3779   18.4531
    0.0000   37.5000   -7.500011670.0049   18.4346
    7.5000   37.5000   -7.500010854.1309   18.4514
   -7.5000   45.0000   -7.5000 9886.2803   18.1741
    0.0000   45.0000   -7.500010187.4434   18.1594
    7.5000   45.0000   -7.5000 9508.7500   18.1823
   -7.5000  -45.0000    0.000013593.6387   18.5398
    0.0000  -45.0000    0.000013814.2451   18.5243
    7.5000  -45.0000    0.000012885.4736   18.5434
   -7.5000  -37.5000    0.000014263.8223   18.5455
    0.0000  -37.5000    0.000014509.9932   18.5392
    7.5000  -37.5000    0.000013376.6504   18.5590
   -7.5000  -30.0000    0.000015519.5801   18.5691
    0.0000  -30.0000    0.000015813.4785   18.5655
    7.5000  -30.0000    0.000014350.6582   18.5792
   -7.5000  -22.5000    0.000016536.1660   18.5892
    0.0000  -22.5000    0.000016850.6074   18.5786
    7.5000  -22.5000    0.000015292.6084   18.5853
   -7.5000  -15.0000    0.000017143.8320   18.5855
    0.0000  -15.0000    0.000017400.7520   18.5652
    7.5000  -15.0000    0.000015992.6328   18.5713
   -7.5000   -7.5000    0.000017504.1484   18.5601
    0.0000   -7.5000    0.000017732.3594   18.5377
    7.5000   -7.5000    0.000016436.3105   18.5499
   -7.5000    0.0000    0.000017703.1641   18.5398
    0.0000    0.0000    0.000017996.6094   18.5243
    7.5000    0.0000    0.000016774.4141   18.5434
   -7.5000    7.5000    0.000016558.6426   18.5455
    0.0000    7.5000    0.000016959.3281   18.5392
    7.5000    7.5000    0.000015823.1484   18.5590
   -7.5000   15.0000    0.000015304.8926   18.5785
    0.0000   15.0000    0.000015753.2412   18.5751
    7.5000   15.0000    0.000014708.8516   18.5889
   -7.5000   22.5000    0.000014021.6543   18.6132
    0.0000   22.5000    0.000014464.0557   18.6029
    7.5000   22.5000    0.000013502.0352   18.6100
   -7.5000   30.0000    0.000012690.1670   18.4279
    0.0000   30.0000    0.000013090.6211   18.4085
    7.5000   30.0000    0.000012213.1221   18.4153
   -7.5000   37.5000    0.000011699.0273   18.4994
    0.0000   37.5000    0.000012056.5566   18.4775
    7.5000   37.5000    0.000011231.8271   18.4905
   -7.5000   45.0000    0.000010222.8516   18.2207
    0.0000   45.0000    0.000010515.6455   18.2056
    7.5000   45.0000    0.0000 9820.3594   18.2263
   -7.5000  -45.0000    7.500012789.0000   18.5345
    0.0000  -45.0000    7.500013088.1826   18.5124
    7.5000  -45.0000    7.500012268.6553   18.5245
   -7.5000  -37.5000    7.500013357.4131   18.5438
    0.0000  -37.5000    7.500013708.4062   18.5296
    7.5000  -37.5000    7.500012775.6328   18.5430
   -7.5000  -30.0000    7.500014459.3828   18.5656
    0.0000  -30.0000    7.500014871.9717   18.5532
    7.5000  -30.0000    7.500013761.7871   18.5626
   -7.5000  -22.5000    7.500015339.2695   18.5798
    0.0000  -22.5000    7.500015732.8848   18.5608
    7.5000  -22.5000    7.500014674.1768   18.5654
   -7.5000  -15.0000    7.500015897.2158   18.5726
    0.0000  -15.0000    7.500016228.0479   18.5452
    7.5000  -15.0000    7.500015276.0605   18.5497
   -7.5000   -7.5000    7.500016334.0029   18.5493
    0.0000   -7.5000    7.500016664.5391   18.5209
    7.5000   -7.5000    7.500015712.7021   18.5288
   -7.5000    0.0000    7.500016661.0215   18.5345
    0.0000    0.0000    7.500017053.7910   18.5124
    7.5000    0.0000    7.500016034.7764   18.5245
   -7.5000    7.5000    7.500015728.1768   18.5438
    0.0000    7.5000    7.500016122.3604   18.5296
    7.5000    7.5000    7.500015095.2188   18.5430
   -7.5000   15.0000    7.500014607.9932   18.5750
    0.0000   15.0000    7.500014991.9277   18.5627
    7.5000   15.0000    7.500014016.8672   18.5722
   -7.5000   22.5000    7.500013369.0225   18.6036
    0.0000   22.5000    7.500013741.2236   18.5849
    7.5000   22.5000    7.500012852.3564   18.5898
   -7.5000   30.0000    7.500012094.9229   18.4150
    0.0000   30.0000    7.500012446.1680   18.3885
    7.5000   30.0000    7.500011631.4072   18.3936
   -7.5000   37.5000    7.500011128.9307   18.4887
    0.0000   37.5000    7.500011442.2080   18.4605
    7.5000   37.5000    7.500010708.4678   18.4692
   -7.5000   45.0000    7.5000 9694.8027   18.2146
    0.0000   45.0000    7.5000 9965.7285   18.1928
    7.5000   45.0000    7.5000 9341.0996   18.2060
   -7.5000  -45.0000   15.000011888.3125   18.5761
    0.0000  -45.0000   15.000012255.2373   18.5489
    7.5000  -45.0000   15.000011518.6514   18.5568
   -7.5000  -37.5000   15.000012412.9434   18.5934
    0.0000  -37.5000   15.000012806.0830   18.5730
    7.5000  -37.5000   15.000012030.3203   18.5802
   -7.5000  -30.0000   15.000013406.2354   18.6165
    0.0000  -30.0000   15.000013819.4365   18.5998
    7.5000  -30.0000   15.000012987.6748   18.6051
   -7.5000  -22.5000   15.000014194.9336   18.6234
    0.0000  -22.5000   15.000014541.8564   18.6026
    7.5000  -22.5000   15.000013757.5488   18.6080
   -7.5000  -15.0000   15.000014742.0801   18.6090
    0.0000  -15.0000   15.000015053.8662   18.5813
    7.5000  -15.0000   15.000014285.1416   18.5890
   -7.5000   -7.5000   15.000015199.0059   18.5854
    0.0000   -7.5000   15.000015571.8154   18.5548
    7.5000   -7.5000   15.000014726.2646   18.5632
   -7.5000    0.0000   15.000015567.6133   18.5761
    0.0000    0.0000   15.000015952.4072   18.5489
    7.5000    0.0000   15.000015052.7012   18.5568
   -7.5000    7.5000   15.000014737.1406   18.5934
    0.0000    7.5000   15.000015108.8076   18.5730
    7.5000    7.5000   15.000014158.6221   18.5802
   -7.5000   15.0000   15.000013736.6865   18.6259
    0.0000   15.0000   15.000014098.1523   18.6094
    7.5000   15.0000   15.000013145.7354   18.6148
   -7.5000   22.5000   15.000012538.3311   18.6474
    0.0000   22.5000   15.000012885.3516   18.6268
    7.5000   22.5000   15.000012049.8584   18.6326
   -7.5000   30.0000   15.000011302.2822   18.4516
    0.0000   30.0000   15.000011634.0566   18.4247
    7.5000   30.0000   15.000010891.7070   18.4331
   -7.5000   37.5000   15.000010360.8135   18.5248
    0.0000   37.5000   15.000010642.5010   18.4946
    7.5000   37.5000   15.000010019.2734   18.5039
   -7.5000   45.0000   15.0000 8998.7910   18.2552
    0.0000   45.0000   15.0000 9271.4707   18.2279
    7.5000   45.0000   15.0000 8748.9844   18.2366
   -7.5000  -45.0000   22.500011172.3877   18.9928
    0.0000  -45.0000   22.500011538.9902   18.9647
    7.5000  -45.0000   22.500010875.4590   18.9762
   -7.5000  -37.5000   22.500011662.3516   19.0167
    0.0000  -37.5000   22.500012072.5742   18.9965
    7.5000  -37.5000   22.500011374.0391   19.0045
   -7.5000  -30.0000   22.500012583.2012   19.0458
    0.0000  -30.0000   22.500012989.2520   19.0318
    7.5000  -30.0000   22.500012264.4580   19.0374
   -7.5000  -22.5000   22.500013294.6934   19.0503
    0.0000  -22.5000   22.500013643.8779   19.0347
    7.5000  -22.5000   22.500012926.4707   19.0427
   -7.5000  -15.0000   22.500013855.1973   19.0299
    0.0000  -15.0000   22.500014175.7344   19.0072
    7.5000  -15.0000   22.500013457.2480   19.0203
   -7.5000   -7.5000   22.500014321.1250   19.0018
    0.0000   -7.5000   22.500014707.9941   18.9732
    7.5000   -7.5000   22.500013930.4248   18.9871
   -7.5000    0.0000   22.500014669.0625   18.9928
    0.0000    0.0000   22.500015043.2637   18.9647
    7.5000    0.0000   22.500014207.8594   18.9762
   -7.5000    7.5000   22.500013862.7754   19.0167
    0.0000    7.5000   22.500014187.1895   18.9965
    7.5000    7.5000   22.500013344.4746   19.0045
   -7.5000   15.0000   22.500012883.2949   19.0557
    0.0000   15.0000   22.500013222.3057   19.0419
    7.5000   15.0000   22.500012344.7588   19.0476
   -7.5000   22.5000   22.500011765.3525   19.0757
    0.0000   22.5000   22.500012085.2998   19.0604
    7.5000   22.5000   22.500011283.5723   19.0689
   -7.5000   30.0000   22.500010583.7949   18.8712
    0.0000   30.0000   22.500010863.7305   18.8494
    7.5000   30.0000   22.500010197.7910   18.8631
   -7.5000   37.5000   22.5000 9652.4971   18.9421
    0.0000   37.5000   22.5000 9914.9844   18.9143
    7.5000   37.5000   22.5000 9374.5889   18.9291
   -7.5000   45.0000   22.5000 8388.1494   18.6639
    0.0000   45.0000   22.5000 8630.2871   18.6358
    7.5000   45.0000   22.5000 8201.5010   18.6486
   -7.5000  -45.0000   30.000010331.2500   19.4367
    0.0000  -45.0000   30.000010692.0713   19.4144
    7.5000  -45.0000   30.000010143.9033   19.4343
   -7.5000  -37.5000   30.000010777.1377   19.4605
    0.0000  -37.5000   30.000011190.2549   19.4483
    7.5000  -37.5000   30.000010609.0410   19.4639
   -7.5000  -30.0000   30.000011617.3262   19.4961
    0.0000  -30.0000   30.000012023.4736   19.4920
    7.5000  -30.0000   30.000011408.4141   19.5022
   -7.5000  -22.5000   30.000012287.6699   19.5077
    0.0000  -22.5000   30.000012670.7051   19.5008
    7.5000  -22.5000   30.000012015.5273   19.5114
   -7.5000  -15.0000   30.000012835.5801   19.4880
    0.0000  -15.0000   30.000013195.9131   19.4717
    7.5000  -15.0000   30.000012530.2939   19.4875
   -7.5000   -7.5000   30.000013306.7393   19.4531
    0.0000   -7.5000   30.000013694.4033   19.4294
    7.5000   -7.5000   30.000013010.6445   19.4491
   -7.5000    0.0000   30.000013602.7695   19.4367
    0.0000    0.0000   30.000013988.9238   19.4144
    7.5000    0.0000   30.000013243.3330   19.4343
   -7.5000    7.5000   30.000012828.8613   19.4605
    0.0000    7.5000   30.000013172.7158   19.4483
    7.5000    7.5000   30.000012413.1348   19.4639
   -7.5000   15.0000   30.000011888.2715   19.5067
    0.0000   15.0000   30.000012226.8145   19.5026
    7.5000   15.0000   30.000011472.6211   19.5130
   -7.5000   22.5000   30.000010846.8174   19.5337
    0.0000   22.5000   30.000011150.1309   19.5272
    7.5000   22.5000   30.000010488.1279   19.5383
   -7.5000   30.0000   30.0000 9765.9297   19.3236
    0.0000   30.0000   30.000010032.6260   19.3082
    7.5000   30.0000   30.0000 9461.9551   19.3245
   -7.5000   37.5000   30.0000 8914.3154   19.3858
    0.0000   37.5000   30.0000 9167.1865   19.3630
    7.5000   37.5000   30.0000 8682.0498   19.3835
   -7.5000   45.0000   30.0000 7744.1968   19.0929
    0.0000   45.0000   30.0000 7998.1675   19.0704
    7.5000   45.0000   30.0000 7605.9727   19.0921
   -7.5000  -45.0000   37.5000 9891.2656   20.0380
    0.0000  -45.0000   37.500010246.3340   20.0225
    7.5000  -45.0000   37.5000 9776.6055   20.0504
   -7.5000  -37.5000   37.500010319.7764   20.0569
    0.0000  -37.5000   37.500010726.9521   20.0524
    7.5000  -37.5000   37.500010210.9365   20.0760
   -7.5000  -30.0000   37.500011105.0273   20.0933
    0.0000  -30.0000   37.500011524.2852   20.0950
    7.5000  -30.0000   37.500010956.6592   20.1096
   -7.5000  -22.5000   37.500011760.2676   20.1112
    0.0000  -22.5000   37.500012171.5459   20.1078
    7.5000  -22.5000   37.500011564.7363   20.1183
   -7.5000  -15.0000   37.500012302.2266   20.0955
    0.0000  -15.0000   37.500012710.3037   20.0812
    7.5000  -15.0000   37.500012091.9424   20.0959
   -7.5000   -7.5000   37.500012769.9033   20.0588
    0.0000   -7.5000   37.500013191.6973   20.0389
    7.5000   -7.5000   37.500012565.7051   20.0619
   -7.5000    0.0000   37.500013022.0098   20.0380
    0.0000    0.0000   37.500013458.2490   20.0225
    7.5000    0.0000   37.500012763.0400   20.0504
   -7.5000    7.5000   37.500012258.0869   20.0569
    0.0000    7.5000   37.500012683.1650   20.0524
    7.5000    7.5000   37.500011961.1416   20.0760
   -7.5000   15.0000   37.500011337.1045   20.1013
    0.0000   15.0000   37.500011752.8047   20.1033
    7.5000   15.0000   37.500011066.7861   20.1180
   -7.5000   22.5000   37.500010362.3164   20.1321
    0.0000   22.5000   37.500010721.1904   20.1291
    7.5000   22.5000   37.500010093.0947   20.1400
   -7.5000   30.0000   37.5000 9359.0693   19.9172
    0.0000   30.0000   37.5000 9661.0430   19.9038
    7.5000   30.0000   37.5000 9105.6543   19.9190
   -7.5000   37.5000   37.5000 8571.9639   19.9785
    0.0000   37.5000   37.5000 8847.2354   19.9595
    7.5000   37.5000   37.5000 8373.7148   19.9834
   -7.5000   45.0000   37.5000 7456.1782   19.6724
    0.0000   45.0000   37.5000 7708.0928   19.6572
    7.5000   45.0000   37.5000 7326.6484   19.6872
   -7.5000  -45.0000   45.0000 9079.5430   20.7086
    0.0000  -45.0000   45.0000 9413.6387   20.6849
    7.5000  -45.0000   45.0000 8997.3945   20.7134
   -7.5000  -37.5000   45.0000 9462.5293   20.7150
    0.0000  -37.5000   45.0000 9847.1426   20.6999
    7.5000  -37.5000   45.0000 9371.3740   20.7277
   -7.5000  -30.0000   45.000010163.3740   20.7467
    0.0000  -30.0000   45.000010539.6113   20.7360
    7.5000  -30.0000   45.000010025.8711   20.7543
   -7.5000  -22.5000   45.000010777.5342   20.7741
    0.0000  -22.5000   45.000011162.1855   20.7586
    7.5000  -22.5000   45.000010617.5273   20.7683
   -7.5000  -15.0000   45.000011286.8076   20.7704
    0.0000  -15.0000   45.000011701.0879   20.7459
    7.5000  -15.0000   45.000011141.9102   20.7563
   -7.5000   -7.5000   45.000011721.8145   20.7367
    0.0000   -7.5000   45.000012160.9189   20.7083
    7.5000   -7.5000   45.000011574.4893   20.7282
   -7.5000    0.0000   45.000011970.2041   20.7086
    0.0000    0.0000   45.000012424.0264   20.6849
    7.5000    0.0000   45.000011798.3779   20.7134
   -7.5000    7.5000   45.000011257.8223   20.7150
    0.0000    7.5000   45.000011683.1221   20.6999
    7.5000    7.5000   45.000011043.2451   20.7277
   -7.5000   15.0000   45.000010429.5547   20.7512
    0.0000   15.0000   45.000010825.8291   20.7406
    7.5000   15.0000   45.000010227.7529   20.7590
   -7.5000   22.5000   45.0000 9514.5439   20.7881
    0.0000   22.5000   45.0000 9866.9355   20.7728
    7.5000   22.5000   45.0000 9332.6758   20.7828
   -7.5000   30.0000   45.0000 8589.1875   20.5741
    0.0000   30.0000   45.0000 8885.1133   20.5504
    7.5000   30.0000   45.0000 8421.4844   20.5614
   -7.5000   37.5000   45.0000 7889.8237   20.6400
    0.0000   37.5000   45.0000 8152.0459   20.6122
    7.5000   37.5000   45.0000 7752.8252   20.6326
   -7.5000   45.0000   45.0000 6869.8062   20.3269
    0.0000   45.0000   45.0000 7117.3706   20.3034
    7.5000   45.0000   45.0000 6779.6118   20.3334

---------------------------------------------------------------------
imgreg_4dfp /opt/freesurfer/average/711-2C_as_mni_average_305 /opt/freesurfer/average/711-2B_as_mni_average_305_mask talsrcimg_g11 none talsrcimg_to_711-2C_as_mni_average_305_t4 4355
---------------------------------------------------------------------

freesurfer imgreg_4dfp.c
/opt/freesurfer/average/711-2C_as_mni_average_305.4dfp.img
       256       256       256         1
  1.000000  1.000000  1.000000
orientation T byte_order littleendian
Reading image: /opt/freesurfer/average/711-2C_as_mni_average_305.4dfp.img
dimensions:      256       256       256
mmppix:       1.0000   -1.0000   -1.0000
center:     128.0000 -129.0000 -129.0000
/opt/freesurfer/average/711-2B_as_mni_average_305_mask.4dfp.img
       256       256       256         1
  1.000000  1.000000  1.000000
orientation T byte_order littleendian
Reading mask: /opt/freesurfer/average/711-2B_as_mni_average_305_mask.4dfp.img (2306576 pixels)
talsrcimg_g11.4dfp.img
       256       256       256         1
  1.000000  1.000000  1.000000
orientation T byte_order littleendian
Reading image: talsrcimg_g11.4dfp.img
dimensions:      256       256       256
mmppix:       1.0000   -1.0000   -1.0000
center:     128.0000 -129.0000 -129.0000
rotation matrix determinant  1.000000
image alignment mode   4355 decimal     1103 hex
   -7.5000  -45.0000  -45.0000 2453.4580   15.2925
    0.0000  -45.0000  -45.0000 2447.1531   15.4401
    7.5000  -45.0000  -45.0000 2414.6428   15.7860
   -7.5000  -37.5000  -45.0000 2504.5532   14.6418
    0.0000  -37.5000  -45.0000 2505.9272   14.7663
    7.5000  -37.5000  -45.0000 2471.7815   15.0402
   -7.5000  -30.0000  -45.0000 2538.2317   14.2416
    0.0000  -30.0000  -45.0000 2538.1987   14.3461
    7.5000  -30.0000  -45.0000 2504.1738   14.6213
   -7.5000  -22.5000  -45.0000 2542.5801   14.1197
    0.0000  -22.5000  -45.0000 2548.8586   14.1886
    7.5000  -22.5000  -45.0000 2512.4983   14.4214
   -7.5000  -15.0000  -45.0000 2517.8682   14.2348
    0.0000  -15.0000  -45.0000 2523.9519   14.2952
    7.5000  -15.0000  -45.0000 2489.5999   14.5552
   -7.5000   -7.5000  -45.0000 2464.6841   14.5961
    0.0000   -7.5000  -45.0000 2469.9763   14.6667
    7.5000   -7.5000  -45.0000 2439.2007   14.9393
   -7.5000    0.0000  -45.0000 2389.6484   15.2628
    0.0000    0.0000  -45.0000 2395.6174   15.3175
    7.5000    0.0000  -45.0000 2364.6533   15.5829
   -7.5000    7.5000  -45.0000 2298.7827   16.2823
    0.0000    7.5000  -45.0000 2303.0330   16.3520
    7.5000    7.5000  -45.0000 2273.4536   16.6521
   -7.5000   15.0000  -45.0000 2187.6902   17.7284
    0.0000   15.0000  -45.0000 2192.6841   17.8037
    7.5000   15.0000  -45.0000 2164.9219   18.1612
   -7.5000   22.5000  -45.0000 2069.9956   19.7186
    0.0000   22.5000  -45.0000 2070.2649   19.7584
    7.5000   22.5000  -45.0000 2046.3436   20.2096
   -7.5000   30.0000  -45.0000 1948.4456   22.3413
    0.0000   30.0000  -45.0000 1955.5969   22.3567
    7.5000   30.0000  -45.0000 1928.8964   22.8244
   -7.5000   37.5000  -45.0000 1814.1215   25.9053
    0.0000   37.5000  -45.0000 1832.2532   25.9379
    7.5000   37.5000  -45.0000 1803.8560   26.3729
   -7.5000   45.0000  -45.0000 1676.2201   30.7496
    0.0000   45.0000  -45.0000 1683.5731   30.7460
    7.5000   45.0000  -45.0000 1671.0902   31.3627
   -7.5000  -45.0000  -37.5000 2520.3567   14.5203
    0.0000  -45.0000  -37.5000 2518.6587   14.6249
    7.5000  -45.0000  -37.5000 2483.5669   14.8843
   -7.5000  -37.5000  -37.5000 2573.5295   13.8365
    0.0000  -37.5000  -37.5000 2575.3530   13.9069
    7.5000  -37.5000  -37.5000 2543.6511   14.1783
   -7.5000  -30.0000  -37.5000 2610.6099   13.4651
    0.0000  -30.0000  -37.5000 2616.5229   13.5224
    7.5000  -30.0000  -37.5000 2579.6218   13.7659
   -7.5000  -22.5000  -37.5000 2615.4978   13.3303
    0.0000  -22.5000  -37.5000 2627.6392   13.3860
    7.5000  -22.5000  -37.5000 2590.8628   13.6216
   -7.5000  -15.0000  -37.5000 2597.0671   13.4074
    0.0000  -15.0000  -37.5000 2609.9375   13.4545
    7.5000  -15.0000  -37.5000 2572.9006   13.6890
   -7.5000   -7.5000  -37.5000 2546.7205   13.6869
    0.0000   -7.5000  -37.5000 2558.6855   13.7404
    7.5000   -7.5000  -37.5000 2528.6711   14.0026
   -7.5000    0.0000  -37.5000 2469.3081   14.2292
    0.0000    0.0000  -37.5000 2483.5479   14.2961
    7.5000    0.0000  -37.5000 2456.3740   14.5746
   -7.5000    7.5000  -37.5000 2373.5569   15.1342
    0.0000    7.5000  -37.5000 2385.6240   15.2104
    7.5000    7.5000  -37.5000 2358.6887   15.5104
   -7.5000   15.0000  -37.5000 2265.2129   16.4527
    0.0000   15.0000  -37.5000 2274.1028   16.5396
    7.5000   15.0000  -37.5000 2249.0203   16.8650
   -7.5000   22.5000  -37.5000 2142.8276   18.2987
    0.0000   22.5000  -37.5000 2149.9482   18.3421
    7.5000   22.5000  -37.5000 2126.4160   18.7059
   -7.5000   30.0000  -37.5000 2010.2856   20.6947
    0.0000   30.0000  -37.5000 2021.6205   20.7041
    7.5000   30.0000  -37.5000 1998.5618   21.0998
   -7.5000   37.5000  -37.5000 1882.5754   24.0089
    0.0000   37.5000  -37.5000 1897.3628   23.9756
    7.5000   37.5000  -37.5000 1868.2125   24.3895
   -7.5000   45.0000  -37.5000 1736.0028   28.4699
    0.0000   45.0000  -37.5000 1745.9713   28.3625
    7.5000   45.0000  -37.5000 1728.4766   28.9188
   -7.5000  -45.0000  -30.0000 2623.5977   14.2881
    0.0000  -45.0000  -30.0000 2626.8430   14.3854
    7.5000  -45.0000  -30.0000 2589.1147   14.6288
   -7.5000  -37.5000  -30.0000 2677.8508   13.6010
    0.0000  -37.5000  -30.0000 2686.8872   13.6261
    7.5000  -37.5000  -30.0000 2649.3647   13.9046
   -7.5000  -30.0000  -30.0000 2721.7339   13.1835
    0.0000  -30.0000  -30.0000 2729.9316   13.2133
    7.5000  -30.0000  -30.0000 2688.2642   13.4860
   -7.5000  -22.5000  -30.0000 2728.9800   13.0436
    0.0000  -22.5000  -30.0000 2742.2483   13.1017
    7.5000  -22.5000  -30.0000 2699.6062   13.3581
   -7.5000  -15.0000  -30.0000 2713.9705   13.1035
    0.0000  -15.0000  -30.0000 2729.5520   13.1625
    7.5000  -15.0000  -30.0000 2686.6284   13.4106
   -7.5000   -7.5000  -30.0000 2668.6626   13.3648
    0.0000   -7.5000  -30.0000 2690.2231   13.4219
    7.5000   -7.5000  -30.0000 2654.0989   13.6497
   -7.5000    0.0000  -30.0000 2595.3123   13.8824
    0.0000    0.0000  -30.0000 2613.7798   13.9287
    7.5000    0.0000  -30.0000 2591.0640   14.1770
   -7.5000    7.5000  -30.0000 2499.4121   14.7228
    0.0000    7.5000  -30.0000 2512.6890   14.7790
    7.5000    7.5000  -30.0000 2491.3093   15.0619
   -7.5000   15.0000  -30.0000 2389.2078   15.9697
    0.0000   15.0000  -30.0000 2396.8923   16.0400
    7.5000   15.0000  -30.0000 2369.9961   16.3723
   -7.5000   22.5000  -30.0000 2255.3538   17.7325
    0.0000   22.5000  -30.0000 2263.6055   17.8020
    7.5000   22.5000  -30.0000 2237.7864   18.1436
   -7.5000   30.0000  -30.0000 2112.0017   20.0924
    0.0000   30.0000  -30.0000 2122.2412   20.1374
    7.5000   30.0000  -30.0000 2094.4822   20.4757
   -7.5000   37.5000  -30.0000 1977.7422   23.2044
    0.0000   37.5000  -30.0000 1991.2709   23.1933
    7.5000   37.5000  -30.0000 1961.4673   23.5994
   -7.5000   45.0000  -30.0000 1817.3461   27.4127
    0.0000   45.0000  -30.0000 1831.1144   27.4017
    7.5000   45.0000  -30.0000 1806.1040   27.9254
   -7.5000  -45.0000  -22.5000 2691.5051   14.1057
    0.0000  -45.0000  -22.5000 2689.2622   14.1980
    7.5000  -45.0000  -22.5000 2662.1436   14.4116
   -7.5000  -37.5000  -22.5000 2751.1416   13.4088
    0.0000  -37.5000  -22.5000 2759.0122   13.4484
    7.5000  -37.5000  -22.5000 2725.5901   13.6363
   -7.5000  -30.0000  -22.5000 2789.4270   12.9274
    0.0000  -30.0000  -22.5000 2802.1389   12.9848
    7.5000  -30.0000  -22.5000 2766.9924   13.1934
   -7.5000  -22.5000  -22.5000 2803.1626   12.7162
    0.0000  -22.5000  -22.5000 2816.8767   12.8234
    7.5000  -22.5000  -22.5000 2778.7983   13.0460
   -7.5000  -15.0000  -22.5000 2793.9922   12.7688
    0.0000  -15.0000  -22.5000 2805.8201   12.8653
    7.5000  -15.0000  -22.5000 2768.3040   13.1226
   -7.5000   -7.5000  -22.5000 2754.2896   13.0368
    0.0000   -7.5000  -22.5000 2773.8042   13.0975
    7.5000   -7.5000  -22.5000 2737.4126   13.3583
   -7.5000    0.0000  -22.5000 2685.0208   13.5580
    0.0000    0.0000  -22.5000 2707.8777   13.6065
    7.5000    0.0000  -22.5000 2676.5017   13.8612
   -7.5000    7.5000  -22.5000 2589.7456   14.3691
    0.0000    7.5000  -22.5000 2606.8843   14.4506
    7.5000    7.5000  -22.5000 2581.3894   14.7119
   -7.5000   15.0000  -22.5000 2480.4351   15.5984
    0.0000   15.0000  -22.5000 2488.7939   15.6718
    7.5000   15.0000  -22.5000 2459.3013   15.9600
   -7.5000   22.5000  -22.5000 2342.1538   17.2536
    0.0000   22.5000  -22.5000 2349.6128   17.3354
    7.5000   22.5000  -22.5000 2322.1719   17.6594
   -7.5000   30.0000  -22.5000 2192.7910   19.5173
    0.0000   30.0000  -22.5000 2200.8296   19.5355
    7.5000   30.0000  -22.5000 2172.0745   19.8960
   -7.5000   37.5000  -22.5000 2041.2003   22.4569
    0.0000   37.5000  -22.5000 2052.5977   22.4575
    7.5000   37.5000  -22.5000 2027.9194   22.9097
   -7.5000   45.0000  -22.5000 1870.1932   26.3719
    0.0000   45.0000  -22.5000 1883.2831   26.3638
    7.5000   45.0000  -22.5000 1861.2010   26.8967
   -7.5000  -45.0000  -15.0000 2718.6716   13.9858
    0.0000  -45.0000  -15.0000 2715.8574   14.0966
    7.5000  -45.0000  -15.0000 2688.1892   14.1898
   -7.5000  -37.5000  -15.0000 2786.4014   13.3294
    0.0000  -37.5000  -15.0000 2794.0603   13.3981
    7.5000  -37.5000  -15.0000 2762.4822   13.4585
   -7.5000  -30.0000  -15.0000 2824.4377   12.8635
    0.0000  -30.0000  -15.0000 2839.3245   12.9267
    7.5000  -30.0000  -15.0000 2806.8640   13.0007
   -7.5000  -22.5000  -15.0000 2842.5452   12.5532
    0.0000  -22.5000  -15.0000 2855.2087   12.6700
    7.5000  -22.5000  -15.0000 2821.3816   12.8135
   -7.5000  -15.0000  -15.0000 2838.3325   12.5519
    0.0000  -15.0000  -15.0000 2845.1179   12.6478
    7.5000  -15.0000  -15.0000 2817.9336   12.8855
   -7.5000   -7.5000  -15.0000 2807.2822   12.8299
    0.0000   -7.5000  -15.0000 2816.2888   12.8722
    7.5000   -7.5000  -15.0000 2789.7666   13.1059
   -7.5000    0.0000  -15.0000 2740.5083   13.4103
    0.0000    0.0000  -15.0000 2757.5330   13.4261
    7.5000    0.0000  -15.0000 2722.1904   13.6314
   -7.5000    7.5000  -15.0000 2649.1833   14.2459
    0.0000    7.5000  -15.0000 2663.1296   14.2656
    7.5000    7.5000  -15.0000 2630.8213   14.4822
   -7.5000   15.0000  -15.0000 2539.2114   15.4550
    0.0000   15.0000  -15.0000 2547.4431   15.4546
    7.5000   15.0000  -15.0000 2513.7000   15.6626
   -7.5000   22.5000  -15.0000 2397.4727   17.0706
    0.0000   22.5000  -15.0000 2407.9744   17.0817
    7.5000   22.5000  -15.0000 2376.4561   17.3044
   -7.5000   30.0000  -15.0000 2238.6848   19.1773
    0.0000   30.0000  -15.0000 2249.8176   19.1970
    7.5000   30.0000  -15.0000 2221.5569   19.4698
   -7.5000   37.5000  -15.0000 2077.1282   21.9649
    0.0000   37.5000  -15.0000 2089.6851   21.9705
    7.5000   37.5000  -15.0000 2066.6345   22.3170
   -7.5000   45.0000  -15.0000 1897.8123   25.6507
    0.0000   45.0000  -15.0000 1906.9824   25.5556
    7.5000   45.0000  -15.0000 1894.3733   26.0652
   -7.5000  -45.0000   -7.5000 2717.3098   13.8640
    0.0000  -45.0000   -7.5000 2721.7449   13.9605
    7.5000  -45.0000   -7.5000 2701.1660   14.0737
   -7.5000  -37.5000   -7.5000 2797.4587   13.2520
    0.0000  -37.5000   -7.5000 2805.1616   13.2951
    7.5000  -37.5000   -7.5000 2780.4993   13.3434
   -7.5000  -30.0000   -7.5000 2852.9644   12.9592
    0.0000  -30.0000   -7.5000 2866.4619   12.9295
    7.5000  -30.0000   -7.5000 2831.8223   12.9102
   -7.5000  -22.5000   -7.5000 2885.9631   12.6941
    0.0000  -22.5000   -7.5000 2890.6841   12.7195
    7.5000  -22.5000   -7.5000 2849.7715   12.7348
   -7.5000  -15.0000   -7.5000 2876.8748   12.6266
    0.0000  -15.0000   -7.5000 2873.5891   12.6383
    7.5000  -15.0000   -7.5000 2843.9409   12.7652
   -7.5000   -7.5000   -7.5000 2842.7126   12.8615
    0.0000   -7.5000   -7.5000 2840.9260   12.7982
    7.5000   -7.5000   -7.5000 2811.3794   12.9505
   -7.5000    0.0000   -7.5000 2776.5256   13.3513
    0.0000    0.0000   -7.5000 2782.5659   13.2831
    7.5000    0.0000   -7.5000 2749.7991   13.4458
   -7.5000    7.5000   -7.5000 2671.8179   14.1518
    0.0000    7.5000   -7.5000 2687.3040   14.0985
    7.5000    7.5000   -7.5000 2651.4543   14.3114
   -7.5000   15.0000   -7.5000 2552.8430   15.2808
    0.0000   15.0000   -7.5000 2566.9827   15.2780
    7.5000   15.0000   -7.5000 2536.8037   15.5020
   -7.5000   22.5000   -7.5000 2419.6030   16.8607
    0.0000   22.5000   -7.5000 2429.7080   16.9013
    7.5000   22.5000   -7.5000 2400.9250   17.1512
   -7.5000   30.0000   -7.5000 2264.0154   18.8990
    0.0000   30.0000   -7.5000 2276.2300   18.9205
    7.5000   30.0000   -7.5000 2245.9902   19.1590
   -7.5000   37.5000   -7.5000 2095.3689   21.5744
    0.0000   37.5000   -7.5000 2108.0042   21.6121
    7.5000   37.5000   -7.5000 2083.3574   21.9314
   -7.5000   45.0000   -7.5000 1917.0536   25.1982
    0.0000   45.0000   -7.5000 1927.4597   25.1485
    7.5000   45.0000   -7.5000 1910.3706   25.5728
   -7.5000  -45.0000    0.0000 2711.0269   13.8992
    0.0000  -45.0000    0.0000 2709.7271   13.9125
    7.5000  -45.0000    0.0000 2692.7786   14.0468
   -7.5000  -37.5000    0.0000 2801.9512   13.2646
    0.0000  -37.5000    0.0000 2806.4192   13.2601
    7.5000  -37.5000    0.0000 2775.8630   13.3103
   -7.5000  -30.0000    0.0000 2867.1899   12.9504
    0.0000  -30.0000    0.0000 2881.9170   12.9387
    7.5000  -30.0000    0.0000 2838.9539   12.9270
   -7.5000  -22.5000    0.0000 2907.4814   12.7940
    0.0000  -22.5000    0.0000 2916.2886   12.8084
    7.5000  -22.5000    0.0000 2867.0425   12.7965
   -7.5000  -15.0000    0.0000 2898.3374   12.7782
    0.0000  -15.0000    0.0000 2902.5259   12.7525
    7.5000  -15.0000    0.0000 2858.0854   12.8549
   -7.5000   -7.5000    0.0000 2854.2114   12.9304
    0.0000   -7.5000    0.0000 2854.8782   12.8734
    7.5000   -7.5000    0.0000 2815.0540   13.0496
   -7.5000    0.0000    0.0000 2779.5852   13.3393
    0.0000    0.0000    0.0000 2780.3838   13.2579
    7.5000    0.0000    0.0000 2750.5442   13.5207
   -7.5000    7.5000    0.0000 2673.0676   14.0986
    0.0000    7.5000    0.0000 2681.6917   14.0605
    7.5000    7.5000    0.0000 2655.1626   14.3598
   -7.5000   15.0000    0.0000 2542.3645   15.2184
    0.0000   15.0000    0.0000 2555.6746   15.2294
    7.5000   15.0000    0.0000 2533.9373   15.5278
   -7.5000   22.5000    0.0000 2412.9702   16.7792
    0.0000   22.5000    0.0000 2423.8792   16.8225
    7.5000   22.5000    0.0000 2399.6606   17.1414
   -7.5000   30.0000    0.0000 2259.2427   18.8211
    0.0000   30.0000    0.0000 2273.4866   18.8106
    7.5000   30.0000    0.0000 2247.5085   19.1210
   -7.5000   37.5000    0.0000 2095.0422   21.4743
    0.0000   37.5000    0.0000 2107.8489   21.5126
    7.5000   37.5000    0.0000 2077.6982   21.8632
   -7.5000   45.0000    0.0000 1924.6846   25.0968
    0.0000   45.0000    0.0000 1931.1384   25.0893
    7.5000   45.0000    0.0000 1908.9332   25.4579
   -7.5000  -45.0000    7.5000 2696.0364   14.0280
    0.0000  -45.0000    7.5000 2695.3062   14.0614
    7.5000  -45.0000    7.5000 2670.7996   14.2770
   -7.5000  -37.5000    7.5000 2794.4158   13.3116
    0.0000  -37.5000    7.5000 2799.1440   13.3363
    7.5000  -37.5000    7.5000 2765.9604   13.5263
   -7.5000  -30.0000    7.5000 2866.1406   12.9396
    0.0000  -30.0000    7.5000 2874.9780   12.9564
    7.5000  -30.0000    7.5000 2834.3591   13.1307
   -7.5000  -22.5000    7.5000 2904.1191   12.7646
    0.0000  -22.5000    7.5000 2911.2537   12.8091
    7.5000  -22.5000    7.5000 2867.9695   13.0014
   -7.5000  -15.0000    7.5000 2895.6377   12.7405
    0.0000  -15.0000    7.5000 2902.8245   12.7020
    7.5000  -15.0000    7.5000 2858.6182   13.0376
   -7.5000   -7.5000    7.5000 2849.1904   12.9931
    0.0000   -7.5000    7.5000 2848.8064   12.9154
    7.5000   -7.5000    7.5000 2812.2251   13.2745
   -7.5000    0.0000    7.5000 2771.5989   13.5119
    0.0000    0.0000    7.5000 2772.9883   13.4936
    7.5000    0.0000    7.5000 2738.5938   13.7961
   -7.5000    7.5000    7.5000 2664.1326   14.3751
    0.0000    7.5000    7.5000 2669.1602   14.3549
    7.5000    7.5000    7.5000 2636.9390   14.6635
   -7.5000   15.0000    7.5000 2526.1765   15.5517
    0.0000   15.0000    7.5000 2537.8613   15.5175
    7.5000   15.0000    7.5000 2512.1799   15.8325
   -7.5000   22.5000    7.5000 2388.2739   17.0667
    0.0000   22.5000    7.5000 2398.3884   17.0621
    7.5000   22.5000    7.5000 2379.7849   17.3832
   -7.5000   30.0000    7.5000 2238.8083   19.0430
    0.0000   30.0000    7.5000 2254.9192   19.0042
    7.5000   30.0000    7.5000 2230.4985   19.3271
   -7.5000   37.5000    7.5000 2077.8689   21.6091
    0.0000   37.5000    7.5000 2089.8313   21.6209
    7.5000   37.5000    7.5000 2069.1270   21.9264
   -7.5000   45.0000    7.5000 1907.4619   25.2245
    0.0000   45.0000    7.5000 1916.0317   25.2077
    7.5000   45.0000    7.5000 1900.8083   25.5863
   -7.5000  -45.0000   15.0000 2672.8569   14.2575
    0.0000  -45.0000   15.0000 2671.9692   14.3598
    7.5000  -45.0000   15.0000 2640.8159   14.6851
   -7.5000  -37.5000   15.0000 2775.0583   13.5127
    0.0000  -37.5000   15.0000 2776.8125   13.5601
    7.5000  -37.5000   15.0000 2740.0676   13.8852
   -7.5000  -30.0000   15.0000 2843.6401   13.1266
    0.0000  -30.0000   15.0000 2847.2600   13.1500
    7.5000  -30.0000   15.0000 2810.7903   13.4673
   -7.5000  -22.5000   15.0000 2880.1624   12.9204
    0.0000  -22.5000   15.0000 2881.2566   12.9381
    7.5000  -22.5000   15.0000 2845.7783   13.2917
   -7.5000  -15.0000   15.0000 2873.5244   12.8970
    0.0000  -15.0000   15.0000 2872.8982   12.8060
    7.5000  -15.0000   15.0000 2838.7288   13.2496
   -7.5000   -7.5000   15.0000 2821.9517   13.2077
    0.0000   -7.5000   15.0000 2829.3730   13.1504
    7.5000   -7.5000   15.0000 2792.9023   13.5288
   -7.5000    0.0000   15.0000 2743.3306   13.8255
    0.0000    0.0000   15.0000 2751.2720   13.7951
    7.5000    0.0000   15.0000 2718.4617   14.1443
   -7.5000    7.5000   15.0000 2638.6755   14.7638
    0.0000    7.5000   15.0000 2646.1313   14.7493
    7.5000    7.5000   15.0000 2610.1777   15.0699
   -7.5000   15.0000   15.0000 2505.0708   16.0061
    0.0000   15.0000   15.0000 2517.3547   15.9747
    7.5000   15.0000   15.0000 2481.9800   16.2933
   -7.5000   22.5000   15.0000 2351.7444   17.5458
    0.0000   22.5000   15.0000 2369.0725   17.5600
    7.5000   22.5000   15.0000 2343.0730   17.8497
   -7.5000   30.0000   15.0000 2198.7517   19.5197
    0.0000   30.0000   15.0000 2219.5325   19.5068
    7.5000   30.0000   15.0000 2198.1018   19.7901
   -7.5000   37.5000   15.0000 2039.0377   22.0749
    0.0000   37.5000   15.0000 2051.8682   22.0229
    7.5000   37.5000   15.0000 2043.5282   22.3425
   -7.5000   45.0000   15.0000 1877.1064   25.5982
    0.0000   45.0000   15.0000 1887.2762   25.5167
    7.5000   45.0000   15.0000 1882.0569   25.8706
   -7.5000  -45.0000   22.5000 2636.1868   14.7666
    0.0000  -45.0000   22.5000 2632.6343   14.9023
    7.5000  -45.0000   22.5000 2601.1235   15.2949
   -7.5000  -37.5000   22.5000 2732.4272   13.9884
    0.0000  -37.5000   22.5000 2734.6528   14.0679
    7.5000  -37.5000   22.5000 2701.5476   14.4287
   -7.5000  -30.0000   22.5000 2799.0295   13.5956
    0.0000  -30.0000   22.5000 2799.0835   13.6260
    7.5000  -30.0000   22.5000 2767.4717   13.9875
   -7.5000  -22.5000   22.5000 2826.7566   13.3549
    0.0000  -22.5000   22.5000 2828.1501   13.3388
    7.5000  -22.5000   22.5000 2798.3813   13.7549
   -7.5000  -15.0000   22.5000 2821.3926   13.3196
    0.0000  -15.0000   22.5000 2818.9165   13.2768
    7.5000  -15.0000   22.5000 2791.2080   13.6953
   -7.5000   -7.5000   22.5000 2773.6379   13.6560
    0.0000   -7.5000   22.5000 2782.2432   13.6317
    7.5000   -7.5000   22.5000 2753.0420   14.0089
   -7.5000    0.0000   22.5000 2696.5774   14.3027
    0.0000    0.0000   22.5000 2708.1843   14.2792
    7.5000    0.0000   22.5000 2676.3308   14.6328
   -7.5000    7.5000   22.5000 2596.8606   15.2390
    0.0000    7.5000   22.5000 2603.7051   15.2098
    7.5000    7.5000   22.5000 2573.1707   15.5414
   -7.5000   15.0000   22.5000 2468.2500   16.4905
    0.0000   15.0000   22.5000 2481.6714   16.4781
    7.5000   15.0000   22.5000 2444.2556   16.7752
   -7.5000   22.5000   22.5000 2316.6665   18.0849
    0.0000   22.5000   22.5000 2334.5879   18.0795
    7.5000   22.5000   22.5000 2303.4668   18.3741
   -7.5000   30.0000   22.5000 2162.9895   20.0816
    0.0000   30.0000   22.5000 2174.7761   20.0892
    7.5000   30.0000   22.5000 2160.2866   20.3907
   -7.5000   37.5000   22.5000 1998.1588   22.6938
    0.0000   37.5000   22.5000 2010.3032   22.6538
    7.5000   37.5000   22.5000 2007.6118   22.9728
   -7.5000   45.0000   22.5000 1845.3596   26.1619
    0.0000   45.0000   22.5000 1850.7147   26.0817
    7.5000   45.0000   22.5000 1844.7205   26.5278
   -7.5000  -45.0000   30.0000 2584.0103   15.4955
    0.0000  -45.0000   30.0000 2579.0542   15.6134
    7.5000  -45.0000   30.0000 2550.9045   16.0920
   -7.5000  -37.5000   30.0000 2671.3694   14.6679
    0.0000  -37.5000   30.0000 2676.2974   14.7472
    7.5000  -37.5000   30.0000 2646.1731   15.1826
   -7.5000  -30.0000   30.0000 2731.7148   14.2087
    0.0000  -30.0000   30.0000 2735.8816   14.2497
    7.5000  -30.0000   30.0000 2713.5339   14.6572
   -7.5000  -22.5000   30.0000 2755.7334   13.9788
    0.0000  -22.5000   30.0000 2763.9932   13.9789
    7.5000  -22.5000   30.0000 2738.6431   14.3752
   -7.5000  -15.0000   30.0000 2746.2886   13.9965
    0.0000  -15.0000   30.0000 2746.7737   13.9915
    7.5000  -15.0000   30.0000 2727.3350   14.3697
   -7.5000   -7.5000   30.0000 2700.3865   14.3370
    0.0000   -7.5000   30.0000 2710.0642   14.3240
    7.5000   -7.5000   30.0000 2693.1555   14.6652
   -7.5000    0.0000   30.0000 2625.1724   14.9587
    0.0000    0.0000   30.0000 2640.4287   14.9188
    7.5000    0.0000   30.0000 2619.0691   15.2885
   -7.5000    7.5000   30.0000 2535.2808   15.8510
    0.0000    7.5000   30.0000 2545.9211   15.8275
    7.5000    7.5000   30.0000 2517.2068   16.1872
   -7.5000   15.0000   30.0000 2411.9658   17.0912
    0.0000   15.0000   30.0000 2430.1677   17.0515
    7.5000   15.0000   30.0000 2395.2522   17.4167
   -7.5000   22.5000   30.0000 2272.1736   18.6933
    0.0000   22.5000   30.0000 2288.5911   18.7036
    7.5000   22.5000   30.0000 2264.8501   19.0328
   -7.5000   30.0000   30.0000 2119.7102   20.7785
    0.0000   30.0000   30.0000 2130.3826   20.7633
    7.5000   30.0000   30.0000 2117.2986   21.0928
   -7.5000   37.5000   30.0000 1968.5728   23.4094
    0.0000   37.5000   30.0000 1975.4120   23.4132
    7.5000   37.5000   30.0000 1969.9575   23.7229
   -7.5000   45.0000   30.0000 1811.6061   26.9634
    0.0000   45.0000   30.0000 1819.5880   26.9070
    7.5000   45.0000   30.0000 1816.5278   27.3347
   -7.5000  -45.0000   37.5000 2520.2844   16.4408
    0.0000  -45.0000   37.5000 2517.8230   16.5515
    7.5000  -45.0000   37.5000 2492.3789   17.1354
   -7.5000  -37.5000   37.5000 2600.8123   15.5634
    0.0000  -37.5000   37.5000 2607.0725   15.6180
    7.5000  -37.5000   37.5000 2580.6965   16.1266
   -7.5000  -30.0000   37.5000 2652.7593   15.0423
    0.0000  -30.0000   37.5000 2664.3518   15.0938
    7.5000  -30.0000   37.5000 2638.9985   15.5283
   -7.5000  -22.5000   37.5000 2675.2202   14.7830
    0.0000  -22.5000   37.5000 2685.2505   14.8188
    7.5000  -22.5000   37.5000 2662.0500   15.2043
   -7.5000  -15.0000   37.5000 2661.1299   14.8344
    0.0000  -15.0000   37.5000 2667.8572   14.8451
    7.5000  -15.0000   37.5000 2652.4871   15.2159
   -7.5000   -7.5000   37.5000 2620.5630   15.1915
    0.0000   -7.5000   37.5000 2629.6760   15.1677
    7.5000   -7.5000   37.5000 2617.2119   15.5203
   -7.5000    0.0000   37.5000 2549.9133   15.7899
    0.0000    0.0000   37.5000 2562.5730   15.7455
    7.5000    0.0000   37.5000 2542.3484   16.0891
   -7.5000    7.5000   37.5000 2463.2449   16.6561
    0.0000    7.5000   37.5000 2480.8669   16.6626
    7.5000    7.5000   37.5000 2450.9116   17.0327
   -7.5000   15.0000   37.5000 2346.7900   17.9135
    0.0000   15.0000   37.5000 2369.5442   17.9117
    7.5000   15.0000   37.5000 2337.8286   18.2767
   -7.5000   22.5000   37.5000 2217.6008   19.5839
    0.0000   22.5000   37.5000 2239.6667   19.5753
    7.5000   22.5000   37.5000 2214.4226   19.9202
   -7.5000   30.0000   37.5000 2077.9680   21.6843
    0.0000   30.0000   37.5000 2090.7556   21.6877
    7.5000   30.0000   37.5000 2073.3203   21.9988
   -7.5000   37.5000   37.5000 1932.5380   24.4080
    0.0000   37.5000   37.5000 1941.1508   24.4002
    7.5000   37.5000   37.5000 1936.1975   24.7020
   -7.5000   45.0000   37.5000 1782.0225   28.0062
    0.0000   45.0000   37.5000 1789.8282   27.9874
    7.5000   45.0000   37.5000 1790.9536   28.3363
   -7.5000  -45.0000   45.0000 2447.2056   17.6307
    0.0000  -45.0000   45.0000 2449.1670   17.7278
    7.5000  -45.0000   45.0000 2422.4570   18.3701
   -7.5000  -37.5000   45.0000 2516.6460   16.6843
    0.0000  -37.5000   45.0000 2527.3428   16.7606
    7.5000  -37.5000   45.0000 2496.5208   17.2929
   -7.5000  -30.0000   45.0000 2563.4536   16.1098
    0.0000  -30.0000   45.0000 2574.8459   16.1375
    7.5000  -30.0000   45.0000 2543.5332   16.5867
   -7.5000  -22.5000   45.0000 2583.1238   15.8297
    0.0000  -22.5000   45.0000 2593.2302   15.8577
    7.5000  -22.5000   45.0000 2567.5471   16.2596
   -7.5000  -15.0000   45.0000 2566.2085   15.8875
    0.0000  -15.0000   45.0000 2578.8760   15.8981
    7.5000  -15.0000   45.0000 2560.4976   16.2563
   -7.5000   -7.5000   45.0000 2523.6985   16.2364
    0.0000   -7.5000   45.0000 2542.1218   16.2406
    7.5000   -7.5000   45.0000 2528.0322   16.5588
   -7.5000    0.0000   45.0000 2464.4561   16.8466
    0.0000    0.0000   45.0000 2483.9153   16.8250
    7.5000    0.0000   45.0000 2464.9285   17.1504
   -7.5000    7.5000   45.0000 2388.1555   17.7303
    0.0000    7.5000   45.0000 2409.3438   17.7133
    7.5000    7.5000   45.0000 2378.2837   18.0724
   -7.5000   15.0000   45.0000 2281.2214   19.0076
    0.0000   15.0000   45.0000 2300.1428   19.0010
    7.5000   15.0000   45.0000 2271.4009   19.3453
   -7.5000   22.5000   45.0000 2154.8784   20.7101
    0.0000   22.5000   45.0000 2173.5271   20.7412
    7.5000   22.5000   45.0000 2156.6653   21.0385
   -7.5000   30.0000   45.0000 2021.6675   22.8484
    0.0000   30.0000   45.0000 2031.9918   22.8056
    7.5000   30.0000   45.0000 2021.8954   23.1405
   -7.5000   37.5000   45.0000 1887.3951   25.6558
    0.0000   37.5000   45.0000 1894.2533   25.5871
    7.5000   37.5000   45.0000 1889.1155   25.8988
   -7.5000   45.0000   45.0000 1746.4972   29.3716
    0.0000   45.0000   45.0000 1759.8220   29.3487
    7.5000   45.0000   45.0000 1751.9874   29.6922

---------------------------------------------------------------------
imgreg_4dfp /opt/freesurfer/average/711-2C_as_mni_average_305 /opt/freesurfer/average/711-2B_as_mni_average_305_mask talsrcimg_g11 none talsrcimg_to_711-2C_as_mni_average_305_t4 1283
---------------------------------------------------------------------

freesurfer imgreg_4dfp.c
/opt/freesurfer/average/711-2C_as_mni_average_305.4dfp.img
       256       256       256         1
  1.000000  1.000000  1.000000
orientation T byte_order littleendian
Reading image: /opt/freesurfer/average/711-2C_as_mni_average_305.4dfp.img
dimensions:      256       256       256
mmppix:       1.0000   -1.0000   -1.0000
center:     128.0000 -129.0000 -129.0000
/opt/freesurfer/average/711-2B_as_mni_average_305_mask.4dfp.img
       256       256       256         1
  1.000000  1.000000  1.000000
orientation T byte_order littleendian
Reading mask: /opt/freesurfer/average/711-2B_as_mni_average_305_mask.4dfp.img (2306576 pixels)
talsrcimg_g11.4dfp.img
       256       256       256         1
  1.000000  1.000000  1.000000
orientation T byte_order littleendian
Reading image: talsrcimg_g11.4dfp.img
dimensions:      256       256       256
mmppix:       1.0000   -1.0000   -1.0000
center:     128.0000 -129.0000 -129.0000
rotation matrix determinant  1.000000
fimgreg.f
image alignment mode   1283 decimal      503 hex
parameters
    0.0000  -22.5000    0.0000    0.0000    0.0000    0.0000
eta,q 0.91521 12.78022
niter,ni,del,rscale     5    3   12.0000    1.2000
parameter  4  0.564828 ->  0.500000 qaram    1.1500
parameter  5  1.271498 ->  0.500000 qaram    1.1500
parameter  6  0.637455 ->  0.500000 qaram    1.1500
parameters
   -2.3419  -20.1644    0.9833   -3.4500   -3.4500   -3.4500
eta,q 0.92214 12.78854
  0.0876  0.0954  0.0890  0.0821  0.0799  0.0784
  0.0848  0.0908  0.0860  0.0825  0.0791  0.0779
  0.0846  0.0866  0.0834  0.0819  0.0801  0.0780
  0.0868  0.0840  0.0823  0.0826  0.0823  0.0792
  0.0882  0.0824  0.0832  0.0842  0.0852  0.0810
  0.0910  0.0826  0.0845  0.0870  0.0866  0.0835
  0.0961  0.0858  0.0854  0.0895  0.0888  0.0863
niter,ni,del,rscale     7    3   12.0000    1.2000
parameter  4  1.053969 ->  0.500000 qaram    1.3225
parameters
   -2.3057  -19.5905    2.3778   -7.4175   -4.8240   -5.8076
eta,q 0.92473 12.85951
  0.0879  0.0834  0.0849  0.0743  0.0787  0.0771
  0.0843  0.0804  0.0824  0.0755  0.0779  0.0759
  0.0803  0.0788  0.0797  0.0764  0.0765  0.0753
  0.0779  0.0779  0.0779  0.0777  0.0757  0.0759
  0.0796  0.0784  0.0779  0.0799  0.0773  0.0773
  0.0837  0.0796  0.0793  0.0838  0.0803  0.0795
  0.0882  0.0814  0.0807  0.0872  0.0820  0.0831
niter,ni,del,rscale     7    3   12.0000    1.2000
parameter  4  0.957858 ->  0.500000 qaram    1.5209
parameters
   -2.1309  -16.9691   -0.1727  -11.9801   -5.0065   -5.9437
eta,q 0.93246 12.78442
  0.0853  0.0852  0.0736  0.0678  0.0734  0.0737
  0.0814  0.0820  0.0711  0.0675  0.0706  0.0706
  0.0779  0.0787  0.0713  0.0678  0.0688  0.0682
  0.0753  0.0751  0.0728  0.0711  0.0675  0.0676
  0.0756  0.0730  0.0739  0.0765  0.0679  0.0688
  0.0799  0.0733  0.0748  0.0809  0.0706  0.0709
  0.0853  0.0769  0.0757  0.0846  0.0747  0.0740
niter,ni,del,rscale     7    3   12.0000    1.2000
parameter  4  0.838712 ->  0.500000 qaram    1.7490
parameters
   -2.4049  -16.1530   -0.8981  -17.2272   -3.9706   -7.1078
eta,q 0.93457 12.97462
  0.0781  0.0788  0.0711  0.0635  0.0716  0.0680
  0.0726  0.0743  0.0682  0.0652  0.0688  0.0661
  0.0688  0.0701  0.0667  0.0667  0.0667  0.0655
  0.0675  0.0675  0.0671  0.0668  0.0658  0.0655
  0.0698  0.0674  0.0684  0.0690  0.0654  0.0664
  0.0744  0.0699  0.0701  0.0749  0.0667  0.0681
  0.0797  0.0749  0.0731  0.0797  0.0690  0.0703
niter,ni,del,rscale     7    3   12.0000    1.2000
parameter  4  0.720938 ->  0.500000 qaram    2.0114
parameters
   -2.3394  -13.9583   -2.3622  -23.2612   -3.5712   -7.7544
eta,q 0.93959 13.08979
  0.0757  0.0744  0.0661  0.0600  0.0687  0.0644
  0.0706  0.0710  0.0640  0.0604  0.0648  0.0615
  0.0668  0.0680  0.0632  0.0610  0.0615  0.0606
  0.0654  0.0654  0.0635  0.0632  0.0604  0.0604
  0.0664  0.0636  0.0648  0.0657  0.0611  0.0609
  0.0699  0.0642  0.0673  0.0710  0.0633  0.0629
  0.0756  0.0675  0.0717  0.0774  0.0671  0.0663
niter,ni,del,rscale     7    3   12.0000    1.2000
parameters
   -2.9620  -13.7630   -2.9388  -23.1946   -3.3436   -7.8754
eta,q 0.94019 13.05814
  0.0720  0.0682  0.0655  0.0727  0.0685  0.0651
  0.0649  0.0643  0.0616  0.0629  0.0645  0.0610
  0.0609  0.0622  0.0595  0.0589  0.0612  0.0598
  0.0604  0.0602  0.0601  0.0598  0.0598  0.0598
  0.0633  0.0603  0.0615  0.0622  0.0609  0.0604
  0.0696  0.0627  0.0638  0.0646  0.0638  0.0619
  0.0772  0.0683  0.0673  0.0701  0.0675  0.0649
niter,ni,del,rscale     6    3   12.0000    1.2000
parameters
   -3.0401  -13.8512   -2.8889  -23.1352   -3.2992   -7.8757
eta,q 0.94012 13.06156
  0.0749  0.0674  0.0670  0.0727  0.0682  0.0655
  0.0662  0.0637  0.0626  0.0628  0.0642  0.0612
  0.0612  0.0616  0.0599  0.0590  0.0610  0.0598
  0.0598  0.0598  0.0598  0.0599  0.0599  0.0599
  0.0618  0.0602  0.0610  0.0623  0.0611  0.0604
  0.0675  0.0630  0.0629  0.0647  0.0642  0.0619
  0.0750  0.0691  0.0660  0.0699  0.0679  0.0648
niter,ni,del,rscale     5    3   12.0000    1.2000
parameters
   -3.0433  -13.8372   -2.8614  -23.1393   -3.2803   -7.8747
eta,q 0.94011 13.06100
  0.0753  0.0677  0.0669  0.0725  0.0682  0.0655
  0.0665  0.0639  0.0626  0.0627  0.0642  0.0612
  0.0614  0.0617  0.0599  0.0590  0.0610  0.0598
  0.0599  0.0599  0.0599  0.0599  0.0599  0.0599
  0.0618  0.0602  0.0610  0.0624  0.0612  0.0604
  0.0673  0.0628  0.0630  0.0647  0.0643  0.0619
  0.0747  0.0688  0.0661  0.0700  0.0679  0.0648
registration optimization eta report
parameter search radius
    6.0000    6.0000    6.0000   12.0681    6.9000    6.9000
100000*second partial in parameter space
       42.       23.       19.        8.       17.       11.
  0.0753  0.0677  0.0669  0.0725  0.0682  0.0655
  0.0665  0.0639  0.0626  0.0627  0.0642  0.0612
  0.0614  0.0617  0.0599  0.0590  0.0610  0.0598
  0.0599  0.0599  0.0599  0.0599  0.0599  0.0599
  0.0618  0.0602  0.0610  0.0624  0.0612  0.0604
  0.0673  0.0628  0.0630  0.0647  0.0643  0.0619
  0.0747  0.0688  0.0661  0.0700  0.0679  0.0648
   -3.0433  -13.8372   -2.8614  -23.1393   -3.2803   -7.8747
eta,q 0.94011 13.06100

---------------------------------------------------------------------
imgreg_4dfp /opt/freesurfer/average/711-2C_as_mni_average_305 /opt/freesurfer/average/711-2B_as_mni_average_305_mask talsrcimg_g11 none talsrcimg_to_711-2C_as_mni_average_305_t4 3335
---------------------------------------------------------------------

freesurfer imgreg_4dfp.c
/opt/freesurfer/average/711-2C_as_mni_average_305.4dfp.img
       256       256       256         1
  1.000000  1.000000  1.000000
orientation T byte_order littleendian
Reading image: /opt/freesurfer/average/711-2C_as_mni_average_305.4dfp.img
dimensions:      256       256       256
mmppix:       1.0000   -1.0000   -1.0000
center:     128.0000 -129.0000 -129.0000
/opt/freesurfer/average/711-2B_as_mni_average_305_mask.4dfp.img
       256       256       256         1
  1.000000  1.000000  1.000000
orientation T byte_order littleendian
Reading mask: /opt/freesurfer/average/711-2B_as_mni_average_305_mask.4dfp.img (2306576 pixels)
talsrcimg_g11.4dfp.img
       256       256       256         1
  1.000000  1.000000  1.000000
orientation T byte_order littleendian
Reading image: talsrcimg_g11.4dfp.img
dimensions:      256       256       256
mmppix:       1.0000   -1.0000   -1.0000
center:     128.0000 -129.0000 -129.0000
fimgreg.f
image alignment mode   3335 decimal      D07 hex
parameters
   -3.0433  -13.8372   -2.8614   -1.1053   -8.6038   -8.1954
   10.3711   10.5961  -13.6782   38.2053   -5.7221  -39.2323
eta,q 0.94100 13.10215
niter,ni,del,rscale     5    3    5.0000    1.2000
parameter  4  2.408213 ->  0.500000 qaram    1.1500
parameter  5  1.884009 ->  0.500000 qaram    1.1500
parameter  6  0.787664 ->  0.500000 qaram    1.1500
parameter  9 -1.550944 -> -0.500000 qaram    1.1500
parameter 10  0.708983 ->  0.500000 qaram    1.1500
parameter 11 -0.521436 -> -0.500000 qaram    1.1500
parameter 12  0.648585 ->  0.500000 qaram    1.1500
parameters
   -2.9048  -13.1832   -2.1785   -5.2453  -12.7438  -12.3354
   10.3492   10.3316   -9.5382   34.0653   -1.5821  -43.3723
eta,q 0.95350 12.36867
  0.0620  0.0620  0.0606  0.0520  0.0485  0.0492  0.0514  0.0525  0.0533  0.0471  0.0480  0.0466
  0.0604  0.0605  0.0597  0.0536  0.0502  0.0493  0.0503  0.0507  0.0518  0.0469  0.0475  0.0465
  0.0594  0.0595  0.0592  0.0559  0.0521  0.0499  0.0497  0.0497  0.0505  0.0472  0.0472  0.0466
  0.0590  0.0590  0.0589  0.0588  0.0542  0.0507  0.0495  0.0495  0.0494  0.0480  0.0470  0.0468
  0.0592  0.0589  0.0588  0.0622  0.0569  0.0520  0.0496  0.0500  0.0485  0.0492  0.0468  0.0472
  0.0600  0.0592  0.0590  0.0658  0.0602  0.0541  0.0503  0.0511  0.0478  0.0509  0.0468  0.0478
  0.0614  0.0598  0.0593  0.0694  0.0641  0.0570  0.0515  0.0528  0.0474  0.0530  0.0470  0.0484
niter,ni,del,rscale     7    3    5.0000    1.2000
parameter  4  1.000987 ->  0.500000 qaram    1.3225
parameter  5  1.265745 ->  0.500000 qaram    1.3225
parameters
   -2.8697  -12.5063   -3.0489  -10.0063  -17.5048  -15.4385
   10.2877    9.2901   -7.1013   35.7158   -2.8865  -46.5316
eta,q 0.96079 11.78025
  0.0494  0.0493  0.0466  0.0430  0.0393  0.0410  0.0422  0.0426  0.0434  0.0440  0.0402  0.0399
  0.0478  0.0480  0.0463  0.0432  0.0401  0.0402  0.0410  0.0409  0.0419  0.0420  0.0398  0.0393
  0.0468  0.0471  0.0462  0.0443  0.0414  0.0400  0.0402  0.0400  0.0406  0.0405  0.0396  0.0392
  0.0465  0.0465  0.0463  0.0462  0.0434  0.0404  0.0400  0.0400  0.0399  0.0397  0.0395  0.0395
  0.0468  0.0463  0.0467  0.0488  0.0459  0.0413  0.0403  0.0409  0.0397  0.0395  0.0397  0.0401
  0.0477  0.0466  0.0474  0.0519  0.0490  0.0426  0.0410  0.0425  0.0400  0.0402  0.0402  0.0407
  0.0492  0.0473  0.0483  0.0558  0.0529  0.0447  0.0422  0.0445  0.0409  0.0416  0.0408  0.0415
niter,ni,del,rscale     7    3    5.0000    1.2000
parameter  5  0.554739 ->  0.500000 qaram    1.5209
parameters
   -2.9004  -12.5580   -3.7302  -13.6271  -22.9799  -14.9900
    8.5916    9.4712   -8.5974   37.5446   -4.1357  -48.9064
eta,q 0.96287 11.37355
  0.0425  0.0414  0.0399  0.0400  0.0384  0.0409  0.0391  0.0415  0.0392  0.0420  0.0380  0.0380
  0.0407  0.0402  0.0393  0.0392  0.0379  0.0394  0.0381  0.0394  0.0381  0.0400  0.0376  0.0374
  0.0396  0.0394  0.0391  0.0389  0.0380  0.0384  0.0377  0.0381  0.0376  0.0385  0.0373  0.0371
  0.0392  0.0392  0.0392  0.0391  0.0389  0.0379  0.0378  0.0376  0.0376  0.0375  0.0373  0.0373
  0.0396  0.0395  0.0397  0.0405  0.0406  0.0381  0.0386  0.0381  0.0383  0.0373  0.0376  0.0378
  0.0408  0.0404  0.0405  0.0431  0.0433  0.0390  0.0397  0.0392  0.0393  0.0380  0.0380  0.0386
  0.0427  0.0416  0.0416  0.0465  0.0468  0.0403  0.0410  0.0410  0.0408  0.0394  0.0386  0.0396
niter,ni,del,rscale     7    3    5.0000    1.2000
parameters
   -3.1103  -12.4561   -3.8937  -14.3098  -24.1237  -15.0917
    8.9617    9.8099   -8.8829   38.2706   -4.4656  -49.5480
eta,q 0.96293 11.30584
  0.0397  0.0394  0.0385  0.0399  0.0407  0.0401  0.0400  0.0412  0.0396  0.0409  0.0381  0.0385
  0.0382  0.0382  0.0377  0.0384  0.0388  0.0386  0.0385  0.0390  0.0382  0.0391  0.0375  0.0377
  0.0373  0.0374  0.0372  0.0375  0.0375  0.0375  0.0375  0.0376  0.0373  0.0378  0.0372  0.0372
  0.0371  0.0371  0.0371  0.0371  0.0371  0.0371  0.0371  0.0371  0.0371  0.0371  0.0371  0.0371
  0.0377  0.0373  0.0373  0.0374  0.0379  0.0376  0.0374  0.0376  0.0376  0.0373  0.0373  0.0374
  0.0389  0.0380  0.0379  0.0388  0.0398  0.0387  0.0382  0.0387  0.0385  0.0382  0.0377  0.0381
  0.0408  0.0390  0.0389  0.0413  0.0429  0.0402  0.0394  0.0404  0.0398  0.0399  0.0382  0.0390
niter,ni,del,rscale     6    3    5.0000    1.2000
parameters
   -3.1545  -12.2629   -3.9625  -14.3773  -24.5172  -15.1538
    9.0689    9.9101   -8.9111   38.5430   -4.4836  -49.7265
eta,q 0.96292 11.29078
  0.0400  0.0395  0.0385  0.0402  0.0410  0.0401  0.0397  0.0409  0.0396  0.0405  0.0382  0.0387
  0.0384  0.0382  0.0377  0.0386  0.0391  0.0386  0.0383  0.0388  0.0382  0.0388  0.0376  0.0378
  0.0374  0.0374  0.0372  0.0376  0.0376  0.0375  0.0374  0.0375  0.0373  0.0376  0.0372  0.0373
  0.0371  0.0371  0.0371  0.0371  0.0371  0.0371  0.0371  0.0371  0.0371  0.0371  0.0371  0.0371
  0.0375  0.0372  0.0373  0.0372  0.0376  0.0375  0.0374  0.0376  0.0375  0.0373  0.0372  0.0373
  0.0386  0.0378  0.0378  0.0384  0.0392  0.0387  0.0383  0.0388  0.0383  0.0384  0.0376  0.0379
  0.0402  0.0387  0.0387  0.0406  0.0420  0.0401  0.0395  0.0406  0.0396  0.0402  0.0381  0.0388
niter,ni,del,rscale     5    3    5.0000    1.2000
parameters
   -3.1577  -12.1854   -3.9909  -14.4033  -24.6662  -15.1807
    9.0766    9.9357   -8.9124   38.6390   -4.4987  -49.7824
eta,q 0.96291 11.28405
  0.0401  0.0392  0.0386  0.0402  0.0411  0.0401  0.0397  0.0408  0.0396  0.0403  0.0382  0.0387
  0.0384  0.0380  0.0378  0.0386  0.0392  0.0386  0.0383  0.0387  0.0382  0.0387  0.0376  0.0379
  0.0374  0.0373  0.0373  0.0376  0.0377  0.0375  0.0374  0.0374  0.0373  0.0376  0.0372  0.0373
  0.0371  0.0371  0.0371  0.0371  0.0371  0.0371  0.0371  0.0371  0.0371  0.0371  0.0371  0.0371
  0.0374  0.0373  0.0372  0.0372  0.0375  0.0375  0.0374  0.0376  0.0374  0.0374  0.0372  0.0373
  0.0385  0.0379  0.0378  0.0383  0.0390  0.0386  0.0383  0.0388  0.0383  0.0385  0.0376  0.0379
  0.0401  0.0389  0.0387  0.0406  0.0417  0.0401  0.0396  0.0406  0.0395  0.0403  0.0381  0.0387
niter,ni,del,rscale     4    3    5.0000    1.2000
parameters
   -3.1550  -12.1526   -4.0032  -14.4117  -24.7234  -15.1924
    9.0742    9.9457   -8.9086   38.6776   -4.5122  -49.7995
eta,q 0.96291 11.28154
  0.0401  0.0391  0.0386  0.0402  0.0412  0.0401  0.0397  0.0408  0.0396  0.0403  0.0382  0.0387
  0.0385  0.0380  0.0378  0.0387  0.0392  0.0386  0.0383  0.0387  0.0382  0.0386  0.0376  0.0379
  0.0374  0.0373  0.0373  0.0376  0.0377  0.0375  0.0374  0.0374  0.0373  0.0375  0.0372  0.0373
  0.0371  0.0371  0.0371  0.0371  0.0371  0.0371  0.0371  0.0371  0.0371  0.0371  0.0371  0.0371
  0.0374  0.0373  0.0372  0.0372  0.0375  0.0375  0.0374  0.0376  0.0374  0.0374  0.0372  0.0373
  0.0385  0.0380  0.0378  0.0383  0.0389  0.0386  0.0383  0.0388  0.0383  0.0385  0.0376  0.0379
  0.0401  0.0389  0.0386  0.0406  0.0416  0.0401  0.0396  0.0407  0.0395  0.0403  0.0381  0.0387
niter,ni,del,rscale     3    3    5.0000    1.2000
parameters
   -3.1532  -12.1408   -4.0085  -14.4123  -24.7481  -15.1952
    9.0702    9.9489   -8.9074   38.6904   -4.5042  -49.8050
eta,q 0.96290 11.28046
  0.0401  0.0391  0.0386  0.0402  0.0412  0.0401  0.0397  0.0408  0.0396  0.0402  0.0382  0.0387
  0.0385  0.0379  0.0378  0.0387  0.0393  0.0386  0.0383  0.0387  0.0382  0.0386  0.0376  0.0379
  0.0374  0.0373  0.0373  0.0376  0.0377  0.0375  0.0374  0.0374  0.0373  0.0375  0.0372  0.0373
  0.0371  0.0371  0.0371  0.0371  0.0371  0.0371  0.0371  0.0371  0.0371  0.0371  0.0371  0.0371
  0.0375  0.0373  0.0372  0.0372  0.0375  0.0375  0.0374  0.0376  0.0374  0.0374  0.0372  0.0373
  0.0385  0.0380  0.0378  0.0383  0.0389  0.0386  0.0383  0.0388  0.0383  0.0385  0.0376  0.0379
  0.0401  0.0390  0.0386  0.0406  0.0415  0.0401  0.0396  0.0407  0.0395  0.0403  0.0381  0.0387
registration optimization eta report
parameter search radius
    2.4000    2.4000    2.4000    9.5220   10.9503    8.2800
    7.2000    7.2000    8.2800    8.2800    8.2800    8.2800
100000*second partial in parameter space
       52.       34.       26.        4.        4.        4.
        5.        7.        4.        5.        1.        2.
  0.0401  0.0391  0.0386  0.0402  0.0412  0.0401  0.0397  0.0408  0.0396  0.0402  0.0382  0.0387
  0.0385  0.0379  0.0378  0.0387  0.0393  0.0386  0.0383  0.0387  0.0382  0.0386  0.0376  0.0379
  0.0374  0.0373  0.0373  0.0376  0.0377  0.0375  0.0374  0.0374  0.0373  0.0375  0.0372  0.0373
  0.0371  0.0371  0.0371  0.0371  0.0371  0.0371  0.0371  0.0371  0.0371  0.0371  0.0371  0.0371
  0.0375  0.0373  0.0372  0.0372  0.0375  0.0375  0.0374  0.0376  0.0374  0.0374  0.0372  0.0373
  0.0385  0.0380  0.0378  0.0383  0.0389  0.0386  0.0383  0.0388  0.0383  0.0385  0.0376  0.0379
  0.0401  0.0390  0.0386  0.0406  0.0415  0.0401  0.0396  0.0407  0.0395  0.0403  0.0381  0.0387
   -3.1532  -12.1408   -4.0085  -14.4123  -24.7481  -15.1952
    9.0702    9.9489   -8.9074   38.6904   -4.5042  -49.8050
eta,q 0.96290 11.28046

---------------------------------------------------------------------
imgreg_4dfp /opt/freesurfer/average/711-2C_as_mni_average_305 /opt/freesurfer/average/711-2B_as_mni_average_305_mask talsrcimg_g11 none talsrcimg_to_711-2C_as_mni_average_305_t4 2311
---------------------------------------------------------------------

freesurfer imgreg_4dfp.c
/opt/freesurfer/average/711-2C_as_mni_average_305.4dfp.img
       256       256       256         1
  1.000000  1.000000  1.000000
orientation T byte_order littleendian
Reading image: /opt/freesurfer/average/711-2C_as_mni_average_305.4dfp.img
dimensions:      256       256       256
mmppix:       1.0000   -1.0000   -1.0000
center:     128.0000 -129.0000 -129.0000
/opt/freesurfer/average/711-2B_as_mni_average_305_mask.4dfp.img
       256       256       256         1
  1.000000  1.000000  1.000000
orientation T byte_order littleendian
Reading mask: /opt/freesurfer/average/711-2B_as_mni_average_305_mask.4dfp.img (2306576 pixels)
talsrcimg_g11.4dfp.img
       256       256       256         1
  1.000000  1.000000  1.000000
orientation T byte_order littleendian
Reading image: talsrcimg_g11.4dfp.img
dimensions:      256       256       256
mmppix:       1.0000   -1.0000   -1.0000
center:     128.0000 -129.0000 -129.0000
fimgreg.f
image alignment mode   2311 decimal      907 hex
parameters
   -3.1532  -12.1408   -4.0085  -14.4123  -24.7481  -15.1952
    9.0702    9.9489   -8.9074   38.6904   -4.5042  -49.8050
eta,q 0.96290 11.28045
niter,ni,del,rscale     5    3    5.0000    0.8000
parameters
   -3.1636  -12.1790   -3.9828  -13.5789  -24.2869  -15.2130
    8.9450    9.8093   -9.0205   38.7313   -4.3094  -49.7645
eta,q 0.96297 11.35911
  0.0385  0.0379  0.0378  0.0381  0.0381  0.0382  0.0382  0.0387  0.0379  0.0382  0.0375  0.0376
  0.0377  0.0374  0.0374  0.0376  0.0376  0.0376  0.0376  0.0377  0.0374  0.0376  0.0372  0.0373
  0.0372  0.0372  0.0372  0.0373  0.0372  0.0372  0.0371  0.0372  0.0371  0.0372  0.0371  0.0371
  0.0371  0.0371  0.0371  0.0371  0.0370  0.0370  0.0370  0.0370  0.0370  0.0370  0.0370  0.0370
  0.0373  0.0372  0.0372  0.0370  0.0371  0.0372  0.0372  0.0373  0.0372  0.0371  0.0371  0.0371
  0.0377  0.0375  0.0374  0.0372  0.0373  0.0376  0.0377  0.0379  0.0375  0.0375  0.0372  0.0373
  0.0385  0.0380  0.0378  0.0376  0.0378  0.0382  0.0383  0.0388  0.0380  0.0382  0.0374  0.0376
niter,ni,del,rscale     4    3    5.0000    0.7000
parameters
   -3.1335  -12.2996   -3.9665  -13.5374  -24.0962  -15.1996
    8.9106    9.7932   -9.0418   38.6955   -4.2948  -49.7505
eta,q 0.96299 11.37263
  0.0382  0.0376  0.0376  0.0376  0.0378  0.0379  0.0380  0.0384  0.0377  0.0379  0.0373  0.0375
  0.0375  0.0372  0.0373  0.0373  0.0374  0.0374  0.0375  0.0376  0.0373  0.0374  0.0372  0.0372
  0.0372  0.0371  0.0371  0.0371  0.0371  0.0371  0.0371  0.0371  0.0371  0.0371  0.0371  0.0371
  0.0370  0.0370  0.0370  0.0370  0.0370  0.0370  0.0370  0.0370  0.0370  0.0370  0.0370  0.0370
  0.0371  0.0372  0.0371  0.0370  0.0371  0.0371  0.0371  0.0372  0.0371  0.0371  0.0371  0.0371
  0.0375  0.0374  0.0372  0.0373  0.0373  0.0374  0.0375  0.0376  0.0374  0.0374  0.0372  0.0372
  0.0381  0.0378  0.0376  0.0377  0.0377  0.0379  0.0380  0.0383  0.0377  0.0379  0.0373  0.0375
niter,ni,del,rscale     3    3    5.0000    0.6000
parameters
   -3.1350  -12.3416   -3.9541  -13.4474  -24.0388  -15.1815
    8.8882    9.7567   -9.0539   38.6742   -4.2445  -49.7416
eta,q 0.96299 11.38120
  0.0378  0.0375  0.0374  0.0375  0.0376  0.0377  0.0378  0.0380  0.0375  0.0377  0.0373  0.0374
  0.0374  0.0372  0.0372  0.0372  0.0373  0.0373  0.0373  0.0374  0.0372  0.0373  0.0371  0.0372
  0.0371  0.0371  0.0371  0.0371  0.0371  0.0371  0.0371  0.0371  0.0371  0.0371  0.0370  0.0371
  0.0370  0.0370  0.0370  0.0370  0.0370  0.0370  0.0370  0.0370  0.0370  0.0370  0.0370  0.0370
  0.0371  0.0371  0.0371  0.0370  0.0371  0.0371  0.0371  0.0372  0.0371  0.0371  0.0370  0.0370
  0.0374  0.0373  0.0372  0.0372  0.0372  0.0373  0.0374  0.0375  0.0373  0.0373  0.0371  0.0372
  0.0378  0.0376  0.0374  0.0375  0.0375  0.0377  0.0378  0.0380  0.0375  0.0377  0.0372  0.0374
niter,ni,del,rscale     2    3    5.0000    0.5000
parameters
   -3.1349  -12.3629   -3.9483  -13.3619  -24.0005  -15.1781
    8.8612    9.7282   -9.0531   38.6639   -4.1937  -49.7137
eta,q 0.96299 11.38754
  0.0376  0.0374  0.0373  0.0373  0.0374  0.0375  0.0375  0.0377  0.0374  0.0375  0.0372  0.0373
  0.0373  0.0372  0.0371  0.0372  0.0372  0.0372  0.0372  0.0373  0.0372  0.0372  0.0371  0.0371
  0.0371  0.0370  0.0370  0.0371  0.0370  0.0371  0.0371  0.0371  0.0370  0.0371  0.0370  0.0370
  0.0370  0.0370  0.0370  0.0370  0.0370  0.0370  0.0370  0.0370  0.0370  0.0370  0.0370  0.0370
  0.0371  0.0371  0.0370  0.0370  0.0371  0.0371  0.0371  0.0371  0.0371  0.0371  0.0370  0.0370
  0.0373  0.0372  0.0371  0.0371  0.0372  0.0372  0.0373  0.0373  0.0372  0.0372  0.0371  0.0371
  0.0376  0.0374  0.0373  0.0373  0.0374  0.0375  0.0375  0.0377  0.0374  0.0375  0.0372  0.0373
niter,ni,del,rscale     1    3    5.0000    0.4000
parameters
   -3.1323  -12.3770   -3.9381  -13.2662  -23.9898  -15.1599
    8.8359    9.7054   -9.0530   38.6496   -4.1636  -49.6831
eta,q 0.96299 11.39334
  0.0374  0.0372  0.0372  0.0372  0.0372  0.0373  0.0373  0.0375  0.0372  0.0373  0.0371  0.0372
  0.0372  0.0371  0.0371  0.0371  0.0371  0.0371  0.0372  0.0372  0.0371  0.0371  0.0371  0.0371
  0.0371  0.0370  0.0370  0.0370  0.0370  0.0370  0.0370  0.0370  0.0370  0.0370  0.0370  0.0370
  0.0370  0.0370  0.0370  0.0370  0.0370  0.0370  0.0370  0.0370  0.0370  0.0370  0.0370  0.0370
  0.0370  0.0370  0.0370  0.0370  0.0370  0.0370  0.0371  0.0371  0.0370  0.0370  0.0370  0.0370
  0.0372  0.0371  0.0371  0.0371  0.0371  0.0371  0.0372  0.0372  0.0371  0.0371  0.0371  0.0371
  0.0374  0.0373  0.0372  0.0372  0.0372  0.0373  0.0374  0.0375  0.0372  0.0373  0.0371  0.0372
registration optimization eta report
parameter search radius
    0.8000    0.8000    0.8000    2.4000    2.4000    2.4000
    2.4000    2.4000    2.4000    2.4000    2.4000    2.4000
100000*second partial in parameter space
       57.       37.       28.        4.        4.        5.
        6.        8.        4.        5.        2.        3.
  0.0374  0.0372  0.0372  0.0372  0.0372  0.0373  0.0373  0.0375  0.0372  0.0373  0.0371  0.0372
  0.0372  0.0371  0.0371  0.0371  0.0371  0.0371  0.0372  0.0372  0.0371  0.0371  0.0371  0.0371
  0.0371  0.0370  0.0370  0.0370  0.0370  0.0370  0.0370  0.0370  0.0370  0.0370  0.0370  0.0370
  0.0370  0.0370  0.0370  0.0370  0.0370  0.0370  0.0370  0.0370  0.0370  0.0370  0.0370  0.0370
  0.0370  0.0370  0.0370  0.0370  0.0370  0.0370  0.0371  0.0371  0.0370  0.0370  0.0370  0.0370
  0.0372  0.0371  0.0371  0.0371  0.0371  0.0371  0.0372  0.0372  0.0371  0.0371  0.0371  0.0371
  0.0374  0.0373  0.0372  0.0372  0.0372  0.0373  0.0374  0.0375  0.0372  0.0373  0.0371  0.0372
   -3.1323  -12.3770   -3.9381  -13.2662  -23.9898  -15.1599
    8.8359    9.7054   -9.0530   38.6496   -4.1636  -49.6831
eta,q 0.96299 11.39334

---------------------------------------------------------------------
imgreg_4dfp /opt/freesurfer/average/711-2C_as_mni_average_305 /opt/freesurfer/average/711-2B_as_mni_average_305_mask talsrcimg_g11 none talsrcimg_to_711-2C_as_mni_average_305_t4 2311
---------------------------------------------------------------------

freesurfer imgreg_4dfp.c
/opt/freesurfer/average/711-2C_as_mni_average_305.4dfp.img
       256       256       256         1
  1.000000  1.000000  1.000000
orientation T byte_order littleendian
Reading image: /opt/freesurfer/average/711-2C_as_mni_average_305.4dfp.img
dimensions:      256       256       256
mmppix:       1.0000   -1.0000   -1.0000
center:     128.0000 -129.0000 -129.0000
/opt/freesurfer/average/711-2B_as_mni_average_305_mask.4dfp.img
       256       256       256         1
  1.000000  1.000000  1.000000
orientation T byte_order littleendian
Reading mask: /opt/freesurfer/average/711-2B_as_mni_average_305_mask.4dfp.img (2306576 pixels)
talsrcimg_g11.4dfp.img
       256       256       256         1
  1.000000  1.000000  1.000000
orientation T byte_order littleendian
Reading image: talsrcimg_g11.4dfp.img
dimensions:      256       256       256
mmppix:       1.0000   -1.0000   -1.0000
center:     128.0000 -129.0000 -129.0000
fimgreg.f
image alignment mode   2311 decimal      907 hex
parameters
   -3.1323  -12.3770   -3.9381  -13.2662  -23.9898  -15.1599
    8.8359    9.7054   -9.0530   38.6496   -4.1636  -49.6831
eta,q 0.96299 11.39334
niter,ni,del,rscale     5    3    5.0000    0.8000
parameters
   -3.1233  -12.3517   -3.9518  -13.6207  -24.0081  -15.1878
    8.9345    9.8199   -9.0339   38.6522   -4.3036  -49.7345
eta,q 0.96298 11.37178
  0.0385  0.0380  0.0377  0.0377  0.0379  0.0382  0.0384  0.0389  0.0380  0.0382  0.0374  0.0376
  0.0377  0.0374  0.0373  0.0373  0.0374  0.0376  0.0376  0.0378  0.0374  0.0376  0.0372  0.0373
  0.0372  0.0371  0.0371  0.0371  0.0371  0.0372  0.0372  0.0372  0.0371  0.0372  0.0371  0.0371
  0.0370  0.0370  0.0370  0.0370  0.0370  0.0370  0.0370  0.0370  0.0370  0.0370  0.0370  0.0370
  0.0372  0.0371  0.0371  0.0371  0.0371  0.0372  0.0372  0.0372  0.0371  0.0371  0.0371  0.0371
  0.0376  0.0374  0.0373  0.0374  0.0374  0.0376  0.0376  0.0378  0.0374  0.0375  0.0372  0.0373
  0.0384  0.0379  0.0377  0.0381  0.0380  0.0382  0.0382  0.0386  0.0379  0.0382  0.0374  0.0377
niter,ni,del,rscale     4    3    5.0000    0.7000
parameters
   -3.1374  -12.3476   -3.9509  -13.5527  -24.0150  -15.1832
    8.9251    9.7851   -9.0416   38.6634   -4.2912  -49.7337
eta,q 0.96299 11.37583
  0.0381  0.0377  0.0376  0.0377  0.0377  0.0379  0.0380  0.0384  0.0377  0.0379  0.0373  0.0375
  0.0375  0.0373  0.0373  0.0373  0.0373  0.0374  0.0375  0.0376  0.0373  0.0374  0.0372  0.0372
  0.0371  0.0371  0.0371  0.0371  0.0371  0.0371  0.0371  0.0371  0.0371  0.0371  0.0371  0.0371
  0.0370  0.0370  0.0370  0.0370  0.0370  0.0370  0.0370  0.0370  0.0370  0.0370  0.0370  0.0370
  0.0372  0.0371  0.0371  0.0370  0.0371  0.0371  0.0371  0.0372  0.0371  0.0371  0.0371  0.0371
  0.0375  0.0373  0.0373  0.0372  0.0373  0.0374  0.0375  0.0377  0.0374  0.0374  0.0372  0.0372
  0.0381  0.0377  0.0376  0.0377  0.0377  0.0379  0.0380  0.0383  0.0377  0.0379  0.0373  0.0375
niter,ni,del,rscale     3    3    5.0000    0.6000
parameters
   -3.1366  -12.3552   -3.9455  -13.4583  -24.0044  -15.1752
    8.8970    9.7607   -9.0532   38.6592   -4.2617  -49.7271
eta,q 0.96299 11.38212
  0.0378  0.0375  0.0374  0.0375  0.0375  0.0377  0.0377  0.0380  0.0375  0.0377  0.0373  0.0374
  0.0374  0.0372  0.0372  0.0372  0.0373  0.0373  0.0373  0.0374  0.0372  0.0373  0.0371  0.0372
  0.0371  0.0371  0.0371  0.0371  0.0371  0.0371  0.0371  0.0371  0.0371  0.0371  0.0370  0.0371
  0.0370  0.0370  0.0370  0.0370  0.0370  0.0370  0.0370  0.0370  0.0370  0.0370  0.0370  0.0370
  0.0371  0.0371  0.0371  0.0370  0.0371  0.0371  0.0371  0.0372  0.0371  0.0371  0.0370  0.0370
  0.0374  0.0373  0.0372  0.0372  0.0372  0.0373  0.0374  0.0375  0.0373  0.0373  0.0371  0.0372
  0.0378  0.0375  0.0374  0.0375  0.0375  0.0377  0.0378  0.0380  0.0375  0.0377  0.0372  0.0374
niter,ni,del,rscale     2    3    5.0000    0.5000
parameters
   -3.1324  -12.3679   -3.9410  -13.3622  -23.9956  -15.1722
    8.8649    9.7266   -9.0554   38.6518   -4.2005  -49.6995
eta,q 0.96299 11.38728
  0.0376  0.0374  0.0373  0.0373  0.0374  0.0375  0.0375  0.0377  0.0374  0.0375  0.0372  0.0373
  0.0373  0.0372  0.0371  0.0372  0.0372  0.0372  0.0372  0.0373  0.0372  0.0372  0.0371  0.0371
  0.0371  0.0370  0.0370  0.0371  0.0370  0.0371  0.0371  0.0371  0.0370  0.0371  0.0370  0.0370
  0.0370  0.0370  0.0370  0.0370  0.0370  0.0370  0.0370  0.0370  0.0370  0.0370  0.0370  0.0370
  0.0371  0.0371  0.0370  0.0370  0.0371  0.0371  0.0371  0.0371  0.0371  0.0371  0.0370  0.0370
  0.0373  0.0372  0.0371  0.0371  0.0372  0.0372  0.0373  0.0373  0.0372  0.0372  0.0371  0.0371
  0.0376  0.0374  0.0373  0.0373  0.0374  0.0375  0.0375  0.0377  0.0374  0.0375  0.0372  0.0373
niter,ni,del,rscale     1    3    5.0000    0.4000
parameters
   -3.1334  -12.3765   -3.9385  -13.2693  -24.0074  -15.1558
    8.8407    9.6983   -9.0662   38.6340   -4.1724  -49.6953
eta,q 0.96299 11.39200
  0.0374  0.0372  0.0372  0.0372  0.0372  0.0373  0.0373  0.0375  0.0372  0.0373  0.0371  0.0372
  0.0372  0.0371  0.0371  0.0371  0.0371  0.0371  0.0372  0.0372  0.0371  0.0371  0.0371  0.0371
  0.0371  0.0370  0.0370  0.0370  0.0370  0.0370  0.0370  0.0370  0.0370  0.0370  0.0370  0.0370
  0.0370  0.0370  0.0370  0.0370  0.0370  0.0370  0.0370  0.0370  0.0370  0.0370  0.0370  0.0370
  0.0371  0.0370  0.0370  0.0370  0.0370  0.0370  0.0371  0.0371  0.0370  0.0370  0.0370  0.0370
  0.0372  0.0371  0.0371  0.0371  0.0371  0.0371  0.0372  0.0372  0.0371  0.0371  0.0371  0.0371
  0.0374  0.0372  0.0372  0.0372  0.0372  0.0373  0.0374  0.0375  0.0372  0.0373  0.0371  0.0372
registration optimization eta report
parameter search radius
    0.8000    0.8000    0.8000    2.4000    2.4000    2.4000
    2.4000    2.4000    2.4000    2.4000    2.4000    2.4000
100000*second partial in parameter space
       57.       36.       28.        4.        4.        5.
        6.        8.        4.        5.        2.        3.
  0.0374  0.0372  0.0372  0.0372  0.0372  0.0373  0.0373  0.0375  0.0372  0.0373  0.0371  0.0372
  0.0372  0.0371  0.0371  0.0371  0.0371  0.0371  0.0372  0.0372  0.0371  0.0371  0.0371  0.0371
  0.0371  0.0370  0.0370  0.0370  0.0370  0.0370  0.0370  0.0370  0.0370  0.0370  0.0370  0.0370
  0.0370  0.0370  0.0370  0.0370  0.0370  0.0370  0.0370  0.0370  0.0370  0.0370  0.0370  0.0370
  0.0371  0.0370  0.0370  0.0370  0.0370  0.0370  0.0371  0.0371  0.0370  0.0370  0.0370  0.0370
  0.0372  0.0371  0.0371  0.0371  0.0371  0.0371  0.0372  0.0372  0.0371  0.0371  0.0371  0.0371
  0.0374  0.0372  0.0372  0.0372  0.0372  0.0373  0.0374  0.0375  0.0372  0.0373  0.0371  0.0372
   -3.1334  -12.3765   -3.9385  -13.2693  -24.0074  -15.1558
    8.8407    9.6983   -9.0662   38.6340   -4.1724  -49.6953
eta,q 0.96299 11.39200

---------------------------------------------------------------------
compute_vox2vox talsrcimg talsrcimg_to_711-2C_as_mni_average_305_t4 /opt/freesurfer/average/711-2C_as_mni_average_305
---------------------------------------------------------------------

freesurfer compute_vox2vox.c
Reading: talsrcimg.4dfp.ifh
Reading: talsrcimg_to_711-2C_as_mni_average_305_t4
Reading: /opt/freesurfer/average/711-2C_as_mni_average_305.4dfp.ifh
Writing: talsrcimg_to_711-2C_as_mni_average_305_t4_vox2vox.txt

start time Sat Mar 14 01:04:04 CET 2026
end		time Sat Mar 14 01:05:32 CET 2026

mpr2mni305 success

avi2talxfm orig_nu.mgz /opt/freesurfer/average/mni305.cor.mgz talsrcimg_to_711-2C_as_mni_average_305_t4_vox2vox.txt transforms/talairach.auto.xfm
avi2talxfm done
mv -f /out/sourcedata/freesurfer/sub-v2s8x29205_ses-1/mri/talsrcimg_to_711-2C_as_mni_average_305_t4_vox2vox.txt /out/sourcedata/freesurfer/sub-v2s8x29205_ses-1/mri/transforms/talsrcimg_to_711-2C_as_mni_average_305_t4_vox2vox.txt
lta_convert --src orig_nu.mgz --trg /opt/freesurfer/average/mni305.cor.mgz --inxfm transforms/talairach.auto.xfm --outlta transforms/talairach.auto.xfm.lta --subject fsaverage
7.3.2

--src: orig_nu.mgz src image (geometry).
--trg: /opt/freesurfer/average/mni305.cor.mgz trg image (geometry).
--inmni: transforms/talairach.auto.xfm input MNI/XFM transform.
--outlta: transforms/talairach.auto.xfm.lta output LTA.
--s: fsaverage subject name
 LTA read, type : 1
 1.13298  -0.05354  -0.16682   0.68770;
 0.10394   0.90328   0.57861   9.39664;
 0.08233  -0.46561   1.00186   9.76704;
 0.00000   0.00000   0.00000   1.00000;
setting subject to fsaverage
Writing  LTA to file transforms/talairach.auto.xfm.lta...
lta_convert successful.
 
 
Started at Sat Mar 14 01:04:03 CET 2026
Ended   at Sat Mar 14 01:05:32 CET 2026
talairach_avi done
