status file for recon-all
Sat Mar 14 04:41:56 CET 2026
#@# Tessellate lh Sat Mar 14 04:41:56 CET 2026
#@# Smooth1 lh Sat Mar 14 04:41:58 CET 2026
#@# Inflation1 lh Sat Mar 14 04:42:00 CET 2026
#@# QSphere lh Sat Mar 14 04:42:13 CET 2026
#@# Fix Topology lh Sat Mar 14 04:43:07 CET 2026
#@# Smooth2 lh Sat Mar 14 04:52:08 CET 2026
#@# Inflation2 lh Sat Mar 14 04:52:10 CET 2026
#@# Curv .H and .K lh Sat Mar 14 04:52:24 CET 2026
#@# Sphere lh Sat Mar 14 04:52:59 CET 2026
#@# Surf Reg lh Sat Mar 14 04:57:28 CET 2026
#@# Jacobian white lh Sat Mar 14 05:03:06 CET 2026
#@# AvgCurv lh Sat Mar 14 05:03:06 CET 2026
#@# Cortical Parc lh Sat Mar 14 05:03:07 CET 2026
#@# white curv lh Sat Mar 14 05:08:55 CET 2026
#@# white area lh Sat Mar 14 05:08:57 CET 2026
#@# pial curv lh Sat Mar 14 05:08:57 CET 2026
#@# pial area lh Sat Mar 14 05:08:59 CET 2026
#@# thickness lh Sat Mar 14 05:09:00 CET 2026
#@# area and vertex vol lh Sat Mar 14 05:09:18 CET 2026
#@# Curvature Stats lh Sat Mar 14 05:09:19 CET 2026
#@# Cortical Parc 2 lh Sat Mar 14 05:09:20 CET 2026
#@# Cortical Parc 3 lh Sat Mar 14 05:09:30 CET 2026
#@# WM/GM Contrast lh Sat Mar 14 05:09:38 CET 2026
recon-all -s sub-v2s8x29246_ses-1 finished without error at Sat Mar 14 05:09:41 CET 2026



#New# invocation of recon-all 



status file for recon-all
Sat Mar 14 05:31:13 CET 2026
#@# white curv lh Sat Mar 14 05:31:13 CET 2026
#@# white area lh Sat Mar 14 05:31:13 CET 2026
#@# pial curv lh Sat Mar 14 05:31:13 CET 2026
#@# pial area lh Sat Mar 14 05:31:13 CET 2026
#@# thickness lh Sat Mar 14 05:31:13 CET 2026
#@# area and vertex vol lh Sat Mar 14 05:31:13 CET 2026
#@# Parcellation Stats lh Sat Mar 14 05:31:13 CET 2026
#@# Parcellation Stats 2 lh Sat Mar 14 05:31:27 CET 2026
#@# Parcellation Stats 3 lh Sat Mar 14 05:31:35 CET 2026
#@# BA_exvivo Labels lh Sat Mar 14 05:31:41 CET 2026
recon-all -s sub-v2s8x29246_ses-1 finished without error at Sat Mar 14 05:33:39 CET 2026
