/out/sourcedata/freesurfer/sub-v2s8x29226_ses-1/mri
/opt/freesurfer/bin/talairach_avi
--i orig_nu.mgz --xfm transforms/talairach.auto.xfm
talairach_avi 7.3.2
Linux dna026 5.14.0-427.37.1.el9_4.x86_64 #1 SMP PREEMPT_DYNAMIC Fri Sep 13 12:41:50 EDT 2024 x86_64 x86_64 x86_64 GNU/Linux
Sat Mar 14 01:58:22 CET 2026
mri_convert orig_nu.mgz talsrcimg.img 
reading from orig_nu.mgz...
TR=0.00, TE=0.00, TI=0.00, flip angle=0.00
i_ras = (-1, 0, 0)
j_ras = (0, 0, -1)
k_ras = (0, 1, 0)
writing to talsrcimg.img...
Analyze Output Matrix
-1.00000   0.00000   0.00000   120.26753;
 0.00000   0.00000   1.00000  -128.00000;
 0.00000  -1.00000   0.00000   129.27710;
 0.00000   0.00000   0.00000   1.00000;
--------------------
INFO: set hdr.hist.orient to -1
mpr2mni305 talsrcimg
Sat Mar 14 01:58:23 CET 2026
/opt/freesurfer/bin/mpr2mni305 talsrcimg
mpr2mni305 7.3.2
target=711-2C_as_mni_average_305

---------------------------------------------------------------------
analyzeto4dfp talsrcimg -O0 -y
---------------------------------------------------------------------

freesurfer ifh2hdr.c
Sat Mar 14 01:58:23 2026
Writing: talsrcimg.4dfp.hdr
freesurfer analyzeto4dfp.c
Reading: talsrcimg.hdr
header size 348 bytes
hdr.dime.datatype	offset=70	value=2
hdr.dime.bitpix		offset=72	value=8
hdr.hist.orient		offset=252	value=-1
dimensionality     4
dimensions       256       256       256         1
Reading: talsrcimg.img
Writing: talsrcimg.4dfp.img
Writing: talsrcimg.4dfp.ifh
ifh2hdr talsrcimg -r0to211
ori=2

---------------------------------------------------------------------
gauss_4dfp talsrcimg 1.1
---------------------------------------------------------------------

freesurfer gauss_4dfp.c
Reading: talsrcimg.4dfp.img
Writing: talsrcimg_g11.4dfp.img
image dimensions 256 256 256 padded to 288 288 288
processing volume 1freesurfer ifh2hdr.c
Sat Mar 14 01:58:25 2026
Writing: talsrcimg_g11.4dfp.hdr

Writing: talsrcimg_g11.4dfp.ifh
including: talsrcimg.4dfp.img.rec in talsrcimg_g11.4dfp.img.rec

---------------------------------------------------------------------
imgreg_4dfp /opt/freesurfer/average/711-2C_as_mni_average_305 none talsrcimg_g11 none talsrcimg_to_711-2C_as_mni_average_305_t4 4355
---------------------------------------------------------------------

freesurfer imgreg_4dfp.c
/opt/freesurfer/average/711-2C_as_mni_average_305.4dfp.img
       256       256       256         1
  1.000000  1.000000  1.000000
orientation T byte_order littleendian
Reading image: /opt/freesurfer/average/711-2C_as_mni_average_305.4dfp.img
dimensions:      256       256       256
mmppix:       1.0000   -1.0000   -1.0000
center:     128.0000 -129.0000 -129.0000
talsrcimg_g11.4dfp.img
       256       256       256         1
  1.000000  1.000000  1.000000
orientation T byte_order littleendian
Reading image: talsrcimg_g11.4dfp.img
dimensions:      256       256       256
mmppix:       1.0000   -1.0000   -1.0000
center:     128.0000 -129.0000 -129.0000
t4_read: open error in t4_sub.f l:  41 t4_file(1:l)talsrcimg_to_711-2C_as_mni_average_305_t4 
t4_read: transform initialized to I4
rotation matrix determinant  1.000000
image alignment mode   4355 decimal     1103 hex
   -7.5000  -45.0000  -45.0000 7760.9526   17.9913
    0.0000  -45.0000  -45.0000 8086.2773   17.9819
    7.5000  -45.0000  -45.0000 7783.8281   17.9946
   -7.5000  -37.5000  -45.0000 8373.1084   17.9256
    0.0000  -37.5000  -45.0000 8733.4170   17.9160
    7.5000  -37.5000  -45.0000 8381.5889   17.9301
   -7.5000  -30.0000  -45.0000 9281.0908   17.8865
    0.0000  -30.0000  -45.0000 9679.8223   17.8785
    7.5000  -30.0000  -45.0000 9289.0352   17.8975
   -7.5000  -22.5000  -45.000010131.1533   17.8605
    0.0000  -22.5000  -45.000010576.0479   17.8545
    7.5000  -22.5000  -45.000010135.7451   17.8774
   -7.5000  -15.0000  -45.000010883.6582   17.8501
    0.0000  -15.0000  -45.000011364.1279   17.8452
    7.5000  -15.0000  -45.000010866.3438   17.8683
   -7.5000   -7.5000  -45.000011576.1445   17.8348
    0.0000   -7.5000  -45.000012103.1104   17.8279
    7.5000   -7.5000  -45.000011555.8887   17.8455
   -7.5000    0.0000  -45.000012200.6816   17.8268
    0.0000    0.0000  -45.000012795.0811   17.8168
    7.5000    0.0000  -45.000012185.4141   17.8291
   -7.5000    7.5000  -45.000011879.6191   17.8388
    0.0000    7.5000  -45.000012426.3311   17.8287
    7.5000    7.5000  -45.000011835.6895   17.8424
   -7.5000   15.0000  -45.000011494.6826   17.8546
    0.0000   15.0000  -45.000011985.6973   17.8464
    7.5000   15.0000  -45.000011416.1631   17.8652
   -7.5000   22.5000  -45.000010965.3535   17.8555
    0.0000   22.5000  -45.000011408.2920   17.8495
    7.5000   22.5000  -45.000010862.6152   17.8723
   -7.5000   30.0000  -45.000010241.3643   17.6122
    0.0000   30.0000  -45.000010653.8574   17.6074
    7.5000   30.0000  -45.000010141.8213   17.6302
   -7.5000   37.5000  -45.0000 9842.0869   17.5972
    0.0000   37.5000  -45.000010237.1729   17.5903
    7.5000   37.5000  -45.0000 9705.4775   17.6077
   -7.5000   45.0000  -45.0000 9049.8516   17.1426
    0.0000   45.0000  -45.0000 9424.6211   17.1329
    7.5000   45.0000  -45.0000 8922.6250   17.1448
   -7.5000  -45.0000  -37.5000 8234.4492   17.9683
    0.0000  -45.0000  -37.5000 8606.1768   17.9601
    7.5000  -45.0000  -37.5000 8277.3447   17.9698
   -7.5000  -37.5000  -37.5000 8899.7998   17.8953
    0.0000  -37.5000  -37.5000 9309.7109   17.8862
    7.5000  -37.5000  -37.5000 8935.8828   17.9003
   -7.5000  -30.0000  -37.5000 9872.0117   17.8547
    0.0000  -30.0000  -37.500010325.4590   17.8463
    7.5000  -30.0000  -37.5000 9904.9590   17.8640
   -7.5000  -22.5000  -37.500010761.2256   17.8362
    0.0000  -22.5000  -37.500011252.7500   17.8299
    7.5000  -22.5000  -37.500010744.3311   17.8476
   -7.5000  -15.0000  -37.500011547.3389   17.8345
    0.0000  -15.0000  -37.500012072.5996   17.8301
    7.5000  -15.0000  -37.500011498.2295   17.8446
   -7.5000   -7.5000  -37.500012261.8174   17.8192
    0.0000   -7.5000  -37.500012843.9375   17.8132
    7.5000   -7.5000  -37.500012220.5732   17.8233
   -7.5000    0.0000  -37.500012883.7510   17.8043
    0.0000    0.0000  -37.500013528.2246   17.7955
    7.5000    0.0000  -37.500012863.6680   17.8049
   -7.5000    7.5000  -37.500012523.7881   17.8087
    0.0000    7.5000  -37.500013133.0166   17.7992
    7.5000    7.5000  -37.500012479.1836   17.8129
   -7.5000   15.0000  -37.500012085.2588   17.8229
    0.0000   15.0000  -37.500012636.8740   17.8143
    7.5000   15.0000  -37.500012013.8623   17.8318
   -7.5000   22.5000  -37.500011528.9824   17.8313
    0.0000   22.5000  -37.500012030.3379   17.8249
    7.5000   22.5000  -37.500011436.5352   17.8425
   -7.5000   30.0000  -37.500010754.9746   17.5968
    0.0000   30.0000  -37.500011226.1826   17.5925
    7.5000   30.0000  -37.500010632.0342   17.6068
   -7.5000   37.5000  -37.500010308.0986   17.5818
    0.0000   37.5000  -37.500010758.8242   17.5758
    7.5000   37.5000  -37.500010154.1621   17.5858
   -7.5000   45.0000  -37.5000 9450.6826   17.1210
    0.0000   45.0000  -37.5000 9857.1992   17.1125
    7.5000   45.0000  -37.5000 9314.4863   17.1216
   -7.5000  -45.0000  -30.0000 8921.6377   18.7198
    0.0000  -45.0000  -30.0000 9318.6875   18.7074
    7.5000  -45.0000  -30.0000 8949.1797   18.7088
   -7.5000  -37.5000  -30.0000 9627.3662   18.6392
    0.0000  -37.5000  -30.000010061.7568   18.6243
    7.5000  -37.5000  -30.0000 9651.7773   18.6330
   -7.5000  -30.0000  -30.000010636.4482   18.5967
    0.0000  -30.0000  -30.000011127.7148   18.5797
    7.5000  -30.0000  -30.000010656.6953   18.5907
   -7.5000  -22.5000  -30.000011565.2129   18.5827
    0.0000  -22.5000  -30.000012102.7676   18.5667
    7.5000  -22.5000  -30.000011558.7178   18.5726
   -7.5000  -15.0000  -30.000012393.6836   18.5859
    0.0000  -15.0000  -30.000012988.5762   18.5729
    7.5000  -15.0000  -30.000012360.6963   18.5715
   -7.5000   -7.5000  -30.000013147.8818   18.5693
    0.0000   -7.5000  -30.000013797.1973   18.5576
    7.5000   -7.5000  -30.000013131.5635   18.5540
   -7.5000    0.0000  -30.000013808.9238   18.5491
    0.0000    0.0000  -30.000014508.8828   18.5362
    7.5000    0.0000  -30.000013778.1807   18.5375
   -7.5000    7.5000  -30.000013406.7568   18.5493
    0.0000    7.5000  -30.000014074.7871   18.5339
    7.5000    7.5000  -30.000013329.9697   18.5424
   -7.5000   15.0000  -30.000012929.0410   18.5637
    0.0000   15.0000  -30.000013515.2617   18.5465
    7.5000   15.0000  -30.000012788.5176   18.5574
   -7.5000   22.5000  -30.000012314.1465   18.5756
    0.0000   22.5000  -30.000012862.8701   18.5595
    7.5000   22.5000  -30.000012176.3535   18.5654
   -7.5000   30.0000  -30.000011472.0430   18.3400
    0.0000   30.0000  -30.000011996.6562   18.3271
    7.5000   30.0000  -30.000011302.2490   18.3258
   -7.5000   37.5000  -30.000010977.1016   18.3236
    0.0000   37.5000  -30.000011483.8281   18.3120
    7.5000   37.5000  -30.000010797.4941   18.3085
   -7.5000   45.0000  -30.000010043.8955   17.8503
    0.0000   45.0000  -30.000010499.2393   17.8379
    7.5000   45.0000  -30.0000 9865.3643   17.8391
   -7.5000  -45.0000  -22.5000 9609.6074   19.3684
    0.0000  -45.0000  -22.500010048.1562   19.3478
    7.5000  -45.0000  -22.5000 9636.0527   19.3420
   -7.5000  -37.5000  -22.500010338.2910   19.2885
    0.0000  -37.5000  -22.500010800.8271   19.2650
    7.5000  -37.5000  -22.500010350.5547   19.2673
   -7.5000  -30.0000  -22.500011410.3535   19.2435
    0.0000  -30.0000  -22.500011912.5947   19.2172
    7.5000  -30.0000  -22.500011397.4678   19.2219
   -7.5000  -22.5000  -22.500012419.3428   19.2243
    0.0000  -22.5000  -22.500012953.2197   19.1976
    7.5000  -22.5000  -22.500012363.4824   19.1953
   -7.5000  -15.0000  -22.500013277.0264   19.2236
    0.0000  -15.0000  -22.500013864.8770   19.1992
    7.5000  -15.0000  -22.500013216.3145   19.1883
   -7.5000   -7.5000  -22.500014073.1406   19.2074
    0.0000   -7.5000  -22.500014729.4941   19.1863
    7.5000   -7.5000  -22.500014008.1758   19.1743
   -7.5000    0.0000  -22.500014757.3418   19.1917
    0.0000    0.0000  -22.500015460.4521   19.1706
    7.5000    0.0000  -22.500014647.1963   19.1648
   -7.5000    7.5000  -22.500014322.4580   19.1956
    0.0000    7.5000  -22.500014992.1416   19.1717
    7.5000    7.5000  -22.500014159.1680   19.1738
   -7.5000   15.0000  -22.500013807.2725   19.2095
    0.0000   15.0000  -22.500014413.5332   19.1830
    7.5000   15.0000  -22.500013583.8232   19.1877
   -7.5000   22.5000  -22.500013142.1670   19.2157
    0.0000   22.5000  -22.500013693.4766   19.1889
    7.5000   22.5000  -22.500012904.2373   19.1866
   -7.5000   30.0000  -22.500012215.5400   18.9721
    0.0000   30.0000  -22.500012745.4756   18.9481
    7.5000   30.0000  -22.500011979.6016   18.9374
   -7.5000   37.5000  -22.500011663.2139   18.9562
    0.0000   37.5000  -22.500012176.6016   18.9353
    7.5000   37.5000  -22.500011423.1465   18.9235
   -7.5000   45.0000  -22.500010673.4102   18.4825
    0.0000   45.0000  -22.500011147.3447   18.4622
    7.5000   45.0000  -22.500010437.7988   18.4566
   -7.5000  -45.0000  -15.000010282.2500   19.8266
    0.0000  -45.0000  -15.000010765.7168   19.8035
    7.5000  -45.0000  -15.000010287.1748   19.7990
   -7.5000  -37.5000  -15.000011031.5293   19.7533
    0.0000  -37.5000  -15.000011554.7627   19.7278
    7.5000  -37.5000  -15.000011026.3076   19.7288
   -7.5000  -30.0000  -15.000012166.8838   19.7083
    0.0000  -30.0000  -15.000012736.1865   19.6807
    7.5000  -30.0000  -15.000012123.0879   19.6854
   -7.5000  -22.5000  -15.000013244.0723   19.6803
    0.0000  -22.5000  -15.000013821.8789   19.6518
    7.5000  -22.5000  -15.000013145.7812   19.6528
   -7.5000  -15.0000  -15.000014143.7002   19.6700
    0.0000  -15.0000  -15.000014770.0283   19.6435
    7.5000  -15.0000  -15.000014070.3242   19.6386
   -7.5000   -7.5000  -15.000014958.0000   19.6535
    0.0000   -7.5000  -15.000015666.9775   19.6300
    7.5000   -7.5000  -15.000014884.6113   19.6234
   -7.5000    0.0000  -15.000015705.8057   19.6456
    0.0000    0.0000  -15.000016413.5918   19.6220
    7.5000    0.0000  -15.000015553.5127   19.6175
   -7.5000    7.5000  -15.000015288.6318   19.6580
    0.0000    7.5000  -15.000015929.0244   19.6322
    7.5000    7.5000  -15.000015085.4863   19.6330
   -7.5000   15.0000  -15.000014699.1445   19.6736
    0.0000   15.0000  -15.000015298.2832   19.6458
    7.5000   15.0000  -15.000014442.1221   19.6504
   -7.5000   22.5000  -15.000013971.4307   19.6706
    0.0000   22.5000  -15.000014509.3193   19.6421
    7.5000   22.5000  -15.000013680.8184   19.6430
   -7.5000   30.0000  -15.000012980.1230   19.4154
    0.0000   30.0000  -15.000013491.2344   19.3892
    7.5000   30.0000  -15.000012687.5117   19.3844
   -7.5000   37.5000  -15.000012372.8555   19.3992
    0.0000   37.5000  -15.000012873.9141   19.3759
    7.5000   37.5000  -15.000012104.4668   19.3694
   -7.5000   45.0000  -15.000011301.6562   18.9311
    0.0000   45.0000  -15.000011770.1504   18.9084
    7.5000   45.0000  -15.000011053.9014   18.9040
   -7.5000  -45.0000   -7.500010929.8848   20.0438
    0.0000  -45.0000   -7.500011434.1504   20.0270
    7.5000  -45.0000   -7.500010899.2617   20.0330
   -7.5000  -37.5000   -7.500011709.5957   19.9746
    0.0000  -37.5000   -7.500012260.8701   19.9565
    7.5000  -37.5000   -7.500011678.9609   19.9644
   -7.5000  -30.0000   -7.500012896.6436   19.9319
    0.0000  -30.0000   -7.500013509.3477   19.9134
    7.5000  -30.0000   -7.500012860.5381   19.9264
   -7.5000  -22.5000   -7.500014003.0801   19.8994
    0.0000  -22.5000   -7.500014643.9082   19.8817
    7.5000  -22.5000   -7.500013964.3184   19.8971
   -7.5000  -15.0000   -7.500015013.0020   19.8832
    0.0000  -15.0000   -7.500015688.5732   19.8671
    7.5000  -15.0000   -7.500014973.2432   19.8816
   -7.5000   -7.5000   -7.500015916.9629   19.8657
    0.0000   -7.5000   -7.500016652.4043   19.8501
    7.5000   -7.5000   -7.500015832.5566   19.8602
   -7.5000    0.0000   -7.500016775.8633   19.8608
    0.0000    0.0000   -7.500017411.3027   19.8434
    7.5000    0.0000   -7.500016544.4688   19.8492
   -7.5000    7.5000   -7.500016345.3398   19.8782
    0.0000    7.5000   -7.500016901.1270   19.8597
    7.5000    7.5000   -7.500016055.7637   19.8671
   -7.5000   15.0000   -7.500015656.8154   19.8966
    0.0000   15.0000   -7.500016171.8184   19.8780
    7.5000   15.0000   -7.500015329.9619   19.8907
   -7.5000   22.5000   -7.500014845.3652   19.8874
    0.0000   22.5000   -7.500015319.4893   19.8697
    7.5000   22.5000   -7.500014471.8633   19.8850
   -7.5000   30.0000   -7.500013771.4766   19.6254
    0.0000   30.0000   -7.500014235.4199   19.6095
    7.5000   30.0000   -7.500013438.6895   19.6238
   -7.5000   37.5000   -7.500013108.5488   19.6081
    0.0000   37.5000   -7.500013552.2236   19.5927
    7.5000   37.5000   -7.500012806.6865   19.6026
   -7.5000   45.0000   -7.500011969.0713   19.1421
    0.0000   45.0000   -7.500012415.4854   19.1253
    7.5000   45.0000   -7.500011710.0537   19.1309
   -7.5000  -45.0000    0.000011444.5498   20.0811
    0.0000  -45.0000    0.000011956.0791   20.0706
    7.5000  -45.0000    0.000011428.2520   20.0845
   -7.5000  -37.5000    0.000012230.4990   20.0083
    0.0000  -37.5000    0.000012784.2812   19.9976
    7.5000  -37.5000    0.000012247.9043   20.0132
   -7.5000  -30.0000    0.000013447.7500   19.9650
    0.0000  -30.0000    0.000014022.4238   19.9562
    7.5000  -30.0000    0.000013458.8008   19.9773
   -7.5000  -22.5000    0.000014599.7568   19.9359
    0.0000  -22.5000    0.000015224.2578   19.9294
    7.5000  -22.5000    0.000014650.8623   19.9548
   -7.5000  -15.0000    0.000015689.2627   19.9240
    0.0000  -15.0000    0.000016411.3203   19.9187
    7.5000  -15.0000    0.000015737.9453   19.9442
   -7.5000   -7.5000    0.000016772.1602   19.9068
    0.0000   -7.5000    0.000017532.2812   19.8990
    7.5000   -7.5000    0.000016723.4863   19.9184
   -7.5000    0.0000    0.000017644.6992   19.8980
    0.0000    0.0000    0.000018279.7402   19.8868
    7.5000    0.0000    0.000017532.8027   19.9002
   -7.5000    7.5000    0.000017091.3574   19.9116
    0.0000    7.5000    0.000017625.6113   19.9005
    7.5000    7.5000    0.000016955.0098   19.9155
   -7.5000   15.0000    0.000016333.0508   19.9295
    0.0000   15.0000    0.000016777.8535   19.9205
    7.5000   15.0000    0.000016155.8398   19.9414
   -7.5000   22.5000    0.000015493.1680   19.9239
    0.0000   22.5000    0.000015873.8184   19.9174
    7.5000   22.5000    0.000015237.3867   19.9427
   -7.5000   30.0000    0.000014385.3311   19.6662
    0.0000   30.0000    0.000014766.8486   19.6609
    7.5000   30.0000    0.000014145.6016   19.6861
   -7.5000   37.5000    0.000013708.7676   19.6492
    0.0000   37.5000    0.000014105.0996   19.6415
    7.5000   37.5000    0.000013448.4580   19.6607
   -7.5000   45.0000    0.000012518.1094   19.1794
    0.0000   45.0000    0.000012961.1035   19.1686
    7.5000   45.0000    0.000012266.6172   19.1815
   -7.5000  -45.0000    7.500011020.4512   20.0918
    0.0000  -45.0000    7.500011537.5684   20.0827
    7.5000  -45.0000    7.500011050.6182   20.0936
   -7.5000  -37.5000    7.500011780.2871   20.0103
    0.0000  -37.5000    7.500012355.1865   20.0002
    7.5000  -37.5000    7.500011859.8730   20.0159
   -7.5000  -30.0000    7.500012944.6934   19.9654
    0.0000  -30.0000    7.500013558.4375   19.9561
    7.5000  -30.0000    7.500013038.8887   19.9758
   -7.5000  -22.5000    7.500014035.2314   19.9452
    0.0000  -22.5000    7.500014697.2842   19.9382
    7.5000  -22.5000    7.500014185.6963   19.9578
   -7.5000  -15.0000    7.500015110.3115   19.9433
    0.0000  -15.0000    7.500015807.7490   19.9384
    7.5000  -15.0000    7.500015244.3340   19.9544
   -7.5000   -7.5000    7.500016144.7090   19.9258
    0.0000   -7.5000    7.500016866.3750   19.9191
    7.5000   -7.5000    7.500016269.8066   19.9302
   -7.5000    0.0000    7.500017013.3184   19.9086
    0.0000    0.0000    7.500017621.3789   19.8989
    7.5000    0.0000    7.500017157.4316   19.9093
   -7.5000    7.5000    7.500016505.4648   19.9136
    0.0000    7.5000    7.500016981.8340   19.9030
    7.5000    7.5000    7.500016603.6738   19.9183
   -7.5000   15.0000    7.500015745.4121   19.9299
    0.0000   15.0000    7.500016161.0479   19.9203
    7.5000   15.0000    7.500015743.9014   19.9398
   -7.5000   22.5000    7.500014856.4717   19.9332
    0.0000   22.5000    7.500015297.6055   19.9261
    7.5000   22.5000    7.500014772.5684   19.9457
   -7.5000   30.0000    7.500013771.8564   19.6852
    0.0000   30.0000    7.500014223.0879   19.6803
    7.5000   30.0000    7.500013646.2441   19.6961
   -7.5000   37.5000    7.500013101.0596   19.6679
    0.0000   37.5000    7.500013580.5303   19.6613
    7.5000   37.5000    7.500012943.0547   19.6723
   -7.5000   45.0000    7.500011992.5674   19.1896
    0.0000   45.0000    7.500012477.0811   19.1802
    7.5000   45.0000    7.500011821.5010   19.1903
   -7.5000  -45.0000   15.000010527.2305   20.1301
    0.0000  -45.0000   15.000011004.6523   20.1168
    7.5000  -45.0000   15.000010559.2256   20.1182
   -7.5000  -37.5000   15.000011225.1748   20.0431
    0.0000  -37.5000   15.000011712.7305   20.0271
    7.5000  -37.5000   15.000011302.9082   20.0365
   -7.5000  -30.0000   15.000012302.0195   19.9974
    0.0000  -30.0000   15.000012824.5381   19.9790
    7.5000  -30.0000   15.000012424.0586   19.9909
   -7.5000  -22.5000   15.000013353.4609   19.9826
    0.0000  -22.5000   15.000013942.3867   19.9653
    7.5000  -22.5000   15.000013518.2812   19.9714
   -7.5000  -15.0000   15.000014364.5996   19.9864
    0.0000  -15.0000   15.000015025.5449   19.9722
    7.5000  -15.0000   15.000014558.3818   19.9705
   -7.5000   -7.5000   15.000015353.0283   19.9684
    0.0000   -7.5000   15.000016065.5586   19.9557
    7.5000   -7.5000   15.000015589.6270   19.9516
   -7.5000    0.0000   15.000016274.3037   19.9463
    0.0000    0.0000   15.000017073.5039   19.9324
    7.5000    0.0000   15.000016526.1621   19.9337
   -7.5000    7.5000   15.000015857.7949   19.9463
    0.0000    7.5000   15.000016701.4590   19.9298
    7.5000    7.5000   15.000016069.9629   19.9389
   -7.5000   15.0000   15.000015103.4668   19.9618
    0.0000   15.0000   15.000015886.8857   19.9433
    7.5000   15.0000   15.000015212.3652   19.9550
   -7.5000   22.5000   15.000014167.2559   19.9706
    0.0000   22.5000   15.000014844.5830   19.9532
    7.5000   22.5000   15.000014196.8857   19.9593
   -7.5000   30.0000   15.000013055.4541   19.7277
    0.0000   30.0000   15.000013653.6064   19.7138
    7.5000   30.0000   15.000013075.7441   19.7120
   -7.5000   37.5000   15.000012402.2969   19.7099
    0.0000   37.5000   15.000012936.5449   19.6974
    7.5000   37.5000   15.000012381.0020   19.6934
   -7.5000   45.0000   15.000011350.9531   19.2260
    0.0000   45.0000   15.000011830.2969   19.2126
    7.5000   45.0000   15.000011282.7334   19.2138
   -7.5000  -45.0000   22.5000 9932.7031   20.1965
    0.0000  -45.0000   22.500010354.9756   20.1753
    7.5000  -45.0000   22.5000 9950.1562   20.1691
   -7.5000  -37.5000   22.500010578.6279   20.1127
    0.0000  -37.5000   22.500011044.8613   20.0884
    7.5000  -37.5000   22.500010641.1982   20.0907
   -7.5000  -30.0000   22.500011609.7070   20.0657
    0.0000  -30.0000   22.500012122.2598   20.0385
    7.5000  -30.0000   22.500011718.8623   20.0432
   -7.5000  -22.5000   22.500012647.0664   20.0462
    0.0000  -22.5000   22.500013223.3604   20.0185
    7.5000  -22.5000   22.500012785.3096   20.0159
   -7.5000  -15.0000   22.500013627.6270   20.0457
    0.0000  -15.0000   22.500014296.7295   20.0206
    7.5000  -15.0000   22.500013793.6504   20.0089
   -7.5000   -7.5000   22.500014551.8379   20.0285
    0.0000   -7.5000   22.500015231.1338   20.0068
    7.5000   -7.5000   22.500014716.2764   19.9941
   -7.5000    0.0000   22.500015398.6094   20.0115
    0.0000    0.0000   22.500016112.4658   19.9899
    7.5000    0.0000   22.500015521.0664   19.9836
   -7.5000    7.5000   22.500014978.1924   20.0153
    0.0000    7.5000   22.500015683.2314   19.9907
    7.5000    7.5000   22.500015078.2119   19.9927
   -7.5000   15.0000   22.500014267.6680   20.0301
    0.0000   15.0000   22.500014947.0879   20.0028
    7.5000   15.0000   22.500014345.6543   20.0073
   -7.5000   22.5000   22.500013390.8770   20.0341
    0.0000   22.5000   22.500013982.0830   20.0064
    7.5000   22.5000   22.500013423.3760   20.0038
   -7.5000   30.0000   22.500012362.7061   19.7863
    0.0000   30.0000   22.500012887.8096   19.7615
    7.5000   30.0000   22.500012385.1094   19.7499
   -7.5000   37.5000   22.500011730.8340   19.7693
    0.0000   37.5000   22.500012220.2031   19.7478
    7.5000   37.5000   22.500011719.2637   19.7353
   -7.5000   45.0000   22.500010684.0352   19.2888
    0.0000   45.0000   22.500011134.7588   19.2679
    7.5000   45.0000   22.500010661.2695   19.2619
   -7.5000  -45.0000   30.0000 9210.9326   20.2768
    0.0000  -45.0000   30.0000 9643.0020   20.2539
    7.5000  -45.0000   30.0000 9243.2812   20.2492
   -7.5000  -37.5000   30.0000 9854.7910   20.2013
    0.0000  -37.5000   30.000010332.9912   20.1757
    7.5000  -37.5000   30.0000 9898.7061   20.1765
   -7.5000  -30.0000   30.000010858.3301   20.1555
    0.0000  -30.0000   30.000011386.5586   20.1275
    7.5000  -30.0000   30.000010914.7090   20.1319
   -7.5000  -22.5000   30.000011818.1123   20.1277
    0.0000  -22.5000   30.000012384.3154   20.0991
    7.5000  -22.5000   30.000011875.7764   20.0997
   -7.5000  -15.0000   30.000012651.2510   20.1177
    0.0000  -15.0000   30.000013258.4395   20.0913
    7.5000  -15.0000   30.000012723.8828   20.0861
   -7.5000   -7.5000   30.000013441.4668   20.1001
    0.0000   -7.5000   30.000014067.1191   20.0770
    7.5000   -7.5000   30.000013506.3242   20.0701
   -7.5000    0.0000   30.000014203.4912   20.0907
    0.0000    0.0000   30.000014861.1484   20.0673
    7.5000    0.0000   30.000014237.5439   20.0626
   -7.5000    7.5000   30.000013811.7871   20.1030
    0.0000    7.5000   30.000014449.3193   20.0771
    7.5000    7.5000   30.000013827.7480   20.0775
   -7.5000   15.0000   30.000013174.6406   20.1196
    0.0000   15.0000   30.000013763.1045   20.0916
    7.5000   15.0000   30.000013190.6875   20.0957
   -7.5000   22.5000   30.000012373.8828   20.1155
    0.0000   22.5000   30.000012896.4922   20.0869
    7.5000   22.5000   30.000012362.5352   20.0875
   -7.5000   30.0000   30.000011467.0869   19.8574
    0.0000   30.0000   30.000011934.7500   19.8313
    7.5000   30.0000   30.000011424.2686   19.8262
   -7.5000   37.5000   30.000010897.0146   19.8400
    0.0000   37.5000   30.000011336.6260   19.8171
    7.5000   37.5000   30.000010824.3311   19.8104
   -7.5000   45.0000   30.0000 9912.4082   19.3651
    0.0000   45.0000   30.000010310.6309   19.3426
    7.5000   45.0000   30.0000 9851.5977   19.3380
   -7.5000  -45.0000   37.5000 8839.0059   20.5389
    0.0000  -45.0000   37.5000 9254.6494   20.5225
    7.5000  -45.0000   37.5000 8836.9951   20.5268
   -7.5000  -37.5000   37.5000 9470.2656   20.4683
    0.0000  -37.5000   37.5000 9915.4375   20.4500
    7.5000  -37.5000   37.5000 9468.2939   20.4560
   -7.5000  -30.0000   37.500010431.2061   20.4249
    0.0000  -30.0000   37.500010926.9414   20.4060
    7.5000  -30.0000   37.500010435.2666   20.4171
   -7.5000  -22.5000   37.500011322.4629   20.3928
    0.0000  -22.5000   37.500011861.2324   20.3748
    7.5000  -22.5000   37.500011327.4336   20.3886
   -7.5000  -15.0000   37.500012097.3818   20.3764
    0.0000  -15.0000   37.500012702.1885   20.3605
    7.5000  -15.0000   37.500012124.0830   20.3736
   -7.5000   -7.5000   37.500012823.1406   20.3565
    0.0000   -7.5000   37.500013451.1836   20.3414
    7.5000   -7.5000   37.500012862.0059   20.3501
   -7.5000    0.0000   37.500013523.1904   20.3493
    0.0000    0.0000   37.500014187.9072   20.3322
    7.5000    0.0000   37.500013573.2881   20.3363
   -7.5000    7.5000   37.500013163.9756   20.3672
    0.0000    7.5000   37.500013795.3066   20.3485
    7.5000    7.5000   37.500013207.3984   20.3541
   -7.5000   15.0000   37.500012586.3770   20.3879
    0.0000   15.0000   37.500013175.0547   20.3688
    7.5000   15.0000   37.500012630.2412   20.3798
   -7.5000   22.5000   37.500011824.1719   20.3804
    0.0000   22.5000   37.500012344.1846   20.3624
    7.5000   22.5000   37.500011844.7559   20.3761
   -7.5000   30.0000   37.500010971.9971   20.1127
    0.0000   30.0000   37.500011432.0566   20.0970
    7.5000   30.0000   37.500010955.2051   20.1100
   -7.5000   37.5000   37.500010438.3564   20.0930
    0.0000   37.5000   37.500010877.7725   20.0781
    7.5000   37.5000   37.500010412.9473   20.0867
   -7.5000   45.0000   37.5000 9498.2393   19.6143
    0.0000   45.0000   37.5000 9891.5381   19.5979
    7.5000   45.0000   37.5000 9459.1787   19.6019
   -7.5000  -45.0000   45.0000 8057.3691   20.8629
    0.0000  -45.0000   45.0000 8390.7666   20.8531
    7.5000  -45.0000   45.0000 8041.3228   20.8661
   -7.5000  -37.5000   45.0000 8648.4355   20.7892
    0.0000  -37.5000   45.0000 9012.4834   20.7794
    7.5000  -37.5000   45.0000 8624.6973   20.7933
   -7.5000  -30.0000   45.0000 9548.8828   20.7440
    0.0000  -30.0000   45.0000 9962.1445   20.7359
    7.5000  -30.0000   45.0000 9513.6709   20.7551
   -7.5000  -22.5000   45.000010358.2881   20.7139
    0.0000  -22.5000   45.000010836.8789   20.7076
    7.5000  -22.5000   45.000010328.5068   20.7319
   -7.5000  -15.0000   45.000011070.1182   20.7007
    0.0000  -15.0000   45.000011594.1758   20.6954
    7.5000  -15.0000   45.000011050.6816   20.7208
   -7.5000   -7.5000   45.000011736.7471   20.6798
    0.0000   -7.5000   45.000012284.4492   20.6723
    7.5000   -7.5000   45.000011724.9795   20.6917
   -7.5000    0.0000   45.000012348.5996   20.6687
    0.0000    0.0000   45.000012926.9375   20.6581
    7.5000    0.0000   45.000012368.8740   20.6707
   -7.5000    7.5000   45.000012032.8594   20.6842
    0.0000    7.5000   45.000012605.4209   20.6739
    7.5000    7.5000   45.000012074.1719   20.6872
   -7.5000   15.0000   45.000011537.9941   20.7054
    0.0000   15.0000   45.000012089.2207   20.6971
    7.5000   15.0000   45.000011588.1699   20.7161
   -7.5000   22.5000   45.000010849.1523   20.7013
    0.0000   22.5000   45.000011323.6455   20.6949
    7.5000   22.5000   45.000010853.8555   20.7191
   -7.5000   30.0000   45.000010057.6396   20.4310
    0.0000   30.0000   45.000010485.6074   20.4258
    7.5000   30.0000   45.000010056.1865   20.4509
   -7.5000   37.5000   45.0000 9571.7666   20.4104
    0.0000   37.5000   45.0000 9979.0000   20.4030
    7.5000   37.5000   45.0000 9574.0820   20.4222
   -7.5000   45.0000   45.0000 8707.6787   19.9312
    0.0000   45.0000   45.0000 9079.7480   19.9211
    7.5000   45.0000   45.0000 8691.5566   19.9332

---------------------------------------------------------------------
imgreg_4dfp /opt/freesurfer/average/711-2C_as_mni_average_305 /opt/freesurfer/average/711-2B_as_mni_average_305_mask talsrcimg_g11 none talsrcimg_to_711-2C_as_mni_average_305_t4 4355
---------------------------------------------------------------------

freesurfer imgreg_4dfp.c
/opt/freesurfer/average/711-2C_as_mni_average_305.4dfp.img
       256       256       256         1
  1.000000  1.000000  1.000000
orientation T byte_order littleendian
Reading image: /opt/freesurfer/average/711-2C_as_mni_average_305.4dfp.img
dimensions:      256       256       256
mmppix:       1.0000   -1.0000   -1.0000
center:     128.0000 -129.0000 -129.0000
/opt/freesurfer/average/711-2B_as_mni_average_305_mask.4dfp.img
       256       256       256         1
  1.000000  1.000000  1.000000
orientation T byte_order littleendian
Reading mask: /opt/freesurfer/average/711-2B_as_mni_average_305_mask.4dfp.img (2306576 pixels)
talsrcimg_g11.4dfp.img
       256       256       256         1
  1.000000  1.000000  1.000000
orientation T byte_order littleendian
Reading image: talsrcimg_g11.4dfp.img
dimensions:      256       256       256
mmppix:       1.0000   -1.0000   -1.0000
center:     128.0000 -129.0000 -129.0000
rotation matrix determinant  1.000000
image alignment mode   4355 decimal     1103 hex
   -7.5000  -45.0000  -45.0000 2070.3782   21.9124
    0.0000  -45.0000  -45.0000 2081.8127   21.6959
    7.5000  -45.0000  -45.0000 2073.3813   21.9520
   -7.5000  -37.5000  -45.0000 2166.2654   19.9728
    0.0000  -37.5000  -45.0000 2179.3550   19.8175
    7.5000  -37.5000  -45.0000 2169.6326   20.0284
   -7.5000  -30.0000  -45.0000 2243.8833   18.5989
    0.0000  -30.0000  -45.0000 2256.5994   18.4887
    7.5000  -30.0000  -45.0000 2243.8894   18.6376
   -7.5000  -22.5000  -45.0000 2296.9624   17.6128
    0.0000  -22.5000  -45.0000 2308.5630   17.5465
    7.5000  -22.5000  -45.0000 2301.1150   17.6532
   -7.5000  -15.0000  -45.0000 2325.7322   16.9355
    0.0000  -15.0000  -45.0000 2338.4517   16.8670
    7.5000  -15.0000  -45.0000 2330.0103   16.9861
   -7.5000   -7.5000  -45.0000 2331.2041   16.5440
    0.0000   -7.5000  -45.0000 2346.1033   16.4739
    7.5000   -7.5000  -45.0000 2339.1252   16.5724
   -7.5000    0.0000  -45.0000 2333.1562   16.4523
    0.0000    0.0000  -45.0000 2353.1018   16.3113
    7.5000    0.0000  -45.0000 2344.0491   16.4349
   -7.5000    7.5000  -45.0000 2323.2566   16.6758
    0.0000    7.5000  -45.0000 2343.7048   16.5431
    7.5000    7.5000  -45.0000 2329.6047   16.6486
   -7.5000   15.0000  -45.0000 2291.6865   17.2716
    0.0000   15.0000  -45.0000 2316.1367   17.1069
    7.5000   15.0000  -45.0000 2297.5911   17.2315
   -7.5000   22.5000  -45.0000 2244.6521   18.1343
    0.0000   22.5000  -45.0000 2269.5120   17.9777
    7.5000   22.5000  -45.0000 2253.5420   18.1139
   -7.5000   30.0000  -45.0000 2175.5278   19.3895
    0.0000   30.0000  -45.0000 2199.0564   19.2044
    7.5000   30.0000  -45.0000 2187.4849   19.3476
   -7.5000   37.5000  -45.0000 2096.0190   21.0813
    0.0000   37.5000  -45.0000 2113.2695   20.8190
    7.5000   37.5000  -45.0000 2102.0925   20.9917
   -7.5000   45.0000  -45.0000 1999.0400   23.4483
    0.0000   45.0000  -45.0000 2010.9037   23.1450
    7.5000   45.0000  -45.0000 1999.4763   23.2871
   -7.5000  -45.0000  -37.5000 2142.9600   20.4928
    0.0000  -45.0000  -37.5000 2158.7778   20.4105
    7.5000  -45.0000  -37.5000 2148.9507   20.5937
   -7.5000  -37.5000  -37.5000 2249.7747   18.6774
    0.0000  -37.5000  -37.5000 2264.6726   18.5907
    7.5000  -37.5000  -37.5000 2259.0920   18.6905
   -7.5000  -30.0000  -37.5000 2332.0491   17.2943
    0.0000  -30.0000  -37.5000 2346.9385   17.2379
    7.5000  -30.0000  -37.5000 2344.2837   17.3435
   -7.5000  -22.5000  -37.5000 2387.0925   16.3096
    0.0000  -22.5000  -37.5000 2401.8350   16.2812
    7.5000  -22.5000  -37.5000 2393.8149   16.3520
   -7.5000  -15.0000  -37.5000 2420.7917   15.6604
    0.0000  -15.0000  -37.5000 2432.9622   15.6214
    7.5000  -15.0000  -37.5000 2424.0947   15.6935
   -7.5000   -7.5000  -37.5000 2429.3208   15.3110
    0.0000   -7.5000  -37.5000 2447.6316   15.2455
    7.5000   -7.5000  -37.5000 2437.1523   15.3642
   -7.5000    0.0000  -37.5000 2431.9463   15.1956
    0.0000    0.0000  -37.5000 2452.6677   15.1122
    7.5000    0.0000  -37.5000 2445.6023   15.2157
   -7.5000    7.5000  -37.5000 2422.3252   15.3965
    0.0000    7.5000  -37.5000 2446.3064   15.2925
    7.5000    7.5000  -37.5000 2435.2244   15.4087
   -7.5000   15.0000  -37.5000 2389.4763   15.9394
    0.0000   15.0000  -37.5000 2416.6055   15.7982
    7.5000   15.0000  -37.5000 2405.2263   15.9282
   -7.5000   22.5000  -37.5000 2336.1724   16.7626
    0.0000   22.5000  -37.5000 2366.0813   16.6104
    7.5000   22.5000  -37.5000 2356.3264   16.7208
   -7.5000   30.0000  -37.5000 2265.1206   17.9114
    0.0000   30.0000  -37.5000 2291.4824   17.7494
    7.5000   30.0000  -37.5000 2278.8445   17.8590
   -7.5000   37.5000  -37.5000 2180.3062   19.4565
    0.0000   37.5000  -37.5000 2198.2742   19.3012
    7.5000   37.5000  -37.5000 2186.7773   19.4471
   -7.5000   45.0000  -37.5000 2073.7029   21.6061
    0.0000   45.0000  -37.5000 2086.9385   21.3958
    7.5000   45.0000  -37.5000 2080.4739   21.5303
   -7.5000  -45.0000  -30.0000 2261.1348   19.9125
    0.0000  -45.0000  -30.0000 2272.0664   19.8030
    7.5000  -45.0000  -30.0000 2263.1953   19.9329
   -7.5000  -37.5000  -30.0000 2375.2415   18.0642
    0.0000  -37.5000  -30.0000 2383.2136   17.9813
    7.5000  -37.5000  -30.0000 2378.5249   18.0601
   -7.5000  -30.0000  -30.0000 2454.7180   16.6592
    0.0000  -30.0000  -30.0000 2468.3010   16.6337
    7.5000  -30.0000  -30.0000 2464.1555   16.6909
   -7.5000  -22.5000  -30.0000 2514.6418   15.6582
    0.0000  -22.5000  -30.0000 2529.4485   15.6099
    7.5000  -22.5000  -30.0000 2522.5134   15.6465
   -7.5000  -15.0000  -30.0000 2556.1672   14.9865
    0.0000  -15.0000  -30.0000 2573.2375   14.9184
    7.5000  -15.0000  -30.0000 2565.9114   14.9675
   -7.5000   -7.5000  -30.0000 2578.0195   14.6596
    0.0000   -7.5000  -30.0000 2598.7183   14.5995
    7.5000   -7.5000  -30.0000 2587.5171   14.6922
   -7.5000    0.0000  -30.0000 2585.6902   14.5706
    0.0000    0.0000  -30.0000 2603.7961   14.5057
    7.5000    0.0000  -30.0000 2595.1426   14.5831
   -7.5000    7.5000  -30.0000 2574.5833   14.7872
    0.0000    7.5000  -30.0000 2596.6011   14.6789
    7.5000    7.5000  -30.0000 2584.6436   14.7817
   -7.5000   15.0000  -30.0000 2539.7688   15.3061
    0.0000   15.0000  -30.0000 2561.8384   15.1671
    7.5000   15.0000  -30.0000 2549.2878   15.2635
   -7.5000   22.5000  -30.0000 2481.8093   16.0817
    0.0000   22.5000  -30.0000 2506.9199   15.9433
    7.5000   22.5000  -30.0000 2497.5947   16.0482
   -7.5000   30.0000  -30.0000 2402.2358   17.1719
    0.0000   30.0000  -30.0000 2431.4126   17.0140
    7.5000   30.0000  -30.0000 2415.9221   17.1534
   -7.5000   37.5000  -30.0000 2305.2324   18.6315
    0.0000   37.5000  -30.0000 2327.0562   18.4555
    7.5000   37.5000  -30.0000 2314.9482   18.6041
   -7.5000   45.0000  -30.0000 2190.8206   20.7098
    0.0000   45.0000  -30.0000 2205.2822   20.4859
    7.5000   45.0000  -30.0000 2192.9050   20.6307
   -7.5000  -45.0000  -22.5000 2348.2703   19.1206
    0.0000  -45.0000  -22.5000 2359.7576   18.9949
    7.5000  -45.0000  -22.5000 2347.9741   19.1101
   -7.5000  -37.5000  -22.5000 2463.8823   17.3005
    0.0000  -37.5000  -22.5000 2474.6677   17.1762
    7.5000  -37.5000  -22.5000 2463.0212   17.2754
   -7.5000  -30.0000  -22.5000 2547.9817   15.9173
    0.0000  -30.0000  -22.5000 2559.6011   15.7905
    7.5000  -30.0000  -22.5000 2552.0310   15.8614
   -7.5000  -22.5000  -22.5000 2617.3982   14.9301
    0.0000  -22.5000  -22.5000 2632.9739   14.8083
    7.5000  -22.5000  -22.5000 2619.0120   14.8733
   -7.5000  -15.0000  -22.5000 2667.0601   14.2736
    0.0000  -15.0000  -22.5000 2685.3589   14.1515
    7.5000  -15.0000  -22.5000 2674.2737   14.1979
   -7.5000   -7.5000  -22.5000 2702.0486   13.9220
    0.0000   -7.5000  -22.5000 2725.3308   13.8040
    7.5000   -7.5000  -22.5000 2708.7422   13.8624
   -7.5000    0.0000  -22.5000 2711.8481   13.8557
    0.0000    0.0000  -22.5000 2734.8564   13.7675
    7.5000    0.0000  -22.5000 2712.5176   13.8187
   -7.5000    7.5000  -22.5000 2704.1035   14.0932
    0.0000    7.5000  -22.5000 2727.4031   14.0018
    7.5000    7.5000  -22.5000 2700.6426   14.0609
   -7.5000   15.0000  -22.5000 2668.7485   14.5735
    0.0000   15.0000  -22.5000 2696.5598   14.4735
    7.5000   15.0000  -22.5000 2671.4570   14.5626
   -7.5000   22.5000  -22.5000 2609.0681   15.3078
    0.0000   22.5000  -22.5000 2634.7556   15.1780
    7.5000   22.5000  -22.5000 2610.8459   15.3012
   -7.5000   30.0000  -22.5000 2518.8528   16.3366
    0.0000   30.0000  -22.5000 2543.9631   16.1896
    7.5000   30.0000  -22.5000 2521.0300   16.3257
   -7.5000   37.5000  -22.5000 2411.7891   17.7766
    0.0000   37.5000  -22.5000 2431.4346   17.5748
    7.5000   37.5000  -22.5000 2413.3687   17.7134
   -7.5000   45.0000  -22.5000 2290.3760   19.7184
    0.0000   45.0000  -22.5000 2303.9194   19.4820
    7.5000   45.0000  -22.5000 2282.3647   19.5887
   -7.5000  -45.0000  -15.0000 2395.9375   18.3824
    0.0000  -45.0000  -15.0000 2410.8225   18.2452
    7.5000  -45.0000  -15.0000 2394.6431   18.4361
   -7.5000  -37.5000  -15.0000 2512.6003   16.6061
    0.0000  -37.5000  -15.0000 2529.6721   16.4213
    7.5000  -37.5000  -15.0000 2512.0552   16.5711
   -7.5000  -30.0000  -15.0000 2608.2285   15.2320
    0.0000  -30.0000  -15.0000 2625.5239   15.0715
    7.5000  -30.0000  -15.0000 2607.7905   15.1804
   -7.5000  -22.5000  -15.0000 2688.0054   14.2575
    0.0000  -22.5000  -15.0000 2705.3999   14.0917
    7.5000  -22.5000  -15.0000 2685.6643   14.2013
   -7.5000  -15.0000  -15.0000 2745.2029   13.5869
    0.0000  -15.0000  -15.0000 2767.7844   13.4522
    7.5000  -15.0000  -15.0000 2749.5544   13.5586
   -7.5000   -7.5000  -15.0000 2787.3823   13.2218
    0.0000   -7.5000  -15.0000 2820.2302   13.0910
    7.5000   -7.5000  -15.0000 2792.5789   13.1806
   -7.5000    0.0000  -15.0000 2806.6687   13.1484
    0.0000    0.0000  -15.0000 2843.3674   13.0313
    7.5000    0.0000  -15.0000 2799.5425   13.1243
   -7.5000    7.5000  -15.0000 2802.4827   13.4200
    0.0000    7.5000  -15.0000 2834.4333   13.3057
    7.5000    7.5000  -15.0000 2794.4231   13.3999
   -7.5000   15.0000  -15.0000 2763.1057   13.9093
    0.0000   15.0000  -15.0000 2797.1409   13.7921
    7.5000   15.0000  -15.0000 2759.2300   13.9065
   -7.5000   22.5000  -15.0000 2699.3193   14.6250
    0.0000   22.5000  -15.0000 2724.6555   14.4629
    7.5000   22.5000  -15.0000 2692.9270   14.6454
   -7.5000   30.0000  -15.0000 2604.8511   15.5716
    0.0000   30.0000  -15.0000 2624.6528   15.3961
    7.5000   30.0000  -15.0000 2599.2886   15.5757
   -7.5000   37.5000  -15.0000 2485.8687   16.9959
    0.0000   37.5000  -15.0000 2502.8140   16.7895
    7.5000   37.5000  -15.0000 2480.9622   16.9379
   -7.5000   45.0000  -15.0000 2351.8933   18.8961
    0.0000   45.0000  -15.0000 2366.0532   18.6644
    7.5000   45.0000  -15.0000 2345.5540   18.7563
   -7.5000  -45.0000   -7.5000 2416.3438   17.7876
    0.0000  -45.0000   -7.5000 2429.2241   17.6577
    7.5000  -45.0000   -7.5000 2419.4568   17.9629
   -7.5000  -37.5000   -7.5000 2538.3220   15.9850
    0.0000  -37.5000   -7.5000 2554.3831   15.8161
    7.5000  -37.5000   -7.5000 2538.6724   16.0949
   -7.5000  -30.0000   -7.5000 2640.0471   14.6551
    0.0000  -30.0000   -7.5000 2660.6748   14.4669
    7.5000  -30.0000   -7.5000 2643.6978   14.6929
   -7.5000  -22.5000   -7.5000 2728.6050   13.6917
    0.0000  -22.5000   -7.5000 2750.0813   13.4907
    7.5000  -22.5000   -7.5000 2731.4629   13.7313
   -7.5000  -15.0000   -7.5000 2798.9797   13.0371
    0.0000  -15.0000   -7.5000 2824.8179   12.8472
    7.5000  -15.0000   -7.5000 2806.2917   13.0761
   -7.5000   -7.5000   -7.5000 2853.4744   12.6643
    0.0000   -7.5000   -7.5000 2890.8586   12.5014
    7.5000   -7.5000   -7.5000 2860.8574   12.6657
   -7.5000    0.0000   -7.5000 2881.8521   12.6127
    0.0000    0.0000   -7.5000 2922.2476   12.4009
    7.5000    0.0000   -7.5000 2870.4673   12.5940
   -7.5000    7.5000   -7.5000 2881.7183   12.8974
    0.0000    7.5000   -7.5000 2914.5220   12.6676
    7.5000    7.5000   -7.5000 2866.9639   12.8587
   -7.5000   15.0000   -7.5000 2838.2756   13.3700
    0.0000   15.0000   -7.5000 2861.3916   13.1731
    7.5000   15.0000   -7.5000 2826.6797   13.3381
   -7.5000   22.5000   -7.5000 2759.8347   14.0591
    0.0000   22.5000   -7.5000 2776.8357   13.8556
    7.5000   22.5000   -7.5000 2750.3987   14.0399
   -7.5000   30.0000   -7.5000 2654.1309   15.0004
    0.0000   30.0000   -7.5000 2672.2966   14.8034
    7.5000   30.0000   -7.5000 2648.9705   15.0000
   -7.5000   37.5000   -7.5000 2527.6487   16.3682
    0.0000   37.5000   -7.5000 2539.5713   16.1562
    7.5000   37.5000   -7.5000 2524.0181   16.3584
   -7.5000   45.0000   -7.5000 2391.0718   18.2270
    0.0000   45.0000   -7.5000 2409.3247   17.9856
    7.5000   45.0000   -7.5000 2391.9744   18.1637
   -7.5000  -45.0000    0.0000 2417.4619   17.5540
    0.0000  -45.0000    0.0000 2432.2268   17.3984
    7.5000  -45.0000    0.0000 2417.9885   17.7363
   -7.5000  -37.5000    0.0000 2537.6248   15.6773
    0.0000  -37.5000    0.0000 2553.0508   15.4957
    7.5000  -37.5000    0.0000 2543.5789   15.8706
   -7.5000  -30.0000    0.0000 2647.4392   14.3168
    0.0000  -30.0000    0.0000 2659.8430   14.1171
    7.5000  -30.0000    0.0000 2654.6985   14.4705
   -7.5000  -22.5000    0.0000 2746.4875   13.3412
    0.0000  -22.5000    0.0000 2763.0481   13.1331
    7.5000  -22.5000    0.0000 2756.7024   13.4931
   -7.5000  -15.0000    0.0000 2830.7693   12.6768
    0.0000  -15.0000    0.0000 2853.8855   12.4695
    7.5000  -15.0000    0.0000 2837.7861   12.7932
   -7.5000   -7.5000    0.0000 2898.6270   12.3192
    0.0000   -7.5000    0.0000 2934.3008   12.1219
    7.5000   -7.5000    0.0000 2908.3879   12.3916
   -7.5000    0.0000    0.0000 2930.1152   12.2521
    0.0000    0.0000    0.0000 2978.0696   11.9994
    7.5000    0.0000    0.0000 2928.6748   12.3132
   -7.5000    7.5000    0.0000 2932.9468   12.5038
    0.0000    7.5000    0.0000 2969.5039   12.1992
    7.5000    7.5000    0.0000 2917.4871   12.5390
   -7.5000   15.0000    0.0000 2880.4048   12.9888
    0.0000   15.0000    0.0000 2893.3286   12.7327
    7.5000   15.0000    0.0000 2866.7456   13.0425
   -7.5000   22.5000    0.0000 2791.1731   13.7259
    0.0000   22.5000    0.0000 2800.5823   13.4620
    7.5000   22.5000    0.0000 2786.4065   13.7886
   -7.5000   30.0000    0.0000 2673.5535   14.7155
    0.0000   30.0000    0.0000 2689.2507   14.4466
    7.5000   30.0000    0.0000 2678.8018   14.7721
   -7.5000   37.5000    0.0000 2546.2437   16.0734
    0.0000   37.5000    0.0000 2558.6318   15.8163
    7.5000   37.5000    0.0000 2545.3311   16.1062
   -7.5000   45.0000    0.0000 2407.8513   17.8422
    0.0000   45.0000    0.0000 2426.7803   17.6300
    7.5000   45.0000    0.0000 2408.1323   17.8459
   -7.5000  -45.0000    7.5000 2404.9109   17.4938
    0.0000  -45.0000    7.5000 2420.6750   17.3412
    7.5000  -45.0000    7.5000 2408.4573   17.7084
   -7.5000  -37.5000    7.5000 2522.7830   15.6186
    0.0000  -37.5000    7.5000 2540.8621   15.4639
    7.5000  -37.5000    7.5000 2532.3030   15.8287
   -7.5000  -30.0000    7.5000 2634.6470   14.2454
    0.0000  -30.0000    7.5000 2651.6699   14.0808
    7.5000  -30.0000    7.5000 2644.5806   14.4277
   -7.5000  -22.5000    7.5000 2736.3879   13.2285
    0.0000  -22.5000    7.5000 2761.1875   13.0563
    7.5000  -22.5000    7.5000 2748.9475   13.3921
   -7.5000  -15.0000    7.5000 2832.1604   12.5417
    0.0000  -15.0000    7.5000 2858.1819   12.3251
    7.5000  -15.0000    7.5000 2838.4702   12.6845
   -7.5000   -7.5000    7.5000 2910.2612   12.2198
    0.0000   -7.5000    7.5000 2941.9294   11.9586
    7.5000   -7.5000    7.5000 2913.6257   12.3029
   -7.5000    0.0000    7.5000 2952.8428   12.1805
    0.0000    0.0000    7.5000 2987.0879   11.8864
    7.5000    0.0000    7.5000 2945.1267   12.2651
   -7.5000    7.5000    7.5000 2945.1562   12.3769
    0.0000    7.5000    7.5000 2977.9326   12.0598
    7.5000    7.5000    7.5000 2936.5281   12.4963
   -7.5000   15.0000    7.5000 2881.7395   12.8353
    0.0000   15.0000    7.5000 2902.9175   12.5521
    7.5000   15.0000    7.5000 2874.1396   12.9194
   -7.5000   22.5000    7.5000 2785.4346   13.5997
    0.0000   22.5000    7.5000 2803.8669   13.3667
    7.5000   22.5000    7.5000 2783.2817   13.6154
   -7.5000   30.0000    7.5000 2670.3406   14.6392
    0.0000   30.0000    7.5000 2686.7170   14.4365
    7.5000   30.0000    7.5000 2672.6399   14.6339
   -7.5000   37.5000    7.5000 2541.3472   15.9867
    0.0000   37.5000    7.5000 2557.7698   15.8296
    7.5000   37.5000    7.5000 2540.3335   15.9669
   -7.5000   45.0000    7.5000 2404.0090   17.7243
    0.0000   45.0000    7.5000 2423.1565   17.5845
    7.5000   45.0000    7.5000 2400.5598   17.7099
   -7.5000  -45.0000   15.0000 2383.9434   17.7081
    0.0000  -45.0000   15.0000 2400.9656   17.5435
    7.5000  -45.0000   15.0000 2385.3633   17.9809
   -7.5000  -37.5000   15.0000 2498.3000   15.7836
    0.0000  -37.5000   15.0000 2511.1687   15.5773
    7.5000  -37.5000   15.0000 2502.1045   16.0015
   -7.5000  -30.0000   15.0000 2607.5684   14.3706
    0.0000  -30.0000   15.0000 2618.7861   14.1511
    7.5000  -30.0000   15.0000 2612.8757   14.5616
   -7.5000  -22.5000   15.0000 2712.3743   13.3429
    0.0000  -22.5000   15.0000 2729.5776   13.1305
    7.5000  -22.5000   15.0000 2717.6040   13.5354
   -7.5000  -15.0000   15.0000 2813.4077   12.6875
    0.0000  -15.0000   15.0000 2833.5032   12.4636
    7.5000  -15.0000   15.0000 2813.6763   12.8528
   -7.5000   -7.5000   15.0000 2900.7839   12.3890
    0.0000   -7.5000   15.0000 2927.5562   12.1796
    7.5000   -7.5000   15.0000 2888.6482   12.5332
   -7.5000    0.0000   15.0000 2944.2231   12.3370
    0.0000    0.0000   15.0000 2974.6345   12.1564
    7.5000    0.0000   15.0000 2922.5701   12.5308
   -7.5000    7.5000   15.0000 2929.3406   12.5850
    0.0000    7.5000   15.0000 2963.1045   12.4368
    7.5000    7.5000   15.0000 2912.3467   12.7199
   -7.5000   15.0000   15.0000 2866.6794   13.0462
    0.0000   15.0000   15.0000 2895.5757   12.9121
    7.5000   15.0000   15.0000 2852.2361   13.0983
   -7.5000   22.5000   15.0000 2774.6746   13.7522
    0.0000   22.5000   15.0000 2795.0151   13.6107
    7.5000   22.5000   15.0000 2765.3743   13.7312
   -7.5000   30.0000   15.0000 2654.3408   14.7685
    0.0000   30.0000   15.0000 2670.5461   14.6051
    7.5000   30.0000   15.0000 2653.2222   14.7148
   -7.5000   37.5000   15.0000 2523.2310   16.1018
    0.0000   37.5000   15.0000 2535.6760   15.9246
    7.5000   37.5000   15.0000 2521.8438   16.0367
   -7.5000   45.0000   15.0000 2387.6943   17.8013
    0.0000   45.0000   15.0000 2397.3940   17.6237
    7.5000   45.0000   15.0000 2376.1191   17.7576
   -7.5000  -45.0000   22.5000 2361.9485   18.2070
    0.0000  -45.0000   22.5000 2371.2947   17.9662
    7.5000  -45.0000   22.5000 2357.7290   18.4619
   -7.5000  -37.5000   22.5000 2468.4495   16.2764
    0.0000  -37.5000   22.5000 2479.1729   16.0599
    7.5000  -37.5000   22.5000 2467.9724   16.5176
   -7.5000  -30.0000   22.5000 2576.7585   14.8818
    0.0000  -30.0000   22.5000 2587.0598   14.6779
    7.5000  -30.0000   22.5000 2575.5522   15.1027
   -7.5000  -22.5000   22.5000 2680.1621   13.8589
    0.0000  -22.5000   22.5000 2694.5281   13.6838
    7.5000  -22.5000   22.5000 2679.7202   14.0964
   -7.5000  -15.0000   22.5000 2782.3101   13.1693
    0.0000  -15.0000   22.5000 2802.1628   13.0244
    7.5000  -15.0000   22.5000 2776.5073   13.3889
   -7.5000   -7.5000   22.5000 2866.2534   12.7740
    0.0000   -7.5000   22.5000 2887.5381   12.6386
    7.5000   -7.5000   22.5000 2848.7314   12.9908
   -7.5000    0.0000   22.5000 2900.3196   12.7258
    0.0000    0.0000   22.5000 2923.3098   12.5878
    7.5000    0.0000   22.5000 2878.6111   12.9220
   -7.5000    7.5000   22.5000 2881.2632   13.0122
    0.0000    7.5000   22.5000 2905.0911   12.8737
    7.5000    7.5000   22.5000 2867.4990   13.1268
   -7.5000   15.0000   22.5000 2819.8921   13.5152
    0.0000   15.0000   22.5000 2841.9729   13.3876
    7.5000   15.0000   22.5000 2807.3738   13.6052
   -7.5000   22.5000   22.5000 2733.8792   14.2213
    0.0000   22.5000   22.5000 2749.4099   14.1139
    7.5000   22.5000   22.5000 2723.6189   14.2689
   -7.5000   30.0000   22.5000 2618.6772   15.2254
    0.0000   30.0000   22.5000 2631.8982   15.1001
    7.5000   30.0000   22.5000 2617.6912   15.2464
   -7.5000   37.5000   22.5000 2496.0251   16.5067
    0.0000   37.5000   22.5000 2505.6873   16.3866
    7.5000   37.5000   22.5000 2490.7351   16.5032
   -7.5000   45.0000   22.5000 2355.5349   18.1578
    0.0000   45.0000   22.5000 2361.2786   18.0142
    7.5000   45.0000   22.5000 2345.9539   18.1603
   -7.5000  -45.0000   30.0000 2322.7817   19.0715
    0.0000  -45.0000   30.0000 2331.6792   18.9097
    7.5000  -45.0000   30.0000 2316.7927   19.3519
   -7.5000  -37.5000   30.0000 2430.6040   17.1280
    0.0000  -37.5000   30.0000 2439.9875   17.0120
    7.5000  -37.5000   30.0000 2423.4614   17.4177
   -7.5000  -30.0000   30.0000 2539.1763   15.6963
    0.0000  -30.0000   30.0000 2549.4717   15.6038
    7.5000  -30.0000   30.0000 2528.7676   15.9759
   -7.5000  -22.5000   30.0000 2639.1833   14.6113
    0.0000  -22.5000   30.0000 2649.7673   14.5097
    7.5000  -22.5000   30.0000 2626.7112   14.8525
   -7.5000  -15.0000   30.0000 2731.1270   13.8229
    0.0000  -15.0000   30.0000 2743.9880   13.7242
    7.5000  -15.0000   30.0000 2716.7119   14.0484
   -7.5000   -7.5000   30.0000 2800.0239   13.3712
    0.0000   -7.5000   30.0000 2817.3816   13.2586
    7.5000   -7.5000   30.0000 2778.5491   13.5970
   -7.5000    0.0000   30.0000 2827.8975   13.3327
    0.0000    0.0000   30.0000 2843.8059   13.2276
    7.5000    0.0000   30.0000 2804.6592   13.4681
   -7.5000    7.5000   30.0000 2805.1489   13.6377
    0.0000    7.5000   30.0000 2821.5112   13.5059
    7.5000    7.5000   30.0000 2786.4551   13.7136
   -7.5000   15.0000   30.0000 2745.3501   14.1575
    0.0000   15.0000   30.0000 2762.6062   14.0369
    7.5000   15.0000   30.0000 2733.5874   14.2344
   -7.5000   22.5000   30.0000 2662.5413   14.8766
    0.0000   22.5000   30.0000 2676.9177   14.7663
    7.5000   22.5000   30.0000 2653.0752   14.9330
   -7.5000   30.0000   30.0000 2557.7830   15.8551
    0.0000   30.0000   30.0000 2573.0945   15.7472
    7.5000   30.0000   30.0000 2550.5132   15.9040
   -7.5000   37.5000   30.0000 2440.0303   17.0957
    0.0000   37.5000   30.0000 2454.0081   17.0141
    7.5000   37.5000   30.0000 2429.8127   17.1513
   -7.5000   45.0000   30.0000 2297.6306   18.8026
    0.0000   45.0000   30.0000 2307.2327   18.6424
    7.5000   45.0000   30.0000 2293.5176   18.8013
   -7.5000  -45.0000   37.5000 2274.2310   20.2674
    0.0000  -45.0000   37.5000 2275.4775   20.1794
    7.5000  -45.0000   37.5000 2262.5671   20.4893
   -7.5000  -37.5000   37.5000 2383.6311   18.2535
    0.0000  -37.5000   37.5000 2387.2573   18.1745
    7.5000  -37.5000   37.5000 2367.9424   18.4370
   -7.5000  -30.0000   37.5000 2493.7937   16.6773
    0.0000  -30.0000   37.5000 2504.8076   16.6056
    7.5000  -30.0000   37.5000 2477.1829   16.8923
   -7.5000  -22.5000   37.5000 2591.0991   15.4820
    0.0000  -22.5000   37.5000 2603.8062   15.4009
    7.5000  -22.5000   37.5000 2570.9197   15.6865
   -7.5000  -15.0000   37.5000 2669.8088   14.6658
    0.0000  -15.0000   37.5000 2689.9695   14.5763
    7.5000  -15.0000   37.5000 2649.2878   14.8666
   -7.5000   -7.5000   37.5000 2721.2043   14.2004
    0.0000   -7.5000   37.5000 2742.4070   14.1156
    7.5000   -7.5000   37.5000 2699.8921   14.3810
   -7.5000    0.0000   37.5000 2742.0579   14.1212
    0.0000    0.0000   37.5000 2759.6899   14.0407
    7.5000    0.0000   37.5000 2724.2805   14.2295
   -7.5000    7.5000   37.5000 2712.7239   14.4250
    0.0000    7.5000   37.5000 2729.7927   14.3265
    7.5000    7.5000   37.5000 2698.9204   14.4885
   -7.5000   15.0000   37.5000 2654.8909   14.9658
    0.0000   15.0000   37.5000 2669.5366   14.8575
    7.5000   15.0000   37.5000 2645.3965   15.0311
   -7.5000   22.5000   37.5000 2578.3743   15.6924
    0.0000   22.5000   37.5000 2593.9485   15.5913
    7.5000   22.5000   37.5000 2576.0454   15.7351
   -7.5000   30.0000   37.5000 2485.2695   16.6482
    0.0000   30.0000   37.5000 2498.9370   16.5385
    7.5000   30.0000   37.5000 2480.5920   16.6789
   -7.5000   37.5000   37.5000 2376.0613   17.8994
    0.0000   37.5000   37.5000 2389.1150   17.7995
    7.5000   37.5000   37.5000 2374.3967   17.9599
   -7.5000   45.0000   37.5000 2236.0466   19.5956
    0.0000   45.0000   37.5000 2249.2632   19.5153
    7.5000   45.0000   37.5000 2237.2078   19.6259
   -7.5000  -45.0000   45.0000 2211.5100   21.5603
    0.0000  -45.0000   45.0000 2214.2449   21.4053
    7.5000  -45.0000   45.0000 2204.0688   21.6687
   -7.5000  -37.5000   45.0000 2327.9136   19.4361
    0.0000  -37.5000   45.0000 2331.1860   19.3715
    7.5000  -37.5000   45.0000 2314.5725   19.5527
   -7.5000  -30.0000   45.0000 2440.0349   17.8263
    0.0000  -30.0000   45.0000 2442.6130   17.7247
    7.5000  -30.0000   45.0000 2418.4465   17.9182
   -7.5000  -22.5000   45.0000 2527.2188   16.5762
    0.0000  -22.5000   45.0000 2534.7368   16.4994
    7.5000  -22.5000   45.0000 2500.3105   16.6827
   -7.5000  -15.0000   45.0000 2593.7617   15.7267
    0.0000  -15.0000   45.0000 2606.7402   15.6439
    7.5000  -15.0000   45.0000 2567.0693   15.8657
   -7.5000   -7.5000   45.0000 2635.5127   15.2428
    0.0000   -7.5000   45.0000 2647.6184   15.1728
    7.5000   -7.5000   45.0000 2610.4817   15.3683
   -7.5000    0.0000   45.0000 2645.0845   15.1229
    0.0000    0.0000   45.0000 2657.9373   15.0436
    7.5000    0.0000   45.0000 2627.1741   15.1991
   -7.5000    7.5000   45.0000 2613.1011   15.4098
    0.0000    7.5000   45.0000 2628.8020   15.3212
    7.5000    7.5000   45.0000 2600.5234   15.4813
   -7.5000   15.0000   45.0000 2557.9011   15.9469
    0.0000   15.0000   45.0000 2573.4387   15.8666
    7.5000   15.0000   45.0000 2550.8875   16.0019
   -7.5000   22.5000   45.0000 2491.9771   16.6687
    0.0000   22.5000   45.0000 2506.0103   16.5812
    7.5000   22.5000   45.0000 2483.5420   16.7047
   -7.5000   30.0000   45.0000 2403.3816   17.6209
    0.0000   30.0000   45.0000 2416.5520   17.4967
    7.5000   30.0000   45.0000 2396.2822   17.6359
   -7.5000   37.5000   45.0000 2300.6372   18.8690
    0.0000   37.5000   45.0000 2311.9905   18.7796
    7.5000   37.5000   45.0000 2296.6262   18.9044
   -7.5000   45.0000   45.0000 2171.3154   20.6040
    0.0000   45.0000   45.0000 2184.2705   20.5228
    7.5000   45.0000   45.0000 2165.1250   20.6396

---------------------------------------------------------------------
imgreg_4dfp /opt/freesurfer/average/711-2C_as_mni_average_305 /opt/freesurfer/average/711-2B_as_mni_average_305_mask talsrcimg_g11 none talsrcimg_to_711-2C_as_mni_average_305_t4 1283
---------------------------------------------------------------------

freesurfer imgreg_4dfp.c
/opt/freesurfer/average/711-2C_as_mni_average_305.4dfp.img
       256       256       256         1
  1.000000  1.000000  1.000000
orientation T byte_order littleendian
Reading image: /opt/freesurfer/average/711-2C_as_mni_average_305.4dfp.img
dimensions:      256       256       256
mmppix:       1.0000   -1.0000   -1.0000
center:     128.0000 -129.0000 -129.0000
/opt/freesurfer/average/711-2B_as_mni_average_305_mask.4dfp.img
       256       256       256         1
  1.000000  1.000000  1.000000
orientation T byte_order littleendian
Reading mask: /opt/freesurfer/average/711-2B_as_mni_average_305_mask.4dfp.img (2306576 pixels)
talsrcimg_g11.4dfp.img
       256       256       256         1
  1.000000  1.000000  1.000000
orientation T byte_order littleendian
Reading image: talsrcimg_g11.4dfp.img
dimensions:      256       256       256
mmppix:       1.0000   -1.0000   -1.0000
center:     128.0000 -129.0000 -129.0000
rotation matrix determinant  1.000000
fimgreg.f
image alignment mode   1283 decimal      503 hex
parameters
    0.0000    0.0000    7.5000    0.0000    0.0000    0.0000
eta,q 0.93739 11.88682
niter,ni,del,rscale     5    3   12.0000    1.2000
parameter  2 -0.673304 -> -0.500000 qaram    1.1500
parameter  3 -0.643219 -> -0.500000 qaram    1.1500
parameter  4  1.310197 ->  0.500000 qaram    1.1500
parameters
    0.3446    3.4500   10.9500   -3.4500    2.0290   -0.5587
eta,q 0.94355 12.00827
  0.0735  0.0743  0.0645  0.0572  0.0670  0.0593
  0.0718  0.0703  0.0646  0.0569  0.0629  0.0574
  0.0685  0.0671  0.0653  0.0579  0.0591  0.0567
  0.0655  0.0646  0.0629  0.0604  0.0570  0.0565
  0.0650  0.0635  0.0599  0.0626  0.0565  0.0572
  0.0684  0.0631  0.0607  0.0648  0.0569  0.0584
  0.0740  0.0633  0.0635  0.0674  0.0592  0.0604
niter,ni,del,rscale     7    3   12.0000    1.2000
parameter  4  0.741023 ->  0.500000 qaram    1.3225
parameters
   -0.6343    4.5295    9.3162   -7.4175    3.9922   -1.2094
eta,q 0.94682 11.82392
  0.0655  0.0703  0.0615  0.0543  0.0657  0.0570
  0.0603  0.0642  0.0606  0.0547  0.0616  0.0547
  0.0567  0.0596  0.0565  0.0550  0.0577  0.0534
  0.0565  0.0562  0.0554  0.0555  0.0548  0.0533
  0.0592  0.0559  0.0606  0.0579  0.0533  0.0544
  0.0657  0.0591  0.0655  0.0611  0.0545  0.0562
  0.0752  0.0643  0.0708  0.0638  0.0578  0.0588
niter,ni,del,rscale     7    3   12.0000    1.2000
parameter  4  0.767622 ->  0.500000 qaram    1.5209
parameters
   -2.1491    6.2815    6.4705  -11.9801    5.7881   -1.7901
eta,q 0.95038 11.70360
  0.0602  0.0695  0.0526  0.0517  0.0592  0.0550
  0.0559  0.0621  0.0530  0.0504  0.0558  0.0524
  0.0539  0.0566  0.0539  0.0511  0.0524  0.0502
  0.0532  0.0535  0.0528  0.0536  0.0504  0.0497
  0.0571  0.0528  0.0526  0.0573  0.0496  0.0511
  0.0652  0.0544  0.0577  0.0607  0.0503  0.0541
  0.0736  0.0589  0.0633  0.0648  0.0531  0.0575
niter,ni,del,rscale     7    3   12.0000    1.2000
parameters
   -2.8910    6.7667    5.4647  -12.5628    6.4079   -2.0765
eta,q 0.95168 11.72251
  0.0598  0.0649  0.0523  0.0574  0.0567  0.0536
  0.0527  0.0574  0.0485  0.0525  0.0528  0.0513
  0.0489  0.0524  0.0480  0.0490  0.0499  0.0492
  0.0496  0.0492  0.0490  0.0486  0.0485  0.0483
  0.0515  0.0500  0.0494  0.0504  0.0485  0.0491
  0.0579  0.0545  0.0507  0.0546  0.0507  0.0518
  0.0662  0.0616  0.0552  0.0595  0.0541  0.0552
niter,ni,del,rscale     6    3   12.0000    1.2000
parameters
   -3.0112    6.7138    5.5733  -12.5139    6.5352   -2.1463
eta,q 0.95163 11.72249
  0.0622  0.0623  0.0546  0.0585  0.0558  0.0540
  0.0548  0.0552  0.0496  0.0539  0.0519  0.0516
  0.0496  0.0506  0.0473  0.0495  0.0494  0.0495
  0.0483  0.0483  0.0483  0.0484  0.0484  0.0484
  0.0496  0.0506  0.0492  0.0498  0.0490  0.0489
  0.0552  0.0558  0.0498  0.0535  0.0516  0.0514
  0.0637  0.0626  0.0532  0.0582  0.0552  0.0548
niter,ni,del,rscale     5    3   12.0000    1.2000
parameters
   -3.0874    6.7306    5.5860  -12.5006    6.5920   -2.1733
eta,q 0.95164 11.72380
  0.0623  0.0628  0.0544  0.0584  0.0556  0.0540
  0.0549  0.0555  0.0495  0.0538  0.0518  0.0516
  0.0496  0.0508  0.0473  0.0495  0.0494  0.0495
  0.0484  0.0483  0.0483  0.0484  0.0484  0.0484
  0.0496  0.0506  0.0491  0.0498  0.0491  0.0489
  0.0550  0.0557  0.0499  0.0536  0.0517  0.0512
  0.0634  0.0625  0.0534  0.0583  0.0553  0.0547
niter,ni,del,rscale     4    3   12.0000    1.2000
parameters
   -3.1148    6.7343    5.5947  -12.4941    6.6135   -2.1836
eta,q 0.95164 11.72420
  0.0625  0.0627  0.0544  0.0584  0.0555  0.0540
  0.0551  0.0555  0.0494  0.0538  0.0517  0.0516
  0.0497  0.0508  0.0473  0.0495  0.0493  0.0495
  0.0484  0.0484  0.0484  0.0484  0.0484  0.0484
  0.0495  0.0506  0.0491  0.0498  0.0492  0.0489
  0.0548  0.0558  0.0498  0.0536  0.0518  0.0512
  0.0631  0.0626  0.0535  0.0583  0.0554  0.0546
registration optimization eta report
parameter search radius
    6.0000    6.9000    6.9000    9.1253    6.0000    6.0000
100000*second partial in parameter space
       41.       29.       13.       12.       19.       16.
  0.0625  0.0627  0.0544  0.0584  0.0555  0.0540
  0.0551  0.0555  0.0494  0.0538  0.0517  0.0516
  0.0497  0.0508  0.0473  0.0495  0.0493  0.0495
  0.0484  0.0484  0.0484  0.0484  0.0484  0.0484
  0.0495  0.0506  0.0491  0.0498  0.0492  0.0489
  0.0548  0.0558  0.0498  0.0536  0.0518  0.0512
  0.0631  0.0626  0.0535  0.0583  0.0554  0.0546
   -3.1148    6.7343    5.5947  -12.4941    6.6135   -2.1836
eta,q 0.95164 11.72420

---------------------------------------------------------------------
imgreg_4dfp /opt/freesurfer/average/711-2C_as_mni_average_305 /opt/freesurfer/average/711-2B_as_mni_average_305_mask talsrcimg_g11 none talsrcimg_to_711-2C_as_mni_average_305_t4 3335
---------------------------------------------------------------------

freesurfer imgreg_4dfp.c
/opt/freesurfer/average/711-2C_as_mni_average_305.4dfp.img
       256       256       256         1
  1.000000  1.000000  1.000000
orientation T byte_order littleendian
Reading image: /opt/freesurfer/average/711-2C_as_mni_average_305.4dfp.img
dimensions:      256       256       256
mmppix:       1.0000   -1.0000   -1.0000
center:     128.0000 -129.0000 -129.0000
/opt/freesurfer/average/711-2B_as_mni_average_305_mask.4dfp.img
       256       256       256         1
  1.000000  1.000000  1.000000
orientation T byte_order littleendian
Reading mask: /opt/freesurfer/average/711-2B_as_mni_average_305_mask.4dfp.img (2306576 pixels)
talsrcimg_g11.4dfp.img
       256       256       256         1
  1.000000  1.000000  1.000000
orientation T byte_order littleendian
Reading image: talsrcimg_g11.4dfp.img
dimensions:      256       256       256
mmppix:       1.0000   -1.0000   -1.0000
center:     128.0000 -129.0000 -129.0000
fimgreg.f
image alignment mode   3335 decimal      D07 hex
parameters
   -3.1148    6.7343    5.5947   -0.7376   -2.5340   -3.0178
    6.2097  -10.4119   -3.7848   22.0466   11.5171  -21.4899
eta,q 0.95469 11.84772
niter,ni,del,rscale     5    3    5.0000    1.2000
parameter  4  3.190671 ->  0.500000 qaram    1.1500
parameter  5  1.145222 ->  0.500000 qaram    1.1500
parameter  6  5.118813 ->  0.500000 qaram    1.1500
parameter 10  0.974680 ->  0.500000 qaram    1.1500
parameter 11  0.504735 ->  0.500000 qaram    1.1500
parameters
   -3.2590    7.4679    4.8007   -4.8776   -6.6740   -7.1578
    4.2091   -9.4296   -2.9743   17.9066    7.3771  -24.1389
eta,q 0.97368 11.57514
  0.0472  0.0487  0.0453  0.0378  0.0373  0.0273  0.0313  0.0359  0.0319  0.0270  0.0274  0.0271
  0.0459  0.0471  0.0451  0.0397  0.0378  0.0292  0.0303  0.0331  0.0308  0.0271  0.0267  0.0265
  0.0453  0.0460  0.0450  0.0421  0.0387  0.0331  0.0299  0.0310  0.0301  0.0280  0.0267  0.0263
  0.0453  0.0453  0.0450  0.0450  0.0403  0.0380  0.0301  0.0299  0.0298  0.0298  0.0272  0.0266
  0.0457  0.0450  0.0453  0.0479  0.0424  0.0417  0.0309  0.0301  0.0299  0.0323  0.0283  0.0273
  0.0464  0.0453  0.0459  0.0509  0.0450  0.0460  0.0322  0.0313  0.0303  0.0354  0.0296  0.0283
  0.0476  0.0462  0.0469  0.0547  0.0481  0.0502  0.0338  0.0334  0.0311  0.0388  0.0310  0.0296
niter,ni,del,rscale     7    3    5.0000    1.2000
parameter  4  0.571243 ->  0.500000 qaram    1.3225
parameters
   -2.4596    7.7773    5.1420   -9.6386   -8.3942   -9.8964
    4.1696   -8.0648   -1.7925   18.1123    8.5333  -23.1435
eta,q 0.97647 11.42302
  0.0339  0.0293  0.0300  0.0253  0.0257  0.0266  0.0268  0.0313  0.0263  0.0271  0.0262  0.0254
  0.0306  0.0275  0.0280  0.0241  0.0245  0.0250  0.0253  0.0278  0.0251  0.0253  0.0250  0.0246
  0.0280  0.0263  0.0265  0.0240  0.0238  0.0240  0.0243  0.0252  0.0242  0.0242  0.0242  0.0239
  0.0263  0.0258  0.0257  0.0257  0.0239  0.0238  0.0240  0.0240  0.0237  0.0237  0.0237  0.0236
  0.0258  0.0259  0.0258  0.0291  0.0246  0.0265  0.0243  0.0238  0.0237  0.0238  0.0236  0.0236
  0.0264  0.0265  0.0266  0.0339  0.0261  0.0320  0.0253  0.0249  0.0242  0.0248  0.0241  0.0240
  0.0280  0.0278  0.0282  0.0381  0.0287  0.0377  0.0269  0.0274  0.0251  0.0271  0.0252  0.0247
niter,ni,del,rscale     7    3    5.0000    1.2000
parameters
   -2.4022    7.4786    4.8410   -9.2460   -7.7297  -10.8557
    3.7876   -8.1927   -1.8924   17.6128    8.7709  -23.0956
eta,q 0.97634 11.42768
  0.0279  0.0254  0.0252  0.0300  0.0267  0.0280  0.0263  0.0289  0.0256  0.0266  0.0257  0.0251
  0.0256  0.0242  0.0241  0.0273  0.0251  0.0259  0.0249  0.0261  0.0245  0.0249  0.0247  0.0244
  0.0241  0.0236  0.0236  0.0251  0.0239  0.0244  0.0239  0.0243  0.0239  0.0240  0.0240  0.0239
  0.0235  0.0235  0.0235  0.0234  0.0233  0.0233  0.0237  0.0237  0.0237  0.0237  0.0237  0.0237
  0.0239  0.0240  0.0239  0.0235  0.0235  0.0235  0.0241  0.0242  0.0239  0.0240  0.0238  0.0238
  0.0253  0.0250  0.0249  0.0257  0.0243  0.0269  0.0253  0.0262  0.0246  0.0252  0.0244  0.0243
  0.0275  0.0266  0.0264  0.0300  0.0259  0.0329  0.0270  0.0294  0.0257  0.0277  0.0256  0.0252
niter,ni,del,rscale     6    3    5.0000    1.2000
parameters
   -2.4027    7.4278    4.7420   -9.1126   -7.5526  -11.0258
    3.7857   -8.2128   -1.9635   17.5366    8.8117  -23.1519
eta,q 0.97631 11.43288
  0.0278  0.0260  0.0256  0.0298  0.0267  0.0287  0.0267  0.0290  0.0256  0.0270  0.0257  0.0251
  0.0255  0.0246  0.0245  0.0272  0.0251  0.0265  0.0251  0.0262  0.0245  0.0252  0.0247  0.0244
  0.0241  0.0239  0.0239  0.0251  0.0241  0.0248  0.0241  0.0244  0.0239  0.0241  0.0240  0.0239
  0.0237  0.0237  0.0237  0.0237  0.0236  0.0236  0.0237  0.0237  0.0237  0.0237  0.0237  0.0237
  0.0241  0.0240  0.0239  0.0238  0.0239  0.0231  0.0240  0.0242  0.0239  0.0239  0.0239  0.0238
  0.0255  0.0248  0.0247  0.0261  0.0248  0.0253  0.0251  0.0261  0.0246  0.0250  0.0245  0.0244
  0.0278  0.0262  0.0260  0.0304  0.0266  0.0308  0.0267  0.0293  0.0257  0.0273  0.0258  0.0252
niter,ni,del,rscale     5    3    5.0000    1.2000
parameters
   -2.3989    7.4193    4.7172   -9.1013   -7.5356  -11.0349
    3.8053   -8.2152   -1.9682   17.5420    8.8147  -23.1730
eta,q 0.97631 11.43396
  0.0278  0.0262  0.0257  0.0297  0.0266  0.0288  0.0267  0.0291  0.0256  0.0270  0.0257  0.0251
  0.0256  0.0247  0.0246  0.0272  0.0251  0.0266  0.0251  0.0262  0.0246  0.0252  0.0247  0.0244
  0.0242  0.0239  0.0239  0.0251  0.0241  0.0249  0.0241  0.0244  0.0239  0.0241  0.0240  0.0239
  0.0237  0.0237  0.0237  0.0237  0.0237  0.0237  0.0237  0.0237  0.0237  0.0237  0.0237  0.0237
  0.0242  0.0240  0.0239  0.0239  0.0240  0.0231  0.0240  0.0242  0.0239  0.0239  0.0239  0.0238
  0.0256  0.0248  0.0246  0.0263  0.0249  0.0251  0.0251  0.0261  0.0246  0.0250  0.0245  0.0244
  0.0278  0.0262  0.0258  0.0306  0.0268  0.0304  0.0267  0.0292  0.0257  0.0273  0.0258  0.0252
niter,ni,del,rscale     4    3    5.0000    1.2000
parameters
   -2.3975    7.4206    4.7133   -9.1002   -7.5353  -11.0358
    3.8101   -8.2142   -1.9750   17.5455    8.8157  -23.1840
eta,q 0.97631 11.43413
  0.0278  0.0262  0.0257  0.0297  0.0266  0.0288  0.0267  0.0291  0.0257  0.0270  0.0257  0.0252
  0.0256  0.0247  0.0246  0.0271  0.0251  0.0266  0.0251  0.0262  0.0246  0.0252  0.0247  0.0244
  0.0242  0.0239  0.0240  0.0251  0.0241  0.0249  0.0241  0.0244  0.0239  0.0241  0.0240  0.0239
  0.0237  0.0237  0.0237  0.0237  0.0237  0.0237  0.0237  0.0237  0.0237  0.0237  0.0237  0.0237
  0.0242  0.0240  0.0239  0.0239  0.0240  0.0231  0.0240  0.0242  0.0239  0.0239  0.0239  0.0238
  0.0256  0.0248  0.0246  0.0263  0.0249  0.0251  0.0251  0.0261  0.0246  0.0250  0.0245  0.0244
  0.0278  0.0261  0.0258  0.0306  0.0268  0.0304  0.0267  0.0292  0.0257  0.0273  0.0258  0.0252
registration optimization eta report
parameter search radius
    2.4000    2.4000    2.4000    9.5220    8.2800    8.2800
    7.2000    7.2000    7.2000    8.2800    8.2800    7.2000
100000*second partial in parameter space
       72.       43.       36.        7.        4.        9.
        6.       11.        4.        5.        3.        3.
  0.0278  0.0262  0.0257  0.0297  0.0266  0.0288  0.0267  0.0291  0.0257  0.0270  0.0257  0.0252
  0.0256  0.0247  0.0246  0.0271  0.0251  0.0266  0.0251  0.0262  0.0246  0.0252  0.0247  0.0244
  0.0242  0.0239  0.0240  0.0251  0.0241  0.0249  0.0241  0.0244  0.0239  0.0241  0.0240  0.0239
  0.0237  0.0237  0.0237  0.0237  0.0237  0.0237  0.0237  0.0237  0.0237  0.0237  0.0237  0.0237
  0.0242  0.0240  0.0239  0.0239  0.0240  0.0231  0.0240  0.0242  0.0239  0.0239  0.0239  0.0238
  0.0256  0.0248  0.0246  0.0263  0.0249  0.0251  0.0251  0.0261  0.0246  0.0250  0.0245  0.0244
  0.0278  0.0261  0.0258  0.0306  0.0268  0.0304  0.0267  0.0292  0.0257  0.0273  0.0258  0.0252
   -2.3975    7.4206    4.7133   -9.1002   -7.5353  -11.0358
    3.8101   -8.2142   -1.9750   17.5455    8.8157  -23.1840
eta,q 0.97631 11.43413

---------------------------------------------------------------------
imgreg_4dfp /opt/freesurfer/average/711-2C_as_mni_average_305 /opt/freesurfer/average/711-2B_as_mni_average_305_mask talsrcimg_g11 none talsrcimg_to_711-2C_as_mni_average_305_t4 2311
---------------------------------------------------------------------

freesurfer imgreg_4dfp.c
/opt/freesurfer/average/711-2C_as_mni_average_305.4dfp.img
       256       256       256         1
  1.000000  1.000000  1.000000
orientation T byte_order littleendian
Reading image: /opt/freesurfer/average/711-2C_as_mni_average_305.4dfp.img
dimensions:      256       256       256
mmppix:       1.0000   -1.0000   -1.0000
center:     128.0000 -129.0000 -129.0000
/opt/freesurfer/average/711-2B_as_mni_average_305_mask.4dfp.img
       256       256       256         1
  1.000000  1.000000  1.000000
orientation T byte_order littleendian
Reading mask: /opt/freesurfer/average/711-2B_as_mni_average_305_mask.4dfp.img (2306576 pixels)
talsrcimg_g11.4dfp.img
       256       256       256         1
  1.000000  1.000000  1.000000
orientation T byte_order littleendian
Reading image: talsrcimg_g11.4dfp.img
dimensions:      256       256       256
mmppix:       1.0000   -1.0000   -1.0000
center:     128.0000 -129.0000 -129.0000
fimgreg.f
image alignment mode   2311 decimal      907 hex
parameters
   -2.3975    7.4206    4.7133   -9.1002   -7.5353  -11.0358
    3.8101   -8.2142   -1.9750   17.5455    8.8157  -23.1840
eta,q 0.97631 11.43412
niter,ni,del,rscale     5    3    5.0000    0.8000
parameters
   -2.3964    7.4000    4.7494   -8.1899   -7.4893   -9.6291
    3.7788   -8.4069   -1.9968   17.6976    8.5140  -23.2847
eta,q 0.97689 11.50299
  0.0256  0.0247  0.0246  0.0261  0.0246  0.0259  0.0245  0.0260  0.0240  0.0244  0.0239  0.0238
  0.0245  0.0241  0.0241  0.0251  0.0240  0.0250  0.0238  0.0245  0.0235  0.0238  0.0235  0.0234
  0.0239  0.0238  0.0238  0.0243  0.0237  0.0242  0.0233  0.0234  0.0232  0.0233  0.0232  0.0232
  0.0237  0.0237  0.0237  0.0237  0.0235  0.0235  0.0231  0.0231  0.0231  0.0231  0.0231  0.0231
  0.0239  0.0238  0.0238  0.0235  0.0236  0.0231  0.0233  0.0236  0.0232  0.0232  0.0232  0.0232
  0.0245  0.0242  0.0241  0.0240  0.0240  0.0232  0.0238  0.0247  0.0235  0.0236  0.0236  0.0235
  0.0256  0.0248  0.0246  0.0249  0.0245  0.0244  0.0246  0.0266  0.0240  0.0244  0.0242  0.0239
niter,ni,del,rscale     4    3    5.0000    0.7000
parameters
   -2.3747    7.4661    4.7809   -8.3327   -7.6131   -9.6249
    3.8682   -8.3089   -1.8824   17.8998    8.4798  -23.3134
eta,q 0.97691 11.49761
  0.0248  0.0240  0.0240  0.0247  0.0238  0.0248  0.0243  0.0256  0.0238  0.0241  0.0238  0.0236
  0.0239  0.0235  0.0235  0.0239  0.0234  0.0241  0.0236  0.0243  0.0235  0.0236  0.0234  0.0234
  0.0233  0.0232  0.0232  0.0233  0.0232  0.0236  0.0233  0.0235  0.0232  0.0232  0.0232  0.0232
  0.0231  0.0231  0.0231  0.0231  0.0231  0.0231  0.0231  0.0231  0.0231  0.0231  0.0231  0.0231
  0.0233  0.0232  0.0232  0.0233  0.0232  0.0230  0.0232  0.0233  0.0232  0.0231  0.0232  0.0231
  0.0238  0.0234  0.0235  0.0239  0.0235  0.0237  0.0236  0.0241  0.0234  0.0234  0.0234  0.0233
  0.0247  0.0239  0.0239  0.0250  0.0239  0.0253  0.0242  0.0255  0.0238  0.0240  0.0239  0.0237
niter,ni,del,rscale     3    3    5.0000    0.6000
parameters
   -2.3601    7.4895    4.7833   -8.2835   -7.6761   -9.4442
    3.8437   -8.3141   -1.8348   17.9290    8.4321  -23.3485
eta,q 0.97695 11.50073
  0.0243  0.0237  0.0237  0.0244  0.0237  0.0245  0.0239  0.0249  0.0236  0.0238  0.0236  0.0235
  0.0236  0.0234  0.0234  0.0238  0.0233  0.0240  0.0234  0.0239  0.0233  0.0234  0.0233  0.0232
  0.0232  0.0232  0.0232  0.0233  0.0231  0.0235  0.0231  0.0233  0.0231  0.0231  0.0231  0.0231
  0.0231  0.0231  0.0231  0.0231  0.0231  0.0231  0.0230  0.0230  0.0230  0.0230  0.0231  0.0230
  0.0232  0.0232  0.0232  0.0232  0.0232  0.0230  0.0231  0.0233  0.0231  0.0231  0.0231  0.0231
  0.0236  0.0234  0.0234  0.0236  0.0234  0.0234  0.0234  0.0239  0.0233  0.0233  0.0233  0.0232
  0.0243  0.0237  0.0237  0.0244  0.0237  0.0246  0.0239  0.0250  0.0236  0.0238  0.0236  0.0235
niter,ni,del,rscale     2    3    5.0000    0.5000
parameters
   -2.3529    7.5072    4.7986   -8.2616   -7.7399   -9.2342
    3.8460   -8.3203   -1.7963   17.9209    8.3951  -23.3784
eta,q 0.97700 11.50287
  0.0239  0.0235  0.0235  0.0240  0.0234  0.0241  0.0236  0.0244  0.0234  0.0235  0.0234  0.0233
  0.0234  0.0232  0.0233  0.0235  0.0232  0.0237  0.0233  0.0236  0.0232  0.0232  0.0232  0.0231
  0.0231  0.0231  0.0231  0.0232  0.0231  0.0234  0.0231  0.0232  0.0231  0.0231  0.0230  0.0230
  0.0230  0.0230  0.0230  0.0230  0.0230  0.0230  0.0230  0.0230  0.0230  0.0230  0.0230  0.0230
  0.0231  0.0231  0.0231  0.0231  0.0231  0.0230  0.0231  0.0232  0.0230  0.0231  0.0230  0.0230
  0.0234  0.0232  0.0232  0.0234  0.0232  0.0233  0.0233  0.0236  0.0232  0.0232  0.0232  0.0231
  0.0239  0.0235  0.0235  0.0240  0.0235  0.0241  0.0236  0.0244  0.0234  0.0235  0.0234  0.0233
niter,ni,del,rscale     1    3    5.0000    0.4000
parameters
   -2.3449    7.5177    4.8183   -8.2640   -7.7861   -9.0298
    3.8523   -8.3287   -1.7589   17.9138    8.3485  -23.4282
eta,q 0.97703 11.50476
  0.0236  0.0233  0.0233  0.0236  0.0233  0.0238  0.0233  0.0239  0.0232  0.0233  0.0232  0.0232
  0.0232  0.0231  0.0231  0.0233  0.0231  0.0235  0.0231  0.0234  0.0231  0.0231  0.0231  0.0230
  0.0231  0.0230  0.0230  0.0231  0.0230  0.0232  0.0230  0.0231  0.0230  0.0230  0.0230  0.0230
  0.0230  0.0230  0.0230  0.0230  0.0230  0.0230  0.0230  0.0230  0.0230  0.0230  0.0230  0.0230
  0.0231  0.0230  0.0230  0.0231  0.0230  0.0230  0.0230  0.0231  0.0230  0.0230  0.0230  0.0230
  0.0232  0.0231  0.0231  0.0233  0.0231  0.0232  0.0231  0.0234  0.0231  0.0231  0.0231  0.0231
  0.0235  0.0233  0.0233  0.0236  0.0233  0.0237  0.0233  0.0239  0.0232  0.0233  0.0232  0.0232
registration optimization eta report
parameter search radius
    0.8000    0.8000    0.8000    2.4000    2.4000    2.4000
    2.4000    2.4000    2.4000    2.4000    2.4000    2.4000
100000*second partial in parameter space
       85.       43.       48.       11.        5.       13.
        6.       16.        4.        6.        5.        3.
  0.0236  0.0233  0.0233  0.0236  0.0233  0.0238  0.0233  0.0239  0.0232  0.0233  0.0232  0.0232
  0.0232  0.0231  0.0231  0.0233  0.0231  0.0235  0.0231  0.0234  0.0231  0.0231  0.0231  0.0230
  0.0231  0.0230  0.0230  0.0231  0.0230  0.0232  0.0230  0.0231  0.0230  0.0230  0.0230  0.0230
  0.0230  0.0230  0.0230  0.0230  0.0230  0.0230  0.0230  0.0230  0.0230  0.0230  0.0230  0.0230
  0.0231  0.0230  0.0230  0.0231  0.0230  0.0230  0.0230  0.0231  0.0230  0.0230  0.0230  0.0230
  0.0232  0.0231  0.0231  0.0233  0.0231  0.0232  0.0231  0.0234  0.0231  0.0231  0.0231  0.0231
  0.0235  0.0233  0.0233  0.0236  0.0233  0.0237  0.0233  0.0239  0.0232  0.0233  0.0232  0.0232
   -2.3449    7.5177    4.8183   -8.2640   -7.7861   -9.0298
    3.8523   -8.3287   -1.7589   17.9138    8.3485  -23.4282
eta,q 0.97703 11.50476

---------------------------------------------------------------------
imgreg_4dfp /opt/freesurfer/average/711-2C_as_mni_average_305 /opt/freesurfer/average/711-2B_as_mni_average_305_mask talsrcimg_g11 none talsrcimg_to_711-2C_as_mni_average_305_t4 2311
---------------------------------------------------------------------

freesurfer imgreg_4dfp.c
/opt/freesurfer/average/711-2C_as_mni_average_305.4dfp.img
       256       256       256         1
  1.000000  1.000000  1.000000
orientation T byte_order littleendian
Reading image: /opt/freesurfer/average/711-2C_as_mni_average_305.4dfp.img
dimensions:      256       256       256
mmppix:       1.0000   -1.0000   -1.0000
center:     128.0000 -129.0000 -129.0000
/opt/freesurfer/average/711-2B_as_mni_average_305_mask.4dfp.img
       256       256       256         1
  1.000000  1.000000  1.000000
orientation T byte_order littleendian
Reading mask: /opt/freesurfer/average/711-2B_as_mni_average_305_mask.4dfp.img (2306576 pixels)
talsrcimg_g11.4dfp.img
       256       256       256         1
  1.000000  1.000000  1.000000
orientation T byte_order littleendian
Reading image: talsrcimg_g11.4dfp.img
dimensions:      256       256       256
mmppix:       1.0000   -1.0000   -1.0000
center:     128.0000 -129.0000 -129.0000
fimgreg.f
image alignment mode   2311 decimal      907 hex
parameters
   -2.3449    7.5177    4.8183   -8.2640   -7.7861   -9.0298
    3.8523   -8.3287   -1.7589   17.9138    8.3485  -23.4282
eta,q 0.97703 11.50476
niter,ni,del,rscale     5    3    5.0000    0.8000
parameters
   -2.3440    7.5342    4.8469   -8.5361   -7.7720   -9.6871
    3.8303   -8.2600   -1.8012   17.9912    8.4664  -23.2760
eta,q 0.97688 11.48591
  0.0251  0.0241  0.0243  0.0249  0.0240  0.0249  0.0245  0.0262  0.0240  0.0244  0.0241  0.0239
  0.0239  0.0235  0.0236  0.0240  0.0235  0.0241  0.0238  0.0246  0.0235  0.0237  0.0236  0.0235
  0.0232  0.0231  0.0231  0.0233  0.0231  0.0235  0.0233  0.0235  0.0233  0.0233  0.0233  0.0232
  0.0230  0.0230  0.0230  0.0230  0.0230  0.0230  0.0231  0.0231  0.0231  0.0231  0.0231  0.0231
  0.0232  0.0231  0.0231  0.0233  0.0231  0.0232  0.0233  0.0234  0.0232  0.0232  0.0232  0.0232
  0.0239  0.0234  0.0235  0.0242  0.0234  0.0246  0.0238  0.0244  0.0235  0.0236  0.0235  0.0234
  0.0251  0.0241  0.0242  0.0256  0.0240  0.0272  0.0246  0.0261  0.0241  0.0244  0.0240  0.0238
niter,ni,del,rscale     4    3    5.0000    0.7000
parameters
   -2.3631    7.4929    4.7957   -8.3394   -7.6662   -9.6534
    3.8062   -8.2987   -1.8277   17.9236    8.4760  -23.3009
eta,q 0.97690 11.49495
  0.0247  0.0239  0.0239  0.0249  0.0239  0.0249  0.0242  0.0255  0.0238  0.0240  0.0238  0.0236
  0.0238  0.0235  0.0235  0.0241  0.0235  0.0242  0.0236  0.0242  0.0234  0.0235  0.0234  0.0234
  0.0233  0.0232  0.0232  0.0234  0.0232  0.0236  0.0232  0.0234  0.0232  0.0232  0.0232  0.0232
  0.0231  0.0231  0.0231  0.0231  0.0231  0.0231  0.0231  0.0231  0.0231  0.0231  0.0231  0.0231
  0.0233  0.0232  0.0232  0.0232  0.0232  0.0230  0.0232  0.0234  0.0232  0.0232  0.0232  0.0232
  0.0239  0.0235  0.0236  0.0237  0.0234  0.0237  0.0236  0.0242  0.0234  0.0235  0.0234  0.0233
  0.0248  0.0240  0.0241  0.0247  0.0239  0.0253  0.0242  0.0256  0.0238  0.0241  0.0238  0.0237
niter,ni,del,rscale     3    3    5.0000    0.6000
parameters
   -2.3602    7.4953    4.7846   -8.2749   -7.6728   -9.4468
    3.8266   -8.3199   -1.8217   17.9271    8.4318  -23.3544
eta,q 0.97696 11.50107
  0.0243  0.0237  0.0237  0.0244  0.0237  0.0245  0.0239  0.0249  0.0236  0.0238  0.0236  0.0235
  0.0236  0.0234  0.0234  0.0238  0.0234  0.0240  0.0234  0.0239  0.0233  0.0234  0.0233  0.0232
  0.0232  0.0232  0.0232  0.0233  0.0232  0.0235  0.0231  0.0233  0.0231  0.0231  0.0231  0.0231
  0.0231  0.0231  0.0231  0.0231  0.0231  0.0231  0.0230  0.0230  0.0230  0.0231  0.0230  0.0230
  0.0232  0.0232  0.0232  0.0232  0.0232  0.0230  0.0231  0.0233  0.0231  0.0231  0.0231  0.0231
  0.0236  0.0234  0.0234  0.0236  0.0234  0.0234  0.0234  0.0239  0.0233  0.0233  0.0233  0.0232
  0.0243  0.0237  0.0238  0.0244  0.0237  0.0245  0.0239  0.0250  0.0236  0.0238  0.0236  0.0235
niter,ni,del,rscale     2    3    5.0000    0.5000
parameters
   -2.3514    7.5096    4.7970   -8.2577   -7.7370   -9.2329
    3.8503   -8.3226   -1.7893   17.9302    8.3852  -23.3842
eta,q 0.97700 11.50326
  0.0239  0.0235  0.0235  0.0240  0.0234  0.0241  0.0236  0.0244  0.0234  0.0235  0.0234  0.0233
  0.0234  0.0232  0.0233  0.0235  0.0232  0.0237  0.0233  0.0236  0.0232  0.0232  0.0232  0.0231
  0.0231  0.0231  0.0231  0.0232  0.0231  0.0234  0.0231  0.0232  0.0231  0.0231  0.0230  0.0230
  0.0230  0.0230  0.0230  0.0230  0.0230  0.0230  0.0230  0.0230  0.0230  0.0230  0.0230  0.0230
  0.0231  0.0231  0.0231  0.0231  0.0231  0.0230  0.0231  0.0232  0.0230  0.0230  0.0230  0.0230
  0.0234  0.0232  0.0233  0.0234  0.0232  0.0233  0.0232  0.0236  0.0232  0.0232  0.0232  0.0231
  0.0239  0.0235  0.0235  0.0240  0.0235  0.0241  0.0236  0.0244  0.0234  0.0235  0.0234  0.0233
niter,ni,del,rscale     1    3    5.0000    0.4000
parameters
   -2.3444    7.5240    4.8170   -8.2616   -7.7985   -9.0312
    3.8565   -8.3286   -1.7599   17.9167    8.3434  -23.4210
eta,q 0.97703 11.50438
  0.0236  0.0233  0.0233  0.0236  0.0233  0.0238  0.0233  0.0239  0.0232  0.0233  0.0232  0.0232
  0.0232  0.0231  0.0231  0.0233  0.0231  0.0235  0.0231  0.0234  0.0231  0.0231  0.0231  0.0231
  0.0231  0.0230  0.0230  0.0231  0.0230  0.0232  0.0230  0.0231  0.0230  0.0230  0.0230  0.0230
  0.0230  0.0230  0.0230  0.0230  0.0230  0.0230  0.0230  0.0230  0.0230  0.0230  0.0230  0.0230
  0.0231  0.0230  0.0230  0.0231  0.0230  0.0230  0.0230  0.0231  0.0230  0.0230  0.0230  0.0230
  0.0232  0.0231  0.0231  0.0233  0.0231  0.0232  0.0231  0.0234  0.0231  0.0231  0.0231  0.0231
  0.0235  0.0233  0.0233  0.0236  0.0233  0.0237  0.0233  0.0239  0.0232  0.0233  0.0232  0.0232
registration optimization eta report
parameter search radius
    0.8000    0.8000    0.8000    2.4000    2.4000    2.4000
    2.4000    2.4000    2.4000    2.4000    2.4000    2.4000
100000*second partial in parameter space
       85.       42.       49.       11.        5.       13.
        6.       16.        4.        6.        5.        3.
  0.0236  0.0233  0.0233  0.0236  0.0233  0.0238  0.0233  0.0239  0.0232  0.0233  0.0232  0.0232
  0.0232  0.0231  0.0231  0.0233  0.0231  0.0235  0.0231  0.0234  0.0231  0.0231  0.0231  0.0231
  0.0231  0.0230  0.0230  0.0231  0.0230  0.0232  0.0230  0.0231  0.0230  0.0230  0.0230  0.0230
  0.0230  0.0230  0.0230  0.0230  0.0230  0.0230  0.0230  0.0230  0.0230  0.0230  0.0230  0.0230
  0.0231  0.0230  0.0230  0.0231  0.0230  0.0230  0.0230  0.0231  0.0230  0.0230  0.0230  0.0230
  0.0232  0.0231  0.0231  0.0233  0.0231  0.0232  0.0231  0.0234  0.0231  0.0231  0.0231  0.0231
  0.0235  0.0233  0.0233  0.0236  0.0233  0.0237  0.0233  0.0239  0.0232  0.0233  0.0232  0.0232
   -2.3444    7.5240    4.8170   -8.2616   -7.7985   -9.0312
    3.8565   -8.3286   -1.7599   17.9167    8.3434  -23.4210
eta,q 0.97703 11.50438

---------------------------------------------------------------------
compute_vox2vox talsrcimg talsrcimg_to_711-2C_as_mni_average_305_t4 /opt/freesurfer/average/711-2C_as_mni_average_305
---------------------------------------------------------------------

freesurfer compute_vox2vox.c
Reading: talsrcimg.4dfp.ifh
Reading: talsrcimg_to_711-2C_as_mni_average_305_t4
Reading: /opt/freesurfer/average/711-2C_as_mni_average_305.4dfp.ifh
Writing: talsrcimg_to_711-2C_as_mni_average_305_t4_vox2vox.txt

start time Sat Mar 14 01:58:23 CET 2026
end		time Sat Mar 14 01:59:49 CET 2026

mpr2mni305 success

avi2talxfm orig_nu.mgz /opt/freesurfer/average/mni305.cor.mgz talsrcimg_to_711-2C_as_mni_average_305_t4_vox2vox.txt transforms/talairach.auto.xfm
avi2talxfm done
mv -f /out/sourcedata/freesurfer/sub-v2s8x29226_ses-1/mri/talsrcimg_to_711-2C_as_mni_average_305_t4_vox2vox.txt /out/sourcedata/freesurfer/sub-v2s8x29226_ses-1/mri/transforms/talsrcimg_to_711-2C_as_mni_average_305_t4_vox2vox.txt
lta_convert --src orig_nu.mgz --trg /opt/freesurfer/average/mni305.cor.mgz --inxfm transforms/talairach.auto.xfm --outlta transforms/talairach.auto.xfm.lta --subject fsaverage
7.3.2

--src: orig_nu.mgz src image (geometry).
--trg: /opt/freesurfer/average/mni305.cor.mgz trg image (geometry).
--inmni: transforms/talairach.auto.xfm input MNI/XFM transform.
--outlta: transforms/talairach.auto.xfm.lta output LTA.
--s: fsaverage subject name
 LTA read, type : 1
 1.08035   0.10267  -0.01911   11.62136;
-0.08931   1.03841   0.26751  -9.07817;
 0.03798  -0.19983   1.03223  -6.66933;
 0.00000   0.00000   0.00000   1.00000;
setting subject to fsaverage
Writing  LTA to file transforms/talairach.auto.xfm.lta...
lta_convert successful.
 
 
Started at Sat Mar 14 01:58:22 CET 2026
Ended   at Sat Mar 14 01:59:50 CET 2026
talairach_avi done
