status file for recon-all
Sat Mar 14 00:06:52 CET 2026
#@# MotionCor Sat Mar 14 00:06:53 CET 2026
#@# Talairach Sat Mar 14 00:06:59 CET 2026
#@# Talairach Failure Detection Sat Mar 14 00:09:50 CET 2026
#@# Nu Intensity Correction Sat Mar 14 00:09:50 CET 2026
#@# Intensity Normalization Sat Mar 14 00:12:34 CET 2026
recon-all -s sub-v2s8x29189_ses-1 finished without error at Sat Mar 14 00:13:30 CET 2026



#New# invocation of recon-all 



status file for recon-all
Sat Mar 14 00:19:29 CET 2026
#@# EM Registration Sat Mar 14 00:19:29 CET 2026
recon-all -s sub-v2s8x29189_ses-1 finished without error at Sat Mar 14 00:20:39 CET 2026



#New# invocation of recon-all 



status file for recon-all
Sat Mar 14 00:20:42 CET 2026
#@# CA Normalize Sat Mar 14 00:20:42 CET 2026
#@# CA Reg Sat Mar 14 00:21:38 CET 2026
#@# SubCort Seg Sat Mar 14 00:53:23 CET 2026
#@# CC Seg Sat Mar 14 01:13:29 CET 2026
#@# Merge ASeg Sat Mar 14 01:13:50 CET 2026
#@# Intensity Normalization2 Sat Mar 14 01:13:50 CET 2026
#@# Mask BFS Sat Mar 14 01:15:16 CET 2026
#@# WM Segmentation Sat Mar 14 01:15:16 CET 2026
#@# Fill Sat Mar 14 01:16:50 CET 2026
recon-all -s sub-v2s8x29189_ses-1 finished without error at Sat Mar 14 01:17:31 CET 2026



#New# invocation of recon-all 



status file for recon-all
Sat Mar 14 01:51:13 CET 2026
#@# white curv lh Sat Mar 14 01:51:13 CET 2026
#@# white area lh Sat Mar 14 01:51:13 CET 2026
#@# pial curv lh Sat Mar 14 01:51:13 CET 2026
#@# pial area lh Sat Mar 14 01:51:13 CET 2026
#@# thickness lh Sat Mar 14 01:51:13 CET 2026
#@# area and vertex vol lh Sat Mar 14 01:51:13 CET 2026
#@# white curv rh Sat Mar 14 01:51:13 CET 2026
#@# white area rh Sat Mar 14 01:51:13 CET 2026
#@# pial curv rh Sat Mar 14 01:51:13 CET 2026
#@# pial area rh Sat Mar 14 01:51:13 CET 2026
#@# thickness rh Sat Mar 14 01:51:13 CET 2026
#@# area and vertex vol rh Sat Mar 14 01:51:13 CET 2026
#@# Cortical ribbon mask Sat Mar 14 01:51:13 CET 2026
recon-all -s sub-v2s8x29189_ses-1 finished without error at Sat Mar 14 01:55:55 CET 2026



#New# invocation of recon-all 



status file for recon-all
Sat Mar 14 02:00:37 CET 2026
#@# white curv lh Sat Mar 14 02:00:37 CET 2026
#@# white area lh Sat Mar 14 02:00:37 CET 2026
#@# pial curv lh Sat Mar 14 02:00:37 CET 2026
#@# pial area lh Sat Mar 14 02:00:37 CET 2026
#@# thickness lh Sat Mar 14 02:00:37 CET 2026
#@# area and vertex vol lh Sat Mar 14 02:00:37 CET 2026
#@# white curv rh Sat Mar 14 02:00:37 CET 2026
#@# white area rh Sat Mar 14 02:00:37 CET 2026
#@# pial curv rh Sat Mar 14 02:00:37 CET 2026
#@# pial area rh Sat Mar 14 02:00:37 CET 2026
#@# thickness rh Sat Mar 14 02:00:37 CET 2026
#@# area and vertex vol rh Sat Mar 14 02:00:37 CET 2026
#@# Curvature Stats lh Sat Mar 14 02:00:37 CET 2026
#@# Curvature Stats rh Sat Mar 14 02:00:39 CET 2026
#@# Relabel Hypointensities Sat Mar 14 02:00:40 CET 2026
#@# APas-to-ASeg Sat Mar 14 02:00:51 CET 2026
#@# AParc-to-ASeg aparc Sat Mar 14 02:00:57 CET 2026
#@# AParc-to-ASeg aparc.a2009s Sat Mar 14 02:01:23 CET 2026
#@# AParc-to-ASeg aparc.DKTatlas Sat Mar 14 02:01:46 CET 2026
#@# WMParc Sat Mar 14 02:02:10 CET 2026
#@# ASeg Stats Sat Mar 14 02:03:59 CET 2026
recon-all -s sub-v2s8x29189_ses-1 finished without error at Sat Mar 14 02:04:17 CET 2026
