status file for recon-all
Sat Mar 14 01:17:35 CET 2026
#@# Tessellate lh Sat Mar 14 01:17:35 CET 2026
#@# Smooth1 lh Sat Mar 14 01:17:38 CET 2026
#@# Inflation1 lh Sat Mar 14 01:17:39 CET 2026
#@# QSphere lh Sat Mar 14 01:17:46 CET 2026
#@# Fix Topology lh Sat Mar 14 01:18:24 CET 2026
#@# Smooth2 lh Sat Mar 14 01:24:18 CET 2026
#@# Inflation2 lh Sat Mar 14 01:24:20 CET 2026
#@# Curv .H and .K lh Sat Mar 14 01:24:27 CET 2026
#@# Sphere lh Sat Mar 14 01:25:03 CET 2026
#@# Surf Reg lh Sat Mar 14 01:27:03 CET 2026
#@# Jacobian white lh Sat Mar 14 01:29:27 CET 2026
#@# AvgCurv lh Sat Mar 14 01:29:27 CET 2026
#@# Cortical Parc lh Sat Mar 14 01:29:28 CET 2026
#@# white curv lh Sat Mar 14 01:34:15 CET 2026
#@# white area lh Sat Mar 14 01:34:16 CET 2026
#@# pial curv lh Sat Mar 14 01:34:16 CET 2026
#@# pial area lh Sat Mar 14 01:34:17 CET 2026
#@# thickness lh Sat Mar 14 01:34:18 CET 2026
#@# area and vertex vol lh Sat Mar 14 01:34:36 CET 2026
#@# Curvature Stats lh Sat Mar 14 01:34:37 CET 2026
#@# Cortical Parc 2 lh Sat Mar 14 01:34:39 CET 2026
#@# Cortical Parc 3 lh Sat Mar 14 01:34:48 CET 2026
#@# WM/GM Contrast lh Sat Mar 14 01:34:55 CET 2026
recon-all -s sub-v2s8x29189_ses-1 finished without error at Sat Mar 14 01:34:58 CET 2026



#New# invocation of recon-all 



status file for recon-all
Sat Mar 14 01:55:59 CET 2026
#@# white curv lh Sat Mar 14 01:55:59 CET 2026
#@# white area lh Sat Mar 14 01:55:59 CET 2026
#@# pial curv lh Sat Mar 14 01:55:59 CET 2026
#@# pial area lh Sat Mar 14 01:56:00 CET 2026
#@# thickness lh Sat Mar 14 01:56:00 CET 2026
#@# area and vertex vol lh Sat Mar 14 01:56:00 CET 2026
#@# Parcellation Stats lh Sat Mar 14 01:56:00 CET 2026
#@# Parcellation Stats 2 lh Sat Mar 14 01:56:13 CET 2026
#@# Parcellation Stats 3 lh Sat Mar 14 01:56:20 CET 2026
#@# BA_exvivo Labels lh Sat Mar 14 01:56:26 CET 2026
recon-all -s sub-v2s8x29189_ses-1 finished without error at Sat Mar 14 01:58:14 CET 2026
