/out/sourcedata/freesurfer/sub-v2s8x29211_ses-1/mri
/opt/freesurfer/bin/talairach_avi
--i orig_nu.mgz --xfm transforms/talairach.auto.xfm
talairach_avi 7.3.2
Linux dna032 5.14.0-427.37.1.el9_4.x86_64 #1 SMP PREEMPT_DYNAMIC Fri Sep 13 12:41:50 EDT 2024 x86_64 x86_64 x86_64 GNU/Linux
Sat Mar 14 01:11:25 CET 2026
mri_convert orig_nu.mgz talsrcimg.img 
reading from orig_nu.mgz...
TR=0.00, TE=0.00, TI=0.00, flip angle=0.00
i_ras = (-1, 0, 0)
j_ras = (0, 0, -1)
k_ras = (0, 1, 0)
writing to talsrcimg.img...
Analyze Output Matrix
-1.00000   0.00000   0.00000   121.71282;
 0.00000   0.00000   1.00000  -128.00000;
 0.00000  -1.00000   0.00000   124.93976;
 0.00000   0.00000   0.00000   1.00000;
--------------------
INFO: set hdr.hist.orient to -1
mpr2mni305 talsrcimg
Sat Mar 14 01:11:26 CET 2026
/opt/freesurfer/bin/mpr2mni305 talsrcimg
mpr2mni305 7.3.2
target=711-2C_as_mni_average_305

---------------------------------------------------------------------
analyzeto4dfp talsrcimg -O0 -y
---------------------------------------------------------------------

freesurfer ifh2hdr.c
Sat Mar 14 01:11:26 2026
Writing: talsrcimg.4dfp.hdr
freesurfer analyzeto4dfp.c
Reading: talsrcimg.hdr
header size 348 bytes
hdr.dime.datatype	offset=70	value=2
hdr.dime.bitpix		offset=72	value=8
hdr.hist.orient		offset=252	value=-1
dimensionality     4
dimensions       256       256       256         1
Reading: talsrcimg.img
Writing: talsrcimg.4dfp.img
Writing: talsrcimg.4dfp.ifh
ifh2hdr talsrcimg -r0to178
ori=2

---------------------------------------------------------------------
gauss_4dfp talsrcimg 1.1
---------------------------------------------------------------------

freesurfer gauss_4dfp.c
Reading: talsrcimg.4dfp.img
Writing: talsrcimg_g11.4dfp.img
image dimensions 256 256 256 padded to 288 288 288
processing volume 1freesurfer ifh2hdr.c
Sat Mar 14 01:11:28 2026
Writing: talsrcimg_g11.4dfp.hdr

Writing: talsrcimg_g11.4dfp.ifh
including: talsrcimg.4dfp.img.rec in talsrcimg_g11.4dfp.img.rec

---------------------------------------------------------------------
imgreg_4dfp /opt/freesurfer/average/711-2C_as_mni_average_305 none talsrcimg_g11 none talsrcimg_to_711-2C_as_mni_average_305_t4 4355
---------------------------------------------------------------------

freesurfer imgreg_4dfp.c
/opt/freesurfer/average/711-2C_as_mni_average_305.4dfp.img
       256       256       256         1
  1.000000  1.000000  1.000000
orientation T byte_order littleendian
Reading image: /opt/freesurfer/average/711-2C_as_mni_average_305.4dfp.img
dimensions:      256       256       256
mmppix:       1.0000   -1.0000   -1.0000
center:     128.0000 -129.0000 -129.0000
talsrcimg_g11.4dfp.img
       256       256       256         1
  1.000000  1.000000  1.000000
orientation T byte_order littleendian
Reading image: talsrcimg_g11.4dfp.img
dimensions:      256       256       256
mmppix:       1.0000   -1.0000   -1.0000
center:     128.0000 -129.0000 -129.0000
t4_read: open error in t4_sub.f l:  41 t4_file(1:l)talsrcimg_to_711-2C_as_mni_average_305_t4 
t4_read: transform initialized to I4
rotation matrix determinant  1.000000
image alignment mode   4355 decimal     1103 hex
   -7.5000  -45.0000  -45.0000 9233.4199   16.4105
    0.0000  -45.0000  -45.0000 9689.1338   16.4177
    7.5000  -45.0000  -45.0000 9253.4346   16.4272
   -7.5000  -37.5000  -45.0000 9593.2695   16.3666
    0.0000  -37.5000  -45.000010034.5332   16.3709
    7.5000  -37.5000  -45.0000 9597.3164   16.3778
   -7.5000  -30.0000  -45.000010246.6133   16.2969
    0.0000  -30.0000  -45.000010704.1660   16.2977
    7.5000  -30.0000  -45.000010237.3330   16.3032
   -7.5000  -22.5000  -45.000010840.0732   16.2486
    0.0000  -22.5000  -45.000011308.3486   16.2490
    7.5000  -22.5000  -45.000010810.7285   16.2563
   -7.5000  -15.0000  -45.000011349.2705   16.2615
    0.0000  -15.0000  -45.000011832.2852   16.2640
    7.5000  -15.0000  -45.000011301.0049   16.2751
   -7.5000   -7.5000  -45.000011771.7793   16.2455
    0.0000   -7.5000  -45.000012266.2334   16.2509
    7.5000   -7.5000  -45.000011719.8262   16.2626
   -7.5000    0.0000  -45.000012080.6504   16.2181
    0.0000    0.0000  -45.000012586.4189   16.2244
    7.5000    0.0000  -45.000012027.2539   16.2340
   -7.5000    7.5000  -45.000011470.0850   16.2331
    0.0000    7.5000  -45.000011930.0068   16.2367
    7.5000    7.5000  -45.000011397.8115   16.2436
   -7.5000   15.0000  -45.000010772.3311   16.3366
    0.0000   15.0000  -45.000011192.2061   16.3382
    7.5000   15.0000  -45.000010700.8398   16.3446
   -7.5000   22.5000  -45.0000 9999.7520   16.4879
    0.0000   22.5000  -45.000010398.5439   16.4891
    7.5000   22.5000  -45.0000 9920.1240   16.4979
   -7.5000   30.0000  -45.0000 9220.8730   16.4479
    0.0000   30.0000  -45.0000 9588.9619   16.4524
    7.5000   30.0000  -45.0000 9106.4121   16.4655
   -7.5000   37.5000  -45.0000 8714.7305   16.6555
    0.0000   37.5000  -45.0000 9064.6436   16.6627
    7.5000   37.5000  -45.0000 8613.9912   16.6750
   -7.5000   45.0000  -45.0000 7828.6445   16.4904
    0.0000   45.0000  -45.0000 8136.7051   16.4994
    7.5000   45.0000  -45.0000 7740.4136   16.5101
   -7.5000  -45.0000  -37.5000 9682.2031   16.1118
    0.0000  -45.0000  -37.500010126.8926   16.1134
    7.5000  -45.0000  -37.5000 9697.6514   16.1236
   -7.5000  -37.5000  -37.500010054.2812   16.0770
    0.0000  -37.5000  -37.500010490.9307   16.0746
    7.5000  -37.5000  -37.500010048.7402   16.0794
   -7.5000  -30.0000  -37.500010727.3496   16.0053
    0.0000  -30.0000  -37.500011183.6299   15.9991
    7.5000  -30.0000  -37.500010707.9609   16.0034
   -7.5000  -22.5000  -37.500011324.1426   15.9460
    0.0000  -22.5000  -37.500011791.0244   15.9399
    7.5000  -22.5000  -37.500011297.9355   15.9500
   -7.5000  -15.0000  -37.500011846.5752   15.9513
    0.0000  -15.0000  -37.500012313.6748   15.9481
    7.5000  -15.0000  -37.500011793.8193   15.9642
   -7.5000   -7.5000  -37.500012257.5508   15.9413
    0.0000   -7.5000  -37.500012747.5859   15.9417
    7.5000   -7.5000  -37.500012211.7979   15.9573
   -7.5000    0.0000  -37.500012581.0059   15.9259
    0.0000    0.0000  -37.500013055.0332   15.9269
    7.5000    0.0000  -37.500012507.3262   15.9370
   -7.5000    7.5000  -37.500011928.9014   15.9476
    0.0000    7.5000  -37.500012344.1875   15.9448
    7.5000    7.5000  -37.500011828.2939   15.9497
   -7.5000   15.0000  -37.500011186.6182   16.0465
    0.0000   15.0000  -37.500011566.9717   16.0411
    7.5000   15.0000  -37.500011091.9854   16.0461
   -7.5000   22.5000  -37.500010356.2266   16.1828
    0.0000   22.5000  -37.500010717.6045   16.1773
    7.5000   22.5000  -37.500010261.4727   16.1886
   -7.5000   30.0000  -37.5000 9515.8018   16.1372
    0.0000   30.0000  -37.5000 9858.6787   16.1359
    7.5000   30.0000  -37.5000 9388.6982   16.1540
   -7.5000   37.5000  -37.5000 8979.8262   16.3498
    0.0000   37.5000  -37.5000 9310.4131   16.3523
    7.5000   37.5000  -37.5000 8875.8555   16.3682
   -7.5000   45.0000  -37.5000 8065.7324   16.2017
    0.0000   45.0000  -37.5000 8354.8984   16.2065
    7.5000   45.0000  -37.5000 7974.8506   16.2176
   -7.5000  -45.0000  -30.000010378.2754   16.5033
    0.0000  -45.0000  -30.000010831.3262   16.4980
    7.5000  -45.0000  -30.000010386.3447   16.5063
   -7.5000  -37.5000  -30.000010754.6328   16.4694
    0.0000  -37.5000  -30.000011216.2754   16.4582
    7.5000  -37.5000  -30.000010748.2646   16.4606
   -7.5000  -30.0000  -30.000011449.3936   16.3903
    0.0000  -30.0000  -30.000011927.7793   16.3732
    7.5000  -30.0000  -30.000011439.2412   16.3764
   -7.5000  -22.5000  -30.000012072.2900   16.3225
    0.0000  -22.5000  -30.000012573.0059   16.3051
    7.5000  -22.5000  -30.000012053.5967   16.3159
   -7.5000  -15.0000  -30.000012633.9775   16.3257
    0.0000  -15.0000  -30.000013146.7900   16.3125
    7.5000  -15.0000  -30.000012595.7568   16.3297
   -7.5000   -7.5000  -30.000013077.0752   16.3206
    0.0000   -7.5000  -30.000013576.8252   16.3132
    7.5000   -7.5000  -30.000013034.3574   16.3286
   -7.5000    0.0000  -30.000013391.2305   16.3114
    0.0000    0.0000  -30.000013850.8516   16.3056
    7.5000    0.0000  -30.000013306.2744   16.3138
   -7.5000    7.5000  -30.000012669.6426   16.3367
    0.0000    7.5000  -30.000013066.6758   16.3252
    7.5000    7.5000  -30.000012541.6455   16.3277
   -7.5000   15.0000  -30.000011866.3789   16.4344
    0.0000   15.0000  -30.000012235.4072   16.4178
    7.5000   15.0000  -30.000011756.1768   16.4215
   -7.5000   22.5000  -30.000010957.2725   16.5648
    0.0000   22.5000  -30.000011303.1504   16.5480
    7.5000   22.5000  -30.000010865.8105   16.5599
   -7.5000   30.0000  -30.000010027.6904   16.5188
    0.0000   30.0000  -30.000010369.2051   16.5075
    7.5000   30.0000  -30.0000 9912.6553   16.5266
   -7.5000   37.5000  -30.0000 9465.3965   16.7430
    0.0000   37.5000  -30.0000 9806.5859   16.7377
    7.5000   37.5000  -30.0000 9362.1133   16.7532
   -7.5000   45.0000  -30.0000 8509.5215   16.6117
    0.0000   45.0000  -30.0000 8785.6875   16.6100
    7.5000   45.0000  -30.0000 8403.5781   16.6193
   -7.5000  -45.0000  -22.500011143.8770   16.8704
    0.0000  -45.0000  -22.500011655.8926   16.8591
    7.5000  -45.0000  -22.500011164.2500   16.8651
   -7.5000  -37.5000  -22.500011534.5635   16.8335
    0.0000  -37.5000  -22.500012046.3486   16.8162
    7.5000  -37.5000  -22.500011536.9404   16.8182
   -7.5000  -30.0000  -22.500012241.2705   16.7512
    0.0000  -30.0000  -22.500012764.0361   16.7264
    7.5000  -30.0000  -22.500012223.6113   16.7296
   -7.5000  -22.5000  -22.500012893.1182   16.6858
    0.0000  -22.5000  -22.500013438.2822   16.6598
    7.5000  -22.5000  -22.500012863.8008   16.6686
   -7.5000  -15.0000  -22.500013483.5508   16.6930
    0.0000  -15.0000  -22.500014052.6699   16.6713
    7.5000  -15.0000  -22.500013451.4238   16.6850
   -7.5000   -7.5000  -22.500013961.1533   16.6874
    0.0000   -7.5000  -22.500014518.5088   16.6728
    7.5000   -7.5000  -22.500013911.7002   16.6847
   -7.5000    0.0000  -22.500014289.1924   16.6748
    0.0000    0.0000  -22.500014821.1982   16.6631
    7.5000    0.0000  -22.500014189.0088   16.6691
   -7.5000    7.5000  -22.500013497.6797   16.6986
    0.0000    7.5000  -22.500013960.2764   16.6811
    7.5000    7.5000  -22.500013371.8672   16.6832
   -7.5000   15.0000  -22.500012610.7061   16.7980
    0.0000   15.0000  -22.500013034.3838   16.7737
    7.5000   15.0000  -22.500012513.2041   16.7773
   -7.5000   22.5000  -22.500011639.4219   16.9349
    0.0000   22.5000  -22.500012026.1025   16.9095
    7.5000   22.5000  -22.500011548.8916   16.9195
   -7.5000   30.0000  -22.500010644.1357   16.8964
    0.0000   30.0000  -22.500011000.0205   16.8760
    7.5000   30.0000  -22.500010531.1904   16.8914
   -7.5000   37.5000  -22.500010028.1211   17.1258
    0.0000   37.5000  -22.500010381.9072   17.1124
    7.5000   37.5000  -22.5000 9903.7754   17.1245
   -7.5000   45.0000  -22.5000 8993.8828   17.0030
    0.0000   45.0000  -22.5000 9304.9932   16.9941
    7.5000   45.0000  -22.5000 8880.0059   17.0012
   -7.5000  -45.0000  -15.000011963.4961   17.1073
    0.0000  -45.0000  -15.000012536.9570   17.0973
    7.5000  -45.0000  -15.000011952.5693   17.1027
   -7.5000  -37.5000  -15.000012380.6904   17.0661
    0.0000  -37.5000  -15.000012976.5469   17.0510
    7.5000  -37.5000  -15.000012363.0557   17.0556
   -7.5000  -30.0000  -15.000013087.1289   16.9853
    0.0000  -30.0000  -15.000013684.7764   16.9631
    7.5000  -30.0000  -15.000013052.7910   16.9675
   -7.5000  -22.5000  -15.000013739.7100   16.9292
    0.0000  -22.5000  -15.000014334.4307   16.9052
    7.5000  -22.5000  -15.000013693.5039   16.9106
   -7.5000  -15.0000  -15.000014337.8252   16.9426
    0.0000  -15.0000  -15.000014969.9688   16.9224
    7.5000  -15.0000  -15.000014299.6973   16.9301
   -7.5000   -7.5000  -15.000014848.6621   16.9321
    0.0000   -7.5000  -15.000015500.0420   16.9184
    7.5000   -7.5000  -15.000014798.9268   16.9262
   -7.5000    0.0000  -15.000015190.3945   16.9097
    0.0000    0.0000  -15.000015804.6465   16.8991
    7.5000    0.0000  -15.000015090.7598   16.9046
   -7.5000    7.5000  -15.000014342.0947   16.9300
    0.0000    7.5000  -15.000014935.4492   16.9145
    7.5000    7.5000  -15.000014241.8555   16.9192
   -7.5000   15.0000  -15.000013403.2295   17.0341
    0.0000   15.0000  -15.000013934.5977   17.0124
    7.5000   15.0000  -15.000013301.4414   17.0176
   -7.5000   22.5000  -15.000012385.8389   17.1841
    0.0000   22.5000  -15.000012866.2070   17.1609
    7.5000   22.5000  -15.000012286.8311   17.1678
   -7.5000   30.0000  -15.000011310.9023   17.1561
    0.0000   30.0000  -15.000011734.3662   17.1370
    7.5000   30.0000  -15.000011186.6787   17.1464
   -7.5000   37.5000  -15.000010632.2598   17.3845
    0.0000   37.5000  -15.000011065.8252   17.3714
    7.5000   37.5000  -15.000010492.4551   17.3794
   -7.5000   45.0000  -15.0000 9506.0000   17.2617
    0.0000   45.0000  -15.0000 9901.0010   17.2527
    7.5000   45.0000  -15.0000 9385.5674   17.2597
   -7.5000  -45.0000   -7.500012740.4541   17.1873
    0.0000  -45.0000   -7.500013388.8604   17.1801
    7.5000  -45.0000   -7.500012723.9287   17.1900
   -7.5000  -37.5000   -7.500013231.7031   17.1466
    0.0000  -37.5000   -7.500013985.0566   17.1350
    7.5000  -37.5000   -7.500013253.4492   17.1448
   -7.5000  -30.0000   -7.500014003.0264   17.0712
    0.0000  -30.0000   -7.500014765.2695   17.0545
    7.5000  -30.0000   -7.500014025.9277   17.0625
   -7.5000  -22.5000   -7.500014669.7070   17.0215
    0.0000  -22.5000   -7.500015386.5361   17.0046
    7.5000  -22.5000   -7.500014656.5371   17.0110
   -7.5000  -15.0000   -7.500015307.4033   17.0351
    0.0000  -15.0000   -7.500016057.5713   17.0221
    7.5000  -15.0000   -7.500015270.5654   17.0302
   -7.5000   -7.5000   -7.500015893.2461   17.0180
    0.0000   -7.5000   -7.500016682.2441   17.0095
    7.5000   -7.5000   -7.500015819.3770   17.0191
   -7.5000    0.0000   -7.500016255.1299   16.9889
    0.0000    0.0000   -7.500017092.2031   16.9811
    7.5000    0.0000   -7.500016166.8525   16.9910
   -7.5000    7.5000   -7.500015335.9482   17.0101
    0.0000    7.5000   -7.500016135.1016   16.9979
    7.5000    7.5000   -7.500015243.5449   17.0077
   -7.5000   15.0000   -7.500014337.6533   17.1221
    0.0000   15.0000   -7.500015057.9961   17.1062
    7.5000   15.0000   -7.500014228.8604   17.1151
   -7.5000   22.5000   -7.500013250.9688   17.2802
    0.0000   22.5000   -7.500013927.0371   17.2640
    7.5000   22.5000   -7.500013145.8555   17.2720
   -7.5000   30.0000   -7.500012119.3867   17.2562
    0.0000   30.0000   -7.500012688.1484   17.2446
    7.5000   30.0000   -7.500011981.5898   17.2545
   -7.5000   37.5000   -7.500011351.3584   17.4812
    0.0000   37.5000   -7.500011889.5859   17.4734
    7.5000   37.5000   -7.500011224.4297   17.4836
   -7.5000   45.0000   -7.500010111.2988   17.3563
    0.0000   45.0000   -7.500010572.0605   17.3498
    7.5000   45.0000   -7.5000 9990.6650   17.3615
   -7.5000  -45.0000    0.000013400.1680   17.1684
    0.0000  -45.0000    0.000014111.0410   17.1634
    7.5000  -45.0000    0.000013455.4131   17.1768
   -7.5000  -37.5000    0.000014015.8438   17.1340
    0.0000  -37.5000    0.000014932.2266   17.1252
    7.5000  -37.5000    0.000014103.3506   17.1369
   -7.5000  -30.0000    0.000015006.4219   17.0620
    0.0000  -30.0000    0.000016073.1768   17.0502
    7.5000  -30.0000    0.000015084.2197   17.0596
   -7.5000  -22.5000    0.000015782.2080   17.0089
    0.0000  -22.5000    0.000016919.7812   16.9982
    7.5000  -22.5000    0.000015821.9824   17.0076
   -7.5000  -15.0000    0.000016428.4980   17.0164
    0.0000  -15.0000    0.000017629.1914   17.0088
    7.5000  -15.0000    0.000016381.3057   17.0210
   -7.5000   -7.5000    0.000016961.3633   16.9968
    0.0000   -7.5000    0.000018193.1348   16.9917
    7.5000   -7.5000    0.000016890.4219   17.0054
   -7.5000    0.0000    0.000017313.9883   16.9697
    0.0000    0.0000    0.000018517.3379   16.9641
    7.5000    0.0000    0.000017246.2656   16.9775
   -7.5000    7.5000    0.000016305.1133   16.9973
    0.0000    7.5000    0.000017363.5156   16.9880
    7.5000    7.5000    0.000016238.3633   16.9996
   -7.5000   15.0000    0.000015197.2734   17.1150
    0.0000   15.0000    0.000016131.1318   17.1040
    7.5000   15.0000    0.000015117.5000   17.1143
   -7.5000   22.5000    0.000014036.1055   17.2715
    0.0000   22.5000    0.000014869.5498   17.2613
    7.5000   22.5000    0.000013965.5049   17.2721
   -7.5000   30.0000    0.000012813.2988   17.2443
    0.0000   30.0000    0.000013503.3477   17.2384
    7.5000   30.0000    0.000012733.1641   17.2525
   -7.5000   37.5000    0.000011975.4844   17.4693
    0.0000   37.5000    0.000012595.9121   17.4654
    7.5000   37.5000    0.000011898.4746   17.4797
   -7.5000   45.0000    0.000010626.8379   17.3474
    0.0000   45.0000    0.000011143.5752   17.3439
    7.5000   45.0000    0.000010543.2383   17.3590
   -7.5000  -45.0000    7.500013102.0654   17.2484
    0.0000  -45.0000    7.500013916.2236   17.2420
    7.5000  -45.0000    7.500013192.3203   17.2550
   -7.5000  -37.5000    7.500013665.6475   17.2208
    0.0000  -37.5000    7.500014640.2725   17.2100
    7.5000  -37.5000    7.500013789.6396   17.2182
   -7.5000  -30.0000    7.500014737.5791   17.1459
    0.0000  -30.0000    7.500016041.6875   17.1315
    7.5000  -30.0000    7.500014889.6367   17.1386
   -7.5000  -22.5000    7.500015664.3574   17.0825
    0.0000  -22.5000    7.500017233.3379   17.0688
    7.5000  -22.5000    7.500015773.4150   17.0805
   -7.5000  -15.0000    7.500016305.6055   17.0845
    0.0000  -15.0000    7.500017771.9375   17.0738
    7.5000  -15.0000    7.500016337.0127   17.0910
   -7.5000   -7.5000    7.500016692.5527   17.0704
    0.0000   -7.5000    7.500018009.8574   17.0634
    7.5000   -7.5000    7.500016732.3633   17.0806
   -7.5000    0.0000    7.500016970.3164   17.0534
    0.0000    0.0000    7.500018163.6738   17.0466
    7.5000    0.0000    7.500016994.6621   17.0595
   -7.5000    7.5000    7.500016000.0166   17.0861
    0.0000    7.5000    7.500017042.7402   17.0751
    7.5000    7.5000    7.500016004.7402   17.0833
   -7.5000   15.0000    7.500014917.8135   17.2016
    0.0000   15.0000    7.500015848.0889   17.1879
    7.5000   15.0000    7.500014923.8271   17.1957
   -7.5000   22.5000    7.500013793.5820   17.3479
    0.0000   22.5000    7.500014597.2568   17.3346
    7.5000   22.5000    7.500013788.9268   17.3476
   -7.5000   30.0000    7.500012582.6260   17.3156
    0.0000   30.0000    7.500013265.8076   17.3069
    7.5000   30.0000    7.500012568.1660   17.3260
   -7.5000   37.5000    7.500011726.9121   17.5496
    0.0000   37.5000    7.500012327.0605   17.5444
    7.5000   37.5000    7.500011675.0479   17.5619
   -7.5000   45.0000    7.500010376.6572   17.4377
    0.0000   45.0000    7.500010891.9199   17.4344
    7.5000   45.0000    7.500010318.3711   17.4487
   -7.5000  -45.0000   15.000012782.8193   17.3233
    0.0000  -45.0000   15.000013519.0625   17.3129
    7.5000  -45.0000   15.000012863.8086   17.3218
   -7.5000  -37.5000   15.000013328.1748   17.2983
    0.0000  -37.5000   15.000014139.3359   17.2819
    7.5000  -37.5000   15.000013393.2969   17.2847
   -7.5000  -30.0000   15.000014339.9316   17.2187
    0.0000  -30.0000   15.000015444.1270   17.1965
    7.5000  -30.0000   15.000014445.1133   17.1999
   -7.5000  -22.5000   15.000015211.7559   17.1500
    0.0000  -22.5000   15.000016414.4531   17.1274
    7.5000  -22.5000   15.000015324.2021   17.1386
   -7.5000  -15.0000   15.000015734.4141   17.1511
    0.0000  -15.0000   15.000016775.9121   17.1329
    7.5000  -15.0000   15.000015843.4990   17.1504
   -7.5000   -7.5000   15.000016104.8467   17.1438
    0.0000   -7.5000   15.000017035.4922   17.1313
    7.5000   -7.5000   15.000016220.0947   17.1472
   -7.5000    0.0000   15.000016385.5703   17.1337
    0.0000    0.0000   15.000017333.6777   17.1229
    7.5000    0.0000   15.000016509.0996   17.1318
   -7.5000    7.5000   15.000015476.5762   17.1672
    0.0000    7.5000   15.000016376.5811   17.1506
    7.5000    7.5000   15.000015541.1152   17.1535
   -7.5000   15.0000   15.000014435.9150   17.2774
    0.0000   15.0000   15.000015269.8994   17.2557
    7.5000   15.0000   15.000014470.6055   17.2596
   -7.5000   22.5000   15.000013329.7949   17.4167
    0.0000   22.5000   15.000014069.6797   17.3948
    7.5000   22.5000   15.000013341.1367   17.4070
   -7.5000   30.0000   15.000012109.3369   17.3830
    0.0000   30.0000   15.000012783.9785   17.3665
    7.5000   30.0000   15.000012136.9014   17.3859
   -7.5000   37.5000   15.000011252.4854   17.6256
    0.0000   37.5000   15.000011850.6631   17.6150
    7.5000   37.5000   15.000011240.2666   17.6310
   -7.5000   45.0000   15.0000 9939.7773   17.5210
    0.0000   45.0000   15.000010470.4131   17.5141
    7.5000   45.0000   15.0000 9926.9668   17.5240
   -7.5000  -45.0000   22.500012295.4307   17.3991
    0.0000  -45.0000   22.500012988.9990   17.3868
    7.5000  -45.0000   22.500012341.4766   17.3923
   -7.5000  -37.5000   22.500012812.8730   17.3722
    0.0000  -37.5000   22.500013577.5752   17.3536
    7.5000  -37.5000   22.500012847.3037   17.3550
   -7.5000  -30.0000   22.500013748.5508   17.2930
    0.0000  -30.0000   22.500014717.2227   17.2668
    7.5000  -30.0000   22.500013803.9033   17.2691
   -7.5000  -22.5000   22.500014504.0791   17.2301
    0.0000  -22.5000   22.500015448.3311   17.2024
    7.5000  -22.5000   22.500014595.7412   17.2102
   -7.5000  -15.0000   22.500014968.3662   17.2355
    0.0000  -15.0000   22.500015745.8076   17.2125
    7.5000  -15.0000   22.500015088.8408   17.2252
   -7.5000   -7.5000   22.500015379.0498   17.2282
    0.0000   -7.5000   22.500016161.8486   17.2127
    7.5000   -7.5000   22.500015496.1201   17.2239
   -7.5000    0.0000   22.500015671.7139   17.2153
    0.0000    0.0000   22.500016533.2500   17.2026
    7.5000    0.0000   22.500015792.7275   17.2081
   -7.5000    7.5000   22.500014813.2373   17.2453
    0.0000    7.5000   22.500015635.1152   17.2265
    7.5000    7.5000   22.500014881.3809   17.2279
   -7.5000   15.0000   22.500013834.8730   17.3541
    0.0000   15.0000   22.500014624.5498   17.3282
    7.5000   15.0000   22.500013888.0527   17.3310
   -7.5000   22.5000   22.500012750.4795   17.4978
    0.0000   22.5000   22.500013474.8848   17.4708
    7.5000   22.5000   22.500012769.5850   17.4798
   -7.5000   30.0000   22.500011550.7646   17.4679
    0.0000   30.0000   22.500012205.7188   17.4461
    7.5000   30.0000   22.500011573.2812   17.4606
   -7.5000   37.5000   22.500010685.9189   17.7112
    0.0000   37.5000   22.500011275.0762   17.6968
    7.5000   37.5000   22.500010701.3457   17.7081
   -7.5000   45.0000   22.5000 9393.1328   17.6043
    0.0000   45.0000   22.5000 9918.1846   17.5945
    7.5000   45.0000   22.5000 9397.3545   17.6011
   -7.5000  -45.0000   30.000011782.1152   17.6857
    0.0000  -45.0000   30.000012411.6621   17.6756
    7.5000  -45.0000   30.000011776.3164   17.6820
   -7.5000  -37.5000   30.000012246.4902   17.6549
    0.0000  -37.5000   30.000012912.6816   17.6387
    7.5000  -37.5000   30.000012242.9561   17.6441
   -7.5000  -30.0000   30.000013124.5918   17.5783
    0.0000  -30.0000   30.000013891.8594   17.5543
    7.5000  -30.0000   30.000013147.6094   17.5593
   -7.5000  -22.5000   30.000013840.3652   17.5255
    0.0000  -22.5000   30.000014569.5459   17.4999
    7.5000  -22.5000   30.000013887.0508   17.5060
   -7.5000  -15.0000   30.000014314.2412   17.5370
    0.0000  -15.0000   30.000014989.2764   17.5162
    7.5000  -15.0000   30.000014373.5752   17.5249
   -7.5000   -7.5000   30.000014730.7305   17.5251
    0.0000   -7.5000   30.000015473.2178   17.5116
    7.5000   -7.5000   30.000014798.4482   17.5205
   -7.5000    0.0000   30.000015021.0020   17.5031
    0.0000    0.0000   30.000015839.4707   17.4925
    7.5000    0.0000   30.000015096.1973   17.4989
   -7.5000    7.5000   30.000014175.8398   17.5290
    0.0000    7.5000   30.000014968.2236   17.5125
    7.5000    7.5000   30.000014227.5654   17.5179
   -7.5000   15.0000   30.000013245.7197   17.6426
    0.0000   15.0000   30.000014011.9961   17.6191
    7.5000   15.0000   30.000013282.0596   17.6250
   -7.5000   22.5000   30.000012184.1152   17.8009
    0.0000   22.5000   30.000012896.7578   17.7762
    7.5000   22.5000   30.000012200.2529   17.7838
   -7.5000   30.0000   30.000011011.3467   17.7792
    0.0000   30.0000   30.000011660.5986   17.7596
    7.5000   30.0000   30.000011042.9492   17.7701
   -7.5000   37.5000   30.000010122.6104   18.0246
    0.0000   37.5000   30.000010698.1396   18.0119
    7.5000   37.5000   30.000010154.7598   18.0210
   -7.5000   45.0000   30.0000 8856.5811   17.9109
    0.0000   45.0000   30.0000 9349.9297   17.9019
    7.5000   45.0000   30.0000 8875.1250   17.9098
   -7.5000  -45.0000   37.500011584.6475   17.9712
    0.0000  -45.0000   37.500012168.9824   17.9643
    7.5000  -45.0000   37.500011553.2363   17.9742
   -7.5000  -37.5000   37.500012047.3164   17.9411
    0.0000  -37.5000   37.500012623.6250   17.9292
    7.5000  -37.5000   37.500012001.3770   17.9393
   -7.5000  -30.0000   37.500012904.0391   17.8706
    0.0000  -30.0000   37.500013526.6465   17.8529
    7.5000  -30.0000   37.500012867.0205   17.8609
   -7.5000  -22.5000   37.500013620.5703   17.8261
    0.0000  -22.5000   37.500014233.3477   17.8079
    7.5000  -22.5000   37.500013588.1836   17.8142
   -7.5000  -15.0000   37.500014116.4404   17.8387
    0.0000  -15.0000   37.500014756.9434   17.8248
    7.5000  -15.0000   37.500014115.5283   17.8329
   -7.5000   -7.5000   37.500014563.9307   17.8199
    0.0000   -7.5000   37.500015268.9121   17.8112
    7.5000   -7.5000   37.500014566.4434   17.8210
   -7.5000    0.0000   37.500014863.1406   17.7899
    0.0000    0.0000   37.500015651.6338   17.7824
    7.5000    0.0000   37.500014900.7402   17.7924
   -7.5000    7.5000   37.500013996.8330   17.8163
    0.0000    7.5000   37.500014768.4668   17.8040
    7.5000    7.5000   37.500014033.5996   17.8140
   -7.5000   15.0000   37.500013058.4941   17.9406
    0.0000   15.0000   37.500013786.4922   17.9237
    7.5000   15.0000   37.500013059.8848   17.9328
   -7.5000   22.5000   37.500011986.1309   18.1136
    0.0000   22.5000   37.500012682.8584   18.0961
    7.5000   22.5000   37.500011985.4844   18.1042
   -7.5000   30.0000   37.500010808.4014   18.0977
    0.0000   30.0000   37.500011403.0713   18.0853
    7.5000   30.0000   37.500010801.8779   18.0954
   -7.5000   37.5000   37.5000 9903.2314   18.3463
    0.0000   37.5000   37.500010434.9795   18.3384
    7.5000   37.5000   37.5000 9897.5527   18.3487
   -7.5000   45.0000   37.5000 8661.9043   18.2243
    0.0000   45.0000   37.5000 9081.0879   18.2183
    7.5000   45.0000   37.5000 8626.8076   18.2302
   -7.5000  -45.0000   45.000010856.1084   18.2495
    0.0000  -45.0000   45.000011364.2412   18.2435
    7.5000  -45.0000   45.000010811.1172   18.2570
   -7.5000  -37.5000   45.000011282.0225   18.2251
    0.0000  -37.5000   45.000011788.9951   18.2155
    7.5000  -37.5000   45.000011225.0293   18.2276
   -7.5000  -30.0000   45.000012067.4277   18.1584
    0.0000  -30.0000   45.000012611.3604   18.1459
    7.5000  -30.0000   45.000012017.1299   18.1559
   -7.5000  -22.5000   45.000012732.1787   18.1128
    0.0000  -22.5000   45.000013288.2461   18.1013
    7.5000  -22.5000   45.000012675.4766   18.1113
   -7.5000  -15.0000   45.000013229.0479   18.1211
    0.0000  -15.0000   45.000013820.2686   18.1124
    7.5000  -15.0000   45.000013195.4834   18.1252
   -7.5000   -7.5000   45.000013677.8525   18.0991
    0.0000   -7.5000   45.000014328.3486   18.0930
    7.5000   -7.5000   45.000013658.6221   18.1070
   -7.5000    0.0000   45.000013953.2637   18.0689
    0.0000    0.0000   45.000014679.2939   18.0625
    7.5000    0.0000   45.000013965.2852   18.0759
   -7.5000    7.5000   45.000013112.8896   18.1010
    0.0000    7.5000   45.000013796.9658   18.0910
    7.5000    7.5000   45.000013106.7998   18.1030
   -7.5000   15.0000   45.000012153.4814   18.2351
    0.0000   15.0000   45.000012792.5498   18.2236
    7.5000   15.0000   45.000012130.6982   18.2346
   -7.5000   22.5000   45.000011096.5732   18.4136
    0.0000   22.5000   45.000011683.2793   18.4026
    7.5000   22.5000   45.000011081.4561   18.4143
   -7.5000   30.0000   45.0000 9992.7998   18.3975
    0.0000   30.0000   45.000010498.2305   18.3907
    7.5000   30.0000   45.0000 9973.8828   18.4058
   -7.5000   37.5000   45.0000 9164.1455   18.6542
    0.0000   37.5000   45.0000 9627.7959   18.6495
    7.5000   37.5000   45.0000 9137.9990   18.6641
   -7.5000   45.0000   45.0000 8004.4463   18.5414
    0.0000   45.0000   45.0000 8387.6621   18.5373
    7.5000   45.0000   45.0000 7983.6255   18.5526

---------------------------------------------------------------------
imgreg_4dfp /opt/freesurfer/average/711-2C_as_mni_average_305 /opt/freesurfer/average/711-2B_as_mni_average_305_mask talsrcimg_g11 none talsrcimg_to_711-2C_as_mni_average_305_t4 4355
---------------------------------------------------------------------

freesurfer imgreg_4dfp.c
/opt/freesurfer/average/711-2C_as_mni_average_305.4dfp.img
       256       256       256         1
  1.000000  1.000000  1.000000
orientation T byte_order littleendian
Reading image: /opt/freesurfer/average/711-2C_as_mni_average_305.4dfp.img
dimensions:      256       256       256
mmppix:       1.0000   -1.0000   -1.0000
center:     128.0000 -129.0000 -129.0000
/opt/freesurfer/average/711-2B_as_mni_average_305_mask.4dfp.img
       256       256       256         1
  1.000000  1.000000  1.000000
orientation T byte_order littleendian
Reading mask: /opt/freesurfer/average/711-2B_as_mni_average_305_mask.4dfp.img (2306576 pixels)
talsrcimg_g11.4dfp.img
       256       256       256         1
  1.000000  1.000000  1.000000
orientation T byte_order littleendian
Reading image: talsrcimg_g11.4dfp.img
dimensions:      256       256       256
mmppix:       1.0000   -1.0000   -1.0000
center:     128.0000 -129.0000 -129.0000
rotation matrix determinant  1.000000
image alignment mode   4355 decimal     1103 hex
   -7.5000  -45.0000  -45.0000 2351.8945   19.6927
    0.0000  -45.0000  -45.0000 2373.8481   19.5907
    7.5000  -45.0000  -45.0000 2359.3645   19.7278
   -7.5000  -37.5000  -45.0000 2400.7598   18.7210
    0.0000  -37.5000  -45.0000 2424.0933   18.6132
    7.5000  -37.5000  -45.0000 2406.8584   18.7618
   -7.5000  -30.0000  -45.0000 2438.0635   18.0896
    0.0000  -30.0000  -45.0000 2454.2993   17.9510
    7.5000  -30.0000  -45.0000 2435.8516   18.1192
   -7.5000  -22.5000  -45.0000 2451.7458   17.8495
    0.0000  -22.5000  -45.0000 2464.2959   17.7077
    7.5000  -22.5000  -45.0000 2448.9421   17.8523
   -7.5000  -15.0000  -45.0000 2439.6941   17.8931
    0.0000  -15.0000  -45.0000 2454.1072   17.7551
    7.5000  -15.0000  -45.0000 2437.0645   17.9101
   -7.5000   -7.5000  -45.0000 2405.4358   18.2316
    0.0000   -7.5000  -45.0000 2421.9343   18.1050
    7.5000   -7.5000  -45.0000 2402.1943   18.2591
   -7.5000    0.0000  -45.0000 2346.6531   18.7989
    0.0000    0.0000  -45.0000 2363.5691   18.7008
    7.5000    0.0000  -45.0000 2342.9202   18.8410
   -7.5000    7.5000  -45.0000 2273.9956   19.7563
    0.0000    7.5000  -45.0000 2289.9351   19.6542
    7.5000    7.5000  -45.0000 2270.9829   19.8162
   -7.5000   15.0000  -45.0000 2188.1865   21.2212
    0.0000   15.0000  -45.0000 2198.0505   21.1756
    7.5000   15.0000  -45.0000 2185.9077   21.2694
   -7.5000   22.5000  -45.0000 2096.2629   23.2835
    0.0000   22.5000  -45.0000 2105.9934   23.2465
    7.5000   22.5000  -45.0000 2091.0991   23.3663
   -7.5000   30.0000  -45.0000 2000.7343   26.0746
    0.0000   30.0000  -45.0000 2009.1500   26.0113
    7.5000   30.0000  -45.0000 1988.5192   26.1529
   -7.5000   37.5000  -45.0000 1893.1255   29.8104
    0.0000   37.5000  -45.0000 1897.3802   29.7405
    7.5000   37.5000  -45.0000 1884.6135   29.8389
   -7.5000   45.0000  -45.0000 1784.5883   34.7357
    0.0000   45.0000  -45.0000 1790.7675   34.6368
    7.5000   45.0000  -45.0000 1774.1351   34.9009
   -7.5000  -45.0000  -37.5000 2422.9910   18.5905
    0.0000  -45.0000  -37.5000 2443.5732   18.4225
    7.5000  -45.0000  -37.5000 2434.0901   18.6211
   -7.5000  -37.5000  -37.5000 2476.7170   17.6705
    0.0000  -37.5000  -37.5000 2495.0083   17.4828
    7.5000  -37.5000  -37.5000 2483.1606   17.6578
   -7.5000  -30.0000  -37.5000 2514.4514   17.0396
    0.0000  -30.0000  -37.5000 2528.0964   16.8912
    7.5000  -30.0000  -37.5000 2514.3816   17.0659
   -7.5000  -22.5000  -37.5000 2535.4365   16.7586
    0.0000  -22.5000  -37.5000 2546.2681   16.6316
    7.5000  -22.5000  -37.5000 2531.8530   16.7869
   -7.5000  -15.0000  -37.5000 2527.6526   16.7761
    0.0000  -15.0000  -37.5000 2537.6121   16.6436
    7.5000  -15.0000  -37.5000 2523.8599   16.8053
   -7.5000   -7.5000  -37.5000 2492.2019   17.0081
    0.0000   -7.5000  -37.5000 2505.0820   16.8899
    7.5000   -7.5000  -37.5000 2488.9673   17.0797
   -7.5000    0.0000  -37.5000 2430.8882   17.4963
    0.0000    0.0000  -37.5000 2450.4111   17.3851
    7.5000    0.0000  -37.5000 2430.0449   17.5797
   -7.5000    7.5000  -37.5000 2360.0181   18.3532
    0.0000    7.5000  -37.5000 2374.7361   18.2339
    7.5000    7.5000  -37.5000 2356.4158   18.4187
   -7.5000   15.0000  -37.5000 2265.4680   19.6796
    0.0000   15.0000  -37.5000 2282.1785   19.5871
    7.5000   15.0000  -37.5000 2266.7620   19.6968
   -7.5000   22.5000  -37.5000 2168.1277   21.5471
    0.0000   22.5000  -37.5000 2180.4944   21.4471
    7.5000   22.5000  -37.5000 2164.9700   21.6202
   -7.5000   30.0000  -37.5000 2065.3010   24.1026
    0.0000   30.0000  -37.5000 2076.8682   23.9952
    7.5000   30.0000  -37.5000 2054.9756   24.1198
   -7.5000   37.5000  -37.5000 1955.2809   27.4837
    0.0000   37.5000  -37.5000 1965.0472   27.4220
    7.5000   37.5000  -37.5000 1949.0978   27.5334
   -7.5000   45.0000  -37.5000 1841.5422   31.9846
    0.0000   45.0000  -37.5000 1843.1110   31.8820
    7.5000   45.0000  -37.5000 1833.1014   32.1018
   -7.5000  -45.0000  -30.0000 2539.0247   18.0624
    0.0000  -45.0000  -30.0000 2557.8960   17.8965
    7.5000  -45.0000  -30.0000 2551.0723   18.0649
   -7.5000  -37.5000  -30.0000 2597.9475   17.1246
    0.0000  -37.5000  -30.0000 2614.2502   16.9543
    7.5000  -37.5000  -30.0000 2602.2114   17.1236
   -7.5000  -30.0000  -30.0000 2636.1770   16.5099
    0.0000  -30.0000  -30.0000 2650.8579   16.3670
    7.5000  -30.0000  -30.0000 2637.7139   16.5395
   -7.5000  -22.5000  -30.0000 2659.9836   16.2105
    0.0000  -22.5000  -30.0000 2671.0017   16.0676
    7.5000  -22.5000  -30.0000 2658.2119   16.2507
   -7.5000  -15.0000  -30.0000 2656.3047   16.2119
    0.0000  -15.0000  -30.0000 2670.6436   16.0610
    7.5000  -15.0000  -30.0000 2658.3645   16.2544
   -7.5000   -7.5000  -30.0000 2628.9165   16.4000
    0.0000   -7.5000  -30.0000 2641.2058   16.2661
    7.5000   -7.5000  -30.0000 2626.6792   16.4718
   -7.5000    0.0000  -30.0000 2567.9763   16.8557
    0.0000    0.0000  -30.0000 2580.9695   16.7099
    7.5000    0.0000  -30.0000 2565.1636   16.9097
   -7.5000    7.5000  -30.0000 2493.4856   17.6360
    0.0000    7.5000  -30.0000 2501.6091   17.4914
    7.5000    7.5000  -30.0000 2483.9900   17.6840
   -7.5000   15.0000  -30.0000 2396.7861   18.8832
    0.0000   15.0000  -30.0000 2407.0891   18.7176
    7.5000   15.0000  -30.0000 2394.4243   18.8431
   -7.5000   22.5000  -30.0000 2288.6082   20.6262
    0.0000   22.5000  -30.0000 2296.5762   20.4707
    7.5000   22.5000  -30.0000 2284.7603   20.6056
   -7.5000   30.0000  -30.0000 2167.6038   23.0010
    0.0000   30.0000  -30.0000 2180.1326   22.8776
    7.5000   30.0000  -30.0000 2162.5605   23.0127
   -7.5000   37.5000  -30.0000 2056.8311   26.2141
    0.0000   37.5000  -30.0000 2069.3386   26.1451
    7.5000   37.5000  -30.0000 2051.2292   26.2267
   -7.5000   45.0000  -30.0000 1935.0753   30.4084
    0.0000   45.0000  -30.0000 1934.8309   30.3764
    7.5000   45.0000  -30.0000 1919.6543   30.4747
   -7.5000  -45.0000  -22.5000 2621.2727   17.4276
    0.0000  -45.0000  -22.5000 2646.0137   17.2988
    7.5000  -45.0000  -22.5000 2636.5024   17.4443
   -7.5000  -37.5000  -22.5000 2686.6338   16.4938
    0.0000  -37.5000  -22.5000 2703.2937   16.3473
    7.5000  -37.5000  -22.5000 2691.6233   16.5178
   -7.5000  -30.0000  -22.5000 2732.4612   15.8501
    0.0000  -30.0000  -22.5000 2744.5801   15.7021
    7.5000  -30.0000  -22.5000 2727.2424   15.8625
   -7.5000  -22.5000  -22.5000 2755.9114   15.5374
    0.0000  -22.5000  -22.5000 2767.5120   15.3868
    7.5000  -22.5000  -22.5000 2752.9211   15.5700
   -7.5000  -15.0000  -22.5000 2754.3354   15.5663
    0.0000  -15.0000  -22.5000 2772.4519   15.3996
    7.5000  -15.0000  -22.5000 2757.0872   15.5657
   -7.5000   -7.5000  -22.5000 2730.6172   15.7360
    0.0000   -7.5000  -22.5000 2746.8782   15.5916
    7.5000   -7.5000  -22.5000 2732.5928   15.7675
   -7.5000    0.0000  -22.5000 2675.6362   16.1996
    0.0000    0.0000  -22.5000 2687.5164   16.0408
    7.5000    0.0000  -22.5000 2670.5483   16.2179
   -7.5000    7.5000  -22.5000 2598.3079   16.9415
    0.0000    7.5000  -22.5000 2604.6536   16.7908
    7.5000    7.5000  -22.5000 2590.2266   16.9288
   -7.5000   15.0000  -22.5000 2494.9348   18.0688
    0.0000   15.0000  -22.5000 2506.8958   17.8945
    7.5000   15.0000  -22.5000 2496.4255   18.0667
   -7.5000   22.5000  -22.5000 2383.1201   19.7034
    0.0000   22.5000  -22.5000 2394.1882   19.5289
    7.5000   22.5000  -22.5000 2381.5120   19.6972
   -7.5000   30.0000  -22.5000 2251.5200   21.9583
    0.0000   30.0000  -22.5000 2263.0630   21.8073
    7.5000   30.0000  -22.5000 2251.3855   21.9821
   -7.5000   37.5000  -22.5000 2131.1145   24.9826
    0.0000   37.5000  -22.5000 2143.1941   24.8731
    7.5000   37.5000  -22.5000 2127.0747   25.0053
   -7.5000   45.0000  -22.5000 1994.8193   28.8760
    0.0000   45.0000  -22.5000 1998.7128   28.8059
    7.5000   45.0000  -22.5000 1984.2743   29.0177
   -7.5000  -45.0000  -15.0000 2677.6924   16.8750
    0.0000  -45.0000  -15.0000 2693.6008   16.7730
    7.5000  -45.0000  -15.0000 2685.6863   16.8788
   -7.5000  -37.5000  -15.0000 2746.5081   15.9208
    0.0000  -37.5000  -15.0000 2759.0225   15.8518
    7.5000  -37.5000  -15.0000 2744.6484   15.9587
   -7.5000  -30.0000  -15.0000 2787.8994   15.2644
    0.0000  -30.0000  -15.0000 2800.0127   15.1406
    7.5000  -30.0000  -15.0000 2782.8933   15.2957
   -7.5000  -22.5000  -15.0000 2816.6587   14.9283
    0.0000  -22.5000  -15.0000 2828.4231   14.7745
    7.5000  -22.5000  -15.0000 2808.0105   14.9407
   -7.5000  -15.0000  -15.0000 2818.8879   14.9549
    0.0000  -15.0000  -15.0000 2834.8552   14.8008
    7.5000  -15.0000  -15.0000 2815.9941   14.9495
   -7.5000   -7.5000  -15.0000 2798.1733   15.1484
    0.0000   -7.5000  -15.0000 2817.1589   14.9982
    7.5000   -7.5000  -15.0000 2796.4934   15.1556
   -7.5000    0.0000  -15.0000 2744.3188   15.6136
    0.0000    0.0000  -15.0000 2756.5854   15.4584
    7.5000    0.0000  -15.0000 2739.4685   15.5949
   -7.5000    7.5000  -15.0000 2667.8303   16.3430
    0.0000    7.5000  -15.0000 2681.2671   16.1673
    7.5000    7.5000  -15.0000 2662.9243   16.3053
   -7.5000   15.0000  -15.0000 2564.4353   17.3990
    0.0000   15.0000  -15.0000 2576.2344   17.2257
    7.5000   15.0000  -15.0000 2563.6467   17.3911
   -7.5000   22.5000  -15.0000 2446.9358   18.9655
    0.0000   22.5000  -15.0000 2462.9055   18.7743
    7.5000   22.5000  -15.0000 2446.1167   18.9714
   -7.5000   30.0000  -15.0000 2312.4768   21.1325
    0.0000   30.0000  -15.0000 2329.0222   20.9638
    7.5000   30.0000  -15.0000 2312.8423   21.1390
   -7.5000   37.5000  -15.0000 2181.0508   23.9312
    0.0000   37.5000  -15.0000 2197.5977   23.8052
    7.5000   37.5000  -15.0000 2172.8450   23.9494
   -7.5000   45.0000  -15.0000 2039.6992   27.6003
    0.0000   45.0000  -15.0000 2046.2572   27.5533
    7.5000   45.0000  -15.0000 2028.1365   27.7171
   -7.5000  -45.0000   -7.5000 2705.6252   16.3856
    0.0000  -45.0000   -7.5000 2719.0632   16.3776
    7.5000  -45.0000   -7.5000 2709.1008   16.4084
   -7.5000  -37.5000   -7.5000 2771.4360   15.4752
    0.0000  -37.5000   -7.5000 2786.8911   15.5276
    7.5000  -37.5000   -7.5000 2772.3384   15.5144
   -7.5000  -30.0000   -7.5000 2814.2188   14.8386
    0.0000  -30.0000   -7.5000 2837.0618   14.8497
    7.5000  -30.0000   -7.5000 2818.1204   14.9077
   -7.5000  -22.5000   -7.5000 2845.9973   14.4824
    0.0000  -22.5000   -7.5000 2863.5286   14.3929
    7.5000  -22.5000   -7.5000 2839.9048   14.5364
   -7.5000  -15.0000   -7.5000 2864.8855   14.4530
    0.0000  -15.0000   -7.5000 2879.2021   14.3682
    7.5000  -15.0000   -7.5000 2857.6992   14.4886
   -7.5000   -7.5000   -7.5000 2849.5769   14.6683
    0.0000   -7.5000   -7.5000 2867.6206   14.6006
    7.5000   -7.5000   -7.5000 2842.8928   14.6940
   -7.5000    0.0000   -7.5000 2795.6492   15.1160
    0.0000    0.0000   -7.5000 2817.9844   15.0563
    7.5000    0.0000   -7.5000 2791.3049   15.1185
   -7.5000    7.5000   -7.5000 2716.5415   15.8525
    0.0000    7.5000   -7.5000 2741.2585   15.8003
    7.5000    7.5000   -7.5000 2715.5068   15.8234
   -7.5000   15.0000   -7.5000 2615.3003   16.9104
    0.0000   15.0000   -7.5000 2637.7666   16.8331
    7.5000   15.0000   -7.5000 2616.9502   16.8639
   -7.5000   22.5000   -7.5000 2497.9988   18.4633
    0.0000   22.5000   -7.5000 2518.6233   18.3275
    7.5000   22.5000   -7.5000 2501.8777   18.4072
   -7.5000   30.0000   -7.5000 2362.8535   20.5752
    0.0000   30.0000   -7.5000 2378.6914   20.4340
    7.5000   30.0000   -7.5000 2360.6013   20.5113
   -7.5000   37.5000   -7.5000 2218.3630   23.2483
    0.0000   37.5000   -7.5000 2233.1245   23.1128
    7.5000   37.5000   -7.5000 2213.3931   23.1898
   -7.5000   45.0000   -7.5000 2063.4585   26.6237
    0.0000   45.0000   -7.5000 2071.4480   26.5104
    7.5000   45.0000   -7.5000 2056.2053   26.6312
   -7.5000  -45.0000    0.0000 2719.8955   16.0068
    0.0000  -45.0000    0.0000 2732.7532   16.1206
    7.5000  -45.0000    0.0000 2723.5845   16.1472
   -7.5000  -37.5000    0.0000 2791.8752   15.2070
    0.0000  -37.5000    0.0000 2806.2666   15.3839
    7.5000  -37.5000    0.0000 2791.7930   15.3198
   -7.5000  -30.0000    0.0000 2843.6602   14.7172
    0.0000  -30.0000    0.0000 2871.9326   14.9681
    7.5000  -30.0000    0.0000 2846.4402   14.7725
   -7.5000  -22.5000    0.0000 2878.6189   14.3545
    0.0000  -22.5000    0.0000 2914.3948   14.5217
    7.5000  -22.5000    0.0000 2880.2026   14.4124
   -7.5000  -15.0000    0.0000 2898.1868   14.2129
    0.0000  -15.0000    0.0000 2924.8987   14.3595
    7.5000  -15.0000    0.0000 2883.9421   14.2896
   -7.5000   -7.5000    0.0000 2879.6931   14.3687
    0.0000   -7.5000    0.0000 2908.7556   14.5067
    7.5000   -7.5000    0.0000 2868.2109   14.4324
   -7.5000    0.0000    0.0000 2829.5024   14.7587
    0.0000    0.0000    0.0000 2860.0615   14.8953
    7.5000    0.0000    0.0000 2823.4226   14.8064
   -7.5000    7.5000    0.0000 2749.9666   15.5016
    0.0000    7.5000    0.0000 2776.6145   15.5406
    7.5000    7.5000    0.0000 2748.3831   15.4874
   -7.5000   15.0000    0.0000 2645.5400   16.5918
    0.0000   15.0000    0.0000 2667.0354   16.5524
    7.5000   15.0000    0.0000 2643.5476   16.5615
   -7.5000   22.5000    0.0000 2524.7969   18.1270
    0.0000   22.5000    0.0000 2546.0232   18.0551
    7.5000   22.5000    0.0000 2527.7026   18.0810
   -7.5000   30.0000    0.0000 2393.6311   20.1674
    0.0000   30.0000    0.0000 2410.1804   20.0811
    7.5000   30.0000    0.0000 2392.3479   20.1156
   -7.5000   37.5000    0.0000 2242.7190   22.7447
    0.0000   37.5000    0.0000 2256.8621   22.7261
    7.5000   37.5000    0.0000 2242.7551   22.7080
   -7.5000   45.0000    0.0000 2082.9634   26.0545
    0.0000   45.0000    0.0000 2090.8159   25.9993
    7.5000   45.0000    0.0000 2075.0654   26.0313
   -7.5000  -45.0000    7.5000 2721.6086   15.7862
    0.0000  -45.0000    7.5000 2745.4597   16.0289
    7.5000  -45.0000    7.5000 2724.8882   15.9855
   -7.5000  -37.5000    7.5000 2801.1450   14.9954
    0.0000  -37.5000    7.5000 2827.8242   15.2790
    7.5000  -37.5000    7.5000 2802.1438   15.1777
   -7.5000  -30.0000    7.5000 2864.8137   14.5750
    0.0000  -30.0000    7.5000 2905.5264   14.9280
    7.5000  -30.0000    7.5000 2869.2595   14.7083
   -7.5000  -22.5000    7.5000 2906.4976   14.3502
    0.0000  -22.5000    7.5000 2963.7295   14.6932
    7.5000  -22.5000    7.5000 2911.8542   14.4241
   -7.5000  -15.0000    7.5000 2924.0781   14.2031
    0.0000  -15.0000    7.5000 2964.0176   14.4894
    7.5000  -15.0000    7.5000 2913.2466   14.3019
   -7.5000   -7.5000    7.5000 2893.2314   14.2589
    0.0000   -7.5000    7.5000 2930.2566   14.4299
    7.5000   -7.5000    7.5000 2885.4172   14.3648
   -7.5000    0.0000    7.5000 2842.4827   14.6252
    0.0000    0.0000    7.5000 2865.5635   14.6519
    7.5000    0.0000    7.5000 2832.0989   14.6864
   -7.5000    7.5000    7.5000 2762.7112   15.3564
    0.0000    7.5000    7.5000 2783.7188   15.2762
    7.5000    7.5000    7.5000 2755.0283   15.3439
   -7.5000   15.0000    7.5000 2649.9465   16.4521
    0.0000   15.0000    7.5000 2670.5388   16.3477
    7.5000   15.0000    7.5000 2648.2109   16.4258
   -7.5000   22.5000    7.5000 2531.5195   17.9738
    0.0000   22.5000    7.5000 2546.4912   17.8172
    7.5000   22.5000    7.5000 2532.5730   17.9038
   -7.5000   30.0000    7.5000 2407.0691   19.9617
    0.0000   30.0000    7.5000 2421.0488   19.7940
    7.5000   30.0000    7.5000 2404.1479   19.9122
   -7.5000   37.5000    7.5000 2255.9158   22.4943
    0.0000   37.5000    7.5000 2271.5618   22.4200
    7.5000   37.5000    7.5000 2253.3191   22.4746
   -7.5000   45.0000    7.5000 2090.3997   25.7729
    0.0000   45.0000    7.5000 2104.3621   25.7231
    7.5000   45.0000    7.5000 2083.9050   25.7405
   -7.5000  -45.0000   15.0000 2719.8418   15.7013
    0.0000  -45.0000   15.0000 2739.3391   15.8767
    7.5000  -45.0000   15.0000 2721.2576   15.8635
   -7.5000  -37.5000   15.0000 2805.2012   14.9166
    0.0000  -37.5000   15.0000 2829.6013   15.0615
    7.5000  -37.5000   15.0000 2805.1052   15.0253
   -7.5000  -30.0000   15.0000 2874.0225   14.4886
    0.0000  -30.0000   15.0000 2908.1499   14.6432
    7.5000  -30.0000   15.0000 2874.7478   14.5702
   -7.5000  -22.5000   15.0000 2920.1006   14.2748
    0.0000  -22.5000   15.0000 2965.0481   14.4657
    7.5000  -22.5000   15.0000 2922.6772   14.3159
   -7.5000  -15.0000   15.0000 2926.9761   14.1206
    0.0000  -15.0000   15.0000 2965.0164   14.1941
    7.5000  -15.0000   15.0000 2918.9077   14.2004
   -7.5000   -7.5000   15.0000 2895.4812   14.2407
    0.0000   -7.5000   15.0000 2917.9790   14.1349
    7.5000   -7.5000   15.0000 2888.4531   14.3163
   -7.5000    0.0000   15.0000 2836.8601   14.6820
    0.0000    0.0000   15.0000 2855.9216   14.5499
    7.5000    0.0000   15.0000 2832.9402   14.7424
   -7.5000    7.5000   15.0000 2756.7087   15.4343
    0.0000    7.5000   15.0000 2776.1086   15.3087
    7.5000    7.5000   15.0000 2748.7258   15.4472
   -7.5000   15.0000   15.0000 2643.4980   16.5469
    0.0000   15.0000   15.0000 2658.3743   16.3948
    7.5000   15.0000   15.0000 2637.7341   16.5069
   -7.5000   22.5000   15.0000 2521.3435   18.0343
    0.0000   22.5000   15.0000 2530.9404   17.8573
    7.5000   22.5000   15.0000 2523.3074   17.9149
   -7.5000   30.0000   15.0000 2396.1855   19.9699
    0.0000   30.0000   15.0000 2408.4167   19.7618
    7.5000   30.0000   15.0000 2396.7651   19.8626
   -7.5000   37.5000   15.0000 2248.1055   22.4390
    0.0000   37.5000   15.0000 2261.8467   22.2540
    7.5000   37.5000   15.0000 2245.4463   22.3104
   -7.5000   45.0000   15.0000 2081.3196   25.5973
    0.0000   45.0000   15.0000 2100.7141   25.5626
    7.5000   45.0000   15.0000 2083.3945   25.5548
   -7.5000  -45.0000   22.5000 2712.9973   15.6782
    0.0000  -45.0000   22.5000 2730.6814   15.7087
    7.5000  -45.0000   22.5000 2709.0002   15.6936
   -7.5000  -37.5000   22.5000 2796.5532   14.8953
    0.0000  -37.5000   22.5000 2819.1663   14.9058
    7.5000  -37.5000   22.5000 2793.9375   14.9074
   -7.5000  -30.0000   22.5000 2863.7534   14.4822
    0.0000  -30.0000   22.5000 2893.0520   14.5003
    7.5000  -30.0000   22.5000 2863.6672   14.4653
   -7.5000  -22.5000   22.5000 2904.1592   14.2553
    0.0000  -22.5000   22.5000 2939.4470   14.3096
    7.5000  -22.5000   22.5000 2906.0242   14.2635
   -7.5000  -15.0000   22.5000 2914.2234   14.1369
    0.0000  -15.0000   22.5000 2931.4875   13.9651
    7.5000  -15.0000   22.5000 2907.8337   14.2060
   -7.5000   -7.5000   22.5000 2889.4473   14.3114
    0.0000   -7.5000   22.5000 2909.8042   14.0896
    7.5000   -7.5000   22.5000 2882.7498   14.3525
   -7.5000    0.0000   22.5000 2822.3757   14.8343
    0.0000    0.0000   22.5000 2847.5835   14.6829
    7.5000    0.0000   22.5000 2821.5190   14.8788
   -7.5000    7.5000   22.5000 2741.6807   15.6648
    0.0000    7.5000   22.5000 2759.0037   15.5159
    7.5000    7.5000   22.5000 2735.0039   15.6646
   -7.5000   15.0000   22.5000 2631.3259   16.8074
    0.0000   15.0000   22.5000 2645.5093   16.6432
    7.5000   15.0000   22.5000 2627.3770   16.7889
   -7.5000   22.5000   22.5000 2508.3157   18.3254
    0.0000   22.5000   22.5000 2519.0044   18.1374
    7.5000   22.5000   22.5000 2503.6938   18.2171
   -7.5000   30.0000   22.5000 2375.5305   20.2231
    0.0000   30.0000   22.5000 2388.6531   20.0440
    7.5000   30.0000   22.5000 2371.0496   20.0856
   -7.5000   37.5000   22.5000 2224.4602   22.6037
    0.0000   37.5000   22.5000 2235.1602   22.4259
    7.5000   37.5000   22.5000 2221.7363   22.4167
   -7.5000   45.0000   22.5000 2059.4482   25.7016
    0.0000   45.0000   22.5000 2078.6548   25.5205
    7.5000   45.0000   22.5000 2062.2493   25.5309
   -7.5000  -45.0000   30.0000 2709.1191   15.8017
    0.0000  -45.0000   30.0000 2717.3098   15.7193
    7.5000  -45.0000   30.0000 2700.7727   15.7653
   -7.5000  -37.5000   30.0000 2784.2390   15.0545
    0.0000  -37.5000   30.0000 2794.2434   14.9706
    7.5000  -37.5000   30.0000 2775.9231   15.0273
   -7.5000  -30.0000   30.0000 2842.0391   14.6448
    0.0000  -30.0000   30.0000 2850.3374   14.5872
    7.5000  -30.0000   30.0000 2837.2605   14.6214
   -7.5000  -22.5000   30.0000 2878.1516   14.4644
    0.0000  -22.5000   30.0000 2889.4116   14.3318
    7.5000  -22.5000   30.0000 2871.5557   14.4748
   -7.5000  -15.0000   30.0000 2886.4497   14.4205
    0.0000  -15.0000   30.0000 2893.9397   14.1626
    7.5000  -15.0000   30.0000 2873.0708   14.4569
   -7.5000   -7.5000   30.0000 2859.5571   14.6653
    0.0000   -7.5000   30.0000 2875.8459   14.4525
    7.5000   -7.5000   30.0000 2847.4460   14.6947
   -7.5000    0.0000   30.0000 2791.2910   15.2308
    0.0000    0.0000   30.0000 2812.4851   15.0823
    7.5000    0.0000   30.0000 2786.6001   15.2482
   -7.5000    7.5000   30.0000 2705.4658   16.0599
    0.0000    7.5000   30.0000 2721.8560   15.9069
    7.5000    7.5000   30.0000 2702.0049   16.0460
   -7.5000   15.0000   30.0000 2605.6436   17.1958
    0.0000   15.0000   30.0000 2620.9824   17.0174
    7.5000   15.0000   30.0000 2600.9746   17.1503
   -7.5000   22.5000   30.0000 2484.8320   18.7512
    0.0000   22.5000   30.0000 2497.8198   18.5257
    7.5000   22.5000   30.0000 2480.5437   18.6338
   -7.5000   30.0000   30.0000 2342.3948   20.5907
    0.0000   30.0000   30.0000 2358.3250   20.4296
    7.5000   30.0000   30.0000 2341.8406   20.5069
   -7.5000   37.5000   30.0000 2196.5813   22.9934
    0.0000   37.5000   30.0000 2200.7468   22.8351
    7.5000   37.5000   30.0000 2194.2937   22.8310
   -7.5000   45.0000   30.0000 2033.8604   26.0850
    0.0000   45.0000   30.0000 2047.2936   25.8912
    7.5000   45.0000   30.0000 2036.3970   25.8526
   -7.5000  -45.0000   37.5000 2699.5881   16.1275
    0.0000  -45.0000   37.5000 2704.4675   15.9639
    7.5000  -45.0000   37.5000 2689.8237   16.0367
   -7.5000  -37.5000   37.5000 2766.5518   15.4101
    0.0000  -37.5000   37.5000 2768.0869   15.2599
    7.5000  -37.5000   37.5000 2751.6135   15.3379
   -7.5000  -30.0000   37.5000 2816.4258   15.0440
    0.0000  -30.0000   37.5000 2809.7727   14.8728
    7.5000  -30.0000   37.5000 2802.5671   14.9900
   -7.5000  -22.5000   37.5000 2843.6357   14.9274
    0.0000  -22.5000   37.5000 2844.2146   14.6847
    7.5000  -22.5000   37.5000 2827.7937   14.8969
   -7.5000  -15.0000   37.5000 2842.1826   14.9606
    0.0000  -15.0000   37.5000 2843.4426   14.7207
    7.5000  -15.0000   37.5000 2826.9534   14.9669
   -7.5000   -7.5000   37.5000 2812.5364   15.2782
    0.0000   -7.5000   37.5000 2816.0415   15.0804
    7.5000   -7.5000   37.5000 2795.2373   15.2762
   -7.5000    0.0000   37.5000 2746.4004   15.8534
    0.0000    0.0000   37.5000 2756.4189   15.6809
    7.5000    0.0000   37.5000 2735.6748   15.8461
   -7.5000    7.5000   37.5000 2662.3003   16.6707
    0.0000    7.5000   37.5000 2672.0776   16.4793
    7.5000    7.5000   37.5000 2655.5320   16.6436
   -7.5000   15.0000   37.5000 2565.3181   17.8041
    0.0000   15.0000   37.5000 2578.4275   17.6209
    7.5000   15.0000   37.5000 2557.5942   17.7827
   -7.5000   22.5000   37.5000 2448.7383   19.3217
    0.0000   22.5000   37.5000 2465.1638   19.1295
    7.5000   22.5000   37.5000 2446.4182   19.2508
   -7.5000   30.0000   37.5000 2312.1460   21.1841
    0.0000   30.0000   37.5000 2321.2380   21.0055
    7.5000   30.0000   37.5000 2309.3462   21.1080
   -7.5000   37.5000   37.5000 2164.1665   23.5754
    0.0000   37.5000   37.5000 2176.1365   23.4389
    7.5000   37.5000   37.5000 2164.6799   23.4807
   -7.5000   45.0000   37.5000 2014.3999   26.6753
    0.0000   45.0000   37.5000 2026.8616   26.5252
    7.5000   45.0000   37.5000 2013.7948   26.5903
   -7.5000  -45.0000   45.0000 2681.0046   16.6447
    0.0000  -45.0000   45.0000 2682.2427   16.3739
    7.5000  -45.0000   45.0000 2669.0825   16.4648
   -7.5000  -37.5000   45.0000 2741.7288   15.9588
    0.0000  -37.5000   45.0000 2737.9592   15.6893
    7.5000  -37.5000   45.0000 2726.5715   15.8250
   -7.5000  -30.0000   45.0000 2775.7070   15.6082
    0.0000  -30.0000   45.0000 2777.5957   15.3532
    7.5000  -30.0000   45.0000 2766.9529   15.5035
   -7.5000  -22.5000   45.0000 2792.4668   15.4956
    0.0000  -22.5000   45.0000 2794.9521   15.2725
    7.5000  -22.5000   45.0000 2777.8250   15.4545
   -7.5000  -15.0000   45.0000 2783.4141   15.6329
    0.0000  -15.0000   45.0000 2779.7507   15.4267
    7.5000  -15.0000   45.0000 2765.4224   15.6107
   -7.5000   -7.5000   45.0000 2747.9719   16.0337
    0.0000   -7.5000   45.0000 2746.9185   15.8363
    7.5000   -7.5000   45.0000 2733.9148   15.9852
   -7.5000    0.0000   45.0000 2686.3452   16.6115
    0.0000    0.0000   45.0000 2695.9399   16.4216
    7.5000    0.0000   45.0000 2678.7153   16.5547
   -7.5000    7.5000   45.0000 2605.2214   17.4662
    0.0000    7.5000   45.0000 2613.4880   17.2497
    7.5000    7.5000   45.0000 2599.3589   17.3653
   -7.5000   15.0000   45.0000 2509.9790   18.5996
    0.0000   15.0000   45.0000 2525.9041   18.3994
    7.5000   15.0000   45.0000 2505.4404   18.5564
   -7.5000   22.5000   45.0000 2398.7957   20.0858
    0.0000   22.5000   45.0000 2417.1736   19.8726
    7.5000   22.5000   45.0000 2395.5593   20.0051
   -7.5000   30.0000   45.0000 2267.3242   21.9737
    0.0000   30.0000   45.0000 2279.7856   21.7984
    7.5000   30.0000   45.0000 2262.1733   21.9135
   -7.5000   37.5000   45.0000 2126.4043   24.3808
    0.0000   37.5000   45.0000 2142.0227   24.2976
    7.5000   37.5000   45.0000 2122.6758   24.3564
   -7.5000   45.0000   45.0000 1985.6914   27.5247
    0.0000   45.0000   45.0000 1992.7438   27.4841
    7.5000   45.0000   45.0000 1985.5419   27.5329

---------------------------------------------------------------------
imgreg_4dfp /opt/freesurfer/average/711-2C_as_mni_average_305 /opt/freesurfer/average/711-2B_as_mni_average_305_mask talsrcimg_g11 none talsrcimg_to_711-2C_as_mni_average_305_t4 1283
---------------------------------------------------------------------

freesurfer imgreg_4dfp.c
/opt/freesurfer/average/711-2C_as_mni_average_305.4dfp.img
       256       256       256         1
  1.000000  1.000000  1.000000
orientation T byte_order littleendian
Reading image: /opt/freesurfer/average/711-2C_as_mni_average_305.4dfp.img
dimensions:      256       256       256
mmppix:       1.0000   -1.0000   -1.0000
center:     128.0000 -129.0000 -129.0000
/opt/freesurfer/average/711-2B_as_mni_average_305_mask.4dfp.img
       256       256       256         1
  1.000000  1.000000  1.000000
orientation T byte_order littleendian
Reading mask: /opt/freesurfer/average/711-2B_as_mni_average_305_mask.4dfp.img (2306576 pixels)
talsrcimg_g11.4dfp.img
       256       256       256         1
  1.000000  1.000000  1.000000
orientation T byte_order littleendian
Reading image: talsrcimg_g11.4dfp.img
dimensions:      256       256       256
mmppix:       1.0000   -1.0000   -1.0000
center:     128.0000 -129.0000 -129.0000
rotation matrix determinant  1.000000
fimgreg.f
image alignment mode   1283 decimal      503 hex
parameters
    0.0000  -22.5000   15.0000    0.0000    0.0000    0.0000
eta,q 0.93020 14.51354
niter,ni,del,rscale     5    3   12.0000    1.2000
parameter  2 -0.568388 -> -0.500000 qaram    1.1500
parameter  4132.792419 ->  0.500000 qaram    1.1500
parameters
   -0.0496  -19.0500   13.7434   -3.4500    2.2434    2.5075
eta,q 0.94016 14.49859
  0.0812  0.0881  0.0686  0.0603  0.0723  0.0695
  0.0756  0.0806  0.0683  0.0616  0.0686  0.0657
  0.0702  0.0736  0.0676  0.0636  0.0650  0.0626
  0.0686  0.0685  0.0662  0.0668  0.0621  0.0605
  0.0709  0.0660  0.0669  0.0697  0.0604  0.0597
  0.0757  0.0662  0.0699  0.0716  0.0617  0.0604
  0.0815  0.0677  0.0741  0.0731  0.0641  0.0614
niter,ni,del,rscale     6    3   12.0000    1.2000
parameter  4  1.407484 ->  0.500000 qaram    1.3225
parameters
   -0.1813  -17.5737   13.0548   -7.4175    2.5794    3.5581
eta,q 0.94597 14.42161
  0.0762  0.0761  0.0638  0.0546  0.0631  0.0611
  0.0674  0.0692  0.0619  0.0539  0.0588  0.0573
  0.0611  0.0641  0.0598  0.0551  0.0556  0.0548
  0.0598  0.0597  0.0588  0.0589  0.0539  0.0539
  0.0634  0.0592  0.0603  0.0640  0.0552  0.0544
  0.0697  0.0623  0.0634  0.0680  0.0578  0.0557
  0.0760  0.0671  0.0673  0.0699  0.0611  0.0569
niter,ni,del,rscale     6    3   12.0000    1.2000
parameters
   -0.0377  -16.7082   12.3979  -10.1075    2.4479    3.9373
eta,q 0.94632 14.39860
  0.0721  0.0727  0.0600  0.0574  0.0627  0.0592
  0.0639  0.0651  0.0584  0.0549  0.0580  0.0564
  0.0566  0.0580  0.0559  0.0537  0.0544  0.0546
  0.0540  0.0541  0.0540  0.0544  0.0538  0.0537
  0.0570  0.0554  0.0556  0.0577  0.0561  0.0543
  0.0629  0.0602  0.0596  0.0623  0.0591  0.0561
  0.0701  0.0656  0.0646  0.0671  0.0626  0.0577
niter,ni,del,rscale     5    3   12.0000    1.2000
parameters
   -0.1738  -16.2271   11.4600  -11.9596    2.4238    3.3829
eta,q 0.94628 14.48326
  0.0705  0.0682  0.0592  0.0572  0.0625  0.0574
  0.0627  0.0606  0.0578  0.0551  0.0575  0.0554
  0.0560  0.0555  0.0548  0.0540  0.0542  0.0541
  0.0537  0.0536  0.0537  0.0538  0.0538  0.0537
  0.0572  0.0555  0.0561  0.0556  0.0556  0.0550
  0.0639  0.0597  0.0598  0.0589  0.0585  0.0569
  0.0716  0.0637  0.0652  0.0628  0.0616  0.0585
niter,ni,del,rscale     4    3   12.0000    1.2000
parameter  4  0.530551 ->  0.500000 qaram    1.5209
parameters
   -0.3729  -15.4595   10.1308  -16.5222    2.9716    3.5598
eta,q 0.94754 14.55660
  0.0697  0.0670  0.0579  0.0539  0.0608  0.0582
  0.0614  0.0605  0.0565  0.0526  0.0567  0.0553
  0.0552  0.0557  0.0544  0.0524  0.0535  0.0533
  0.0537  0.0536  0.0538  0.0540  0.0524  0.0525
  0.0574  0.0549  0.0558  0.0561  0.0531  0.0531
  0.0636  0.0581  0.0600  0.0591  0.0550  0.0550
  0.0708  0.0616  0.0657  0.0622  0.0581  0.0575
niter,ni,del,rscale     4    3   12.0000    1.2000
parameter  4  0.574947 ->  0.500000 qaram    1.7490
parameters
   -0.5786  -12.8240    7.9877  -21.7692    2.6318    3.3713
eta,q 0.95205 14.74715
  0.0689  0.0711  0.0540  0.0491  0.0569  0.0543
  0.0596  0.0642  0.0512  0.0480  0.0518  0.0514
  0.0530  0.0577  0.0499  0.0492  0.0484  0.0490
  0.0525  0.0522  0.0512  0.0499  0.0481  0.0479
  0.0566  0.0511  0.0545  0.0533  0.0505  0.0489
  0.0625  0.0525  0.0602  0.0598  0.0540  0.0516
  0.0693  0.0558  0.0662  0.0658  0.0580  0.0556
niter,ni,del,rscale     4    3   12.0000    1.2000
parameters
   -0.5396  -11.1921    6.1742  -23.1840    2.6322    3.6244
eta,q 0.95267 14.80606
  0.0694  0.0681  0.0510  0.0572  0.0561  0.0542
  0.0598  0.0593  0.0488  0.0492  0.0520  0.0515
  0.0509  0.0510  0.0481  0.0473  0.0487  0.0488
  0.0479  0.0480  0.0483  0.0481  0.0474  0.0474
  0.0514  0.0486  0.0503  0.0504  0.0489  0.0480
  0.0592  0.0503  0.0545  0.0554  0.0520  0.0502
  0.0689  0.0552  0.0596  0.0621  0.0560  0.0537
niter,ni,del,rscale     3    3   12.0000    1.2000
parameters
   -0.5542  -11.0238    6.1054  -23.3737    2.6257    3.6709
eta,q 0.95263 14.80290
  0.0686  0.0620  0.0545  0.0598  0.0560  0.0539
  0.0586  0.0529  0.0504  0.0520  0.0520  0.0512
  0.0500  0.0479  0.0483  0.0476  0.0488  0.0486
  0.0473  0.0473  0.0474  0.0474  0.0474  0.0474
  0.0509  0.0488  0.0477  0.0492  0.0488  0.0483
  0.0590  0.0523  0.0506  0.0533  0.0519  0.0506
  0.0683  0.0599  0.0551  0.0598  0.0561  0.0542
niter,ni,del,rscale     2    3   12.0000    1.2000
parameters
   -0.5643  -10.9946    6.1011  -23.4227    2.6239    3.6810
eta,q 0.95262 14.80194
  0.0687  0.0615  0.0547  0.0600  0.0559  0.0539
  0.0586  0.0525  0.0505  0.0525  0.0520  0.0512
  0.0500  0.0477  0.0483  0.0476  0.0489  0.0485
  0.0474  0.0474  0.0474  0.0474  0.0474  0.0474
  0.0509  0.0489  0.0476  0.0491  0.0488  0.0483
  0.0591  0.0528  0.0505  0.0530  0.0519  0.0506
  0.0683  0.0605  0.0550  0.0595  0.0561  0.0542
registration optimization eta report
parameter search radius
    6.0000    6.9000    6.0000   10.4940    6.0000    6.0000
100000*second partial in parameter space
       57.       29.       21.       11.       23.       18.
  0.0687  0.0615  0.0547  0.0600  0.0559  0.0539
  0.0586  0.0525  0.0505  0.0525  0.0520  0.0512
  0.0500  0.0477  0.0483  0.0476  0.0489  0.0485
  0.0474  0.0474  0.0474  0.0474  0.0474  0.0474
  0.0509  0.0489  0.0476  0.0491  0.0488  0.0483
  0.0591  0.0528  0.0505  0.0530  0.0519  0.0506
  0.0683  0.0605  0.0550  0.0595  0.0561  0.0542
   -0.5643  -10.9946    6.1011  -23.4227    2.6239    3.6810
eta,q 0.95262 14.80194

---------------------------------------------------------------------
imgreg_4dfp /opt/freesurfer/average/711-2C_as_mni_average_305 /opt/freesurfer/average/711-2B_as_mni_average_305_mask talsrcimg_g11 none talsrcimg_to_711-2C_as_mni_average_305_t4 3335
---------------------------------------------------------------------

freesurfer imgreg_4dfp.c
/opt/freesurfer/average/711-2C_as_mni_average_305.4dfp.img
       256       256       256         1
  1.000000  1.000000  1.000000
orientation T byte_order littleendian
Reading image: /opt/freesurfer/average/711-2C_as_mni_average_305.4dfp.img
dimensions:      256       256       256
mmppix:       1.0000   -1.0000   -1.0000
center:     128.0000 -129.0000 -129.0000
/opt/freesurfer/average/711-2B_as_mni_average_305_mask.4dfp.img
       256       256       256         1
  1.000000  1.000000  1.000000
orientation T byte_order littleendian
Reading mask: /opt/freesurfer/average/711-2B_as_mni_average_305_mask.4dfp.img (2306576 pixels)
talsrcimg_g11.4dfp.img
       256       256       256         1
  1.000000  1.000000  1.000000
orientation T byte_order littleendian
Reading image: talsrcimg_g11.4dfp.img
dimensions:      256       256       256
mmppix:       1.0000   -1.0000   -1.0000
center:     128.0000 -129.0000 -129.0000
fimgreg.f
image alignment mode   3335 decimal      D07 hex
parameters
   -0.5643  -10.9946    6.1011   -0.3109   -8.3128   -8.3365
   -4.0751   -6.7442    6.4135   39.3995    4.5780  -39.7095
eta,q 0.95427 14.87721
niter,ni,del,rscale     5    3    5.0000    1.2000
parameter  4  0.720047 ->  0.500000 qaram    1.1500
parameter  5  2.757681 ->  0.500000 qaram    1.1500
parameter  6  0.555186 ->  0.500000 qaram    1.1500
parameter 10  0.677498 ->  0.500000 qaram    1.1500
parameters
   -0.2564  -11.2604    5.8374   -4.4509  -12.4528  -12.4765
   -3.9134   -4.7043    6.0835   35.2595    5.3759  -37.5244
eta,q 0.96319 13.98552
  0.0503  0.0475  0.0470  0.0437  0.0374  0.0393  0.0412  0.0448  0.0403  0.0372  0.0380  0.0391
  0.0481  0.0463  0.0461  0.0438  0.0390  0.0387  0.0399  0.0422  0.0391  0.0370  0.0375  0.0381
  0.0465  0.0457  0.0457  0.0443  0.0412  0.0388  0.0390  0.0400  0.0384  0.0373  0.0372  0.0375
  0.0457  0.0457  0.0456  0.0456  0.0438  0.0396  0.0387  0.0386  0.0382  0.0382  0.0370  0.0370
  0.0458  0.0461  0.0459  0.0480  0.0469  0.0408  0.0389  0.0382  0.0385  0.0399  0.0370  0.0368
  0.0467  0.0471  0.0467  0.0516  0.0501  0.0425  0.0397  0.0389  0.0394  0.0422  0.0372  0.0370
  0.0485  0.0484  0.0477  0.0558  0.0533  0.0450  0.0410  0.0405  0.0407  0.0451  0.0377  0.0375
niter,ni,del,rscale     7    3    5.0000    1.2000
parameter  5  1.204122 ->  0.500000 qaram    1.3225
parameters
   -0.0874  -11.2207    5.6493   -7.5249  -17.2138  -13.0820
   -3.8763   -4.6451    5.5434   33.6963    5.6936  -38.0209
eta,q 0.96624 13.34444
  0.0405  0.0393  0.0382  0.0373  0.0330  0.0367  0.0364  0.0384  0.0356  0.0361  0.0346  0.0349
  0.0386  0.0379  0.0374  0.0367  0.0336  0.0353  0.0351  0.0361  0.0346  0.0347  0.0342  0.0343
  0.0374  0.0370  0.0369  0.0365  0.0347  0.0343  0.0342  0.0345  0.0340  0.0339  0.0339  0.0339
  0.0368  0.0368  0.0368  0.0368  0.0365  0.0339  0.0339  0.0339  0.0339  0.0339  0.0338  0.0338
  0.0370  0.0371  0.0371  0.0376  0.0390  0.0344  0.0342  0.0344  0.0342  0.0347  0.0338  0.0340
  0.0379  0.0378  0.0377  0.0394  0.0420  0.0359  0.0351  0.0360  0.0350  0.0365  0.0341  0.0345
  0.0397  0.0391  0.0387  0.0425  0.0454  0.0378  0.0364  0.0383  0.0362  0.0390  0.0345  0.0353
niter,ni,del,rscale     7    3    5.0000    1.2000
parameter  5  0.560948 ->  0.500000 qaram    1.5209
parameters
   -0.0296  -11.1969    5.3064   -7.5714  -22.6889  -13.1021
   -4.0335   -4.7370    5.0509   34.1523    6.2331  -39.8008
eta,q 0.96737 12.98412
  0.0371  0.0362  0.0349  0.0358  0.0332  0.0361  0.0351  0.0370  0.0342  0.0367  0.0335  0.0333
  0.0353  0.0348  0.0342  0.0346  0.0328  0.0345  0.0338  0.0348  0.0334  0.0347  0.0331  0.0328
  0.0342  0.0340  0.0338  0.0339  0.0329  0.0334  0.0330  0.0333  0.0329  0.0334  0.0328  0.0326
  0.0338  0.0338  0.0338  0.0337  0.0337  0.0328  0.0328  0.0328  0.0328  0.0327  0.0327  0.0327
  0.0341  0.0341  0.0341  0.0339  0.0353  0.0331  0.0331  0.0334  0.0330  0.0329  0.0327  0.0330
  0.0351  0.0348  0.0348  0.0345  0.0378  0.0344  0.0340  0.0349  0.0337  0.0340  0.0329  0.0336
  0.0368  0.0360  0.0357  0.0359  0.0410  0.0362  0.0353  0.0372  0.0346  0.0360  0.0333  0.0343
niter,ni,del,rscale     7    3    5.0000    1.2000
parameters
   -0.0302  -11.2132    5.0151   -7.5495  -23.6682  -13.2661
   -3.9278   -4.8059    5.0445   34.5853    6.2183  -40.7912
eta,q 0.96745 12.95071
  0.0358  0.0348  0.0338  0.0347  0.0356  0.0360  0.0351  0.0369  0.0343  0.0366  0.0333  0.0334
  0.0341  0.0335  0.0330  0.0335  0.0339  0.0343  0.0338  0.0346  0.0333  0.0346  0.0329  0.0329
  0.0330  0.0328  0.0327  0.0328  0.0329  0.0331  0.0329  0.0331  0.0328  0.0333  0.0326  0.0326
  0.0326  0.0326  0.0326  0.0326  0.0326  0.0326  0.0326  0.0326  0.0326  0.0326  0.0326  0.0326
  0.0330  0.0329  0.0329  0.0328  0.0332  0.0331  0.0329  0.0332  0.0328  0.0328  0.0326  0.0328
  0.0341  0.0337  0.0335  0.0334  0.0346  0.0345  0.0337  0.0348  0.0334  0.0339  0.0329  0.0333
  0.0358  0.0348  0.0344  0.0347  0.0372  0.0363  0.0350  0.0371  0.0343  0.0360  0.0333  0.0339
niter,ni,del,rscale     6    3    5.0000    1.2000
parameters
   -0.0403  -11.2105    4.8606   -7.4127  -23.8767  -13.3807
   -3.8523   -4.8314    5.0396   34.8157    6.0936  -41.2213
eta,q 0.96747 12.96147
  0.0357  0.0348  0.0339  0.0347  0.0360  0.0360  0.0351  0.0369  0.0343  0.0364  0.0333  0.0335
  0.0340  0.0335  0.0331  0.0335  0.0342  0.0343  0.0337  0.0346  0.0333  0.0345  0.0328  0.0329
  0.0329  0.0327  0.0326  0.0327  0.0330  0.0331  0.0329  0.0331  0.0327  0.0332  0.0326  0.0326
  0.0326  0.0326  0.0326  0.0325  0.0325  0.0325  0.0326  0.0326  0.0326  0.0326  0.0325  0.0325
  0.0329  0.0329  0.0328  0.0327  0.0329  0.0331  0.0329  0.0331  0.0328  0.0328  0.0326  0.0327
  0.0340  0.0336  0.0334  0.0333  0.0341  0.0345  0.0337  0.0347  0.0334  0.0340  0.0329  0.0331
  0.0358  0.0347  0.0342  0.0346  0.0365  0.0362  0.0349  0.0370  0.0342  0.0362  0.0333  0.0338
niter,ni,del,rscale     5    3    5.0000    1.2000
parameters
   -0.0489  -11.2248    4.7912   -7.3620  -23.9340  -13.4366
   -3.8134   -4.8346    5.0275   34.9003    5.9971  -41.4089
eta,q 0.96747 12.96706
  0.0357  0.0347  0.0340  0.0347  0.0361  0.0361  0.0350  0.0369  0.0343  0.0363  0.0333  0.0336
  0.0340  0.0334  0.0331  0.0334  0.0342  0.0344  0.0337  0.0346  0.0333  0.0344  0.0328  0.0330
  0.0329  0.0327  0.0326  0.0327  0.0330  0.0331  0.0328  0.0331  0.0327  0.0331  0.0326  0.0326
  0.0325  0.0325  0.0325  0.0325  0.0325  0.0325  0.0325  0.0325  0.0325  0.0325  0.0325  0.0325
  0.0329  0.0329  0.0327  0.0327  0.0329  0.0331  0.0328  0.0331  0.0328  0.0328  0.0326  0.0327
  0.0340  0.0336  0.0333  0.0333  0.0340  0.0345  0.0337  0.0347  0.0333  0.0341  0.0329  0.0331
  0.0357  0.0347  0.0341  0.0347  0.0363  0.0361  0.0349  0.0369  0.0342  0.0363  0.0333  0.0337
niter,ni,del,rscale     4    3    5.0000    1.2000
parameters
   -0.0520  -11.2364    4.7594   -7.3359  -23.9549  -13.4638
   -3.7893   -4.8309    5.0186   34.9288    5.9419  -41.4808
eta,q 0.96748 12.96921
  0.0357  0.0348  0.0340  0.0346  0.0361  0.0361  0.0350  0.0369  0.0343  0.0362  0.0333  0.0336
  0.0340  0.0334  0.0332  0.0334  0.0342  0.0344  0.0337  0.0346  0.0333  0.0344  0.0328  0.0330
  0.0329  0.0327  0.0327  0.0327  0.0330  0.0331  0.0328  0.0331  0.0327  0.0331  0.0326  0.0326
  0.0325  0.0325  0.0325  0.0325  0.0325  0.0325  0.0325  0.0325  0.0325  0.0325  0.0325  0.0325
  0.0329  0.0328  0.0327  0.0327  0.0329  0.0330  0.0328  0.0331  0.0328  0.0329  0.0326  0.0327
  0.0340  0.0336  0.0333  0.0333  0.0340  0.0345  0.0337  0.0346  0.0333  0.0342  0.0329  0.0331
  0.0357  0.0347  0.0341  0.0347  0.0363  0.0361  0.0349  0.0369  0.0342  0.0364  0.0333  0.0337
niter,ni,del,rscale     3    3    5.0000    1.2000
parameters
   -0.0541  -11.2413    4.7480   -7.3259  -23.9608  -13.4761
   -3.7807   -4.8313    5.0197   34.9399    5.9423  -41.5172
eta,q 0.96749 12.97045
  0.0357  0.0348  0.0341  0.0346  0.0361  0.0361  0.0350  0.0369  0.0343  0.0362  0.0333  0.0336
  0.0340  0.0334  0.0332  0.0334  0.0343  0.0344  0.0337  0.0346  0.0333  0.0344  0.0329  0.0330
  0.0329  0.0327  0.0327  0.0327  0.0330  0.0331  0.0328  0.0331  0.0327  0.0331  0.0326  0.0326
  0.0325  0.0325  0.0325  0.0325  0.0325  0.0325  0.0325  0.0325  0.0325  0.0325  0.0325  0.0325
  0.0329  0.0328  0.0327  0.0327  0.0329  0.0330  0.0328  0.0331  0.0328  0.0329  0.0326  0.0327
  0.0340  0.0336  0.0332  0.0333  0.0340  0.0345  0.0337  0.0346  0.0333  0.0342  0.0329  0.0330
  0.0357  0.0347  0.0340  0.0347  0.0363  0.0361  0.0349  0.0369  0.0342  0.0364  0.0333  0.0337
registration optimization eta report
parameter search radius
    2.4000    2.4000    2.4000    8.2800   10.9503    8.2800
    7.2000    7.2000    7.2000    8.2800    7.2000    7.2000
100000*second partial in parameter space
       55.       38.       27.        3.        3.        5.
        5.        8.        3.        6.        1.        2.
  0.0357  0.0348  0.0341  0.0346  0.0361  0.0361  0.0350  0.0369  0.0343  0.0362  0.0333  0.0336
  0.0340  0.0334  0.0332  0.0334  0.0343  0.0344  0.0337  0.0346  0.0333  0.0344  0.0329  0.0330
  0.0329  0.0327  0.0327  0.0327  0.0330  0.0331  0.0328  0.0331  0.0327  0.0331  0.0326  0.0326
  0.0325  0.0325  0.0325  0.0325  0.0325  0.0325  0.0325  0.0325  0.0325  0.0325  0.0325  0.0325
  0.0329  0.0328  0.0327  0.0327  0.0329  0.0330  0.0328  0.0331  0.0328  0.0329  0.0326  0.0327
  0.0340  0.0336  0.0332  0.0333  0.0340  0.0345  0.0337  0.0346  0.0333  0.0342  0.0329  0.0330
  0.0357  0.0347  0.0340  0.0347  0.0363  0.0361  0.0349  0.0369  0.0342  0.0364  0.0333  0.0337
   -0.0541  -11.2413    4.7480   -7.3259  -23.9608  -13.4761
   -3.7807   -4.8313    5.0197   34.9399    5.9423  -41.5172
eta,q 0.96749 12.97045

---------------------------------------------------------------------
imgreg_4dfp /opt/freesurfer/average/711-2C_as_mni_average_305 /opt/freesurfer/average/711-2B_as_mni_average_305_mask talsrcimg_g11 none talsrcimg_to_711-2C_as_mni_average_305_t4 2311
---------------------------------------------------------------------

freesurfer imgreg_4dfp.c
/opt/freesurfer/average/711-2C_as_mni_average_305.4dfp.img
       256       256       256         1
  1.000000  1.000000  1.000000
orientation T byte_order littleendian
Reading image: /opt/freesurfer/average/711-2C_as_mni_average_305.4dfp.img
dimensions:      256       256       256
mmppix:       1.0000   -1.0000   -1.0000
center:     128.0000 -129.0000 -129.0000
/opt/freesurfer/average/711-2B_as_mni_average_305_mask.4dfp.img
       256       256       256         1
  1.000000  1.000000  1.000000
orientation T byte_order littleendian
Reading mask: /opt/freesurfer/average/711-2B_as_mni_average_305_mask.4dfp.img (2306576 pixels)
talsrcimg_g11.4dfp.img
       256       256       256         1
  1.000000  1.000000  1.000000
orientation T byte_order littleendian
Reading image: talsrcimg_g11.4dfp.img
dimensions:      256       256       256
mmppix:       1.0000   -1.0000   -1.0000
center:     128.0000 -129.0000 -129.0000
fimgreg.f
image alignment mode   2311 decimal      907 hex
parameters
   -0.0541  -11.2413    4.7480   -7.3259  -23.9608  -13.4761
   -3.7807   -4.8313    5.0197   34.9399    5.9423  -41.5172
eta,q 0.96748 12.97045
niter,ni,del,rscale     5    3    5.0000    0.8000
parameters
   -0.0498  -11.3076    4.6878   -7.2581  -23.6155  -13.5210
   -3.8073   -4.8279    4.9737   35.1697    5.9181  -41.6037
eta,q 0.96750 13.01025
  0.0340  0.0334  0.0332  0.0332  0.0333  0.0340  0.0337  0.0346  0.0333  0.0340  0.0328  0.0330
  0.0332  0.0329  0.0328  0.0328  0.0329  0.0333  0.0330  0.0335  0.0329  0.0332  0.0326  0.0327
  0.0327  0.0326  0.0326  0.0326  0.0326  0.0327  0.0326  0.0328  0.0326  0.0327  0.0325  0.0326
  0.0325  0.0325  0.0325  0.0325  0.0325  0.0325  0.0325  0.0325  0.0325  0.0325  0.0325  0.0325
  0.0327  0.0327  0.0326  0.0326  0.0326  0.0327  0.0327  0.0328  0.0326  0.0326  0.0325  0.0326
  0.0332  0.0330  0.0329  0.0328  0.0328  0.0332  0.0331  0.0335  0.0329  0.0330  0.0326  0.0328
  0.0340  0.0336  0.0333  0.0331  0.0331  0.0341  0.0337  0.0346  0.0333  0.0338  0.0328  0.0331
niter,ni,del,rscale     4    3    5.0000    0.7000
parameters
   -0.0494  -11.3457    4.6614   -7.2970  -23.6046  -13.4978
   -3.7934   -4.8214    4.9426   35.2123    5.8669  -41.6448
eta,q 0.96751 13.01275
  0.0336  0.0333  0.0330  0.0330  0.0331  0.0337  0.0334  0.0342  0.0331  0.0336  0.0328  0.0329
  0.0330  0.0328  0.0327  0.0327  0.0328  0.0331  0.0329  0.0333  0.0328  0.0330  0.0326  0.0327
  0.0326  0.0326  0.0325  0.0325  0.0326  0.0327  0.0326  0.0327  0.0326  0.0327  0.0325  0.0325
  0.0325  0.0325  0.0325  0.0325  0.0325  0.0325  0.0325  0.0325  0.0325  0.0325  0.0325  0.0325
  0.0326  0.0326  0.0326  0.0326  0.0326  0.0326  0.0326  0.0327  0.0326  0.0326  0.0325  0.0325
  0.0330  0.0329  0.0328  0.0327  0.0327  0.0331  0.0329  0.0333  0.0328  0.0330  0.0326  0.0327
  0.0336  0.0333  0.0331  0.0330  0.0331  0.0337  0.0334  0.0342  0.0332  0.0336  0.0328  0.0329
niter,ni,del,rscale     3    3    5.0000    0.6000
parameters
   -0.0514  -11.3613    4.6505   -7.3298  -23.6073  -13.4647
   -3.7888   -4.8140    4.9220   35.2507    5.8562  -41.6695
eta,q 0.96751 13.01444
  0.0333  0.0331  0.0329  0.0328  0.0329  0.0334  0.0332  0.0337  0.0330  0.0333  0.0327  0.0328
  0.0329  0.0327  0.0327  0.0326  0.0327  0.0330  0.0328  0.0331  0.0327  0.0329  0.0326  0.0326
  0.0326  0.0325  0.0325  0.0325  0.0325  0.0326  0.0326  0.0326  0.0325  0.0326  0.0325  0.0325
  0.0325  0.0325  0.0325  0.0325  0.0325  0.0325  0.0325  0.0325  0.0325  0.0325  0.0325  0.0325
  0.0326  0.0326  0.0325  0.0325  0.0325  0.0326  0.0326  0.0326  0.0326  0.0326  0.0325  0.0325
  0.0329  0.0328  0.0327  0.0326  0.0327  0.0329  0.0328  0.0331  0.0327  0.0328  0.0326  0.0326
  0.0333  0.0331  0.0329  0.0328  0.0329  0.0334  0.0332  0.0337  0.0330  0.0333  0.0327  0.0328
niter,ni,del,rscale     2    3    5.0000    0.5000
parameters
   -0.0513  -11.3702    4.6439   -7.3847  -23.5925  -13.4430
   -3.8022   -4.8193    4.9021   35.2814    5.8236  -41.6726
eta,q 0.96751 13.01426
  0.0331  0.0329  0.0328  0.0327  0.0328  0.0332  0.0330  0.0334  0.0328  0.0331  0.0326  0.0327
  0.0327  0.0327  0.0326  0.0326  0.0326  0.0328  0.0327  0.0329  0.0326  0.0328  0.0325  0.0326
  0.0325  0.0325  0.0325  0.0325  0.0325  0.0326  0.0325  0.0326  0.0325  0.0326  0.0325  0.0325
  0.0325  0.0325  0.0325  0.0325  0.0325  0.0325  0.0325  0.0325  0.0325  0.0325  0.0325  0.0325
  0.0326  0.0325  0.0325  0.0325  0.0325  0.0326  0.0325  0.0326  0.0325  0.0325  0.0325  0.0325
  0.0327  0.0327  0.0326  0.0326  0.0326  0.0328  0.0327  0.0329  0.0326  0.0327  0.0326  0.0326
  0.0331  0.0329  0.0328  0.0327  0.0328  0.0332  0.0330  0.0334  0.0328  0.0331  0.0326  0.0327
niter,ni,del,rscale     1    3    5.0000    0.4000
parameters
   -0.0551  -11.3757    4.6375   -7.4464  -23.6075  -13.4141
   -3.8068   -4.8146    4.8888   35.3103    5.7940  -41.6944
eta,q 0.96752 13.01233
  0.0329  0.0328  0.0327  0.0326  0.0327  0.0329  0.0328  0.0331  0.0327  0.0329  0.0326  0.0326
  0.0326  0.0326  0.0326  0.0325  0.0326  0.0327  0.0326  0.0327  0.0326  0.0327  0.0325  0.0325
  0.0325  0.0325  0.0325  0.0325  0.0325  0.0326  0.0325  0.0326  0.0325  0.0325  0.0325  0.0325
  0.0325  0.0325  0.0325  0.0325  0.0325  0.0325  0.0325  0.0325  0.0325  0.0325  0.0325  0.0325
  0.0325  0.0325  0.0325  0.0325  0.0325  0.0325  0.0325  0.0326  0.0325  0.0325  0.0325  0.0325
  0.0327  0.0326  0.0326  0.0326  0.0326  0.0327  0.0326  0.0327  0.0326  0.0326  0.0325  0.0325
  0.0329  0.0328  0.0327  0.0326  0.0327  0.0329  0.0328  0.0331  0.0327  0.0329  0.0326  0.0326
registration optimization eta report
parameter search radius
    0.8000    0.8000    0.8000    2.4000    2.4000    2.4000
    2.4000    2.4000    2.4000    2.4000    2.4000    2.4000
100000*second partial in parameter space
       58.       42.       28.        3.        3.        8.
        5.       10.        4.        7.        2.        2.
  0.0329  0.0328  0.0327  0.0326  0.0327  0.0329  0.0328  0.0331  0.0327  0.0329  0.0326  0.0326
  0.0326  0.0326  0.0326  0.0325  0.0326  0.0327  0.0326  0.0327  0.0326  0.0327  0.0325  0.0325
  0.0325  0.0325  0.0325  0.0325  0.0325  0.0326  0.0325  0.0326  0.0325  0.0325  0.0325  0.0325
  0.0325  0.0325  0.0325  0.0325  0.0325  0.0325  0.0325  0.0325  0.0325  0.0325  0.0325  0.0325
  0.0325  0.0325  0.0325  0.0325  0.0325  0.0325  0.0325  0.0326  0.0325  0.0325  0.0325  0.0325
  0.0327  0.0326  0.0326  0.0326  0.0326  0.0327  0.0326  0.0327  0.0326  0.0326  0.0325  0.0325
  0.0329  0.0328  0.0327  0.0326  0.0327  0.0329  0.0328  0.0331  0.0327  0.0329  0.0326  0.0326
   -0.0551  -11.3757    4.6375   -7.4464  -23.6075  -13.4141
   -3.8068   -4.8146    4.8888   35.3103    5.7940  -41.6944
eta,q 0.96752 13.01233

---------------------------------------------------------------------
imgreg_4dfp /opt/freesurfer/average/711-2C_as_mni_average_305 /opt/freesurfer/average/711-2B_as_mni_average_305_mask talsrcimg_g11 none talsrcimg_to_711-2C_as_mni_average_305_t4 2311
---------------------------------------------------------------------

freesurfer imgreg_4dfp.c
/opt/freesurfer/average/711-2C_as_mni_average_305.4dfp.img
       256       256       256         1
  1.000000  1.000000  1.000000
orientation T byte_order littleendian
Reading image: /opt/freesurfer/average/711-2C_as_mni_average_305.4dfp.img
dimensions:      256       256       256
mmppix:       1.0000   -1.0000   -1.0000
center:     128.0000 -129.0000 -129.0000
/opt/freesurfer/average/711-2B_as_mni_average_305_mask.4dfp.img
       256       256       256         1
  1.000000  1.000000  1.000000
orientation T byte_order littleendian
Reading mask: /opt/freesurfer/average/711-2B_as_mni_average_305_mask.4dfp.img (2306576 pixels)
talsrcimg_g11.4dfp.img
       256       256       256         1
  1.000000  1.000000  1.000000
orientation T byte_order littleendian
Reading image: talsrcimg_g11.4dfp.img
dimensions:      256       256       256
mmppix:       1.0000   -1.0000   -1.0000
center:     128.0000 -129.0000 -129.0000
fimgreg.f
image alignment mode   2311 decimal      907 hex
parameters
   -0.0551  -11.3757    4.6375   -7.4464  -23.6075  -13.4141
   -3.8068   -4.8146    4.8888   35.3103    5.7940  -41.6944
eta,q 0.96752 13.01233
niter,ni,del,rscale     5    3    5.0000    0.8000
parameters
   -0.0533  -11.3353    4.6819   -7.2449  -23.6419  -13.5033
   -3.7407   -4.8024    4.9424   35.2019    5.8569  -41.6594
eta,q 0.96750 13.01283
  0.0340  0.0336  0.0333  0.0332  0.0332  0.0340  0.0337  0.0346  0.0334  0.0338  0.0329  0.0330
  0.0332  0.0330  0.0328  0.0328  0.0328  0.0332  0.0330  0.0335  0.0329  0.0331  0.0327  0.0327
  0.0327  0.0326  0.0326  0.0325  0.0326  0.0327  0.0326  0.0328  0.0326  0.0327  0.0325  0.0326
  0.0325  0.0325  0.0325  0.0325  0.0325  0.0325  0.0325  0.0325  0.0325  0.0325  0.0325  0.0325
  0.0326  0.0326  0.0326  0.0326  0.0326  0.0327  0.0326  0.0327  0.0326  0.0326  0.0325  0.0326
  0.0331  0.0329  0.0328  0.0327  0.0328  0.0333  0.0330  0.0335  0.0329  0.0332  0.0326  0.0327
  0.0340  0.0335  0.0332  0.0331  0.0332  0.0341  0.0336  0.0346  0.0333  0.0340  0.0328  0.0330
niter,ni,del,rscale     4    3    5.0000    0.7000
parameters
   -0.0528  -11.3463    4.6626   -7.2724  -23.6177  -13.4957
   -3.7692   -4.8127    4.9388   35.2239    5.8658  -41.6633
eta,q 0.96751 13.01449
  0.0336  0.0333  0.0330  0.0330  0.0331  0.0337  0.0334  0.0342  0.0332  0.0336  0.0328  0.0329
  0.0330  0.0328  0.0327  0.0327  0.0327  0.0331  0.0329  0.0333  0.0328  0.0330  0.0326  0.0327
  0.0326  0.0326  0.0326  0.0325  0.0326  0.0327  0.0326  0.0327  0.0326  0.0326  0.0325  0.0325
  0.0325  0.0325  0.0325  0.0325  0.0325  0.0325  0.0325  0.0325  0.0325  0.0325  0.0325  0.0325
  0.0326  0.0326  0.0326  0.0325  0.0326  0.0326  0.0326  0.0327  0.0326  0.0326  0.0325  0.0325
  0.0330  0.0329  0.0328  0.0327  0.0327  0.0331  0.0329  0.0333  0.0328  0.0330  0.0326  0.0327
  0.0336  0.0333  0.0330  0.0330  0.0330  0.0338  0.0334  0.0342  0.0331  0.0336  0.0328  0.0329
niter,ni,del,rscale     3    3    5.0000    0.6000
parameters
   -0.0517  -11.3599    4.6498   -7.3154  -23.6212  -13.4680
   -3.7887   -4.8154    4.9206   35.2575    5.8609  -41.6787
eta,q 0.96750 13.01477
  0.0333  0.0331  0.0329  0.0328  0.0329  0.0334  0.0332  0.0337  0.0330  0.0333  0.0327  0.0328
  0.0329  0.0327  0.0327  0.0326  0.0327  0.0330  0.0328  0.0331  0.0327  0.0329  0.0326  0.0326
  0.0326  0.0325  0.0325  0.0325  0.0325  0.0326  0.0326  0.0326  0.0325  0.0326  0.0325  0.0325
  0.0325  0.0325  0.0325  0.0325  0.0325  0.0325  0.0325  0.0325  0.0325  0.0325  0.0325  0.0325
  0.0326  0.0326  0.0325  0.0325  0.0325  0.0326  0.0326  0.0326  0.0326  0.0326  0.0325  0.0325
  0.0329  0.0328  0.0327  0.0326  0.0327  0.0329  0.0328  0.0331  0.0327  0.0328  0.0326  0.0326
  0.0333  0.0331  0.0329  0.0328  0.0329  0.0334  0.0332  0.0337  0.0330  0.0333  0.0327  0.0328
niter,ni,del,rscale     2    3    5.0000    0.5000
parameters
   -0.0508  -11.3707    4.6406   -7.3729  -23.6034  -13.4462
   -3.7991   -4.8195    4.9042   35.2865    5.8230  -41.6951
eta,q 0.96751 13.01512
  0.0331  0.0329  0.0328  0.0327  0.0328  0.0332  0.0330  0.0334  0.0328  0.0331  0.0326  0.0327
  0.0327  0.0327  0.0326  0.0326  0.0326  0.0328  0.0327  0.0329  0.0326  0.0328  0.0325  0.0326
  0.0326  0.0325  0.0325  0.0325  0.0325  0.0326  0.0325  0.0326  0.0325  0.0326  0.0325  0.0325
  0.0325  0.0325  0.0325  0.0325  0.0325  0.0325  0.0325  0.0325  0.0325  0.0325  0.0325  0.0325
  0.0326  0.0325  0.0325  0.0325  0.0325  0.0326  0.0325  0.0326  0.0325  0.0325  0.0325  0.0325
  0.0327  0.0327  0.0326  0.0326  0.0326  0.0328  0.0327  0.0329  0.0326  0.0327  0.0326  0.0326
  0.0331  0.0329  0.0328  0.0327  0.0328  0.0332  0.0330  0.0334  0.0328  0.0331  0.0326  0.0327
niter,ni,del,rscale     1    3    5.0000    0.4000
parameters
   -0.0546  -11.3756    4.6372   -7.4439  -23.6130  -13.4198
   -3.7970   -4.8117    4.8895   35.3198    5.7660  -41.6983
eta,q 0.96751 13.01223
  0.0329  0.0328  0.0327  0.0326  0.0327  0.0329  0.0328  0.0331  0.0327  0.0329  0.0326  0.0326
  0.0327  0.0326  0.0326  0.0325  0.0326  0.0327  0.0326  0.0327  0.0326  0.0327  0.0325  0.0325
  0.0325  0.0325  0.0325  0.0325  0.0325  0.0326  0.0325  0.0326  0.0325  0.0325  0.0325  0.0325
  0.0325  0.0325  0.0325  0.0325  0.0325  0.0325  0.0325  0.0325  0.0325  0.0325  0.0325  0.0325
  0.0325  0.0325  0.0325  0.0325  0.0325  0.0325  0.0325  0.0326  0.0325  0.0325  0.0325  0.0325
  0.0327  0.0326  0.0326  0.0326  0.0326  0.0327  0.0326  0.0327  0.0326  0.0326  0.0325  0.0325
  0.0329  0.0328  0.0327  0.0326  0.0327  0.0329  0.0328  0.0331  0.0327  0.0329  0.0326  0.0326
registration optimization eta report
parameter search radius
    0.8000    0.8000    0.8000    2.4000    2.4000    2.4000
    2.4000    2.4000    2.4000    2.4000    2.4000    2.4000
100000*second partial in parameter space
       59.       42.       28.        3.        3.        8.
        5.       10.        4.        7.        1.        2.
  0.0329  0.0328  0.0327  0.0326  0.0327  0.0329  0.0328  0.0331  0.0327  0.0329  0.0326  0.0326
  0.0327  0.0326  0.0326  0.0325  0.0326  0.0327  0.0326  0.0327  0.0326  0.0327  0.0325  0.0325
  0.0325  0.0325  0.0325  0.0325  0.0325  0.0326  0.0325  0.0326  0.0325  0.0325  0.0325  0.0325
  0.0325  0.0325  0.0325  0.0325  0.0325  0.0325  0.0325  0.0325  0.0325  0.0325  0.0325  0.0325
  0.0325  0.0325  0.0325  0.0325  0.0325  0.0325  0.0325  0.0326  0.0325  0.0325  0.0325  0.0325
  0.0327  0.0326  0.0326  0.0326  0.0326  0.0327  0.0326  0.0327  0.0326  0.0326  0.0325  0.0325
  0.0329  0.0328  0.0327  0.0326  0.0327  0.0329  0.0328  0.0331  0.0327  0.0329  0.0326  0.0326
   -0.0546  -11.3756    4.6372   -7.4439  -23.6130  -13.4198
   -3.7970   -4.8117    4.8895   35.3198    5.7660  -41.6983
eta,q 0.96751 13.01223

---------------------------------------------------------------------
compute_vox2vox talsrcimg talsrcimg_to_711-2C_as_mni_average_305_t4 /opt/freesurfer/average/711-2C_as_mni_average_305
---------------------------------------------------------------------

freesurfer compute_vox2vox.c
Reading: talsrcimg.4dfp.ifh
Reading: talsrcimg_to_711-2C_as_mni_average_305_t4
Reading: /opt/freesurfer/average/711-2C_as_mni_average_305.4dfp.ifh
Writing: talsrcimg_to_711-2C_as_mni_average_305_t4_vox2vox.txt

start time Sat Mar 14 01:11:26 CET 2026
end		time Sat Mar 14 01:12:52 CET 2026

mpr2mni305 success

avi2talxfm orig_nu.mgz /opt/freesurfer/average/mni305.cor.mgz talsrcimg_to_711-2C_as_mni_average_305_t4_vox2vox.txt transforms/talairach.auto.xfm
avi2talxfm done
mv -f /out/sourcedata/freesurfer/sub-v2s8x29211_ses-1/mri/talsrcimg_to_711-2C_as_mni_average_305_t4_vox2vox.txt /out/sourcedata/freesurfer/sub-v2s8x29211_ses-1/mri/transforms/talsrcimg_to_711-2C_as_mni_average_305_t4_vox2vox.txt
lta_convert --src orig_nu.mgz --trg /opt/freesurfer/average/mni305.cor.mgz --inxfm transforms/talairach.auto.xfm --outlta transforms/talairach.auto.xfm.lta --subject fsaverage
7.3.2

--src: orig_nu.mgz src image (geometry).
--trg: /opt/freesurfer/average/mni305.cor.mgz trg image (geometry).
--inmni: transforms/talairach.auto.xfm input MNI/XFM transform.
--outlta: transforms/talairach.auto.xfm.lta output LTA.
--s: fsaverage subject name
 LTA read, type : 1
 1.07478   0.03103   0.07036   8.83299;
-0.08564   0.94217   0.51006   1.87534;
-0.02920  -0.43762   1.06878   18.31250;
 0.00000   0.00000   0.00000   1.00000;
setting subject to fsaverage
Writing  LTA to file transforms/talairach.auto.xfm.lta...
lta_convert successful.
 
 
Started at Sat Mar 14 01:11:25 CET 2026
Ended   at Sat Mar 14 01:12:52 CET 2026
talairach_avi done
