status file for recon-all
Sat Mar 14 02:58:08 CET 2026
#@# Tessellate lh Sat Mar 14 02:58:08 CET 2026
#@# Smooth1 lh Sat Mar 14 02:58:12 CET 2026
#@# Inflation1 lh Sat Mar 14 02:58:14 CET 2026
#@# QSphere lh Sat Mar 14 02:58:24 CET 2026
#@# Fix Topology lh Sat Mar 14 02:59:13 CET 2026
#@# Smooth2 lh Sat Mar 14 03:04:27 CET 2026
#@# Inflation2 lh Sat Mar 14 03:04:29 CET 2026
#@# Curv .H and .K lh Sat Mar 14 03:04:40 CET 2026
#@# Sphere lh Sat Mar 14 03:05:19 CET 2026
#@# Surf Reg lh Sat Mar 14 03:07:13 CET 2026
#@# Jacobian white lh Sat Mar 14 03:10:14 CET 2026
#@# AvgCurv lh Sat Mar 14 03:10:15 CET 2026
#@# Cortical Parc lh Sat Mar 14 03:10:15 CET 2026
#@# white curv lh Sat Mar 14 03:15:33 CET 2026
#@# white area lh Sat Mar 14 03:15:34 CET 2026
#@# pial curv lh Sat Mar 14 03:15:35 CET 2026
#@# pial area lh Sat Mar 14 03:15:36 CET 2026
#@# thickness lh Sat Mar 14 03:15:37 CET 2026
#@# area and vertex vol lh Sat Mar 14 03:16:01 CET 2026
#@# Curvature Stats lh Sat Mar 14 03:16:02 CET 2026
#@# Cortical Parc 2 lh Sat Mar 14 03:16:04 CET 2026
#@# Cortical Parc 3 lh Sat Mar 14 03:16:14 CET 2026
#@# WM/GM Contrast lh Sat Mar 14 03:16:23 CET 2026
recon-all -s sub-v2s8x29213_ses-1 finished without error at Sat Mar 14 03:16:26 CET 2026



#New# invocation of recon-all 



status file for recon-all
Sat Mar 14 03:40:07 CET 2026
#@# white curv lh Sat Mar 14 03:40:07 CET 2026
#@# white area lh Sat Mar 14 03:40:07 CET 2026
#@# pial curv lh Sat Mar 14 03:40:07 CET 2026
#@# pial area lh Sat Mar 14 03:40:07 CET 2026
#@# thickness lh Sat Mar 14 03:40:07 CET 2026
#@# area and vertex vol lh Sat Mar 14 03:40:07 CET 2026
#@# Parcellation Stats lh Sat Mar 14 03:40:07 CET 2026
#@# Parcellation Stats 2 lh Sat Mar 14 03:40:20 CET 2026
#@# Parcellation Stats 3 lh Sat Mar 14 03:40:27 CET 2026
#@# BA_exvivo Labels lh Sat Mar 14 03:40:34 CET 2026
recon-all -s sub-v2s8x29213_ses-1 finished without error at Sat Mar 14 03:42:43 CET 2026
