status file for recon-all
Sat Mar 14 04:30:00 CET 2026
#@# Tessellate lh Sat Mar 14 04:30:00 CET 2026
#@# Smooth1 lh Sat Mar 14 04:30:03 CET 2026
#@# Inflation1 lh Sat Mar 14 04:30:06 CET 2026
#@# QSphere lh Sat Mar 14 04:30:21 CET 2026
#@# Fix Topology lh Sat Mar 14 04:31:36 CET 2026
#@# Smooth2 lh Sat Mar 14 04:40:19 CET 2026
#@# Inflation2 lh Sat Mar 14 04:40:22 CET 2026
#@# Curv .H and .K lh Sat Mar 14 04:40:36 CET 2026
#@# Sphere lh Sat Mar 14 04:41:22 CET 2026
#@# Surf Reg lh Sat Mar 14 04:48:35 CET 2026
#@# Jacobian white lh Sat Mar 14 04:55:11 CET 2026
#@# AvgCurv lh Sat Mar 14 04:55:12 CET 2026
#@# Cortical Parc lh Sat Mar 14 04:55:13 CET 2026
#@# white curv lh Sat Mar 14 05:01:08 CET 2026
#@# white area lh Sat Mar 14 05:01:10 CET 2026
#@# pial curv lh Sat Mar 14 05:01:11 CET 2026
#@# pial area lh Sat Mar 14 05:01:13 CET 2026
#@# thickness lh Sat Mar 14 05:01:14 CET 2026
#@# area and vertex vol lh Sat Mar 14 05:01:42 CET 2026
#@# Curvature Stats lh Sat Mar 14 05:01:44 CET 2026
#@# Cortical Parc 2 lh Sat Mar 14 05:01:46 CET 2026
#@# Cortical Parc 3 lh Sat Mar 14 05:01:59 CET 2026
#@# WM/GM Contrast lh Sat Mar 14 05:02:10 CET 2026
recon-all -s sub-v2s8x29240_ses-1 finished without error at Sat Mar 14 05:02:15 CET 2026



#New# invocation of recon-all 



status file for recon-all
Sat Mar 14 05:35:06 CET 2026
#@# white curv lh Sat Mar 14 05:35:06 CET 2026
#@# white area lh Sat Mar 14 05:35:06 CET 2026
#@# pial curv lh Sat Mar 14 05:35:06 CET 2026
#@# pial area lh Sat Mar 14 05:35:06 CET 2026
#@# thickness lh Sat Mar 14 05:35:06 CET 2026
#@# area and vertex vol lh Sat Mar 14 05:35:06 CET 2026
#@# Parcellation Stats lh Sat Mar 14 05:35:06 CET 2026
#@# Parcellation Stats 2 lh Sat Mar 14 05:35:24 CET 2026
#@# Parcellation Stats 3 lh Sat Mar 14 05:35:34 CET 2026
#@# BA_exvivo Labels lh Sat Mar 14 05:35:44 CET 2026
recon-all -s sub-v2s8x29240_ses-1 finished without error at Sat Mar 14 05:38:27 CET 2026
