status file for recon-all
Sat Mar 14 03:22:32 CET 2026
#@# Tessellate rh Sat Mar 14 03:22:32 CET 2026
#@# Smooth1 rh Sat Mar 14 03:22:36 CET 2026
#@# Inflation1 rh Sat Mar 14 03:22:40 CET 2026
#@# QSphere rh Sat Mar 14 03:22:54 CET 2026
#@# Fix Topology rh Sat Mar 14 03:24:02 CET 2026
#@# Smooth2 rh Sat Mar 14 03:31:14 CET 2026
#@# Inflation2 rh Sat Mar 14 03:31:17 CET 2026
#@# Curv .H and .K rh Sat Mar 14 03:31:40 CET 2026
#@# Sphere rh Sat Mar 14 03:32:29 CET 2026
#@# Surf Reg rh Sat Mar 14 03:45:26 CET 2026
#@# Jacobian white rh Sat Mar 14 04:02:59 CET 2026
#@# AvgCurv rh Sat Mar 14 04:03:01 CET 2026
#@# Cortical Parc rh Sat Mar 14 04:03:01 CET 2026
#@# white curv rh Sat Mar 14 04:09:38 CET 2026
#@# white area rh Sat Mar 14 04:09:39 CET 2026
#@# pial curv rh Sat Mar 14 04:09:40 CET 2026
#@# pial area rh Sat Mar 14 04:09:42 CET 2026
#@# thickness rh Sat Mar 14 04:09:43 CET 2026
#@# area and vertex vol rh Sat Mar 14 04:10:14 CET 2026
#@# Curvature Stats rh Sat Mar 14 04:10:16 CET 2026
#@# Cortical Parc 2 rh Sat Mar 14 04:10:18 CET 2026
#@# Cortical Parc 3 rh Sat Mar 14 04:10:32 CET 2026
#@# WM/GM Contrast rh Sat Mar 14 04:10:43 CET 2026
recon-all -s sub-v2s8x29211_ses-1 finished without error at Sat Mar 14 04:10:47 CET 2026



#New# invocation of recon-all 



status file for recon-all
Sat Mar 14 04:21:34 CET 2026
#@# white curv rh Sat Mar 14 04:21:34 CET 2026
#@# white area rh Sat Mar 14 04:21:34 CET 2026
#@# pial curv rh Sat Mar 14 04:21:34 CET 2026
#@# pial area rh Sat Mar 14 04:21:34 CET 2026
#@# thickness rh Sat Mar 14 04:21:34 CET 2026
#@# area and vertex vol rh Sat Mar 14 04:21:34 CET 2026
#@# Parcellation Stats rh Sat Mar 14 04:21:34 CET 2026
#@# Parcellation Stats 2 rh Sat Mar 14 04:21:55 CET 2026
#@# Parcellation Stats 3 rh Sat Mar 14 04:22:06 CET 2026
#@# BA_exvivo Labels rh Sat Mar 14 04:22:17 CET 2026
recon-all -s sub-v2s8x29211_ses-1 finished without error at Sat Mar 14 04:25:08 CET 2026
