status file for recon-all
Sat Mar 14 01:08:17 CET 2026
#@# MotionCor Sat Mar 14 01:08:19 CET 2026
#@# Talairach Sat Mar 14 01:08:29 CET 2026
#@# Talairach Failure Detection Sat Mar 14 01:12:54 CET 2026
#@# Nu Intensity Correction Sat Mar 14 01:12:54 CET 2026
#@# Intensity Normalization Sat Mar 14 01:16:13 CET 2026
recon-all -s sub-v2s8x29211_ses-1 finished without error at Sat Mar 14 01:17:53 CET 2026



#New# invocation of recon-all 



status file for recon-all
Sat Mar 14 01:24:35 CET 2026
#@# EM Registration Sat Mar 14 01:24:35 CET 2026
recon-all -s sub-v2s8x29211_ses-1 finished without error at Sat Mar 14 01:27:31 CET 2026



#New# invocation of recon-all 



status file for recon-all
Sat Mar 14 01:27:34 CET 2026
#@# CA Normalize Sat Mar 14 01:27:34 CET 2026
#@# CA Reg Sat Mar 14 01:28:55 CET 2026
#@# SubCort Seg Sat Mar 14 02:18:38 CET 2026
#@# CC Seg Sat Mar 14 02:48:43 CET 2026
#@# Merge ASeg Sat Mar 14 02:49:23 CET 2026
#@# Intensity Normalization2 Sat Mar 14 02:49:23 CET 2026
#@# Mask BFS Sat Mar 14 02:51:35 CET 2026
#@# WM Segmentation Sat Mar 14 02:51:36 CET 2026
#@# Fill Sat Mar 14 02:53:37 CET 2026
recon-all -s sub-v2s8x29211_ses-1 finished without error at Sat Mar 14 02:54:37 CET 2026



#New# invocation of recon-all 



status file for recon-all
Sat Mar 14 04:10:52 CET 2026
#@# white curv lh Sat Mar 14 04:10:52 CET 2026
#@# white area lh Sat Mar 14 04:10:52 CET 2026
#@# pial curv lh Sat Mar 14 04:10:52 CET 2026
#@# pial area lh Sat Mar 14 04:10:52 CET 2026
#@# thickness lh Sat Mar 14 04:10:52 CET 2026
#@# area and vertex vol lh Sat Mar 14 04:10:52 CET 2026
#@# white curv rh Sat Mar 14 04:10:52 CET 2026
#@# white area rh Sat Mar 14 04:10:52 CET 2026
#@# pial curv rh Sat Mar 14 04:10:52 CET 2026
#@# pial area rh Sat Mar 14 04:10:52 CET 2026
#@# thickness rh Sat Mar 14 04:10:52 CET 2026
#@# area and vertex vol rh Sat Mar 14 04:10:52 CET 2026
#@# Cortical ribbon mask Sat Mar 14 04:10:52 CET 2026
recon-all -s sub-v2s8x29211_ses-1 finished without error at Sat Mar 14 04:17:52 CET 2026



#New# invocation of recon-all 



status file for recon-all
Sat Mar 14 04:25:14 CET 2026
#@# white curv lh Sat Mar 14 04:25:14 CET 2026
#@# white area lh Sat Mar 14 04:25:14 CET 2026
#@# pial curv lh Sat Mar 14 04:25:14 CET 2026
#@# pial area lh Sat Mar 14 04:25:14 CET 2026
#@# thickness lh Sat Mar 14 04:25:14 CET 2026
#@# area and vertex vol lh Sat Mar 14 04:25:14 CET 2026
#@# white curv rh Sat Mar 14 04:25:14 CET 2026
#@# white area rh Sat Mar 14 04:25:14 CET 2026
#@# pial curv rh Sat Mar 14 04:25:14 CET 2026
#@# pial area rh Sat Mar 14 04:25:14 CET 2026
#@# thickness rh Sat Mar 14 04:25:14 CET 2026
#@# area and vertex vol rh Sat Mar 14 04:25:14 CET 2026
#@# Curvature Stats lh Sat Mar 14 04:25:14 CET 2026
#@# Curvature Stats rh Sat Mar 14 04:25:17 CET 2026
#@# Relabel Hypointensities Sat Mar 14 04:25:19 CET 2026
#@# APas-to-ASeg Sat Mar 14 04:25:35 CET 2026
#@# AParc-to-ASeg aparc Sat Mar 14 04:25:44 CET 2026
#@# AParc-to-ASeg aparc.a2009s Sat Mar 14 04:26:38 CET 2026
#@# AParc-to-ASeg aparc.DKTatlas Sat Mar 14 04:27:27 CET 2026
#@# WMParc Sat Mar 14 04:28:15 CET 2026
#@# ASeg Stats Sat Mar 14 04:31:49 CET 2026
recon-all -s sub-v2s8x29211_ses-1 finished without error at Sat Mar 14 04:32:26 CET 2026
