status file for recon-all
Sat Mar 14 01:36:33 CET 2026
#@# Tessellate rh Sat Mar 14 01:36:33 CET 2026
#@# Smooth1 rh Sat Mar 14 01:36:35 CET 2026
#@# Inflation1 rh Sat Mar 14 01:36:37 CET 2026
#@# QSphere rh Sat Mar 14 01:36:47 CET 2026
#@# Fix Topology rh Sat Mar 14 01:37:36 CET 2026
#@# Smooth2 rh Sat Mar 14 01:42:36 CET 2026
#@# Inflation2 rh Sat Mar 14 01:42:39 CET 2026
#@# Curv .H and .K rh Sat Mar 14 01:42:48 CET 2026
#@# Sphere rh Sat Mar 14 01:43:30 CET 2026
#@# Surf Reg rh Sat Mar 14 01:45:24 CET 2026
#@# Jacobian white rh Sat Mar 14 01:48:35 CET 2026
#@# AvgCurv rh Sat Mar 14 01:48:36 CET 2026
#@# Cortical Parc rh Sat Mar 14 01:48:37 CET 2026
#@# white curv rh Sat Mar 14 01:54:16 CET 2026
#@# white area rh Sat Mar 14 01:54:17 CET 2026
#@# pial curv rh Sat Mar 14 01:54:18 CET 2026
#@# pial area rh Sat Mar 14 01:54:19 CET 2026
#@# thickness rh Sat Mar 14 01:54:20 CET 2026
#@# area and vertex vol rh Sat Mar 14 01:54:43 CET 2026
#@# Curvature Stats rh Sat Mar 14 01:54:44 CET 2026
#@# Cortical Parc 2 rh Sat Mar 14 01:54:46 CET 2026
#@# Cortical Parc 3 rh Sat Mar 14 01:54:57 CET 2026
#@# WM/GM Contrast rh Sat Mar 14 01:55:05 CET 2026
recon-all -s sub-v2s8x29188_ses-1 finished without error at Sat Mar 14 01:55:08 CET 2026



#New# invocation of recon-all 



status file for recon-all
Sat Mar 14 02:01:53 CET 2026
#@# white curv rh Sat Mar 14 02:01:53 CET 2026
#@# white area rh Sat Mar 14 02:01:53 CET 2026
#@# pial curv rh Sat Mar 14 02:01:53 CET 2026
#@# pial area rh Sat Mar 14 02:01:53 CET 2026
#@# thickness rh Sat Mar 14 02:01:53 CET 2026
#@# area and vertex vol rh Sat Mar 14 02:01:53 CET 2026
#@# Parcellation Stats rh Sat Mar 14 02:01:53 CET 2026
#@# Parcellation Stats 2 rh Sat Mar 14 02:02:11 CET 2026
#@# Parcellation Stats 3 rh Sat Mar 14 02:02:20 CET 2026
#@# BA_exvivo Labels rh Sat Mar 14 02:02:30 CET 2026
recon-all -s sub-v2s8x29188_ses-1 finished without error at Sat Mar 14 02:04:32 CET 2026
