status file for recon-all
Sat Mar 14 02:57:09 CET 2026
#@# MotionCor Sat Mar 14 02:57:11 CET 2026
#@# Talairach Sat Mar 14 02:57:20 CET 2026
#@# Talairach Failure Detection Sat Mar 14 03:01:48 CET 2026
#@# Nu Intensity Correction Sat Mar 14 03:01:48 CET 2026
#@# Intensity Normalization Sat Mar 14 03:05:04 CET 2026
recon-all -s sub-v2s8x29244_ses-1 finished without error at Sat Mar 14 03:06:28 CET 2026



#New# invocation of recon-all 



status file for recon-all
Sat Mar 14 03:13:43 CET 2026
#@# EM Registration Sat Mar 14 03:13:43 CET 2026
recon-all -s sub-v2s8x29244_ses-1 finished without error at Sat Mar 14 03:15:39 CET 2026



#New# invocation of recon-all 



status file for recon-all
Sat Mar 14 03:15:41 CET 2026
#@# CA Normalize Sat Mar 14 03:15:41 CET 2026
#@# CA Reg Sat Mar 14 03:17:02 CET 2026
#@# SubCort Seg Sat Mar 14 04:03:01 CET 2026
#@# CC Seg Sat Mar 14 04:30:09 CET 2026
#@# Merge ASeg Sat Mar 14 04:30:43 CET 2026
#@# Intensity Normalization2 Sat Mar 14 04:30:43 CET 2026
#@# Mask BFS Sat Mar 14 04:32:50 CET 2026
#@# WM Segmentation Sat Mar 14 04:32:50 CET 2026
#@# Fill Sat Mar 14 04:34:52 CET 2026
recon-all -s sub-v2s8x29244_ses-1 finished without error at Sat Mar 14 04:35:53 CET 2026



#New# invocation of recon-all 



status file for recon-all
Sat Mar 14 05:30:29 CET 2026
#@# white curv lh Sat Mar 14 05:30:29 CET 2026
#@# white area lh Sat Mar 14 05:30:29 CET 2026
#@# pial curv lh Sat Mar 14 05:30:29 CET 2026
#@# pial area lh Sat Mar 14 05:30:29 CET 2026
#@# thickness lh Sat Mar 14 05:30:29 CET 2026
#@# area and vertex vol lh Sat Mar 14 05:30:29 CET 2026
#@# white curv rh Sat Mar 14 05:30:30 CET 2026
#@# white area rh Sat Mar 14 05:30:30 CET 2026
#@# pial curv rh Sat Mar 14 05:30:30 CET 2026
#@# pial area rh Sat Mar 14 05:30:30 CET 2026
#@# thickness rh Sat Mar 14 05:30:30 CET 2026
#@# area and vertex vol rh Sat Mar 14 05:30:30 CET 2026
#@# Cortical ribbon mask Sat Mar 14 05:30:30 CET 2026
recon-all -s sub-v2s8x29244_ses-1 finished without error at Sat Mar 14 05:36:56 CET 2026



#New# invocation of recon-all 



status file for recon-all
Sat Mar 14 05:44:05 CET 2026
#@# white curv lh Sat Mar 14 05:44:05 CET 2026
#@# white area lh Sat Mar 14 05:44:05 CET 2026
#@# pial curv lh Sat Mar 14 05:44:05 CET 2026
#@# pial area lh Sat Mar 14 05:44:05 CET 2026
#@# thickness lh Sat Mar 14 05:44:05 CET 2026
#@# area and vertex vol lh Sat Mar 14 05:44:05 CET 2026
#@# white curv rh Sat Mar 14 05:44:05 CET 2026
#@# white area rh Sat Mar 14 05:44:05 CET 2026
#@# pial curv rh Sat Mar 14 05:44:05 CET 2026
#@# pial area rh Sat Mar 14 05:44:05 CET 2026
#@# thickness rh Sat Mar 14 05:44:05 CET 2026
#@# area and vertex vol rh Sat Mar 14 05:44:05 CET 2026
#@# Curvature Stats lh Sat Mar 14 05:44:05 CET 2026
#@# Curvature Stats rh Sat Mar 14 05:44:08 CET 2026
#@# Relabel Hypointensities Sat Mar 14 05:44:10 CET 2026
#@# APas-to-ASeg Sat Mar 14 05:44:27 CET 2026
#@# AParc-to-ASeg aparc Sat Mar 14 05:44:36 CET 2026
#@# AParc-to-ASeg aparc.a2009s Sat Mar 14 05:45:27 CET 2026
#@# AParc-to-ASeg aparc.DKTatlas Sat Mar 14 05:46:23 CET 2026
#@# WMParc Sat Mar 14 05:47:13 CET 2026
#@# ASeg Stats Sat Mar 14 05:52:02 CET 2026
recon-all -s sub-v2s8x29244_ses-1 finished without error at Sat Mar 14 05:52:40 CET 2026
