status file for recon-all
Sat Mar 14 04:02:28 CET 2026
#@# Tessellate rh Sat Mar 14 04:02:28 CET 2026
#@# Smooth1 rh Sat Mar 14 04:02:31 CET 2026
#@# Inflation1 rh Sat Mar 14 04:02:32 CET 2026
#@# QSphere rh Sat Mar 14 04:02:39 CET 2026
#@# Fix Topology rh Sat Mar 14 04:03:16 CET 2026
#@# Smooth2 rh Sat Mar 14 04:07:24 CET 2026
#@# Inflation2 rh Sat Mar 14 04:07:26 CET 2026
#@# Curv .H and .K rh Sat Mar 14 04:07:34 CET 2026
#@# Sphere rh Sat Mar 14 04:08:11 CET 2026
#@# Surf Reg rh Sat Mar 14 04:09:58 CET 2026
#@# Jacobian white rh Sat Mar 14 04:12:28 CET 2026
#@# AvgCurv rh Sat Mar 14 04:12:28 CET 2026
#@# Cortical Parc rh Sat Mar 14 04:12:29 CET 2026
#@# white curv rh Sat Mar 14 04:16:54 CET 2026
#@# white area rh Sat Mar 14 04:16:55 CET 2026
#@# pial curv rh Sat Mar 14 04:16:55 CET 2026
#@# pial area rh Sat Mar 14 04:16:57 CET 2026
#@# thickness rh Sat Mar 14 04:16:57 CET 2026
#@# area and vertex vol rh Sat Mar 14 04:17:15 CET 2026
#@# Curvature Stats rh Sat Mar 14 04:17:16 CET 2026
#@# Cortical Parc 2 rh Sat Mar 14 04:17:18 CET 2026
#@# Cortical Parc 3 rh Sat Mar 14 04:17:27 CET 2026
#@# WM/GM Contrast rh Sat Mar 14 04:17:34 CET 2026
recon-all -s sub-v2s8x29236_ses-1 finished without error at Sat Mar 14 04:17:37 CET 2026



#New# invocation of recon-all 



status file for recon-all
Sat Mar 14 04:24:12 CET 2026
#@# white curv rh Sat Mar 14 04:24:12 CET 2026
#@# white area rh Sat Mar 14 04:24:12 CET 2026
#@# pial curv rh Sat Mar 14 04:24:12 CET 2026
#@# pial area rh Sat Mar 14 04:24:12 CET 2026
#@# thickness rh Sat Mar 14 04:24:12 CET 2026
#@# area and vertex vol rh Sat Mar 14 04:24:12 CET 2026
#@# Parcellation Stats rh Sat Mar 14 04:24:12 CET 2026
#@# Parcellation Stats 2 rh Sat Mar 14 04:24:26 CET 2026
#@# Parcellation Stats 3 rh Sat Mar 14 04:24:33 CET 2026
#@# BA_exvivo Labels rh Sat Mar 14 04:24:40 CET 2026
recon-all -s sub-v2s8x29236_ses-1 finished without error at Sat Mar 14 04:26:27 CET 2026
