status file for recon-all
Fri Mar 13 23:56:47 CET 2026
#@# MotionCor Fri Mar 13 23:56:48 CET 2026
#@# Talairach Fri Mar 13 23:56:58 CET 2026
#@# Talairach Failure Detection Sat Mar 14 00:01:28 CET 2026
#@# Talairach Sat Mar 14 00:01:28 CET 2026
#@# Talairach Failure Detection Sat Mar 14 00:05:55 CET 2026
#@# Nu Intensity Correction Sat Mar 14 00:05:55 CET 2026
#@# Intensity Normalization Sat Mar 14 00:09:09 CET 2026
recon-all -s sub-v2s8x29183_ses-1 finished without error at Sat Mar 14 00:10:37 CET 2026



#New# invocation of recon-all 



status file for recon-all
Sat Mar 14 00:17:49 CET 2026
#@# EM Registration Sat Mar 14 00:17:49 CET 2026
recon-all -s sub-v2s8x29183_ses-1 finished without error at Sat Mar 14 00:20:19 CET 2026



#New# invocation of recon-all 



status file for recon-all
Sat Mar 14 00:20:21 CET 2026
#@# CA Normalize Sat Mar 14 00:20:21 CET 2026
#@# CA Reg Sat Mar 14 00:21:45 CET 2026
#@# SubCort Seg Sat Mar 14 01:40:19 CET 2026
#@# CC Seg Sat Mar 14 02:08:44 CET 2026
#@# Merge ASeg Sat Mar 14 02:09:28 CET 2026
#@# Intensity Normalization2 Sat Mar 14 02:09:28 CET 2026
#@# Mask BFS Sat Mar 14 02:11:49 CET 2026
#@# WM Segmentation Sat Mar 14 02:11:50 CET 2026
#@# Fill Sat Mar 14 02:13:35 CET 2026
recon-all -s sub-v2s8x29183_ses-1 finished without error at Sat Mar 14 02:14:36 CET 2026



#New# invocation of recon-all 



status file for recon-all
Sat Mar 14 02:57:34 CET 2026
#@# white curv lh Sat Mar 14 02:57:34 CET 2026
#@# white area lh Sat Mar 14 02:57:34 CET 2026
#@# pial curv lh Sat Mar 14 02:57:34 CET 2026
#@# pial area lh Sat Mar 14 02:57:34 CET 2026
#@# thickness lh Sat Mar 14 02:57:34 CET 2026
#@# area and vertex vol lh Sat Mar 14 02:57:34 CET 2026
#@# white curv rh Sat Mar 14 02:57:34 CET 2026
#@# white area rh Sat Mar 14 02:57:34 CET 2026
#@# pial curv rh Sat Mar 14 02:57:34 CET 2026
#@# pial area rh Sat Mar 14 02:57:34 CET 2026
#@# thickness rh Sat Mar 14 02:57:34 CET 2026
#@# area and vertex vol rh Sat Mar 14 02:57:34 CET 2026
#@# Cortical ribbon mask Sat Mar 14 02:57:34 CET 2026
recon-all -s sub-v2s8x29183_ses-1 finished without error at Sat Mar 14 03:00:52 CET 2026



#New# invocation of recon-all 



status file for recon-all
Sat Mar 14 03:06:34 CET 2026
#@# white curv lh Sat Mar 14 03:06:34 CET 2026
#@# white area lh Sat Mar 14 03:06:34 CET 2026
#@# pial curv lh Sat Mar 14 03:06:34 CET 2026
#@# pial area lh Sat Mar 14 03:06:34 CET 2026
#@# thickness lh Sat Mar 14 03:06:34 CET 2026
#@# area and vertex vol lh Sat Mar 14 03:06:34 CET 2026
#@# white curv rh Sat Mar 14 03:06:34 CET 2026
#@# white area rh Sat Mar 14 03:06:34 CET 2026
#@# pial curv rh Sat Mar 14 03:06:34 CET 2026
#@# pial area rh Sat Mar 14 03:06:34 CET 2026
#@# thickness rh Sat Mar 14 03:06:34 CET 2026
#@# area and vertex vol rh Sat Mar 14 03:06:34 CET 2026
#@# Curvature Stats lh Sat Mar 14 03:06:34 CET 2026
#@# Curvature Stats rh Sat Mar 14 03:06:36 CET 2026
#@# Relabel Hypointensities Sat Mar 14 03:06:38 CET 2026
#@# APas-to-ASeg Sat Mar 14 03:06:52 CET 2026
#@# AParc-to-ASeg aparc Sat Mar 14 03:07:01 CET 2026
#@# AParc-to-ASeg aparc.a2009s Sat Mar 14 03:07:20 CET 2026
#@# AParc-to-ASeg aparc.DKTatlas Sat Mar 14 03:07:41 CET 2026
#@# WMParc Sat Mar 14 03:08:04 CET 2026
#@# ASeg Stats Sat Mar 14 03:12:36 CET 2026
recon-all -s sub-v2s8x29183_ses-1 finished without error at Sat Mar 14 03:13:16 CET 2026
