status file for recon-all
Sat Mar 14 01:35:25 CET 2026
#@# MotionCor Sat Mar 14 01:35:27 CET 2026
#@# Talairach Sat Mar 14 01:35:37 CET 2026
#@# Talairach Failure Detection Sat Mar 14 01:40:04 CET 2026
#@# Nu Intensity Correction Sat Mar 14 01:40:04 CET 2026
#@# Intensity Normalization Sat Mar 14 01:43:21 CET 2026
recon-all -s sub-v2s8x29220_ses-1 finished without error at Sat Mar 14 01:44:45 CET 2026



#New# invocation of recon-all 



status file for recon-all
Sat Mar 14 01:52:05 CET 2026
#@# EM Registration Sat Mar 14 01:52:05 CET 2026
recon-all -s sub-v2s8x29220_ses-1 finished without error at Sat Mar 14 01:53:47 CET 2026



#New# invocation of recon-all 



status file for recon-all
Sat Mar 14 01:53:49 CET 2026
#@# CA Normalize Sat Mar 14 01:53:49 CET 2026
#@# CA Reg Sat Mar 14 01:55:10 CET 2026
#@# SubCort Seg Sat Mar 14 02:43:33 CET 2026
#@# CC Seg Sat Mar 14 03:12:32 CET 2026
#@# Merge ASeg Sat Mar 14 03:13:09 CET 2026
#@# Intensity Normalization2 Sat Mar 14 03:13:09 CET 2026
#@# Mask BFS Sat Mar 14 03:15:19 CET 2026
#@# WM Segmentation Sat Mar 14 03:15:20 CET 2026
#@# Fill Sat Mar 14 03:17:17 CET 2026
recon-all -s sub-v2s8x29220_ses-1 finished without error at Sat Mar 14 03:18:18 CET 2026



#New# invocation of recon-all 



status file for recon-all
Sat Mar 14 04:12:04 CET 2026
#@# white curv lh Sat Mar 14 04:12:04 CET 2026
#@# white area lh Sat Mar 14 04:12:04 CET 2026
#@# pial curv lh Sat Mar 14 04:12:04 CET 2026
#@# pial area lh Sat Mar 14 04:12:04 CET 2026
#@# thickness lh Sat Mar 14 04:12:04 CET 2026
#@# area and vertex vol lh Sat Mar 14 04:12:04 CET 2026
#@# white curv rh Sat Mar 14 04:12:04 CET 2026
#@# white area rh Sat Mar 14 04:12:04 CET 2026
#@# pial curv rh Sat Mar 14 04:12:04 CET 2026
#@# pial area rh Sat Mar 14 04:12:04 CET 2026
#@# thickness rh Sat Mar 14 04:12:04 CET 2026
#@# area and vertex vol rh Sat Mar 14 04:12:04 CET 2026
#@# Cortical ribbon mask Sat Mar 14 04:12:04 CET 2026
recon-all -s sub-v2s8x29220_ses-1 finished without error at Sat Mar 14 04:19:40 CET 2026



#New# invocation of recon-all 



status file for recon-all
Sat Mar 14 04:26:42 CET 2026
#@# white curv lh Sat Mar 14 04:26:42 CET 2026
#@# white area lh Sat Mar 14 04:26:42 CET 2026
#@# pial curv lh Sat Mar 14 04:26:42 CET 2026
#@# pial area lh Sat Mar 14 04:26:42 CET 2026
#@# thickness lh Sat Mar 14 04:26:42 CET 2026
#@# area and vertex vol lh Sat Mar 14 04:26:42 CET 2026
#@# white curv rh Sat Mar 14 04:26:42 CET 2026
#@# white area rh Sat Mar 14 04:26:42 CET 2026
#@# pial curv rh Sat Mar 14 04:26:42 CET 2026
#@# pial area rh Sat Mar 14 04:26:42 CET 2026
#@# thickness rh Sat Mar 14 04:26:42 CET 2026
#@# area and vertex vol rh Sat Mar 14 04:26:42 CET 2026
#@# Curvature Stats lh Sat Mar 14 04:26:42 CET 2026
#@# Curvature Stats rh Sat Mar 14 04:26:45 CET 2026
#@# Relabel Hypointensities Sat Mar 14 04:26:48 CET 2026
#@# APas-to-ASeg Sat Mar 14 04:27:04 CET 2026
#@# AParc-to-ASeg aparc Sat Mar 14 04:27:13 CET 2026
#@# AParc-to-ASeg aparc.a2009s Sat Mar 14 04:28:07 CET 2026
#@# AParc-to-ASeg aparc.DKTatlas Sat Mar 14 04:29:00 CET 2026
#@# WMParc Sat Mar 14 04:29:55 CET 2026
#@# ASeg Stats Sat Mar 14 04:33:50 CET 2026
recon-all -s sub-v2s8x29220_ses-1 finished without error at Sat Mar 14 04:34:31 CET 2026
