status file for recon-all
Sat Mar 14 03:18:22 CET 2026
#@# Tessellate lh Sat Mar 14 03:18:22 CET 2026
#@# Smooth1 lh Sat Mar 14 03:18:26 CET 2026
#@# Inflation1 lh Sat Mar 14 03:18:29 CET 2026
#@# QSphere lh Sat Mar 14 03:18:43 CET 2026
#@# Fix Topology lh Sat Mar 14 03:19:55 CET 2026
#@# Smooth2 lh Sat Mar 14 03:31:19 CET 2026
#@# Inflation2 lh Sat Mar 14 03:31:22 CET 2026
#@# Curv .H and .K lh Sat Mar 14 03:31:37 CET 2026
#@# Sphere lh Sat Mar 14 03:32:27 CET 2026
#@# Surf Reg lh Sat Mar 14 03:35:08 CET 2026
#@# Jacobian white lh Sat Mar 14 03:39:31 CET 2026
#@# AvgCurv lh Sat Mar 14 03:39:32 CET 2026
#@# Cortical Parc lh Sat Mar 14 03:39:33 CET 2026
#@# white curv lh Sat Mar 14 03:46:03 CET 2026
#@# white area lh Sat Mar 14 03:46:05 CET 2026
#@# pial curv lh Sat Mar 14 03:46:06 CET 2026
#@# pial area lh Sat Mar 14 03:46:08 CET 2026
#@# thickness lh Sat Mar 14 03:46:09 CET 2026
#@# area and vertex vol lh Sat Mar 14 03:46:40 CET 2026
#@# Curvature Stats lh Sat Mar 14 03:46:42 CET 2026
#@# Cortical Parc 2 lh Sat Mar 14 03:46:45 CET 2026
#@# Cortical Parc 3 lh Sat Mar 14 03:46:59 CET 2026
#@# WM/GM Contrast lh Sat Mar 14 03:47:10 CET 2026
recon-all -s sub-v2s8x29220_ses-1 finished without error at Sat Mar 14 03:47:14 CET 2026



#New# invocation of recon-all 



status file for recon-all
Sat Mar 14 04:19:45 CET 2026
#@# white curv lh Sat Mar 14 04:19:45 CET 2026
#@# white area lh Sat Mar 14 04:19:45 CET 2026
#@# pial curv lh Sat Mar 14 04:19:45 CET 2026
#@# pial area lh Sat Mar 14 04:19:45 CET 2026
#@# thickness lh Sat Mar 14 04:19:45 CET 2026
#@# area and vertex vol lh Sat Mar 14 04:19:45 CET 2026
#@# Parcellation Stats lh Sat Mar 14 04:19:45 CET 2026
#@# Parcellation Stats 2 lh Sat Mar 14 04:20:05 CET 2026
#@# Parcellation Stats 3 lh Sat Mar 14 04:20:15 CET 2026
#@# BA_exvivo Labels lh Sat Mar 14 04:20:26 CET 2026
recon-all -s sub-v2s8x29220_ses-1 finished without error at Sat Mar 14 04:23:09 CET 2026
