status file for recon-all
Sat Mar 14 03:43:59 CET 2026
#@# Tessellate lh Sat Mar 14 03:43:59 CET 2026
#@# Smooth1 lh Sat Mar 14 03:44:02 CET 2026
#@# Inflation1 lh Sat Mar 14 03:44:05 CET 2026
#@# QSphere lh Sat Mar 14 03:44:20 CET 2026
#@# Fix Topology lh Sat Mar 14 03:45:43 CET 2026
#@# Smooth2 lh Sat Mar 14 04:12:04 CET 2026
#@# Inflation2 lh Sat Mar 14 04:12:06 CET 2026
#@# Curv .H and .K lh Sat Mar 14 04:12:23 CET 2026
#@# Sphere lh Sat Mar 14 04:13:02 CET 2026
#@# Surf Reg lh Sat Mar 14 04:20:47 CET 2026
#@# Jacobian white lh Sat Mar 14 04:30:01 CET 2026
#@# AvgCurv lh Sat Mar 14 04:30:02 CET 2026
#@# Cortical Parc lh Sat Mar 14 04:30:02 CET 2026
#@# white curv lh Sat Mar 14 04:38:19 CET 2026
#@# white area lh Sat Mar 14 04:38:21 CET 2026
#@# pial curv lh Sat Mar 14 04:38:21 CET 2026
#@# pial area lh Sat Mar 14 04:38:23 CET 2026
#@# thickness lh Sat Mar 14 04:38:24 CET 2026
#@# area and vertex vol lh Sat Mar 14 04:38:46 CET 2026
#@# Curvature Stats lh Sat Mar 14 04:38:47 CET 2026
#@# Cortical Parc 2 lh Sat Mar 14 04:38:49 CET 2026
#@# Cortical Parc 3 lh Sat Mar 14 04:39:00 CET 2026
#@# WM/GM Contrast lh Sat Mar 14 04:39:08 CET 2026
recon-all -s sub-v2s8x29233_ses-1 finished without error at Sat Mar 14 04:39:11 CET 2026



#New# invocation of recon-all 



status file for recon-all
Sat Mar 14 05:23:14 CET 2026
#@# white curv lh Sat Mar 14 05:23:14 CET 2026
#@# white area lh Sat Mar 14 05:23:14 CET 2026
#@# pial curv lh Sat Mar 14 05:23:14 CET 2026
#@# pial area lh Sat Mar 14 05:23:14 CET 2026
#@# thickness lh Sat Mar 14 05:23:14 CET 2026
#@# area and vertex vol lh Sat Mar 14 05:23:15 CET 2026
#@# Parcellation Stats lh Sat Mar 14 05:23:15 CET 2026
#@# Parcellation Stats 2 lh Sat Mar 14 05:23:32 CET 2026
#@# Parcellation Stats 3 lh Sat Mar 14 05:23:40 CET 2026
#@# BA_exvivo Labels lh Sat Mar 14 05:23:48 CET 2026
recon-all -s sub-v2s8x29233_ses-1 finished without error at Sat Mar 14 05:26:04 CET 2026
