status file for recon-all
Sat Mar 14 02:23:27 CET 2026
#@# MotionCor Sat Mar 14 02:23:28 CET 2026
#@# Talairach Sat Mar 14 02:23:34 CET 2026
#@# Talairach Failure Detection Sat Mar 14 02:26:23 CET 2026
#@# Nu Intensity Correction Sat Mar 14 02:26:23 CET 2026
#@# Intensity Normalization Sat Mar 14 02:29:08 CET 2026
recon-all -s sub-v2s8x29233_ses-1 finished without error at Sat Mar 14 02:30:05 CET 2026



#New# invocation of recon-all 



status file for recon-all
Sat Mar 14 02:35:50 CET 2026
#@# EM Registration Sat Mar 14 02:35:50 CET 2026
recon-all -s sub-v2s8x29233_ses-1 finished without error at Sat Mar 14 02:37:25 CET 2026



#New# invocation of recon-all 



status file for recon-all
Sat Mar 14 02:37:28 CET 2026
#@# CA Normalize Sat Mar 14 02:37:28 CET 2026
#@# CA Reg Sat Mar 14 02:38:20 CET 2026
#@# SubCort Seg Sat Mar 14 03:19:17 CET 2026
#@# CC Seg Sat Mar 14 03:39:53 CET 2026
#@# Merge ASeg Sat Mar 14 03:40:16 CET 2026
#@# Intensity Normalization2 Sat Mar 14 03:40:16 CET 2026
#@# Mask BFS Sat Mar 14 03:41:43 CET 2026
#@# WM Segmentation Sat Mar 14 03:41:44 CET 2026
#@# Fill Sat Mar 14 03:43:16 CET 2026
recon-all -s sub-v2s8x29233_ses-1 finished without error at Sat Mar 14 03:43:54 CET 2026



#New# invocation of recon-all 



status file for recon-all
Sat Mar 14 05:19:34 CET 2026
#@# white curv lh Sat Mar 14 05:19:34 CET 2026
#@# white area lh Sat Mar 14 05:19:34 CET 2026
#@# pial curv lh Sat Mar 14 05:19:34 CET 2026
#@# pial area lh Sat Mar 14 05:19:34 CET 2026
#@# thickness lh Sat Mar 14 05:19:34 CET 2026
#@# area and vertex vol lh Sat Mar 14 05:19:34 CET 2026
#@# white curv rh Sat Mar 14 05:19:34 CET 2026
#@# white area rh Sat Mar 14 05:19:34 CET 2026
#@# pial curv rh Sat Mar 14 05:19:34 CET 2026
#@# pial area rh Sat Mar 14 05:19:34 CET 2026
#@# thickness rh Sat Mar 14 05:19:34 CET 2026
#@# area and vertex vol rh Sat Mar 14 05:19:34 CET 2026
#@# Cortical ribbon mask Sat Mar 14 05:19:34 CET 2026
recon-all -s sub-v2s8x29233_ses-1 finished without error at Sat Mar 14 05:23:11 CET 2026



#New# invocation of recon-all 



status file for recon-all
Sat Mar 14 05:29:02 CET 2026
#@# white curv lh Sat Mar 14 05:29:03 CET 2026
#@# white area lh Sat Mar 14 05:29:03 CET 2026
#@# pial curv lh Sat Mar 14 05:29:03 CET 2026
#@# pial area lh Sat Mar 14 05:29:03 CET 2026
#@# thickness lh Sat Mar 14 05:29:03 CET 2026
#@# area and vertex vol lh Sat Mar 14 05:29:03 CET 2026
#@# white curv rh Sat Mar 14 05:29:03 CET 2026
#@# white area rh Sat Mar 14 05:29:03 CET 2026
#@# pial curv rh Sat Mar 14 05:29:03 CET 2026
#@# pial area rh Sat Mar 14 05:29:03 CET 2026
#@# thickness rh Sat Mar 14 05:29:03 CET 2026
#@# area and vertex vol rh Sat Mar 14 05:29:03 CET 2026
#@# Curvature Stats lh Sat Mar 14 05:29:03 CET 2026
#@# Curvature Stats rh Sat Mar 14 05:29:04 CET 2026
#@# Relabel Hypointensities Sat Mar 14 05:29:07 CET 2026
#@# APas-to-ASeg Sat Mar 14 05:29:18 CET 2026
#@# AParc-to-ASeg aparc Sat Mar 14 05:29:26 CET 2026
#@# AParc-to-ASeg aparc.a2009s Sat Mar 14 05:29:58 CET 2026
#@# AParc-to-ASeg aparc.DKTatlas Sat Mar 14 05:30:36 CET 2026
#@# WMParc Sat Mar 14 05:31:13 CET 2026
#@# ASeg Stats Sat Mar 14 05:33:31 CET 2026
recon-all -s sub-v2s8x29233_ses-1 finished without error at Sat Mar 14 05:33:51 CET 2026
