/out/sourcedata/freesurfer/sub-v2s8x29232_ses-1/mri
/opt/freesurfer/bin/talairach_avi
--i orig_nu.mgz --xfm transforms/talairach.auto.xfm
talairach_avi 7.3.2
Linux dna055 5.14.0-427.37.1.el9_4.x86_64 #1 SMP PREEMPT_DYNAMIC Fri Sep 13 12:41:50 EDT 2024 x86_64 x86_64 x86_64 GNU/Linux
Sat Mar 14 02:22:48 CET 2026
mri_convert orig_nu.mgz talsrcimg.img 
reading from orig_nu.mgz...
TR=0.00, TE=0.00, TI=0.00, flip angle=0.00
i_ras = (-1, 0, 0)
j_ras = (0, 0, -1)
k_ras = (0, 1, 0)
writing to talsrcimg.img...
Analyze Output Matrix
-1.00000   0.00000   0.00000   131.83380;
 0.00000   0.00000   1.00000  -128.00000;
 0.00000  -1.00000   0.00000   129.27710;
 0.00000   0.00000   0.00000   1.00000;
--------------------
INFO: set hdr.hist.orient to -1
mpr2mni305 talsrcimg
Sat Mar 14 02:22:49 CET 2026
/opt/freesurfer/bin/mpr2mni305 talsrcimg
mpr2mni305 7.3.2
target=711-2C_as_mni_average_305

---------------------------------------------------------------------
analyzeto4dfp talsrcimg -O0 -y
---------------------------------------------------------------------

freesurfer ifh2hdr.c
Sat Mar 14 02:22:49 2026
Writing: talsrcimg.4dfp.hdr
freesurfer analyzeto4dfp.c
Reading: talsrcimg.hdr
header size 348 bytes
hdr.dime.datatype	offset=70	value=2
hdr.dime.bitpix		offset=72	value=8
hdr.hist.orient		offset=252	value=-1
dimensionality     4
dimensions       256       256       256         1
Reading: talsrcimg.img
Writing: talsrcimg.4dfp.img
Writing: talsrcimg.4dfp.ifh
ifh2hdr talsrcimg -r0to208
ori=2

---------------------------------------------------------------------
gauss_4dfp talsrcimg 1.1
---------------------------------------------------------------------

freesurfer gauss_4dfp.c
Reading: talsrcimg.4dfp.img
Writing: talsrcimg_g11.4dfp.img
image dimensions 256 256 256 padded to 288 288 288
processing volume 1freesurfer ifh2hdr.c
Sat Mar 14 02:22:51 2026
Writing: talsrcimg_g11.4dfp.hdr

Writing: talsrcimg_g11.4dfp.ifh
including: talsrcimg.4dfp.img.rec in talsrcimg_g11.4dfp.img.rec

---------------------------------------------------------------------
imgreg_4dfp /opt/freesurfer/average/711-2C_as_mni_average_305 none talsrcimg_g11 none talsrcimg_to_711-2C_as_mni_average_305_t4 4355
---------------------------------------------------------------------

freesurfer imgreg_4dfp.c
/opt/freesurfer/average/711-2C_as_mni_average_305.4dfp.img
       256       256       256         1
  1.000000  1.000000  1.000000
orientation T byte_order littleendian
Reading image: /opt/freesurfer/average/711-2C_as_mni_average_305.4dfp.img
dimensions:      256       256       256
mmppix:       1.0000   -1.0000   -1.0000
center:     128.0000 -129.0000 -129.0000
talsrcimg_g11.4dfp.img
       256       256       256         1
  1.000000  1.000000  1.000000
orientation T byte_order littleendian
Reading image: talsrcimg_g11.4dfp.img
dimensions:      256       256       256
mmppix:       1.0000   -1.0000   -1.0000
center:     128.0000 -129.0000 -129.0000
t4_read: open error in t4_sub.f l:  41 t4_file(1:l)talsrcimg_to_711-2C_as_mni_average_305_t4 
t4_read: transform initialized to I4
rotation matrix determinant  1.000000
image alignment mode   4355 decimal     1103 hex
   -7.5000  -45.0000  -45.0000 8676.9307   20.0373
    0.0000  -45.0000  -45.0000 9135.0186   19.9806
    7.5000  -45.0000  -45.0000 8787.3975   19.9454
   -7.5000  -37.5000  -45.0000 9132.1533   20.0370
    0.0000  -37.5000  -45.0000 9612.6807   19.9889
    7.5000  -37.5000  -45.0000 9239.6250   19.9615
   -7.5000  -30.0000  -45.0000 9851.2178   19.9962
    0.0000  -30.0000  -45.000010390.3594   19.9517
    7.5000  -30.0000  -45.0000 9978.4414   19.9323
   -7.5000  -22.5000  -45.000010490.8350   19.9413
    0.0000  -22.5000  -45.000011072.6650   19.8923
    7.5000  -22.5000  -45.000010620.3867   19.8721
   -7.5000  -15.0000  -45.000011100.8809   19.9243
    0.0000  -15.0000  -45.000011709.5664   19.8681
    7.5000  -15.0000  -45.000011214.9229   19.8402
   -7.5000   -7.5000  -45.000011655.8896   19.9715
    0.0000   -7.5000  -45.000012287.3740   19.9111
    7.5000   -7.5000  -45.000011781.9492   19.8760
   -7.5000    0.0000  -45.000012097.4658   20.0294
    0.0000    0.0000  -45.000012724.1572   19.9726
    7.5000    0.0000  -45.000012230.5508   19.9372
   -7.5000    7.5000  -45.000011685.0820   20.0370
    0.0000    7.5000  -45.000012279.5537   19.9889
    7.5000    7.5000  -45.000011808.4355   19.9615
   -7.5000   15.0000  -45.000011069.1533   19.9962
    0.0000   15.0000  -45.000011608.2178   19.9517
    7.5000   15.0000  -45.000011133.5283   19.9323
   -7.5000   22.5000  -45.000010250.0283   19.9386
    0.0000   22.5000  -45.000010745.9473   19.8896
    7.5000   22.5000  -45.000010290.7490   19.8693
   -7.5000   30.0000  -45.0000 9389.1260   19.6588
    0.0000   30.0000  -45.0000 9838.7588   19.6033
    7.5000   30.0000  -45.0000 9430.2939   19.5758
   -7.5000   37.5000  -45.0000 8930.1006   19.7054
    0.0000   37.5000  -45.0000 9354.1387   19.6457
    7.5000   37.5000  -45.0000 8977.4209   19.6112
   -7.5000   45.0000  -45.0000 8131.7017   19.2625
    0.0000   45.0000  -45.0000 8483.4834   19.2079
    7.5000   45.0000  -45.0000 8150.5884   19.1738
   -7.5000  -45.0000  -37.5000 9216.4238   20.0142
    0.0000  -45.0000  -37.5000 9706.4443   19.9576
    7.5000  -45.0000  -37.5000 9333.5469   19.9296
   -7.5000  -37.5000  -37.5000 9669.9385   20.0223
    0.0000  -37.5000  -37.500010208.8330   19.9726
    7.5000  -37.5000  -37.5000 9792.7637   19.9520
   -7.5000  -30.0000  -37.500010417.6865   19.9860
    0.0000  -30.0000  -37.500011007.2568   19.9394
    7.5000  -30.0000  -37.500010553.9082   19.9289
   -7.5000  -22.5000  -37.500011096.1738   19.9292
    0.0000  -22.5000  -37.500011720.1787   19.8796
    7.5000  -22.5000  -37.500011227.7139   19.8704
   -7.5000  -15.0000  -37.500011728.1992   19.9047
    0.0000  -15.0000  -37.500012400.8770   19.8497
    7.5000  -15.0000  -37.500011856.0908   19.8339
   -7.5000   -7.5000  -37.500012307.2529   19.9454
    0.0000   -7.5000  -37.500012995.7480   19.8866
    7.5000   -7.5000  -37.500012424.8398   19.8618
   -7.5000    0.0000  -37.500012775.6221   20.0062
    0.0000    0.0000  -37.500013465.4795   19.9496
    7.5000    0.0000  -37.500012898.4111   19.9214
   -7.5000    7.5000  -37.500012300.8848   20.0223
    0.0000    7.5000  -37.500012963.9043   19.9726
    7.5000    7.5000  -37.500012416.8955   19.9520
   -7.5000   15.0000  -37.500011632.2256   19.9860
    0.0000   15.0000  -37.500012246.1250   19.9394
    7.5000   15.0000  -37.500011710.2832   19.9289
   -7.5000   22.5000  -37.500010745.8584   19.9264
    0.0000   22.5000  -37.500011308.6436   19.8769
    7.5000   22.5000  -37.500010820.9521   19.8677
   -7.5000   30.0000  -37.5000 9833.7725   19.6395
    0.0000   30.0000  -37.500010310.6416   19.5852
    7.5000   30.0000  -37.5000 9881.5176   19.5696
   -7.5000   37.5000  -37.5000 9335.3125   19.6796
    0.0000   37.5000  -37.5000 9785.2988   19.6215
    7.5000   37.5000  -37.5000 9388.6680   19.5971
   -7.5000   45.0000  -37.5000 8480.7959   19.2404
    0.0000   45.0000  -37.5000 8850.7871   19.1859
    7.5000   45.0000  -37.5000 8506.7285   19.1588
   -7.5000  -45.0000  -30.0000 9878.8906   20.8548
    0.0000  -45.0000  -30.000010389.4551   20.7974
    7.5000  -45.0000  -30.0000 9990.8271   20.7730
   -7.5000  -37.5000  -30.000010348.3184   20.8656
    0.0000  -37.5000  -30.000010913.5127   20.8117
    7.5000  -37.5000  -30.000010477.4795   20.7941
   -7.5000  -30.0000  -30.000011150.2168   20.8280
    0.0000  -30.0000  -30.000011742.4355   20.7741
    7.5000  -30.0000  -30.000011267.9658   20.7661
   -7.5000  -22.5000  -30.000011863.5020   20.7692
    0.0000  -22.5000  -30.000012489.8340   20.7125
    7.5000  -22.5000  -30.000011966.6025   20.7071
   -7.5000  -15.0000  -30.000012533.8291   20.7425
    0.0000  -15.0000  -30.000013224.3467   20.6833
    7.5000  -15.0000  -30.000012652.8828   20.6726
   -7.5000   -7.5000  -30.000013149.0664   20.7820
    0.0000   -7.5000  -30.000013879.7285   20.7220
    7.5000   -7.5000  -30.000013248.0361   20.7019
   -7.5000    0.0000  -30.000013611.0518   20.8464
    0.0000    0.0000  -30.000014374.0244   20.7889
    7.5000    0.0000  -30.000013721.8252   20.7644
   -7.5000    7.5000  -30.000013072.3467   20.8656
    0.0000    7.5000  -30.000013790.7246   20.8117
    7.5000    7.5000  -30.000013155.5664   20.7941
   -7.5000   15.0000  -30.000012350.7900   20.8280
    0.0000   15.0000  -30.000012998.8984   20.7741
    7.5000   15.0000  -30.000012406.3867   20.7661
   -7.5000   22.5000  -30.000011397.7178   20.7643
    0.0000   22.5000  -30.000011995.7119   20.7076
    7.5000   22.5000  -30.000011442.6084   20.7021
   -7.5000   30.0000  -30.000010420.6855   20.4680
    0.0000   30.0000  -30.000010938.4453   20.4097
    7.5000   30.0000  -30.000010444.3105   20.3991
   -7.5000   37.5000  -30.0000 9901.2734   20.5070
    0.0000   37.5000  -30.000010370.1768   20.4478
    7.5000   37.5000  -30.0000 9923.0312   20.4280
   -7.5000   45.0000  -30.0000 8991.1318   20.0632
    0.0000   45.0000  -30.0000 9375.1084   20.0079
    7.5000   45.0000  -30.0000 9000.2080   19.9842
   -7.5000  -45.0000  -22.500010520.3428   21.5644
    0.0000  -45.0000  -22.500011045.8545   21.5067
    7.5000  -45.0000  -22.500010642.6670   21.4789
   -7.5000  -37.5000  -22.500011017.6318   21.5686
    0.0000  -37.5000  -22.500011587.2471   21.5130
    7.5000  -37.5000  -22.500011136.2197   21.4920
   -7.5000  -30.0000  -22.500011865.2822   21.5253
    0.0000  -30.0000  -22.500012445.0039   21.4664
    7.5000  -30.0000  -22.500011944.2461   21.4524
   -7.5000  -22.5000  -22.500012607.1660   21.4676
    0.0000  -22.5000  -22.500013228.1641   21.4042
    7.5000  -22.5000  -22.500012694.4795   21.3906
   -7.5000  -15.0000  -22.500013320.6543   21.4466
    0.0000  -15.0000  -22.500014003.5342   21.3818
    7.5000  -15.0000  -22.500013422.9258   21.3628
   -7.5000   -7.5000  -22.500013946.0254   21.4913
    0.0000   -7.5000  -22.500014688.2686   21.4290
    7.5000   -7.5000  -22.500014028.6943   21.4024
   -7.5000    0.0000  -22.500014416.5127   21.5557
    0.0000    0.0000  -22.500015195.4814   21.4979
    7.5000    0.0000  -22.500014490.2256   21.4699
   -7.5000    7.5000  -22.500013811.9463   21.5686
    0.0000    7.5000  -22.500014542.8281   21.5130
    7.5000    7.5000  -22.500013832.3047   21.4920
   -7.5000   15.0000  -22.500013012.4590   21.5253
    0.0000   15.0000  -22.500013722.9668   21.4664
    7.5000   15.0000  -22.500013056.3789   21.4524
   -7.5000   22.5000  -22.500012014.0615   21.4609
    0.0000   22.5000  -22.500012645.1934   21.3975
    7.5000   22.5000  -22.500012037.4609   21.3841
   -7.5000   30.0000  -22.500010963.6689   21.1660
    0.0000   30.0000  -22.500011523.9541   21.1021
    7.5000   30.0000  -22.500010980.2617   21.0834
   -7.5000   37.5000  -22.500010418.9316   21.2102
    0.0000   37.5000  -22.500010923.6846   21.1487
    7.5000   37.5000  -22.500010417.0566   21.1225
   -7.5000   45.0000  -22.5000 9440.8613   20.7613
    0.0000   45.0000  -22.5000 9867.7676   20.7056
    7.5000   45.0000  -22.5000 9431.4561   20.6787
   -7.5000  -45.0000  -15.000011136.6660   22.0778
    0.0000  -45.0000  -15.000011705.2744   22.0198
    7.5000  -45.0000  -15.000011264.3506   21.9834
   -7.5000  -37.5000  -15.000011689.0479   22.0734
    0.0000  -37.5000  -15.000012253.3740   22.0191
    7.5000  -37.5000  -15.000011805.2920   21.9897
   -7.5000  -30.0000  -15.000012548.9736   22.0232
    0.0000  -30.0000  -15.000013109.5635   21.9653
    7.5000  -30.0000  -15.000012623.7871   21.9408
   -7.5000  -22.5000  -15.000013320.6553   21.9649
    0.0000  -22.5000  -15.000013888.7422   21.9004
    7.5000  -22.5000  -15.000013377.2402   21.8744
   -7.5000  -15.0000  -15.000014045.0371   21.9510
    0.0000  -15.0000  -15.000014682.3965   21.8832
    7.5000  -15.0000  -15.000014116.0771   21.8506
   -7.5000   -7.5000  -15.000014707.3252   22.0046
    0.0000   -7.5000  -15.000015403.0918   21.9397
    7.5000   -7.5000  -15.000014778.4189   21.9015
   -7.5000    0.0000  -15.000015196.6338   22.0690
    0.0000    0.0000  -15.000015945.5430   22.0109
    7.5000    0.0000  -15.000015248.3408   21.9743
   -7.5000    7.5000  -15.000014502.2930   22.0734
    0.0000    7.5000  -15.000015205.0283   22.0191
    7.5000    7.5000  -15.000014508.6582   21.9897
   -7.5000   15.0000  -15.000013645.2842   22.0232
    0.0000   15.0000  -15.000014330.7988   21.9653
    7.5000   15.0000  -15.000013650.8193   21.9408
   -7.5000   22.5000  -15.000012583.8555   21.9572
    0.0000   22.5000  -15.000013213.3037   21.8927
    7.5000   22.5000  -15.000012582.7900   21.8667
   -7.5000   30.0000  -15.000011474.0791   21.6669
    0.0000   30.0000  -15.000012054.6748   21.5999
    7.5000   30.0000  -15.000011494.6963   21.5679
   -7.5000   37.5000  -15.000010899.8115   21.7198
    0.0000   37.5000  -15.000011417.9365   21.6557
    7.5000   37.5000  -15.000010912.2109   21.6180
   -7.5000   45.0000  -15.0000 9870.0830   21.2683
    0.0000   45.0000  -15.000010313.4814   21.2123
    7.5000   45.0000  -15.0000 9833.6025   21.1770
   -7.5000  -45.0000   -7.500011788.6436   22.3410
    0.0000  -45.0000   -7.500012359.5684   22.2805
    7.5000  -45.0000   -7.500011898.7793   22.2384
   -7.5000  -37.5000   -7.500012361.7158   22.3348
    0.0000  -37.5000   -7.500012908.9043   22.2818
    7.5000  -37.5000   -7.500012444.3477   22.2475
   -7.5000  -30.0000   -7.500013272.1270   22.2839
    0.0000  -30.0000   -7.500013798.9727   22.2311
    7.5000  -30.0000   -7.500013314.7041   22.2026
   -7.5000  -22.5000   -7.500014054.9365   22.2238
    0.0000  -22.5000   -7.500014628.1221   22.1644
    7.5000  -22.5000   -7.500014098.2686   22.1339
   -7.5000  -15.0000   -7.500014817.2627   22.2106
    0.0000  -15.0000   -7.500015426.5977   22.1444
    7.5000  -15.0000   -7.500014860.3672   22.1064
   -7.5000   -7.5000   -7.500015493.0713   22.2678
    0.0000   -7.5000   -7.500016169.1035   22.2008
    7.5000   -7.5000   -7.500015554.0420   22.1569
   -7.5000    0.0000   -7.500016000.0488   22.3322
    0.0000    0.0000   -7.500016696.4453   22.2715
    7.5000    0.0000   -7.500016043.2822   22.2293
   -7.5000    7.5000   -7.500015216.1094   22.3348
    0.0000    7.5000   -7.500015878.1768   22.2818
    7.5000    7.5000   -7.500015221.1338   22.2475
   -7.5000   15.0000   -7.500014310.1787   22.2839
    0.0000   15.0000   -7.500014963.0049   22.2311
    7.5000   15.0000   -7.500014293.5127   22.2026
   -7.5000   22.5000   -7.500013208.4844   22.2136
    0.0000   22.5000   -7.500013783.1387   22.1542
    7.5000   22.5000   -7.500013171.8955   22.1237
   -7.5000   30.0000   -7.500012072.7246   21.9225
    0.0000   30.0000   -7.500012597.9072   21.8573
    7.5000   30.0000   -7.500012073.1875   21.8197
   -7.5000   37.5000   -7.500011441.6123   21.9790
    0.0000   37.5000   -7.500011933.9805   21.9129
    7.5000   37.5000   -7.500011428.1025   21.8696
   -7.5000   45.0000   -7.500010319.1807   21.5259
    0.0000   45.0000   -7.500010759.4727   21.4675
    7.5000   45.0000   -7.500010251.5557   21.4268
   -7.5000  -45.0000    0.000012308.5186   22.3913
    0.0000  -45.0000    0.000012867.9619   22.3281
    7.5000  -45.0000    0.000012414.6699   22.2888
   -7.5000  -37.5000    0.000012857.9648   22.3917
    0.0000  -37.5000    0.000013406.1719   22.3380
    7.5000  -37.5000    0.000012949.1250   22.3075
   -7.5000  -30.0000    0.000013851.3125   22.3465
    0.0000  -30.0000    0.000014400.8691   22.2968
    7.5000  -30.0000    0.000013909.0996   22.2753
   -7.5000  -22.5000    0.000014694.7441   22.2848
    0.0000  -22.5000    0.000015231.9160   22.2302
    7.5000  -22.5000    0.000014745.9453   22.2076
   -7.5000  -15.0000    0.000015392.9785   22.2652
    0.0000  -15.0000    0.000015947.1221   22.2024
    7.5000  -15.0000    0.000015454.2764   22.1713
   -7.5000   -7.5000    0.000016061.1826   22.3176
    0.0000   -7.5000    0.000016664.0586   22.2501
    7.5000   -7.5000    0.000016114.4170   22.2111
   -7.5000    0.0000    0.000016566.0820   22.3825
    0.0000    0.0000    0.000017174.7559   22.3191
    7.5000    0.0000    0.000016588.8711   22.2797
   -7.5000    7.5000    0.000015767.1084   22.3917
    0.0000    7.5000    0.000016347.7031   22.3380
    7.5000    7.5000    0.000015735.8682   22.3075
   -7.5000   15.0000    0.000014828.0479   22.3465
    0.0000   15.0000    0.000015337.8691   22.2968
    7.5000   15.0000    0.000014754.2480   22.2753
   -7.5000   22.5000    0.000013684.8936   22.2745
    0.0000   22.5000    0.000014139.8164   22.2199
    7.5000   22.5000    0.000013611.0234   22.1974
   -7.5000   30.0000    0.000012532.0664   21.9770
    0.0000   30.0000    0.000012975.5830   21.9150
    7.5000   30.0000    0.000012493.9551   21.8844
   -7.5000   37.5000    0.000011892.2588   22.0288
    0.0000   37.5000    0.000012331.5645   21.9621
    7.5000   37.5000    0.000011863.2695   21.9236
   -7.5000   45.0000    0.000010713.9355   21.5762
    0.0000   45.0000    0.000011106.6475   21.5151
    7.5000   45.0000    0.000010619.7275   21.4771
   -7.5000  -45.0000    7.500011855.6875   22.3953
    0.0000  -45.0000    7.500012422.5732   22.3321
    7.5000  -45.0000    7.500011958.0586   22.3008
   -7.5000  -37.5000    7.500012362.2188   22.4046
    0.0000  -37.5000    7.500012913.5820   22.3490
    7.5000  -37.5000    7.500012447.2168   22.3259
   -7.5000  -30.0000    7.500013298.1270   22.3640
    0.0000  -30.0000    7.500013854.5176   22.3119
    7.5000  -30.0000    7.500013365.4346   22.3001
   -7.5000  -22.5000    7.500014126.6689   22.3004
    0.0000  -22.5000    7.500014652.9150   22.2449
    7.5000  -22.5000    7.500014178.9639   22.2346
   -7.5000  -15.0000    7.500014908.1406   22.2728
    0.0000  -15.0000    7.500015419.9990   22.2113
    7.5000  -15.0000    7.500014948.0947   22.1936
   -7.5000   -7.5000    7.500015620.7949   22.3184
    0.0000   -7.5000    7.500016127.1475   22.2525
    7.5000   -7.5000    7.500015633.8359   22.2248
   -7.5000    0.0000    7.500016129.3271   22.3865
    0.0000    0.0000    7.500016610.3320   22.3231
    7.5000    0.0000    7.500016103.9375   22.2916
   -7.5000    7.5000    7.500015310.6113   22.4046
    0.0000    7.5000    7.500015782.6992   22.3490
    7.5000    7.5000    7.500015241.0742   22.3259
   -7.5000   15.0000    7.500014312.7021   22.3640
    0.0000   15.0000    7.500014766.1777   22.3119
    7.5000   15.0000    7.500014226.3867   22.3001
   -7.5000   22.5000    7.500013155.2158   22.2901
    0.0000   22.5000    7.500013581.2324   22.2346
    7.5000   22.5000    7.500013081.4551   22.2244
   -7.5000   30.0000    7.500012054.8984   21.9846
    0.0000   30.0000    7.500012455.7480   21.9239
    7.5000   30.0000    7.500012001.0156   21.9064
   -7.5000   37.5000    7.500011420.4141   22.0295
    0.0000   37.5000    7.500011805.2812   21.9645
    7.5000   37.5000    7.500011375.0703   21.9371
   -7.5000   45.0000    7.500010233.9775   21.5802
    0.0000   45.0000    7.500010575.5186   21.5191
    7.5000   45.0000    7.500010166.6992   21.4888
   -7.5000  -45.0000   15.000011283.4287   22.4230
    0.0000  -45.0000   15.000011838.6348   22.3617
    7.5000  -45.0000   15.000011386.4238   22.3357
   -7.5000  -37.5000   15.000011772.3477   22.4345
    0.0000  -37.5000   15.000012306.9512   22.3769
    7.5000  -37.5000   15.000011858.8701   22.3583
   -7.5000  -30.0000   15.000012632.7627   22.3939
    0.0000  -30.0000   15.000013160.6914   22.3364
    7.5000  -30.0000   15.000012699.3809   22.3281
   -7.5000  -22.5000   15.000013439.7695   22.3307
    0.0000  -22.5000   15.000013932.7705   22.2701
    7.5000  -22.5000   15.000013476.5283   22.2646
   -7.5000  -15.0000   15.000014244.1465   22.3019
    0.0000  -15.0000   15.000014770.1123   22.2387
    7.5000  -15.0000   15.000014271.7559   22.2275
   -7.5000   -7.5000   15.000014970.4678   22.3446
    0.0000   -7.5000   15.000015563.5479   22.2805
    7.5000   -7.5000   15.000015003.9277   22.2591
   -7.5000    0.0000   15.000015484.7061   22.4140
    0.0000    0.0000   15.000016066.4932   22.3525
    7.5000    0.0000   15.000015478.9160   22.3264
   -7.5000    7.5000   15.000014670.3564   22.4345
    0.0000    7.5000   15.000015216.5000   22.3769
    7.5000    7.5000   15.000014622.6846   22.3583
   -7.5000   15.0000   15.000013677.3145   22.3939
    0.0000   15.0000   15.000014165.9707   22.3364
    7.5000   15.0000   15.000013620.3760   22.3281
   -7.5000   22.5000   15.000012570.7842   22.3204
    0.0000   22.5000   15.000012975.0674   22.2598
    7.5000   22.5000   15.000012509.2441   22.2543
   -7.5000   30.0000   15.000011465.2002   22.0133
    0.0000   30.0000   15.000011841.9629   21.9509
    7.5000   30.0000   15.000011404.8809   21.9398
   -7.5000   37.5000   15.000010818.1963   22.0554
    0.0000   37.5000   15.000011168.2285   21.9921
    7.5000   37.5000   15.000010763.9600   21.9710
   -7.5000   45.0000   15.0000 9668.6768   21.6068
    0.0000   45.0000   15.0000 9991.0439   21.5476
    7.5000   45.0000   15.0000 9614.3486   21.5224
   -7.5000  -45.0000   22.500010603.6592   22.4964
    0.0000  -45.0000   22.500011147.4844   22.4367
    7.5000  -45.0000   22.500010703.7324   22.4080
   -7.5000  -37.5000   22.500011066.8164   22.5002
    0.0000  -37.5000   22.500011607.3223   22.4427
    7.5000  -37.5000   22.500011162.3975   22.4214
   -7.5000  -30.0000   22.500011889.4453   22.4550
    0.0000  -30.0000   22.500012446.0527   22.3941
    7.5000  -30.0000   22.500011971.0225   22.3802
   -7.5000  -22.5000   22.500012671.6611   22.3952
    0.0000  -22.5000   22.500013214.2627   22.3295
    7.5000  -22.5000   22.500012732.2764   22.3161
   -7.5000  -15.0000   22.500013416.3398   22.3738
    0.0000  -15.0000   22.500014013.7490   22.3066
    7.5000  -15.0000   22.500013474.7441   22.2874
   -7.5000   -7.5000   22.500014094.4082   22.4206
    0.0000   -7.5000   22.500014722.2373   22.3560
    7.5000   -7.5000   22.500014153.5488   22.3285
   -7.5000    0.0000   22.500014582.3613   22.4873
    0.0000    0.0000   22.500015209.5537   22.4274
    7.5000    0.0000   22.500014628.4258   22.3986
   -7.5000    7.5000   22.500013796.9453   22.5002
    0.0000    7.5000   22.500014386.7617   22.4427
    7.5000    7.5000   22.500013813.8359   22.4214
   -7.5000   15.0000   22.500012863.6162   22.4550
    0.0000   15.0000   22.500013392.8213   22.3941
    7.5000   15.0000   22.500012863.1660   22.3802
   -7.5000   22.5000   22.500011852.1992   22.3848
    0.0000   22.5000   22.500012298.8740   22.3192
    7.5000   22.5000   22.500011841.9678   22.3059
   -7.5000   30.0000   22.500010821.6084   22.0842
    0.0000   30.0000   22.500011199.4570   22.0179
    7.5000   30.0000   22.500010791.1885   21.9989
   -7.5000   37.5000   22.500010191.5801   22.1304
    0.0000   37.5000   22.500010548.3184   22.0666
    7.5000   37.5000   22.500010141.8604   22.0396
   -7.5000   45.0000   22.5000 9099.1260   21.6773
    0.0000   45.0000   22.5000 9409.7998   21.6197
    7.5000   45.0000   22.5000 9023.5527   21.5919
   -7.5000  -45.0000   30.0000 9825.3311   22.6775
    0.0000  -45.0000   30.000010373.1074   22.6188
    7.5000  -45.0000   30.0000 9946.3135   22.5822
   -7.5000  -37.5000   30.000010297.6113   22.6724
    0.0000  -37.5000   30.000010853.4375   22.6174
    7.5000  -37.5000   30.000010404.7422   22.5883
   -7.5000  -30.0000   30.000011087.0811   22.6209
    0.0000  -30.0000   30.000011678.8154   22.5622
    7.5000  -30.0000   30.000011181.4346   22.5384
   -7.5000  -22.5000   30.000011803.1279   22.5615
    0.0000  -22.5000   30.000012408.5205   22.4959
    7.5000  -22.5000   30.000011884.1309   22.4707
   -7.5000  -15.0000   30.000012482.7119   22.5476
    0.0000  -15.0000   30.000013113.4912   22.4787
    7.5000  -15.0000   30.000012570.1406   22.4466
   -7.5000   -7.5000   30.000013087.6865   22.6027
    0.0000   -7.5000   30.000013734.5986   22.5368
    7.5000   -7.5000   30.000013172.1777   22.4986
   -7.5000    0.0000   30.000013544.0791   22.6683
    0.0000    0.0000   30.000014188.9688   22.6095
    7.5000    0.0000   30.000013620.5664   22.5727
   -7.5000    7.5000   30.000012839.7031   22.6724
    0.0000    7.5000   30.000013414.8770   22.6174
    7.5000    7.5000   30.000012878.3740   22.5883
   -7.5000   15.0000   30.000011965.7188   22.6209
    0.0000   15.0000   30.000012479.0059   22.5622
    7.5000   15.0000   30.000011993.3320   22.5384
   -7.5000   22.5000   30.000011041.4121   22.5511
    0.0000   22.5000   30.000011482.6660   22.4856
    7.5000   22.5000   30.000011052.1191   22.4604
   -7.5000   30.0000   30.000010097.2744   22.2558
    0.0000   30.0000   30.000010475.3301   22.1878
    7.5000   30.0000   30.000010072.5635   22.1561
   -7.5000   37.5000   30.0000 9480.1074   22.3102
    0.0000   37.5000   30.0000 9852.5898   22.2452
    7.5000   37.5000   30.0000 9438.8242   22.2074
   -7.5000   45.0000   30.0000 8450.3467   21.8511
    0.0000   45.0000   30.0000 8769.9512   21.7944
    7.5000   45.0000   30.0000 8398.3301   21.7589
   -7.5000  -45.0000   37.5000 9443.9443   23.0054
    0.0000  -45.0000   37.5000 9971.6074   22.9436
    7.5000  -45.0000   37.5000 9562.3447   22.9005
   -7.5000  -37.5000   37.5000 9900.5439   23.0004
    0.0000  -37.5000   37.500010456.7012   22.9465
    7.5000  -37.5000   37.500010008.0449   22.9116
   -7.5000  -30.0000   37.500010658.7236   22.9506
    0.0000  -30.0000   37.500011244.0889   22.8967
    7.5000  -30.0000   37.500010758.2344   22.8684
   -7.5000  -22.5000   37.500011362.6104   22.8895
    0.0000  -22.5000   37.500011963.3711   22.8285
    7.5000  -22.5000   37.500011451.9951   22.7986
   -7.5000  -15.0000   37.500011996.5205   22.8742
    0.0000  -15.0000   37.500012621.2803   22.8062
    7.5000  -15.0000   37.500012098.1533   22.7684
   -7.5000   -7.5000   37.500012559.1982   22.9307
    0.0000   -7.5000   37.500013198.8301   22.8620
    7.5000   -7.5000   37.500012668.6699   22.8175
   -7.5000    0.0000   37.500013025.2500   22.9960
    0.0000    0.0000   37.500013655.2520   22.9341
    7.5000    0.0000   37.500013109.9629   22.8908
   -7.5000    7.5000   37.500012366.7900   23.0004
    0.0000    7.5000   37.500012925.3096   22.9465
    7.5000    7.5000   37.500012413.6104   22.9116
   -7.5000   15.0000   37.500011512.0439   22.9506
    0.0000   15.0000   37.500012034.2744   22.8967
    7.5000   15.0000   37.500011564.3691   22.8684
   -7.5000   22.5000   37.500010627.7744   22.8790
    0.0000   22.5000   37.500011086.1631   22.8179
    7.5000   22.5000   37.500010668.2930   22.7881
   -7.5000   30.0000   37.5000 9691.8672   22.5782
    0.0000   30.0000   37.500010089.2070   22.5111
    7.5000   30.0000   37.5000 9703.6816   22.4738
   -7.5000   37.5000   37.5000 9104.5293   22.6340
    0.0000   37.5000   37.5000 9480.9492   22.5661
    7.5000   37.5000   37.5000 9101.4297   22.5222
   -7.5000   45.0000   37.5000 8116.7051   22.1660
    0.0000   45.0000   37.5000 8438.5166   22.1064
    7.5000   45.0000   37.5000 8100.4316   22.0646
   -7.5000  -45.0000   45.0000 8652.4570   23.3865
    0.0000  -45.0000   45.0000 9119.8125   23.3209
    7.5000  -45.0000   45.0000 8760.9482   23.2855
   -7.5000  -37.5000   45.0000 9075.7305   23.3848
    0.0000  -37.5000   45.0000 9582.3926   23.3308
    7.5000  -37.5000   45.0000 9192.4072   23.3065
   -7.5000  -30.0000   45.0000 9782.7119   23.3333
    0.0000  -30.0000   45.000010317.4082   23.2847
    7.5000  -30.0000   45.0000 9893.4014   23.2715
   -7.5000  -22.5000   45.000010442.3418   23.2661
    0.0000  -22.5000   45.000010983.9521   23.2119
    7.5000  -22.5000   45.000010532.7598   23.1972
   -7.5000  -15.0000   45.000011017.0342   23.2462
    0.0000  -15.0000   45.000011572.4463   23.1825
    7.5000  -15.0000   45.000011111.7773   23.1571
   -7.5000   -7.5000   45.000011532.6182   23.3054
    0.0000   -7.5000   45.000012088.6523   23.2355
    7.5000   -7.5000   45.000011621.4375   23.2002
   -7.5000    0.0000   45.000011964.0215   23.3769
    0.0000    0.0000   45.000012514.3701   23.3111
    7.5000    0.0000   45.000012031.1895   23.2755
   -7.5000    7.5000   45.000011389.3096   23.3848
    0.0000    7.5000   45.000011887.1973   23.3308
    7.5000    7.5000   45.000011449.0508   23.3065
   -7.5000   15.0000   45.000010628.0430   23.3333
    0.0000   15.0000   45.000011090.7451   23.2847
    7.5000   15.0000   45.000010675.6895   23.2715
   -7.5000   22.5000   45.0000 9781.5791   23.2553
    0.0000   22.5000   45.000010223.9014   23.2012
    7.5000   22.5000   45.0000 9822.6934   23.1864
   -7.5000   30.0000   45.0000 8927.1865   22.9434
    0.0000   30.0000   45.0000 9318.4590   22.8805
    7.5000   30.0000   45.0000 8954.5605   22.8554
   -7.5000   37.5000   45.0000 8393.6406   23.0018
    0.0000   37.5000   45.0000 8749.0186   22.9328
    7.5000   37.5000   45.0000 8397.3086   22.8980
   -7.5000   45.0000   45.0000 7472.6382   22.5430
    0.0000   45.0000   45.0000 7797.2495   22.4796
    7.5000   45.0000   45.0000 7480.9985   22.4452

---------------------------------------------------------------------
imgreg_4dfp /opt/freesurfer/average/711-2C_as_mni_average_305 /opt/freesurfer/average/711-2B_as_mni_average_305_mask talsrcimg_g11 none talsrcimg_to_711-2C_as_mni_average_305_t4 4355
---------------------------------------------------------------------

freesurfer imgreg_4dfp.c
/opt/freesurfer/average/711-2C_as_mni_average_305.4dfp.img
       256       256       256         1
  1.000000  1.000000  1.000000
orientation T byte_order littleendian
Reading image: /opt/freesurfer/average/711-2C_as_mni_average_305.4dfp.img
dimensions:      256       256       256
mmppix:       1.0000   -1.0000   -1.0000
center:     128.0000 -129.0000 -129.0000
/opt/freesurfer/average/711-2B_as_mni_average_305_mask.4dfp.img
       256       256       256         1
  1.000000  1.000000  1.000000
orientation T byte_order littleendian
Reading mask: /opt/freesurfer/average/711-2B_as_mni_average_305_mask.4dfp.img (2306576 pixels)
talsrcimg_g11.4dfp.img
       256       256       256         1
  1.000000  1.000000  1.000000
orientation T byte_order littleendian
Reading image: talsrcimg_g11.4dfp.img
dimensions:      256       256       256
mmppix:       1.0000   -1.0000   -1.0000
center:     128.0000 -129.0000 -129.0000
rotation matrix determinant  1.000000
image alignment mode   4355 decimal     1103 hex
   -7.5000  -45.0000  -45.0000 2148.8201   19.7187
    0.0000  -45.0000  -45.0000 2173.0684   19.4589
    7.5000  -45.0000  -45.0000 2172.6511   19.4830
   -7.5000  -37.5000  -45.0000 2223.4878   18.4277
    0.0000  -37.5000  -45.0000 2246.2522   18.2319
    7.5000  -37.5000  -45.0000 2243.3577   18.2154
   -7.5000  -30.0000  -45.0000 2267.5637   17.5104
    0.0000  -30.0000  -45.0000 2293.5186   17.3138
    7.5000  -30.0000  -45.0000 2289.9265   17.3049
   -7.5000  -22.5000  -45.0000 2289.3406   16.9424
    0.0000  -22.5000  -45.0000 2315.0190   16.7030
    7.5000  -22.5000  -45.0000 2311.1494   16.7286
   -7.5000  -15.0000  -45.0000 2289.8975   16.7654
    0.0000  -15.0000  -45.0000 2316.9539   16.4840
    7.5000  -15.0000  -45.0000 2311.0312   16.5222
   -7.5000   -7.5000  -45.0000 2286.4539   16.8885
    0.0000   -7.5000  -45.0000 2310.5195   16.5795
    7.5000   -7.5000  -45.0000 2301.7468   16.6031
   -7.5000    0.0000  -45.0000 2250.4653   17.3541
    0.0000    0.0000  -45.0000 2277.2861   17.0248
    7.5000    0.0000  -45.0000 2267.7056   17.0724
   -7.5000    7.5000  -45.0000 2194.5049   18.1142
    0.0000    7.5000  -45.0000 2221.8821   17.7746
    7.5000    7.5000  -45.0000 2213.9087   17.8366
   -7.5000   15.0000  -45.0000 2117.3745   19.2115
    0.0000   15.0000  -45.0000 2144.0994   18.8484
    7.5000   15.0000  -45.0000 2133.5889   18.9469
   -7.5000   22.5000  -45.0000 2021.3142   20.7894
    0.0000   22.5000  -45.0000 2048.3091   20.3669
    7.5000   22.5000  -45.0000 2036.5323   20.4946
   -7.5000   30.0000  -45.0000 1912.2794   23.0897
    0.0000   30.0000  -45.0000 1936.9218   22.6325
    7.5000   30.0000  -45.0000 1926.0818   22.7299
   -7.5000   37.5000  -45.0000 1799.4532   26.3047
    0.0000   37.5000  -45.0000 1827.1815   25.8512
    7.5000   37.5000  -45.0000 1812.9337   25.9078
   -7.5000   45.0000  -45.0000 1677.9034   30.7813
    0.0000   45.0000  -45.0000 1693.8699   30.2758
    7.5000   45.0000  -45.0000 1686.3743   30.3194
   -7.5000  -45.0000  -37.5000 2237.1970   18.2710
    0.0000  -45.0000  -37.5000 2263.2639   18.0328
    7.5000  -45.0000  -37.5000 2260.7200   18.0687
   -7.5000  -37.5000  -37.5000 2310.9478   17.0367
    0.0000  -37.5000  -37.5000 2339.6465   16.8149
    7.5000  -37.5000  -37.5000 2333.6741   16.8449
   -7.5000  -30.0000  -37.5000 2359.8511   16.2029
    0.0000  -30.0000  -37.5000 2389.3469   16.0251
    7.5000  -30.0000  -37.5000 2380.8413   16.0004
   -7.5000  -22.5000  -37.5000 2390.1262   15.6861
    0.0000  -22.5000  -37.5000 2418.6497   15.4769
    7.5000  -22.5000  -37.5000 2411.6299   15.4763
   -7.5000  -15.0000  -37.5000 2390.3789   15.5501
    0.0000  -15.0000  -37.5000 2421.4871   15.3227
    7.5000  -15.0000  -37.5000 2411.2976   15.3436
   -7.5000   -7.5000  -37.5000 2380.1482   15.7038
    0.0000   -7.5000  -37.5000 2410.2302   15.4385
    7.5000   -7.5000  -37.5000 2400.4380   15.4426
   -7.5000    0.0000  -37.5000 2343.5024   16.1068
    0.0000    0.0000  -37.5000 2374.3042   15.8208
    7.5000    0.0000  -37.5000 2368.3662   15.8412
   -7.5000    7.5000  -37.5000 2286.9470   16.7642
    0.0000    7.5000  -37.5000 2322.3203   16.4809
    7.5000    7.5000  -37.5000 2314.2700   16.5412
   -7.5000   15.0000  -37.5000 2202.9595   17.7501
    0.0000   15.0000  -37.5000 2234.9736   17.4474
    7.5000   15.0000  -37.5000 2224.1367   17.5399
   -7.5000   22.5000  -37.5000 2102.9602   19.1967
    0.0000   22.5000  -37.5000 2130.4363   18.8324
    7.5000   22.5000  -37.5000 2121.4539   18.9385
   -7.5000   30.0000  -37.5000 1991.5880   21.2305
    0.0000   30.0000  -37.5000 2010.9055   20.8210
    7.5000   30.0000  -37.5000 2002.9569   20.9296
   -7.5000   37.5000  -37.5000 1867.7556   24.1602
    0.0000   37.5000  -37.5000 1898.1981   23.7304
    7.5000   37.5000  -37.5000 1885.1578   23.7551
   -7.5000   45.0000  -37.5000 1739.0123   28.1526
    0.0000   45.0000  -37.5000 1758.9384   27.7041
    7.5000   45.0000  -37.5000 1750.2128   27.8190
   -7.5000  -45.0000  -30.0000 2351.5552   17.6533
    0.0000  -45.0000  -30.0000 2376.9775   17.3904
    7.5000  -45.0000  -30.0000 2373.9312   17.4290
   -7.5000  -37.5000  -30.0000 2436.6194   16.4316
    0.0000  -37.5000  -30.0000 2465.5942   16.1797
    7.5000  -37.5000  -30.0000 2458.1328   16.1990
   -7.5000  -30.0000  -30.0000 2498.0557   15.5698
    0.0000  -30.0000  -30.0000 2526.8381   15.3460
    7.5000  -30.0000  -30.0000 2520.4512   15.3325
   -7.5000  -22.5000  -30.0000 2532.6772   15.0564
    0.0000  -22.5000  -30.0000 2560.8894   14.8496
    7.5000  -22.5000  -30.0000 2554.9282   14.8372
   -7.5000  -15.0000  -30.0000 2537.5288   14.9136
    0.0000  -15.0000  -30.0000 2570.6550   14.7310
    7.5000  -15.0000  -30.0000 2559.9678   14.7074
   -7.5000   -7.5000  -30.0000 2527.1079   15.0773
    0.0000   -7.5000  -30.0000 2560.8853   14.8634
    7.5000   -7.5000  -30.0000 2549.5625   14.8515
   -7.5000    0.0000  -30.0000 2487.2034   15.5094
    0.0000    0.0000  -30.0000 2524.1958   15.2711
    7.5000    0.0000  -30.0000 2515.3918   15.2775
   -7.5000    7.5000  -30.0000 2427.6448   16.1306
    0.0000    7.5000  -30.0000 2463.9722   15.8823
    7.5000    7.5000  -30.0000 2454.4111   15.9119
   -7.5000   15.0000  -30.0000 2337.9556   17.0754
    0.0000   15.0000  -30.0000 2373.0500   16.7839
    7.5000   15.0000  -30.0000 2359.9358   16.8657
   -7.5000   22.5000  -30.0000 2230.2966   18.4040
    0.0000   22.5000  -30.0000 2260.8123   18.0694
    7.5000   22.5000  -30.0000 2247.5730   18.1519
   -7.5000   30.0000  -30.0000 2104.2817   20.3089
    0.0000   30.0000  -30.0000 2124.5581   19.9448
    7.5000   30.0000  -30.0000 2115.5054   20.0473
   -7.5000   37.5000  -30.0000 1973.8354   23.0256
    0.0000   37.5000  -30.0000 1999.4888   22.6008
    7.5000   37.5000  -30.0000 1987.1876   22.7257
   -7.5000   45.0000  -30.0000 1835.2423   26.8180
    0.0000   45.0000  -30.0000 1856.9535   26.3540
    7.5000   45.0000  -30.0000 1847.7052   26.5244
   -7.5000  -45.0000  -22.5000 2433.0762   16.9634
    0.0000  -45.0000  -22.5000 2459.8005   16.6677
    7.5000  -45.0000  -22.5000 2455.2112   16.7196
   -7.5000  -37.5000  -22.5000 2528.6460   15.7382
    0.0000  -37.5000  -22.5000 2557.2644   15.4898
    7.5000  -37.5000  -22.5000 2551.8501   15.5121
   -7.5000  -30.0000  -22.5000 2601.4758   14.8949
    0.0000  -30.0000  -22.5000 2629.2520   14.6365
    7.5000  -30.0000  -22.5000 2626.0647   14.6452
   -7.5000  -22.5000  -22.5000 2645.5098   14.3670
    0.0000  -22.5000  -22.5000 2678.4531   14.1366
    7.5000  -22.5000  -22.5000 2670.7009   14.1261
   -7.5000  -15.0000  -22.5000 2660.2102   14.2257
    0.0000  -15.0000  -22.5000 2695.2551   14.0260
    7.5000  -15.0000  -22.5000 2685.6033   14.0099
   -7.5000   -7.5000  -22.5000 2651.5693   14.4072
    0.0000   -7.5000  -22.5000 2691.7615   14.2060
    7.5000   -7.5000  -22.5000 2678.5066   14.1787
   -7.5000    0.0000  -22.5000 2612.1460   14.8384
    0.0000    0.0000  -22.5000 2652.4917   14.6409
    7.5000    0.0000  -22.5000 2641.3418   14.6214
   -7.5000    7.5000  -22.5000 2547.0737   15.4341
    0.0000    7.5000  -22.5000 2587.3533   15.2111
    7.5000    7.5000  -22.5000 2571.0696   15.2353
   -7.5000   15.0000  -22.5000 2447.6763   16.3175
    0.0000   15.0000  -22.5000 2488.4744   16.0605
    7.5000   15.0000  -22.5000 2473.5000   16.1059
   -7.5000   22.5000  -22.5000 2329.7307   17.5788
    0.0000   22.5000  -22.5000 2364.5142   17.2777
    7.5000   22.5000  -22.5000 2348.1311   17.3425
   -7.5000   30.0000  -22.5000 2191.3320   19.4019
    0.0000   30.0000  -22.5000 2218.1934   19.0802
    7.5000   30.0000  -22.5000 2206.6431   19.1596
   -7.5000   37.5000  -22.5000 2052.8003   22.0315
    0.0000   37.5000  -22.5000 2075.8228   21.6503
    7.5000   37.5000  -22.5000 2063.6064   21.7189
   -7.5000   45.0000  -22.5000 1903.8813   25.5812
    0.0000   45.0000  -22.5000 1925.8635   25.1009
    7.5000   45.0000  -22.5000 1913.8324   25.1523
   -7.5000  -45.0000  -15.0000 2476.7068   16.3410
    0.0000  -45.0000  -15.0000 2506.1670   15.9941
    7.5000  -45.0000  -15.0000 2503.0330   16.0795
   -7.5000  -37.5000  -15.0000 2590.6465   15.1211
    0.0000  -37.5000  -15.0000 2616.7163   14.8202
    7.5000  -37.5000  -15.0000 2616.8413   14.8857
   -7.5000  -30.0000  -15.0000 2672.7947   14.2616
    0.0000  -30.0000  -15.0000 2702.8132   13.9698
    7.5000  -30.0000  -15.0000 2699.6404   14.0190
   -7.5000  -22.5000  -15.0000 2730.8782   13.7227
    0.0000  -22.5000  -15.0000 2767.2844   13.4245
    7.5000  -22.5000  -15.0000 2756.2737   13.4908
   -7.5000  -15.0000  -15.0000 2755.3538   13.5843
    0.0000  -15.0000  -15.0000 2791.7922   13.3566
    7.5000  -15.0000  -15.0000 2779.6689   13.3881
   -7.5000   -7.5000  -15.0000 2748.9968   13.7697
    0.0000   -7.5000  -15.0000 2796.9751   13.5781
    7.5000   -7.5000  -15.0000 2778.1445   13.5784
   -7.5000    0.0000  -15.0000 2709.4373   14.2037
    0.0000    0.0000  -15.0000 2757.2371   14.0255
    7.5000    0.0000  -15.0000 2737.7854   14.0025
   -7.5000    7.5000  -15.0000 2630.3848   14.7902
    0.0000    7.5000  -15.0000 2676.0320   14.5971
    7.5000    7.5000  -15.0000 2657.1160   14.6073
   -7.5000   15.0000  -15.0000 2526.8088   15.6237
    0.0000   15.0000  -15.0000 2568.1516   15.3906
    7.5000   15.0000  -15.0000 2547.7646   15.4339
   -7.5000   22.5000  -15.0000 2395.1440   16.8624
    0.0000   22.5000  -15.0000 2434.0789   16.5867
    7.5000   22.5000  -15.0000 2415.6042   16.6363
   -7.5000   30.0000  -15.0000 2248.0872   18.6684
    0.0000   30.0000  -15.0000 2283.9395   18.3619
    7.5000   30.0000  -15.0000 2268.4707   18.3945
   -7.5000   37.5000  -15.0000 2101.7913   21.2031
    0.0000   37.5000  -15.0000 2127.9434   20.8455
    7.5000   37.5000  -15.0000 2120.9265   20.8801
   -7.5000   45.0000  -15.0000 1946.7053   24.5861
    0.0000   45.0000  -15.0000 1968.9910   24.1034
    7.5000   45.0000  -15.0000 1957.3171   24.1414
   -7.5000  -45.0000   -7.5000 2496.8511   15.8486
    0.0000  -45.0000   -7.5000 2529.2183   15.4508
    7.5000  -45.0000   -7.5000 2526.9607   15.5695
   -7.5000  -37.5000   -7.5000 2623.7297   14.6127
    0.0000  -37.5000   -7.5000 2652.9126   14.2311
    7.5000  -37.5000   -7.5000 2649.6028   14.3400
   -7.5000  -30.0000   -7.5000 2721.3450   13.7528
    0.0000  -30.0000   -7.5000 2756.2468   13.3822
    7.5000  -30.0000   -7.5000 2749.3770   13.4902
   -7.5000  -22.5000   -7.5000 2792.3210   13.1995
    0.0000  -22.5000   -7.5000 2842.8582   12.8462
    7.5000  -22.5000   -7.5000 2827.2898   12.9699
   -7.5000  -15.0000   -7.5000 2830.7771   13.0251
    0.0000  -15.0000   -7.5000 2883.7273   12.7409
    7.5000  -15.0000   -7.5000 2866.6450   12.8226
   -7.5000   -7.5000   -7.5000 2826.0740   13.2280
    0.0000   -7.5000   -7.5000 2888.0291   12.9983
    7.5000   -7.5000   -7.5000 2860.1436   13.0323
   -7.5000    0.0000   -7.5000 2782.4182   13.6477
    0.0000    0.0000   -7.5000 2838.0876   13.4521
    7.5000    0.0000   -7.5000 2808.5166   13.4635
   -7.5000    7.5000   -7.5000 2690.2810   14.2397
    0.0000    7.5000   -7.5000 2742.8633   14.0232
    7.5000    7.5000   -7.5000 2718.5378   14.0529
   -7.5000   15.0000   -7.5000 2572.2676   15.0697
    0.0000   15.0000   -7.5000 2617.3823   14.8602
    7.5000   15.0000   -7.5000 2597.8936   14.8689
   -7.5000   22.5000   -7.5000 2434.9724   16.3154
    0.0000   22.5000   -7.5000 2473.5886   16.0521
    7.5000   22.5000   -7.5000 2457.1726   16.0780
   -7.5000   30.0000   -7.5000 2286.6282   18.1043
    0.0000   30.0000   -7.5000 2319.6895   17.7862
    7.5000   30.0000   -7.5000 2306.7183   17.7974
   -7.5000   37.5000   -7.5000 2130.7632   20.5173
    0.0000   37.5000   -7.5000 2162.5500   20.1361
    7.5000   37.5000   -7.5000 2150.9473   20.2042
   -7.5000   45.0000   -7.5000 1969.7029   23.6648
    0.0000   45.0000   -7.5000 1998.2549   23.2373
    7.5000   45.0000   -7.5000 1982.2782   23.3524
   -7.5000  -45.0000    0.0000 2499.7209   15.5762
    0.0000  -45.0000    0.0000 2532.7324   15.1291
    7.5000  -45.0000    0.0000 2529.2324   15.3031
   -7.5000  -37.5000    0.0000 2627.0996   14.3139
    0.0000  -37.5000    0.0000 2662.6372   13.8832
    7.5000  -37.5000    0.0000 2657.0615   14.0360
   -7.5000  -30.0000    0.0000 2739.2415   13.4593
    0.0000  -30.0000    0.0000 2783.7261   13.0402
    7.5000  -30.0000    0.0000 2775.5645   13.1996
   -7.5000  -22.5000    0.0000 2827.5198   12.9387
    0.0000  -22.5000    0.0000 2891.1633   12.5316
    7.5000  -22.5000    0.0000 2873.6960   12.6754
   -7.5000  -15.0000    0.0000 2879.5469   12.6948
    0.0000  -15.0000    0.0000 2956.8313   12.2952
    7.5000  -15.0000    0.0000 2928.0229   12.4591
   -7.5000   -7.5000    0.0000 2879.8977   12.8407
    0.0000   -7.5000    0.0000 2952.0754   12.4861
    7.5000   -7.5000    0.0000 2920.0466   12.6134
   -7.5000    0.0000    0.0000 2819.0203   13.2807
    0.0000    0.0000    0.0000 2877.8140   12.9646
    7.5000    0.0000    0.0000 2852.0312   13.0426
   -7.5000    7.5000    0.0000 2721.0557   13.9047
    0.0000    7.5000    0.0000 2772.5203   13.6242
    7.5000    7.5000    0.0000 2747.0740   13.6972
   -7.5000   15.0000    0.0000 2595.7742   14.7597
    0.0000   15.0000    0.0000 2634.1372   14.5063
    7.5000   15.0000    0.0000 2617.3687   14.5573
   -7.5000   22.5000    0.0000 2451.3257   16.0293
    0.0000   22.5000    0.0000 2488.0581   15.7278
    7.5000   22.5000    0.0000 2470.6321   15.7646
   -7.5000   30.0000    0.0000 2299.6218   17.7576
    0.0000   30.0000    0.0000 2336.1838   17.4190
    7.5000   30.0000    0.0000 2319.2803   17.4658
   -7.5000   37.5000    0.0000 2144.0039   20.1220
    0.0000   37.5000    0.0000 2174.7610   19.7307
    7.5000   37.5000    0.0000 2163.1638   19.7906
   -7.5000   45.0000    0.0000 1982.7362   23.1729
    0.0000   45.0000    0.0000 2008.1663   22.7364
    7.5000   45.0000    0.0000 1994.2545   22.8361
   -7.5000  -45.0000    7.5000 2487.5884   15.5957
    0.0000  -45.0000    7.5000 2519.0034   15.1689
    7.5000  -45.0000    7.5000 2517.9460   15.3060
   -7.5000  -37.5000    7.5000 2614.4797   14.3039
    0.0000  -37.5000    7.5000 2659.6094   13.8937
    7.5000  -37.5000    7.5000 2650.2683   14.0187
   -7.5000  -30.0000    7.5000 2736.1289   13.4063
    0.0000  -30.0000    7.5000 2786.0017   12.9760
    7.5000  -30.0000    7.5000 2774.7620   13.1402
   -7.5000  -22.5000    7.5000 2833.0398   12.8566
    0.0000  -22.5000    7.5000 2901.1809   12.4431
    7.5000  -22.5000    7.5000 2880.2944   12.5922
   -7.5000  -15.0000    7.5000 2895.7849   12.6663
    0.0000  -15.0000    7.5000 2975.7749   12.2092
    7.5000  -15.0000    7.5000 2947.6250   12.3745
   -7.5000   -7.5000    7.5000 2894.2773   12.8437
    0.0000   -7.5000    7.5000 2966.8376   12.4211
    7.5000   -7.5000    7.5000 2939.3506   12.5621
   -7.5000    0.0000    7.5000 2827.5486   13.2346
    0.0000    0.0000    7.5000 2885.0764   12.8672
    7.5000    0.0000    7.5000 2865.0889   12.9727
   -7.5000    7.5000    7.5000 2728.0850   13.8432
    0.0000    7.5000    7.5000 2781.6138   13.4872
    7.5000    7.5000    7.5000 2757.3770   13.5710
   -7.5000   15.0000    7.5000 2594.5779   14.7281
    0.0000   15.0000    7.5000 2635.1851   14.4183
    7.5000   15.0000    7.5000 2618.0967   14.4747
   -7.5000   22.5000    7.5000 2452.1775   15.9812
    0.0000   22.5000    7.5000 2485.2751   15.6580
    7.5000   22.5000    7.5000 2471.2900   15.7000
   -7.5000   30.0000    7.5000 2300.8149   17.6871
    0.0000   30.0000    7.5000 2331.7180   17.3744
    7.5000   30.0000    7.5000 2319.5754   17.3833
   -7.5000   37.5000    7.5000 2139.9556   19.9582
    0.0000   37.5000    7.5000 2167.0266   19.5810
    7.5000   37.5000    7.5000 2159.7236   19.6029
   -7.5000   45.0000    7.5000 1973.8269   22.8519
    0.0000   45.0000    7.5000 2000.1090   22.4522
    7.5000   45.0000    7.5000 1990.4081   22.4926
   -7.5000  -45.0000   15.0000 2465.8970   15.9139
    0.0000  -45.0000   15.0000 2503.7195   15.4953
    7.5000  -45.0000   15.0000 2497.9270   15.5960
   -7.5000  -37.5000   15.0000 2592.1152   14.5776
    0.0000  -37.5000   15.0000 2634.7053   14.1731
    7.5000  -37.5000   15.0000 2626.4792   14.2888
   -7.5000  -30.0000   15.0000 2709.8010   13.6360
    0.0000  -30.0000   15.0000 2756.3318   13.2115
    7.5000  -30.0000   15.0000 2745.6653   13.3379
   -7.5000  -22.5000   15.0000 2811.5068   13.0475
    0.0000  -22.5000   15.0000 2869.8308   12.6345
    7.5000  -22.5000   15.0000 2850.6768   12.7667
   -7.5000  -15.0000   15.0000 2870.8433   12.8860
    0.0000  -15.0000   15.0000 2934.0042   12.4654
    7.5000  -15.0000   15.0000 2911.9446   12.5889
   -7.5000   -7.5000   15.0000 2858.7441   13.0818
    0.0000   -7.5000   15.0000 2919.7983   12.7383
    7.5000   -7.5000   15.0000 2899.7493   12.7921
   -7.5000    0.0000   15.0000 2793.4492   13.4876
    0.0000    0.0000   15.0000 2843.7812   13.1622
    7.5000    0.0000   15.0000 2827.8730   13.2082
   -7.5000    7.5000   15.0000 2698.2737   14.0896
    0.0000    7.5000   15.0000 2744.5347   13.7641
    7.5000    7.5000   15.0000 2727.1987   13.8209
   -7.5000   15.0000   15.0000 2571.0581   14.9528
    0.0000   15.0000   15.0000 2612.0562   14.6104
    7.5000   15.0000   15.0000 2595.7798   14.6424
   -7.5000   22.5000   15.0000 2431.5066   16.1885
    0.0000   22.5000   15.0000 2466.4407   15.8082
    7.5000   22.5000   15.0000 2454.8926   15.8486
   -7.5000   30.0000   15.0000 2279.3452   17.8558
    0.0000   30.0000   15.0000 2308.3091   17.4550
    7.5000   30.0000   15.0000 2296.5913   17.5113
   -7.5000   37.5000   15.0000 2124.7302   20.0197
    0.0000   37.5000   15.0000 2148.0081   19.5981
    7.5000   37.5000   15.0000 2137.8689   19.6634
   -7.5000   45.0000   15.0000 1958.7195   22.8853
    0.0000   45.0000   15.0000 1983.2543   22.4254
    7.5000   45.0000   15.0000 1970.7583   22.4898
   -7.5000  -45.0000   22.5000 2438.5815   16.4565
    0.0000  -45.0000   22.5000 2475.8169   16.0355
    7.5000  -45.0000   22.5000 2469.9673   16.1232
   -7.5000  -37.5000   22.5000 2559.5703   15.0860
    0.0000  -37.5000   22.5000 2600.4846   14.7127
    7.5000  -37.5000   22.5000 2590.8853   14.7942
   -7.5000  -30.0000   22.5000 2668.2815   14.1124
    0.0000  -30.0000   22.5000 2711.9468   13.7585
    7.5000  -30.0000   22.5000 2700.7954   13.8356
   -7.5000  -22.5000   22.5000 2764.3059   13.5174
    0.0000  -22.5000   22.5000 2814.9456   13.1385
    7.5000  -22.5000   22.5000 2797.0334   13.2269
   -7.5000  -15.0000   22.5000 2811.9441   13.3359
    0.0000  -15.0000   22.5000 2862.9182   13.0006
    7.5000  -15.0000   22.5000 2842.9038   13.0369
   -7.5000   -7.5000   22.5000 2799.1409   13.5302
    0.0000   -7.5000   22.5000 2845.4382   13.2334
    7.5000   -7.5000   22.5000 2830.7290   13.2302
   -7.5000    0.0000   22.5000 2735.5842   13.9572
    0.0000    0.0000   22.5000 2776.3030   13.6462
    7.5000    0.0000   22.5000 2764.5022   13.6757
   -7.5000    7.5000   22.5000 2643.1514   14.5683
    0.0000    7.5000   22.5000 2683.6294   14.2445
    7.5000    7.5000   22.5000 2665.8960   14.3102
   -7.5000   15.0000   22.5000 2522.0981   15.3941
    0.0000   15.0000   22.5000 2559.1931   15.0686
    7.5000   15.0000   22.5000 2542.3252   15.1184
   -7.5000   22.5000   22.5000 2396.0361   16.5868
    0.0000   22.5000   22.5000 2426.0854   16.2239
    7.5000   22.5000   22.5000 2417.9595   16.2746
   -7.5000   30.0000   22.5000 2252.1899   18.1596
    0.0000   30.0000   22.5000 2275.6477   17.7924
    7.5000   30.0000   22.5000 2268.2966   17.8381
   -7.5000   37.5000   22.5000 2092.7642   20.3466
    0.0000   37.5000   22.5000 2117.2864   19.9296
    7.5000   37.5000   22.5000 2107.5046   19.9705
   -7.5000   45.0000   22.5000 1935.5508   23.1577
    0.0000   45.0000   22.5000 1955.9375   22.6696
    7.5000   45.0000   22.5000 1940.7795   22.7846
   -7.5000  -45.0000   30.0000 2397.0881   17.2117
    0.0000  -45.0000   30.0000 2431.8828   16.8840
    7.5000  -45.0000   30.0000 2422.5920   16.9125
   -7.5000  -37.5000   30.0000 2514.6411   15.8159
    0.0000  -37.5000   30.0000 2553.1345   15.4948
    7.5000  -37.5000   30.0000 2542.8250   15.5545
   -7.5000  -30.0000   30.0000 2616.9966   14.8268
    0.0000  -30.0000   30.0000 2661.8132   14.5116
    7.5000  -30.0000   30.0000 2646.3049   14.5483
   -7.5000  -22.5000   30.0000 2698.7576   14.1834
    0.0000  -22.5000   30.0000 2746.1077   13.8859
    7.5000  -22.5000   30.0000 2726.8689   13.9172
   -7.5000  -15.0000   30.0000 2736.6685   13.9787
    0.0000  -15.0000   30.0000 2778.4177   13.7208
    7.5000  -15.0000   30.0000 2764.9937   13.7105
   -7.5000   -7.5000   30.0000 2719.2012   14.1440
    0.0000   -7.5000   30.0000 2756.0486   13.8774
    7.5000   -7.5000   30.0000 2743.9351   13.8767
   -7.5000    0.0000   30.0000 2661.2656   14.5791
    0.0000    0.0000   30.0000 2694.1987   14.3070
    7.5000    0.0000   30.0000 2681.0564   14.3124
   -7.5000    7.5000   30.0000 2573.5208   15.2169
    0.0000    7.5000   30.0000 2604.7581   14.9274
    7.5000    7.5000   30.0000 2588.1741   14.9755
   -7.5000   15.0000   30.0000 2459.5637   16.0401
    0.0000   15.0000   30.0000 2491.5784   15.7242
    7.5000   15.0000   30.0000 2475.6250   15.8070
   -7.5000   22.5000   30.0000 2343.2400   17.2219
    0.0000   22.5000   30.0000 2367.3215   16.8546
    7.5000   22.5000   30.0000 2357.6611   16.9210
   -7.5000   30.0000   30.0000 2208.7227   18.7984
    0.0000   30.0000   30.0000 2226.9561   18.4218
    7.5000   30.0000   30.0000 2219.2515   18.4610
   -7.5000   37.5000   30.0000 2055.0161   20.9430
    0.0000   37.5000   30.0000 2077.7756   20.5886
    7.5000   37.5000   30.0000 2063.3359   20.5858
   -7.5000   45.0000   30.0000 1902.4075   23.7478
    0.0000   45.0000   30.0000 1919.1793   23.2966
    7.5000   45.0000   30.0000 1904.9493   23.3754
   -7.5000  -45.0000   37.5000 2344.8506   18.2293
    0.0000  -45.0000   37.5000 2378.7654   17.9306
    7.5000  -45.0000   37.5000 2368.9543   17.9808
   -7.5000  -37.5000   37.5000 2459.6965   16.8170
    0.0000  -37.5000   37.5000 2497.8391   16.5178
    7.5000  -37.5000   37.5000 2482.7825   16.5482
   -7.5000  -30.0000   37.5000 2553.6936   15.7572
    0.0000  -30.0000   37.5000 2593.2437   15.4939
    7.5000  -30.0000   37.5000 2576.4717   15.5166
   -7.5000  -22.5000   37.5000 2624.0662   15.0742
    0.0000  -22.5000   37.5000 2661.7368   14.8505
    7.5000  -22.5000   37.5000 2646.1091   14.8639
   -7.5000  -15.0000   37.5000 2649.5413   14.8575
    0.0000  -15.0000   37.5000 2684.4121   14.6218
    7.5000  -15.0000   37.5000 2672.6375   14.6165
   -7.5000   -7.5000   37.5000 2629.9531   14.9738
    0.0000   -7.5000   37.5000 2662.7500   14.7217
    7.5000   -7.5000   37.5000 2653.6067   14.7176
   -7.5000    0.0000   37.5000 2578.3594   15.4108
    0.0000    0.0000   37.5000 2607.4468   15.1382
    7.5000    0.0000   37.5000 2593.9438   15.1529
   -7.5000    7.5000   37.5000 2499.1382   16.0662
    0.0000    7.5000   37.5000 2522.1155   15.7748
    7.5000    7.5000   37.5000 2509.7966   15.7929
   -7.5000   15.0000   37.5000 2391.4116   16.8741
    0.0000   15.0000   37.5000 2418.2869   16.5813
    7.5000   15.0000   37.5000 2406.1299   16.6145
   -7.5000   22.5000   37.5000 2282.2041   18.0582
    0.0000   22.5000   37.5000 2302.6929   17.7180
    7.5000   22.5000   37.5000 2292.5186   17.7851
   -7.5000   30.0000   37.5000 2148.3596   19.6197
    0.0000   30.0000   37.5000 2167.4385   19.2742
    7.5000   30.0000   37.5000 2158.8286   19.3093
   -7.5000   37.5000   37.5000 2006.0044   21.7947
    0.0000   37.5000   37.5000 2025.9402   21.4327
    7.5000   37.5000   37.5000 2016.9552   21.4968
   -7.5000   45.0000   37.5000 1856.6084   24.6930
    0.0000   45.0000   37.5000 1872.0809   24.2644
    7.5000   45.0000   37.5000 1862.3683   24.3587
   -7.5000  -45.0000   45.0000 2281.3550   19.5744
    0.0000  -45.0000   45.0000 2310.0928   19.2973
    7.5000  -45.0000   45.0000 2302.7976   19.3389
   -7.5000  -37.5000   45.0000 2391.9666   18.0829
    0.0000  -37.5000   45.0000 2425.3809   17.8299
    7.5000  -37.5000   45.0000 2412.9578   17.8471
   -7.5000  -30.0000   45.0000 2475.1575   16.9565
    0.0000  -30.0000   45.0000 2509.8547   16.7237
    7.5000  -30.0000   45.0000 2498.1995   16.7540
   -7.5000  -22.5000   45.0000 2536.6399   16.2355
    0.0000  -22.5000   45.0000 2564.8062   16.0199
    7.5000  -22.5000   45.0000 2554.7830   16.0292
   -7.5000  -15.0000   45.0000 2549.2678   15.9779
    0.0000  -15.0000   45.0000 2578.4148   15.7453
    7.5000  -15.0000   45.0000 2568.0664   15.7468
   -7.5000   -7.5000   45.0000 2530.3667   16.0431
    0.0000   -7.5000   45.0000 2556.2424   15.7938
    7.5000   -7.5000   45.0000 2548.0134   15.7977
   -7.5000    0.0000   45.0000 2480.0222   16.4599
    0.0000    0.0000   45.0000 2501.0400   16.1977
    7.5000    0.0000   45.0000 2492.6572   16.2132
   -7.5000    7.5000   45.0000 2412.4854   17.1190
    0.0000    7.5000   45.0000 2429.5913   16.8462
    7.5000    7.5000   45.0000 2425.1626   16.8716
   -7.5000   15.0000   45.0000 2320.1045   17.9569
    0.0000   15.0000   45.0000 2339.4287   17.6583
    7.5000   15.0000   45.0000 2330.8135   17.7025
   -7.5000   22.5000   45.0000 2209.1335   19.1387
    0.0000   22.5000   45.0000 2230.3362   18.7942
    7.5000   22.5000   45.0000 2218.4468   18.8187
   -7.5000   30.0000   45.0000 2086.0464   20.7179
    0.0000   30.0000   45.0000 2104.8704   20.3629
    7.5000   30.0000   45.0000 2092.7715   20.4047
   -7.5000   37.5000   45.0000 1950.6036   22.9490
    0.0000   37.5000   45.0000 1965.8359   22.5757
    7.5000   37.5000   45.0000 1957.0621   22.6175
   -7.5000   45.0000   45.0000 1802.0283   25.9440
    0.0000   45.0000   45.0000 1819.8823   25.5327
    7.5000   45.0000   45.0000 1812.0624   25.5845

---------------------------------------------------------------------
imgreg_4dfp /opt/freesurfer/average/711-2C_as_mni_average_305 /opt/freesurfer/average/711-2B_as_mni_average_305_mask talsrcimg_g11 none talsrcimg_to_711-2C_as_mni_average_305_t4 1283
---------------------------------------------------------------------

freesurfer imgreg_4dfp.c
/opt/freesurfer/average/711-2C_as_mni_average_305.4dfp.img
       256       256       256         1
  1.000000  1.000000  1.000000
orientation T byte_order littleendian
Reading image: /opt/freesurfer/average/711-2C_as_mni_average_305.4dfp.img
dimensions:      256       256       256
mmppix:       1.0000   -1.0000   -1.0000
center:     128.0000 -129.0000 -129.0000
/opt/freesurfer/average/711-2B_as_mni_average_305_mask.4dfp.img
       256       256       256         1
  1.000000  1.000000  1.000000
orientation T byte_order littleendian
Reading mask: /opt/freesurfer/average/711-2B_as_mni_average_305_mask.4dfp.img (2306576 pixels)
talsrcimg_g11.4dfp.img
       256       256       256         1
  1.000000  1.000000  1.000000
orientation T byte_order littleendian
Reading image: talsrcimg_g11.4dfp.img
dimensions:      256       256       256
mmppix:       1.0000   -1.0000   -1.0000
center:     128.0000 -129.0000 -129.0000
rotation matrix determinant  1.000000
fimgreg.f
image alignment mode   1283 decimal      503 hex
parameters
    0.0000  -15.0000    7.5000    0.0000    0.0000    0.0000
eta,q 0.93536 12.22736
niter,ni,del,rscale     5    3   12.0000    1.2000
parameters
    1.4305  -13.2378    5.6524    0.1874    2.4862    0.4393
eta,q 0.94262 12.17171
  0.0823  0.0789  0.0618  0.0627  0.0676  0.0630
  0.0737  0.0714  0.0593  0.0615  0.0641  0.0601
  0.0672  0.0657  0.0589  0.0599  0.0613  0.0582
  0.0632  0.0620  0.0595  0.0589  0.0589  0.0575
  0.0626  0.0595  0.0613  0.0592  0.0576  0.0577
  0.0656  0.0614  0.0643  0.0607  0.0577  0.0591
  0.0701  0.0669  0.0694  0.0628  0.0602  0.0616
niter,ni,del,rscale     4    3   12.0000    1.2000
parameters
    0.6535  -13.1424    5.6387   -0.2021    2.6357    0.5602
eta,q 0.94270 12.18603
  0.0679  0.0709  0.0645  0.0613  0.0642  0.0622
  0.0621  0.0642  0.0609  0.0599  0.0612  0.0596
  0.0584  0.0600  0.0583  0.0580  0.0587  0.0580
  0.0574  0.0574  0.0573  0.0573  0.0574  0.0573
  0.0603  0.0589  0.0583  0.0579  0.0577  0.0575
  0.0668  0.0643  0.0611  0.0603  0.0603  0.0591
  0.0753  0.0699  0.0645  0.0630  0.0641  0.0620
niter,ni,del,rscale     3    3   12.0000    1.2000
parameters
    0.5807  -13.0343    5.4782   -0.4197    2.7005    0.5967
eta,q 0.94272 12.18356
  0.0707  0.0706  0.0641  0.0613  0.0640  0.0620
  0.0640  0.0639  0.0605  0.0601  0.0610  0.0594
  0.0595  0.0598  0.0580  0.0581  0.0585  0.0579
  0.0573  0.0573  0.0573  0.0573  0.0573  0.0573
  0.0586  0.0590  0.0586  0.0577  0.0577  0.0576
  0.0641  0.0641  0.0613  0.0599  0.0604  0.0593
  0.0720  0.0694  0.0646  0.0626  0.0642  0.0621
niter,ni,del,rscale     2    3   12.0000    1.2000
parameters
    0.5423  -12.9511    5.3878   -0.5641    2.7306    0.6304
eta,q 0.94273 12.18173
  0.0708  0.0704  0.0643  0.0613  0.0639  0.0620
  0.0640  0.0638  0.0606  0.0602  0.0609  0.0594
  0.0595  0.0596  0.0580  0.0582  0.0585  0.0579
  0.0573  0.0573  0.0573  0.0573  0.0573  0.0573
  0.0585  0.0592  0.0586  0.0576  0.0578  0.0576
  0.0639  0.0641  0.0612  0.0598  0.0605  0.0592
  0.0718  0.0693  0.0643  0.0623  0.0643  0.0620
niter,ni,del,rscale     1    3   12.0000    1.2000
parameters
    0.5230  -12.8947    5.3302   -0.6635    2.7447    0.6531
eta,q 0.94274 12.18012
  0.0709  0.0702  0.0644  0.0612  0.0639  0.0619
  0.0640  0.0636  0.0606  0.0602  0.0609  0.0594
  0.0595  0.0595  0.0580  0.0583  0.0585  0.0578
  0.0573  0.0573  0.0573  0.0572  0.0573  0.0573
  0.0584  0.0593  0.0586  0.0576  0.0578  0.0576
  0.0637  0.0641  0.0612  0.0597  0.0605  0.0592
  0.0717  0.0693  0.0642  0.0622  0.0643  0.0620
registration optimization eta report
parameter search radius
    6.0000    6.0000    6.0000    6.0000    6.0000    6.0000
100000*second partial in parameter space
       39.       33.       19.       12.       19.       13.
  0.0709  0.0702  0.0644  0.0612  0.0639  0.0619
  0.0640  0.0636  0.0606  0.0602  0.0609  0.0594
  0.0595  0.0595  0.0580  0.0583  0.0585  0.0578
  0.0573  0.0573  0.0573  0.0572  0.0573  0.0573
  0.0584  0.0593  0.0586  0.0576  0.0578  0.0576
  0.0637  0.0641  0.0612  0.0597  0.0605  0.0592
  0.0717  0.0693  0.0642  0.0622  0.0643  0.0620
    0.5230  -12.8947    5.3302   -0.6635    2.7447    0.6531
eta,q 0.94274 12.18012

---------------------------------------------------------------------
imgreg_4dfp /opt/freesurfer/average/711-2C_as_mni_average_305 /opt/freesurfer/average/711-2B_as_mni_average_305_mask talsrcimg_g11 none talsrcimg_to_711-2C_as_mni_average_305_t4 3335
---------------------------------------------------------------------

freesurfer imgreg_4dfp.c
/opt/freesurfer/average/711-2C_as_mni_average_305.4dfp.img
       256       256       256         1
  1.000000  1.000000  1.000000
orientation T byte_order littleendian
Reading image: /opt/freesurfer/average/711-2C_as_mni_average_305.4dfp.img
dimensions:      256       256       256
mmppix:       1.0000   -1.0000   -1.0000
center:     128.0000 -129.0000 -129.0000
/opt/freesurfer/average/711-2B_as_mni_average_305_mask.4dfp.img
       256       256       256         1
  1.000000  1.000000  1.000000
orientation T byte_order littleendian
Reading mask: /opt/freesurfer/average/711-2B_as_mni_average_305_mask.4dfp.img (2306576 pixels)
talsrcimg_g11.4dfp.img
       256       256       256         1
  1.000000  1.000000  1.000000
orientation T byte_order littleendian
Reading image: talsrcimg_g11.4dfp.img
dimensions:      256       256       256
mmppix:       1.0000   -1.0000   -1.0000
center:     128.0000 -129.0000 -129.0000
fimgreg.f
image alignment mode   3335 decimal      D07 hex
parameters
    0.5230  -12.8947    5.3302   -0.1212   -0.0126   -0.1214
   -1.0843   -4.8011    1.1385    1.1033    4.7886   -1.1566
eta,q 0.93962 12.21593
niter,ni,del,rscale     5    3    5.0000    1.2000
parameter  4  2.127775 ->  0.500000 qaram    1.1500
parameter  5  2.432495 ->  0.500000 qaram    1.1500
parameter  6  1.146174 ->  0.500000 qaram    1.1500
parameter 12  0.812914 ->  0.500000 qaram    1.1500
parameters
    0.2946  -12.0642    5.3691   -4.2612   -4.1526   -4.2614
   -0.8810   -4.1750    0.5245    2.9690    2.8507   -5.2966
eta,q 0.95356 11.39152
  0.0622  0.0626  0.0613  0.0525  0.0477  0.0459  0.0498  0.0519  0.0484  0.0509  0.0474  0.0464
  0.0610  0.0615  0.0607  0.0541  0.0494  0.0468  0.0484  0.0495  0.0477  0.0492  0.0470  0.0464
  0.0605  0.0608  0.0603  0.0567  0.0518  0.0482  0.0475  0.0479  0.0473  0.0479  0.0469  0.0466
  0.0604  0.0604  0.0602  0.0602  0.0547  0.0500  0.0472  0.0472  0.0472  0.0471  0.0470  0.0469
  0.0608  0.0602  0.0603  0.0640  0.0578  0.0526  0.0474  0.0475  0.0474  0.0470  0.0472  0.0475
  0.0616  0.0603  0.0606  0.0682  0.0612  0.0562  0.0482  0.0486  0.0480  0.0475  0.0476  0.0482
  0.0630  0.0608  0.0613  0.0726  0.0652  0.0604  0.0495  0.0505  0.0490  0.0484  0.0482  0.0492
niter,ni,del,rscale     7    3    5.0000    1.2000
parameter  2 -0.891786 -> -0.500000 qaram    1.1500
parameter  3  0.628443 ->  0.500000 qaram    1.1500
parameter  4  0.682382 ->  0.500000 qaram    1.3225
parameter  5  1.302939 ->  0.500000 qaram    1.3225
parameter  6  0.562788 ->  0.500000 qaram    1.3225
parameter 10 -0.800597 -> -0.500000 qaram    1.1500
parameter 12  0.630120 ->  0.500000 qaram    1.3225
parameters
    0.4610  -10.6842    3.9891   -9.0222   -8.9136   -9.0224
    0.0599   -3.9177    0.8691    7.1090    4.3851  -10.0576
eta,q 0.96315 10.75084
  0.0498  0.0511  0.0450  0.0432  0.0385  0.0388  0.0409  0.0421  0.0399  0.0427  0.0386  0.0370
  0.0480  0.0492  0.0448  0.0427  0.0393  0.0385  0.0397  0.0401  0.0392  0.0409  0.0380  0.0368
  0.0469  0.0476  0.0449  0.0432  0.0406  0.0387  0.0389  0.0389  0.0387  0.0395  0.0375  0.0369
  0.0464  0.0464  0.0453  0.0448  0.0427  0.0395  0.0385  0.0384  0.0384  0.0384  0.0373  0.0372
  0.0467  0.0456  0.0459  0.0480  0.0457  0.0409  0.0385  0.0388  0.0385  0.0376  0.0372  0.0377
  0.0475  0.0452  0.0467  0.0520  0.0488  0.0439  0.0390  0.0398  0.0389  0.0372  0.0374  0.0385
  0.0489  0.0451  0.0477  0.0567  0.0524  0.0478  0.0400  0.0416  0.0397  0.0375  0.0378  0.0394
niter,ni,del,rscale     7    3    5.0000    1.2000
parameter  2 -1.254413 -> -0.500000 qaram    1.3225
parameter  5  0.759982 ->  0.500000 qaram    1.5209
parameter 10 -0.789206 -> -0.500000 qaram    1.3225
parameters
    0.5040   -9.0972    3.2645   -9.7541  -14.3888  -10.0836
    0.3820   -4.0360    0.3666   11.8700    4.9419  -14.6443
eta,q 0.96955 10.44452
  0.0396  0.0451  0.0351  0.0381  0.0323  0.0346  0.0345  0.0355  0.0338  0.0383  0.0319  0.0311
  0.0381  0.0420  0.0345  0.0365  0.0322  0.0336  0.0334  0.0337  0.0329  0.0358  0.0314  0.0305
  0.0372  0.0391  0.0342  0.0351  0.0328  0.0328  0.0327  0.0326  0.0325  0.0338  0.0311  0.0305
  0.0369  0.0369  0.0343  0.0342  0.0343  0.0323  0.0324  0.0324  0.0324  0.0323  0.0309  0.0309
  0.0371  0.0352  0.0348  0.0345  0.0366  0.0326  0.0325  0.0328  0.0326  0.0313  0.0309  0.0317
  0.0380  0.0340  0.0357  0.0367  0.0401  0.0339  0.0331  0.0339  0.0333  0.0308  0.0312  0.0326
  0.0394  0.0334  0.0370  0.0406  0.0440  0.0370  0.0342  0.0356  0.0342  0.0310  0.0317  0.0338
niter,ni,del,rscale     7    3    5.0000    1.2000
parameter  2 -1.078362 -> -0.500000 qaram    1.5209
parameter 10 -0.552465 -> -0.500000 qaram    1.5209
parameters
    0.5153   -7.2722    2.3436   -9.6890  -18.5925  -10.3149
    0.2510   -3.8391    0.0058   17.3451    4.6135  -17.8216
eta,q 0.97527 10.29799
  0.0333  0.0410  0.0280  0.0313  0.0281  0.0298  0.0286  0.0305  0.0283  0.0352  0.0261  0.0257
  0.0318  0.0370  0.0273  0.0296  0.0268  0.0283  0.0274  0.0285  0.0273  0.0318  0.0255  0.0250
  0.0308  0.0334  0.0271  0.0281  0.0265  0.0272  0.0267  0.0271  0.0267  0.0288  0.0251  0.0247
  0.0305  0.0305  0.0273  0.0271  0.0270  0.0265  0.0265  0.0265  0.0265  0.0265  0.0250  0.0250
  0.0308  0.0283  0.0280  0.0270  0.0287  0.0266  0.0268  0.0269  0.0268  0.0252  0.0251  0.0257
  0.0317  0.0270  0.0291  0.0286  0.0318  0.0277  0.0276  0.0282  0.0276  0.0251  0.0256  0.0267
  0.0333  0.0267  0.0306  0.0321  0.0362  0.0309  0.0287  0.0301  0.0286  0.0264  0.0263  0.0280
niter,ni,del,rscale     7    3    5.0000    1.2000
parameter  2 -0.568054 -> -0.500000 qaram    1.7490
parameters
    0.6663   -5.1734    1.9675   -9.6773  -19.9352  -10.1649
    0.2223   -3.6832    0.0910   18.6334    4.2270  -19.7975
eta,q 0.97760 10.25881
  0.0285  0.0374  0.0243  0.0271  0.0262  0.0271  0.0249  0.0272  0.0249  0.0314  0.0236  0.0235
  0.0265  0.0322  0.0233  0.0252  0.0240  0.0251  0.0236  0.0249  0.0237  0.0273  0.0230  0.0228
  0.0253  0.0278  0.0228  0.0237  0.0229  0.0236  0.0229  0.0232  0.0229  0.0243  0.0226  0.0224
  0.0247  0.0247  0.0227  0.0227  0.0227  0.0227  0.0226  0.0226  0.0226  0.0226  0.0225  0.0225
  0.0250  0.0230  0.0232  0.0227  0.0234  0.0226  0.0229  0.0231  0.0229  0.0228  0.0227  0.0230
  0.0260  0.0228  0.0241  0.0243  0.0254  0.0241  0.0237  0.0246  0.0236  0.0247  0.0231  0.0238
  0.0277  0.0241  0.0256  0.0279  0.0289  0.0277  0.0249  0.0269  0.0248  0.0284  0.0238  0.0249
niter,ni,del,rscale     7    3    5.0000    1.2000
parameters
    0.7616   -4.9036    1.8358   -9.6742  -20.1931  -10.1151
    0.3207   -3.6494    0.3011   19.1481    4.0665  -20.3524
eta,q 0.97765 10.25942
  0.0260  0.0313  0.0244  0.0268  0.0267  0.0270  0.0247  0.0269  0.0246  0.0302  0.0235  0.0239
  0.0241  0.0266  0.0233  0.0249  0.0243  0.0250  0.0234  0.0245  0.0235  0.0263  0.0229  0.0231
  0.0229  0.0235  0.0226  0.0234  0.0228  0.0234  0.0226  0.0230  0.0227  0.0236  0.0225  0.0225
  0.0224  0.0224  0.0224  0.0224  0.0224  0.0224  0.0224  0.0224  0.0224  0.0224  0.0224  0.0224
  0.0227  0.0232  0.0227  0.0224  0.0228  0.0223  0.0226  0.0229  0.0226  0.0229  0.0225  0.0227
  0.0237  0.0255  0.0235  0.0241  0.0244  0.0241  0.0234  0.0244  0.0233  0.0251  0.0229  0.0233
  0.0255  0.0290  0.0249  0.0276  0.0274  0.0278  0.0246  0.0268  0.0244  0.0291  0.0236  0.0243
niter,ni,del,rscale     6    3    5.0000    1.2000
parameters
    0.7691   -4.8003    1.7871   -9.6747  -20.3187  -10.1242
    0.3242   -3.6602    0.3989   19.3263    3.9976  -20.5370
eta,q 0.97763 10.25658
  0.0257  0.0305  0.0245  0.0268  0.0267  0.0270  0.0246  0.0268  0.0245  0.0297  0.0235  0.0240
  0.0239  0.0260  0.0234  0.0249  0.0243  0.0250  0.0234  0.0245  0.0234  0.0260  0.0229  0.0232
  0.0227  0.0232  0.0226  0.0234  0.0228  0.0234  0.0226  0.0229  0.0226  0.0234  0.0225  0.0226
  0.0224  0.0224  0.0224  0.0224  0.0224  0.0224  0.0224  0.0224  0.0224  0.0224  0.0224  0.0224
  0.0227  0.0234  0.0226  0.0224  0.0228  0.0223  0.0226  0.0229  0.0226  0.0230  0.0225  0.0226
  0.0238  0.0258  0.0234  0.0241  0.0242  0.0242  0.0234  0.0245  0.0233  0.0254  0.0229  0.0232
  0.0257  0.0294  0.0247  0.0276  0.0271  0.0279  0.0246  0.0269  0.0244  0.0295  0.0236  0.0241
niter,ni,del,rscale     5    3    5.0000    1.2000
parameters
    0.7698   -4.7591    1.7676   -9.6752  -20.3751  -10.1373
    0.3174   -3.6690    0.4368   19.3927    3.9761  -20.5949
eta,q 0.97763 10.25459
  0.0257  0.0303  0.0246  0.0268  0.0268  0.0270  0.0246  0.0268  0.0245  0.0296  0.0235  0.0240
  0.0239  0.0258  0.0234  0.0249  0.0243  0.0250  0.0234  0.0245  0.0234  0.0259  0.0229  0.0232
  0.0227  0.0231  0.0226  0.0234  0.0229  0.0234  0.0226  0.0229  0.0226  0.0233  0.0225  0.0226
  0.0224  0.0224  0.0224  0.0224  0.0224  0.0224  0.0224  0.0224  0.0224  0.0224  0.0224  0.0224
  0.0227  0.0234  0.0226  0.0224  0.0227  0.0223  0.0226  0.0229  0.0226  0.0231  0.0225  0.0226
  0.0238  0.0260  0.0234  0.0241  0.0242  0.0242  0.0234  0.0245  0.0233  0.0255  0.0229  0.0232
  0.0257  0.0296  0.0247  0.0276  0.0271  0.0279  0.0246  0.0269  0.0244  0.0296  0.0236  0.0241
registration optimization eta report
parameter search radius
    2.4000    4.1976    2.7600    9.5220   10.9503    9.5220
    7.2000    7.2000    7.2000   10.9503    7.2000    9.5220
100000*second partial in parameter space
       58.       43.       29.        5.        4.        6.
        4.        9.        4.        6.        2.        2.
  0.0257  0.0303  0.0246  0.0268  0.0268  0.0270  0.0246  0.0268  0.0245  0.0296  0.0235  0.0240
  0.0239  0.0258  0.0234  0.0249  0.0243  0.0250  0.0234  0.0245  0.0234  0.0259  0.0229  0.0232
  0.0227  0.0231  0.0226  0.0234  0.0229  0.0234  0.0226  0.0229  0.0226  0.0233  0.0225  0.0226
  0.0224  0.0224  0.0224  0.0224  0.0224  0.0224  0.0224  0.0224  0.0224  0.0224  0.0224  0.0224
  0.0227  0.0234  0.0226  0.0224  0.0227  0.0223  0.0226  0.0229  0.0226  0.0231  0.0225  0.0226
  0.0238  0.0260  0.0234  0.0241  0.0242  0.0242  0.0234  0.0245  0.0233  0.0255  0.0229  0.0232
  0.0257  0.0296  0.0247  0.0276  0.0271  0.0279  0.0246  0.0269  0.0244  0.0296  0.0236  0.0241
    0.7698   -4.7591    1.7676   -9.6752  -20.3751  -10.1373
    0.3174   -3.6690    0.4368   19.3927    3.9761  -20.5949
eta,q 0.97763 10.25459

---------------------------------------------------------------------
imgreg_4dfp /opt/freesurfer/average/711-2C_as_mni_average_305 /opt/freesurfer/average/711-2B_as_mni_average_305_mask talsrcimg_g11 none talsrcimg_to_711-2C_as_mni_average_305_t4 2311
---------------------------------------------------------------------

freesurfer imgreg_4dfp.c
/opt/freesurfer/average/711-2C_as_mni_average_305.4dfp.img
       256       256       256         1
  1.000000  1.000000  1.000000
orientation T byte_order littleendian
Reading image: /opt/freesurfer/average/711-2C_as_mni_average_305.4dfp.img
dimensions:      256       256       256
mmppix:       1.0000   -1.0000   -1.0000
center:     128.0000 -129.0000 -129.0000
/opt/freesurfer/average/711-2B_as_mni_average_305_mask.4dfp.img
       256       256       256         1
  1.000000  1.000000  1.000000
orientation T byte_order littleendian
Reading mask: /opt/freesurfer/average/711-2B_as_mni_average_305_mask.4dfp.img (2306576 pixels)
talsrcimg_g11.4dfp.img
       256       256       256         1
  1.000000  1.000000  1.000000
orientation T byte_order littleendian
Reading image: talsrcimg_g11.4dfp.img
dimensions:      256       256       256
mmppix:       1.0000   -1.0000   -1.0000
center:     128.0000 -129.0000 -129.0000
fimgreg.f
image alignment mode   2311 decimal      907 hex
parameters
    0.7698   -4.7591    1.7676   -9.6752  -20.3751  -10.1373
    0.3174   -3.6690    0.4368   19.3927    3.9761  -20.5949
eta,q 0.97763 10.25459
niter,ni,del,rscale     5    3    5.0000    0.8000
parameters
    0.7760   -4.9096    1.7979   -8.4786  -19.9279   -8.9725
    0.3993   -3.6242    0.5190   19.3178    4.0285  -20.7833
eta,q 0.97795 10.37440
  0.0239  0.0233  0.0232  0.0241  0.0231  0.0240  0.0232  0.0245  0.0231  0.0236  0.0227  0.0225
  0.0230  0.0227  0.0227  0.0234  0.0226  0.0233  0.0225  0.0232  0.0225  0.0227  0.0224  0.0223
  0.0225  0.0224  0.0225  0.0228  0.0224  0.0226  0.0222  0.0224  0.0222  0.0222  0.0221  0.0221
  0.0224  0.0224  0.0224  0.0224  0.0222  0.0222  0.0221  0.0220  0.0221  0.0220  0.0220  0.0220
  0.0225  0.0226  0.0224  0.0222  0.0222  0.0220  0.0221  0.0223  0.0222  0.0222  0.0221  0.0221
  0.0230  0.0231  0.0227  0.0224  0.0224  0.0222  0.0225  0.0231  0.0225  0.0228  0.0223  0.0223
  0.0239  0.0238  0.0231  0.0230  0.0229  0.0230  0.0231  0.0244  0.0230  0.0237  0.0227  0.0226
niter,ni,del,rscale     4    3    5.0000    0.7000
parameters
    0.7350   -4.9554    1.8553   -8.6032  -19.8855   -8.9083
    0.4252   -3.6484    0.4638   19.3070    4.0852  -20.7375
eta,q 0.97796 10.37327
  0.0232  0.0229  0.0228  0.0231  0.0226  0.0232  0.0229  0.0239  0.0228  0.0233  0.0226  0.0225
  0.0226  0.0224  0.0224  0.0226  0.0223  0.0227  0.0224  0.0229  0.0224  0.0226  0.0223  0.0222
  0.0222  0.0221  0.0221  0.0222  0.0221  0.0223  0.0221  0.0223  0.0221  0.0222  0.0221  0.0221
  0.0221  0.0220  0.0220  0.0220  0.0220  0.0220  0.0220  0.0220  0.0220  0.0220  0.0220  0.0220
  0.0222  0.0222  0.0221  0.0222  0.0221  0.0221  0.0221  0.0223  0.0221  0.0222  0.0221  0.0221
  0.0226  0.0225  0.0223  0.0226  0.0223  0.0225  0.0224  0.0229  0.0224  0.0226  0.0223  0.0222
  0.0234  0.0231  0.0227  0.0234  0.0226  0.0233  0.0229  0.0239  0.0228  0.0233  0.0225  0.0224
niter,ni,del,rscale     3    3    5.0000    0.6000
parameters
    0.7316   -4.9709    1.8660   -8.5336  -19.8528   -8.8029
    0.4478   -3.6440    0.4499   19.2794    4.0907  -20.7239
eta,q 0.97797 10.38131
  0.0229  0.0227  0.0226  0.0229  0.0225  0.0229  0.0226  0.0234  0.0226  0.0229  0.0224  0.0223
  0.0224  0.0223  0.0223  0.0225  0.0222  0.0225  0.0223  0.0227  0.0223  0.0224  0.0222  0.0222
  0.0221  0.0221  0.0221  0.0222  0.0221  0.0222  0.0221  0.0222  0.0221  0.0221  0.0221  0.0221
  0.0220  0.0220  0.0220  0.0220  0.0220  0.0220  0.0220  0.0220  0.0220  0.0220  0.0220  0.0220
  0.0221  0.0221  0.0221  0.0221  0.0221  0.0221  0.0221  0.0222  0.0221  0.0221  0.0221  0.0221
  0.0224  0.0224  0.0223  0.0224  0.0222  0.0224  0.0223  0.0227  0.0223  0.0224  0.0222  0.0222
  0.0230  0.0228  0.0225  0.0229  0.0225  0.0229  0.0226  0.0234  0.0226  0.0229  0.0224  0.0223
niter,ni,del,rscale     2    3    5.0000    0.5000
parameters
    0.7312   -4.9795    1.8740   -8.4753  -19.8126   -8.7064
    0.4846   -3.6340    0.4381   19.2367    4.0826  -20.7225
eta,q 0.97797 10.38880
  0.0227  0.0225  0.0224  0.0227  0.0223  0.0227  0.0225  0.0230  0.0224  0.0226  0.0223  0.0222
  0.0223  0.0222  0.0222  0.0223  0.0222  0.0224  0.0222  0.0225  0.0222  0.0223  0.0222  0.0221
  0.0221  0.0221  0.0221  0.0221  0.0221  0.0222  0.0221  0.0221  0.0221  0.0221  0.0221  0.0221
  0.0220  0.0220  0.0220  0.0220  0.0220  0.0220  0.0220  0.0220  0.0220  0.0220  0.0220  0.0220
  0.0221  0.0221  0.0221  0.0221  0.0221  0.0221  0.0221  0.0221  0.0221  0.0221  0.0221  0.0220
  0.0223  0.0223  0.0222  0.0223  0.0222  0.0223  0.0222  0.0225  0.0222  0.0223  0.0222  0.0221
  0.0227  0.0225  0.0224  0.0226  0.0223  0.0227  0.0224  0.0230  0.0224  0.0227  0.0223  0.0223
niter,ni,del,rscale     1    3    5.0000    0.4000
parameters
    0.7271   -4.9866    1.8774   -8.4296  -19.7757   -8.6241
    0.4993   -3.6340    0.4297   19.2029    4.0670  -20.7269
eta,q 0.97797 10.39534
  0.0224  0.0223  0.0223  0.0224  0.0222  0.0224  0.0223  0.0227  0.0223  0.0224  0.0222  0.0222
  0.0222  0.0222  0.0221  0.0222  0.0221  0.0222  0.0221  0.0223  0.0221  0.0222  0.0221  0.0221
  0.0221  0.0221  0.0220  0.0221  0.0220  0.0221  0.0221  0.0221  0.0220  0.0221  0.0220  0.0220
  0.0220  0.0220  0.0220  0.0220  0.0220  0.0220  0.0220  0.0220  0.0220  0.0220  0.0220  0.0220
  0.0221  0.0221  0.0221  0.0221  0.0220  0.0220  0.0220  0.0221  0.0221  0.0221  0.0220  0.0220
  0.0222  0.0222  0.0221  0.0222  0.0221  0.0222  0.0221  0.0223  0.0221  0.0222  0.0221  0.0221
  0.0224  0.0224  0.0223  0.0224  0.0222  0.0224  0.0223  0.0227  0.0223  0.0224  0.0222  0.0222
registration optimization eta report
parameter search radius
    0.8000    0.8000    0.8000    2.4000    2.4000    2.4000
    2.4000    2.4000    2.4000    2.4000    2.4000    2.4000
100000*second partial in parameter space
       63.       50.       36.        7.        3.        7.
        5.       11.        5.        7.        3.        3.
  0.0224  0.0223  0.0223  0.0224  0.0222  0.0224  0.0223  0.0227  0.0223  0.0224  0.0222  0.0222
  0.0222  0.0222  0.0221  0.0222  0.0221  0.0222  0.0221  0.0223  0.0221  0.0222  0.0221  0.0221
  0.0221  0.0221  0.0220  0.0221  0.0220  0.0221  0.0221  0.0221  0.0220  0.0221  0.0220  0.0220
  0.0220  0.0220  0.0220  0.0220  0.0220  0.0220  0.0220  0.0220  0.0220  0.0220  0.0220  0.0220
  0.0221  0.0221  0.0221  0.0221  0.0220  0.0220  0.0220  0.0221  0.0221  0.0221  0.0220  0.0220
  0.0222  0.0222  0.0221  0.0222  0.0221  0.0222  0.0221  0.0223  0.0221  0.0222  0.0221  0.0221
  0.0224  0.0224  0.0223  0.0224  0.0222  0.0224  0.0223  0.0227  0.0223  0.0224  0.0222  0.0222
    0.7271   -4.9866    1.8774   -8.4296  -19.7757   -8.6241
    0.4993   -3.6340    0.4297   19.2029    4.0670  -20.7269
eta,q 0.97797 10.39534

---------------------------------------------------------------------
imgreg_4dfp /opt/freesurfer/average/711-2C_as_mni_average_305 /opt/freesurfer/average/711-2B_as_mni_average_305_mask talsrcimg_g11 none talsrcimg_to_711-2C_as_mni_average_305_t4 2311
---------------------------------------------------------------------

freesurfer imgreg_4dfp.c
/opt/freesurfer/average/711-2C_as_mni_average_305.4dfp.img
       256       256       256         1
  1.000000  1.000000  1.000000
orientation T byte_order littleendian
Reading image: /opt/freesurfer/average/711-2C_as_mni_average_305.4dfp.img
dimensions:      256       256       256
mmppix:       1.0000   -1.0000   -1.0000
center:     128.0000 -129.0000 -129.0000
/opt/freesurfer/average/711-2B_as_mni_average_305_mask.4dfp.img
       256       256       256         1
  1.000000  1.000000  1.000000
orientation T byte_order littleendian
Reading mask: /opt/freesurfer/average/711-2B_as_mni_average_305_mask.4dfp.img (2306576 pixels)
talsrcimg_g11.4dfp.img
       256       256       256         1
  1.000000  1.000000  1.000000
orientation T byte_order littleendian
Reading image: talsrcimg_g11.4dfp.img
dimensions:      256       256       256
mmppix:       1.0000   -1.0000   -1.0000
center:     128.0000 -129.0000 -129.0000
fimgreg.f
image alignment mode   2311 decimal      907 hex
parameters
    0.7271   -4.9866    1.8774   -8.4296  -19.7757   -8.6241
    0.4993   -3.6340    0.4297   19.2029    4.0670  -20.7269
eta,q 0.97797 10.39535
niter,ni,del,rscale     5    3    5.0000    0.8000
parameters
    0.7238   -4.9784    1.8753   -8.7462  -19.8968   -8.9798
    0.4352   -3.6698    0.4326   19.2918    4.1112  -20.6678
eta,q 0.97794 10.36290
  0.0236  0.0233  0.0229  0.0233  0.0228  0.0234  0.0231  0.0244  0.0231  0.0237  0.0227  0.0226
  0.0227  0.0226  0.0224  0.0227  0.0224  0.0227  0.0225  0.0231  0.0225  0.0228  0.0224  0.0223
  0.0222  0.0222  0.0221  0.0222  0.0221  0.0222  0.0222  0.0223  0.0222  0.0222  0.0221  0.0221
  0.0220  0.0220  0.0220  0.0220  0.0220  0.0220  0.0221  0.0221  0.0221  0.0221  0.0221  0.0221
  0.0222  0.0222  0.0221  0.0222  0.0221  0.0222  0.0222  0.0223  0.0222  0.0222  0.0221  0.0221
  0.0227  0.0226  0.0224  0.0228  0.0224  0.0228  0.0225  0.0231  0.0225  0.0227  0.0223  0.0223
  0.0237  0.0233  0.0229  0.0239  0.0229  0.0241  0.0232  0.0245  0.0231  0.0236  0.0227  0.0226
niter,ni,del,rscale     4    3    5.0000    0.7000
parameters
    0.7289   -4.9732    1.8648   -8.6068  -19.8657   -8.9088
    0.4298   -3.6584    0.4398   19.2797    4.1037  -20.7150
eta,q 0.97796 10.37349
  0.0233  0.0230  0.0227  0.0232  0.0226  0.0232  0.0229  0.0239  0.0228  0.0233  0.0226  0.0224
  0.0226  0.0225  0.0224  0.0227  0.0223  0.0227  0.0224  0.0229  0.0224  0.0226  0.0223  0.0222
  0.0222  0.0222  0.0221  0.0223  0.0221  0.0223  0.0221  0.0223  0.0221  0.0222  0.0221  0.0221
  0.0221  0.0221  0.0221  0.0221  0.0220  0.0220  0.0220  0.0220  0.0220  0.0220  0.0220  0.0220
  0.0222  0.0222  0.0221  0.0221  0.0221  0.0221  0.0221  0.0222  0.0221  0.0222  0.0221  0.0221
  0.0226  0.0225  0.0224  0.0225  0.0223  0.0225  0.0224  0.0229  0.0224  0.0226  0.0223  0.0222
  0.0233  0.0230  0.0227  0.0232  0.0226  0.0233  0.0229  0.0239  0.0228  0.0233  0.0226  0.0225
niter,ni,del,rscale     3    3    5.0000    0.6000
parameters
    0.7292   -4.9776    1.8687   -8.5370  -19.8570   -8.7985
    0.4457   -3.6458    0.4436   19.2653    4.0900  -20.7209
eta,q 0.97796 10.38072
  0.0229  0.0227  0.0225  0.0229  0.0225  0.0229  0.0226  0.0234  0.0226  0.0229  0.0224  0.0223
  0.0224  0.0224  0.0223  0.0225  0.0222  0.0225  0.0223  0.0227  0.0223  0.0224  0.0222  0.0222
  0.0221  0.0221  0.0221  0.0222  0.0221  0.0222  0.0221  0.0222  0.0221  0.0221  0.0221  0.0221
  0.0220  0.0220  0.0220  0.0220  0.0220  0.0220  0.0220  0.0220  0.0220  0.0220  0.0220  0.0220
  0.0221  0.0221  0.0221  0.0221  0.0221  0.0221  0.0221  0.0222  0.0221  0.0222  0.0221  0.0221
  0.0224  0.0224  0.0223  0.0224  0.0222  0.0223  0.0223  0.0226  0.0223  0.0224  0.0222  0.0222
  0.0229  0.0227  0.0225  0.0229  0.0225  0.0229  0.0226  0.0234  0.0226  0.0229  0.0224  0.0223
niter,ni,del,rscale     2    3    5.0000    0.5000
parameters
    0.7302   -4.9819    1.8755   -8.4772  -19.8005   -8.7007
    0.4821   -3.6334    0.4286   19.2344    4.0834  -20.7107
eta,q 0.97797 10.38945
  0.0227  0.0225  0.0224  0.0227  0.0223  0.0227  0.0225  0.0230  0.0224  0.0227  0.0223  0.0222
  0.0223  0.0223  0.0222  0.0223  0.0222  0.0224  0.0222  0.0225  0.0222  0.0223  0.0222  0.0221
  0.0221  0.0221  0.0221  0.0221  0.0221  0.0222  0.0221  0.0221  0.0221  0.0221  0.0221  0.0220
  0.0220  0.0220  0.0220  0.0220  0.0220  0.0220  0.0220  0.0220  0.0220  0.0220  0.0220  0.0220
  0.0221  0.0221  0.0221  0.0221  0.0221  0.0221  0.0221  0.0221  0.0221  0.0221  0.0221  0.0221
  0.0223  0.0223  0.0222  0.0223  0.0221  0.0223  0.0222  0.0225  0.0222  0.0223  0.0222  0.0221
  0.0227  0.0225  0.0224  0.0226  0.0223  0.0227  0.0224  0.0230  0.0224  0.0227  0.0223  0.0222
niter,ni,del,rscale     1    3    5.0000    0.4000
parameters
    0.7269   -4.9883    1.8791   -8.4362  -19.7793   -8.6147
    0.5056   -3.6381    0.4348   19.2044    4.0739  -20.7387
eta,q 0.97797 10.39530
  0.0224  0.0223  0.0223  0.0224  0.0222  0.0225  0.0223  0.0227  0.0223  0.0224  0.0222  0.0222
  0.0222  0.0222  0.0221  0.0222  0.0221  0.0222  0.0221  0.0223  0.0221  0.0222  0.0221  0.0221
  0.0221  0.0221  0.0221  0.0221  0.0220  0.0221  0.0221  0.0221  0.0220  0.0221  0.0220  0.0220
  0.0220  0.0220  0.0220  0.0220  0.0220  0.0220  0.0220  0.0220  0.0220  0.0220  0.0220  0.0220
  0.0221  0.0221  0.0221  0.0221  0.0220  0.0220  0.0220  0.0221  0.0221  0.0221  0.0220  0.0220
  0.0222  0.0222  0.0221  0.0222  0.0221  0.0222  0.0221  0.0223  0.0221  0.0222  0.0221  0.0221
  0.0224  0.0223  0.0223  0.0224  0.0222  0.0224  0.0223  0.0227  0.0223  0.0224  0.0222  0.0222
registration optimization eta report
parameter search radius
    0.8000    0.8000    0.8000    2.4000    2.4000    2.4000
    2.4000    2.4000    2.4000    2.4000    2.4000    2.4000
100000*second partial in parameter space
       63.       50.       36.        7.        3.        7.
        5.       11.        5.        7.        3.        3.
  0.0224  0.0223  0.0223  0.0224  0.0222  0.0225  0.0223  0.0227  0.0223  0.0224  0.0222  0.0222
  0.0222  0.0222  0.0221  0.0222  0.0221  0.0222  0.0221  0.0223  0.0221  0.0222  0.0221  0.0221
  0.0221  0.0221  0.0221  0.0221  0.0220  0.0221  0.0221  0.0221  0.0220  0.0221  0.0220  0.0220
  0.0220  0.0220  0.0220  0.0220  0.0220  0.0220  0.0220  0.0220  0.0220  0.0220  0.0220  0.0220
  0.0221  0.0221  0.0221  0.0221  0.0220  0.0220  0.0220  0.0221  0.0221  0.0221  0.0220  0.0220
  0.0222  0.0222  0.0221  0.0222  0.0221  0.0222  0.0221  0.0223  0.0221  0.0222  0.0221  0.0221
  0.0224  0.0223  0.0223  0.0224  0.0222  0.0224  0.0223  0.0227  0.0223  0.0224  0.0222  0.0222
    0.7269   -4.9883    1.8791   -8.4362  -19.7793   -8.6147
    0.5056   -3.6381    0.4348   19.2044    4.0739  -20.7387
eta,q 0.97797 10.39530

---------------------------------------------------------------------
compute_vox2vox talsrcimg talsrcimg_to_711-2C_as_mni_average_305_t4 /opt/freesurfer/average/711-2C_as_mni_average_305
---------------------------------------------------------------------

freesurfer compute_vox2vox.c
Reading: talsrcimg.4dfp.ifh
Reading: talsrcimg_to_711-2C_as_mni_average_305_t4
Reading: /opt/freesurfer/average/711-2C_as_mni_average_305.4dfp.ifh
Writing: talsrcimg_to_711-2C_as_mni_average_305_t4_vox2vox.txt

start time Sat Mar 14 02:22:49 CET 2026
end		time Sat Mar 14 02:24:22 CET 2026

mpr2mni305 success

avi2talxfm orig_nu.mgz /opt/freesurfer/average/mni305.cor.mgz talsrcimg_to_711-2C_as_mni_average_305_t4_vox2vox.txt transforms/talairach.auto.xfm
avi2talxfm done
mv -f /out/sourcedata/freesurfer/sub-v2s8x29232_ses-1/mri/talsrcimg_to_711-2C_as_mni_average_305_t4_vox2vox.txt /out/sourcedata/freesurfer/sub-v2s8x29232_ses-1/mri/transforms/talsrcimg_to_711-2C_as_mni_average_305_t4_vox2vox.txt
lta_convert --src orig_nu.mgz --trg /opt/freesurfer/average/mni305.cor.mgz --inxfm transforms/talairach.auto.xfm --outlta transforms/talairach.auto.xfm.lta --subject fsaverage
7.3.2

--src: orig_nu.mgz src image (geometry).
--trg: /opt/freesurfer/average/mni305.cor.mgz trg image (geometry).
--inmni: transforms/talairach.auto.xfm input MNI/XFM transform.
--outlta: transforms/talairach.auto.xfm.lta output LTA.
--s: fsaverage subject name
 LTA read, type : 1
 1.09022   0.04253   0.00412  -3.94241;
-0.04737   1.03603   0.26814  -1.51491;
 0.00543  -0.24825   1.18235   6.01738;
 0.00000   0.00000   0.00000   1.00000;
setting subject to fsaverage
Writing  LTA to file transforms/talairach.auto.xfm.lta...
lta_convert successful.
 
 
Started at Sat Mar 14 02:22:48 CET 2026
Ended   at Sat Mar 14 02:24:22 CET 2026
talairach_avi done
