status file for recon-all
Sat Mar 14 02:00:37 CET 2026
#@# Tessellate lh Sat Mar 14 02:00:37 CET 2026
#@# Smooth1 lh Sat Mar 14 02:00:42 CET 2026
#@# Inflation1 lh Sat Mar 14 02:00:46 CET 2026
#@# QSphere lh Sat Mar 14 02:01:02 CET 2026
#@# Fix Topology lh Sat Mar 14 02:02:22 CET 2026
#@# Smooth2 lh Sat Mar 14 02:13:29 CET 2026
#@# Inflation2 lh Sat Mar 14 02:13:33 CET 2026
#@# Curv .H and .K lh Sat Mar 14 02:13:52 CET 2026
#@# Sphere lh Sat Mar 14 02:15:05 CET 2026
#@# Surf Reg lh Sat Mar 14 02:20:57 CET 2026
#@# Jacobian white lh Sat Mar 14 02:29:52 CET 2026
#@# AvgCurv lh Sat Mar 14 02:29:53 CET 2026
#@# Cortical Parc lh Sat Mar 14 02:29:54 CET 2026
#@# white curv lh Sat Mar 14 02:39:26 CET 2026
#@# white area lh Sat Mar 14 02:39:28 CET 2026
#@# pial curv lh Sat Mar 14 02:39:29 CET 2026
#@# pial area lh Sat Mar 14 02:39:32 CET 2026
#@# thickness lh Sat Mar 14 02:39:33 CET 2026
#@# area and vertex vol lh Sat Mar 14 02:40:20 CET 2026
#@# Curvature Stats lh Sat Mar 14 02:40:23 CET 2026
#@# Cortical Parc 2 lh Sat Mar 14 02:40:26 CET 2026
#@# Cortical Parc 3 lh Sat Mar 14 02:40:47 CET 2026
#@# WM/GM Contrast lh Sat Mar 14 02:41:02 CET 2026
recon-all -s sub-v2s8x29190_ses-1 finished without error at Sat Mar 14 02:41:07 CET 2026



#New# invocation of recon-all 



status file for recon-all
Sat Mar 14 03:33:16 CET 2026
#@# white curv lh Sat Mar 14 03:33:16 CET 2026
#@# white area lh Sat Mar 14 03:33:16 CET 2026
#@# pial curv lh Sat Mar 14 03:33:16 CET 2026
#@# pial area lh Sat Mar 14 03:33:16 CET 2026
#@# thickness lh Sat Mar 14 03:33:16 CET 2026
#@# area and vertex vol lh Sat Mar 14 03:33:16 CET 2026
#@# Parcellation Stats lh Sat Mar 14 03:33:16 CET 2026
#@# Parcellation Stats 2 lh Sat Mar 14 03:33:55 CET 2026
#@# Parcellation Stats 3 lh Sat Mar 14 03:34:14 CET 2026
#@# BA_exvivo Labels lh Sat Mar 14 03:34:33 CET 2026
recon-all -s sub-v2s8x29190_ses-1 finished without error at Sat Mar 14 03:38:20 CET 2026
