/out/sourcedata/freesurfer/sub-v2s8x29183_ses-1/mri
/opt/freesurfer/bin/talairach_avi
--i orig_nu.mgz --xfm transforms/talairach.auto.xfm --atlas 3T18yoSchwartzReactN32_as_orig
talairach_avi 7.3.2
Linux dna017 5.14.0-427.37.1.el9_4.x86_64 #1 SMP PREEMPT_DYNAMIC Fri Sep 13 12:41:50 EDT 2024 x86_64 x86_64 x86_64 GNU/Linux
Sat Mar 14 00:04:22 CET 2026
mri_convert orig_nu.mgz talsrcimg.img 
reading from orig_nu.mgz...
TR=0.00, TE=0.00, TI=0.00, flip angle=0.00
i_ras = (-1, 0, 0)
j_ras = (0, 0, -1)
k_ras = (0, 1, 0)
writing to talsrcimg.img...
Analyze Output Matrix
-1.00000   0.00000   0.00000   129.66513;
 0.00000   0.00000   1.00000  -128.00000;
 0.00000  -1.00000   0.00000   130.00000;
 0.00000   0.00000   0.00000   1.00000;
--------------------
INFO: set hdr.hist.orient to -1
mpr2mni305 talsrcimg
Sat Mar 14 00:04:23 CET 2026
/opt/freesurfer/bin/mpr2mni305 talsrcimg
mpr2mni305 7.3.2
target=3T18yoSchwartzReactN32_as_orig

---------------------------------------------------------------------
analyzeto4dfp talsrcimg -O0 -y
---------------------------------------------------------------------

freesurfer ifh2hdr.c
Sat Mar 14 00:04:23 2026
Writing: talsrcimg.4dfp.hdr
freesurfer analyzeto4dfp.c
Reading: talsrcimg.hdr
header size 348 bytes
hdr.dime.datatype	offset=70	value=2
hdr.dime.bitpix		offset=72	value=8
hdr.hist.orient		offset=252	value=-1
dimensionality     4
dimensions       256       256       256         1
Reading: talsrcimg.img
Writing: talsrcimg.4dfp.img
Writing: talsrcimg.4dfp.ifh
ifh2hdr talsrcimg -r0to224
ori=2

---------------------------------------------------------------------
gauss_4dfp talsrcimg 1.1
---------------------------------------------------------------------

freesurfer gauss_4dfp.c
Reading: talsrcimg.4dfp.img
Writing: talsrcimg_g11.4dfp.img
image dimensions 256 256 256 padded to 288 288 288
processing volume 1freesurfer ifh2hdr.c
Sat Mar 14 00:04:25 2026
Writing: talsrcimg_g11.4dfp.hdr

Writing: talsrcimg_g11.4dfp.ifh
including: talsrcimg.4dfp.img.rec in talsrcimg_g11.4dfp.img.rec

---------------------------------------------------------------------
imgreg_4dfp /opt/freesurfer/average/3T18yoSchwartzReactN32_as_orig none talsrcimg_g11 none talsrcimg_to_3T18yoSchwartzReactN32_as_orig_t4 4355
---------------------------------------------------------------------

freesurfer imgreg_4dfp.c
/opt/freesurfer/average/3T18yoSchwartzReactN32_as_orig.4dfp.img
       256       256       256         1
  1.000000  1.000000  1.000000
orientation T byte_order littleendian
Reading image: /opt/freesurfer/average/3T18yoSchwartzReactN32_as_orig.4dfp.img
dimensions:      256       256       256
mmppix:       1.0000   -1.0000   -1.0000
center:     128.0000 -129.0000 -129.0000
talsrcimg_g11.4dfp.img
       256       256       256         1
  1.000000  1.000000  1.000000
orientation T byte_order littleendian
Reading image: talsrcimg_g11.4dfp.img
dimensions:      256       256       256
mmppix:       1.0000   -1.0000   -1.0000
center:     128.0000 -129.0000 -129.0000
t4_read: open error in t4_sub.f l:  46 t4_file(1:l)talsrcimg_to_3T18yoSchwartzReactN32_as_orig_t4 
t4_read: transform initialized to I4
rotation matrix determinant  1.000000
image alignment mode   4355 decimal     1103 hex
   -7.5000  -45.0000  -45.0000 9447.3193   18.4856
    0.0000  -45.0000  -45.000010070.0225   18.5300
    7.5000  -45.0000  -45.0000 9814.1250   18.6007
   -7.5000  -37.5000  -45.0000 9565.9863   18.4839
    0.0000  -37.5000  -45.000010197.8457   18.5194
    7.5000  -37.5000  -45.0000 9935.8369   18.5739
   -7.5000  -30.0000  -45.0000 9734.9326   19.4444
    0.0000  -30.0000  -45.000010360.1318   19.4674
    7.5000  -30.0000  -45.000010067.0508   19.5063
   -7.5000  -22.5000  -45.0000 9772.0088   20.3525
    0.0000  -22.5000  -45.000010410.4541   20.3720
    7.5000  -22.5000  -45.000010097.4189   20.4125
   -7.5000  -15.0000  -45.0000 9720.3896   21.1840
    0.0000  -15.0000  -45.000010347.3467   21.2134
    7.5000  -15.0000  -45.000010037.8701   21.2739
   -7.5000   -7.5000  -45.0000 9617.8379   21.9354
    0.0000   -7.5000  -45.000010231.7441   21.9814
    7.5000   -7.5000  -45.0000 9938.9785   22.0634
   -7.5000    0.0000  -45.0000 9465.7900   22.6292
    0.0000    0.0000  -45.000010054.6357   22.6835
    7.5000    0.0000  -45.0000 9757.7529   22.7700
   -7.5000    7.5000  -45.0000 8784.8037   22.5498
    0.0000    7.5000  -45.0000 9324.5029   22.5930
    7.5000    7.5000  -45.0000 9050.0498   22.6595
   -7.5000   15.0000  -45.0000 8141.3701   22.5140
    0.0000   15.0000  -45.0000 8633.5039   22.5406
    7.5000   15.0000  -45.0000 8363.3359   22.5856
   -7.5000   22.5000  -45.0000 7505.6543   22.5219
    0.0000   22.5000  -45.0000 7955.9346   22.5436
    7.5000   22.5000  -45.0000 7742.1470   22.5878
   -7.5000   30.0000  -45.0000 6866.6162   22.7043
    0.0000   30.0000  -45.0000 7285.2993   22.7366
    7.5000   30.0000  -45.0000 7097.0283   22.8041
   -7.5000   37.5000  -45.0000 6589.7095   23.1196
    0.0000   37.5000  -45.0000 6982.7778   23.1668
    7.5000   37.5000  -45.0000 6798.9341   23.2546
   -7.5000   45.0000  -45.0000 6093.0054   23.5021
    0.0000   45.0000  -45.0000 6427.5972   23.5591
    7.5000   45.0000  -45.0000 6264.0200   23.6533
   -7.5000  -45.0000  -37.500010188.5322   18.4708
    0.0000  -45.0000  -37.500010865.9355   18.5163
    7.5000  -45.0000  -37.500010634.7891   18.5879
   -7.5000  -37.5000  -37.500010311.1641   18.4592
    0.0000  -37.5000  -37.500010982.9053   18.4913
    7.5000  -37.5000  -37.500010743.2744   18.5451
   -7.5000  -30.0000  -37.500010483.1016   19.4062
    0.0000  -30.0000  -37.500011167.0312   19.4249
    7.5000  -30.0000  -37.500010891.6260   19.4629
   -7.5000  -22.5000  -37.500010546.3945   20.3117
    0.0000  -22.5000  -37.500011224.9785   20.3309
    7.5000  -22.5000  -37.500010938.7197   20.3718
   -7.5000  -15.0000  -37.500010478.9102   21.1532
    0.0000  -15.0000  -37.500011151.0596   21.1864
    7.5000  -15.0000  -37.500010867.3633   21.2483
   -7.5000   -7.5000  -37.500010363.9160   21.9163
    0.0000   -7.5000  -37.500011043.2773   21.9668
    7.5000   -7.5000  -37.500010746.8770   22.0508
   -7.5000    0.0000  -37.500010209.9385   22.6110
    0.0000    0.0000  -37.500010857.7324   22.6667
    7.5000    0.0000  -37.500010546.0107   22.7543
   -7.5000    7.5000  -37.5000 9492.3350   22.5196
    0.0000    7.5000  -37.500010057.9375   22.5588
    7.5000    7.5000  -37.5000 9750.6777   22.6245
   -7.5000   15.0000  -37.5000 8773.4170   22.4697
    0.0000   15.0000  -37.5000 9308.1211   22.4914
    7.5000   15.0000  -37.5000 9016.4004   22.5354
   -7.5000   22.5000  -37.5000 8118.0303   22.4762
    0.0000   22.5000  -37.5000 8610.8184   22.4976
    7.5000   22.5000  -37.5000 8348.5410   22.5426
   -7.5000   30.0000  -37.5000 7434.0693   22.6711
    0.0000   30.0000  -37.5000 7890.7876   22.7068
    7.5000   30.0000  -37.5000 7662.4878   22.7750
   -7.5000   37.5000  -37.5000 7112.0234   23.0962
    0.0000   37.5000  -37.5000 7540.5249   23.1480
    7.5000   37.5000  -37.5000 7331.4067   23.2372
   -7.5000   45.0000  -37.5000 6566.3574   23.4785
    0.0000   45.0000  -37.5000 6943.0142   23.5367
    7.5000   45.0000  -37.5000 6764.2402   23.6301
   -7.5000  -45.0000  -30.000011152.0879   19.2157
    0.0000  -45.0000  -30.000011886.9102   19.2552
    7.5000  -45.0000  -30.000011646.0195   19.3156
   -7.5000  -37.5000  -30.000011283.4834   19.1942
    0.0000  -37.5000  -30.000012020.0693   19.2229
    7.5000  -37.5000  -30.000011766.5518   19.2734
   -7.5000  -30.0000  -30.000011448.3311   20.1817
    0.0000  -30.0000  -30.000012204.4346   20.2007
    7.5000  -30.0000  -30.000011919.1572   20.2430
   -7.5000  -22.5000  -30.000011494.0205   21.1370
    0.0000  -22.5000  -30.000012254.9150   21.1572
    7.5000  -22.5000  -30.000011969.1670   21.2010
   -7.5000  -15.0000  -30.000011447.7822   22.0424
    0.0000  -15.0000  -30.000012190.8340   22.0728
    7.5000  -15.0000  -30.000011873.0547   22.1286
   -7.5000   -7.5000  -30.000011334.5693   22.8764
    0.0000   -7.5000  -30.000012077.2402   22.9204
    7.5000   -7.5000  -30.000011730.1914   22.9905
   -7.5000    0.0000  -30.000011148.6826   23.6366
    0.0000    0.0000  -30.000011865.2363   23.6852
    7.5000    0.0000  -30.000011515.7783   23.7594
   -7.5000    7.5000  -30.000010368.1533   23.5294
    0.0000    7.5000  -30.000010980.4170   23.5645
    7.5000    7.5000  -30.000010629.1836   23.6264
   -7.5000   15.0000  -30.0000 9583.9971   23.4580
    0.0000   15.0000  -30.000010172.1074   23.4801
    7.5000   15.0000  -30.0000 9854.8906   23.5293
   -7.5000   22.5000  -30.0000 8858.8916   23.4583
    0.0000   22.5000  -30.0000 9386.3926   23.4809
    7.5000   22.5000  -30.0000 9095.7383   23.5292
   -7.5000   30.0000  -30.0000 8145.1470   23.6736
    0.0000   30.0000  -30.0000 8626.6523   23.7056
    7.5000   30.0000  -30.0000 8373.8359   23.7661
   -7.5000   37.5000  -30.0000 7791.4912   24.1411
    0.0000   37.5000  -30.0000 8241.0811   24.1857
    7.5000   37.5000  -30.0000 7980.4512   24.2585
   -7.5000   45.0000  -30.0000 7196.5566   24.5577
    0.0000   45.0000  -30.0000 7590.5747   24.6090
    7.5000   45.0000  -30.0000 7368.6865   24.6865
   -7.5000  -45.0000  -22.500012166.8936   19.7735
    0.0000  -45.0000  -22.500012975.6123   19.8043
    7.5000  -45.0000  -22.500012692.6514   19.8499
   -7.5000  -37.5000  -22.500012305.4150   19.7516
    0.0000  -37.5000  -22.500013122.6592   19.7791
    7.5000  -37.5000  -22.500012823.6582   19.8258
   -7.5000  -30.0000  -22.500012474.7549   20.7780
    0.0000  -30.0000  -22.500013283.6182   20.8010
    7.5000  -30.0000  -22.500012965.5967   20.8482
   -7.5000  -22.5000  -22.500012513.1475   21.7734
    0.0000  -22.5000  -22.500013320.0928   21.7939
    7.5000  -22.5000  -22.500012992.5312   21.8397
   -7.5000  -15.0000  -22.500012469.4873   22.7197
    0.0000  -15.0000  -22.500013273.4385   22.7417
    7.5000  -15.0000  -22.500012927.2979   22.7882
   -7.5000   -7.5000  -22.500012345.0684   23.6015
    0.0000   -7.5000  -22.500013137.5703   23.6321
    7.5000   -7.5000  -22.500012747.3564   23.6830
   -7.5000    0.0000  -22.500012152.0869   24.4140
    0.0000    0.0000  -22.500012922.0410   24.4519
    7.5000    0.0000  -22.500012520.4854   24.5083
   -7.5000    7.5000  -22.500011308.0830   24.3028
    0.0000    7.5000  -22.500011968.2500   24.3366
    7.5000    7.5000  -22.500011574.4434   24.3941
   -7.5000   15.0000  -22.500010468.4600   24.2257
    0.0000   15.0000  -22.500011085.3184   24.2526
    7.5000   15.0000  -22.500010714.2451   24.3076
   -7.5000   22.5000  -22.5000 9700.0029   24.2232
    0.0000   22.5000  -22.500010253.6455   24.2461
    7.5000   22.5000  -22.5000 9914.4336   24.2967
   -7.5000   30.0000  -22.5000 8926.6396   24.4437
    0.0000   30.0000  -22.5000 9428.8066   24.4664
    7.5000   30.0000  -22.5000 9119.1611   24.5167
   -7.5000   37.5000  -22.5000 8544.8760   24.9376
    0.0000   37.5000  -22.5000 9032.6787   24.9672
    7.5000   37.5000  -22.5000 8713.0186   25.0182
   -7.5000   45.0000  -22.5000 7893.9404   25.3773
    0.0000   45.0000  -22.5000 8326.3760   25.4176
    7.5000   45.0000  -22.5000 8040.7451   25.4760
   -7.5000  -45.0000  -15.000013190.4805   20.1263
    0.0000  -45.0000  -15.000014071.7139   20.1546
    7.5000  -45.0000  -15.000013709.4766   20.1970
   -7.5000  -37.5000  -15.000013361.1924   20.1134
    0.0000  -37.5000  -15.000014246.8662   20.1430
    7.5000  -37.5000  -15.000013872.1709   20.1880
   -7.5000  -30.0000  -15.000013534.0449   21.1742
    0.0000  -30.0000  -15.000014408.8555   21.2005
    7.5000  -30.0000  -15.000014032.7148   21.2462
   -7.5000  -22.5000  -15.000013558.9697   22.1972
    0.0000  -22.5000  -15.000014410.2520   22.2166
    7.5000  -22.5000  -15.000014025.5117   22.2598
   -7.5000  -15.0000  -15.000013508.8906   23.1612
    0.0000  -15.0000  -15.000014339.9141   23.1774
    7.5000  -15.0000  -15.000013943.8955   23.2204
   -7.5000   -7.5000  -15.000013395.1621   24.0658
    0.0000   -7.5000  -15.000014200.0684   24.0898
    7.5000   -7.5000  -15.000013762.9775   24.1364
   -7.5000    0.0000  -15.000013200.9346   24.9143
    0.0000    0.0000  -15.000013969.8848   24.9494
    7.5000    0.0000  -15.000013522.5166   25.0019
   -7.5000    7.5000  -15.000012305.9072   24.8112
    0.0000    7.5000  -15.000012982.2227   24.8477
    7.5000    7.5000  -15.000012543.8516   24.9031
   -7.5000   15.0000  -15.000011400.8174   24.7434
    0.0000   15.0000  -15.000012030.4766   24.7741
    7.5000   15.0000  -15.000011599.4893   24.8276
   -7.5000   22.5000  -15.000010554.5645   24.7396
    0.0000   22.5000  -15.000011143.8115   24.7613
    7.5000   22.5000  -15.000010761.3760   24.8088
   -7.5000   30.0000  -15.0000 9765.0117   24.9494
    0.0000   30.0000  -15.000010295.0244   24.9665
    7.5000   30.0000  -15.0000 9933.9590   25.0139
   -7.5000   37.5000  -15.0000 9356.2686   25.4459
    0.0000   37.5000  -15.0000 9868.0635   25.4683
    7.5000   37.5000  -15.0000 9501.2734   25.5149
   -7.5000   45.0000  -15.0000 8631.8750   25.8962
    0.0000   45.0000  -15.0000 9109.1006   25.9333
    7.5000   45.0000  -15.0000 8778.2930   25.9890
   -7.5000  -45.0000   -7.500014208.2031   20.3007
    0.0000  -45.0000   -7.500015110.7383   20.3382
    7.5000  -45.0000   -7.500014742.4922   20.3970
   -7.5000  -37.5000   -7.500014390.6699   20.2987
    0.0000  -37.5000   -7.500015272.8232   20.3342
    7.5000  -37.5000   -7.500014906.0635   20.3862
   -7.5000  -30.0000   -7.500014574.2012   21.3901
    0.0000  -30.0000   -7.500015453.2686   21.4179
    7.5000  -30.0000   -7.500015073.0762   21.4616
   -7.5000  -22.5000   -7.500014618.4385   22.4347
    0.0000  -22.5000   -7.500015485.2256   22.4551
    7.5000  -22.5000   -7.500015075.0938   22.4978
   -7.5000  -15.0000   -7.500014533.4375   23.4087
    0.0000  -15.0000   -7.500015413.2148   23.4304
    7.5000  -15.0000   -7.500014960.3574   23.4841
   -7.5000   -7.5000   -7.500014425.8525   24.3193
    0.0000   -7.5000   -7.500015264.7217   24.3537
    7.5000   -7.5000   -7.500014767.0869   24.4208
   -7.5000    0.0000   -7.500014213.6045   25.1864
    0.0000    0.0000   -7.500015022.4219   25.2328
    7.5000    0.0000   -7.500014517.3037   25.3058
   -7.5000    7.5000   -7.500013275.5830   25.0940
    0.0000    7.5000   -7.500014020.3359   25.1379
    7.5000    7.5000   -7.500013492.6240   25.2022
   -7.5000   15.0000   -7.500012346.3477   25.0423
    0.0000   15.0000   -7.500013040.3779   25.0748
    7.5000   15.0000   -7.500012524.3262   25.1260
   -7.5000   22.5000   -7.500011437.5674   25.0398
    0.0000   22.5000   -7.500012064.4307   25.0625
    7.5000   22.5000   -7.500011599.7109   25.1095
   -7.5000   30.0000   -7.500010586.6689   25.2367
    0.0000   30.0000   -7.500011163.0352   25.2608
    7.5000   30.0000   -7.500010754.4600   25.3210
   -7.5000   37.5000   -7.500010192.9268   25.7146
    0.0000   37.5000   -7.500010747.0352   25.7487
    7.5000   37.5000   -7.500010364.4756   25.8193
   -7.5000   45.0000   -7.5000 9423.2168   26.1602
    0.0000   45.0000   -7.5000 9935.5938   26.2093
    7.5000   45.0000   -7.5000 9620.4717   26.2891
   -7.5000  -45.0000    0.000015045.9189   20.4390
    0.0000  -45.0000    0.000015969.6143   20.4879
    7.5000  -45.0000    0.000015597.3965   20.5664
   -7.5000  -37.5000    0.000015265.4307   20.4372
    0.0000  -37.5000    0.000016169.9990   20.4764
    7.5000  -37.5000    0.000015768.6641   20.5372
   -7.5000  -30.0000    0.000015453.9189   21.5496
    0.0000  -30.0000    0.000016370.4053   21.5753
    7.5000  -30.0000    0.000015924.1348   21.6190
   -7.5000  -22.5000    0.000015470.3223   22.6170
    0.0000  -22.5000    0.000016415.1738   22.6388
    7.5000  -22.5000    0.000015935.1328   22.6844
   -7.5000  -15.0000    0.000015373.5820   23.6125
    0.0000  -15.0000    0.000016344.4277   23.6454
    7.5000  -15.0000    0.000015869.3467   23.7133
   -7.5000   -7.5000    0.000015291.9307   24.5371
    0.0000   -7.5000    0.000016221.7598   24.5885
    7.5000   -7.5000    0.000015688.0498   24.6807
   -7.5000    0.0000    0.000015118.7627   25.4175
    0.0000    0.0000    0.000016028.4229   25.4784
    7.5000    0.0000    0.000015498.3359   25.5761
   -7.5000    7.5000    0.000014141.1162   25.3254
    0.0000    7.5000    0.000014985.0889   25.3740
    7.5000    7.5000    0.000014436.0098   25.4493
   -7.5000   15.0000    0.000013175.5312   25.2822
    0.0000   15.0000    0.000013941.3242   25.3123
    7.5000   15.0000    0.000013418.8516   25.3635
   -7.5000   22.5000    0.000012226.0049   25.2842
    0.0000   22.5000    0.000012925.8418   25.3087
    7.5000   22.5000    0.000012440.9688   25.3590
   -7.5000   30.0000    0.000011335.6191   25.4836
    0.0000   30.0000    0.000011974.0703   25.5199
    7.5000   30.0000    0.000011546.0928   25.5962
   -7.5000   37.5000    0.000010940.7734   25.9483
    0.0000   37.5000    0.000011538.2031   26.0012
    7.5000   37.5000    0.000011146.8447   26.1001
   -7.5000   45.0000    0.000010118.5352   26.3839
    0.0000   45.0000    0.000010697.8887   26.4477
    7.5000   45.0000    0.000010350.7217   26.5540
   -7.5000  -45.0000    7.500014733.1006   20.4059
    0.0000  -45.0000    7.500015613.8350   20.4562
    7.5000  -45.0000    7.500015168.9463   20.5354
   -7.5000  -37.5000    7.500014943.7207   20.3931
    0.0000  -37.5000    7.500015846.1201   20.4287
    7.5000  -37.5000    7.500015403.0674   20.4882
   -7.5000  -30.0000    7.500015124.9639   21.4930
    0.0000  -30.0000    7.500016078.1338   21.5137
    7.5000  -30.0000    7.500015601.6348   21.5560
   -7.5000  -22.5000    7.500015111.5791   22.5597
    0.0000  -22.5000    7.500016109.5049   22.5811
    7.5000  -22.5000    7.500015660.9482   22.6266
   -7.5000  -15.0000    7.500015022.0205   23.5686
    0.0000  -15.0000    7.500016029.2041   23.6056
    7.5000  -15.0000    7.500015594.7100   23.6747
   -7.5000   -7.5000    7.500014934.7422   24.5085
    0.0000   -7.5000    7.500015882.8643   24.5650
    7.5000   -7.5000    7.500015438.0537   24.6590
   -7.5000    0.0000    7.500014762.2822   25.3921
    0.0000    0.0000    7.500015693.5186   25.4547
    7.5000    0.0000    7.500015204.3438   25.5532
   -7.5000    7.5000    7.500013838.6230   25.2861
    0.0000    7.5000    7.500014733.4023   25.3302
    7.5000    7.5000    7.500014206.3105   25.4041
   -7.5000   15.0000    7.500012936.3594   25.2290
    0.0000   15.0000    7.500013745.6250   25.2533
    7.5000   15.0000    7.500013244.3340   25.3029
   -7.5000   22.5000    7.500012043.6895   25.2315
    0.0000   22.5000    7.500012758.8848   25.2556
    7.5000   22.5000    7.500012278.5098   25.3062
   -7.5000   30.0000    7.500011175.6895   25.4480
    0.0000   30.0000    7.500011807.7012   25.4882
    7.5000   30.0000    7.500011400.7188   25.5649
   -7.5000   37.5000    7.500010816.9932   25.9251
    0.0000   37.5000    7.500011405.9570   25.9833
    7.5000   37.5000    7.500011032.1494   26.0836
   -7.5000   45.0000    7.500010062.0898   26.3648
    0.0000   45.0000    7.500010607.8262   26.4302
    7.5000   45.0000    7.500010286.4092   26.5352
   -7.5000  -45.0000   15.000014113.9688   20.3545
    0.0000  -45.0000   15.000015102.4258   20.3964
    7.5000  -45.0000   15.000014622.0947   20.4603
   -7.5000  -37.5000   15.000014279.8086   20.3317
    0.0000  -37.5000   15.000015289.9971   20.3621
    7.5000  -37.5000   15.000014790.5039   20.4156
   -7.5000  -30.0000   15.000014466.0723   21.4105
    0.0000  -30.0000   15.000015507.0645   21.4305
    7.5000  -30.0000   15.000015010.4990   21.4755
   -7.5000  -22.5000   15.000014491.6582   22.4673
    0.0000  -22.5000   15.000015517.4697   22.4888
    7.5000  -22.5000   15.000015075.6631   22.5353
   -7.5000  -15.0000   15.000014489.5693   23.4852
    0.0000  -15.0000   15.000015438.3320   23.5175
    7.5000  -15.0000   15.000015012.6973   23.5770
   -7.5000   -7.5000   15.000014455.8076   24.4447
    0.0000   -7.5000   15.000015311.9336   24.4918
    7.5000   -7.5000   15.000014878.5254   24.5667
   -7.5000    0.0000   15.000014303.9658   25.3401
    0.0000    0.0000   15.000015127.1455   25.3923
    7.5000    0.0000   15.000014680.2842   25.4718
   -7.5000    7.5000   15.000013422.4287   25.2239
    0.0000    7.5000   15.000014207.7148   25.2616
    7.5000    7.5000   15.000013759.0098   25.3279
   -7.5000   15.0000   15.000012551.5742   25.1480
    0.0000   15.0000   15.000013280.5771   25.1716
    7.5000   15.0000   15.000012860.9199   25.2244
   -7.5000   22.5000   15.000011677.6445   25.1453
    0.0000   22.5000   15.000012337.1602   25.1695
    7.5000   22.5000   15.000011912.2539   25.2213
   -7.5000   30.0000   15.000010862.9443   25.3752
    0.0000   30.0000   15.000011441.0098   25.4095
    7.5000   30.0000   15.000011054.5664   25.4744
   -7.5000   37.5000   15.000010514.4570   25.8764
    0.0000   37.5000   15.000011070.5410   25.9242
    7.5000   37.5000   15.000010695.6455   26.0022
   -7.5000   45.0000   15.0000 9806.6172   26.3298
    0.0000   45.0000   15.000010333.0068   26.3847
    7.5000   45.0000   15.0000 9986.8213   26.4679
   -7.5000  -45.0000   22.500013353.8594   20.2594
    0.0000  -45.0000   22.500014194.9316   20.2910
    7.5000  -45.0000   22.500013894.4131   20.3379
   -7.5000  -37.5000   22.500013547.0010   20.2369
    0.0000  -37.5000   22.500014395.7871   20.2651
    7.5000  -37.5000   22.500014072.1611   20.3131
   -7.5000  -30.0000   22.500013747.2871   21.3089
    0.0000  -30.0000   22.500014604.8682   21.3326
    7.5000  -30.0000   22.500014284.6738   21.3811
   -7.5000  -22.5000   22.500013831.3984   22.3585
    0.0000  -22.5000   22.500014665.1533   22.3796
    7.5000  -22.5000   22.500014351.0156   22.4267
   -7.5000  -15.0000   22.500013842.6348   23.3699
    0.0000  -15.0000   22.500014611.2754   23.3925
    7.5000  -15.0000   22.500014290.5283   23.4405
   -7.5000   -7.5000   22.500013804.9238   24.3281
    0.0000   -7.5000   22.500014520.9111   24.3597
    7.5000   -7.5000   22.500014147.9834   24.4123
   -7.5000    0.0000   22.500013663.6777   25.2236
    0.0000    0.0000   22.500014404.1006   25.2629
    7.5000    0.0000   22.500013971.2939   25.3213
   -7.5000    7.5000   22.500012831.7139   25.1099
    0.0000    7.5000   22.500013556.3779   25.1449
    7.5000    7.5000   22.500013102.4893   25.2044
   -7.5000   15.0000   22.500012003.1875   25.0330
    0.0000   15.0000   22.500012692.7275   25.0608
    7.5000   15.0000   22.500012251.5820   25.1178
   -7.5000   22.5000   22.500011183.2852   25.0303
    0.0000   22.5000   22.500011804.1797   25.0541
    7.5000   22.5000   22.500011386.5732   25.1065
   -7.5000   30.0000   22.500010409.0654   25.2599
    0.0000   30.0000   22.500010940.9971   25.2835
    7.5000   30.0000   22.500010543.0098   25.3356
   -7.5000   37.5000   22.500010108.1934   25.7704
    0.0000   37.5000   22.500010601.6699   25.8011
    7.5000   37.5000   22.500010232.2871   25.8539
   -7.5000   45.0000   22.5000 9433.6035   26.2303
    0.0000   45.0000   22.5000 9919.9023   26.2720
    7.5000   45.0000   22.5000 9585.1455   26.3326
   -7.5000  -45.0000   30.000012429.3916   20.1891
    0.0000  -45.0000   30.000013148.2637   20.2171
    7.5000  -45.0000   30.000012820.7812   20.2602
   -7.5000  -37.5000   30.000012608.1973   20.1762
    0.0000  -37.5000   30.000013372.5410   20.2055
    7.5000  -37.5000   30.000013013.0566   20.2512
   -7.5000  -30.0000   30.000012831.1621   21.2553
    0.0000  -30.0000   30.000013580.7812   21.2812
    7.5000  -30.0000   30.000013227.1006   21.3276
   -7.5000  -22.5000   30.000012965.7168   22.3020
    0.0000  -22.5000   30.000013693.1680   22.3208
    7.5000  -22.5000   30.000013326.5225   22.3647
   -7.5000  -15.0000   30.000012996.3271   23.2991
    0.0000  -15.0000   30.000013703.3887   23.3147
    7.5000  -15.0000   30.000013351.1631   23.3584
   -7.5000   -7.5000   30.000012952.0947   24.2439
    0.0000   -7.5000   30.000013647.7607   24.2674
    7.5000   -7.5000   30.000013279.1064   24.3150
   -7.5000    0.0000   30.000012884.4307   25.1367
    0.0000    0.0000   30.000013585.1553   25.1715
    7.5000    0.0000   30.000013156.6357   25.2252
   -7.5000    7.5000   30.000012087.8721   25.0370
    0.0000    7.5000   30.000012775.6748   25.0733
    7.5000    7.5000   30.000012342.7988   25.1300
   -7.5000   15.0000   30.000011300.5039   24.9744
    0.0000   15.0000   30.000011948.9443   25.0047
    7.5000   15.0000   30.000011538.2422   25.0592
   -7.5000   22.5000   30.000010566.6680   24.9737
    0.0000   22.5000   30.000011116.2646   24.9948
    7.5000   22.5000   30.000010732.6104   25.0434
   -7.5000   30.0000   30.0000 9847.8369   25.1901
    0.0000   30.0000   30.000010303.9941   25.2068
    7.5000   30.0000   30.0000 9940.4941   25.2551
   -7.5000   37.5000   30.0000 9564.5273   25.6907
    0.0000   37.5000   30.000010037.9365   25.7126
    7.5000   37.5000   30.0000 9674.7188   25.7603
   -7.5000   45.0000   30.0000 8951.6025   26.1513
    0.0000   45.0000   30.0000 9427.3848   26.1883
    7.5000   45.0000   30.0000 9097.7607   26.2451
   -7.5000  -45.0000   37.500011963.5049   20.4774
    0.0000  -45.0000   37.500012653.1523   20.5153
    7.5000  -45.0000   37.500012326.5479   20.5762
   -7.5000  -37.5000   37.500012160.4561   20.4762
    0.0000  -37.5000   37.500012868.5703   20.5121
    7.5000  -37.5000   37.500012525.3428   20.5657
   -7.5000  -30.0000   37.500012399.2881   21.5884
    0.0000  -30.0000   37.500013086.9570   21.6163
    7.5000  -30.0000   37.500012741.0869   21.6613
   -7.5000  -22.5000   37.500012533.0166   22.6549
    0.0000  -22.5000   37.500013230.0488   22.6751
    7.5000  -22.5000   37.500012870.6865   22.7190
   -7.5000  -15.0000   37.500012578.2539   23.6560
    0.0000  -15.0000   37.500013272.6592   23.6774
    7.5000  -15.0000   37.500012907.5000   23.7328
   -7.5000   -7.5000   37.500012568.5742   24.5971
    0.0000   -7.5000   37.500013280.8643   24.6316
    7.5000   -7.5000   37.500012890.3311   24.7012
   -7.5000    0.0000   37.500012519.4609   25.4956
    0.0000    0.0000   37.500013242.8760   25.5428
    7.5000    0.0000   37.500012809.5342   25.6186
   -7.5000    7.5000   37.500011776.0566   25.4092
    0.0000    7.5000   37.500012434.4443   25.4538
    7.5000    7.5000   37.500011991.0000   25.5203
   -7.5000   15.0000   37.500011032.1279   25.3657
    0.0000   15.0000   37.500011643.5781   25.3984
    7.5000   15.0000   37.500011238.9453   25.4513
   -7.5000   22.5000   37.500010347.6533   25.3676
    0.0000   22.5000   37.500010864.2393   25.3902
    7.5000   22.5000   37.500010472.4033   25.4388
   -7.5000   30.0000   37.5000 9634.8945   25.5732
    0.0000   30.0000   37.500010104.4443   25.5971
    7.5000   30.0000   37.5000 9737.9404   25.6594
   -7.5000   37.5000   37.5000 9377.3330   26.0570
    0.0000   37.5000   37.5000 9854.8867   26.0914
    7.5000   37.5000   37.5000 9506.3438   26.1646
   -7.5000   45.0000   37.5000 8798.4541   26.5151
    0.0000   45.0000   37.5000 9261.8652   26.5651
    7.5000   45.0000   37.5000 8933.1553   26.6478
   -7.5000  -45.0000   45.000010976.8877   20.8154
    0.0000  -45.0000   45.000011612.1992   20.8640
    7.5000  -45.0000   45.000011302.3398   20.9454
   -7.5000  -37.5000   45.000011187.8906   20.8158
    0.0000  -37.5000   45.000011823.9668   20.8540
    7.5000  -37.5000   45.000011505.7969   20.9167
   -7.5000  -30.0000   45.000011414.8369   21.9539
    0.0000  -30.0000   45.000012059.9365   21.9774
    7.5000  -30.0000   45.000011728.3887   22.0219
   -7.5000  -22.5000   45.000011566.6279   23.0458
    0.0000  -22.5000   45.000012181.7842   23.0648
    7.5000  -22.5000   45.000011874.6660   23.1110
   -7.5000  -15.0000   45.000011597.8350   24.0662
    0.0000  -15.0000   45.000012233.8418   24.0968
    7.5000  -15.0000   45.000011912.9404   24.1664
   -7.5000   -7.5000   45.000011604.8027   25.0149
    0.0000   -7.5000   45.000012277.0791   25.0653
    7.5000   -7.5000   45.000011927.2510   25.1607
   -7.5000    0.0000   45.000011560.2178   25.9181
    0.0000    0.0000   45.000012254.7979   25.9787
    7.5000    0.0000   45.000011850.4307   26.0800
   -7.5000    7.5000   45.000010940.2949   25.8344
    0.0000    7.5000   45.000011535.8643   25.8818
    7.5000    7.5000   45.000011133.4414   25.9595
   -7.5000   15.0000   45.000010292.4863   25.8019
    0.0000   15.0000   45.000010838.1738   25.8295
    7.5000   15.0000   45.000010445.8076   25.8817
   -7.5000   22.5000   45.0000 9673.1465   25.8124
    0.0000   22.5000   45.000010162.4561   25.8339
    7.5000   22.5000   45.0000 9794.4580   25.8850
   -7.5000   30.0000   45.0000 9012.2695   26.0253
    0.0000   30.0000   45.0000 9472.6035   26.0593
    7.5000   30.0000   45.0000 9157.5303   26.1376
   -7.5000   37.5000   45.0000 8782.7832   26.4952
    0.0000   37.5000   45.0000 9244.2061   26.5468
    7.5000   37.5000   45.0000 8943.3369   26.6488
   -7.5000   45.0000   45.0000 8237.7949   26.9426
    0.0000   45.0000   45.0000 8671.6191   27.0058
    7.5000   45.0000   45.0000 8388.0947   27.1157

---------------------------------------------------------------------
imgreg_4dfp /opt/freesurfer/average/3T18yoSchwartzReactN32_as_orig /opt/freesurfer/average/711-2B_as_mni_average_305_mask talsrcimg_g11 none talsrcimg_to_3T18yoSchwartzReactN32_as_orig_t4 4355
---------------------------------------------------------------------

freesurfer imgreg_4dfp.c
/opt/freesurfer/average/3T18yoSchwartzReactN32_as_orig.4dfp.img
       256       256       256         1
  1.000000  1.000000  1.000000
orientation T byte_order littleendian
Reading image: /opt/freesurfer/average/3T18yoSchwartzReactN32_as_orig.4dfp.img
dimensions:      256       256       256
mmppix:       1.0000   -1.0000   -1.0000
center:     128.0000 -129.0000 -129.0000
/opt/freesurfer/average/711-2B_as_mni_average_305_mask.4dfp.img
       256       256       256         1
  1.000000  1.000000  1.000000
orientation T byte_order littleendian
Reading mask: /opt/freesurfer/average/711-2B_as_mni_average_305_mask.4dfp.img (2306576 pixels)
talsrcimg_g11.4dfp.img
       256       256       256         1
  1.000000  1.000000  1.000000
orientation T byte_order littleendian
Reading image: talsrcimg_g11.4dfp.img
dimensions:      256       256       256
mmppix:       1.0000   -1.0000   -1.0000
center:     128.0000 -129.0000 -129.0000
rotation matrix determinant  1.000000
image alignment mode   4355 decimal     1103 hex
   -7.5000  -67.5000  -45.0000 1988.3027   20.8701
    0.0000  -67.5000  -45.0000 2018.3435   20.4095
    7.5000  -67.5000  -45.0000 2029.2101   20.2813
   -7.5000  -60.0000  -45.0000 2070.9531   20.0264
    0.0000  -60.0000  -45.0000 2100.9597   19.5526
    7.5000  -60.0000  -45.0000 2112.9966   19.3585
   -7.5000  -52.5000  -45.0000 2108.2878   19.3418
    0.0000  -52.5000  -45.0000 2138.6196   18.8315
    7.5000  -52.5000  -45.0000 2153.6440   18.6538
   -7.5000  -45.0000  -45.0000 2120.8069   19.0612
    0.0000  -45.0000  -45.0000 2155.1589   18.5421
    7.5000  -45.0000  -45.0000 2171.2603   18.3113
   -7.5000  -37.5000  -45.0000 2111.7996   19.1891
    0.0000  -37.5000  -45.0000 2149.2336   18.6505
    7.5000  -37.5000  -45.0000 2164.2590   18.3748
   -7.5000  -30.0000  -45.0000 2075.8496   19.6712
    0.0000  -30.0000  -45.0000 2111.7156   19.1146
    7.5000  -30.0000  -45.0000 2123.4978   18.7484
   -7.5000  -22.5000  -45.0000 2012.4193   20.6713
    0.0000  -22.5000  -45.0000 2043.4290   19.9751
    7.5000  -22.5000  -45.0000 2054.4343   19.5602
   -7.5000  -15.0000  -45.0000 1918.1594   22.0491
    0.0000  -15.0000  -45.0000 1947.8838   21.3193
    7.5000  -15.0000  -45.0000 1960.9486   20.8993
   -7.5000   -7.5000  -45.0000 1809.6329   24.1108
    0.0000   -7.5000  -45.0000 1835.5138   23.2583
    7.5000   -7.5000  -45.0000 1851.3350   22.8426
   -7.5000    0.0000  -45.0000 1684.6213   27.1011
    0.0000    0.0000  -45.0000 1704.3107   26.0845
    7.5000    0.0000  -45.0000 1717.2747   25.7147
   -7.5000    7.5000  -45.0000 1551.3132   31.3370
    0.0000    7.5000  -45.0000 1568.6467   30.1148
    7.5000    7.5000  -45.0000 1577.3456   29.5982
   -7.5000   15.0000  -45.0000 1419.5714   37.5133
    0.0000   15.0000  -45.0000 1431.3568   35.9997
    7.5000   15.0000  -45.0000 1431.3497   35.2973
   -7.5000   22.5000  -45.0000 1271.8687   46.2219
    0.0000   22.5000  -45.0000 1280.8300   44.3602
    7.5000   22.5000  -45.0000 1287.9125   43.7195
   -7.5000  -67.5000  -37.5000 2083.7551   19.2730
    0.0000  -67.5000  -37.5000 2118.3782   18.8007
    7.5000  -67.5000  -37.5000 2135.3750   18.7181
   -7.5000  -60.0000  -37.5000 2170.3494   18.4791
    0.0000  -60.0000  -37.5000 2210.0334   18.0306
    7.5000  -60.0000  -37.5000 2228.8076   17.9027
   -7.5000  -52.5000  -37.5000 2217.4849   17.9377
    0.0000  -52.5000  -37.5000 2255.6514   17.4351
    7.5000  -52.5000  -37.5000 2284.0398   17.3313
   -7.5000  -45.0000  -37.5000 2232.2954   17.7031
    0.0000  -45.0000  -37.5000 2275.0461   17.1967
    7.5000  -45.0000  -37.5000 2302.8394   17.0501
   -7.5000  -37.5000  -37.5000 2225.9880   17.8166
    0.0000  -37.5000  -37.5000 2268.1304   17.2796
    7.5000  -37.5000  -37.5000 2295.5005   17.0824
   -7.5000  -30.0000  -37.5000 2191.8193   18.2470
    0.0000  -30.0000  -37.5000 2234.1030   17.7177
    7.5000  -30.0000  -37.5000 2254.6123   17.4110
   -7.5000  -22.5000  -37.5000 2129.0432   19.1459
    0.0000  -22.5000  -37.5000 2163.8142   18.5185
    7.5000  -22.5000  -37.5000 2186.5349   18.1700
   -7.5000  -15.0000  -37.5000 2031.9469   20.4217
    0.0000  -15.0000  -37.5000 2063.0884   19.7443
    7.5000  -15.0000  -37.5000 2087.7332   19.4093
   -7.5000   -7.5000  -37.5000 1920.1467   22.3460
    0.0000   -7.5000  -37.5000 1951.2057   21.5850
    7.5000   -7.5000  -37.5000 1974.4178   21.2623
   -7.5000    0.0000  -37.5000 1791.3783   24.9657
    0.0000    0.0000  -37.5000 1816.1028   24.1197
    7.5000    0.0000  -37.5000 1834.5386   23.7717
   -7.5000    7.5000  -37.5000 1658.4529   28.7676
    0.0000    7.5000  -37.5000 1671.6813   27.6992
    7.5000    7.5000  -37.5000 1685.0394   27.3003
   -7.5000   15.0000  -37.5000 1508.8528   34.1722
    0.0000   15.0000  -37.5000 1523.6625   32.8325
    7.5000   15.0000  -37.5000 1528.1901   32.1948
   -7.5000   22.5000  -37.5000 1368.3713   41.9231
    0.0000   22.5000  -37.5000 1376.3392   40.0801
    7.5000   22.5000  -37.5000 1378.8221   39.5729
   -7.5000  -67.5000  -30.0000 2217.9739   18.3645
    0.0000  -67.5000  -30.0000 2255.0591   17.8993
    7.5000  -67.5000  -30.0000 2279.1067   17.8661
   -7.5000  -60.0000  -30.0000 2315.6357   17.6093
    0.0000  -60.0000  -30.0000 2355.3821   17.1547
    7.5000  -60.0000  -30.0000 2382.7422   17.0736
   -7.5000  -52.5000  -30.0000 2375.8428   17.1607
    0.0000  -52.5000  -30.0000 2417.6301   16.6652
    7.5000  -52.5000  -30.0000 2455.3853   16.6042
   -7.5000  -45.0000  -30.0000 2398.5610   17.0068
    0.0000  -45.0000  -30.0000 2444.7380   16.5036
    7.5000  -45.0000  -30.0000 2478.7319   16.3955
   -7.5000  -37.5000  -30.0000 2392.8608   17.1217
    0.0000  -37.5000  -30.0000 2441.1045   16.6019
    7.5000  -37.5000  -30.0000 2473.4370   16.4450
   -7.5000  -30.0000  -30.0000 2354.2029   17.5617
    0.0000  -30.0000  -30.0000 2403.5786   17.0096
    7.5000  -30.0000  -30.0000 2431.1870   16.7708
   -7.5000  -22.5000  -30.0000 2281.4438   18.3376
    0.0000  -22.5000  -30.0000 2331.5925   17.7612
    7.5000  -22.5000  -30.0000 2358.6819   17.4507
   -7.5000  -15.0000  -30.0000 2186.2544   19.5885
    0.0000  -15.0000  -30.0000 2229.3923   18.9576
    7.5000  -15.0000  -30.0000 2251.7808   18.6351
   -7.5000   -7.5000  -30.0000 2069.4844   21.3802
    0.0000   -7.5000  -30.0000 2109.9414   20.6803
    7.5000   -7.5000  -30.0000 2128.4187   20.3725
   -7.5000    0.0000  -30.0000 1930.5964   23.8111
    0.0000    0.0000  -30.0000 1968.8174   23.1053
    7.5000    0.0000  -30.0000 1985.9832   22.7747
   -7.5000    7.5000  -30.0000 1791.2081   27.3218
    0.0000    7.5000  -30.0000 1809.5548   26.4062
    7.5000    7.5000  -30.0000 1820.9220   25.9768
   -7.5000   15.0000  -30.0000 1631.2462   32.2141
    0.0000   15.0000  -30.0000 1651.5123   30.9774
    7.5000   15.0000  -30.0000 1662.2452   30.4453
   -7.5000   22.5000  -30.0000 1479.5010   39.3241
    0.0000   22.5000  -30.0000 1483.5928   37.4967
    7.5000   22.5000  -30.0000 1492.0137   37.0677
   -7.5000  -67.5000  -22.5000 2323.2656   17.3853
    0.0000  -67.5000  -22.5000 2360.9209   16.9011
    7.5000  -67.5000  -22.5000 2387.6565   16.8748
   -7.5000  -60.0000  -22.5000 2438.5454   16.6667
    0.0000  -60.0000  -22.5000 2477.9241   16.1990
    7.5000  -60.0000  -22.5000 2507.4099   16.1392
   -7.5000  -52.5000  -22.5000 2510.9692   16.2721
    0.0000  -52.5000  -22.5000 2557.2361   15.7945
    7.5000  -52.5000  -22.5000 2590.8184   15.7195
   -7.5000  -45.0000  -22.5000 2538.7002   16.1531
    0.0000  -45.0000  -22.5000 2594.6978   15.6895
    7.5000  -45.0000  -22.5000 2628.3240   15.6029
   -7.5000  -37.5000  -22.5000 2535.9524   16.3149
    0.0000  -37.5000  -22.5000 2590.7556   15.8117
    7.5000  -37.5000  -22.5000 2624.1462   15.6828
   -7.5000  -30.0000  -22.5000 2491.2415   16.7590
    0.0000  -30.0000  -22.5000 2545.9006   16.2060
    7.5000  -30.0000  -22.5000 2576.0222   16.0115
   -7.5000  -22.5000  -22.5000 2417.0769   17.5082
    0.0000  -22.5000  -22.5000 2469.6702   16.9244
    7.5000  -22.5000  -22.5000 2499.3967   16.6881
   -7.5000  -15.0000  -22.5000 2320.7546   18.6786
    0.0000  -15.0000  -22.5000 2369.3254   18.0530
    7.5000  -15.0000  -22.5000 2394.4622   17.8142
   -7.5000   -7.5000  -22.5000 2195.5681   20.3380
    0.0000   -7.5000  -22.5000 2240.5808   19.6920
    7.5000   -7.5000  -22.5000 2254.7781   19.4173
   -7.5000    0.0000  -22.5000 2050.4954   22.5993
    0.0000    0.0000  -22.5000 2090.3464   21.9334
    7.5000    0.0000  -22.5000 2102.5249   21.5989
   -7.5000    7.5000  -22.5000 1904.2670   25.8319
    0.0000    7.5000  -22.5000 1923.7537   25.0012
    7.5000    7.5000  -22.5000 1930.8711   24.5338
   -7.5000   15.0000  -22.5000 1735.1678   30.2714
    0.0000   15.0000  -22.5000 1760.5758   29.1696
    7.5000   15.0000  -22.5000 1762.8063   28.7003
   -7.5000   22.5000  -22.5000 1580.7502   36.6801
    0.0000   22.5000  -22.5000 1593.6851   35.2361
    7.5000   22.5000  -22.5000 1593.7144   34.6712
   -7.5000  -67.5000  -15.0000 2400.3357   16.5495
    0.0000  -67.5000  -15.0000 2440.6501   16.0338
    7.5000  -67.5000  -15.0000 2464.0549   15.9827
   -7.5000  -60.0000  -15.0000 2526.8240   15.8422
    0.0000  -60.0000  -15.0000 2572.0410   15.3161
    7.5000  -60.0000  -15.0000 2598.5520   15.2530
   -7.5000  -52.5000  -15.0000 2606.8052   15.4579
    0.0000  -52.5000  -15.0000 2661.8916   14.9704
    7.5000  -52.5000  -15.0000 2693.2219   14.8822
   -7.5000  -45.0000  -15.0000 2644.4460   15.3694
    0.0000  -45.0000  -15.0000 2708.4053   14.8940
    7.5000  -45.0000  -15.0000 2738.9534   14.8116
   -7.5000  -37.5000  -15.0000 2646.5117   15.5712
    0.0000  -37.5000  -15.0000 2711.4243   15.0663
    7.5000  -37.5000  -15.0000 2739.3623   14.9305
   -7.5000  -30.0000  -15.0000 2601.9602   16.0222
    0.0000  -30.0000  -15.0000 2661.3787   15.4765
    7.5000  -30.0000  -15.0000 2692.9387   15.3202
   -7.5000  -22.5000  -15.0000 2519.7861   16.7513
    0.0000  -22.5000  -15.0000 2574.9033   16.1944
    7.5000  -22.5000  -15.0000 2605.5518   16.0163
   -7.5000  -15.0000  -15.0000 2417.3792   17.8784
    0.0000  -15.0000  -15.0000 2467.2915   17.2932
    7.5000  -15.0000  -15.0000 2495.2314   17.1087
   -7.5000   -7.5000  -15.0000 2291.9729   19.4410
    0.0000   -7.5000  -15.0000 2333.7041   18.8269
    7.5000   -7.5000  -15.0000 2351.5913   18.6117
   -7.5000    0.0000  -15.0000 2141.2944   21.5461
    0.0000    0.0000  -15.0000 2174.9026   20.9325
    7.5000    0.0000  -15.0000 2188.7415   20.6207
   -7.5000    7.5000  -15.0000 1985.3245   24.5673
    0.0000    7.5000  -15.0000 2006.7720   23.7963
    7.5000    7.5000  -15.0000 2017.1976   23.4094
   -7.5000   15.0000  -15.0000 1810.2646   28.7248
    0.0000   15.0000  -15.0000 1834.3378   27.7844
    7.5000   15.0000  -15.0000 1838.4421   27.3723
   -7.5000   22.5000  -15.0000 1643.1842   34.7511
    0.0000   22.5000  -15.0000 1666.1173   33.5374
    7.5000   22.5000  -15.0000 1673.7510   33.0203
   -7.5000  -67.5000   -7.5000 2447.3362   15.9872
    0.0000  -67.5000   -7.5000 2488.7769   15.4142
    7.5000  -67.5000   -7.5000 2511.0415   15.3125
   -7.5000  -60.0000   -7.5000 2591.2673   15.2748
    0.0000  -60.0000   -7.5000 2633.5154   14.6437
    7.5000  -60.0000   -7.5000 2660.9956   14.5331
   -7.5000  -52.5000   -7.5000 2680.2400   14.8497
    0.0000  -52.5000   -7.5000 2739.1177   14.3004
    7.5000  -52.5000   -7.5000 2772.6689   14.1987
   -7.5000  -45.0000   -7.5000 2721.5249   14.8134
    0.0000  -45.0000   -7.5000 2783.6741   14.2445
    7.5000  -45.0000   -7.5000 2819.9109   14.1387
   -7.5000  -37.5000   -7.5000 2723.8215   15.0302
    0.0000  -37.5000   -7.5000 2779.8093   14.4471
    7.5000  -37.5000   -7.5000 2819.3491   14.3515
   -7.5000  -30.0000   -7.5000 2672.6155   15.4737
    0.0000  -30.0000   -7.5000 2730.0447   14.9104
    7.5000  -30.0000   -7.5000 2770.7927   14.8164
   -7.5000  -22.5000   -7.5000 2591.4695   16.2114
    0.0000  -22.5000   -7.5000 2643.6875   15.6212
    7.5000  -22.5000   -7.5000 2679.7834   15.5029
   -7.5000  -15.0000   -7.5000 2474.2537   17.2595
    0.0000  -15.0000   -7.5000 2529.3511   16.6690
    7.5000  -15.0000   -7.5000 2556.9849   16.5317
   -7.5000   -7.5000   -7.5000 2347.0442   18.7525
    0.0000   -7.5000   -7.5000 2391.9790   18.1643
    7.5000   -7.5000   -7.5000 2409.7595   17.9718
   -7.5000    0.0000   -7.5000 2190.3445   20.8109
    0.0000    0.0000   -7.5000 2225.1853   20.1995
    7.5000    0.0000   -7.5000 2242.9607   19.9511
   -7.5000    7.5000   -7.5000 2034.1647   23.6799
    0.0000    7.5000   -7.5000 2058.6790   22.9798
    7.5000    7.5000   -7.5000 2064.7288   22.6133
   -7.5000   15.0000   -7.5000 1863.5604   27.6280
    0.0000   15.0000   -7.5000 1881.8582   26.7337
    7.5000   15.0000   -7.5000 1888.5800   26.3314
   -7.5000   22.5000   -7.5000 1687.2472   33.1837
    0.0000   22.5000   -7.5000 1700.6747   31.9047
    7.5000   22.5000   -7.5000 1708.6332   31.4738
   -7.5000  -67.5000    0.0000 2473.9495   15.6913
    0.0000  -67.5000    0.0000 2518.7354   15.1226
    7.5000  -67.5000    0.0000 2539.3042   14.9848
   -7.5000  -60.0000    0.0000 2619.3074   14.9134
    0.0000  -60.0000    0.0000 2661.8936   14.1945
    7.5000  -60.0000    0.0000 2682.1013   13.9911
   -7.5000  -52.5000    0.0000 2714.5063   14.4954
    0.0000  -52.5000    0.0000 2768.3296   13.7584
    7.5000  -52.5000    0.0000 2799.9585   13.5543
   -7.5000  -45.0000    0.0000 2761.0344   14.4544
    0.0000  -45.0000    0.0000 2823.0745   13.7939
    7.5000  -45.0000    0.0000 2869.6885   13.6737
   -7.5000  -37.5000    0.0000 2763.5996   14.6741
    0.0000  -37.5000    0.0000 2825.4097   14.1088
    7.5000  -37.5000    0.0000 2869.0483   14.0104
   -7.5000  -30.0000    0.0000 2712.2058   15.1270
    0.0000  -30.0000    0.0000 2775.2000   14.6042
    7.5000  -30.0000    0.0000 2810.8525   14.4671
   -7.5000  -22.5000    0.0000 2625.1326   15.8674
    0.0000  -22.5000    0.0000 2686.2578   15.3126
    7.5000  -22.5000    0.0000 2718.1819   15.1405
   -7.5000  -15.0000    0.0000 2506.1858   16.9287
    0.0000  -15.0000    0.0000 2563.2856   16.3583
    7.5000  -15.0000    0.0000 2598.8389   16.1768
   -7.5000   -7.5000    0.0000 2382.0022   18.4483
    0.0000   -7.5000    0.0000 2420.8613   17.8183
    7.5000   -7.5000    0.0000 2447.2104   17.6376
   -7.5000    0.0000    0.0000 2226.1248   20.4614
    0.0000    0.0000    0.0000 2257.9517   19.7893
    7.5000    0.0000    0.0000 2283.2351   19.5849
   -7.5000    7.5000    0.0000 2058.6802   23.1563
    0.0000    7.5000    0.0000 2087.6147   22.3957
    7.5000    7.5000    0.0000 2099.4331   22.0692
   -7.5000   15.0000    0.0000 1888.6093   26.9008
    0.0000   15.0000    0.0000 1909.8679   25.9042
    7.5000   15.0000    0.0000 1915.4521   25.4170
   -7.5000   22.5000    0.0000 1717.1854   32.2754
    0.0000   22.5000    0.0000 1732.1334   30.9104
    7.5000   22.5000    0.0000 1739.0341   30.4084
   -7.5000  -67.5000    7.5000 2494.4604   15.7161
    0.0000  -67.5000    7.5000 2537.0388   15.0725
    7.5000  -67.5000    7.5000 2554.8784   14.9571
   -7.5000  -60.0000    7.5000 2643.6113   14.9230
    0.0000  -60.0000    7.5000 2684.0923   14.1309
    7.5000  -60.0000    7.5000 2680.8264   13.8139
   -7.5000  -52.5000    7.5000 2734.0713   14.4081
    0.0000  -52.5000    7.5000 2778.8328   13.6114
    7.5000  -52.5000    7.5000 2807.7886   13.3777
   -7.5000  -45.0000    7.5000 2780.4514   14.3089
    0.0000  -45.0000    7.5000 2848.1294   13.7074
    7.5000  -45.0000    7.5000 2884.9988   13.5718
   -7.5000  -37.5000    7.5000 2788.6787   14.5369
    0.0000  -37.5000    7.5000 2854.3950   14.0744
    7.5000  -37.5000    7.5000 2892.8879   13.9309
   -7.5000  -30.0000    7.5000 2741.6953   15.0195
    0.0000  -30.0000    7.5000 2808.8826   14.5528
    7.5000  -30.0000    7.5000 2839.4275   14.3900
   -7.5000  -22.5000    7.5000 2648.8572   15.7570
    0.0000  -22.5000    7.5000 2715.9722   15.2569
    7.5000  -22.5000    7.5000 2750.7693   15.0668
   -7.5000  -15.0000    7.5000 2525.2947   16.7959
    0.0000  -15.0000    7.5000 2586.8394   16.2855
    7.5000  -15.0000    7.5000 2624.2266   16.1091
   -7.5000   -7.5000    7.5000 2391.5925   18.2518
    0.0000   -7.5000    7.5000 2436.7478   17.7267
    7.5000   -7.5000    7.5000 2469.2976   17.5502
   -7.5000    0.0000    7.5000 2232.8347   20.2360
    0.0000    0.0000    7.5000 2267.4199   19.6290
    7.5000    0.0000    7.5000 2288.9856   19.3850
   -7.5000    7.5000    7.5000 2074.2371   22.9643
    0.0000    7.5000    7.5000 2109.5054   22.2340
    7.5000    7.5000    7.5000 2112.7434   21.7959
   -7.5000   15.0000    7.5000 1910.3047   26.7175
    0.0000   15.0000    7.5000 1933.6555   25.6626
    7.5000   15.0000    7.5000 1935.5276   25.0775
   -7.5000   22.5000    7.5000 1735.9581   31.7077
    0.0000   22.5000    7.5000 1748.8164   30.3357
    7.5000   22.5000    7.5000 1750.2759   29.7844
   -7.5000  -67.5000   15.0000 2489.1865   15.8956
    0.0000  -67.5000   15.0000 2536.5217   15.2817
    7.5000  -67.5000   15.0000 2546.1843   15.1569
   -7.5000  -60.0000   15.0000 2646.1155   15.1787
    0.0000  -60.0000   15.0000 2692.6389   14.4614
    7.5000  -60.0000   15.0000 2708.3262   14.2880
   -7.5000  -52.5000   15.0000 2741.6514   14.6893
    0.0000  -52.5000   15.0000 2798.4424   14.0607
    7.5000  -52.5000   15.0000 2825.2556   13.9482
   -7.5000  -45.0000   15.0000 2782.1890   14.5081
    0.0000  -45.0000   15.0000 2849.2644   13.9994
    7.5000  -45.0000   15.0000 2870.6404   13.8912
   -7.5000  -37.5000   15.0000 2776.4250   14.6566
    0.0000  -37.5000   15.0000 2848.3342   14.2093
    7.5000  -37.5000   15.0000 2863.6733   14.0712
   -7.5000  -30.0000   15.0000 2728.0447   15.0692
    0.0000  -30.0000   15.0000 2804.0737   14.6330
    7.5000  -30.0000   15.0000 2818.8884   14.4662
   -7.5000  -22.5000   15.0000 2638.1172   15.7815
    0.0000  -22.5000   15.0000 2708.7700   15.3040
    7.5000  -22.5000   15.0000 2734.6555   15.1274
   -7.5000  -15.0000   15.0000 2530.8447   16.8795
    0.0000  -15.0000   15.0000 2587.4324   16.3334
    7.5000  -15.0000   15.0000 2612.9885   16.1527
   -7.5000   -7.5000   15.0000 2401.3196   18.3637
    0.0000   -7.5000   15.0000 2443.2480   17.8056
    7.5000   -7.5000   15.0000 2462.6570   17.6147
   -7.5000    0.0000   15.0000 2234.7158   20.3469
    0.0000    0.0000   15.0000 2271.4121   19.7047
    7.5000    0.0000   15.0000 2287.8740   19.4941
   -7.5000    7.5000   15.0000 2074.2668   23.0039
    0.0000    7.5000   15.0000 2105.9470   22.2094
    7.5000    7.5000   15.0000 2115.2844   21.8664
   -7.5000   15.0000   15.0000 1907.1335   26.5194
    0.0000   15.0000   15.0000 1932.2815   25.5440
    7.5000   15.0000   15.0000 1942.4260   25.0718
   -7.5000   22.5000   15.0000 1733.4707   31.4785
    0.0000   22.5000   15.0000 1750.2501   30.2384
    7.5000   22.5000   15.0000 1749.1931   29.6677
   -7.5000  -67.5000   22.5000 2479.5920   16.4169
    0.0000  -67.5000   22.5000 2520.5935   15.7410
    7.5000  -67.5000   22.5000 2530.3831   15.6309
   -7.5000  -60.0000   22.5000 2626.9851   15.6296
    0.0000  -60.0000   22.5000 2669.3284   14.9486
    7.5000  -60.0000   22.5000 2690.5120   14.8927
   -7.5000  -52.5000   22.5000 2721.0437   15.1266
    0.0000  -52.5000   22.5000 2773.3633   14.5840
    7.5000  -52.5000   22.5000 2805.5381   14.5615
   -7.5000  -45.0000   22.5000 2762.4331   14.9666
    0.0000  -45.0000   22.5000 2823.5647   14.5103
    7.5000  -45.0000   22.5000 2852.4951   14.4896
   -7.5000  -37.5000   22.5000 2757.9097   15.0978
    0.0000  -37.5000   22.5000 2819.4551   14.6418
    7.5000  -37.5000   22.5000 2850.0474   14.6634
   -7.5000  -30.0000   22.5000 2706.0312   15.4679
    0.0000  -30.0000   22.5000 2767.5698   14.9993
    7.5000  -30.0000   22.5000 2796.4167   14.9969
   -7.5000  -22.5000   22.5000 2622.7827   16.1341
    0.0000  -22.5000   22.5000 2679.6680   15.6177
    7.5000  -22.5000   22.5000 2709.0225   15.5412
   -7.5000  -15.0000   22.5000 2515.5515   17.1633
    0.0000  -15.0000   22.5000 2559.1631   16.6061
    7.5000  -15.0000   22.5000 2586.6248   16.4686
   -7.5000   -7.5000   22.5000 2383.6560   18.5799
    0.0000   -7.5000   22.5000 2418.5327   18.0227
    7.5000   -7.5000   22.5000 2433.9558   17.8101
   -7.5000    0.0000   22.5000 2222.0564   20.5297
    0.0000    0.0000   22.5000 2257.4048   19.8837
    7.5000    0.0000   22.5000 2268.0225   19.5878
   -7.5000    7.5000   22.5000 2066.7153   23.1787
    0.0000    7.5000   22.5000 2101.2793   22.4458
    7.5000    7.5000   22.5000 2109.3779   22.0831
   -7.5000   15.0000   22.5000 1900.3604   26.7834
    0.0000   15.0000   22.5000 1926.7532   25.8507
    7.5000   15.0000   22.5000 1937.1124   25.4253
   -7.5000   22.5000   22.5000 1725.9587   31.7337
    0.0000   22.5000   22.5000 1740.8895   30.4957
    7.5000   22.5000   22.5000 1746.5242   30.0146
   -7.5000  -67.5000   30.0000 2451.3384   17.1414
    0.0000  -67.5000   30.0000 2489.0959   16.4488
    7.5000  -67.5000   30.0000 2506.0964   16.3774
   -7.5000  -60.0000   30.0000 2590.4316   16.3332
    0.0000  -60.0000   30.0000 2634.5154   15.6932
    7.5000  -60.0000   30.0000 2653.5869   15.6644
   -7.5000  -52.5000   30.0000 2680.6267   15.8179
    0.0000  -52.5000   30.0000 2732.6963   15.3123
    7.5000  -52.5000   30.0000 2756.1731   15.2651
   -7.5000  -45.0000   30.0000 2716.4636   15.6334
    0.0000  -45.0000   30.0000 2768.8665   15.1804
    7.5000  -45.0000   30.0000 2795.6179   15.1451
   -7.5000  -37.5000   30.0000 2706.2466   15.7425
    0.0000  -37.5000   30.0000 2763.8665   15.2753
    7.5000  -37.5000   30.0000 2784.4045   15.2629
   -7.5000  -30.0000   30.0000 2658.7556   16.1001
    0.0000  -30.0000   30.0000 2709.5305   15.6245
    7.5000  -30.0000   30.0000 2737.1633   15.6255
   -7.5000  -22.5000   30.0000 2584.4180   16.7138
    0.0000  -22.5000   30.0000 2629.5093   16.2326
    7.5000  -22.5000   30.0000 2652.8047   16.1913
   -7.5000  -15.0000   30.0000 2478.8713   17.7045
    0.0000  -15.0000   30.0000 2516.5454   17.1418
    7.5000  -15.0000   30.0000 2542.9597   17.0529
   -7.5000   -7.5000   30.0000 2345.8948   19.0744
    0.0000   -7.5000   30.0000 2380.8374   18.4917
    7.5000   -7.5000   30.0000 2402.6572   18.3523
   -7.5000    0.0000   30.0000 2202.4780   21.0207
    0.0000    0.0000   30.0000 2233.9187   20.3800
    7.5000    0.0000   30.0000 2241.3765   20.1317
   -7.5000    7.5000   30.0000 2042.4482   23.6562
    0.0000    7.5000   30.0000 2078.0347   22.9575
    7.5000    7.5000   30.0000 2080.2715   22.5986
   -7.5000   15.0000   30.0000 1873.3762   27.2990
    0.0000   15.0000   30.0000 1904.9634   26.4138
    7.5000   15.0000   30.0000 1909.8883   26.0120
   -7.5000   22.5000   30.0000 1707.8966   32.3093
    0.0000   22.5000   30.0000 1722.2471   31.1465
    7.5000   22.5000   30.0000 1726.1110   30.6420
   -7.5000  -67.5000   37.5000 2409.3269   18.0896
    0.0000  -67.5000   37.5000 2445.2432   17.3773
    7.5000  -67.5000   37.5000 2470.0181   17.3613
   -7.5000  -60.0000   37.5000 2540.2998   17.2643
    0.0000  -60.0000   37.5000 2589.3987   16.6583
    7.5000  -60.0000   37.5000 2608.0925   16.6199
   -7.5000  -52.5000   37.5000 2625.4871   16.7137
    0.0000  -52.5000   37.5000 2680.1936   16.2274
    7.5000  -52.5000   37.5000 2698.3928   16.1851
   -7.5000  -45.0000   37.5000 2657.1648   16.4877
    0.0000  -45.0000   37.5000 2710.6873   16.0530
    7.5000  -45.0000   37.5000 2730.4277   16.0244
   -7.5000  -37.5000   37.5000 2649.3347   16.5829
    0.0000  -37.5000   37.5000 2700.5847   16.1326
    7.5000  -37.5000   37.5000 2716.8940   16.1261
   -7.5000  -30.0000   37.5000 2604.8381   16.9224
    0.0000  -30.0000   37.5000 2644.1130   16.4451
    7.5000  -30.0000   37.5000 2663.6113   16.4242
   -7.5000  -22.5000   37.5000 2529.6084   17.5461
    0.0000  -22.5000   37.5000 2569.5728   17.0353
    7.5000  -22.5000   37.5000 2587.8821   16.9899
   -7.5000  -15.0000   37.5000 2425.3989   18.4998
    0.0000  -15.0000   37.5000 2461.5959   17.9810
    7.5000  -15.0000   37.5000 2481.0630   17.8776
   -7.5000   -7.5000   37.5000 2298.4231   19.8603
    0.0000   -7.5000   37.5000 2332.9597   19.2811
    7.5000   -7.5000   37.5000 2352.4895   19.2020
   -7.5000    0.0000   37.5000 2157.0198   21.7650
    0.0000    0.0000   37.5000 2193.5315   21.1811
    7.5000    0.0000   37.5000 2203.5156   21.0357
   -7.5000    7.5000   37.5000 2005.4705   24.5267
    0.0000    7.5000   37.5000 2035.3246   23.7929
    7.5000    7.5000   37.5000 2036.4489   23.4825
   -7.5000   15.0000   37.5000 1844.4352   28.2645
    0.0000   15.0000   37.5000 1869.9790   27.3217
    7.5000   15.0000   37.5000 1873.5360   26.8787
   -7.5000   22.5000   37.5000 1693.3632   33.4128
    0.0000   22.5000   37.5000 1694.2371   32.1947
    7.5000   22.5000   37.5000 1688.4652   31.5956
   -7.5000  -67.5000   45.0000 2353.8005   19.2848
    0.0000  -67.5000   45.0000 2389.3074   18.5966
    7.5000  -67.5000   45.0000 2412.1729   18.5612
   -7.5000  -60.0000   45.0000 2477.2502   18.4277
    0.0000  -60.0000   45.0000 2524.2896   17.8679
    7.5000  -60.0000   45.0000 2544.1863   17.8080
   -7.5000  -52.5000   45.0000 2558.0100   17.8464
    0.0000  -52.5000   45.0000 2600.3340   17.3437
    7.5000  -52.5000   45.0000 2623.5884   17.3124
   -7.5000  -45.0000   45.0000 2589.2144   17.5543
    0.0000  -45.0000   45.0000 2633.1609   17.0944
    7.5000  -45.0000   45.0000 2649.3840   17.0941
   -7.5000  -37.5000   45.0000 2587.1545   17.6449
    0.0000  -37.5000   45.0000 2626.8689   17.1554
    7.5000  -37.5000   45.0000 2641.8982   17.1549
   -7.5000  -30.0000   45.0000 2538.0154   17.9591
    0.0000  -30.0000   45.0000 2579.1248   17.4861
    7.5000  -30.0000   45.0000 2591.6743   17.4314
   -7.5000  -22.5000   45.0000 2467.5811   18.5858
    0.0000  -22.5000   45.0000 2498.1658   18.0741
    7.5000  -22.5000   45.0000 2519.2615   18.0032
   -7.5000  -15.0000   45.0000 2360.0061   19.5631
    0.0000  -15.0000   45.0000 2393.8872   19.0141
    7.5000  -15.0000   45.0000 2410.9092   18.8999
   -7.5000   -7.5000   45.0000 2237.9609   20.9300
    0.0000   -7.5000   45.0000 2277.2378   20.3797
    7.5000   -7.5000   45.0000 2292.9194   20.2286
   -7.5000    0.0000   45.0000 2093.9978   22.8197
    0.0000    0.0000   45.0000 2136.3601   22.2860
    7.5000    0.0000   45.0000 2144.4846   22.1063
   -7.5000    7.5000   45.0000 1960.0922   25.6544
    0.0000    7.5000   45.0000 1982.6107   24.9651
    7.5000    7.5000   45.0000 1986.1283   24.6634
   -7.5000   15.0000   45.0000 1811.0634   29.6805
    0.0000   15.0000   45.0000 1827.1644   28.7125
    7.5000   15.0000   45.0000 1822.7516   28.1777
   -7.5000   22.5000   45.0000 1655.4047   34.9662
    0.0000   22.5000   45.0000 1665.1885   33.8253
    7.5000   22.5000   45.0000 1657.3475   33.2917

---------------------------------------------------------------------
imgreg_4dfp /opt/freesurfer/average/3T18yoSchwartzReactN32_as_orig /opt/freesurfer/average/711-2B_as_mni_average_305_mask talsrcimg_g11 none talsrcimg_to_3T18yoSchwartzReactN32_as_orig_t4 1283
---------------------------------------------------------------------

freesurfer imgreg_4dfp.c
/opt/freesurfer/average/3T18yoSchwartzReactN32_as_orig.4dfp.img
       256       256       256         1
  1.000000  1.000000  1.000000
orientation T byte_order littleendian
Reading image: /opt/freesurfer/average/3T18yoSchwartzReactN32_as_orig.4dfp.img
dimensions:      256       256       256
mmppix:       1.0000   -1.0000   -1.0000
center:     128.0000 -129.0000 -129.0000
/opt/freesurfer/average/711-2B_as_mni_average_305_mask.4dfp.img
       256       256       256         1
  1.000000  1.000000  1.000000
orientation T byte_order littleendian
Reading mask: /opt/freesurfer/average/711-2B_as_mni_average_305_mask.4dfp.img (2306576 pixels)
talsrcimg_g11.4dfp.img
       256       256       256         1
  1.000000  1.000000  1.000000
orientation T byte_order littleendian
Reading image: talsrcimg_g11.4dfp.img
dimensions:      256       256       256
mmppix:       1.0000   -1.0000   -1.0000
center:     128.0000 -129.0000 -129.0000
rotation matrix determinant  1.000000
fimgreg.f
image alignment mode   1283 decimal      503 hex
parameters
    7.5000  -37.5000    7.5000    0.0000    0.0000    0.0000
eta,q 0.90526 13.84005
niter,ni,del,rscale     5    3   12.0000    1.2000
parameter  1 -0.567600 -> -0.500000 qaram    1.1500
parameter  5  0.519390 ->  0.500000 qaram    1.1500
parameters
   10.9500  -39.3366    6.7362    1.1885   -3.4500   -1.8980
eta,q 0.90553 13.69717
  0.1033  0.0992  0.1009  0.0999  0.0954  0.0956
  0.1045  0.0969  0.0978  0.0986  0.0948  0.0947
  0.1003  0.0953  0.0964  0.0970  0.0947  0.0945
  0.0957  0.0957  0.0953  0.0956  0.0956  0.0947
  0.0949  0.0991  0.0978  0.0959  0.0964  0.0954
  0.0954  0.1032  0.1016  0.0970  0.0979  0.0967
  0.0975  0.1084  0.1023  0.0978  0.0998  0.0984
niter,ni,del,rscale     6    3   12.0000    1.2000
parameters
   10.1520  -39.8147    5.1328    3.0504   -2.6238   -2.8037
eta,q 0.90724 13.74513
  0.1036  0.1003  0.0968  0.0972  0.1028  0.0942
  0.0995  0.0973  0.0935  0.0957  0.0966  0.0935
  0.0939  0.0948  0.0925  0.0940  0.0930  0.0930
  0.0945  0.0935  0.0937  0.0927  0.0925  0.0927
  0.0986  0.0948  0.0961  0.0925  0.0933  0.0928
  0.1026  0.0986  0.0986  0.0930  0.0951  0.0940
  0.1078  0.1034  0.0998  0.0941  0.0977  0.0963
niter,ni,del,rscale     5    3   12.0000    1.2000
parameters
    9.2417  -40.8084    5.2104    3.6978   -1.5797   -3.1492
eta,q 0.90866 13.72555
  0.1045  0.0978  0.1003  0.0960  0.1031  0.0930
  0.0999  0.0947  0.0956  0.0941  0.0963  0.0922
  0.0922  0.0915  0.0923  0.0922  0.0921  0.0915
  0.0928  0.0914  0.0911  0.0911  0.0911  0.0913
  0.0984  0.0934  0.0937  0.0916  0.0919  0.0915
  0.1049  0.0987  0.0969  0.0930  0.0937  0.0922
  0.1110  0.1045  0.0984  0.0944  0.0966  0.0937
niter,ni,del,rscale     4    3   12.0000    1.2000
parameters
    8.6656  -41.1970    5.2660    4.1009   -0.8642   -3.3210
eta,q 0.90895 13.72783
  0.1038  0.0987  0.0995  0.0958  0.1018  0.0926
  0.1005  0.0959  0.0952  0.0939  0.0954  0.0917
  0.0933  0.0923  0.0925  0.0918  0.0917  0.0913
  0.0913  0.0909  0.0909  0.0909  0.0909  0.0910
  0.0960  0.0922  0.0934  0.0917  0.0919  0.0913
  0.1024  0.0961  0.0966  0.0933  0.0941  0.0918
  0.1089  0.1024  0.0979  0.0945  0.0971  0.0929
niter,ni,del,rscale     3    3   12.0000    1.2000
parameters
    8.3332  -41.4380    5.3013    4.5056   -0.3720   -3.6086
eta,q 0.90880 13.73094
  0.1039  0.0989  0.0991  0.0957  0.1009  0.0924
  0.1008  0.0961  0.0951  0.0938  0.0949  0.0917
  0.0941  0.0927  0.0927  0.0918  0.0917  0.0913
  0.0911  0.0910  0.0910  0.0910  0.0911  0.0912
  0.0948  0.0922  0.0932  0.0919  0.0922  0.0914
  0.1011  0.0955  0.0964  0.0935  0.0944  0.0918
  0.1075  0.1017  0.0978  0.0943  0.0974  0.0927
niter,ni,del,rscale     2    3   12.0000    1.2000
parameters
    8.0935  -41.6600    5.3171    5.0065    0.0455   -3.8999
eta,q 0.90866 13.73504
  0.1039  0.0988  0.0990  0.0956  0.1005  0.0924
  0.1007  0.0960  0.0949  0.0937  0.0950  0.0917
  0.0945  0.0928  0.0928  0.0918  0.0918  0.0914
  0.0912  0.0912  0.0912  0.0912  0.0913  0.0914
  0.0945  0.0924  0.0933  0.0922  0.0925  0.0916
  0.1008  0.0955  0.0965  0.0936  0.0947  0.0920
  0.1067  0.1012  0.0977  0.0938  0.0975  0.0925
niter,ni,del,rscale     1    3   12.0000    1.2000
parameters
    7.9130  -41.9307    5.3406    5.7232    0.4503   -4.1540
eta,q 0.90825 13.74127
  0.1040  0.0986  0.0991  0.0955  0.1002  0.0925
  0.1006  0.0956  0.0946  0.0936  0.0952  0.0920
  0.0944  0.0927  0.0926  0.0917  0.0921  0.0918
  0.0913  0.0913  0.0912  0.0912  0.0916  0.0918
  0.0945  0.0926  0.0932  0.0926  0.0928  0.0920
  0.1005  0.0955  0.0963  0.0936  0.0949  0.0921
  0.1061  0.1009  0.0975  0.0932  0.0975  0.0926
registration optimization eta report
parameter search radius
    6.9000    6.0000    6.0000    6.0000    6.9000    6.0000
100000*second partial in parameter space
       27.       23.       18.        8.       15.        2.
  0.1040  0.0986  0.0991  0.0955  0.1002  0.0925
  0.1006  0.0956  0.0946  0.0936  0.0952  0.0920
  0.0944  0.0927  0.0926  0.0917  0.0921  0.0918
  0.0913  0.0913  0.0912  0.0912  0.0916  0.0918
  0.0945  0.0926  0.0932  0.0926  0.0928  0.0920
  0.1005  0.0955  0.0963  0.0936  0.0949  0.0921
  0.1061  0.1009  0.0975  0.0932  0.0975  0.0926
    7.9130  -41.9307    5.3406    5.7232    0.4503   -4.1540
eta,q 0.90825 13.74127

---------------------------------------------------------------------
imgreg_4dfp /opt/freesurfer/average/3T18yoSchwartzReactN32_as_orig /opt/freesurfer/average/711-2B_as_mni_average_305_mask talsrcimg_g11 none talsrcimg_to_3T18yoSchwartzReactN32_as_orig_t4 3335
---------------------------------------------------------------------

freesurfer imgreg_4dfp.c
/opt/freesurfer/average/3T18yoSchwartzReactN32_as_orig.4dfp.img
       256       256       256         1
  1.000000  1.000000  1.000000
orientation T byte_order littleendian
Reading image: /opt/freesurfer/average/3T18yoSchwartzReactN32_as_orig.4dfp.img
dimensions:      256       256       256
mmppix:       1.0000   -1.0000   -1.0000
center:     128.0000 -129.0000 -129.0000
/opt/freesurfer/average/711-2B_as_mni_average_305_mask.4dfp.img
       256       256       256         1
  1.000000  1.000000  1.000000
orientation T byte_order littleendian
Reading mask: /opt/freesurfer/average/711-2B_as_mni_average_305_mask.4dfp.img (2306576 pixels)
talsrcimg_g11.4dfp.img
       256       256       256         1
  1.000000  1.000000  1.000000
orientation T byte_order littleendian
Reading image: talsrcimg_g11.4dfp.img
dimensions:      256       256       256
mmppix:       1.0000   -1.0000   -1.0000
center:     128.0000 -129.0000 -129.0000
fimgreg.f
image alignment mode   3335 decimal      D07 hex
parameters
    7.9130  -41.9307    5.3406   -0.2658   -0.7542   -0.5015
    7.1294   -1.5023   -7.2435   -9.8893    0.7859    9.9719
eta,q 0.90803 13.66685
niter,ni,del,rscale     5    3    5.0000    1.2000
parameter  4  0.549776 ->  0.500000 qaram    1.1500
parameter  5  3.748467 ->  0.500000 qaram    1.1500
parameter  8 -0.864061 -> -0.500000 qaram    1.1500
parameter 12  1.746968 ->  0.500000 qaram    1.1500
parameters
    7.4096  -42.8337    5.4681   -4.4058   -4.8942    2.3646
    8.0327    2.6377   -4.4045  -11.5472   -0.9787    5.8319
eta,q 0.91472 13.04613
  0.0928  0.0923  0.0933  0.0912  0.0836  0.0905  0.0877  0.0881  0.0887  0.0870  0.0859  0.0851
  0.0924  0.0919  0.0926  0.0916  0.0861  0.0900  0.0870  0.0875  0.0875  0.0863  0.0858  0.0852
  0.0921  0.0918  0.0920  0.0920  0.0887  0.0886  0.0866  0.0870  0.0866  0.0859  0.0858  0.0855
  0.0920  0.0920  0.0918  0.0918  0.0917  0.0868  0.0864  0.0864  0.0861  0.0859  0.0858  0.0858
  0.0923  0.0924  0.0919  0.0921  0.0952  0.0864  0.0864  0.0862  0.0859  0.0864  0.0858  0.0862
  0.0931  0.0930  0.0924  0.0943  0.0988  0.0865  0.0867  0.0861  0.0860  0.0875  0.0860  0.0867
  0.0943  0.0937  0.0930  0.0968  0.1024  0.0881  0.0872  0.0861  0.0864  0.0892  0.0862  0.0872
niter,ni,del,rscale     7    3    5.0000    1.2000
parameter  1  0.835755 ->  0.500000 qaram    1.1500
parameter  3 -2.364801 -> -0.500000 qaram    1.1500
parameter  4  0.992471 ->  0.500000 qaram    1.3225
parameter  5  1.633684 ->  0.500000 qaram    1.3225
parameters
    6.0296  -41.9498    6.8481   -9.1668   -9.6552    1.3962
    9.1785    3.9918   -4.2044  -11.9220    1.5961    4.6597
eta,q 0.92423 12.23972
  0.0846  0.0865  0.0886  0.0808  0.0749  0.0790  0.0779  0.0782  0.0777  0.0784  0.0774  0.0767
  0.0848  0.0857  0.0871  0.0808  0.0759  0.0778  0.0770  0.0776  0.0767  0.0771  0.0767  0.0762
  0.0850  0.0851  0.0858  0.0815  0.0780  0.0764  0.0764  0.0768  0.0761  0.0762  0.0762  0.0758
  0.0853  0.0848  0.0846  0.0829  0.0808  0.0763  0.0762  0.0761  0.0759  0.0759  0.0759  0.0758
  0.0859  0.0846  0.0836  0.0842  0.0841  0.0773  0.0762  0.0759  0.0760  0.0763  0.0758  0.0761
  0.0868  0.0847  0.0827  0.0868  0.0880  0.0787  0.0765  0.0764  0.0766  0.0774  0.0759  0.0766
  0.0878  0.0851  0.0820  0.0888  0.0921  0.0813  0.0770  0.0776  0.0775  0.0791  0.0761  0.0774
niter,ni,del,rscale     7    3    5.0000    1.2000
parameter  2 -0.564497 -> -0.500000 qaram    1.1500
parameter  3 -0.760033 -> -0.500000 qaram    1.3225
parameter  5  0.772446 ->  0.500000 qaram    1.5209
parameter  8  0.860736 ->  0.500000 qaram    1.3225
parameters
    6.3062  -40.5698    8.4351  -11.8428  -15.1304    2.7700
    8.9235   -0.7692   -4.3366  -12.8776    2.0017    4.7837
eta,q 0.92869 11.69774
  0.0779  0.0789  0.0788  0.0755  0.0727  0.0755  0.0728  0.0712  0.0727  0.0735  0.0718  0.0725
  0.0768  0.0776  0.0775  0.0753  0.0722  0.0743  0.0724  0.0713  0.0719  0.0723  0.0715  0.0720
  0.0761  0.0765  0.0763  0.0750  0.0729  0.0733  0.0721  0.0716  0.0714  0.0715  0.0713  0.0715
  0.0758  0.0757  0.0753  0.0746  0.0749  0.0723  0.0720  0.0720  0.0714  0.0714  0.0713  0.0713
  0.0758  0.0754  0.0748  0.0752  0.0777  0.0722  0.0722  0.0727  0.0716  0.0719  0.0714  0.0714
  0.0763  0.0754  0.0746  0.0765  0.0814  0.0729  0.0725  0.0736  0.0720  0.0733  0.0715  0.0719
  0.0772  0.0756  0.0747  0.0794  0.0856  0.0740  0.0729  0.0750  0.0728  0.0752  0.0717  0.0725
niter,ni,del,rscale     7    3    5.0000    1.2000
parameter  2 -0.755196 -> -0.500000 qaram    1.3225
parameter  3 -0.924670 -> -0.500000 qaram    1.5209
parameters
    7.4130  -38.9828   10.2602  -14.1997  -19.1190    2.3949
    7.9380   -1.5823   -3.9366  -14.4795    2.4641    8.1919
eta,q 0.93258 11.34476
  0.0738  0.0751  0.0741  0.0707  0.0705  0.0707  0.0686  0.0710  0.0691  0.0696  0.0683  0.0695
  0.0727  0.0734  0.0725  0.0695  0.0688  0.0694  0.0682  0.0688  0.0684  0.0683  0.0680  0.0687
  0.0719  0.0721  0.0712  0.0687  0.0679  0.0686  0.0680  0.0679  0.0680  0.0677  0.0678  0.0681
  0.0713  0.0710  0.0700  0.0688  0.0686  0.0679  0.0680  0.0680  0.0679  0.0679  0.0677  0.0677
  0.0710  0.0702  0.0691  0.0702  0.0712  0.0684  0.0682  0.0689  0.0680  0.0687  0.0677  0.0674
  0.0711  0.0699  0.0688  0.0718  0.0749  0.0698  0.0685  0.0702  0.0683  0.0702  0.0679  0.0675
  0.0716  0.0702  0.0688  0.0732  0.0797  0.0715  0.0691  0.0714  0.0687  0.0721  0.0682  0.0679
niter,ni,del,rscale     7    3    5.0000    1.2000
parameters
    7.6847  -37.6670   10.8933  -14.2238  -21.4334    2.1305
    6.3612   -1.5214   -5.1287  -15.8045    2.1668   10.1919
eta,q 0.93383 11.23420
  0.0696  0.0721  0.0696  0.0700  0.0706  0.0696  0.0672  0.0705  0.0674  0.0688  0.0669  0.0682
  0.0685  0.0700  0.0684  0.0687  0.0686  0.0683  0.0667  0.0681  0.0667  0.0672  0.0666  0.0674
  0.0678  0.0684  0.0674  0.0675  0.0667  0.0673  0.0665  0.0668  0.0664  0.0663  0.0663  0.0667
  0.0674  0.0674  0.0668  0.0667  0.0667  0.0665  0.0666  0.0665  0.0665  0.0664  0.0663  0.0663
  0.0675  0.0668  0.0668  0.0670  0.0687  0.0671  0.0668  0.0671  0.0668  0.0674  0.0664  0.0662
  0.0680  0.0669  0.0674  0.0686  0.0720  0.0684  0.0673  0.0685  0.0674  0.0691  0.0667  0.0664
  0.0689  0.0679  0.0682  0.0703  0.0766  0.0703  0.0680  0.0699  0.0682  0.0712  0.0671  0.0670
niter,ni,del,rscale     6    3    5.0000    1.2000
parameters
    7.8148  -37.1474   10.9995  -13.5771  -22.4984    1.5958
    6.8886   -1.3802   -6.3537  -16.6672    1.0682   11.1801
eta,q 0.93426 11.20883
  0.0682  0.0703  0.0683  0.0699  0.0718  0.0689  0.0675  0.0702  0.0670  0.0689  0.0664  0.0675
  0.0672  0.0683  0.0673  0.0685  0.0691  0.0676  0.0666  0.0677  0.0662  0.0670  0.0660  0.0667
  0.0665  0.0669  0.0664  0.0671  0.0665  0.0665  0.0661  0.0662  0.0659  0.0660  0.0658  0.0661
  0.0662  0.0662  0.0660  0.0660  0.0659  0.0659  0.0659  0.0659  0.0659  0.0659  0.0658  0.0658
  0.0663  0.0661  0.0663  0.0661  0.0674  0.0666  0.0660  0.0666  0.0663  0.0667  0.0660  0.0658
  0.0669  0.0668  0.0670  0.0676  0.0706  0.0680  0.0664  0.0681  0.0670  0.0684  0.0663  0.0662
  0.0679  0.0683  0.0681  0.0693  0.0750  0.0702  0.0670  0.0695  0.0679  0.0706  0.0668  0.0669
niter,ni,del,rscale     5    3    5.0000    1.2000
parameters
    7.8547  -36.9432   11.0432  -13.2266  -23.2336    1.2161
    8.1570   -1.1743   -7.4818  -17.2556   -0.2701   11.8363
eta,q 0.93447 11.18686
  0.0678  0.0695  0.0679  0.0696  0.0720  0.0689  0.0677  0.0702  0.0668  0.0690  0.0661  0.0672
  0.0667  0.0675  0.0668  0.0682  0.0692  0.0674  0.0667  0.0676  0.0660  0.0670  0.0657  0.0664
  0.0660  0.0662  0.0661  0.0667  0.0665  0.0662  0.0660  0.0660  0.0656  0.0659  0.0656  0.0658
  0.0657  0.0657  0.0657  0.0657  0.0657  0.0657  0.0657  0.0656  0.0657  0.0656  0.0656  0.0656
  0.0659  0.0659  0.0659  0.0660  0.0669  0.0663  0.0657  0.0664  0.0661  0.0663  0.0658  0.0656
  0.0666  0.0669  0.0667  0.0676  0.0701  0.0676  0.0660  0.0679  0.0668  0.0680  0.0662  0.0660
  0.0678  0.0687  0.0678  0.0694  0.0743  0.0699  0.0666  0.0693  0.0677  0.0702  0.0667  0.0668
niter,ni,del,rscale     4    3    5.0000    1.2000
parameters
    7.8769  -36.8256   11.0976  -13.0131  -23.8564    0.9629
    9.5347   -0.9154   -8.4639  -17.7207   -1.5255   12.3148
eta,q 0.93465 11.16995
  0.0677  0.0692  0.0677  0.0694  0.0719  0.0688  0.0676  0.0701  0.0667  0.0690  0.0660  0.0670
  0.0665  0.0672  0.0666  0.0680  0.0692  0.0673  0.0665  0.0675  0.0659  0.0670  0.0656  0.0662
  0.0658  0.0660  0.0658  0.0664  0.0664  0.0661  0.0658  0.0658  0.0655  0.0657  0.0654  0.0656
  0.0655  0.0655  0.0655  0.0655  0.0655  0.0655  0.0655  0.0654  0.0655  0.0654  0.0654  0.0654
  0.0657  0.0658  0.0657  0.0660  0.0667  0.0660  0.0655  0.0662  0.0659  0.0661  0.0656  0.0654
  0.0664  0.0668  0.0665  0.0676  0.0698  0.0673  0.0657  0.0677  0.0666  0.0677  0.0660  0.0659
  0.0677  0.0687  0.0676  0.0693  0.0740  0.0697  0.0664  0.0692  0.0675  0.0699  0.0666  0.0667
niter,ni,del,rscale     3    3    5.0000    1.2000
parameters
    7.8950  -36.7370   11.1687  -12.8650  -24.4269    0.7641
   10.7343   -0.6640   -9.2712  -18.0958   -2.6725   12.6337
eta,q 0.93477 11.15219
  0.0675  0.0690  0.0676  0.0693  0.0717  0.0688  0.0674  0.0700  0.0667  0.0690  0.0659  0.0668
  0.0664  0.0670  0.0664  0.0678  0.0691  0.0672  0.0664  0.0674  0.0658  0.0669  0.0655  0.0660
  0.0656  0.0658  0.0657  0.0662  0.0663  0.0659  0.0657  0.0657  0.0653  0.0656  0.0653  0.0655
  0.0653  0.0653  0.0653  0.0653  0.0653  0.0653  0.0653  0.0653  0.0653  0.0653  0.0653  0.0652
  0.0656  0.0656  0.0655  0.0659  0.0665  0.0658  0.0653  0.0661  0.0657  0.0659  0.0655  0.0654
  0.0663  0.0667  0.0663  0.0676  0.0696  0.0671  0.0656  0.0676  0.0664  0.0675  0.0659  0.0658
  0.0675  0.0686  0.0674  0.0692  0.0737  0.0695  0.0664  0.0691  0.0674  0.0697  0.0665  0.0666
niter,ni,del,rscale     2    3    5.0000    1.2000
parameters
    7.9092  -36.6513   11.2350  -12.7254  -24.9357    0.5815
   11.7300   -0.4046   -9.9002  -18.3950   -3.6836   12.8415
eta,q 0.93486 11.13631
  0.0675  0.0689  0.0675  0.0692  0.0716  0.0687  0.0673  0.0700  0.0667  0.0690  0.0658  0.0667
  0.0663  0.0669  0.0663  0.0676  0.0691  0.0671  0.0663  0.0673  0.0658  0.0668  0.0654  0.0659
  0.0655  0.0657  0.0655  0.0661  0.0662  0.0658  0.0656  0.0655  0.0653  0.0656  0.0652  0.0654
  0.0652  0.0652  0.0652  0.0652  0.0652  0.0652  0.0652  0.0652  0.0652  0.0652  0.0652  0.0651
  0.0655  0.0655  0.0654  0.0659  0.0663  0.0657  0.0652  0.0660  0.0655  0.0658  0.0654  0.0653
  0.0662  0.0666  0.0662  0.0676  0.0694  0.0670  0.0656  0.0676  0.0662  0.0674  0.0658  0.0658
  0.0675  0.0685  0.0673  0.0690  0.0735  0.0694  0.0664  0.0690  0.0672  0.0696  0.0664  0.0666
niter,ni,del,rscale     1    3    5.0000    1.2000
parameters
    7.9359  -36.5681   11.3019  -12.6148  -25.3694    0.4170
   12.4637   -0.1391  -10.3574  -18.6291   -4.5508   12.9768
eta,q 0.93492 11.12106
  0.0675  0.0688  0.0674  0.0691  0.0716  0.0686  0.0672  0.0699  0.0667  0.0690  0.0658  0.0666
  0.0662  0.0668  0.0662  0.0675  0.0691  0.0671  0.0662  0.0673  0.0658  0.0668  0.0654  0.0658
  0.0654  0.0656  0.0654  0.0659  0.0662  0.0657  0.0655  0.0655  0.0652  0.0655  0.0651  0.0653
  0.0651  0.0651  0.0651  0.0651  0.0651  0.0651  0.0651  0.0651  0.0651  0.0651  0.0651  0.0651
  0.0654  0.0655  0.0653  0.0659  0.0662  0.0656  0.0652  0.0660  0.0654  0.0657  0.0653  0.0652
  0.0662  0.0665  0.0661  0.0676  0.0692  0.0669  0.0656  0.0675  0.0661  0.0673  0.0657  0.0658
  0.0674  0.0684  0.0673  0.0688  0.0732  0.0693  0.0666  0.0689  0.0671  0.0694  0.0663  0.0666
registration optimization eta report
parameter search radius
    2.7600    3.1740    3.6501    9.5220   10.9503    7.2000
    7.2000    9.5220    7.2000    7.2000    7.2000    8.2800
100000*second partial in parameter space
       31.       34.       16.        4.        6.        7.
        3.        5.        4.        8.        2.        2.
  0.0675  0.0688  0.0674  0.0691  0.0716  0.0686  0.0672  0.0699  0.0667  0.0690  0.0658  0.0666
  0.0662  0.0668  0.0662  0.0675  0.0691  0.0671  0.0662  0.0673  0.0658  0.0668  0.0654  0.0658
  0.0654  0.0656  0.0654  0.0659  0.0662  0.0657  0.0655  0.0655  0.0652  0.0655  0.0651  0.0653
  0.0651  0.0651  0.0651  0.0651  0.0651  0.0651  0.0651  0.0651  0.0651  0.0651  0.0651  0.0651
  0.0654  0.0655  0.0653  0.0659  0.0662  0.0656  0.0652  0.0660  0.0654  0.0657  0.0653  0.0652
  0.0662  0.0665  0.0661  0.0676  0.0692  0.0669  0.0656  0.0675  0.0661  0.0673  0.0657  0.0658
  0.0674  0.0684  0.0673  0.0688  0.0732  0.0693  0.0666  0.0689  0.0671  0.0694  0.0663  0.0666
    7.9359  -36.5681   11.3019  -12.6148  -25.3694    0.4170
   12.4637   -0.1391  -10.3574  -18.6291   -4.5508   12.9768
eta,q 0.93492 11.12106

---------------------------------------------------------------------
imgreg_4dfp /opt/freesurfer/average/3T18yoSchwartzReactN32_as_orig /opt/freesurfer/average/711-2B_as_mni_average_305_mask talsrcimg_g11 none talsrcimg_to_3T18yoSchwartzReactN32_as_orig_t4 2311
---------------------------------------------------------------------

freesurfer imgreg_4dfp.c
/opt/freesurfer/average/3T18yoSchwartzReactN32_as_orig.4dfp.img
       256       256       256         1
  1.000000  1.000000  1.000000
orientation T byte_order littleendian
Reading image: /opt/freesurfer/average/3T18yoSchwartzReactN32_as_orig.4dfp.img
dimensions:      256       256       256
mmppix:       1.0000   -1.0000   -1.0000
center:     128.0000 -129.0000 -129.0000
/opt/freesurfer/average/711-2B_as_mni_average_305_mask.4dfp.img
       256       256       256         1
  1.000000  1.000000  1.000000
orientation T byte_order littleendian
Reading mask: /opt/freesurfer/average/711-2B_as_mni_average_305_mask.4dfp.img (2306576 pixels)
talsrcimg_g11.4dfp.img
       256       256       256         1
  1.000000  1.000000  1.000000
orientation T byte_order littleendian
Reading image: talsrcimg_g11.4dfp.img
dimensions:      256       256       256
mmppix:       1.0000   -1.0000   -1.0000
center:     128.0000 -129.0000 -129.0000
fimgreg.f
image alignment mode   2311 decimal      907 hex
parameters
    7.9359  -36.5681   11.3019  -12.6148  -25.3694    0.4170
   12.4637   -0.1391  -10.3574  -18.6291   -4.5508   12.9768
eta,q 0.93492 11.12106
niter,ni,del,rscale     5    3    5.0000    0.8000
parameters
    7.9808  -36.5022   11.3874  -12.7127  -25.1790    0.5046
   13.1966   -0.6246  -10.8541  -18.5728   -4.2763   12.8259
eta,q 0.93499 11.15722
  0.0660  0.0661  0.0655  0.0666  0.0671  0.0670  0.0661  0.0662  0.0657  0.0670  0.0655  0.0655
  0.0655  0.0655  0.0653  0.0659  0.0660  0.0660  0.0656  0.0655  0.0653  0.0659  0.0652  0.0652
  0.0652  0.0652  0.0652  0.0653  0.0653  0.0654  0.0653  0.0651  0.0651  0.0653  0.0651  0.0651
  0.0651  0.0651  0.0651  0.0651  0.0651  0.0651  0.0651  0.0651  0.0650  0.0650  0.0650  0.0650
  0.0652  0.0652  0.0651  0.0653  0.0653  0.0653  0.0651  0.0654  0.0652  0.0652  0.0650  0.0651
  0.0654  0.0654  0.0652  0.0659  0.0658  0.0659  0.0653  0.0659  0.0655  0.0659  0.0652  0.0653
  0.0659  0.0659  0.0655  0.0668  0.0668  0.0669  0.0657  0.0667  0.0660  0.0669  0.0654  0.0656
niter,ni,del,rscale     4    3    5.0000    0.7000
parameters
    7.8663  -36.5821   11.4461  -12.8300  -25.1272    0.6164
   13.8024   -0.9790  -11.2534  -18.5684   -4.0943   12.7878
eta,q 0.93504 11.16827
  0.0656  0.0656  0.0654  0.0663  0.0665  0.0666  0.0658  0.0660  0.0655  0.0664  0.0653  0.0654
  0.0652  0.0652  0.0652  0.0656  0.0656  0.0658  0.0654  0.0654  0.0652  0.0656  0.0651  0.0651
  0.0651  0.0651  0.0651  0.0652  0.0651  0.0652  0.0652  0.0650  0.0650  0.0651  0.0650  0.0650
  0.0650  0.0650  0.0650  0.0650  0.0650  0.0650  0.0650  0.0650  0.0650  0.0650  0.0650  0.0650
  0.0651  0.0651  0.0650  0.0652  0.0652  0.0651  0.0650  0.0652  0.0651  0.0651  0.0650  0.0650
  0.0654  0.0654  0.0651  0.0657  0.0656  0.0657  0.0652  0.0657  0.0653  0.0656  0.0651  0.0651
  0.0658  0.0657  0.0653  0.0665  0.0664  0.0664  0.0655  0.0663  0.0657  0.0664  0.0653  0.0654
niter,ni,del,rscale     3    3    5.0000    0.6000
parameters
    7.7808  -36.6322   11.5119  -12.9167  -25.1689    0.6919
   14.2778   -1.2444  -11.6009  -18.6169   -3.9928   12.8134
eta,q 0.93507 11.17329
  0.0654  0.0654  0.0652  0.0659  0.0660  0.0661  0.0656  0.0657  0.0653  0.0660  0.0652  0.0652
  0.0651  0.0651  0.0651  0.0654  0.0653  0.0655  0.0653  0.0652  0.0651  0.0654  0.0650  0.0651
  0.0650  0.0650  0.0650  0.0651  0.0650  0.0651  0.0651  0.0650  0.0650  0.0650  0.0650  0.0650
  0.0650  0.0650  0.0650  0.0650  0.0650  0.0650  0.0650  0.0649  0.0649  0.0649  0.0649  0.0649
  0.0650  0.0650  0.0650  0.0651  0.0651  0.0651  0.0650  0.0651  0.0650  0.0651  0.0649  0.0650
  0.0652  0.0652  0.0650  0.0655  0.0654  0.0654  0.0651  0.0654  0.0652  0.0654  0.0650  0.0651
  0.0656  0.0655  0.0652  0.0661  0.0660  0.0660  0.0653  0.0659  0.0655  0.0661  0.0652  0.0652
niter,ni,del,rscale     2    3    5.0000    0.5000
parameters
    7.7259  -36.6578   11.5919  -12.9545  -25.2901    0.7443
   14.6457   -1.4332  -11.8791  -18.7040   -3.9400   12.8788
eta,q 0.93510 11.17481
  0.0653  0.0652  0.0651  0.0656  0.0656  0.0658  0.0654  0.0655  0.0652  0.0656  0.0651  0.0651
  0.0651  0.0651  0.0650  0.0653  0.0651  0.0653  0.0651  0.0651  0.0650  0.0652  0.0650  0.0650
  0.0650  0.0649  0.0649  0.0650  0.0649  0.0650  0.0650  0.0649  0.0649  0.0650  0.0649  0.0649
  0.0649  0.0649  0.0649  0.0649  0.0649  0.0649  0.0649  0.0649  0.0649  0.0649  0.0649  0.0649
  0.0650  0.0650  0.0649  0.0650  0.0650  0.0650  0.0649  0.0650  0.0650  0.0650  0.0649  0.0649
  0.0651  0.0651  0.0650  0.0653  0.0653  0.0653  0.0650  0.0653  0.0651  0.0653  0.0650  0.0650
  0.0653  0.0653  0.0651  0.0657  0.0656  0.0657  0.0652  0.0656  0.0653  0.0657  0.0651  0.0651
niter,ni,del,rscale     1    3    5.0000    0.4000
parameters
    7.6999  -36.6653   11.6459  -12.9653  -25.4413    0.7699
   14.9048   -1.5845  -12.0862  -18.7854   -3.9317   12.9478
eta,q 0.93512 11.17196
  0.0651  0.0651  0.0650  0.0654  0.0653  0.0654  0.0652  0.0653  0.0651  0.0653  0.0650  0.0650
  0.0650  0.0650  0.0650  0.0651  0.0650  0.0651  0.0650  0.0650  0.0650  0.0651  0.0649  0.0649
  0.0649  0.0649  0.0649  0.0650  0.0649  0.0650  0.0649  0.0649  0.0649  0.0649  0.0649  0.0649
  0.0649  0.0649  0.0649  0.0649  0.0649  0.0649  0.0649  0.0649  0.0649  0.0649  0.0649  0.0649
  0.0649  0.0649  0.0649  0.0649  0.0650  0.0649  0.0649  0.0650  0.0649  0.0649  0.0649  0.0649
  0.0650  0.0650  0.0649  0.0651  0.0651  0.0651  0.0650  0.0651  0.0650  0.0651  0.0649  0.0649
  0.0652  0.0651  0.0650  0.0654  0.0654  0.0654  0.0651  0.0653  0.0651  0.0654  0.0650  0.0650
registration optimization eta report
parameter search radius
    0.8000    0.8000    0.8000    2.4000    2.4000    2.4000
    2.4000    2.4000    2.4000    2.4000    2.4000    2.4000
100000*second partial in parameter space
       37.       33.       17.        9.        7.        9.
        4.        7.        4.        9.        2.        2.
  0.0651  0.0651  0.0650  0.0654  0.0653  0.0654  0.0652  0.0653  0.0651  0.0653  0.0650  0.0650
  0.0650  0.0650  0.0650  0.0651  0.0650  0.0651  0.0650  0.0650  0.0650  0.0651  0.0649  0.0649
  0.0649  0.0649  0.0649  0.0650  0.0649  0.0650  0.0649  0.0649  0.0649  0.0649  0.0649  0.0649
  0.0649  0.0649  0.0649  0.0649  0.0649  0.0649  0.0649  0.0649  0.0649  0.0649  0.0649  0.0649
  0.0649  0.0649  0.0649  0.0649  0.0650  0.0649  0.0649  0.0650  0.0649  0.0649  0.0649  0.0649
  0.0650  0.0650  0.0649  0.0651  0.0651  0.0651  0.0650  0.0651  0.0650  0.0651  0.0649  0.0649
  0.0652  0.0651  0.0650  0.0654  0.0654  0.0654  0.0651  0.0653  0.0651  0.0654  0.0650  0.0650
    7.6999  -36.6653   11.6459  -12.9653  -25.4413    0.7699
   14.9048   -1.5845  -12.0862  -18.7854   -3.9317   12.9478
eta,q 0.93512 11.17196

---------------------------------------------------------------------
imgreg_4dfp /opt/freesurfer/average/3T18yoSchwartzReactN32_as_orig /opt/freesurfer/average/711-2B_as_mni_average_305_mask talsrcimg_g11 none talsrcimg_to_3T18yoSchwartzReactN32_as_orig_t4 2311
---------------------------------------------------------------------

freesurfer imgreg_4dfp.c
/opt/freesurfer/average/3T18yoSchwartzReactN32_as_orig.4dfp.img
       256       256       256         1
  1.000000  1.000000  1.000000
orientation T byte_order littleendian
Reading image: /opt/freesurfer/average/3T18yoSchwartzReactN32_as_orig.4dfp.img
dimensions:      256       256       256
mmppix:       1.0000   -1.0000   -1.0000
center:     128.0000 -129.0000 -129.0000
/opt/freesurfer/average/711-2B_as_mni_average_305_mask.4dfp.img
       256       256       256         1
  1.000000  1.000000  1.000000
orientation T byte_order littleendian
Reading mask: /opt/freesurfer/average/711-2B_as_mni_average_305_mask.4dfp.img (2306576 pixels)
talsrcimg_g11.4dfp.img
       256       256       256         1
  1.000000  1.000000  1.000000
orientation T byte_order littleendian
Reading image: talsrcimg_g11.4dfp.img
dimensions:      256       256       256
mmppix:       1.0000   -1.0000   -1.0000
center:     128.0000 -129.0000 -129.0000
fimgreg.f
image alignment mode   2311 decimal      907 hex
parameters
    7.6999  -36.6653   11.6459  -12.9653  -25.4413    0.7699
   14.9048   -1.5845  -12.0862  -18.7854   -3.9317   12.9478
eta,q 0.93512 11.17196
niter,ni,del,rscale     5    3    5.0000    0.8000
parameters
    7.6700  -36.6466   11.6579  -13.1693  -25.3806    0.7163
   15.0963   -1.5064  -12.1609  -18.8147   -3.9989   12.9743
eta,q 0.93512 11.16918
  0.0658  0.0658  0.0653  0.0665  0.0668  0.0667  0.0659  0.0665  0.0657  0.0668  0.0653  0.0654
  0.0653  0.0653  0.0651  0.0657  0.0657  0.0658  0.0654  0.0656  0.0652  0.0657  0.0651  0.0651
  0.0650  0.0650  0.0649  0.0651  0.0650  0.0651  0.0650  0.0651  0.0650  0.0651  0.0649  0.0649
  0.0649  0.0649  0.0649  0.0649  0.0649  0.0649  0.0649  0.0649  0.0649  0.0649  0.0649  0.0649
  0.0650  0.0650  0.0649  0.0651  0.0651  0.0651  0.0650  0.0651  0.0650  0.0651  0.0649  0.0649
  0.0653  0.0652  0.0651  0.0658  0.0657  0.0658  0.0653  0.0656  0.0653  0.0658  0.0651  0.0651
  0.0659  0.0657  0.0653  0.0668  0.0667  0.0668  0.0658  0.0663  0.0658  0.0668  0.0653  0.0654
niter,ni,del,rscale     4    3    5.0000    0.7000
parameters
    7.6657  -36.6549   11.6533  -13.2073  -25.3876    0.7078
   15.1918   -1.5350  -12.2251  -18.8320   -4.0075   13.0301
eta,q 0.93513 11.16879
  0.0656  0.0655  0.0652  0.0662  0.0663  0.0664  0.0656  0.0661  0.0655  0.0663  0.0652  0.0653
  0.0652  0.0652  0.0650  0.0656  0.0655  0.0656  0.0652  0.0654  0.0652  0.0655  0.0650  0.0651
  0.0650  0.0649  0.0649  0.0651  0.0650  0.0651  0.0650  0.0650  0.0649  0.0651  0.0649  0.0649
  0.0649  0.0649  0.0649  0.0649  0.0649  0.0649  0.0649  0.0649  0.0649  0.0649  0.0649  0.0649
  0.0650  0.0650  0.0649  0.0650  0.0651  0.0651  0.0650  0.0651  0.0650  0.0650  0.0649  0.0649
  0.0652  0.0652  0.0650  0.0655  0.0655  0.0656  0.0652  0.0655  0.0652  0.0656  0.0650  0.0651
  0.0656  0.0656  0.0652  0.0663  0.0663  0.0664  0.0656  0.0661  0.0655  0.0664  0.0652  0.0653
niter,ni,del,rscale     3    3    5.0000    0.6000
parameters
    7.6548  -36.6577   11.6592  -13.1868  -25.4356    0.7092
   15.2664   -1.5884  -12.2907  -18.8632   -4.0153   13.0554
eta,q 0.93513 11.16851
  0.0654  0.0654  0.0651  0.0659  0.0659  0.0660  0.0654  0.0658  0.0653  0.0659  0.0651  0.0652
  0.0651  0.0651  0.0650  0.0654  0.0653  0.0654  0.0651  0.0653  0.0651  0.0654  0.0650  0.0650
  0.0650  0.0649  0.0649  0.0651  0.0649  0.0650  0.0650  0.0650  0.0649  0.0650  0.0649  0.0649
  0.0649  0.0649  0.0649  0.0649  0.0649  0.0649  0.0649  0.0649  0.0649  0.0649  0.0649  0.0649
  0.0650  0.0649  0.0649  0.0650  0.0650  0.0650  0.0649  0.0650  0.0649  0.0650  0.0649  0.0649
  0.0651  0.0651  0.0650  0.0653  0.0653  0.0654  0.0651  0.0653  0.0651  0.0654  0.0650  0.0650
  0.0654  0.0654  0.0651  0.0660  0.0659  0.0660  0.0654  0.0658  0.0654  0.0660  0.0651  0.0652
niter,ni,del,rscale     2    3    5.0000    0.5000
parameters
    7.6494  -36.6627   11.6774  -13.1493  -25.5123    0.7171
   15.3263   -1.6394  -12.3605  -18.9027   -4.0218   13.0840
eta,q 0.93514 11.16725
  0.0652  0.0652  0.0650  0.0656  0.0656  0.0657  0.0653  0.0655  0.0652  0.0656  0.0650  0.0651
  0.0650  0.0650  0.0649  0.0653  0.0651  0.0652  0.0651  0.0651  0.0650  0.0652  0.0649  0.0650
  0.0649  0.0649  0.0649  0.0650  0.0649  0.0650  0.0649  0.0649  0.0649  0.0650  0.0649  0.0649
  0.0649  0.0649  0.0649  0.0649  0.0649  0.0649  0.0649  0.0649  0.0649  0.0649  0.0649  0.0649
  0.0649  0.0649  0.0649  0.0649  0.0650  0.0650  0.0649  0.0650  0.0649  0.0650  0.0649  0.0649
  0.0651  0.0650  0.0649  0.0652  0.0652  0.0652  0.0650  0.0652  0.0650  0.0652  0.0649  0.0650
  0.0653  0.0652  0.0650  0.0656  0.0656  0.0657  0.0652  0.0655  0.0652  0.0657  0.0650  0.0651
niter,ni,del,rscale     1    3    5.0000    0.4000
parameters
    7.6466  -36.6642   11.6945  -13.0940  -25.6059    0.7219
   15.3659   -1.6879  -12.3940  -18.9396   -4.0254   13.1331
eta,q 0.93514 11.16497
  0.0651  0.0651  0.0650  0.0654  0.0653  0.0654  0.0651  0.0653  0.0651  0.0653  0.0650  0.0650
  0.0650  0.0650  0.0649  0.0651  0.0650  0.0651  0.0650  0.0650  0.0650  0.0651  0.0649  0.0649
  0.0649  0.0649  0.0649  0.0650  0.0649  0.0649  0.0649  0.0649  0.0649  0.0649  0.0649  0.0649
  0.0649  0.0649  0.0649  0.0649  0.0649  0.0649  0.0649  0.0649  0.0649  0.0649  0.0649  0.0649
  0.0649  0.0649  0.0649  0.0649  0.0649  0.0649  0.0649  0.0649  0.0649  0.0649  0.0649  0.0649
  0.0650  0.0650  0.0649  0.0651  0.0651  0.0651  0.0650  0.0651  0.0650  0.0651  0.0649  0.0649
  0.0651  0.0651  0.0650  0.0654  0.0653  0.0654  0.0651  0.0653  0.0651  0.0654  0.0650  0.0650
registration optimization eta report
parameter search radius
    0.8000    0.8000    0.8000    2.4000    2.4000    2.4000
    2.4000    2.4000    2.4000    2.4000    2.4000    2.4000
100000*second partial in parameter space
       38.       34.       16.        9.        7.        9.
        4.        7.        4.        9.        2.        2.
  0.0651  0.0651  0.0650  0.0654  0.0653  0.0654  0.0651  0.0653  0.0651  0.0653  0.0650  0.0650
  0.0650  0.0650  0.0649  0.0651  0.0650  0.0651  0.0650  0.0650  0.0650  0.0651  0.0649  0.0649
  0.0649  0.0649  0.0649  0.0650  0.0649  0.0649  0.0649  0.0649  0.0649  0.0649  0.0649  0.0649
  0.0649  0.0649  0.0649  0.0649  0.0649  0.0649  0.0649  0.0649  0.0649  0.0649  0.0649  0.0649
  0.0649  0.0649  0.0649  0.0649  0.0649  0.0649  0.0649  0.0649  0.0649  0.0649  0.0649  0.0649
  0.0650  0.0650  0.0649  0.0651  0.0651  0.0651  0.0650  0.0651  0.0650  0.0651  0.0649  0.0649
  0.0651  0.0651  0.0650  0.0654  0.0653  0.0654  0.0651  0.0653  0.0651  0.0654  0.0650  0.0650
    7.6466  -36.6642   11.6945  -13.0940  -25.6059    0.7219
   15.3659   -1.6879  -12.3940  -18.9396   -4.0254   13.1331
eta,q 0.93514 11.16497

---------------------------------------------------------------------
compute_vox2vox talsrcimg talsrcimg_to_3T18yoSchwartzReactN32_as_orig_t4 /opt/freesurfer/average/3T18yoSchwartzReactN32_as_orig
---------------------------------------------------------------------

freesurfer compute_vox2vox.c
Reading: talsrcimg.4dfp.ifh
Reading: talsrcimg_to_3T18yoSchwartzReactN32_as_orig_t4
Reading: /opt/freesurfer/average/3T18yoSchwartzReactN32_as_orig.4dfp.ifh
Writing: talsrcimg_to_3T18yoSchwartzReactN32_as_orig_t4_vox2vox.txt

start time Sat Mar 14 00:04:23 CET 2026
end		time Sat Mar 14 00:05:53 CET 2026

mpr2mni305 success

avi2talxfm orig_nu.mgz /opt/freesurfer/average/mni305.cor.mgz talsrcimg_to_3T18yoSchwartzReactN32_as_orig_t4_vox2vox.txt transforms/talairach.auto.xfm
avi2talxfm done
mv -f /out/sourcedata/freesurfer/sub-v2s8x29183_ses-1/mri/talsrcimg_to_3T18yoSchwartzReactN32_as_orig_t4_vox2vox.txt /out/sourcedata/freesurfer/sub-v2s8x29183_ses-1/mri/transforms/talsrcimg_to_3T18yoSchwartzReactN32_as_orig_t4_vox2vox.txt
lta_convert --src orig_nu.mgz --trg /opt/freesurfer/average/mni305.cor.mgz --inxfm transforms/talairach.auto.xfm --outlta transforms/talairach.auto.xfm.lta --subject fsaverage
7.3.2

--src: orig_nu.mgz src image (geometry).
--trg: /opt/freesurfer/average/mni305.cor.mgz trg image (geometry).
--inmni: transforms/talairach.auto.xfm input MNI/XFM transform.
--outlta: transforms/talairach.auto.xfm.lta output LTA.
--s: fsaverage subject name
 LTA read, type : 1
 1.11725  -0.02388  -0.22655  -17.08686;
 0.01973   0.96051  -0.17364  -18.58937;
 0.19116   0.24055   1.26224   40.61493;
 0.00000   0.00000   0.00000   1.00000;
setting subject to fsaverage
Writing  LTA to file transforms/talairach.auto.xfm.lta...
lta_convert successful.
 
 
Started at Sat Mar 14 00:04:22 CET 2026
Ended   at Sat Mar 14 00:05:53 CET 2026
talairach_avi done
