/out/sourcedata/freesurfer/sub-v2s8x29178_ses-1/mri
/opt/freesurfer/bin/talairach_avi
--i orig_nu.mgz --xfm transforms/talairach.auto.xfm
talairach_avi 7.3.2
Linux dna032 5.14.0-427.37.1.el9_4.x86_64 #1 SMP PREEMPT_DYNAMIC Fri Sep 13 12:41:50 EDT 2024 x86_64 x86_64 x86_64 GNU/Linux
Fri Mar 13 23:40:12 CET 2026
mri_convert orig_nu.mgz talsrcimg.img 
reading from orig_nu.mgz...
TR=0.00, TE=0.00, TI=0.00, flip angle=0.00
i_ras = (-1, 0, 0)
j_ras = (0, 0, -1)
k_ras = (0, 1, 0)
writing to talsrcimg.img...
Analyze Output Matrix
-1.00000   0.00000   0.00000   133.27957;
 0.00000   0.00000   1.00000  -128.00000;
 0.00000  -1.00000   0.00000   129.27710;
 0.00000   0.00000   0.00000   1.00000;
--------------------
INFO: set hdr.hist.orient to -1
mpr2mni305 talsrcimg
Fri Mar 13 23:40:13 CET 2026
/opt/freesurfer/bin/mpr2mni305 talsrcimg
mpr2mni305 7.3.2
target=711-2C_as_mni_average_305

---------------------------------------------------------------------
analyzeto4dfp talsrcimg -O0 -y
---------------------------------------------------------------------

freesurfer ifh2hdr.c
Fri Mar 13 23:40:13 2026
Writing: talsrcimg.4dfp.hdr
freesurfer analyzeto4dfp.c
Reading: talsrcimg.hdr
header size 348 bytes
hdr.dime.datatype	offset=70	value=2
hdr.dime.bitpix		offset=72	value=8
hdr.hist.orient		offset=252	value=-1
dimensionality     4
dimensions       256       256       256         1
Reading: talsrcimg.img
Writing: talsrcimg.4dfp.img
Writing: talsrcimg.4dfp.ifh
ifh2hdr talsrcimg -r0to206
ori=2

---------------------------------------------------------------------
gauss_4dfp talsrcimg 1.1
---------------------------------------------------------------------

freesurfer gauss_4dfp.c
Reading: talsrcimg.4dfp.img
Writing: talsrcimg_g11.4dfp.img
image dimensions 256 256 256 padded to 288 288 288
processing volume 1freesurfer ifh2hdr.c
Fri Mar 13 23:40:14 2026
Writing: talsrcimg_g11.4dfp.hdr

Writing: talsrcimg_g11.4dfp.ifh
including: talsrcimg.4dfp.img.rec in talsrcimg_g11.4dfp.img.rec

---------------------------------------------------------------------
imgreg_4dfp /opt/freesurfer/average/711-2C_as_mni_average_305 none talsrcimg_g11 none talsrcimg_to_711-2C_as_mni_average_305_t4 4355
---------------------------------------------------------------------

freesurfer imgreg_4dfp.c
/opt/freesurfer/average/711-2C_as_mni_average_305.4dfp.img
       256       256       256         1
  1.000000  1.000000  1.000000
orientation T byte_order littleendian
Reading image: /opt/freesurfer/average/711-2C_as_mni_average_305.4dfp.img
dimensions:      256       256       256
mmppix:       1.0000   -1.0000   -1.0000
center:     128.0000 -129.0000 -129.0000
talsrcimg_g11.4dfp.img
       256       256       256         1
  1.000000  1.000000  1.000000
orientation T byte_order littleendian
Reading image: talsrcimg_g11.4dfp.img
dimensions:      256       256       256
mmppix:       1.0000   -1.0000   -1.0000
center:     128.0000 -129.0000 -129.0000
t4_read: open error in t4_sub.f l:  41 t4_file(1:l)talsrcimg_to_711-2C_as_mni_average_305_t4 
t4_read: transform initialized to I4
rotation matrix determinant  1.000000
image alignment mode   4355 decimal     1103 hex
   -7.5000  -45.0000  -45.0000 9031.8643   16.2360
    0.0000  -45.0000  -45.0000 9427.3574   16.2398
    7.5000  -45.0000  -45.0000 8990.9297   16.2383
   -7.5000  -37.5000  -45.0000 9559.6719   16.1803
    0.0000  -37.5000  -45.0000 9970.1309   16.1874
    7.5000  -37.5000  -45.0000 9507.8633   16.1873
   -7.5000  -30.0000  -45.000010383.8838   16.1732
    0.0000  -30.0000  -45.000010830.2666   16.1835
    7.5000  -30.0000  -45.000010337.2305   16.1848
   -7.5000  -22.5000  -45.000011138.8574   16.2025
    0.0000  -22.5000  -45.000011609.3174   16.2112
    7.5000  -22.5000  -45.000011079.8691   16.2114
   -7.5000  -15.0000  -45.000011833.9326   16.2223
    0.0000  -15.0000  -45.000012345.5127   16.2265
    7.5000  -15.0000  -45.000011793.9912   16.2249
   -7.5000   -7.5000  -45.000012481.8359   16.2056
    0.0000   -7.5000  -45.000013035.7646   16.2080
    7.5000   -7.5000  -45.000012459.5088   16.2059
   -7.5000    0.0000  -45.000013040.3496   16.1735
    0.0000    0.0000  -45.000013573.9922   16.1769
    7.5000    0.0000  -45.000012999.5957   16.1751
   -7.5000    7.5000  -45.000012618.2324   16.1587
    0.0000    7.5000  -45.000013145.8535   16.1656
    7.5000    7.5000  -45.000012572.5547   16.1651
   -7.5000   15.0000  -45.000011974.9121   16.1711
    0.0000   15.0000  -45.000012457.7334   16.1813
    7.5000   15.0000  -45.000011926.0498   16.1825
   -7.5000   22.5000  -45.000011192.7451   16.2003
    0.0000   22.5000  -45.000011629.3857   16.2090
    7.5000   22.5000  -45.000011141.6250   16.2092
   -7.5000   30.0000  -45.000010361.4717   16.0061
    0.0000   30.0000  -45.000010749.0098   16.0103
    7.5000   30.0000  -45.000010278.6221   16.0087
   -7.5000   37.5000  -45.0000 9885.3906   15.9903
    0.0000   37.5000  -45.000010275.2168   15.9926
    7.5000   37.5000  -45.0000 9813.0098   15.9905
   -7.5000   45.0000  -45.0000 9057.3408   15.5713
    0.0000   45.0000  -45.0000 9423.2363   15.5746
    7.5000   45.0000  -45.0000 8980.3691   15.5727
   -7.5000  -45.0000  -37.5000 9556.7754   16.2202
    0.0000  -45.0000  -37.5000 9961.8945   16.2253
    7.5000  -45.0000  -37.5000 9516.1885   16.2193
   -7.5000  -37.5000  -37.500010110.8867   16.1657
    0.0000  -37.5000  -37.500010531.5820   16.1749
    7.5000  -37.5000  -37.500010057.2051   16.1734
   -7.5000  -30.0000  -37.500010979.6240   16.1617
    0.0000  -30.0000  -37.500011435.6514   16.1759
    7.5000  -30.0000  -37.500010922.1719   16.1781
   -7.5000  -22.5000  -37.500011788.8398   16.1921
    0.0000  -22.5000  -37.500012262.2070   16.2063
    7.5000  -22.5000  -37.500011722.7363   16.2061
   -7.5000  -15.0000  -37.500012511.8076   16.2107
    0.0000  -15.0000  -37.500013021.3164   16.2207
    7.5000  -15.0000  -37.500012448.8916   16.2155
   -7.5000   -7.5000  -37.500013152.6572   16.1921
    0.0000   -7.5000  -37.500013671.5977   16.1979
    7.5000   -7.5000  -37.500013117.2012   16.1904
   -7.5000    0.0000  -37.500013696.3691   16.1584
    0.0000    0.0000  -37.500014222.7129   16.1631
    7.5000    0.0000  -37.500013671.0898   16.1568
   -7.5000    7.5000  -37.500013266.7090   16.1445
    0.0000    7.5000  -37.500013785.2334   16.1535
    7.5000    7.5000  -37.500013214.0186   16.1516
   -7.5000   15.0000  -37.500012610.9043   16.1596
    0.0000   15.0000  -37.500013085.9014   16.1738
    7.5000   15.0000  -37.500012548.7979   16.1758
   -7.5000   22.5000  -37.500011746.8223   16.1898
    0.0000   22.5000  -37.500012186.0029   16.2040
    7.5000   22.5000  -37.500011688.5723   16.2039
   -7.5000   30.0000  -37.500010821.1982   15.9947
    0.0000   30.0000  -37.500011221.0801   16.0046
    7.5000   30.0000  -37.500010766.3916   15.9994
   -7.5000   37.5000  -37.500010324.5713   15.9770
    0.0000   37.5000  -37.500010706.5254   15.9827
    7.5000   37.5000  -37.500010246.0791   15.9752
   -7.5000   45.0000  -37.5000 9435.0176   15.5567
    0.0000   45.0000  -37.5000 9799.6348   15.5613
    7.5000   45.0000  -37.5000 9367.0791   15.5551
   -7.5000  -45.0000  -30.000010263.4346   16.8958
    0.0000  -45.0000  -30.000010690.4053   16.9021
    7.5000  -45.0000  -30.000010212.3018   16.8915
   -7.5000  -37.5000  -30.000010857.1494   16.8369
    0.0000  -37.5000  -30.000011298.1611   16.8469
    7.5000  -37.5000  -30.000010791.2744   16.8427
   -7.5000  -30.0000  -30.000011784.3350   16.8314
    0.0000  -30.0000  -30.000012264.5713   16.8461
    7.5000  -30.0000  -30.000011723.3662   16.8450
   -7.5000  -22.5000  -30.000012658.5049   16.8628
    0.0000  -22.5000  -30.000013164.7080   16.8778
    7.5000  -22.5000  -30.000012592.7354   16.8723
   -7.5000  -15.0000  -30.000013414.4648   16.8839
    0.0000  -15.0000  -30.000013960.2070   16.8956
    7.5000  -15.0000  -30.000013362.8760   16.8831
   -7.5000   -7.5000  -30.000014066.1533   16.8669
    0.0000   -7.5000  -30.000014611.4990   16.8744
    7.5000   -7.5000  -30.000014040.3291   16.8600
   -7.5000    0.0000  -30.000014645.8438   16.8318
    0.0000    0.0000  -30.000015206.1768   16.8376
    7.5000    0.0000  -30.000014613.5967   16.8267
   -7.5000    7.5000  -30.000014146.4102   16.8151
    0.0000    7.5000  -30.000014704.7666   16.8249
    7.5000    7.5000  -30.000014113.0645   16.8203
   -7.5000   15.0000  -30.000013472.7256   16.8293
    0.0000   15.0000  -30.000013966.1348   16.8439
    7.5000   15.0000  -30.000013413.8252   16.8427
   -7.5000   22.5000  -30.000012515.8740   16.8588
    0.0000   22.5000  -30.000012958.8984   16.8738
    7.5000   22.5000  -30.000012480.6631   16.8682
   -7.5000   30.0000  -30.000011487.9014   16.6605
    0.0000   30.0000  -30.000011904.0312   16.6720
    7.5000   30.0000  -30.000011475.7158   16.6597
   -7.5000   37.5000  -30.000010960.9922   16.6443
    0.0000   37.5000  -30.000011339.6533   16.6517
    7.5000   37.5000  -30.000010908.7607   16.6374
   -7.5000   45.0000  -30.0000 9998.2695   16.2167
    0.0000   45.0000  -30.000010363.7490   16.2223
    7.5000   45.0000  -30.0000 9930.8584   16.2117
   -7.5000  -45.0000  -22.500010923.0908   17.4818
    0.0000  -45.0000  -22.500011393.9961   17.4884
    7.5000  -45.0000  -22.500010876.9082   17.4787
   -7.5000  -37.5000  -22.500011558.9600   17.4179
    0.0000  -37.5000  -22.500012052.1289   17.4270
    7.5000  -37.5000  -22.500011500.3379   17.4213
   -7.5000  -30.0000  -22.500012565.2051   17.4092
    0.0000  -30.0000  -22.500013084.6211   17.4196
    7.5000  -30.0000  -22.500012498.9287   17.4133
   -7.5000  -22.5000  -22.500013497.2764   17.4412
    0.0000  -22.5000  -22.500014063.7549   17.4501
    7.5000  -22.5000  -22.500013418.4551   17.4382
   -7.5000  -15.0000  -22.500014296.4111   17.4656
    0.0000  -15.0000  -22.500014912.9512   17.4722
    7.5000  -15.0000  -22.500014240.2773   17.4554
   -7.5000   -7.5000  -22.500014978.3926   17.4510
    0.0000   -7.5000  -22.500015622.6523   17.4567
    7.5000   -7.5000  -22.500014940.7344   17.4413
   -7.5000    0.0000  -22.500015575.7939   17.4149
    0.0000    0.0000  -22.500016228.4805   17.4212
    7.5000    0.0000  -22.500015525.2959   17.4112
   -7.5000    7.5000  -22.500014985.8496   17.3953
    0.0000    7.5000  -22.500015603.0459   17.4041
    7.5000    7.5000  -22.500014952.2754   17.3981
   -7.5000   15.0000  -22.500014246.6133   17.4069
    0.0000   15.0000  -22.500014784.4492   17.4173
    7.5000   15.0000  -22.500014200.0898   17.4109
   -7.5000   22.5000  -22.500013240.6836   17.4359
    0.0000   22.5000  -22.500013686.5459   17.4447
    7.5000   22.5000  -22.500013196.1201   17.4329
   -7.5000   30.0000  -22.500012172.1494   17.2372
    0.0000   30.0000  -22.500012579.9199   17.2436
    7.5000   30.0000  -22.500012142.6016   17.2271
   -7.5000   37.5000  -22.500011574.9111   17.2232
    0.0000   37.5000  -22.500011975.9385   17.2288
    7.5000   37.5000  -22.500011546.8057   17.2137
   -7.5000   45.0000  -22.500010523.5547   16.7909
    0.0000   45.0000  -22.500010902.0215   16.7971
    7.5000   45.0000  -22.500010460.0381   16.7873
   -7.5000  -45.0000  -15.000011569.0615   17.8964
    0.0000  -45.0000  -15.000012074.0938   17.9015
    7.5000  -45.0000  -15.000011529.6709   17.8961
   -7.5000  -37.5000  -15.000012244.4893   17.8293
    0.0000  -37.5000  -15.000012788.1445   17.8360
    7.5000  -37.5000  -15.000012200.4941   17.8311
   -7.5000  -30.0000  -15.000013316.5635   17.8180
    0.0000  -30.0000  -15.000013909.7539   17.8237
    7.5000  -30.0000  -15.000013241.8760   17.8156
   -7.5000  -22.5000  -15.000014318.2871   17.8506
    0.0000  -22.5000  -15.000014971.1074   17.8527
    7.5000  -22.5000  -15.000014210.4629   17.8402
   -7.5000  -15.0000  -15.000015156.7695   17.8772
    0.0000  -15.0000  -15.000015893.3955   17.8771
    7.5000  -15.0000  -15.000015084.3184   17.8630
   -7.5000   -7.5000  -15.000015852.8555   17.8637
    0.0000   -7.5000  -15.000016631.3750   17.8655
    7.5000   -7.5000  -15.000015824.3848   17.8551
   -7.5000    0.0000  -15.000016442.2910   17.8273
    0.0000    0.0000  -15.000017208.1055   17.8320
    7.5000    0.0000  -15.000016404.4414   17.8263
   -7.5000    7.5000  -15.000015804.7295   17.8058
    0.0000    7.5000  -15.000016508.2832   17.8122
    7.5000    7.5000  -15.000015755.3037   17.8069
   -7.5000   15.0000  -15.000014965.8330   17.8157
    0.0000   15.0000  -15.000015611.3545   17.8213
    7.5000   15.0000  -15.000014925.7275   17.8130
   -7.5000   22.5000  -15.000013892.1797   17.8443
    0.0000   22.5000  -15.000014451.1855   17.8464
    7.5000   22.5000  -15.000013880.3301   17.8339
   -7.5000   30.0000  -15.000012823.7656   17.6458
    0.0000   30.0000  -15.000013303.8799   17.6457
    7.5000   30.0000  -15.000012805.5527   17.6318
   -7.5000   37.5000  -15.000012206.9619   17.6330
    0.0000   37.5000  -15.000012656.0684   17.6347
    7.5000   37.5000  -15.000012191.6738   17.6245
   -7.5000   45.0000  -15.000011093.8105   17.1989
    0.0000   45.0000  -15.000011501.9150   17.2035
    7.5000   45.0000  -15.000011026.4004   17.1980
   -7.5000  -45.0000   -7.500012231.9844   18.0879
    0.0000  -45.0000   -7.500012760.4209   18.0916
    7.5000  -45.0000   -7.500012169.7891   18.0899
   -7.5000  -37.5000   -7.500012956.5742   18.0217
    0.0000  -37.5000   -7.500013541.2861   18.0276
    7.5000  -37.5000   -7.500012882.4873   18.0253
   -7.5000  -30.0000   -7.500014090.7090   18.0106
    0.0000  -30.0000   -7.500014745.1221   18.0169
    7.5000  -30.0000   -7.500013986.6182   18.0128
   -7.5000  -22.5000   -7.500015160.2480   18.0437
    0.0000  -22.5000   -7.500015906.6445   18.0466
    7.5000  -22.5000   -7.500015018.0928   18.0405
   -7.5000  -15.0000   -7.500016094.1162   18.0695
    0.0000  -15.0000   -7.500016963.3125   18.0687
    7.5000  -15.0000   -7.500015964.4004   18.0623
   -7.5000   -7.5000   -7.500016800.7637   18.0544
    0.0000   -7.5000   -7.500017735.6035   18.0546
    7.5000   -7.5000   -7.500016738.4258   18.0505
   -7.5000    0.0000   -7.500017336.7812   18.0180
    0.0000    0.0000   -7.500018269.3535   18.0213
    7.5000    0.0000   -7.500017308.1484   18.0192
   -7.5000    7.5000   -7.500016604.6172   17.9977
    0.0000    7.5000   -7.500017449.2207   18.0033
    7.5000    7.5000   -7.500016582.0391   18.0007
   -7.5000   15.0000   -7.500015733.2803   18.0083
    0.0000   15.0000   -7.500016514.6758   18.0145
    7.5000   15.0000   -7.500015696.1934   18.0103
   -7.5000   22.5000   -7.500014664.1846   18.0354
    0.0000   22.5000   -7.500015322.7871   18.0382
    7.5000   22.5000   -7.500014600.6523   18.0322
   -7.5000   30.0000   -7.500013561.0547   17.8352
    0.0000   30.0000   -7.500014132.6064   17.8344
    7.5000   30.0000   -7.500013486.4971   17.8281
   -7.5000   37.5000   -7.500012901.1123   17.8209
    0.0000   37.5000   -7.500013436.2783   17.8210
    7.5000   37.5000   -7.500012842.7598   17.8170
   -7.5000   45.0000   -7.500011732.8301   17.3864
    0.0000   45.0000   -7.500012190.5420   17.3895
    7.5000   45.0000   -7.500011631.0107   17.3875
   -7.5000  -45.0000    0.000012815.0723   18.1060
    0.0000  -45.0000    0.000013389.1670   18.1104
    7.5000  -45.0000    0.000012731.3809   18.1087
   -7.5000  -37.5000    0.000013536.7686   18.0438
    0.0000  -37.5000    0.000014195.9053   18.0519
    7.5000  -37.5000    0.000013460.8760   18.0516
   -7.5000  -30.0000    0.000014732.1387   18.0365
    0.0000  -30.0000    0.000015488.7080   18.0480
    7.5000  -30.0000    0.000014632.2832   18.0493
   -7.5000  -22.5000    0.000015898.5479   18.0699
    0.0000  -22.5000    0.000016807.9395   18.0796
    7.5000  -22.5000    0.000015722.7197   18.0798
   -7.5000  -15.0000    0.000016915.5449   18.0922
    0.0000  -15.0000    0.000018028.9180   18.0970
    7.5000  -15.0000    0.000016723.8594   18.0952
   -7.5000   -7.5000    0.000017747.8828   18.0730
    0.0000   -7.5000    0.000018898.0898   18.0758
    7.5000   -7.5000    0.000017551.8477   18.0736
   -7.5000    0.0000    0.000018320.0332   18.0366
    0.0000    0.0000    0.000019380.7266   18.0405
    7.5000    0.0000    0.000018138.5371   18.0385
   -7.5000    7.5000    0.000017504.1484   18.0199
    0.0000    7.5000    0.000018443.6582   18.0276
    7.5000    7.5000    0.000017325.2441   18.0270
   -7.5000   15.0000    0.000016547.8164   18.0342
    0.0000   15.0000    0.000017383.8223   18.0456
    7.5000   15.0000    0.000016370.3750   18.0467
   -7.5000   22.5000    0.000015409.9639   18.0616
    0.0000   22.5000    0.000016147.4834   18.0713
    7.5000   22.5000    0.000015243.0381   18.0715
   -7.5000   30.0000    0.000014234.2246   17.8580
    0.0000   30.0000    0.000014864.0723   17.8628
    7.5000   30.0000    0.000014068.5908   17.8610
   -7.5000   37.5000    0.000013524.2197   17.8399
    0.0000   37.5000    0.000014108.9561   17.8426
    7.5000   37.5000    0.000013396.3008   17.8404
   -7.5000   45.0000    0.000012244.1885   17.4058
    0.0000   45.0000    0.000012768.9824   17.4096
    7.5000   45.0000    0.000012094.7295   17.4076
   -7.5000  -45.0000    7.500012329.9180   18.1400
    0.0000  -45.0000    7.500012918.9707   18.1457
    7.5000  -45.0000    7.500012280.8691   18.1390
   -7.5000  -37.5000    7.500013026.1426   18.0793
    0.0000  -37.5000    7.500013688.2227   18.0896
    7.5000  -37.5000    7.500012971.7627   18.0878
   -7.5000  -30.0000    7.500014183.7686   18.0748
    0.0000  -30.0000    7.500014939.6787   18.0908
    7.5000  -30.0000    7.500014090.2100   18.0931
   -7.5000  -22.5000    7.500015342.2578   18.1085
    0.0000  -22.5000    7.500016282.5889   18.1244
    7.5000  -22.5000    7.500015158.7803   18.1244
   -7.5000  -15.0000    7.500016372.7246   18.1291
    0.0000  -15.0000    7.500017449.6328   18.1404
    7.5000  -15.0000    7.500016107.1143   18.1346
   -7.5000   -7.5000    7.500017240.6016   18.1084
    0.0000   -7.5000    7.500018320.1562   18.1149
    7.5000   -7.5000    7.500016908.3496   18.1064
   -7.5000    0.0000    7.500017873.3887   18.0710
    0.0000    0.0000    7.500018886.2910   18.0762
    7.5000    0.0000    7.500017511.4824   18.0691
   -7.5000    7.5000    7.500017053.3398   18.0556
    0.0000    7.5000    7.500017980.4258   18.0656
    7.5000    7.5000    7.500016730.3066   18.0635
   -7.5000   15.0000    7.500016061.8057   18.0725
    0.0000   15.0000    7.500016922.9902   18.0883
    7.5000   15.0000    7.500015789.4326   18.0906
   -7.5000   22.5000    7.500014917.4072   18.1002
    0.0000   22.5000    7.500015681.5078   18.1161
    7.5000   22.5000    7.500014687.4600   18.1160
   -7.5000   30.0000    7.500013721.2217   17.8945
    0.0000   30.0000    7.500014373.9111   17.9056
    7.5000   30.0000    7.500013530.6543   17.8999
   -7.5000   37.5000    7.500013033.8389   17.8748
    0.0000   37.5000    7.500013631.1133   17.8812
    7.5000   37.5000    7.500012895.4736   17.8728
   -7.5000   45.0000    7.500011772.1611   17.4390
    0.0000   45.0000    7.500012292.6406   17.4441
    7.5000   45.0000    7.500011636.9346   17.4371
   -7.5000  -45.0000   15.000011726.4609   18.2112
    0.0000  -45.0000   15.000012286.4707   18.2181
    7.5000  -45.0000   15.000011683.0732   18.2065
   -7.5000  -37.5000   15.000012403.2051   18.1478
    0.0000  -37.5000   15.000013000.9629   18.1587
    7.5000  -37.5000   15.000012320.2764   18.1540
   -7.5000  -30.0000   15.000013555.0391   18.1416
    0.0000  -30.0000   15.000014237.1045   18.1577
    7.5000  -30.0000   15.000013397.5908   18.1563
   -7.5000  -22.5000   15.000014619.6514   18.1750
    0.0000  -22.5000   15.000015418.0312   18.1914
    7.5000  -22.5000   15.000014398.7188   18.1852
   -7.5000  -15.0000   15.000015535.4062   18.1974
    0.0000  -15.0000   15.000016415.4160   18.2102
    7.5000  -15.0000   15.000015286.1113   18.1965
   -7.5000   -7.5000   15.000016363.8086   18.1793
    0.0000   -7.5000   15.000017269.0781   18.1876
    7.5000   -7.5000   15.000016092.9971   18.1718
   -7.5000    0.0000   15.000016995.5391   18.1419
    0.0000    0.0000   15.000017946.7227   18.1483
    7.5000    0.0000   15.000016729.2949   18.1364
   -7.5000    7.5000   15.000016225.7959   18.1242
    0.0000    7.5000   15.000017139.9102   18.1348
    7.5000    7.5000   15.000015999.3447   18.1298
   -7.5000   15.0000   15.000015296.7881   18.1393
    0.0000   15.0000   15.000016151.9834   18.1552
    7.5000   15.0000   15.000015086.5625   18.1537
   -7.5000   22.5000   15.000014208.9395   18.1666
    0.0000   22.5000   15.000014938.0459   18.1830
    7.5000   22.5000   15.000013996.4092   18.1768
   -7.5000   30.0000   15.000013040.4062   17.9619
    0.0000   30.0000   15.000013689.9346   17.9745
    7.5000   30.0000   15.000012865.4482   17.9610
   -7.5000   37.5000   15.000012383.0312   17.9446
    0.0000   37.5000   15.000012988.4258   17.9528
    7.5000   37.5000   15.000012237.2881   17.9372
   -7.5000   45.0000   15.000011167.3516   17.5073
    0.0000   45.0000   15.000011703.2119   17.5136
    7.5000   45.0000   15.000011046.0469   17.5020
   -7.5000  -45.0000   22.500011001.0615   18.3168
    0.0000  -45.0000   22.500011509.0244   18.3244
    7.5000  -45.0000   22.500010948.5059   18.3142
   -7.5000  -37.5000   22.500011642.7656   18.2496
    0.0000  -37.5000   22.500012154.3809   18.2596
    7.5000  -37.5000   22.500011560.1055   18.2535
   -7.5000  -30.0000   22.500012676.1230   18.2397
    0.0000  -30.0000   22.500013268.3389   18.2512
    7.5000  -30.0000   22.500012584.7568   18.2444
   -7.5000  -22.5000   22.500013633.0039   18.2727
    0.0000  -22.5000   22.500014312.2900   18.2825
    7.5000  -22.5000   22.500013513.5117   18.2698
   -7.5000  -15.0000   22.500014511.5381   18.2981
    0.0000  -15.0000   22.500015224.5947   18.3056
    7.5000  -15.0000   22.500014336.9180   18.2877
   -7.5000   -7.5000   22.500015337.8887   18.2833
    0.0000   -7.5000   22.500016097.5742   18.2899
    7.5000   -7.5000   22.500015153.5352   18.2736
   -7.5000    0.0000   22.500015952.4697   18.2462
    0.0000    0.0000   22.500016756.1309   18.2534
    7.5000    0.0000   22.500015770.1816   18.2427
   -7.5000    7.5000   22.500015242.9219   18.2256
    0.0000    7.5000   22.500016038.9912   18.2354
    7.5000    7.5000   22.500015074.4365   18.2290
   -7.5000   15.0000   22.500014363.1924   18.2373
    0.0000   15.0000   22.500015083.5488   18.2487
    7.5000   15.0000   22.500014186.9219   18.2418
   -7.5000   22.5000   22.500013309.7725   18.2643
    0.0000   22.5000   22.500013932.1348   18.2741
    7.5000   22.5000   22.500013140.7822   18.2614
   -7.5000   30.0000   22.500012199.1641   18.0613
    0.0000   30.0000   22.500012775.3447   18.0687
    7.5000   30.0000   22.500012060.2881   18.0510
   -7.5000   37.5000   22.500011566.6113   18.0472
    0.0000   37.5000   22.500012100.2402   18.0537
    7.5000   37.5000   22.500011434.8975   18.0376
   -7.5000   45.0000   22.500010415.3047   17.6078
    0.0000   45.0000   22.500010878.5439   17.6149
    7.5000   45.0000   22.500010302.2236   17.6046
   -7.5000  -45.0000   30.000010175.8838   18.5456
    0.0000  -45.0000   30.000010628.9648   18.5528
    7.5000  -45.0000   30.000010160.4668   18.5474
   -7.5000  -37.5000   30.000010750.6338   18.4742
    0.0000  -37.5000   30.000011222.8242   18.4830
    7.5000  -37.5000   30.000010724.0000   18.4782
   -7.5000  -30.0000   30.000011711.2373   18.4611
    0.0000  -30.0000   30.000012224.7783   18.4686
    7.5000  -30.0000   30.000011667.4570   18.4602
   -7.5000  -22.5000   30.000012606.0918   18.4948
    0.0000  -22.5000   30.000013160.2148   18.4983
    7.5000  -22.5000   30.000012520.4746   18.4848
   -7.5000  -15.0000   30.000013384.0186   18.5230
    0.0000  -15.0000   30.000013976.0068   18.5241
    7.5000  -15.0000   30.000013284.0732   18.5089
   -7.5000   -7.5000   30.000014170.1348   18.5099
    0.0000   -7.5000   30.000014798.9766   18.5132
    7.5000   -7.5000   30.000014058.3125   18.5022
   -7.5000    0.0000   30.000014762.5439   18.4723
    0.0000    0.0000   30.000015413.1045   18.4791
    7.5000    0.0000   30.000014643.8779   18.4733
   -7.5000    7.5000   30.000014118.2607   18.4493
    0.0000    7.5000   30.000014744.9473   18.4579
    7.5000    7.5000   30.000013985.9902   18.4526
   -7.5000   15.0000   30.000013292.9736   18.4586
    0.0000   15.0000   30.000013879.5146   18.4661
    7.5000   15.0000   30.000013151.4863   18.4575
   -7.5000   22.5000   30.000012304.2217   18.4862
    0.0000   22.5000   30.000012859.5234   18.4898
    7.5000   22.5000   30.000012182.4424   18.4763
   -7.5000   30.0000   30.000011281.8760   18.2833
    0.0000   30.0000   30.000011792.2852   18.2844
    7.5000   30.0000   30.000011172.1572   18.2694
   -7.5000   37.5000   30.000010680.0273   18.2709
    0.0000   37.5000   30.000011157.8867   18.2741
    7.5000   37.5000   30.000010573.9551   18.2633
   -7.5000   45.0000   30.0000 9601.9033   17.8259
    0.0000   45.0000   30.000010022.7656   17.8325
    7.5000   45.0000   30.0000 9508.6787   17.8269
   -7.5000  -45.0000   37.5000 9720.5527   18.9015
    0.0000  -45.0000   37.500010139.1270   18.9068
    7.5000  -45.0000   37.5000 9735.5820   18.9046
   -7.5000  -37.5000   37.500010290.3662   18.8281
    0.0000  -37.5000   37.500010722.7578   18.8359
    7.5000  -37.5000   37.500010292.1172   18.8331
   -7.5000  -30.0000   37.500011198.9170   18.8142
    0.0000  -30.0000   37.500011675.0059   18.8222
    7.5000  -30.0000   37.500011193.4990   18.8168
   -7.5000  -22.5000   37.500012041.5156   18.8497
    0.0000  -22.5000   37.500012545.7637   18.8535
    7.5000  -22.5000   37.500011996.5654   18.8455
   -7.5000  -15.0000   37.500012776.9102   18.8785
    0.0000  -15.0000   37.500013311.9102   18.8784
    7.5000  -15.0000   37.500012719.4521   18.8700
   -7.5000   -7.5000   37.500013501.4180   18.8640
    0.0000   -7.5000   37.500014048.7900   18.8650
    7.5000   -7.5000   37.500013426.4180   18.8599
   -7.5000    0.0000   37.500014093.0908   18.8253
    0.0000    0.0000   37.500014653.5010   18.8301
    7.5000    0.0000   37.500014004.3213   18.8275
   -7.5000    7.5000   37.500013486.7969   18.8019
    0.0000    7.5000   37.500014015.3164   18.8094
    7.5000    7.5000   37.500013381.6104   18.8062
   -7.5000   15.0000   37.500012709.0967   18.8117
    0.0000   15.0000   37.500013205.2881   18.8195
    7.5000   15.0000   37.500012580.4668   18.8140
   -7.5000   22.5000   37.500011786.5820   18.8410
    0.0000   22.5000   37.500012256.7217   18.8448
    7.5000   22.5000   37.500011665.4756   18.8368
   -7.5000   30.0000   37.500010816.0791   18.6342
    0.0000   30.0000   37.500011268.8926   18.6340
    7.5000   30.0000   37.500010716.4229   18.6258
   -7.5000   37.5000   37.500010220.1924   18.6200
    0.0000   37.5000   37.500010673.8164   18.6210
    7.5000   37.5000   37.500010130.8203   18.6159
   -7.5000   45.0000   37.5000 9173.1436   18.1619
    0.0000   45.0000   37.5000 9569.2588   18.1665
    7.5000   45.0000   37.5000 9076.4082   18.1641
   -7.5000  -45.0000   45.0000 8927.9805   19.3190
    0.0000  -45.0000   45.0000 9304.7900   19.3270
    7.5000  -45.0000   45.0000 8959.0293   19.3234
   -7.5000  -37.5000   45.0000 9438.6377   19.2487
    0.0000  -37.5000   45.0000 9832.2031   19.2613
    7.5000  -37.5000   45.0000 9471.8809   19.2585
   -7.5000  -30.0000   45.000010265.0020   19.2380
    0.0000  -30.0000   45.000010689.3613   19.2537
    7.5000  -30.0000   45.000010284.4785   19.2518
   -7.5000  -22.5000   45.000011025.9023   19.2728
    0.0000  -22.5000   45.000011476.7920   19.2851
    7.5000  -22.5000   45.000011025.1504   19.2820
   -7.5000  -15.0000   45.000011702.1299   19.2966
    0.0000  -15.0000   45.000012154.2568   19.3029
    7.5000  -15.0000   45.000011672.2578   19.2983
   -7.5000   -7.5000   45.000012343.9102   19.2772
    0.0000   -7.5000   45.000012818.5850   19.2820
    7.5000   -7.5000   45.000012300.7803   19.2777
   -7.5000    0.0000   45.000012891.3896   19.2395
    0.0000    0.0000   45.000013369.3271   19.2469
    7.5000    0.0000   45.000012827.2139   19.2429
   -7.5000    7.5000   45.000012357.3291   19.2213
    0.0000    7.5000   45.000012822.6299   19.2336
    7.5000    7.5000   45.000012281.0684   19.2304
   -7.5000   15.0000   45.000011632.4365   19.2353
    0.0000   15.0000   45.000012085.1182   19.2510
    7.5000   15.0000   45.000011536.7812   19.2489
   -7.5000   22.5000   45.000010786.0293   19.2639
    0.0000   22.5000   45.000011220.3789   19.2761
    7.5000   22.5000   45.000010704.3398   19.2731
   -7.5000   30.0000   45.0000 9901.9951   19.0452
    0.0000   30.0000   45.000010309.9951   19.0514
    7.5000   30.0000   45.0000 9818.1641   19.0469
   -7.5000   37.5000   45.0000 9363.8770   19.0261
    0.0000   37.5000   45.0000 9761.1162   19.0309
    7.5000   37.5000   45.0000 9270.9297   19.0266
   -7.5000   45.0000   45.0000 8390.6035   18.5656
    0.0000   45.0000   45.0000 8753.9033   18.5728
    7.5000   45.0000   45.0000 8307.1201   18.5689

---------------------------------------------------------------------
imgreg_4dfp /opt/freesurfer/average/711-2C_as_mni_average_305 /opt/freesurfer/average/711-2B_as_mni_average_305_mask talsrcimg_g11 none talsrcimg_to_711-2C_as_mni_average_305_t4 4355
---------------------------------------------------------------------

freesurfer imgreg_4dfp.c
/opt/freesurfer/average/711-2C_as_mni_average_305.4dfp.img
       256       256       256         1
  1.000000  1.000000  1.000000
orientation T byte_order littleendian
Reading image: /opt/freesurfer/average/711-2C_as_mni_average_305.4dfp.img
dimensions:      256       256       256
mmppix:       1.0000   -1.0000   -1.0000
center:     128.0000 -129.0000 -129.0000
/opt/freesurfer/average/711-2B_as_mni_average_305_mask.4dfp.img
       256       256       256         1
  1.000000  1.000000  1.000000
orientation T byte_order littleendian
Reading mask: /opt/freesurfer/average/711-2B_as_mni_average_305_mask.4dfp.img (2306576 pixels)
talsrcimg_g11.4dfp.img
       256       256       256         1
  1.000000  1.000000  1.000000
orientation T byte_order littleendian
Reading image: talsrcimg_g11.4dfp.img
dimensions:      256       256       256
mmppix:       1.0000   -1.0000   -1.0000
center:     128.0000 -129.0000 -129.0000
rotation matrix determinant  1.000000
image alignment mode   4355 decimal     1103 hex
   -7.5000  -45.0000  -45.0000 2285.5042   18.0155
    0.0000  -45.0000  -45.0000 2290.5029   18.0003
    7.5000  -45.0000  -45.0000 2273.1824   18.0933
   -7.5000  -37.5000  -45.0000 2358.9761   16.6328
    0.0000  -37.5000  -45.0000 2363.9888   16.6124
    7.5000  -37.5000  -45.0000 2344.5725   16.7830
   -7.5000  -30.0000  -45.0000 2416.7754   15.6972
    0.0000  -30.0000  -45.0000 2424.9158   15.6676
    7.5000  -30.0000  -45.0000 2399.7209   15.8548
   -7.5000  -22.5000  -45.0000 2455.4324   15.1743
    0.0000  -22.5000  -45.0000 2463.9946   15.0961
    7.5000  -22.5000  -45.0000 2437.3557   15.3053
   -7.5000  -15.0000  -45.0000 2471.5547   14.8655
    0.0000  -15.0000  -45.0000 2481.8733   14.8079
    7.5000  -15.0000  -45.0000 2458.2717   14.9918
   -7.5000   -7.5000  -45.0000 2481.1765   14.7582
    0.0000   -7.5000  -45.0000 2492.4587   14.6975
    7.5000   -7.5000  -45.0000 2468.8384   14.8775
   -7.5000    0.0000  -45.0000 2464.0920   14.9698
    0.0000    0.0000  -45.0000 2474.2434   14.8888
    7.5000    0.0000  -45.0000 2450.5923   15.0709
   -7.5000    7.5000  -45.0000 2424.7957   15.5141
    0.0000    7.5000  -45.0000 2438.0667   15.4251
    7.5000    7.5000  -45.0000 2409.9495   15.6250
   -7.5000   15.0000  -45.0000 2360.5081   16.3353
    0.0000   15.0000  -45.0000 2371.9836   16.2559
    7.5000   15.0000  -45.0000 2347.5789   16.4561
   -7.5000   22.5000  -45.0000 2283.3198   17.5264
    0.0000   22.5000  -45.0000 2290.7720   17.4475
    7.5000   22.5000  -45.0000 2270.6243   17.6624
   -7.5000   30.0000  -45.0000 2190.1870   19.1963
    0.0000   30.0000  -45.0000 2195.1147   19.1118
    7.5000   30.0000  -45.0000 2174.3091   19.3364
   -7.5000   37.5000  -45.0000 2078.6624   21.4154
    0.0000   37.5000  -45.0000 2089.0586   21.3530
    7.5000   37.5000  -45.0000 2065.9895   21.5394
   -7.5000   45.0000  -45.0000 1952.8110   24.3234
    0.0000   45.0000  -45.0000 1965.4229   24.2846
    7.5000   45.0000  -45.0000 1949.0146   24.5402
   -7.5000  -45.0000  -37.5000 2362.7920   16.8593
    0.0000  -45.0000  -37.5000 2368.7375   16.8013
    7.5000  -45.0000  -37.5000 2350.9751   16.9622
   -7.5000  -37.5000  -37.5000 2441.2471   15.5461
    0.0000  -37.5000  -37.5000 2448.6614   15.5010
    7.5000  -37.5000  -37.5000 2427.0830   15.6600
   -7.5000  -30.0000  -37.5000 2503.5442   14.6871
    0.0000  -30.0000  -37.5000 2511.7124   14.6511
    7.5000  -30.0000  -37.5000 2487.2539   14.8153
   -7.5000  -22.5000  -37.5000 2549.2256   14.1566
    0.0000  -22.5000  -37.5000 2556.4934   14.0917
    7.5000  -22.5000  -37.5000 2531.6941   14.2931
   -7.5000  -15.0000  -37.5000 2564.8528   13.8656
    0.0000  -15.0000  -37.5000 2575.4314   13.8134
    7.5000  -15.0000  -37.5000 2551.1765   14.0083
   -7.5000   -7.5000  -37.5000 2573.2102   13.7682
    0.0000   -7.5000  -37.5000 2582.9377   13.7029
    7.5000   -7.5000  -37.5000 2560.6636   13.8973
   -7.5000    0.0000  -37.5000 2556.6824   13.9553
    0.0000    0.0000  -37.5000 2564.6313   13.8448
    7.5000    0.0000  -37.5000 2546.7131   14.0407
   -7.5000    7.5000  -37.5000 2521.1516   14.4334
    0.0000    7.5000  -37.5000 2532.7927   14.3286
    7.5000    7.5000  -37.5000 2505.1846   14.5267
   -7.5000   15.0000  -37.5000 2455.1106   15.1933
    0.0000   15.0000  -37.5000 2463.1223   15.1199
    7.5000   15.0000  -37.5000 2439.0217   15.3029
   -7.5000   22.5000  -37.5000 2367.2495   16.3021
    0.0000   22.5000  -37.5000 2374.7944   16.2283
    7.5000   22.5000  -37.5000 2351.1045   16.4349
   -7.5000   30.0000  -37.5000 2259.7930   17.7977
    0.0000   30.0000  -37.5000 2265.0513   17.7233
    7.5000   30.0000  -37.5000 2243.9827   17.9562
   -7.5000   37.5000  -37.5000 2142.4336   19.8591
    0.0000   37.5000  -37.5000 2150.8582   19.7700
    7.5000   37.5000  -37.5000 2128.6069   20.0075
   -7.5000   45.0000  -37.5000 2015.0231   22.5530
    0.0000   45.0000  -37.5000 2027.1871   22.5002
    7.5000   45.0000  -37.5000 2004.9858   22.7462
   -7.5000  -45.0000  -30.0000 2476.1331   16.4093
    0.0000  -45.0000  -30.0000 2483.7053   16.3495
    7.5000  -45.0000  -30.0000 2464.8655   16.4918
   -7.5000  -37.5000  -30.0000 2564.7463   15.1213
    0.0000  -37.5000  -30.0000 2569.8755   15.0518
    7.5000  -37.5000  -30.0000 2548.6411   15.1966
   -7.5000  -30.0000  -30.0000 2632.1572   14.2487
    0.0000  -30.0000  -30.0000 2641.4746   14.1796
    7.5000  -30.0000  -30.0000 2619.3440   14.3397
   -7.5000  -22.5000  -30.0000 2687.8757   13.7028
    0.0000  -22.5000  -30.0000 2697.5232   13.6254
    7.5000  -22.5000  -30.0000 2675.0693   13.8102
   -7.5000  -15.0000  -30.0000 2711.2832   13.4226
    0.0000  -15.0000  -30.0000 2721.7957   13.3397
    7.5000  -15.0000  -30.0000 2697.1208   13.5266
   -7.5000   -7.5000  -30.0000 2717.8809   13.3300
    0.0000   -7.5000  -30.0000 2727.4075   13.2443
    7.5000   -7.5000  -30.0000 2706.1396   13.4330
   -7.5000    0.0000  -30.0000 2705.1343   13.5065
    0.0000    0.0000  -30.0000 2714.5676   13.4035
    7.5000    0.0000  -30.0000 2691.7200   13.5674
   -7.5000    7.5000  -30.0000 2664.4941   13.9490
    0.0000    7.5000  -30.0000 2680.4648   13.8426
    7.5000    7.5000  -30.0000 2651.1582   14.0210
   -7.5000   15.0000  -30.0000 2596.0686   14.6754
    0.0000   15.0000  -30.0000 2607.8196   14.5819
    7.5000   15.0000  -30.0000 2576.7009   14.7718
   -7.5000   22.5000  -30.0000 2498.6108   15.7324
    0.0000   22.5000  -30.0000 2507.0398   15.6416
    7.5000   22.5000  -30.0000 2482.3010   15.8654
   -7.5000   30.0000  -30.0000 2377.5508   17.1793
    0.0000   30.0000  -30.0000 2385.8132   17.1071
    7.5000   30.0000  -30.0000 2366.1174   17.3281
   -7.5000   37.5000  -30.0000 2251.5964   19.1319
    0.0000   37.5000  -30.0000 2261.8442   19.0274
    7.5000   37.5000  -30.0000 2241.5330   19.2944
   -7.5000   45.0000  -30.0000 2114.0132   21.7516
    0.0000   45.0000  -30.0000 2128.8093   21.6638
    7.5000   45.0000  -30.0000 2104.7263   21.9073
   -7.5000  -45.0000  -22.5000 2545.9817   15.8946
    0.0000  -45.0000  -22.5000 2555.8865   15.8593
    7.5000  -45.0000  -22.5000 2538.9814   15.9879
   -7.5000  -37.5000  -22.5000 2647.8733   14.6005
    0.0000  -37.5000  -22.5000 2658.9910   14.5212
    7.5000  -37.5000  -22.5000 2638.3352   14.6671
   -7.5000  -30.0000  -22.5000 2721.9602   13.7241
    0.0000  -30.0000  -22.5000 2733.6062   13.6347
    7.5000  -30.0000  -22.5000 2716.8120   13.7864
   -7.5000  -22.5000  -22.5000 2784.2905   13.1882
    0.0000  -22.5000  -22.5000 2796.8984   13.0832
    7.5000  -22.5000  -22.5000 2776.3574   13.2284
   -7.5000  -15.0000  -22.5000 2820.7422   12.8867
    0.0000  -15.0000  -22.5000 2836.1777   12.8087
    7.5000  -15.0000  -22.5000 2807.8130   12.9508
   -7.5000   -7.5000  -22.5000 2834.7825   12.7874
    0.0000   -7.5000  -22.5000 2852.4465   12.7063
    7.5000   -7.5000  -22.5000 2819.2234   12.8674
   -7.5000    0.0000  -22.5000 2819.9172   12.9634
    0.0000    0.0000  -22.5000 2837.5457   12.8767
    7.5000    0.0000  -22.5000 2804.7451   13.0408
   -7.5000    7.5000  -22.5000 2774.5322   13.3941
    0.0000    7.5000  -22.5000 2792.3452   13.2958
    7.5000    7.5000  -22.5000 2761.0178   13.4596
   -7.5000   15.0000  -22.5000 2699.3079   14.0876
    0.0000   15.0000  -22.5000 2714.3289   13.9889
    7.5000   15.0000  -22.5000 2683.8647   14.1743
   -7.5000   22.5000  -22.5000 2595.4290   15.0964
    0.0000   22.5000  -22.5000 2606.8792   15.0114
    7.5000   22.5000  -22.5000 2578.4509   15.2208
   -7.5000   30.0000  -22.5000 2469.7859   16.5291
    0.0000   30.0000  -22.5000 2480.3906   16.4413
    7.5000   30.0000  -22.5000 2455.0520   16.6616
   -7.5000   37.5000  -22.5000 2334.9917   18.4374
    0.0000   37.5000  -22.5000 2346.5320   18.3350
    7.5000   37.5000  -22.5000 2324.5171   18.5727
   -7.5000   45.0000  -22.5000 2183.8960   20.9538
    0.0000   45.0000  -22.5000 2200.2314   20.8403
    7.5000   45.0000  -22.5000 2172.8806   21.0792
   -7.5000  -45.0000  -15.0000 2580.9248   15.4668
    0.0000  -45.0000  -15.0000 2590.8938   15.3947
    7.5000  -45.0000  -15.0000 2573.9788   15.5077
   -7.5000  -37.5000  -15.0000 2691.9644   14.1122
    0.0000  -37.5000  -15.0000 2704.0459   14.0603
    7.5000  -37.5000  -15.0000 2685.5537   14.1811
   -7.5000  -30.0000  -15.0000 2778.8660   13.2103
    0.0000  -30.0000  -15.0000 2791.4934   13.1461
    7.5000  -30.0000  -15.0000 2770.3167   13.2700
   -7.5000  -22.5000  -15.0000 2845.2341   12.6490
    0.0000  -22.5000  -15.0000 2861.8789   12.5824
    7.5000  -22.5000  -15.0000 2836.2517   12.7044
   -7.5000  -15.0000  -15.0000 2886.9023   12.3675
    0.0000  -15.0000  -15.0000 2912.8252   12.3035
    7.5000  -15.0000  -15.0000 2874.5342   12.4426
   -7.5000   -7.5000  -15.0000 2908.9136   12.2594
    0.0000   -7.5000  -15.0000 2936.7593   12.1742
    7.5000   -7.5000  -15.0000 2895.3049   12.3685
   -7.5000    0.0000  -15.0000 2893.6777   12.4182
    0.0000    0.0000  -15.0000 2916.7329   12.3348
    7.5000    0.0000  -15.0000 2881.9575   12.5208
   -7.5000    7.5000  -15.0000 2844.4492   12.8387
    0.0000    7.5000  -15.0000 2863.5967   12.7476
    7.5000    7.5000  -15.0000 2829.5369   12.9425
   -7.5000   15.0000  -15.0000 2760.5203   13.5286
    0.0000   15.0000  -15.0000 2781.0449   13.4321
    7.5000   15.0000  -15.0000 2747.4893   13.6255
   -7.5000   22.5000  -15.0000 2650.2200   14.5110
    0.0000   22.5000  -15.0000 2668.4558   14.4202
    7.5000   22.5000  -15.0000 2636.1782   14.6512
   -7.5000   30.0000  -15.0000 2522.9905   15.9452
    0.0000   30.0000  -15.0000 2538.7141   15.8681
    7.5000   30.0000  -15.0000 2509.2444   16.1092
   -7.5000   37.5000  -15.0000 2382.3948   17.8193
    0.0000   37.5000  -15.0000 2397.8855   17.7018
    7.5000   37.5000  -15.0000 2373.4019   17.9899
   -7.5000   45.0000  -15.0000 2229.0400   20.2147
    0.0000   45.0000  -15.0000 2246.8767   20.1217
    7.5000   45.0000  -15.0000 2216.1416   20.4189
   -7.5000  -45.0000   -7.5000 2585.3367   15.0784
    0.0000  -45.0000   -7.5000 2597.2026   15.0050
    7.5000  -45.0000   -7.5000 2584.5283   15.0901
   -7.5000  -37.5000   -7.5000 2706.0315   13.7472
    0.0000  -37.5000   -7.5000 2719.1001   13.6832
    7.5000  -37.5000   -7.5000 2701.9370   13.7564
   -7.5000  -30.0000   -7.5000 2803.8728   12.8062
    0.0000  -30.0000   -7.5000 2819.6155   12.7533
    7.5000  -30.0000   -7.5000 2799.0872   12.8313
   -7.5000  -22.5000   -7.5000 2882.5383   12.2268
    0.0000  -22.5000   -7.5000 2904.5588   12.1806
    7.5000  -22.5000   -7.5000 2874.9954   12.2632
   -7.5000  -15.0000   -7.5000 2937.3242   11.9363
    0.0000  -15.0000   -7.5000 2967.7446   11.8821
    7.5000  -15.0000   -7.5000 2926.1067   12.0013
   -7.5000   -7.5000   -7.5000 2959.8552   11.8250
    0.0000   -7.5000   -7.5000 2995.3914   11.7650
    7.5000   -7.5000   -7.5000 2949.5796   11.9324
   -7.5000    0.0000   -7.5000 2939.8044   11.9320
    0.0000    0.0000   -7.5000 2972.8035   11.8829
    7.5000    0.0000   -7.5000 2930.2710   12.0823
   -7.5000    7.5000   -7.5000 2882.9790   12.3529
    0.0000    7.5000   -7.5000 2909.8950   12.2978
    7.5000    7.5000   -7.5000 2874.3960   12.4948
   -7.5000   15.0000   -7.5000 2796.7495   13.0645
    0.0000   15.0000   -7.5000 2824.4624   12.9887
    7.5000   15.0000   -7.5000 2786.9944   13.1783
   -7.5000   22.5000   -7.5000 2685.7939   14.0760
    0.0000   22.5000   -7.5000 2703.5234   13.9966
    7.5000   22.5000   -7.5000 2669.5928   14.1968
   -7.5000   30.0000   -7.5000 2555.6768   15.5233
    0.0000   30.0000   -7.5000 2572.5303   15.4072
    7.5000   30.0000   -7.5000 2538.7617   15.6478
   -7.5000   37.5000   -7.5000 2405.6077   17.3516
    0.0000   37.5000   -7.5000 2423.7148   17.2251
    7.5000   37.5000   -7.5000 2397.6882   17.4809
   -7.5000   45.0000   -7.5000 2253.0598   19.6661
    0.0000   45.0000   -7.5000 2266.0510   19.5194
    7.5000   45.0000   -7.5000 2242.6521   19.8208
   -7.5000  -45.0000    0.0000 2583.2976   14.8928
    0.0000  -45.0000    0.0000 2595.3250   14.8247
    7.5000  -45.0000    0.0000 2582.5764   14.8981
   -7.5000  -37.5000    0.0000 2701.8906   13.5452
    0.0000  -37.5000    0.0000 2720.1887   13.5093
    7.5000  -37.5000    0.0000 2704.9282   13.5419
   -7.5000  -30.0000    0.0000 2809.2905   12.5689
    0.0000  -30.0000    0.0000 2828.2109   12.5658
    7.5000  -30.0000    0.0000 2812.3101   12.5882
   -7.5000  -22.5000    0.0000 2903.3967   11.9871
    0.0000  -22.5000    0.0000 2926.5608   11.9807
    7.5000  -22.5000    0.0000 2902.8752   12.0147
   -7.5000  -15.0000    0.0000 2965.5930   11.6844
    0.0000  -15.0000    0.0000 3000.0864   11.7005
    7.5000  -15.0000    0.0000 2961.4917   11.7431
   -7.5000   -7.5000    0.0000 2987.6497   11.6083
    0.0000   -7.5000    0.0000 3031.2871   11.6096
    7.5000   -7.5000    0.0000 2979.4397   11.6915
   -7.5000    0.0000    0.0000 2961.9705   11.7458
    0.0000    0.0000    0.0000 2995.9253   11.7311
    7.5000    0.0000    0.0000 2954.4021   11.8464
   -7.5000    7.5000    0.0000 2903.6194   12.1183
    0.0000    7.5000    0.0000 2934.1033   12.0754
    7.5000    7.5000    0.0000 2896.4265   12.2469
   -7.5000   15.0000    0.0000 2807.4768   12.8317
    0.0000   15.0000    0.0000 2832.7173   12.7850
    7.5000   15.0000    0.0000 2799.3672   12.9789
   -7.5000   22.5000    0.0000 2690.3564   13.8618
    0.0000   22.5000    0.0000 2710.3677   13.7961
    7.5000   22.5000    0.0000 2680.3918   14.0027
   -7.5000   30.0000    0.0000 2563.1260   15.2667
    0.0000   30.0000    0.0000 2577.3940   15.1841
    7.5000   30.0000    0.0000 2549.9131   15.3918
   -7.5000   37.5000    0.0000 2412.2117   17.0660
    0.0000   37.5000    0.0000 2426.3665   16.9696
    7.5000   37.5000    0.0000 2407.1082   17.1975
   -7.5000   45.0000    0.0000 2254.5618   19.3190
    0.0000   45.0000    0.0000 2267.3213   19.1936
    7.5000   45.0000    0.0000 2243.2305   19.4341
   -7.5000  -45.0000    7.5000 2567.5347   14.9225
    0.0000  -45.0000    7.5000 2576.7085   14.8241
    7.5000  -45.0000    7.5000 2570.6582   14.8987
   -7.5000  -37.5000    7.5000 2688.2402   13.5386
    0.0000  -37.5000    7.5000 2706.7583   13.4924
    7.5000  -37.5000    7.5000 2697.0923   13.5230
   -7.5000  -30.0000    7.5000 2800.0383   12.5547
    0.0000  -30.0000    7.5000 2821.8184   12.5487
    7.5000  -30.0000    7.5000 2810.6245   12.5649
   -7.5000  -22.5000    7.5000 2901.7676   11.9793
    0.0000  -22.5000    7.5000 2926.6509   11.9903
    7.5000  -22.5000    7.5000 2906.4985   11.9793
   -7.5000  -15.0000    7.5000 2970.1277   11.6715
    0.0000  -15.0000    7.5000 3008.5256   11.7284
    7.5000  -15.0000    7.5000 2971.4189   11.6940
   -7.5000   -7.5000    7.5000 2993.4211   11.6063
    0.0000   -7.5000    7.5000 3040.1086   11.6155
    7.5000   -7.5000    7.5000 2986.4307   11.6315
   -7.5000    0.0000    7.5000 2960.1003   11.7882
    0.0000    0.0000    7.5000 2994.1677   11.7546
    7.5000    0.0000    7.5000 2953.5027   11.8139
   -7.5000    7.5000    7.5000 2892.2383   12.2040
    0.0000    7.5000    7.5000 2919.0198   12.1633
    7.5000    7.5000    7.5000 2889.1306   12.2531
   -7.5000   15.0000    7.5000 2793.1213   12.9132
    0.0000   15.0000    7.5000 2815.8728   12.9025
    7.5000   15.0000    7.5000 2790.8125   13.0092
   -7.5000   22.5000    7.5000 2684.6018   13.9170
    0.0000   22.5000    7.5000 2698.1365   13.8717
    7.5000   22.5000    7.5000 2675.1777   14.0267
   -7.5000   30.0000    7.5000 2553.4514   15.2779
    0.0000   30.0000    7.5000 2564.8152   15.1819
    7.5000   30.0000    7.5000 2545.2686   15.3708
   -7.5000   37.5000    7.5000 2401.5730   17.0284
    0.0000   37.5000    7.5000 2414.3088   16.9044
    7.5000   37.5000    7.5000 2401.7490   17.1602
   -7.5000   45.0000    7.5000 2239.3755   19.2447
    0.0000   45.0000    7.5000 2251.7107   19.1261
    7.5000   45.0000    7.5000 2238.3315   19.3872
   -7.5000  -45.0000   15.0000 2538.5391   15.2441
    0.0000  -45.0000   15.0000 2553.2952   15.1158
    7.5000  -45.0000   15.0000 2550.9885   15.1924
   -7.5000  -37.5000   15.0000 2658.9182   13.8220
    0.0000  -37.5000   15.0000 2678.3774   13.7422
    7.5000  -37.5000   15.0000 2673.8477   13.7752
   -7.5000  -30.0000   15.0000 2777.9683   12.8437
    0.0000  -30.0000   15.0000 2795.7407   12.7899
    7.5000  -30.0000   15.0000 2790.4150   12.7863
   -7.5000  -22.5000   15.0000 2879.3755   12.2086
    0.0000  -22.5000   15.0000 2903.3403   12.2107
    7.5000  -22.5000   15.0000 2886.2937   12.1811
   -7.5000  -15.0000   15.0000 2947.1653   11.8484
    0.0000  -15.0000   15.0000 2984.5803   11.8726
    7.5000  -15.0000   15.0000 2950.2039   11.8531
   -7.5000   -7.5000   15.0000 2969.6099   11.7926
    0.0000   -7.5000   15.0000 3011.0623   11.7429
    7.5000   -7.5000   15.0000 2965.3591   11.8203
   -7.5000    0.0000   15.0000 2934.8794   12.0091
    0.0000    0.0000   15.0000 2968.2185   11.9418
    7.5000    0.0000   15.0000 2931.6782   12.0462
   -7.5000    7.5000   15.0000 2861.3042   12.4563
    0.0000    7.5000   15.0000 2890.1541   12.3971
    7.5000    7.5000   15.0000 2860.6409   12.5150
   -7.5000   15.0000   15.0000 2757.8599   13.2298
    0.0000   15.0000   15.0000 2782.9460   13.1877
    7.5000   15.0000   15.0000 2758.4958   13.3041
   -7.5000   22.5000   15.0000 2647.8179   14.2623
    0.0000   22.5000   15.0000 2660.6362   14.2058
    7.5000   22.5000   15.0000 2645.2837   14.3313
   -7.5000   30.0000   15.0000 2518.6052   15.6149
    0.0000   30.0000   15.0000 2530.7480   15.5176
    7.5000   30.0000   15.0000 2517.0593   15.6678
   -7.5000   37.5000   15.0000 2372.3057   17.2885
    0.0000   37.5000   15.0000 2385.6909   17.1872
    7.5000   37.5000   15.0000 2373.2170   17.3896
   -7.5000   45.0000   15.0000 2212.8435   19.5046
    0.0000   45.0000   15.0000 2225.3948   19.3861
    7.5000   45.0000   15.0000 2215.5251   19.5973
   -7.5000  -45.0000   22.5000 2510.2114   15.7750
    0.0000  -45.0000   22.5000 2526.5334   15.6247
    7.5000  -45.0000   22.5000 2524.2793   15.6882
   -7.5000  -37.5000   22.5000 2630.0029   14.3251
    0.0000  -37.5000   22.5000 2649.3047   14.1816
    7.5000  -37.5000   22.5000 2648.6040   14.2305
   -7.5000  -30.0000   22.5000 2738.8442   13.3189
    0.0000  -30.0000   22.5000 2757.7136   13.1977
    7.5000  -30.0000   22.5000 2759.0830   13.2440
   -7.5000  -22.5000   22.5000 2838.2195   12.6467
    0.0000  -22.5000   22.5000 2864.6052   12.5970
    7.5000  -22.5000   22.5000 2852.3374   12.6154
   -7.5000  -15.0000   22.5000 2907.5950   12.2908
    0.0000  -15.0000   22.5000 2940.9780   12.2397
    7.5000  -15.0000   22.5000 2911.5178   12.2681
   -7.5000   -7.5000   22.5000 2927.1047   12.2701
    0.0000   -7.5000   22.5000 2959.4636   12.1842
    7.5000   -7.5000   22.5000 2927.2136   12.2717
   -7.5000    0.0000   22.5000 2884.9746   12.4785
    0.0000    0.0000   22.5000 2914.3130   12.4133
    7.5000    0.0000   22.5000 2889.3743   12.5085
   -7.5000    7.5000   22.5000 2813.0596   12.9464
    0.0000    7.5000   22.5000 2839.6184   12.8774
    7.5000    7.5000   22.5000 2816.0381   12.9988
   -7.5000   15.0000   22.5000 2715.6672   13.7014
    0.0000   15.0000   22.5000 2735.7473   13.6238
    7.5000   15.0000   22.5000 2712.9443   13.7512
   -7.5000   22.5000   22.5000 2601.9697   14.7302
    0.0000   22.5000   22.5000 2614.4148   14.6620
    7.5000   22.5000   22.5000 2600.0918   14.7749
   -7.5000   30.0000   22.5000 2472.9060   16.0704
    0.0000   30.0000   22.5000 2487.6675   15.9754
    7.5000   30.0000   22.5000 2475.5537   16.1087
   -7.5000   37.5000   22.5000 2329.5283   17.7413
    0.0000   37.5000   22.5000 2341.7395   17.6284
    7.5000   37.5000   22.5000 2328.6963   17.8265
   -7.5000   45.0000   22.5000 2175.3030   19.9813
    0.0000   45.0000   22.5000 2185.3374   19.8060
    7.5000   45.0000   22.5000 2174.8826   20.0569
   -7.5000  -45.0000   30.0000 2474.1897   16.4697
    0.0000  -45.0000   30.0000 2493.5352   16.2499
    7.5000  -45.0000   30.0000 2490.8738   16.3530
   -7.5000  -37.5000   30.0000 2589.6316   14.9984
    0.0000  -37.5000   30.0000 2612.6514   14.7686
    7.5000  -37.5000   30.0000 2612.2769   14.8839
   -7.5000  -30.0000   30.0000 2695.8948   13.9635
    0.0000  -30.0000   30.0000 2715.6919   13.7998
    7.5000  -30.0000   30.0000 2717.2664   13.8871
   -7.5000  -22.5000   30.0000 2788.7466   13.3005
    0.0000  -22.5000   30.0000 2813.3250   13.1572
    7.5000  -22.5000   30.0000 2804.1218   13.2495
   -7.5000  -15.0000   30.0000 2843.0469   12.9368
    0.0000  -15.0000   30.0000 2875.2322   12.8013
    7.5000  -15.0000   30.0000 2852.8867   12.9138
   -7.5000   -7.5000   30.0000 2858.0874   12.9108
    0.0000   -7.5000   30.0000 2885.3420   12.7998
    7.5000   -7.5000   30.0000 2864.1616   12.8942
   -7.5000    0.0000   30.0000 2813.3320   13.1215
    0.0000    0.0000   30.0000 2837.1658   13.0326
    7.5000    0.0000   30.0000 2821.0310   13.1412
   -7.5000    7.5000   30.0000 2744.8882   13.5992
    0.0000    7.5000   30.0000 2764.9336   13.5126
    7.5000    7.5000   30.0000 2749.7021   13.6238
   -7.5000   15.0000   30.0000 2655.1621   14.3308
    0.0000   15.0000   30.0000 2674.6741   14.2276
    7.5000   15.0000   30.0000 2654.7441   14.3451
   -7.5000   22.5000   30.0000 2547.1711   15.3720
    0.0000   22.5000   30.0000 2565.8523   15.2551
    7.5000   22.5000   30.0000 2549.8677   15.3883
   -7.5000   30.0000   30.0000 2422.3450   16.7012
    0.0000   30.0000   30.0000 2437.1084   16.6012
    7.5000   30.0000   30.0000 2425.6313   16.7213
   -7.5000   37.5000   30.0000 2278.9001   18.3856
    0.0000   37.5000   30.0000 2289.6104   18.2473
    7.5000   37.5000   30.0000 2281.6025   18.4107
   -7.5000   45.0000   30.0000 2128.3325   20.5652
    0.0000   45.0000   30.0000 2138.0381   20.4381
    7.5000   45.0000   30.0000 2128.1804   20.6628
   -7.5000  -45.0000   37.5000 2427.5786   17.3501
    0.0000  -45.0000   37.5000 2444.8120   17.0111
    7.5000  -45.0000   37.5000 2447.7598   17.2087
   -7.5000  -37.5000   37.5000 2543.9580   15.8440
    0.0000  -37.5000   37.5000 2564.5212   15.5398
    7.5000  -37.5000   37.5000 2566.9319   15.7336
   -7.5000  -30.0000   37.5000 2644.3259   14.7860
    0.0000  -30.0000   37.5000 2664.2458   14.5573
    7.5000  -30.0000   37.5000 2665.8301   14.7099
   -7.5000  -22.5000   37.5000 2726.8179   14.1040
    0.0000  -22.5000   37.5000 2753.6975   13.8968
    7.5000  -22.5000   37.5000 2741.9565   14.0413
   -7.5000  -15.0000   37.5000 2768.9990   13.7461
    0.0000  -15.0000   37.5000 2799.5376   13.5547
    7.5000  -15.0000   37.5000 2780.0164   13.7071
   -7.5000   -7.5000   37.5000 2776.6121   13.6848
    0.0000   -7.5000   37.5000 2797.5874   13.5213
    7.5000   -7.5000   37.5000 2782.5549   13.6576
   -7.5000    0.0000   37.5000 2733.4785   13.9159
    0.0000    0.0000   37.5000 2751.7466   13.7703
    7.5000    0.0000   37.5000 2742.0659   13.8912
   -7.5000    7.5000   37.5000 2664.1609   14.3896
    0.0000    7.5000   37.5000 2682.2117   14.2548
    7.5000    7.5000   37.5000 2673.2239   14.3681
   -7.5000   15.0000   37.5000 2581.0779   15.1332
    0.0000   15.0000   37.5000 2598.4668   14.9728
    7.5000   15.0000   37.5000 2583.7656   15.1053
   -7.5000   22.5000   37.5000 2484.1372   16.1829
    0.0000   22.5000   37.5000 2499.4226   15.9999
    7.5000   22.5000   37.5000 2484.2920   16.1557
   -7.5000   30.0000   37.5000 2362.0225   17.4997
    0.0000   30.0000   37.5000 2377.6689   17.3392
    7.5000   30.0000   37.5000 2363.8301   17.5353
   -7.5000   37.5000   37.5000 2220.3164   19.2153
    0.0000   37.5000   37.5000 2236.7576   19.0937
    7.5000   37.5000   37.5000 2220.8474   19.2550
   -7.5000   45.0000   37.5000 2075.4717   21.4263
    0.0000   45.0000   37.5000 2088.5449   21.2918
    7.5000   45.0000   37.5000 2073.3918   21.4805
   -7.5000  -45.0000   45.0000 2376.0386   18.4312
    0.0000  -45.0000   45.0000 2395.2441   18.0291
    7.5000  -45.0000   45.0000 2397.1279   18.2961
   -7.5000  -37.5000   45.0000 2483.9453   16.8930
    0.0000  -37.5000   45.0000 2506.0220   16.5554
    7.5000  -37.5000   45.0000 2507.5591   16.8003
   -7.5000  -30.0000   45.0000 2576.6904   15.8132
    0.0000  -30.0000   45.0000 2599.6770   15.5283
    7.5000  -30.0000   45.0000 2595.3303   15.7435
   -7.5000  -22.5000   45.0000 2650.6150   15.1223
    0.0000  -22.5000   45.0000 2677.6011   14.8541
    7.5000  -22.5000   45.0000 2665.3884   15.0615
   -7.5000  -15.0000   45.0000 2686.6797   14.7361
    0.0000  -15.0000   45.0000 2709.5164   14.5152
    7.5000  -15.0000   45.0000 2693.7607   14.7076
   -7.5000   -7.5000   45.0000 2683.9968   14.6504
    0.0000   -7.5000   45.0000 2701.7727   14.4533
    7.5000   -7.5000   45.0000 2689.8745   14.6200
   -7.5000    0.0000   45.0000 2642.4146   14.8817
    0.0000    0.0000   45.0000 2658.6709   14.6798
    7.5000    0.0000   45.0000 2651.1899   14.8215
   -7.5000    7.5000   45.0000 2583.2278   15.3716
    0.0000    7.5000   45.0000 2600.5818   15.1757
    7.5000    7.5000   45.0000 2591.4841   15.3061
   -7.5000   15.0000   45.0000 2503.4426   16.0903
    0.0000   15.0000   45.0000 2524.4397   15.8803
    7.5000   15.0000   45.0000 2507.1882   16.0230
   -7.5000   22.5000   45.0000 2406.0303   17.1213
    0.0000   22.5000   45.0000 2425.1023   16.9248
    7.5000   22.5000   45.0000 2410.2786   17.0828
   -7.5000   30.0000   45.0000 2291.9014   18.4873
    0.0000   30.0000   45.0000 2305.2344   18.3155
    7.5000   30.0000   45.0000 2291.3928   18.4885
   -7.5000   37.5000   45.0000 2156.2278   20.3317
    0.0000   37.5000   45.0000 2169.4150   20.1489
    7.5000   37.5000   45.0000 2156.3267   20.2804
   -7.5000   45.0000   45.0000 2012.9800   22.6190
    0.0000   45.0000   45.0000 2027.7919   22.5054
    7.5000   45.0000   45.0000 2014.9191   22.6703

---------------------------------------------------------------------
imgreg_4dfp /opt/freesurfer/average/711-2C_as_mni_average_305 /opt/freesurfer/average/711-2B_as_mni_average_305_mask talsrcimg_g11 none talsrcimg_to_711-2C_as_mni_average_305_t4 1283
---------------------------------------------------------------------

freesurfer imgreg_4dfp.c
/opt/freesurfer/average/711-2C_as_mni_average_305.4dfp.img
       256       256       256         1
  1.000000  1.000000  1.000000
orientation T byte_order littleendian
Reading image: /opt/freesurfer/average/711-2C_as_mni_average_305.4dfp.img
dimensions:      256       256       256
mmppix:       1.0000   -1.0000   -1.0000
center:     128.0000 -129.0000 -129.0000
/opt/freesurfer/average/711-2B_as_mni_average_305_mask.4dfp.img
       256       256       256         1
  1.000000  1.000000  1.000000
orientation T byte_order littleendian
Reading mask: /opt/freesurfer/average/711-2B_as_mni_average_305_mask.4dfp.img (2306576 pixels)
talsrcimg_g11.4dfp.img
       256       256       256         1
  1.000000  1.000000  1.000000
orientation T byte_order littleendian
Reading image: talsrcimg_g11.4dfp.img
dimensions:      256       256       256
mmppix:       1.0000   -1.0000   -1.0000
center:     128.0000 -129.0000 -129.0000
rotation matrix determinant  1.000000
fimgreg.f
image alignment mode   1283 decimal      503 hex
parameters
    0.0000   -7.5000    7.5000    0.0000    0.0000    0.0000
eta,q 0.95296 11.57664
niter,ni,del,rscale     5    3   12.0000    1.2000
parameter  4  1.533281 ->  0.500000 qaram    1.1500
parameters
   -0.2154   -8.5265    7.0188   -3.4500   -2.0086   -1.3513
eta,q 0.95921 11.49177
  0.0552  0.0519  0.0471  0.0405  0.0436  0.0428
  0.0498  0.0467  0.0462  0.0415  0.0414  0.0413
  0.0473  0.0446  0.0458  0.0430  0.0407  0.0409
  0.0461  0.0460  0.0450  0.0454  0.0418  0.0407
  0.0472  0.0485  0.0444  0.0483  0.0436  0.0414
  0.0513  0.0516  0.0457  0.0518  0.0462  0.0435
  0.0563  0.0560  0.0498  0.0553  0.0495  0.0469
niter,ni,del,rscale     5    3   12.0000    1.2000
parameter  4  0.962631 ->  0.500000 qaram    1.3225
parameters
    0.1744   -7.4526    5.6056   -7.4175   -2.0039   -1.1006
eta,q 0.96235 11.54601
  0.0543  0.0531  0.0435  0.0376  0.0434  0.0425
  0.0471  0.0461  0.0420  0.0374  0.0406  0.0398
  0.0426  0.0420  0.0410  0.0389  0.0386  0.0383
  0.0408  0.0408  0.0409  0.0408  0.0377  0.0377
  0.0413  0.0412  0.0419  0.0440  0.0382  0.0379
  0.0449  0.0427  0.0448  0.0479  0.0405  0.0393
  0.0512  0.0458  0.0501  0.0521  0.0435  0.0418
niter,ni,del,rscale     5    3   12.0000    1.2000
parameter  4  0.616432 ->  0.500000 qaram    1.5209
parameters
    0.0983   -6.1385    3.8883  -11.9801   -1.7831   -1.6947
eta,q 0.96624 11.63484
  0.0500  0.0509  0.0400  0.0366  0.0425  0.0395
  0.0430  0.0451  0.0384  0.0343  0.0384  0.0359
  0.0392  0.0403  0.0370  0.0344  0.0355  0.0339
  0.0377  0.0377  0.0371  0.0369  0.0340  0.0340
  0.0385  0.0372  0.0395  0.0407  0.0351  0.0356
  0.0434  0.0394  0.0430  0.0446  0.0380  0.0381
  0.0510  0.0430  0.0471  0.0480  0.0412  0.0415
niter,ni,del,rscale     5    3   12.0000    1.2000
parameters
   -0.1229   -4.8524    2.6824  -12.6989   -1.8330   -1.5529
eta,q 0.96656 11.64146
  0.0481  0.0517  0.0391  0.0435  0.0404  0.0386
  0.0408  0.0434  0.0361  0.0369  0.0366  0.0355
  0.0358  0.0368  0.0340  0.0337  0.0344  0.0336
  0.0338  0.0338  0.0336  0.0335  0.0334  0.0334
  0.0359  0.0340  0.0364  0.0360  0.0347  0.0342
  0.0421  0.0368  0.0409  0.0407  0.0375  0.0354
  0.0508  0.0407  0.0455  0.0457  0.0401  0.0378
niter,ni,del,rscale     4    3   12.0000    1.2000
parameters
   -0.0508   -4.4994    2.5126  -13.0480   -1.8603   -1.5755
eta,q 0.96645 11.64222
  0.0489  0.0470  0.0416  0.0444  0.0402  0.0379
  0.0411  0.0388  0.0376  0.0375  0.0366  0.0351
  0.0354  0.0341  0.0351  0.0339  0.0345  0.0335
  0.0334  0.0334  0.0335  0.0336  0.0335  0.0336
  0.0349  0.0349  0.0343  0.0355  0.0347  0.0343
  0.0401  0.0387  0.0380  0.0399  0.0373  0.0353
  0.0486  0.0426  0.0431  0.0450  0.0398  0.0376
niter,ni,del,rscale     3    3   12.0000    1.2000
parameters
   -0.0208   -4.3496    2.4441  -13.2026   -1.8597   -1.5913
eta,q 0.96639 11.64162
  0.0485  0.0460  0.0418  0.0449  0.0402  0.0378
  0.0408  0.0381  0.0377  0.0378  0.0366  0.0350
  0.0354  0.0339  0.0352  0.0340  0.0345  0.0335
  0.0335  0.0335  0.0336  0.0336  0.0336  0.0336
  0.0350  0.0352  0.0341  0.0353  0.0348  0.0343
  0.0401  0.0392  0.0377  0.0394  0.0372  0.0352
  0.0486  0.0431  0.0429  0.0446  0.0397  0.0375
niter,ni,del,rscale     2    3   12.0000    1.2000
parameters
   -0.0136   -4.2857    2.4175  -13.2714   -1.8492   -1.6058
eta,q 0.96636 11.64092
  0.0483  0.0456  0.0419  0.0451  0.0402  0.0377
  0.0407  0.0378  0.0378  0.0380  0.0366  0.0350
  0.0354  0.0338  0.0353  0.0340  0.0345  0.0335
  0.0336  0.0336  0.0336  0.0337  0.0336  0.0336
  0.0350  0.0354  0.0341  0.0353  0.0348  0.0343
  0.0402  0.0394  0.0375  0.0393  0.0372  0.0352
  0.0487  0.0432  0.0428  0.0444  0.0396  0.0374
niter,ni,del,rscale     1    3   12.0000    1.2000
parameters
   -0.0159   -4.2568    2.4099  -13.3019   -1.8376   -1.6158
eta,q 0.96635 11.64056
  0.0483  0.0454  0.0419  0.0452  0.0402  0.0377
  0.0407  0.0376  0.0378  0.0381  0.0366  0.0350
  0.0354  0.0338  0.0353  0.0341  0.0345  0.0335
  0.0336  0.0336  0.0337  0.0337  0.0336  0.0337
  0.0350  0.0355  0.0340  0.0352  0.0348  0.0343
  0.0402  0.0395  0.0374  0.0392  0.0372  0.0352
  0.0487  0.0433  0.0427  0.0443  0.0396  0.0374
registration optimization eta report
parameter search radius
    6.0000    6.0000    6.0000    9.1253    6.0000    6.0000
100000*second partial in parameter space
       41.       30.       24.       13.       17.       11.
  0.0483  0.0454  0.0419  0.0452  0.0402  0.0377
  0.0407  0.0376  0.0378  0.0381  0.0366  0.0350
  0.0354  0.0338  0.0353  0.0341  0.0345  0.0335
  0.0336  0.0336  0.0337  0.0337  0.0336  0.0337
  0.0350  0.0355  0.0340  0.0352  0.0348  0.0343
  0.0402  0.0395  0.0374  0.0392  0.0372  0.0352
  0.0487  0.0433  0.0427  0.0443  0.0396  0.0374
   -0.0159   -4.2568    2.4099  -13.3019   -1.8376   -1.6158
eta,q 0.96635 11.64056

---------------------------------------------------------------------
imgreg_4dfp /opt/freesurfer/average/711-2C_as_mni_average_305 /opt/freesurfer/average/711-2B_as_mni_average_305_mask talsrcimg_g11 none talsrcimg_to_711-2C_as_mni_average_305_t4 3335
---------------------------------------------------------------------

freesurfer imgreg_4dfp.c
/opt/freesurfer/average/711-2C_as_mni_average_305.4dfp.img
       256       256       256         1
  1.000000  1.000000  1.000000
orientation T byte_order littleendian
Reading image: /opt/freesurfer/average/711-2C_as_mni_average_305.4dfp.img
dimensions:      256       256       256
mmppix:       1.0000   -1.0000   -1.0000
center:     128.0000 -129.0000 -129.0000
/opt/freesurfer/average/711-2B_as_mni_average_305_mask.4dfp.img
       256       256       256         1
  1.000000  1.000000  1.000000
orientation T byte_order littleendian
Reading mask: /opt/freesurfer/average/711-2B_as_mni_average_305_mask.4dfp.img (2306576 pixels)
talsrcimg_g11.4dfp.img
       256       256       256         1
  1.000000  1.000000  1.000000
orientation T byte_order littleendian
Reading image: talsrcimg_g11.4dfp.img
dimensions:      256       256       256
mmppix:       1.0000   -1.0000   -1.0000
center:     128.0000 -129.0000 -129.0000
fimgreg.f
image alignment mode   3335 decimal      D07 hex
parameters
   -0.0159   -4.2568    2.4099   -0.0912   -2.7008   -2.7329
    2.0067    3.7682   -2.8184   22.9110   -3.2067  -22.9963
eta,q 0.96788 11.67121
niter,ni,del,rscale     5    3    5.0000    1.2000
parameter  5  1.860036 ->  0.500000 qaram    1.1500
parameter 10  0.568363 ->  0.500000 qaram    1.1500
parameter 12  1.436401 ->  0.500000 qaram    1.1500
parameters
    0.0886   -3.9553    2.7464    0.2385   -6.8408   -4.1333
    2.0174    4.2181   -3.1542   18.7710   -1.4017  -27.1363
eta,q 0.97344 11.35406
  0.0353  0.0350  0.0341  0.0346  0.0272  0.0308  0.0310  0.0337  0.0305  0.0284  0.0292  0.0262
  0.0337  0.0335  0.0331  0.0335  0.0284  0.0300  0.0299  0.0315  0.0295  0.0279  0.0286  0.0264
  0.0326  0.0325  0.0325  0.0326  0.0300  0.0291  0.0292  0.0298  0.0290  0.0280  0.0281  0.0270
  0.0321  0.0321  0.0321  0.0321  0.0320  0.0288  0.0289  0.0289  0.0288  0.0288  0.0279  0.0278
  0.0324  0.0323  0.0321  0.0321  0.0345  0.0296  0.0291  0.0291  0.0291  0.0302  0.0278  0.0288
  0.0333  0.0328  0.0325  0.0329  0.0373  0.0314  0.0299  0.0305  0.0298  0.0323  0.0280  0.0300
  0.0348  0.0337  0.0333  0.0344  0.0405  0.0338  0.0311  0.0329  0.0309  0.0352  0.0283  0.0311
niter,ni,del,rscale     7    3    5.0000    1.2000
parameter  5  0.864383 ->  0.500000 qaram    1.3225
parameter 12  0.670524 ->  0.500000 qaram    1.3225
parameters
    0.2313   -4.4055    2.0973    0.8719  -11.6018   -4.4995
    1.8731    4.2599   -3.5086   19.2530   -1.2105  -31.8973
eta,q 0.97663 11.15122
  0.0300  0.0282  0.0272  0.0293  0.0243  0.0265  0.0266  0.0284  0.0263  0.0285  0.0253  0.0237
  0.0283  0.0270  0.0266  0.0281  0.0240  0.0255  0.0253  0.0264  0.0251  0.0264  0.0246  0.0234
  0.0271  0.0265  0.0263  0.0270  0.0247  0.0247  0.0245  0.0249  0.0243  0.0249  0.0243  0.0235
  0.0266  0.0265  0.0264  0.0263  0.0262  0.0241  0.0242  0.0242  0.0242  0.0242  0.0241  0.0241
  0.0268  0.0272  0.0269  0.0263  0.0285  0.0243  0.0245  0.0246  0.0246  0.0244  0.0242  0.0251
  0.0277  0.0284  0.0277  0.0271  0.0311  0.0254  0.0254  0.0261  0.0255  0.0256  0.0246  0.0262
  0.0294  0.0300  0.0289  0.0287  0.0341  0.0276  0.0268  0.0286  0.0267  0.0277  0.0251  0.0274
niter,ni,del,rscale     7    3    5.0000    1.2000
parameters
    0.1830   -4.2298    1.7813    1.0183  -13.7269   -4.5955
    1.9057    4.2517   -3.6922   20.3382   -1.0754  -32.5349
eta,q 0.97691 11.07287
  0.0266  0.0269  0.0246  0.0262  0.0259  0.0259  0.0259  0.0275  0.0255  0.0281  0.0244  0.0252
  0.0248  0.0250  0.0238  0.0249  0.0244  0.0247  0.0245  0.0254  0.0242  0.0258  0.0237  0.0240
  0.0237  0.0239  0.0234  0.0239  0.0234  0.0238  0.0236  0.0239  0.0234  0.0241  0.0233  0.0232
  0.0234  0.0234  0.0234  0.0233  0.0233  0.0232  0.0232  0.0232  0.0232  0.0232  0.0231  0.0231
  0.0238  0.0236  0.0237  0.0235  0.0246  0.0233  0.0235  0.0237  0.0236  0.0233  0.0233  0.0236
  0.0250  0.0245  0.0245  0.0245  0.0270  0.0244  0.0245  0.0252  0.0244  0.0243  0.0236  0.0245
  0.0269  0.0259  0.0255  0.0263  0.0300  0.0266  0.0258  0.0278  0.0256  0.0262  0.0243  0.0257
niter,ni,del,rscale     6    3    5.0000    1.2000
parameters
    0.1617   -3.9295    1.7134    1.1979  -14.2401   -4.6821
    1.9542    4.2110   -3.7548   20.7738   -0.9931  -32.7800
eta,q 0.97693 11.05993
  0.0264  0.0267  0.0246  0.0259  0.0267  0.0259  0.0258  0.0274  0.0253  0.0274  0.0243  0.0253
  0.0246  0.0248  0.0237  0.0247  0.0250  0.0246  0.0243  0.0253  0.0241  0.0253  0.0236  0.0240
  0.0235  0.0236  0.0232  0.0237  0.0237  0.0237  0.0234  0.0238  0.0233  0.0238  0.0232  0.0233
  0.0231  0.0231  0.0231  0.0231  0.0230  0.0231  0.0231  0.0231  0.0231  0.0231  0.0231  0.0231
  0.0235  0.0232  0.0233  0.0232  0.0235  0.0232  0.0234  0.0236  0.0234  0.0233  0.0232  0.0235
  0.0247  0.0239  0.0239  0.0242  0.0253  0.0243  0.0243  0.0252  0.0242  0.0246  0.0236  0.0243
  0.0265  0.0252  0.0248  0.0260  0.0280  0.0265  0.0257  0.0278  0.0253  0.0267  0.0242  0.0254
niter,ni,del,rscale     5    3    5.0000    1.2000
parameters
    0.1387   -3.8220    1.6640    1.2428  -14.3911   -4.7541
    1.9754    4.1810   -3.7803   20.9367   -0.9240  -32.8844
eta,q 0.97692 11.05517
  0.0264  0.0261  0.0247  0.0258  0.0269  0.0259  0.0257  0.0275  0.0253  0.0272  0.0243  0.0253
  0.0246  0.0244  0.0238  0.0246  0.0252  0.0246  0.0243  0.0254  0.0241  0.0251  0.0236  0.0241
  0.0234  0.0234  0.0232  0.0237  0.0239  0.0237  0.0234  0.0238  0.0233  0.0237  0.0232  0.0233
  0.0231  0.0231  0.0231  0.0231  0.0231  0.0231  0.0231  0.0231  0.0231  0.0231  0.0231  0.0231
  0.0235  0.0233  0.0233  0.0233  0.0234  0.0232  0.0234  0.0235  0.0234  0.0234  0.0232  0.0235
  0.0247  0.0242  0.0239  0.0243  0.0250  0.0243  0.0243  0.0252  0.0241  0.0247  0.0236  0.0243
  0.0265  0.0255  0.0248  0.0261  0.0276  0.0265  0.0257  0.0278  0.0253  0.0270  0.0242  0.0253
niter,ni,del,rscale     4    3    5.0000    1.2000
parameters
    0.1292   -3.7810    1.6289    1.2642  -14.4385   -4.8041
    1.9818    4.1622   -3.8043   21.0028   -0.8849  -32.9309
eta,q 0.97691 11.05317
  0.0264  0.0259  0.0247  0.0258  0.0269  0.0259  0.0257  0.0275  0.0253  0.0271  0.0243  0.0253
  0.0246  0.0243  0.0238  0.0247  0.0253  0.0247  0.0243  0.0254  0.0241  0.0250  0.0236  0.0241
  0.0235  0.0234  0.0232  0.0237  0.0239  0.0237  0.0234  0.0238  0.0233  0.0236  0.0232  0.0233
  0.0231  0.0231  0.0231  0.0231  0.0231  0.0231  0.0231  0.0231  0.0231  0.0231  0.0231  0.0231
  0.0235  0.0234  0.0233  0.0233  0.0233  0.0232  0.0234  0.0235  0.0234  0.0235  0.0232  0.0234
  0.0247  0.0243  0.0239  0.0243  0.0249  0.0243  0.0244  0.0252  0.0241  0.0248  0.0236  0.0242
  0.0265  0.0256  0.0247  0.0261  0.0275  0.0265  0.0257  0.0278  0.0252  0.0271  0.0242  0.0253
niter,ni,del,rscale     3    3    5.0000    1.2000
parameters
    0.1264   -3.7651    1.6088    1.2722  -14.4575   -4.8323
    1.9901    4.1550   -3.8132   21.0312   -0.8673  -32.9514
eta,q 0.97690 11.05203
  0.0265  0.0258  0.0247  0.0258  0.0269  0.0259  0.0257  0.0275  0.0253  0.0271  0.0243  0.0253
  0.0246  0.0243  0.0238  0.0247  0.0253  0.0247  0.0243  0.0254  0.0241  0.0250  0.0236  0.0241
  0.0235  0.0234  0.0233  0.0237  0.0239  0.0237  0.0234  0.0238  0.0233  0.0236  0.0232  0.0233
  0.0231  0.0231  0.0231  0.0231  0.0231  0.0231  0.0231  0.0231  0.0231  0.0231  0.0231  0.0231
  0.0235  0.0234  0.0233  0.0233  0.0233  0.0232  0.0234  0.0235  0.0234  0.0235  0.0232  0.0234
  0.0247  0.0243  0.0239  0.0243  0.0249  0.0243  0.0244  0.0252  0.0241  0.0249  0.0236  0.0242
  0.0265  0.0257  0.0247  0.0262  0.0274  0.0265  0.0257  0.0278  0.0252  0.0271  0.0242  0.0252
registration optimization eta report
parameter search radius
    2.4000    2.4000    2.4000    7.2000    9.5220    7.2000
    7.2000    7.2000    7.2000    8.2800    7.2000    9.5220
100000*second partial in parameter space
       58.       46.       28.        5.        4.        6.
        5.        9.        4.        6.        2.        2.
  0.0265  0.0258  0.0247  0.0258  0.0269  0.0259  0.0257  0.0275  0.0253  0.0271  0.0243  0.0253
  0.0246  0.0243  0.0238  0.0247  0.0253  0.0247  0.0243  0.0254  0.0241  0.0250  0.0236  0.0241
  0.0235  0.0234  0.0233  0.0237  0.0239  0.0237  0.0234  0.0238  0.0233  0.0236  0.0232  0.0233
  0.0231  0.0231  0.0231  0.0231  0.0231  0.0231  0.0231  0.0231  0.0231  0.0231  0.0231  0.0231
  0.0235  0.0234  0.0233  0.0233  0.0233  0.0232  0.0234  0.0235  0.0234  0.0235  0.0232  0.0234
  0.0247  0.0243  0.0239  0.0243  0.0249  0.0243  0.0244  0.0252  0.0241  0.0249  0.0236  0.0242
  0.0265  0.0257  0.0247  0.0262  0.0274  0.0265  0.0257  0.0278  0.0252  0.0271  0.0242  0.0252
    0.1264   -3.7651    1.6088    1.2722  -14.4575   -4.8323
    1.9901    4.1550   -3.8132   21.0312   -0.8673  -32.9514
eta,q 0.97690 11.05203

---------------------------------------------------------------------
imgreg_4dfp /opt/freesurfer/average/711-2C_as_mni_average_305 /opt/freesurfer/average/711-2B_as_mni_average_305_mask talsrcimg_g11 none talsrcimg_to_711-2C_as_mni_average_305_t4 2311
---------------------------------------------------------------------

freesurfer imgreg_4dfp.c
/opt/freesurfer/average/711-2C_as_mni_average_305.4dfp.img
       256       256       256         1
  1.000000  1.000000  1.000000
orientation T byte_order littleendian
Reading image: /opt/freesurfer/average/711-2C_as_mni_average_305.4dfp.img
dimensions:      256       256       256
mmppix:       1.0000   -1.0000   -1.0000
center:     128.0000 -129.0000 -129.0000
/opt/freesurfer/average/711-2B_as_mni_average_305_mask.4dfp.img
       256       256       256         1
  1.000000  1.000000  1.000000
orientation T byte_order littleendian
Reading mask: /opt/freesurfer/average/711-2B_as_mni_average_305_mask.4dfp.img (2306576 pixels)
talsrcimg_g11.4dfp.img
       256       256       256         1
  1.000000  1.000000  1.000000
orientation T byte_order littleendian
Reading image: talsrcimg_g11.4dfp.img
dimensions:      256       256       256
mmppix:       1.0000   -1.0000   -1.0000
center:     128.0000 -129.0000 -129.0000
fimgreg.f
image alignment mode   2311 decimal      907 hex
parameters
    0.1264   -3.7651    1.6088    1.2722  -14.4575   -4.8323
    1.9901    4.1550   -3.8132   21.0312   -0.8673  -32.9514
eta,q 0.97690 11.05202
niter,ni,del,rscale     5    3    5.0000    0.8000
parameters
    0.1196   -3.7907    1.5816    1.6752  -13.7523   -4.4556
    1.9534    4.3476   -3.9268   21.1352   -0.9083  -33.2024
eta,q 0.97704 11.11900
  0.0246  0.0243  0.0238  0.0247  0.0246  0.0245  0.0242  0.0253  0.0240  0.0245  0.0235  0.0236
  0.0238  0.0236  0.0234  0.0240  0.0239  0.0239  0.0236  0.0242  0.0234  0.0237  0.0232  0.0232
  0.0233  0.0232  0.0232  0.0234  0.0234  0.0234  0.0231  0.0234  0.0231  0.0232  0.0230  0.0230
  0.0231  0.0231  0.0231  0.0231  0.0231  0.0230  0.0230  0.0230  0.0230  0.0230  0.0230  0.0230
  0.0233  0.0233  0.0232  0.0231  0.0230  0.0230  0.0231  0.0231  0.0231  0.0231  0.0230  0.0231
  0.0238  0.0237  0.0235  0.0236  0.0233  0.0234  0.0236  0.0239  0.0235  0.0235  0.0232  0.0233
  0.0247  0.0243  0.0239  0.0243  0.0240  0.0243  0.0243  0.0251  0.0240  0.0244  0.0235  0.0237
niter,ni,del,rscale     4    3    5.0000    0.7000
parameters
    0.1070   -3.8585    1.7028    1.5851  -13.6775   -4.1476
    2.0119    4.3934   -3.9349   21.1081   -0.9470  -33.1556
eta,q 0.97708 11.13197
  0.0242  0.0238  0.0237  0.0241  0.0240  0.0242  0.0239  0.0247  0.0237  0.0240  0.0234  0.0235
  0.0235  0.0233  0.0233  0.0235  0.0235  0.0237  0.0234  0.0238  0.0233  0.0234  0.0231  0.0232
  0.0231  0.0230  0.0231  0.0231  0.0231  0.0232  0.0231  0.0232  0.0230  0.0230  0.0230  0.0230
  0.0230  0.0230  0.0229  0.0230  0.0230  0.0229  0.0229  0.0229  0.0229  0.0229  0.0229  0.0229
  0.0231  0.0231  0.0230  0.0231  0.0230  0.0230  0.0230  0.0231  0.0230  0.0230  0.0230  0.0230
  0.0235  0.0235  0.0232  0.0235  0.0234  0.0233  0.0233  0.0237  0.0233  0.0234  0.0231  0.0232
  0.0242  0.0240  0.0235  0.0242  0.0240  0.0240  0.0239  0.0247  0.0237  0.0241  0.0234  0.0234
niter,ni,del,rscale     3    3    5.0000    0.6000
parameters
    0.1082   -3.8791    1.8012    1.5734  -13.6189   -3.9157
    2.0300    4.4392   -3.9501   21.0798   -0.9874  -33.0952
eta,q 0.97710 11.14266
  0.0238  0.0236  0.0235  0.0238  0.0237  0.0239  0.0236  0.0242  0.0235  0.0237  0.0232  0.0233
  0.0233  0.0232  0.0232  0.0234  0.0233  0.0235  0.0232  0.0236  0.0232  0.0233  0.0231  0.0231
  0.0230  0.0230  0.0230  0.0231  0.0230  0.0231  0.0230  0.0231  0.0230  0.0230  0.0229  0.0230
  0.0229  0.0229  0.0229  0.0229  0.0229  0.0229  0.0229  0.0229  0.0229  0.0229  0.0229  0.0229
  0.0230  0.0230  0.0230  0.0230  0.0230  0.0229  0.0230  0.0230  0.0230  0.0230  0.0229  0.0229
  0.0233  0.0233  0.0231  0.0233  0.0232  0.0232  0.0232  0.0235  0.0232  0.0233  0.0231  0.0231
  0.0238  0.0237  0.0233  0.0239  0.0237  0.0238  0.0236  0.0242  0.0235  0.0238  0.0232  0.0233
niter,ni,del,rscale     2    3    5.0000    0.5000
parameters
    0.1087   -3.8971    1.8779    1.5703  -13.5676   -3.7315
    2.0578    4.4851   -3.9548   21.0430   -1.0465  -33.0228
eta,q 0.97711 11.15121
  0.0235  0.0234  0.0233  0.0235  0.0235  0.0236  0.0234  0.0239  0.0233  0.0235  0.0231  0.0232
  0.0232  0.0231  0.0231  0.0232  0.0232  0.0233  0.0231  0.0234  0.0231  0.0231  0.0230  0.0230
  0.0230  0.0230  0.0230  0.0230  0.0230  0.0230  0.0230  0.0230  0.0229  0.0229  0.0229  0.0229
  0.0229  0.0229  0.0229  0.0229  0.0229  0.0229  0.0229  0.0229  0.0229  0.0229  0.0229  0.0229
  0.0230  0.0230  0.0229  0.0230  0.0229  0.0229  0.0229  0.0230  0.0229  0.0230  0.0229  0.0229
  0.0232  0.0231  0.0230  0.0232  0.0231  0.0231  0.0231  0.0233  0.0231  0.0232  0.0230  0.0230
  0.0235  0.0234  0.0232  0.0236  0.0235  0.0235  0.0234  0.0238  0.0233  0.0235  0.0231  0.0232
niter,ni,del,rscale     1    3    5.0000    0.4000
parameters
    0.1115   -3.9158    1.9429    1.5700  -13.5173   -3.5820
    2.0850    4.5307   -3.9629   21.0072   -1.0840  -32.9871
eta,q 0.97711 11.15857
  0.0233  0.0232  0.0231  0.0233  0.0233  0.0234  0.0232  0.0235  0.0232  0.0232  0.0230  0.0231
  0.0231  0.0230  0.0230  0.0231  0.0231  0.0231  0.0230  0.0232  0.0230  0.0230  0.0229  0.0230
  0.0229  0.0229  0.0229  0.0230  0.0229  0.0230  0.0229  0.0230  0.0229  0.0229  0.0229  0.0229
  0.0229  0.0229  0.0229  0.0229  0.0229  0.0229  0.0229  0.0229  0.0229  0.0229  0.0229  0.0229
  0.0229  0.0229  0.0229  0.0229  0.0229  0.0229  0.0229  0.0229  0.0229  0.0229  0.0229  0.0229
  0.0231  0.0230  0.0230  0.0231  0.0230  0.0230  0.0230  0.0231  0.0230  0.0231  0.0230  0.0230
  0.0233  0.0232  0.0231  0.0233  0.0233  0.0233  0.0232  0.0235  0.0232  0.0233  0.0230  0.0231
registration optimization eta report
parameter search radius
    0.8000    0.8000    0.8000    2.4000    2.4000    2.4000
    2.4000    2.4000    2.4000    2.4000    2.4000    2.4000
100000*second partial in parameter space
       65.       52.       32.        8.        6.        8.
        6.       11.        5.        7.        3.        3.
  0.0233  0.0232  0.0231  0.0233  0.0233  0.0234  0.0232  0.0235  0.0232  0.0232  0.0230  0.0231
  0.0231  0.0230  0.0230  0.0231  0.0231  0.0231  0.0230  0.0232  0.0230  0.0230  0.0229  0.0230
  0.0229  0.0229  0.0229  0.0230  0.0229  0.0230  0.0229  0.0230  0.0229  0.0229  0.0229  0.0229
  0.0229  0.0229  0.0229  0.0229  0.0229  0.0229  0.0229  0.0229  0.0229  0.0229  0.0229  0.0229
  0.0229  0.0229  0.0229  0.0229  0.0229  0.0229  0.0229  0.0229  0.0229  0.0229  0.0229  0.0229
  0.0231  0.0230  0.0230  0.0231  0.0230  0.0230  0.0230  0.0231  0.0230  0.0231  0.0230  0.0230
  0.0233  0.0232  0.0231  0.0233  0.0233  0.0233  0.0232  0.0235  0.0232  0.0233  0.0230  0.0231
    0.1115   -3.9158    1.9429    1.5700  -13.5173   -3.5820
    2.0850    4.5307   -3.9629   21.0072   -1.0840  -32.9871
eta,q 0.97711 11.15857

---------------------------------------------------------------------
imgreg_4dfp /opt/freesurfer/average/711-2C_as_mni_average_305 /opt/freesurfer/average/711-2B_as_mni_average_305_mask talsrcimg_g11 none talsrcimg_to_711-2C_as_mni_average_305_t4 2311
---------------------------------------------------------------------

freesurfer imgreg_4dfp.c
/opt/freesurfer/average/711-2C_as_mni_average_305.4dfp.img
       256       256       256         1
  1.000000  1.000000  1.000000
orientation T byte_order littleendian
Reading image: /opt/freesurfer/average/711-2C_as_mni_average_305.4dfp.img
dimensions:      256       256       256
mmppix:       1.0000   -1.0000   -1.0000
center:     128.0000 -129.0000 -129.0000
/opt/freesurfer/average/711-2B_as_mni_average_305_mask.4dfp.img
       256       256       256         1
  1.000000  1.000000  1.000000
orientation T byte_order littleendian
Reading mask: /opt/freesurfer/average/711-2B_as_mni_average_305_mask.4dfp.img (2306576 pixels)
talsrcimg_g11.4dfp.img
       256       256       256         1
  1.000000  1.000000  1.000000
orientation T byte_order littleendian
Reading image: talsrcimg_g11.4dfp.img
dimensions:      256       256       256
mmppix:       1.0000   -1.0000   -1.0000
center:     128.0000 -129.0000 -129.0000
fimgreg.f
image alignment mode   2311 decimal      907 hex
parameters
    0.1115   -3.9158    1.9429    1.5700  -13.5173   -3.5820
    2.0850    4.5307   -3.9629   21.0072   -1.0840  -32.9871
eta,q 0.97711 11.15857
niter,ni,del,rscale     5    3    5.0000    0.8000
parameters
    0.1181   -3.9022    1.9985    1.3349  -13.7349   -3.8147
    2.0479    4.3777   -3.8834   20.9993   -1.0694  -32.9588
eta,q 0.97709 11.13132
  0.0245  0.0242  0.0238  0.0242  0.0241  0.0243  0.0242  0.0250  0.0240  0.0244  0.0235  0.0236
  0.0236  0.0235  0.0233  0.0236  0.0235  0.0237  0.0235  0.0239  0.0234  0.0236  0.0232  0.0232
  0.0231  0.0230  0.0230  0.0231  0.0231  0.0231  0.0231  0.0232  0.0230  0.0231  0.0230  0.0230
  0.0229  0.0229  0.0229  0.0229  0.0229  0.0229  0.0229  0.0229  0.0229  0.0229  0.0229  0.0229
  0.0231  0.0230  0.0230  0.0231  0.0230  0.0231  0.0231  0.0232  0.0230  0.0231  0.0230  0.0230
  0.0236  0.0235  0.0232  0.0237  0.0236  0.0237  0.0235  0.0240  0.0234  0.0236  0.0232  0.0232
  0.0245  0.0242  0.0236  0.0246  0.0244  0.0248  0.0242  0.0254  0.0239  0.0244  0.0235  0.0236
niter,ni,del,rscale     4    3    5.0000    0.7000
parameters
    0.1164   -3.8899    1.9185    1.4595  -13.6802   -3.8375
    2.0139    4.4127   -3.8985   21.0225   -1.0520  -33.0202
eta,q 0.97710 11.13757
  0.0241  0.0239  0.0235  0.0241  0.0239  0.0241  0.0239  0.0247  0.0237  0.0241  0.0234  0.0234
  0.0235  0.0234  0.0231  0.0235  0.0234  0.0235  0.0234  0.0238  0.0233  0.0234  0.0231  0.0231
  0.0231  0.0230  0.0230  0.0231  0.0231  0.0231  0.0230  0.0232  0.0230  0.0230  0.0230  0.0229
  0.0229  0.0229  0.0229  0.0229  0.0229  0.0229  0.0229  0.0229  0.0229  0.0229  0.0229  0.0229
  0.0231  0.0230  0.0230  0.0230  0.0230  0.0230  0.0230  0.0231  0.0230  0.0230  0.0230  0.0230
  0.0235  0.0234  0.0232  0.0234  0.0233  0.0234  0.0234  0.0237  0.0233  0.0234  0.0231  0.0232
  0.0241  0.0239  0.0236  0.0240  0.0240  0.0242  0.0239  0.0247  0.0237  0.0241  0.0234  0.0235
niter,ni,del,rscale     3    3    5.0000    0.6000
parameters
    0.1140   -3.8940    1.9063    1.5157  -13.6220   -3.7559
    2.0283    4.4562   -3.9197   21.0330   -1.0709  -33.0225
eta,q 0.97711 11.14561
  0.0238  0.0236  0.0234  0.0238  0.0237  0.0238  0.0236  0.0242  0.0235  0.0237  0.0232  0.0233
  0.0233  0.0232  0.0231  0.0234  0.0233  0.0234  0.0232  0.0236  0.0232  0.0233  0.0230  0.0231
  0.0230  0.0230  0.0229  0.0231  0.0230  0.0231  0.0230  0.0231  0.0230  0.0230  0.0229  0.0229
  0.0229  0.0229  0.0229  0.0229  0.0229  0.0229  0.0229  0.0229  0.0229  0.0229  0.0229  0.0229
  0.0230  0.0230  0.0230  0.0230  0.0230  0.0230  0.0230  0.0230  0.0230  0.0230  0.0229  0.0229
  0.0233  0.0232  0.0231  0.0233  0.0232  0.0233  0.0232  0.0235  0.0232  0.0233  0.0230  0.0231
  0.0238  0.0236  0.0234  0.0238  0.0237  0.0238  0.0236  0.0242  0.0235  0.0237  0.0232  0.0233
niter,ni,del,rscale     2    3    5.0000    0.5000
parameters
    0.1108   -3.9068    1.9384    1.5437  -13.5627   -3.6404
    2.0523    4.4954   -3.9250   21.0098   -1.0863  -32.9915
eta,q 0.97711 11.15325
  0.0235  0.0234  0.0232  0.0235  0.0235  0.0236  0.0234  0.0238  0.0233  0.0235  0.0231  0.0232
  0.0232  0.0231  0.0231  0.0232  0.0232  0.0233  0.0231  0.0234  0.0231  0.0231  0.0230  0.0230
  0.0230  0.0229  0.0229  0.0230  0.0230  0.0230  0.0230  0.0230  0.0229  0.0229  0.0229  0.0229
  0.0229  0.0229  0.0229  0.0229  0.0229  0.0229  0.0229  0.0229  0.0229  0.0229  0.0229  0.0229
  0.0230  0.0230  0.0229  0.0230  0.0229  0.0229  0.0229  0.0230  0.0229  0.0229  0.0229  0.0229
  0.0232  0.0231  0.0230  0.0232  0.0231  0.0232  0.0231  0.0233  0.0231  0.0232  0.0230  0.0230
  0.0235  0.0234  0.0232  0.0235  0.0234  0.0235  0.0234  0.0238  0.0233  0.0235  0.0231  0.0232
niter,ni,del,rscale     1    3    5.0000    0.4000
parameters
    0.1114   -3.9238    1.9719    1.5626  -13.5122   -3.5341
    2.0755    4.5348   -3.9446   20.9871   -1.1134  -32.9372
eta,q 0.97712 11.15965
  0.0233  0.0232  0.0231  0.0233  0.0233  0.0234  0.0232  0.0235  0.0232  0.0233  0.0230  0.0231
  0.0231  0.0230  0.0230  0.0231  0.0231  0.0231  0.0230  0.0232  0.0230  0.0230  0.0229  0.0230
  0.0229  0.0229  0.0229  0.0229  0.0229  0.0230  0.0229  0.0230  0.0229  0.0229  0.0229  0.0229
  0.0229  0.0229  0.0229  0.0229  0.0229  0.0229  0.0229  0.0229  0.0229  0.0229  0.0229  0.0229
  0.0229  0.0229  0.0229  0.0229  0.0229  0.0229  0.0229  0.0229  0.0229  0.0229  0.0229  0.0229
  0.0231  0.0230  0.0230  0.0231  0.0230  0.0231  0.0230  0.0231  0.0230  0.0231  0.0230  0.0230
  0.0233  0.0232  0.0231  0.0233  0.0232  0.0233  0.0232  0.0235  0.0232  0.0233  0.0230  0.0231
registration optimization eta report
parameter search radius
    0.8000    0.8000    0.8000    2.4000    2.4000    2.4000
    2.4000    2.4000    2.4000    2.4000    2.4000    2.4000
100000*second partial in parameter space
       65.       52.       33.        7.        6.        8.
        6.       11.        5.        7.        3.        3.
  0.0233  0.0232  0.0231  0.0233  0.0233  0.0234  0.0232  0.0235  0.0232  0.0233  0.0230  0.0231
  0.0231  0.0230  0.0230  0.0231  0.0231  0.0231  0.0230  0.0232  0.0230  0.0230  0.0229  0.0230
  0.0229  0.0229  0.0229  0.0229  0.0229  0.0230  0.0229  0.0230  0.0229  0.0229  0.0229  0.0229
  0.0229  0.0229  0.0229  0.0229  0.0229  0.0229  0.0229  0.0229  0.0229  0.0229  0.0229  0.0229
  0.0229  0.0229  0.0229  0.0229  0.0229  0.0229  0.0229  0.0229  0.0229  0.0229  0.0229  0.0229
  0.0231  0.0230  0.0230  0.0231  0.0230  0.0231  0.0230  0.0231  0.0230  0.0231  0.0230  0.0230
  0.0233  0.0232  0.0231  0.0233  0.0232  0.0233  0.0232  0.0235  0.0232  0.0233  0.0230  0.0231
    0.1114   -3.9238    1.9719    1.5626  -13.5122   -3.5341
    2.0755    4.5348   -3.9446   20.9871   -1.1134  -32.9372
eta,q 0.97712 11.15965

---------------------------------------------------------------------
compute_vox2vox talsrcimg talsrcimg_to_711-2C_as_mni_average_305_t4 /opt/freesurfer/average/711-2C_as_mni_average_305
---------------------------------------------------------------------

freesurfer compute_vox2vox.c
Reading: talsrcimg.4dfp.ifh
Reading: talsrcimg_to_711-2C_as_mni_average_305_t4
Reading: /opt/freesurfer/average/711-2C_as_mni_average_305.4dfp.ifh
Writing: talsrcimg_to_711-2C_as_mni_average_305_t4_vox2vox.txt

start time Fri Mar 13 23:40:13 CET 2026
end		time Fri Mar 13 23:41:37 CET 2026

mpr2mni305 success

avi2talxfm orig_nu.mgz /opt/freesurfer/average/mni305.cor.mgz talsrcimg_to_711-2C_as_mni_average_305_t4_vox2vox.txt transforms/talairach.auto.xfm
avi2talxfm done
mv -f /out/sourcedata/freesurfer/sub-v2s8x29178_ses-1/mri/talsrcimg_to_711-2C_as_mni_average_305_t4_vox2vox.txt /out/sourcedata/freesurfer/sub-v2s8x29178_ses-1/mri/transforms/talsrcimg_to_711-2C_as_mni_average_305_t4_vox2vox.txt
lta_convert --src orig_nu.mgz --trg /opt/freesurfer/average/mni305.cor.mgz --inxfm transforms/talairach.auto.xfm --outlta transforms/talairach.auto.xfm.lta --subject fsaverage
7.3.2

--src: orig_nu.mgz src image (geometry).
--trg: /opt/freesurfer/average/mni305.cor.mgz trg image (geometry).
--inmni: transforms/talairach.auto.xfm input MNI/XFM transform.
--outlta: transforms/talairach.auto.xfm.lta output LTA.
--s: fsaverage subject name
 LTA read, type : 1
 0.98272  -0.03792  -0.03803  -4.37903;
 0.02461   0.95637   0.36362  -1.66784;
 0.03885  -0.23380   1.06626   4.17874;
 0.00000   0.00000   0.00000   1.00000;
setting subject to fsaverage
Writing  LTA to file transforms/talairach.auto.xfm.lta...
lta_convert successful.
 
 
Started at Fri Mar 13 23:40:12 CET 2026
Ended   at Fri Mar 13 23:41:38 CET 2026
talairach_avi done
