/out/sourcedata/freesurfer/sub-v2s8x29195_ses-1/mri
/opt/freesurfer/bin/talairach_avi
--i orig_nu.mgz --xfm transforms/talairach.auto.xfm
talairach_avi 7.3.2
Linux dna003 5.14.0-427.37.1.el9_4.x86_64 #1 SMP PREEMPT_DYNAMIC Fri Sep 13 12:41:50 EDT 2024 x86_64 x86_64 x86_64 GNU/Linux
Sat Mar 14 00:39:52 CET 2026
mri_convert orig_nu.mgz talsrcimg.img 
reading from orig_nu.mgz...
TR=0.00, TE=0.00, TI=0.00, flip angle=0.00
i_ras = (-1, 0, 0)
j_ras = (0, 0, -1)
k_ras = (0, 1, 0)
writing to talsrcimg.img...
Analyze Output Matrix
-1.00000   0.00000   0.00000   123.88199;
 0.00000   0.00000   1.00000  -128.00000;
 0.00000  -1.00000   0.00000   129.27710;
 0.00000   0.00000   0.00000   1.00000;
--------------------
INFO: set hdr.hist.orient to -1
mpr2mni305 talsrcimg
Sat Mar 14 00:39:52 CET 2026
/opt/freesurfer/bin/mpr2mni305 talsrcimg
mpr2mni305 7.3.2
target=711-2C_as_mni_average_305

---------------------------------------------------------------------
analyzeto4dfp talsrcimg -O0 -y
---------------------------------------------------------------------

freesurfer ifh2hdr.c
Sat Mar 14 00:39:52 2026
Writing: talsrcimg.4dfp.hdr
freesurfer analyzeto4dfp.c
Reading: talsrcimg.hdr
header size 348 bytes
hdr.dime.datatype	offset=70	value=2
hdr.dime.bitpix		offset=72	value=8
hdr.hist.orient		offset=252	value=-1
dimensionality     4
dimensions       256       256       256         1
Reading: talsrcimg.img
Writing: talsrcimg.4dfp.img
Writing: talsrcimg.4dfp.ifh
ifh2hdr talsrcimg -r0to210
ori=2

---------------------------------------------------------------------
gauss_4dfp talsrcimg 1.1
---------------------------------------------------------------------

freesurfer gauss_4dfp.c
Reading: talsrcimg.4dfp.img
Writing: talsrcimg_g11.4dfp.img
image dimensions 256 256 256 padded to 288 288 288
processing volume 1freesurfer ifh2hdr.c
Sat Mar 14 00:39:54 2026
Writing: talsrcimg_g11.4dfp.hdr

Writing: talsrcimg_g11.4dfp.ifh
including: talsrcimg.4dfp.img.rec in talsrcimg_g11.4dfp.img.rec

---------------------------------------------------------------------
imgreg_4dfp /opt/freesurfer/average/711-2C_as_mni_average_305 none talsrcimg_g11 none talsrcimg_to_711-2C_as_mni_average_305_t4 4355
---------------------------------------------------------------------

freesurfer imgreg_4dfp.c
/opt/freesurfer/average/711-2C_as_mni_average_305.4dfp.img
       256       256       256         1
  1.000000  1.000000  1.000000
orientation T byte_order littleendian
Reading image: /opt/freesurfer/average/711-2C_as_mni_average_305.4dfp.img
dimensions:      256       256       256
mmppix:       1.0000   -1.0000   -1.0000
center:     128.0000 -129.0000 -129.0000
talsrcimg_g11.4dfp.img
       256       256       256         1
  1.000000  1.000000  1.000000
orientation T byte_order littleendian
Reading image: talsrcimg_g11.4dfp.img
dimensions:      256       256       256
mmppix:       1.0000   -1.0000   -1.0000
center:     128.0000 -129.0000 -129.0000
t4_read: open error in t4_sub.f l:  41 t4_file(1:l)talsrcimg_to_711-2C_as_mni_average_305_t4 
t4_read: transform initialized to I4
rotation matrix determinant  1.000000
image alignment mode   4355 decimal     1103 hex
   -7.5000  -45.0000  -45.0000 7864.1021   19.7962
    0.0000  -45.0000  -45.0000 8243.5469   19.7994
    7.5000  -45.0000  -45.0000 7936.0376   19.8103
   -7.5000  -37.5000  -45.0000 8410.6758   19.7530
    0.0000  -37.5000  -45.0000 8811.0723   19.7510
    7.5000  -37.5000  -45.0000 8471.4023   19.7663
   -7.5000  -30.0000  -45.0000 9218.6172   19.7365
    0.0000  -30.0000  -45.0000 9660.0781   19.7289
    7.5000  -30.0000  -45.0000 9284.4531   19.7401
   -7.5000  -22.5000  -45.0000 9975.3486   19.7225
    0.0000  -22.5000  -45.000010448.5566   19.7135
    7.5000  -22.5000  -45.000010063.3301   19.7175
   -7.5000  -15.0000  -45.000010607.9863   19.7118
    0.0000  -15.0000  -45.000011111.9697   19.7052
    7.5000  -15.0000  -45.000010704.7793   19.7040
   -7.5000   -7.5000  -45.000011198.6807   19.6952
    0.0000   -7.5000  -45.000011728.2656   19.6946
    7.5000   -7.5000  -45.000011269.8184   19.6962
   -7.5000    0.0000  -45.000011735.8535   19.6833
    0.0000    0.0000  -45.000012304.9980   19.6860
    7.5000    0.0000  -45.000011806.4258   19.6967
   -7.5000    7.5000  -45.000011424.7393   19.6908
    0.0000    7.5000  -45.000011978.8428   19.6885
    7.5000    7.5000  -45.000011485.4414   19.7037
   -7.5000   15.0000  -45.000010956.6201   19.7117
    0.0000   15.0000  -45.000011458.5186   19.7039
    7.5000   15.0000  -45.000011006.7910   19.7149
   -7.5000   22.5000  -45.000010362.2168   19.7181
    0.0000   22.5000  -45.000010830.1094   19.7091
    7.5000   22.5000  -45.000010369.7080   19.7131
   -7.5000   30.0000  -45.0000 9644.4209   19.4491
    0.0000   30.0000  -45.000010083.2725   19.4426
    7.5000   30.0000  -45.0000 9617.9229   19.4414
   -7.5000   37.5000  -45.0000 9212.1543   19.4370
    0.0000   37.5000  -45.0000 9601.5156   19.4364
    7.5000   37.5000  -45.0000 9168.2705   19.4379
   -7.5000   45.0000  -45.0000 8435.9375   18.9528
    0.0000   45.0000  -45.0000 8795.0146   18.9554
    7.5000   45.0000  -45.0000 8372.9971   18.9657
   -7.5000  -45.0000  -37.5000 8393.5635   19.7515
    0.0000  -45.0000  -37.5000 8801.2871   19.7643
    7.5000  -45.0000  -37.5000 8465.1602   19.7887
   -7.5000  -37.5000  -37.5000 8958.4590   19.7161
    0.0000  -37.5000  -37.5000 9405.1562   19.7252
    7.5000  -37.5000  -37.5000 9020.3594   19.7488
   -7.5000  -30.0000  -37.5000 9818.5205   19.6899
    0.0000  -30.0000  -37.500010314.3076   19.6953
    7.5000  -30.0000  -37.5000 9891.2764   19.7133
   -7.5000  -22.5000  -37.500010619.3096   19.6599
    0.0000  -22.5000  -37.500011172.5283   19.6644
    7.5000  -22.5000  -37.500010715.4912   19.6796
   -7.5000  -15.0000  -37.500011269.9580   19.6405
    0.0000  -15.0000  -37.500011827.7285   19.6463
    7.5000  -15.0000  -37.500011351.3682   19.6625
   -7.5000   -7.5000  -37.500011884.7432   19.6333
    0.0000   -7.5000  -37.500012477.0977   19.6431
    7.5000   -7.5000  -37.500011956.8574   19.6629
   -7.5000    0.0000  -37.500012433.8242   19.6393
    0.0000    0.0000  -37.500013063.8184   19.6513
    7.5000    0.0000  -37.500012508.9619   19.6756
   -7.5000    7.5000  -37.500012071.5010   19.6538
    0.0000    7.5000  -37.500012668.2344   19.6626
    7.5000    7.5000  -37.500012145.2500   19.6860
   -7.5000   15.0000  -37.500011572.5811   19.6655
    0.0000   15.0000  -37.500012129.0869   19.6708
    7.5000   15.0000  -37.500011636.1328   19.6886
   -7.5000   22.5000  -37.500010946.8643   19.6555
    0.0000   22.5000  -37.500011467.0752   19.6600
    7.5000   22.5000  -37.500010972.9072   19.6751
   -7.5000   30.0000  -37.500010169.1328   19.3788
    0.0000   30.0000  -37.500010661.1836   19.3845
    7.5000   30.0000  -37.500010163.5527   19.4005
   -7.5000   37.5000  -37.5000 9690.4893   19.3763
    0.0000   37.5000  -37.500010134.5781   19.3859
    7.5000   37.5000  -37.5000 9648.1719   19.4054
   -7.5000   45.0000  -37.5000 8865.2461   18.9116
    0.0000   45.0000  -37.5000 9272.3721   18.9232
    7.5000   45.0000  -37.5000 8825.1914   18.9465
   -7.5000  -45.0000  -30.0000 9054.1270   20.5581
    0.0000  -45.0000  -30.0000 9490.2686   20.5815
    7.5000  -45.0000  -30.0000 9117.1885   20.6131
   -7.5000  -37.5000  -30.0000 9640.2197   20.5213
    0.0000  -37.5000  -30.000010108.7598   20.5406
    7.5000  -37.5000  -30.0000 9721.1162   20.5674
   -7.5000  -30.0000  -30.000010558.9453   20.4824
    0.0000  -30.0000  -30.000011101.3496   20.4971
    7.5000  -30.0000  -30.000010652.8477   20.5201
   -7.5000  -22.5000  -30.000011428.4834   20.4395
    0.0000  -22.5000  -30.000012031.4453   20.4531
    7.5000  -22.5000  -30.000011523.5752   20.4800
   -7.5000  -15.0000  -30.000012146.9805   20.4167
    0.0000  -15.0000  -30.000012763.2266   20.4316
    7.5000  -15.0000  -30.000012225.6582   20.4653
   -7.5000   -7.5000  -30.000012816.8486   20.4207
    0.0000   -7.5000  -30.000013476.2549   20.4405
    7.5000   -7.5000  -30.000012873.2500   20.4750
   -7.5000    0.0000  -30.000013366.5332   20.4413
    0.0000    0.0000  -30.000014066.8350   20.4639
    7.5000    0.0000  -30.000013434.5078   20.4954
   -7.5000    7.5000  -30.000012930.4307   20.4565
    0.0000    7.5000  -30.000013580.5752   20.4754
    7.5000    7.5000  -30.000013001.9463   20.5020
   -7.5000   15.0000  -30.000012391.3506   20.4571
    0.0000   15.0000  -30.000013001.7979   20.4718
    7.5000   15.0000  -30.000012442.6885   20.4947
   -7.5000   22.5000  -30.000011700.6348   20.4329
    0.0000   22.5000  -30.000012279.4961   20.4464
    7.5000   22.5000  -30.000011726.5479   20.4732
   -7.5000   30.0000  -30.000010864.6582   20.1465
    0.0000   30.0000  -30.000011399.1504   20.1613
    7.5000   30.0000  -30.000010866.0068   20.1945
   -7.5000   37.5000  -30.000010318.8877   20.1550
    0.0000   37.5000  -30.000010827.0801   20.1745
    7.5000   37.5000  -30.000010298.1377   20.2085
   -7.5000   45.0000  -30.0000 9407.9648   19.6999
    0.0000   45.0000  -30.0000 9859.1777   19.7217
    7.5000   45.0000  -30.0000 9385.2441   19.7520
   -7.5000  -45.0000  -22.5000 9736.8135   21.2698
    0.0000  -45.0000  -22.500010210.6465   21.2929
    7.5000  -45.0000  -22.5000 9789.3291   21.3162
   -7.5000  -37.5000  -22.500010365.5508   21.2225
    0.0000  -37.5000  -22.500010869.9951   21.2396
    7.5000  -37.5000  -22.500010438.1855   21.2598
   -7.5000  -30.0000  -22.500011365.5723   21.1812
    0.0000  -30.0000  -22.500011928.1797   21.1909
    7.5000  -30.0000  -22.500011432.3643   21.2114
   -7.5000  -22.5000  -22.500012256.2500   21.1434
    0.0000  -22.5000  -22.500012890.0938   21.1511
    7.5000  -22.5000  -22.500012339.5000   21.1785
   -7.5000  -15.0000  -22.500013016.6299   21.1277
    0.0000  -15.0000  -22.500013683.0742   21.1374
    7.5000  -15.0000  -22.500013092.4180   21.1703
   -7.5000   -7.5000  -22.500013731.0186   21.1335
    0.0000   -7.5000  -22.500014403.9355   21.1510
    7.5000   -7.5000  -22.500013761.6250   21.1801
   -7.5000    0.0000  -22.500014292.7686   21.1487
    0.0000    0.0000  -22.500015003.3340   21.1710
    7.5000    0.0000  -22.500014326.2891   21.1941
   -7.5000    7.5000  -22.500013780.0215   21.1559
    0.0000    7.5000  -22.500014467.6416   21.1725
    7.5000    7.5000  -22.500013821.4805   21.1926
   -7.5000   15.0000  -22.500013177.4004   21.1548
    0.0000   15.0000  -22.500013831.3662   21.1644
    7.5000   15.0000  -22.500013203.8574   21.1849
   -7.5000   22.5000  -22.500012432.5352   21.1352
    0.0000   22.5000  -22.500013045.5049   21.1428
    7.5000   22.5000  -22.500012426.5273   21.1700
   -7.5000   30.0000  -22.500011540.9248   20.8513
    0.0000   30.0000  -22.500012112.4141   20.8609
    7.5000   30.0000  -22.500011527.8379   20.8934
   -7.5000   37.5000  -22.500010954.3350   20.8610
    0.0000   37.5000  -22.500011502.5391   20.8782
    7.5000   37.5000  -22.500010927.4619   20.9069
   -7.5000   45.0000  -22.5000 9980.1377   20.3974
    0.0000   45.0000  -22.500010450.5332   20.4190
    7.5000   45.0000  -22.5000 9938.6406   20.4412
   -7.5000  -45.0000  -15.000010453.5312   21.7874
    0.0000  -45.0000  -15.000010930.0176   21.8016
    7.5000  -45.0000  -15.000010502.0215   21.8096
   -7.5000  -37.5000  -15.000011107.1855   21.7298
    0.0000  -37.5000  -15.000011638.5625   21.7362
    7.5000  -37.5000  -15.000011167.0400   21.7473
   -7.5000  -30.0000  -15.000012158.1504   21.6968
    0.0000  -30.0000  -15.000012749.6611   21.6937
    7.5000  -30.0000  -15.000012215.6377   21.7076
   -7.5000  -22.5000  -15.000013093.1025   21.6755
    0.0000  -22.5000  -15.000013727.5264   21.6695
    7.5000  -22.5000  -15.000013117.5049   21.6867
   -7.5000  -15.0000  -15.000013894.0898   21.6698
    0.0000  -15.0000  -15.000014536.6885   21.6665
    7.5000  -15.0000  -15.000013892.5654   21.6824
   -7.5000   -7.5000  -15.000014619.0938   21.6668
    0.0000   -7.5000  -15.000015276.5332   21.6737
    7.5000   -7.5000  -15.000014597.2217   21.6835
   -7.5000    0.0000  -15.000015196.9316   21.6632
    0.0000    0.0000  -15.000015921.9443   21.6767
    7.5000    0.0000  -15.000015184.1758   21.6846
   -7.5000    7.5000  -15.000014641.9346   21.6618
    0.0000    7.5000  -15.000015349.0957   21.6679
    7.5000    7.5000  -15.000014621.6270   21.6788
   -7.5000   15.0000  -15.000013956.4883   21.6693
    0.0000   15.0000  -15.000014639.5869   21.6662
    7.5000   15.0000  -15.000013925.6201   21.6800
   -7.5000   22.5000  -15.000013162.2578   21.6662
    0.0000   22.5000  -15.000013817.7471   21.6600
    7.5000   22.5000  -15.000013110.6289   21.6771
   -7.5000   30.0000  -15.000012213.6465   21.3894
    0.0000   30.0000  -15.000012811.7490   21.3861
    7.5000   30.0000  -15.000012156.8086   21.4018
   -7.5000   37.5000  -15.000011586.7158   21.3899
    0.0000   37.5000  -15.000012172.3262   21.3968
    7.5000   37.5000  -15.000011523.1191   21.4064
   -7.5000   45.0000  -15.000010548.1436   20.9051
    0.0000   45.0000  -15.000011051.0986   20.9181
    7.5000   45.0000  -15.000010475.7520   20.9257
   -7.5000  -45.0000   -7.500011174.0010   22.0302
    0.0000  -45.0000   -7.500011705.9297   22.0350
    7.5000  -45.0000   -7.500011234.8604   22.0382
   -7.5000  -37.5000   -7.500011845.3936   21.9723
    0.0000  -37.5000   -7.500012433.0723   21.9696
    7.5000  -37.5000   -7.500011920.5410   21.9796
   -7.5000  -30.0000   -7.500012957.7266   21.9501
    0.0000  -30.0000   -7.500013587.3320   21.9385
    7.5000  -30.0000   -7.500013007.9648   21.9488
   -7.5000  -22.5000   -7.500013946.7158   21.9397
    0.0000  -22.5000   -7.500014607.0518   21.9254
    7.5000  -22.5000   -7.500013957.0771   21.9314
   -7.5000  -15.0000   -7.500014758.7236   21.9363
    0.0000  -15.0000   -7.500015392.4209   21.9251
    7.5000  -15.0000   -7.500014731.4287   21.9241
   -7.5000   -7.5000   -7.500015526.0889   21.9220
    0.0000   -7.5000   -7.500016168.5586   21.9203
    7.5000   -7.5000   -7.500015483.1123   21.9169
   -7.5000    0.0000   -7.500016143.3037   21.9048
    0.0000    0.0000   -7.500016867.1543   21.9089
    7.5000    0.0000   -7.500016106.5254   21.9120
   -7.5000    7.5000   -7.500015539.3037   21.9036
    0.0000    7.5000   -7.500016284.5244   21.9006
    7.5000    7.5000   -7.500015510.3770   21.9105
   -7.5000   15.0000   -7.500014800.6523   21.9223
    0.0000   15.0000   -7.500015487.5039   21.9106
    7.5000   15.0000   -7.500014739.2666   21.9207
   -7.5000   22.5000   -7.500013958.4922   21.9278
    0.0000   22.5000   -7.500014627.9785   21.9135
    7.5000   22.5000   -7.500013858.4678   21.9194
   -7.5000   30.0000   -7.500012941.5342   21.6518
    0.0000   30.0000   -7.500013574.2764   21.6407
    7.5000   30.0000   -7.500012828.4570   21.6397
   -7.5000   37.5000   -7.500012250.7900   21.6417
    0.0000   37.5000   -7.500012846.2900   21.6400
    7.5000   37.5000   -7.500012170.2871   21.6366
   -7.5000   45.0000   -7.500011127.1777   21.1404
    0.0000   45.0000   -7.500011645.5557   21.1444
    7.5000   45.0000   -7.500011058.2471   21.1474
   -7.5000  -45.0000    0.000011819.7266   22.0558
    0.0000  -45.0000    0.000012416.4639   22.0593
    7.5000  -45.0000    0.000011900.1572   22.0715
   -7.5000  -37.5000    0.000012523.1309   22.0075
    0.0000  -37.5000    0.000013161.7500   22.0053
    7.5000  -37.5000    0.000012602.5264   22.0224
   -7.5000  -30.0000    0.000013680.9570   21.9888
    0.0000  -30.0000    0.000014337.6406   21.9804
    7.5000  -30.0000    0.000013714.4375   21.9929
   -7.5000  -22.5000    0.000014725.3320   21.9733
    0.0000  -22.5000    0.000015405.0342   21.9633
    7.5000  -22.5000    0.000014740.9287   21.9679
   -7.5000  -15.0000    0.000015584.0908   21.9620
    0.0000  -15.0000    0.000016217.2100   21.9544
    7.5000  -15.0000    0.000015554.7344   21.9533
   -7.5000   -7.5000    0.000016385.5801   21.9440
    0.0000   -7.5000    0.000017008.5273   21.9431
    7.5000   -7.5000    0.000016327.8301   21.9450
   -7.5000    0.0000    0.000017050.7988   21.9307
    0.0000    0.0000    0.000017689.1230   21.9334
    7.5000    0.0000    0.000016996.6055   21.9455
   -7.5000    7.5000    0.000016405.2129   21.9385
    0.0000    7.5000    0.000017065.8613   21.9360
    7.5000    7.5000    0.000016380.6934   21.9529
   -7.5000   15.0000    0.000015593.7168   21.9612
    0.0000   15.0000    0.000016207.0928   21.9526
    7.5000   15.0000    0.000015522.8682   21.9650
   -7.5000   22.5000    0.000014668.4619   21.9614
    0.0000   22.5000    0.000015291.5820   21.9514
    7.5000   22.5000    0.000014566.0918   21.9559
   -7.5000   30.0000    0.000013628.0762   21.6778
    0.0000   30.0000    0.000014220.9619   21.6703
    7.5000   30.0000    0.000013508.8096   21.6692
   -7.5000   37.5000    0.000012917.2305   21.6647
    0.0000   37.5000    0.000013471.9541   21.6638
    7.5000   37.5000    0.000012794.3027   21.6656
   -7.5000   45.0000    0.000011682.4238   21.1664
    0.0000   45.0000    0.000012190.2461   21.1691
    7.5000   45.0000    0.000011613.0039   21.1808
   -7.5000  -45.0000    7.500011545.0283   22.0605
    0.0000  -45.0000    7.500012106.1475   22.0747
    7.5000  -45.0000    7.500011624.7617   22.1019
   -7.5000  -37.5000    7.500012225.9980   22.0215
    0.0000  -37.5000    7.500012808.7480   22.0317
    7.5000  -37.5000    7.500012302.2295   22.0578
   -7.5000  -30.0000    7.500013297.3076   21.9929
    0.0000  -30.0000    7.500013901.5703   21.9988
    7.5000  -30.0000    7.500013365.0146   22.0187
   -7.5000  -22.5000    7.500014333.1514   21.9594
    0.0000  -22.5000    7.500014977.0166   21.9643
    7.5000  -22.5000    7.500014367.8691   21.9810
   -7.5000  -15.0000    7.500015211.6924   21.9373
    0.0000  -15.0000    7.500015808.9004   21.9437
    7.5000  -15.0000    7.500015213.3506   21.9616
   -7.5000   -7.5000    7.500015964.3857   21.9288
    0.0000   -7.5000    7.500016451.4512   21.9397
    7.5000   -7.5000    7.500015937.4756   21.9617
   -7.5000    0.0000    7.500016555.5215   21.9354
    0.0000    0.0000    7.500016999.5723   21.9488
    7.5000    0.0000    7.500016519.7383   21.9758
   -7.5000    7.5000    7.500015905.6309   21.9521
    0.0000    7.5000    7.500016347.4658   21.9619
    7.5000    7.5000    7.500015890.4941   21.9878
   -7.5000   15.0000    7.500015113.4248   21.9657
    0.0000   15.0000    7.500015559.9307   21.9714
    7.5000   15.0000    7.500015074.0605   21.9911
   -7.5000   22.5000    7.500014219.6260   21.9475
    0.0000   22.5000    7.500014697.5459   21.9522
    7.5000   22.5000    7.500014137.1992   21.9689
   -7.5000   30.0000    7.500013240.6582   21.6534
    0.0000   30.0000    7.500013726.5186   21.6597
    7.5000   30.0000    7.500013138.2705   21.6774
   -7.5000   37.5000    7.500012562.9990   21.6501
    0.0000   37.5000    7.500013057.1426   21.6608
    7.5000   37.5000    7.500012456.8799   21.6825
   -7.5000   45.0000    7.500011350.3613   21.1723
    0.0000   45.0000    7.500011839.4912   21.1852
    7.5000   45.0000    7.500011290.7725   21.2113
   -7.5000  -45.0000   15.000011122.2725   22.1136
    0.0000  -45.0000   15.000011650.2852   22.1389
    7.5000  -45.0000   15.000011186.1777   22.1729
   -7.5000  -37.5000   15.000011763.8496   22.0731
    0.0000  -37.5000   15.000012320.9043   22.0939
    7.5000  -37.5000   15.000011845.2480   22.1228
   -7.5000  -30.0000   15.000012784.1426   22.0300
    0.0000  -30.0000   15.000013354.3379   22.0460
    7.5000  -30.0000   15.000012856.3711   22.0707
   -7.5000  -22.5000   15.000013774.9561   21.9836
    0.0000  -22.5000   15.000014343.3652   21.9983
    7.5000  -22.5000   15.000013824.8730   22.0272
   -7.5000  -15.0000   15.000014618.8027   21.9599
    0.0000  -15.0000   15.000015152.5859   21.9761
    7.5000  -15.0000   15.000014680.8252   22.0122
   -7.5000   -7.5000   15.000015372.7461   21.9654
    0.0000   -7.5000   15.000015840.1846   21.9868
    7.5000   -7.5000   15.000015448.2520   22.0238
   -7.5000    0.0000   15.000016030.2217   21.9878
    0.0000    0.0000   15.000016446.2812   22.0122
    7.5000    0.0000   15.000016069.6279   22.0460
   -7.5000    7.5000   15.000015412.9316   22.0033
    0.0000    7.5000   15.000015830.7344   22.0237
    7.5000    7.5000   15.000015434.4277   22.0524
   -7.5000   15.0000   15.000014597.6396   22.0028
    0.0000   15.0000   15.000015017.5332   22.0187
    7.5000   15.0000   15.000014554.7646   22.0433
   -7.5000   22.5000   15.000013717.9502   21.9716
    0.0000   22.5000   15.000014168.5605   21.9862
    7.5000   22.5000   15.000013633.6094   22.0150
   -7.5000   30.0000   15.000012743.7725   21.6757
    0.0000   30.0000   15.000013206.2871   21.6916
    7.5000   30.0000   15.000012640.7881   21.7273
   -7.5000   37.5000   15.000012088.3945   21.6859
    0.0000   37.5000   15.000012521.0342   21.7070
    7.5000   37.5000   15.000011968.2246   21.7435
   -7.5000   45.0000   15.000010885.5547   21.2247
    0.0000   45.0000   15.000011301.1738   21.2483
    7.5000   45.0000   15.000010803.4043   21.2809
   -7.5000  -45.0000   22.500010592.0928   22.1930
    0.0000  -45.0000   22.500011107.4951   22.2173
    7.5000  -45.0000   22.500010682.6104   22.2417
   -7.5000  -37.5000   22.500011195.3125   22.1423
    0.0000  -37.5000   22.500011732.5332   22.1603
    7.5000  -37.5000   22.500011276.1807   22.1816
   -7.5000  -30.0000   22.500012169.0361   22.0983
    0.0000  -30.0000   22.500012722.8018   22.1087
    7.5000  -30.0000   22.500012250.3799   22.1302
   -7.5000  -22.5000   22.500013062.8457   22.0592
    0.0000  -22.5000   22.500013645.4971   22.0675
    7.5000  -22.5000   22.500013135.4131   22.0961
   -7.5000  -15.0000   22.500013872.0752   22.0436
    0.0000  -15.0000   22.500014423.4834   22.0541
    7.5000  -15.0000   22.500013957.4492   22.0883
   -7.5000   -7.5000   22.500014635.8955   22.0503
    0.0000   -7.5000   22.500015212.1094   22.0689
    7.5000   -7.5000   22.500014725.4512   22.0993
   -7.5000    0.0000   22.500015344.5234   22.0660
    0.0000    0.0000   22.500015999.9658   22.0895
    7.5000    0.0000   22.500015441.1230   22.1137
   -7.5000    7.5000   22.500014781.1875   22.0724
    0.0000    7.5000   22.500015438.5088   22.0900
    7.5000    7.5000   22.500014845.1992   22.1111
   -7.5000   15.0000   22.500013983.9570   22.0706
    0.0000   15.0000   22.500014552.9844   22.0809
    7.5000   15.0000   22.500013969.3340   22.1024
   -7.5000   22.5000   22.500013087.8545   22.0473
    0.0000   22.5000   22.500013613.4043   22.0554
    7.5000   22.5000   22.500013036.3555   22.0839
   -7.5000   30.0000   22.500012095.7227   21.7583
    0.0000   30.0000   22.500012578.9854   21.7687
    7.5000   30.0000   22.500012036.6904   21.8025
   -7.5000   37.5000   22.500011466.1885   21.7690
    0.0000   37.5000   22.500011896.1602   21.7873
    7.5000   37.5000   22.500011377.5547   21.8173
   -7.5000   45.0000   22.500010325.3838   21.3008
    0.0000   45.0000   22.500010708.3955   21.3235
    7.5000   45.0000   22.500010241.5322   21.3468
   -7.5000  -45.0000   30.0000 9950.7158   22.2800
    0.0000  -45.0000   30.000010461.8281   22.2953
    7.5000  -45.0000   30.000010031.2637   22.3036
   -7.5000  -37.5000   30.000010520.1660   22.2207
    0.0000  -37.5000   30.000011053.7559   22.2279
    7.5000  -37.5000   30.000010601.0576   22.2394
   -7.5000  -30.0000   30.000011449.1572   22.1861
    0.0000  -30.0000   30.000012028.7188   22.1833
    7.5000  -30.0000   30.000011536.5107   22.1977
   -7.5000  -22.5000   30.000012289.9961   22.1638
    0.0000  -22.5000   30.000012889.5312   22.1579
    7.5000  -22.5000   30.000012376.0088   22.1754
   -7.5000  -15.0000   30.000013052.5410   22.1579
    0.0000  -15.0000   30.000013613.8955   22.1548
    7.5000  -15.0000   30.000013144.7305   22.1709
   -7.5000   -7.5000   30.000013812.0654   22.1550
    0.0000   -7.5000   30.000014382.5908   22.1627
    7.5000   -7.5000   30.000013888.1973   22.1726
   -7.5000    0.0000   30.000014510.8779   22.1519
    0.0000    0.0000   30.000015114.1621   22.1664
    7.5000    0.0000   30.000014546.7910   22.1746
   -7.5000    7.5000   30.000014010.0762   22.1505
    0.0000    7.5000   30.000014587.8203   22.1574
    7.5000    7.5000   30.000014017.0537   22.1688
   -7.5000   15.0000   30.000013223.7295   22.1578
    0.0000   15.0000   30.000013771.2861   22.1549
    7.5000   15.0000   30.000013210.5449   22.1692
   -7.5000   22.5000   30.000012338.4775   22.1519
    0.0000   22.5000   30.000012837.8320   22.1458
    7.5000   22.5000   30.000012304.2949   22.1633
   -7.5000   30.0000   30.000011395.9023   21.8711
    0.0000   30.0000   30.000011852.0898   21.8681
    7.5000   30.0000   30.000011344.8955   21.8840
   -7.5000   37.5000   30.000010781.8711   21.8719
    0.0000   37.5000   30.000011203.8750   21.8795
    7.5000   37.5000   30.000010741.7158   21.8893
   -7.5000   45.0000   30.0000 9683.4082   21.3826
    0.0000   45.0000   30.000010061.0078   21.3966
    7.5000   45.0000   30.0000 9649.2500   21.4045
   -7.5000  -45.0000   37.5000 9614.8760   22.3653
    0.0000  -45.0000   37.500010102.7051   22.3712
    7.5000  -45.0000   37.5000 9664.7246   22.3752
   -7.5000  -37.5000   37.500010172.3154   22.3054
    0.0000  -37.5000   37.500010676.2383   22.3036
    7.5000  -37.5000   37.500010221.7949   22.3145
   -7.5000  -30.0000   37.500011073.8604   22.2815
    0.0000  -30.0000   37.500011620.0898   22.2701
    7.5000  -30.0000   37.500011131.7061   22.2810
   -7.5000  -22.5000   37.500011901.3203   22.2700
    0.0000  -22.5000   37.500012477.3330   22.2555
    7.5000  -22.5000   37.500011950.8438   22.2618
   -7.5000  -15.0000   37.500012641.4971   22.2669
    0.0000  -15.0000   37.500013244.0107   22.2556
    7.5000  -15.0000   37.500012705.7803   22.2547
   -7.5000   -7.5000   37.500013368.8877   22.2532
    0.0000   -7.5000   37.500013984.3408   22.2522
    7.5000   -7.5000   37.500013419.1807   22.2490
   -7.5000    0.0000   37.500014025.9473   22.2363
    0.0000    0.0000   37.500014649.0010   22.2416
    7.5000    0.0000   37.500014043.3838   22.2454
   -7.5000    7.5000   37.500013526.2119   22.2348
    0.0000    7.5000   37.500014098.6602   22.2327
    7.5000    7.5000   37.500013519.8750   22.2435
   -7.5000   15.0000   37.500012790.3926   22.2529
    0.0000   15.0000   37.500013328.1064   22.2414
    7.5000   15.0000   37.500012787.9570   22.2521
   -7.5000   22.5000   37.500011922.8945   22.2579
    0.0000   22.5000   37.500012404.3301   22.2434
    7.5000   22.5000   37.500011890.6162   22.2496
   -7.5000   30.0000   37.500011011.8135   21.9787
    0.0000   30.0000   37.500011431.8115   21.9676
    7.5000   30.0000   37.500010943.3643   21.9667
   -7.5000   37.5000   37.500010415.3711   21.9693
    0.0000   37.5000   37.500010801.4131   21.9683
    7.5000   37.5000   37.500010351.9893   21.9651
   -7.5000   45.0000   37.5000 9345.1689   21.4623
    0.0000   45.0000   37.5000 9705.9629   21.4674
    7.5000   45.0000   37.5000 9301.2285   21.4712
   -7.5000  -45.0000   45.0000 8828.1387   22.5019
    0.0000  -45.0000   45.0000 9251.4395   22.5069
    7.5000  -45.0000   45.0000 8854.0830   22.5205
   -7.5000  -37.5000   45.0000 9342.3584   22.4501
    0.0000  -37.5000   45.0000 9801.1719   22.4491
    7.5000  -37.5000   45.0000 9372.0732   22.4679
   -7.5000  -30.0000   45.000010183.4463   22.4307
    0.0000  -30.0000   45.000010704.4219   22.4227
    7.5000  -30.0000   45.000010230.5332   22.4364
   -7.5000  -22.5000   45.000010959.2119   22.4160
    0.0000  -22.5000   45.000011514.8057   22.4060
    7.5000  -22.5000   45.000010996.0654   22.4110
   -7.5000  -15.0000   45.000011658.2568   22.4053
    0.0000  -15.0000   45.000012227.2490   22.3980
    7.5000  -15.0000   45.000011678.3721   22.3969
   -7.5000   -7.5000   45.000012322.4189   22.3860
    0.0000   -7.5000   45.000012905.9043   22.3862
    7.5000   -7.5000   45.000012333.7051   22.3886
   -7.5000    0.0000   45.000012882.8340   22.3707
    0.0000    0.0000   45.000013494.1641   22.3751
    7.5000    0.0000   45.000012891.2441   22.3885
   -7.5000    7.5000   45.000012399.3857   22.3778
    0.0000    7.5000   45.000012957.2148   22.3765
    7.5000    7.5000   45.000012403.8945   22.3951
   -7.5000   15.0000   45.000011751.9336   22.4018
    0.0000   15.0000   45.000012281.0771   22.3937
    7.5000   15.0000   45.000011787.9736   22.4071
   -7.5000   22.5000   45.000010967.4795   22.4037
    0.0000   22.5000   45.000011439.2715   22.3937
    7.5000   22.5000   45.000010990.0225   22.3986
   -7.5000   30.0000   45.000010097.1143   22.1135
    0.0000   30.0000   45.000010504.6289   22.1063
    7.5000   30.0000   45.000010084.7354   22.1051
   -7.5000   37.5000   45.0000 9552.8125   22.0994
    0.0000   37.5000   45.0000 9932.6396   22.0994
    7.5000   37.5000   45.0000 9521.9795   22.1017
   -7.5000   45.0000   45.0000 8608.5137   21.6017
    0.0000   45.0000   45.0000 8945.7100   21.6058
    7.5000   45.0000   45.0000 8574.3398   21.6189

---------------------------------------------------------------------
imgreg_4dfp /opt/freesurfer/average/711-2C_as_mni_average_305 /opt/freesurfer/average/711-2B_as_mni_average_305_mask talsrcimg_g11 none talsrcimg_to_711-2C_as_mni_average_305_t4 4355
---------------------------------------------------------------------

freesurfer imgreg_4dfp.c
/opt/freesurfer/average/711-2C_as_mni_average_305.4dfp.img
       256       256       256         1
  1.000000  1.000000  1.000000
orientation T byte_order littleendian
Reading image: /opt/freesurfer/average/711-2C_as_mni_average_305.4dfp.img
dimensions:      256       256       256
mmppix:       1.0000   -1.0000   -1.0000
center:     128.0000 -129.0000 -129.0000
/opt/freesurfer/average/711-2B_as_mni_average_305_mask.4dfp.img
       256       256       256         1
  1.000000  1.000000  1.000000
orientation T byte_order littleendian
Reading mask: /opt/freesurfer/average/711-2B_as_mni_average_305_mask.4dfp.img (2306576 pixels)
talsrcimg_g11.4dfp.img
       256       256       256         1
  1.000000  1.000000  1.000000
orientation T byte_order littleendian
Reading image: talsrcimg_g11.4dfp.img
dimensions:      256       256       256
mmppix:       1.0000   -1.0000   -1.0000
center:     128.0000 -129.0000 -129.0000
rotation matrix determinant  1.000000
image alignment mode   4355 decimal     1103 hex
   -7.5000  -45.0000  -45.0000 2049.6812   23.1372
    0.0000  -45.0000  -45.0000 2066.4124   22.7850
    7.5000  -45.0000  -45.0000 2060.9602   22.9804
   -7.5000  -37.5000  -45.0000 2128.6426   21.3914
    0.0000  -37.5000  -45.0000 2147.0112   21.1059
    7.5000  -37.5000  -45.0000 2135.4568   21.2693
   -7.5000  -30.0000  -45.0000 2183.0906   20.1783
    0.0000  -30.0000  -45.0000 2200.8660   19.9652
    7.5000  -30.0000  -45.0000 2192.6973   20.0868
   -7.5000  -22.5000  -45.0000 2229.0115   19.3255
    0.0000  -22.5000  -45.0000 2246.1033   19.1191
    7.5000  -22.5000  -45.0000 2241.9343   19.1864
   -7.5000  -15.0000  -45.0000 2258.2227   18.7160
    0.0000  -15.0000  -45.0000 2275.5176   18.4845
    7.5000  -15.0000  -45.0000 2269.2068   18.5840
   -7.5000   -7.5000  -45.0000 2267.2466   18.5027
    0.0000   -7.5000  -45.0000 2285.2678   18.2141
    7.5000   -7.5000  -45.0000 2274.2632   18.3375
   -7.5000    0.0000  -45.0000 2256.5330   18.6266
    0.0000    0.0000  -45.0000 2272.6780   18.3454
    7.5000    0.0000  -45.0000 2263.9456   18.4671
   -7.5000    7.5000  -45.0000 2223.9121   19.1283
    0.0000    7.5000  -45.0000 2248.1016   18.8230
    7.5000    7.5000  -45.0000 2234.0161   18.9318
   -7.5000   15.0000  -45.0000 2173.3586   20.0550
    0.0000   15.0000  -45.0000 2196.7637   19.7776
    7.5000   15.0000  -45.0000 2182.3188   19.8563
   -7.5000   22.5000  -45.0000 2104.1472   21.4227
    0.0000   22.5000  -45.0000 2126.1833   21.0939
    7.5000   22.5000  -45.0000 2111.8679   21.1883
   -7.5000   30.0000  -45.0000 2014.8015   23.2658
    0.0000   30.0000  -45.0000 2033.9086   22.8689
    7.5000   30.0000  -45.0000 2021.7003   23.0115
   -7.5000   37.5000  -45.0000 1909.2786   25.8284
    0.0000   37.5000  -45.0000 1925.2051   25.3455
    7.5000   37.5000  -45.0000 1916.2909   25.5311
   -7.5000   45.0000  -45.0000 1802.4072   29.3072
    0.0000   45.0000  -45.0000 1817.2294   28.7832
    7.5000   45.0000  -45.0000 1799.8998   28.9784
   -7.5000  -45.0000  -37.5000 2140.0427   21.3386
    0.0000  -45.0000  -37.5000 2158.6123   21.0665
    7.5000  -45.0000  -37.5000 2151.0276   21.2490
   -7.5000  -37.5000  -37.5000 2226.6384   19.6867
    0.0000  -37.5000  -37.5000 2246.6130   19.4700
    7.5000  -37.5000  -37.5000 2232.6948   19.6286
   -7.5000  -30.0000  -37.5000 2288.2065   18.5138
    0.0000  -30.0000  -37.5000 2307.9990   18.3501
    7.5000  -30.0000  -37.5000 2299.0691   18.4745
   -7.5000  -22.5000  -37.5000 2332.4138   17.7563
    0.0000  -22.5000  -37.5000 2356.5835   17.5934
    7.5000  -22.5000  -37.5000 2345.7441   17.6780
   -7.5000  -15.0000  -37.5000 2354.9810   17.2453
    0.0000  -15.0000  -37.5000 2377.1287   17.0767
    7.5000  -15.0000  -37.5000 2365.0669   17.1518
   -7.5000   -7.5000  -37.5000 2362.3174   17.0686
    0.0000   -7.5000  -37.5000 2389.0317   16.8447
    7.5000   -7.5000  -37.5000 2371.4031   16.9571
   -7.5000    0.0000  -37.5000 2354.4807   17.1847
    0.0000    0.0000  -37.5000 2377.1423   16.9513
    7.5000    0.0000  -37.5000 2362.5967   17.0405
   -7.5000    7.5000  -37.5000 2323.7502   17.6111
    0.0000    7.5000  -37.5000 2348.5847   17.3730
    7.5000    7.5000  -37.5000 2334.4604   17.4422
   -7.5000   15.0000  -37.5000 2269.6506   18.4055
    0.0000   15.0000  -37.5000 2293.5076   18.1657
    7.5000   15.0000  -37.5000 2280.2666   18.2493
   -7.5000   22.5000  -37.5000 2195.0718   19.6177
    0.0000   22.5000  -37.5000 2219.7017   19.3705
    7.5000   22.5000  -37.5000 2208.6445   19.4549
   -7.5000   30.0000  -37.5000 2101.9341   21.2812
    0.0000   30.0000  -37.5000 2122.3508   20.9652
    7.5000   30.0000  -37.5000 2108.2073   21.0968
   -7.5000   37.5000  -37.5000 1993.8745   23.5840
    0.0000   37.5000  -37.5000 2009.3114   23.2366
    7.5000   37.5000  -37.5000 1998.7894   23.3423
   -7.5000   45.0000  -37.5000 1881.4435   26.7150
    0.0000   45.0000  -37.5000 1899.1569   26.2772
    7.5000   45.0000  -37.5000 1881.3651   26.3846
   -7.5000  -45.0000  -30.0000 2258.0862   20.6114
    0.0000  -45.0000  -30.0000 2278.1619   20.3718
    7.5000  -45.0000  -30.0000 2268.0166   20.5215
   -7.5000  -37.5000  -30.0000 2352.9231   18.8785
    0.0000  -37.5000  -30.0000 2373.1711   18.7102
    7.5000  -37.5000  -30.0000 2365.3708   18.8333
   -7.5000  -30.0000  -30.0000 2422.4536   17.6779
    0.0000  -30.0000  -30.0000 2448.0579   17.5237
    7.5000  -30.0000  -30.0000 2434.4185   17.6184
   -7.5000  -22.5000  -30.0000 2479.9011   16.9393
    0.0000  -22.5000  -30.0000 2503.1938   16.7670
    7.5000  -22.5000  -30.0000 2487.0469   16.8338
   -7.5000  -15.0000  -30.0000 2503.2725   16.4780
    0.0000  -15.0000  -30.0000 2525.2874   16.3474
    7.5000  -15.0000  -30.0000 2510.0522   16.4168
   -7.5000   -7.5000  -30.0000 2510.8635   16.3613
    0.0000   -7.5000  -30.0000 2537.7454   16.1999
    7.5000   -7.5000  -30.0000 2519.2688   16.2932
   -7.5000    0.0000  -30.0000 2496.9375   16.4651
    0.0000    0.0000  -30.0000 2526.4492   16.2986
    7.5000    0.0000  -30.0000 2511.9058   16.3905
   -7.5000    7.5000  -30.0000 2466.3157   16.8883
    0.0000    7.5000  -30.0000 2492.4094   16.6909
    7.5000    7.5000  -30.0000 2479.1892   16.7692
   -7.5000   15.0000  -30.0000 2409.8047   17.6006
    0.0000   15.0000  -30.0000 2437.0962   17.3876
    7.5000   15.0000  -30.0000 2422.7322   17.4795
   -7.5000   22.5000  -30.0000 2327.1565   18.6629
    0.0000   22.5000  -30.0000 2352.2258   18.4652
    7.5000   22.5000  -30.0000 2339.7585   18.5476
   -7.5000   30.0000  -30.0000 2225.0955   20.2052
    0.0000   30.0000  -30.0000 2245.2979   19.9735
    7.5000   30.0000  -30.0000 2232.1877   20.1311
   -7.5000   37.5000  -30.0000 2109.0938   22.3381
    0.0000   37.5000  -30.0000 2127.6521   22.0397
    7.5000   37.5000  -30.0000 2116.3052   22.1870
   -7.5000   45.0000  -30.0000 1982.6467   25.2336
    0.0000   45.0000  -30.0000 2000.4823   24.8858
    7.5000   45.0000  -30.0000 1989.1945   25.0260
   -7.5000  -45.0000  -22.5000 2344.1609   19.8033
    0.0000  -45.0000  -22.5000 2365.6919   19.5727
    7.5000  -45.0000  -22.5000 2354.9746   19.6660
   -7.5000  -37.5000  -22.5000 2453.8596   18.0391
    0.0000  -37.5000  -22.5000 2472.5200   17.8894
    7.5000  -37.5000  -22.5000 2465.5261   17.9525
   -7.5000  -30.0000  -22.5000 2536.1035   16.8304
    0.0000  -30.0000  -22.5000 2556.0579   16.6802
    7.5000  -30.0000  -22.5000 2543.2520   16.7518
   -7.5000  -22.5000  -22.5000 2590.4709   16.0765
    0.0000  -22.5000  -22.5000 2620.2456   15.9163
    7.5000  -22.5000  -22.5000 2602.6616   15.9593
   -7.5000  -15.0000  -22.5000 2621.3030   15.6543
    0.0000  -15.0000  -22.5000 2651.7986   15.4904
    7.5000  -15.0000  -22.5000 2633.5439   15.5726
   -7.5000   -7.5000  -22.5000 2636.8491   15.5363
    0.0000   -7.5000  -22.5000 2662.6445   15.3901
    7.5000   -7.5000  -22.5000 2644.2583   15.4674
   -7.5000    0.0000  -22.5000 2620.7830   15.6852
    0.0000    0.0000  -22.5000 2649.3003   15.5381
    7.5000    0.0000  -22.5000 2633.7080   15.6172
   -7.5000    7.5000  -22.5000 2586.8215   16.1051
    0.0000    7.5000  -22.5000 2614.0518   15.9154
    7.5000    7.5000  -22.5000 2599.6685   15.9922
   -7.5000   15.0000  -22.5000 2523.9297   16.7717
    0.0000   15.0000  -22.5000 2551.7903   16.5817
    7.5000   15.0000  -22.5000 2537.0767   16.6586
   -7.5000   22.5000  -22.5000 2439.0315   17.7534
    0.0000   22.5000  -22.5000 2463.0042   17.5614
    7.5000   22.5000  -22.5000 2446.2444   17.6728
   -7.5000   30.0000  -22.5000 2329.2505   19.1617
    0.0000   30.0000  -22.5000 2351.0139   18.9438
    7.5000   30.0000  -22.5000 2336.3716   19.0789
   -7.5000   37.5000  -22.5000 2202.1519   21.1425
    0.0000   37.5000  -22.5000 2223.0129   20.8690
    7.5000   37.5000  -22.5000 2210.8247   21.0146
   -7.5000   45.0000  -22.5000 2070.4934   23.8113
    0.0000   45.0000  -22.5000 2086.5518   23.5142
    7.5000   45.0000  -22.5000 2074.5681   23.6394
   -7.5000  -45.0000  -15.0000 2406.3679   19.0075
    0.0000  -45.0000  -15.0000 2422.6609   18.7519
    7.5000  -45.0000  -15.0000 2415.7786   18.8241
   -7.5000  -37.5000  -15.0000 2516.5024   17.2654
    0.0000  -37.5000  -15.0000 2536.9712   17.0376
    7.5000  -37.5000  -15.0000 2528.6074   17.0994
   -7.5000  -30.0000  -15.0000 2608.5500   16.0433
    0.0000  -30.0000  -15.0000 2632.8899   15.8349
    7.5000  -30.0000  -15.0000 2619.0581   15.8819
   -7.5000  -22.5000  -15.0000 2672.7627   15.2791
    0.0000  -22.5000  -15.0000 2702.7192   15.0926
    7.5000  -22.5000  -15.0000 2686.9014   15.1272
   -7.5000  -15.0000  -15.0000 2714.3020   14.8365
    0.0000  -15.0000  -15.0000 2743.4758   14.6250
    7.5000  -15.0000  -15.0000 2723.6316   14.6686
   -7.5000   -7.5000  -15.0000 2731.4875   14.7410
    0.0000   -7.5000  -15.0000 2755.3940   14.5530
    7.5000   -7.5000  -15.0000 2740.0129   14.6083
   -7.5000    0.0000  -15.0000 2715.4819   14.8997
    0.0000    0.0000  -15.0000 2748.5625   14.7426
    7.5000    0.0000  -15.0000 2729.9180   14.7576
   -7.5000    7.5000  -15.0000 2683.4697   15.3037
    0.0000    7.5000  -15.0000 2714.5090   15.1499
    7.5000    7.5000  -15.0000 2695.1943   15.1887
   -7.5000   15.0000  -15.0000 2618.0061   15.9717
    0.0000   15.0000  -15.0000 2650.3899   15.8057
    7.5000   15.0000  -15.0000 2631.3733   15.8677
   -7.5000   22.5000  -15.0000 2526.1990   16.9217
    0.0000   22.5000  -15.0000 2553.3315   16.7286
    7.5000   22.5000  -15.0000 2533.8420   16.8064
   -7.5000   30.0000  -15.0000 2409.9763   18.2301
    0.0000   30.0000  -15.0000 2433.2766   17.9900
    7.5000   30.0000  -15.0000 2415.9939   18.1131
   -7.5000   37.5000  -15.0000 2273.3284   20.0675
    0.0000   37.5000  -15.0000 2297.0210   19.8077
    7.5000   37.5000  -15.0000 2283.3223   19.9287
   -7.5000   45.0000  -15.0000 2137.5549   22.5883
    0.0000   45.0000  -15.0000 2151.5813   22.3161
    7.5000   45.0000  -15.0000 2138.7158   22.3942
   -7.5000  -45.0000   -7.5000 2441.8303   18.2419
    0.0000  -45.0000   -7.5000 2458.7146   17.9315
    7.5000  -45.0000   -7.5000 2453.0818   18.0381
   -7.5000  -37.5000   -7.5000 2557.3889   16.5137
    0.0000  -37.5000   -7.5000 2579.9556   16.2527
    7.5000  -37.5000   -7.5000 2572.8047   16.3545
   -7.5000  -30.0000   -7.5000 2660.5125   15.3229
    0.0000  -30.0000   -7.5000 2688.5935   15.0717
    7.5000  -30.0000   -7.5000 2674.6455   15.1306
   -7.5000  -22.5000   -7.5000 2735.2615   14.5581
    0.0000  -22.5000   -7.5000 2767.1431   14.3031
    7.5000  -22.5000   -7.5000 2751.3958   14.3564
   -7.5000  -15.0000   -7.5000 2784.5720   14.0923
    0.0000  -15.0000   -7.5000 2818.6965   13.8282
    7.5000  -15.0000   -7.5000 2798.9849   13.9145
   -7.5000   -7.5000   -7.5000 2806.8760   13.9727
    0.0000   -7.5000   -7.5000 2839.7822   13.7477
    7.5000   -7.5000   -7.5000 2820.1106   13.8109
   -7.5000    0.0000   -7.5000 2795.2305   14.1296
    0.0000    0.0000   -7.5000 2835.5747   13.9681
    7.5000    0.0000   -7.5000 2811.9651   13.9938
   -7.5000    7.5000   -7.5000 2767.0371   14.5605
    0.0000    7.5000   -7.5000 2808.0293   14.4108
    7.5000    7.5000   -7.5000 2781.7368   14.4445
   -7.5000   15.0000   -7.5000 2697.2512   15.2110
    0.0000   15.0000   -7.5000 2734.1521   15.0429
    7.5000   15.0000   -7.5000 2709.3010   15.0985
   -7.5000   22.5000   -7.5000 2601.3140   16.0925
    0.0000   22.5000   -7.5000 2632.8057   15.8863
    7.5000   22.5000   -7.5000 2609.1348   15.9921
   -7.5000   30.0000   -7.5000 2473.6133   17.3492
    0.0000   30.0000   -7.5000 2505.4053   17.1064
    7.5000   30.0000   -7.5000 2478.6411   17.2312
   -7.5000   37.5000   -7.5000 2331.7808   19.1299
    0.0000   37.5000   -7.5000 2357.7441   18.8743
    7.5000   37.5000   -7.5000 2341.9211   18.9827
   -7.5000   45.0000   -7.5000 2186.2830   21.5317
    0.0000   45.0000   -7.5000 2205.6487   21.2350
    7.5000   45.0000   -7.5000 2191.9722   21.3238
   -7.5000  -45.0000    0.0000 2459.6855   17.6459
    0.0000  -45.0000    0.0000 2482.2161   17.3863
    7.5000  -45.0000    0.0000 2471.1682   17.5235
   -7.5000  -37.5000    0.0000 2583.1851   15.9998
    0.0000  -37.5000    0.0000 2611.0630   15.7059
    7.5000  -37.5000    0.0000 2597.6099   15.8520
   -7.5000  -30.0000    0.0000 2697.3425   14.7927
    0.0000  -30.0000    0.0000 2724.1526   14.4865
    7.5000  -30.0000    0.0000 2709.2036   14.6072
   -7.5000  -22.5000    0.0000 2783.6794   14.0221
    0.0000  -22.5000    0.0000 2813.8813   13.7078
    7.5000  -22.5000    0.0000 2800.2739   13.8253
   -7.5000  -15.0000    0.0000 2840.1592   13.5320
    0.0000  -15.0000    0.0000 2880.8540   13.2459
    7.5000  -15.0000    0.0000 2859.6011   13.3610
   -7.5000   -7.5000    0.0000 2872.3630   13.3809
    0.0000   -7.5000    0.0000 2916.1191   13.0888
    7.5000   -7.5000    0.0000 2889.2329   13.2447
   -7.5000    0.0000    0.0000 2866.5962   13.5665
    0.0000    0.0000    0.0000 2909.9294   13.3256
    7.5000    0.0000    0.0000 2882.3718   13.4320
   -7.5000    7.5000    0.0000 2833.0908   14.0001
    0.0000    7.5000    0.0000 2879.6150   13.7897
    7.5000    7.5000    0.0000 2848.9314   13.8783
   -7.5000   15.0000    0.0000 2757.3848   14.6390
    0.0000   15.0000    0.0000 2796.3228   14.4262
    7.5000   15.0000    0.0000 2768.9775   14.5260
   -7.5000   22.5000    0.0000 2648.3757   15.5065
    0.0000   22.5000    0.0000 2687.9263   15.2842
    7.5000   22.5000    0.0000 2657.7488   15.3805
   -7.5000   30.0000    0.0000 2516.5500   16.7271
    0.0000   30.0000    0.0000 2548.7285   16.4493
    7.5000   30.0000    0.0000 2524.7239   16.5772
   -7.5000   37.5000    0.0000 2373.6316   18.4193
    0.0000   37.5000    0.0000 2398.7295   18.1177
    7.5000   37.5000    0.0000 2379.3411   18.2630
   -7.5000   45.0000    0.0000 2222.9077   20.7681
    0.0000   45.0000    0.0000 2241.9595   20.4218
    7.5000   45.0000    0.0000 2227.9675   20.5327
   -7.5000  -45.0000    7.5000 2462.3479   17.3933
    0.0000  -45.0000    7.5000 2482.7971   17.0813
    7.5000  -45.0000    7.5000 2476.0544   17.3257
   -7.5000  -37.5000    7.5000 2592.3064   15.7314
    0.0000  -37.5000    7.5000 2618.9819   15.4085
    7.5000  -37.5000    7.5000 2607.0667   15.6410
   -7.5000  -30.0000    7.5000 2708.4590   14.5036
    0.0000  -30.0000    7.5000 2736.3071   14.1447
    7.5000  -30.0000    7.5000 2724.4285   14.3618
   -7.5000  -22.5000    7.5000 2809.4673   13.6752
    0.0000  -22.5000    7.5000 2844.2549   13.3219
    7.5000  -22.5000    7.5000 2830.3308   13.5228
   -7.5000  -15.0000    7.5000 2878.3274   13.2179
    0.0000  -15.0000    7.5000 2921.6123   12.8643
    7.5000  -15.0000    7.5000 2903.2085   13.0476
   -7.5000   -7.5000    7.5000 2919.2856   13.0526
    0.0000   -7.5000    7.5000 2972.0828   12.6905
    7.5000   -7.5000    7.5000 2940.5186   12.9268
   -7.5000    0.0000    7.5000 2912.7241   13.1784
    0.0000    0.0000    7.5000 2963.4573   12.8093
    7.5000    0.0000    7.5000 2927.9536   13.0720
   -7.5000    7.5000    7.5000 2863.9741   13.6209
    0.0000    7.5000    7.5000 2909.3147   13.2670
    7.5000    7.5000    7.5000 2883.2246   13.5100
   -7.5000   15.0000    7.5000 2783.9800   14.2815
    0.0000   15.0000    7.5000 2821.5525   13.9860
    7.5000   15.0000    7.5000 2796.6365   14.1795
   -7.5000   22.5000    7.5000 2671.0227   15.1636
    0.0000   22.5000    7.5000 2709.0994   14.9010
    7.5000   22.5000    7.5000 2681.8379   15.0461
   -7.5000   30.0000    7.5000 2536.8940   16.3790
    0.0000   30.0000    7.5000 2567.4019   16.1010
    7.5000   30.0000    7.5000 2544.3308   16.2427
   -7.5000   37.5000    7.5000 2387.1035   18.0385
    0.0000   37.5000    7.5000 2415.7061   17.7422
    7.5000   37.5000    7.5000 2394.8474   17.8981
   -7.5000   45.0000    7.5000 2235.8374   20.3217
    0.0000   45.0000    7.5000 2258.5056   19.9826
    7.5000   45.0000    7.5000 2241.7454   20.1031
   -7.5000  -45.0000   15.0000 2450.9849   17.4342
    0.0000  -45.0000   15.0000 2470.5398   17.0964
    7.5000  -45.0000   15.0000 2465.7029   17.3396
   -7.5000  -37.5000   15.0000 2577.4573   15.7400
    0.0000  -37.5000   15.0000 2600.3262   15.4029
    7.5000  -37.5000   15.0000 2594.4597   15.6298
   -7.5000  -30.0000   15.0000 2693.3228   14.4590
    0.0000  -30.0000   15.0000 2722.2351   14.1125
    7.5000  -30.0000   15.0000 2712.4141   14.3426
   -7.5000  -22.5000   15.0000 2806.4570   13.6048
    0.0000  -22.5000   15.0000 2840.2651   13.2227
    7.5000  -22.5000   15.0000 2829.6169   13.4591
   -7.5000  -15.0000   15.0000 2884.4644   13.1213
    0.0000  -15.0000   15.0000 2926.1924   12.7292
    7.5000  -15.0000   15.0000 2910.9045   12.9833
   -7.5000   -7.5000   15.0000 2931.4487   12.9725
    0.0000   -7.5000   15.0000 2983.8799   12.5633
    7.5000   -7.5000   15.0000 2955.4270   12.8513
   -7.5000    0.0000   15.0000 2923.8372   13.1405
    0.0000    0.0000   15.0000 2974.0066   12.7487
    7.5000    0.0000   15.0000 2943.2944   13.0404
   -7.5000    7.5000   15.0000 2872.0061   13.5529
    0.0000    7.5000   15.0000 2918.9482   13.2010
    7.5000    7.5000   15.0000 2890.3645   13.4354
   -7.5000   15.0000   15.0000 2784.0820   14.2094
    0.0000   15.0000   15.0000 2819.5137   13.8895
    7.5000   15.0000   15.0000 2793.7766   14.0555
   -7.5000   22.5000   15.0000 2670.0466   15.1227
    0.0000   22.5000   15.0000 2704.2974   14.8388
    7.5000   22.5000   15.0000 2677.1533   14.9565
   -7.5000   30.0000   15.0000 2530.6670   16.3557
    0.0000   30.0000   15.0000 2559.4683   16.0938
    7.5000   30.0000   15.0000 2538.8618   16.1987
   -7.5000   37.5000   15.0000 2381.8003   17.9815
    0.0000   37.5000   15.0000 2405.0859   17.7226
    7.5000   37.5000   15.0000 2392.3633   17.8408
   -7.5000   45.0000   15.0000 2226.8550   20.1634
    0.0000   45.0000   15.0000 2247.7864   19.8629
    7.5000   45.0000   15.0000 2234.5264   19.9586
   -7.5000  -45.0000   22.5000 2431.0688   17.6843
    0.0000  -45.0000   22.5000 2454.0916   17.3712
    7.5000  -45.0000   22.5000 2446.8743   17.5961
   -7.5000  -37.5000   22.5000 2553.8799   15.9563
    0.0000  -37.5000   22.5000 2578.5251   15.6420
    7.5000  -37.5000   22.5000 2569.3857   15.8496
   -7.5000  -30.0000   22.5000 2667.7954   14.6644
    0.0000  -30.0000   22.5000 2696.6926   14.3417
    7.5000  -30.0000   22.5000 2686.1360   14.5485
   -7.5000  -22.5000   22.5000 2775.3398   13.7574
    0.0000  -22.5000   22.5000 2811.4680   13.4095
    7.5000  -22.5000   22.5000 2797.6694   13.6521
   -7.5000  -15.0000   22.5000 2855.2842   13.2826
    0.0000  -15.0000   22.5000 2899.3923   12.9302
    7.5000  -15.0000   22.5000 2879.4697   13.1464
   -7.5000   -7.5000   22.5000 2905.5652   13.1448
    0.0000   -7.5000   22.5000 2955.2605   12.7666
    7.5000   -7.5000   22.5000 2926.0396   13.0402
   -7.5000    0.0000   22.5000 2899.5649   13.3589
    0.0000    0.0000   22.5000 2948.2908   13.0448
    7.5000    0.0000   22.5000 2921.5164   13.2358
   -7.5000    7.5000   22.5000 2848.8364   13.7757
    0.0000    7.5000   22.5000 2892.8599   13.5135
    7.5000    7.5000   22.5000 2865.9800   13.6398
   -7.5000   15.0000   22.5000 2759.7314   14.3901
    0.0000   15.0000   22.5000 2792.2908   14.1469
    7.5000   15.0000   22.5000 2765.8171   14.2416
   -7.5000   22.5000   22.5000 2643.1272   15.2714
    0.0000   22.5000   22.5000 2679.7346   15.0142
    7.5000   22.5000   22.5000 2649.2339   15.0880
   -7.5000   30.0000   22.5000 2508.7229   16.5238
    0.0000   30.0000   22.5000 2536.4919   16.2461
    7.5000   30.0000   22.5000 2517.5012   16.3030
   -7.5000   37.5000   22.5000 2362.3235   18.1634
    0.0000   37.5000   22.5000 2382.8804   17.9035
    7.5000   37.5000   22.5000 2371.4155   17.9583
   -7.5000   45.0000   22.5000 2204.9478   20.3247
    0.0000   45.0000   22.5000 2223.3206   20.0297
    7.5000   45.0000   22.5000 2212.6570   20.0951
   -7.5000  -45.0000   30.0000 2399.3374   18.2133
    0.0000  -45.0000   30.0000 2423.3975   17.9303
    7.5000  -45.0000   30.0000 2413.9441   18.1097
   -7.5000  -37.5000   30.0000 2519.5688   16.4413
    0.0000  -37.5000   30.0000 2545.3374   16.1506
    7.5000  -37.5000   30.0000 2531.9575   16.3347
   -7.5000  -30.0000   30.0000 2629.8213   15.1295
    0.0000  -30.0000   30.0000 2659.7214   14.8387
    7.5000  -30.0000   30.0000 2644.9771   15.0251
   -7.5000  -22.5000   30.0000 2730.0146   14.2257
    0.0000  -22.5000   30.0000 2763.7759   13.9235
    7.5000  -22.5000   30.0000 2747.3450   14.1022
   -7.5000  -15.0000   30.0000 2805.7695   13.7063
    0.0000  -15.0000   30.0000 2842.0813   13.3777
    7.5000  -15.0000   30.0000 2827.9102   13.5726
   -7.5000   -7.5000   30.0000 2854.0898   13.5851
    0.0000   -7.5000   30.0000 2892.0789   13.2459
    7.5000   -7.5000   30.0000 2873.4531   13.4501
   -7.5000    0.0000   30.0000 2851.8076   13.7868
    0.0000    0.0000   30.0000 2887.8811   13.4979
    7.5000    0.0000   30.0000 2869.3489   13.6359
   -7.5000    7.5000   30.0000 2800.3481   14.2218
    0.0000    7.5000   30.0000 2832.8923   13.9557
    7.5000    7.5000   30.0000 2813.4795   14.0702
   -7.5000   15.0000   30.0000 2704.1101   14.8731
    0.0000   15.0000   30.0000 2734.1545   14.5911
    7.5000   15.0000   30.0000 2713.4543   14.7136
   -7.5000   22.5000   30.0000 2592.3540   15.7553
    0.0000   22.5000   30.0000 2621.1719   15.4738
    7.5000   22.5000   30.0000 2596.8564   15.5985
   -7.5000   30.0000   30.0000 2465.5510   16.9771
    0.0000   30.0000   30.0000 2492.5654   16.7440
    7.5000   30.0000   30.0000 2470.5249   16.7958
   -7.5000   37.5000   30.0000 2323.2405   18.6123
    0.0000   37.5000   30.0000 2346.5698   18.3837
    7.5000   37.5000   30.0000 2331.7012   18.4300
   -7.5000   45.0000   30.0000 2169.6582   20.7139
    0.0000   45.0000   30.0000 2186.8430   20.4582
    7.5000   45.0000   30.0000 2180.1204   20.5454
   -7.5000  -45.0000   37.5000 2360.5708   19.0509
    0.0000  -45.0000   37.5000 2378.6199   18.7944
    7.5000  -45.0000   37.5000 2366.8438   18.9341
   -7.5000  -37.5000   37.5000 2477.1890   17.2377
    0.0000  -37.5000   37.5000 2495.5398   16.9792
    7.5000  -37.5000   37.5000 2482.3308   17.1233
   -7.5000  -30.0000   37.5000 2576.6008   15.9082
    0.0000  -30.0000   37.5000 2603.4434   15.6439
    7.5000  -30.0000   37.5000 2589.0750   15.7867
   -7.5000  -22.5000   37.5000 2666.5010   14.9781
    0.0000  -22.5000   37.5000 2695.2961   14.7069
    7.5000  -22.5000   37.5000 2680.1179   14.8419
   -7.5000  -15.0000   37.5000 2741.6328   14.3976
    0.0000  -15.0000   37.5000 2780.5100   14.0999
    7.5000  -15.0000   37.5000 2757.7969   14.2663
   -7.5000   -7.5000   37.5000 2781.1934   14.2532
    0.0000   -7.5000   37.5000 2814.6003   13.9912
    7.5000   -7.5000   37.5000 2794.8022   14.1284
   -7.5000    0.0000   37.5000 2778.8745   14.4406
    0.0000    0.0000   37.5000 2809.6912   14.1811
    7.5000    0.0000   37.5000 2789.4985   14.2718
   -7.5000    7.5000   37.5000 2727.4653   14.8901
    0.0000    7.5000   37.5000 2754.6951   14.6238
    7.5000    7.5000   37.5000 2732.8108   14.7063
   -7.5000   15.0000   37.5000 2634.1941   15.5684
    0.0000   15.0000   37.5000 2662.3328   15.2895
    7.5000   15.0000   37.5000 2645.5410   15.3915
   -7.5000   22.5000   37.5000 2525.4448   16.4877
    0.0000   22.5000   37.5000 2551.2107   16.1663
    7.5000   22.5000   37.5000 2532.8987   16.2991
   -7.5000   30.0000   37.5000 2411.3037   17.6855
    0.0000   30.0000   37.5000 2434.1750   17.4161
    7.5000   30.0000   37.5000 2414.3491   17.5298
   -7.5000   37.5000   37.5000 2278.7231   19.2936
    0.0000   37.5000   37.5000 2296.2119   19.0636
    7.5000   37.5000   37.5000 2280.5957   19.1476
   -7.5000   45.0000   37.5000 2123.9705   21.4276
    0.0000   45.0000   37.5000 2142.5427   21.1384
    7.5000   45.0000   37.5000 2129.2417   21.2188
   -7.5000  -45.0000   45.0000 2301.9062   20.1877
    0.0000  -45.0000   45.0000 2315.8376   20.0032
    7.5000  -45.0000   45.0000 2304.9517   20.1178
   -7.5000  -37.5000   45.0000 2410.7087   18.3181
    0.0000  -37.5000   45.0000 2427.7129   18.1130
    7.5000  -37.5000   45.0000 2415.4407   18.2390
   -7.5000  -30.0000   45.0000 2506.9941   16.9449
    0.0000  -30.0000   45.0000 2532.7971   16.7460
    7.5000  -30.0000   45.0000 2515.3542   16.8374
   -7.5000  -22.5000   45.0000 2592.1904   15.9535
    0.0000  -22.5000   45.0000 2624.9580   15.7460
    7.5000  -22.5000   45.0000 2604.5691   15.8278
   -7.5000  -15.0000   45.0000 2661.3477   15.3272
    0.0000  -15.0000   45.0000 2697.5195   15.0892
    7.5000  -15.0000   45.0000 2670.2668   15.1790
   -7.5000   -7.5000   45.0000 2699.4780   15.1274
    0.0000   -7.5000   45.0000 2729.7207   14.8840
    7.5000   -7.5000   45.0000 2707.1338   14.9723
   -7.5000    0.0000   45.0000 2690.1475   15.2706
    0.0000    0.0000   45.0000 2719.8030   15.0318
    7.5000    0.0000   45.0000 2697.5486   15.1075
   -7.5000    7.5000   45.0000 2635.5564   15.7328
    0.0000    7.5000   45.0000 2660.5259   15.4812
    7.5000    7.5000   45.0000 2641.3022   15.5575
   -7.5000   15.0000   45.0000 2552.3567   16.4445
    0.0000   15.0000   45.0000 2577.7864   16.2004
    7.5000   15.0000   45.0000 2561.5833   16.2849
   -7.5000   22.5000   45.0000 2451.9409   17.3876
    0.0000   22.5000   45.0000 2475.2209   17.1106
    7.5000   22.5000   45.0000 2462.4473   17.2083
   -7.5000   30.0000   45.0000 2340.8423   18.6012
    0.0000   30.0000   45.0000 2358.6899   18.3395
    7.5000   30.0000   45.0000 2346.3516   18.4532
   -7.5000   37.5000   45.0000 2217.8699   20.2191
    0.0000   37.5000   45.0000 2231.3511   19.9712
    7.5000   37.5000   45.0000 2218.3142   20.0973
   -7.5000   45.0000   45.0000 2075.4731   22.3944
    0.0000   45.0000   45.0000 2088.1306   22.1251
    7.5000   45.0000   45.0000 2078.2405   22.2609

---------------------------------------------------------------------
imgreg_4dfp /opt/freesurfer/average/711-2C_as_mni_average_305 /opt/freesurfer/average/711-2B_as_mni_average_305_mask talsrcimg_g11 none talsrcimg_to_711-2C_as_mni_average_305_t4 1283
---------------------------------------------------------------------

freesurfer imgreg_4dfp.c
/opt/freesurfer/average/711-2C_as_mni_average_305.4dfp.img
       256       256       256         1
  1.000000  1.000000  1.000000
orientation T byte_order littleendian
Reading image: /opt/freesurfer/average/711-2C_as_mni_average_305.4dfp.img
dimensions:      256       256       256
mmppix:       1.0000   -1.0000   -1.0000
center:     128.0000 -129.0000 -129.0000
/opt/freesurfer/average/711-2B_as_mni_average_305_mask.4dfp.img
       256       256       256         1
  1.000000  1.000000  1.000000
orientation T byte_order littleendian
Reading mask: /opt/freesurfer/average/711-2B_as_mni_average_305_mask.4dfp.img (2306576 pixels)
talsrcimg_g11.4dfp.img
       256       256       256         1
  1.000000  1.000000  1.000000
orientation T byte_order littleendian
Reading image: talsrcimg_g11.4dfp.img
dimensions:      256       256       256
mmppix:       1.0000   -1.0000   -1.0000
center:     128.0000 -129.0000 -129.0000
rotation matrix determinant  1.000000
fimgreg.f
image alignment mode   1283 decimal      503 hex
parameters
    0.0000   -7.5000   15.0000    0.0000    0.0000    0.0000
eta,q 0.93621 12.55341
niter,ni,del,rscale     5    3   12.0000    1.2000
parameter  2 -1.284935 -> -0.500000 qaram    1.1500
parameter  4-62.603752 ->  0.500000 qaram    1.1500
parameters
    1.2775   -4.0500   15.5862   -3.4500    1.6925    0.3701
eta,q 0.94372 12.43742
  0.0767  0.0768  0.0639  0.0554  0.0637  0.0592
  0.0712  0.0722  0.0627  0.0564  0.0606  0.0574
  0.0673  0.0687  0.0611  0.0586  0.0583  0.0564
  0.0660  0.0654  0.0613  0.0612  0.0569  0.0562
  0.0657  0.0627  0.0613  0.0627  0.0561  0.0567
  0.0662  0.0607  0.0610  0.0646  0.0566  0.0574
  0.0703  0.0604  0.0634  0.0663  0.0590  0.0582
niter,ni,del,rscale     6    3   12.0000    1.2000
parameter  4  0.751117 ->  0.500000 qaram    1.3225
parameters
    0.6472   -2.1230   14.0979   -7.4175    2.3659    1.0108
eta,q 0.94943 12.38783
  0.0643  0.0709  0.0567  0.0517  0.0577  0.0547
  0.0600  0.0650  0.0546  0.0506  0.0545  0.0524
  0.0572  0.0607  0.0533  0.0509  0.0521  0.0508
  0.0563  0.0563  0.0542  0.0534  0.0506  0.0503
  0.0580  0.0541  0.0556  0.0577  0.0505  0.0513
  0.0623  0.0556  0.0581  0.0618  0.0523  0.0521
  0.0693  0.0618  0.0623  0.0656  0.0555  0.0527
niter,ni,del,rscale     6    3   12.0000    1.2000
parameters
    0.4875   -1.6371   13.0423   -8.8739    2.2406    1.4275
eta,q 0.94962 12.38187
  0.0614  0.0647  0.0549  0.0546  0.0558  0.0533
  0.0572  0.0585  0.0521  0.0528  0.0531  0.0519
  0.0526  0.0535  0.0505  0.0507  0.0510  0.0506
  0.0506  0.0506  0.0503  0.0501  0.0503  0.0503
  0.0522  0.0506  0.0524  0.0512  0.0512  0.0511
  0.0565  0.0556  0.0555  0.0560  0.0533  0.0516
  0.0640  0.0620  0.0590  0.0614  0.0564  0.0523
niter,ni,del,rscale     5    3   12.0000    1.2000
parameters
    0.4725   -1.3026   12.4289   -9.9232    2.2764    2.0467
eta,q 0.94918 12.38045
  0.0612  0.0640  0.0556  0.0541  0.0563  0.0533
  0.0570  0.0573  0.0519  0.0531  0.0536  0.0521
  0.0524  0.0522  0.0508  0.0514  0.0515  0.0509
  0.0504  0.0504  0.0504  0.0505  0.0507  0.0507
  0.0522  0.0516  0.0515  0.0506  0.0515  0.0512
  0.0555  0.0563  0.0546  0.0536  0.0535  0.0514
  0.0625  0.0612  0.0575  0.0591  0.0562  0.0523
niter,ni,del,rscale     4    3   12.0000    1.2000
parameters
    0.4195   -1.1149   11.9226  -10.8393    2.5080    2.4824
eta,q 0.94892 12.38139
  0.0612  0.0633  0.0563  0.0537  0.0570  0.0533
  0.0567  0.0565  0.0520  0.0530  0.0543  0.0521
  0.0525  0.0516  0.0507  0.0516  0.0521  0.0510
  0.0508  0.0508  0.0509  0.0509  0.0510  0.0510
  0.0526  0.0527  0.0517  0.0508  0.0516  0.0512
  0.0557  0.0568  0.0546  0.0527  0.0537  0.0515
  0.0625  0.0608  0.0575  0.0576  0.0563  0.0527
niter,ni,del,rscale     3    3   12.0000    1.2000
parameters
    0.2965   -0.8962   11.5982  -11.5485    2.8149    2.3928
eta,q 0.94889 12.39262
  0.0614  0.0629  0.0570  0.0536  0.0574  0.0531
  0.0564  0.0563  0.0527  0.0528  0.0546  0.0518
  0.0525  0.0513  0.0508  0.0517  0.0523  0.0510
  0.0511  0.0511  0.0512  0.0511  0.0512  0.0511
  0.0526  0.0532  0.0519  0.0511  0.0516  0.0513
  0.0560  0.0564  0.0545  0.0523  0.0537  0.0519
  0.0630  0.0601  0.0577  0.0563  0.0564  0.0532
niter,ni,del,rscale     2    3   12.0000    1.2000
parameters
    0.1187   -0.6196   11.4156  -12.0834    3.1071    1.9239
eta,q 0.94903 12.40535
  0.0614  0.0625  0.0574  0.0536  0.0572  0.0529
  0.0561  0.0561  0.0534  0.0523  0.0545  0.0516
  0.0524  0.0514  0.0510  0.0515  0.0523  0.0508
  0.0511  0.0511  0.0513  0.0512  0.0512  0.0511
  0.0526  0.0532  0.0521  0.0513  0.0515  0.0515
  0.0563  0.0559  0.0543  0.0520  0.0536  0.0522
  0.0633  0.0596  0.0577  0.0552  0.0564  0.0532
niter,ni,del,rscale     1    3   12.0000    1.2000
parameters
   -0.1123   -0.3372   11.2499  -12.5691    3.4210    1.2187
eta,q 0.94940 12.41986
  0.0612  0.0619  0.0575  0.0535  0.0568  0.0525
  0.0559  0.0559  0.0536  0.0519  0.0544  0.0515
  0.0520  0.0516  0.0509  0.0511  0.0523  0.0505
  0.0510  0.0509  0.0511  0.0510  0.0509  0.0508
  0.0527  0.0528  0.0522  0.0516  0.0511  0.0515
  0.0565  0.0555  0.0544  0.0519  0.0533  0.0522
  0.0633  0.0593  0.0578  0.0546  0.0561  0.0532
registration optimization eta report
parameter search radius
    6.0000    6.9000    6.0000    7.9350    6.0000    6.0000
100000*second partial in parameter space
       31.       20.       19.        5.       15.        6.
  0.0612  0.0619  0.0575  0.0535  0.0568  0.0525
  0.0559  0.0559  0.0536  0.0519  0.0544  0.0515
  0.0520  0.0516  0.0509  0.0511  0.0523  0.0505
  0.0510  0.0509  0.0511  0.0510  0.0509  0.0508
  0.0527  0.0528  0.0522  0.0516  0.0511  0.0515
  0.0565  0.0555  0.0544  0.0519  0.0533  0.0522
  0.0633  0.0593  0.0578  0.0546  0.0561  0.0532
   -0.1123   -0.3372   11.2499  -12.5691    3.4210    1.2187
eta,q 0.94940 12.41986

---------------------------------------------------------------------
imgreg_4dfp /opt/freesurfer/average/711-2C_as_mni_average_305 /opt/freesurfer/average/711-2B_as_mni_average_305_mask talsrcimg_g11 none talsrcimg_to_711-2C_as_mni_average_305_t4 3335
---------------------------------------------------------------------

freesurfer imgreg_4dfp.c
/opt/freesurfer/average/711-2C_as_mni_average_305.4dfp.img
       256       256       256         1
  1.000000  1.000000  1.000000
orientation T byte_order littleendian
Reading image: /opt/freesurfer/average/711-2C_as_mni_average_305.4dfp.img
dimensions:      256       256       256
mmppix:       1.0000   -1.0000   -1.0000
center:     128.0000 -129.0000 -129.0000
/opt/freesurfer/average/711-2B_as_mni_average_305_mask.4dfp.img
       256       256       256         1
  1.000000  1.000000  1.000000
orientation T byte_order littleendian
Reading mask: /opt/freesurfer/average/711-2B_as_mni_average_305_mask.4dfp.img (2306576 pixels)
talsrcimg_g11.4dfp.img
       256       256       256         1
  1.000000  1.000000  1.000000
orientation T byte_order littleendian
Reading image: talsrcimg_g11.4dfp.img
dimensions:      256       256       256
mmppix:       1.0000   -1.0000   -1.0000
center:     128.0000 -129.0000 -129.0000
fimgreg.f
image alignment mode   3335 decimal      D07 hex
parameters
   -0.1123   -0.3372   11.2499   -0.2008   -2.3910   -2.5705
   -0.7776   -6.2858    2.1231   21.6329    5.9673  -21.7229
eta,q 0.94833 12.56510
niter,ni,del,rscale     5    3    5.0000    1.2000
parameter  2 -0.589472 -> -0.500000 qaram    1.1500
parameter  4  1.293786 ->  0.500000 qaram    1.1500
parameter  5  3.031229 ->  0.500000 qaram    1.1500
parameter  6  1.874323 ->  0.500000 qaram    1.1500
parameter 10  0.574573 ->  0.500000 qaram    1.1500
parameters
   -0.4710    1.0428   11.3129   -4.3408   -6.5310   -6.7105
   -0.5853   -5.8826    2.2472   17.4929    3.9412  -24.9574
eta,q 0.96204 11.90296
  0.0533  0.0539  0.0524  0.0470  0.0414  0.0375  0.0410  0.0433  0.0402  0.0387  0.0388  0.0382
  0.0522  0.0529  0.0517  0.0478  0.0433  0.0385  0.0399  0.0412  0.0395  0.0382  0.0383  0.0380
  0.0517  0.0521  0.0513  0.0491  0.0455  0.0407  0.0392  0.0397  0.0391  0.0383  0.0381  0.0380
  0.0517  0.0516  0.0512  0.0513  0.0481  0.0439  0.0390  0.0390  0.0390  0.0390  0.0382  0.0381
  0.0522  0.0513  0.0514  0.0542  0.0509  0.0473  0.0392  0.0393  0.0391  0.0401  0.0386  0.0384
  0.0532  0.0512  0.0517  0.0577  0.0540  0.0509  0.0398  0.0407  0.0394  0.0417  0.0394  0.0389
  0.0546  0.0514  0.0521  0.0613  0.0574  0.0549  0.0408  0.0424  0.0401  0.0437  0.0404  0.0395
niter,ni,del,rscale     7    3    5.0000    1.2000
parameter  5  1.642585 ->  0.500000 qaram    1.3225
parameter  6  0.572214 ->  0.500000 qaram    1.3225
parameter 10 -0.760712 -> -0.500000 qaram    1.3225
parameters
   -0.3584    1.9846   10.3939   -6.9820  -11.2920  -11.4715
   -0.6591   -5.1580    2.7455   22.2539    3.7625  -26.5490
eta,q 0.96793 11.49615
  0.0409  0.0411  0.0382  0.0390  0.0324  0.0331  0.0349  0.0363  0.0345  0.0373  0.0329  0.0326
  0.0394  0.0397  0.0375  0.0378  0.0335  0.0331  0.0340  0.0347  0.0338  0.0356  0.0325  0.0323
  0.0384  0.0386  0.0374  0.0371  0.0350  0.0334  0.0334  0.0337  0.0333  0.0342  0.0322  0.0321
  0.0380  0.0380  0.0377  0.0374  0.0371  0.0339  0.0332  0.0332  0.0331  0.0331  0.0321  0.0321
  0.0382  0.0377  0.0384  0.0389  0.0397  0.0361  0.0334  0.0332  0.0332  0.0324  0.0322  0.0324
  0.0390  0.0379  0.0393  0.0417  0.0426  0.0399  0.0340  0.0340  0.0336  0.0321  0.0325  0.0328
  0.0404  0.0386  0.0404  0.0456  0.0460  0.0448  0.0350  0.0353  0.0342  0.0323  0.0330  0.0334
niter,ni,del,rscale     7    3    5.0000    1.2000
parameter  2 -0.972764 -> -0.500000 qaram    1.3225
parameter  5  1.349145 ->  0.500000 qaram    1.5209
parameter 12  0.602654 ->  0.500000 qaram    1.1500
parameters
   -0.1256    3.5716    9.3708   -6.8152  -16.7671  -14.7411
   -0.3823   -4.7411    3.0796   26.0157    3.1577  -30.6890
eta,q 0.97424 11.22029
  0.0348  0.0374  0.0308  0.0334  0.0259  0.0279  0.0289  0.0299  0.0286  0.0324  0.0268  0.0260
  0.0334  0.0353  0.0305  0.0322  0.0267  0.0270  0.0278  0.0283  0.0277  0.0299  0.0264  0.0258
  0.0325  0.0335  0.0304  0.0311  0.0282  0.0268  0.0271  0.0273  0.0270  0.0280  0.0262  0.0258
  0.0321  0.0320  0.0306  0.0304  0.0304  0.0271  0.0268  0.0268  0.0268  0.0268  0.0261  0.0261
  0.0322  0.0310  0.0311  0.0304  0.0330  0.0277  0.0269  0.0269  0.0269  0.0262  0.0263  0.0267
  0.0328  0.0305  0.0318  0.0314  0.0363  0.0306  0.0276  0.0278  0.0274  0.0264  0.0266  0.0274
  0.0339  0.0304  0.0328  0.0338  0.0401  0.0350  0.0286  0.0293  0.0283  0.0275  0.0271  0.0283
niter,ni,del,rscale     7    3    5.0000    1.2000
parameter  2 -0.677558 -> -0.500000 qaram    1.5209
parameter  5  0.687040 ->  0.500000 qaram    1.7490
parameters
    0.0043    5.3967    8.6870   -7.1008  -23.0636  -14.5276
   -0.0619   -4.6604    3.1106   28.5684    2.3067  -34.4094
eta,q 0.97875 11.01110
  0.0287  0.0336  0.0247  0.0266  0.0225  0.0259  0.0242  0.0254  0.0241  0.0286  0.0222  0.0218
  0.0271  0.0305  0.0242  0.0254  0.0218  0.0238  0.0230  0.0235  0.0229  0.0255  0.0218  0.0214
  0.0261  0.0279  0.0240  0.0245  0.0224  0.0225  0.0222  0.0223  0.0221  0.0232  0.0216  0.0213
  0.0258  0.0258  0.0241  0.0240  0.0240  0.0219  0.0219  0.0218  0.0218  0.0218  0.0216  0.0216
  0.0260  0.0244  0.0245  0.0240  0.0267  0.0219  0.0220  0.0222  0.0221  0.0216  0.0217  0.0223
  0.0268  0.0241  0.0253  0.0252  0.0303  0.0228  0.0227  0.0234  0.0229  0.0222  0.0221  0.0233
  0.0281  0.0247  0.0264  0.0276  0.0345  0.0262  0.0239  0.0253  0.0240  0.0239  0.0226  0.0246
niter,ni,del,rscale     7    3    5.0000    1.2000
parameters
    0.0463    5.8654    8.2563   -6.6117  -24.7218  -14.6995
    0.1087   -4.6766    3.1029   29.6295    1.7742  -35.6844
eta,q 0.97903 10.98524
  0.0244  0.0285  0.0220  0.0243  0.0254  0.0250  0.0234  0.0248  0.0231  0.0263  0.0217  0.0220
  0.0227  0.0249  0.0215  0.0229  0.0229  0.0230  0.0222  0.0227  0.0220  0.0236  0.0213  0.0214
  0.0216  0.0225  0.0212  0.0218  0.0214  0.0216  0.0214  0.0214  0.0213  0.0218  0.0210  0.0211
  0.0213  0.0213  0.0211  0.0211  0.0210  0.0210  0.0210  0.0210  0.0210  0.0210  0.0210  0.0210
  0.0216  0.0214  0.0215  0.0210  0.0222  0.0207  0.0213  0.0215  0.0213  0.0211  0.0211  0.0212
  0.0226  0.0230  0.0221  0.0220  0.0248  0.0223  0.0220  0.0228  0.0220  0.0222  0.0215  0.0219
  0.0242  0.0255  0.0230  0.0241  0.0289  0.0263  0.0232  0.0248  0.0231  0.0244  0.0220  0.0230
niter,ni,del,rscale     6    3    5.0000    1.2000
parameters
    0.0827    6.0520    8.0254   -6.5040  -25.0877  -14.9417
    0.1644   -4.6336    3.2140   29.9852    1.6155  -36.1551
eta,q 0.97901 10.97848
  0.0241  0.0270  0.0220  0.0241  0.0262  0.0250  0.0233  0.0248  0.0231  0.0255  0.0218  0.0222
  0.0224  0.0238  0.0214  0.0227  0.0235  0.0230  0.0221  0.0228  0.0220  0.0230  0.0213  0.0216
  0.0214  0.0218  0.0210  0.0216  0.0217  0.0216  0.0213  0.0214  0.0213  0.0215  0.0211  0.0212
  0.0210  0.0210  0.0210  0.0209  0.0209  0.0209  0.0210  0.0210  0.0210  0.0210  0.0210  0.0210
  0.0213  0.0215  0.0212  0.0210  0.0215  0.0206  0.0212  0.0215  0.0212  0.0213  0.0211  0.0211
  0.0223  0.0232  0.0217  0.0221  0.0236  0.0223  0.0220  0.0227  0.0219  0.0225  0.0214  0.0217
  0.0239  0.0258  0.0225  0.0245  0.0272  0.0265  0.0232  0.0247  0.0230  0.0250  0.0219  0.0226
niter,ni,del,rscale     5    3    5.0000    1.2000
parameters
    0.1064    6.1272    7.9201   -6.4720  -25.2372  -15.0634
    0.1712   -4.6094    3.2698   30.1309    1.5482  -36.3177
eta,q 0.97898 10.97388
  0.0241  0.0266  0.0222  0.0241  0.0263  0.0251  0.0233  0.0248  0.0231  0.0253  0.0219  0.0222
  0.0224  0.0236  0.0215  0.0227  0.0236  0.0230  0.0221  0.0228  0.0220  0.0229  0.0214  0.0217
  0.0214  0.0217  0.0211  0.0217  0.0218  0.0217  0.0213  0.0214  0.0213  0.0215  0.0211  0.0212
  0.0210  0.0210  0.0210  0.0210  0.0210  0.0210  0.0210  0.0210  0.0210  0.0210  0.0210  0.0210
  0.0213  0.0216  0.0212  0.0211  0.0215  0.0206  0.0213  0.0215  0.0212  0.0213  0.0211  0.0211
  0.0224  0.0234  0.0216  0.0222  0.0234  0.0222  0.0221  0.0228  0.0219  0.0226  0.0214  0.0216
  0.0240  0.0261  0.0224  0.0246  0.0269  0.0264  0.0233  0.0247  0.0230  0.0251  0.0219  0.0225
niter,ni,del,rscale     4    3    5.0000    1.2000
parameters
    0.1167    6.1597    7.8742   -6.4518  -25.2995  -15.1218
    0.1734   -4.6006    3.2990   30.1927    1.5290  -36.3840
eta,q 0.97897 10.97195
  0.0241  0.0264  0.0222  0.0241  0.0263  0.0251  0.0233  0.0248  0.0230  0.0252  0.0219  0.0223
  0.0224  0.0235  0.0215  0.0228  0.0237  0.0231  0.0221  0.0228  0.0220  0.0228  0.0214  0.0217
  0.0214  0.0216  0.0211  0.0217  0.0219  0.0217  0.0213  0.0214  0.0213  0.0215  0.0211  0.0212
  0.0210  0.0210  0.0210  0.0210  0.0210  0.0210  0.0210  0.0210  0.0210  0.0210  0.0210  0.0210
  0.0214  0.0217  0.0212  0.0211  0.0215  0.0206  0.0213  0.0215  0.0213  0.0214  0.0211  0.0211
  0.0224  0.0235  0.0216  0.0223  0.0234  0.0222  0.0221  0.0228  0.0219  0.0226  0.0214  0.0216
  0.0240  0.0261  0.0223  0.0246  0.0268  0.0263  0.0233  0.0248  0.0230  0.0252  0.0219  0.0225
niter,ni,del,rscale     3    3    5.0000    1.2000
parameters
    0.1205    6.1746    7.8542   -6.4452  -25.3300  -15.1422
    0.1731   -4.5982    3.3104   30.2179    1.5083  -36.4096
eta,q 0.97896 10.97094
  0.0241  0.0264  0.0223  0.0241  0.0263  0.0251  0.0233  0.0248  0.0230  0.0252  0.0219  0.0223
  0.0224  0.0235  0.0216  0.0228  0.0237  0.0231  0.0221  0.0228  0.0220  0.0228  0.0214  0.0217
  0.0214  0.0216  0.0212  0.0217  0.0219  0.0217  0.0213  0.0214  0.0213  0.0214  0.0211  0.0213
  0.0210  0.0210  0.0210  0.0210  0.0210  0.0210  0.0210  0.0210  0.0210  0.0210  0.0210  0.0210
  0.0214  0.0217  0.0212  0.0211  0.0215  0.0206  0.0213  0.0215  0.0213  0.0214  0.0211  0.0211
  0.0224  0.0235  0.0216  0.0223  0.0234  0.0221  0.0221  0.0228  0.0220  0.0227  0.0214  0.0216
  0.0241  0.0262  0.0223  0.0247  0.0268  0.0262  0.0233  0.0248  0.0230  0.0252  0.0219  0.0224
registration optimization eta report
parameter search radius
    2.4000    3.6501    2.4000    8.2800   12.5928    9.5220
    7.2000    7.2000    7.2000    9.5220    7.2000    8.2800
100000*second partial in parameter space
       53.       39.       22.        5.        3.        5.
        4.        7.        4.        5.        2.        2.
  0.0241  0.0264  0.0223  0.0241  0.0263  0.0251  0.0233  0.0248  0.0230  0.0252  0.0219  0.0223
  0.0224  0.0235  0.0216  0.0228  0.0237  0.0231  0.0221  0.0228  0.0220  0.0228  0.0214  0.0217
  0.0214  0.0216  0.0212  0.0217  0.0219  0.0217  0.0213  0.0214  0.0213  0.0214  0.0211  0.0213
  0.0210  0.0210  0.0210  0.0210  0.0210  0.0210  0.0210  0.0210  0.0210  0.0210  0.0210  0.0210
  0.0214  0.0217  0.0212  0.0211  0.0215  0.0206  0.0213  0.0215  0.0213  0.0214  0.0211  0.0211
  0.0224  0.0235  0.0216  0.0223  0.0234  0.0221  0.0221  0.0228  0.0220  0.0227  0.0214  0.0216
  0.0241  0.0262  0.0223  0.0247  0.0268  0.0262  0.0233  0.0248  0.0230  0.0252  0.0219  0.0224
    0.1205    6.1746    7.8542   -6.4452  -25.3300  -15.1422
    0.1731   -4.5982    3.3104   30.2179    1.5083  -36.4096
eta,q 0.97896 10.97094

---------------------------------------------------------------------
imgreg_4dfp /opt/freesurfer/average/711-2C_as_mni_average_305 /opt/freesurfer/average/711-2B_as_mni_average_305_mask talsrcimg_g11 none talsrcimg_to_711-2C_as_mni_average_305_t4 2311
---------------------------------------------------------------------

freesurfer imgreg_4dfp.c
/opt/freesurfer/average/711-2C_as_mni_average_305.4dfp.img
       256       256       256         1
  1.000000  1.000000  1.000000
orientation T byte_order littleendian
Reading image: /opt/freesurfer/average/711-2C_as_mni_average_305.4dfp.img
dimensions:      256       256       256
mmppix:       1.0000   -1.0000   -1.0000
center:     128.0000 -129.0000 -129.0000
/opt/freesurfer/average/711-2B_as_mni_average_305_mask.4dfp.img
       256       256       256         1
  1.000000  1.000000  1.000000
orientation T byte_order littleendian
Reading mask: /opt/freesurfer/average/711-2B_as_mni_average_305_mask.4dfp.img (2306576 pixels)
talsrcimg_g11.4dfp.img
       256       256       256         1
  1.000000  1.000000  1.000000
orientation T byte_order littleendian
Reading image: talsrcimg_g11.4dfp.img
dimensions:      256       256       256
mmppix:       1.0000   -1.0000   -1.0000
center:     128.0000 -129.0000 -129.0000
fimgreg.f
image alignment mode   2311 decimal      907 hex
parameters
    0.1205    6.1746    7.8542   -6.4452  -25.3300  -15.1422
    0.1731   -4.5982    3.3104   30.2179    1.5083  -36.4096
eta,q 0.97896 10.97093
niter,ni,del,rscale     5    3    5.0000    0.8000
parameters
    0.1152    6.1376    7.8471   -5.6720  -24.6535  -12.7506
    0.3314   -4.6799    3.5521   30.2471    1.4935  -36.6343
eta,q 0.97949 11.13424
  0.0224  0.0221  0.0216  0.0225  0.0220  0.0223  0.0217  0.0227  0.0216  0.0218  0.0211  0.0209
  0.0217  0.0215  0.0213  0.0219  0.0215  0.0217  0.0211  0.0215  0.0210  0.0211  0.0208  0.0207
  0.0212  0.0211  0.0211  0.0214  0.0212  0.0213  0.0207  0.0208  0.0207  0.0207  0.0206  0.0206
  0.0210  0.0210  0.0210  0.0210  0.0210  0.0209  0.0205  0.0205  0.0205  0.0205  0.0205  0.0205
  0.0212  0.0212  0.0211  0.0210  0.0210  0.0206  0.0206  0.0208  0.0206  0.0206  0.0206  0.0206
  0.0217  0.0216  0.0213  0.0212  0.0212  0.0205  0.0210  0.0216  0.0209  0.0210  0.0208  0.0208
  0.0224  0.0222  0.0216  0.0219  0.0216  0.0210  0.0215  0.0229  0.0214  0.0218  0.0211  0.0210
niter,ni,del,rscale     4    3    5.0000    0.7000
parameters
    0.0584    6.0280    7.9721   -5.8423  -24.2285  -13.1391
    0.3233   -4.7513    3.5169   30.2482    1.4667  -36.1606
eta,q 0.97946 11.12908
  0.0216  0.0213  0.0213  0.0215  0.0213  0.0214  0.0214  0.0222  0.0213  0.0214  0.0209  0.0210
  0.0210  0.0208  0.0208  0.0210  0.0209  0.0211  0.0209  0.0213  0.0209  0.0210  0.0207  0.0208
  0.0206  0.0206  0.0206  0.0206  0.0206  0.0208  0.0207  0.0207  0.0206  0.0207  0.0206  0.0206
  0.0205  0.0205  0.0205  0.0205  0.0205  0.0205  0.0205  0.0205  0.0205  0.0205  0.0205  0.0205
  0.0207  0.0207  0.0205  0.0206  0.0205  0.0205  0.0206  0.0208  0.0206  0.0206  0.0206  0.0205
  0.0211  0.0210  0.0207  0.0210  0.0207  0.0211  0.0209  0.0214  0.0209  0.0209  0.0207  0.0206
  0.0218  0.0216  0.0210  0.0218  0.0211  0.0222  0.0214  0.0223  0.0213  0.0215  0.0210  0.0208
niter,ni,del,rscale     3    3    5.0000    0.6000
parameters
    0.0554    6.0037    7.9630   -5.7065  -24.2143  -12.9888
    0.2956   -4.7256    3.5421   30.2228    1.5078  -36.1521
eta,q 0.97949 11.13931
  0.0214  0.0212  0.0210  0.0214  0.0210  0.0213  0.0211  0.0218  0.0211  0.0212  0.0208  0.0208
  0.0209  0.0208  0.0207  0.0210  0.0208  0.0210  0.0208  0.0211  0.0208  0.0208  0.0207  0.0206
  0.0206  0.0206  0.0206  0.0207  0.0206  0.0208  0.0206  0.0207  0.0206  0.0206  0.0206  0.0205
  0.0205  0.0205  0.0205  0.0205  0.0205  0.0205  0.0205  0.0205  0.0205  0.0205  0.0205  0.0205
  0.0206  0.0206  0.0206  0.0206  0.0206  0.0205  0.0206  0.0207  0.0206  0.0206  0.0205  0.0205
  0.0209  0.0209  0.0207  0.0208  0.0208  0.0207  0.0208  0.0211  0.0208  0.0208  0.0206  0.0206
  0.0214  0.0212  0.0210  0.0213  0.0210  0.0214  0.0212  0.0218  0.0211  0.0212  0.0208  0.0208
niter,ni,del,rscale     2    3    5.0000    0.5000
parameters
    0.0515    6.0014    7.9672   -5.6535  -24.1731  -12.7553
    0.3355   -4.7140    3.5531   30.1840    1.5287  -36.2273
eta,q 0.97952 11.15164
  0.0211  0.0210  0.0208  0.0211  0.0209  0.0211  0.0209  0.0214  0.0209  0.0210  0.0207  0.0207
  0.0208  0.0207  0.0206  0.0208  0.0207  0.0209  0.0207  0.0209  0.0207  0.0207  0.0206  0.0206
  0.0206  0.0206  0.0205  0.0206  0.0206  0.0207  0.0205  0.0206  0.0205  0.0205  0.0205  0.0205
  0.0205  0.0205  0.0205  0.0205  0.0205  0.0205  0.0205  0.0205  0.0205  0.0205  0.0205  0.0205
  0.0206  0.0206  0.0205  0.0206  0.0205  0.0205  0.0205  0.0206  0.0205  0.0205  0.0205  0.0205
  0.0208  0.0207  0.0206  0.0208  0.0207  0.0206  0.0207  0.0209  0.0207  0.0207  0.0206  0.0206
  0.0211  0.0210  0.0208  0.0211  0.0209  0.0211  0.0209  0.0214  0.0209  0.0210  0.0207  0.0207
niter,ni,del,rscale     1    3    5.0000    0.4000
parameters
    0.0444    5.9953    7.9884   -5.6532  -24.1277  -12.5170
    0.3512   -4.7003    3.5693   30.1376    1.5615  -36.2860
eta,q 0.97954 11.16208
  0.0209  0.0208  0.0207  0.0209  0.0207  0.0210  0.0207  0.0211  0.0207  0.0208  0.0206  0.0206
  0.0207  0.0206  0.0206  0.0207  0.0206  0.0208  0.0206  0.0207  0.0206  0.0206  0.0205  0.0205
  0.0205  0.0205  0.0205  0.0205  0.0205  0.0206  0.0205  0.0205  0.0205  0.0205  0.0205  0.0205
  0.0205  0.0205  0.0205  0.0205  0.0205  0.0205  0.0205  0.0205  0.0205  0.0205  0.0205  0.0205
  0.0205  0.0205  0.0205  0.0205  0.0205  0.0205  0.0205  0.0205  0.0205  0.0205  0.0205  0.0205
  0.0207  0.0206  0.0206  0.0207  0.0206  0.0206  0.0206  0.0207  0.0206  0.0206  0.0205  0.0205
  0.0209  0.0208  0.0207  0.0209  0.0207  0.0209  0.0207  0.0211  0.0207  0.0208  0.0206  0.0206
registration optimization eta report
parameter search radius
    0.8000    0.8000    0.8000    2.4000    2.4000    2.4000
    2.4000    2.4000    2.4000    2.4000    2.4000    2.4000
100000*second partial in parameter space
       63.       47.       32.        7.        4.        8.
        5.       11.        4.        6.        3.        2.
  0.0209  0.0208  0.0207  0.0209  0.0207  0.0210  0.0207  0.0211  0.0207  0.0208  0.0206  0.0206
  0.0207  0.0206  0.0206  0.0207  0.0206  0.0208  0.0206  0.0207  0.0206  0.0206  0.0205  0.0205
  0.0205  0.0205  0.0205  0.0205  0.0205  0.0206  0.0205  0.0205  0.0205  0.0205  0.0205  0.0205
  0.0205  0.0205  0.0205  0.0205  0.0205  0.0205  0.0205  0.0205  0.0205  0.0205  0.0205  0.0205
  0.0205  0.0205  0.0205  0.0205  0.0205  0.0205  0.0205  0.0205  0.0205  0.0205  0.0205  0.0205
  0.0207  0.0206  0.0206  0.0207  0.0206  0.0206  0.0206  0.0207  0.0206  0.0206  0.0205  0.0205
  0.0209  0.0208  0.0207  0.0209  0.0207  0.0209  0.0207  0.0211  0.0207  0.0208  0.0206  0.0206
    0.0444    5.9953    7.9884   -5.6532  -24.1277  -12.5170
    0.3512   -4.7003    3.5693   30.1376    1.5615  -36.2860
eta,q 0.97954 11.16208

---------------------------------------------------------------------
imgreg_4dfp /opt/freesurfer/average/711-2C_as_mni_average_305 /opt/freesurfer/average/711-2B_as_mni_average_305_mask talsrcimg_g11 none talsrcimg_to_711-2C_as_mni_average_305_t4 2311
---------------------------------------------------------------------

freesurfer imgreg_4dfp.c
/opt/freesurfer/average/711-2C_as_mni_average_305.4dfp.img
       256       256       256         1
  1.000000  1.000000  1.000000
orientation T byte_order littleendian
Reading image: /opt/freesurfer/average/711-2C_as_mni_average_305.4dfp.img
dimensions:      256       256       256
mmppix:       1.0000   -1.0000   -1.0000
center:     128.0000 -129.0000 -129.0000
/opt/freesurfer/average/711-2B_as_mni_average_305_mask.4dfp.img
       256       256       256         1
  1.000000  1.000000  1.000000
orientation T byte_order littleendian
Reading mask: /opt/freesurfer/average/711-2B_as_mni_average_305_mask.4dfp.img (2306576 pixels)
talsrcimg_g11.4dfp.img
       256       256       256         1
  1.000000  1.000000  1.000000
orientation T byte_order littleendian
Reading image: talsrcimg_g11.4dfp.img
dimensions:      256       256       256
mmppix:       1.0000   -1.0000   -1.0000
center:     128.0000 -129.0000 -129.0000
fimgreg.f
image alignment mode   2311 decimal      907 hex
parameters
    0.0444    5.9953    7.9884   -5.6532  -24.1277  -12.5170
    0.3512   -4.7003    3.5693   30.1376    1.5615  -36.2860
eta,q 0.97954 11.16208
niter,ni,del,rscale     5    3    5.0000    0.8000
parameters
    0.0408    5.9849    8.0464   -5.9759  -24.2050  -13.2551
    0.2834   -4.7774    3.4703   30.1635    1.4860  -35.9841
eta,q 0.97943 11.11618
  0.0220  0.0216  0.0214  0.0217  0.0213  0.0215  0.0216  0.0227  0.0215  0.0217  0.0211  0.0211
  0.0212  0.0210  0.0209  0.0211  0.0209  0.0211  0.0211  0.0215  0.0210  0.0211  0.0208  0.0208
  0.0206  0.0206  0.0206  0.0206  0.0206  0.0208  0.0207  0.0208  0.0207  0.0207  0.0206  0.0207
  0.0205  0.0205  0.0205  0.0205  0.0205  0.0205  0.0206  0.0206  0.0206  0.0206  0.0206  0.0206
  0.0206  0.0206  0.0205  0.0206  0.0206  0.0206  0.0207  0.0209  0.0207  0.0207  0.0206  0.0206
  0.0212  0.0210  0.0208  0.0212  0.0209  0.0215  0.0211  0.0216  0.0210  0.0210  0.0208  0.0207
  0.0220  0.0217  0.0212  0.0222  0.0214  0.0230  0.0217  0.0228  0.0216  0.0218  0.0211  0.0210
niter,ni,del,rscale     4    3    5.0000    0.7000
parameters
    0.0555    5.9905    7.9850   -5.7688  -24.2484  -13.2126
    0.2657   -4.7402    3.5031   30.2015    1.4937  -36.0451
eta,q 0.97946 11.12481
  0.0218  0.0215  0.0211  0.0217  0.0212  0.0215  0.0214  0.0223  0.0213  0.0214  0.0209  0.0209
  0.0211  0.0210  0.0208  0.0212  0.0209  0.0211  0.0209  0.0214  0.0209  0.0210  0.0207  0.0207
  0.0207  0.0207  0.0206  0.0208  0.0206  0.0208  0.0207  0.0208  0.0206  0.0207  0.0206  0.0206
  0.0206  0.0206  0.0206  0.0206  0.0206  0.0206  0.0206  0.0205  0.0205  0.0205  0.0205  0.0205
  0.0207  0.0207  0.0207  0.0206  0.0206  0.0205  0.0206  0.0207  0.0206  0.0206  0.0206  0.0206
  0.0211  0.0210  0.0209  0.0209  0.0209  0.0208  0.0209  0.0213  0.0209  0.0209  0.0207  0.0207
  0.0217  0.0215  0.0212  0.0216  0.0213  0.0218  0.0214  0.0222  0.0213  0.0215  0.0209  0.0209
niter,ni,del,rscale     3    3    5.0000    0.6000
parameters
    0.0574    5.9987    7.9659   -5.6867  -24.2267  -12.9871
    0.2967   -4.7273    3.5432   30.2091    1.5239  -36.1554
eta,q 0.97949 11.13902
  0.0214  0.0212  0.0210  0.0214  0.0211  0.0213  0.0211  0.0218  0.0211  0.0212  0.0208  0.0208
  0.0209  0.0209  0.0207  0.0210  0.0208  0.0210  0.0208  0.0211  0.0208  0.0208  0.0207  0.0206
  0.0207  0.0206  0.0206  0.0207  0.0206  0.0208  0.0206  0.0207  0.0206  0.0206  0.0206  0.0205
  0.0205  0.0205  0.0205  0.0206  0.0205  0.0205  0.0205  0.0205  0.0205  0.0205  0.0205  0.0205
  0.0206  0.0206  0.0206  0.0206  0.0206  0.0205  0.0206  0.0206  0.0206  0.0206  0.0205  0.0205
  0.0209  0.0208  0.0207  0.0209  0.0208  0.0207  0.0208  0.0211  0.0208  0.0208  0.0206  0.0206
  0.0214  0.0212  0.0210  0.0214  0.0211  0.0214  0.0211  0.0218  0.0211  0.0212  0.0208  0.0208
niter,ni,del,rscale     2    3    5.0000    0.5000
parameters
    0.0492    6.0028    7.9688   -5.6598  -24.1691  -12.7459
    0.3334   -4.7207    3.5582   30.1848    1.5475  -36.2508
eta,q 0.97952 11.15238
  0.0211  0.0210  0.0208  0.0211  0.0209  0.0211  0.0209  0.0214  0.0209  0.0210  0.0207  0.0207
  0.0208  0.0207  0.0206  0.0208  0.0207  0.0209  0.0207  0.0209  0.0207  0.0207  0.0206  0.0206
  0.0206  0.0206  0.0205  0.0206  0.0206  0.0207  0.0205  0.0206  0.0205  0.0205  0.0205  0.0205
  0.0205  0.0205  0.0205  0.0205  0.0205  0.0205  0.0205  0.0205  0.0205  0.0205  0.0205  0.0205
  0.0206  0.0206  0.0205  0.0206  0.0205  0.0205  0.0205  0.0206  0.0205  0.0205  0.0205  0.0205
  0.0208  0.0207  0.0206  0.0208  0.0207  0.0206  0.0207  0.0209  0.0207  0.0207  0.0206  0.0206
  0.0211  0.0210  0.0208  0.0211  0.0209  0.0211  0.0209  0.0214  0.0209  0.0210  0.0207  0.0207
niter,ni,del,rscale     1    3    5.0000    0.4000
parameters
    0.0413    5.9947    7.9861   -5.6515  -24.1217  -12.5173
    0.3581   -4.7059    3.5640   30.1364    1.5598  -36.2724
eta,q 0.97954 11.16220
  0.0209  0.0208  0.0207  0.0209  0.0207  0.0210  0.0207  0.0211  0.0207  0.0208  0.0206  0.0206
  0.0207  0.0206  0.0206  0.0207  0.0206  0.0208  0.0206  0.0207  0.0206  0.0206  0.0205  0.0205
  0.0205  0.0205  0.0205  0.0205  0.0205  0.0206  0.0205  0.0205  0.0205  0.0205  0.0205  0.0205
  0.0205  0.0205  0.0205  0.0205  0.0205  0.0205  0.0205  0.0205  0.0205  0.0205  0.0205  0.0205
  0.0205  0.0205  0.0205  0.0205  0.0205  0.0205  0.0205  0.0205  0.0205  0.0205  0.0205  0.0205
  0.0207  0.0206  0.0206  0.0207  0.0206  0.0206  0.0206  0.0207  0.0206  0.0206  0.0205  0.0205
  0.0209  0.0208  0.0207  0.0209  0.0207  0.0209  0.0207  0.0211  0.0207  0.0208  0.0206  0.0206
registration optimization eta report
parameter search radius
    0.8000    0.8000    0.8000    2.4000    2.4000    2.4000
    2.4000    2.4000    2.4000    2.4000    2.4000    2.4000
100000*second partial in parameter space
       63.       47.       32.        7.        4.        8.
        5.       11.        4.        6.        3.        2.
  0.0209  0.0208  0.0207  0.0209  0.0207  0.0210  0.0207  0.0211  0.0207  0.0208  0.0206  0.0206
  0.0207  0.0206  0.0206  0.0207  0.0206  0.0208  0.0206  0.0207  0.0206  0.0206  0.0205  0.0205
  0.0205  0.0205  0.0205  0.0205  0.0205  0.0206  0.0205  0.0205  0.0205  0.0205  0.0205  0.0205
  0.0205  0.0205  0.0205  0.0205  0.0205  0.0205  0.0205  0.0205  0.0205  0.0205  0.0205  0.0205
  0.0205  0.0205  0.0205  0.0205  0.0205  0.0205  0.0205  0.0205  0.0205  0.0205  0.0205  0.0205
  0.0207  0.0206  0.0206  0.0207  0.0206  0.0206  0.0206  0.0207  0.0206  0.0206  0.0205  0.0205
  0.0209  0.0208  0.0207  0.0209  0.0207  0.0209  0.0207  0.0211  0.0207  0.0208  0.0206  0.0206
    0.0413    5.9947    7.9861   -5.6515  -24.1217  -12.5173
    0.3581   -4.7059    3.5640   30.1364    1.5598  -36.2724
eta,q 0.97954 11.16220

---------------------------------------------------------------------
compute_vox2vox talsrcimg talsrcimg_to_711-2C_as_mni_average_305_t4 /opt/freesurfer/average/711-2C_as_mni_average_305
---------------------------------------------------------------------

freesurfer compute_vox2vox.c
Reading: talsrcimg.4dfp.ifh
Reading: talsrcimg_to_711-2C_as_mni_average_305_t4
Reading: /opt/freesurfer/average/711-2C_as_mni_average_305.4dfp.ifh
Writing: talsrcimg_to_711-2C_as_mni_average_305_t4_vox2vox.txt

start time Sat Mar 14 00:39:52 CET 2026
end		time Sat Mar 14 00:41:19 CET 2026

mpr2mni305 success

avi2talxfm orig_nu.mgz /opt/freesurfer/average/mni305.cor.mgz talsrcimg_to_711-2C_as_mni_average_305_t4_vox2vox.txt transforms/talairach.auto.xfm
avi2talxfm done
mv -f /out/sourcedata/freesurfer/sub-v2s8x29195_ses-1/mri/talsrcimg_to_711-2C_as_mni_average_305_t4_vox2vox.txt /out/sourcedata/freesurfer/sub-v2s8x29195_ses-1/mri/transforms/talsrcimg_to_711-2C_as_mni_average_305_t4_vox2vox.txt
lta_convert --src orig_nu.mgz --trg /opt/freesurfer/average/mni305.cor.mgz --inxfm transforms/talairach.auto.xfm --outlta transforms/talairach.auto.xfm.lta --subject fsaverage
7.3.2

--src: orig_nu.mgz src image (geometry).
--trg: /opt/freesurfer/average/mni305.cor.mgz trg image (geometry).
--inmni: transforms/talairach.auto.xfm input MNI/XFM transform.
--outlta: transforms/talairach.auto.xfm.lta output LTA.
--s: fsaverage subject name
 LTA read, type : 1
 1.05835   0.05036   0.01908   4.85113;
-0.03390   0.97985   0.46856  -11.93599;
-0.03625  -0.39153   1.13091  -4.15002;
 0.00000   0.00000   0.00000   1.00000;
setting subject to fsaverage
Writing  LTA to file transforms/talairach.auto.xfm.lta...
lta_convert successful.
 
 
Started at Sat Mar 14 00:39:52 CET 2026
Ended   at Sat Mar 14 00:41:20 CET 2026
talairach_avi done
