status file for recon-all
Sat Mar 14 03:44:32 CET 2026
#@# Tessellate lh Sat Mar 14 03:44:32 CET 2026
#@# Smooth1 lh Sat Mar 14 03:44:36 CET 2026
#@# Inflation1 lh Sat Mar 14 03:44:39 CET 2026
#@# QSphere lh Sat Mar 14 03:44:54 CET 2026
#@# Fix Topology lh Sat Mar 14 03:46:07 CET 2026
#@# Smooth2 lh Sat Mar 14 03:54:52 CET 2026
#@# Inflation2 lh Sat Mar 14 03:54:55 CET 2026
#@# Curv .H and .K lh Sat Mar 14 03:55:10 CET 2026
#@# Sphere lh Sat Mar 14 03:56:01 CET 2026
#@# Surf Reg lh Sat Mar 14 04:00:02 CET 2026
#@# Jacobian white lh Sat Mar 14 04:05:05 CET 2026
#@# AvgCurv lh Sat Mar 14 04:05:06 CET 2026
#@# Cortical Parc lh Sat Mar 14 04:05:07 CET 2026
#@# white curv lh Sat Mar 14 04:11:44 CET 2026
#@# white area lh Sat Mar 14 04:11:46 CET 2026
#@# pial curv lh Sat Mar 14 04:11:47 CET 2026
#@# pial area lh Sat Mar 14 04:11:49 CET 2026
#@# thickness lh Sat Mar 14 04:11:50 CET 2026
#@# area and vertex vol lh Sat Mar 14 04:12:25 CET 2026
#@# Curvature Stats lh Sat Mar 14 04:12:27 CET 2026
#@# Cortical Parc 2 lh Sat Mar 14 04:12:30 CET 2026
#@# Cortical Parc 3 lh Sat Mar 14 04:12:45 CET 2026
#@# WM/GM Contrast lh Sat Mar 14 04:12:56 CET 2026
recon-all -s sub-v2s8x29226_ses-1 finished without error at Sat Mar 14 04:13:00 CET 2026



#New# invocation of recon-all 



status file for recon-all
Sat Mar 14 04:46:34 CET 2026
#@# white curv lh Sat Mar 14 04:46:34 CET 2026
#@# white area lh Sat Mar 14 04:46:34 CET 2026
#@# pial curv lh Sat Mar 14 04:46:34 CET 2026
#@# pial area lh Sat Mar 14 04:46:34 CET 2026
#@# thickness lh Sat Mar 14 04:46:34 CET 2026
#@# area and vertex vol lh Sat Mar 14 04:46:34 CET 2026
#@# Parcellation Stats lh Sat Mar 14 04:46:34 CET 2026
#@# Parcellation Stats 2 lh Sat Mar 14 04:46:55 CET 2026
#@# Parcellation Stats 3 lh Sat Mar 14 04:47:06 CET 2026
#@# BA_exvivo Labels lh Sat Mar 14 04:47:16 CET 2026
recon-all -s sub-v2s8x29226_ses-1 finished without error at Sat Mar 14 04:50:15 CET 2026
