status file for recon-all
Sat Mar 14 01:55:17 CET 2026
#@# MotionCor Sat Mar 14 01:55:18 CET 2026
#@# Talairach Sat Mar 14 01:55:28 CET 2026
#@# Talairach Failure Detection Sat Mar 14 01:59:52 CET 2026
#@# Nu Intensity Correction Sat Mar 14 01:59:52 CET 2026
#@# Intensity Normalization Sat Mar 14 02:03:09 CET 2026
recon-all -s sub-v2s8x29226_ses-1 finished without error at Sat Mar 14 02:04:56 CET 2026



#New# invocation of recon-all 



status file for recon-all
Sat Mar 14 02:12:19 CET 2026
#@# EM Registration Sat Mar 14 02:12:19 CET 2026
recon-all -s sub-v2s8x29226_ses-1 finished without error at Sat Mar 14 02:14:09 CET 2026



#New# invocation of recon-all 



status file for recon-all
Sat Mar 14 02:14:11 CET 2026
#@# CA Normalize Sat Mar 14 02:14:11 CET 2026
#@# CA Reg Sat Mar 14 02:15:32 CET 2026
#@# SubCort Seg Sat Mar 14 03:06:26 CET 2026
#@# CC Seg Sat Mar 14 03:38:12 CET 2026
#@# Merge ASeg Sat Mar 14 03:39:09 CET 2026
#@# Intensity Normalization2 Sat Mar 14 03:39:09 CET 2026
#@# Mask BFS Sat Mar 14 03:41:19 CET 2026
#@# WM Segmentation Sat Mar 14 03:41:20 CET 2026
#@# Fill Sat Mar 14 03:43:21 CET 2026
recon-all -s sub-v2s8x29226_ses-1 finished without error at Sat Mar 14 03:44:27 CET 2026



#New# invocation of recon-all 



status file for recon-all
Sat Mar 14 04:41:21 CET 2026
#@# white curv lh Sat Mar 14 04:41:21 CET 2026
#@# white area lh Sat Mar 14 04:41:21 CET 2026
#@# pial curv lh Sat Mar 14 04:41:21 CET 2026
#@# pial area lh Sat Mar 14 04:41:22 CET 2026
#@# thickness lh Sat Mar 14 04:41:22 CET 2026
#@# area and vertex vol lh Sat Mar 14 04:41:22 CET 2026
#@# white curv rh Sat Mar 14 04:41:22 CET 2026
#@# white area rh Sat Mar 14 04:41:22 CET 2026
#@# pial curv rh Sat Mar 14 04:41:22 CET 2026
#@# pial area rh Sat Mar 14 04:41:22 CET 2026
#@# thickness rh Sat Mar 14 04:41:22 CET 2026
#@# area and vertex vol rh Sat Mar 14 04:41:22 CET 2026
#@# Cortical ribbon mask Sat Mar 14 04:41:22 CET 2026
recon-all -s sub-v2s8x29226_ses-1 finished without error at Sat Mar 14 04:46:29 CET 2026



#New# invocation of recon-all 



status file for recon-all
Sat Mar 14 04:54:10 CET 2026
#@# white curv lh Sat Mar 14 04:54:10 CET 2026
#@# white area lh Sat Mar 14 04:54:10 CET 2026
#@# pial curv lh Sat Mar 14 04:54:10 CET 2026
#@# pial area lh Sat Mar 14 04:54:10 CET 2026
#@# thickness lh Sat Mar 14 04:54:10 CET 2026
#@# area and vertex vol lh Sat Mar 14 04:54:10 CET 2026
#@# white curv rh Sat Mar 14 04:54:10 CET 2026
#@# white area rh Sat Mar 14 04:54:10 CET 2026
#@# pial curv rh Sat Mar 14 04:54:10 CET 2026
#@# pial area rh Sat Mar 14 04:54:10 CET 2026
#@# thickness rh Sat Mar 14 04:54:10 CET 2026
#@# area and vertex vol rh Sat Mar 14 04:54:10 CET 2026
#@# Curvature Stats lh Sat Mar 14 04:54:10 CET 2026
#@# Curvature Stats rh Sat Mar 14 04:54:13 CET 2026
#@# Relabel Hypointensities Sat Mar 14 04:54:16 CET 2026
#@# APas-to-ASeg Sat Mar 14 04:54:34 CET 2026
#@# AParc-to-ASeg aparc Sat Mar 14 04:54:43 CET 2026
#@# AParc-to-ASeg aparc.a2009s Sat Mar 14 04:55:38 CET 2026
#@# AParc-to-ASeg aparc.DKTatlas Sat Mar 14 04:56:36 CET 2026
#@# WMParc Sat Mar 14 04:57:35 CET 2026
#@# ASeg Stats Sat Mar 14 05:01:57 CET 2026
recon-all -s sub-v2s8x29226_ses-1 finished without error at Sat Mar 14 05:02:35 CET 2026
