status file for recon-all
Sat Mar 14 00:59:42 CET 2026
#@# MotionCor Sat Mar 14 00:59:43 CET 2026
#@# Talairach Sat Mar 14 00:59:52 CET 2026
#@# Talairach Failure Detection Sat Mar 14 01:04:18 CET 2026
#@# Nu Intensity Correction Sat Mar 14 01:04:18 CET 2026
#@# Intensity Normalization Sat Mar 14 01:07:35 CET 2026
recon-all -s sub-v2s8x29203_ses-1 finished without error at Sat Mar 14 01:09:01 CET 2026



#New# invocation of recon-all 



status file for recon-all
Sat Mar 14 01:16:15 CET 2026
#@# EM Registration Sat Mar 14 01:16:15 CET 2026
recon-all -s sub-v2s8x29203_ses-1 finished without error at Sat Mar 14 01:19:17 CET 2026



#New# invocation of recon-all 



status file for recon-all
Sat Mar 14 01:19:20 CET 2026
#@# CA Normalize Sat Mar 14 01:19:20 CET 2026
#@# CA Reg Sat Mar 14 01:20:42 CET 2026
#@# SubCort Seg Sat Mar 14 02:14:31 CET 2026
#@# CC Seg Sat Mar 14 02:42:22 CET 2026
#@# Merge ASeg Sat Mar 14 02:43:03 CET 2026
#@# Intensity Normalization2 Sat Mar 14 02:43:03 CET 2026
#@# Mask BFS Sat Mar 14 02:45:13 CET 2026
#@# WM Segmentation Sat Mar 14 02:45:14 CET 2026
#@# Fill Sat Mar 14 02:47:04 CET 2026
recon-all -s sub-v2s8x29203_ses-1 finished without error at Sat Mar 14 02:48:06 CET 2026



#New# invocation of recon-all 



status file for recon-all
Sat Mar 14 03:31:14 CET 2026
#@# white curv lh Sat Mar 14 03:31:14 CET 2026
#@# white area lh Sat Mar 14 03:31:14 CET 2026
#@# pial curv lh Sat Mar 14 03:31:14 CET 2026
#@# pial area lh Sat Mar 14 03:31:14 CET 2026
#@# thickness lh Sat Mar 14 03:31:14 CET 2026
#@# area and vertex vol lh Sat Mar 14 03:31:14 CET 2026
#@# white curv rh Sat Mar 14 03:31:14 CET 2026
#@# white area rh Sat Mar 14 03:31:14 CET 2026
#@# pial curv rh Sat Mar 14 03:31:14 CET 2026
#@# pial area rh Sat Mar 14 03:31:14 CET 2026
#@# thickness rh Sat Mar 14 03:31:14 CET 2026
#@# area and vertex vol rh Sat Mar 14 03:31:14 CET 2026
#@# Cortical ribbon mask Sat Mar 14 03:31:14 CET 2026
recon-all -s sub-v2s8x29203_ses-1 finished without error at Sat Mar 14 03:36:21 CET 2026



#New# invocation of recon-all 



status file for recon-all
Sat Mar 14 03:42:34 CET 2026
#@# white curv lh Sat Mar 14 03:42:34 CET 2026
#@# white area lh Sat Mar 14 03:42:34 CET 2026
#@# pial curv lh Sat Mar 14 03:42:34 CET 2026
#@# pial area lh Sat Mar 14 03:42:34 CET 2026
#@# thickness lh Sat Mar 14 03:42:34 CET 2026
#@# area and vertex vol lh Sat Mar 14 03:42:34 CET 2026
#@# white curv rh Sat Mar 14 03:42:34 CET 2026
#@# white area rh Sat Mar 14 03:42:34 CET 2026
#@# pial curv rh Sat Mar 14 03:42:34 CET 2026
#@# pial area rh Sat Mar 14 03:42:34 CET 2026
#@# thickness rh Sat Mar 14 03:42:34 CET 2026
#@# area and vertex vol rh Sat Mar 14 03:42:34 CET 2026
#@# Curvature Stats lh Sat Mar 14 03:42:34 CET 2026
#@# Curvature Stats rh Sat Mar 14 03:42:37 CET 2026
#@# Relabel Hypointensities Sat Mar 14 03:42:39 CET 2026
#@# APas-to-ASeg Sat Mar 14 03:42:53 CET 2026
#@# AParc-to-ASeg aparc Sat Mar 14 03:43:01 CET 2026
#@# AParc-to-ASeg aparc.a2009s Sat Mar 14 03:43:29 CET 2026
#@# AParc-to-ASeg aparc.DKTatlas Sat Mar 14 03:43:55 CET 2026
#@# WMParc Sat Mar 14 03:44:23 CET 2026
#@# ASeg Stats Sat Mar 14 03:47:53 CET 2026
recon-all -s sub-v2s8x29203_ses-1 finished without error at Sat Mar 14 03:48:34 CET 2026
