status file for recon-all
Sat Mar 14 03:09:10 CET 2026
#@# Tessellate rh Sat Mar 14 03:09:10 CET 2026
#@# Smooth1 rh Sat Mar 14 03:09:14 CET 2026
#@# Inflation1 rh Sat Mar 14 03:09:17 CET 2026
#@# QSphere rh Sat Mar 14 03:09:29 CET 2026
#@# Fix Topology rh Sat Mar 14 03:10:29 CET 2026
#@# Smooth2 rh Sat Mar 14 03:17:05 CET 2026
#@# Inflation2 rh Sat Mar 14 03:17:08 CET 2026
#@# Curv .H and .K rh Sat Mar 14 03:17:21 CET 2026
#@# Sphere rh Sat Mar 14 03:18:03 CET 2026
#@# Surf Reg rh Sat Mar 14 03:20:31 CET 2026
#@# Jacobian white rh Sat Mar 14 03:24:17 CET 2026
#@# AvgCurv rh Sat Mar 14 03:24:18 CET 2026
#@# Cortical Parc rh Sat Mar 14 03:24:18 CET 2026
#@# white curv rh Sat Mar 14 03:30:09 CET 2026
#@# white area rh Sat Mar 14 03:30:11 CET 2026
#@# pial curv rh Sat Mar 14 03:30:12 CET 2026
#@# pial area rh Sat Mar 14 03:30:13 CET 2026
#@# thickness rh Sat Mar 14 03:30:14 CET 2026
#@# area and vertex vol rh Sat Mar 14 03:30:40 CET 2026
#@# Curvature Stats rh Sat Mar 14 03:30:42 CET 2026
#@# Cortical Parc 2 rh Sat Mar 14 03:30:44 CET 2026
#@# Cortical Parc 3 rh Sat Mar 14 03:30:57 CET 2026
#@# WM/GM Contrast rh Sat Mar 14 03:31:06 CET 2026
recon-all -s sub-v2s8x29203_ses-1 finished without error at Sat Mar 14 03:31:10 CET 2026



#New# invocation of recon-all 



status file for recon-all
Sat Mar 14 03:39:28 CET 2026
#@# white curv rh Sat Mar 14 03:39:28 CET 2026
#@# white area rh Sat Mar 14 03:39:28 CET 2026
#@# pial curv rh Sat Mar 14 03:39:28 CET 2026
#@# pial area rh Sat Mar 14 03:39:28 CET 2026
#@# thickness rh Sat Mar 14 03:39:28 CET 2026
#@# area and vertex vol rh Sat Mar 14 03:39:28 CET 2026
#@# Parcellation Stats rh Sat Mar 14 03:39:28 CET 2026
#@# Parcellation Stats 2 rh Sat Mar 14 03:39:46 CET 2026
#@# Parcellation Stats 3 rh Sat Mar 14 03:39:54 CET 2026
#@# BA_exvivo Labels rh Sat Mar 14 03:40:02 CET 2026
recon-all -s sub-v2s8x29203_ses-1 finished without error at Sat Mar 14 03:42:30 CET 2026
