status file for recon-all
Sat Mar 14 02:59:53 CET 2026
#@# Tessellate lh Sat Mar 14 02:59:53 CET 2026
#@# Smooth1 lh Sat Mar 14 02:59:56 CET 2026
#@# Inflation1 lh Sat Mar 14 02:59:58 CET 2026
#@# QSphere lh Sat Mar 14 03:00:05 CET 2026
#@# Fix Topology lh Sat Mar 14 03:00:42 CET 2026
#@# Smooth2 lh Sat Mar 14 03:07:29 CET 2026
#@# Inflation2 lh Sat Mar 14 03:07:31 CET 2026
#@# Curv .H and .K lh Sat Mar 14 03:07:39 CET 2026
#@# Sphere lh Sat Mar 14 03:08:15 CET 2026
#@# Surf Reg lh Sat Mar 14 03:12:28 CET 2026
#@# Jacobian white lh Sat Mar 14 03:16:11 CET 2026
#@# AvgCurv lh Sat Mar 14 03:16:11 CET 2026
#@# Cortical Parc lh Sat Mar 14 03:16:12 CET 2026
#@# white curv lh Sat Mar 14 03:23:04 CET 2026
#@# white area lh Sat Mar 14 03:23:06 CET 2026
#@# pial curv lh Sat Mar 14 03:23:06 CET 2026
#@# pial area lh Sat Mar 14 03:23:07 CET 2026
#@# thickness lh Sat Mar 14 03:23:08 CET 2026
#@# area and vertex vol lh Sat Mar 14 03:23:26 CET 2026
#@# Curvature Stats lh Sat Mar 14 03:23:27 CET 2026
#@# Cortical Parc 2 lh Sat Mar 14 03:23:29 CET 2026
#@# Cortical Parc 3 lh Sat Mar 14 03:23:38 CET 2026
#@# WM/GM Contrast lh Sat Mar 14 03:23:45 CET 2026
recon-all -s sub-v2s8x29223_ses-1 finished without error at Sat Mar 14 03:23:47 CET 2026



#New# invocation of recon-all 



status file for recon-all
Sat Mar 14 03:57:41 CET 2026
#@# white curv lh Sat Mar 14 03:57:41 CET 2026
#@# white area lh Sat Mar 14 03:57:41 CET 2026
#@# pial curv lh Sat Mar 14 03:57:41 CET 2026
#@# pial area lh Sat Mar 14 03:57:41 CET 2026
#@# thickness lh Sat Mar 14 03:57:41 CET 2026
#@# area and vertex vol lh Sat Mar 14 03:57:41 CET 2026
#@# Parcellation Stats lh Sat Mar 14 03:57:41 CET 2026
#@# Parcellation Stats 2 lh Sat Mar 14 03:57:55 CET 2026
#@# Parcellation Stats 3 lh Sat Mar 14 03:58:02 CET 2026
#@# BA_exvivo Labels lh Sat Mar 14 03:58:09 CET 2026
recon-all -s sub-v2s8x29223_ses-1 finished without error at Sat Mar 14 03:59:56 CET 2026
