/out/sourcedata/freesurfer/sub-v2s8x29241_ses-1/mri
/opt/freesurfer/bin/talairach_avi
--i orig_nu.mgz --xfm transforms/talairach.auto.xfm
talairach_avi 7.3.2
Linux dna013 5.14.0-427.37.1.el9_4.x86_64 #1 SMP PREEMPT_DYNAMIC Fri Sep 13 12:41:50 EDT 2024 x86_64 x86_64 x86_64 GNU/Linux
Sat Mar 14 02:57:05 CET 2026
mri_convert orig_nu.mgz talsrcimg.img 
reading from orig_nu.mgz...
TR=0.00, TE=0.00, TI=0.00, flip angle=0.00
i_ras = (-1, 0, 0)
j_ras = (0, 0, -1)
k_ras = (0, 1, 0)
writing to talsrcimg.img...
Analyze Output Matrix
-1.00000   0.00000   0.00000   129.66513;
 0.00000   0.00000   1.00000  -128.00000;
 0.00000  -1.00000   0.00000   130.00000;
 0.00000   0.00000   0.00000   1.00000;
--------------------
INFO: set hdr.hist.orient to -1
mpr2mni305 talsrcimg
Sat Mar 14 02:57:06 CET 2026
/opt/freesurfer/bin/mpr2mni305 talsrcimg
mpr2mni305 7.3.2
target=711-2C_as_mni_average_305

---------------------------------------------------------------------
analyzeto4dfp talsrcimg -O0 -y
---------------------------------------------------------------------

freesurfer ifh2hdr.c
Sat Mar 14 02:57:06 2026
Writing: talsrcimg.4dfp.hdr
freesurfer analyzeto4dfp.c
Reading: talsrcimg.hdr
header size 348 bytes
hdr.dime.datatype	offset=70	value=2
hdr.dime.bitpix		offset=72	value=8
hdr.hist.orient		offset=252	value=-1
dimensionality     4
dimensions       256       256       256         1
Reading: talsrcimg.img
Writing: talsrcimg.4dfp.img
Writing: talsrcimg.4dfp.ifh
ifh2hdr talsrcimg -r0to219
ori=2

---------------------------------------------------------------------
gauss_4dfp talsrcimg 1.1
---------------------------------------------------------------------

freesurfer gauss_4dfp.c
Reading: talsrcimg.4dfp.img
Writing: talsrcimg_g11.4dfp.img
image dimensions 256 256 256 padded to 288 288 288
processing volume 1freesurfer ifh2hdr.c
Sat Mar 14 02:57:08 2026
Writing: talsrcimg_g11.4dfp.hdr

Writing: talsrcimg_g11.4dfp.ifh
including: talsrcimg.4dfp.img.rec in talsrcimg_g11.4dfp.img.rec

---------------------------------------------------------------------
imgreg_4dfp /opt/freesurfer/average/711-2C_as_mni_average_305 none talsrcimg_g11 none talsrcimg_to_711-2C_as_mni_average_305_t4 4355
---------------------------------------------------------------------

freesurfer imgreg_4dfp.c
/opt/freesurfer/average/711-2C_as_mni_average_305.4dfp.img
       256       256       256         1
  1.000000  1.000000  1.000000
orientation T byte_order littleendian
Reading image: /opt/freesurfer/average/711-2C_as_mni_average_305.4dfp.img
dimensions:      256       256       256
mmppix:       1.0000   -1.0000   -1.0000
center:     128.0000 -129.0000 -129.0000
talsrcimg_g11.4dfp.img
       256       256       256         1
  1.000000  1.000000  1.000000
orientation T byte_order littleendian
Reading image: talsrcimg_g11.4dfp.img
dimensions:      256       256       256
mmppix:       1.0000   -1.0000   -1.0000
center:     128.0000 -129.0000 -129.0000
t4_read: open error in t4_sub.f l:  41 t4_file(1:l)talsrcimg_to_711-2C_as_mni_average_305_t4 
t4_read: transform initialized to I4
rotation matrix determinant  1.000000
image alignment mode   4355 decimal     1103 hex
   -7.5000  -45.0000  -45.0000 8967.5557   20.4471
    0.0000  -45.0000  -45.0000 9376.5264   20.4743
    7.5000  -45.0000  -45.0000 9004.9414   20.4209
   -7.5000  -37.5000  -45.0000 9261.9736   20.4277
    0.0000  -37.5000  -45.0000 9685.5225   20.4380
    7.5000  -37.5000  -45.0000 9289.0586   20.3818
   -7.5000  -30.0000  -45.0000 9890.9570   20.3888
    0.0000  -30.0000  -45.000010317.4844   20.3870
    7.5000  -30.0000  -45.0000 9879.1143   20.3325
   -7.5000  -22.5000  -45.000010444.1855   20.3626
    0.0000  -22.5000  -45.000010859.0840   20.3668
    7.5000  -22.5000  -45.000010429.7041   20.3172
   -7.5000  -15.0000  -45.000010949.1436   20.3725
    0.0000  -15.0000  -45.000011341.1328   20.3945
    7.5000  -15.0000  -45.000010897.3047   20.3486
   -7.5000   -7.5000  -45.000011376.1270   20.4120
    0.0000   -7.5000  -45.000011779.6562   20.4450
    7.5000   -7.5000  -45.000011307.3047   20.3969
   -7.5000    0.0000  -45.000011679.4346   20.4410
    0.0000    0.0000  -45.000012090.1631   20.4682
    7.5000    0.0000  -45.000011610.0137   20.4147
   -7.5000    7.5000  -45.000011020.6260   20.4277
    0.0000    7.5000  -45.000011430.2949   20.4380
    7.5000    7.5000  -45.000010977.9736   20.3818
   -7.5000   15.0000  -45.000010224.7129   20.3916
    0.0000   15.0000  -45.000010585.0957   20.3897
    7.5000   15.0000  -45.000010192.0430   20.3351
   -7.5000   22.5000  -45.0000 9403.6797   20.3755
    0.0000   22.5000  -45.0000 9702.5059   20.3797
    7.5000   22.5000  -45.0000 9333.7490   20.3300
   -7.5000   30.0000  -45.0000 8542.9150   20.1621
    0.0000   30.0000  -45.0000 8779.7461   20.1842
    7.5000   30.0000  -45.0000 8451.9619   20.1385
   -7.5000   37.5000  -45.0000 7934.9922   20.2992
    0.0000   37.5000  -45.0000 8177.7314   20.3333
    7.5000   37.5000  -45.0000 7844.9897   20.2854
   -7.5000   45.0000  -45.0000 6988.2402   19.9880
    0.0000   45.0000  -45.0000 7238.7036   20.0129
    7.5000   45.0000  -45.0000 6921.0488   19.9584
   -7.5000  -45.0000  -37.5000 9511.0713   20.3903
    0.0000  -45.0000  -37.5000 9976.6602   20.4139
    7.5000  -45.0000  -37.5000 9544.8604   20.3578
   -7.5000  -37.5000  -37.5000 9814.1660   20.3669
    0.0000  -37.5000  -37.500010314.4551   20.3727
    7.5000  -37.5000  -37.5000 9836.7559   20.3177
   -7.5000  -30.0000  -37.500010468.7188   20.3334
    0.0000  -30.0000  -37.500010973.1846   20.3301
    7.5000  -30.0000  -37.500010467.6426   20.2803
   -7.5000  -22.5000  -37.500011030.8027   20.3173
    0.0000  -22.5000  -37.500011534.9688   20.3243
    7.5000  -22.5000  -37.500011042.7490   20.2788
   -7.5000  -15.0000  -37.500011531.7725   20.3324
    0.0000  -15.0000  -37.500012019.1328   20.3584
    7.5000  -15.0000  -37.500011517.7236   20.3133
   -7.5000   -7.5000  -37.500011938.6758   20.3658
    0.0000   -7.5000  -37.500012408.7549   20.3994
    7.5000   -7.5000  -37.500011912.6865   20.3488
   -7.5000    0.0000  -37.500012247.1631   20.3843
    0.0000    0.0000  -37.500012735.9873   20.4078
    7.5000    0.0000  -37.500012185.6406   20.3516
   -7.5000    7.5000  -37.500011552.9316   20.3669
    0.0000    7.5000  -37.500012021.9814   20.3727
    7.5000    7.5000  -37.500011513.5244   20.3177
   -7.5000   15.0000  -37.500010690.4062   20.3361
    0.0000   15.0000  -37.500011117.7568   20.3328
    7.5000   15.0000  -37.500010680.8984   20.2828
   -7.5000   22.5000  -37.5000 9855.1777   20.3303
    0.0000   22.5000  -37.500010191.3584   20.3373
    7.5000   22.5000  -37.5000 9798.2041   20.2916
   -7.5000   30.0000  -37.5000 8919.7588   20.1220
    0.0000   30.0000  -37.5000 9186.3643   20.1480
    7.5000   30.0000  -37.5000 8847.6855   20.1031
   -7.5000   37.5000  -37.5000 8284.6572   20.2525
    0.0000   37.5000  -37.5000 8527.8252   20.2870
    7.5000   37.5000  -37.5000 8203.5420   20.2362
   -7.5000   45.0000  -37.5000 7296.0732   19.9323
    0.0000   45.0000  -37.5000 7513.6338   19.9531
    7.5000   45.0000  -37.5000 7208.7603   19.8952
   -7.5000  -45.0000  -30.000010199.9180   21.2316
    0.0000  -45.0000  -30.000010716.5361   21.2418
    7.5000  -45.0000  -30.000010236.5498   21.1817
   -7.5000  -37.5000  -30.000010538.0078   21.1989
    0.0000  -37.5000  -30.000011076.4023   21.1927
    7.5000  -37.5000  -30.000010539.7354   21.1386
   -7.5000  -30.0000  -30.000011229.1367   21.1650
    0.0000  -30.0000  -30.000011791.4375   21.1497
    7.5000  -30.0000  -30.000011222.7090   21.1044
   -7.5000  -22.5000  -30.000011811.7305   21.1605
    0.0000  -22.5000  -30.000012415.6738   21.1540
    7.5000  -22.5000  -30.000011832.4590   21.1116
   -7.5000  -15.0000  -30.000012311.1045   21.1861
    0.0000  -15.0000  -30.000012917.8867   21.1978
    7.5000  -15.0000  -30.000012296.5635   21.1507
   -7.5000   -7.5000  -30.000012714.1602   21.2172
    0.0000   -7.5000  -30.000013295.6436   21.2362
    7.5000   -7.5000  -30.000012672.3223   21.1803
   -7.5000    0.0000  -30.000013001.8223   21.2255
    0.0000    0.0000  -30.000013573.9531   21.2356
    7.5000    0.0000  -30.000012930.2471   21.1754
   -7.5000    7.5000  -30.000012234.3760   21.1989
    0.0000    7.5000  -30.000012792.7812   21.1927
    7.5000    7.5000  -30.000012210.9395   21.1386
   -7.5000   15.0000  -30.000011337.5156   21.1680
    0.0000   15.0000  -30.000011821.9062   21.1526
    7.5000   15.0000  -30.000011311.6758   21.1072
   -7.5000   22.5000  -30.000010440.5400   21.1723
    0.0000   22.5000  -30.000010808.9756   21.1658
    7.5000   22.5000  -30.000010378.3389   21.1231
   -7.5000   30.0000  -30.0000 9425.0000   20.9689
    0.0000   30.0000  -30.0000 9735.1504   20.9805
    7.5000   30.0000  -30.0000 9367.8682   20.9336
   -7.5000   37.5000  -30.0000 8736.7656   21.1008
    0.0000   37.5000  -30.0000 9000.3643   21.1207
    7.5000   37.5000  -30.0000 8668.3301   21.0641
   -7.5000   45.0000  -30.0000 7701.2314   20.7684
    0.0000   45.0000  -30.0000 7922.1133   20.7760
    7.5000   45.0000  -30.0000 7617.7007   20.7136
   -7.5000  -45.0000  -22.500010901.0254   22.0002
    0.0000  -45.0000  -22.500011413.5244   22.0036
    7.5000  -45.0000  -22.500010902.0371   21.9456
   -7.5000  -37.5000  -22.500011239.4219   21.9643
    0.0000  -37.5000  -22.500011758.4551   21.9532
    7.5000  -37.5000  -22.500011218.8262   21.9019
   -7.5000  -30.0000  -22.500011955.4883   21.9268
    0.0000  -30.0000  -22.500012514.3467   21.9020
    7.5000  -30.0000  -22.500011931.4629   21.8587
   -7.5000  -22.5000  -22.500012570.0801   21.9245
    0.0000  -22.5000  -22.500013204.7363   21.9015
    7.5000  -22.5000  -22.500012547.8779   21.8592
   -7.5000  -15.0000  -22.500013085.9941   21.9543
    0.0000  -15.0000  -22.500013730.6357   21.9469
    7.5000  -15.0000  -22.500013037.9590   21.8986
   -7.5000   -7.5000  -22.500013474.7852   21.9863
    0.0000   -7.5000  -22.500014124.6973   21.9914
    7.5000   -7.5000  -22.500013410.4062   21.9352
   -7.5000    0.0000  -22.500013750.2480   21.9940
    0.0000    0.0000  -22.500014411.1641   21.9972
    7.5000    0.0000  -22.500013683.5391   21.9391
   -7.5000    7.5000  -22.500012944.5264   21.9643
    0.0000    7.5000  -22.500013571.9580   21.9532
    7.5000    7.5000  -22.500012909.8320   21.9019
   -7.5000   15.0000  -22.500012010.3008   21.9302
    0.0000   15.0000  -22.500012538.7930   21.9053
    7.5000   15.0000  -22.500011949.4854   21.8619
   -7.5000   22.5000  -22.500011023.5674   21.9356
    0.0000   22.5000  -22.500011464.8154   21.9125
    7.5000   22.5000  -22.500010958.1270   21.8699
   -7.5000   30.0000  -22.5000 9951.8652   21.7331
    0.0000   30.0000  -22.500010320.2041   21.7257
    7.5000   30.0000  -22.5000 9888.0303   21.6774
   -7.5000   37.5000  -22.5000 9221.5098   21.8696
    0.0000   37.5000  -22.5000 9523.5293   21.8756
    7.5000   37.5000  -22.5000 9143.8789   21.8187
   -7.5000   45.0000  -22.5000 8108.2217   21.5347
    0.0000   45.0000  -22.5000 8364.3018   21.5362
    7.5000   45.0000  -22.5000 8024.0737   21.4762
   -7.5000  -45.0000  -15.000011588.3398   22.5774
    0.0000  -45.0000  -15.000012123.0381   22.5853
    7.5000  -45.0000  -15.000011557.7617   22.5313
   -7.5000  -37.5000  -15.000011908.4541   22.5455
    0.0000  -37.5000  -15.000012439.0420   22.5394
    7.5000  -37.5000  -15.000011866.4697   22.4881
   -7.5000  -30.0000  -15.000012627.7285   22.5038
    0.0000  -30.0000  -15.000013211.5879   22.4794
    7.5000  -30.0000  -15.000012582.9902   22.4314
   -7.5000  -22.5000  -15.000013297.1416   22.4926
    0.0000  -22.5000  -15.000013959.2793   22.4644
    7.5000  -22.5000  -15.000013247.3760   22.4172
   -7.5000  -15.0000  -15.000013836.7295   22.5173
    0.0000  -15.0000  -15.000014569.5791   22.5036
    7.5000  -15.0000  -15.000013794.8896   22.4537
   -7.5000   -7.5000  -15.000014286.3408   22.5540
    0.0000   -7.5000  -15.000014985.9971   22.5579
    7.5000   -7.5000  -15.000014191.9150   22.5044
   -7.5000    0.0000  -15.000014540.9443   22.5710
    0.0000    0.0000  -15.000015286.2178   22.5787
    7.5000    0.0000  -15.000014445.8574   22.5245
   -7.5000    7.5000  -15.000013706.8057   22.5455
    0.0000    7.5000  -15.000014403.5332   22.5394
    7.5000    7.5000  -15.000013617.4326   22.4881
   -7.5000   15.0000  -15.000012729.2734   22.5074
    0.0000   15.0000  -15.000013320.3447   22.4829
    7.5000   15.0000  -15.000012618.9697   22.4348
   -7.5000   22.5000  -15.000011648.7480   22.5029
    0.0000   22.5000  -15.000012158.7412   22.4746
    7.5000   22.5000  -15.000011564.8516   22.4272
   -7.5000   30.0000  -15.000010503.5811   22.2940
    0.0000   30.0000  -15.000010906.6084   22.2804
    7.5000   30.0000  -15.000010405.8037   22.2306
   -7.5000   37.5000  -15.0000 9708.1904   22.4382
    0.0000   37.5000  -15.000010050.8818   22.4433
    7.5000   37.5000  -15.0000 9608.5088   22.3893
   -7.5000   45.0000  -15.0000 8509.7070   22.1127
    0.0000   45.0000  -15.0000 8792.8594   22.1193
    7.5000   45.0000  -15.0000 8414.3008   22.0638
   -7.5000  -45.0000   -7.500012359.8018   22.8554
    0.0000  -45.0000   -7.500012930.1338   22.8751
    7.5000  -45.0000   -7.500012327.9414   22.8189
   -7.5000  -37.5000   -7.500012688.0029   22.8300
    0.0000  -37.5000   -7.500013245.2324   22.8337
    7.5000  -37.5000   -7.500012611.9092   22.7756
   -7.5000  -30.0000   -7.500013446.4678   22.7842
    0.0000  -30.0000   -7.500014061.6094   22.7705
    7.5000  -30.0000   -7.500013327.2559   22.7133
   -7.5000  -22.5000   -7.500014168.5615   22.7591
    0.0000  -22.5000   -7.500014866.7637   22.7447
    7.5000  -22.5000   -7.500014066.1191   22.6906
   -7.5000  -15.0000   -7.500014753.2988   22.7750
    0.0000  -15.0000   -7.500015500.4648   22.7770
    7.5000  -15.0000   -7.500014676.6953   22.7252
   -7.5000   -7.5000   -7.500015180.7119   22.8190
    0.0000   -7.5000   -7.500015945.9756   22.8375
    7.5000   -7.5000   -7.500015087.8682   22.7845
   -7.5000    0.0000   -7.500015448.9980   22.8488
    0.0000    0.0000   -7.500016258.1523   22.8683
    7.5000    0.0000   -7.500015319.3604   22.8121
   -7.5000    7.5000   -7.500014562.0059   22.8300
    0.0000    7.5000   -7.500015307.1211   22.8337
    7.5000    7.5000   -7.500014427.3760   22.7756
   -7.5000   15.0000   -7.500013518.3525   22.7876
    0.0000   15.0000   -7.500014168.6045   22.7738
    7.5000   15.0000   -7.500013407.4727   22.7164
   -7.5000   22.5000   -7.500012352.2246   22.7666
    0.0000   22.5000   -7.500012893.9170   22.7522
    7.5000   22.5000   -7.500012258.7832   22.6979
   -7.5000   30.0000   -7.500011081.3008   22.5485
    0.0000   30.0000   -7.500011524.8770   22.5506
    7.5000   30.0000   -7.500010971.6797   22.4989
   -7.5000   37.5000   -7.500010234.8643   22.7015
    0.0000   37.5000   -7.500010598.5645   22.7214
    7.5000   37.5000   -7.500010100.9404   22.6683
   -7.5000   45.0000   -7.5000 8939.1172   22.3911
    0.0000   45.0000   -7.5000 9221.7988   22.4090
    7.5000   45.0000   -7.5000 8836.3252   22.3519
   -7.5000  -45.0000    0.000013124.7148   22.8700
    0.0000  -45.0000    0.000013724.5859   22.9006
    7.5000  -45.0000    0.000013021.1250   22.8408
   -7.5000  -37.5000    0.000013463.3115   22.8484
    0.0000  -37.5000    0.000014026.1572   22.8600
    7.5000  -37.5000    0.000013334.4316   22.7971
   -7.5000  -30.0000    0.000014095.2520   22.8048
    0.0000  -30.0000    0.000014611.6455   22.8031
    7.5000  -30.0000    0.000014012.6709   22.7422
   -7.5000  -22.5000    0.000014716.4912   22.7755
    0.0000  -22.5000    0.000015281.9395   22.7805
    7.5000  -22.5000    0.000014700.9131   22.7251
   -7.5000  -15.0000    0.000015328.7607   22.7866
    0.0000  -15.0000    0.000015959.3613   22.8114
    7.5000  -15.0000    0.000015314.8008   22.7601
   -7.5000   -7.5000    0.000015820.6211   22.8308
    0.0000   -7.5000    0.000016489.5645   22.8679
    7.5000   -7.5000    0.000015773.0410   22.8141
   -7.5000    0.0000    0.000016114.6699   22.8633
    0.0000    0.0000    0.000016825.1094   22.8938
    7.5000    0.0000    0.000016030.7588   22.8339
   -7.5000    7.5000    0.000015173.1621   22.8484
    0.0000    7.5000    0.000015875.2236   22.8600
    7.5000    7.5000    0.000015073.7061   22.7971
   -7.5000   15.0000    0.000014108.7285   22.8080
    0.0000   15.0000    0.000014788.1299   22.8061
    7.5000   15.0000    0.000014038.3457   22.7451
   -7.5000   22.5000    0.000012898.5156   22.7826
    0.0000   22.5000    0.000013473.3057   22.7877
    7.5000   22.5000    0.000012814.8848   22.7321
   -7.5000   30.0000    0.000011573.5508   22.5601
    0.0000   30.0000    0.000012047.7129   22.5850
    7.5000   30.0000    0.000011459.6016   22.5339
   -7.5000   37.5000    0.000010687.5312   22.7134
    0.0000   37.5000    0.000011069.4199   22.7517
    7.5000   37.5000    0.000010523.6465   22.6981
   -7.5000   45.0000    0.0000 9321.0498   22.4091
    0.0000   45.0000    0.0000 9610.2061   22.4371
    7.5000   45.0000    0.0000 9177.1104   22.3759
   -7.5000  -45.0000    7.500012797.0605   22.8171
    0.0000  -45.0000    7.500013281.8789   22.8436
    7.5000  -45.0000    7.500012631.1494   22.7808
   -7.5000  -37.5000    7.500013177.6553   22.7910
    0.0000  -37.5000    7.500013561.0830   22.7975
    7.5000  -37.5000    7.500013077.8223   22.7359
   -7.5000  -30.0000    7.500013657.4863   22.7534
    0.0000  -30.0000    7.500013954.4111   22.7498
    7.5000  -30.0000    7.500013709.1689   22.6941
   -7.5000  -22.5000    7.500014249.8623   22.7355
    0.0000  -22.5000    7.500014573.2988   22.7433
    7.5000  -22.5000    7.500014306.8457   22.6924
   -7.5000  -15.0000    7.500014848.3994   22.7523
    0.0000  -15.0000    7.500015276.4551   22.7814
    7.5000  -15.0000    7.500014888.4258   22.7309
   -7.5000   -7.5000    7.500015365.7100   22.7897
    0.0000   -7.5000    7.500015835.3643   22.8273
    7.5000   -7.5000    7.500015327.1182   22.7707
   -7.5000    0.0000    7.500015652.3965   22.8105
    0.0000    0.0000    7.500016189.7412   22.8368
    7.5000    0.0000    7.500015556.8643   22.7739
   -7.5000    7.5000    7.500014711.6621   22.7910
    0.0000    7.5000    7.500015289.7676   22.7975
    7.5000    7.5000    7.500014577.2373   22.7359
   -7.5000   15.0000    7.500013702.0322   22.7565
    0.0000   15.0000    7.500014281.6670   22.7528
    7.5000   15.0000    7.500013583.9053   22.6969
   -7.5000   22.5000    7.500012528.1680   22.7427
    0.0000   22.5000    7.500013042.0381   22.7505
    7.5000   22.5000    7.500012387.3506   22.6993
   -7.5000   30.0000    7.500011223.2451   22.5257
    0.0000   30.0000    7.500011662.6484   22.5548
    7.5000   30.0000    7.500011093.1514   22.5046
   -7.5000   37.5000    7.500010349.0752   22.6718
    0.0000   37.5000    7.500010681.2646   22.7104
    7.5000   37.5000    7.500010186.9209   22.6536
   -7.5000   45.0000    7.5000 9007.5752   22.3572
    0.0000   45.0000    7.5000 9273.5068   22.3806
    7.5000   45.0000    7.5000 8856.7451   22.3156
   -7.5000  -45.0000   15.000012176.0449   22.8246
    0.0000  -45.0000   15.000012537.8672   22.8356
    7.5000  -45.0000   15.000012046.5986   22.7708
   -7.5000  -37.5000   15.000012583.6670   22.7894
    0.0000  -37.5000   15.000012912.5264   22.7827
    7.5000  -37.5000   15.000012530.8291   22.7244
   -7.5000  -30.0000   15.000013222.9736   22.7527
    0.0000  -30.0000   15.000013521.4990   22.7362
    7.5000  -30.0000   15.000013260.0859   22.6875
   -7.5000  -22.5000   15.000013885.4580   22.7479
    0.0000  -22.5000   15.000014207.5537   22.7410
    7.5000  -22.5000   15.000013867.7236   22.6953
   -7.5000  -15.0000   15.000014445.3770   22.7756
    0.0000  -15.0000   15.000014842.4521   22.7882
    7.5000  -15.0000   15.000014376.2773   22.7374
   -7.5000   -7.5000   15.000014874.4697   22.8092
    0.0000   -7.5000   15.000015314.0342   22.8297
    7.5000   -7.5000   15.000014766.0312   22.7693
   -7.5000    0.0000   15.000015081.0293   22.8180
    0.0000    0.0000   15.000015540.6953   22.8289
    7.5000    0.0000   15.000014934.6152   22.7640
   -7.5000    7.5000   15.000014125.3936   22.7894
    0.0000    7.5000   15.000014601.4316   22.7827
    7.5000    7.5000   15.000013951.3213   22.7244
   -7.5000   15.0000   15.000013105.4160   22.7560
    0.0000   15.0000   15.000013568.0303   22.7394
    7.5000   15.0000   15.000012908.7939   22.6906
   -7.5000   22.5000   15.000011938.9678   22.7556
    0.0000   22.5000   15.000012380.6562   22.7486
    7.5000   22.5000   15.000011768.7188   22.7027
   -7.5000   30.0000   15.000010662.3203   22.5488
    0.0000   30.0000   15.000011073.1221   22.5613
    7.5000   30.0000   15.000010515.3486   22.5107
   -7.5000   37.5000   15.0000 9819.4678   22.6909
    0.0000   37.5000   15.000010133.1875   22.7123
    7.5000   37.5000   15.0000 9647.7012   22.6513
   -7.5000   45.0000   15.0000 8537.9414   22.3632
    0.0000   45.0000   15.0000 8802.3672   22.3715
    7.5000   45.0000   15.0000 8398.1758   22.3041
   -7.5000  -45.0000   22.500011402.6299   22.9199
    0.0000  -45.0000   22.500011866.3018   22.9232
    7.5000  -45.0000   22.500011331.8115   22.8623
   -7.5000  -37.5000   22.500011735.2451   22.8818
    0.0000  -37.5000   22.500012215.9912   22.8700
    7.5000  -37.5000   22.500011726.4990   22.8161
   -7.5000  -30.0000   22.500012400.9619   22.8422
    0.0000  -30.0000   22.500012925.8555   22.8162
    7.5000  -30.0000   22.500012428.4297   22.7707
   -7.5000  -22.5000   22.500013155.0928   22.8400
    0.0000  -22.5000   22.500013730.9873   22.8160
    7.5000  -22.5000   22.500013099.5391   22.7714
   -7.5000  -15.0000   22.500013765.4453   22.8717
    0.0000  -15.0000   22.500014374.0449   22.8639
    7.5000  -15.0000   22.500013642.9609   22.8132
   -7.5000   -7.5000   22.500014157.3760   22.9055
    0.0000   -7.5000   22.500014762.4512   22.9107
    7.5000   -7.5000   22.500014017.7676   22.8516
   -7.5000    0.0000   22.500014311.7461   22.9133
    0.0000    0.0000   22.500014871.8965   22.9165
    7.5000    0.0000   22.500014149.2637   22.8554
   -7.5000    7.5000   22.500013369.3428   22.8818
    0.0000    7.5000   22.500013878.7783   22.8700
    7.5000    7.5000   22.500013202.5596   22.8161
   -7.5000   15.0000   22.500012398.4902   22.8457
    0.0000   15.0000   22.500012843.1543   22.8197
    7.5000   15.0000   22.500012205.9268   22.7740
   -7.5000   22.5000   22.500011326.5791   22.8481
    0.0000   22.5000   22.500011690.6367   22.8240
    7.5000   22.5000   22.500011159.3672   22.7792
   -7.5000   30.0000   22.500010135.4600   22.6446
    0.0000   30.0000   22.500010449.5508   22.6368
    7.5000   30.0000   22.5000 9982.2705   22.5862
   -7.5000   37.5000   22.5000 9303.7891   22.7877
    0.0000   37.5000   22.5000 9546.6641   22.7939
    7.5000   37.5000   22.5000 9148.5830   22.7341
   -7.5000   45.0000   22.5000 8100.7979   22.4556
    0.0000   45.0000   22.5000 8314.4678   22.4571
    7.5000   45.0000   22.5000 7950.4644   22.3939
   -7.5000  -45.0000   30.000010630.4170   23.0462
    0.0000  -45.0000   30.000011047.2490   23.0542
    7.5000  -45.0000   30.000010600.7236   22.9979
   -7.5000  -37.5000   30.000010940.3271   23.0131
    0.0000  -37.5000   30.000011363.5078   23.0065
    7.5000  -37.5000   30.000010932.5176   22.9530
   -7.5000  -30.0000   30.000011584.8760   22.9696
    0.0000  -30.0000   30.000012017.8506   22.9443
    7.5000  -30.0000   30.000011583.3408   22.8943
   -7.5000  -22.5000   30.000012259.5625   22.9580
    0.0000  -22.5000   30.000012679.0732   22.9289
    7.5000  -22.5000   30.000012203.3066   22.8798
   -7.5000  -15.0000   30.000012824.8584   22.9838
    0.0000  -15.0000   30.000013270.9893   22.9697
    7.5000  -15.0000   30.000012737.4033   22.9179
   -7.5000   -7.5000   30.000013239.7256   23.0220
    0.0000   -7.5000   30.000013706.7520   23.0260
    7.5000   -7.5000   30.000013126.6348   22.9704
   -7.5000    0.0000   30.000013432.1475   23.0396
    0.0000    0.0000   30.000013891.2441   23.0474
    7.5000    0.0000   30.000013298.5166   22.9910
   -7.5000    7.5000   30.000012539.8965   23.0131
    0.0000    7.5000   30.000012996.4375   23.0065
    7.5000    7.5000   30.000012416.9639   22.9530
   -7.5000   15.0000   30.000011595.2822   22.9733
    0.0000   15.0000   30.000012016.0889   22.9479
    7.5000   15.0000   30.000011448.8564   22.8977
   -7.5000   22.5000   30.000010562.9697   22.9661
    0.0000   22.5000   30.000010952.4727   22.9370
    7.5000   22.5000   30.000010425.9473   22.8877
   -7.5000   30.0000   30.0000 9451.9873   22.7563
    0.0000   30.0000   30.0000 9775.5977   22.7424
    7.5000   30.0000   30.0000 9307.3301   22.6907
   -7.5000   37.5000   30.0000 8639.5410   22.9050
    0.0000   37.5000   30.0000 8915.4746   22.9103
    7.5000   37.5000   30.0000 8507.7012   22.8543
   -7.5000   45.0000   30.0000 7526.4575   22.5803
    0.0000   45.0000   30.0000 7752.8799   22.5870
    7.5000   45.0000   30.0000 7389.1099   22.5293
   -7.5000  -45.0000   37.500010152.1260   23.1826
    0.0000  -45.0000   37.500010629.5068   23.2030
    7.5000  -45.0000   37.500010153.5010   23.1446
   -7.5000  -37.5000   37.500010462.3408   23.1566
    0.0000  -37.5000   37.500010953.2334   23.1606
    7.5000  -37.5000   37.500010475.2969   23.1001
   -7.5000  -30.0000   37.500011097.3691   23.1089
    0.0000  -30.0000   37.500011593.4453   23.0950
    7.5000  -30.0000   37.500011111.7363   23.0355
   -7.5000  -22.5000   37.500011728.0508   23.0822
    0.0000  -22.5000   37.500012215.2217   23.0677
    7.5000  -22.5000   37.500011698.7617   23.0116
   -7.5000  -15.0000   37.500012257.1611   23.0985
    0.0000  -15.0000   37.500012713.7002   23.1008
    7.5000  -15.0000   37.500012194.6982   23.0471
   -7.5000   -7.5000   37.500012662.1426   23.1444
    0.0000   -7.5000   37.500013116.4238   23.1637
    7.5000   -7.5000   37.500012600.6602   23.1086
   -7.5000    0.0000   37.500012852.9805   23.1758
    0.0000    0.0000   37.500013325.3584   23.1961
    7.5000    0.0000   37.500012781.1113   23.1376
   -7.5000    7.5000   37.500012015.1562   23.1566
    0.0000    7.5000   37.500012472.2070   23.1606
    7.5000    7.5000   37.500011945.1387   23.1001
   -7.5000   15.0000   37.500011095.1855   23.1124
    0.0000   15.0000   37.500011534.2695   23.0984
    7.5000   15.0000   37.500011010.5967   23.0387
   -7.5000   22.5000   37.500010125.4971   23.0901
    0.0000   22.5000   37.500010511.5039   23.0756
    7.5000   22.5000   37.500010018.2588   23.0192
   -7.5000   30.0000   37.5000 9071.1436   22.8702
    0.0000   30.0000   37.5000 9398.3779   22.8727
    7.5000   30.0000   37.5000 8977.6758   22.8191
   -7.5000   37.5000   37.5000 8273.3955   23.0280
    0.0000   37.5000   37.5000 8550.8418   23.0488
    7.5000   37.5000   37.5000 8176.0513   22.9937
   -7.5000   45.0000   37.5000 7206.3853   22.7179
    0.0000   45.0000   37.5000 7453.6885   22.7365
    7.5000   45.0000   37.5000 7107.8682   22.6770
   -7.5000  -45.0000   45.0000 9287.3008   23.4860
    0.0000  -45.0000   45.0000 9773.2998   23.5194
    7.5000  -45.0000   45.0000 9302.9854   23.4551
   -7.5000  -37.5000   45.0000 9599.6973   23.4636
    0.0000  -37.5000   45.000010096.7930   23.4764
    7.5000  -37.5000   45.0000 9622.5664   23.4087
   -7.5000  -30.0000   45.000010213.4658   23.4166
    0.0000  -30.0000   45.000010693.2705   23.4152
    7.5000  -30.0000   45.000010218.3398   23.3496
   -7.5000  -22.5000   45.000010755.4512   23.3843
    0.0000  -22.5000   45.000011227.2480   23.3903
    7.5000  -22.5000   45.000010747.4053   23.3308
   -7.5000  -15.0000   45.000011221.4658   23.3958
    0.0000  -15.0000   45.000011677.0137   23.4231
    7.5000  -15.0000   45.000011193.4004   23.3681
   -7.5000   -7.5000   45.000011594.5117   23.4434
    0.0000   -7.5000   45.000012043.6338   23.4838
    7.5000   -7.5000   45.000011554.7412   23.4261
   -7.5000    0.0000   45.000011788.0449   23.4788
    0.0000    0.0000   45.000012232.3037   23.5122
    7.5000    0.0000   45.000011746.9570   23.4478
   -7.5000    7.5000   45.000011032.5498   23.4636
    0.0000    7.5000   45.000011474.4824   23.4764
    7.5000    7.5000   45.000011007.4189   23.4087
   -7.5000   15.0000   45.000010163.8408   23.4199
    0.0000   15.0000   45.000010596.3398   23.4184
    7.5000   15.0000   45.000010132.8887   23.3527
   -7.5000   22.5000   45.0000 9291.1523   23.3922
    0.0000   22.5000   45.0000 9667.5850   23.3981
    7.5000   22.5000   45.0000 9236.7559   23.3384
   -7.5000   30.0000   45.0000 8338.0156   23.1634
    0.0000   30.0000   45.0000 8658.4473   23.1908
    7.5000   30.0000   45.0000 8283.1465   23.1360
   -7.5000   37.5000   45.0000 7628.2676   23.3255
    0.0000   37.5000   45.0000 7899.4512   23.3673
    7.5000   37.5000   45.0000 7559.5293   23.3098
   -7.5000   45.0000   45.0000 6643.1753   23.0310
    0.0000   45.0000   45.0000 6869.4429   23.0617
    7.5000   45.0000   45.0000 6584.8442   22.9959

---------------------------------------------------------------------
imgreg_4dfp /opt/freesurfer/average/711-2C_as_mni_average_305 /opt/freesurfer/average/711-2B_as_mni_average_305_mask talsrcimg_g11 none talsrcimg_to_711-2C_as_mni_average_305_t4 4355
---------------------------------------------------------------------

freesurfer imgreg_4dfp.c
/opt/freesurfer/average/711-2C_as_mni_average_305.4dfp.img
       256       256       256         1
  1.000000  1.000000  1.000000
orientation T byte_order littleendian
Reading image: /opt/freesurfer/average/711-2C_as_mni_average_305.4dfp.img
dimensions:      256       256       256
mmppix:       1.0000   -1.0000   -1.0000
center:     128.0000 -129.0000 -129.0000
/opt/freesurfer/average/711-2B_as_mni_average_305_mask.4dfp.img
       256       256       256         1
  1.000000  1.000000  1.000000
orientation T byte_order littleendian
Reading mask: /opt/freesurfer/average/711-2B_as_mni_average_305_mask.4dfp.img (2306576 pixels)
talsrcimg_g11.4dfp.img
       256       256       256         1
  1.000000  1.000000  1.000000
orientation T byte_order littleendian
Reading image: talsrcimg_g11.4dfp.img
dimensions:      256       256       256
mmppix:       1.0000   -1.0000   -1.0000
center:     128.0000 -129.0000 -129.0000
rotation matrix determinant  1.000000
image alignment mode   4355 decimal     1103 hex
   -7.5000  -45.0000  -45.0000 2221.9348   19.0494
    0.0000  -45.0000  -45.0000 2236.3118   18.8748
    7.5000  -45.0000  -45.0000 2224.0278   18.9631
   -7.5000  -37.5000  -45.0000 2264.9336   18.2710
    0.0000  -37.5000  -45.0000 2278.4653   18.0099
    7.5000  -37.5000  -45.0000 2262.5056   18.1504
   -7.5000  -30.0000  -45.0000 2279.7297   17.8665
    0.0000  -30.0000  -45.0000 2292.7732   17.6072
    7.5000  -30.0000  -45.0000 2274.6414   17.7195
   -7.5000  -22.5000  -45.0000 2275.2285   17.7438
    0.0000  -22.5000  -45.0000 2283.3225   17.4637
    7.5000  -22.5000  -45.0000 2267.8584   17.6243
   -7.5000  -15.0000  -45.0000 2250.8533   18.0292
    0.0000  -15.0000  -45.0000 2258.9482   17.7502
    7.5000  -15.0000  -45.0000 2238.1882   17.9183
   -7.5000   -7.5000  -45.0000 2203.3538   18.7159
    0.0000   -7.5000  -45.0000 2214.8284   18.4253
    7.5000   -7.5000  -45.0000 2189.6545   18.6333
   -7.5000    0.0000  -45.0000 2135.2622   19.7742
    0.0000    0.0000  -45.0000 2146.7493   19.4348
    7.5000    0.0000  -45.0000 2124.6233   19.6809
   -7.5000    7.5000  -45.0000 2047.7069   21.2245
    0.0000    7.5000  -45.0000 2059.7649   20.8446
    7.5000    7.5000  -45.0000 2036.5520   21.2139
   -7.5000   15.0000  -45.0000 1944.3966   23.3252
    0.0000   15.0000  -45.0000 1954.9745   22.8997
    7.5000   15.0000  -45.0000 1933.5166   23.2597
   -7.5000   22.5000  -45.0000 1843.9764   26.2191
    0.0000   22.5000  -45.0000 1850.5768   25.8278
    7.5000   22.5000  -45.0000 1819.6475   26.1626
   -7.5000   30.0000  -45.0000 1722.2393   30.0120
    0.0000   30.0000  -45.0000 1725.9637   29.6423
    7.5000   30.0000  -45.0000 1704.2303   30.0428
   -7.5000   37.5000  -45.0000 1597.1398   35.4332
    0.0000   37.5000  -45.0000 1597.0029   35.0720
    7.5000   37.5000  -45.0000 1572.8452   35.6724
   -7.5000   45.0000  -45.0000 1462.9561   43.0925
    0.0000   45.0000  -45.0000 1467.4071   42.7068
    7.5000   45.0000  -45.0000 1440.2764   43.2205
   -7.5000  -45.0000  -37.5000 2311.4106   17.5780
    0.0000  -45.0000  -37.5000 2330.4619   17.4509
    7.5000  -45.0000  -37.5000 2309.1272   17.4914
   -7.5000  -37.5000  -37.5000 2353.9058   16.8480
    0.0000  -37.5000  -37.5000 2375.3782   16.6778
    7.5000  -37.5000  -37.5000 2352.2585   16.7266
   -7.5000  -30.0000  -37.5000 2374.0613   16.4760
    0.0000  -30.0000  -37.5000 2397.1396   16.2740
    7.5000  -30.0000  -37.5000 2371.3867   16.3301
   -7.5000  -22.5000  -37.5000 2372.5498   16.3372
    0.0000  -22.5000  -37.5000 2388.7107   16.1467
    7.5000  -22.5000  -37.5000 2370.4407   16.2465
   -7.5000  -15.0000  -37.5000 2354.2654   16.5820
    0.0000  -15.0000  -37.5000 2365.5950   16.3763
    7.5000  -15.0000  -37.5000 2346.4001   16.4879
   -7.5000   -7.5000  -37.5000 2304.8416   17.1659
    0.0000   -7.5000  -37.5000 2316.8513   16.9597
    7.5000   -7.5000  -37.5000 2299.4512   17.1102
   -7.5000    0.0000  -37.5000 2238.0188   18.1224
    0.0000    0.0000  -37.5000 2246.9312   17.8568
    7.5000    0.0000  -37.5000 2224.9126   18.0317
   -7.5000    7.5000  -37.5000 2142.6143   19.4726
    0.0000    7.5000  -37.5000 2150.7390   19.1759
    7.5000    7.5000  -37.5000 2129.5503   19.3966
   -7.5000   15.0000  -37.5000 2028.8085   21.3541
    0.0000   15.0000  -37.5000 2039.3422   21.0138
    7.5000   15.0000  -37.5000 2017.8416   21.2852
   -7.5000   22.5000  -37.5000 1926.6467   23.9326
    0.0000   22.5000  -37.5000 1933.3458   23.6211
    7.5000   22.5000  -37.5000 1906.2911   23.9110
   -7.5000   30.0000  -37.5000 1799.5793   27.3828
    0.0000   30.0000  -37.5000 1798.6328   27.0862
    7.5000   30.0000  -37.5000 1775.1758   27.4772
   -7.5000   37.5000  -37.5000 1665.0125   32.2595
    0.0000   37.5000  -37.5000 1665.4777   31.9294
    7.5000   37.5000  -37.5000 1639.6635   32.4592
   -7.5000   45.0000  -37.5000 1523.5188   38.9159
    0.0000   45.0000  -37.5000 1523.6356   38.6205
    7.5000   45.0000  -37.5000 1500.0034   39.0013
   -7.5000  -45.0000  -30.0000 2438.2373   16.8633
    0.0000  -45.0000  -30.0000 2462.1831   16.7565
    7.5000  -45.0000  -30.0000 2440.3271   16.7426
   -7.5000  -37.5000  -30.0000 2488.0984   16.1375
    0.0000  -37.5000  -30.0000 2510.2644   16.0324
    7.5000  -37.5000  -30.0000 2486.4102   15.9967
   -7.5000  -30.0000  -30.0000 2515.9407   15.7977
    0.0000  -30.0000  -30.0000 2533.9387   15.6429
    7.5000  -30.0000  -30.0000 2507.2639   15.6526
   -7.5000  -22.5000  -30.0000 2512.4299   15.6663
    0.0000  -22.5000  -30.0000 2537.6377   15.5423
    7.5000  -22.5000  -30.0000 2509.0884   15.5970
   -7.5000  -15.0000  -30.0000 2494.3894   15.8951
    0.0000  -15.0000  -30.0000 2514.9026   15.7533
    7.5000  -15.0000  -30.0000 2486.0266   15.8389
   -7.5000   -7.5000  -30.0000 2447.3186   16.4214
    0.0000   -7.5000  -30.0000 2461.8081   16.2873
    7.5000   -7.5000  -30.0000 2433.8721   16.3901
   -7.5000    0.0000  -30.0000 2373.5090   17.2714
    0.0000    0.0000  -30.0000 2382.3765   17.0846
    7.5000    0.0000  -30.0000 2355.9561   17.2603
   -7.5000    7.5000  -30.0000 2271.8906   18.5306
    0.0000    7.5000  -30.0000 2279.8025   18.2911
    7.5000    7.5000  -30.0000 2258.2537   18.4765
   -7.5000   15.0000  -30.0000 2151.7756   20.3400
    0.0000   15.0000  -30.0000 2152.4836   20.0230
    7.5000   15.0000  -30.0000 2133.9949   20.2425
   -7.5000   22.5000  -30.0000 2036.0475   22.7926
    0.0000   22.5000  -30.0000 2034.4639   22.4500
    7.5000   22.5000  -30.0000 2014.0426   22.7273
   -7.5000   30.0000  -30.0000 1901.4972   26.1400
    0.0000   30.0000  -30.0000 1901.7540   25.8024
    7.5000   30.0000  -30.0000 1878.3209   26.2542
   -7.5000   37.5000  -30.0000 1756.8279   30.6353
    0.0000   37.5000  -30.0000 1757.6416   30.2331
    7.5000   37.5000  -30.0000 1731.6882   30.7592
   -7.5000   45.0000  -30.0000 1611.0402   36.7304
    0.0000   45.0000  -30.0000 1615.7399   36.5344
    7.5000   45.0000  -30.0000 1582.8977   36.9606
   -7.5000  -45.0000  -22.5000 2549.6885   16.1220
    0.0000  -45.0000  -22.5000 2566.7485   16.0025
    7.5000  -45.0000  -22.5000 2540.4792   15.9912
   -7.5000  -37.5000  -22.5000 2607.9795   15.3854
    0.0000  -37.5000  -22.5000 2619.3176   15.2691
    7.5000  -37.5000  -22.5000 2596.4534   15.2545
   -7.5000  -30.0000  -22.5000 2637.1384   15.0592
    0.0000  -30.0000  -22.5000 2649.4043   14.9197
    7.5000  -30.0000  -22.5000 2624.7246   14.9081
   -7.5000  -22.5000  -22.5000 2637.3582   14.9844
    0.0000  -22.5000  -22.5000 2658.7739   14.8950
    7.5000  -22.5000  -22.5000 2625.2874   14.8945
   -7.5000  -15.0000  -22.5000 2617.6382   15.2222
    0.0000  -15.0000  -22.5000 2636.5010   15.1297
    7.5000  -15.0000  -22.5000 2602.2375   15.1535
   -7.5000   -7.5000  -22.5000 2568.6091   15.7107
    0.0000   -7.5000  -22.5000 2582.8640   15.6181
    7.5000   -7.5000  -22.5000 2549.9456   15.6696
   -7.5000    0.0000  -22.5000 2487.9309   16.5050
    0.0000    0.0000  -22.5000 2497.4558   16.3848
    7.5000    0.0000  -22.5000 2467.1306   16.5055
   -7.5000    7.5000  -22.5000 2379.2412   17.6451
    0.0000    7.5000  -22.5000 2390.6975   17.4622
    7.5000    7.5000  -22.5000 2369.2986   17.6384
   -7.5000   15.0000  -22.5000 2253.0842   19.3012
    0.0000   15.0000  -22.5000 2255.0847   19.0622
    7.5000   15.0000  -22.5000 2232.5701   19.2554
   -7.5000   22.5000  -22.5000 2123.2178   21.6483
    0.0000   22.5000  -22.5000 2118.8774   21.3469
    7.5000   22.5000  -22.5000 2098.9705   21.6416
   -7.5000   30.0000  -22.5000 1978.8865   24.8045
    0.0000   30.0000  -22.5000 1977.3093   24.4444
    7.5000   30.0000  -22.5000 1958.6497   24.9070
   -7.5000   37.5000  -22.5000 1832.7625   29.0398
    0.0000   37.5000  -22.5000 1830.8882   28.5703
    7.5000   37.5000  -22.5000 1811.1837   29.1346
   -7.5000   45.0000  -22.5000 1684.5203   34.8123
    0.0000   45.0000  -22.5000 1686.3080   34.3236
    7.5000   45.0000  -22.5000 1662.0842   35.0209
   -7.5000  -45.0000  -15.0000 2624.0752   15.4767
    0.0000  -45.0000  -15.0000 2635.6565   15.3530
    7.5000  -45.0000  -15.0000 2610.0227   15.3418
   -7.5000  -37.5000  -15.0000 2689.7024   14.7066
    0.0000  -37.5000  -15.0000 2700.2615   14.5913
    7.5000  -37.5000  -15.0000 2672.5491   14.5731
   -7.5000  -30.0000  -15.0000 2724.5625   14.3511
    0.0000  -30.0000  -15.0000 2735.3135   14.2470
    7.5000  -30.0000  -15.0000 2707.5374   14.2164
   -7.5000  -22.5000  -15.0000 2731.9883   14.3172
    0.0000  -22.5000  -15.0000 2753.8779   14.2583
    7.5000  -22.5000  -15.0000 2717.2300   14.2006
   -7.5000  -15.0000  -15.0000 2710.3123   14.5746
    0.0000  -15.0000  -15.0000 2734.3306   14.5006
    7.5000  -15.0000  -15.0000 2695.1899   14.4851
   -7.5000   -7.5000  -15.0000 2667.1426   15.0770
    0.0000   -7.5000  -15.0000 2680.7388   14.9942
    7.5000   -7.5000  -15.0000 2640.0647   15.0175
   -7.5000    0.0000  -15.0000 2577.8811   15.8594
    0.0000    0.0000  -15.0000 2594.9404   15.7553
    7.5000    0.0000  -15.0000 2555.3027   15.8017
   -7.5000    7.5000  -15.0000 2463.2827   16.9154
    0.0000    7.5000  -15.0000 2482.4480   16.7930
    7.5000    7.5000  -15.0000 2450.4597   16.8817
   -7.5000   15.0000  -15.0000 2328.4326   18.4659
    0.0000   15.0000  -15.0000 2339.8872   18.3190
    7.5000   15.0000  -15.0000 2310.6074   18.4413
   -7.5000   22.5000  -15.0000 2185.4514   20.7379
    0.0000   22.5000  -15.0000 2190.9431   20.4539
    7.5000   22.5000  -15.0000 2165.9055   20.6339
   -7.5000   30.0000  -15.0000 2032.8285   23.6665
    0.0000   30.0000  -15.0000 2035.7458   23.3484
    7.5000   30.0000  -15.0000 2011.9088   23.6455
   -7.5000   37.5000  -15.0000 1875.9352   27.5357
    0.0000   37.5000  -15.0000 1882.0228   27.2071
    7.5000   37.5000  -15.0000 1853.5165   27.6550
   -7.5000   45.0000  -15.0000 1723.7773   32.8640
    0.0000   45.0000  -15.0000 1727.6157   32.6407
    7.5000   45.0000  -15.0000 1706.9459   33.0327
   -7.5000  -45.0000   -7.5000 2675.2439   14.9684
    0.0000  -45.0000   -7.5000 2691.9565   14.8200
    7.5000  -45.0000   -7.5000 2661.6316   14.8102
   -7.5000  -37.5000   -7.5000 2751.7129   14.1334
    0.0000  -37.5000   -7.5000 2769.9226   13.9742
    7.5000  -37.5000   -7.5000 2732.7390   14.0145
   -7.5000  -30.0000   -7.5000 2798.2622   13.7018
    0.0000  -30.0000   -7.5000 2812.8401   13.5650
    7.5000  -30.0000   -7.5000 2775.0537   13.6051
   -7.5000  -22.5000   -7.5000 2811.7656   13.6967
    0.0000  -22.5000   -7.5000 2833.9749   13.5941
    7.5000  -22.5000   -7.5000 2793.0935   13.5949
   -7.5000  -15.0000   -7.5000 2794.0867   13.9596
    0.0000  -15.0000   -7.5000 2817.5215   13.8698
    7.5000  -15.0000   -7.5000 2774.7542   13.8670
   -7.5000   -7.5000   -7.5000 2739.5830   14.4451
    0.0000   -7.5000   -7.5000 2756.7842   14.3581
    7.5000   -7.5000   -7.5000 2711.4075   14.4111
   -7.5000    0.0000   -7.5000 2644.5569   15.2311
    0.0000    0.0000   -7.5000 2666.3765   15.1264
    7.5000    0.0000   -7.5000 2618.7085   15.2098
   -7.5000    7.5000   -7.5000 2524.0125   16.3039
    0.0000    7.5000   -7.5000 2541.6614   16.1797
    7.5000    7.5000   -7.5000 2505.7109   16.2450
   -7.5000   15.0000   -7.5000 2387.4382   17.7698
    0.0000   15.0000   -7.5000 2396.6489   17.6128
    7.5000   15.0000   -7.5000 2372.5989   17.7398
   -7.5000   22.5000   -7.5000 2234.4902   19.8805
    0.0000   22.5000   -7.5000 2240.6575   19.6171
    7.5000   22.5000   -7.5000 2218.4624   19.7965
   -7.5000   30.0000   -7.5000 2071.1233   22.6677
    0.0000   30.0000   -7.5000 2074.2197   22.3309
    7.5000   30.0000   -7.5000 2050.6650   22.6265
   -7.5000   37.5000   -7.5000 1906.1547   26.2985
    0.0000   37.5000   -7.5000 1912.3723   25.8967
    7.5000   37.5000   -7.5000 1886.6749   26.3624
   -7.5000   45.0000   -7.5000 1739.5310   31.1098
    0.0000   45.0000   -7.5000 1744.2881   30.8102
    7.5000   45.0000   -7.5000 1731.4620   31.2367
   -7.5000  -45.0000    0.0000 2705.9612   14.6291
    0.0000  -45.0000    0.0000 2725.6497   14.4191
    7.5000  -45.0000    0.0000 2696.2087   14.4696
   -7.5000  -37.5000    0.0000 2789.2959   13.8187
    0.0000  -37.5000    0.0000 2817.1677   13.5414
    7.5000  -37.5000    0.0000 2780.3350   13.6868
   -7.5000  -30.0000    0.0000 2842.4519   13.2437
    0.0000  -30.0000    0.0000 2863.6204   13.0000
    7.5000  -30.0000    0.0000 2826.7854   13.2073
   -7.5000  -22.5000    0.0000 2860.2871   13.1521
    0.0000  -22.5000    0.0000 2877.8828   12.9421
    7.5000  -22.5000    0.0000 2842.3711   13.1052
   -7.5000  -15.0000    0.0000 2836.6763   13.4067
    0.0000  -15.0000    0.0000 2853.4534   13.2345
    7.5000  -15.0000    0.0000 2819.5642   13.4169
   -7.5000   -7.5000    0.0000 2776.2429   13.9441
    0.0000   -7.5000    0.0000 2790.4600   13.8146
    7.5000   -7.5000    0.0000 2756.5942   13.9579
   -7.5000    0.0000    0.0000 2674.0457   14.7532
    0.0000    0.0000    0.0000 2693.4678   14.6272
    7.5000    0.0000    0.0000 2659.0608   14.7409
   -7.5000    7.5000    0.0000 2547.3796   15.8374
    0.0000    7.5000    0.0000 2566.1531   15.6821
    7.5000    7.5000    0.0000 2537.3035   15.7920
   -7.5000   15.0000    0.0000 2410.2703   17.3199
    0.0000   15.0000    0.0000 2428.0298   17.0991
    7.5000   15.0000    0.0000 2402.7864   17.2422
   -7.5000   22.5000    0.0000 2257.8303   19.2712
    0.0000   22.5000    0.0000 2268.7419   19.0313
    7.5000   22.5000    0.0000 2245.7441   19.2260
   -7.5000   30.0000    0.0000 2091.7695   21.9100
    0.0000   30.0000    0.0000 2099.8167   21.6333
    7.5000   30.0000    0.0000 2073.5391   21.9548
   -7.5000   37.5000    0.0000 1926.0168   25.4131
    0.0000   37.5000    0.0000 1935.8470   25.0513
    7.5000   37.5000    0.0000 1907.4150   25.5025
   -7.5000   45.0000    0.0000 1754.7098   30.0345
    0.0000   45.0000    0.0000 1757.9197   29.7169
    7.5000   45.0000    0.0000 1739.1313   30.1164
   -7.5000  -45.0000    7.5000 2710.1091   14.5572
    0.0000  -45.0000    7.5000 2726.0674   14.1531
    7.5000  -45.0000    7.5000 2704.0220   14.3394
   -7.5000  -37.5000    7.5000 2805.1365   13.7958
    0.0000  -37.5000    7.5000 2828.2717   13.3845
    7.5000  -37.5000    7.5000 2800.9045   13.5830
   -7.5000  -30.0000    7.5000 2861.9194   13.1171
    0.0000  -30.0000    7.5000 2875.7756   12.6737
    7.5000  -30.0000    7.5000 2853.7080   13.0838
   -7.5000  -22.5000    7.5000 2882.4890   12.9139
    0.0000  -22.5000    7.5000 2887.7429   12.5406
    7.5000  -22.5000    7.5000 2868.2507   12.9682
   -7.5000  -15.0000    7.5000 2851.5605   13.2064
    0.0000  -15.0000    7.5000 2865.5337   12.9158
    7.5000  -15.0000    7.5000 2841.5771   13.2241
   -7.5000   -7.5000    7.5000 2792.6057   13.7949
    0.0000   -7.5000    7.5000 2799.2500   13.5502
    7.5000   -7.5000    7.5000 2772.5227   13.7691
   -7.5000    0.0000    7.5000 2687.8528   14.6211
    0.0000    0.0000    7.5000 2699.0745   14.3928
    7.5000    0.0000    7.5000 2673.3403   14.5385
   -7.5000    7.5000    7.5000 2555.7952   15.6956
    0.0000    7.5000    7.5000 2573.7432   15.4604
    7.5000    7.5000    7.5000 2542.6201   15.5778
   -7.5000   15.0000    7.5000 2418.6335   17.1526
    0.0000   15.0000    7.5000 2435.8284   16.8854
    7.5000   15.0000    7.5000 2412.1038   17.0045
   -7.5000   22.5000    7.5000 2270.8250   19.0964
    0.0000   22.5000    7.5000 2276.1084   18.7933
    7.5000   22.5000    7.5000 2253.6084   18.9627
   -7.5000   30.0000    7.5000 2098.8108   21.6625
    0.0000   30.0000    7.5000 2106.7537   21.3360
    7.5000   30.0000    7.5000 2085.0298   21.6628
   -7.5000   37.5000    7.5000 1934.9287   25.0518
    0.0000   37.5000    7.5000 1935.4883   24.6062
    7.5000   37.5000    7.5000 1920.3220   25.1179
   -7.5000   45.0000    7.5000 1766.3911   29.5103
    0.0000   45.0000    7.5000 1764.0649   29.0434
    7.5000   45.0000    7.5000 1748.1277   29.5092
   -7.5000  -45.0000   15.0000 2684.9893   14.7056
    0.0000  -45.0000   15.0000 2695.9951   14.1904
    7.5000  -45.0000   15.0000 2679.9390   14.4780
   -7.5000  -37.5000   15.0000 2784.8506   13.9412
    0.0000  -37.5000   15.0000 2801.2600   13.4927
    7.5000  -37.5000   15.0000 2782.2427   13.7567
   -7.5000  -30.0000   15.0000 2844.3228   13.3412
    0.0000  -30.0000   15.0000 2857.7771   12.9207
    7.5000  -30.0000   15.0000 2841.6116   13.2999
   -7.5000  -22.5000   15.0000 2870.2207   13.1420
    0.0000  -22.5000   15.0000 2884.5259   12.7945
    7.5000  -22.5000   15.0000 2862.9338   13.0949
   -7.5000  -15.0000   15.0000 2841.9670   13.3559
    0.0000  -15.0000   15.0000 2856.1467   13.0695
    7.5000  -15.0000   15.0000 2834.4937   13.2580
   -7.5000   -7.5000   15.0000 2779.5374   13.8748
    0.0000   -7.5000   15.0000 2787.7424   13.6388
    7.5000   -7.5000   15.0000 2762.5623   13.7745
   -7.5000    0.0000   15.0000 2673.2102   14.6613
    0.0000    0.0000   15.0000 2681.8201   14.4521
    7.5000    0.0000   15.0000 2659.4766   14.5349
   -7.5000    7.5000   15.0000 2540.1147   15.7423
    0.0000    7.5000   15.0000 2553.7424   15.5397
    7.5000    7.5000   15.0000 2527.3755   15.5937
   -7.5000   15.0000   15.0000 2399.5728   17.1929
    0.0000   15.0000   15.0000 2414.1797   16.9609
    7.5000   15.0000   15.0000 2385.9395   17.0146
   -7.5000   22.5000   15.0000 2247.9797   19.1165
    0.0000   22.5000   15.0000 2258.1482   18.8374
    7.5000   22.5000   15.0000 2234.9255   18.9373
   -7.5000   30.0000   15.0000 2084.6299   21.6596
    0.0000   30.0000   15.0000 2097.6770   21.3861
    7.5000   30.0000   15.0000 2072.8687   21.5498
   -7.5000   37.5000   15.0000 1928.1324   24.9108
    0.0000   37.5000   15.0000 1932.6699   24.6051
    7.5000   37.5000   15.0000 1915.0128   24.9121
   -7.5000   45.0000   15.0000 1761.7008   29.3717
    0.0000   45.0000   15.0000 1766.8861   29.0273
    7.5000   45.0000   15.0000 1745.1033   29.3587
   -7.5000  -45.0000   22.5000 2636.7903   15.0903
    0.0000  -45.0000   22.5000 2652.8838   14.7194
    7.5000  -45.0000   22.5000 2634.8782   14.9090
   -7.5000  -37.5000   22.5000 2736.2761   14.2989
    0.0000  -37.5000   22.5000 2757.2483   13.9865
    7.5000  -37.5000   22.5000 2729.5100   14.1863
   -7.5000  -30.0000   22.5000 2797.9763   13.7133
    0.0000  -30.0000   22.5000 2817.5557   13.4540
    7.5000  -30.0000   22.5000 2793.5908   13.6838
   -7.5000  -22.5000   22.5000 2830.3596   13.6175
    0.0000  -22.5000   22.5000 2846.4595   13.4240
    7.5000  -22.5000   22.5000 2820.5007   13.5075
   -7.5000  -15.0000   22.5000 2809.3706   13.8308
    0.0000  -15.0000   22.5000 2827.0762   13.6635
    7.5000  -15.0000   22.5000 2796.1394   13.6758
   -7.5000   -7.5000   22.5000 2735.7488   14.2763
    0.0000   -7.5000   22.5000 2755.5037   14.1467
    7.5000   -7.5000   22.5000 2720.3254   14.1412
   -7.5000    0.0000   22.5000 2630.0613   14.9834
    0.0000    0.0000   22.5000 2644.2578   14.8272
    7.5000    0.0000   22.5000 2612.9004   14.8410
   -7.5000    7.5000   22.5000 2508.0457   16.0057
    0.0000    7.5000   22.5000 2525.3374   15.8175
    7.5000    7.5000   22.5000 2494.6082   15.8448
   -7.5000   15.0000   22.5000 2371.9785   17.4028
    0.0000   15.0000   22.5000 2387.7312   17.1546
    7.5000   15.0000   22.5000 2360.9177   17.2084
   -7.5000   22.5000   22.5000 2221.6680   19.3163
    0.0000   22.5000   22.5000 2228.2378   19.0015
    7.5000   22.5000   22.5000 2217.8474   19.1573
   -7.5000   30.0000   22.5000 2061.6941   21.8528
    0.0000   30.0000   22.5000 2069.6270   21.4795
    7.5000   30.0000   22.5000 2050.1265   21.7391
   -7.5000   37.5000   22.5000 1911.0253   25.1533
    0.0000   37.5000   22.5000 1912.4554   24.7761
    7.5000   37.5000   22.5000 1890.6686   25.1850
   -7.5000   45.0000   22.5000 1748.6771   29.6137
    0.0000   45.0000   22.5000 1753.9216   29.3504
    7.5000   45.0000   22.5000 1728.1548   29.7592
   -7.5000  -45.0000   30.0000 2575.5488   15.7135
    0.0000  -45.0000   30.0000 2593.3999   15.3601
    7.5000  -45.0000   30.0000 2575.8511   15.5793
   -7.5000  -37.5000   30.0000 2675.2847   14.8685
    0.0000  -37.5000   30.0000 2695.4709   14.5781
    7.5000  -37.5000   30.0000 2666.9343   14.7965
   -7.5000  -30.0000   30.0000 2739.4407   14.3418
    0.0000  -30.0000   30.0000 2751.6909   14.0651
    7.5000  -30.0000   30.0000 2727.6006   14.2566
   -7.5000  -22.5000   30.0000 2763.5186   14.2613
    0.0000  -22.5000   30.0000 2770.1387   14.0069
    7.5000  -22.5000   30.0000 2748.1724   14.1161
   -7.5000  -15.0000   30.0000 2741.9404   14.4494
    0.0000  -15.0000   30.0000 2749.0193   14.2360
    7.5000  -15.0000   30.0000 2726.3198   14.2925
   -7.5000   -7.5000   30.0000 2671.7024   14.9127
    0.0000   -7.5000   30.0000 2684.1921   14.7154
    7.5000   -7.5000   30.0000 2657.9473   14.7510
   -7.5000    0.0000   30.0000 2571.2048   15.6574
    0.0000    0.0000   30.0000 2585.3123   15.4786
    7.5000    0.0000   30.0000 2556.8704   15.5043
   -7.5000    7.5000   30.0000 2453.1699   16.6690
    0.0000    7.5000   30.0000 2472.1206   16.4552
    7.5000    7.5000   30.0000 2443.0444   16.4872
   -7.5000   15.0000   30.0000 2324.2251   17.9911
    0.0000   15.0000   30.0000 2338.0479   17.7537
    7.5000   15.0000   30.0000 2310.0254   17.8337
   -7.5000   22.5000   30.0000 2179.5149   19.8116
    0.0000   22.5000   30.0000 2191.2781   19.5439
    7.5000   22.5000   30.0000 2168.5881   19.6957
   -7.5000   30.0000   30.0000 2028.2506   22.3457
    0.0000   30.0000   30.0000 2030.4965   21.9382
    7.5000   30.0000   30.0000 2011.0450   22.2163
   -7.5000   37.5000   30.0000 1876.0880   25.6173
    0.0000   37.5000   30.0000 1877.7173   25.1906
    7.5000   37.5000   30.0000 1865.5026   25.5808
   -7.5000   45.0000   30.0000 1721.6647   30.1023
    0.0000   45.0000   30.0000 1724.4188   29.7905
    7.5000   45.0000   30.0000 1709.8301   30.1893
   -7.5000  -45.0000   37.5000 2507.3513   16.5323
    0.0000  -45.0000   37.5000 2533.8218   16.3152
    7.5000  -45.0000   37.5000 2503.9641   16.4678
   -7.5000  -37.5000   37.5000 2600.7815   15.6990
    0.0000  -37.5000   37.5000 2624.6877   15.4731
    7.5000  -37.5000   37.5000 2589.8203   15.6452
   -7.5000  -30.0000   37.5000 2657.8086   15.1989
    0.0000  -30.0000   37.5000 2675.8811   14.9612
    7.5000  -30.0000   37.5000 2645.1504   15.1062
   -7.5000  -22.5000   37.5000 2676.5964   15.0890
    0.0000  -22.5000   37.5000 2691.5229   14.8413
    7.5000  -22.5000   37.5000 2659.9126   14.9431
   -7.5000  -15.0000   37.5000 2653.6172   15.2575
    0.0000  -15.0000   37.5000 2660.2397   15.0441
    7.5000  -15.0000   37.5000 2635.1958   15.1181
   -7.5000   -7.5000   37.5000 2590.7454   15.7096
    0.0000   -7.5000   37.5000 2600.2891   15.5158
    7.5000   -7.5000   37.5000 2579.3125   15.5686
   -7.5000    0.0000   37.5000 2498.5193   16.4059
    0.0000    0.0000   37.5000 2512.9626   16.2371
    7.5000    0.0000   37.5000 2487.2537   16.2956
   -7.5000    7.5000   37.5000 2394.0151   17.4373
    0.0000    7.5000   37.5000 2410.8323   17.2029
    7.5000    7.5000   37.5000 2382.7014   17.2909
   -7.5000   15.0000   37.5000 2264.7104   18.8142
    0.0000   15.0000   37.5000 2281.9827   18.5282
    7.5000   15.0000   37.5000 2254.1313   18.6383
   -7.5000   22.5000   37.5000 2131.7717   20.6188
    0.0000   22.5000   37.5000 2139.8247   20.3226
    7.5000   22.5000   37.5000 2115.2031   20.4737
   -7.5000   30.0000   37.5000 1984.9404   23.0974
    0.0000   30.0000   37.5000 1986.5739   22.7822
    7.5000   30.0000   37.5000 1975.2018   22.9875
   -7.5000   37.5000   37.5000 1837.5959   26.4892
    0.0000   37.5000   37.5000 1838.7490   26.1095
    7.5000   37.5000   37.5000 1827.0254   26.4408
   -7.5000   45.0000   37.5000 1685.9823   31.1021
    0.0000   45.0000   37.5000 1689.7333   30.6807
    7.5000   45.0000   37.5000 1673.8817   31.0898
   -7.5000  -45.0000   45.0000 2429.9084   17.6962
    0.0000  -45.0000   45.0000 2459.5952   17.5129
    7.5000  -45.0000   45.0000 2425.3494   17.6479
   -7.5000  -37.5000   45.0000 2516.2466   16.7951
    0.0000  -37.5000   45.0000 2543.6797   16.6391
    7.5000  -37.5000   45.0000 2506.7839   16.7408
   -7.5000  -30.0000   45.0000 2566.3672   16.2552
    0.0000  -30.0000   45.0000 2585.5627   16.0584
    7.5000  -30.0000   45.0000 2551.8120   16.1792
   -7.5000  -22.5000   45.0000 2574.1021   16.0688
    0.0000  -22.5000   45.0000 2590.3101   15.8376
    7.5000  -22.5000   45.0000 2560.6887   15.9482
   -7.5000  -15.0000   45.0000 2547.9287   16.2422
    0.0000  -15.0000   45.0000 2557.6223   16.0509
    7.5000  -15.0000   45.0000 2532.1462   16.1353
   -7.5000   -7.5000   45.0000 2495.4443   16.7007
    0.0000   -7.5000   45.0000 2503.0420   16.5181
    7.5000   -7.5000   45.0000 2481.2393   16.5764
   -7.5000    0.0000   45.0000 2412.5159   17.3911
    0.0000    0.0000   45.0000 2423.3086   17.2079
    7.5000    0.0000   45.0000 2400.7781   17.2641
   -7.5000    7.5000   45.0000 2318.2832   18.4016
    0.0000    7.5000   45.0000 2332.5938   18.1866
    7.5000    7.5000   45.0000 2310.9795   18.2761
   -7.5000   15.0000   45.0000 2193.3303   19.7734
    0.0000   15.0000   45.0000 2209.6338   19.4833
    7.5000   15.0000   45.0000 2185.9797   19.6169
   -7.5000   22.5000   45.0000 2069.4875   21.6728
    0.0000   22.5000   45.0000 2077.8125   21.3414
    7.5000   22.5000   45.0000 2057.2690   21.5107
   -7.5000   30.0000   45.0000 1936.2830   24.2094
    0.0000   30.0000   45.0000 1938.0383   23.8835
    7.5000   30.0000   45.0000 1924.5104   24.0736
   -7.5000   37.5000   45.0000 1796.7150   27.6998
    0.0000   37.5000   45.0000 1796.0726   27.3300
    7.5000   37.5000   45.0000 1784.9055   27.6773
   -7.5000   45.0000   45.0000 1643.0844   32.4950
    0.0000   45.0000   45.0000 1640.0031   32.0357
    7.5000   45.0000   45.0000 1632.7474   32.3891

---------------------------------------------------------------------
imgreg_4dfp /opt/freesurfer/average/711-2C_as_mni_average_305 /opt/freesurfer/average/711-2B_as_mni_average_305_mask talsrcimg_g11 none talsrcimg_to_711-2C_as_mni_average_305_t4 1283
---------------------------------------------------------------------

freesurfer imgreg_4dfp.c
/opt/freesurfer/average/711-2C_as_mni_average_305.4dfp.img
       256       256       256         1
  1.000000  1.000000  1.000000
orientation T byte_order littleendian
Reading image: /opt/freesurfer/average/711-2C_as_mni_average_305.4dfp.img
dimensions:      256       256       256
mmppix:       1.0000   -1.0000   -1.0000
center:     128.0000 -129.0000 -129.0000
/opt/freesurfer/average/711-2B_as_mni_average_305_mask.4dfp.img
       256       256       256         1
  1.000000  1.000000  1.000000
orientation T byte_order littleendian
Reading mask: /opt/freesurfer/average/711-2B_as_mni_average_305_mask.4dfp.img (2306576 pixels)
talsrcimg_g11.4dfp.img
       256       256       256         1
  1.000000  1.000000  1.000000
orientation T byte_order littleendian
Reading image: talsrcimg_g11.4dfp.img
dimensions:      256       256       256
mmppix:       1.0000   -1.0000   -1.0000
center:     128.0000 -129.0000 -129.0000
rotation matrix determinant  1.000000
fimgreg.f
image alignment mode   1283 decimal      503 hex
parameters
    0.0000  -22.5000    7.5000    0.0000    0.0000    0.0000
eta,q 0.90628 12.48916
niter,ni,del,rscale     5    3   12.0000    1.2000
parameter  1  0.872750 ->  0.500000 qaram    1.1500
parameter  3 -0.240096 ->  0.500000 qaram    1.1500
parameter  4  2.158544 ->  0.500000 qaram    1.1500
parameter  6 -1.009331 -> -0.500000 qaram    1.1500
parameters
   -3.4500  -23.2387    4.0500   -3.4500    0.4077    3.4500
eta,q 0.91084 12.38898
  0.0952  0.0978  0.0951  0.0899  0.0946  0.0974
  0.0962  0.0974  0.0923  0.0904  0.0911  0.0949
  0.0963  0.0964  0.0934  0.0913  0.0901  0.0928
  0.0951  0.0958  0.0960  0.0926  0.0905  0.0909
  0.0975  0.0960  0.0970  0.0933  0.0914  0.0896
  0.0997  0.0974  0.0956  0.0946  0.0922  0.0890
  0.0997  0.1005  0.0936  0.0963  0.0923  0.0888
niter,ni,del,rscale     7    3   12.0000    1.2000
parameter  4  0.883746 ->  0.500000 qaram    1.3225
parameters
   -0.4717  -22.7795    6.5596   -7.4175    2.6456    4.9937
eta,q 0.91293 12.53747
  0.1036  0.0957  0.0955  0.0863  0.0931  0.0927
  0.0959  0.0920  0.0936  0.0866  0.0913  0.0896
  0.0922  0.0888  0.0912  0.0865  0.0882  0.0876
  0.0892  0.0865  0.0863  0.0876  0.0865  0.0869
  0.0872  0.0872  0.0873  0.0900  0.0867  0.0873
  0.0864  0.0902  0.0898  0.0922  0.0880  0.0882
  0.0902  0.0937  0.0891  0.0940  0.0877  0.0886
niter,ni,del,rscale     7    3   12.0000    1.2000
parameter  3  1.802460 -> -0.500000 qaram    1.3225
parameter  4  1.465881 ->  0.500000 qaram    1.5209
parameter  5 -0.608568 -> -0.500000 qaram    1.1500
parameters
   -0.5789  -22.8620   10.5271  -11.9801    6.0956    4.7862
eta,q 0.91827 12.64514
  0.0901  0.0906  0.0902  0.0796  0.0864  0.0854
  0.0907  0.0881  0.0868  0.0820  0.0844  0.0829
  0.0899  0.0869  0.0853  0.0846  0.0835  0.0818
  0.0871  0.0871  0.0871  0.0855  0.0827  0.0818
  0.0877  0.0876  0.0867  0.0868  0.0820  0.0826
  0.0879  0.0885  0.0846  0.0913  0.0818  0.0838
  0.0930  0.0904  0.0809  0.0966  0.0822  0.0852
niter,ni,del,rscale     7    3   12.0000    1.2000
parameter  4  0.755952 ->  0.500000 qaram    1.7490
parameters
   -2.9779  -21.4922   10.6515  -17.2272    6.9961    4.9144
eta,q 0.92211 12.73079
  0.0823  0.0886  0.0868  0.0803  0.0826  0.0835
  0.0827  0.0846  0.0871  0.0782  0.0801  0.0810
  0.0818  0.0821  0.0851  0.0804  0.0796  0.0789
  0.0817  0.0819  0.0821  0.0820  0.0786  0.0779
  0.0828  0.0821  0.0800  0.0840  0.0774  0.0788
  0.0865  0.0822  0.0837  0.0860  0.0783  0.0804
  0.0965  0.0838  0.0902  0.0904  0.0815  0.0833
niter,ni,del,rscale     7    3   12.0000    1.2000
parameters
   -2.6596  -20.4447    9.2089  -17.7912    6.4545    5.1253
eta,q 0.92250 12.62099
  0.0872  0.0878  0.0847  0.0861  0.0809  0.0835
  0.0843  0.0830  0.0833  0.0823  0.0785  0.0808
  0.0824  0.0792  0.0787  0.0780  0.0780  0.0783
  0.0779  0.0777  0.0780  0.0777  0.0773  0.0775
  0.0792  0.0788  0.0806  0.0815  0.0772  0.0786
  0.0817  0.0807  0.0864  0.0837  0.0789  0.0804
  0.0876  0.0820  0.0951  0.0867  0.0833  0.0827
niter,ni,del,rscale     6    3   12.0000    1.2000
parameters
   -2.2661  -19.7038    8.6393  -19.0587    5.6708    5.9691
eta,q 0.92210 12.62055
  0.0857  0.0853  0.0845  0.0851  0.0805  0.0840
  0.0828  0.0812  0.0847  0.0818  0.0782  0.0813
  0.0807  0.0776  0.0821  0.0783  0.0779  0.0791
  0.0775  0.0772  0.0780  0.0784  0.0778  0.0780
  0.0779  0.0793  0.0792  0.0816  0.0778  0.0782
  0.0796  0.0804  0.0831  0.0847  0.0790  0.0796
  0.0860  0.0810  0.0903  0.0878  0.0830  0.0818
niter,ni,del,rscale     5    3   12.0000    1.2000
parameters
   -2.0509  -18.8516    8.3772  -20.3835    4.9793    6.2699
eta,q 0.92191 12.65264
  0.0854  0.0852  0.0846  0.0849  0.0812  0.0834
  0.0823  0.0807  0.0852  0.0818  0.0781  0.0810
  0.0801  0.0774  0.0839  0.0785  0.0776  0.0791
  0.0779  0.0778  0.0786  0.0790  0.0783  0.0781
  0.0784  0.0796  0.0785  0.0811  0.0786  0.0788
  0.0796  0.0802  0.0828  0.0845  0.0793  0.0802
  0.0863  0.0805  0.0895  0.0881  0.0825  0.0827
niter,ni,del,rscale     4    3   12.0000    1.2000
parameters
   -2.0320  -17.8966    7.9885  -21.7347    5.2288    6.0645
eta,q 0.92145 12.65931
  0.0849  0.0843  0.0842  0.0850  0.0826  0.0832
  0.0820  0.0807  0.0845  0.0809  0.0794  0.0806
  0.0798  0.0781  0.0841  0.0783  0.0779  0.0788
  0.0781  0.0781  0.0789  0.0796  0.0786  0.0786
  0.0791  0.0798  0.0783  0.0812  0.0784  0.0796
  0.0801  0.0803  0.0826  0.0839  0.0793  0.0812
  0.0863  0.0802  0.0896  0.0879  0.0816  0.0834
niter,ni,del,rscale     3    3   12.0000    1.2000
parameters
   -2.4202  -16.5954    7.5611  -22.4439    5.8442    5.6773
eta,q 0.92166 12.63194
  0.0847  0.0851  0.0843  0.0868  0.0829  0.0834
  0.0821  0.0820  0.0833  0.0812  0.0804  0.0807
  0.0796  0.0793  0.0828  0.0777  0.0788  0.0786
  0.0785  0.0784  0.0789  0.0793  0.0786  0.0785
  0.0805  0.0793  0.0786  0.0810  0.0783  0.0799
  0.0814  0.0796  0.0819  0.0836  0.0793  0.0818
  0.0874  0.0808  0.0889  0.0878  0.0816  0.0840
niter,ni,del,rscale     2    3   12.0000    1.2000
parameters
   -2.5871  -16.2310    7.3373  -22.4319    6.0061    5.4856
eta,q 0.92148 12.62185
  0.0854  0.0844  0.0849  0.0880  0.0826  0.0838
  0.0834  0.0816  0.0827  0.0827  0.0805  0.0813
  0.0805  0.0789  0.0825  0.0784  0.0790  0.0790
  0.0783  0.0783  0.0784  0.0786  0.0786  0.0786
  0.0809  0.0790  0.0783  0.0805  0.0786  0.0799
  0.0822  0.0801  0.0818  0.0830  0.0798  0.0819
  0.0871  0.0833  0.0883  0.0870  0.0826  0.0841
niter,ni,del,rscale     1    3   12.0000    1.2000
parameters
   -2.6305  -16.1405    7.3009  -22.3886    6.0588    5.4161
eta,q 0.92142 12.61943
  0.0858  0.0840  0.0853  0.0881  0.0825  0.0840
  0.0840  0.0813  0.0826  0.0828  0.0805  0.0815
  0.0813  0.0789  0.0826  0.0784  0.0791  0.0792
  0.0785  0.0785  0.0786  0.0786  0.0786  0.0786
  0.0811  0.0791  0.0782  0.0803  0.0786  0.0798
  0.0824  0.0804  0.0815  0.0830  0.0800  0.0818
  0.0871  0.0840  0.0877  0.0871  0.0828  0.0840
registration optimization eta report
parameter search radius
    6.9000    6.0000    7.9350   10.4940    6.9000    6.9000
100000*second partial in parameter space
       14.       16.       12.        8.        9.       11.
  0.0858  0.0840  0.0853  0.0881  0.0825  0.0840
  0.0840  0.0813  0.0826  0.0828  0.0805  0.0815
  0.0813  0.0789  0.0826  0.0784  0.0791  0.0792
  0.0785  0.0785  0.0786  0.0786  0.0786  0.0786
  0.0811  0.0791  0.0782  0.0803  0.0786  0.0798
  0.0824  0.0804  0.0815  0.0830  0.0800  0.0818
  0.0871  0.0840  0.0877  0.0871  0.0828  0.0840
   -2.6305  -16.1405    7.3009  -22.3886    6.0588    5.4161
eta,q 0.92142 12.61943

---------------------------------------------------------------------
imgreg_4dfp /opt/freesurfer/average/711-2C_as_mni_average_305 /opt/freesurfer/average/711-2B_as_mni_average_305_mask talsrcimg_g11 none talsrcimg_to_711-2C_as_mni_average_305_t4 3335
---------------------------------------------------------------------

freesurfer imgreg_4dfp.c
/opt/freesurfer/average/711-2C_as_mni_average_305.4dfp.img
       256       256       256         1
  1.000000  1.000000  1.000000
orientation T byte_order littleendian
Reading image: /opt/freesurfer/average/711-2C_as_mni_average_305.4dfp.img
dimensions:      256       256       256
mmppix:       1.0000   -1.0000   -1.0000
center:     128.0000 -129.0000 -129.0000
/opt/freesurfer/average/711-2B_as_mni_average_305_mask.4dfp.img
       256       256       256         1
  1.000000  1.000000  1.000000
orientation T byte_order littleendian
Reading mask: /opt/freesurfer/average/711-2B_as_mni_average_305_mask.4dfp.img (2306576 pixels)
talsrcimg_g11.4dfp.img
       256       256       256         1
  1.000000  1.000000  1.000000
orientation T byte_order littleendian
Reading image: talsrcimg_g11.4dfp.img
dimensions:      256       256       256
mmppix:       1.0000   -1.0000   -1.0000
center:     128.0000 -129.0000 -129.0000
fimgreg.f
image alignment mode   3335 decimal      D07 hex
parameters
   -2.6305  -16.1405    7.3009   -1.0026   -7.5712   -8.0543
   -4.7251  -13.3109    9.3861   36.9974   10.5550  -37.8759
eta,q 0.92231 12.62527
niter,ni,del,rscale     5    3    5.0000    1.2000
parameter  2  0.556779 ->  0.500000 qaram    1.1500
parameter  3 -2.433475 -> -0.500000 qaram    1.1500
parameter  4 89.471031 ->  0.500000 qaram    1.1500
parameter  5-25.148279 ->  0.500000 qaram    1.1500
parameter  6  1.530797 ->  0.500000 qaram    1.1500
parameter  8 -0.788966 -> -0.500000 qaram    1.1500
parameter 10  1.478712 ->  0.500000 qaram    1.1500
parameter 11  1.022767 ->  0.500000 qaram    1.1500
parameter 12 -1.372414 -> -0.500000 qaram    1.1500
parameters
   -2.7908  -17.5205    8.6809   -5.1426  -11.7112  -12.1943
   -6.1513   -9.1709    7.3181   32.8574    6.4150  -33.7359
eta,q 0.94670 11.98000
  0.0785  0.0776  0.0779  0.0664  0.0593  0.0587  0.0614  0.0670  0.0589  0.0552  0.0550  0.0609
  0.0780  0.0774  0.0777  0.0695  0.0632  0.0599  0.0606  0.0645  0.0585  0.0559  0.0551  0.0588
  0.0778  0.0774  0.0776  0.0734  0.0670  0.0616  0.0602  0.0622  0.0583  0.0570  0.0555  0.0568
  0.0777  0.0777  0.0774  0.0770  0.0705  0.0643  0.0603  0.0601  0.0584  0.0583  0.0562  0.0552
  0.0778  0.0782  0.0772  0.0801  0.0740  0.0680  0.0608  0.0588  0.0587  0.0600  0.0571  0.0540
  0.0781  0.0788  0.0770  0.0838  0.0777  0.0718  0.0617  0.0583  0.0594  0.0620  0.0583  0.0531
  0.0788  0.0797  0.0771  0.0874  0.0813  0.0757  0.0627  0.0588  0.0605  0.0646  0.0596  0.0526
niter,ni,del,rscale     7    3    5.0000    1.2000
parameter  2  0.500401 ->  0.500000 qaram    1.3225
parameter  3  1.779869 ->  0.500000 qaram    1.3225
parameter  4  1.649063 ->  0.500000 qaram    1.3225
parameter  5  3.020953 ->  0.500000 qaram    1.3225
parameter  6  0.666015 ->  0.500000 qaram    1.3225
parameter 10  0.710761 ->  0.500000 qaram    1.3225
parameters
   -2.2103  -19.1075    7.0939   -9.9036  -16.4722  -16.9553
   -5.2360   -6.7182    7.6123   28.0964    3.6848  -32.5971
eta,q 0.96768 11.60064
  0.0569  0.0532  0.0489  0.0427  0.0352  0.0356  0.0394  0.0445  0.0375  0.0327  0.0332  0.0349
  0.0553  0.0527  0.0496  0.0433  0.0367  0.0351  0.0374  0.0406  0.0360  0.0325  0.0326  0.0335
  0.0541  0.0527  0.0509  0.0460  0.0397  0.0358  0.0359  0.0372  0.0350  0.0330  0.0324  0.0327
  0.0533  0.0531  0.0527  0.0499  0.0439  0.0373  0.0352  0.0351  0.0346  0.0346  0.0325  0.0324
  0.0531  0.0538  0.0548  0.0547  0.0484  0.0403  0.0353  0.0346  0.0348  0.0373  0.0331  0.0324
  0.0536  0.0548  0.0572  0.0596  0.0522  0.0453  0.0362  0.0355  0.0356  0.0411  0.0341  0.0329
  0.0547  0.0560  0.0595  0.0641  0.0561  0.0502  0.0377  0.0378  0.0371  0.0457  0.0354  0.0338
niter,ni,del,rscale     7    3    5.0000    1.2000
parameter  3  0.568492 ->  0.500000 qaram    1.5209
parameter  5  0.644076 ->  0.500000 qaram    1.5209
parameter 12  0.777564 ->  0.500000 qaram    1.3225
parameters
   -1.6330  -18.2714    5.2688  -13.0262  -21.9474  -18.5847
   -5.9689   -5.8883    7.7322   28.0686    4.9512  -37.3581
eta,q 0.97170 11.22617
  0.0380  0.0398  0.0313  0.0329  0.0296  0.0322  0.0311  0.0350  0.0310  0.0331  0.0300  0.0285
  0.0354  0.0363  0.0306  0.0315  0.0291  0.0305  0.0299  0.0318  0.0300  0.0312  0.0295  0.0283
  0.0335  0.0337  0.0308  0.0306  0.0292  0.0295  0.0293  0.0299  0.0294  0.0298  0.0293  0.0285
  0.0323  0.0321  0.0317  0.0306  0.0305  0.0291  0.0292  0.0291  0.0291  0.0291  0.0291  0.0291
  0.0321  0.0317  0.0333  0.0329  0.0341  0.0295  0.0296  0.0294  0.0293  0.0294  0.0291  0.0299
  0.0329  0.0326  0.0356  0.0369  0.0385  0.0321  0.0306  0.0307  0.0299  0.0309  0.0292  0.0309
  0.0344  0.0346  0.0385  0.0424  0.0423  0.0373  0.0320  0.0329  0.0310  0.0335  0.0296  0.0320
niter,ni,del,rscale     7    3    5.0000    1.2000
parameters
   -1.1333  -17.5122    4.8462  -13.3443  -24.3314  -19.4301
   -6.0291   -5.7141    7.5182   29.5080    3.2593  -39.7074
eta,q 0.97213 11.11397
  0.0327  0.0347  0.0306  0.0318  0.0314  0.0319  0.0307  0.0334  0.0299  0.0334  0.0285  0.0290
  0.0306  0.0316  0.0289  0.0301  0.0296  0.0299  0.0293  0.0305  0.0290  0.0310  0.0282  0.0280
  0.0291  0.0294  0.0280  0.0288  0.0284  0.0287  0.0285  0.0288  0.0284  0.0292  0.0280  0.0279
  0.0283  0.0281  0.0279  0.0278  0.0279  0.0281  0.0282  0.0282  0.0282  0.0282  0.0281  0.0280
  0.0282  0.0279  0.0285  0.0278  0.0291  0.0282  0.0285  0.0287  0.0285  0.0282  0.0282  0.0286
  0.0288  0.0287  0.0300  0.0296  0.0331  0.0301  0.0294  0.0303  0.0291  0.0291  0.0286  0.0295
  0.0302  0.0305  0.0322  0.0334  0.0378  0.0350  0.0307  0.0329  0.0302  0.0311  0.0291  0.0306
niter,ni,del,rscale     6    3    5.0000    1.2000
parameters
   -1.0218  -17.1986    4.6831  -13.0764  -25.2968  -19.7374
   -6.0236   -5.5109    7.5666   30.1166    2.5529  -39.8084
eta,q 0.97202 11.07485
  0.0313  0.0327  0.0307  0.0319  0.0322  0.0323  0.0306  0.0337  0.0298  0.0326  0.0286  0.0302
  0.0296  0.0301  0.0290  0.0302  0.0302  0.0302  0.0292  0.0304  0.0288  0.0302  0.0282  0.0284
  0.0284  0.0285  0.0281  0.0289  0.0287  0.0288  0.0283  0.0285  0.0282  0.0287  0.0280  0.0280
  0.0279  0.0279  0.0278  0.0278  0.0278  0.0280  0.0280  0.0280  0.0280  0.0280  0.0280  0.0280
  0.0281  0.0281  0.0283  0.0276  0.0279  0.0278  0.0283  0.0286  0.0282  0.0283  0.0281  0.0283
  0.0291  0.0292  0.0294  0.0290  0.0307  0.0295  0.0292  0.0303  0.0288  0.0294  0.0284  0.0289
  0.0308  0.0310  0.0313  0.0324  0.0355  0.0342  0.0306  0.0329  0.0297  0.0316  0.0288  0.0299
niter,ni,del,rscale     5    3    5.0000    1.2000
parameters
   -1.0079  -17.0512    4.6040  -12.9825  -25.5860  -19.7929
   -6.0201   -5.4359    7.6043   30.2934    2.5501  -39.8682
eta,q 0.97196 11.06601
  0.0312  0.0321  0.0307  0.0319  0.0326  0.0324  0.0306  0.0336  0.0298  0.0321  0.0288  0.0302
  0.0295  0.0298  0.0292  0.0302  0.0306  0.0304  0.0292  0.0304  0.0288  0.0299  0.0283  0.0284
  0.0284  0.0284  0.0283  0.0290  0.0290  0.0289  0.0283  0.0285  0.0282  0.0285  0.0280  0.0280
  0.0280  0.0280  0.0280  0.0280  0.0280  0.0280  0.0280  0.0280  0.0280  0.0280  0.0280  0.0280
  0.0283  0.0284  0.0283  0.0278  0.0277  0.0278  0.0283  0.0287  0.0282  0.0284  0.0281  0.0283
  0.0293  0.0295  0.0293  0.0293  0.0298  0.0292  0.0292  0.0305  0.0288  0.0297  0.0283  0.0290
  0.0312  0.0313  0.0310  0.0326  0.0345  0.0337  0.0306  0.0332  0.0297  0.0319  0.0287  0.0298
niter,ni,del,rscale     4    3    5.0000    1.2000
parameters
   -1.0092  -17.0079    4.5755  -12.9729  -25.6669  -19.8211
   -6.0026   -5.4410    7.6021   30.3486    2.5428  -39.8852
eta,q 0.97194 11.06248
  0.0312  0.0318  0.0308  0.0319  0.0327  0.0324  0.0306  0.0336  0.0297  0.0320  0.0288  0.0302
  0.0295  0.0296  0.0293  0.0302  0.0307  0.0304  0.0292  0.0303  0.0288  0.0299  0.0283  0.0285
  0.0284  0.0284  0.0284  0.0290  0.0291  0.0289  0.0284  0.0285  0.0283  0.0285  0.0280  0.0280
  0.0280  0.0280  0.0280  0.0280  0.0280  0.0281  0.0281  0.0281  0.0281  0.0281  0.0281  0.0281
  0.0283  0.0285  0.0283  0.0279  0.0277  0.0278  0.0283  0.0288  0.0283  0.0285  0.0282  0.0283
  0.0294  0.0297  0.0293  0.0294  0.0296  0.0292  0.0292  0.0306  0.0288  0.0297  0.0284  0.0290
  0.0313  0.0314  0.0310  0.0328  0.0342  0.0337  0.0306  0.0333  0.0298  0.0320  0.0287  0.0298
niter,ni,del,rscale     3    3    5.0000    1.2000
parameters
   -1.0104  -16.9961    4.5656  -12.9655  -25.6889  -19.8301
   -5.9969   -5.4451    7.6008   30.3626    2.5328  -39.8864
eta,q 0.97193 11.06151
  0.0312  0.0317  0.0308  0.0319  0.0327  0.0325  0.0306  0.0336  0.0297  0.0320  0.0288  0.0303
  0.0295  0.0296  0.0293  0.0303  0.0307  0.0304  0.0292  0.0304  0.0288  0.0298  0.0283  0.0285
  0.0285  0.0284  0.0284  0.0290  0.0291  0.0289  0.0284  0.0285  0.0283  0.0285  0.0280  0.0280
  0.0281  0.0281  0.0281  0.0281  0.0281  0.0281  0.0281  0.0281  0.0281  0.0281  0.0281  0.0281
  0.0284  0.0285  0.0283  0.0279  0.0277  0.0278  0.0283  0.0288  0.0283  0.0285  0.0282  0.0283
  0.0295  0.0297  0.0293  0.0295  0.0295  0.0292  0.0292  0.0306  0.0288  0.0298  0.0284  0.0290
  0.0313  0.0315  0.0309  0.0328  0.0341  0.0337  0.0306  0.0333  0.0298  0.0320  0.0287  0.0298
registration optimization eta report
parameter search radius
    2.4000    3.1740    3.6501    9.5220   10.9503    9.5220
    7.2000    8.2800    7.2000    9.5220    8.2800    9.5220
100000*second partial in parameter space
       56.       35.       21.        5.        5.        6.
        5.        8.        3.        4.        1.        2.
  0.0312  0.0317  0.0308  0.0319  0.0327  0.0325  0.0306  0.0336  0.0297  0.0320  0.0288  0.0303
  0.0295  0.0296  0.0293  0.0303  0.0307  0.0304  0.0292  0.0304  0.0288  0.0298  0.0283  0.0285
  0.0285  0.0284  0.0284  0.0290  0.0291  0.0289  0.0284  0.0285  0.0283  0.0285  0.0280  0.0280
  0.0281  0.0281  0.0281  0.0281  0.0281  0.0281  0.0281  0.0281  0.0281  0.0281  0.0281  0.0281
  0.0284  0.0285  0.0283  0.0279  0.0277  0.0278  0.0283  0.0288  0.0283  0.0285  0.0282  0.0283
  0.0295  0.0297  0.0293  0.0295  0.0295  0.0292  0.0292  0.0306  0.0288  0.0298  0.0284  0.0290
  0.0313  0.0315  0.0309  0.0328  0.0341  0.0337  0.0306  0.0333  0.0298  0.0320  0.0287  0.0298
   -1.0104  -16.9961    4.5656  -12.9655  -25.6889  -19.8301
   -5.9969   -5.4451    7.6008   30.3626    2.5328  -39.8864
eta,q 0.97193 11.06151

---------------------------------------------------------------------
imgreg_4dfp /opt/freesurfer/average/711-2C_as_mni_average_305 /opt/freesurfer/average/711-2B_as_mni_average_305_mask talsrcimg_g11 none talsrcimg_to_711-2C_as_mni_average_305_t4 2311
---------------------------------------------------------------------

freesurfer imgreg_4dfp.c
/opt/freesurfer/average/711-2C_as_mni_average_305.4dfp.img
       256       256       256         1
  1.000000  1.000000  1.000000
orientation T byte_order littleendian
Reading image: /opt/freesurfer/average/711-2C_as_mni_average_305.4dfp.img
dimensions:      256       256       256
mmppix:       1.0000   -1.0000   -1.0000
center:     128.0000 -129.0000 -129.0000
/opt/freesurfer/average/711-2B_as_mni_average_305_mask.4dfp.img
       256       256       256         1
  1.000000  1.000000  1.000000
orientation T byte_order littleendian
Reading mask: /opt/freesurfer/average/711-2B_as_mni_average_305_mask.4dfp.img (2306576 pixels)
talsrcimg_g11.4dfp.img
       256       256       256         1
  1.000000  1.000000  1.000000
orientation T byte_order littleendian
Reading image: talsrcimg_g11.4dfp.img
dimensions:      256       256       256
mmppix:       1.0000   -1.0000   -1.0000
center:     128.0000 -129.0000 -129.0000
fimgreg.f
image alignment mode   2311 decimal      907 hex
parameters
   -1.0104  -16.9961    4.5656  -12.9655  -25.6889  -19.8301
   -5.9969   -5.4451    7.6008   30.3626    2.5328  -39.8864
eta,q 0.97193 11.06151
niter,ni,del,rscale     5    3    5.0000    0.8000
parameter  5 -0.620705 -> -0.500000 qaram    1.1500
parameters
   -0.9780  -17.1001    4.6221  -11.4795  -22.9289  -18.4800
   -6.2474   -5.3098    7.5307   30.6222    2.1947  -39.4839
eta,q 0.97278 11.32292
  0.0295  0.0289  0.0286  0.0296  0.0294  0.0291  0.0287  0.0298  0.0283  0.0287  0.0277  0.0283
  0.0288  0.0284  0.0283  0.0290  0.0288  0.0284  0.0278  0.0283  0.0277  0.0279  0.0274  0.0276
  0.0283  0.0281  0.0281  0.0285  0.0283  0.0278  0.0274  0.0275  0.0273  0.0274  0.0272  0.0273
  0.0281  0.0281  0.0281  0.0281  0.0278  0.0274  0.0272  0.0272  0.0272  0.0272  0.0272  0.0272
  0.0282  0.0282  0.0281  0.0278  0.0275  0.0272  0.0275  0.0275  0.0274  0.0273  0.0273  0.0273
  0.0286  0.0286  0.0283  0.0279  0.0274  0.0273  0.0281  0.0283  0.0277  0.0277  0.0275  0.0275
  0.0295  0.0291  0.0286  0.0285  0.0277  0.0280  0.0290  0.0294  0.0284  0.0284  0.0278  0.0279
niter,ni,del,rscale     5    3    5.0000    0.8000
parameters
   -1.1523  -17.3291    4.8008  -11.8063  -23.5835  -18.0856
   -5.9820   -5.4766    7.5200   30.3094    2.1819  -39.7661
eta,q 0.97281 11.28890
  0.0286  0.0281  0.0281  0.0285  0.0286  0.0287  0.0288  0.0294  0.0282  0.0283  0.0277  0.0279
  0.0278  0.0275  0.0276  0.0280  0.0279  0.0281  0.0280  0.0281  0.0277  0.0277  0.0274  0.0274
  0.0273  0.0272  0.0273  0.0275  0.0275  0.0276  0.0274  0.0273  0.0273  0.0273  0.0272  0.0272
  0.0272  0.0272  0.0272  0.0272  0.0272  0.0273  0.0272  0.0272  0.0272  0.0272  0.0272  0.0272
  0.0275  0.0275  0.0272  0.0273  0.0273  0.0272  0.0273  0.0276  0.0273  0.0274  0.0273  0.0273
  0.0283  0.0280  0.0274  0.0280  0.0282  0.0275  0.0278  0.0284  0.0276  0.0279  0.0274  0.0276
  0.0294  0.0287  0.0278  0.0293  0.0300  0.0285  0.0285  0.0296  0.0282  0.0286  0.0277  0.0280
niter,ni,del,rscale     4    3    5.0000    0.7000
parameters
   -1.1448  -17.2908    4.8665  -11.7574  -23.5731  -18.0998
   -6.0706   -5.5034    7.5264   30.3536    2.0402  -39.8788
eta,q 0.97282 11.29249
  0.0285  0.0281  0.0278  0.0284  0.0285  0.0283  0.0283  0.0290  0.0280  0.0282  0.0276  0.0277
  0.0278  0.0276  0.0275  0.0279  0.0279  0.0278  0.0277  0.0279  0.0275  0.0276  0.0273  0.0274
  0.0273  0.0273  0.0273  0.0275  0.0275  0.0274  0.0273  0.0273  0.0273  0.0273  0.0272  0.0272
  0.0272  0.0272  0.0272  0.0272  0.0272  0.0272  0.0272  0.0272  0.0272  0.0272  0.0272  0.0272
  0.0273  0.0273  0.0272  0.0272  0.0272  0.0272  0.0273  0.0275  0.0273  0.0273  0.0273  0.0273
  0.0278  0.0276  0.0274  0.0277  0.0276  0.0275  0.0277  0.0280  0.0275  0.0276  0.0274  0.0275
  0.0285  0.0280  0.0277  0.0286  0.0287  0.0285  0.0284  0.0290  0.0280  0.0282  0.0276  0.0277
niter,ni,del,rscale     3    3    5.0000    0.6000
parameters
   -1.1461  -17.2855    4.8678  -11.6415  -23.3962  -17.9944
   -6.1305   -5.4930    7.5241   30.4108    2.0137  -39.8516
eta,q 0.97286 11.31114
  0.0282  0.0278  0.0276  0.0282  0.0282  0.0280  0.0280  0.0286  0.0277  0.0279  0.0275  0.0276
  0.0276  0.0275  0.0274  0.0277  0.0277  0.0276  0.0275  0.0277  0.0274  0.0275  0.0273  0.0273
  0.0273  0.0273  0.0272  0.0274  0.0274  0.0273  0.0272  0.0273  0.0272  0.0272  0.0272  0.0272
  0.0272  0.0272  0.0272  0.0272  0.0272  0.0272  0.0271  0.0271  0.0271  0.0271  0.0271  0.0271
  0.0273  0.0272  0.0272  0.0272  0.0271  0.0272  0.0272  0.0273  0.0272  0.0272  0.0272  0.0272
  0.0276  0.0275  0.0274  0.0275  0.0274  0.0274  0.0275  0.0278  0.0274  0.0275  0.0273  0.0273
  0.0282  0.0278  0.0276  0.0282  0.0282  0.0280  0.0280  0.0285  0.0277  0.0279  0.0275  0.0275
niter,ni,del,rscale     2    3    5.0000    0.5000
parameters
   -1.1576  -17.3020    4.8794  -11.5421  -23.2011  -17.8850
   -6.1387   -5.5101    7.5085   30.4418    2.0072  -39.7996
eta,q 0.97288 11.32883
  0.0278  0.0276  0.0275  0.0279  0.0279  0.0277  0.0277  0.0281  0.0275  0.0277  0.0274  0.0274
  0.0274  0.0273  0.0273  0.0276  0.0276  0.0274  0.0274  0.0275  0.0273  0.0274  0.0272  0.0272
  0.0272  0.0272  0.0272  0.0273  0.0273  0.0272  0.0272  0.0272  0.0272  0.0272  0.0271  0.0271
  0.0271  0.0271  0.0271  0.0271  0.0271  0.0271  0.0271  0.0271  0.0271  0.0271  0.0271  0.0271
  0.0272  0.0272  0.0272  0.0272  0.0271  0.0271  0.0272  0.0273  0.0272  0.0272  0.0271  0.0272
  0.0275  0.0274  0.0273  0.0274  0.0273  0.0273  0.0274  0.0276  0.0273  0.0274  0.0272  0.0273
  0.0279  0.0276  0.0275  0.0279  0.0279  0.0277  0.0277  0.0281  0.0275  0.0276  0.0273  0.0274
niter,ni,del,rscale     1    3    5.0000    0.4000
parameters
   -1.1685  -17.3234    4.8847  -11.4564  -23.0296  -17.7791
   -6.1479   -5.5305    7.4952   30.4595    2.0186  -39.7373
eta,q 0.97290 11.34413
  0.0276  0.0274  0.0273  0.0276  0.0276  0.0275  0.0275  0.0277  0.0274  0.0275  0.0273  0.0273
  0.0273  0.0272  0.0272  0.0274  0.0274  0.0273  0.0273  0.0274  0.0272  0.0273  0.0272  0.0272
  0.0272  0.0271  0.0271  0.0272  0.0272  0.0272  0.0271  0.0272  0.0271  0.0271  0.0271  0.0271
  0.0271  0.0271  0.0271  0.0271  0.0271  0.0271  0.0271  0.0271  0.0271  0.0271  0.0271  0.0271
  0.0272  0.0272  0.0271  0.0271  0.0271  0.0271  0.0271  0.0272  0.0271  0.0271  0.0271  0.0271
  0.0273  0.0273  0.0272  0.0273  0.0273  0.0272  0.0273  0.0274  0.0272  0.0273  0.0272  0.0272
  0.0276  0.0274  0.0273  0.0276  0.0276  0.0275  0.0275  0.0277  0.0274  0.0274  0.0272  0.0273
registration optimization eta report
parameter search radius
    0.8000    0.8000    0.8000    2.4000    2.7600    2.4000
    2.4000    2.4000    2.4000    2.4000    2.4000    2.4000
100000*second partial in parameter space
       72.       47.       33.        9.        6.        7.
        7.       11.        5.        6.        3.        3.
  0.0276  0.0274  0.0273  0.0276  0.0276  0.0275  0.0275  0.0277  0.0274  0.0275  0.0273  0.0273
  0.0273  0.0272  0.0272  0.0274  0.0274  0.0273  0.0273  0.0274  0.0272  0.0273  0.0272  0.0272
  0.0272  0.0271  0.0271  0.0272  0.0272  0.0272  0.0271  0.0272  0.0271  0.0271  0.0271  0.0271
  0.0271  0.0271  0.0271  0.0271  0.0271  0.0271  0.0271  0.0271  0.0271  0.0271  0.0271  0.0271
  0.0272  0.0272  0.0271  0.0271  0.0271  0.0271  0.0271  0.0272  0.0271  0.0271  0.0271  0.0271
  0.0273  0.0273  0.0272  0.0273  0.0273  0.0272  0.0273  0.0274  0.0272  0.0273  0.0272  0.0272
  0.0276  0.0274  0.0273  0.0276  0.0276  0.0275  0.0275  0.0277  0.0274  0.0274  0.0272  0.0273
   -1.1685  -17.3234    4.8847  -11.4564  -23.0296  -17.7791
   -6.1479   -5.5305    7.4952   30.4595    2.0186  -39.7373
eta,q 0.97290 11.34413

---------------------------------------------------------------------
imgreg_4dfp /opt/freesurfer/average/711-2C_as_mni_average_305 /opt/freesurfer/average/711-2B_as_mni_average_305_mask talsrcimg_g11 none talsrcimg_to_711-2C_as_mni_average_305_t4 2311
---------------------------------------------------------------------

freesurfer imgreg_4dfp.c
/opt/freesurfer/average/711-2C_as_mni_average_305.4dfp.img
       256       256       256         1
  1.000000  1.000000  1.000000
orientation T byte_order littleendian
Reading image: /opt/freesurfer/average/711-2C_as_mni_average_305.4dfp.img
dimensions:      256       256       256
mmppix:       1.0000   -1.0000   -1.0000
center:     128.0000 -129.0000 -129.0000
/opt/freesurfer/average/711-2B_as_mni_average_305_mask.4dfp.img
       256       256       256         1
  1.000000  1.000000  1.000000
orientation T byte_order littleendian
Reading mask: /opt/freesurfer/average/711-2B_as_mni_average_305_mask.4dfp.img (2306576 pixels)
talsrcimg_g11.4dfp.img
       256       256       256         1
  1.000000  1.000000  1.000000
orientation T byte_order littleendian
Reading image: talsrcimg_g11.4dfp.img
dimensions:      256       256       256
mmppix:       1.0000   -1.0000   -1.0000
center:     128.0000 -129.0000 -129.0000
fimgreg.f
image alignment mode   2311 decimal      907 hex
parameters
   -1.1685  -17.3234    4.8847  -11.4564  -23.0296  -17.7791
   -6.1479   -5.5305    7.4952   30.4595    2.0186  -39.7373
eta,q 0.97290 11.34413
niter,ni,del,rscale     5    3    5.0000    0.8000
parameters
   -1.1924  -17.3454    4.8944  -11.9648  -23.4927  -18.1741
   -6.0372   -5.5061    7.5541   30.3059    2.0790  -39.8089
eta,q 0.97280 11.28699
  0.0289  0.0283  0.0280  0.0285  0.0283  0.0285  0.0287  0.0296  0.0282  0.0284  0.0278  0.0280
  0.0279  0.0276  0.0275  0.0279  0.0278  0.0278  0.0279  0.0282  0.0277  0.0277  0.0274  0.0274
  0.0273  0.0272  0.0272  0.0274  0.0274  0.0274  0.0274  0.0274  0.0273  0.0273  0.0272  0.0272
  0.0271  0.0271  0.0271  0.0271  0.0271  0.0272  0.0272  0.0272  0.0272  0.0272  0.0272  0.0272
  0.0273  0.0273  0.0272  0.0273  0.0272  0.0273  0.0273  0.0275  0.0273  0.0274  0.0273  0.0273
  0.0279  0.0277  0.0275  0.0281  0.0279  0.0279  0.0278  0.0283  0.0276  0.0278  0.0275  0.0276
  0.0290  0.0284  0.0279  0.0295  0.0292  0.0294  0.0286  0.0294  0.0282  0.0286  0.0277  0.0279
niter,ni,del,rscale     4    3    5.0000    0.7000
parameters
   -1.1267  -17.2875    4.8693  -11.7824  -23.3747  -18.1483
   -6.1266   -5.4779    7.5435   30.3758    1.9999  -39.8198
eta,q 0.97283 11.30070
  0.0286  0.0282  0.0278  0.0285  0.0282  0.0283  0.0283  0.0291  0.0280  0.0282  0.0276  0.0278
  0.0279  0.0276  0.0275  0.0279  0.0278  0.0278  0.0276  0.0279  0.0275  0.0276  0.0273  0.0274
  0.0274  0.0273  0.0273  0.0275  0.0274  0.0274  0.0273  0.0273  0.0273  0.0273  0.0272  0.0272
  0.0272  0.0272  0.0272  0.0272  0.0272  0.0272  0.0272  0.0272  0.0272  0.0272  0.0272  0.0272
  0.0273  0.0273  0.0273  0.0272  0.0272  0.0272  0.0273  0.0274  0.0273  0.0273  0.0272  0.0272
  0.0277  0.0275  0.0275  0.0276  0.0275  0.0275  0.0277  0.0280  0.0275  0.0276  0.0274  0.0274
  0.0284  0.0280  0.0278  0.0285  0.0283  0.0285  0.0284  0.0289  0.0280  0.0281  0.0276  0.0277
niter,ni,del,rscale     3    3    5.0000    0.6000
parameters
   -1.1396  -17.2986    4.8661  -11.6472  -23.2021  -17.9987
   -6.1468   -5.4789    7.5269   30.4178    2.0202  -39.7680
eta,q 0.97287 11.32059
  0.0281  0.0278  0.0276  0.0282  0.0280  0.0280  0.0280  0.0286  0.0277  0.0279  0.0275  0.0276
  0.0276  0.0274  0.0274  0.0277  0.0276  0.0276  0.0275  0.0277  0.0274  0.0275  0.0273  0.0273
  0.0273  0.0272  0.0272  0.0274  0.0273  0.0273  0.0272  0.0272  0.0272  0.0272  0.0271  0.0272
  0.0272  0.0272  0.0272  0.0272  0.0271  0.0271  0.0271  0.0271  0.0271  0.0271  0.0271  0.0271
  0.0273  0.0272  0.0272  0.0272  0.0271  0.0271  0.0272  0.0273  0.0272  0.0272  0.0272  0.0272
  0.0276  0.0275  0.0274  0.0275  0.0274  0.0274  0.0275  0.0278  0.0274  0.0275  0.0273  0.0273
  0.0282  0.0278  0.0276  0.0282  0.0279  0.0280  0.0280  0.0285  0.0277  0.0279  0.0274  0.0275
niter,ni,del,rscale     2    3    5.0000    0.5000
parameters
   -1.1546  -17.3162    4.8809  -11.5442  -23.0520  -17.8770
   -6.1399   -5.5074    7.5178   30.4331    2.0109  -39.7206
eta,q 0.97289 11.33579
  0.0278  0.0276  0.0275  0.0279  0.0277  0.0277  0.0277  0.0281  0.0275  0.0277  0.0274  0.0274
  0.0274  0.0273  0.0273  0.0275  0.0275  0.0274  0.0274  0.0275  0.0273  0.0273  0.0272  0.0272
  0.0272  0.0272  0.0272  0.0273  0.0272  0.0272  0.0272  0.0272  0.0272  0.0272  0.0271  0.0271
  0.0271  0.0271  0.0271  0.0271  0.0271  0.0271  0.0271  0.0271  0.0271  0.0271  0.0271  0.0271
  0.0272  0.0272  0.0272  0.0271  0.0271  0.0271  0.0272  0.0272  0.0272  0.0272  0.0271  0.0271
  0.0275  0.0274  0.0273  0.0274  0.0273  0.0273  0.0274  0.0276  0.0273  0.0274  0.0272  0.0272
  0.0279  0.0276  0.0274  0.0279  0.0277  0.0277  0.0277  0.0281  0.0275  0.0276  0.0273  0.0274
niter,ni,del,rscale     1    3    5.0000    0.4000
parameters
   -1.1704  -17.3415    4.8943  -11.4616  -22.9102  -17.7781
   -6.1495   -5.5350    7.5075   30.4243    2.0050  -39.6565
eta,q 0.97291 11.34827
  0.0275  0.0274  0.0273  0.0276  0.0275  0.0275  0.0275  0.0277  0.0274  0.0274  0.0273  0.0273
  0.0273  0.0272  0.0272  0.0274  0.0273  0.0273  0.0273  0.0274  0.0272  0.0272  0.0272  0.0272
  0.0272  0.0271  0.0271  0.0272  0.0272  0.0272  0.0271  0.0271  0.0271  0.0271  0.0271  0.0271
  0.0271  0.0271  0.0271  0.0271  0.0271  0.0271  0.0271  0.0271  0.0271  0.0271  0.0271  0.0271
  0.0272  0.0271  0.0271  0.0271  0.0271  0.0271  0.0271  0.0272  0.0271  0.0271  0.0271  0.0271
  0.0273  0.0273  0.0272  0.0273  0.0272  0.0272  0.0273  0.0274  0.0272  0.0273  0.0272  0.0272
  0.0276  0.0274  0.0273  0.0276  0.0275  0.0275  0.0275  0.0277  0.0274  0.0274  0.0272  0.0273
registration optimization eta report
parameter search radius
    0.8000    0.8000    0.8000    2.4000    2.4000    2.4000
    2.4000    2.4000    2.4000    2.4000    2.4000    2.4000
100000*second partial in parameter space
       72.       48.       33.        9.        7.        7.
        7.       11.        5.        6.        3.        3.
  0.0275  0.0274  0.0273  0.0276  0.0275  0.0275  0.0275  0.0277  0.0274  0.0274  0.0273  0.0273
  0.0273  0.0272  0.0272  0.0274  0.0273  0.0273  0.0273  0.0274  0.0272  0.0272  0.0272  0.0272
  0.0272  0.0271  0.0271  0.0272  0.0272  0.0272  0.0271  0.0271  0.0271  0.0271  0.0271  0.0271
  0.0271  0.0271  0.0271  0.0271  0.0271  0.0271  0.0271  0.0271  0.0271  0.0271  0.0271  0.0271
  0.0272  0.0271  0.0271  0.0271  0.0271  0.0271  0.0271  0.0272  0.0271  0.0271  0.0271  0.0271
  0.0273  0.0273  0.0272  0.0273  0.0272  0.0272  0.0273  0.0274  0.0272  0.0273  0.0272  0.0272
  0.0276  0.0274  0.0273  0.0276  0.0275  0.0275  0.0275  0.0277  0.0274  0.0274  0.0272  0.0273
   -1.1704  -17.3415    4.8943  -11.4616  -22.9102  -17.7781
   -6.1495   -5.5350    7.5075   30.4243    2.0050  -39.6565
eta,q 0.97291 11.34827

---------------------------------------------------------------------
compute_vox2vox talsrcimg talsrcimg_to_711-2C_as_mni_average_305_t4 /opt/freesurfer/average/711-2C_as_mni_average_305
---------------------------------------------------------------------

freesurfer compute_vox2vox.c
Reading: talsrcimg.4dfp.ifh
Reading: talsrcimg_to_711-2C_as_mni_average_305_t4
Reading: /opt/freesurfer/average/711-2C_as_mni_average_305.4dfp.ifh
Writing: talsrcimg_to_711-2C_as_mni_average_305_t4_vox2vox.txt

start time Sat Mar 14 02:57:06 CET 2026
end		time Sat Mar 14 02:58:33 CET 2026

mpr2mni305 success

avi2talxfm orig_nu.mgz /opt/freesurfer/average/mni305.cor.mgz talsrcimg_to_711-2C_as_mni_average_305_t4_vox2vox.txt transforms/talairach.auto.xfm
avi2talxfm done
mv -f /out/sourcedata/freesurfer/sub-v2s8x29241_ses-1/mri/talsrcimg_to_711-2C_as_mni_average_305_t4_vox2vox.txt /out/sourcedata/freesurfer/sub-v2s8x29241_ses-1/mri/transforms/talsrcimg_to_711-2C_as_mni_average_305_t4_vox2vox.txt
lta_convert --src orig_nu.mgz --trg /opt/freesurfer/average/mni305.cor.mgz --inxfm transforms/talairach.auto.xfm --outlta transforms/talairach.auto.xfm.lta --subject fsaverage
7.3.2

--src: orig_nu.mgz src image (geometry).
--trg: /opt/freesurfer/average/mni305.cor.mgz trg image (geometry).
--inmni: transforms/talairach.auto.xfm input MNI/XFM transform.
--outlta: transforms/talairach.auto.xfm.lta output LTA.
--s: fsaverage subject name
 LTA read, type : 1
 1.11952   0.03555   0.10759   2.14993;
-0.06711   1.01960   0.51915   2.45951;
-0.08254  -0.40586   1.08182   19.62326;
 0.00000   0.00000   0.00000   1.00000;
setting subject to fsaverage
Writing  LTA to file transforms/talairach.auto.xfm.lta...
lta_convert successful.
 
 
Started at Sat Mar 14 02:57:05 CET 2026
Ended   at Sat Mar 14 02:58:34 CET 2026
talairach_avi done
