/out/sourcedata/freesurfer/sub-v2s8x29245_ses-1/mri
/opt/freesurfer/bin/talairach_avi
--i orig_nu.mgz --xfm transforms/talairach.auto.xfm
talairach_avi 7.3.2
Linux dna059 5.14.0-427.37.1.el9_4.x86_64 #1 SMP PREEMPT_DYNAMIC Fri Sep 13 12:41:50 EDT 2024 x86_64 x86_64 x86_64 GNU/Linux
Sat Mar 14 03:13:48 CET 2026
mri_convert orig_nu.mgz talsrcimg.img 
reading from orig_nu.mgz...
TR=0.00, TE=0.00, TI=0.00, flip angle=0.00
i_ras = (-1, 0, 0)
j_ras = (0, 0, -1)
k_ras = (0, 1, 0)
writing to talsrcimg.img...
Analyze Output Matrix
-1.00000   0.00000   0.00000   129.66513;
 0.00000   0.00000   1.00000  -128.00000;
 0.00000  -1.00000   0.00000   130.00000;
 0.00000   0.00000   0.00000   1.00000;
--------------------
INFO: set hdr.hist.orient to -1
mpr2mni305 talsrcimg
Sat Mar 14 03:13:48 CET 2026
/opt/freesurfer/bin/mpr2mni305 talsrcimg
mpr2mni305 7.3.2
target=711-2C_as_mni_average_305

---------------------------------------------------------------------
analyzeto4dfp talsrcimg -O0 -y
---------------------------------------------------------------------

freesurfer ifh2hdr.c
Sat Mar 14 03:13:49 2026
Writing: talsrcimg.4dfp.hdr
freesurfer analyzeto4dfp.c
Reading: talsrcimg.hdr
header size 348 bytes
hdr.dime.datatype	offset=70	value=2
hdr.dime.bitpix		offset=72	value=8
hdr.hist.orient		offset=252	value=-1
dimensionality     4
dimensions       256       256       256         1
Reading: talsrcimg.img
Writing: talsrcimg.4dfp.img
Writing: talsrcimg.4dfp.ifh
ifh2hdr talsrcimg -r0to219
ori=2

---------------------------------------------------------------------
gauss_4dfp talsrcimg 1.1
---------------------------------------------------------------------

freesurfer gauss_4dfp.c
Reading: talsrcimg.4dfp.img
Writing: talsrcimg_g11.4dfp.img
image dimensions 256 256 256 padded to 288 288 288
processing volume 1freesurfer ifh2hdr.c
Sat Mar 14 03:13:50 2026
Writing: talsrcimg_g11.4dfp.hdr

Writing: talsrcimg_g11.4dfp.ifh
including: talsrcimg.4dfp.img.rec in talsrcimg_g11.4dfp.img.rec

---------------------------------------------------------------------
imgreg_4dfp /opt/freesurfer/average/711-2C_as_mni_average_305 none talsrcimg_g11 none talsrcimg_to_711-2C_as_mni_average_305_t4 4355
---------------------------------------------------------------------

freesurfer imgreg_4dfp.c
/opt/freesurfer/average/711-2C_as_mni_average_305.4dfp.img
       256       256       256         1
  1.000000  1.000000  1.000000
orientation T byte_order littleendian
Reading image: /opt/freesurfer/average/711-2C_as_mni_average_305.4dfp.img
dimensions:      256       256       256
mmppix:       1.0000   -1.0000   -1.0000
center:     128.0000 -129.0000 -129.0000
talsrcimg_g11.4dfp.img
       256       256       256         1
  1.000000  1.000000  1.000000
orientation T byte_order littleendian
Reading image: talsrcimg_g11.4dfp.img
dimensions:      256       256       256
mmppix:       1.0000   -1.0000   -1.0000
center:     128.0000 -129.0000 -129.0000
t4_read: open error in t4_sub.f l:  41 t4_file(1:l)talsrcimg_to_711-2C_as_mni_average_305_t4 
t4_read: transform initialized to I4
rotation matrix determinant  1.000000
image alignment mode   4355 decimal     1103 hex
   -7.5000  -45.0000  -45.0000 8967.5049   20.4482
    0.0000  -45.0000  -45.0000 9376.4932   20.4754
    7.5000  -45.0000  -45.0000 9004.8867   20.4220
   -7.5000  -37.5000  -45.0000 9261.9395   20.4289
    0.0000  -37.5000  -45.0000 9685.5205   20.4391
    7.5000  -37.5000  -45.0000 9289.0625   20.3829
   -7.5000  -30.0000  -45.0000 9890.9785   20.3898
    0.0000  -30.0000  -45.000010317.5068   20.3880
    7.5000  -30.0000  -45.0000 9879.1191   20.3336
   -7.5000  -22.5000  -45.000010444.1436   20.3636
    0.0000  -22.5000  -45.000010859.0508   20.3678
    7.5000  -22.5000  -45.000010429.6689   20.3182
   -7.5000  -15.0000  -45.000010949.1074   20.3735
    0.0000  -15.0000  -45.000011341.0957   20.3955
    7.5000  -15.0000  -45.000010897.2744   20.3496
   -7.5000   -7.5000  -45.000011376.1064   20.4130
    0.0000   -7.5000  -45.000011779.6104   20.4461
    7.5000   -7.5000  -45.000011307.2422   20.3980
   -7.5000    0.0000  -45.000011679.4492   20.4422
    0.0000    0.0000  -45.000012090.1436   20.4693
    7.5000    0.0000  -45.000011610.0020   20.4158
   -7.5000    7.5000  -45.000011020.6348   20.4289
    0.0000    7.5000  -45.000011430.3213   20.4391
    7.5000    7.5000  -45.000010977.9990   20.3829
   -7.5000   15.0000  -45.000010224.7549   20.3927
    0.0000   15.0000  -45.000010585.1250   20.3908
    7.5000   15.0000  -45.000010192.0576   20.3362
   -7.5000   22.5000  -45.0000 9403.7100   20.3765
    0.0000   22.5000  -45.0000 9702.5225   20.3808
    7.5000   22.5000  -45.0000 9333.7578   20.3310
   -7.5000   30.0000  -45.0000 8542.9629   20.1632
    0.0000   30.0000  -45.0000 8779.7686   20.1853
    7.5000   30.0000  -45.0000 8451.9766   20.1396
   -7.5000   37.5000  -45.0000 7935.0332   20.3003
    0.0000   37.5000  -45.0000 8177.7700   20.3344
    7.5000   37.5000  -45.0000 7845.0195   20.2864
   -7.5000   45.0000  -45.0000 6988.2642   19.9891
    0.0000   45.0000  -45.0000 7238.7290   20.0139
    7.5000   45.0000  -45.0000 6921.0781   19.9594
   -7.5000  -45.0000  -37.5000 9511.0430   20.3914
    0.0000  -45.0000  -37.5000 9976.6367   20.4150
    7.5000  -45.0000  -37.5000 9544.8359   20.3588
   -7.5000  -37.5000  -37.5000 9814.1270   20.3680
    0.0000  -37.5000  -37.500010314.4443   20.3738
    7.5000  -37.5000  -37.5000 9836.7236   20.3187
   -7.5000  -30.0000  -37.500010468.7207   20.3344
    0.0000  -30.0000  -37.500010973.2012   20.3311
    7.5000  -30.0000  -37.500010467.6426   20.2813
   -7.5000  -22.5000  -37.500011030.7617   20.3183
    0.0000  -22.5000  -37.500011534.9541   20.3252
    7.5000  -22.5000  -37.500011042.7305   20.2797
   -7.5000  -15.0000  -37.500011531.7490   20.3334
    0.0000  -15.0000  -37.500012019.1182   20.3593
    7.5000  -15.0000  -37.500011517.7041   20.3142
   -7.5000   -7.5000  -37.500011938.6494   20.3668
    0.0000   -7.5000  -37.500012408.7246   20.4004
    7.5000   -7.5000  -37.500011912.6621   20.3498
   -7.5000    0.0000  -37.500012247.1689   20.3854
    0.0000    0.0000  -37.500012735.9893   20.4089
    7.5000    0.0000  -37.500012185.6162   20.3527
   -7.5000    7.5000  -37.500011552.9365   20.3680
    0.0000    7.5000  -37.500012021.9873   20.3738
    7.5000    7.5000  -37.500011513.5381   20.3187
   -7.5000   15.0000  -37.500010690.4463   20.3372
    0.0000   15.0000  -37.500011117.8018   20.3338
    7.5000   15.0000  -37.500010680.9150   20.2838
   -7.5000   22.5000  -37.5000 9855.2031   20.3313
    0.0000   22.5000  -37.500010191.3799   20.3383
    7.5000   22.5000  -37.5000 9798.2070   20.2925
   -7.5000   30.0000  -37.5000 8919.7988   20.1231
    0.0000   30.0000  -37.5000 9186.3984   20.1490
    7.5000   30.0000  -37.5000 8847.7246   20.1042
   -7.5000   37.5000  -37.5000 8284.6992   20.2535
    0.0000   37.5000  -37.5000 8527.8691   20.2880
    7.5000   37.5000  -37.5000 8203.5791   20.2373
   -7.5000   45.0000  -37.5000 7296.1108   19.9333
    0.0000   45.0000  -37.5000 7513.6851   19.9541
    7.5000   45.0000  -37.5000 7208.7935   19.8961
   -7.5000  -45.0000  -30.000010199.8604   21.2327
    0.0000  -45.0000  -30.000010716.4814   21.2429
    7.5000  -45.0000  -30.000010236.4922   21.1828
   -7.5000  -37.5000  -30.000010537.9492   21.2001
    0.0000  -37.5000  -30.000011076.3779   21.1938
    7.5000  -37.5000  -30.000010539.6699   21.1397
   -7.5000  -30.0000  -30.000011229.1133   21.1661
    0.0000  -30.0000  -30.000011791.4102   21.1507
    7.5000  -30.0000  -30.000011222.7188   21.1054
   -7.5000  -22.5000  -30.000011811.6895   21.1615
    0.0000  -22.5000  -30.000012415.6377   21.1550
    7.5000  -22.5000  -30.000011832.4395   21.1126
   -7.5000  -15.0000  -30.000012311.0752   21.1872
    0.0000  -15.0000  -30.000012917.8496   21.1988
    7.5000  -15.0000  -30.000012296.5635   21.1517
   -7.5000   -7.5000  -30.000012714.1250   21.2182
    0.0000   -7.5000  -30.000013295.6318   21.2373
    7.5000   -7.5000  -30.000012672.3223   21.1814
   -7.5000    0.0000  -30.000013001.8291   21.2266
    0.0000    0.0000  -30.000013573.9795   21.2367
    7.5000    0.0000  -30.000012930.2305   21.1765
   -7.5000    7.5000  -30.000012234.3887   21.2001
    0.0000    7.5000  -30.000012792.8115   21.1938
    7.5000    7.5000  -30.000012210.9434   21.1397
   -7.5000   15.0000  -30.000011337.5371   21.1691
    0.0000   15.0000  -30.000011821.9316   21.1537
    7.5000   15.0000  -30.000011311.6807   21.1083
   -7.5000   22.5000  -30.000010440.5713   21.1733
    0.0000   22.5000  -30.000010808.9902   21.1668
    7.5000   22.5000  -30.000010378.3691   21.1241
   -7.5000   30.0000  -30.0000 9425.0352   20.9700
    0.0000   30.0000  -30.0000 9735.1943   20.9815
    7.5000   30.0000  -30.0000 9367.9072   20.9346
   -7.5000   37.5000  -30.0000 8736.8057   21.1019
    0.0000   37.5000  -30.0000 9000.4316   21.1217
    7.5000   37.5000  -30.0000 8668.3809   21.0653
   -7.5000   45.0000  -30.0000 7701.2578   20.7694
    0.0000   45.0000  -30.0000 7922.1660   20.7771
    7.5000   45.0000  -30.0000 7617.7285   20.7146
   -7.5000  -45.0000  -22.500010900.9844   22.0014
    0.0000  -45.0000  -22.500011413.4951   22.0047
    7.5000  -45.0000  -22.500010902.0059   21.9468
   -7.5000  -37.5000  -22.500011239.3633   21.9655
    0.0000  -37.5000  -22.500011758.4209   21.9544
    7.5000  -37.5000  -22.500011218.7842   21.9031
   -7.5000  -30.0000  -22.500011955.4717   21.9279
    0.0000  -30.0000  -22.500012514.3340   21.9031
    7.5000  -30.0000  -22.500011931.4160   21.8598
   -7.5000  -22.5000  -22.500012570.0449   21.9256
    0.0000  -22.5000  -22.500013204.7041   21.9027
    7.5000  -22.5000  -22.500012547.8682   21.8603
   -7.5000  -15.0000  -22.500013086.0010   21.9554
    0.0000  -15.0000  -22.500013730.6436   21.9480
    7.5000  -15.0000  -22.500013037.9619   21.8997
   -7.5000   -7.5000  -22.500013474.8076   21.9874
    0.0000   -7.5000  -22.500014124.7188   21.9925
    7.5000   -7.5000  -22.500013410.3877   21.9363
   -7.5000    0.0000  -22.500013750.2715   21.9952
    0.0000    0.0000  -22.500014411.1914   21.9983
    7.5000    0.0000  -22.500013683.5166   21.9403
   -7.5000    7.5000  -22.500012944.5615   21.9655
    0.0000    7.5000  -22.500013571.9971   21.9544
    7.5000    7.5000  -22.500012909.8184   21.9031
   -7.5000   15.0000  -22.500012010.3506   21.9313
    0.0000   15.0000  -22.500012538.8486   21.9064
    7.5000   15.0000  -22.500011949.5010   21.8630
   -7.5000   22.5000  -22.500011023.5830   21.9366
    0.0000   22.5000  -22.500011464.8398   21.9136
    7.5000   22.5000  -22.500010958.1885   21.8710
   -7.5000   30.0000  -22.5000 9951.9004   21.7342
    0.0000   30.0000  -22.500010320.2568   21.7268
    7.5000   30.0000  -22.5000 9888.0908   21.6785
   -7.5000   37.5000  -22.5000 9221.5703   21.8707
    0.0000   37.5000  -22.5000 9523.5947   21.8767
    7.5000   37.5000  -22.5000 9143.9385   21.8198
   -7.5000   45.0000  -22.5000 8108.2681   21.5358
    0.0000   45.0000  -22.5000 8364.3604   21.5373
    7.5000   45.0000  -22.5000 8024.1196   21.4773
   -7.5000  -45.0000  -15.000011588.3018   22.5787
    0.0000  -45.0000  -15.000012123.0176   22.5866
    7.5000  -45.0000  -15.000011557.7275   22.5325
   -7.5000  -37.5000  -15.000011908.3857   22.5468
    0.0000  -37.5000  -15.000012439.0000   22.5407
    7.5000  -37.5000  -15.000011866.4268   22.4894
   -7.5000  -30.0000  -15.000012627.6982   22.5050
    0.0000  -30.0000  -15.000013211.5684   22.4806
    7.5000  -30.0000  -15.000012582.9883   22.4326
   -7.5000  -22.5000  -15.000013297.1143   22.4937
    0.0000  -22.5000  -15.000013959.2734   22.4655
    7.5000  -22.5000  -15.000013247.3301   22.4183
   -7.5000  -15.0000  -15.000013836.7197   22.5184
    0.0000  -15.0000  -15.000014569.5566   22.5047
    7.5000  -15.0000  -15.000013794.8701   22.4548
   -7.5000   -7.5000  -15.000014286.3662   22.5552
    0.0000   -7.5000  -15.000014986.0127   22.5590
    7.5000   -7.5000  -15.000014191.9023   22.5055
   -7.5000    0.0000  -15.000014540.9512   22.5722
    0.0000    0.0000  -15.000015286.2393   22.5800
    7.5000    0.0000  -15.000014445.8730   22.5258
   -7.5000    7.5000  -15.000013706.8447   22.5468
    0.0000    7.5000  -15.000014403.5615   22.5407
    7.5000    7.5000  -15.000013617.4805   22.4894
   -7.5000   15.0000  -15.000012729.3076   22.5086
    0.0000   15.0000  -15.000013320.3682   22.4840
    7.5000   15.0000  -15.000012619.0137   22.4360
   -7.5000   22.5000  -15.000011648.7979   22.5040
    0.0000   22.5000  -15.000012158.7832   22.4757
    7.5000   22.5000  -15.000011564.8809   22.4283
   -7.5000   30.0000  -15.000010503.6250   22.2952
    0.0000   30.0000  -15.000010906.6650   22.2816
    7.5000   30.0000  -15.000010405.8408   22.2317
   -7.5000   37.5000  -15.0000 9708.2305   22.4394
    0.0000   37.5000  -15.000010050.9434   22.4445
    7.5000   37.5000  -15.0000 9608.5518   22.3905
   -7.5000   45.0000  -15.0000 8509.7578   22.1138
    0.0000   45.0000  -15.0000 8792.9111   22.1205
    7.5000   45.0000  -15.0000 8414.3545   22.0650
   -7.5000  -45.0000   -7.500012359.7510   22.8567
    0.0000  -45.0000   -7.500012930.1133   22.8763
    7.5000  -45.0000   -7.500012327.8857   22.8202
   -7.5000  -37.5000   -7.500012687.9512   22.8313
    0.0000  -37.5000   -7.500013245.1816   22.8350
    7.5000  -37.5000   -7.500012611.8623   22.7768
   -7.5000  -30.0000   -7.500013446.4492   22.7854
    0.0000  -30.0000   -7.500014061.6064   22.7717
    7.5000  -30.0000   -7.500013327.2100   22.7144
   -7.5000  -22.5000   -7.500014168.5137   22.7603
    0.0000  -22.5000   -7.500014866.7412   22.7458
    7.5000  -22.5000   -7.500014066.0898   22.6918
   -7.5000  -15.0000   -7.500014753.2773   22.7761
    0.0000  -15.0000   -7.500015500.4463   22.7781
    7.5000  -15.0000   -7.500014676.6982   22.7263
   -7.5000   -7.5000   -7.500015180.7344   22.8202
    0.0000   -7.5000   -7.500015945.9727   22.8387
    7.5000   -7.5000   -7.500015087.9033   22.7856
   -7.5000    0.0000   -7.500015449.0088   22.8500
    0.0000    0.0000   -7.500016258.1719   22.8696
    7.5000    0.0000   -7.500015319.3945   22.8133
   -7.5000    7.5000   -7.500014562.0107   22.8313
    0.0000    7.5000   -7.500015307.1680   22.8350
    7.5000    7.5000   -7.500014427.3994   22.7768
   -7.5000   15.0000   -7.500013518.4023   22.7888
    0.0000   15.0000   -7.500014168.6475   22.7750
    7.5000   15.0000   -7.500013407.4697   22.7176
   -7.5000   22.5000   -7.500012352.2773   22.7678
    0.0000   22.5000   -7.500012893.9482   22.7533
    7.5000   22.5000   -7.500012258.8262   22.6990
   -7.5000   30.0000   -7.500011081.3389   22.5497
    0.0000   30.0000   -7.500011524.9316   22.5518
    7.5000   30.0000   -7.500010971.7139   22.5001
   -7.5000   37.5000   -7.500010234.9268   22.7027
    0.0000   37.5000   -7.500010598.6123   22.7226
    7.5000   37.5000   -7.500010100.9863   22.6695
   -7.5000   45.0000   -7.5000 8939.1748   22.3922
    0.0000   45.0000   -7.5000 9221.8359   22.4102
    7.5000   45.0000   -7.5000 8836.3633   22.3530
   -7.5000  -45.0000    0.000013124.6270   22.8713
    0.0000  -45.0000    0.000013724.5186   22.9018
    7.5000  -45.0000    0.000013021.0615   22.8420
   -7.5000  -37.5000    0.000013463.2432   22.8497
    0.0000  -37.5000    0.000014026.1064   22.8612
    7.5000  -37.5000    0.000013334.3955   22.7983
   -7.5000  -30.0000    0.000014095.2119   22.8060
    0.0000  -30.0000    0.000014611.6396   22.8042
    7.5000  -30.0000    0.000014012.6758   22.7434
   -7.5000  -22.5000    0.000014716.4424   22.7767
    0.0000  -22.5000    0.000015281.9033   22.7817
    7.5000  -22.5000    0.000014700.8779   22.7263
   -7.5000  -15.0000    0.000015328.7490   22.7877
    0.0000  -15.0000    0.000015959.3496   22.8126
    7.5000  -15.0000    0.000015314.7852   22.7613
   -7.5000   -7.5000    0.000015820.6387   22.8320
    0.0000   -7.5000    0.000016489.5664   22.8691
    7.5000   -7.5000    0.000015773.0449   22.8152
   -7.5000    0.0000    0.000016114.6836   22.8645
    0.0000    0.0000    0.000016825.1211   22.8950
    7.5000    0.0000    0.000016030.7646   22.8351
   -7.5000    7.5000    0.000015173.1758   22.8497
    0.0000    7.5000    0.000015875.2598   22.8612
    7.5000    7.5000    0.000015073.7295   22.7983
   -7.5000   15.0000    0.000014108.7803   22.8092
    0.0000   15.0000    0.000014788.1602   22.8073
    7.5000   15.0000    0.000014038.3779   22.7463
   -7.5000   22.5000    0.000012898.5420   22.7838
    0.0000   22.5000    0.000013473.3486   22.7888
    7.5000   22.5000    0.000012814.9307   22.7332
   -7.5000   30.0000    0.000011573.6162   22.5612
    0.0000   30.0000    0.000012047.7637   22.5862
    7.5000   30.0000    0.000011459.6572   22.5351
   -7.5000   37.5000    0.000010687.5996   22.7146
    0.0000   37.5000    0.000011069.4766   22.7530
    7.5000   37.5000    0.000010523.6973   22.6993
   -7.5000   45.0000    0.0000 9321.1055   22.4102
    0.0000   45.0000    0.0000 9610.2637   22.4382
    7.5000   45.0000    0.0000 9177.1426   22.3770
   -7.5000  -45.0000    7.500012797.0088   22.8184
    0.0000  -45.0000    7.500013281.8428   22.8448
    7.5000  -45.0000    7.500012631.0996   22.7819
   -7.5000  -37.5000    7.500013177.6182   22.7922
    0.0000  -37.5000    7.500013561.0430   22.7987
    7.5000  -37.5000    7.500013077.7812   22.7371
   -7.5000  -30.0000    7.500013657.4883   22.7546
    0.0000  -30.0000    7.500013954.3975   22.7510
    7.5000  -30.0000    7.500013709.0967   22.6952
   -7.5000  -22.5000    7.500014249.8389   22.7366
    0.0000  -22.5000    7.500014573.2773   22.7444
    7.5000  -22.5000    7.500014306.7920   22.6934
   -7.5000  -15.0000    7.500014848.3506   22.7535
    0.0000  -15.0000    7.500015276.4355   22.7825
    7.5000  -15.0000    7.500014888.4053   22.7320
   -7.5000   -7.5000    7.500015365.7451   22.7909
    0.0000   -7.5000    7.500015835.3623   22.8285
    7.5000   -7.5000    7.500015327.1270   22.7719
   -7.5000    0.0000    7.500015652.4434   22.8117
    0.0000    0.0000    7.500016189.7373   22.8380
    7.5000    0.0000    7.500015556.8584   22.7751
   -7.5000    7.5000    7.500014711.7227   22.7922
    0.0000    7.5000    7.500015289.7871   22.7987
    7.5000    7.5000    7.500014577.2354   22.7371
   -7.5000   15.0000    7.500013702.0928   22.7577
    0.0000   15.0000    7.500014281.6885   22.7540
    7.5000   15.0000    7.500013583.9229   22.6980
   -7.5000   22.5000    7.500012528.2129   22.7438
    0.0000   22.5000    7.500013042.0771   22.7516
    7.5000   22.5000    7.500012387.3887   22.7004
   -7.5000   30.0000    7.500011223.3027   22.5269
    0.0000   30.0000    7.500011662.6943   22.5559
    7.5000   30.0000    7.500011093.2139   22.5057
   -7.5000   37.5000    7.500010349.1465   22.6730
    0.0000   37.5000    7.500010681.3447   22.7116
    7.5000   37.5000    7.500010186.9736   22.6548
   -7.5000   45.0000    7.5000 9007.6270   22.3583
    0.0000   45.0000    7.5000 9273.5908   22.3817
    7.5000   45.0000    7.5000 8856.7773   22.3167
   -7.5000  -45.0000   15.000012176.0000   22.8258
    0.0000  -45.0000   15.000012537.8369   22.8368
    7.5000  -45.0000   15.000012046.5586   22.7720
   -7.5000  -37.5000   15.000012583.6113   22.7906
    0.0000  -37.5000   15.000012912.5107   22.7838
    7.5000  -37.5000   15.000012530.7822   22.7255
   -7.5000  -30.0000   15.000013222.9277   22.7539
    0.0000  -30.0000   15.000013521.4375   22.7374
    7.5000  -30.0000   15.000013260.0713   22.6886
   -7.5000  -22.5000   15.000013885.4023   22.7490
    0.0000  -22.5000   15.000014207.5293   22.7421
    7.5000  -22.5000   15.000013867.6816   22.6964
   -7.5000  -15.0000   15.000014445.3564   22.7767
    0.0000  -15.0000   15.000014842.4160   22.7893
    7.5000  -15.0000   15.000014376.2695   22.7385
   -7.5000   -7.5000   15.000014874.4648   22.8103
    0.0000   -7.5000   15.000015314.0596   22.8308
    7.5000   -7.5000   15.000014766.0283   22.7705
   -7.5000    0.0000   15.000015081.0254   22.8192
    0.0000    0.0000   15.000015540.7266   22.8301
    7.5000    0.0000   15.000014934.6426   22.7652
   -7.5000    7.5000   15.000014125.4385   22.7906
    0.0000    7.5000   15.000014601.4961   22.7838
    7.5000    7.5000   15.000013951.3516   22.7255
   -7.5000   15.0000   15.000013105.4570   22.7571
    0.0000   15.0000   15.000013568.0645   22.7406
    7.5000   15.0000   15.000012908.8447   22.6917
   -7.5000   22.5000   15.000011938.9912   22.7567
    0.0000   22.5000   15.000012380.6943   22.7497
    7.5000   22.5000   15.000011768.7676   22.7038
   -7.5000   30.0000   15.000010662.3740   22.5500
    0.0000   30.0000   15.000011073.1631   22.5625
    7.5000   30.0000   15.000010515.3936   22.5119
   -7.5000   37.5000   15.0000 9819.5195   22.6920
    0.0000   37.5000   15.000010133.2471   22.7135
    7.5000   37.5000   15.0000 9647.7598   22.6525
   -7.5000   45.0000   15.0000 8537.9785   22.3643
    0.0000   45.0000   15.0000 8802.4307   22.3726
    7.5000   45.0000   15.0000 8398.2236   22.3052
   -7.5000  -45.0000   22.500011402.5869   22.9212
    0.0000  -45.0000   22.500011866.2891   22.9244
    7.5000  -45.0000   22.500011331.7715   22.8635
   -7.5000  -37.5000   22.500011735.2002   22.8830
    0.0000  -37.5000   22.500012215.9561   22.8713
    7.5000  -37.5000   22.500011726.4814   22.8173
   -7.5000  -30.0000   22.500012400.9160   22.8434
    0.0000  -30.0000   22.500012925.8213   22.8174
    7.5000  -30.0000   22.500012428.3740   22.7718
   -7.5000  -22.5000   22.500013155.0625   22.8411
    0.0000  -22.5000   22.500013730.9355   22.8171
    7.5000  -22.5000   22.500013099.4814   22.7726
   -7.5000  -15.0000   22.500013765.4150   22.8728
    0.0000  -15.0000   22.500014374.0371   22.8650
    7.5000  -15.0000   22.500013642.9736   22.8143
   -7.5000   -7.5000   22.500014157.3711   22.9066
    0.0000   -7.5000   22.500014762.4805   22.9118
    7.5000   -7.5000   22.500014017.7676   22.8528
   -7.5000    0.0000   22.500014311.7598   22.9146
    0.0000    0.0000   22.500014871.9043   22.9178
    7.5000    0.0000   22.500014149.2607   22.8567
   -7.5000    7.5000   22.500013369.3594   22.8830
    0.0000    7.5000   22.500013878.7861   22.8713
    7.5000    7.5000   22.500013202.5684   22.8173
   -7.5000   15.0000   22.500012398.5225   22.8469
    0.0000   15.0000   22.500012843.2061   22.8208
    7.5000   15.0000   22.500012205.9648   22.7752
   -7.5000   22.5000   22.500011326.5840   22.8492
    0.0000   22.5000   22.500011690.6758   22.8252
    7.5000   22.5000   22.500011159.4199   22.7804
   -7.5000   30.0000   22.500010135.5176   22.6458
    0.0000   30.0000   22.500010449.6094   22.6380
    7.5000   30.0000   22.5000 9982.3135   22.5873
   -7.5000   37.5000   22.5000 9303.8584   22.7888
    0.0000   37.5000   22.5000 9546.7266   22.7950
    7.5000   37.5000   22.5000 9148.6201   22.7353
   -7.5000   45.0000   22.5000 8100.8506   22.4568
    0.0000   45.0000   22.5000 8314.5059   22.4583
    7.5000   45.0000   22.5000 7950.4951   22.3951
   -7.5000  -45.0000   30.000010630.3506   23.0475
    0.0000  -45.0000   30.000011047.2119   23.0555
    7.5000  -45.0000   30.000010600.6924   22.9992
   -7.5000  -37.5000   30.000010940.2949   23.0143
    0.0000  -37.5000   30.000011363.4648   23.0078
    7.5000  -37.5000   30.000010932.4814   22.9543
   -7.5000  -30.0000   30.000011584.8047   22.9709
    0.0000  -30.0000   30.000012017.8047   22.9455
    7.5000  -30.0000   30.000011583.3086   22.8955
   -7.5000  -22.5000   30.000012259.5156   22.9591
    0.0000  -22.5000   30.000012679.0254   22.9301
    7.5000  -22.5000   30.000012203.2656   22.8809
   -7.5000  -15.0000   30.000012824.8477   22.9849
    0.0000  -15.0000   30.000013270.9707   22.9709
    7.5000  -15.0000   30.000012737.3740   22.9191
   -7.5000   -7.5000   30.000013239.7461   23.0232
    0.0000   -7.5000   30.000013706.7666   23.0271
    7.5000   -7.5000   30.000013126.6299   22.9716
   -7.5000    0.0000   30.000013432.1631   23.0409
    0.0000    0.0000   30.000013891.2529   23.0487
    7.5000    0.0000   30.000013298.5391   22.9923
   -7.5000    7.5000   30.000012539.9170   23.0143
    0.0000    7.5000   30.000012996.4521   23.0078
    7.5000    7.5000   30.000012416.9854   22.9543
   -7.5000   15.0000   30.000011595.3262   22.9745
    0.0000   15.0000   30.000012016.1123   22.9491
    7.5000   15.0000   30.000011448.9023   22.8989
   -7.5000   22.5000   30.000010562.9873   22.9673
    0.0000   22.5000   30.000010952.5156   22.9382
    7.5000   22.5000   30.000010425.9629   22.8889
   -7.5000   30.0000   30.0000 9452.0322   22.7575
    0.0000   30.0000   30.0000 9775.6377   22.7436
    7.5000   30.0000   30.0000 9307.3623   22.6918
   -7.5000   37.5000   30.0000 8639.5938   22.9062
    0.0000   37.5000   30.0000 8915.5332   22.9115
    7.5000   37.5000   30.0000 8507.7295   22.8554
   -7.5000   45.0000   30.0000 7526.4912   22.5815
    0.0000   45.0000   30.0000 7752.9204   22.5882
    7.5000   45.0000   30.0000 7389.1416   22.5304
   -7.5000  -45.0000   37.500010152.0615   23.1839
    0.0000  -45.0000   37.500010629.4492   23.2043
    7.5000  -45.0000   37.500010153.4346   23.1458
   -7.5000  -37.5000   37.500010462.2617   23.1579
    0.0000  -37.5000   37.500010953.1699   23.1619
    7.5000  -37.5000   37.500010475.2539   23.1013
   -7.5000  -30.0000   37.500011097.3086   23.1102
    0.0000  -30.0000   37.500011593.3965   23.0962
    7.5000  -30.0000   37.500011111.6797   23.0367
   -7.5000  -22.5000   37.500011728.0020   23.0834
    0.0000  -22.5000   37.500012215.1924   23.0689
    7.5000  -22.5000   37.500011698.7188   23.0127
   -7.5000  -15.0000   37.500012257.1387   23.0996
    0.0000  -15.0000   37.500012713.6885   23.1020
    7.5000  -15.0000   37.500012194.6709   23.0482
   -7.5000   -7.5000   37.500012662.1582   23.1456
    0.0000   -7.5000   37.500013116.4277   23.1650
    7.5000   -7.5000   37.500012600.6562   23.1098
   -7.5000    0.0000   37.500012852.9980   23.1771
    0.0000    0.0000   37.500013325.3604   23.1974
    7.5000    0.0000   37.500012781.0977   23.1388
   -7.5000    7.5000   37.500012015.1826   23.1579
    0.0000    7.5000   37.500012472.2412   23.1619
    7.5000    7.5000   37.500011945.1543   23.1013
   -7.5000   15.0000   37.500011095.2139   23.1137
    0.0000   15.0000   37.500011534.2754   23.0996
    7.5000   15.0000   37.500011010.6162   23.0399
   -7.5000   22.5000   37.500010125.5195   23.0913
    0.0000   22.5000   37.500010511.5391   23.0768
    7.5000   22.5000   37.500010018.2881   23.0204
   -7.5000   30.0000   37.5000 9071.1758   22.8714
    0.0000   30.0000   37.5000 9398.4336   22.8740
    7.5000   30.0000   37.5000 8977.7109   22.8203
   -7.5000   37.5000   37.5000 8273.4580   23.0292
    0.0000   37.5000   37.5000 8550.8916   23.0501
    7.5000   37.5000   37.5000 8176.0850   22.9949
   -7.5000   45.0000   37.5000 7206.4282   22.7190
    0.0000   45.0000   37.5000 7453.7319   22.7377
    7.5000   45.0000   37.5000 7107.8901   22.6782
   -7.5000  -45.0000   45.0000 9287.2383   23.4873
    0.0000  -45.0000   45.0000 9773.2607   23.5207
    7.5000  -45.0000   45.0000 9302.9570   23.4563
   -7.5000  -37.5000   45.0000 9599.6270   23.4649
    0.0000  -37.5000   45.000010096.7588   23.4777
    7.5000  -37.5000   45.0000 9622.5361   23.4100
   -7.5000  -30.0000   45.000010213.4248   23.4179
    0.0000  -30.0000   45.000010693.2480   23.4164
    7.5000  -30.0000   45.000010218.3076   23.3508
   -7.5000  -22.5000   45.000010755.4199   23.3855
    0.0000  -22.5000   45.000011227.2275   23.3915
    7.5000  -22.5000   45.000010747.3926   23.3320
   -7.5000  -15.0000   45.000011221.4570   23.3970
    0.0000  -15.0000   45.000011677.0098   23.4243
    7.5000  -15.0000   45.000011193.3838   23.3692
   -7.5000   -7.5000   45.000011594.5127   23.4446
    0.0000   -7.5000   45.000012043.6445   23.4851
    7.5000   -7.5000   45.000011554.7568   23.4273
   -7.5000    0.0000   45.000011788.0811   23.4801
    0.0000    0.0000   45.000012232.3164   23.5135
    7.5000    0.0000   45.000011746.9492   23.4491
   -7.5000    7.5000   45.000011032.5850   23.4649
    0.0000    7.5000   45.000011474.5156   23.4777
    7.5000    7.5000   45.000011007.4482   23.4100
   -7.5000   15.0000   45.000010163.8682   23.4212
    0.0000   15.0000   45.000010596.3730   23.4196
    7.5000   15.0000   45.000010132.9180   23.3539
   -7.5000   22.5000   45.0000 9291.1865   23.3934
    0.0000   22.5000   45.0000 9667.6035   23.3993
    7.5000   22.5000   45.0000 9236.7832   23.3396
   -7.5000   30.0000   45.0000 8338.0615   23.1647
    0.0000   30.0000   45.0000 8658.4863   23.1921
    7.5000   30.0000   45.0000 8283.1709   23.1373
   -7.5000   37.5000   45.0000 7628.3184   23.3267
    0.0000   37.5000   45.0000 7899.5078   23.3686
    7.5000   37.5000   45.0000 7559.5596   23.3110
   -7.5000   45.0000   45.0000 6643.2256   23.0322
    0.0000   45.0000   45.0000 6869.4863   23.0628
    7.5000   45.0000   45.0000 6584.8750   22.9970

---------------------------------------------------------------------
imgreg_4dfp /opt/freesurfer/average/711-2C_as_mni_average_305 /opt/freesurfer/average/711-2B_as_mni_average_305_mask talsrcimg_g11 none talsrcimg_to_711-2C_as_mni_average_305_t4 4355
---------------------------------------------------------------------

freesurfer imgreg_4dfp.c
/opt/freesurfer/average/711-2C_as_mni_average_305.4dfp.img
       256       256       256         1
  1.000000  1.000000  1.000000
orientation T byte_order littleendian
Reading image: /opt/freesurfer/average/711-2C_as_mni_average_305.4dfp.img
dimensions:      256       256       256
mmppix:       1.0000   -1.0000   -1.0000
center:     128.0000 -129.0000 -129.0000
/opt/freesurfer/average/711-2B_as_mni_average_305_mask.4dfp.img
       256       256       256         1
  1.000000  1.000000  1.000000
orientation T byte_order littleendian
Reading mask: /opt/freesurfer/average/711-2B_as_mni_average_305_mask.4dfp.img (2306576 pixels)
talsrcimg_g11.4dfp.img
       256       256       256         1
  1.000000  1.000000  1.000000
orientation T byte_order littleendian
Reading image: talsrcimg_g11.4dfp.img
dimensions:      256       256       256
mmppix:       1.0000   -1.0000   -1.0000
center:     128.0000 -129.0000 -129.0000
rotation matrix determinant  1.000000
image alignment mode   4355 decimal     1103 hex
   -7.5000  -45.0000  -45.0000 2221.9229   19.0504
    0.0000  -45.0000  -45.0000 2236.3027   18.8758
    7.5000  -45.0000  -45.0000 2224.0181   18.9642
   -7.5000  -37.5000  -45.0000 2264.9250   18.2720
    0.0000  -37.5000  -45.0000 2278.4614   18.0109
    7.5000  -37.5000  -45.0000 2262.5012   18.1514
   -7.5000  -30.0000  -45.0000 2279.7278   17.8674
    0.0000  -30.0000  -45.0000 2292.7705   17.6081
    7.5000  -30.0000  -45.0000 2274.6392   17.7204
   -7.5000  -22.5000  -45.0000 2275.2275   17.7447
    0.0000  -22.5000  -45.0000 2283.3198   17.4646
    7.5000  -22.5000  -45.0000 2267.8577   17.6252
   -7.5000  -15.0000  -45.0000 2250.8552   18.0301
    0.0000  -15.0000  -45.0000 2258.9460   17.7510
    7.5000  -15.0000  -45.0000 2238.1880   17.9192
   -7.5000   -7.5000  -45.0000 2203.3560   18.7168
    0.0000   -7.5000  -45.0000 2214.8296   18.4262
    7.5000   -7.5000  -45.0000 2189.6558   18.6342
   -7.5000    0.0000  -45.0000 2135.2639   19.7751
    0.0000    0.0000  -45.0000 2146.7510   19.4357
    7.5000    0.0000  -45.0000 2124.6262   19.6817
   -7.5000    7.5000  -45.0000 2047.7091   21.2255
    0.0000    7.5000  -45.0000 2059.7629   20.8455
    7.5000    7.5000  -45.0000 2036.5511   21.2148
   -7.5000   15.0000  -45.0000 1944.3961   23.3261
    0.0000   15.0000  -45.0000 1954.9745   22.9007
    7.5000   15.0000  -45.0000 1933.5167   23.2606
   -7.5000   22.5000  -45.0000 1843.9768   26.2202
    0.0000   22.5000  -45.0000 1850.5770   25.8289
    7.5000   22.5000  -45.0000 1819.6451   26.1637
   -7.5000   30.0000  -45.0000 1722.2427   30.0133
    0.0000   30.0000  -45.0000 1725.9683   29.6436
    7.5000   30.0000  -45.0000 1704.2302   30.0441
   -7.5000   37.5000  -45.0000 1597.1414   35.4347
    0.0000   37.5000  -45.0000 1597.0076   35.0736
    7.5000   37.5000  -45.0000 1572.8475   35.6739
   -7.5000   45.0000  -45.0000 1462.9594   43.0943
    0.0000   45.0000  -45.0000 1467.4087   42.7088
    7.5000   45.0000  -45.0000 1440.2781   43.2224
   -7.5000  -45.0000  -37.5000 2311.4014   17.5790
    0.0000  -45.0000  -37.5000 2330.4541   17.4519
    7.5000  -45.0000  -37.5000 2309.1111   17.4925
   -7.5000  -37.5000  -37.5000 2353.8955   16.8489
    0.0000  -37.5000  -37.5000 2375.3679   16.6787
    7.5000  -37.5000  -37.5000 2352.2517   16.7275
   -7.5000  -30.0000  -37.5000 2374.0620   16.4768
    0.0000  -30.0000  -37.5000 2397.1355   16.2749
    7.5000  -30.0000  -37.5000 2371.3831   16.3310
   -7.5000  -22.5000  -37.5000 2372.5459   16.3381
    0.0000  -22.5000  -37.5000 2388.7087   16.1476
    7.5000  -22.5000  -37.5000 2370.4397   16.2473
   -7.5000  -15.0000  -37.5000 2354.2615   16.5828
    0.0000  -15.0000  -37.5000 2365.5942   16.3771
    7.5000  -15.0000  -37.5000 2346.3970   16.4887
   -7.5000   -7.5000  -37.5000 2304.8401   17.1667
    0.0000   -7.5000  -37.5000 2316.8506   16.9605
    7.5000   -7.5000  -37.5000 2299.4482   17.1110
   -7.5000    0.0000  -37.5000 2238.0200   18.1232
    0.0000    0.0000  -37.5000 2246.9338   17.8576
    7.5000    0.0000  -37.5000 2224.9097   18.0325
   -7.5000    7.5000  -37.5000 2142.6113   19.4734
    0.0000    7.5000  -37.5000 2150.7383   19.1768
    7.5000    7.5000  -37.5000 2129.5510   19.3974
   -7.5000   15.0000  -37.5000 2028.8073   21.3550
    0.0000   15.0000  -37.5000 2039.3428   21.0147
    7.5000   15.0000  -37.5000 2017.8422   21.2861
   -7.5000   22.5000  -37.5000 1926.6455   23.9336
    0.0000   22.5000  -37.5000 1933.3467   23.6221
    7.5000   22.5000  -37.5000 1906.2910   23.9120
   -7.5000   30.0000  -37.5000 1799.5798   27.3839
    0.0000   30.0000  -37.5000 1798.6378   27.0874
    7.5000   30.0000  -37.5000 1775.1771   27.4784
   -7.5000   37.5000  -37.5000 1665.0164   32.2608
    0.0000   37.5000  -37.5000 1665.4807   31.9309
    7.5000   37.5000  -37.5000 1639.6638   32.4607
   -7.5000   45.0000  -37.5000 1523.5211   38.9175
    0.0000   45.0000  -37.5000 1523.6383   38.6222
    7.5000   45.0000  -37.5000 1500.0062   39.0031
   -7.5000  -45.0000  -30.0000 2438.2219   16.8642
    0.0000  -45.0000  -30.0000 2462.1741   16.7574
    7.5000  -45.0000  -30.0000 2440.3091   16.7435
   -7.5000  -37.5000  -30.0000 2488.0947   16.1383
    0.0000  -37.5000  -30.0000 2510.2556   16.0333
    7.5000  -37.5000  -30.0000 2486.3940   15.9976
   -7.5000  -30.0000  -30.0000 2515.9355   15.7986
    0.0000  -30.0000  -30.0000 2533.9321   15.6437
    7.5000  -30.0000  -30.0000 2507.2651   15.6533
   -7.5000  -22.5000  -30.0000 2512.4241   15.6671
    0.0000  -22.5000  -30.0000 2537.6331   15.5431
    7.5000  -22.5000  -30.0000 2509.0894   15.5978
   -7.5000  -15.0000  -30.0000 2494.3855   15.8958
    0.0000  -15.0000  -30.0000 2514.9004   15.7540
    7.5000  -15.0000  -30.0000 2486.0312   15.8396
   -7.5000   -7.5000  -30.0000 2447.3191   16.4222
    0.0000   -7.5000  -30.0000 2461.8103   16.2881
    7.5000   -7.5000  -30.0000 2433.8745   16.3908
   -7.5000    0.0000  -30.0000 2373.5100   17.2722
    0.0000    0.0000  -30.0000 2382.3789   17.0854
    7.5000    0.0000  -30.0000 2355.9561   17.2611
   -7.5000    7.5000  -30.0000 2271.8931   18.5314
    0.0000    7.5000  -30.0000 2279.8042   18.2919
    7.5000    7.5000  -30.0000 2258.2544   18.4773
   -7.5000   15.0000  -30.0000 2151.7759   20.3408
    0.0000   15.0000  -30.0000 2152.4783   20.0238
    7.5000   15.0000  -30.0000 2133.9949   20.2433
   -7.5000   22.5000  -30.0000 2036.0465   22.7935
    0.0000   22.5000  -30.0000 2034.4641   22.4508
    7.5000   22.5000  -30.0000 2014.0437   22.7282
   -7.5000   30.0000  -30.0000 1901.5022   26.1411
    0.0000   30.0000  -30.0000 1901.7543   25.8035
    7.5000   30.0000  -30.0000 1878.3201   26.2554
   -7.5000   37.5000  -30.0000 1756.8300   30.6366
    0.0000   37.5000  -30.0000 1757.6451   30.2344
    7.5000   37.5000  -30.0000 1731.6887   30.7605
   -7.5000   45.0000  -30.0000 1611.0414   36.7320
    0.0000   45.0000  -30.0000 1615.7429   36.5361
    7.5000   45.0000  -30.0000 1582.9016   36.9622
   -7.5000  -45.0000  -22.5000 2549.6743   16.1229
    0.0000  -45.0000  -22.5000 2566.7341   16.0033
    7.5000  -45.0000  -22.5000 2540.4636   15.9921
   -7.5000  -37.5000  -22.5000 2607.9600   15.3862
    0.0000  -37.5000  -22.5000 2619.3054   15.2700
    7.5000  -37.5000  -22.5000 2596.4404   15.2554
   -7.5000  -30.0000  -22.5000 2637.1321   15.0599
    0.0000  -30.0000  -22.5000 2649.4026   14.9205
    7.5000  -30.0000  -22.5000 2624.7195   14.9088
   -7.5000  -22.5000  -22.5000 2637.3513   14.9852
    0.0000  -22.5000  -22.5000 2658.7661   14.8957
    7.5000  -22.5000  -22.5000 2625.2822   14.8952
   -7.5000  -15.0000  -22.5000 2617.6362   15.2229
    0.0000  -15.0000  -22.5000 2636.5027   15.1304
    7.5000  -15.0000  -22.5000 2602.2393   15.1542
   -7.5000   -7.5000  -22.5000 2568.6111   15.7114
    0.0000   -7.5000  -22.5000 2582.8696   15.6188
    7.5000   -7.5000  -22.5000 2549.9456   15.6703
   -7.5000    0.0000  -22.5000 2487.9314   16.5058
    0.0000    0.0000  -22.5000 2497.4563   16.3856
    7.5000    0.0000  -22.5000 2467.1279   16.5063
   -7.5000    7.5000  -22.5000 2379.2410   17.6459
    0.0000    7.5000  -22.5000 2390.7007   17.4630
    7.5000    7.5000  -22.5000 2369.2954   17.6392
   -7.5000   15.0000  -22.5000 2253.0840   19.3020
    0.0000   15.0000  -22.5000 2255.0845   19.0630
    7.5000   15.0000  -22.5000 2232.5686   19.2562
   -7.5000   22.5000  -22.5000 2123.2136   21.6492
    0.0000   22.5000  -22.5000 2118.8767   21.3478
    7.5000   22.5000  -22.5000 2098.9717   21.6425
   -7.5000   30.0000  -22.5000 1978.8827   24.8055
    0.0000   30.0000  -22.5000 1977.3096   24.4454
    7.5000   30.0000  -22.5000 1958.6537   24.9081
   -7.5000   37.5000  -22.5000 1832.7634   29.0410
    0.0000   37.5000  -22.5000 1830.8918   28.5715
    7.5000   37.5000  -22.5000 1811.1833   29.1358
   -7.5000   45.0000  -22.5000 1684.5211   34.8137
    0.0000   45.0000  -22.5000 1686.3109   34.3252
    7.5000   45.0000  -22.5000 1662.0876   35.0225
   -7.5000  -45.0000  -15.0000 2624.0615   15.4776
    0.0000  -45.0000  -15.0000 2635.6433   15.3539
    7.5000  -45.0000  -15.0000 2610.0073   15.3427
   -7.5000  -37.5000  -15.0000 2689.6851   14.7074
    0.0000  -37.5000  -15.0000 2700.2446   14.5922
    7.5000  -37.5000  -15.0000 2672.5312   14.5739
   -7.5000  -30.0000  -15.0000 2724.5559   14.3519
    0.0000  -30.0000  -15.0000 2735.3066   14.2478
    7.5000  -30.0000  -15.0000 2707.5347   14.2171
   -7.5000  -22.5000  -15.0000 2731.9817   14.3180
    0.0000  -22.5000  -15.0000 2753.8770   14.2591
    7.5000  -22.5000  -15.0000 2717.2231   14.2013
   -7.5000  -15.0000  -15.0000 2710.3071   14.5753
    0.0000  -15.0000  -15.0000 2734.3247   14.5013
    7.5000  -15.0000  -15.0000 2695.1895   14.4858
   -7.5000   -7.5000  -15.0000 2667.1462   15.0778
    0.0000   -7.5000  -15.0000 2680.7378   14.9949
    7.5000   -7.5000  -15.0000 2640.0654   15.0183
   -7.5000    0.0000  -15.0000 2577.8801   15.8602
    0.0000    0.0000  -15.0000 2594.9465   15.7560
    7.5000    0.0000  -15.0000 2555.3054   15.8025
   -7.5000    7.5000  -15.0000 2463.2820   16.9162
    0.0000    7.5000  -15.0000 2482.4482   16.7938
    7.5000    7.5000  -15.0000 2450.4614   16.8825
   -7.5000   15.0000  -15.0000 2328.4333   18.4668
    0.0000   15.0000  -15.0000 2339.8892   18.3198
    7.5000   15.0000  -15.0000 2310.6096   18.4421
   -7.5000   22.5000  -15.0000 2185.4514   20.7388
    0.0000   22.5000  -15.0000 2190.9453   20.4548
    7.5000   22.5000  -15.0000 2165.9050   20.6347
   -7.5000   30.0000  -15.0000 2032.8271   23.6675
    0.0000   30.0000  -15.0000 2035.7455   23.3494
    7.5000   30.0000  -15.0000 2011.9102   23.6465
   -7.5000   37.5000  -15.0000 1875.9358   27.5369
    0.0000   37.5000  -15.0000 1882.0244   27.2083
    7.5000   37.5000  -15.0000 1853.5181   27.6562
   -7.5000   45.0000  -15.0000 1723.7798   32.8655
    0.0000   45.0000  -15.0000 1727.6180   32.6422
    7.5000   45.0000  -15.0000 1706.9474   33.0341
   -7.5000  -45.0000   -7.5000 2675.2285   14.9692
    0.0000  -45.0000   -7.5000 2691.9460   14.8209
    7.5000  -45.0000   -7.5000 2661.6130   14.8111
   -7.5000  -37.5000   -7.5000 2751.6978   14.1342
    0.0000  -37.5000   -7.5000 2769.9060   13.9750
    7.5000  -37.5000   -7.5000 2732.7219   14.0153
   -7.5000  -30.0000   -7.5000 2798.2563   13.7025
    0.0000  -30.0000   -7.5000 2812.8335   13.5657
    7.5000  -30.0000   -7.5000 2775.0432   13.6058
   -7.5000  -22.5000   -7.5000 2811.7554   13.6975
    0.0000  -22.5000   -7.5000 2833.9722   13.5948
    7.5000  -22.5000   -7.5000 2793.0906   13.5956
   -7.5000  -15.0000   -7.5000 2794.0828   13.9603
    0.0000  -15.0000   -7.5000 2817.5176   13.8706
    7.5000  -15.0000   -7.5000 2774.7559   13.8677
   -7.5000   -7.5000   -7.5000 2739.5793   14.4458
    0.0000   -7.5000   -7.5000 2756.7837   14.3588
    7.5000   -7.5000   -7.5000 2711.4097   14.4118
   -7.5000    0.0000   -7.5000 2644.5564   15.2319
    0.0000    0.0000   -7.5000 2666.3806   15.1271
    7.5000    0.0000   -7.5000 2618.7107   15.2105
   -7.5000    7.5000   -7.5000 2524.0078   16.3046
    0.0000    7.5000   -7.5000 2541.6643   16.1805
    7.5000    7.5000   -7.5000 2505.7122   16.2458
   -7.5000   15.0000   -7.5000 2387.4385   17.7706
    0.0000   15.0000   -7.5000 2396.6489   17.6136
    7.5000   15.0000   -7.5000 2372.5981   17.7405
   -7.5000   22.5000   -7.5000 2234.4885   19.8813
    0.0000   22.5000   -7.5000 2240.6570   19.6180
    7.5000   22.5000   -7.5000 2218.4617   19.7973
   -7.5000   30.0000   -7.5000 2071.1199   22.6687
    0.0000   30.0000   -7.5000 2074.2192   22.3318
    7.5000   30.0000   -7.5000 2050.6677   22.6274
   -7.5000   37.5000   -7.5000 1906.1526   26.2997
    0.0000   37.5000   -7.5000 1912.3740   25.8978
    7.5000   37.5000   -7.5000 1886.6758   26.3635
   -7.5000   45.0000   -7.5000 1739.5333   31.1112
    0.0000   45.0000   -7.5000 1744.2878   30.8116
    7.5000   45.0000   -7.5000 1731.4611   31.2380
   -7.5000  -45.0000    0.0000 2705.9355   14.6299
    0.0000  -45.0000    0.0000 2725.6328   14.4199
    7.5000  -45.0000    0.0000 2696.1882   14.4705
   -7.5000  -37.5000    0.0000 2789.2861   13.8195
    0.0000  -37.5000    0.0000 2817.1553   13.5422
    7.5000  -37.5000    0.0000 2780.3235   13.6876
   -7.5000  -30.0000    0.0000 2842.4456   13.2444
    0.0000  -30.0000    0.0000 2863.6204   13.0007
    7.5000  -30.0000    0.0000 2826.7856   13.2079
   -7.5000  -22.5000    0.0000 2860.2834   13.1528
    0.0000  -22.5000    0.0000 2877.8782   12.9428
    7.5000  -22.5000    0.0000 2842.3662   13.1059
   -7.5000  -15.0000    0.0000 2836.6721   13.4074
    0.0000  -15.0000    0.0000 2853.4529   13.2352
    7.5000  -15.0000    0.0000 2819.5627   13.4176
   -7.5000   -7.5000    0.0000 2776.2461   13.9448
    0.0000   -7.5000    0.0000 2790.4573   13.8153
    7.5000   -7.5000    0.0000 2756.5959   13.9586
   -7.5000    0.0000    0.0000 2674.0471   14.7540
    0.0000    0.0000    0.0000 2693.4695   14.6279
    7.5000    0.0000    0.0000 2659.0635   14.7416
   -7.5000    7.5000    0.0000 2547.3789   15.8382
    0.0000    7.5000    0.0000 2566.1558   15.6828
    7.5000    7.5000    0.0000 2537.3030   15.7927
   -7.5000   15.0000    0.0000 2410.2690   17.3207
    0.0000   15.0000    0.0000 2428.0320   17.0999
    7.5000   15.0000    0.0000 2402.7861   17.2429
   -7.5000   22.5000    0.0000 2257.8323   19.2720
    0.0000   22.5000    0.0000 2268.7400   19.0322
    7.5000   22.5000    0.0000 2245.7444   19.2268
   -7.5000   30.0000    0.0000 2091.7710   21.9110
    0.0000   30.0000    0.0000 2099.8184   21.6343
    7.5000   30.0000    0.0000 2073.5369   21.9557
   -7.5000   37.5000    0.0000 1926.0212   25.4142
    0.0000   37.5000    0.0000 1935.8497   25.0525
    7.5000   37.5000    0.0000 1907.4189   25.5036
   -7.5000   45.0000    0.0000 1754.7133   30.0359
    0.0000   45.0000    0.0000 1757.9225   29.7182
    7.5000   45.0000    0.0000 1739.1311   30.1177
   -7.5000  -45.0000    7.5000 2710.0933   14.5581
    0.0000  -45.0000    7.5000 2726.0505   14.1539
    7.5000  -45.0000    7.5000 2704.0034   14.3402
   -7.5000  -37.5000    7.5000 2805.1238   13.7965
    0.0000  -37.5000    7.5000 2828.2593   13.3852
    7.5000  -37.5000    7.5000 2800.8921   13.5836
   -7.5000  -30.0000    7.5000 2861.9199   13.1177
    0.0000  -30.0000    7.5000 2875.7683   12.6743
    7.5000  -30.0000    7.5000 2853.7004   13.0845
   -7.5000  -22.5000    7.5000 2882.4878   12.9146
    0.0000  -22.5000    7.5000 2887.7412   12.5412
    7.5000  -22.5000    7.5000 2868.2468   12.9688
   -7.5000  -15.0000    7.5000 2851.5564   13.2070
    0.0000  -15.0000    7.5000 2865.5300   12.9164
    7.5000  -15.0000    7.5000 2841.5764   13.2247
   -7.5000   -7.5000    7.5000 2792.6111   13.7955
    0.0000   -7.5000    7.5000 2799.2520   13.5508
    7.5000   -7.5000    7.5000 2772.5220   13.7698
   -7.5000    0.0000    7.5000 2687.8579   14.6218
    0.0000    0.0000    7.5000 2699.0745   14.3935
    7.5000    0.0000    7.5000 2673.3408   14.5391
   -7.5000    7.5000    7.5000 2555.7983   15.6963
    0.0000    7.5000    7.5000 2573.7429   15.4611
    7.5000    7.5000    7.5000 2542.6177   15.5785
   -7.5000   15.0000    7.5000 2418.6353   17.1533
    0.0000   15.0000    7.5000 2435.8269   16.8861
    7.5000   15.0000    7.5000 2412.1047   17.0053
   -7.5000   22.5000    7.5000 2270.8213   19.0971
    0.0000   22.5000    7.5000 2276.1077   18.7941
    7.5000   22.5000    7.5000 2253.6106   18.9635
   -7.5000   30.0000    7.5000 2098.8125   21.6634
    0.0000   30.0000    7.5000 2106.7534   21.3369
    7.5000   30.0000    7.5000 2085.0344   21.6637
   -7.5000   37.5000    7.5000 1934.9281   25.0528
    0.0000   37.5000    7.5000 1935.4927   24.6073
    7.5000   37.5000    7.5000 1920.3226   25.1190
   -7.5000   45.0000    7.5000 1766.3934   29.5115
    0.0000   45.0000    7.5000 1764.0671   29.0447
    7.5000   45.0000    7.5000 1748.1281   29.5105
   -7.5000  -45.0000   15.0000 2684.9746   14.7064
    0.0000  -45.0000   15.0000 2695.9849   14.1912
    7.5000  -45.0000   15.0000 2679.9324   14.4788
   -7.5000  -37.5000   15.0000 2784.8369   13.9419
    0.0000  -37.5000   15.0000 2801.2495   13.4934
    7.5000  -37.5000   15.0000 2782.2292   13.7574
   -7.5000  -30.0000   15.0000 2844.3171   13.3419
    0.0000  -30.0000   15.0000 2857.7688   12.9213
    7.5000  -30.0000   15.0000 2841.6030   13.3005
   -7.5000  -22.5000   15.0000 2870.2124   13.1427
    0.0000  -22.5000   15.0000 2884.5261   12.7951
    7.5000  -22.5000   15.0000 2862.9292   13.0955
   -7.5000  -15.0000   15.0000 2841.9668   13.3565
    0.0000  -15.0000   15.0000 2856.1448   13.0701
    7.5000  -15.0000   15.0000 2834.4937   13.2587
   -7.5000   -7.5000   15.0000 2779.5408   13.8755
    0.0000   -7.5000   15.0000 2787.7505   13.6394
    7.5000   -7.5000   15.0000 2762.5652   13.7751
   -7.5000    0.0000   15.0000 2673.2080   14.6620
    0.0000    0.0000   15.0000 2681.8291   14.4528
    7.5000    0.0000   15.0000 2659.4773   14.5356
   -7.5000    7.5000   15.0000 2540.1152   15.7430
    0.0000    7.5000   15.0000 2553.7463   15.5404
    7.5000    7.5000   15.0000 2527.3750   15.5944
   -7.5000   15.0000   15.0000 2399.5730   17.1937
    0.0000   15.0000   15.0000 2414.1804   16.9616
    7.5000   15.0000   15.0000 2385.9421   17.0153
   -7.5000   22.5000   15.0000 2247.9795   19.1173
    0.0000   22.5000   15.0000 2258.1462   18.8382
    7.5000   22.5000   15.0000 2234.9233   18.9381
   -7.5000   30.0000   15.0000 2084.6309   21.6605
    0.0000   30.0000   15.0000 2097.6746   21.3870
    7.5000   30.0000   15.0000 2072.8677   21.5507
   -7.5000   37.5000   15.0000 1928.1337   24.9119
    0.0000   37.5000   15.0000 1932.6715   24.6062
    7.5000   37.5000   15.0000 1915.0150   24.9132
   -7.5000   45.0000   15.0000 1761.7030   29.3728
    0.0000   45.0000   15.0000 1766.8895   29.0286
    7.5000   45.0000   15.0000 1745.1042   29.3600
   -7.5000  -45.0000   22.5000 2636.7771   15.0911
    0.0000  -45.0000   22.5000 2652.8699   14.7202
    7.5000  -45.0000   22.5000 2634.8694   14.9099
   -7.5000  -37.5000   22.5000 2736.2671   14.2997
    0.0000  -37.5000   22.5000 2757.2397   13.9873
    7.5000  -37.5000   22.5000 2729.5046   14.1870
   -7.5000  -30.0000   22.5000 2797.9675   13.7140
    0.0000  -30.0000   22.5000 2817.5491   13.4546
    7.5000  -30.0000   22.5000 2793.5803   13.6844
   -7.5000  -22.5000   22.5000 2830.3591   13.6182
    0.0000  -22.5000   22.5000 2846.4583   13.4247
    7.5000  -22.5000   22.5000 2820.4958   13.5081
   -7.5000  -15.0000   22.5000 2809.3694   13.8314
    0.0000  -15.0000   22.5000 2827.0813   13.6641
    7.5000  -15.0000   22.5000 2796.1436   13.6765
   -7.5000   -7.5000   22.5000 2735.7500   14.2769
    0.0000   -7.5000   22.5000 2755.5090   14.1474
    7.5000   -7.5000   22.5000 2720.3284   14.1419
   -7.5000    0.0000   22.5000 2630.0662   14.9841
    0.0000    0.0000   22.5000 2644.2561   14.8279
    7.5000    0.0000   22.5000 2612.9021   14.8417
   -7.5000    7.5000   22.5000 2508.0449   16.0064
    0.0000    7.5000   22.5000 2525.3396   15.8182
    7.5000    7.5000   22.5000 2494.6094   15.8455
   -7.5000   15.0000   22.5000 2371.9778   17.4036
    0.0000   15.0000   22.5000 2387.7356   17.1553
    7.5000   15.0000   22.5000 2360.9199   17.2092
   -7.5000   22.5000   22.5000 2221.6660   19.3171
    0.0000   22.5000   22.5000 2228.2339   19.0024
    7.5000   22.5000   22.5000 2217.8489   19.1582
   -7.5000   30.0000   22.5000 2061.6951   21.8537
    0.0000   30.0000   22.5000 2069.6248   21.4804
    7.5000   30.0000   22.5000 2050.1245   21.7400
   -7.5000   37.5000   22.5000 1911.0283   25.1544
    0.0000   37.5000   22.5000 1912.4562   24.7772
    7.5000   37.5000   22.5000 1890.6676   25.1861
   -7.5000   45.0000   22.5000 1748.6799   29.6149
    0.0000   45.0000   22.5000 1753.9221   29.3518
    7.5000   45.0000   22.5000 1728.1544   29.7606
   -7.5000  -45.0000   30.0000 2575.5349   15.7145
    0.0000  -45.0000   30.0000 2593.3948   15.3610
    7.5000  -45.0000   30.0000 2575.8406   15.5802
   -7.5000  -37.5000   30.0000 2675.2725   14.8694
    0.0000  -37.5000   30.0000 2695.4631   14.5789
    7.5000  -37.5000   30.0000 2666.9226   14.7974
   -7.5000  -30.0000   30.0000 2739.4255   14.3426
    0.0000  -30.0000   30.0000 2751.6836   14.0659
    7.5000  -30.0000   30.0000 2727.5991   14.2574
   -7.5000  -22.5000   30.0000 2763.5122   14.2620
    0.0000  -22.5000   30.0000 2770.1365   14.0076
    7.5000  -22.5000   30.0000 2748.1709   14.1168
   -7.5000  -15.0000   30.0000 2741.9426   14.4501
    0.0000  -15.0000   30.0000 2749.0205   14.2366
    7.5000  -15.0000   30.0000 2726.3232   14.2932
   -7.5000   -7.5000   30.0000 2671.7058   14.9134
    0.0000   -7.5000   30.0000 2684.1887   14.7161
    7.5000   -7.5000   30.0000 2657.9529   14.7518
   -7.5000    0.0000   30.0000 2571.2119   15.6582
    0.0000    0.0000   30.0000 2585.3135   15.4794
    7.5000    0.0000   30.0000 2556.8716   15.5051
   -7.5000    7.5000   30.0000 2453.1746   16.6698
    0.0000    7.5000   30.0000 2472.1182   16.4560
    7.5000    7.5000   30.0000 2443.0430   16.4880
   -7.5000   15.0000   30.0000 2324.2275   17.9919
    0.0000   15.0000   30.0000 2338.0505   17.7545
    7.5000   15.0000   30.0000 2310.0281   17.8344
   -7.5000   22.5000   30.0000 2179.5146   19.8125
    0.0000   22.5000   30.0000 2191.2756   19.5448
    7.5000   22.5000   30.0000 2168.5889   19.6966
   -7.5000   30.0000   30.0000 2028.2540   22.3467
    0.0000   30.0000   30.0000 2030.4978   21.9392
    7.5000   30.0000   30.0000 2011.0486   22.2173
   -7.5000   37.5000   30.0000 1876.0902   25.6185
    0.0000   37.5000   30.0000 1877.7175   25.1918
    7.5000   37.5000   30.0000 1865.5045   25.5819
   -7.5000   45.0000   30.0000 1721.6688   30.1037
    0.0000   45.0000   30.0000 1724.4194   29.7919
    7.5000   45.0000   30.0000 1709.8311   30.1907
   -7.5000  -45.0000   37.5000 2507.3372   16.5333
    0.0000  -45.0000   37.5000 2533.8113   16.3161
    7.5000  -45.0000   37.5000 2503.9509   16.4687
   -7.5000  -37.5000   37.5000 2600.7654   15.6999
    0.0000  -37.5000   37.5000 2624.6738   15.4740
    7.5000  -37.5000   37.5000 2589.8059   15.6461
   -7.5000  -30.0000   37.5000 2657.7942   15.1998
    0.0000  -30.0000   37.5000 2675.8689   14.9620
    7.5000  -30.0000   37.5000 2645.1377   15.1070
   -7.5000  -22.5000   37.5000 2676.5959   15.0898
    0.0000  -22.5000   37.5000 2691.5249   14.8420
    7.5000  -22.5000   37.5000 2659.9131   14.9438
   -7.5000  -15.0000   37.5000 2653.6208   15.2583
    0.0000  -15.0000   37.5000 2660.2424   15.0449
    7.5000  -15.0000   37.5000 2635.1958   15.1188
   -7.5000   -7.5000   37.5000 2590.7505   15.7103
    0.0000   -7.5000   37.5000 2600.2878   15.5166
    7.5000   -7.5000   37.5000 2579.3181   15.5694
   -7.5000    0.0000   37.5000 2498.5217   16.4067
    0.0000    0.0000   37.5000 2512.9644   16.2379
    7.5000    0.0000   37.5000 2487.2544   16.2964
   -7.5000    7.5000   37.5000 2394.0164   17.4381
    0.0000    7.5000   37.5000 2410.8303   17.2037
    7.5000    7.5000   37.5000 2382.7007   17.2917
   -7.5000   15.0000   37.5000 2264.7112   18.8151
    0.0000   15.0000   37.5000 2281.9819   18.5291
    7.5000   15.0000   37.5000 2254.1326   18.6391
   -7.5000   22.5000   37.5000 2131.7695   20.6198
    0.0000   22.5000   37.5000 2139.8271   20.3236
    7.5000   22.5000   37.5000 2115.2043   20.4746
   -7.5000   30.0000   37.5000 1984.9435   23.0985
    0.0000   30.0000   37.5000 1986.5758   22.7832
    7.5000   30.0000   37.5000 1975.2067   22.9885
   -7.5000   37.5000   37.5000 1837.5988   26.4904
    0.0000   37.5000   37.5000 1838.7548   26.1108
    7.5000   37.5000   37.5000 1827.0260   26.4421
   -7.5000   45.0000   37.5000 1685.9849   31.1035
    0.0000   45.0000   37.5000 1689.7354   30.6821
    7.5000   45.0000   37.5000 1673.8816   31.0912
   -7.5000  -45.0000   45.0000 2429.8955   17.6973
    0.0000  -45.0000   45.0000 2459.5818   17.5138
    7.5000  -45.0000   45.0000 2425.3335   17.6489
   -7.5000  -37.5000   45.0000 2516.2329   16.7961
    0.0000  -37.5000   45.0000 2543.6682   16.6400
    7.5000  -37.5000   45.0000 2506.7710   16.7417
   -7.5000  -30.0000   45.0000 2566.3596   16.2562
    0.0000  -30.0000   45.0000 2585.5571   16.0593
    7.5000  -30.0000   45.0000 2551.8054   16.1800
   -7.5000  -22.5000   45.0000 2574.1025   16.0696
    0.0000  -22.5000   45.0000 2590.3091   15.8384
    7.5000  -22.5000   45.0000 2560.6914   15.9489
   -7.5000  -15.0000   45.0000 2547.9270   16.2430
    0.0000  -15.0000   45.0000 2557.6243   16.0517
    7.5000  -15.0000   45.0000 2532.1489   16.1361
   -7.5000   -7.5000   45.0000 2495.4475   16.7015
    0.0000   -7.5000   45.0000 2503.0410   16.5190
    7.5000   -7.5000   45.0000 2481.2437   16.5772
   -7.5000    0.0000   45.0000 2412.5217   17.3919
    0.0000    0.0000   45.0000 2423.3054   17.2087
    7.5000    0.0000   45.0000 2400.7766   17.2649
   -7.5000    7.5000   45.0000 2318.2844   18.4025
    0.0000    7.5000   45.0000 2332.5959   18.1875
    7.5000    7.5000   45.0000 2310.9812   18.2770
   -7.5000   15.0000   45.0000 2193.3325   19.7743
    0.0000   15.0000   45.0000 2209.6360   19.4842
    7.5000   15.0000   45.0000 2185.9800   19.6177
   -7.5000   22.5000   45.0000 2069.4880   21.6738
    0.0000   22.5000   45.0000 2077.8147   21.3424
    7.5000   22.5000   45.0000 2057.2683   21.5116
   -7.5000   30.0000   45.0000 1936.2836   24.2105
    0.0000   30.0000   45.0000 1938.0375   23.8846
    7.5000   30.0000   45.0000 1924.5104   24.0747
   -7.5000   37.5000   45.0000 1796.7159   27.7010
    0.0000   37.5000   45.0000 1796.0757   27.3312
    7.5000   37.5000   45.0000 1784.9053   27.6786
   -7.5000   45.0000   45.0000 1643.0886   32.4964
    0.0000   45.0000   45.0000 1640.0063   32.0371
    7.5000   45.0000   45.0000 1632.7457   32.3906

---------------------------------------------------------------------
imgreg_4dfp /opt/freesurfer/average/711-2C_as_mni_average_305 /opt/freesurfer/average/711-2B_as_mni_average_305_mask talsrcimg_g11 none talsrcimg_to_711-2C_as_mni_average_305_t4 1283
---------------------------------------------------------------------

freesurfer imgreg_4dfp.c
/opt/freesurfer/average/711-2C_as_mni_average_305.4dfp.img
       256       256       256         1
  1.000000  1.000000  1.000000
orientation T byte_order littleendian
Reading image: /opt/freesurfer/average/711-2C_as_mni_average_305.4dfp.img
dimensions:      256       256       256
mmppix:       1.0000   -1.0000   -1.0000
center:     128.0000 -129.0000 -129.0000
/opt/freesurfer/average/711-2B_as_mni_average_305_mask.4dfp.img
       256       256       256         1
  1.000000  1.000000  1.000000
orientation T byte_order littleendian
Reading mask: /opt/freesurfer/average/711-2B_as_mni_average_305_mask.4dfp.img (2306576 pixels)
talsrcimg_g11.4dfp.img
       256       256       256         1
  1.000000  1.000000  1.000000
orientation T byte_order littleendian
Reading image: talsrcimg_g11.4dfp.img
dimensions:      256       256       256
mmppix:       1.0000   -1.0000   -1.0000
center:     128.0000 -129.0000 -129.0000
rotation matrix determinant  1.000000
fimgreg.f
image alignment mode   1283 decimal      503 hex
parameters
    0.0000  -22.5000    7.5000    0.0000    0.0000    0.0000
eta,q 0.90628 12.48977
niter,ni,del,rscale     5    3   12.0000    1.2000
parameter  1  0.872471 ->  0.500000 qaram    1.1500
parameter  3 -0.240124 ->  0.500000 qaram    1.1500
parameter  4  2.156028 ->  0.500000 qaram    1.1500
parameter  6 -1.009159 -> -0.500000 qaram    1.1500
parameters
   -3.4500  -23.2387    4.0500   -3.4500    0.4083    3.4500
eta,q 0.91084 12.38962
  0.0952  0.0978  0.0951  0.0899  0.0946  0.0974
  0.0962  0.0974  0.0923  0.0904  0.0911  0.0949
  0.0963  0.0964  0.0934  0.0913  0.0901  0.0928
  0.0951  0.0958  0.0960  0.0926  0.0905  0.0909
  0.0975  0.0960  0.0970  0.0933  0.0914  0.0896
  0.0997  0.0974  0.0956  0.0946  0.0922  0.0890
  0.0997  0.1005  0.0936  0.0963  0.0923  0.0888
niter,ni,del,rscale     7    3   12.0000    1.2000
parameter  4  0.883456 ->  0.500000 qaram    1.3225
parameters
   -0.4714  -22.7795    6.5607   -7.4175    2.6452    4.9939
eta,q 0.91293 12.53810
  0.1036  0.0957  0.0955  0.0863  0.0931  0.0927
  0.0959  0.0920  0.0936  0.0866  0.0913  0.0896
  0.0922  0.0888  0.0912  0.0865  0.0883  0.0876
  0.0892  0.0865  0.0863  0.0876  0.0865  0.0869
  0.0872  0.0872  0.0873  0.0900  0.0867  0.0874
  0.0864  0.0902  0.0898  0.0922  0.0880  0.0882
  0.0902  0.0937  0.0891  0.0940  0.0877  0.0886
niter,ni,del,rscale     7    3   12.0000    1.2000
parameter  3  1.802187 -> -0.500000 qaram    1.3225
parameter  4  1.464188 ->  0.500000 qaram    1.5209
parameter  5 -0.608658 -> -0.500000 qaram    1.1500
parameters
   -0.5788  -22.8621   10.5282  -11.9801    6.0952    4.7876
eta,q 0.91827 12.64582
  0.0901  0.0906  0.0902  0.0796  0.0864  0.0854
  0.0907  0.0881  0.0868  0.0820  0.0844  0.0829
  0.0899  0.0869  0.0853  0.0846  0.0835  0.0818
  0.0871  0.0871  0.0871  0.0855  0.0827  0.0818
  0.0877  0.0876  0.0867  0.0868  0.0820  0.0826
  0.0879  0.0885  0.0846  0.0913  0.0818  0.0838
  0.0930  0.0904  0.0809  0.0966  0.0822  0.0852
niter,ni,del,rscale     7    3   12.0000    1.2000
parameter  4  0.756249 ->  0.500000 qaram    1.7490
parameters
   -2.9768  -21.4907   10.6520  -17.2272    6.9951    4.9147
eta,q 0.92211 12.73146
  0.0823  0.0886  0.0868  0.0803  0.0826  0.0835
  0.0827  0.0846  0.0871  0.0782  0.0801  0.0810
  0.0818  0.0821  0.0851  0.0804  0.0796  0.0789
  0.0817  0.0819  0.0821  0.0820  0.0786  0.0779
  0.0828  0.0821  0.0800  0.0840  0.0774  0.0788
  0.0865  0.0822  0.0837  0.0860  0.0783  0.0805
  0.0965  0.0838  0.0902  0.0904  0.0815  0.0833
niter,ni,del,rscale     7    3   12.0000    1.2000
parameters
   -2.6592  -20.4435    9.2094  -17.7924    6.4540    5.1261
eta,q 0.92249 12.62172
  0.0872  0.0878  0.0847  0.0861  0.0809  0.0835
  0.0843  0.0830  0.0833  0.0823  0.0785  0.0808
  0.0824  0.0792  0.0787  0.0780  0.0780  0.0783
  0.0779  0.0777  0.0780  0.0777  0.0773  0.0775
  0.0792  0.0788  0.0806  0.0815  0.0772  0.0786
  0.0817  0.0807  0.0864  0.0837  0.0789  0.0804
  0.0876  0.0820  0.0951  0.0867  0.0833  0.0827
niter,ni,del,rscale     6    3   12.0000    1.2000
parameters
   -2.2654  -19.7022    8.6393  -19.0602    5.6682    5.9703
eta,q 0.92209 12.62130
  0.0857  0.0853  0.0845  0.0851  0.0805  0.0840
  0.0828  0.0812  0.0847  0.0818  0.0782  0.0813
  0.0807  0.0776  0.0821  0.0784  0.0779  0.0792
  0.0775  0.0773  0.0780  0.0784  0.0778  0.0780
  0.0779  0.0793  0.0792  0.0816  0.0778  0.0782
  0.0796  0.0804  0.0831  0.0847  0.0790  0.0796
  0.0860  0.0810  0.0903  0.0878  0.0830  0.0818
niter,ni,del,rscale     5    3   12.0000    1.2000
parameters
   -2.0500  -18.8502    8.3776  -20.3852    4.9784    6.2699
eta,q 0.92190 12.65335
  0.0854  0.0852  0.0846  0.0849  0.0812  0.0834
  0.0823  0.0807  0.0852  0.0818  0.0782  0.0810
  0.0801  0.0774  0.0839  0.0785  0.0776  0.0791
  0.0779  0.0778  0.0786  0.0790  0.0783  0.0781
  0.0784  0.0796  0.0785  0.0811  0.0786  0.0788
  0.0796  0.0802  0.0828  0.0845  0.0793  0.0802
  0.0863  0.0805  0.0895  0.0881  0.0825  0.0827
niter,ni,del,rscale     4    3   12.0000    1.2000
parameters
   -2.0319  -17.8944    7.9874  -21.7361    5.2301    6.0644
eta,q 0.92145 12.65993
  0.0849  0.0843  0.0842  0.0850  0.0826  0.0832
  0.0821  0.0807  0.0845  0.0809  0.0795  0.0806
  0.0798  0.0781  0.0841  0.0783  0.0779  0.0788
  0.0781  0.0781  0.0789  0.0796  0.0786  0.0786
  0.0791  0.0798  0.0783  0.0812  0.0784  0.0796
  0.0801  0.0803  0.0826  0.0839  0.0793  0.0812
  0.0863  0.0802  0.0896  0.0879  0.0816  0.0834
niter,ni,del,rscale     3    3   12.0000    1.2000
parameters
   -2.4205  -16.5924    7.5605  -22.4440    5.8458    5.6773
eta,q 0.92166 12.63251
  0.0847  0.0851  0.0843  0.0869  0.0829  0.0834
  0.0821  0.0820  0.0833  0.0812  0.0804  0.0807
  0.0796  0.0793  0.0828  0.0777  0.0788  0.0786
  0.0786  0.0784  0.0789  0.0793  0.0786  0.0785
  0.0805  0.0793  0.0787  0.0810  0.0783  0.0800
  0.0814  0.0796  0.0819  0.0836  0.0793  0.0818
  0.0874  0.0808  0.0889  0.0878  0.0816  0.0840
niter,ni,del,rscale     2    3   12.0000    1.2000
parameters
   -2.5864  -16.2305    7.3366  -22.4310    6.0076    5.4847
eta,q 0.92147 12.62242
  0.0854  0.0844  0.0849  0.0880  0.0826  0.0838
  0.0834  0.0816  0.0827  0.0827  0.0805  0.0813
  0.0805  0.0789  0.0825  0.0784  0.0790  0.0790
  0.0783  0.0783  0.0784  0.0786  0.0786  0.0786
  0.0809  0.0790  0.0783  0.0805  0.0786  0.0799
  0.0822  0.0801  0.0818  0.0830  0.0798  0.0819
  0.0871  0.0833  0.0883  0.0870  0.0826  0.0841
niter,ni,del,rscale     1    3   12.0000    1.2000
parameters
   -2.6307  -16.1403    7.3001  -22.3864    6.0605    5.4160
eta,q 0.92141 12.62001
  0.0858  0.0840  0.0853  0.0881  0.0825  0.0840
  0.0840  0.0813  0.0826  0.0828  0.0805  0.0815
  0.0813  0.0789  0.0826  0.0784  0.0791  0.0792
  0.0785  0.0785  0.0786  0.0786  0.0786  0.0786
  0.0811  0.0791  0.0782  0.0803  0.0786  0.0798
  0.0825  0.0804  0.0815  0.0830  0.0800  0.0818
  0.0871  0.0840  0.0877  0.0871  0.0828  0.0840
registration optimization eta report
parameter search radius
    6.9000    6.0000    7.9350   10.4940    6.9000    6.9000
100000*second partial in parameter space
       14.       16.       12.        8.        9.       11.
  0.0858  0.0840  0.0853  0.0881  0.0825  0.0840
  0.0840  0.0813  0.0826  0.0828  0.0805  0.0815
  0.0813  0.0789  0.0826  0.0784  0.0791  0.0792
  0.0785  0.0785  0.0786  0.0786  0.0786  0.0786
  0.0811  0.0791  0.0782  0.0803  0.0786  0.0798
  0.0825  0.0804  0.0815  0.0830  0.0800  0.0818
  0.0871  0.0840  0.0877  0.0871  0.0828  0.0840
   -2.6307  -16.1403    7.3001  -22.3864    6.0605    5.4160
eta,q 0.92141 12.62001

---------------------------------------------------------------------
imgreg_4dfp /opt/freesurfer/average/711-2C_as_mni_average_305 /opt/freesurfer/average/711-2B_as_mni_average_305_mask talsrcimg_g11 none talsrcimg_to_711-2C_as_mni_average_305_t4 3335
---------------------------------------------------------------------

freesurfer imgreg_4dfp.c
/opt/freesurfer/average/711-2C_as_mni_average_305.4dfp.img
       256       256       256         1
  1.000000  1.000000  1.000000
orientation T byte_order littleendian
Reading image: /opt/freesurfer/average/711-2C_as_mni_average_305.4dfp.img
dimensions:      256       256       256
mmppix:       1.0000   -1.0000   -1.0000
center:     128.0000 -129.0000 -129.0000
/opt/freesurfer/average/711-2B_as_mni_average_305_mask.4dfp.img
       256       256       256         1
  1.000000  1.000000  1.000000
orientation T byte_order littleendian
Reading mask: /opt/freesurfer/average/711-2B_as_mni_average_305_mask.4dfp.img (2306576 pixels)
talsrcimg_g11.4dfp.img
       256       256       256         1
  1.000000  1.000000  1.000000
orientation T byte_order littleendian
Reading image: talsrcimg_g11.4dfp.img
dimensions:      256       256       256
mmppix:       1.0000   -1.0000   -1.0000
center:     128.0000 -129.0000 -129.0000
fimgreg.f
image alignment mode   3335 decimal      D07 hex
parameters
   -2.6307  -16.1403    7.3001   -1.0028   -7.5696   -8.0532
   -4.7243  -13.3133    9.3859   36.9937   10.5578  -37.8723
eta,q 0.92231 12.62593
niter,ni,del,rscale     5    3    5.0000    1.2000
parameter  2  0.557478 ->  0.500000 qaram    1.1500
parameter  3 -2.399531 -> -0.500000 qaram    1.1500
parameter  4 91.445084 ->  0.500000 qaram    1.1500
parameter  5-24.872828 ->  0.500000 qaram    1.1500
parameter  6  1.530570 ->  0.500000 qaram    1.1500
parameter  8 -0.788625 -> -0.500000 qaram    1.1500
parameter 10  1.478353 ->  0.500000 qaram    1.1500
parameter 11  1.023150 ->  0.500000 qaram    1.1500
parameter 12 -1.373350 -> -0.500000 qaram    1.1500
parameters
   -2.7907  -17.5203    8.6801   -5.1428  -11.7096  -12.1932
   -6.1534   -9.1733    7.3164   32.8537    6.4178  -33.7323
eta,q 0.94669 11.98055
  0.0785  0.0776  0.0779  0.0664  0.0593  0.0587  0.0614  0.0670  0.0589  0.0552  0.0550  0.0609
  0.0780  0.0774  0.0777  0.0695  0.0633  0.0599  0.0606  0.0645  0.0585  0.0559  0.0551  0.0588
  0.0778  0.0774  0.0776  0.0734  0.0670  0.0616  0.0602  0.0622  0.0583  0.0570  0.0555  0.0568
  0.0777  0.0777  0.0774  0.0770  0.0705  0.0643  0.0603  0.0601  0.0584  0.0583  0.0562  0.0552
  0.0778  0.0782  0.0772  0.0801  0.0740  0.0680  0.0608  0.0588  0.0587  0.0600  0.0571  0.0540
  0.0781  0.0788  0.0770  0.0838  0.0777  0.0718  0.0617  0.0584  0.0594  0.0620  0.0583  0.0531
  0.0788  0.0797  0.0771  0.0874  0.0813  0.0757  0.0627  0.0588  0.0605  0.0646  0.0596  0.0526
niter,ni,del,rscale     7    3    5.0000    1.2000
parameter  2  0.501122 ->  0.500000 qaram    1.3225
parameter  3  1.780184 ->  0.500000 qaram    1.3225
parameter  4  1.651329 ->  0.500000 qaram    1.3225
parameter  5  3.027267 ->  0.500000 qaram    1.3225
parameter  6  0.665976 ->  0.500000 qaram    1.3225
parameter 10  0.710584 ->  0.500000 qaram    1.3225
parameters
   -2.2103  -19.1073    7.0931   -9.9038  -16.4706  -16.9542
   -5.2374   -6.7200    7.6122   28.0927    3.6898  -32.5950
eta,q 0.96767 11.60122
  0.0569  0.0532  0.0489  0.0427  0.0352  0.0356  0.0394  0.0445  0.0375  0.0327  0.0332  0.0349
  0.0553  0.0527  0.0496  0.0433  0.0367  0.0351  0.0374  0.0406  0.0360  0.0325  0.0326  0.0335
  0.0541  0.0527  0.0509  0.0460  0.0397  0.0358  0.0359  0.0372  0.0350  0.0330  0.0324  0.0327
  0.0533  0.0531  0.0527  0.0499  0.0439  0.0373  0.0352  0.0351  0.0346  0.0346  0.0326  0.0324
  0.0531  0.0538  0.0548  0.0547  0.0484  0.0403  0.0353  0.0346  0.0348  0.0373  0.0331  0.0324
  0.0536  0.0548  0.0572  0.0596  0.0522  0.0453  0.0362  0.0355  0.0356  0.0411  0.0341  0.0329
  0.0547  0.0560  0.0595  0.0641  0.0561  0.0502  0.0377  0.0378  0.0371  0.0457  0.0354  0.0338
niter,ni,del,rscale     7    3    5.0000    1.2000
parameter  3  0.568685 ->  0.500000 qaram    1.5209
parameter  5  0.644214 ->  0.500000 qaram    1.5209
parameter 12  0.775907 ->  0.500000 qaram    1.3225
parameters
   -1.6332  -18.2725    5.2680  -13.0270  -21.9457  -18.5856
   -5.9674   -5.8883    7.7296   28.0676    4.9687  -37.3560
eta,q 0.97170 11.22674
  0.0380  0.0398  0.0313  0.0329  0.0296  0.0322  0.0311  0.0350  0.0310  0.0331  0.0300  0.0285
  0.0354  0.0363  0.0306  0.0315  0.0291  0.0305  0.0299  0.0318  0.0300  0.0312  0.0295  0.0283
  0.0335  0.0337  0.0308  0.0305  0.0292  0.0295  0.0293  0.0299  0.0294  0.0298  0.0293  0.0285
  0.0323  0.0321  0.0317  0.0306  0.0305  0.0291  0.0292  0.0291  0.0291  0.0291  0.0291  0.0291
  0.0321  0.0317  0.0333  0.0329  0.0341  0.0295  0.0296  0.0294  0.0293  0.0294  0.0291  0.0299
  0.0329  0.0326  0.0356  0.0369  0.0385  0.0321  0.0306  0.0307  0.0299  0.0309  0.0292  0.0309
  0.0344  0.0346  0.0385  0.0424  0.0424  0.0373  0.0320  0.0329  0.0310  0.0335  0.0296  0.0320
niter,ni,del,rscale     7    3    5.0000    1.2000
parameters
   -1.1333  -17.5135    4.8440  -13.3450  -24.3308  -19.4315
   -6.0275   -5.7154    7.5163   29.5056    3.2518  -39.7111
eta,q 0.97213 11.11443
  0.0327  0.0348  0.0305  0.0318  0.0314  0.0319  0.0307  0.0334  0.0299  0.0334  0.0285  0.0290
  0.0306  0.0316  0.0289  0.0301  0.0296  0.0300  0.0293  0.0305  0.0290  0.0310  0.0282  0.0280
  0.0291  0.0294  0.0280  0.0288  0.0284  0.0287  0.0285  0.0288  0.0284  0.0292  0.0280  0.0279
  0.0283  0.0281  0.0279  0.0278  0.0279  0.0281  0.0282  0.0282  0.0282  0.0282  0.0281  0.0280
  0.0282  0.0279  0.0285  0.0278  0.0291  0.0282  0.0285  0.0287  0.0285  0.0282  0.0282  0.0286
  0.0288  0.0287  0.0300  0.0296  0.0331  0.0301  0.0294  0.0303  0.0291  0.0291  0.0286  0.0295
  0.0302  0.0305  0.0322  0.0334  0.0378  0.0350  0.0307  0.0329  0.0302  0.0311  0.0291  0.0306
niter,ni,del,rscale     6    3    5.0000    1.2000
parameters
   -1.0223  -17.1996    4.6832  -13.0762  -25.2983  -19.7369
   -6.0228   -5.5092    7.5664   30.1160    2.5530  -39.8100
eta,q 0.97202 11.07535
  0.0313  0.0327  0.0307  0.0319  0.0322  0.0323  0.0306  0.0337  0.0298  0.0326  0.0286  0.0302
  0.0296  0.0302  0.0290  0.0302  0.0302  0.0302  0.0292  0.0304  0.0288  0.0302  0.0282  0.0284
  0.0284  0.0285  0.0281  0.0289  0.0287  0.0288  0.0283  0.0285  0.0282  0.0287  0.0280  0.0280
  0.0279  0.0279  0.0278  0.0278  0.0278  0.0280  0.0280  0.0280  0.0280  0.0280  0.0280  0.0280
  0.0281  0.0281  0.0283  0.0276  0.0279  0.0278  0.0283  0.0286  0.0282  0.0283  0.0281  0.0283
  0.0291  0.0292  0.0294  0.0290  0.0307  0.0295  0.0292  0.0303  0.0288  0.0294  0.0284  0.0289
  0.0308  0.0310  0.0313  0.0324  0.0355  0.0342  0.0306  0.0329  0.0297  0.0316  0.0288  0.0299
niter,ni,del,rscale     5    3    5.0000    1.2000
parameters
   -1.0084  -17.0513    4.6038  -12.9812  -25.5863  -19.7936
   -6.0203   -5.4354    7.6026   30.2924    2.5486  -39.8695
eta,q 0.97196 11.06659
  0.0312  0.0321  0.0307  0.0319  0.0326  0.0324  0.0306  0.0336  0.0298  0.0321  0.0288  0.0302
  0.0295  0.0298  0.0292  0.0302  0.0306  0.0304  0.0292  0.0304  0.0288  0.0299  0.0283  0.0284
  0.0284  0.0284  0.0283  0.0290  0.0290  0.0289  0.0283  0.0285  0.0282  0.0285  0.0280  0.0280
  0.0280  0.0280  0.0280  0.0280  0.0280  0.0280  0.0280  0.0280  0.0280  0.0280  0.0280  0.0280
  0.0283  0.0284  0.0283  0.0278  0.0277  0.0278  0.0283  0.0287  0.0282  0.0284  0.0281  0.0283
  0.0293  0.0295  0.0293  0.0293  0.0298  0.0293  0.0292  0.0305  0.0288  0.0297  0.0283  0.0290
  0.0312  0.0312  0.0310  0.0326  0.0345  0.0338  0.0306  0.0332  0.0297  0.0319  0.0287  0.0299
niter,ni,del,rscale     4    3    5.0000    1.2000
parameters
   -1.0088  -17.0069    4.5768  -12.9741  -25.6685  -19.8206
   -6.0008   -5.4419    7.5997   30.3481    2.5482  -39.8812
eta,q 0.97193 11.06281
  0.0312  0.0318  0.0308  0.0319  0.0327  0.0324  0.0306  0.0336  0.0297  0.0320  0.0288  0.0303
  0.0295  0.0296  0.0293  0.0302  0.0307  0.0304  0.0292  0.0303  0.0288  0.0299  0.0283  0.0285
  0.0284  0.0284  0.0284  0.0290  0.0291  0.0289  0.0284  0.0285  0.0283  0.0285  0.0280  0.0280
  0.0280  0.0280  0.0280  0.0280  0.0280  0.0281  0.0281  0.0281  0.0281  0.0281  0.0281  0.0281
  0.0283  0.0285  0.0283  0.0279  0.0277  0.0278  0.0283  0.0288  0.0283  0.0285  0.0282  0.0283
  0.0294  0.0296  0.0293  0.0294  0.0296  0.0292  0.0292  0.0306  0.0288  0.0297  0.0284  0.0290
  0.0313  0.0314  0.0310  0.0328  0.0342  0.0337  0.0306  0.0333  0.0298  0.0320  0.0287  0.0298
niter,ni,del,rscale     3    3    5.0000    1.2000
parameters
   -1.0112  -16.9957    4.5647  -12.9669  -25.6897  -19.8305
   -5.9974   -5.4462    7.5982   30.3619    2.5579  -39.8821
eta,q 0.97193 11.06192
  0.0312  0.0317  0.0308  0.0319  0.0327  0.0325  0.0306  0.0336  0.0297  0.0320  0.0288  0.0303
  0.0295  0.0296  0.0293  0.0303  0.0307  0.0304  0.0292  0.0304  0.0288  0.0298  0.0283  0.0285
  0.0285  0.0284  0.0284  0.0290  0.0291  0.0289  0.0284  0.0285  0.0283  0.0285  0.0281  0.0280
  0.0281  0.0281  0.0281  0.0281  0.0281  0.0281  0.0281  0.0281  0.0281  0.0281  0.0281  0.0281
  0.0284  0.0285  0.0283  0.0279  0.0277  0.0278  0.0283  0.0288  0.0283  0.0285  0.0282  0.0283
  0.0295  0.0297  0.0293  0.0295  0.0295  0.0292  0.0292  0.0306  0.0288  0.0298  0.0284  0.0290
  0.0313  0.0315  0.0309  0.0328  0.0341  0.0337  0.0306  0.0333  0.0298  0.0320  0.0287  0.0298
registration optimization eta report
parameter search radius
    2.4000    3.1740    3.6501    9.5220   10.9503    9.5220
    7.2000    8.2800    7.2000    9.5220    8.2800    9.5220
100000*second partial in parameter space
       56.       35.       21.        5.        5.        6.
        5.        8.        3.        4.        1.        2.
  0.0312  0.0317  0.0308  0.0319  0.0327  0.0325  0.0306  0.0336  0.0297  0.0320  0.0288  0.0303
  0.0295  0.0296  0.0293  0.0303  0.0307  0.0304  0.0292  0.0304  0.0288  0.0298  0.0283  0.0285
  0.0285  0.0284  0.0284  0.0290  0.0291  0.0289  0.0284  0.0285  0.0283  0.0285  0.0281  0.0280
  0.0281  0.0281  0.0281  0.0281  0.0281  0.0281  0.0281  0.0281  0.0281  0.0281  0.0281  0.0281
  0.0284  0.0285  0.0283  0.0279  0.0277  0.0278  0.0283  0.0288  0.0283  0.0285  0.0282  0.0283
  0.0295  0.0297  0.0293  0.0295  0.0295  0.0292  0.0292  0.0306  0.0288  0.0298  0.0284  0.0290
  0.0313  0.0315  0.0309  0.0328  0.0341  0.0337  0.0306  0.0333  0.0298  0.0320  0.0287  0.0298
   -1.0112  -16.9957    4.5647  -12.9669  -25.6897  -19.8305
   -5.9974   -5.4462    7.5982   30.3619    2.5579  -39.8821
eta,q 0.97193 11.06192

---------------------------------------------------------------------
imgreg_4dfp /opt/freesurfer/average/711-2C_as_mni_average_305 /opt/freesurfer/average/711-2B_as_mni_average_305_mask talsrcimg_g11 none talsrcimg_to_711-2C_as_mni_average_305_t4 2311
---------------------------------------------------------------------

freesurfer imgreg_4dfp.c
/opt/freesurfer/average/711-2C_as_mni_average_305.4dfp.img
       256       256       256         1
  1.000000  1.000000  1.000000
orientation T byte_order littleendian
Reading image: /opt/freesurfer/average/711-2C_as_mni_average_305.4dfp.img
dimensions:      256       256       256
mmppix:       1.0000   -1.0000   -1.0000
center:     128.0000 -129.0000 -129.0000
/opt/freesurfer/average/711-2B_as_mni_average_305_mask.4dfp.img
       256       256       256         1
  1.000000  1.000000  1.000000
orientation T byte_order littleendian
Reading mask: /opt/freesurfer/average/711-2B_as_mni_average_305_mask.4dfp.img (2306576 pixels)
talsrcimg_g11.4dfp.img
       256       256       256         1
  1.000000  1.000000  1.000000
orientation T byte_order littleendian
Reading image: talsrcimg_g11.4dfp.img
dimensions:      256       256       256
mmppix:       1.0000   -1.0000   -1.0000
center:     128.0000 -129.0000 -129.0000
fimgreg.f
image alignment mode   2311 decimal      907 hex
parameters
   -1.0112  -16.9957    4.5647  -12.9669  -25.6897  -19.8305
   -5.9974   -5.4462    7.5982   30.3619    2.5579  -39.8821
eta,q 0.97193 11.06193
niter,ni,del,rscale     5    3    5.0000    0.8000
parameter  5 -0.623350 -> -0.500000 qaram    1.1500
parameters
   -0.9805  -17.1009    4.6190  -11.4739  -22.9297  -18.4756
   -6.2420   -5.3089    7.5253   30.6159    2.1910  -39.4803
eta,q 0.97278 11.32348
  0.0295  0.0289  0.0286  0.0296  0.0294  0.0291  0.0287  0.0298  0.0283  0.0287  0.0277  0.0283
  0.0288  0.0284  0.0283  0.0290  0.0288  0.0284  0.0279  0.0283  0.0277  0.0279  0.0274  0.0276
  0.0283  0.0281  0.0281  0.0285  0.0283  0.0278  0.0274  0.0275  0.0273  0.0274  0.0272  0.0273
  0.0281  0.0281  0.0281  0.0281  0.0278  0.0274  0.0272  0.0272  0.0272  0.0272  0.0272  0.0272
  0.0282  0.0282  0.0281  0.0278  0.0275  0.0272  0.0275  0.0275  0.0274  0.0273  0.0273  0.0273
  0.0287  0.0286  0.0283  0.0279  0.0274  0.0273  0.0281  0.0283  0.0277  0.0277  0.0275  0.0275
  0.0295  0.0291  0.0286  0.0285  0.0277  0.0280  0.0290  0.0294  0.0284  0.0284  0.0278  0.0279
niter,ni,del,rscale     5    3    5.0000    0.8000
parameters
   -1.1541  -17.3288    4.8018  -11.8031  -23.5811  -18.0854
   -5.9796   -5.4745    7.5190   30.3106    2.1764  -39.7706
eta,q 0.97281 11.28977
  0.0286  0.0281  0.0281  0.0285  0.0286  0.0287  0.0288  0.0294  0.0282  0.0283  0.0277  0.0279
  0.0278  0.0275  0.0276  0.0280  0.0279  0.0281  0.0280  0.0281  0.0276  0.0277  0.0274  0.0274
  0.0273  0.0272  0.0273  0.0275  0.0275  0.0276  0.0274  0.0273  0.0273  0.0273  0.0272  0.0272
  0.0272  0.0272  0.0272  0.0272  0.0272  0.0273  0.0272  0.0272  0.0272  0.0272  0.0272  0.0272
  0.0275  0.0275  0.0272  0.0273  0.0273  0.0272  0.0273  0.0276  0.0273  0.0274  0.0273  0.0273
  0.0283  0.0280  0.0274  0.0280  0.0282  0.0275  0.0278  0.0284  0.0276  0.0279  0.0274  0.0276
  0.0294  0.0288  0.0278  0.0293  0.0300  0.0285  0.0285  0.0296  0.0282  0.0286  0.0277  0.0280
niter,ni,del,rscale     4    3    5.0000    0.7000
parameters
   -1.1447  -17.2913    4.8671  -11.7575  -23.5745  -18.0980
   -6.0700   -5.5021    7.5286   30.3527    2.0489  -39.8760
eta,q 0.97282 11.29304
  0.0285  0.0281  0.0278  0.0284  0.0285  0.0283  0.0283  0.0290  0.0280  0.0282  0.0276  0.0277
  0.0278  0.0276  0.0275  0.0279  0.0279  0.0278  0.0277  0.0279  0.0275  0.0276  0.0273  0.0274
  0.0273  0.0273  0.0273  0.0275  0.0275  0.0274  0.0273  0.0273  0.0273  0.0273  0.0272  0.0272
  0.0272  0.0272  0.0272  0.0272  0.0272  0.0272  0.0272  0.0272  0.0272  0.0272  0.0272  0.0272
  0.0273  0.0273  0.0272  0.0272  0.0272  0.0272  0.0273  0.0275  0.0273  0.0273  0.0273  0.0273
  0.0278  0.0276  0.0274  0.0277  0.0276  0.0275  0.0277  0.0280  0.0275  0.0276  0.0274  0.0275
  0.0285  0.0280  0.0277  0.0286  0.0287  0.0285  0.0284  0.0290  0.0279  0.0282  0.0276  0.0277
niter,ni,del,rscale     3    3    5.0000    0.6000
parameters
   -1.1457  -17.2839    4.8721  -11.6419  -23.3977  -17.9897
   -6.1333   -5.4960    7.5198   30.4119    2.0067  -39.8546
eta,q 0.97286 11.31177
  0.0282  0.0278  0.0276  0.0282  0.0282  0.0280  0.0280  0.0286  0.0277  0.0279  0.0275  0.0276
  0.0276  0.0275  0.0274  0.0277  0.0278  0.0276  0.0275  0.0277  0.0274  0.0275  0.0273  0.0273
  0.0273  0.0273  0.0272  0.0274  0.0274  0.0273  0.0272  0.0273  0.0272  0.0272  0.0272  0.0272
  0.0272  0.0272  0.0272  0.0272  0.0272  0.0271  0.0271  0.0271  0.0271  0.0271  0.0271  0.0271
  0.0273  0.0272  0.0272  0.0272  0.0271  0.0272  0.0272  0.0273  0.0272  0.0272  0.0272  0.0272
  0.0276  0.0275  0.0274  0.0275  0.0274  0.0274  0.0275  0.0278  0.0274  0.0275  0.0273  0.0273
  0.0282  0.0278  0.0276  0.0282  0.0282  0.0280  0.0280  0.0285  0.0277  0.0279  0.0275  0.0276
niter,ni,del,rscale     2    3    5.0000    0.5000
parameters
   -1.1561  -17.2974    4.8825  -11.5441  -23.2047  -17.8875
   -6.1407   -5.5079    7.5137   30.4361    2.0176  -39.8022
eta,q 0.97288 11.32885
  0.0278  0.0276  0.0275  0.0279  0.0279  0.0277  0.0277  0.0281  0.0275  0.0277  0.0274  0.0274
  0.0274  0.0273  0.0273  0.0276  0.0276  0.0274  0.0274  0.0275  0.0273  0.0274  0.0272  0.0272
  0.0272  0.0272  0.0272  0.0273  0.0273  0.0272  0.0272  0.0272  0.0272  0.0272  0.0271  0.0271
  0.0271  0.0271  0.0271  0.0271  0.0271  0.0271  0.0271  0.0271  0.0271  0.0271  0.0271  0.0271
  0.0272  0.0272  0.0272  0.0272  0.0271  0.0271  0.0272  0.0273  0.0272  0.0272  0.0271  0.0272
  0.0275  0.0274  0.0273  0.0274  0.0273  0.0273  0.0274  0.0276  0.0273  0.0274  0.0272  0.0273
  0.0279  0.0276  0.0275  0.0279  0.0279  0.0277  0.0277  0.0281  0.0275  0.0276  0.0273  0.0274
niter,ni,del,rscale     1    3    5.0000    0.4000
parameters
   -1.1681  -17.3225    4.8893  -11.4528  -23.0303  -17.7782
   -6.1494   -5.5315    7.5055   30.4462    2.0397  -39.7328
eta,q 0.97290 11.34422
  0.0276  0.0274  0.0273  0.0276  0.0276  0.0275  0.0275  0.0277  0.0274  0.0275  0.0273  0.0273
  0.0273  0.0272  0.0272  0.0274  0.0274  0.0273  0.0273  0.0274  0.0272  0.0273  0.0272  0.0272
  0.0272  0.0271  0.0271  0.0272  0.0272  0.0272  0.0271  0.0272  0.0271  0.0271  0.0271  0.0271
  0.0271  0.0271  0.0271  0.0271  0.0271  0.0271  0.0271  0.0271  0.0271  0.0271  0.0271  0.0271
  0.0272  0.0272  0.0271  0.0271  0.0271  0.0271  0.0272  0.0272  0.0271  0.0271  0.0271  0.0271
  0.0273  0.0273  0.0272  0.0273  0.0272  0.0272  0.0273  0.0274  0.0272  0.0273  0.0272  0.0272
  0.0276  0.0274  0.0273  0.0276  0.0276  0.0275  0.0275  0.0277  0.0274  0.0275  0.0272  0.0273
registration optimization eta report
parameter search radius
    0.8000    0.8000    0.8000    2.4000    2.7600    2.4000
    2.4000    2.4000    2.4000    2.4000    2.4000    2.4000
100000*second partial in parameter space
       71.       48.       33.        9.        6.        7.
        7.       11.        5.        6.        3.        4.
  0.0276  0.0274  0.0273  0.0276  0.0276  0.0275  0.0275  0.0277  0.0274  0.0275  0.0273  0.0273
  0.0273  0.0272  0.0272  0.0274  0.0274  0.0273  0.0273  0.0274  0.0272  0.0273  0.0272  0.0272
  0.0272  0.0271  0.0271  0.0272  0.0272  0.0272  0.0271  0.0272  0.0271  0.0271  0.0271  0.0271
  0.0271  0.0271  0.0271  0.0271  0.0271  0.0271  0.0271  0.0271  0.0271  0.0271  0.0271  0.0271
  0.0272  0.0272  0.0271  0.0271  0.0271  0.0271  0.0272  0.0272  0.0271  0.0271  0.0271  0.0271
  0.0273  0.0273  0.0272  0.0273  0.0272  0.0272  0.0273  0.0274  0.0272  0.0273  0.0272  0.0272
  0.0276  0.0274  0.0273  0.0276  0.0276  0.0275  0.0275  0.0277  0.0274  0.0275  0.0272  0.0273
   -1.1681  -17.3225    4.8893  -11.4528  -23.0303  -17.7782
   -6.1494   -5.5315    7.5055   30.4462    2.0397  -39.7328
eta,q 0.97290 11.34422

---------------------------------------------------------------------
imgreg_4dfp /opt/freesurfer/average/711-2C_as_mni_average_305 /opt/freesurfer/average/711-2B_as_mni_average_305_mask talsrcimg_g11 none talsrcimg_to_711-2C_as_mni_average_305_t4 2311
---------------------------------------------------------------------

freesurfer imgreg_4dfp.c
/opt/freesurfer/average/711-2C_as_mni_average_305.4dfp.img
       256       256       256         1
  1.000000  1.000000  1.000000
orientation T byte_order littleendian
Reading image: /opt/freesurfer/average/711-2C_as_mni_average_305.4dfp.img
dimensions:      256       256       256
mmppix:       1.0000   -1.0000   -1.0000
center:     128.0000 -129.0000 -129.0000
/opt/freesurfer/average/711-2B_as_mni_average_305_mask.4dfp.img
       256       256       256         1
  1.000000  1.000000  1.000000
orientation T byte_order littleendian
Reading mask: /opt/freesurfer/average/711-2B_as_mni_average_305_mask.4dfp.img (2306576 pixels)
talsrcimg_g11.4dfp.img
       256       256       256         1
  1.000000  1.000000  1.000000
orientation T byte_order littleendian
Reading image: talsrcimg_g11.4dfp.img
dimensions:      256       256       256
mmppix:       1.0000   -1.0000   -1.0000
center:     128.0000 -129.0000 -129.0000
fimgreg.f
image alignment mode   2311 decimal      907 hex
parameters
   -1.1681  -17.3225    4.8893  -11.4528  -23.0303  -17.7782
   -6.1494   -5.5315    7.5055   30.4462    2.0397  -39.7328
eta,q 0.97290 11.34423
niter,ni,del,rscale     5    3    5.0000    0.8000
parameters
   -1.1923  -17.3447    4.8929  -11.9645  -23.4931  -18.1762
   -6.0325   -5.5095    7.5525   30.3094    2.0743  -39.8117
eta,q 0.97280 11.28751
  0.0289  0.0283  0.0280  0.0285  0.0283  0.0285  0.0287  0.0296  0.0282  0.0284  0.0278  0.0279
  0.0279  0.0276  0.0275  0.0278  0.0278  0.0278  0.0279  0.0282  0.0277  0.0277  0.0274  0.0274
  0.0273  0.0272  0.0272  0.0274  0.0274  0.0274  0.0274  0.0274  0.0273  0.0273  0.0272  0.0272
  0.0271  0.0271  0.0271  0.0271  0.0271  0.0272  0.0272  0.0272  0.0272  0.0272  0.0272  0.0272
  0.0273  0.0273  0.0272  0.0273  0.0272  0.0273  0.0273  0.0275  0.0273  0.0274  0.0273  0.0273
  0.0280  0.0277  0.0275  0.0281  0.0279  0.0279  0.0278  0.0283  0.0276  0.0278  0.0275  0.0276
  0.0290  0.0284  0.0280  0.0295  0.0292  0.0294  0.0286  0.0294  0.0282  0.0286  0.0277  0.0279
niter,ni,del,rscale     4    3    5.0000    0.7000
parameters
   -1.1268  -17.2876    4.8700  -11.7807  -23.3800  -18.1447
   -6.1275   -5.4772    7.5442   30.3730    2.0027  -39.8170
eta,q 0.97283 11.30105
  0.0286  0.0282  0.0278  0.0285  0.0282  0.0283  0.0283  0.0291  0.0280  0.0282  0.0276  0.0278
  0.0279  0.0276  0.0275  0.0279  0.0278  0.0278  0.0276  0.0279  0.0275  0.0276  0.0273  0.0274
  0.0274  0.0273  0.0273  0.0275  0.0274  0.0274  0.0273  0.0273  0.0272  0.0273  0.0272  0.0272
  0.0272  0.0272  0.0272  0.0272  0.0272  0.0272  0.0272  0.0272  0.0272  0.0272  0.0272  0.0272
  0.0273  0.0273  0.0273  0.0272  0.0272  0.0272  0.0273  0.0274  0.0273  0.0273  0.0272  0.0273
  0.0277  0.0275  0.0275  0.0276  0.0275  0.0275  0.0277  0.0280  0.0275  0.0276  0.0274  0.0274
  0.0284  0.0280  0.0278  0.0284  0.0283  0.0285  0.0284  0.0289  0.0280  0.0281  0.0276  0.0277
niter,ni,del,rscale     3    3    5.0000    0.6000
parameters
   -1.1394  -17.2993    4.8668  -11.6424  -23.2046  -18.0004
   -6.1413   -5.4774    7.5270   30.4133    2.0034  -39.7662
eta,q 0.97287 11.32082
  0.0281  0.0278  0.0276  0.0282  0.0280  0.0280  0.0280  0.0286  0.0277  0.0279  0.0275  0.0276
  0.0276  0.0275  0.0274  0.0277  0.0276  0.0276  0.0275  0.0277  0.0274  0.0275  0.0273  0.0273
  0.0273  0.0272  0.0272  0.0274  0.0273  0.0273  0.0272  0.0272  0.0272  0.0272  0.0272  0.0272
  0.0272  0.0272  0.0272  0.0272  0.0272  0.0271  0.0271  0.0271  0.0271  0.0271  0.0271  0.0271
  0.0273  0.0272  0.0272  0.0272  0.0271  0.0271  0.0272  0.0273  0.0272  0.0272  0.0272  0.0272
  0.0276  0.0275  0.0274  0.0275  0.0274  0.0274  0.0275  0.0278  0.0274  0.0275  0.0273  0.0273
  0.0282  0.0278  0.0276  0.0282  0.0279  0.0280  0.0280  0.0285  0.0277  0.0279  0.0274  0.0275
niter,ni,del,rscale     2    3    5.0000    0.5000
parameters
   -1.1547  -17.3179    4.8806  -11.5465  -23.0530  -17.8764
   -6.1437   -5.5067    7.5295   30.4238    2.0126  -39.7078
eta,q 0.97289 11.33588
  0.0278  0.0276  0.0275  0.0279  0.0277  0.0277  0.0277  0.0281  0.0275  0.0277  0.0274  0.0274
  0.0274  0.0273  0.0273  0.0275  0.0275  0.0274  0.0274  0.0275  0.0273  0.0273  0.0272  0.0272
  0.0272  0.0272  0.0272  0.0273  0.0272  0.0272  0.0272  0.0272  0.0272  0.0272  0.0271  0.0271
  0.0271  0.0271  0.0271  0.0271  0.0271  0.0271  0.0271  0.0271  0.0271  0.0271  0.0271  0.0271
  0.0272  0.0272  0.0272  0.0271  0.0271  0.0271  0.0272  0.0273  0.0272  0.0272  0.0271  0.0271
  0.0275  0.0274  0.0273  0.0274  0.0273  0.0273  0.0274  0.0276  0.0273  0.0274  0.0272  0.0272
  0.0279  0.0276  0.0274  0.0279  0.0277  0.0277  0.0277  0.0281  0.0275  0.0276  0.0273  0.0274
niter,ni,del,rscale     1    3    5.0000    0.4000
parameters
   -1.1692  -17.3398    4.8917  -11.4613  -22.9138  -17.7744
   -6.1569   -5.5317    7.5174   30.4129    2.0006  -39.6571
eta,q 0.97290 11.34836
  0.0275  0.0274  0.0273  0.0276  0.0275  0.0275  0.0275  0.0277  0.0274  0.0274  0.0273  0.0273
  0.0273  0.0272  0.0272  0.0274  0.0273  0.0273  0.0273  0.0274  0.0272  0.0273  0.0272  0.0272
  0.0272  0.0271  0.0271  0.0272  0.0272  0.0272  0.0271  0.0272  0.0271  0.0271  0.0271  0.0271
  0.0271  0.0271  0.0271  0.0271  0.0271  0.0271  0.0271  0.0271  0.0271  0.0271  0.0271  0.0271
  0.0272  0.0272  0.0271  0.0271  0.0271  0.0271  0.0271  0.0272  0.0271  0.0271  0.0271  0.0271
  0.0273  0.0273  0.0272  0.0273  0.0272  0.0272  0.0273  0.0274  0.0272  0.0273  0.0272  0.0272
  0.0276  0.0274  0.0273  0.0276  0.0275  0.0275  0.0275  0.0277  0.0274  0.0275  0.0272  0.0273
registration optimization eta report
parameter search radius
    0.8000    0.8000    0.8000    2.4000    2.4000    2.4000
    2.4000    2.4000    2.4000    2.4000    2.4000    2.4000
100000*second partial in parameter space
       71.       48.       33.        9.        7.        7.
        7.       11.        5.        6.        3.        4.
  0.0275  0.0274  0.0273  0.0276  0.0275  0.0275  0.0275  0.0277  0.0274  0.0274  0.0273  0.0273
  0.0273  0.0272  0.0272  0.0274  0.0273  0.0273  0.0273  0.0274  0.0272  0.0273  0.0272  0.0272
  0.0272  0.0271  0.0271  0.0272  0.0272  0.0272  0.0271  0.0272  0.0271  0.0271  0.0271  0.0271
  0.0271  0.0271  0.0271  0.0271  0.0271  0.0271  0.0271  0.0271  0.0271  0.0271  0.0271  0.0271
  0.0272  0.0272  0.0271  0.0271  0.0271  0.0271  0.0271  0.0272  0.0271  0.0271  0.0271  0.0271
  0.0273  0.0273  0.0272  0.0273  0.0272  0.0272  0.0273  0.0274  0.0272  0.0273  0.0272  0.0272
  0.0276  0.0274  0.0273  0.0276  0.0275  0.0275  0.0275  0.0277  0.0274  0.0275  0.0272  0.0273
   -1.1692  -17.3398    4.8917  -11.4613  -22.9138  -17.7744
   -6.1569   -5.5317    7.5174   30.4129    2.0006  -39.6571
eta,q 0.97290 11.34836

---------------------------------------------------------------------
compute_vox2vox talsrcimg talsrcimg_to_711-2C_as_mni_average_305_t4 /opt/freesurfer/average/711-2C_as_mni_average_305
---------------------------------------------------------------------

freesurfer compute_vox2vox.c
Reading: talsrcimg.4dfp.ifh
Reading: talsrcimg_to_711-2C_as_mni_average_305_t4
Reading: /opt/freesurfer/average/711-2C_as_mni_average_305.4dfp.ifh
Writing: talsrcimg_to_711-2C_as_mni_average_305_t4_vox2vox.txt

start time Sat Mar 14 03:13:48 CET 2026
end		time Sat Mar 14 03:15:16 CET 2026

mpr2mni305 success

avi2talxfm orig_nu.mgz /opt/freesurfer/average/mni305.cor.mgz talsrcimg_to_711-2C_as_mni_average_305_t4_vox2vox.txt transforms/talairach.auto.xfm
avi2talxfm done
mv -f /out/sourcedata/freesurfer/sub-v2s8x29245_ses-1/mri/talsrcimg_to_711-2C_as_mni_average_305_t4_vox2vox.txt /out/sourcedata/freesurfer/sub-v2s8x29245_ses-1/mri/transforms/talsrcimg_to_711-2C_as_mni_average_305_t4_vox2vox.txt
lta_convert --src orig_nu.mgz --trg /opt/freesurfer/average/mni305.cor.mgz --inxfm transforms/talairach.auto.xfm --outlta transforms/talairach.auto.xfm.lta --subject fsaverage
7.3.2

--src: orig_nu.mgz src image (geometry).
--trg: /opt/freesurfer/average/mni305.cor.mgz trg image (geometry).
--inmni: transforms/talairach.auto.xfm input MNI/XFM transform.
--outlta: transforms/talairach.auto.xfm.lta output LTA.
--s: fsaverage subject name
 LTA read, type : 1
 1.11951   0.03549   0.10767   2.15001;
-0.06712   1.01962   0.51918   2.46184;
-0.08269  -0.40573   1.08192   19.62135;
 0.00000   0.00000   0.00000   1.00000;
setting subject to fsaverage
Writing  LTA to file transforms/talairach.auto.xfm.lta...
lta_convert successful.
 
 
Started at Sat Mar 14 03:13:48 CET 2026
Ended   at Sat Mar 14 03:15:16 CET 2026
talairach_avi done
