/out/sourcedata/freesurfer/sub-v2s8x29198_ses-1/mri
/opt/freesurfer/bin/talairach_avi
--i orig_nu.mgz --xfm transforms/talairach.auto.xfm
talairach_avi 7.3.2
Linux dna038 5.14.0-427.37.1.el9_4.x86_64 #1 SMP PREEMPT_DYNAMIC Fri Sep 13 12:41:50 EDT 2024 x86_64 x86_64 x86_64 GNU/Linux
Sat Mar 14 00:52:11 CET 2026
mri_convert orig_nu.mgz talsrcimg.img 
reading from orig_nu.mgz...
TR=0.00, TE=0.00, TI=0.00, flip angle=0.00
i_ras = (-1, 0, 0)
j_ras = (0, 0, -1)
k_ras = (0, 1, 0)
writing to talsrcimg.img...
Analyze Output Matrix
-1.00000   0.00000   0.00000   124.60488;
 0.00000   0.00000   1.00000  -128.00000;
 0.00000  -1.00000   0.00000   126.38554;
 0.00000   0.00000   0.00000   1.00000;
--------------------
INFO: set hdr.hist.orient to -1
mpr2mni305 talsrcimg
Sat Mar 14 00:52:12 CET 2026
/opt/freesurfer/bin/mpr2mni305 talsrcimg
mpr2mni305 7.3.2
target=711-2C_as_mni_average_305

---------------------------------------------------------------------
analyzeto4dfp talsrcimg -O0 -y
---------------------------------------------------------------------

freesurfer ifh2hdr.c
Sat Mar 14 00:52:12 2026
Writing: talsrcimg.4dfp.hdr
freesurfer analyzeto4dfp.c
Reading: talsrcimg.hdr
header size 348 bytes
hdr.dime.datatype	offset=70	value=2
hdr.dime.bitpix		offset=72	value=8
hdr.hist.orient		offset=252	value=-1
dimensionality     4
dimensions       256       256       256         1
Reading: talsrcimg.img
Writing: talsrcimg.4dfp.img
Writing: talsrcimg.4dfp.ifh
ifh2hdr talsrcimg -r0to213
ori=2

---------------------------------------------------------------------
gauss_4dfp talsrcimg 1.1
---------------------------------------------------------------------

freesurfer gauss_4dfp.c
Reading: talsrcimg.4dfp.img
Writing: talsrcimg_g11.4dfp.img
image dimensions 256 256 256 padded to 288 288 288
processing volume 1freesurfer ifh2hdr.c
Sat Mar 14 00:52:13 2026
Writing: talsrcimg_g11.4dfp.hdr

Writing: talsrcimg_g11.4dfp.ifh
including: talsrcimg.4dfp.img.rec in talsrcimg_g11.4dfp.img.rec

---------------------------------------------------------------------
imgreg_4dfp /opt/freesurfer/average/711-2C_as_mni_average_305 none talsrcimg_g11 none talsrcimg_to_711-2C_as_mni_average_305_t4 4355
---------------------------------------------------------------------

freesurfer imgreg_4dfp.c
/opt/freesurfer/average/711-2C_as_mni_average_305.4dfp.img
       256       256       256         1
  1.000000  1.000000  1.000000
orientation T byte_order littleendian
Reading image: /opt/freesurfer/average/711-2C_as_mni_average_305.4dfp.img
dimensions:      256       256       256
mmppix:       1.0000   -1.0000   -1.0000
center:     128.0000 -129.0000 -129.0000
talsrcimg_g11.4dfp.img
       256       256       256         1
  1.000000  1.000000  1.000000
orientation T byte_order littleendian
Reading image: talsrcimg_g11.4dfp.img
dimensions:      256       256       256
mmppix:       1.0000   -1.0000   -1.0000
center:     128.0000 -129.0000 -129.0000
t4_read: open error in t4_sub.f l:  41 t4_file(1:l)talsrcimg_to_711-2C_as_mni_average_305_t4 
t4_read: transform initialized to I4
rotation matrix determinant  1.000000
image alignment mode   4355 decimal     1103 hex
   -7.5000  -45.0000  -45.0000 8246.0732   16.4901
    0.0000  -45.0000  -45.0000 8572.1094   16.5098
    7.5000  -45.0000  -45.0000 8170.5498   16.5258
   -7.5000  -37.5000  -45.0000 8802.7588   16.4472
    0.0000  -37.5000  -45.0000 9130.1504   16.4710
    7.5000  -37.5000  -45.0000 8695.3994   16.4892
   -7.5000  -30.0000  -45.0000 9626.8789   16.4340
    0.0000  -30.0000  -45.0000 9994.7803   16.4521
    7.5000  -30.0000  -45.0000 9504.0312   16.4704
   -7.5000  -22.5000  -45.000010373.4795   16.4445
    0.0000  -22.5000  -45.000010784.3096   16.4519
    7.5000  -22.5000  -45.000010247.5312   16.4671
   -7.5000  -15.0000  -45.000011051.1875   16.4465
    0.0000  -15.0000  -45.000011521.5557   16.4491
    7.5000  -15.0000  -45.000010920.4502   16.4621
   -7.5000   -7.5000  -45.000011685.6914   16.4303
    0.0000   -7.5000  -45.000012182.8467   16.4391
    7.5000   -7.5000  -45.000011537.0137   16.4523
   -7.5000    0.0000  -45.000012216.6143   16.4137
    0.0000    0.0000  -45.000012708.2725   16.4328
    7.5000    0.0000  -45.000012046.4326   16.4478
   -7.5000    7.5000  -45.000011845.0254   16.4126
    0.0000    7.5000  -45.000012306.7539   16.4361
    7.5000    7.5000  -45.000011669.4004   16.4539
   -7.5000   15.0000  -45.000011368.2070   16.4272
    0.0000   15.0000  -45.000011811.6562   16.4452
    7.5000   15.0000  -45.000011179.0791   16.4634
   -7.5000   22.5000  -45.000010701.3848   16.4423
    0.0000   22.5000  -45.000011117.9121   16.4497
    7.5000   22.5000  -45.000010547.1973   16.4649
   -7.5000   30.0000  -45.0000 9932.2949   16.2273
    0.0000   30.0000  -45.000010297.9824   16.2299
    7.5000   30.0000  -45.0000 9759.4121   16.2427
   -7.5000   37.5000  -45.0000 9489.3232   16.2115
    0.0000   37.5000  -45.0000 9841.6348   16.2202
    7.5000   37.5000  -45.0000 9326.4355   16.2333
   -7.5000   45.0000  -45.0000 8728.3398   15.7961
    0.0000   45.0000  -45.0000 9015.5469   15.8146
    7.5000   45.0000  -45.0000 8536.4814   15.8291
   -7.5000  -45.0000  -37.5000 8772.4961   16.4385
    0.0000  -45.0000  -37.5000 9118.8975   16.4575
    7.5000  -45.0000  -37.5000 8680.8037   16.4666
   -7.5000  -37.5000  -37.5000 9353.4688   16.4014
    0.0000  -37.5000  -37.5000 9716.8164   16.4255
    7.5000  -37.5000  -37.5000 9234.7598   16.4384
   -7.5000  -30.0000  -37.500010218.3594   16.3928
    0.0000  -30.0000  -37.500010637.7432   16.4112
    7.5000  -30.0000  -37.500010070.5410   16.4249
   -7.5000  -22.5000  -37.500011008.0479   16.4023
    0.0000  -22.5000  -37.500011478.7314   16.4087
    7.5000  -22.5000  -37.500010858.3086   16.4181
   -7.5000  -15.0000  -37.500011710.6367   16.3994
    0.0000  -15.0000  -37.500012237.4531   16.4004
    7.5000  -15.0000  -37.500011546.6816   16.4061
   -7.5000   -7.5000  -37.500012357.3096   16.3789
    0.0000   -7.5000  -37.500012909.5957   16.3866
    7.5000   -7.5000  -37.500012165.5830   16.3920
   -7.5000    0.0000  -37.500012912.8574   16.3625
    0.0000    0.0000  -37.500013475.6055   16.3810
    7.5000    0.0000  -37.500012688.9629   16.3892
   -7.5000    7.5000  -37.500012508.1768   16.3668
    0.0000    7.5000  -37.500013031.9326   16.3906
    7.5000    7.5000  -37.500012287.9238   16.4030
   -7.5000   15.0000  -37.500011970.8271   16.3860
    0.0000   15.0000  -37.500012485.6016   16.4044
    7.5000   15.0000  -37.500011755.5918   16.4179
   -7.5000   22.5000  -37.500011259.1436   16.4000
    0.0000   22.5000  -37.500011748.4492   16.4064
    7.5000   22.5000  -37.500011076.3291   16.4159
   -7.5000   30.0000  -37.500010409.0186   16.1809
    0.0000   30.0000  -37.500010843.0869   16.1818
    7.5000   30.0000  -37.500010238.1885   16.1874
   -7.5000   37.5000  -37.5000 9921.7891   16.1608
    0.0000   37.5000  -37.500010333.8252   16.1684
    7.5000   37.5000  -37.5000 9764.0576   16.1738
   -7.5000   45.0000  -37.5000 9107.1064   15.7468
    0.0000   45.0000  -37.5000 9448.7676   15.7647
    7.5000   45.0000  -37.5000 8934.5752   15.7726
   -7.5000  -45.0000  -30.0000 9458.4033   17.1232
    0.0000  -45.0000  -30.0000 9834.3604   17.1401
    7.5000  -45.0000  -30.0000 9348.3545   17.1481
   -7.5000  -37.5000  -30.000010071.7607   17.0874
    0.0000  -37.5000  -30.000010468.5098   17.1105
    7.5000  -37.5000  -30.0000 9934.9365   17.1245
   -7.5000  -30.0000  -30.000011002.8936   17.0796
    0.0000  -30.0000  -30.000011463.4199   17.0977
    7.5000  -30.0000  -30.000010841.5635   17.1135
   -7.5000  -22.5000  -30.000011859.2051   17.0881
    0.0000  -22.5000  -30.000012382.9551   17.0935
    7.5000  -22.5000  -30.000011680.2227   17.1040
   -7.5000  -15.0000  -30.000012608.7266   17.0831
    0.0000  -15.0000  -30.000013177.6406   17.0820
    7.5000  -15.0000  -30.000012404.8945   17.0869
   -7.5000   -7.5000  -30.000013274.6836   17.0606
    0.0000   -7.5000  -30.000013871.4346   17.0654
    7.5000   -7.5000  -30.000013032.3447   17.0691
   -7.5000    0.0000  -30.000013833.0078   17.0442
    0.0000    0.0000  -30.000014444.4180   17.0606
    7.5000    0.0000  -30.000013555.9238   17.0676
   -7.5000    7.5000  -30.000013379.0352   17.0513
    0.0000    7.5000  -30.000013937.2168   17.0741
    7.5000    7.5000  -30.000013101.3125   17.0875
   -7.5000   15.0000  -30.000012788.5137   17.0724
    0.0000   15.0000  -30.000013347.3604   17.0904
    7.5000   15.0000  -30.000012524.2646   17.1062
   -7.5000   22.5000  -30.000012031.1855   17.0840
    0.0000   22.5000  -30.000012567.4189   17.0894
    7.5000   22.5000  -30.000011803.5303   17.0999
   -7.5000   30.0000  -30.000011096.5791   16.8571
    0.0000   30.0000  -30.000011607.5293   16.8559
    7.5000   30.0000  -30.000010915.1982   16.8608
   -7.5000   37.5000  -30.000010537.5928   16.8350
    0.0000   37.5000  -30.000011004.9961   16.8399
    7.5000   37.5000  -30.000010370.7529   16.8435
   -7.5000   45.0000  -30.0000 9648.2393   16.4152
    0.0000   45.0000  -30.000010027.9404   16.4311
    7.5000   45.0000  -30.0000 9456.8496   16.4379
   -7.5000  -45.0000  -22.500010112.9990   17.7095
    0.0000  -45.0000  -22.500010553.0410   17.7240
    7.5000  -45.0000  -22.500010013.1182   17.7386
   -7.5000  -37.5000  -22.500010753.5488   17.6686
    0.0000  -37.5000  -22.500011215.6367   17.6897
    7.5000  -37.5000  -22.500010632.2412   17.7104
   -7.5000  -30.0000  -22.500011770.4199   17.6554
    0.0000  -30.0000  -22.500012264.3584   17.6726
    7.5000  -30.0000  -22.500011595.7412   17.6958
   -7.5000  -22.5000  -22.500012674.6875   17.6627
    0.0000  -22.5000  -22.500013242.5742   17.6686
    7.5000  -22.5000  -22.500012482.5771   17.6870
   -7.5000  -15.0000  -22.500013464.7979   17.6615
    0.0000  -15.0000  -22.500014082.5088   17.6601
    7.5000  -15.0000  -22.500013239.4482   17.6731
   -7.5000   -7.5000  -22.500014165.4238   17.6432
    0.0000   -7.5000  -22.500014805.5518   17.6463
    7.5000   -7.5000  -22.500013910.5068   17.6572
   -7.5000    0.0000  -22.500014730.4326   17.6279
    0.0000    0.0000  -22.500015385.5547   17.6419
    7.5000    0.0000  -22.500014434.0889   17.6554
   -7.5000    7.5000  -22.500014236.5176   17.6314
    0.0000    7.5000  -22.500014839.1982   17.6522
    7.5000    7.5000  -22.500013933.6885   17.6722
   -7.5000   15.0000  -22.500013587.7715   17.6480
    0.0000   15.0000  -22.500014186.3291   17.6651
    7.5000   15.0000  -22.500013306.8125   17.6880
   -7.5000   22.5000  -22.500012768.8369   17.6573
    0.0000   22.5000  -22.500013359.2930   17.6631
    7.5000   22.5000  -22.500012533.4609   17.6816
   -7.5000   30.0000  -22.500011775.5674   17.4305
    0.0000   30.0000  -22.500012326.1611   17.4291
    7.5000   30.0000  -22.500011568.1494   17.4419
   -7.5000   37.5000  -22.500011195.8623   17.4127
    0.0000   37.5000  -22.500011688.7969   17.4158
    7.5000   37.5000  -22.500011002.7734   17.4265
   -7.5000   45.0000  -22.500010209.5635   16.9905
    0.0000   45.0000  -22.500010639.5127   17.0040
    7.5000   45.0000  -22.500010014.0566   17.0171
   -7.5000  -45.0000  -15.000010749.7598   18.1259
    0.0000  -45.0000  -15.000011236.4746   18.1410
    7.5000  -45.0000  -15.000010677.0957   18.1625
   -7.5000  -37.5000  -15.000011425.3193   18.0775
    0.0000  -37.5000  -15.000011935.6738   18.0986
    7.5000  -37.5000  -15.000011324.2471   18.1250
   -7.5000  -30.0000  -15.000012515.1895   18.0577
    0.0000  -30.0000  -15.000013050.9521   18.0752
    7.5000  -30.0000  -15.000012356.7705   18.1038
   -7.5000  -22.5000  -15.000013467.0801   18.0656
    0.0000  -22.5000  -15.000014066.4600   18.0727
    7.5000  -22.5000  -15.000013284.3477   18.0978
   -7.5000  -15.0000  -15.000014316.8740   18.0703
    0.0000  -15.0000  -15.000014957.4209   18.0704
    7.5000  -15.0000  -15.000014076.6113   18.0912
   -7.5000   -7.5000  -15.000015044.0264   18.0577
    0.0000   -7.5000  -15.000015714.6670   18.0617
    7.5000   -7.5000  -15.000014781.5195   18.0805
   -7.5000    0.0000  -15.000015647.1221   18.0425
    0.0000    0.0000  -15.000016315.9189   18.0569
    7.5000    0.0000  -15.000015349.2109   18.0773
   -7.5000    7.5000  -15.000015075.3154   18.0397
    0.0000    7.5000  -15.000015744.5098   18.0604
    7.5000    7.5000  -15.000014773.2539   18.0862
   -7.5000   15.0000  -15.000014385.3652   18.0501
    0.0000   15.0000  -15.000015000.4336   18.0674
    7.5000   15.0000  -15.000014094.4707   18.0959
   -7.5000   22.5000  -15.000013534.3418   18.0592
    0.0000   22.5000  -15.000014124.8760   18.0663
    7.5000   22.5000  -15.000013257.5908   18.0914
   -7.5000   30.0000  -15.000012486.2412   17.8364
    0.0000   30.0000  -15.000013058.5186   17.8365
    7.5000   30.0000  -15.000012265.0029   17.8571
   -7.5000   37.5000  -15.000011886.7021   17.8243
    0.0000   37.5000  -15.000012418.3086   17.8282
    7.5000   37.5000  -15.000011673.1631   17.8467
   -7.5000   45.0000  -15.000010816.9414   17.4005
    0.0000   45.0000  -15.000011266.8066   17.4146
    7.5000   45.0000  -15.000010629.1738   17.4343
   -7.5000  -45.0000   -7.500011425.9033   18.3314
    0.0000  -45.0000   -7.500011947.1982   18.3499
    7.5000  -45.0000   -7.500011328.7988   18.3724
   -7.5000  -37.5000   -7.500012118.0977   18.2798
    0.0000  -37.5000   -7.500012676.0508   18.3032
    7.5000  -37.5000   -7.500012021.3721   18.3290
   -7.5000  -30.0000   -7.500013284.3418   18.2595
    0.0000  -30.0000   -7.500013873.7129   18.2779
    7.5000  -30.0000   -7.500013140.3828   18.3048
   -7.5000  -22.5000   -7.500014349.0391   18.2698
    0.0000  -22.5000   -7.500014989.4873   18.2775
    7.5000  -22.5000   -7.500014148.1104   18.3014
   -7.5000  -15.0000   -7.500015261.6377   18.2761
    0.0000  -15.0000   -7.500015923.8691   18.2779
    7.5000  -15.0000   -7.500015032.3584   18.2987
   -7.5000   -7.5000   -7.500015962.9209   18.2636
    0.0000   -7.5000   -7.500016650.0215   18.2707
    7.5000   -7.5000   -7.500015755.7529   18.2906
   -7.5000    0.0000   -7.500016604.5020   18.2469
    0.0000    0.0000   -7.500017275.0625   18.2648
    7.5000    0.0000   -7.500016360.3066   18.2861
   -7.5000    7.5000   -7.500015975.4541   18.2416
    0.0000    7.5000   -7.500016636.7344   18.2647
    7.5000    7.5000   -7.500015697.5791   18.2899
   -7.5000   15.0000   -7.500015201.6709   18.2519
    0.0000   15.0000   -7.500015828.2002   18.2702
    7.5000   15.0000   -7.500014951.0186   18.2969
   -7.5000   22.5000   -7.500014310.3896   18.2614
    0.0000   22.5000   -7.500014924.9551   18.2690
    7.5000   22.5000   -7.500014095.2109   18.2929
   -7.5000   30.0000   -7.500013234.1572   18.0391
    0.0000   30.0000   -7.500013815.8350   18.0408
    7.5000   30.0000   -7.500013041.2656   18.0614
   -7.5000   37.5000   -7.500012653.6025   18.0269
    0.0000   37.5000   -7.500013192.8135   18.0340
    7.5000   37.5000   -7.500012413.6357   18.0536
   -7.5000   45.0000   -7.500011531.7227   17.6006
    0.0000   45.0000   -7.500012002.7236   17.6181
    7.5000   45.0000   -7.500011277.1641   17.6387
   -7.5000  -45.0000    0.000012025.3672   18.3678
    0.0000  -45.0000    0.000012527.3711   18.3893
    7.5000  -45.0000    0.000011853.6719   18.4063
   -7.5000  -37.5000    0.000012724.9268   18.3201
    0.0000  -37.5000    0.000013278.1074   18.3462
    7.5000  -37.5000    0.000012578.0557   18.3658
   -7.5000  -30.0000    0.000013948.3730   18.3049
    0.0000  -30.0000    0.000014532.1357   18.3248
    7.5000  -30.0000    0.000013762.9443   18.3448
   -7.5000  -22.5000    0.000015135.2891   18.3161
    0.0000  -22.5000    0.000015764.3711   18.3243
    7.5000  -22.5000    0.000014882.2090   18.3411
   -7.5000  -15.0000    0.000016202.1738   18.3184
    0.0000  -15.0000    0.000016861.8555   18.3212
    7.5000  -15.0000    0.000015952.5449   18.3354
   -7.5000   -7.5000    0.000016953.8789   18.3010
    0.0000   -7.5000    0.000017552.1582   18.3104
    7.5000   -7.5000    0.000016758.2227   18.3247
   -7.5000    0.0000    0.000017535.1797   18.2831
    0.0000    0.0000    0.000018125.0488   18.3039
    7.5000    0.0000    0.000017367.4453   18.3198
   -7.5000    7.5000    0.000016860.9473   18.2817
    0.0000    7.5000    0.000017440.9453   18.3074
    7.5000    7.5000    0.000016618.7109   18.3265
   -7.5000   15.0000    0.000016079.7930   18.2973
    0.0000   15.0000    0.000016658.5020   18.3171
    7.5000   15.0000    0.000015793.6279   18.3370
   -7.5000   22.5000    0.000015161.4590   18.3077
    0.0000   22.5000    0.000015745.1826   18.3158
    7.5000   22.5000    0.000014862.8477   18.3326
   -7.5000   30.0000    0.000014018.0000   18.0813
    0.0000   30.0000    0.000014578.9551   18.0840
    7.5000   30.0000    0.000013741.4287   18.0981
   -7.5000   37.5000    0.000013392.1113   18.0643
    0.0000   37.5000    0.000013927.9580   18.0737
    7.5000   37.5000    0.000013080.2646   18.0877
   -7.5000   45.0000    0.000012207.4297   17.6365
    0.0000   45.0000    0.000012661.6777   17.6567
    7.5000   45.0000    0.000011902.0371   17.6722
   -7.5000  -45.0000    7.500011634.9277   18.3775
    0.0000  -45.0000    7.500012110.7354   18.3987
    7.5000  -45.0000    7.500011482.6680   18.4085
   -7.5000  -37.5000    7.500012324.5557   18.3365
    0.0000  -37.5000    7.500012801.2852   18.3634
    7.5000  -37.5000    7.500012184.4629   18.3774
   -7.5000  -30.0000    7.500013491.8740   18.3270
    0.0000  -30.0000    7.500013998.8428   18.3476
    7.5000  -30.0000    7.500013339.1504   18.3627
   -7.5000  -22.5000    7.500014684.8398   18.3374
    0.0000  -22.5000    7.500015263.4482   18.3447
    7.5000  -22.5000    7.500014473.9980   18.3552
   -7.5000  -15.0000    7.500015929.9053   18.3338
    0.0000  -15.0000    7.500016471.3008   18.3351
    7.5000  -15.0000    7.500015616.9238   18.3413
   -7.5000   -7.5000    7.500016775.0430   18.3107
    0.0000   -7.5000    7.500017280.0410   18.3194
    7.5000   -7.5000    7.500016573.2188   18.3252
   -7.5000    0.0000    7.500017302.2402   18.2927
    0.0000    0.0000    7.500017795.6348   18.3133
    7.5000    0.0000    7.500017119.5234   18.3221
   -7.5000    7.5000    7.500016586.2930   18.2978
    0.0000    7.5000    7.500017065.7148   18.3244
    7.5000    7.5000    7.500016294.2441   18.3380
   -7.5000   15.0000    7.500015739.0264   18.3194
    0.0000   15.0000    7.500016229.8330   18.3400
    7.5000   15.0000    7.500015384.8447   18.3549
   -7.5000   22.5000    7.500014741.3613   18.3289
    0.0000   22.5000    7.500015248.2383   18.3362
    7.5000   22.5000    7.500014416.4629   18.3467
   -7.5000   30.0000    7.500013592.3076   18.0966
    0.0000   30.0000    7.500014104.9170   18.0978
    7.5000   30.0000    7.500013303.4111   18.1039
   -7.5000   37.5000    7.500012944.2627   18.0740
    0.0000   37.5000    7.500013448.6582   18.0825
    7.5000   37.5000    7.500012630.9980   18.0883
   -7.5000   45.0000    7.500011781.4307   17.6458
    0.0000   45.0000    7.500012231.7705   17.6658
    7.5000   45.0000    7.500011478.1016   17.6743
   -7.5000  -45.0000   15.000011119.2383   18.4159
    0.0000  -45.0000   15.000011528.7832   18.4344
    7.5000  -45.0000   15.000011007.7910   18.4428
   -7.5000  -37.5000   15.000011781.9229   18.3774
    0.0000  -37.5000   15.000012203.0527   18.4025
    7.5000  -37.5000   15.000011672.7402   18.4173
   -7.5000  -30.0000   15.000012859.0986   18.3688
    0.0000  -30.0000   15.000013320.6270   18.3885
    7.5000  -30.0000   15.000012751.4414   18.4054
   -7.5000  -22.5000   15.000014016.4697   18.3779
    0.0000  -22.5000   15.000014581.1914   18.3839
    7.5000  -22.5000   15.000013856.7461   18.3950
   -7.5000  -15.0000   15.000015120.4736   18.3726
    0.0000  -15.0000   15.000015737.2812   18.3716
    7.5000  -15.0000   15.000014913.1152   18.3766
   -7.5000   -7.5000   15.000015951.8682   18.3484
    0.0000   -7.5000   15.000016614.7520   18.3539
    7.5000   -7.5000   15.000015768.2559   18.3577
   -7.5000    0.0000   15.000016570.0039   18.3309
    0.0000    0.0000   15.000017237.3672   18.3488
    7.5000    0.0000   15.000016302.2021   18.3561
   -7.5000    7.5000   15.000015927.5244   18.3385
    0.0000    7.5000   15.000016514.9473   18.3633
    7.5000    7.5000   15.000015563.5078   18.3775
   -7.5000   15.0000   15.000015048.8379   18.3611
    0.0000   15.0000   15.000015597.5537   18.3807
    7.5000   15.0000   15.000014680.1865   18.3974
   -7.5000   22.5000   15.000014002.7979   18.3694
    0.0000   22.5000   15.000014529.9199   18.3755
    7.5000   22.5000   15.000013716.0879   18.3866
   -7.5000   30.0000   15.000012914.7305   18.1348
    0.0000   30.0000   15.000013396.1104   18.1338
    7.5000   30.0000   15.000012677.0664   18.1388
   -7.5000   37.5000   15.000012307.6035   18.1112
    0.0000   37.5000   15.000012758.9551   18.1166
    7.5000   37.5000   15.000012044.1240   18.1203
   -7.5000   45.0000   15.000011250.7500   17.6830
    0.0000   45.0000   15.000011650.6787   17.7004
    7.5000   45.0000   15.000010983.6055   17.7075
   -7.5000  -45.0000   22.500010476.2324   18.4681
    0.0000  -45.0000   22.500010924.2100   18.4838
    7.5000  -45.0000   22.500010403.6182   18.4985
   -7.5000  -37.5000   22.500011110.2334   18.4248
    0.0000  -37.5000   22.500011569.3818   18.4474
    7.5000  -37.5000   22.500011048.0791   18.4684
   -7.5000  -30.0000   22.500012172.1094   18.4108
    0.0000  -30.0000   22.500012659.4082   18.4292
    7.5000  -30.0000   22.500012057.5459   18.4528
   -7.5000  -22.5000   22.500013242.9883   18.4189
    0.0000  -22.5000   22.500013774.4238   18.4254
    7.5000  -22.5000   22.500013091.7900   18.4440
   -7.5000  -15.0000   22.500014130.1631   18.4182
    0.0000  -15.0000   22.500014676.6133   18.4170
    7.5000  -15.0000   22.500013996.0049   18.4300
   -7.5000   -7.5000   22.500014889.8760   18.3990
    0.0000   -7.5000   22.500015457.8145   18.4027
    7.5000   -7.5000   22.500014764.0635   18.4134
   -7.5000    0.0000   22.500015565.1797   18.3827
    0.0000    0.0000   22.500016162.4834   18.3977
    7.5000    0.0000   22.500015343.2432   18.4113
   -7.5000    7.5000   22.500015028.6279   18.3858
    0.0000    7.5000   22.500015589.6416   18.4081
    7.5000    7.5000   22.500014728.6611   18.4284
   -7.5000   15.0000   22.500014220.1201   18.4030
    0.0000   15.0000   22.500014752.6729   18.4213
    7.5000   15.0000   22.500013935.0498   18.4447
   -7.5000   22.5000   22.500013213.1689   18.4104
    0.0000   22.5000   22.500013723.3516   18.4169
    7.5000   22.5000   22.500013000.4658   18.4355
   -7.5000   30.0000   22.500012193.5459   18.1798
    0.0000   30.0000   22.500012662.8633   18.1787
    7.5000   30.0000   22.500011982.0947   18.1915
   -7.5000   37.5000   22.500011580.6572   18.1612
    0.0000   37.5000   22.500012030.9775   18.1648
    7.5000   37.5000   22.500011353.2051   18.1754
   -7.5000   45.0000   22.500010532.0205   17.7334
    0.0000   45.0000   22.500010941.9463   17.7480
    7.5000   45.0000   22.500010346.3232   17.7611
   -7.5000  -45.0000   30.0000 9725.8838   18.5516
    0.0000  -45.0000   30.000010160.9580   18.5684
    7.5000  -45.0000   30.0000 9661.4980   18.5892
   -7.5000  -37.5000   30.000010331.0752   18.5017
    0.0000  -37.5000   30.000010766.4004   18.5246
    7.5000  -37.5000   30.000010265.3760   18.5506
   -7.5000  -30.0000   30.000011294.3154   18.4818
    0.0000  -30.0000   30.000011752.9492   18.5009
    7.5000  -30.0000   30.000011202.5098   18.5291
   -7.5000  -22.5000   30.000012220.3750   18.4905
    0.0000  -22.5000   30.000012720.6348   18.4988
    7.5000  -22.5000   30.000012133.5225   18.5233
   -7.5000  -15.0000   30.000013011.9014   18.4954
    0.0000  -15.0000   30.000013519.2031   18.4965
    7.5000  -15.0000   30.000012937.8145   18.5164
   -7.5000   -7.5000   30.000013732.5986   18.4818
    0.0000   -7.5000   30.000014273.0361   18.4870
    7.5000   -7.5000   30.000013633.9297   18.5048
   -7.5000    0.0000   30.000014375.5645   18.4655
    0.0000    0.0000   30.000014945.5684   18.4815
    7.5000    0.0000   30.000014221.9180   18.5012
   -7.5000    7.5000   30.000013871.9404   18.4626
    0.0000    7.5000   30.000014424.1055   18.4851
    7.5000    7.5000   30.000013724.3086   18.5105
   -7.5000   15.0000   30.000013171.1660   18.4739
    0.0000   15.0000   30.000013685.2490   18.4929
    7.5000   15.0000   30.000012996.1807   18.5210
   -7.5000   22.5000   30.000012277.1074   18.4820
    0.0000   22.5000   30.000012751.2422   18.4902
    7.5000   22.5000   30.000012130.1758   18.5148
   -7.5000   30.0000   30.000011325.7637   18.2560
    0.0000   30.0000   30.000011754.3652   18.2571
    7.5000   30.0000   30.000011189.2598   18.2767
   -7.5000   37.5000   30.000010750.5215   18.2429
    0.0000   37.5000   30.000011157.2090   18.2480
    7.5000   37.5000   30.000010590.6182   18.2656
   -7.5000   45.0000   30.0000 9756.0928   17.8133
    0.0000   45.0000   30.000010111.4092   17.8289
    7.5000   45.0000   30.0000 9588.7998   17.8480
   -7.5000  -45.0000   37.5000 9335.5654   18.9000
    0.0000  -45.0000   37.5000 9751.1875   18.9226
    7.5000  -45.0000   37.5000 9288.3750   18.9435
   -7.5000  -37.5000   37.5000 9917.4717   18.8462
    0.0000  -37.5000   37.500010355.7275   18.8740
    7.5000  -37.5000   37.5000 9858.4121   18.8987
   -7.5000  -30.0000   37.500010849.7139   18.8252
    0.0000  -30.0000   37.500011334.3076   18.8475
    7.5000  -30.0000   37.500010787.4502   18.8736
   -7.5000  -22.5000   37.500011718.3945   18.8358
    0.0000  -22.5000   37.500012223.5234   18.8464
    7.5000  -22.5000   37.500011651.7480   18.8693
   -7.5000  -15.0000   37.500012465.6846   18.8416
    0.0000  -15.0000   37.500012996.1133   18.8457
    7.5000  -15.0000   37.500012411.0762   18.8653
   -7.5000   -7.5000   37.500013163.9521   18.8278
    0.0000   -7.5000   37.500013716.4365   18.8378
    7.5000   -7.5000   37.500013088.2793   18.8561
   -7.5000    0.0000   37.500013799.9971   18.8105
    0.0000    0.0000   37.500014357.7510   18.8322
    7.5000    0.0000   37.500013690.5479   18.8521
   -7.5000    7.5000   37.500013314.4404   18.8057
    0.0000    7.5000   37.500013871.9121   18.8331
    7.5000    7.5000   37.500013229.8857   18.8572
   -7.5000   15.0000   37.500012654.6777   18.8172
    0.0000   15.0000   37.500013188.8447   18.8393
    7.5000   15.0000   37.500012530.6904   18.8652
   -7.5000   22.5000   37.500011831.3555   18.8271
    0.0000   22.5000   37.500012313.5371   18.8377
    7.5000   22.5000   37.500011706.7061   18.8606
   -7.5000   30.0000   37.500010905.4570   18.5978
    0.0000   30.0000   37.500011344.8779   18.6018
    7.5000   30.0000   37.500010795.7578   18.6212
   -7.5000   37.5000   37.500010368.5859   18.5842
    0.0000   37.5000   37.500010761.4160   18.5941
    7.5000   37.5000   37.500010239.3604   18.6122
   -7.5000   45.0000   37.5000 9408.6201   18.1435
    0.0000   45.0000   37.5000 9732.1797   18.1647
    7.5000   45.0000   37.5000 9237.9424   18.1839
   -7.5000  -45.0000   45.0000 8569.3574   19.2754
    0.0000  -45.0000   45.0000 8936.4336   19.3024
    7.5000  -45.0000   45.0000 8493.4014   19.3153
   -7.5000  -37.5000   45.0000 9110.8691   19.2243
    0.0000  -37.5000   45.0000 9506.5537   19.2575
    7.5000  -37.5000   45.0000 9019.6025   19.2741
   -7.5000  -30.0000   45.0000 9959.9453   19.2053
    0.0000  -30.0000   45.000010409.2861   19.2322
    7.5000  -30.0000   45.0000 9862.6748   19.2499
   -7.5000  -22.5000   45.000010748.8330   19.2135
    0.0000  -22.5000   45.000011234.2549   19.2264
    7.5000  -22.5000   45.000010663.9932   19.2405
   -7.5000  -15.0000   45.000011447.9355   19.2137
    0.0000  -15.0000   45.000011954.9004   19.2195
    7.5000  -15.0000   45.000011369.6445   19.2300
   -7.5000   -7.5000   45.000012089.8857   19.1970
    0.0000   -7.5000   45.000012606.5459   19.2099
    7.5000   -7.5000   45.000011990.2520   19.2198
   -7.5000    0.0000   45.000012662.2500   19.1815
    0.0000    0.0000   45.000013191.7783   19.2077
    7.5000    0.0000   45.000012542.5273   19.2195
   -7.5000    7.5000   45.000012242.4268   19.1817
    0.0000    7.5000   45.000012738.8555   19.2145
    7.5000    7.5000   45.000012136.2783   19.2306
   -7.5000   15.0000   45.000011629.3203   19.1970
    0.0000   15.0000   45.000012095.7373   19.2237
    7.5000   15.0000   45.000011516.4912   19.2413
   -7.5000   22.5000   45.000010884.1318   19.2046
    0.0000   22.5000   45.000011311.6689   19.2175
    7.5000   22.5000   45.000010751.2793   19.2316
   -7.5000   30.0000   45.000010043.6201   18.9634
    0.0000   30.0000   45.000010438.2412   18.9691
    7.5000   30.0000   45.0000 9941.5527   18.9795
   -7.5000   37.5000   45.0000 9547.2959   18.9469
    0.0000   37.5000   45.0000 9897.0566   18.9597
    7.5000   37.5000   45.0000 9435.5391   18.9694
   -7.5000   45.0000   45.0000 8676.3867   18.5055
    0.0000   45.0000   45.0000 8957.4922   18.5309
    7.5000   45.0000   45.0000 8526.2227   18.5423

---------------------------------------------------------------------
imgreg_4dfp /opt/freesurfer/average/711-2C_as_mni_average_305 /opt/freesurfer/average/711-2B_as_mni_average_305_mask talsrcimg_g11 none talsrcimg_to_711-2C_as_mni_average_305_t4 4355
---------------------------------------------------------------------

freesurfer imgreg_4dfp.c
/opt/freesurfer/average/711-2C_as_mni_average_305.4dfp.img
       256       256       256         1
  1.000000  1.000000  1.000000
orientation T byte_order littleendian
Reading image: /opt/freesurfer/average/711-2C_as_mni_average_305.4dfp.img
dimensions:      256       256       256
mmppix:       1.0000   -1.0000   -1.0000
center:     128.0000 -129.0000 -129.0000
/opt/freesurfer/average/711-2B_as_mni_average_305_mask.4dfp.img
       256       256       256         1
  1.000000  1.000000  1.000000
orientation T byte_order littleendian
Reading mask: /opt/freesurfer/average/711-2B_as_mni_average_305_mask.4dfp.img (2306576 pixels)
talsrcimg_g11.4dfp.img
       256       256       256         1
  1.000000  1.000000  1.000000
orientation T byte_order littleendian
Reading image: talsrcimg_g11.4dfp.img
dimensions:      256       256       256
mmppix:       1.0000   -1.0000   -1.0000
center:     128.0000 -129.0000 -129.0000
rotation matrix determinant  1.000000
image alignment mode   4355 decimal     1103 hex
   -7.5000  -45.0000  -45.0000 2154.8726   18.5904
    0.0000  -45.0000  -45.0000 2160.1340   18.5910
    7.5000  -45.0000  -45.0000 2141.9551   18.8643
   -7.5000  -37.5000  -45.0000 2244.3474   17.1751
    0.0000  -37.5000  -45.0000 2242.4402   17.1827
    7.5000  -37.5000  -45.0000 2224.8345   17.4160
   -7.5000  -30.0000  -45.0000 2302.0510   16.1394
    0.0000  -30.0000  -45.0000 2305.6094   16.1567
    7.5000  -30.0000  -45.0000 2280.1882   16.3704
   -7.5000  -22.5000  -45.0000 2340.4888   15.3951
    0.0000  -22.5000  -45.0000 2344.7124   15.4026
    7.5000  -22.5000  -45.0000 2321.8657   15.6166
   -7.5000  -15.0000  -45.0000 2361.8601   14.9017
    0.0000  -15.0000  -45.0000 2373.7102   14.8902
    7.5000  -15.0000  -45.0000 2348.2974   15.0965
   -7.5000   -7.5000  -45.0000 2377.9182   14.7148
    0.0000   -7.5000  -45.0000 2386.8733   14.6767
    7.5000   -7.5000  -45.0000 2355.9646   14.8964
   -7.5000    0.0000  -45.0000 2365.4707   14.8256
    0.0000    0.0000  -45.0000 2375.8840   14.8103
    7.5000    0.0000  -45.0000 2344.8303   15.0359
   -7.5000    7.5000  -45.0000 2333.7075   15.3104
    0.0000    7.5000  -45.0000 2340.4067   15.3113
    7.5000    7.5000  -45.0000 2312.8247   15.5382
   -7.5000   15.0000  -45.0000 2282.7551   16.0385
    0.0000   15.0000  -45.0000 2292.7083   16.0465
    7.5000   15.0000  -45.0000 2259.0308   16.2639
   -7.5000   22.5000  -45.0000 2210.3442   17.0935
    0.0000   22.5000  -45.0000 2218.3796   17.0204
    7.5000   22.5000  -45.0000 2188.9819   17.2971
   -7.5000   30.0000  -45.0000 2120.7034   18.5341
    0.0000   30.0000  -45.0000 2126.1970   18.4241
    7.5000   30.0000  -45.0000 2098.3542   18.7589
   -7.5000   37.5000  -45.0000 2016.2356   20.5823
    0.0000   37.5000  -45.0000 2023.1995   20.4654
    7.5000   37.5000  -45.0000 1994.1956   20.8433
   -7.5000   45.0000  -45.0000 1903.3754   23.4212
    0.0000   45.0000  -45.0000 1911.6067   23.3279
    7.5000   45.0000  -45.0000 1878.7910   23.7053
   -7.5000  -45.0000  -37.5000 2239.0222   17.4216
    0.0000  -45.0000  -37.5000 2241.2583   17.4662
    7.5000  -45.0000  -37.5000 2222.7830   17.6290
   -7.5000  -37.5000  -37.5000 2332.2908   16.0209
    0.0000  -37.5000  -37.5000 2333.6768   16.0884
    7.5000  -37.5000  -37.5000 2313.6897   16.2177
   -7.5000  -30.0000  -37.5000 2392.8909   15.0211
    0.0000  -30.0000  -37.5000 2397.7915   15.0651
    7.5000  -30.0000  -37.5000 2369.6672   15.2019
   -7.5000  -22.5000  -37.5000 2435.4500   14.3298
    0.0000  -22.5000  -37.5000 2444.9502   14.3991
    7.5000  -22.5000  -37.5000 2412.7065   14.5224
   -7.5000  -15.0000  -37.5000 2459.1711   13.8839
    0.0000  -15.0000  -37.5000 2474.9919   13.9178
    7.5000  -15.0000  -37.5000 2439.4551   14.0589
   -7.5000   -7.5000  -37.5000 2473.9707   13.6866
    0.0000   -7.5000  -37.5000 2487.6328   13.6807
    7.5000   -7.5000  -37.5000 2451.1995   13.8596
   -7.5000    0.0000  -37.5000 2466.9890   13.7653
    0.0000    0.0000  -37.5000 2482.6873   13.7838
    7.5000    0.0000  -37.5000 2441.8357   13.9527
   -7.5000    7.5000  -37.5000 2437.4407   14.1799
    0.0000    7.5000  -37.5000 2447.7344   14.2087
    7.5000    7.5000  -37.5000 2413.1897   14.4062
   -7.5000   15.0000  -37.5000 2380.6228   14.8660
    0.0000   15.0000  -37.5000 2393.9937   14.8818
    7.5000   15.0000  -37.5000 2352.8442   15.0885
   -7.5000   22.5000  -37.5000 2303.0610   15.8195
    0.0000   22.5000  -37.5000 2313.0447   15.8098
    7.5000   22.5000  -37.5000 2278.9524   16.0282
   -7.5000   30.0000  -37.5000 2204.5605   17.1124
    0.0000   30.0000  -37.5000 2213.9385   17.0910
    7.5000   30.0000  -37.5000 2184.2407   17.3530
   -7.5000   37.5000  -37.5000 2093.8706   18.9510
    0.0000   37.5000  -37.5000 2099.8228   18.8907
    7.5000   37.5000  -37.5000 2069.8896   19.1813
   -7.5000   45.0000  -37.5000 1975.0439   21.4917
    0.0000   45.0000  -37.5000 1982.5991   21.4704
    7.5000   45.0000  -37.5000 1948.5791   21.7504
   -7.5000  -45.0000  -30.0000 2359.4819   16.9374
    0.0000  -45.0000  -30.0000 2361.0652   16.9901
    7.5000  -45.0000  -30.0000 2333.6221   17.1096
   -7.5000  -37.5000  -30.0000 2457.4575   15.5269
    0.0000  -37.5000  -30.0000 2457.4517   15.5839
    7.5000  -37.5000  -30.0000 2430.2278   15.6702
   -7.5000  -30.0000  -30.0000 2522.8179   14.5135
    0.0000  -30.0000  -30.0000 2530.0491   14.5800
    7.5000  -30.0000  -30.0000 2496.0391   14.6674
   -7.5000  -22.5000  -30.0000 2574.7239   13.8430
    0.0000  -22.5000  -30.0000 2587.1299   13.9115
    7.5000  -22.5000  -30.0000 2550.9043   13.9954
   -7.5000  -15.0000  -30.0000 2606.1360   13.4356
    0.0000  -15.0000  -30.0000 2618.7917   13.5001
    7.5000  -15.0000  -30.0000 2580.8552   13.5899
   -7.5000   -7.5000  -30.0000 2615.3821   13.2393
    0.0000   -7.5000  -30.0000 2628.8618   13.2862
    7.5000   -7.5000  -30.0000 2592.0024   13.4092
   -7.5000    0.0000  -30.0000 2607.3682   13.3025
    0.0000    0.0000  -30.0000 2623.7354   13.3611
    7.5000    0.0000  -30.0000 2578.4473   13.4989
   -7.5000    7.5000  -30.0000 2579.6934   13.6735
    0.0000    7.5000  -30.0000 2588.1245   13.7193
    7.5000    7.5000  -30.0000 2549.2549   13.8861
   -7.5000   15.0000  -30.0000 2521.9436   14.2808
    0.0000   15.0000  -30.0000 2532.8662   14.3401
    7.5000   15.0000  -30.0000 2488.7920   14.5340
   -7.5000   22.5000  -30.0000 2441.0735   15.1982
    0.0000   22.5000  -30.0000 2451.2598   15.2170
    7.5000   22.5000  -30.0000 2407.3638   15.4180
   -7.5000   30.0000  -30.0000 2328.7764   16.4541
    0.0000   30.0000  -30.0000 2343.0227   16.4620
    7.5000   30.0000  -30.0000 2307.0959   16.6830
   -7.5000   37.5000  -30.0000 2207.4214   18.1896
    0.0000   37.5000  -30.0000 2215.9907   18.1710
    7.5000   37.5000  -30.0000 2187.2190   18.4377
   -7.5000   45.0000  -30.0000 2084.5217   20.5081
    0.0000   45.0000  -30.0000 2086.4624   20.5311
    7.5000   45.0000  -30.0000 2057.5959   20.8280
   -7.5000  -45.0000  -22.5000 2440.5225   16.3140
    0.0000  -45.0000  -22.5000 2448.0203   16.3665
    7.5000  -45.0000  -22.5000 2415.5227   16.5096
   -7.5000  -37.5000  -22.5000 2540.8352   14.8939
    0.0000  -37.5000  -22.5000 2547.4146   14.9458
    7.5000  -37.5000  -22.5000 2513.7766   15.0590
   -7.5000  -30.0000  -22.5000 2621.7197   13.8765
    0.0000  -30.0000  -22.5000 2627.4541   13.9301
    7.5000  -30.0000  -22.5000 2590.9456   14.0145
   -7.5000  -22.5000  -22.5000 2683.4299   13.2262
    0.0000  -22.5000  -22.5000 2698.1772   13.2617
    7.5000  -22.5000  -22.5000 2656.3892   13.3422
   -7.5000  -15.0000  -22.5000 2716.8909   12.8424
    0.0000  -15.0000  -22.5000 2732.0361   12.8861
    7.5000  -15.0000  -22.5000 2692.6538   12.9612
   -7.5000   -7.5000  -22.5000 2727.8389   12.6585
    0.0000   -7.5000  -22.5000 2741.4197   12.7220
    7.5000   -7.5000  -22.5000 2699.9905   12.8048
   -7.5000    0.0000  -22.5000 2721.7805   12.7409
    0.0000    0.0000  -22.5000 2739.3977   12.8063
    7.5000    0.0000  -22.5000 2690.5142   12.9223
   -7.5000    7.5000  -22.5000 2693.6345   13.0666
    0.0000    7.5000  -22.5000 2706.3108   13.1274
    7.5000    7.5000  -22.5000 2662.8181   13.2657
   -7.5000   15.0000  -22.5000 2631.1299   13.6219
    0.0000   15.0000  -22.5000 2642.4426   13.6893
    7.5000   15.0000  -22.5000 2601.1702   13.8748
   -7.5000   22.5000  -22.5000 2546.7249   14.4851
    0.0000   22.5000  -22.5000 2559.4495   14.5196
    7.5000   22.5000  -22.5000 2518.1028   14.7378
   -7.5000   30.0000  -22.5000 2428.3816   15.6952
    0.0000   30.0000  -22.5000 2442.4924   15.6948
    7.5000   30.0000  -22.5000 2406.1968   15.9238
   -7.5000   37.5000  -22.5000 2301.3940   17.3567
    0.0000   37.5000  -22.5000 2310.8342   17.3673
    7.5000   37.5000  -22.5000 2283.1030   17.5829
   -7.5000   45.0000  -22.5000 2166.9011   19.5311
    0.0000   45.0000  -22.5000 2170.7163   19.5848
    7.5000   45.0000  -22.5000 2142.7476   19.8812
   -7.5000  -45.0000  -15.0000 2477.8804   15.7292
    0.0000  -45.0000  -15.0000 2489.2573   15.7411
    7.5000  -45.0000  -15.0000 2460.1079   15.9076
   -7.5000  -37.5000  -15.0000 2587.7964   14.3171
    0.0000  -37.5000  -15.0000 2599.2849   14.3119
    7.5000  -37.5000  -15.0000 2567.3716   14.4797
   -7.5000  -30.0000  -15.0000 2682.5723   13.2887
    0.0000  -30.0000  -15.0000 2692.9590   13.2989
    7.5000  -30.0000  -15.0000 2655.5129   13.4479
   -7.5000  -22.5000  -15.0000 2752.1721   12.6187
    0.0000  -22.5000  -15.0000 2767.0229   12.6238
    7.5000  -22.5000  -15.0000 2727.8679   12.7537
   -7.5000  -15.0000  -15.0000 2797.6592   12.2292
    0.0000  -15.0000  -15.0000 2813.4905   12.2341
    7.5000  -15.0000  -15.0000 2766.8752   12.3270
   -7.5000   -7.5000  -15.0000 2816.6162   12.0370
    0.0000   -7.5000  -15.0000 2833.4368   12.0640
    7.5000   -7.5000  -15.0000 2783.7246   12.1753
   -7.5000    0.0000  -15.0000 2810.8013   12.1312
    0.0000    0.0000  -15.0000 2826.8281   12.1688
    7.5000    0.0000  -15.0000 2779.2595   12.3071
   -7.5000    7.5000  -15.0000 2775.3066   12.4539
    0.0000    7.5000  -15.0000 2795.5005   12.4970
    7.5000    7.5000  -15.0000 2745.0129   12.6551
   -7.5000   15.0000  -15.0000 2712.6531   12.9708
    0.0000   15.0000  -15.0000 2724.8679   13.0140
    7.5000   15.0000  -15.0000 2683.6167   13.2208
   -7.5000   22.5000  -15.0000 2622.2437   13.7979
    0.0000   22.5000  -15.0000 2633.3970   13.8219
    7.5000   22.5000  -15.0000 2592.8201   14.0647
   -7.5000   30.0000  -15.0000 2498.9451   14.9879
    0.0000   30.0000  -15.0000 2516.1687   14.9940
    7.5000   30.0000  -15.0000 2476.0623   15.2259
   -7.5000   37.5000  -15.0000 2369.3225   16.5980
    0.0000   37.5000  -15.0000 2381.8430   16.5876
    7.5000   37.5000  -15.0000 2349.3794   16.7953
   -7.5000   45.0000  -15.0000 2224.6599   18.7325
    0.0000   45.0000  -15.0000 2227.1650   18.7016
    7.5000   45.0000  -15.0000 2202.7441   18.9739
   -7.5000  -45.0000   -7.5000 2497.3250   15.2211
    0.0000  -45.0000   -7.5000 2508.7627   15.1978
    7.5000  -45.0000   -7.5000 2476.3601   15.4003
   -7.5000  -37.5000   -7.5000 2610.7612   13.8095
    0.0000  -37.5000   -7.5000 2624.4595   13.7819
    7.5000  -37.5000   -7.5000 2594.4478   13.9744
   -7.5000  -30.0000   -7.5000 2717.0012   12.7848
    0.0000  -30.0000   -7.5000 2731.5793   12.7787
    7.5000  -30.0000   -7.5000 2698.0215   12.9668
   -7.5000  -22.5000   -7.5000 2799.1753   12.1177
    0.0000  -22.5000   -7.5000 2818.1135   12.0933
    7.5000  -22.5000   -7.5000 2776.8479   12.2856
   -7.5000  -15.0000   -7.5000 2853.3577   11.7204
    0.0000  -15.0000   -7.5000 2876.2412   11.6808
    7.5000  -15.0000   -7.5000 2827.2627   11.8545
   -7.5000   -7.5000   -7.5000 2882.2859   11.4783
    0.0000   -7.5000   -7.5000 2903.5959   11.4518
    7.5000   -7.5000   -7.5000 2849.6096   11.6869
   -7.5000    0.0000   -7.5000 2882.2078   11.5534
    0.0000    0.0000   -7.5000 2897.4653   11.5335
    7.5000    0.0000   -7.5000 2847.9651   11.7724
   -7.5000    7.5000   -7.5000 2839.6311   11.8931
    0.0000    7.5000   -7.5000 2854.7896   11.8897
    7.5000    7.5000   -7.5000 2806.9160   12.1086
   -7.5000   15.0000   -7.5000 2766.1890   12.4345
    0.0000   15.0000   -7.5000 2779.3303   12.4309
    7.5000   15.0000   -7.5000 2736.8271   12.7007
   -7.5000   22.5000   -7.5000 2667.6987   13.2086
    0.0000   22.5000   -7.5000 2685.4126   13.2057
    7.5000   22.5000   -7.5000 2644.5198   13.5010
   -7.5000   30.0000   -7.5000 2543.7285   14.3390
    0.0000   30.0000   -7.5000 2560.4387   14.3387
    7.5000   30.0000   -7.5000 2523.9207   14.6273
   -7.5000   37.5000   -7.5000 2412.7822   15.8915
    0.0000   37.5000   -7.5000 2426.0222   15.9145
    7.5000   37.5000   -7.5000 2390.2051   16.1632
   -7.5000   45.0000   -7.5000 2264.3733   17.9528
    0.0000   45.0000   -7.5000 2269.6606   17.9680
    7.5000   45.0000   -7.5000 2237.3591   18.2489
   -7.5000  -45.0000    0.0000 2493.2107   15.0054
    0.0000  -45.0000    0.0000 2504.5591   14.8827
    7.5000  -45.0000    0.0000 2476.1001   15.1312
   -7.5000  -37.5000    0.0000 2614.1138   13.5603
    0.0000  -37.5000    0.0000 2627.9934   13.4610
    7.5000  -37.5000    0.0000 2596.9443   13.7260
   -7.5000  -30.0000    0.0000 2734.9006   12.5337
    0.0000  -30.0000    0.0000 2746.9919   12.4435
    7.5000  -30.0000    0.0000 2711.2034   12.7097
   -7.5000  -22.5000    0.0000 2832.4600   11.8505
    0.0000  -22.5000    0.0000 2847.4697   11.7542
    7.5000  -22.5000    0.0000 2801.4607   12.0165
   -7.5000  -15.0000    0.0000 2898.6306   11.4508
    0.0000  -15.0000    0.0000 2922.8391   11.3412
    7.5000  -15.0000    0.0000 2869.6482   11.6125
   -7.5000   -7.5000    0.0000 2933.8870   11.2088
    0.0000   -7.5000    0.0000 2955.6113   11.0704
    7.5000   -7.5000    0.0000 2897.3521   11.4598
   -7.5000    0.0000    0.0000 2926.4805   11.2552
    0.0000    0.0000    0.0000 2938.4270   11.1226
    7.5000    0.0000    0.0000 2889.4324   11.5226
   -7.5000    7.5000    0.0000 2886.4771   11.5904
    0.0000    7.5000    0.0000 2888.3333   11.5067
    7.5000    7.5000    0.0000 2839.5295   11.8437
   -7.5000   15.0000    0.0000 2809.2104   12.1476
    0.0000   15.0000    0.0000 2813.1218   12.0808
    7.5000   15.0000    0.0000 2772.4121   12.3874
   -7.5000   22.5000    0.0000 2702.9209   12.9002
    0.0000   22.5000    0.0000 2714.9246   12.8489
    7.5000   22.5000    0.0000 2675.6060   13.1383
   -7.5000   30.0000    0.0000 2573.9780   14.0244
    0.0000   30.0000    0.0000 2585.2195   13.9876
    7.5000   30.0000    0.0000 2549.9167   14.2747
   -7.5000   37.5000    0.0000 2437.1274   15.5463
    0.0000   37.5000    0.0000 2448.9504   15.5178
    7.5000   37.5000    0.0000 2412.1912   15.8071
   -7.5000   45.0000    0.0000 2286.4622   17.5840
    0.0000   45.0000    0.0000 2293.1040   17.5372
    7.5000   45.0000    0.0000 2262.6772   17.8769
   -7.5000  -45.0000    7.5000 2475.9990   15.0015
    0.0000  -45.0000    7.5000 2489.9919   14.8547
    7.5000  -45.0000    7.5000 2460.5330   15.1828
   -7.5000  -37.5000    7.5000 2605.1787   13.5117
    0.0000  -37.5000    7.5000 2615.8484   13.3637
    7.5000  -37.5000    7.5000 2585.6177   13.7445
   -7.5000  -30.0000    7.5000 2729.4553   12.4784
    0.0000  -30.0000    7.5000 2742.4905   12.3142
    7.5000  -30.0000    7.5000 2705.8152   12.7127
   -7.5000  -22.5000    7.5000 2837.9680   11.7800
    0.0000  -22.5000    7.5000 2854.2034   11.6172
    7.5000  -22.5000    7.5000 2813.0078   11.9987
   -7.5000  -15.0000    7.5000 2922.7268   11.4530
    0.0000  -15.0000    7.5000 2942.0210   11.2564
    7.5000  -15.0000    7.5000 2890.3262   11.6036
   -7.5000   -7.5000    7.5000 2971.4670   11.2698
    0.0000   -7.5000    7.5000 2989.8516   11.0763
    7.5000   -7.5000    7.5000 2923.3213   11.4633
   -7.5000    0.0000    7.5000 2959.8975   11.2433
    0.0000    0.0000    7.5000 2967.3088   11.0884
    7.5000    0.0000    7.5000 2906.9011   11.5096
   -7.5000    7.5000    7.5000 2915.0518   11.4756
    0.0000    7.5000    7.5000 2914.1902   11.3784
    7.5000    7.5000    7.5000 2858.2983   11.7660
   -7.5000   15.0000    7.5000 2825.7263   12.0255
    0.0000   15.0000    7.5000 2827.1035   11.9601
    7.5000   15.0000    7.5000 2779.6731   12.3099
   -7.5000   22.5000    7.5000 2710.2749   12.8284
    0.0000   22.5000    7.5000 2718.0981   12.7732
    7.5000   22.5000    7.5000 2682.7114   13.0683
   -7.5000   30.0000    7.5000 2580.4954   13.9254
    0.0000   30.0000    7.5000 2591.9729   13.9174
    7.5000   30.0000    7.5000 2558.1550   14.1654
   -7.5000   37.5000    7.5000 2441.7002   15.4017
    0.0000   37.5000    7.5000 2453.2280   15.4123
    7.5000   37.5000    7.5000 2415.5862   15.6257
   -7.5000   45.0000    7.5000 2290.6152   17.3756
    0.0000   45.0000    7.5000 2299.6230   17.4203
    7.5000   45.0000    7.5000 2266.3608   17.6597
   -7.5000  -45.0000   15.0000 2451.4067   15.1633
    0.0000  -45.0000   15.0000 2459.7400   14.9464
    7.5000  -45.0000   15.0000 2436.0110   15.4413
   -7.5000  -37.5000   15.0000 2576.8706   13.6773
    0.0000  -37.5000   15.0000 2586.5903   13.4868
    7.5000  -37.5000   15.0000 2561.3018   13.9430
   -7.5000  -30.0000   15.0000 2702.7788   12.6191
    0.0000  -30.0000   15.0000 2716.3423   12.4570
    7.5000  -30.0000   15.0000 2681.3464   12.9043
   -7.5000  -22.5000   15.0000 2815.4978   11.9451
    0.0000  -22.5000   15.0000 2834.6592   11.7855
    7.5000  -22.5000   15.0000 2790.1392   12.1940
   -7.5000  -15.0000   15.0000 2905.9126   11.5885
    0.0000  -15.0000   15.0000 2931.7930   11.4375
    7.5000  -15.0000   15.0000 2871.9456   11.7799
   -7.5000   -7.5000   15.0000 2959.3132   11.3402
    0.0000   -7.5000   15.0000 2981.9883   11.2344
    7.5000   -7.5000   15.0000 2915.7781   11.5588
   -7.5000    0.0000   15.0000 2944.1306   11.3367
    0.0000    0.0000   15.0000 2960.1167   11.2739
    7.5000    0.0000   15.0000 2899.4287   11.5854
   -7.5000    7.5000   15.0000 2896.2495   11.6122
    0.0000    7.5000   15.0000 2904.4102   11.5887
    7.5000    7.5000   15.0000 2848.1418   11.8428
   -7.5000   15.0000   15.0000 2809.1213   12.1689
    0.0000   15.0000   15.0000 2814.6416   12.1477
    7.5000   15.0000   15.0000 2767.0916   12.3833
   -7.5000   22.5000   15.0000 2689.8247   12.9557
    0.0000   22.5000   15.0000 2699.6135   12.9232
    7.5000   22.5000   15.0000 2667.0803   13.1525
   -7.5000   30.0000   15.0000 2563.4587   14.0243
    0.0000   30.0000   15.0000 2575.2317   13.9902
    7.5000   30.0000   15.0000 2550.5283   14.2269
   -7.5000   37.5000   15.0000 2430.2681   15.4692
    0.0000   37.5000   15.0000 2439.8689   15.4351
    7.5000   37.5000   15.0000 2406.7891   15.6649
   -7.5000   45.0000   15.0000 2274.6362   17.3911
    0.0000   45.0000   15.0000 2288.6616   17.3858
    7.5000   45.0000   15.0000 2258.5459   17.6618
   -7.5000  -45.0000   22.5000 2418.2424   15.6204
    0.0000  -45.0000   22.5000 2428.5852   15.4119
    7.5000  -45.0000   22.5000 2401.0261   15.8958
   -7.5000  -37.5000   22.5000 2542.7673   14.1072
    0.0000  -37.5000   22.5000 2552.2881   13.9499
    7.5000  -37.5000   22.5000 2526.8364   14.3874
   -7.5000  -30.0000   22.5000 2659.4053   13.0208
    0.0000  -30.0000   22.5000 2674.5964   12.8782
    7.5000  -30.0000   22.5000 2639.5476   13.2818
   -7.5000  -22.5000   22.5000 2770.8699   12.2918
    0.0000  -22.5000   22.5000 2792.8857   12.1485
    7.5000  -22.5000   22.5000 2750.8364   12.5143
   -7.5000  -15.0000   22.5000 2863.4819   11.8301
    0.0000  -15.0000   22.5000 2890.1462   11.6985
    7.5000  -15.0000   22.5000 2834.0205   12.0440
   -7.5000   -7.5000   22.5000 2923.0154   11.5324
    0.0000   -7.5000   22.5000 2939.9639   11.4331
    7.5000   -7.5000   22.5000 2884.8159   11.7958
   -7.5000    0.0000   22.5000 2911.7949   11.6331
    0.0000    0.0000   22.5000 2929.9246   11.5583
    7.5000    0.0000   22.5000 2870.7456   11.8273
   -7.5000    7.5000   22.5000 2863.7000   11.9711
    0.0000    7.5000   22.5000 2876.9077   11.9321
    7.5000    7.5000   22.5000 2818.2588   12.1403
   -7.5000   15.0000   22.5000 2777.8413   12.5331
    0.0000   15.0000   22.5000 2789.3831   12.5059
    7.5000   15.0000   22.5000 2739.1145   12.6942
   -7.5000   22.5000   22.5000 2653.5164   13.3361
    0.0000   22.5000   22.5000 2668.7146   13.3170
    7.5000   22.5000   22.5000 2636.2107   13.4972
   -7.5000   30.0000   22.5000 2531.6980   14.3816
    0.0000   30.0000   22.5000 2544.1758   14.3690
    7.5000   30.0000   22.5000 2511.8303   14.5527
   -7.5000   37.5000   22.5000 2397.1011   15.7704
    0.0000   37.5000   22.5000 2411.9780   15.7608
    7.5000   37.5000   22.5000 2376.3047   15.9395
   -7.5000   45.0000   22.5000 2241.4873   17.6301
    0.0000   45.0000   22.5000 2259.3301   17.6266
    7.5000   45.0000   22.5000 2235.1477   17.8314
   -7.5000  -45.0000   30.0000 2375.5154   16.3133
    0.0000  -45.0000   30.0000 2389.1440   16.1534
    7.5000  -45.0000   30.0000 2356.1731   16.5585
   -7.5000  -37.5000   30.0000 2499.8057   14.7372
    0.0000  -37.5000   30.0000 2511.6956   14.6176
    7.5000  -37.5000   30.0000 2479.6511   15.0039
   -7.5000  -30.0000   30.0000 2612.5769   13.5696
    0.0000  -30.0000   30.0000 2623.0764   13.4425
    7.5000  -30.0000   30.0000 2589.1462   13.8437
   -7.5000  -22.5000   30.0000 2719.9050   12.8115
    0.0000  -22.5000   30.0000 2736.9543   12.6843
    7.5000  -22.5000   30.0000 2697.3555   13.0312
   -7.5000  -15.0000   30.0000 2808.6057   12.2682
    0.0000  -15.0000   30.0000 2825.6157   12.1614
    7.5000  -15.0000   30.0000 2781.3638   12.5077
   -7.5000   -7.5000   30.0000 2858.2305   12.0106
    0.0000   -7.5000   30.0000 2873.1843   11.9181
    7.5000   -7.5000   30.0000 2828.2346   12.2086
   -7.5000    0.0000   30.0000 2848.5261   12.1265
    0.0000    0.0000   30.0000 2863.7561   12.0692
    7.5000    0.0000   30.0000 2814.1047   12.2807
   -7.5000    7.5000   30.0000 2796.8047   12.4644
    0.0000    7.5000   30.0000 2812.4714   12.4389
    7.5000    7.5000   30.0000 2765.2322   12.6596
   -7.5000   15.0000   30.0000 2722.3035   13.0250
    0.0000   15.0000   30.0000 2733.7307   13.0073
    7.5000   15.0000   30.0000 2686.4597   13.2133
   -7.5000   22.5000   30.0000 2609.3125   13.8219
    0.0000   22.5000   30.0000 2625.6448   13.8054
    7.5000   22.5000   30.0000 2587.8384   13.9729
   -7.5000   30.0000   30.0000 2484.8210   14.8783
    0.0000   30.0000   30.0000 2501.5603   14.8523
    7.5000   30.0000   30.0000 2471.1655   15.0271
   -7.5000   37.5000   30.0000 2352.4629   16.2636
    0.0000   37.5000   30.0000 2367.1257   16.2350
    7.5000   37.5000   30.0000 2335.4851   16.4201
   -7.5000   45.0000   30.0000 2199.7073   18.0807
    0.0000   45.0000   30.0000 2215.4429   18.0347
    7.5000   45.0000   30.0000 2188.5542   18.2582
   -7.5000  -45.0000   37.5000 2329.9426   17.1408
    0.0000  -45.0000   37.5000 2337.3096   17.0780
    7.5000  -45.0000   37.5000 2312.4958   17.4363
   -7.5000  -37.5000   37.5000 2452.9443   15.4955
    0.0000  -37.5000   37.5000 2461.4961   15.4376
    7.5000  -37.5000   37.5000 2429.2925   15.8186
   -7.5000  -30.0000   37.5000 2565.9993   14.3281
    0.0000  -30.0000   37.5000 2577.8042   14.2562
    7.5000  -30.0000   37.5000 2536.2502   14.6126
   -7.5000  -22.5000   37.5000 2663.6553   13.5111
    0.0000  -22.5000   37.5000 2681.1921   13.4166
    7.5000  -22.5000   37.5000 2636.9937   13.7717
   -7.5000  -15.0000   37.5000 2740.2661   12.9307
    0.0000  -15.0000   37.5000 2754.5259   12.8499
    7.5000  -15.0000   37.5000 2709.7776   13.1598
   -7.5000   -7.5000   37.5000 2775.3638   12.6952
    0.0000   -7.5000   37.5000 2788.2107   12.6235
    7.5000   -7.5000   37.5000 2746.0618   12.8604
   -7.5000    0.0000   37.5000 2766.1182   12.7959
    0.0000    0.0000   37.5000 2779.9045   12.7402
    7.5000    0.0000   37.5000 2736.1118   12.9498
   -7.5000    7.5000   37.5000 2714.2969   13.1311
    0.0000    7.5000   37.5000 2729.9800   13.1174
    7.5000    7.5000   37.5000 2690.7566   13.3266
   -7.5000   15.0000   37.5000 2647.3108   13.6873
    0.0000   15.0000   37.5000 2659.5054   13.6869
    7.5000   15.0000   37.5000 2613.1558   13.9130
   -7.5000   22.5000   37.5000 2546.9333   14.4920
    0.0000   22.5000   37.5000 2560.8025   14.4928
    7.5000   22.5000   37.5000 2523.2634   14.6687
   -7.5000   30.0000   37.5000 2428.4365   15.5193
    0.0000   30.0000   37.5000 2444.2324   15.5110
    7.5000   30.0000   37.5000 2414.2964   15.6947
   -7.5000   37.5000   37.5000 2300.7695   16.9039
    0.0000   37.5000   37.5000 2311.4441   16.9068
    7.5000   37.5000   37.5000 2282.6533   17.1040
   -7.5000   45.0000   37.5000 2152.9524   18.7304
    0.0000   45.0000   37.5000 2158.4563   18.6899
    7.5000   45.0000   37.5000 2132.9187   18.9318
   -7.5000  -45.0000   45.0000 2278.1067   18.2114
    0.0000  -45.0000   45.0000 2283.4946   18.1736
    7.5000  -45.0000   45.0000 2255.8430   18.4936
   -7.5000  -37.5000   45.0000 2398.0884   16.5032
    0.0000  -37.5000   45.0000 2404.7761   16.4640
    7.5000  -37.5000   45.0000 2369.3240   16.7789
   -7.5000  -30.0000   45.0000 2501.0667   15.2724
    0.0000  -30.0000   45.0000 2514.1770   15.2380
    7.5000  -30.0000   45.0000 2471.7458   15.5657
   -7.5000  -22.5000   45.0000 2593.1865   14.4010
    0.0000  -22.5000   45.0000 2612.5681   14.3422
    7.5000  -22.5000   45.0000 2566.8779   14.6751
   -7.5000  -15.0000   45.0000 2657.1873   13.8171
    0.0000  -15.0000   45.0000 2670.3853   13.7966
    7.5000  -15.0000   45.0000 2630.2610   14.0471
   -7.5000   -7.5000   45.0000 2684.3501   13.5716
    0.0000   -7.5000   45.0000 2696.9248   13.5408
    7.5000   -7.5000   45.0000 2655.6467   13.7534
   -7.5000    0.0000   45.0000 2668.8970   13.6429
    0.0000    0.0000   45.0000 2683.7437   13.6183
    7.5000    0.0000   45.0000 2641.1289   13.7911
   -7.5000    7.5000   45.0000 2623.1465   13.9847
    0.0000    7.5000   45.0000 2637.4663   13.9640
    7.5000    7.5000   45.0000 2599.9287   14.1563
   -7.5000   15.0000   45.0000 2559.0393   14.5294
    0.0000   15.0000   45.0000 2568.8135   14.5276
    7.5000   15.0000   45.0000 2531.0195   14.7445
   -7.5000   22.5000   45.0000 2474.3965   15.2993
    0.0000   22.5000   45.0000 2484.4568   15.2813
    7.5000   22.5000   45.0000 2445.5598   15.4817
   -7.5000   30.0000   45.0000 2359.8540   16.3412
    0.0000   30.0000   45.0000 2374.2625   16.3233
    7.5000   30.0000   45.0000 2347.2410   16.4932
   -7.5000   37.5000   45.0000 2231.0261   17.7463
    0.0000   37.5000   45.0000 2241.4216   17.7103
    7.5000   37.5000   45.0000 2220.5557   17.9315
   -7.5000   45.0000   45.0000 2095.6567   19.6170
    0.0000   45.0000   45.0000 2099.7668   19.5768
    7.5000   45.0000   45.0000 2076.3655   19.8306

---------------------------------------------------------------------
imgreg_4dfp /opt/freesurfer/average/711-2C_as_mni_average_305 /opt/freesurfer/average/711-2B_as_mni_average_305_mask talsrcimg_g11 none talsrcimg_to_711-2C_as_mni_average_305_t4 1283
---------------------------------------------------------------------

freesurfer imgreg_4dfp.c
/opt/freesurfer/average/711-2C_as_mni_average_305.4dfp.img
       256       256       256         1
  1.000000  1.000000  1.000000
orientation T byte_order littleendian
Reading image: /opt/freesurfer/average/711-2C_as_mni_average_305.4dfp.img
dimensions:      256       256       256
mmppix:       1.0000   -1.0000   -1.0000
center:     128.0000 -129.0000 -129.0000
/opt/freesurfer/average/711-2B_as_mni_average_305_mask.4dfp.img
       256       256       256         1
  1.000000  1.000000  1.000000
orientation T byte_order littleendian
Reading mask: /opt/freesurfer/average/711-2B_as_mni_average_305_mask.4dfp.img (2306576 pixels)
talsrcimg_g11.4dfp.img
       256       256       256         1
  1.000000  1.000000  1.000000
orientation T byte_order littleendian
Reading image: talsrcimg_g11.4dfp.img
dimensions:      256       256       256
mmppix:       1.0000   -1.0000   -1.0000
center:     128.0000 -129.0000 -129.0000
rotation matrix determinant  1.000000
fimgreg.f
image alignment mode   1283 decimal      503 hex
parameters
    0.0000   -7.5000    7.5000    0.0000    0.0000    0.0000
eta,q 0.93704 11.09309
niter,ni,del,rscale     5    3   12.0000    1.2000
parameter  4  1.887364 ->  0.500000 qaram    1.1500
parameters
   -2.0493   -6.5676    9.6477   -3.4500    1.7376    0.0271
eta,q 0.94459 11.09877
  0.0659  0.0739  0.0702  0.0553  0.0669  0.0607
  0.0621  0.0662  0.0679  0.0565  0.0632  0.0581
  0.0612  0.0615  0.0640  0.0587  0.0597  0.0562
  0.0633  0.0611  0.0616  0.0609  0.0571  0.0554
  0.0663  0.0625  0.0609  0.0631  0.0553  0.0561
  0.0697  0.0645  0.0616  0.0658  0.0567  0.0581
  0.0763  0.0661  0.0638  0.0700  0.0604  0.0606
niter,ni,del,rscale     5    3   12.0000    1.2000
parameter  4  1.022972 ->  0.500000 qaram    1.3225
parameters
   -2.6038   -5.5304    9.2936   -7.4175    2.4663    0.6909
eta,q 0.94870 11.06668
  0.0652  0.0688  0.0645  0.0529  0.0611  0.0573
  0.0604  0.0619  0.0599  0.0519  0.0573  0.0552
  0.0570  0.0571  0.0565  0.0526  0.0540  0.0533
  0.0554  0.0555  0.0555  0.0554  0.0518  0.0516
  0.0580  0.0560  0.0577  0.0594  0.0520  0.0513
  0.0634  0.0585  0.0622  0.0618  0.0549  0.0528
  0.0695  0.0613  0.0660  0.0646  0.0578  0.0561
niter,ni,del,rscale     5    3   12.0000    1.2000
parameter  4  0.684360 ->  0.500000 qaram    1.5209
parameters
   -3.2444   -3.6165    8.6954  -11.9801    2.7983   -0.7198
eta,q 0.94969 11.09297
  0.0620  0.0688  0.0606  0.0501  0.0587  0.0527
  0.0571  0.0623  0.0560  0.0500  0.0548  0.0512
  0.0533  0.0554  0.0525  0.0507  0.0518  0.0504
  0.0513  0.0516  0.0515  0.0514  0.0503  0.0502
  0.0547  0.0515  0.0535  0.0550  0.0506  0.0514
  0.0612  0.0530  0.0589  0.0606  0.0536  0.0541
  0.0670  0.0559  0.0653  0.0644  0.0572  0.0575
niter,ni,del,rscale     5    3   12.0000    1.2000
parameters
   -3.2927   -1.3588    7.9112  -13.6820    2.6355   -0.4989
eta,q 0.95225 11.12331
  0.0625  0.0675  0.0565  0.0558  0.0550  0.0537
  0.0568  0.0589  0.0527  0.0482  0.0512  0.0509
  0.0526  0.0533  0.0498  0.0469  0.0487  0.0490
  0.0503  0.0503  0.0490  0.0489  0.0478  0.0478
  0.0511  0.0490  0.0514  0.0512  0.0486  0.0479
  0.0567  0.0498  0.0560  0.0554  0.0520  0.0498
  0.0637  0.0523  0.0618  0.0616  0.0558  0.0535
niter,ni,del,rscale     4    3   12.0000    1.2000
parameters
   -3.2051   -1.0888    7.4932  -14.0797    2.5463   -0.4160
eta,q 0.95262 11.12567
  0.0626  0.0600  0.0565  0.0586  0.0549  0.0533
  0.0556  0.0526  0.0516  0.0510  0.0511  0.0506
  0.0504  0.0486  0.0486  0.0462  0.0484  0.0486
  0.0477  0.0477  0.0478  0.0477  0.0474  0.0474
  0.0488  0.0497  0.0500  0.0503  0.0483  0.0476
  0.0548  0.0530  0.0537  0.0530  0.0516  0.0499
  0.0623  0.0565  0.0588  0.0591  0.0553  0.0536
niter,ni,del,rscale     3    3   12.0000    1.2000
parameters
   -3.2092   -1.0954    7.3779  -14.1704    2.5252   -0.4278
eta,q 0.95272 11.12581
  0.0624  0.0590  0.0574  0.0592  0.0550  0.0531
  0.0554  0.0516  0.0520  0.0518  0.0511  0.0504
  0.0499  0.0478  0.0485  0.0462  0.0484  0.0484
  0.0474  0.0474  0.0474  0.0474  0.0473  0.0473
  0.0490  0.0499  0.0493  0.0500  0.0481  0.0476
  0.0554  0.0535  0.0529  0.0526  0.0514  0.0500
  0.0628  0.0571  0.0577  0.0582  0.0551  0.0537
niter,ni,del,rscale     2    3   12.0000    1.2000
parameters
   -3.2136   -1.1020    7.3457  -14.1863    2.5221   -0.4359
eta,q 0.95275 11.12577
  0.0624  0.0590  0.0576  0.0593  0.0550  0.0531
  0.0554  0.0516  0.0521  0.0520  0.0512  0.0504
  0.0498  0.0478  0.0485  0.0463  0.0484  0.0484
  0.0473  0.0473  0.0473  0.0473  0.0473  0.0473
  0.0490  0.0498  0.0491  0.0500  0.0481  0.0476
  0.0554  0.0535  0.0527  0.0525  0.0514  0.0500
  0.0628  0.0571  0.0574  0.0579  0.0550  0.0537
registration optimization eta report
parameter search radius
    6.0000    6.0000    6.0000    9.1253    6.0000    6.0000
100000*second partial in parameter space
       42.       29.       28.       14.       21.       17.
  0.0624  0.0590  0.0576  0.0593  0.0550  0.0531
  0.0554  0.0516  0.0521  0.0520  0.0512  0.0504
  0.0498  0.0478  0.0485  0.0463  0.0484  0.0484
  0.0473  0.0473  0.0473  0.0473  0.0473  0.0473
  0.0490  0.0498  0.0491  0.0500  0.0481  0.0476
  0.0554  0.0535  0.0527  0.0525  0.0514  0.0500
  0.0628  0.0571  0.0574  0.0579  0.0550  0.0537
   -3.2136   -1.1020    7.3457  -14.1863    2.5221   -0.4359
eta,q 0.95275 11.12577

---------------------------------------------------------------------
imgreg_4dfp /opt/freesurfer/average/711-2C_as_mni_average_305 /opt/freesurfer/average/711-2B_as_mni_average_305_mask talsrcimg_g11 none talsrcimg_to_711-2C_as_mni_average_305_t4 3335
---------------------------------------------------------------------

freesurfer imgreg_4dfp.c
/opt/freesurfer/average/711-2C_as_mni_average_305.4dfp.img
       256       256       256         1
  1.000000  1.000000  1.000000
orientation T byte_order littleendian
Reading image: /opt/freesurfer/average/711-2C_as_mni_average_305.4dfp.img
dimensions:      256       256       256
mmppix:       1.0000   -1.0000   -1.0000
center:     128.0000 -129.0000 -129.0000
/opt/freesurfer/average/711-2B_as_mni_average_305_mask.4dfp.img
       256       256       256         1
  1.000000  1.000000  1.000000
orientation T byte_order littleendian
Reading mask: /opt/freesurfer/average/711-2B_as_mni_average_305_mask.4dfp.img (2306576 pixels)
talsrcimg_g11.4dfp.img
       256       256       256         1
  1.000000  1.000000  1.000000
orientation T byte_order littleendian
Reading image: talsrcimg_g11.4dfp.img
dimensions:      256       256       256
mmppix:       1.0000   -1.0000   -1.0000
center:     128.0000 -129.0000 -129.0000
fimgreg.f
image alignment mode   3335 decimal      D07 hex
parameters
   -3.2136   -1.1020    7.3457   -0.0998   -3.0606   -3.1435
    1.8160   -4.0797   -0.7601   24.5394    4.4005  -24.4839
eta,q 0.95457 11.12158
niter,ni,del,rscale     5    3    5.0000    1.2000
parameter  4 11.275365 ->  0.500000 qaram    1.1500
parameter  5  3.215033 ->  0.500000 qaram    1.1500
parameter 10  0.658170 ->  0.500000 qaram    1.1500
parameter 12  0.600043 ->  0.500000 qaram    1.1500
parameters
   -3.2847   -0.6552    7.1114   -4.2398   -7.2006   -6.0823
    1.1451   -3.6225    1.1260   20.3994    4.0105  -28.6239
eta,q 0.96903 10.85673
  0.0478  0.0480  0.0469  0.0345  0.0312  0.0353  0.0355  0.0399  0.0362  0.0318  0.0328  0.0313
  0.0465  0.0467  0.0460  0.0375  0.0331  0.0339  0.0341  0.0368  0.0348  0.0314  0.0320  0.0310
  0.0456  0.0459  0.0454  0.0414  0.0356  0.0330  0.0333  0.0342  0.0337  0.0318  0.0316  0.0310
  0.0454  0.0454  0.0453  0.0453  0.0386  0.0337  0.0331  0.0331  0.0330  0.0328  0.0314  0.0314
  0.0458  0.0454  0.0457  0.0495  0.0418  0.0366  0.0336  0.0336  0.0328  0.0348  0.0317  0.0321
  0.0467  0.0458  0.0465  0.0535  0.0452  0.0407  0.0349  0.0355  0.0332  0.0375  0.0323  0.0329
  0.0480  0.0466  0.0477  0.0573  0.0487  0.0443  0.0367  0.0386  0.0341  0.0409  0.0331  0.0339
niter,ni,del,rscale     7    3    5.0000    1.2000
parameter  4  0.660263 ->  0.500000 qaram    1.3225
parameter  5  0.937683 ->  0.500000 qaram    1.3225
parameters
   -3.1541   -0.6410    6.2275   -9.0008  -11.9616   -5.6373
    1.1750   -3.3957    1.9272   21.2090    3.8872  -31.0989
eta,q 0.97529 10.63548
  0.0356  0.0340  0.0315  0.0291  0.0249  0.0293  0.0282  0.0315  0.0278  0.0302  0.0264  0.0259
  0.0332  0.0324  0.0308  0.0279  0.0251  0.0278  0.0265  0.0282  0.0265  0.0276  0.0256  0.0250
  0.0316  0.0313  0.0306  0.0280  0.0260  0.0267  0.0255  0.0260  0.0256  0.0258  0.0251  0.0247
  0.0310  0.0310  0.0310  0.0306  0.0277  0.0253  0.0251  0.0251  0.0251  0.0250  0.0250  0.0250
  0.0313  0.0313  0.0317  0.0345  0.0304  0.0248  0.0254  0.0256  0.0251  0.0253  0.0252  0.0257
  0.0325  0.0323  0.0328  0.0391  0.0336  0.0261  0.0265  0.0276  0.0257  0.0265  0.0257  0.0267
  0.0347  0.0339  0.0342  0.0439  0.0373  0.0295  0.0282  0.0309  0.0269  0.0285  0.0265  0.0278
niter,ni,del,rscale     7    3    5.0000    1.2000
parameters
   -3.0661   -0.2379    6.2884  -10.2777  -15.2452   -5.3184
    1.2040   -3.3344    1.5687   22.2210    3.5525  -31.7731
eta,q 0.97550 10.44757
  0.0297  0.0289  0.0270  0.0294  0.0265  0.0285  0.0273  0.0301  0.0265  0.0296  0.0256  0.0262
  0.0270  0.0268  0.0257  0.0275  0.0252  0.0271  0.0259  0.0271  0.0254  0.0271  0.0250  0.0251
  0.0253  0.0254  0.0249  0.0260  0.0247  0.0260  0.0249  0.0252  0.0247  0.0254  0.0246  0.0246
  0.0247  0.0247  0.0246  0.0246  0.0251  0.0247  0.0246  0.0246  0.0246  0.0246  0.0245  0.0245
  0.0252  0.0247  0.0249  0.0256  0.0265  0.0244  0.0249  0.0251  0.0249  0.0247  0.0247  0.0249
  0.0266  0.0255  0.0256  0.0293  0.0294  0.0258  0.0258  0.0269  0.0257  0.0258  0.0251  0.0257
  0.0290  0.0268  0.0267  0.0341  0.0331  0.0289  0.0273  0.0299  0.0269  0.0276  0.0259  0.0267
niter,ni,del,rscale     6    3    5.0000    1.2000
parameters
   -3.0209   -0.0184    6.2740  -10.4722  -15.9553   -5.3247
    1.1969   -3.2263    1.4298   22.7193    3.4749  -31.9728
eta,q 0.97541 10.41239
  0.0285  0.0279  0.0265  0.0295  0.0278  0.0283  0.0273  0.0301  0.0266  0.0289  0.0257  0.0265
  0.0263  0.0261  0.0254  0.0274  0.0261  0.0270  0.0258  0.0271  0.0255  0.0267  0.0251  0.0253
  0.0250  0.0249  0.0247  0.0259  0.0250  0.0259  0.0249  0.0252  0.0248  0.0252  0.0247  0.0247
  0.0245  0.0245  0.0245  0.0245  0.0246  0.0246  0.0246  0.0246  0.0246  0.0246  0.0246  0.0246
  0.0249  0.0247  0.0247  0.0242  0.0250  0.0245  0.0249  0.0251  0.0249  0.0249  0.0247  0.0249
  0.0261  0.0255  0.0254  0.0269  0.0265  0.0262  0.0258  0.0268  0.0256  0.0261  0.0251  0.0256
  0.0282  0.0268  0.0265  0.0312  0.0294  0.0293  0.0273  0.0298  0.0267  0.0280  0.0258  0.0265
niter,ni,del,rscale     5    3    5.0000    1.2000
parameters
   -2.9988    0.1015    6.2120  -10.5220  -16.1707   -5.4063
    1.2091   -3.1768    1.3655   22.9698    3.4725  -32.0756
eta,q 0.97535 10.40246
  0.0284  0.0276  0.0264  0.0295  0.0280  0.0283  0.0273  0.0300  0.0266  0.0287  0.0258  0.0265
  0.0263  0.0259  0.0254  0.0275  0.0263  0.0270  0.0259  0.0271  0.0255  0.0265  0.0251  0.0254
  0.0250  0.0249  0.0248  0.0260  0.0252  0.0259  0.0250  0.0252  0.0248  0.0251  0.0248  0.0248
  0.0246  0.0246  0.0246  0.0246  0.0246  0.0246  0.0247  0.0247  0.0247  0.0247  0.0247  0.0247
  0.0250  0.0249  0.0249  0.0241  0.0249  0.0246  0.0249  0.0252  0.0249  0.0251  0.0248  0.0249
  0.0262  0.0257  0.0255  0.0267  0.0261  0.0264  0.0259  0.0269  0.0256  0.0262  0.0251  0.0256
  0.0283  0.0270  0.0266  0.0308  0.0288  0.0294  0.0273  0.0299  0.0266  0.0282  0.0258  0.0265
niter,ni,del,rscale     4    3    5.0000    1.2000
parameters
   -2.9856    0.1622    6.1572  -10.5382  -16.2814   -5.4838
    1.2208   -3.1527    1.3305   23.1116    3.4867  -32.1447
eta,q 0.97531 10.39705
  0.0284  0.0275  0.0264  0.0295  0.0281  0.0283  0.0273  0.0300  0.0266  0.0285  0.0258  0.0266
  0.0263  0.0259  0.0254  0.0275  0.0264  0.0270  0.0259  0.0271  0.0255  0.0265  0.0252  0.0254
  0.0251  0.0249  0.0248  0.0260  0.0252  0.0259  0.0250  0.0253  0.0249  0.0251  0.0248  0.0248
  0.0247  0.0246  0.0247  0.0247  0.0247  0.0247  0.0247  0.0247  0.0247  0.0247  0.0247  0.0247
  0.0250  0.0250  0.0249  0.0241  0.0249  0.0246  0.0250  0.0252  0.0250  0.0251  0.0248  0.0250
  0.0262  0.0258  0.0256  0.0267  0.0261  0.0264  0.0259  0.0270  0.0256  0.0263  0.0252  0.0256
  0.0283  0.0271  0.0266  0.0308  0.0286  0.0294  0.0273  0.0299  0.0266  0.0282  0.0258  0.0265
niter,ni,del,rscale     3    3    5.0000    1.2000
parameters
   -2.9792    0.1976    6.1142  -10.5414  -16.3466   -5.5466
    1.2211   -3.1425    1.3120   23.1933    3.5016  -32.1835
eta,q 0.97528 10.39353
  0.0284  0.0274  0.0265  0.0296  0.0281  0.0283  0.0274  0.0300  0.0267  0.0285  0.0258  0.0266
  0.0263  0.0259  0.0254  0.0275  0.0264  0.0271  0.0259  0.0271  0.0256  0.0264  0.0252  0.0255
  0.0251  0.0250  0.0249  0.0261  0.0253  0.0259  0.0250  0.0253  0.0249  0.0251  0.0248  0.0249
  0.0247  0.0247  0.0247  0.0247  0.0247  0.0247  0.0247  0.0247  0.0247  0.0247  0.0247  0.0247
  0.0251  0.0250  0.0249  0.0242  0.0250  0.0246  0.0250  0.0253  0.0250  0.0251  0.0248  0.0250
  0.0263  0.0259  0.0256  0.0267  0.0261  0.0264  0.0259  0.0270  0.0256  0.0264  0.0252  0.0256
  0.0284  0.0272  0.0266  0.0308  0.0286  0.0294  0.0274  0.0300  0.0266  0.0283  0.0258  0.0265
niter,ni,del,rscale     2    3    5.0000    1.2000
parameters
   -2.9749    0.2202    6.0837  -10.5452  -16.3864   -5.5902
    1.2237   -3.1355    1.2966   23.2493    3.5083  -32.2143
eta,q 0.97526 10.39122
  0.0284  0.0274  0.0265  0.0296  0.0281  0.0283  0.0274  0.0300  0.0267  0.0284  0.0259  0.0266
  0.0263  0.0259  0.0255  0.0275  0.0265  0.0271  0.0260  0.0271  0.0256  0.0264  0.0252  0.0255
  0.0251  0.0250  0.0249  0.0261  0.0253  0.0259  0.0251  0.0253  0.0249  0.0251  0.0249  0.0249
  0.0247  0.0247  0.0247  0.0247  0.0247  0.0247  0.0247  0.0247  0.0247  0.0247  0.0247  0.0247
  0.0251  0.0251  0.0250  0.0242  0.0250  0.0246  0.0250  0.0253  0.0250  0.0252  0.0249  0.0250
  0.0263  0.0259  0.0256  0.0267  0.0261  0.0264  0.0260  0.0270  0.0256  0.0264  0.0252  0.0257
  0.0284  0.0272  0.0266  0.0308  0.0286  0.0294  0.0274  0.0300  0.0266  0.0283  0.0259  0.0265
niter,ni,del,rscale     1    3    5.0000    1.2000
parameters
   -2.9717    0.2355    6.0607  -10.5427  -16.4132   -5.6256
    1.2220   -3.1289    1.2953   23.2898    3.5025  -32.2342
eta,q 0.97524 10.38973
  0.0284  0.0274  0.0265  0.0296  0.0281  0.0283  0.0274  0.0300  0.0267  0.0284  0.0259  0.0267
  0.0264  0.0259  0.0255  0.0275  0.0265  0.0271  0.0260  0.0271  0.0256  0.0264  0.0252  0.0255
  0.0252  0.0250  0.0249  0.0261  0.0253  0.0260  0.0251  0.0253  0.0249  0.0251  0.0249  0.0249
  0.0247  0.0247  0.0247  0.0247  0.0247  0.0247  0.0248  0.0248  0.0248  0.0248  0.0248  0.0248
  0.0251  0.0251  0.0250  0.0242  0.0250  0.0246  0.0251  0.0253  0.0250  0.0252  0.0249  0.0250
  0.0263  0.0259  0.0256  0.0267  0.0261  0.0264  0.0260  0.0270  0.0256  0.0264  0.0252  0.0257
  0.0284  0.0272  0.0266  0.0308  0.0285  0.0294  0.0274  0.0300  0.0266  0.0283  0.0259  0.0265
registration optimization eta report
parameter search radius
    2.4000    2.4000    2.4000    9.5220    9.5220    7.2000
    7.2000    7.2000    7.2000    8.2800    7.2000    8.2800
100000*second partial in parameter space
       64.       45.       31.        6.        4.        8.
        5.       10.        4.        5.        2.        3.
  0.0284  0.0274  0.0265  0.0296  0.0281  0.0283  0.0274  0.0300  0.0267  0.0284  0.0259  0.0267
  0.0264  0.0259  0.0255  0.0275  0.0265  0.0271  0.0260  0.0271  0.0256  0.0264  0.0252  0.0255
  0.0252  0.0250  0.0249  0.0261  0.0253  0.0260  0.0251  0.0253  0.0249  0.0251  0.0249  0.0249
  0.0247  0.0247  0.0247  0.0247  0.0247  0.0247  0.0248  0.0248  0.0248  0.0248  0.0248  0.0248
  0.0251  0.0251  0.0250  0.0242  0.0250  0.0246  0.0251  0.0253  0.0250  0.0252  0.0249  0.0250
  0.0263  0.0259  0.0256  0.0267  0.0261  0.0264  0.0260  0.0270  0.0256  0.0264  0.0252  0.0257
  0.0284  0.0272  0.0266  0.0308  0.0285  0.0294  0.0274  0.0300  0.0266  0.0283  0.0259  0.0265
   -2.9717    0.2355    6.0607  -10.5427  -16.4132   -5.6256
    1.2220   -3.1289    1.2953   23.2898    3.5025  -32.2342
eta,q 0.97524 10.38973

---------------------------------------------------------------------
imgreg_4dfp /opt/freesurfer/average/711-2C_as_mni_average_305 /opt/freesurfer/average/711-2B_as_mni_average_305_mask talsrcimg_g11 none talsrcimg_to_711-2C_as_mni_average_305_t4 2311
---------------------------------------------------------------------

freesurfer imgreg_4dfp.c
/opt/freesurfer/average/711-2C_as_mni_average_305.4dfp.img
       256       256       256         1
  1.000000  1.000000  1.000000
orientation T byte_order littleendian
Reading image: /opt/freesurfer/average/711-2C_as_mni_average_305.4dfp.img
dimensions:      256       256       256
mmppix:       1.0000   -1.0000   -1.0000
center:     128.0000 -129.0000 -129.0000
/opt/freesurfer/average/711-2B_as_mni_average_305_mask.4dfp.img
       256       256       256         1
  1.000000  1.000000  1.000000
orientation T byte_order littleendian
Reading mask: /opt/freesurfer/average/711-2B_as_mni_average_305_mask.4dfp.img (2306576 pixels)
talsrcimg_g11.4dfp.img
       256       256       256         1
  1.000000  1.000000  1.000000
orientation T byte_order littleendian
Reading image: talsrcimg_g11.4dfp.img
dimensions:      256       256       256
mmppix:       1.0000   -1.0000   -1.0000
center:     128.0000 -129.0000 -129.0000
fimgreg.f
image alignment mode   2311 decimal      907 hex
parameters
   -2.9717    0.2355    6.0607  -10.5427  -16.4132   -5.6256
    1.2220   -3.1289    1.2953   23.2898    3.5025  -32.2342
eta,q 0.97524 10.38973
niter,ni,del,rscale     5    3    5.0000    0.8000
parameters
   -2.9618    0.1864    6.0120   -8.4829  -15.7297   -5.4226
    1.2494   -3.0148    1.3539   23.0857    3.4411  -31.8706
eta,q 0.97597 10.48711
  0.0264  0.0259  0.0255  0.0268  0.0253  0.0265  0.0255  0.0274  0.0251  0.0253  0.0249  0.0249
  0.0255  0.0252  0.0251  0.0261  0.0247  0.0257  0.0247  0.0257  0.0245  0.0246  0.0244  0.0244
  0.0249  0.0248  0.0248  0.0254  0.0243  0.0248  0.0242  0.0245  0.0242  0.0241  0.0241  0.0241
  0.0248  0.0248  0.0248  0.0247  0.0241  0.0241  0.0240  0.0240  0.0240  0.0240  0.0240  0.0240
  0.0249  0.0249  0.0249  0.0242  0.0241  0.0241  0.0242  0.0244  0.0242  0.0242  0.0241  0.0241
  0.0254  0.0253  0.0252  0.0242  0.0244  0.0249  0.0247  0.0254  0.0245  0.0247  0.0244  0.0243
  0.0263  0.0260  0.0256  0.0251  0.0248  0.0266  0.0255  0.0272  0.0250  0.0255  0.0249  0.0247
niter,ni,del,rscale     4    3    5.0000    0.7000
parameters
   -3.0289    0.0640    6.2199   -8.7699  -15.4974   -4.8916
    1.3211   -3.0647    1.3933   22.7195    3.4320  -31.5396
eta,q 0.97610 10.49596
  0.0256  0.0248  0.0250  0.0256  0.0249  0.0263  0.0251  0.0264  0.0247  0.0248  0.0246  0.0246
  0.0247  0.0243  0.0245  0.0250  0.0245  0.0255  0.0245  0.0251  0.0243  0.0243  0.0242  0.0242
  0.0242  0.0241  0.0242  0.0244  0.0242  0.0247  0.0241  0.0242  0.0240  0.0240  0.0240  0.0240
  0.0240  0.0240  0.0240  0.0240  0.0240  0.0240  0.0239  0.0239  0.0239  0.0239  0.0239  0.0239
  0.0243  0.0242  0.0240  0.0242  0.0241  0.0239  0.0240  0.0242  0.0240  0.0241  0.0240  0.0239
  0.0249  0.0246  0.0242  0.0251  0.0243  0.0245  0.0244  0.0252  0.0243  0.0245  0.0242  0.0241
  0.0259  0.0251  0.0246  0.0265  0.0247  0.0257  0.0250  0.0266  0.0247  0.0252  0.0246  0.0244
niter,ni,del,rscale     3    3    5.0000    0.6000
parameters
   -3.0495   -0.0263    6.4219   -8.7338  -15.3899   -4.5196
    1.3166   -3.0905    1.4290   22.4435    3.3930  -31.2124
eta,q 0.97619 10.50336
  0.0251  0.0245  0.0247  0.0253  0.0245  0.0258  0.0247  0.0258  0.0244  0.0246  0.0243  0.0243
  0.0244  0.0241  0.0243  0.0248  0.0242  0.0250  0.0242  0.0247  0.0241  0.0241  0.0241  0.0241
  0.0240  0.0239  0.0240  0.0242  0.0240  0.0243  0.0239  0.0241  0.0239  0.0239  0.0239  0.0239
  0.0239  0.0239  0.0239  0.0239  0.0239  0.0239  0.0238  0.0238  0.0238  0.0238  0.0238  0.0238
  0.0241  0.0240  0.0239  0.0239  0.0239  0.0239  0.0239  0.0241  0.0239  0.0240  0.0239  0.0238
  0.0245  0.0243  0.0240  0.0245  0.0241  0.0243  0.0242  0.0248  0.0241  0.0243  0.0241  0.0240
  0.0252  0.0247  0.0243  0.0255  0.0244  0.0253  0.0247  0.0259  0.0244  0.0248  0.0244  0.0242
niter,ni,del,rscale     2    3    5.0000    0.5000
parameters
   -3.0684   -0.0917    6.5573   -8.6457  -15.3321   -4.2655
    1.3173   -3.0989    1.4532   22.2351    3.3683  -30.9325
eta,q 0.97624 10.50797
  0.0247  0.0243  0.0244  0.0249  0.0242  0.0253  0.0244  0.0252  0.0242  0.0243  0.0242  0.0241
  0.0242  0.0240  0.0241  0.0245  0.0240  0.0246  0.0240  0.0244  0.0240  0.0240  0.0239  0.0240
  0.0239  0.0238  0.0239  0.0241  0.0238  0.0241  0.0238  0.0239  0.0238  0.0238  0.0238  0.0238
  0.0238  0.0238  0.0238  0.0238  0.0238  0.0238  0.0238  0.0238  0.0238  0.0238  0.0238  0.0238
  0.0239  0.0239  0.0238  0.0238  0.0238  0.0238  0.0238  0.0239  0.0238  0.0239  0.0238  0.0238
  0.0242  0.0241  0.0239  0.0242  0.0240  0.0242  0.0240  0.0244  0.0239  0.0241  0.0239  0.0239
  0.0247  0.0244  0.0241  0.0250  0.0242  0.0249  0.0244  0.0252  0.0242  0.0244  0.0242  0.0240
niter,ni,del,rscale     1    3    5.0000    0.4000
parameters
   -3.0833   -0.1387    6.6426   -8.5634  -15.3117   -4.1049
    1.3229   -3.0955    1.4588   22.0786    3.3588  -30.7551
eta,q 0.97627 10.50969
  0.0243  0.0241  0.0241  0.0246  0.0240  0.0247  0.0241  0.0247  0.0240  0.0241  0.0240  0.0240
  0.0240  0.0239  0.0239  0.0242  0.0239  0.0243  0.0239  0.0242  0.0239  0.0239  0.0239  0.0239
  0.0238  0.0238  0.0238  0.0239  0.0238  0.0239  0.0238  0.0239  0.0238  0.0238  0.0238  0.0238
  0.0238  0.0238  0.0238  0.0238  0.0237  0.0237  0.0237  0.0237  0.0237  0.0237  0.0237  0.0237
  0.0238  0.0238  0.0238  0.0238  0.0238  0.0238  0.0238  0.0238  0.0238  0.0238  0.0238  0.0237
  0.0240  0.0239  0.0238  0.0240  0.0239  0.0241  0.0239  0.0242  0.0239  0.0239  0.0239  0.0238
  0.0244  0.0241  0.0240  0.0245  0.0240  0.0246  0.0241  0.0247  0.0240  0.0242  0.0240  0.0239
registration optimization eta report
parameter search radius
    0.8000    0.8000    0.8000    2.4000    2.4000    2.4000
    2.4000    2.4000    2.4000    2.4000    2.4000    2.4000
100000*second partial in parameter space
       90.       52.       47.       14.        5.       16.
        7.       17.        5.        7.        5.        4.
  0.0243  0.0241  0.0241  0.0246  0.0240  0.0247  0.0241  0.0247  0.0240  0.0241  0.0240  0.0240
  0.0240  0.0239  0.0239  0.0242  0.0239  0.0243  0.0239  0.0242  0.0239  0.0239  0.0239  0.0239
  0.0238  0.0238  0.0238  0.0239  0.0238  0.0239  0.0238  0.0239  0.0238  0.0238  0.0238  0.0238
  0.0238  0.0238  0.0238  0.0238  0.0237  0.0237  0.0237  0.0237  0.0237  0.0237  0.0237  0.0237
  0.0238  0.0238  0.0238  0.0238  0.0238  0.0238  0.0238  0.0238  0.0238  0.0238  0.0238  0.0237
  0.0240  0.0239  0.0238  0.0240  0.0239  0.0241  0.0239  0.0242  0.0239  0.0239  0.0239  0.0238
  0.0244  0.0241  0.0240  0.0245  0.0240  0.0246  0.0241  0.0247  0.0240  0.0242  0.0240  0.0239
   -3.0833   -0.1387    6.6426   -8.5634  -15.3117   -4.1049
    1.3229   -3.0955    1.4588   22.0786    3.3588  -30.7551
eta,q 0.97627 10.50969

---------------------------------------------------------------------
imgreg_4dfp /opt/freesurfer/average/711-2C_as_mni_average_305 /opt/freesurfer/average/711-2B_as_mni_average_305_mask talsrcimg_g11 none talsrcimg_to_711-2C_as_mni_average_305_t4 2311
---------------------------------------------------------------------

freesurfer imgreg_4dfp.c
/opt/freesurfer/average/711-2C_as_mni_average_305.4dfp.img
       256       256       256         1
  1.000000  1.000000  1.000000
orientation T byte_order littleendian
Reading image: /opt/freesurfer/average/711-2C_as_mni_average_305.4dfp.img
dimensions:      256       256       256
mmppix:       1.0000   -1.0000   -1.0000
center:     128.0000 -129.0000 -129.0000
/opt/freesurfer/average/711-2B_as_mni_average_305_mask.4dfp.img
       256       256       256         1
  1.000000  1.000000  1.000000
orientation T byte_order littleendian
Reading mask: /opt/freesurfer/average/711-2B_as_mni_average_305_mask.4dfp.img (2306576 pixels)
talsrcimg_g11.4dfp.img
       256       256       256         1
  1.000000  1.000000  1.000000
orientation T byte_order littleendian
Reading image: talsrcimg_g11.4dfp.img
dimensions:      256       256       256
mmppix:       1.0000   -1.0000   -1.0000
center:     128.0000 -129.0000 -129.0000
fimgreg.f
image alignment mode   2311 decimal      907 hex
parameters
   -3.0833   -0.1387    6.6426   -8.5634  -15.3117   -4.1049
    1.3229   -3.0955    1.4588   22.0786    3.3588  -30.7551
eta,q 0.97627 10.50970
niter,ni,del,rscale     5    3    5.0000    0.8000
parameters
   -3.0785   -0.1350    6.7016   -9.1346  -15.3423   -4.3384
    1.2899   -3.1804    1.5179   22.2009    3.4160  -31.1065
eta,q 0.97616 10.49726
  0.0260  0.0251  0.0250  0.0256  0.0249  0.0263  0.0252  0.0269  0.0249  0.0255  0.0247  0.0245
  0.0248  0.0243  0.0243  0.0249  0.0243  0.0254  0.0245  0.0253  0.0243  0.0246  0.0243  0.0241
  0.0240  0.0239  0.0239  0.0241  0.0239  0.0244  0.0240  0.0242  0.0240  0.0240  0.0240  0.0239
  0.0237  0.0237  0.0237  0.0237  0.0238  0.0238  0.0238  0.0238  0.0238  0.0238  0.0238  0.0238
  0.0240  0.0239  0.0238  0.0241  0.0239  0.0241  0.0240  0.0242  0.0240  0.0240  0.0239  0.0240
  0.0248  0.0244  0.0242  0.0254  0.0243  0.0253  0.0245  0.0254  0.0243  0.0245  0.0242  0.0243
  0.0260  0.0250  0.0248  0.0272  0.0249  0.0273  0.0253  0.0271  0.0249  0.0253  0.0247  0.0248
niter,ni,del,rscale     4    3    5.0000    0.7000
parameters
   -3.0708   -0.1136    6.6120   -9.0217  -15.3131   -4.3403
    1.2699   -3.1624    1.4970   22.2627    3.3998  -31.1170
eta,q 0.97618 10.50206
  0.0255  0.0249  0.0246  0.0256  0.0246  0.0260  0.0249  0.0264  0.0246  0.0250  0.0245  0.0244
  0.0246  0.0243  0.0242  0.0250  0.0242  0.0251  0.0243  0.0250  0.0242  0.0244  0.0241  0.0241
  0.0240  0.0240  0.0239  0.0243  0.0239  0.0243  0.0239  0.0241  0.0239  0.0239  0.0239  0.0239
  0.0238  0.0238  0.0238  0.0238  0.0238  0.0238  0.0238  0.0238  0.0238  0.0238  0.0238  0.0238
  0.0240  0.0240  0.0240  0.0238  0.0239  0.0240  0.0239  0.0241  0.0239  0.0240  0.0239  0.0239
  0.0246  0.0243  0.0243  0.0245  0.0242  0.0248  0.0243  0.0250  0.0242  0.0243  0.0241  0.0241
  0.0254  0.0248  0.0248  0.0258  0.0246  0.0263  0.0250  0.0264  0.0246  0.0249  0.0245  0.0244
niter,ni,del,rscale     3    3    5.0000    0.6000
parameters
   -3.0706   -0.1155    6.6108   -8.8439  -15.3074   -4.2538
    1.2808   -3.1345    1.4820   22.2248    3.3797  -30.9880
eta,q 0.97623 10.50613
  0.0250  0.0246  0.0244  0.0253  0.0244  0.0256  0.0246  0.0258  0.0244  0.0247  0.0243  0.0243
  0.0244  0.0241  0.0241  0.0247  0.0241  0.0248  0.0242  0.0247  0.0240  0.0241  0.0240  0.0240
  0.0239  0.0239  0.0239  0.0242  0.0239  0.0241  0.0239  0.0240  0.0238  0.0238  0.0238  0.0238
  0.0238  0.0238  0.0238  0.0238  0.0238  0.0238  0.0238  0.0238  0.0238  0.0238  0.0238  0.0238
  0.0240  0.0239  0.0239  0.0238  0.0239  0.0239  0.0239  0.0240  0.0239  0.0239  0.0238  0.0238
  0.0244  0.0242  0.0241  0.0243  0.0241  0.0245  0.0242  0.0247  0.0240  0.0242  0.0240  0.0240
  0.0250  0.0246  0.0245  0.0253  0.0244  0.0256  0.0246  0.0257  0.0244  0.0246  0.0243  0.0242
niter,ni,del,rscale     2    3    5.0000    0.5000
parameters
   -3.0775   -0.1295    6.6430   -8.7002  -15.3077   -4.1413
    1.2956   -3.1183    1.4728   22.1395    3.3737  -30.8318
eta,q 0.97626 10.50850
  0.0246  0.0243  0.0243  0.0249  0.0242  0.0252  0.0244  0.0252  0.0242  0.0243  0.0241  0.0241
  0.0242  0.0240  0.0240  0.0245  0.0239  0.0245  0.0240  0.0244  0.0239  0.0240  0.0239  0.0239
  0.0239  0.0238  0.0238  0.0240  0.0238  0.0240  0.0238  0.0239  0.0238  0.0238  0.0238  0.0238
  0.0238  0.0238  0.0238  0.0238  0.0238  0.0238  0.0237  0.0237  0.0238  0.0238  0.0237  0.0237
  0.0239  0.0238  0.0238  0.0238  0.0238  0.0238  0.0238  0.0239  0.0238  0.0238  0.0238  0.0238
  0.0242  0.0240  0.0240  0.0241  0.0239  0.0243  0.0240  0.0244  0.0239  0.0240  0.0239  0.0239
  0.0247  0.0243  0.0242  0.0249  0.0242  0.0251  0.0244  0.0252  0.0242  0.0244  0.0242  0.0241
niter,ni,del,rscale     1    3    5.0000    0.4000
parameters
   -3.0865   -0.1540    6.6818   -8.5893  -15.2912   -4.0501
    1.3209   -3.1072    1.4688   22.0280    3.3507  -30.6927
eta,q 0.97627 10.51015
  0.0243  0.0241  0.0241  0.0246  0.0240  0.0247  0.0241  0.0247  0.0240  0.0241  0.0240  0.0240
  0.0240  0.0239  0.0239  0.0242  0.0239  0.0242  0.0239  0.0242  0.0238  0.0239  0.0238  0.0238
  0.0238  0.0238  0.0238  0.0239  0.0238  0.0239  0.0238  0.0238  0.0238  0.0238  0.0238  0.0238
  0.0237  0.0237  0.0237  0.0237  0.0237  0.0237  0.0237  0.0237  0.0237  0.0237  0.0237  0.0237
  0.0238  0.0238  0.0238  0.0238  0.0238  0.0238  0.0238  0.0238  0.0238  0.0238  0.0238  0.0237
  0.0240  0.0239  0.0238  0.0240  0.0239  0.0241  0.0239  0.0242  0.0239  0.0239  0.0239  0.0238
  0.0243  0.0241  0.0240  0.0245  0.0240  0.0246  0.0241  0.0247  0.0240  0.0242  0.0240  0.0239
registration optimization eta report
parameter search radius
    0.8000    0.8000    0.8000    2.4000    2.4000    2.4000
    2.4000    2.4000    2.4000    2.4000    2.4000    2.4000
100000*second partial in parameter space
       90.       54.       48.       14.        5.       16.
        7.       16.        5.        7.        5.        4.
  0.0243  0.0241  0.0241  0.0246  0.0240  0.0247  0.0241  0.0247  0.0240  0.0241  0.0240  0.0240
  0.0240  0.0239  0.0239  0.0242  0.0239  0.0242  0.0239  0.0242  0.0238  0.0239  0.0238  0.0238
  0.0238  0.0238  0.0238  0.0239  0.0238  0.0239  0.0238  0.0238  0.0238  0.0238  0.0238  0.0238
  0.0237  0.0237  0.0237  0.0237  0.0237  0.0237  0.0237  0.0237  0.0237  0.0237  0.0237  0.0237
  0.0238  0.0238  0.0238  0.0238  0.0238  0.0238  0.0238  0.0238  0.0238  0.0238  0.0238  0.0237
  0.0240  0.0239  0.0238  0.0240  0.0239  0.0241  0.0239  0.0242  0.0239  0.0239  0.0239  0.0238
  0.0243  0.0241  0.0240  0.0245  0.0240  0.0246  0.0241  0.0247  0.0240  0.0242  0.0240  0.0239
   -3.0865   -0.1540    6.6818   -8.5893  -15.2912   -4.0501
    1.3209   -3.1072    1.4688   22.0280    3.3507  -30.6927
eta,q 0.97627 10.51015

---------------------------------------------------------------------
compute_vox2vox talsrcimg talsrcimg_to_711-2C_as_mni_average_305_t4 /opt/freesurfer/average/711-2C_as_mni_average_305
---------------------------------------------------------------------

freesurfer compute_vox2vox.c
Reading: talsrcimg.4dfp.ifh
Reading: talsrcimg_to_711-2C_as_mni_average_305_t4
Reading: /opt/freesurfer/average/711-2C_as_mni_average_305.4dfp.ifh
Writing: talsrcimg_to_711-2C_as_mni_average_305_t4_vox2vox.txt

start time Sat Mar 14 00:52:12 CET 2026
end		time Sat Mar 14 00:53:37 CET 2026

mpr2mni305 success

avi2talxfm orig_nu.mgz /opt/freesurfer/average/mni305.cor.mgz talsrcimg_to_711-2C_as_mni_average_305_t4_vox2vox.txt transforms/talairach.auto.xfm
avi2talxfm done
mv -f /out/sourcedata/freesurfer/sub-v2s8x29198_ses-1/mri/talsrcimg_to_711-2C_as_mni_average_305_t4_vox2vox.txt /out/sourcedata/freesurfer/sub-v2s8x29198_ses-1/mri/transforms/talsrcimg_to_711-2C_as_mni_average_305_t4_vox2vox.txt
lta_convert --src orig_nu.mgz --trg /opt/freesurfer/average/mni305.cor.mgz --inxfm transforms/talairach.auto.xfm --outlta transforms/talairach.auto.xfm.lta --subject fsaverage
7.3.2

--src: orig_nu.mgz src image (geometry).
--trg: /opt/freesurfer/average/mni305.cor.mgz trg image (geometry).
--inmni: transforms/talairach.auto.xfm input MNI/XFM transform.
--outlta: transforms/talairach.auto.xfm.lta output LTA.
--s: fsaverage subject name
 LTA read, type : 1
 1.09270   0.03628  -0.00389   7.92194;
-0.04082   0.96082   0.34877  -6.75991;
-0.00833  -0.25048   1.08989   4.62866;
 0.00000   0.00000   0.00000   1.00000;
setting subject to fsaverage
Writing  LTA to file transforms/talairach.auto.xfm.lta...
lta_convert successful.
 
 
Started at Sat Mar 14 00:52:11 CET 2026
Ended   at Sat Mar 14 00:53:37 CET 2026
talairach_avi done
