status file for recon-all
Sat Mar 14 03:07:17 CET 2026
#@# Tessellate lh Sat Mar 14 03:07:17 CET 2026
#@# Smooth1 lh Sat Mar 14 03:07:21 CET 2026
#@# Inflation1 lh Sat Mar 14 03:07:24 CET 2026
#@# QSphere lh Sat Mar 14 03:07:35 CET 2026
#@# Fix Topology lh Sat Mar 14 03:08:39 CET 2026
#@# Smooth2 lh Sat Mar 14 03:16:20 CET 2026
#@# Inflation2 lh Sat Mar 14 03:16:23 CET 2026
#@# Curv .H and .K lh Sat Mar 14 03:16:35 CET 2026
#@# Sphere lh Sat Mar 14 03:17:23 CET 2026
#@# Surf Reg lh Sat Mar 14 03:19:16 CET 2026
#@# Jacobian white lh Sat Mar 14 03:22:32 CET 2026
#@# AvgCurv lh Sat Mar 14 03:22:32 CET 2026
#@# Cortical Parc lh Sat Mar 14 03:22:33 CET 2026
#@# white curv lh Sat Mar 14 03:28:06 CET 2026
#@# white area lh Sat Mar 14 03:28:08 CET 2026
#@# pial curv lh Sat Mar 14 03:28:09 CET 2026
#@# pial area lh Sat Mar 14 03:28:11 CET 2026
#@# thickness lh Sat Mar 14 03:28:11 CET 2026
#@# area and vertex vol lh Sat Mar 14 03:28:42 CET 2026
#@# Curvature Stats lh Sat Mar 14 03:28:43 CET 2026
#@# Cortical Parc 2 lh Sat Mar 14 03:28:46 CET 2026
#@# Cortical Parc 3 lh Sat Mar 14 03:28:59 CET 2026
#@# WM/GM Contrast lh Sat Mar 14 03:29:10 CET 2026
recon-all -s sub-v2s8x29218_ses-1 finished without error at Sat Mar 14 03:29:14 CET 2026



#New# invocation of recon-all 



status file for recon-all
Sat Mar 14 03:55:40 CET 2026
#@# white curv lh Sat Mar 14 03:55:40 CET 2026
#@# white area lh Sat Mar 14 03:55:40 CET 2026
#@# pial curv lh Sat Mar 14 03:55:40 CET 2026
#@# pial area lh Sat Mar 14 03:55:40 CET 2026
#@# thickness lh Sat Mar 14 03:55:40 CET 2026
#@# area and vertex vol lh Sat Mar 14 03:55:40 CET 2026
#@# Parcellation Stats lh Sat Mar 14 03:55:40 CET 2026
#@# Parcellation Stats 2 lh Sat Mar 14 03:56:00 CET 2026
#@# Parcellation Stats 3 lh Sat Mar 14 03:56:10 CET 2026
#@# BA_exvivo Labels lh Sat Mar 14 03:56:20 CET 2026
recon-all -s sub-v2s8x29218_ses-1 finished without error at Sat Mar 14 03:58:59 CET 2026
