status file for recon-all
Sat Mar 14 04:36:05 CET 2026
#@# Tessellate lh Sat Mar 14 04:36:05 CET 2026
#@# Smooth1 lh Sat Mar 14 04:36:08 CET 2026
#@# Inflation1 lh Sat Mar 14 04:36:10 CET 2026
#@# QSphere lh Sat Mar 14 04:36:18 CET 2026
#@# Fix Topology lh Sat Mar 14 04:36:59 CET 2026
#@# Smooth2 lh Sat Mar 14 04:41:08 CET 2026
#@# Inflation2 lh Sat Mar 14 04:41:10 CET 2026
#@# Curv .H and .K lh Sat Mar 14 04:41:19 CET 2026
#@# Sphere lh Sat Mar 14 04:41:55 CET 2026
#@# Surf Reg lh Sat Mar 14 04:43:54 CET 2026
#@# Jacobian white lh Sat Mar 14 04:46:24 CET 2026
#@# AvgCurv lh Sat Mar 14 04:46:25 CET 2026
#@# Cortical Parc lh Sat Mar 14 04:46:25 CET 2026
#@# white curv lh Sat Mar 14 04:51:06 CET 2026
#@# white area lh Sat Mar 14 04:51:07 CET 2026
#@# pial curv lh Sat Mar 14 04:51:07 CET 2026
#@# pial area lh Sat Mar 14 04:51:08 CET 2026
#@# thickness lh Sat Mar 14 04:51:09 CET 2026
#@# area and vertex vol lh Sat Mar 14 04:51:27 CET 2026
#@# Curvature Stats lh Sat Mar 14 04:51:28 CET 2026
#@# Cortical Parc 2 lh Sat Mar 14 04:51:30 CET 2026
#@# Cortical Parc 3 lh Sat Mar 14 04:51:40 CET 2026
#@# WM/GM Contrast lh Sat Mar 14 04:51:47 CET 2026
recon-all -s sub-v2s8x29251_ses-1 finished without error at Sat Mar 14 04:51:49 CET 2026



#New# invocation of recon-all 



status file for recon-all
Sat Mar 14 05:13:34 CET 2026
#@# white curv lh Sat Mar 14 05:13:34 CET 2026
#@# white area lh Sat Mar 14 05:13:34 CET 2026
#@# pial curv lh Sat Mar 14 05:13:34 CET 2026
#@# pial area lh Sat Mar 14 05:13:34 CET 2026
#@# thickness lh Sat Mar 14 05:13:34 CET 2026
#@# area and vertex vol lh Sat Mar 14 05:13:34 CET 2026
#@# Parcellation Stats lh Sat Mar 14 05:13:34 CET 2026
#@# Parcellation Stats 2 lh Sat Mar 14 05:13:49 CET 2026
#@# Parcellation Stats 3 lh Sat Mar 14 05:13:56 CET 2026
#@# BA_exvivo Labels lh Sat Mar 14 05:14:03 CET 2026
recon-all -s sub-v2s8x29251_ses-1 finished without error at Sat Mar 14 05:15:55 CET 2026
