status file for recon-all
Sat Mar 14 03:23:56 CET 2026
#@# MotionCor Sat Mar 14 03:23:57 CET 2026
#@# Talairach Sat Mar 14 03:24:03 CET 2026
#@# Talairach Failure Detection Sat Mar 14 03:26:54 CET 2026
#@# Nu Intensity Correction Sat Mar 14 03:26:54 CET 2026
#@# Intensity Normalization Sat Mar 14 03:29:39 CET 2026
recon-all -s sub-v2s8x29251_ses-1 finished without error at Sat Mar 14 03:30:35 CET 2026



#New# invocation of recon-all 



status file for recon-all
Sat Mar 14 03:36:27 CET 2026
#@# EM Registration Sat Mar 14 03:36:27 CET 2026
recon-all -s sub-v2s8x29251_ses-1 finished without error at Sat Mar 14 03:37:48 CET 2026



#New# invocation of recon-all 



status file for recon-all
Sat Mar 14 03:37:50 CET 2026
#@# CA Normalize Sat Mar 14 03:37:50 CET 2026
#@# CA Reg Sat Mar 14 03:38:43 CET 2026
#@# SubCort Seg Sat Mar 14 04:12:05 CET 2026
#@# CC Seg Sat Mar 14 04:32:07 CET 2026
#@# Merge ASeg Sat Mar 14 04:32:36 CET 2026
#@# Intensity Normalization2 Sat Mar 14 04:32:36 CET 2026
#@# Mask BFS Sat Mar 14 04:33:58 CET 2026
#@# WM Segmentation Sat Mar 14 04:33:58 CET 2026
#@# Fill Sat Mar 14 04:35:26 CET 2026
recon-all -s sub-v2s8x29251_ses-1 finished without error at Sat Mar 14 04:36:02 CET 2026



#New# invocation of recon-all 



status file for recon-all
Sat Mar 14 05:08:11 CET 2026
#@# white curv lh Sat Mar 14 05:08:11 CET 2026
#@# white area lh Sat Mar 14 05:08:11 CET 2026
#@# pial curv lh Sat Mar 14 05:08:11 CET 2026
#@# pial area lh Sat Mar 14 05:08:11 CET 2026
#@# thickness lh Sat Mar 14 05:08:11 CET 2026
#@# area and vertex vol lh Sat Mar 14 05:08:12 CET 2026
#@# white curv rh Sat Mar 14 05:08:12 CET 2026
#@# white area rh Sat Mar 14 05:08:12 CET 2026
#@# pial curv rh Sat Mar 14 05:08:12 CET 2026
#@# pial area rh Sat Mar 14 05:08:12 CET 2026
#@# thickness rh Sat Mar 14 05:08:12 CET 2026
#@# area and vertex vol rh Sat Mar 14 05:08:12 CET 2026
#@# Cortical ribbon mask Sat Mar 14 05:08:12 CET 2026
recon-all -s sub-v2s8x29251_ses-1 finished without error at Sat Mar 14 05:13:30 CET 2026



#New# invocation of recon-all 



status file for recon-all
Sat Mar 14 05:18:20 CET 2026
#@# white curv lh Sat Mar 14 05:18:20 CET 2026
#@# white area lh Sat Mar 14 05:18:20 CET 2026
#@# pial curv lh Sat Mar 14 05:18:20 CET 2026
#@# pial area lh Sat Mar 14 05:18:20 CET 2026
#@# thickness lh Sat Mar 14 05:18:20 CET 2026
#@# area and vertex vol lh Sat Mar 14 05:18:20 CET 2026
#@# white curv rh Sat Mar 14 05:18:20 CET 2026
#@# white area rh Sat Mar 14 05:18:20 CET 2026
#@# pial curv rh Sat Mar 14 05:18:20 CET 2026
#@# pial area rh Sat Mar 14 05:18:20 CET 2026
#@# thickness rh Sat Mar 14 05:18:20 CET 2026
#@# area and vertex vol rh Sat Mar 14 05:18:20 CET 2026
#@# Curvature Stats lh Sat Mar 14 05:18:20 CET 2026
#@# Curvature Stats rh Sat Mar 14 05:18:21 CET 2026
#@# Relabel Hypointensities Sat Mar 14 05:18:23 CET 2026
#@# APas-to-ASeg Sat Mar 14 05:18:33 CET 2026
#@# AParc-to-ASeg aparc Sat Mar 14 05:18:39 CET 2026
#@# AParc-to-ASeg aparc.a2009s Sat Mar 14 05:19:06 CET 2026
#@# AParc-to-ASeg aparc.DKTatlas Sat Mar 14 05:19:30 CET 2026
#@# WMParc Sat Mar 14 05:19:55 CET 2026
#@# ASeg Stats Sat Mar 14 05:21:38 CET 2026
recon-all -s sub-v2s8x29251_ses-1 finished without error at Sat Mar 14 05:21:54 CET 2026
