/out/sourcedata/freesurfer/sub-v2s8x29221_ses-1/mri
/opt/freesurfer/bin/talairach_avi
--i orig_nu.mgz --xfm transforms/talairach.auto.xfm
talairach_avi 7.3.2
Linux dna026 5.14.0-427.37.1.el9_4.x86_64 #1 SMP PREEMPT_DYNAMIC Fri Sep 13 12:41:50 EDT 2024 x86_64 x86_64 x86_64 GNU/Linux
Sat Mar 14 01:41:08 CET 2026
mri_convert orig_nu.mgz talsrcimg.img 
reading from orig_nu.mgz...
TR=0.00, TE=0.00, TI=0.00, flip angle=0.00
i_ras = (-1, 0, 0)
j_ras = (0, 0, -1)
k_ras = (0, 1, 0)
writing to talsrcimg.img...
Analyze Output Matrix
-1.00000   0.00000   0.00000   136.89404;
 0.00000   0.00000   1.00000  -128.00000;
 0.00000  -1.00000   0.00000   129.27710;
 0.00000   0.00000   0.00000   1.00000;
--------------------
INFO: set hdr.hist.orient to -1
mpr2mni305 talsrcimg
Sat Mar 14 01:41:09 CET 2026
/opt/freesurfer/bin/mpr2mni305 talsrcimg
mpr2mni305 7.3.2
target=711-2C_as_mni_average_305

---------------------------------------------------------------------
analyzeto4dfp talsrcimg -O0 -y
---------------------------------------------------------------------

freesurfer ifh2hdr.c
Sat Mar 14 01:41:09 2026
Writing: talsrcimg.4dfp.hdr
freesurfer analyzeto4dfp.c
Reading: talsrcimg.hdr
header size 348 bytes
hdr.dime.datatype	offset=70	value=2
hdr.dime.bitpix		offset=72	value=8
hdr.hist.orient		offset=252	value=-1
dimensionality     4
dimensions       256       256       256         1
Reading: talsrcimg.img
Writing: talsrcimg.4dfp.img
Writing: talsrcimg.4dfp.ifh
ifh2hdr talsrcimg -r0to212
ori=2

---------------------------------------------------------------------
gauss_4dfp talsrcimg 1.1
---------------------------------------------------------------------

freesurfer gauss_4dfp.c
Reading: talsrcimg.4dfp.img
Writing: talsrcimg_g11.4dfp.img
image dimensions 256 256 256 padded to 288 288 288
processing volume 1freesurfer ifh2hdr.c
Sat Mar 14 01:41:10 2026
Writing: talsrcimg_g11.4dfp.hdr

Writing: talsrcimg_g11.4dfp.ifh
including: talsrcimg.4dfp.img.rec in talsrcimg_g11.4dfp.img.rec

---------------------------------------------------------------------
imgreg_4dfp /opt/freesurfer/average/711-2C_as_mni_average_305 none talsrcimg_g11 none talsrcimg_to_711-2C_as_mni_average_305_t4 4355
---------------------------------------------------------------------

freesurfer imgreg_4dfp.c
/opt/freesurfer/average/711-2C_as_mni_average_305.4dfp.img
       256       256       256         1
  1.000000  1.000000  1.000000
orientation T byte_order littleendian
Reading image: /opt/freesurfer/average/711-2C_as_mni_average_305.4dfp.img
dimensions:      256       256       256
mmppix:       1.0000   -1.0000   -1.0000
center:     128.0000 -129.0000 -129.0000
talsrcimg_g11.4dfp.img
       256       256       256         1
  1.000000  1.000000  1.000000
orientation T byte_order littleendian
Reading image: talsrcimg_g11.4dfp.img
dimensions:      256       256       256
mmppix:       1.0000   -1.0000   -1.0000
center:     128.0000 -129.0000 -129.0000
t4_read: open error in t4_sub.f l:  41 t4_file(1:l)talsrcimg_to_711-2C_as_mni_average_305_t4 
t4_read: transform initialized to I4
rotation matrix determinant  1.000000
image alignment mode   4355 decimal     1103 hex
   -7.5000  -45.0000  -45.0000 7592.3188   19.5075
    0.0000  -45.0000  -45.0000 7916.0454   19.4165
    7.5000  -45.0000  -45.0000 7569.4502   19.3936
   -7.5000  -37.5000  -45.0000 8011.8022   19.4832
    0.0000  -37.5000  -45.0000 8362.3760   19.3934
    7.5000  -37.5000  -45.0000 7998.8950   19.3698
   -7.5000  -30.0000  -45.0000 8676.5449   19.4604
    0.0000  -30.0000  -45.0000 9068.7871   19.3699
    7.5000  -30.0000  -45.0000 8658.0518   19.3377
   -7.5000  -22.5000  -45.0000 9309.5059   19.4462
    0.0000  -22.5000  -45.0000 9712.5371   19.3542
    7.5000  -22.5000  -45.0000 9280.7656   19.3127
   -7.5000  -15.0000  -45.0000 9842.4346   19.4429
    0.0000  -15.0000  -45.000010287.4277   19.3504
    7.5000  -15.0000  -45.0000 9819.2588   19.3103
   -7.5000   -7.5000  -45.000010337.7568   19.4558
    0.0000   -7.5000  -45.000010796.3691   19.3637
    7.5000   -7.5000  -45.000010328.0742   19.3333
   -7.5000    0.0000  -45.000010716.6104   19.4758
    0.0000    0.0000  -45.000011205.0859   19.3848
    7.5000    0.0000  -45.000010719.4355   19.3616
   -7.5000    7.5000  -45.000010307.7344   19.4771
    0.0000    7.5000  -45.000010769.4814   19.3873
    7.5000    7.5000  -45.000010292.6699   19.3635
   -7.5000   15.0000  -45.0000 9736.8838   19.4604
    0.0000   15.0000  -45.000010158.6055   19.3699
    7.5000   15.0000  -45.0000 9698.3379   19.3376
   -7.5000   22.5000  -45.0000 9079.8535   19.4435
    0.0000   22.5000  -45.0000 9481.9639   19.3515
    7.5000   22.5000  -45.0000 9060.1191   19.3101
   -7.5000   30.0000  -45.0000 8440.2412   19.1839
    0.0000   30.0000  -45.0000 8800.4248   19.0926
    7.5000   30.0000  -45.0000 8397.9990   19.0530
   -7.5000   37.5000  -45.0000 8065.2695   19.2039
    0.0000   37.5000  -45.0000 8402.8643   19.1129
    7.5000   37.5000  -45.0000 7977.0830   19.0829
   -7.5000   45.0000  -45.0000 7294.2710   18.7867
    0.0000   45.0000  -45.0000 7605.1445   18.6984
    7.5000   45.0000  -45.0000 7226.9062   18.6755
   -7.5000  -45.0000  -37.5000 8193.4404   19.3645
    0.0000  -45.0000  -37.5000 8532.1367   19.2783
    7.5000  -45.0000  -37.5000 8134.9395   19.2575
   -7.5000  -37.5000  -37.5000 8622.7715   19.3436
    0.0000  -37.5000  -37.5000 8992.0674   19.2555
    7.5000  -37.5000  -37.5000 8570.4268   19.2304
   -7.5000  -30.0000  -37.5000 9322.6709   19.3304
    0.0000  -30.0000  -37.5000 9726.2393   19.2407
    7.5000  -30.0000  -37.5000 9268.7764   19.2051
   -7.5000  -22.5000  -37.5000 9967.5244   19.3204
    0.0000  -22.5000  -37.500010402.3818   19.2324
    7.5000  -22.5000  -37.5000 9909.6885   19.1899
   -7.5000  -15.0000  -37.500010532.7559   19.3140
    0.0000  -15.0000  -37.500011004.6699   19.2284
    7.5000  -15.0000  -37.500010480.7793   19.1907
   -7.5000   -7.5000  -37.500011042.3525   19.3195
    0.0000   -7.5000  -37.500011531.9092   19.2344
    7.5000   -7.5000  -37.500011005.9736   19.2075
   -7.5000    0.0000  -37.500011454.0918   19.3331
    0.0000    0.0000  -37.500011978.9521   19.2470
    7.5000    0.0000  -37.500011434.2559   19.2259
   -7.5000    7.5000  -37.500011024.7939   19.3376
    0.0000    7.5000  -37.500011521.7764   19.2494
    7.5000    7.5000  -37.500010995.3340   19.2242
   -7.5000   15.0000  -37.500010396.7070   19.3303
    0.0000   15.0000  -37.500010885.5479   19.2407
    7.5000   15.0000  -37.500010371.4082   19.2051
   -7.5000   22.5000  -37.5000 9685.7637   19.3177
    0.0000   22.5000  -37.500010122.2812   19.2298
    7.5000   22.5000  -37.5000 9620.8145   19.1873
   -7.5000   30.0000  -37.5000 8957.1748   19.0567
    0.0000   30.0000  -37.5000 9341.4990   18.9722
    7.5000   30.0000  -37.5000 8887.2236   18.9350
   -7.5000   37.5000  -37.5000 8523.3936   19.0694
    0.0000   37.5000  -37.5000 8882.9004   18.9853
    7.5000   37.5000  -37.5000 8439.3291   18.9586
   -7.5000   45.0000  -37.5000 7712.1543   18.6493
    0.0000   45.0000  -37.5000 8055.9043   18.5658
    7.5000   45.0000  -37.5000 7642.4067   18.5449
   -7.5000  -45.0000  -30.0000 8957.0479   20.1328
    0.0000  -45.0000  -30.0000 9339.7773   20.0465
    7.5000  -45.0000  -30.0000 8885.3164   20.0203
   -7.5000  -37.5000  -30.0000 9394.6729   20.1000
    0.0000  -37.5000  -30.0000 9825.6143   20.0096
    7.5000  -37.5000  -30.0000 9340.9912   19.9783
   -7.5000  -30.0000  -30.000010135.4678   20.0820
    0.0000  -30.0000  -30.000010598.0781   19.9899
    7.5000  -30.0000  -30.000010088.4424   19.9497
   -7.5000  -22.5000  -30.000010806.7324   20.0796
    0.0000  -22.5000  -30.000011302.5127   19.9905
    7.5000  -22.5000  -30.000010737.4258   19.9467
   -7.5000  -15.0000  -30.000011410.5430   20.0852
    0.0000  -15.0000  -30.000011946.8105   20.0006
    7.5000  -15.0000  -30.000011326.5664   19.9627
   -7.5000   -7.5000  -30.000011942.8174   20.0942
    0.0000   -7.5000  -30.000012485.6465   20.0108
    7.5000   -7.5000  -30.000011872.2715   19.9815
   -7.5000    0.0000  -30.000012397.7725   20.1004
    0.0000    0.0000  -30.000012965.4043   20.0141
    7.5000    0.0000  -30.000012302.5430   19.9877
   -7.5000    7.5000  -30.000011922.5898   20.0938
    0.0000    7.5000  -30.000012451.3115   20.0033
    7.5000    7.5000  -30.000011810.9463   19.9718
   -7.5000   15.0000  -30.000011231.0381   20.0820
    0.0000   15.0000  -30.000011725.9316   19.9899
    7.5000   15.0000  -30.000011126.9248   19.9497
   -7.5000   22.5000  -30.000010437.3008   20.0748
    0.0000   22.5000  -30.000010864.6025   19.9857
    7.5000   22.5000  -30.000010310.4629   19.9419
   -7.5000   30.0000  -30.0000 9631.8750   19.8195
    0.0000   30.0000  -30.000010025.3789   19.7360
    7.5000   30.0000  -30.0000 9510.3975   19.6986
   -7.5000   37.5000  -30.0000 9145.9971   19.8359
    0.0000   37.5000  -30.0000 9548.3584   19.7536
    7.5000   37.5000  -30.0000 9036.6953   19.7245
   -7.5000   45.0000  -30.0000 8257.2793   19.4046
    0.0000   45.0000  -30.0000 8605.7803   19.3210
    7.5000   45.0000  -30.0000 8156.8628   19.2949
   -7.5000  -45.0000  -22.5000 9742.6211   20.8131
    0.0000  -45.0000  -22.500010165.8535   20.7222
    7.5000  -45.0000  -22.5000 9663.0312   20.6883
   -7.5000  -37.5000  -22.500010213.7734   20.7645
    0.0000  -37.5000  -22.500010666.1416   20.6709
    7.5000  -37.5000  -22.500010122.7803   20.6345
   -7.5000  -30.0000  -22.500010999.4775   20.7312
    0.0000  -30.0000  -22.500011491.0654   20.6369
    7.5000  -30.0000  -22.500010908.4238   20.5959
   -7.5000  -22.5000  -22.500011715.9941   20.7315
    0.0000  -22.5000  -22.500012217.5293   20.6386
    7.5000  -22.5000  -22.500011585.6348   20.5959
   -7.5000  -15.0000  -22.500012356.7490   20.7526
    0.0000  -15.0000  -22.500012890.9326   20.6634
    7.5000  -15.0000  -22.500012209.5566   20.6246
   -7.5000   -7.5000  -22.500012919.4902   20.7743
    0.0000   -7.5000  -22.500013482.3008   20.6862
    7.5000   -7.5000  -22.500012780.7578   20.6516
   -7.5000    0.0000  -22.500013394.3965   20.7800
    0.0000    0.0000  -22.500013954.7559   20.6890
    7.5000    0.0000  -22.500013221.8398   20.6548
   -7.5000    7.5000  -22.500012836.3867   20.7580
    0.0000    7.5000  -22.500013393.9160   20.6643
    7.5000    7.5000  -22.500012666.7383   20.6277
   -7.5000   15.0000  -22.500012099.0127   20.7312
    0.0000   15.0000  -22.500012603.2490   20.6369
    7.5000   15.0000  -22.500011909.7959   20.5959
   -7.5000   22.5000  -22.500011211.6592   20.7251
    0.0000   22.5000  -22.500011648.7334   20.6322
    7.5000   22.5000  -22.500011006.4717   20.5896
   -7.5000   30.0000  -22.500010282.0518   20.4812
    0.0000   30.0000  -22.500010695.6045   20.3932
    7.5000   30.0000  -22.500010127.4785   20.3549
   -7.5000   37.5000  -22.5000 9762.2295   20.5105
    0.0000   37.5000  -22.500010181.1934   20.4236
    7.5000   37.5000  -22.5000 9616.5479   20.3892
   -7.5000   45.0000  -22.5000 8792.0107   20.0760
    0.0000   45.0000  -22.5000 9159.7070   19.9877
    7.5000   45.0000  -22.5000 8657.9629   19.9543
   -7.5000  -45.0000  -15.000010534.1465   21.3005
    0.0000  -45.0000  -15.000011000.9717   21.2030
    7.5000  -45.0000  -15.000010453.4189   21.1656
   -7.5000  -37.5000  -15.000011041.9092   21.2459
    0.0000  -37.5000  -15.000011537.5117   21.1489
    7.5000  -37.5000  -15.000010935.9346   21.1133
   -7.5000  -30.0000  -15.000011872.3145   21.2006
    0.0000  -30.0000  -15.000012403.8379   21.1041
    7.5000  -30.0000  -15.000011757.3105   21.0670
   -7.5000  -22.5000  -15.000012618.6748   21.1963
    0.0000  -22.5000  -15.000013159.8828   21.0985
    7.5000  -22.5000  -15.000012450.4385   21.0576
   -7.5000  -15.0000  -15.000013311.3096   21.2226
    0.0000  -15.0000  -15.000013898.5029   21.1256
    7.5000  -15.0000  -15.000013139.7754   21.0844
   -7.5000   -7.5000  -15.000013901.7148   21.2546
    0.0000   -7.5000  -15.000014510.9766   21.1580
    7.5000   -7.5000  -15.000013708.5762   21.1187
   -7.5000    0.0000  -15.000014388.0195   21.2669
    0.0000    0.0000  -15.000014985.1748   21.1692
    7.5000    0.0000  -15.000014146.8779   21.1315
   -7.5000    7.5000  -15.000013757.2627   21.2393
    0.0000    7.5000  -15.000014334.7441   21.1423
    7.5000    7.5000  -15.000013498.4199   21.1065
   -7.5000   15.0000  -15.000012955.0977   21.2006
    0.0000   15.0000  -15.000013461.8037   21.1041
    7.5000   15.0000  -15.000012663.0889   21.0670
   -7.5000   22.5000  -15.000011988.4033   21.1888
    0.0000   22.5000  -15.000012446.6328   21.0910
    7.5000   22.5000  -15.000011703.2725   21.0501
   -7.5000   30.0000  -15.000010960.8770   20.9480
    0.0000   30.0000  -15.000011394.4404   20.8523
    7.5000   30.0000  -15.000010724.5020   20.8116
   -7.5000   37.5000  -15.000010391.9951   20.9876
    0.0000   37.5000  -15.000010805.2725   20.8923
    7.5000   37.5000  -15.000010167.1113   20.8533
   -7.5000   45.0000  -15.0000 9338.8994   20.5581
    0.0000   45.0000  -15.0000 9707.9609   20.4632
    7.5000   45.0000  -15.0000 9144.3594   20.4263
   -7.5000  -45.0000   -7.500011390.5342   21.5259
    0.0000  -45.0000   -7.500011873.5811   21.4250
    7.5000  -45.0000   -7.500011276.6826   21.3934
   -7.5000  -37.5000   -7.500011906.8799   21.4828
    0.0000  -37.5000   -7.500012424.5098   21.3842
    7.5000  -37.5000   -7.500011778.4121   21.3554
   -7.5000  -30.0000   -7.500012754.3066   21.4420
    0.0000  -30.0000   -7.500013322.9922   21.3433
    7.5000  -30.0000   -7.500012626.1787   21.3110
   -7.5000  -22.5000   -7.500013558.2197   21.4299
    0.0000  -22.5000   -7.500014124.6621   21.3284
    7.5000  -22.5000   -7.500013372.1592   21.2879
   -7.5000  -15.0000   -7.500014289.6377   21.4440
    0.0000  -15.0000   -7.500014890.9443   21.3413
    7.5000  -15.0000   -7.500014094.8945   21.2989
   -7.5000   -7.5000   -7.500014931.3232   21.4715
    0.0000   -7.5000   -7.500015559.2002   21.3696
    7.5000   -7.5000   -7.500014677.8799   21.3320
   -7.5000    0.0000   -7.500015417.9062   21.4917
    0.0000    0.0000   -7.500016030.3545   21.3907
    7.5000    0.0000   -7.500015107.4531   21.3587
   -7.5000    7.5000   -7.500014694.0752   21.4763
    0.0000    7.5000   -7.500015261.5410   21.3775
    7.5000    7.5000   -7.500014389.7666   21.3485
   -7.5000   15.0000   -7.500013819.8525   21.4419
    0.0000   15.0000   -7.500014330.0391   21.3433
    7.5000   15.0000   -7.500013494.6289   21.3110
   -7.5000   22.5000   -7.500012750.6367   21.4200
    0.0000   22.5000   -7.500013237.4727   21.3185
    7.5000   22.5000   -7.500012454.4297   21.2781
   -7.5000   30.0000   -7.500011690.0830   21.1659
    0.0000   30.0000   -7.500012145.3359   21.0646
    7.5000   30.0000   -7.500011395.8916   21.0227
   -7.5000   37.5000   -7.500011067.5000   21.2011
    0.0000   37.5000   -7.500011473.6377   21.1005
    7.5000   37.5000   -7.500010768.3496   21.0633
   -7.5000   45.0000   -7.5000 9907.8252   20.7782
    0.0000   45.0000   -7.500010299.8174   20.6801
    7.5000   45.0000   -7.5000 9674.9971   20.6486
   -7.5000  -45.0000    0.000012184.2197   21.5572
    0.0000  -45.0000    0.000012719.6699   21.4577
    7.5000  -45.0000    0.000012084.5273   21.4338
   -7.5000  -37.5000    0.000012729.4775   21.5311
    0.0000  -37.5000    0.000013286.0156   21.4326
    7.5000  -37.5000    0.000012592.5879   21.4079
   -7.5000  -30.0000    0.000013591.3516   21.5055
    0.0000  -30.0000    0.000014196.4648   21.4061
    7.5000  -30.0000    0.000013454.4727   21.3725
   -7.5000  -22.5000    0.000014386.9404   21.4887
    0.0000  -22.5000    0.000014999.9912   21.3879
    7.5000  -22.5000    0.000014235.9463   21.3445
   -7.5000  -15.0000    0.000015175.7617   21.4846
    0.0000  -15.0000    0.000015795.6611   21.3837
    7.5000  -15.0000    0.000014992.8828   21.3415
   -7.5000   -7.5000    0.000015838.9932   21.4996
    0.0000   -7.5000    0.000016489.1055   21.3990
    7.5000   -7.5000    0.000015594.2109   21.3672
   -7.5000    0.0000    0.000016330.9277   21.5226
    0.0000    0.0000    0.000016979.2246   21.4231
    7.5000    0.0000    0.000016046.8721   21.3988
   -7.5000    7.5000    0.000015522.9727   21.5245
    0.0000    7.5000    0.000016122.1523   21.4259
    7.5000    7.5000    0.000015228.8418   21.4011
   -7.5000   15.0000    0.000014582.7363   21.5055
    0.0000   15.0000    0.000015117.3672   21.4061
    7.5000   15.0000    0.000014270.0020   21.3725
   -7.5000   22.5000    0.000013454.5029   21.4788
    0.0000   22.5000    0.000013969.2139   21.3781
    7.5000   22.5000    0.000013174.4814   21.3347
   -7.5000   30.0000    0.000012323.5762   21.2066
    0.0000   30.0000    0.000012811.2656   21.1070
    7.5000   30.0000    0.000012054.7539   21.0654
   -7.5000   37.5000    0.000011662.2402   21.2294
    0.0000   37.5000    0.000012078.6562   21.1301
    7.5000   37.5000    0.000011351.3535   21.0985
   -7.5000   45.0000    0.000010425.2334   20.8092
    0.0000   45.0000    0.000010827.3008   20.7124
    7.5000   45.0000    0.000010142.7119   20.6883
   -7.5000  -45.0000    7.500011989.2295   21.5724
    0.0000  -45.0000    7.500012560.0752   21.4773
    7.5000  -45.0000    7.500011947.4648   21.4543
   -7.5000  -37.5000    7.500012507.9531   21.5493
    0.0000  -37.5000    7.500013088.6113   21.4519
    7.5000  -37.5000    7.500012450.0928   21.4240
   -7.5000  -30.0000    7.500013368.7314   21.5339
    0.0000  -30.0000    7.500013996.9072   21.4346
    7.5000  -30.0000    7.500013299.0752   21.3950
   -7.5000  -22.5000    7.500014120.9131   21.5220
    0.0000  -22.5000    7.500014752.7822   21.4246
    7.5000  -22.5000    7.500014030.1826   21.3776
   -7.5000  -15.0000    7.500014863.5156   21.5147
    0.0000  -15.0000    7.500015474.2832   21.4202
    7.5000  -15.0000    7.500014727.6406   21.3786
   -7.5000   -7.5000    7.500015513.8350   21.5216
    0.0000   -7.5000    7.500016153.1191   21.4276
    7.5000   -7.5000    7.500015349.0537   21.3982
   -7.5000    0.0000    7.500015957.4150   21.5376
    0.0000    0.0000    7.500016609.7246   21.4425
    7.5000    0.0000    7.500015778.8994   21.4193
   -7.5000    7.5000    7.500015170.1836   21.5427
    0.0000    7.5000    7.500015750.3340   21.4451
    7.5000    7.5000    7.500014949.6650   21.4171
   -7.5000   15.0000    7.500014228.0283   21.5339
    0.0000   15.0000    7.500014750.9766   21.4346
    7.5000   15.0000    7.500013969.6299   21.3950
   -7.5000   22.5000    7.500013148.6562   21.5121
    0.0000   22.5000    7.500013658.6816   21.4147
    7.5000   22.5000    7.500012904.2471   21.3678
   -7.5000   30.0000    7.500012044.9580   21.2364
    0.0000   30.0000    7.500012517.2676   21.1430
    7.5000   30.0000    7.500011803.1689   21.1020
   -7.5000   37.5000    7.500011357.8555   21.2512
    0.0000   37.5000    7.500011763.8701   21.1584
    7.5000   37.5000    7.500011086.5820   21.1291
   -7.5000   45.0000    7.500010137.0137   20.8245
    0.0000   45.0000    7.500010503.9092   20.7321
    7.5000   45.0000    7.5000 9881.3223   20.7090
   -7.5000  -45.0000   15.000011621.3145   21.5942
    0.0000  -45.0000   15.000012207.1650   21.5020
    7.5000  -45.0000   15.000011643.4258   21.4741
   -7.5000  -37.5000   15.000012117.7227   21.5590
    0.0000  -37.5000   15.000012738.9541   21.4622
    7.5000  -37.5000   15.000012168.4912   21.4286
   -7.5000  -30.0000   15.000013019.4434   21.5395
    0.0000  -30.0000   15.000013690.6172   21.4408
    7.5000  -30.0000   15.000013044.7314   21.3976
   -7.5000  -22.5000   15.000013727.1953   21.5371
    0.0000  -22.5000   15.000014335.8145   21.4416
    7.5000  -22.5000   15.000013761.0488   21.3946
   -7.5000  -15.0000   15.000014375.6299   21.5433
    0.0000  -15.0000   15.000014960.0928   21.4527
    7.5000  -15.0000   15.000014408.4189   21.4123
   -7.5000   -7.5000   15.000014945.6523   21.5529
    0.0000   -7.5000   15.000015549.8057   21.4638
    7.5000   -7.5000   15.000014959.2891   21.4327
   -7.5000    0.0000   15.000015387.0000   21.5595
    0.0000    0.0000   15.000016014.1299   21.4672
    7.5000    0.0000   15.000015330.3379   21.4391
   -7.5000    7.5000   15.000014628.6445   21.5522
    0.0000    7.5000   15.000015195.4062   21.4554
    7.5000    7.5000   15.000014483.1191   21.4216
   -7.5000   15.0000   15.000013704.8213   21.5395
    0.0000   15.0000   15.000014204.2217   21.4408
    7.5000   15.0000   15.000013516.6045   21.3976
   -7.5000   22.5000   15.000012671.7861   21.5272
    0.0000   22.5000   15.000013141.7188   21.4317
    7.5000   22.5000   15.000012494.4473   21.3848
   -7.5000   30.0000   15.000011606.3633   21.2645
    0.0000   30.0000   15.000012048.8643   21.1751
    7.5000   30.0000   15.000011445.0566   21.1352
   -7.5000   37.5000   15.000010952.6191   21.2822
    0.0000   37.5000   15.000011339.2275   21.1942
    7.5000   37.5000   15.000010756.1992   21.1632
   -7.5000   45.0000   15.0000 9771.1230   20.8468
    0.0000   45.0000   15.000010084.2607   20.7573
    7.5000   45.0000   15.0000 9550.3574   20.7295
   -7.5000  -45.0000   22.500011200.7090   21.6037
    0.0000  -45.0000   22.500011747.9062   21.5095
    7.5000  -45.0000   22.500011231.4883   21.4745
   -7.5000  -37.5000   22.500011642.2803   21.5532
    0.0000  -37.5000   22.500012245.8281   21.4562
    7.5000  -37.5000   22.500011740.1172   21.4186
   -7.5000  -30.0000   22.500012502.9717   21.5188
    0.0000  -30.0000   22.500013150.1221   21.4210
    7.5000  -30.0000   22.500012595.9355   21.3785
   -7.5000  -22.5000   22.500013234.3057   21.5191
    0.0000  -22.5000   22.500013841.8887   21.4228
    7.5000  -22.5000   22.500013338.8682   21.3786
   -7.5000  -15.0000   22.500013873.4053   21.5410
    0.0000  -15.0000   22.500014472.0732   21.4485
    7.5000  -15.0000   22.500014007.2461   21.4084
   -7.5000   -7.5000   22.500014370.0518   21.5634
    0.0000   -7.5000   22.500014964.2012   21.4723
    7.5000   -7.5000   22.500014494.0156   21.4365
   -7.5000    0.0000   22.500014762.3438   21.5694
    0.0000    0.0000   22.500015323.3975   21.4750
    7.5000    0.0000   22.500014787.8799   21.4397
   -7.5000    7.5000   22.500014008.4648   21.5465
    0.0000    7.5000   22.500014511.9268   21.4494
    7.5000    7.5000   22.500013950.3281   21.4116
   -7.5000   15.0000   22.500013100.4023   21.5187
    0.0000   15.0000   22.500013549.2314   21.4210
    7.5000   15.0000   22.500012982.6260   21.3785
   -7.5000   22.5000   22.500012115.4512   21.5092
    0.0000   22.5000   22.500012559.8643   21.4129
    7.5000   22.5000   22.500011975.9980   21.3687
   -7.5000   30.0000   22.500011098.1621   21.2623
    0.0000   30.0000   22.500011526.9590   21.1710
    7.5000   30.0000   22.500010950.4043   21.1314
   -7.5000   37.5000   22.500010446.1084   21.2926
    0.0000   37.5000   22.500010858.5127   21.2026
    7.5000   37.5000   22.500010291.7178   21.1671
   -7.5000   45.0000   22.5000 9328.2754   20.8567
    0.0000   45.0000   22.5000 9653.7510   20.7651
    7.5000   45.0000   22.5000 9155.0205   20.7305
   -7.5000  -45.0000   30.000010654.2812   21.6197
    0.0000  -45.0000   30.000011196.8994   21.5209
    7.5000  -45.0000   30.000010696.5283   21.4833
   -7.5000  -37.5000   30.000011087.0732   21.5640
    0.0000  -37.5000   30.000011658.9619   21.4658
    7.5000  -37.5000   30.000011151.7285   21.4300
   -7.5000  -30.0000   30.000011887.7764   21.5179
    0.0000  -30.0000   30.000012493.1006   21.4202
    7.5000  -30.0000   30.000011951.4795   21.3828
   -7.5000  -22.5000   30.000012653.5137   21.5136
    0.0000  -22.5000   30.000013224.6865   21.4145
    7.5000  -22.5000   30.000012662.4209   21.3732
   -7.5000  -15.0000   30.000013414.7764   21.5406
    0.0000  -15.0000   30.000013960.2207   21.4422
    7.5000  -15.0000   30.000013349.3721   21.4006
   -7.5000   -7.5000   30.000013950.5576   21.5731
    0.0000   -7.5000   30.000014476.9385   21.4752
    7.5000   -7.5000   30.000013845.8379   21.4356
   -7.5000    0.0000   30.000014284.4385   21.5855
    0.0000    0.0000   30.000014763.3447   21.4865
    7.5000    0.0000   30.000014153.5488   21.4485
   -7.5000    7.5000   30.000013460.8633   21.5573
    0.0000    7.5000   30.000013897.8760   21.4590
    7.5000    7.5000   30.000013341.3037   21.4230
   -7.5000   15.0000   30.000012489.5107   21.5179
    0.0000   15.0000   30.000012901.5811   21.4202
    7.5000   15.0000   30.000012388.7480   21.3828
   -7.5000   22.5000   30.000011538.7842   21.5037
    0.0000   22.5000   30.000011940.6162   21.4047
    7.5000   22.5000   30.000011422.9688   21.3634
   -7.5000   30.0000   30.000010547.7256   21.2619
    0.0000   30.0000   30.000010943.9346   21.1648
    7.5000   30.0000   30.000010431.8076   21.1237
   -7.5000   37.5000   30.0000 9893.3418   21.3021
    0.0000   37.5000   30.000010278.9902   21.2055
    7.5000   37.5000   30.0000 9781.8262   21.1662
   -7.5000   45.0000   30.0000 8814.5410   20.8717
    0.0000   45.0000   30.0000 9149.3711   20.7755
    7.5000   45.0000   30.0000 8702.7217   20.7384
   -7.5000  -45.0000   37.500010495.8506   21.6574
    0.0000  -45.0000   37.500010983.6113   21.5562
    7.5000  -45.0000   37.500010484.7432   21.5249
   -7.5000  -37.5000   37.500010944.7051   21.6139
    0.0000  -37.5000   37.500011457.9463   21.5150
    7.5000  -37.5000   37.500010936.3447   21.4866
   -7.5000  -30.0000   37.500011745.0742   21.5727
    0.0000  -30.0000   37.500012258.5771   21.4739
    7.5000  -30.0000   37.500011716.4453   21.4419
   -7.5000  -22.5000   37.500012487.4521   21.5605
    0.0000  -22.5000   37.500012993.2051   21.4589
    7.5000  -22.5000   37.500012420.0332   21.4185
   -7.5000  -15.0000   37.500013181.2422   21.5747
    0.0000  -15.0000   37.500013743.8145   21.4717
    7.5000  -15.0000   37.500013132.5713   21.4295
   -7.5000   -7.5000   37.500013711.5654   21.6025
    0.0000   -7.5000   37.500014317.3623   21.5002
    7.5000   -7.5000   37.500013668.5312   21.4630
   -7.5000    0.0000   37.500014083.4990   21.6229
    0.0000    0.0000   37.500014684.2715   21.5215
    7.5000    0.0000   37.500014001.1123   21.4899
   -7.5000    7.5000   37.500013272.3848   21.6072
    0.0000    7.5000   37.500013827.2441   21.5083
    7.5000    7.5000   37.500013195.8281   21.4797
   -7.5000   15.0000   37.500012347.8008   21.5727
    0.0000   15.0000   37.500012830.2441   21.4739
    7.5000   15.0000   37.500012237.7812   21.4419
   -7.5000   22.5000   37.500011376.9512   21.5506
    0.0000   22.5000   37.500011819.7549   21.4490
    7.5000   22.5000   37.500011273.9395   21.4087
   -7.5000   30.0000   37.500010373.4219   21.2956
    0.0000   30.0000   37.500010770.9082   21.1939
    7.5000   30.0000   37.500010276.6533   21.1523
   -7.5000   37.5000   37.5000 9693.0850   21.3311
    0.0000   37.5000   37.500010066.3105   21.2301
    7.5000   37.5000   37.5000 9598.3857   21.1932
   -7.5000   45.0000   37.5000 8607.3037   20.9068
    0.0000   45.0000   37.5000 8938.7256   20.8084
    7.5000   45.0000   37.5000 8529.2637   20.7772
   -7.5000  -45.0000   45.0000 9795.7754   21.5885
    0.0000  -45.0000   45.000010253.0938   21.4892
    7.5000  -45.0000   45.0000 9721.9863   21.4659
   -7.5000  -37.5000   45.000010229.1016   21.5625
    0.0000  -37.5000   45.000010713.1240   21.4643
    7.5000  -37.5000   45.000010168.5498   21.4403
   -7.5000  -30.0000   45.000010992.5557   21.5368
    0.0000  -30.0000   45.000011479.4990   21.4379
    7.5000  -30.0000   45.000010908.3848   21.4049
   -7.5000  -22.5000   45.000011649.1826   21.5195
    0.0000  -22.5000   45.000012162.7588   21.4192
    7.5000  -22.5000   45.000011557.5811   21.3766
   -7.5000  -15.0000   45.000012252.2080   21.5149
    0.0000  -15.0000   45.000012826.5205   21.4143
    7.5000  -15.0000   45.000012223.2197   21.3731
   -7.5000   -7.5000   45.000012751.7910   21.5300
    0.0000   -7.5000   45.000013341.5312   21.4297
    7.5000   -7.5000   45.000012749.5068   21.3987
   -7.5000    0.0000   45.000013092.0664   21.5536
    0.0000    0.0000   45.000013687.9766   21.4542
    7.5000    0.0000   45.000013095.3506   21.4306
   -7.5000    7.5000   45.000012370.2812   21.5558
    0.0000    7.5000   45.000012923.8398   21.4576
    7.5000    7.5000   45.000012352.8203   21.4334
   -7.5000   15.0000   45.000011515.4229   21.5368
    0.0000   15.0000   45.000012021.6299   21.4379
    7.5000   15.0000   45.000011481.2451   21.4049
   -7.5000   22.5000   45.000010622.6494   21.5095
    0.0000   22.5000   45.000011062.4434   21.4092
    7.5000   22.5000   45.000010560.1631   21.3666
   -7.5000   30.0000   45.0000 9689.2480   21.2347
    0.0000   30.0000   45.000010094.2129   21.1354
    7.5000   30.0000   45.0000 9618.7920   21.0947
   -7.5000   37.5000   45.0000 9046.7920   21.2577
    0.0000   37.5000   45.0000 9414.3408   21.1586
    7.5000   37.5000   45.0000 8959.7793   21.1278
   -7.5000   45.0000   45.0000 8032.0098   20.8491
    0.0000   45.0000   45.0000 8346.4023   20.7525
    7.5000   45.0000   45.0000 7952.9961   20.7290

---------------------------------------------------------------------
imgreg_4dfp /opt/freesurfer/average/711-2C_as_mni_average_305 /opt/freesurfer/average/711-2B_as_mni_average_305_mask talsrcimg_g11 none talsrcimg_to_711-2C_as_mni_average_305_t4 4355
---------------------------------------------------------------------

freesurfer imgreg_4dfp.c
/opt/freesurfer/average/711-2C_as_mni_average_305.4dfp.img
       256       256       256         1
  1.000000  1.000000  1.000000
orientation T byte_order littleendian
Reading image: /opt/freesurfer/average/711-2C_as_mni_average_305.4dfp.img
dimensions:      256       256       256
mmppix:       1.0000   -1.0000   -1.0000
center:     128.0000 -129.0000 -129.0000
/opt/freesurfer/average/711-2B_as_mni_average_305_mask.4dfp.img
       256       256       256         1
  1.000000  1.000000  1.000000
orientation T byte_order littleendian
Reading mask: /opt/freesurfer/average/711-2B_as_mni_average_305_mask.4dfp.img (2306576 pixels)
talsrcimg_g11.4dfp.img
       256       256       256         1
  1.000000  1.000000  1.000000
orientation T byte_order littleendian
Reading image: talsrcimg_g11.4dfp.img
dimensions:      256       256       256
mmppix:       1.0000   -1.0000   -1.0000
center:     128.0000 -129.0000 -129.0000
rotation matrix determinant  1.000000
image alignment mode   4355 decimal     1103 hex
   -7.5000  -45.0000  -45.0000 1949.3146   22.6082
    0.0000  -45.0000  -45.0000 1958.5236   22.5040
    7.5000  -45.0000  -45.0000 1943.7811   22.7165
   -7.5000  -37.5000  -45.0000 2013.5382   21.1482
    0.0000  -37.5000  -45.0000 2023.5308   21.0145
    7.5000  -37.5000  -45.0000 2006.4186   21.2095
   -7.5000  -30.0000  -45.0000 2052.0334   20.0408
    0.0000  -30.0000  -45.0000 2064.6174   19.9406
    7.5000  -30.0000  -45.0000 2049.9331   20.1371
   -7.5000  -22.5000  -45.0000 2073.8120   19.4231
    0.0000  -22.5000  -45.0000 2087.3386   19.2869
    7.5000  -22.5000  -45.0000 2074.9387   19.5069
   -7.5000  -15.0000  -45.0000 2079.8838   19.1632
    0.0000  -15.0000  -45.0000 2094.5889   19.0050
    7.5000  -15.0000  -45.0000 2072.7949   19.2553
   -7.5000   -7.5000  -45.0000 2071.6094   19.4306
    0.0000   -7.5000  -45.0000 2083.3845   19.2609
    7.5000   -7.5000  -45.0000 2065.5591   19.5003
   -7.5000    0.0000  -45.0000 2036.2455   20.1144
    0.0000    0.0000  -45.0000 2050.6042   19.9012
    7.5000    0.0000  -45.0000 2033.4115   20.1423
   -7.5000    7.5000  -45.0000 1989.6262   21.1756
    0.0000    7.5000  -45.0000 2005.8628   20.9591
    7.5000    7.5000  -45.0000 1983.2676   21.2519
   -7.5000   15.0000  -45.0000 1922.6029   22.6960
    0.0000   15.0000  -45.0000 1936.8588   22.4712
    7.5000   15.0000  -45.0000 1917.0869   22.8062
   -7.5000   22.5000  -45.0000 1835.3419   24.8471
    0.0000   22.5000  -45.0000 1848.6078   24.6538
    7.5000   22.5000  -45.0000 1834.3129   24.9830
   -7.5000   30.0000  -45.0000 1740.5659   27.8703
    0.0000   30.0000  -45.0000 1753.1755   27.6120
    7.5000   30.0000  -45.0000 1743.2295   28.0494
   -7.5000   37.5000  -45.0000 1646.3433   32.2126
    0.0000   37.5000  -45.0000 1654.6870   31.9466
    7.5000   37.5000  -45.0000 1634.1525   32.3671
   -7.5000   45.0000  -45.0000 1535.0408   38.1823
    0.0000   45.0000  -45.0000 1545.7169   37.8836
    7.5000   45.0000  -45.0000 1532.8766   38.4388
   -7.5000  -45.0000  -37.5000 2051.1384   20.6934
    0.0000  -45.0000  -37.5000 2054.7954   20.5534
    7.5000  -45.0000  -37.5000 2039.3966   20.6937
   -7.5000  -37.5000  -37.5000 2113.0105   19.2587
    0.0000  -37.5000  -37.5000 2117.3970   19.1482
    7.5000  -37.5000  -37.5000 2103.0054   19.2844
   -7.5000  -30.0000  -37.5000 2156.2261   18.2913
    0.0000  -30.0000  -37.5000 2163.9678   18.1458
    7.5000  -30.0000  -37.5000 2149.6782   18.2871
   -7.5000  -22.5000  -37.5000 2178.1943   17.6868
    0.0000  -22.5000  -37.5000 2188.2563   17.5296
    7.5000  -22.5000  -37.5000 2176.6350   17.6735
   -7.5000  -15.0000  -37.5000 2185.5854   17.4495
    0.0000  -15.0000  -37.5000 2202.3452   17.3129
    7.5000  -15.0000  -37.5000 2183.7588   17.5041
   -7.5000   -7.5000  -37.5000 2178.5283   17.7332
    0.0000   -7.5000  -37.5000 2188.2769   17.5476
    7.5000   -7.5000  -37.5000 2174.1707   17.7412
   -7.5000    0.0000  -37.5000 2139.6758   18.3635
    0.0000    0.0000  -37.5000 2156.9365   18.1474
    7.5000    0.0000  -37.5000 2141.2239   18.3310
   -7.5000    7.5000  -37.5000 2090.4829   19.2879
    0.0000    7.5000  -37.5000 2106.8911   19.0855
    7.5000    7.5000  -37.5000 2090.7930   19.3241
   -7.5000   15.0000  -37.5000 2016.7480   20.6612
    0.0000   15.0000  -37.5000 2034.4019   20.4382
    7.5000   15.0000  -37.5000 2015.0782   20.6941
   -7.5000   22.5000  -37.5000 1923.6074   22.6011
    0.0000   22.5000  -37.5000 1939.6062   22.3952
    7.5000   22.5000  -37.5000 1919.0081   22.6710
   -7.5000   30.0000  -37.5000 1817.5433   25.3679
    0.0000   30.0000  -37.5000 1831.1361   25.1007
    7.5000   30.0000  -37.5000 1818.1163   25.4166
   -7.5000   37.5000  -37.5000 1706.8580   29.1661
    0.0000   37.5000  -37.5000 1719.2854   28.9157
    7.5000   37.5000  -37.5000 1705.9061   29.2453
   -7.5000   45.0000  -37.5000 1596.7340   34.4660
    0.0000   45.0000  -37.5000 1604.7130   34.0626
    7.5000   45.0000  -37.5000 1592.6732   34.4791
   -7.5000  -45.0000  -30.0000 2186.5190   19.5809
    0.0000  -45.0000  -30.0000 2192.9241   19.4615
    7.5000  -45.0000  -30.0000 2175.4851   19.5838
   -7.5000  -37.5000  -30.0000 2246.3083   18.2299
    0.0000  -37.5000  -30.0000 2258.7556   18.1382
    7.5000  -37.5000  -30.0000 2244.3728   18.2471
   -7.5000  -30.0000  -30.0000 2291.3635   17.3179
    0.0000  -30.0000  -30.0000 2304.9697   17.1776
    7.5000  -30.0000  -30.0000 2294.0398   17.2790
   -7.5000  -22.5000  -30.0000 2317.2532   16.7754
    0.0000  -22.5000  -30.0000 2333.5298   16.6080
    7.5000  -22.5000  -30.0000 2322.1226   16.7231
   -7.5000  -15.0000  -30.0000 2326.8308   16.5388
    0.0000  -15.0000  -30.0000 2349.0566   16.4025
    7.5000  -15.0000  -30.0000 2328.8679   16.5575
   -7.5000   -7.5000  -30.0000 2318.3064   16.7342
    0.0000   -7.5000  -30.0000 2338.1650   16.5934
    7.5000   -7.5000  -30.0000 2319.5486   16.7572
   -7.5000    0.0000  -30.0000 2284.4563   17.3188
    0.0000    0.0000  -30.0000 2305.3276   17.1380
    7.5000    0.0000  -30.0000 2283.4150   17.2892
   -7.5000    7.5000  -30.0000 2227.5100   18.2067
    0.0000    7.5000  -30.0000 2248.3132   18.0294
    7.5000    7.5000  -30.0000 2227.0308   18.1716
   -7.5000   15.0000  -30.0000 2144.7275   19.4779
    0.0000   15.0000  -30.0000 2163.9084   19.2649
    7.5000   15.0000  -30.0000 2145.4678   19.4768
   -7.5000   22.5000  -30.0000 2047.8778   21.2917
    0.0000   22.5000  -30.0000 2061.4409   21.0926
    7.5000   22.5000  -30.0000 2042.0554   21.3665
   -7.5000   30.0000  -30.0000 1934.1576   23.8909
    0.0000   30.0000  -30.0000 1946.1729   23.6493
    7.5000   30.0000  -30.0000 1930.4875   23.9365
   -7.5000   37.5000  -30.0000 1811.8925   27.4150
    0.0000   37.5000  -30.0000 1828.7871   27.1902
    7.5000   37.5000  -30.0000 1810.9526   27.4646
   -7.5000   45.0000  -30.0000 1693.3877   32.2346
    0.0000   45.0000  -30.0000 1696.9011   31.9165
    7.5000   45.0000  -30.0000 1686.3823   32.3162
   -7.5000  -45.0000  -22.5000 2299.3069   18.3735
    0.0000  -45.0000  -22.5000 2309.0481   18.2901
    7.5000  -45.0000  -22.5000 2290.1130   18.4010
   -7.5000  -37.5000  -22.5000 2369.2009   17.1213
    0.0000  -37.5000  -22.5000 2377.2935   17.0201
    7.5000  -37.5000  -22.5000 2360.7800   17.0758
   -7.5000  -30.0000  -22.5000 2415.6836   16.2637
    0.0000  -30.0000  -22.5000 2428.0771   16.1340
    7.5000  -30.0000  -22.5000 2410.7178   16.2164
   -7.5000  -22.5000  -22.5000 2445.9097   15.7604
    0.0000  -22.5000  -22.5000 2458.6641   15.6262
    7.5000  -22.5000  -22.5000 2444.7654   15.7060
   -7.5000  -15.0000  -22.5000 2456.2920   15.5699
    0.0000  -15.0000  -22.5000 2474.0078   15.4216
    7.5000  -15.0000  -22.5000 2454.6086   15.5416
   -7.5000   -7.5000  -22.5000 2444.4705   15.7315
    0.0000   -7.5000  -22.5000 2466.9036   15.5846
    7.5000   -7.5000  -22.5000 2449.8740   15.7222
   -7.5000    0.0000  -22.5000 2409.7830   16.2338
    0.0000    0.0000  -22.5000 2430.5742   16.0679
    7.5000    0.0000  -22.5000 2412.3882   16.2360
   -7.5000    7.5000  -22.5000 2345.9395   17.0414
    0.0000    7.5000  -22.5000 2367.8103   16.8856
    7.5000    7.5000  -22.5000 2347.1211   17.0270
   -7.5000   15.0000  -22.5000 2257.5825   18.2243
    0.0000   15.0000  -22.5000 2277.0620   18.0290
    7.5000   15.0000  -22.5000 2254.7290   18.2175
   -7.5000   22.5000  -22.5000 2153.4673   19.9062
    0.0000   22.5000  -22.5000 2163.3237   19.7354
    7.5000   22.5000  -22.5000 2146.8472   19.9675
   -7.5000   30.0000  -22.5000 2029.0188   22.2995
    0.0000   30.0000  -22.5000 2038.0320   22.0829
    7.5000   30.0000  -22.5000 2021.7705   22.2853
   -7.5000   37.5000  -22.5000 1908.4780   25.5404
    0.0000   37.5000  -22.5000 1922.6182   25.3296
    7.5000   37.5000  -22.5000 1903.6703   25.5762
   -7.5000   45.0000  -22.5000 1771.3040   29.8770
    0.0000   45.0000  -22.5000 1780.2465   29.5953
    7.5000   45.0000  -22.5000 1764.2433   29.9972
   -7.5000  -45.0000  -15.0000 2384.6509   17.2774
    0.0000  -45.0000  -15.0000 2388.6880   17.1591
    7.5000  -45.0000  -15.0000 2370.1189   17.2813
   -7.5000  -37.5000  -15.0000 2464.0081   16.0353
    0.0000  -37.5000  -15.0000 2472.0696   15.9115
    7.5000  -37.5000  -15.0000 2451.5808   16.0149
   -7.5000  -30.0000  -15.0000 2519.0776   15.2201
    0.0000  -30.0000  -15.0000 2534.1489   15.1116
    7.5000  -30.0000  -15.0000 2514.2449   15.2171
   -7.5000  -22.5000  -15.0000 2554.8232   14.7762
    0.0000  -22.5000  -15.0000 2566.8889   14.6537
    7.5000  -22.5000  -15.0000 2548.5901   14.7198
   -7.5000  -15.0000  -15.0000 2566.6799   14.6477
    0.0000  -15.0000  -15.0000 2586.9717   14.5072
    7.5000  -15.0000  -15.0000 2567.6143   14.5912
   -7.5000   -7.5000  -15.0000 2558.8364   14.8191
    0.0000   -7.5000  -15.0000 2581.2556   14.6738
    7.5000   -7.5000  -15.0000 2557.8208   14.7851
   -7.5000    0.0000  -15.0000 2518.0706   15.2617
    0.0000    0.0000  -15.0000 2540.6514   15.1084
    7.5000    0.0000  -15.0000 2516.1216   15.2385
   -7.5000    7.5000  -15.0000 2449.3745   16.0157
    0.0000    7.5000  -15.0000 2472.2422   15.8495
    7.5000    7.5000  -15.0000 2446.0674   15.9698
   -7.5000   15.0000  -15.0000 2355.1365   17.0816
    0.0000   15.0000  -15.0000 2372.1680   16.9397
    7.5000   15.0000  -15.0000 2342.3833   17.0696
   -7.5000   22.5000  -15.0000 2241.8730   18.6066
    0.0000   22.5000  -15.0000 2251.6133   18.4544
    7.5000   22.5000  -15.0000 2226.3762   18.6100
   -7.5000   30.0000  -15.0000 2109.0261   20.8091
    0.0000   30.0000  -15.0000 2114.9365   20.6325
    7.5000   30.0000  -15.0000 2095.3882   20.7725
   -7.5000   37.5000  -15.0000 1977.5303   23.7419
    0.0000   37.5000  -15.0000 1987.3965   23.6028
    7.5000   37.5000  -15.0000 1963.6783   23.8159
   -7.5000   45.0000  -15.0000 1837.4111   27.8573
    0.0000   45.0000  -15.0000 1843.4679   27.5930
    7.5000   45.0000  -15.0000 1819.4882   27.9038
   -7.5000  -45.0000   -7.5000 2455.2300   16.2107
    0.0000  -45.0000   -7.5000 2457.7410   16.0967
    7.5000  -45.0000   -7.5000 2432.1899   16.2722
   -7.5000  -37.5000   -7.5000 2539.5876   15.0802
    0.0000  -37.5000   -7.5000 2552.9907   14.9262
    7.5000  -37.5000   -7.5000 2527.0244   15.0852
   -7.5000  -30.0000   -7.5000 2601.4905   14.2965
    0.0000  -30.0000   -7.5000 2621.5874   14.1459
    7.5000  -30.0000   -7.5000 2599.8865   14.3031
   -7.5000  -22.5000   -7.5000 2651.7188   13.8329
    0.0000  -22.5000   -7.5000 2667.6235   13.7077
    7.5000  -22.5000   -7.5000 2644.0930   13.8072
   -7.5000  -15.0000   -7.5000 2668.4897   13.7462
    0.0000  -15.0000   -7.5000 2687.2937   13.6263
    7.5000  -15.0000   -7.5000 2669.2275   13.7154
   -7.5000   -7.5000   -7.5000 2660.7073   13.9663
    0.0000   -7.5000   -7.5000 2686.3589   13.8137
    7.5000   -7.5000   -7.5000 2658.1296   13.9035
   -7.5000    0.0000   -7.5000 2619.1833   14.3965
    0.0000    0.0000   -7.5000 2639.7529   14.2496
    7.5000    0.0000   -7.5000 2612.3879   14.3572
   -7.5000    7.5000   -7.5000 2544.5259   15.0778
    0.0000    7.5000   -7.5000 2565.3862   14.9203
    7.5000    7.5000   -7.5000 2535.7634   15.0621
   -7.5000   15.0000   -7.5000 2441.0979   16.0910
    0.0000   15.0000   -7.5000 2454.1956   15.9148
    7.5000   15.0000   -7.5000 2425.8298   16.1043
   -7.5000   22.5000   -7.5000 2314.4929   17.5203
    0.0000   22.5000   -7.5000 2323.6316   17.3665
    7.5000   22.5000   -7.5000 2300.0874   17.5260
   -7.5000   30.0000   -7.5000 2174.2715   19.5342
    0.0000   30.0000   -7.5000 2182.9397   19.3908
    7.5000   30.0000   -7.5000 2157.3374   19.5538
   -7.5000   37.5000   -7.5000 2039.2542   22.2829
    0.0000   37.5000   -7.5000 2043.2010   22.0658
    7.5000   37.5000   -7.5000 2020.4006   22.2974
   -7.5000   45.0000   -7.5000 1886.7806   26.0348
    0.0000   45.0000   -7.5000 1898.0964   25.8244
    7.5000   45.0000   -7.5000 1874.7025   26.0173
   -7.5000  -45.0000    0.0000 2505.7651   15.3949
    0.0000  -45.0000    0.0000 2511.1892   15.2949
    7.5000  -45.0000    0.0000 2487.6643   15.5317
   -7.5000  -37.5000    0.0000 2607.7029   14.2956
    0.0000  -37.5000    0.0000 2622.4241   14.1666
    7.5000  -37.5000    0.0000 2589.5452   14.3724
   -7.5000  -30.0000    0.0000 2679.3506   13.5580
    0.0000  -30.0000    0.0000 2700.4458   13.4157
    7.5000  -30.0000    0.0000 2669.1387   13.6193
   -7.5000  -22.5000    0.0000 2734.9937   13.0944
    0.0000  -22.5000    0.0000 2758.0273   12.9745
    7.5000  -22.5000    0.0000 2724.1206   13.1326
   -7.5000  -15.0000    0.0000 2759.0786   13.0219
    0.0000  -15.0000    0.0000 2781.8252   12.9267
    7.5000  -15.0000    0.0000 2753.2209   13.0468
   -7.5000   -7.5000    0.0000 2750.1157   13.2528
    0.0000   -7.5000    0.0000 2779.1663   13.1257
    7.5000   -7.5000    0.0000 2743.4236   13.2425
   -7.5000    0.0000    0.0000 2703.5833   13.6843
    0.0000    0.0000    0.0000 2730.4856   13.5442
    7.5000    0.0000    0.0000 2693.1147   13.6924
   -7.5000    7.5000    0.0000 2617.7161   14.3403
    0.0000    7.5000    0.0000 2642.3955   14.1996
    7.5000    7.5000    0.0000 2609.5398   14.3804
   -7.5000   15.0000    0.0000 2509.0337   15.3177
    0.0000   15.0000    0.0000 2526.9973   15.1650
    7.5000   15.0000    0.0000 2493.4888   15.3621
   -7.5000   22.5000    0.0000 2372.7905   16.7185
    0.0000   22.5000    0.0000 2389.4397   16.5737
    7.5000   22.5000    0.0000 2361.7297   16.7732
   -7.5000   30.0000    0.0000 2225.9717   18.6666
    0.0000   30.0000    0.0000 2240.5586   18.5054
    7.5000   30.0000    0.0000 2216.4282   18.6548
   -7.5000   37.5000    0.0000 2080.1423   21.2166
    0.0000   37.5000    0.0000 2088.3711   21.0058
    7.5000   37.5000    0.0000 2067.6201   21.2173
   -7.5000   45.0000    0.0000 1922.5714   24.7219
    0.0000   45.0000    0.0000 1936.2720   24.4306
    7.5000   45.0000    0.0000 1910.8447   24.5947
   -7.5000  -45.0000    7.5000 2539.3069   14.8234
    0.0000  -45.0000    7.5000 2552.7490   14.7352
    7.5000  -45.0000    7.5000 2527.8662   15.0275
   -7.5000  -37.5000    7.5000 2656.5105   13.7380
    0.0000  -37.5000    7.5000 2672.6648   13.6295
    7.5000  -37.5000    7.5000 2641.2986   13.9009
   -7.5000  -30.0000    7.5000 2744.2832   13.0265
    0.0000  -30.0000    7.5000 2766.6294   12.9082
    7.5000  -30.0000    7.5000 2730.8652   13.1546
   -7.5000  -22.5000    7.5000 2810.6682   12.5712
    0.0000  -22.5000    7.5000 2841.4912   12.4601
    7.5000  -22.5000    7.5000 2798.1602   12.6837
   -7.5000  -15.0000    7.5000 2841.2769   12.5021
    0.0000  -15.0000    7.5000 2870.4575   12.3691
    7.5000  -15.0000    7.5000 2822.4895   12.6037
   -7.5000   -7.5000    7.5000 2829.5413   12.7377
    0.0000   -7.5000    7.5000 2859.2417   12.6040
    7.5000   -7.5000    7.5000 2812.7234   12.7918
   -7.5000    0.0000    7.5000 2769.0688   13.1520
    0.0000    0.0000    7.5000 2797.6201   13.0104
    7.5000    0.0000    7.5000 2760.5762   13.2067
   -7.5000    7.5000    7.5000 2677.2205   13.8127
    0.0000    7.5000    7.5000 2702.5232   13.6679
    7.5000    7.5000    7.5000 2668.1345   13.8539
   -7.5000   15.0000    7.5000 2558.0425   14.7557
    0.0000   15.0000    7.5000 2577.0024   14.6138
    7.5000   15.0000    7.5000 2539.6711   14.8026
   -7.5000   22.5000    7.5000 2419.4980   16.1020
    0.0000   22.5000    7.5000 2437.8506   15.9778
    7.5000   22.5000    7.5000 2403.3140   16.1691
   -7.5000   30.0000    7.5000 2265.4795   17.9348
    0.0000   30.0000    7.5000 2284.7256   17.8348
    7.5000   30.0000    7.5000 2254.5479   18.0449
   -7.5000   37.5000    7.5000 2109.0713   20.4145
    0.0000   37.5000    7.5000 2122.5017   20.2452
    7.5000   37.5000    7.5000 2099.7471   20.4506
   -7.5000   45.0000    7.5000 1947.7391   23.6368
    0.0000   45.0000    7.5000 1959.9137   23.3891
    7.5000   45.0000    7.5000 1938.2625   23.6320
   -7.5000  -45.0000   15.0000 2547.9180   14.4706
    0.0000  -45.0000   15.0000 2568.9990   14.4171
    7.5000  -45.0000   15.0000 2534.8884   14.7746
   -7.5000  -37.5000   15.0000 2675.4336   13.3796
    0.0000  -37.5000   15.0000 2702.0813   13.3034
    7.5000  -37.5000   15.0000 2666.2275   13.6585
   -7.5000  -30.0000   15.0000 2784.1716   12.6854
    0.0000  -30.0000   15.0000 2809.8123   12.5739
    7.5000  -30.0000   15.0000 2769.4192   12.9054
   -7.5000  -22.5000   15.0000 2863.8176   12.2592
    0.0000  -22.5000   15.0000 2899.6848   12.1321
    7.5000  -22.5000   15.0000 2844.4143   12.4688
   -7.5000  -15.0000   15.0000 2905.4365   12.1379
    0.0000  -15.0000   15.0000 2937.7722   11.9941
    7.5000  -15.0000   15.0000 2872.4785   12.3628
   -7.5000   -7.5000   15.0000 2884.7063   12.3491
    0.0000   -7.5000   15.0000 2911.1733   12.2078
    7.5000   -7.5000   15.0000 2852.4167   12.5471
   -7.5000    0.0000   15.0000 2812.7495   12.7988
    0.0000    0.0000   15.0000 2835.7375   12.6774
    7.5000    0.0000   15.0000 2791.0129   12.9562
   -7.5000    7.5000   15.0000 2714.3494   13.4645
    0.0000    7.5000   15.0000 2733.7366   13.3344
    7.5000    7.5000   15.0000 2693.2170   13.5652
   -7.5000   15.0000   15.0000 2585.9109   14.3611
    0.0000   15.0000   15.0000 2602.0701   14.2240
    7.5000   15.0000   15.0000 2563.5708   14.4452
   -7.5000   22.5000   15.0000 2444.6350   15.6531
    0.0000   22.5000   15.0000 2457.7581   15.5554
    7.5000   22.5000   15.0000 2425.3362   15.7818
   -7.5000   30.0000   15.0000 2282.6929   17.4345
    0.0000   30.0000   15.0000 2297.5105   17.3470
    7.5000   30.0000   15.0000 2273.0291   17.6057
   -7.5000   37.5000   15.0000 2123.1814   19.8090
    0.0000   37.5000   15.0000 2137.9749   19.6959
    7.5000   37.5000   15.0000 2116.7585   19.9896
   -7.5000   45.0000   15.0000 1961.1707   22.8637
    0.0000   45.0000   15.0000 1972.0347   22.6891
    7.5000   45.0000   15.0000 1949.8386   23.0460
   -7.5000  -45.0000   22.5000 2546.2092   14.4017
    0.0000  -45.0000   22.5000 2568.3586   14.3118
    7.5000  -45.0000   22.5000 2527.6182   14.7241
   -7.5000  -37.5000   22.5000 2679.3755   13.2858
    0.0000  -37.5000   22.5000 2707.8447   13.1720
    7.5000  -37.5000   22.5000 2665.0349   13.5974
   -7.5000  -30.0000   22.5000 2799.0100   12.5559
    0.0000  -30.0000   22.5000 2829.4973   12.4447
    7.5000  -30.0000   22.5000 2778.6628   12.8538
   -7.5000  -22.5000   22.5000 2891.8965   12.1453
    0.0000  -22.5000   22.5000 2928.0002   12.0135
    7.5000  -22.5000   22.5000 2863.1216   12.3947
   -7.5000  -15.0000   22.5000 2930.2290   12.0476
    0.0000  -15.0000   22.5000 2962.2644   11.8928
    7.5000  -15.0000   22.5000 2894.3997   12.2982
   -7.5000   -7.5000   22.5000 2897.3777   12.2341
    0.0000   -7.5000   22.5000 2922.0063   12.0900
    7.5000   -7.5000   22.5000 2867.3267   12.4724
   -7.5000    0.0000   22.5000 2823.9824   12.6543
    0.0000    0.0000   22.5000 2838.9072   12.5202
    7.5000    0.0000   22.5000 2795.8723   12.8398
   -7.5000    7.5000   22.5000 2718.4768   13.3349
    0.0000    7.5000   22.5000 2730.8699   13.1694
    7.5000    7.5000   22.5000 2695.1545   13.4439
   -7.5000   15.0000   22.5000 2584.9153   14.2499
    0.0000   15.0000   22.5000 2598.3933   14.0537
    7.5000   15.0000   22.5000 2564.0457   14.3036
   -7.5000   22.5000   22.5000 2440.3335   15.5016
    0.0000   22.5000   22.5000 2453.8059   15.3405
    7.5000   22.5000   22.5000 2422.8945   15.5706
   -7.5000   30.0000   22.5000 2279.9290   17.2011
    0.0000   30.0000   22.5000 2292.4673   17.0727
    7.5000   30.0000   22.5000 2268.4106   17.3260
   -7.5000   37.5000   22.5000 2118.9280   19.4946
    0.0000   37.5000   22.5000 2137.4131   19.3625
    7.5000   37.5000   22.5000 2113.7732   19.6316
   -7.5000   45.0000   22.5000 1959.0256   22.4857
    0.0000   45.0000   22.5000 1969.4752   22.3169
    7.5000   45.0000   22.5000 1951.6035   22.6353
   -7.5000  -45.0000   30.0000 2527.7571   14.5311
    0.0000  -45.0000   30.0000 2544.6755   14.4606
    7.5000  -45.0000   30.0000 2509.4810   14.8789
   -7.5000  -37.5000   30.0000 2663.5623   13.4229
    0.0000  -37.5000   30.0000 2686.9763   13.3495
    7.5000  -37.5000   30.0000 2644.5088   13.7396
   -7.5000  -30.0000   30.0000 2786.1079   12.6969
    0.0000  -30.0000   30.0000 2810.5889   12.6040
    7.5000  -30.0000   30.0000 2758.8030   12.9759
   -7.5000  -22.5000   30.0000 2879.4902   12.2910
    0.0000  -22.5000   30.0000 2900.8608   12.1643
    7.5000  -22.5000   30.0000 2836.5728   12.5363
   -7.5000  -15.0000   30.0000 2912.0234   12.2701
    0.0000  -15.0000   30.0000 2929.7224   12.1102
    7.5000  -15.0000   30.0000 2871.8250   12.4413
   -7.5000   -7.5000   30.0000 2873.9158   12.4591
    0.0000   -7.5000   30.0000 2896.9551   12.2792
    7.5000   -7.5000   30.0000 2849.5085   12.5643
   -7.5000    0.0000   30.0000 2800.1702   12.8181
    0.0000    0.0000   30.0000 2814.3931   12.6479
    7.5000    0.0000   30.0000 2775.8025   12.9171
   -7.5000    7.5000   30.0000 2692.9250   13.4096
    0.0000    7.5000   30.0000 2703.0137   13.2457
    7.5000    7.5000   30.0000 2672.6726   13.5069
   -7.5000   15.0000   30.0000 2553.6794   14.2816
    0.0000   15.0000   30.0000 2568.2310   14.1097
    7.5000   15.0000   30.0000 2540.9866   14.3554
   -7.5000   22.5000   30.0000 2414.4773   15.5073
    0.0000   22.5000   30.0000 2429.3293   15.3632
    7.5000   22.5000   30.0000 2404.4456   15.5771
   -7.5000   30.0000   30.0000 2255.7019   17.2046
    0.0000   30.0000   30.0000 2270.3086   17.0828
    7.5000   30.0000   30.0000 2247.8845   17.2685
   -7.5000   37.5000   30.0000 2095.3813   19.4717
    0.0000   37.5000   30.0000 2109.3633   19.3490
    7.5000   37.5000   30.0000 2088.8911   19.5499
   -7.5000   45.0000   30.0000 1936.0776   22.4616
    0.0000   45.0000   30.0000 1948.0803   22.3103
    7.5000   45.0000   30.0000 1932.6957   22.5138
   -7.5000  -45.0000   37.5000 2499.6511   15.0356
    0.0000  -45.0000   37.5000 2514.2437   14.9181
    7.5000  -45.0000   37.5000 2482.0256   15.3134
   -7.5000  -37.5000   37.5000 2627.7910   13.9289
    0.0000  -37.5000   37.5000 2648.4163   13.8091
    7.5000  -37.5000   37.5000 2609.4282   14.1610
   -7.5000  -30.0000   37.5000 2737.6282   13.1795
    0.0000  -30.0000   37.5000 2760.2385   13.0481
    7.5000  -30.0000   37.5000 2717.1201   13.3597
   -7.5000  -22.5000   37.5000 2819.5259   12.7420
    0.0000  -22.5000   37.5000 2839.7708   12.6115
    7.5000  -22.5000   37.5000 2789.5566   12.9120
   -7.5000  -15.0000   37.5000 2847.9421   12.6592
    0.0000  -15.0000   37.5000 2868.5779   12.5549
    7.5000  -15.0000   37.5000 2826.5149   12.7951
   -7.5000   -7.5000   37.5000 2808.4717   12.8438
    0.0000   -7.5000   37.5000 2833.0818   12.7323
    7.5000   -7.5000   37.5000 2797.7659   12.9499
   -7.5000    0.0000   37.5000 2739.3066   13.2366
    0.0000    0.0000   37.5000 2758.0115   13.1165
    7.5000    0.0000   37.5000 2726.2686   13.3241
   -7.5000    7.5000   37.5000 2632.8521   13.8510
    0.0000    7.5000   37.5000 2650.0642   13.7130
    7.5000    7.5000   37.5000 2625.7585   13.9086
   -7.5000   15.0000   37.5000 2508.1445   14.7209
    0.0000   15.0000   37.5000 2520.4800   14.5582
    7.5000   15.0000   37.5000 2496.1960   14.7287
   -7.5000   22.5000   37.5000 2372.2959   15.8981
    0.0000   22.5000   37.5000 2390.1184   15.7175
    7.5000   22.5000   37.5000 2366.6963   15.8930
   -7.5000   30.0000   37.5000 2217.5933   17.5085
    0.0000   30.0000   37.5000 2231.5232   17.3233
    7.5000   30.0000   37.5000 2218.2725   17.5309
   -7.5000   37.5000   37.5000 2060.7505   19.7013
    0.0000   37.5000   37.5000 2077.1553   19.5317
    7.5000   37.5000   37.5000 2061.6013   19.7606
   -7.5000   45.0000   37.5000 1907.1857   22.6194
    0.0000   45.0000   37.5000 1917.6207   22.4183
    7.5000   45.0000   37.5000 1899.9237   22.7172
   -7.5000  -45.0000   45.0000 2456.7966   15.8270
    0.0000  -45.0000   45.0000 2472.9331   15.7105
    7.5000  -45.0000   45.0000 2435.9998   16.0276
   -7.5000  -37.5000   45.0000 2577.5955   14.6824
    0.0000  -37.5000   45.0000 2595.1436   14.5542
    7.5000  -37.5000   45.0000 2559.8408   14.8511
   -7.5000  -30.0000   45.0000 2679.1533   13.8934
    0.0000  -30.0000   45.0000 2697.9089   13.7383
    7.5000  -30.0000   45.0000 2653.1072   14.0104
   -7.5000  -22.5000   45.0000 2741.8389   13.4137
    0.0000  -22.5000   45.0000 2762.0557   13.2770
    7.5000  -22.5000   45.0000 2715.4487   13.5092
   -7.5000  -15.0000   45.0000 2755.9946   13.2852
    0.0000  -15.0000   45.0000 2777.3247   13.1727
    7.5000  -15.0000   45.0000 2743.5134   13.3736
   -7.5000   -7.5000   45.0000 2726.2966   13.4309
    0.0000   -7.5000   45.0000 2745.8269   13.3116
    7.5000   -7.5000   45.0000 2718.7544   13.5495
   -7.5000    0.0000   45.0000 2656.8977   13.8058
    0.0000    0.0000   45.0000 2672.6877   13.7120
    7.5000    0.0000   45.0000 2648.6135   13.9477
   -7.5000    7.5000   45.0000 2561.2251   14.4083
    0.0000    7.5000   45.0000 2573.9795   14.3046
    7.5000    7.5000   45.0000 2550.2654   14.5440
   -7.5000   15.0000   45.0000 2441.9670   15.3146
    0.0000   15.0000   45.0000 2456.9253   15.1891
    7.5000   15.0000   45.0000 2433.6646   15.3777
   -7.5000   22.5000   45.0000 2314.9048   16.5030
    0.0000   22.5000   45.0000 2328.0017   16.3456
    7.5000   22.5000   45.0000 2307.9045   16.5178
   -7.5000   30.0000   45.0000 2165.4019   18.0970
    0.0000   30.0000   45.0000 2183.1492   17.9194
    7.5000   30.0000   45.0000 2165.1589   18.0852
   -7.5000   37.5000   45.0000 2015.4706   20.2663
    0.0000   37.5000   45.0000 2031.9121   20.0644
    7.5000   37.5000   45.0000 2015.8136   20.2535
   -7.5000   45.0000   45.0000 1865.0123   23.1708
    0.0000   45.0000   45.0000 1876.4736   22.9446
    7.5000   45.0000   45.0000 1860.5917   23.2568

---------------------------------------------------------------------
imgreg_4dfp /opt/freesurfer/average/711-2C_as_mni_average_305 /opt/freesurfer/average/711-2B_as_mni_average_305_mask talsrcimg_g11 none talsrcimg_to_711-2C_as_mni_average_305_t4 1283
---------------------------------------------------------------------

freesurfer imgreg_4dfp.c
/opt/freesurfer/average/711-2C_as_mni_average_305.4dfp.img
       256       256       256         1
  1.000000  1.000000  1.000000
orientation T byte_order littleendian
Reading image: /opt/freesurfer/average/711-2C_as_mni_average_305.4dfp.img
dimensions:      256       256       256
mmppix:       1.0000   -1.0000   -1.0000
center:     128.0000 -129.0000 -129.0000
/opt/freesurfer/average/711-2B_as_mni_average_305_mask.4dfp.img
       256       256       256         1
  1.000000  1.000000  1.000000
orientation T byte_order littleendian
Reading mask: /opt/freesurfer/average/711-2B_as_mni_average_305_mask.4dfp.img (2306576 pixels)
talsrcimg_g11.4dfp.img
       256       256       256         1
  1.000000  1.000000  1.000000
orientation T byte_order littleendian
Reading image: talsrcimg_g11.4dfp.img
dimensions:      256       256       256
mmppix:       1.0000   -1.0000   -1.0000
center:     128.0000 -129.0000 -129.0000
rotation matrix determinant  1.000000
fimgreg.f
image alignment mode   1283 decimal      503 hex
parameters
    0.0000  -15.0000   22.5000    0.0000    0.0000    0.0000
eta,q 0.93066 11.90365
niter,ni,del,rscale     5    3   12.0000    1.2000
parameter  4  1.442344 ->  0.500000 qaram    1.1500
parameter  6  1.243249 ->  0.500000 qaram    1.1500
parameters
   -1.4434  -15.7417   21.5954   -3.4500    1.0654   -3.4500
eta,q 0.93815 11.74494
  0.0769  0.0741  0.0716  0.0660  0.0732  0.0619
  0.0713  0.0712  0.0696  0.0657  0.0701  0.0616
  0.0681  0.0688  0.0687  0.0668  0.0679  0.0631
  0.0688  0.0675  0.0676  0.0680  0.0659  0.0654
  0.0740  0.0684  0.0682  0.0699  0.0653  0.0675
  0.0814  0.0731  0.0716  0.0717  0.0668  0.0699
  0.0875  0.0804  0.0763  0.0730  0.0700  0.0732
niter,ni,del,rscale     6    3   12.0000    1.2000
parameters
   -2.2776  -14.9150   21.1527   -6.6033    2.2402   -5.8860
eta,q 0.94011 11.74560
  0.0749  0.0740  0.0692  0.0614  0.0675  0.0633
  0.0677  0.0684  0.0640  0.0617  0.0650  0.0608
  0.0625  0.0643  0.0612  0.0613  0.0632  0.0599
  0.0619  0.0615  0.0611  0.0610  0.0616  0.0608
  0.0666  0.0616  0.0627  0.0629  0.0607  0.0639
  0.0744  0.0643  0.0664  0.0666  0.0619  0.0670
  0.0838  0.0692  0.0714  0.0700  0.0648  0.0696
niter,ni,del,rscale     5    3   12.0000    1.2000
parameter  4  1.147309 ->  0.500000 qaram    1.3225
parameters
   -2.8138  -12.9958   21.1659  -10.5708    3.3940   -6.3728
eta,q 0.94518 11.75809
  0.0741  0.0748  0.0654  0.0555  0.0640  0.0633
  0.0661  0.0673  0.0605  0.0555  0.0606  0.0592
  0.0612  0.0623  0.0591  0.0571  0.0580  0.0557
  0.0599  0.0598  0.0589  0.0589  0.0558  0.0550
  0.0632  0.0589  0.0584  0.0608  0.0549  0.0574
  0.0708  0.0594  0.0604  0.0632  0.0565  0.0612
  0.0797  0.0629  0.0656  0.0669  0.0602  0.0654
niter,ni,del,rscale     5    3   12.0000    1.2000
parameters
   -3.1017  -11.5927   20.2055  -12.6315    3.7844   -6.4608
eta,q 0.94670 11.76690
  0.0722  0.0744  0.0583  0.0581  0.0606  0.0612
  0.0633  0.0660  0.0544  0.0549  0.0576  0.0570
  0.0566  0.0588  0.0538  0.0536  0.0552  0.0542
  0.0548  0.0548  0.0543  0.0541  0.0535  0.0533
  0.0580  0.0547  0.0550  0.0571  0.0535  0.0544
  0.0658  0.0576  0.0572  0.0604  0.0557  0.0572
  0.0758  0.0622  0.0625  0.0641  0.0598  0.0617
niter,ni,del,rscale     4    3   12.0000    1.2000
parameters
   -3.1844  -11.1782   20.1328  -12.8381    3.9085   -6.4402
eta,q 0.94663 11.77472
  0.0713  0.0700  0.0598  0.0613  0.0601  0.0612
  0.0623  0.0611  0.0544  0.0566  0.0573  0.0570
  0.0555  0.0552  0.0529  0.0543  0.0550  0.0543
  0.0533  0.0533  0.0534  0.0534  0.0534  0.0534
  0.0554  0.0551  0.0535  0.0547  0.0537  0.0543
  0.0625  0.0597  0.0552  0.0579  0.0562  0.0568
  0.0728  0.0649  0.0596  0.0616  0.0604  0.0611
niter,ni,del,rscale     3    3   12.0000    1.2000
parameters
   -3.2154  -11.0913   20.1315  -12.9141    3.9515   -6.4267
eta,q 0.94659 11.77740
  0.0715  0.0681  0.0600  0.0615  0.0600  0.0611
  0.0625  0.0597  0.0545  0.0568  0.0573  0.0570
  0.0557  0.0545  0.0530  0.0544  0.0550  0.0543
  0.0534  0.0534  0.0534  0.0534  0.0534  0.0534
  0.0554  0.0558  0.0535  0.0545  0.0539  0.0543
  0.0623  0.0606  0.0551  0.0577  0.0565  0.0568
  0.0723  0.0658  0.0595  0.0614  0.0606  0.0611
niter,ni,del,rscale     2    3   12.0000    1.2000
parameters
   -3.2286  -11.0656   20.1235  -12.9387    3.9703   -6.4214
eta,q 0.94659 11.77807
  0.0716  0.0678  0.0600  0.0616  0.0600  0.0610
  0.0625  0.0594  0.0545  0.0569  0.0572  0.0570
  0.0557  0.0544  0.0530  0.0544  0.0549  0.0543
  0.0534  0.0534  0.0534  0.0534  0.0534  0.0534
  0.0554  0.0560  0.0535  0.0544  0.0539  0.0543
  0.0622  0.0608  0.0551  0.0577  0.0565  0.0568
  0.0721  0.0660  0.0595  0.0613  0.0607  0.0611
registration optimization eta report
parameter search radius
    6.0000    6.0000    6.0000    7.9350    6.0000    6.9000
100000*second partial in parameter space
       51.       37.       19.       13.       19.       16.
  0.0716  0.0678  0.0600  0.0616  0.0600  0.0610
  0.0625  0.0594  0.0545  0.0569  0.0572  0.0570
  0.0557  0.0544  0.0530  0.0544  0.0549  0.0543
  0.0534  0.0534  0.0534  0.0534  0.0534  0.0534
  0.0554  0.0560  0.0535  0.0544  0.0539  0.0543
  0.0622  0.0608  0.0551  0.0577  0.0565  0.0568
  0.0721  0.0660  0.0595  0.0613  0.0607  0.0611
   -3.2286  -11.0656   20.1235  -12.9387    3.9703   -6.4214
eta,q 0.94659 11.77807

---------------------------------------------------------------------
imgreg_4dfp /opt/freesurfer/average/711-2C_as_mni_average_305 /opt/freesurfer/average/711-2B_as_mni_average_305_mask talsrcimg_g11 none talsrcimg_to_711-2C_as_mni_average_305_t4 3335
---------------------------------------------------------------------

freesurfer imgreg_4dfp.c
/opt/freesurfer/average/711-2C_as_mni_average_305.4dfp.img
       256       256       256         1
  1.000000  1.000000  1.000000
orientation T byte_order littleendian
Reading image: /opt/freesurfer/average/711-2C_as_mni_average_305.4dfp.img
dimensions:      256       256       256
mmppix:       1.0000   -1.0000   -1.0000
center:     128.0000 -129.0000 -129.0000
/opt/freesurfer/average/711-2B_as_mni_average_305_mask.4dfp.img
       256       256       256         1
  1.000000  1.000000  1.000000
orientation T byte_order littleendian
Reading mask: /opt/freesurfer/average/711-2B_as_mni_average_305_mask.4dfp.img (2306576 pixels)
talsrcimg_g11.4dfp.img
       256       256       256         1
  1.000000  1.000000  1.000000
orientation T byte_order littleendian
Reading image: talsrcimg_g11.4dfp.img
dimensions:      256       256       256
mmppix:       1.0000   -1.0000   -1.0000
center:     128.0000 -129.0000 -129.0000
fimgreg.f
image alignment mode   3335 decimal      D07 hex
parameters
   -3.2286  -11.0656   20.1235   -0.8659   -3.3238   -2.7729
   12.4406   -4.2016  -11.1571   23.0051    6.9239  -22.3371
eta,q 0.94690 11.87734
niter,ni,del,rscale     5    3    5.0000    1.2000
parameter  4  1.452681 ->  0.500000 qaram    1.1500
parameter  5  2.119228 ->  0.500000 qaram    1.1500
parameter  6  1.675473 ->  0.500000 qaram    1.1500
parameter 10  0.959508 ->  0.500000 qaram    1.1500
parameters
   -3.4004  -10.9315   19.6578   -5.0059   -7.4638   -6.9129
   12.8722   -3.2430   -7.6517   18.8651    8.0998  -21.9983
eta,q 0.96560 11.06002
  0.0560  0.0559  0.0540  0.0470  0.0409  0.0355  0.0411  0.0444  0.0416  0.0341  0.0366  0.0361
  0.0543  0.0544  0.0533  0.0479  0.0428  0.0370  0.0394  0.0412  0.0399  0.0343  0.0355  0.0352
  0.0533  0.0534  0.0530  0.0499  0.0452  0.0397  0.0382  0.0388  0.0385  0.0352  0.0348  0.0346
  0.0531  0.0531  0.0531  0.0530  0.0484  0.0434  0.0376  0.0376  0.0375  0.0370  0.0345  0.0344
  0.0537  0.0533  0.0535  0.0570  0.0520  0.0479  0.0378  0.0378  0.0370  0.0395  0.0345  0.0345
  0.0550  0.0541  0.0542  0.0613  0.0560  0.0529  0.0388  0.0392  0.0371  0.0426  0.0348  0.0350
  0.0568  0.0553  0.0551  0.0658  0.0604  0.0583  0.0404  0.0416  0.0376  0.0463  0.0355  0.0358
niter,ni,del,rscale     7    3    5.0000    1.2000
parameter  5  0.988140 ->  0.500000 qaram    1.3225
parameter  6  0.599389 ->  0.500000 qaram    1.3225
parameters
   -3.2820  -10.6423   19.5426   -8.7946  -12.2248  -11.6739
   13.1638   -3.7649   -8.3560   16.6492    7.4868  -22.3770
eta,q 0.97122 10.43478
  0.0390  0.0382  0.0364  0.0347  0.0300  0.0296  0.0321  0.0328  0.0307  0.0308  0.0295  0.0298
  0.0366  0.0362  0.0352  0.0338  0.0305  0.0292  0.0306  0.0307  0.0298  0.0294  0.0290  0.0292
  0.0350  0.0350  0.0345  0.0335  0.0316  0.0292  0.0296  0.0294  0.0292  0.0288  0.0288  0.0289
  0.0344  0.0344  0.0344  0.0343  0.0335  0.0307  0.0292  0.0292  0.0291  0.0291  0.0288  0.0288
  0.0347  0.0345  0.0347  0.0366  0.0363  0.0338  0.0294  0.0299  0.0295  0.0302  0.0289  0.0289
  0.0360  0.0353  0.0355  0.0404  0.0399  0.0382  0.0302  0.0315  0.0303  0.0320  0.0293  0.0294
  0.0382  0.0367  0.0368  0.0452  0.0442  0.0436  0.0317  0.0340  0.0315  0.0347  0.0297  0.0300
niter,ni,del,rscale     7    3    5.0000    1.2000
parameters
   -2.9310  -10.1986   19.2705   -8.9454  -16.1744  -13.6402
   12.8605   -3.7506   -8.1586   17.3921    7.5728  -23.0810
eta,q 0.97192 10.13038
  0.0334  0.0327  0.0298  0.0316  0.0292  0.0306  0.0303  0.0321  0.0300  0.0317  0.0288  0.0289
  0.0312  0.0307  0.0290  0.0303  0.0284  0.0290  0.0290  0.0299  0.0290  0.0298  0.0283  0.0284
  0.0296  0.0294  0.0286  0.0293  0.0281  0.0282  0.0283  0.0285  0.0283  0.0286  0.0281  0.0281
  0.0288  0.0287  0.0286  0.0286  0.0286  0.0281  0.0281  0.0281  0.0281  0.0281  0.0281  0.0281
  0.0288  0.0287  0.0289  0.0286  0.0301  0.0286  0.0284  0.0286  0.0283  0.0283  0.0282  0.0283
  0.0297  0.0293  0.0295  0.0299  0.0328  0.0314  0.0293  0.0299  0.0289  0.0291  0.0283  0.0286
  0.0314  0.0305  0.0305  0.0325  0.0364  0.0356  0.0307  0.0319  0.0298  0.0306  0.0287  0.0292
niter,ni,del,rscale     6    3    5.0000    1.2000
parameters
   -2.8341   -9.6749   18.8827   -8.7464  -17.4731  -14.3676
   12.6869   -3.6145   -7.8921   18.5888    7.6054  -23.7809
eta,q 0.97214 10.05349
  0.0317  0.0316  0.0288  0.0306  0.0301  0.0313  0.0301  0.0319  0.0297  0.0314  0.0285  0.0286
  0.0298  0.0299  0.0282  0.0294  0.0289  0.0294  0.0289  0.0297  0.0288  0.0297  0.0281  0.0281
  0.0286  0.0287  0.0280  0.0286  0.0281  0.0282  0.0281  0.0284  0.0282  0.0285  0.0279  0.0279
  0.0281  0.0281  0.0280  0.0279  0.0279  0.0279  0.0279  0.0279  0.0279  0.0279  0.0279  0.0279
  0.0283  0.0280  0.0282  0.0278  0.0284  0.0281  0.0282  0.0284  0.0281  0.0280  0.0279  0.0281
  0.0294  0.0285  0.0288  0.0287  0.0298  0.0297  0.0290  0.0296  0.0286  0.0286  0.0281  0.0284
  0.0312  0.0294  0.0297  0.0309  0.0322  0.0333  0.0303  0.0315  0.0294  0.0299  0.0285  0.0289
niter,ni,del,rscale     5    3    5.0000    1.2000
parameters
   -2.7571   -9.2897   18.4974   -8.7616  -18.5366  -15.0566
   12.4684   -3.3886   -7.7563   19.7121    7.9314  -24.1580
eta,q 0.97232  9.98073
  0.0313  0.0308  0.0287  0.0302  0.0299  0.0312  0.0298  0.0316  0.0294  0.0311  0.0284  0.0286
  0.0295  0.0293  0.0281  0.0291  0.0287  0.0292  0.0286  0.0296  0.0285  0.0295  0.0280  0.0280
  0.0283  0.0283  0.0278  0.0284  0.0280  0.0280  0.0279  0.0282  0.0280  0.0283  0.0278  0.0277
  0.0279  0.0279  0.0278  0.0278  0.0278  0.0278  0.0278  0.0278  0.0278  0.0278  0.0277  0.0277
  0.0281  0.0279  0.0281  0.0277  0.0281  0.0281  0.0281  0.0282  0.0279  0.0277  0.0277  0.0279
  0.0291  0.0284  0.0287  0.0286  0.0293  0.0295  0.0288  0.0293  0.0284  0.0283  0.0279  0.0282
  0.0309  0.0293  0.0296  0.0308  0.0315  0.0329  0.0301  0.0311  0.0293  0.0298  0.0283  0.0287
niter,ni,del,rscale     4    3    5.0000    1.2000
parameters
   -2.6847   -8.9244   18.1729   -8.8739  -19.6763  -15.7082
   12.1665   -3.1522   -7.8923   20.7416    8.5614  -24.2876
eta,q 0.97253  9.89813
  0.0309  0.0305  0.0287  0.0298  0.0296  0.0310  0.0295  0.0313  0.0292  0.0309  0.0282  0.0284
  0.0292  0.0290  0.0280  0.0288  0.0284  0.0290  0.0283  0.0293  0.0283  0.0293  0.0278  0.0279
  0.0281  0.0281  0.0276  0.0282  0.0277  0.0278  0.0277  0.0280  0.0277  0.0282  0.0276  0.0275
  0.0277  0.0277  0.0276  0.0276  0.0276  0.0276  0.0276  0.0276  0.0276  0.0276  0.0275  0.0275
  0.0279  0.0277  0.0279  0.0275  0.0280  0.0280  0.0279  0.0279  0.0278  0.0275  0.0275  0.0277
  0.0289  0.0282  0.0285  0.0284  0.0292  0.0293  0.0286  0.0290  0.0284  0.0282  0.0277  0.0280
  0.0306  0.0292  0.0294  0.0305  0.0312  0.0327  0.0298  0.0308  0.0293  0.0297  0.0280  0.0284
niter,ni,del,rscale     3    3    5.0000    1.2000
parameters
   -2.6132   -8.5667   17.9011   -9.0882  -20.8528  -16.2750
   11.8374   -2.9220   -8.0923   21.5881    9.2146  -24.3324
eta,q 0.97272  9.80817
  0.0306  0.0303  0.0285  0.0293  0.0294  0.0309  0.0292  0.0310  0.0290  0.0308  0.0280  0.0282
  0.0289  0.0289  0.0278  0.0284  0.0282  0.0289  0.0281  0.0291  0.0281  0.0292  0.0276  0.0277
  0.0279  0.0279  0.0275  0.0279  0.0275  0.0276  0.0275  0.0278  0.0275  0.0280  0.0274  0.0274
  0.0275  0.0275  0.0274  0.0274  0.0274  0.0274  0.0274  0.0273  0.0273  0.0273  0.0273  0.0273
  0.0277  0.0275  0.0277  0.0273  0.0279  0.0279  0.0277  0.0277  0.0276  0.0274  0.0273  0.0274
  0.0286  0.0280  0.0283  0.0281  0.0290  0.0291  0.0284  0.0288  0.0282  0.0282  0.0275  0.0278
  0.0303  0.0290  0.0291  0.0301  0.0309  0.0323  0.0295  0.0305  0.0292  0.0298  0.0278  0.0282
niter,ni,del,rscale     2    3    5.0000    1.2000
parameters
   -2.5354   -8.2457   17.6726   -9.2869  -21.8179  -16.7252
   11.5430   -2.7229   -8.2138   22.2233    9.6520  -24.3792
eta,q 0.97285  9.73314
  0.0303  0.0301  0.0284  0.0290  0.0294  0.0308  0.0290  0.0308  0.0289  0.0307  0.0278  0.0281
  0.0287  0.0287  0.0277  0.0282  0.0281  0.0288  0.0279  0.0289  0.0280  0.0290  0.0275  0.0275
  0.0277  0.0277  0.0273  0.0276  0.0274  0.0275  0.0273  0.0276  0.0274  0.0278  0.0272  0.0272
  0.0273  0.0273  0.0272  0.0272  0.0273  0.0272  0.0272  0.0272  0.0272  0.0272  0.0271  0.0271
  0.0275  0.0273  0.0275  0.0271  0.0277  0.0277  0.0275  0.0275  0.0274  0.0273  0.0272  0.0273
  0.0284  0.0279  0.0281  0.0278  0.0288  0.0289  0.0282  0.0286  0.0281  0.0282  0.0274  0.0276
  0.0299  0.0289  0.0289  0.0297  0.0306  0.0320  0.0292  0.0304  0.0290  0.0299  0.0277  0.0280
niter,ni,del,rscale     1    3    5.0000    1.2000
parameters
   -2.4595   -8.0008   17.4871   -9.4034  -22.4753  -17.0493
   11.3214   -2.5661   -8.2490   22.6713    9.8997  -24.4840
eta,q 0.97292  9.68364
  0.0300  0.0299  0.0283  0.0289  0.0295  0.0308  0.0289  0.0306  0.0289  0.0305  0.0277  0.0280
  0.0285  0.0285  0.0276  0.0280  0.0282  0.0288  0.0279  0.0287  0.0279  0.0289  0.0274  0.0275
  0.0275  0.0275  0.0272  0.0275  0.0274  0.0274  0.0272  0.0275  0.0273  0.0276  0.0272  0.0271
  0.0271  0.0271  0.0271  0.0271  0.0271  0.0271  0.0271  0.0271  0.0271  0.0271  0.0271  0.0271
  0.0274  0.0273  0.0274  0.0270  0.0276  0.0276  0.0274  0.0275  0.0273  0.0273  0.0271  0.0272
  0.0282  0.0279  0.0279  0.0276  0.0286  0.0287  0.0281  0.0285  0.0280  0.0282  0.0273  0.0275
  0.0297  0.0289  0.0288  0.0295  0.0303  0.0317  0.0291  0.0303  0.0289  0.0300  0.0276  0.0280
registration optimization eta report
parameter search radius
    2.4000    2.4000    2.4000    8.2800    9.5220    9.5220
    7.2000    7.2000    7.2000    8.2800    7.2000    7.2000
100000*second partial in parameter space
       48.       40.       24.        3.        3.        5.
        4.        7.        3.        5.        1.        2.
  0.0300  0.0299  0.0283  0.0289  0.0295  0.0308  0.0289  0.0306  0.0289  0.0305  0.0277  0.0280
  0.0285  0.0285  0.0276  0.0280  0.0282  0.0288  0.0279  0.0287  0.0279  0.0289  0.0274  0.0275
  0.0275  0.0275  0.0272  0.0275  0.0274  0.0274  0.0272  0.0275  0.0273  0.0276  0.0272  0.0271
  0.0271  0.0271  0.0271  0.0271  0.0271  0.0271  0.0271  0.0271  0.0271  0.0271  0.0271  0.0271
  0.0274  0.0273  0.0274  0.0270  0.0276  0.0276  0.0274  0.0275  0.0273  0.0273  0.0271  0.0272
  0.0282  0.0279  0.0279  0.0276  0.0286  0.0287  0.0281  0.0285  0.0280  0.0282  0.0273  0.0275
  0.0297  0.0289  0.0288  0.0295  0.0303  0.0317  0.0291  0.0303  0.0289  0.0300  0.0276  0.0280
   -2.4595   -8.0008   17.4871   -9.4034  -22.4753  -17.0493
   11.3214   -2.5661   -8.2490   22.6713    9.8997  -24.4840
eta,q 0.97292  9.68364

---------------------------------------------------------------------
imgreg_4dfp /opt/freesurfer/average/711-2C_as_mni_average_305 /opt/freesurfer/average/711-2B_as_mni_average_305_mask talsrcimg_g11 none talsrcimg_to_711-2C_as_mni_average_305_t4 2311
---------------------------------------------------------------------

freesurfer imgreg_4dfp.c
/opt/freesurfer/average/711-2C_as_mni_average_305.4dfp.img
       256       256       256         1
  1.000000  1.000000  1.000000
orientation T byte_order littleendian
Reading image: /opt/freesurfer/average/711-2C_as_mni_average_305.4dfp.img
dimensions:      256       256       256
mmppix:       1.0000   -1.0000   -1.0000
center:     128.0000 -129.0000 -129.0000
/opt/freesurfer/average/711-2B_as_mni_average_305_mask.4dfp.img
       256       256       256         1
  1.000000  1.000000  1.000000
orientation T byte_order littleendian
Reading mask: /opt/freesurfer/average/711-2B_as_mni_average_305_mask.4dfp.img (2306576 pixels)
talsrcimg_g11.4dfp.img
       256       256       256         1
  1.000000  1.000000  1.000000
orientation T byte_order littleendian
Reading image: talsrcimg_g11.4dfp.img
dimensions:      256       256       256
mmppix:       1.0000   -1.0000   -1.0000
center:     128.0000 -129.0000 -129.0000
fimgreg.f
image alignment mode   2311 decimal      907 hex
parameters
   -2.4595   -8.0008   17.4871   -9.4034  -22.4753  -17.0493
   11.3214   -2.5661   -8.2490   22.6713    9.8997  -24.4840
eta,q 0.97292  9.68364
niter,ni,del,rscale     5    3    5.0000    0.8000
parameters
   -2.3805   -7.8521   17.3764   -8.0036  -22.6330  -16.9146
   11.1994   -2.5106   -8.0304   23.1068    9.5220  -25.0914
eta,q 0.97307  9.75963
  0.0284  0.0283  0.0276  0.0277  0.0276  0.0279  0.0278  0.0286  0.0279  0.0282  0.0272  0.0273
  0.0277  0.0277  0.0273  0.0275  0.0273  0.0274  0.0273  0.0277  0.0274  0.0276  0.0270  0.0271
  0.0272  0.0272  0.0271  0.0273  0.0270  0.0270  0.0270  0.0271  0.0271  0.0271  0.0270  0.0269
  0.0271  0.0271  0.0271  0.0271  0.0270  0.0270  0.0270  0.0270  0.0270  0.0270  0.0269  0.0269
  0.0271  0.0271  0.0272  0.0269  0.0270  0.0271  0.0271  0.0271  0.0270  0.0270  0.0270  0.0270
  0.0275  0.0274  0.0274  0.0270  0.0273  0.0274  0.0274  0.0277  0.0273  0.0273  0.0271  0.0272
  0.0282  0.0279  0.0278  0.0273  0.0278  0.0277  0.0279  0.0285  0.0277  0.0279  0.0273  0.0275
niter,ni,del,rscale     4    3    5.0000    0.7000
parameters
   -2.3150   -7.7773   17.3367   -8.0629  -22.7146  -17.0292
   11.0372   -2.4205   -7.8969   23.3058    9.5402  -25.1795
eta,q 0.97308  9.75046
  0.0280  0.0278  0.0274  0.0274  0.0275  0.0276  0.0276  0.0282  0.0276  0.0278  0.0271  0.0272
  0.0274  0.0273  0.0271  0.0272  0.0272  0.0272  0.0272  0.0275  0.0272  0.0274  0.0270  0.0271
  0.0271  0.0270  0.0270  0.0270  0.0270  0.0270  0.0270  0.0271  0.0270  0.0270  0.0269  0.0269
  0.0269  0.0269  0.0269  0.0269  0.0269  0.0269  0.0269  0.0269  0.0269  0.0269  0.0269  0.0269
  0.0270  0.0270  0.0270  0.0269  0.0270  0.0271  0.0270  0.0271  0.0270  0.0270  0.0269  0.0270
  0.0273  0.0272  0.0272  0.0271  0.0272  0.0273  0.0273  0.0275  0.0272  0.0272  0.0270  0.0271
  0.0278  0.0276  0.0275  0.0275  0.0275  0.0276  0.0276  0.0281  0.0275  0.0277  0.0271  0.0273
niter,ni,del,rscale     3    3    5.0000    0.6000
parameters
   -2.2686   -7.7386   17.2917   -7.8913  -22.8192  -17.1729
   10.9091   -2.3865   -7.8532   23.3770    9.5042  -25.2150
eta,q 0.97310  9.74652
  0.0277  0.0275  0.0273  0.0273  0.0273  0.0274  0.0274  0.0279  0.0274  0.0275  0.0271  0.0272
  0.0273  0.0272  0.0271  0.0272  0.0271  0.0271  0.0271  0.0273  0.0271  0.0272  0.0270  0.0270
  0.0270  0.0270  0.0270  0.0270  0.0270  0.0269  0.0269  0.0270  0.0270  0.0270  0.0269  0.0269
  0.0269  0.0269  0.0269  0.0269  0.0269  0.0269  0.0269  0.0269  0.0269  0.0269  0.0269  0.0269
  0.0270  0.0270  0.0270  0.0269  0.0270  0.0270  0.0270  0.0270  0.0269  0.0270  0.0269  0.0269
  0.0272  0.0272  0.0271  0.0270  0.0271  0.0272  0.0272  0.0273  0.0271  0.0272  0.0270  0.0270
  0.0276  0.0275  0.0273  0.0273  0.0274  0.0274  0.0274  0.0278  0.0274  0.0275  0.0271  0.0272
niter,ni,del,rscale     2    3    5.0000    0.5000
parameters
   -2.2417   -7.7103   17.2490   -7.7509  -22.8781  -17.3360
   10.8138   -2.3744   -7.7862   23.4087    9.4735  -25.2234
eta,q 0.97311  9.74185
  0.0274  0.0273  0.0271  0.0272  0.0272  0.0272  0.0272  0.0276  0.0272  0.0273  0.0270  0.0271
  0.0271  0.0271  0.0270  0.0271  0.0270  0.0270  0.0270  0.0272  0.0271  0.0271  0.0269  0.0270
  0.0270  0.0270  0.0269  0.0270  0.0269  0.0269  0.0269  0.0270  0.0269  0.0269  0.0269  0.0269
  0.0269  0.0269  0.0269  0.0269  0.0269  0.0269  0.0269  0.0269  0.0269  0.0269  0.0269  0.0269
  0.0269  0.0269  0.0269  0.0269  0.0269  0.0270  0.0269  0.0270  0.0269  0.0269  0.0269  0.0269
  0.0271  0.0271  0.0270  0.0270  0.0270  0.0271  0.0271  0.0272  0.0270  0.0271  0.0269  0.0270
  0.0274  0.0273  0.0272  0.0272  0.0272  0.0273  0.0273  0.0275  0.0272  0.0273  0.0270  0.0271
niter,ni,del,rscale     1    3    5.0000    0.4000
parameters
   -2.2213   -7.6876   17.1945   -7.6374  -22.9170  -17.4828
   10.7383   -2.3870   -7.7418   23.3952    9.4715  -25.2210
eta,q 0.97311  9.73700
  0.0272  0.0272  0.0270  0.0271  0.0271  0.0271  0.0271  0.0273  0.0271  0.0272  0.0270  0.0270
  0.0271  0.0270  0.0269  0.0270  0.0270  0.0270  0.0270  0.0271  0.0270  0.0270  0.0269  0.0269
  0.0269  0.0269  0.0269  0.0269  0.0269  0.0269  0.0269  0.0269  0.0269  0.0269  0.0269  0.0269
  0.0269  0.0269  0.0269  0.0269  0.0269  0.0269  0.0269  0.0269  0.0269  0.0269  0.0269  0.0269
  0.0269  0.0269  0.0269  0.0269  0.0269  0.0269  0.0269  0.0269  0.0269  0.0269  0.0269  0.0269
  0.0270  0.0270  0.0270  0.0270  0.0270  0.0270  0.0270  0.0271  0.0270  0.0270  0.0269  0.0269
  0.0272  0.0271  0.0271  0.0271  0.0271  0.0272  0.0271  0.0273  0.0271  0.0272  0.0270  0.0270
registration optimization eta report
parameter search radius
    0.8000    0.8000    0.8000    2.4000    2.4000    2.4000
    2.4000    2.4000    2.4000    2.4000    2.4000    2.4000
100000*second partial in parameter space
       51.       41.       26.        3.        3.        4.
        4.        7.        4.        5.        1.        2.
  0.0272  0.0272  0.0270  0.0271  0.0271  0.0271  0.0271  0.0273  0.0271  0.0272  0.0270  0.0270
  0.0271  0.0270  0.0269  0.0270  0.0270  0.0270  0.0270  0.0271  0.0270  0.0270  0.0269  0.0269
  0.0269  0.0269  0.0269  0.0269  0.0269  0.0269  0.0269  0.0269  0.0269  0.0269  0.0269  0.0269
  0.0269  0.0269  0.0269  0.0269  0.0269  0.0269  0.0269  0.0269  0.0269  0.0269  0.0269  0.0269
  0.0269  0.0269  0.0269  0.0269  0.0269  0.0269  0.0269  0.0269  0.0269  0.0269  0.0269  0.0269
  0.0270  0.0270  0.0270  0.0270  0.0270  0.0270  0.0270  0.0271  0.0270  0.0270  0.0269  0.0269
  0.0272  0.0271  0.0271  0.0271  0.0271  0.0272  0.0271  0.0273  0.0271  0.0272  0.0270  0.0270
   -2.2213   -7.6876   17.1945   -7.6374  -22.9170  -17.4828
   10.7383   -2.3870   -7.7418   23.3952    9.4715  -25.2210
eta,q 0.97311  9.73700

---------------------------------------------------------------------
imgreg_4dfp /opt/freesurfer/average/711-2C_as_mni_average_305 /opt/freesurfer/average/711-2B_as_mni_average_305_mask talsrcimg_g11 none talsrcimg_to_711-2C_as_mni_average_305_t4 2311
---------------------------------------------------------------------

freesurfer imgreg_4dfp.c
/opt/freesurfer/average/711-2C_as_mni_average_305.4dfp.img
       256       256       256         1
  1.000000  1.000000  1.000000
orientation T byte_order littleendian
Reading image: /opt/freesurfer/average/711-2C_as_mni_average_305.4dfp.img
dimensions:      256       256       256
mmppix:       1.0000   -1.0000   -1.0000
center:     128.0000 -129.0000 -129.0000
/opt/freesurfer/average/711-2B_as_mni_average_305_mask.4dfp.img
       256       256       256         1
  1.000000  1.000000  1.000000
orientation T byte_order littleendian
Reading mask: /opt/freesurfer/average/711-2B_as_mni_average_305_mask.4dfp.img (2306576 pixels)
talsrcimg_g11.4dfp.img
       256       256       256         1
  1.000000  1.000000  1.000000
orientation T byte_order littleendian
Reading image: talsrcimg_g11.4dfp.img
dimensions:      256       256       256
mmppix:       1.0000   -1.0000   -1.0000
center:     128.0000 -129.0000 -129.0000
fimgreg.f
image alignment mode   2311 decimal      907 hex
parameters
   -2.2213   -7.6876   17.1945   -7.6374  -22.9170  -17.4828
   10.7383   -2.3870   -7.7418   23.3952    9.4715  -25.2210
eta,q 0.97311  9.73699
niter,ni,del,rscale     5    3    5.0000    0.8000
parameters
   -2.2292   -7.6634   17.1418   -8.2571  -23.0449  -17.2763
   10.8264   -2.2823   -7.8661   23.5372    9.7181  -25.1679
eta,q 0.97309  9.71474
  0.0282  0.0280  0.0275  0.0274  0.0276  0.0279  0.0279  0.0286  0.0277  0.0281  0.0272  0.0274
  0.0275  0.0274  0.0272  0.0272  0.0272  0.0273  0.0273  0.0277  0.0273  0.0275  0.0271  0.0271
  0.0270  0.0270  0.0269  0.0270  0.0270  0.0270  0.0270  0.0271  0.0270  0.0271  0.0270  0.0270
  0.0269  0.0269  0.0269  0.0269  0.0269  0.0269  0.0269  0.0269  0.0269  0.0269  0.0269  0.0269
  0.0270  0.0270  0.0270  0.0270  0.0270  0.0271  0.0270  0.0271  0.0270  0.0270  0.0269  0.0270
  0.0275  0.0273  0.0272  0.0273  0.0273  0.0273  0.0273  0.0276  0.0273  0.0274  0.0270  0.0271
  0.0282  0.0279  0.0276  0.0280  0.0277  0.0277  0.0278  0.0284  0.0278  0.0280  0.0272  0.0273
niter,ni,del,rscale     4    3    5.0000    0.7000
parameters
   -2.2196   -7.6550   17.2106   -8.1465  -23.0724  -17.2420
   10.7930   -2.2834   -7.8915   23.5219    9.6414  -25.1975
eta,q 0.97309  9.71969
  0.0279  0.0277  0.0275  0.0274  0.0275  0.0276  0.0276  0.0282  0.0276  0.0277  0.0271  0.0272
  0.0274  0.0273  0.0272  0.0272  0.0272  0.0272  0.0272  0.0274  0.0272  0.0273  0.0270  0.0271
  0.0270  0.0270  0.0270  0.0270  0.0270  0.0270  0.0270  0.0270  0.0270  0.0270  0.0269  0.0269
  0.0269  0.0269  0.0269  0.0269  0.0269  0.0269  0.0269  0.0269  0.0269  0.0269  0.0269  0.0269
  0.0270  0.0270  0.0269  0.0269  0.0270  0.0270  0.0270  0.0271  0.0270  0.0270  0.0269  0.0270
  0.0273  0.0273  0.0271  0.0271  0.0272  0.0273  0.0273  0.0275  0.0272  0.0273  0.0270  0.0271
  0.0279  0.0277  0.0274  0.0274  0.0275  0.0275  0.0276  0.0281  0.0276  0.0278  0.0271  0.0272
niter,ni,del,rscale     3    3    5.0000    0.6000
parameters
   -2.2089   -7.6595   17.2199   -7.9682  -23.0289  -17.3026
   10.7652   -2.3006   -7.8437   23.4901    9.5717  -25.2284
eta,q 0.97310  9.72669
  0.0276  0.0275  0.0273  0.0273  0.0273  0.0274  0.0274  0.0278  0.0274  0.0275  0.0271  0.0271
  0.0272  0.0272  0.0271  0.0271  0.0271  0.0271  0.0271  0.0273  0.0271  0.0272  0.0270  0.0270
  0.0270  0.0270  0.0270  0.0270  0.0270  0.0269  0.0269  0.0270  0.0270  0.0270  0.0269  0.0269
  0.0269  0.0269  0.0269  0.0269  0.0269  0.0269  0.0269  0.0269  0.0269  0.0269  0.0269  0.0269
  0.0270  0.0270  0.0269  0.0269  0.0269  0.0270  0.0270  0.0270  0.0270  0.0270  0.0269  0.0269
  0.0272  0.0272  0.0271  0.0270  0.0271  0.0272  0.0272  0.0273  0.0271  0.0272  0.0270  0.0270
  0.0276  0.0275  0.0273  0.0273  0.0273  0.0274  0.0274  0.0278  0.0274  0.0275  0.0271  0.0271
niter,ni,del,rscale     2    3    5.0000    0.5000
parameters
   -2.2065   -7.6623   17.2037   -7.8000  -22.9996  -17.4190
   10.7388   -2.3303   -7.7916   23.4690    9.4983  -25.2387
eta,q 0.97311  9.72985
  0.0274  0.0273  0.0271  0.0272  0.0272  0.0273  0.0273  0.0275  0.0272  0.0273  0.0270  0.0271
  0.0271  0.0271  0.0270  0.0271  0.0270  0.0270  0.0271  0.0272  0.0271  0.0271  0.0269  0.0270
  0.0270  0.0269  0.0269  0.0270  0.0269  0.0269  0.0269  0.0269  0.0269  0.0269  0.0269  0.0269
  0.0269  0.0269  0.0269  0.0269  0.0269  0.0269  0.0269  0.0269  0.0269  0.0269  0.0269  0.0269
  0.0270  0.0269  0.0269  0.0269  0.0269  0.0270  0.0269  0.0270  0.0269  0.0269  0.0269  0.0269
  0.0271  0.0271  0.0270  0.0270  0.0270  0.0271  0.0271  0.0272  0.0270  0.0271  0.0269  0.0270
  0.0274  0.0273  0.0272  0.0272  0.0272  0.0273  0.0273  0.0275  0.0272  0.0273  0.0270  0.0271
niter,ni,del,rscale     1    3    5.0000    0.4000
parameters
   -2.2034   -7.6678   17.1692   -7.6647  -22.9614  -17.5325
   10.7091   -2.3577   -7.7453   23.4363    9.4490  -25.2242
eta,q 0.97311  9.73162
  0.0272  0.0272  0.0270  0.0271  0.0271  0.0271  0.0271  0.0273  0.0271  0.0272  0.0270  0.0270
  0.0270  0.0270  0.0270  0.0270  0.0270  0.0270  0.0270  0.0271  0.0270  0.0270  0.0269  0.0269
  0.0269  0.0269  0.0269  0.0269  0.0269  0.0269  0.0269  0.0269  0.0269  0.0269  0.0269  0.0269
  0.0269  0.0269  0.0269  0.0269  0.0269  0.0269  0.0269  0.0269  0.0269  0.0269  0.0269  0.0269
  0.0269  0.0269  0.0269  0.0269  0.0269  0.0269  0.0269  0.0269  0.0269  0.0269  0.0269  0.0269
  0.0270  0.0270  0.0270  0.0270  0.0270  0.0270  0.0270  0.0271  0.0270  0.0270  0.0269  0.0269
  0.0272  0.0272  0.0271  0.0271  0.0271  0.0272  0.0271  0.0273  0.0271  0.0272  0.0270  0.0270
registration optimization eta report
parameter search radius
    0.8000    0.8000    0.8000    2.4000    2.4000    2.4000
    2.4000    2.4000    2.4000    2.4000    2.4000    2.4000
100000*second partial in parameter space
       50.       41.       26.        3.        3.        4.
        4.        7.        4.        5.        1.        2.
  0.0272  0.0272  0.0270  0.0271  0.0271  0.0271  0.0271  0.0273  0.0271  0.0272  0.0270  0.0270
  0.0270  0.0270  0.0270  0.0270  0.0270  0.0270  0.0270  0.0271  0.0270  0.0270  0.0269  0.0269
  0.0269  0.0269  0.0269  0.0269  0.0269  0.0269  0.0269  0.0269  0.0269  0.0269  0.0269  0.0269
  0.0269  0.0269  0.0269  0.0269  0.0269  0.0269  0.0269  0.0269  0.0269  0.0269  0.0269  0.0269
  0.0269  0.0269  0.0269  0.0269  0.0269  0.0269  0.0269  0.0269  0.0269  0.0269  0.0269  0.0269
  0.0270  0.0270  0.0270  0.0270  0.0270  0.0270  0.0270  0.0271  0.0270  0.0270  0.0269  0.0269
  0.0272  0.0272  0.0271  0.0271  0.0271  0.0272  0.0271  0.0273  0.0271  0.0272  0.0270  0.0270
   -2.2034   -7.6678   17.1692   -7.6647  -22.9614  -17.5325
   10.7091   -2.3577   -7.7453   23.4363    9.4490  -25.2242
eta,q 0.97311  9.73162

---------------------------------------------------------------------
compute_vox2vox talsrcimg talsrcimg_to_711-2C_as_mni_average_305_t4 /opt/freesurfer/average/711-2C_as_mni_average_305
---------------------------------------------------------------------

freesurfer compute_vox2vox.c
Reading: talsrcimg.4dfp.ifh
Reading: talsrcimg_to_711-2C_as_mni_average_305_t4
Reading: /opt/freesurfer/average/711-2C_as_mni_average_305.4dfp.ifh
Writing: talsrcimg_to_711-2C_as_mni_average_305_t4_vox2vox.txt

start time Sat Mar 14 01:41:09 CET 2026
end		time Sat Mar 14 01:42:35 CET 2026

mpr2mni305 success

avi2talxfm orig_nu.mgz /opt/freesurfer/average/mni305.cor.mgz talsrcimg_to_711-2C_as_mni_average_305_t4_vox2vox.txt transforms/talairach.auto.xfm
avi2talxfm done
mv -f /out/sourcedata/freesurfer/sub-v2s8x29221_ses-1/mri/talsrcimg_to_711-2C_as_mni_average_305_t4_vox2vox.txt /out/sourcedata/freesurfer/sub-v2s8x29221_ses-1/mri/transforms/talsrcimg_to_711-2C_as_mni_average_305_t4_vox2vox.txt
lta_convert --src orig_nu.mgz --trg /opt/freesurfer/average/mni305.cor.mgz --inxfm transforms/talairach.auto.xfm --outlta transforms/talairach.auto.xfm.lta --subject fsaverage
7.3.2

--src: orig_nu.mgz src image (geometry).
--trg: /opt/freesurfer/average/mni305.cor.mgz trg image (geometry).
--inmni: transforms/talairach.auto.xfm input MNI/XFM transform.
--outlta: transforms/talairach.auto.xfm.lta output LTA.
--s: fsaverage subject name
 LTA read, type : 1
 1.06561   0.06639  -0.12639  -8.13794;
-0.08172   1.10428   0.37293  -16.73834;
 0.13200  -0.32926   1.17189   13.56322;
 0.00000   0.00000   0.00000   1.00000;
setting subject to fsaverage
Writing  LTA to file transforms/talairach.auto.xfm.lta...
lta_convert successful.
 
 
Started at Sat Mar 14 01:41:08 CET 2026
Ended   at Sat Mar 14 01:42:36 CET 2026
talairach_avi done
