/out/sourcedata/freesurfer/sub-v2s8x29187_ses-1/mri
/opt/freesurfer/bin/talairach_avi
--i orig_nu.mgz --xfm transforms/talairach.auto.xfm
talairach_avi 7.3.2
Linux dna072 5.14.0-427.37.1.el9_4.x86_64 #1 SMP PREEMPT_DYNAMIC Fri Sep 13 12:41:50 EDT 2024 x86_64 x86_64 x86_64 GNU/Linux
Sat Mar 14 00:03:54 CET 2026
mri_convert orig_nu.mgz talsrcimg.img 
reading from orig_nu.mgz...
TR=0.00, TE=0.00, TI=0.00, flip angle=0.00
i_ras = (-1, 0, 0)
j_ras = (0, 0, -1)
k_ras = (0, 1, 0)
writing to talsrcimg.img...
Analyze Output Matrix
-1.00000   0.00000   0.00000   129.66513;
 0.00000   0.00000   1.00000  -128.00000;
 0.00000  -1.00000   0.00000   130.00000;
 0.00000   0.00000   0.00000   1.00000;
--------------------
INFO: set hdr.hist.orient to -1
mpr2mni305 talsrcimg
Sat Mar 14 00:03:54 CET 2026
/opt/freesurfer/bin/mpr2mni305 talsrcimg
mpr2mni305 7.3.2
target=711-2C_as_mni_average_305

---------------------------------------------------------------------
analyzeto4dfp talsrcimg -O0 -y
---------------------------------------------------------------------

freesurfer ifh2hdr.c
Sat Mar 14 00:03:54 2026
Writing: talsrcimg.4dfp.hdr
freesurfer analyzeto4dfp.c
Reading: talsrcimg.hdr
header size 348 bytes
hdr.dime.datatype	offset=70	value=2
hdr.dime.bitpix		offset=72	value=8
hdr.hist.orient		offset=252	value=-1
dimensionality     4
dimensions       256       256       256         1
Reading: talsrcimg.img
Writing: talsrcimg.4dfp.img
Writing: talsrcimg.4dfp.ifh
ifh2hdr talsrcimg -r0to212
ori=2

---------------------------------------------------------------------
gauss_4dfp talsrcimg 1.1
---------------------------------------------------------------------

freesurfer gauss_4dfp.c
Reading: talsrcimg.4dfp.img
Writing: talsrcimg_g11.4dfp.img
image dimensions 256 256 256 padded to 288 288 288
processing volume 1freesurfer ifh2hdr.c
Sat Mar 14 00:03:56 2026
Writing: talsrcimg_g11.4dfp.hdr

Writing: talsrcimg_g11.4dfp.ifh
including: talsrcimg.4dfp.img.rec in talsrcimg_g11.4dfp.img.rec

---------------------------------------------------------------------
imgreg_4dfp /opt/freesurfer/average/711-2C_as_mni_average_305 none talsrcimg_g11 none talsrcimg_to_711-2C_as_mni_average_305_t4 4355
---------------------------------------------------------------------

freesurfer imgreg_4dfp.c
/opt/freesurfer/average/711-2C_as_mni_average_305.4dfp.img
       256       256       256         1
  1.000000  1.000000  1.000000
orientation T byte_order littleendian
Reading image: /opt/freesurfer/average/711-2C_as_mni_average_305.4dfp.img
dimensions:      256       256       256
mmppix:       1.0000   -1.0000   -1.0000
center:     128.0000 -129.0000 -129.0000
talsrcimg_g11.4dfp.img
       256       256       256         1
  1.000000  1.000000  1.000000
orientation T byte_order littleendian
Reading image: talsrcimg_g11.4dfp.img
dimensions:      256       256       256
mmppix:       1.0000   -1.0000   -1.0000
center:     128.0000 -129.0000 -129.0000
t4_read: open error in t4_sub.f l:  41 t4_file(1:l)talsrcimg_to_711-2C_as_mni_average_305_t4 
t4_read: transform initialized to I4
rotation matrix determinant  1.000000
image alignment mode   4355 decimal     1103 hex
   -7.5000  -45.0000  -45.0000 7835.9722   19.0862
    0.0000  -45.0000  -45.0000 8197.4561   19.1098
    7.5000  -45.0000  -45.0000 7878.9033   19.0961
   -7.5000  -37.5000  -45.0000 8328.4141   19.0312
    0.0000  -37.5000  -45.0000 8712.6348   19.0513
    7.5000  -37.5000  -45.0000 8357.2383   19.0423
   -7.5000  -30.0000  -45.0000 9034.6807   18.9768
    0.0000  -30.0000  -45.0000 9446.4541   18.9921
    7.5000  -30.0000  -45.0000 9049.6416   18.9909
   -7.5000  -22.5000  -45.0000 9637.2002   18.9765
    0.0000  -22.5000  -45.000010095.4727   18.9917
    7.5000  -22.5000  -45.0000 9655.8359   18.9922
   -7.5000  -15.0000  -45.000010180.9688   19.0222
    0.0000  -15.0000  -45.000010662.3447   19.0415
    7.5000  -15.0000  -45.000010243.0020   19.0387
   -7.5000   -7.5000  -45.000010715.6162   19.0737
    0.0000   -7.5000  -45.000011235.5127   19.0967
    7.5000   -7.5000  -45.000010770.8877   19.0873
   -7.5000    0.0000  -45.000011255.7822   19.0825
    0.0000    0.0000  -45.000011772.8936   19.1061
    7.5000    0.0000  -45.000011273.7715   19.0923
   -7.5000    7.5000  -45.000010926.8916   19.0312
    0.0000    7.5000  -45.000011404.0928   19.0513
    7.5000    7.5000  -45.000010925.1211   19.0423
   -7.5000   15.0000  -45.000010278.5293   18.9768
    0.0000   15.0000  -45.000010699.5527   18.9921
    7.5000   15.0000  -45.000010287.0557   18.9909
   -7.5000   22.5000  -45.0000 9569.3779   18.9739
    0.0000   22.5000  -45.0000 9952.0557   18.9891
    7.5000   22.5000  -45.0000 9577.3574   18.9896
   -7.5000   30.0000  -45.0000 8820.8945   18.7687
    0.0000   30.0000  -45.0000 9175.3564   18.7878
    7.5000   30.0000  -45.0000 8797.6133   18.7850
   -7.5000   37.5000  -45.0000 8334.9248   18.8195
    0.0000   37.5000  -45.0000 8680.7041   18.8422
    7.5000   37.5000  -45.0000 8305.3896   18.8329
   -7.5000   45.0000  -45.0000 7560.1392   18.3501
    0.0000   45.0000  -45.0000 7844.1475   18.3728
    7.5000   45.0000  -45.0000 7513.7920   18.3596
   -7.5000  -45.0000  -37.5000 8479.6377   18.9636
    0.0000  -45.0000  -37.5000 8877.8799   18.9766
    7.5000  -45.0000  -37.5000 8470.2949   18.9680
   -7.5000  -37.5000  -37.5000 8976.2705   18.9086
    0.0000  -37.5000  -37.5000 9404.6240   18.9179
    7.5000  -37.5000  -37.5000 8971.7207   18.9142
   -7.5000  -30.0000  -37.5000 9708.6709   18.8553
    0.0000  -30.0000  -37.500010178.1182   18.8594
    7.5000  -30.0000  -37.5000 9715.6094   18.8608
   -7.5000  -22.5000  -37.500010345.9023   18.8546
    0.0000  -22.5000  -37.500010877.7949   18.8583
    7.5000  -22.5000  -37.500010367.5078   18.8594
   -7.5000  -15.0000  -37.500010917.3799   18.9007
    0.0000  -15.0000  -37.500011470.8545   18.9083
    7.5000  -15.0000  -37.500010945.1436   18.9058
   -7.5000   -7.5000  -37.500011462.6826   18.9527
    0.0000   -7.5000  -37.500012027.0947   18.9643
    7.5000   -7.5000  -37.500011475.1152   18.9574
   -7.5000    0.0000  -37.500012015.8193   18.9600
    0.0000    0.0000  -37.500012574.9238   18.9729
    7.5000    0.0000  -37.500012000.5625   18.9644
   -7.5000    7.5000  -37.500011650.9912   18.9086
    0.0000    7.5000  -37.500012151.2900   18.9179
    7.5000    7.5000  -37.500011605.8418   18.9142
   -7.5000   15.0000  -37.500010945.5547   18.8553
    0.0000   15.0000  -37.500011420.9150   18.8594
    7.5000   15.0000  -37.500010914.5527   18.8608
   -7.5000   22.5000  -37.500010175.7119   18.8520
    0.0000   22.5000  -37.500010596.2939   18.8557
    7.5000   22.5000  -37.500010133.1445   18.8568
   -7.5000   30.0000  -37.5000 9354.4639   18.6488
    0.0000   30.0000  -37.5000 9735.9648   18.6563
    7.5000   30.0000  -37.5000 9287.3906   18.6539
   -7.5000   37.5000  -37.5000 8828.6748   18.7001
    0.0000   37.5000  -37.5000 9193.1699   18.7116
    7.5000   37.5000  -37.5000 8777.2266   18.7047
   -7.5000   45.0000  -37.5000 7971.0879   18.2323
    0.0000   45.0000  -37.5000 8281.2627   18.2448
    7.5000   45.0000  -37.5000 7915.0063   18.2365
   -7.5000  -45.0000  -30.0000 9243.0684   19.7242
    0.0000  -45.0000  -30.0000 9689.5938   19.7188
    7.5000  -45.0000  -30.0000 9242.9814   19.7102
   -7.5000  -37.5000  -30.0000 9769.3887   19.6710
    0.0000  -37.5000  -30.000010239.2891   19.6648
    7.5000  -37.5000  -30.0000 9767.1299   19.6609
   -7.5000  -30.0000  -30.000010557.6494   19.6240
    0.0000  -30.0000  -30.000011077.8105   19.6140
    7.5000  -30.0000  -30.000010567.1836   19.6114
   -7.5000  -22.5000  -30.000011271.1768   19.6284
    0.0000  -22.5000  -30.000011858.4014   19.6161
    7.5000  -22.5000  -30.000011263.4668   19.6105
   -7.5000  -15.0000  -30.000011898.9629   19.6742
    0.0000  -15.0000  -30.000012514.5332   19.6627
    7.5000  -15.0000  -30.000011876.9629   19.6533
   -7.5000   -7.5000  -30.000012431.1416   19.7192
    0.0000   -7.5000  -30.000013075.0049   19.7108
    7.5000   -7.5000  -30.000012415.9854   19.6999
   -7.5000    0.0000  -30.000012981.3457   19.7204
    0.0000    0.0000  -30.000013618.6094   19.7151
    7.5000    0.0000  -30.000012965.2500   19.7064
   -7.5000    7.5000  -30.000012552.5576   19.6710
    0.0000    7.5000  -30.000013120.9688   19.6648
    7.5000    7.5000  -30.000012493.4424   19.6609
   -7.5000   15.0000  -30.000011802.3574   19.6240
    0.0000   15.0000  -30.000012320.1436   19.6140
    7.5000   15.0000  -30.000011714.7119   19.6114
   -7.5000   22.5000  -30.000010957.4619   19.6237
    0.0000   22.5000  -30.000011418.6318   19.6114
    7.5000   22.5000  -30.000010852.7842   19.6058
   -7.5000   30.0000  -30.000010034.3936   19.4138
    0.0000   30.0000  -30.000010454.1855   19.4026
    7.5000   30.0000  -30.0000 9949.1943   19.3933
   -7.5000   37.5000  -30.0000 9457.2354   19.4583
    0.0000   37.5000  -30.0000 9871.1689   19.4499
    7.5000   37.5000  -30.0000 9395.0986   19.4392
   -7.5000   45.0000  -30.0000 8512.4912   18.9775
    0.0000   45.0000  -30.0000 8858.5137   18.9723
    7.5000   45.0000  -30.0000 8441.5801   18.9640
   -7.5000  -45.0000  -22.500010029.8027   20.4173
    0.0000  -45.0000  -22.500010518.9229   20.4038
    7.5000  -45.0000  -22.500010022.1621   20.3881
   -7.5000  -37.5000  -22.500010575.8867   20.3708
    0.0000  -37.5000  -22.500011094.3447   20.3610
    7.5000  -37.5000  -22.500010557.8994   20.3498
   -7.5000  -30.0000  -22.500011405.0752   20.3310
    0.0000  -30.0000  -22.500011977.6816   20.3206
    7.5000  -30.0000  -22.500011403.2588   20.3114
   -7.5000  -22.5000  -22.500012163.4189   20.3384
    0.0000  -22.5000  -22.500012818.4434   20.3237
    7.5000  -22.5000  -22.500012147.7354   20.3118
   -7.5000  -15.0000  -22.500012832.1504   20.3790
    0.0000  -15.0000  -22.500013539.1465   20.3602
    7.5000  -15.0000  -22.500012785.7539   20.3444
   -7.5000   -7.5000  -22.500013402.9844   20.4142
    0.0000   -7.5000  -22.500014128.3340   20.3960
    7.5000   -7.5000  -22.500013349.7383   20.3783
   -7.5000    0.0000  -22.500013963.5215   20.4134
    0.0000    0.0000  -22.500014692.9199   20.3999
    7.5000    0.0000  -22.500013901.7607   20.3841
   -7.5000    7.5000  -22.500013435.0215   20.3708
    0.0000    7.5000  -22.500014105.0986   20.3610
    7.5000    7.5000  -22.500013316.3965   20.3498
   -7.5000   15.0000  -22.500012605.7236   20.3310
    0.0000   15.0000  -22.500013204.8564   20.3206
    7.5000   15.0000  -22.500012487.3838   20.3114
   -7.5000   22.5000  -22.500011695.5166   20.3322
    0.0000   22.5000  -22.500012231.2256   20.3174
    7.5000   22.5000  -22.500011574.0068   20.3055
   -7.5000   30.0000  -22.500010731.2227   20.1125
    0.0000   30.0000  -22.500011190.9229   20.0939
    7.5000   30.0000  -22.500010592.8350   20.0782
   -7.5000   37.5000  -22.500010089.4678   20.1471
    0.0000   37.5000  -22.500010525.9102   20.1293
    7.5000   37.5000  -22.5000 9994.7969   20.1118
   -7.5000   45.0000  -22.5000 9076.4814   19.6591
    0.0000   45.0000  -22.5000 9441.9209   19.6461
    7.5000   45.0000  -22.5000 8986.0303   19.6309
   -7.5000  -45.0000  -15.000010816.2070   20.9497
    0.0000  -45.0000  -15.000011327.9951   20.9443
    7.5000  -45.0000  -15.000010796.0654   20.9214
   -7.5000  -37.5000  -15.000011364.0576   20.9043
    0.0000  -37.5000  -15.000011937.9736   20.9042
    7.5000  -37.5000  -15.000011347.2363   20.8863
   -7.5000  -30.0000  -15.000012236.2109   20.8647
    0.0000  -30.0000  -15.000012857.9834   20.8658
    7.5000  -30.0000  -15.000012232.4277   20.8538
   -7.5000  -22.5000  -15.000013057.5742   20.8725
    0.0000  -22.5000  -15.000013742.2373   20.8695
    7.5000  -22.5000  -15.000013012.9795   20.8577
   -7.5000  -15.0000  -15.000013728.6934   20.9114
    0.0000  -15.0000  -15.000014489.2832   20.9033
    7.5000  -15.0000  -15.000013659.0654   20.8872
   -7.5000   -7.5000  -15.000014333.6895   20.9448
    0.0000   -7.5000  -15.000015124.3672   20.9356
    7.5000   -7.5000  -15.000014236.9209   20.9143
   -7.5000    0.0000  -15.000014917.2363   20.9456
    0.0000    0.0000  -15.000015744.7988   20.9403
    7.5000    0.0000  -15.000014812.6719   20.9173
   -7.5000    7.5000  -15.000014295.6357   20.9043
    0.0000    7.5000  -15.000015043.2715   20.9042
    7.5000    7.5000  -15.000014124.7988   20.8863
   -7.5000   15.0000  -15.000013407.4902   20.8647
    0.0000   15.0000  -15.000014084.1973   20.8658
    7.5000   15.0000  -15.000013239.7773   20.8538
   -7.5000   22.5000  -15.000012438.6191   20.8651
    0.0000   22.5000  -15.000013051.9941   20.8621
    7.5000   22.5000  -15.000012273.8652   20.8504
   -7.5000   30.0000  -15.000011381.0137   20.6408
    0.0000   30.0000  -15.000011915.2607   20.6327
    7.5000   30.0000  -15.000011219.7666   20.6169
   -7.5000   37.5000  -15.000010686.7510   20.6738
    0.0000   37.5000  -15.000011131.5947   20.6646
    7.5000   37.5000  -15.000010534.9971   20.6436
   -7.5000   45.0000  -15.0000 9593.6436   20.1839
    0.0000   45.0000  -15.0000 9985.6758   20.1787
    7.5000   45.0000  -15.0000 9468.8115   20.1565
   -7.5000  -45.0000   -7.500011594.8721   21.2279
    0.0000  -45.0000   -7.500012152.5625   21.2427
    7.5000  -45.0000   -7.500011577.2119   21.2212
   -7.5000  -37.5000   -7.500012181.6055   21.1743
    0.0000  -37.5000   -7.500012758.7266   21.1895
    7.5000  -37.5000   -7.500012130.0488   21.1733
   -7.5000  -30.0000   -7.500013111.6455   21.1236
    0.0000  -30.0000   -7.500013726.2402   21.1374
    7.5000  -30.0000   -7.500013055.1123   21.1298
   -7.5000  -22.5000   -7.500013954.1611   21.1278
    0.0000  -22.5000   -7.500014657.8828   21.1401
    7.5000  -22.5000   -7.500013879.5518   21.1349
   -7.5000  -15.0000   -7.500014632.2002   21.1732
    0.0000  -15.0000   -7.500015418.8477   21.1853
    7.5000  -15.0000   -7.500014550.5840   21.1759
   -7.5000   -7.5000   -7.500015247.7412   21.2184
    0.0000   -7.5000   -7.500016062.3574   21.2314
    7.5000   -7.5000   -7.500015144.4355   21.2146
   -7.5000    0.0000   -7.500015879.9570   21.2238
    0.0000    0.0000   -7.500016713.6836   21.2385
    7.5000    0.0000   -7.500015733.7988   21.2170
   -7.5000    7.5000   -7.500015148.3164   21.1743
    0.0000    7.5000   -7.500015893.7910   21.1895
    7.5000    7.5000   -7.500014939.6416   21.1733
   -7.5000   15.0000   -7.500014190.0352   21.1236
    0.0000   15.0000   -7.500014898.6670   21.1374
    7.5000   15.0000   -7.500013986.7217   21.1298
   -7.5000   22.5000   -7.500013154.9697   21.1181
    0.0000   22.5000   -7.500013836.5557   21.1303
    7.5000   22.5000   -7.500012953.2246   21.1251
   -7.5000   30.0000   -7.500012057.8379   20.8986
    0.0000   30.0000   -7.500012648.0127   20.9105
    7.5000   30.0000   -7.500011885.0527   20.9013
   -7.5000   37.5000   -7.500011287.7686   20.9432
    0.0000   37.5000   -7.500011780.9365   20.9561
    7.5000   37.5000   -7.500011112.9424   20.9395
   -7.5000   45.0000   -7.500010045.8955   20.4558
    0.0000   45.0000   -7.500010499.8203   20.4699
    7.5000   45.0000   -7.5000 9931.9375   20.4492
   -7.5000  -45.0000    0.000012267.4551   21.2631
    0.0000  -45.0000    0.000012817.5752   21.2895
    7.5000  -45.0000    0.000012266.9756   21.2748
   -7.5000  -37.5000    0.000012843.3574   21.2026
    0.0000  -37.5000    0.000013417.0225   21.2250
    7.5000  -37.5000    0.000012841.3828   21.2156
   -7.5000  -30.0000    0.000013849.5928   21.1417
    0.0000  -30.0000    0.000014479.3164   21.1590
    7.5000  -30.0000    0.000013820.7119   21.1584
   -7.5000  -22.5000    0.000014745.6465   21.1402
    0.0000  -22.5000    0.000015419.9883   21.1576
    7.5000  -22.5000    0.000014678.0234   21.1593
   -7.5000  -15.0000    0.000015448.7578   21.1903
    0.0000  -15.0000    0.000016162.2246   21.2123
    7.5000  -15.0000    0.000015385.9424   21.2102
   -7.5000   -7.5000    0.000016106.5400   21.2481
    0.0000   -7.5000    0.000016861.1426   21.2740
    7.5000   -7.5000    0.000016016.5137   21.2644
   -7.5000    0.0000    0.000016718.8125   21.2590
    0.0000    0.0000    0.000017483.4336   21.2854
    7.5000    0.0000    0.000016621.8633   21.2707
   -7.5000    7.5000    0.000015855.7754   21.2026
    0.0000    7.5000    0.000016550.2227   21.2250
    7.5000    7.5000    0.000015705.4521   21.2156
   -7.5000   15.0000    0.000014821.8389   21.1417
    0.0000   15.0000    0.000015491.6758   21.1590
    7.5000   15.0000    0.000014642.1230   21.1584
   -7.5000   22.5000    0.000013744.8018   21.1304
    0.0000   22.5000    0.000014387.3545   21.1478
    7.5000   22.5000    0.000013552.6553   21.1496
   -7.5000   30.0000    0.000012605.0293   20.9160
    0.0000   30.0000    0.000013211.9707   20.9377
    7.5000   30.0000    0.000012431.3789   20.9358
   -7.5000   37.5000    0.000011783.5811   20.9731
    0.0000   37.5000    0.000012313.9639   20.9987
    7.5000   37.5000    0.000011625.0459   20.9892
   -7.5000   45.0000    0.000010467.0156   20.4912
    0.0000   45.0000    0.000010928.9404   20.5167
    7.5000   45.0000    0.000010353.6094   20.5025
   -7.5000  -45.0000    7.500011959.0020   21.2152
    0.0000  -45.0000    7.500012487.6465   21.2297
    7.5000  -45.0000    7.500012009.4912   21.2204
   -7.5000  -37.5000    7.500012486.0762   21.1537
    0.0000  -37.5000    7.500013016.0215   21.1642
    7.5000  -37.5000    7.500012547.2891   21.1603
   -7.5000  -30.0000    7.500013455.8252   21.0941
    0.0000  -30.0000    7.500013999.2910   21.0987
    7.5000  -30.0000    7.500013485.3975   21.1005
   -7.5000  -22.5000    7.500014266.8711   21.0933
    0.0000  -22.5000    7.500014815.1357   21.0975
    7.5000  -22.5000    7.500014287.6475   21.0989
   -7.5000  -15.0000    7.500014991.5205   21.1447
    0.0000  -15.0000    7.500015614.1152   21.1533
    7.5000  -15.0000    7.500014974.0107   21.1508
   -7.5000   -7.5000    7.500015651.1299   21.2029
    0.0000   -7.5000    7.500016341.8926   21.2160
    7.5000   -7.5000    7.500015652.0010   21.2084
   -7.5000    0.0000    7.500016190.0811   21.2112
    0.0000    0.0000    7.500016905.3184   21.2257
    7.5000    0.0000    7.500016207.5010   21.2163
   -7.5000    7.5000    7.500015310.8828   21.1537
    0.0000    7.5000    7.500015931.5088   21.1642
    7.5000    7.5000    7.500015260.8779   21.1603
   -7.5000   15.0000    7.500014280.1904   21.0941
    0.0000   15.0000    7.500014876.9629   21.0987
    7.5000   15.0000    7.500014185.8232   21.1005
   -7.5000   22.5000    7.500013257.8428   21.0836
    0.0000   22.5000    7.500013807.2041   21.0878
    7.5000   22.5000    7.500013136.1543   21.0892
   -7.5000   30.0000    7.500012178.4961   20.8711
    0.0000   30.0000    7.500012687.5742   20.8796
    7.5000   30.0000    7.500012034.6240   20.8770
   -7.5000   37.5000    7.500011383.3496   20.9285
    0.0000   37.5000    7.500011840.0449   20.9414
    7.5000   37.5000    7.500011224.7031   20.9339
   -7.5000   45.0000    7.500010089.7324   20.4451
    0.0000   45.0000    7.500010502.3018   20.4591
    7.5000   45.0000    7.5000 9967.0264   20.4500
   -7.5000  -45.0000   15.000011559.6982   21.1805
    0.0000  -45.0000   15.000012024.4131   21.1748
    7.5000  -45.0000   15.000011573.0820   21.1655
   -7.5000  -37.5000   15.000012059.5449   21.1234
    0.0000  -37.5000   15.000012526.3359   21.1168
    7.5000  -37.5000   15.000012100.6318   21.1125
   -7.5000  -30.0000   15.000012972.5957   21.0729
    0.0000  -30.0000   15.000013451.0586   21.0622
    7.5000  -30.0000   15.000012990.3154   21.0595
   -7.5000  -22.5000   15.000013767.2637   21.0777
    0.0000  -22.5000   15.000014230.3945   21.0644
    7.5000  -22.5000   15.000013799.4512   21.0584
   -7.5000  -15.0000   15.000014475.0244   21.1268
    0.0000  -15.0000   15.000014988.4990   21.1145
    7.5000  -15.0000   15.000014487.4473   21.1045
   -7.5000   -7.5000   15.000015123.3701   21.1752
    0.0000   -7.5000   15.000015712.2129   21.1661
    7.5000   -7.5000   15.000015152.5410   21.1545
   -7.5000    0.0000   15.000015641.9316   21.1765
    0.0000    0.0000   15.000016241.4600   21.1707
    7.5000    0.0000   15.000015691.0176   21.1615
   -7.5000    7.5000   15.000014762.6689   21.1234
    0.0000    7.5000   15.000015295.4082   21.1168
    7.5000    7.5000   15.000014722.5361   21.1125
   -7.5000   15.0000   15.000013701.7969   21.0729
    0.0000   15.0000   15.000014227.4492   21.0622
    7.5000   15.0000   15.000013628.4307   21.0595
   -7.5000   22.5000   15.000012706.1406   21.0679
    0.0000   22.5000   15.000013187.4414   21.0547
    7.5000   22.5000   15.000012599.1543   21.0487
   -7.5000   30.0000   15.000011634.3857   20.8534
    0.0000   30.0000   15.000012063.8984   20.8413
    7.5000   30.0000   15.000011531.2637   20.8313
   -7.5000   37.5000   15.000010840.5400   20.9012
    0.0000   37.5000   15.000011211.8164   20.8922
    7.5000   37.5000   15.000010720.1162   20.8807
   -7.5000   45.0000   15.0000 9606.1660   20.4117
    0.0000   45.0000   15.0000 9938.0859   20.4062
    7.5000   45.0000   15.0000 9493.5811   20.3972
   -7.5000  -45.0000   22.500011075.0830   21.1948
    0.0000  -45.0000   22.500011548.7480   21.1808
    7.5000  -45.0000   22.500011104.4863   21.1645
   -7.5000  -37.5000   22.500011564.0107   21.1465
    0.0000  -37.5000   22.500012003.4785   21.1363
    7.5000  -37.5000   22.500011607.2197   21.1247
   -7.5000  -30.0000   22.500012428.1914   21.1053
    0.0000  -30.0000   22.500012849.5742   21.0945
    7.5000  -30.0000   22.500012464.8330   21.0849
   -7.5000  -22.5000   22.500013263.3135   21.1129
    0.0000  -22.5000   22.500013646.2236   21.0976
    7.5000  -22.5000   22.500013271.2578   21.0853
   -7.5000  -15.0000   22.500013975.7002   21.1551
    0.0000  -15.0000   22.500014365.3750   21.1356
    7.5000  -15.0000   22.500013953.0625   21.1191
   -7.5000   -7.5000   22.500014573.3096   21.1916
    0.0000   -7.5000   22.500015020.2910   21.1727
    7.5000   -7.5000   22.500014554.5742   21.1544
   -7.5000    0.0000   22.500015084.9473   21.1908
    0.0000    0.0000   22.500015563.3486   21.1767
    7.5000    0.0000   22.500015033.2178   21.1604
   -7.5000    7.5000   22.500014186.5322   21.1465
    0.0000    7.5000   22.500014664.8340   21.1363
    7.5000    7.5000   22.500014083.3105   21.1247
   -7.5000   15.0000   22.500013136.6758   21.1053
    0.0000   15.0000   22.500013605.5967   21.0945
    7.5000   15.0000   22.500013026.6650   21.0849
   -7.5000   22.5000   22.500012139.1221   21.1032
    0.0000   22.5000   22.500012597.5986   21.0879
    7.5000   22.5000   22.500012006.3945   21.0756
   -7.5000   30.0000   22.500011046.7285   20.8813
    0.0000   30.0000   22.500011475.2295   20.8620
    7.5000   30.0000   22.500010928.9287   20.8458
   -7.5000   37.5000   22.500010237.5332   20.9173
    0.0000   37.5000   22.500010631.7139   20.8987
    7.5000   37.5000   22.500010145.2324   20.8806
   -7.5000   45.0000   22.5000 9054.2441   20.4255
    0.0000   45.0000   22.5000 9383.5459   20.4119
    7.5000   45.0000   22.5000 8965.0010   20.3962
   -7.5000  -45.0000   30.000010471.5361   21.2677
    0.0000  -45.0000   30.000010955.2754   21.2626
    7.5000  -45.0000   30.000010491.4463   21.2397
   -7.5000  -37.5000   30.000010969.3027   21.2213
    0.0000  -37.5000   30.000011442.4043   21.2216
    7.5000  -37.5000   30.000010981.0566   21.2038
   -7.5000  -30.0000   30.000011798.5352   21.1805
    0.0000  -30.0000   30.000012280.8711   21.1820
    7.5000  -30.0000   30.000011799.2500   21.1703
   -7.5000  -22.5000   30.000012549.7725   21.1881
    0.0000  -22.5000   30.000013060.5439   21.1855
    7.5000  -22.5000   30.000012537.2881   21.1739
   -7.5000  -15.0000   30.000013202.3936   21.2280
    0.0000  -15.0000   30.000013747.6465   21.2200
    7.5000  -15.0000   30.000013155.5010   21.2041
   -7.5000   -7.5000   30.000013770.7490   21.2624
    0.0000   -7.5000   30.000014344.3604   21.2533
    7.5000   -7.5000   30.000013712.1631   21.2321
   -7.5000    0.0000   30.000014249.2197   21.2636
    0.0000    0.0000   30.000014805.3604   21.2584
    7.5000    0.0000   30.000014185.1045   21.2355
   -7.5000    7.5000   30.000013380.7012   21.2213
    0.0000    7.5000   30.000013870.1943   21.2216
    7.5000    7.5000   30.000013285.4531   21.2038
   -7.5000   15.0000   30.000012423.5488   21.1805
    0.0000   15.0000   30.000012875.9395   21.1820
    7.5000   15.0000   30.000012305.3965   21.1703
   -7.5000   22.5000   30.000011468.8994   21.1784
    0.0000   22.5000   30.000011875.1885   21.1757
    7.5000   22.5000   30.000011328.6426   21.1642
   -7.5000   30.0000   30.000010419.8242   20.9533
    0.0000   30.0000   30.000010800.3379   20.9454
    7.5000   30.0000   30.000010304.8545   20.9297
   -7.5000   37.5000   30.0000 9631.5781   20.9872
    0.0000   37.5000   30.0000 9987.3047   20.9783
    7.5000   37.5000   30.0000 9536.3330   20.9573
   -7.5000   45.0000   30.0000 8520.3779   20.4956
    0.0000   45.0000   30.0000 8818.3555   20.4907
    7.5000   45.0000   30.0000 8431.6064   20.4686
   -7.5000  -45.0000   37.500010165.7793   21.3942
    0.0000  -45.0000   37.500010709.1221   21.4099
    7.5000  -45.0000   37.500010194.8330   21.3885
   -7.5000  -37.5000   37.500010651.1133   21.3398
    0.0000  -37.5000   37.500011205.1826   21.3560
    7.5000  -37.5000   37.500010690.3691   21.3397
   -7.5000  -30.0000   37.500011455.0059   21.2874
    0.0000  -30.0000   37.500012013.3711   21.3024
    7.5000  -30.0000   37.500011479.1826   21.2951
   -7.5000  -22.5000   37.500012171.9775   21.2911
    0.0000  -22.5000   37.500012752.4033   21.3047
    7.5000  -22.5000   37.500012198.1270   21.2998
   -7.5000  -15.0000   37.500012767.8955   21.3372
    0.0000  -15.0000   37.500013377.8555   21.3506
    7.5000  -15.0000   37.500012786.3682   21.3417
   -7.5000   -7.5000   37.500013311.2090   21.3838
    0.0000   -7.5000   37.500013929.0078   21.3980
    7.5000   -7.5000   37.500013320.7373   21.3814
   -7.5000    0.0000   37.500013803.6260   21.3901
    0.0000    0.0000   37.500014413.2939   21.4057
    7.5000    0.0000   37.500013801.3145   21.3843
   -7.5000    7.5000   37.500012992.6875   21.3398
    0.0000    7.5000   37.500013551.0537   21.3560
    7.5000    7.5000   37.500012959.6611   21.3397
   -7.5000   15.0000   37.500012099.7148   21.2874
    0.0000   15.0000   37.500012607.3193   21.3024
    7.5000   15.0000   37.500012049.2041   21.2951
   -7.5000   22.5000   37.500011168.8994   21.2813
    0.0000   22.5000   37.500011622.8066   21.2949
    7.5000   22.5000   37.500011082.0742   21.2900
   -7.5000   30.0000   37.500010149.7607   21.0611
    0.0000   30.0000   37.500010579.3721   21.0743
    7.5000   30.0000   37.500010081.4248   21.0655
   -7.5000   37.5000   37.5000 9405.0947   21.1070
    0.0000   37.5000   37.5000 9796.9336   21.1211
    7.5000   37.5000   37.5000 9339.8604   21.1046
   -7.5000   45.0000   37.5000 8311.7129   20.6176
    0.0000   45.0000   37.5000 8628.0898   20.6326
    7.5000   45.0000   37.5000 8247.3662   20.6120
   -7.5000  -45.0000   45.0000 9348.3330   21.3790
    0.0000  -45.0000   45.0000 9835.7617   21.4068
    7.5000  -45.0000   45.0000 9370.0625   21.3916
   -7.5000  -37.5000   45.0000 9792.9141   21.3178
    0.0000  -37.5000   45.000010304.6143   21.3416
    7.5000  -37.5000   45.0000 9814.0049   21.3316
   -7.5000  -30.0000   45.000010534.9463   21.2543
    0.0000  -30.0000   45.000011072.3408   21.2729
    7.5000  -30.0000   45.000010565.1143   21.2721
   -7.5000  -22.5000   45.000011178.5166   21.2509
    0.0000  -22.5000   45.000011755.1064   21.2699
    7.5000  -22.5000   45.000011233.8730   21.2716
   -7.5000  -15.0000   45.000011717.2012   21.3017
    0.0000  -15.0000   45.000012315.3457   21.3254
    7.5000  -15.0000   45.000011785.4150   21.3233
   -7.5000   -7.5000   45.000012240.2842   21.3621
    0.0000   -7.5000   45.000012848.0889   21.3895
    7.5000   -7.5000   45.000012293.5518   21.3797
   -7.5000    0.0000   45.000012730.3359   21.3749
    0.0000    0.0000   45.000013325.0469   21.4027
    7.5000    0.0000   45.000012763.6309   21.3874
   -7.5000    7.5000   45.000011991.9033   21.3178
    0.0000    7.5000   45.000012545.1680   21.3416
    7.5000    7.5000   45.000012013.0166   21.3316
   -7.5000   15.0000   45.000011192.3438   21.2543
    0.0000   15.0000   45.000011684.3154   21.2729
    7.5000   15.0000   45.000011209.7461   21.2721
   -7.5000   22.5000   45.000010327.7529   21.2411
    0.0000   22.5000   45.000010777.6250   21.2600
    7.5000   22.5000   45.000010317.0312   21.2617
   -7.5000   30.0000   45.0000 9406.9512   21.0242
    0.0000   30.0000   45.0000 9829.8506   21.0475
    7.5000   30.0000   45.0000 9389.1094   21.0455
   -7.5000   37.5000   45.0000 8733.0117   21.0838
    0.0000   37.5000   45.0000 9098.7656   21.1108
    7.5000   37.5000   45.0000 8707.8799   21.1012
   -7.5000   45.0000   45.0000 7732.5371   20.6123
    0.0000   45.0000   45.0000 8044.8979   20.6391
    7.5000   45.0000   45.0000 7699.9702   20.6244

---------------------------------------------------------------------
imgreg_4dfp /opt/freesurfer/average/711-2C_as_mni_average_305 /opt/freesurfer/average/711-2B_as_mni_average_305_mask talsrcimg_g11 none talsrcimg_to_711-2C_as_mni_average_305_t4 4355
---------------------------------------------------------------------

freesurfer imgreg_4dfp.c
/opt/freesurfer/average/711-2C_as_mni_average_305.4dfp.img
       256       256       256         1
  1.000000  1.000000  1.000000
orientation T byte_order littleendian
Reading image: /opt/freesurfer/average/711-2C_as_mni_average_305.4dfp.img
dimensions:      256       256       256
mmppix:       1.0000   -1.0000   -1.0000
center:     128.0000 -129.0000 -129.0000
/opt/freesurfer/average/711-2B_as_mni_average_305_mask.4dfp.img
       256       256       256         1
  1.000000  1.000000  1.000000
orientation T byte_order littleendian
Reading mask: /opt/freesurfer/average/711-2B_as_mni_average_305_mask.4dfp.img (2306576 pixels)
talsrcimg_g11.4dfp.img
       256       256       256         1
  1.000000  1.000000  1.000000
orientation T byte_order littleendian
Reading image: talsrcimg_g11.4dfp.img
dimensions:      256       256       256
mmppix:       1.0000   -1.0000   -1.0000
center:     128.0000 -129.0000 -129.0000
rotation matrix determinant  1.000000
image alignment mode   4355 decimal     1103 hex
   -7.5000  -45.0000  -45.0000 2016.8431   21.8266
    0.0000  -45.0000  -45.0000 2026.3430   21.6817
    7.5000  -45.0000  -45.0000 2016.8344   21.8008
   -7.5000  -37.5000  -45.0000 2076.4248   20.3347
    0.0000  -37.5000  -45.0000 2088.8838   20.2217
    7.5000  -37.5000  -45.0000 2081.2354   20.3155
   -7.5000  -30.0000  -45.0000 2111.4626   19.3333
    0.0000  -30.0000  -45.0000 2124.4905   19.1707
    7.5000  -30.0000  -45.0000 2110.1970   19.2361
   -7.5000  -22.5000  -45.0000 2120.5525   18.6713
    0.0000  -22.5000  -45.0000 2135.5151   18.4566
    7.5000  -22.5000  -45.0000 2121.2546   18.5656
   -7.5000  -15.0000  -45.0000 2118.1294   18.4126
    0.0000  -15.0000  -45.0000 2134.7820   18.1942
    7.5000  -15.0000  -45.0000 2128.3508   18.2694
   -7.5000   -7.5000  -45.0000 2110.6855   18.4838
    0.0000   -7.5000  -45.0000 2132.8730   18.2364
    7.5000   -7.5000  -45.0000 2121.1079   18.3811
   -7.5000    0.0000  -45.0000 2085.8855   19.0136
    0.0000    0.0000  -45.0000 2109.9902   18.7520
    7.5000    0.0000  -45.0000 2094.0076   18.8469
   -7.5000    7.5000  -45.0000 2046.3657   19.9235
    0.0000    7.5000  -45.0000 2069.2917   19.6680
    7.5000    7.5000  -45.0000 2054.9490   19.7619
   -7.5000   15.0000  -45.0000 1986.4907   21.2944
    0.0000   15.0000  -45.0000 2003.4172   21.0040
    7.5000   15.0000  -45.0000 1994.0549   21.1346
   -7.5000   22.5000  -45.0000 1909.2418   23.1033
    0.0000   22.5000  -45.0000 1927.5835   22.7671
    7.5000   22.5000  -45.0000 1918.3348   23.0505
   -7.5000   30.0000  -45.0000 1818.4152   25.6607
    0.0000   30.0000  -45.0000 1837.9532   25.3304
    7.5000   30.0000  -45.0000 1822.1085   25.5853
   -7.5000   37.5000  -45.0000 1711.5336   29.3000
    0.0000   37.5000  -45.0000 1732.4413   29.0149
    7.5000   37.5000  -45.0000 1715.8259   29.1189
   -7.5000   45.0000  -45.0000 1608.8101   34.1117
    0.0000   45.0000  -45.0000 1614.4640   33.9219
    7.5000   45.0000  -45.0000 1607.4974   33.9171
   -7.5000  -45.0000  -37.5000 2118.8301   19.8925
    0.0000  -45.0000  -37.5000 2133.3892   19.7848
    7.5000  -45.0000  -37.5000 2115.5056   19.8573
   -7.5000  -37.5000  -37.5000 2183.5403   18.4811
    0.0000  -37.5000  -37.5000 2195.4714   18.3939
    7.5000  -37.5000  -37.5000 2181.4153   18.4476
   -7.5000  -30.0000  -37.5000 2217.6687   17.5172
    0.0000  -30.0000  -37.5000 2230.7561   17.3930
    7.5000  -30.0000  -37.5000 2215.2090   17.4428
   -7.5000  -22.5000  -37.5000 2227.3027   16.9383
    0.0000  -22.5000  -37.5000 2246.9573   16.7912
    7.5000  -22.5000  -37.5000 2231.9888   16.8604
   -7.5000  -15.0000  -37.5000 2223.1816   16.7278
    0.0000  -15.0000  -37.5000 2243.6179   16.5678
    7.5000  -15.0000  -37.5000 2233.1235   16.6554
   -7.5000   -7.5000  -37.5000 2211.0625   16.8200
    0.0000   -7.5000  -37.5000 2232.8469   16.6327
    7.5000   -7.5000  -37.5000 2219.6731   16.7233
   -7.5000    0.0000  -37.5000 2188.7747   17.2768
    0.0000    0.0000  -37.5000 2210.9033   17.0416
    7.5000    0.0000  -37.5000 2191.3186   17.1536
   -7.5000    7.5000  -37.5000 2147.8091   18.0835
    0.0000    7.5000  -37.5000 2166.8425   17.8475
    7.5000    7.5000  -37.5000 2150.9839   17.9740
   -7.5000   15.0000  -37.5000 2082.8435   19.3388
    0.0000   15.0000  -37.5000 2104.3503   19.0883
    7.5000   15.0000  -37.5000 2091.2266   19.2527
   -7.5000   22.5000  -37.5000 2004.6190   21.0557
    0.0000   22.5000  -37.5000 2023.3506   20.7720
    7.5000   22.5000  -37.5000 2010.1731   20.9861
   -7.5000   30.0000  -37.5000 1905.5746   23.3852
    0.0000   30.0000  -37.5000 1924.4818   23.0472
    7.5000   30.0000  -37.5000 1903.1724   23.2628
   -7.5000   37.5000  -37.5000 1796.3302   26.6356
    0.0000   37.5000  -37.5000 1818.2007   26.3014
    7.5000   37.5000  -37.5000 1802.1809   26.4881
   -7.5000   45.0000  -37.5000 1675.5283   30.9633
    0.0000   45.0000  -37.5000 1685.0469   30.6990
    7.5000   45.0000  -37.5000 1676.0996   30.8616
   -7.5000  -45.0000  -30.0000 2251.5120   18.7388
    0.0000  -45.0000  -30.0000 2262.2781   18.6849
    7.5000  -45.0000  -30.0000 2244.4236   18.7322
   -7.5000  -37.5000  -30.0000 2321.6240   17.4091
    0.0000  -37.5000  -30.0000 2327.6235   17.3322
    7.5000  -37.5000  -30.0000 2313.6128   17.3342
   -7.5000  -30.0000  -30.0000 2359.5930   16.4891
    0.0000  -30.0000  -30.0000 2372.0242   16.3828
    7.5000  -30.0000  -30.0000 2358.7151   16.4052
   -7.5000  -22.5000  -30.0000 2379.4570   15.9634
    0.0000  -22.5000  -30.0000 2398.4785   15.8463
    7.5000  -22.5000  -30.0000 2380.2590   15.8534
   -7.5000  -15.0000  -30.0000 2383.5691   15.7764
    0.0000  -15.0000  -30.0000 2405.5842   15.6340
    7.5000  -15.0000  -30.0000 2384.5166   15.6756
   -7.5000   -7.5000  -30.0000 2369.8745   15.8554
    0.0000   -7.5000  -30.0000 2390.0010   15.7058
    7.5000   -7.5000  -30.0000 2375.9578   15.7755
   -7.5000    0.0000  -30.0000 2341.3164   16.2960
    0.0000    0.0000  -30.0000 2362.9207   16.1105
    7.5000    0.0000  -30.0000 2347.6135   16.2081
   -7.5000    7.5000  -30.0000 2292.8516   17.0879
    0.0000    7.5000  -30.0000 2314.5566   16.8713
    7.5000    7.5000  -30.0000 2300.7937   16.9850
   -7.5000   15.0000  -30.0000 2224.4258   18.3091
    0.0000   15.0000  -30.0000 2245.7969   18.0753
    7.5000   15.0000  -30.0000 2227.8203   18.1961
   -7.5000   22.5000  -30.0000 2138.2346   19.9306
    0.0000   22.5000  -30.0000 2154.1284   19.6759
    7.5000   22.5000  -30.0000 2136.5479   19.8300
   -7.5000   30.0000  -30.0000 2030.4880   22.1926
    0.0000   30.0000  -30.0000 2046.2531   21.8841
    7.5000   30.0000  -30.0000 2023.0635   22.0253
   -7.5000   37.5000  -30.0000 1910.1539   25.1253
    0.0000   37.5000  -30.0000 1931.5151   24.8504
    7.5000   37.5000  -30.0000 1909.4271   25.0227
   -7.5000   45.0000  -30.0000 1779.4056   29.1951
    0.0000   45.0000  -30.0000 1792.4302   28.8126
    7.5000   45.0000  -30.0000 1774.6011   29.0390
   -7.5000  -45.0000  -22.5000 2351.5554   17.5997
    0.0000  -45.0000  -22.5000 2363.8677   17.5280
    7.5000  -45.0000  -22.5000 2348.8779   17.4774
   -7.5000  -37.5000  -22.5000 2427.5630   16.2621
    0.0000  -37.5000  -22.5000 2438.4724   16.2037
    7.5000  -37.5000  -22.5000 2425.3835   16.1808
   -7.5000  -30.0000  -22.5000 2474.0366   15.4233
    0.0000  -30.0000  -22.5000 2487.3704   15.3261
    7.5000  -30.0000  -22.5000 2472.8064   15.3102
   -7.5000  -22.5000  -22.5000 2503.5569   14.9174
    0.0000  -22.5000  -22.5000 2524.8757   14.8265
    7.5000  -22.5000  -22.5000 2506.7529   14.8170
   -7.5000  -15.0000  -22.5000 2516.1614   14.7564
    0.0000  -15.0000  -22.5000 2541.5852   14.6201
    7.5000  -15.0000  -22.5000 2521.0552   14.6572
   -7.5000   -7.5000  -22.5000 2505.7834   14.8843
    0.0000   -7.5000  -22.5000 2534.3279   14.7440
    7.5000   -7.5000  -22.5000 2513.3618   14.7470
   -7.5000    0.0000  -22.5000 2476.7456   15.3245
    0.0000    0.0000  -22.5000 2504.9023   15.1523
    7.5000    0.0000  -22.5000 2481.3596   15.1995
   -7.5000    7.5000  -22.5000 2422.0347   16.1025
    0.0000    7.5000  -22.5000 2450.2456   15.9335
    7.5000    7.5000  -22.5000 2425.7844   15.9731
   -7.5000   15.0000  -22.5000 2340.8030   17.2629
    0.0000   15.0000  -22.5000 2364.3225   17.0700
    7.5000   15.0000  -22.5000 2345.3972   17.1260
   -7.5000   22.5000  -22.5000 2246.6624   18.8046
    0.0000   22.5000  -22.5000 2265.7600   18.6100
    7.5000   22.5000  -22.5000 2246.7021   18.6926
   -7.5000   30.0000  -22.5000 2134.0676   20.8862
    0.0000   30.0000  -22.5000 2149.2903   20.6310
    7.5000   30.0000  -22.5000 2127.9104   20.7644
   -7.5000   37.5000  -22.5000 2000.0659   23.6541
    0.0000   37.5000  -22.5000 2022.8071   23.3369
    7.5000   37.5000  -22.5000 2001.3458   23.4604
   -7.5000   45.0000  -22.5000 1859.8359   27.3128
    0.0000   45.0000  -22.5000 1878.2141   26.9730
    7.5000   45.0000  -22.5000 1853.3522   27.0287
   -7.5000  -45.0000  -15.0000 2418.4482   16.5260
    0.0000  -45.0000  -15.0000 2430.2842   16.4179
    7.5000  -45.0000  -15.0000 2419.6992   16.4193
   -7.5000  -37.5000  -15.0000 2507.6921   15.2438
    0.0000  -37.5000  -15.0000 2522.2991   15.1487
    7.5000  -37.5000  -15.0000 2506.7324   15.1182
   -7.5000  -30.0000  -15.0000 2569.7300   14.4120
    0.0000  -30.0000  -15.0000 2582.6133   14.3477
    7.5000  -30.0000  -15.0000 2572.5203   14.3326
   -7.5000  -22.5000  -15.0000 2611.5354   14.0009
    0.0000  -22.5000  -15.0000 2630.4749   13.9230
    7.5000  -22.5000  -15.0000 2610.7605   13.9117
   -7.5000  -15.0000  -15.0000 2627.4358   13.8490
    0.0000  -15.0000  -15.0000 2657.9338   13.7346
    7.5000  -15.0000  -15.0000 2635.7053   13.7390
   -7.5000   -7.5000  -15.0000 2624.5688   13.9846
    0.0000   -7.5000  -15.0000 2657.0818   13.8548
    7.5000   -7.5000  -15.0000 2629.7114   13.8626
   -7.5000    0.0000  -15.0000 2591.3611   14.4431
    0.0000    0.0000  -15.0000 2626.0923   14.3162
    7.5000    0.0000  -15.0000 2596.8257   14.3282
   -7.5000    7.5000  -15.0000 2525.3325   15.2306
    0.0000    7.5000  -15.0000 2557.6599   15.0837
    7.5000    7.5000  -15.0000 2530.6316   15.1163
   -7.5000   15.0000  -15.0000 2437.6438   16.3358
    0.0000   15.0000  -15.0000 2459.8359   16.1773
    7.5000   15.0000  -15.0000 2442.4382   16.1945
   -7.5000   22.5000  -15.0000 2332.6455   17.8453
    0.0000   22.5000  -15.0000 2349.9924   17.6502
    7.5000   22.5000  -15.0000 2332.2449   17.7066
   -7.5000   30.0000  -15.0000 2207.6455   19.8388
    0.0000   30.0000  -15.0000 2227.8940   19.5634
    7.5000   30.0000  -15.0000 2205.6760   19.6721
   -7.5000   37.5000  -15.0000 2067.7949   22.3873
    0.0000   37.5000  -15.0000 2081.3538   22.0494
    7.5000   37.5000  -15.0000 2063.3325   22.1706
   -7.5000   45.0000  -15.0000 1918.0267   25.7554
    0.0000   45.0000  -15.0000 1932.0636   25.3585
    7.5000   45.0000  -15.0000 1911.9672   25.4669
   -7.5000  -45.0000   -7.5000 2474.3794   15.5630
    0.0000  -45.0000   -7.5000 2486.7932   15.4024
    7.5000  -45.0000   -7.5000 2473.4966   15.5199
   -7.5000  -37.5000   -7.5000 2579.4670   14.3306
    0.0000  -37.5000   -7.5000 2596.2122   14.2192
    7.5000  -37.5000   -7.5000 2574.1133   14.2745
   -7.5000  -30.0000   -7.5000 2656.7744   13.5712
    0.0000  -30.0000   -7.5000 2673.6245   13.4827
    7.5000  -30.0000   -7.5000 2656.5659   13.4941
   -7.5000  -22.5000   -7.5000 2708.6440   13.1819
    0.0000  -22.5000   -7.5000 2733.1267   13.0929
    7.5000  -22.5000   -7.5000 2707.7334   13.1306
   -7.5000  -15.0000   -7.5000 2731.9670   13.0716
    0.0000  -15.0000   -7.5000 2769.1526   12.9815
    7.5000  -15.0000   -7.5000 2737.8235   13.0114
   -7.5000   -7.5000   -7.5000 2724.4724   13.2221
    0.0000   -7.5000   -7.5000 2766.9634   13.1279
    7.5000   -7.5000   -7.5000 2735.1226   13.1581
   -7.5000    0.0000   -7.5000 2684.4854   13.6779
    0.0000    0.0000   -7.5000 2724.5369   13.5846
    7.5000    0.0000   -7.5000 2690.2842   13.6239
   -7.5000    7.5000   -7.5000 2607.8035   14.4594
    0.0000    7.5000   -7.5000 2641.5437   14.3331
    7.5000    7.5000   -7.5000 2612.6987   14.4013
   -7.5000   15.0000   -7.5000 2508.8203   15.5121
    0.0000   15.0000   -7.5000 2535.5325   15.3973
    7.5000   15.0000   -7.5000 2515.4541   15.4547
   -7.5000   22.5000   -7.5000 2390.4221   16.9729
    0.0000   22.5000   -7.5000 2417.5198   16.8290
    7.5000   22.5000   -7.5000 2394.0679   16.8743
   -7.5000   30.0000   -7.5000 2261.0337   18.8827
    0.0000   30.0000   -7.5000 2286.6653   18.7172
    7.5000   30.0000   -7.5000 2266.1746   18.7436
   -7.5000   37.5000   -7.5000 2116.1567   21.3286
    0.0000   37.5000   -7.5000 2130.2393   21.1018
    7.5000   37.5000   -7.5000 2113.6262   21.1229
   -7.5000   45.0000   -7.5000 1949.0466   24.4301
    0.0000   45.0000   -7.5000 1969.1949   24.0849
    7.5000   45.0000   -7.5000 1950.6268   24.1860
   -7.5000  -45.0000    0.0000 2517.5471   14.8079
    0.0000  -45.0000    0.0000 2530.5942   14.6463
    7.5000  -45.0000    0.0000 2514.7612   14.8842
   -7.5000  -37.5000    0.0000 2632.0889   13.6383
    0.0000  -37.5000    0.0000 2652.4036   13.5019
    7.5000  -37.5000    0.0000 2628.0576   13.6973
   -7.5000  -30.0000    0.0000 2729.0754   12.9010
    0.0000  -30.0000    0.0000 2753.0808   12.7731
    7.5000  -30.0000    0.0000 2726.6357   12.9142
   -7.5000  -22.5000    0.0000 2799.2883   12.5518
    0.0000  -22.5000    0.0000 2834.3230   12.4477
    7.5000  -22.5000    0.0000 2796.1765   12.5468
   -7.5000  -15.0000    0.0000 2832.5642   12.4745
    0.0000  -15.0000    0.0000 2883.7688   12.3834
    7.5000  -15.0000    0.0000 2831.7610   12.4774
   -7.5000   -7.5000    0.0000 2821.3391   12.6637
    0.0000   -7.5000    0.0000 2870.5105   12.5714
    7.5000   -7.5000    0.0000 2822.8201   12.6691
   -7.5000    0.0000    0.0000 2762.3286   13.1351
    0.0000    0.0000    0.0000 2799.5027   13.0443
    7.5000    0.0000    0.0000 2766.8940   13.1306
   -7.5000    7.5000    0.0000 2671.0583   13.8686
    0.0000    7.5000    0.0000 2698.3254   13.7813
    7.5000    7.5000    0.0000 2673.8433   13.8364
   -7.5000   15.0000    0.0000 2558.9346   14.9133
    0.0000   15.0000    0.0000 2584.6609   14.8115
    7.5000   15.0000    0.0000 2562.1504   14.8693
   -7.5000   22.5000    0.0000 2432.6963   16.3439
    0.0000   22.5000    0.0000 2457.4680   16.2322
    7.5000   22.5000    0.0000 2437.2056   16.2793
   -7.5000   30.0000    0.0000 2295.2808   18.2083
    0.0000   30.0000    0.0000 2324.4680   18.0494
    7.5000   30.0000    0.0000 2301.6780   18.0831
   -7.5000   37.5000    0.0000 2143.4321   20.5121
    0.0000   37.5000    0.0000 2160.6880   20.3046
    7.5000   37.5000    0.0000 2145.5964   20.3768
   -7.5000   45.0000    0.0000 1976.9327   23.4781
    0.0000   45.0000    0.0000 1997.1676   23.1887
    7.5000   45.0000    0.0000 1982.2332   23.3428
   -7.5000  -45.0000    7.5000 2538.5188   14.3735
    0.0000  -45.0000    7.5000 2553.6028   14.1614
    7.5000  -45.0000    7.5000 2535.5762   14.4545
   -7.5000  -37.5000    7.5000 2664.8113   13.2095
    0.0000  -37.5000    7.5000 2686.5000   13.0064
    7.5000  -37.5000    7.5000 2661.5139   13.2981
   -7.5000  -30.0000    7.5000 2778.5222   12.4683
    0.0000  -30.0000    7.5000 2802.4126   12.2646
    7.5000  -30.0000    7.5000 2774.6768   12.5116
   -7.5000  -22.5000    7.5000 2857.8870   12.1135
    0.0000  -22.5000    7.5000 2904.9644   11.9161
    7.5000  -22.5000    7.5000 2858.5183   12.1261
   -7.5000  -15.0000    7.5000 2908.6680   12.0144
    0.0000  -15.0000    7.5000 2973.0234   11.8270
    7.5000  -15.0000    7.5000 2901.6150   12.0523
   -7.5000   -7.5000    7.5000 2890.1716   12.2778
    0.0000   -7.5000    7.5000 2945.6274   12.1438
    7.5000   -7.5000    7.5000 2895.4692   12.2804
   -7.5000    0.0000    7.5000 2809.6196   12.7695
    0.0000    0.0000    7.5000 2848.8054   12.6725
    7.5000    0.0000    7.5000 2821.3315   12.7394
   -7.5000    7.5000    7.5000 2710.6470   13.4654
    0.0000    7.5000    7.5000 2738.5576   13.3680
    7.5000    7.5000    7.5000 2714.3413   13.4360
   -7.5000   15.0000    7.5000 2585.6299   14.4816
    0.0000   15.0000    7.5000 2612.4492   14.3752
    7.5000   15.0000    7.5000 2587.4822   14.4463
   -7.5000   22.5000    7.5000 2453.3054   15.8882
    0.0000   22.5000    7.5000 2475.5569   15.7891
    7.5000   22.5000    7.5000 2456.2581   15.8506
   -7.5000   30.0000    7.5000 2310.3240   17.6294
    0.0000   30.0000    7.5000 2332.2300   17.5274
    7.5000   30.0000    7.5000 2313.9199   17.6035
   -7.5000   37.5000    7.5000 2155.7192   19.8703
    0.0000   37.5000    7.5000 2172.5513   19.7034
    7.5000   37.5000    7.5000 2157.0994   19.8213
   -7.5000   45.0000    7.5000 1994.2435   22.7905
    0.0000   45.0000    7.5000 2013.0157   22.5123
    7.5000   45.0000    7.5000 1994.4614   22.6764
   -7.5000  -45.0000   15.0000 2543.1807   14.2577
    0.0000  -45.0000   15.0000 2556.5959   13.9505
    7.5000  -45.0000   15.0000 2538.2705   14.2972
   -7.5000  -37.5000   15.0000 2673.7158   13.1124
    0.0000  -37.5000   15.0000 2695.6299   12.8154
    7.5000  -37.5000   15.0000 2670.8735   13.1445
   -7.5000  -30.0000   15.0000 2790.8884   12.3731
    0.0000  -30.0000   15.0000 2820.8547   12.0733
    7.5000  -30.0000   15.0000 2788.1770   12.3785
   -7.5000  -22.5000   15.0000 2879.3777   12.0081
    0.0000  -22.5000   15.0000 2928.1353   11.7258
    7.5000  -22.5000   15.0000 2875.7871   12.0198
   -7.5000  -15.0000   15.0000 2939.7139   11.9029
    0.0000  -15.0000   15.0000 2999.2917   11.6000
    7.5000  -15.0000   15.0000 2927.3032   11.9359
   -7.5000   -7.5000   15.0000 2922.7424   12.1318
    0.0000   -7.5000   15.0000 2974.4426   11.9332
    7.5000   -7.5000   15.0000 2917.4238   12.1405
   -7.5000    0.0000   15.0000 2830.9868   12.6420
    0.0000    0.0000   15.0000 2869.5283   12.4735
    7.5000    0.0000   15.0000 2837.8743   12.6147
   -7.5000    7.5000   15.0000 2721.2976   13.3376
    0.0000    7.5000   15.0000 2753.8884   13.1606
    7.5000    7.5000   15.0000 2724.7100   13.2855
   -7.5000   15.0000   15.0000 2587.4333   14.3158
    0.0000   15.0000   15.0000 2613.6218   14.1499
    7.5000   15.0000   15.0000 2589.4480   14.2378
   -7.5000   22.5000   15.0000 2455.8489   15.6204
    0.0000   22.5000   15.0000 2475.0498   15.4733
    7.5000   22.5000   15.0000 2454.0859   15.5457
   -7.5000   30.0000   15.0000 2306.9553   17.3085
    0.0000   30.0000   15.0000 2324.0369   17.1560
    7.5000   30.0000   15.0000 2307.9675   17.2600
   -7.5000   37.5000   15.0000 2147.2385   19.5520
    0.0000   37.5000   15.0000 2160.7930   19.3381
    7.5000   37.5000   15.0000 2145.2480   19.4672
   -7.5000   45.0000   15.0000 1985.1907   22.4282
    0.0000   45.0000   15.0000 2003.1836   22.0840
    7.5000   45.0000   15.0000 1981.5780   22.2815
   -7.5000  -45.0000   22.5000 2535.2810   14.4762
    0.0000  -45.0000   22.5000 2555.2305   14.1813
    7.5000  -45.0000   22.5000 2529.7671   14.5164
   -7.5000  -37.5000   22.5000 2662.9441   13.3181
    0.0000  -37.5000   22.5000 2685.1829   12.9925
    7.5000  -37.5000   22.5000 2658.4973   13.3561
   -7.5000  -30.0000   22.5000 2772.3975   12.5874
    0.0000  -30.0000   22.5000 2799.6917   12.2359
    7.5000  -30.0000   22.5000 2771.8525   12.5842
   -7.5000  -22.5000   22.5000 2859.4861   12.2218
    0.0000  -22.5000   22.5000 2899.5125   11.8464
    7.5000  -22.5000   22.5000 2856.3711   12.2063
   -7.5000  -15.0000   22.5000 2905.7053   12.1375
    0.0000  -15.0000   22.5000 2951.0017   11.8041
    7.5000  -15.0000   22.5000 2896.7971   12.1021
   -7.5000   -7.5000   22.5000 2889.5820   12.2943
    0.0000   -7.5000   22.5000 2934.1135   12.0254
    7.5000   -7.5000   22.5000 2887.3218   12.2692
   -7.5000    0.0000   22.5000 2812.8154   12.7468
    0.0000    0.0000   22.5000 2846.4287   12.5256
    7.5000    0.0000   22.5000 2816.1780   12.6969
   -7.5000    7.5000   22.5000 2703.6487   13.4475
    0.0000    7.5000   22.5000 2737.3169   13.2446
    7.5000    7.5000   22.5000 2709.7971   13.3616
   -7.5000   15.0000   22.5000 2572.0457   14.3910
    0.0000   15.0000   22.5000 2599.4900   14.2209
    7.5000   15.0000   22.5000 2577.1248   14.2847
   -7.5000   22.5000   22.5000 2439.2808   15.6665
    0.0000   22.5000   22.5000 2466.5198   15.4905
    7.5000   22.5000   22.5000 2441.9714   15.5372
   -7.5000   30.0000   22.5000 2288.9592   17.2778
    0.0000   30.0000   22.5000 2307.9287   17.1195
    7.5000   30.0000   22.5000 2287.1406   17.1481
   -7.5000   37.5000   22.5000 2126.2861   19.4322
    0.0000   37.5000   22.5000 2143.7600   19.2309
    7.5000   37.5000   22.5000 2129.2720   19.2603
   -7.5000   45.0000   22.5000 1963.0465   22.1522
    0.0000   45.0000   22.5000 1979.5552   21.8967
    7.5000   45.0000   22.5000 1963.5844   22.0053
   -7.5000  -45.0000   30.0000 2508.2021   14.9922
    0.0000  -45.0000   30.0000 2532.6965   14.7270
    7.5000  -45.0000   30.0000 2507.7979   15.0083
   -7.5000  -37.5000   30.0000 2627.7644   13.8383
    0.0000  -37.5000   30.0000 2649.7971   13.5842
    7.5000  -37.5000   30.0000 2626.9597   13.8489
   -7.5000  -30.0000   30.0000 2726.1279   13.0784
    0.0000  -30.0000   30.0000 2751.0515   12.8066
    7.5000  -30.0000   30.0000 2728.2727   13.0634
   -7.5000  -22.5000   30.0000 2798.0159   12.6618
    0.0000  -22.5000   30.0000 2832.5642   12.3931
    7.5000  -22.5000   30.0000 2799.4636   12.6326
   -7.5000  -15.0000   30.0000 2828.0015   12.5386
    0.0000  -15.0000   30.0000 2862.9768   12.3117
    7.5000  -15.0000   30.0000 2824.6677   12.5044
   -7.5000   -7.5000   30.0000 2805.8447   12.6947
    0.0000   -7.5000   30.0000 2843.0686   12.4948
    7.5000   -7.5000   30.0000 2807.3018   12.6392
   -7.5000    0.0000   30.0000 2739.1453   13.1215
    0.0000    0.0000   30.0000 2769.8018   12.9489
    7.5000    0.0000   30.0000 2745.1987   13.0387
   -7.5000    7.5000   30.0000 2646.0569   13.7656
    0.0000    7.5000   30.0000 2674.2234   13.5992
    7.5000    7.5000   30.0000 2652.4226   13.6930
   -7.5000   15.0000   30.0000 2530.9851   14.6941
    0.0000   15.0000   30.0000 2559.8865   14.5080
    7.5000   15.0000   30.0000 2533.1956   14.6183
   -7.5000   22.5000   30.0000 2400.9204   15.8971
    0.0000   22.5000   30.0000 2429.6653   15.6931
    7.5000   22.5000   30.0000 2404.4961   15.8236
   -7.5000   30.0000   30.0000 2253.4258   17.4701
    0.0000   30.0000   30.0000 2276.9443   17.2338
    7.5000   30.0000   30.0000 2254.5845   17.3611
   -7.5000   37.5000   30.0000 2091.7722   19.5831
    0.0000   37.5000   30.0000 2113.8525   19.2937
    7.5000   37.5000   30.0000 2096.7444   19.4649
   -7.5000   45.0000   30.0000 1934.7731   22.3869
    0.0000   45.0000   30.0000 1946.7078   22.0383
    7.5000   45.0000   30.0000 1935.5200   22.2156
   -7.5000  -45.0000   37.5000 2468.8862   15.7864
    0.0000  -45.0000   37.5000 2492.7275   15.6065
    7.5000  -45.0000   37.5000 2468.3831   15.7751
   -7.5000  -37.5000   37.5000 2574.4050   14.5984
    0.0000  -37.5000   37.5000 2604.5227   14.4217
    7.5000  -37.5000   37.5000 2578.6326   14.5963
   -7.5000  -30.0000   37.5000 2663.0017   13.7698
    0.0000  -30.0000   37.5000 2693.8564   13.5714
    7.5000  -30.0000   37.5000 2670.5847   13.7797
   -7.5000  -22.5000   37.5000 2721.6724   13.3186
    0.0000  -22.5000   37.5000 2754.7312   13.1239
    7.5000  -22.5000   37.5000 2728.6033   13.2984
   -7.5000  -15.0000   37.5000 2736.5771   13.1697
    0.0000  -15.0000   37.5000 2768.2148   12.9735
    7.5000  -15.0000   37.5000 2742.9714   13.1230
   -7.5000   -7.5000   37.5000 2713.0396   13.2898
    0.0000   -7.5000   37.5000 2745.1077   13.1052
    7.5000   -7.5000   37.5000 2718.7083   13.2227
   -7.5000    0.0000   37.5000 2650.4663   13.6917
    0.0000    0.0000   37.5000 2677.2554   13.5135
    7.5000    0.0000   37.5000 2657.6692   13.6027
   -7.5000    7.5000   37.5000 2568.8696   14.3332
    0.0000    7.5000   37.5000 2595.4346   14.1735
    7.5000    7.5000   37.5000 2578.4592   14.2317
   -7.5000   15.0000   37.5000 2467.4612   15.2218
    0.0000   15.0000   37.5000 2489.7471   15.0892
    7.5000   15.0000   37.5000 2473.9473   15.1192
   -7.5000   22.5000   37.5000 2349.3594   16.3954
    0.0000   22.5000   37.5000 2372.8452   16.2326
    7.5000   22.5000   37.5000 2354.3967   16.2759
   -7.5000   30.0000   37.5000 2206.9990   17.9417
    0.0000   30.0000   37.5000 2232.4424   17.7696
    7.5000   30.0000   37.5000 2215.5776   17.8250
   -7.5000   37.5000   37.5000 2055.0803   20.1075
    0.0000   37.5000   37.5000 2077.2170   19.8797
    7.5000   37.5000   37.5000 2063.0862   20.0090
   -7.5000   45.0000   37.5000 1897.8086   23.0001
    0.0000   45.0000   37.5000 1909.3976   22.6828
    7.5000   45.0000   37.5000 1903.2592   22.8225
   -7.5000  -45.0000   45.0000 2414.0657   16.7938
    0.0000  -45.0000   45.0000 2436.7024   16.6545
    7.5000  -45.0000   45.0000 2412.4058   16.7184
   -7.5000  -37.5000   45.0000 2511.3196   15.5387
    0.0000  -37.5000   45.0000 2541.8538   15.3926
    7.5000  -37.5000   45.0000 2512.8362   15.5033
   -7.5000  -30.0000   45.0000 2591.9919   14.6772
    0.0000  -30.0000   45.0000 2621.9602   14.4959
    7.5000  -30.0000   45.0000 2593.7944   14.6411
   -7.5000  -22.5000   45.0000 2635.1885   14.1682
    0.0000  -22.5000   45.0000 2667.0249   14.0164
    7.5000  -22.5000   45.0000 2643.4683   14.1307
   -7.5000  -15.0000   45.0000 2636.1594   13.9898
    0.0000  -15.0000   45.0000 2667.3911   13.8354
    7.5000  -15.0000   45.0000 2647.9778   13.9472
   -7.5000   -7.5000   45.0000 2616.0627   14.0686
    0.0000   -7.5000   45.0000 2643.5547   13.9326
    7.5000   -7.5000   45.0000 2625.2036   14.0079
   -7.5000    0.0000   45.0000 2560.3088   14.4539
    0.0000    0.0000   45.0000 2583.8223   14.3095
    7.5000    0.0000   45.0000 2565.8286   14.3840
   -7.5000    7.5000   45.0000 2483.6506   15.0917
    0.0000    7.5000   45.0000 2506.7136   14.9404
    7.5000    7.5000   45.0000 2493.0725   14.9785
   -7.5000   15.0000   45.0000 2393.6296   15.9576
    0.0000   15.0000   45.0000 2411.4863   15.7976
    7.5000   15.0000   45.0000 2402.6699   15.8476
   -7.5000   22.5000   45.0000 2277.3774   17.1598
    0.0000   22.5000   45.0000 2296.3511   16.9877
    7.5000   22.5000   45.0000 2286.1282   17.0192
   -7.5000   30.0000   45.0000 2143.1746   18.7411
    0.0000   30.0000   45.0000 2168.9766   18.5710
    7.5000   30.0000   45.0000 2154.3674   18.6419
   -7.5000   37.5000   45.0000 2002.6088   20.9470
    0.0000   37.5000   45.0000 2022.2444   20.7557
    7.5000   37.5000   45.0000 2010.4929   20.8234
   -7.5000   45.0000   45.0000 1854.5747   23.9213
    0.0000   45.0000   45.0000 1869.7651   23.6110
    7.5000   45.0000   45.0000 1859.4902   23.7292

---------------------------------------------------------------------
imgreg_4dfp /opt/freesurfer/average/711-2C_as_mni_average_305 /opt/freesurfer/average/711-2B_as_mni_average_305_mask talsrcimg_g11 none talsrcimg_to_711-2C_as_mni_average_305_t4 1283
---------------------------------------------------------------------

freesurfer imgreg_4dfp.c
/opt/freesurfer/average/711-2C_as_mni_average_305.4dfp.img
       256       256       256         1
  1.000000  1.000000  1.000000
orientation T byte_order littleendian
Reading image: /opt/freesurfer/average/711-2C_as_mni_average_305.4dfp.img
dimensions:      256       256       256
mmppix:       1.0000   -1.0000   -1.0000
center:     128.0000 -129.0000 -129.0000
/opt/freesurfer/average/711-2B_as_mni_average_305_mask.4dfp.img
       256       256       256         1
  1.000000  1.000000  1.000000
orientation T byte_order littleendian
Reading mask: /opt/freesurfer/average/711-2B_as_mni_average_305_mask.4dfp.img (2306576 pixels)
talsrcimg_g11.4dfp.img
       256       256       256         1
  1.000000  1.000000  1.000000
orientation T byte_order littleendian
Reading image: talsrcimg_g11.4dfp.img
dimensions:      256       256       256
mmppix:       1.0000   -1.0000   -1.0000
center:     128.0000 -129.0000 -129.0000
rotation matrix determinant  1.000000
fimgreg.f
image alignment mode   1283 decimal      503 hex
parameters
    0.0000  -15.0000   15.0000    0.0000    0.0000    0.0000
eta,q 0.94292 11.57745
niter,ni,del,rscale     5    3   12.0000    1.2000
parameters
    0.0700  -13.0053   13.0409    1.4950    2.2586   -1.7665
eta,q 0.94602 11.56909
  0.0711  0.0802  0.0610  0.0654  0.0633  0.0567
  0.0632  0.0728  0.0567  0.0618  0.0600  0.0547
  0.0599  0.0647  0.0562  0.0577  0.0574  0.0540
  0.0597  0.0595  0.0589  0.0562  0.0557  0.0546
  0.0589  0.0589  0.0606  0.0557  0.0546  0.0562
  0.0632  0.0610  0.0633  0.0570  0.0551  0.0587
  0.0705  0.0646  0.0680  0.0594  0.0569  0.0623
niter,ni,del,rscale     4    3   12.0000    1.2000
parameters
   -1.0347  -13.2206   13.4132    2.1888    3.2417   -1.9762
eta,q 0.94559 11.53305
  0.0627  0.0670  0.0638  0.0630  0.0621  0.0602
  0.0565  0.0592  0.0587  0.0584  0.0586  0.0566
  0.0545  0.0546  0.0547  0.0553  0.0558  0.0548
  0.0540  0.0541  0.0540  0.0544  0.0544  0.0544
  0.0566  0.0563  0.0565  0.0550  0.0547  0.0552
  0.0638  0.0610  0.0583  0.0569  0.0559  0.0574
  0.0729  0.0682  0.0605  0.0592  0.0584  0.0610
niter,ni,del,rscale     3    3   12.0000    1.2000
parameters
   -1.4386  -13.5000   13.3801    2.5728    3.5805   -2.0250
eta,q 0.94561 11.52031
  0.0657  0.0667  0.0625  0.0620  0.0609  0.0608
  0.0579  0.0591  0.0573  0.0572  0.0575  0.0570
  0.0547  0.0548  0.0542  0.0546  0.0550  0.0549
  0.0544  0.0544  0.0542  0.0542  0.0543  0.0544
  0.0555  0.0565  0.0565  0.0551  0.0549  0.0551
  0.0608  0.0613  0.0584  0.0570  0.0565  0.0572
  0.0691  0.0686  0.0612  0.0593  0.0595  0.0609
niter,ni,del,rscale     2    3   12.0000    1.2000
parameters
   -1.5632  -13.6411   13.3580    2.7269    3.6815   -2.0523
eta,q 0.94562 11.51431
  0.0670  0.0672  0.0625  0.0614  0.0605  0.0608
  0.0589  0.0597  0.0573  0.0567  0.0571  0.0570
  0.0549  0.0551  0.0543  0.0543  0.0548  0.0550
  0.0544  0.0544  0.0543  0.0543  0.0544  0.0544
  0.0553  0.0563  0.0563  0.0554  0.0551  0.0550
  0.0600  0.0608  0.0584  0.0573  0.0569  0.0572
  0.0680  0.0681  0.0612  0.0596  0.0600  0.0609
niter,ni,del,rscale     1    3   12.0000    1.2000
parameters
   -1.6059  -13.6986   13.3519    2.7812    3.7158   -2.0590
eta,q 0.94562 11.51227
  0.0675  0.0675  0.0625  0.0611  0.0604  0.0609
  0.0593  0.0600  0.0573  0.0564  0.0570  0.0571
  0.0551  0.0553  0.0544  0.0543  0.0548  0.0550
  0.0544  0.0544  0.0544  0.0544  0.0544  0.0544
  0.0552  0.0561  0.0562  0.0555  0.0552  0.0550
  0.0597  0.0605  0.0584  0.0575  0.0570  0.0572
  0.0677  0.0677  0.0612  0.0597  0.0601  0.0609
registration optimization eta report
parameter search radius
    6.0000    6.0000    6.0000    6.0000    6.0000    6.0000
100000*second partial in parameter space
       38.       37.       21.       17.       16.       18.
  0.0675  0.0675  0.0625  0.0611  0.0604  0.0609
  0.0593  0.0600  0.0573  0.0564  0.0570  0.0571
  0.0551  0.0553  0.0544  0.0543  0.0548  0.0550
  0.0544  0.0544  0.0544  0.0544  0.0544  0.0544
  0.0552  0.0561  0.0562  0.0555  0.0552  0.0550
  0.0597  0.0605  0.0584  0.0575  0.0570  0.0572
  0.0677  0.0677  0.0612  0.0597  0.0601  0.0609
   -1.6059  -13.6986   13.3519    2.7812    3.7158   -2.0590
eta,q 0.94562 11.51227

---------------------------------------------------------------------
imgreg_4dfp /opt/freesurfer/average/711-2C_as_mni_average_305 /opt/freesurfer/average/711-2B_as_mni_average_305_mask talsrcimg_g11 none talsrcimg_to_711-2C_as_mni_average_305_t4 3335
---------------------------------------------------------------------

freesurfer imgreg_4dfp.c
/opt/freesurfer/average/711-2C_as_mni_average_305.4dfp.img
       256       256       256         1
  1.000000  1.000000  1.000000
orientation T byte_order littleendian
Reading image: /opt/freesurfer/average/711-2C_as_mni_average_305.4dfp.img
dimensions:      256       256       256
mmppix:       1.0000   -1.0000   -1.0000
center:     128.0000 -129.0000 -129.0000
/opt/freesurfer/average/711-2B_as_mni_average_305_mask.4dfp.img
       256       256       256         1
  1.000000  1.000000  1.000000
orientation T byte_order littleendian
Reading mask: /opt/freesurfer/average/711-2B_as_mni_average_305_mask.4dfp.img (2306576 pixels)
talsrcimg_g11.4dfp.img
       256       256       256         1
  1.000000  1.000000  1.000000
orientation T byte_order littleendian
Reading image: talsrcimg_g11.4dfp.img
dimensions:      256       256       256
mmppix:       1.0000   -1.0000   -1.0000
center:     128.0000 -129.0000 -129.0000
fimgreg.f
image alignment mode   3335 decimal      D07 hex
parameters
   -1.6059  -13.6986   13.3519   -0.2747   -0.1710   -0.3278
    3.2744   -6.6433   -3.5854   -4.6166    6.4808    4.8421
eta,q 0.94786 11.61598
niter,ni,del,rscale     5    3    5.0000    1.2000
parameter  4  2.146084 ->  0.500000 qaram    1.1500
parameter  5  2.069819 ->  0.500000 qaram    1.1500
parameter  6  1.869993 ->  0.500000 qaram    1.1500
parameter 12  0.781984 ->  0.500000 qaram    1.1500
parameters
   -1.9659  -13.5319   13.5817   -4.4147   -4.3110   -4.4678
    2.6481   -4.8228   -2.2442   -6.7874    4.5650    0.7021
eta,q 0.96504 10.76025
  0.0540  0.0547  0.0540  0.0445  0.0400  0.0334  0.0390  0.0430  0.0395  0.0378  0.0366  0.0351
  0.0527  0.0534  0.0529  0.0462  0.0417  0.0359  0.0376  0.0398  0.0380  0.0365  0.0361  0.0349
  0.0521  0.0525  0.0522  0.0487  0.0440  0.0386  0.0367  0.0376  0.0370  0.0360  0.0358  0.0352
  0.0521  0.0521  0.0520  0.0520  0.0468  0.0423  0.0366  0.0365  0.0364  0.0363  0.0360  0.0358
  0.0527  0.0522  0.0522  0.0559  0.0504  0.0467  0.0371  0.0364  0.0364  0.0375  0.0364  0.0368
  0.0539  0.0529  0.0526  0.0599  0.0542  0.0518  0.0383  0.0371  0.0369  0.0394  0.0371  0.0381
  0.0555  0.0541  0.0533  0.0643  0.0582  0.0577  0.0400  0.0385  0.0379  0.0420  0.0380  0.0395
niter,ni,del,rscale     7    3    5.0000    1.2000
parameter  4  0.736011 ->  0.500000 qaram    1.3225
parameter  5  0.718790 ->  0.500000 qaram    1.3225
parameter  6  0.911468 ->  0.500000 qaram    1.3225
parameters
   -1.5592  -12.9964   13.3371   -9.1757   -9.0720   -9.2288
    3.5280   -3.7120   -2.1769   -6.9572    5.2466    0.3667
eta,q 0.97482 10.23337
  0.0398  0.0389  0.0360  0.0325  0.0302  0.0255  0.0291  0.0323  0.0276  0.0285  0.0274  0.0272
  0.0375  0.0370  0.0352  0.0319  0.0296  0.0253  0.0274  0.0292  0.0263  0.0266  0.0263  0.0261
  0.0358  0.0356  0.0348  0.0326  0.0302  0.0269  0.0261  0.0268  0.0255  0.0255  0.0255  0.0254
  0.0350  0.0348  0.0347  0.0347  0.0319  0.0297  0.0255  0.0254  0.0252  0.0252  0.0252  0.0252
  0.0349  0.0347  0.0349  0.0380  0.0346  0.0333  0.0256  0.0254  0.0255  0.0257  0.0253  0.0255
  0.0358  0.0352  0.0356  0.0422  0.0380  0.0384  0.0264  0.0267  0.0263  0.0269  0.0258  0.0263
  0.0374  0.0365  0.0368  0.0469  0.0423  0.0440  0.0278  0.0293  0.0275  0.0288  0.0267  0.0275
niter,ni,del,rscale     7    3    5.0000    1.2000
parameter  3  0.669008 ->  0.500000 qaram    1.1500
parameters
   -1.5197  -12.3366   11.9571   -9.4834   -9.5937  -12.5258
    3.5951   -4.0076   -2.5822   -6.0373    5.1745    0.2945
eta,q 0.97671 10.08999
  0.0293  0.0301  0.0243  0.0294  0.0285  0.0270  0.0262  0.0283  0.0253  0.0271  0.0251  0.0253
  0.0271  0.0278  0.0238  0.0270  0.0263  0.0246  0.0247  0.0256  0.0241  0.0251  0.0241  0.0242
  0.0257  0.0261  0.0240  0.0249  0.0245  0.0233  0.0237  0.0238  0.0235  0.0238  0.0235  0.0235
  0.0252  0.0252  0.0250  0.0238  0.0239  0.0239  0.0233  0.0233  0.0233  0.0233  0.0233  0.0233
  0.0256  0.0250  0.0265  0.0244  0.0246  0.0275  0.0236  0.0242  0.0237  0.0234  0.0235  0.0236
  0.0269  0.0255  0.0284  0.0269  0.0267  0.0328  0.0246  0.0262  0.0245  0.0242  0.0241  0.0243
  0.0290  0.0266  0.0305  0.0310  0.0300  0.0385  0.0261  0.0292  0.0258  0.0255  0.0252  0.0254
niter,ni,del,rscale     7    3    5.0000    1.2000
parameters
   -1.4886  -11.8186   11.1144   -8.5319   -9.3574  -13.6551
    3.5697   -3.9658   -2.7374   -4.8167    5.4643   -0.2263
eta,q 0.97728 10.09686
  0.0273  0.0276  0.0245  0.0292  0.0275  0.0289  0.0257  0.0284  0.0249  0.0265  0.0249  0.0245
  0.0251  0.0255  0.0232  0.0266  0.0253  0.0261  0.0241  0.0255  0.0237  0.0246  0.0237  0.0234
  0.0238  0.0240  0.0228  0.0243  0.0235  0.0238  0.0231  0.0235  0.0230  0.0233  0.0230  0.0229
  0.0233  0.0233  0.0232  0.0228  0.0225  0.0225  0.0228  0.0228  0.0228  0.0228  0.0227  0.0227
  0.0237  0.0232  0.0243  0.0226  0.0229  0.0239  0.0231  0.0235  0.0231  0.0228  0.0229  0.0231
  0.0250  0.0238  0.0260  0.0243  0.0245  0.0279  0.0241  0.0254  0.0239  0.0234  0.0235  0.0238
  0.0271  0.0250  0.0281  0.0278  0.0274  0.0341  0.0257  0.0283  0.0250  0.0246  0.0245  0.0249
niter,ni,del,rscale     6    3    5.0000    1.2000
parameters
   -1.5059  -11.4689   10.9124   -8.2201   -9.5165  -13.9547
    3.6550   -3.9929   -2.9387   -4.0126    5.6011   -0.5556
eta,q 0.97733 10.09160
  0.0267  0.0265  0.0255  0.0287  0.0269  0.0296  0.0256  0.0281  0.0247  0.0258  0.0247  0.0245
  0.0245  0.0246  0.0238  0.0262  0.0250  0.0267  0.0241  0.0253  0.0236  0.0241  0.0236  0.0234
  0.0231  0.0233  0.0228  0.0241  0.0233  0.0243  0.0231  0.0234  0.0229  0.0231  0.0229  0.0228
  0.0227  0.0227  0.0227  0.0226  0.0226  0.0226  0.0227  0.0227  0.0227  0.0227  0.0227  0.0227
  0.0232  0.0228  0.0233  0.0228  0.0231  0.0228  0.0230  0.0234  0.0230  0.0228  0.0229  0.0230
  0.0246  0.0235  0.0245  0.0249  0.0247  0.0263  0.0240  0.0254  0.0238  0.0234  0.0235  0.0237
  0.0268  0.0247  0.0263  0.0288  0.0277  0.0320  0.0255  0.0282  0.0249  0.0246  0.0246  0.0248
niter,ni,del,rscale     5    3    5.0000    1.2000
parameters
   -1.5107  -11.2465   10.8027   -8.0923   -9.7417  -14.0563
    3.7393   -4.0024   -3.0530   -3.4649    5.6791   -0.7415
eta,q 0.97734 10.08360
  0.0267  0.0260  0.0257  0.0286  0.0268  0.0297  0.0256  0.0281  0.0247  0.0255  0.0247  0.0245
  0.0245  0.0243  0.0239  0.0261  0.0249  0.0269  0.0241  0.0253  0.0236  0.0239  0.0236  0.0235
  0.0231  0.0231  0.0229  0.0240  0.0233  0.0244  0.0231  0.0233  0.0229  0.0230  0.0229  0.0228
  0.0227  0.0227  0.0227  0.0226  0.0226  0.0226  0.0227  0.0227  0.0227  0.0227  0.0227  0.0227
  0.0232  0.0229  0.0232  0.0229  0.0231  0.0226  0.0230  0.0234  0.0229  0.0228  0.0229  0.0229
  0.0245  0.0236  0.0243  0.0251  0.0248  0.0259  0.0239  0.0253  0.0237  0.0235  0.0235  0.0237
  0.0267  0.0249  0.0261  0.0291  0.0276  0.0315  0.0255  0.0281  0.0248  0.0247  0.0246  0.0247
niter,ni,del,rscale     4    3    5.0000    1.2000
parameters
   -1.5143  -11.0853   10.7310   -8.0160   -9.9442  -14.1254
    3.7948   -4.0022   -3.1251   -3.0689    5.7337   -0.8584
eta,q 0.97734 10.07600
  0.0267  0.0258  0.0257  0.0285  0.0267  0.0297  0.0255  0.0281  0.0247  0.0253  0.0247  0.0246
  0.0245  0.0241  0.0239  0.0261  0.0249  0.0269  0.0241  0.0253  0.0236  0.0238  0.0236  0.0235
  0.0231  0.0231  0.0229  0.0240  0.0234  0.0244  0.0231  0.0234  0.0229  0.0230  0.0229  0.0229
  0.0227  0.0227  0.0227  0.0227  0.0226  0.0226  0.0227  0.0227  0.0227  0.0227  0.0227  0.0227
  0.0231  0.0229  0.0231  0.0230  0.0231  0.0226  0.0230  0.0234  0.0229  0.0228  0.0229  0.0229
  0.0245  0.0237  0.0242  0.0252  0.0247  0.0259  0.0240  0.0253  0.0236  0.0235  0.0236  0.0236
  0.0267  0.0250  0.0260  0.0292  0.0275  0.0313  0.0255  0.0281  0.0247  0.0248  0.0246  0.0246
niter,ni,del,rscale     3    3    5.0000    1.2000
parameters
   -1.5143  -10.9598   10.6812   -7.9652  -10.1164  -14.1791
    3.8282   -3.9980   -3.1725   -2.7427    5.7597   -0.9401
eta,q 0.97732 10.06919
  0.0267  0.0257  0.0258  0.0285  0.0266  0.0297  0.0255  0.0281  0.0247  0.0252  0.0246  0.0246
  0.0245  0.0240  0.0240  0.0261  0.0248  0.0269  0.0240  0.0253  0.0236  0.0238  0.0236  0.0235
  0.0231  0.0230  0.0229  0.0240  0.0234  0.0244  0.0231  0.0234  0.0229  0.0230  0.0229  0.0229
  0.0227  0.0227  0.0227  0.0227  0.0227  0.0227  0.0227  0.0227  0.0227  0.0227  0.0227  0.0227
  0.0232  0.0229  0.0231  0.0230  0.0231  0.0226  0.0230  0.0234  0.0229  0.0229  0.0229  0.0229
  0.0245  0.0237  0.0242  0.0252  0.0246  0.0258  0.0240  0.0253  0.0236  0.0235  0.0236  0.0236
  0.0267  0.0251  0.0259  0.0292  0.0273  0.0313  0.0255  0.0281  0.0247  0.0248  0.0246  0.0246
niter,ni,del,rscale     2    3    5.0000    1.2000
parameters
   -1.5122  -10.8577   10.6393   -7.9244  -10.2629  -14.2278
    3.8451   -3.9900   -3.2055   -2.4850    5.7740   -0.9980
eta,q 0.97731 10.06321
  0.0267  0.0256  0.0258  0.0285  0.0266  0.0297  0.0255  0.0281  0.0247  0.0252  0.0246  0.0246
  0.0245  0.0240  0.0240  0.0261  0.0248  0.0269  0.0240  0.0253  0.0236  0.0238  0.0236  0.0236
  0.0231  0.0230  0.0230  0.0240  0.0234  0.0244  0.0231  0.0234  0.0229  0.0230  0.0229  0.0229
  0.0227  0.0227  0.0227  0.0227  0.0227  0.0227  0.0227  0.0227  0.0227  0.0227  0.0227  0.0227
  0.0232  0.0229  0.0231  0.0230  0.0231  0.0226  0.0230  0.0234  0.0229  0.0229  0.0229  0.0230
  0.0245  0.0238  0.0242  0.0252  0.0246  0.0258  0.0240  0.0253  0.0237  0.0236  0.0236  0.0236
  0.0267  0.0251  0.0259  0.0293  0.0273  0.0313  0.0255  0.0281  0.0247  0.0248  0.0246  0.0246
niter,ni,del,rscale     1    3    5.0000    1.2000
parameters
   -1.5099  -10.7746   10.6066   -7.8877  -10.3870  -14.2693
    3.8585   -3.9806   -3.2226   -2.2768    5.7807   -1.0392
eta,q 0.97728 10.05816
  0.0267  0.0256  0.0258  0.0285  0.0266  0.0297  0.0255  0.0281  0.0247  0.0251  0.0247  0.0246
  0.0245  0.0240  0.0240  0.0261  0.0248  0.0269  0.0240  0.0253  0.0236  0.0238  0.0236  0.0236
  0.0231  0.0230  0.0230  0.0240  0.0234  0.0245  0.0231  0.0234  0.0229  0.0230  0.0229  0.0229
  0.0227  0.0227  0.0227  0.0227  0.0227  0.0227  0.0227  0.0227  0.0227  0.0227  0.0227  0.0227
  0.0232  0.0230  0.0231  0.0230  0.0231  0.0226  0.0230  0.0234  0.0230  0.0229  0.0230  0.0230
  0.0245  0.0238  0.0242  0.0253  0.0246  0.0258  0.0240  0.0253  0.0237  0.0236  0.0236  0.0236
  0.0267  0.0251  0.0259  0.0293  0.0272  0.0312  0.0255  0.0281  0.0247  0.0249  0.0246  0.0246
registration optimization eta report
parameter search radius
    2.4000    2.4000    2.7600    9.5220    9.5220    9.5220
    7.2000    7.2000    7.2000    7.2000    7.2000    8.2800
100000*second partial in parameter space
       70.       46.       41.        7.        5.        9.
        5.       10.        4.        4.        4.        3.
  0.0267  0.0256  0.0258  0.0285  0.0266  0.0297  0.0255  0.0281  0.0247  0.0251  0.0247  0.0246
  0.0245  0.0240  0.0240  0.0261  0.0248  0.0269  0.0240  0.0253  0.0236  0.0238  0.0236  0.0236
  0.0231  0.0230  0.0230  0.0240  0.0234  0.0245  0.0231  0.0234  0.0229  0.0230  0.0229  0.0229
  0.0227  0.0227  0.0227  0.0227  0.0227  0.0227  0.0227  0.0227  0.0227  0.0227  0.0227  0.0227
  0.0232  0.0230  0.0231  0.0230  0.0231  0.0226  0.0230  0.0234  0.0230  0.0229  0.0230  0.0230
  0.0245  0.0238  0.0242  0.0253  0.0246  0.0258  0.0240  0.0253  0.0237  0.0236  0.0236  0.0236
  0.0267  0.0251  0.0259  0.0293  0.0272  0.0312  0.0255  0.0281  0.0247  0.0249  0.0246  0.0246
   -1.5099  -10.7746   10.6066   -7.8877  -10.3870  -14.2693
    3.8585   -3.9806   -3.2226   -2.2768    5.7807   -1.0392
eta,q 0.97728 10.05816

---------------------------------------------------------------------
imgreg_4dfp /opt/freesurfer/average/711-2C_as_mni_average_305 /opt/freesurfer/average/711-2B_as_mni_average_305_mask talsrcimg_g11 none talsrcimg_to_711-2C_as_mni_average_305_t4 2311
---------------------------------------------------------------------

freesurfer imgreg_4dfp.c
/opt/freesurfer/average/711-2C_as_mni_average_305.4dfp.img
       256       256       256         1
  1.000000  1.000000  1.000000
orientation T byte_order littleendian
Reading image: /opt/freesurfer/average/711-2C_as_mni_average_305.4dfp.img
dimensions:      256       256       256
mmppix:       1.0000   -1.0000   -1.0000
center:     128.0000 -129.0000 -129.0000
/opt/freesurfer/average/711-2B_as_mni_average_305_mask.4dfp.img
       256       256       256         1
  1.000000  1.000000  1.000000
orientation T byte_order littleendian
Reading mask: /opt/freesurfer/average/711-2B_as_mni_average_305_mask.4dfp.img (2306576 pixels)
talsrcimg_g11.4dfp.img
       256       256       256         1
  1.000000  1.000000  1.000000
orientation T byte_order littleendian
Reading image: talsrcimg_g11.4dfp.img
dimensions:      256       256       256
mmppix:       1.0000   -1.0000   -1.0000
center:     128.0000 -129.0000 -129.0000
fimgreg.f
image alignment mode   2311 decimal      907 hex
parameters
   -1.5099  -10.7746   10.6066   -7.8877  -10.3870  -14.2693
    3.8585   -3.9806   -3.2226   -2.2768    5.7807   -1.0392
eta,q 0.97728 10.05817
niter,ni,del,rscale     5    3    5.0000    0.8000
parameters
   -1.5187  -10.7381   10.5556   -7.0486  -10.0668  -13.2198
    3.8647   -3.8486   -3.2105   -2.0249    5.8672   -1.6216
eta,q 0.97772 10.12106
  0.0245  0.0240  0.0237  0.0251  0.0240  0.0255  0.0237  0.0252  0.0233  0.0235  0.0233  0.0229
  0.0235  0.0233  0.0231  0.0240  0.0234  0.0243  0.0229  0.0237  0.0227  0.0228  0.0228  0.0225
  0.0229  0.0228  0.0228  0.0232  0.0228  0.0233  0.0225  0.0227  0.0224  0.0224  0.0224  0.0223
  0.0227  0.0227  0.0227  0.0227  0.0226  0.0226  0.0223  0.0223  0.0223  0.0223  0.0223  0.0223
  0.0229  0.0228  0.0229  0.0226  0.0227  0.0222  0.0225  0.0226  0.0224  0.0224  0.0224  0.0224
  0.0236  0.0232  0.0233  0.0231  0.0231  0.0226  0.0229  0.0235  0.0227  0.0227  0.0227  0.0228
  0.0245  0.0238  0.0238  0.0240  0.0237  0.0240  0.0237  0.0249  0.0233  0.0233  0.0232  0.0232
niter,ni,del,rscale     4    3    5.0000    0.7000
parameters
   -1.5452  -10.8086   10.5459   -7.2815   -9.8706  -13.0543
    3.9014   -3.8624   -3.1957   -2.1128    5.8764   -1.6865
eta,q 0.97778 10.12780
  0.0237  0.0231  0.0232  0.0236  0.0234  0.0244  0.0233  0.0244  0.0230  0.0230  0.0230  0.0228
  0.0229  0.0226  0.0227  0.0229  0.0228  0.0235  0.0227  0.0232  0.0226  0.0226  0.0226  0.0225
  0.0224  0.0223  0.0224  0.0224  0.0224  0.0228  0.0224  0.0225  0.0223  0.0223  0.0223  0.0223
  0.0223  0.0223  0.0223  0.0223  0.0223  0.0223  0.0222  0.0222  0.0222  0.0222  0.0222  0.0222
  0.0225  0.0224  0.0224  0.0225  0.0224  0.0222  0.0223  0.0225  0.0223  0.0223  0.0223  0.0223
  0.0230  0.0228  0.0227  0.0231  0.0227  0.0229  0.0227  0.0232  0.0226  0.0226  0.0226  0.0225
  0.0238  0.0233  0.0232  0.0240  0.0232  0.0244  0.0233  0.0244  0.0230  0.0231  0.0230  0.0228
niter,ni,del,rscale     3    3    5.0000    0.6000
parameters
   -1.5586  -10.8654   10.5569   -7.3275   -9.7808  -12.8808
    3.9015   -3.8538   -3.1675   -2.2324    5.8632   -1.7310
eta,q 0.97782 10.13407
  0.0233  0.0229  0.0230  0.0233  0.0231  0.0239  0.0230  0.0238  0.0228  0.0228  0.0228  0.0226
  0.0227  0.0225  0.0225  0.0228  0.0226  0.0232  0.0225  0.0230  0.0225  0.0224  0.0224  0.0224
  0.0223  0.0223  0.0223  0.0224  0.0223  0.0226  0.0223  0.0224  0.0223  0.0222  0.0222  0.0222
  0.0222  0.0222  0.0222  0.0222  0.0222  0.0222  0.0222  0.0222  0.0222  0.0222  0.0222  0.0222
  0.0224  0.0223  0.0223  0.0223  0.0223  0.0222  0.0223  0.0224  0.0222  0.0223  0.0223  0.0223
  0.0227  0.0226  0.0225  0.0227  0.0226  0.0227  0.0226  0.0229  0.0224  0.0225  0.0225  0.0224
  0.0233  0.0230  0.0229  0.0234  0.0230  0.0238  0.0230  0.0238  0.0227  0.0229  0.0228  0.0227
niter,ni,del,rscale     2    3    5.0000    0.5000
parameters
   -1.5640  -10.9180   10.5763   -7.3516   -9.7128  -12.7196
    3.8940   -3.8351   -3.1311   -2.3709    5.8320   -1.7678
eta,q 0.97784 10.13941
  0.0229  0.0226  0.0227  0.0230  0.0228  0.0234  0.0227  0.0233  0.0226  0.0226  0.0226  0.0225
  0.0225  0.0224  0.0224  0.0226  0.0225  0.0229  0.0224  0.0227  0.0224  0.0223  0.0223  0.0223
  0.0223  0.0222  0.0222  0.0223  0.0223  0.0225  0.0222  0.0223  0.0222  0.0222  0.0222  0.0222
  0.0222  0.0222  0.0222  0.0222  0.0222  0.0222  0.0222  0.0222  0.0222  0.0222  0.0222  0.0222
  0.0223  0.0223  0.0222  0.0223  0.0222  0.0222  0.0222  0.0223  0.0222  0.0222  0.0222  0.0222
  0.0225  0.0224  0.0224  0.0225  0.0224  0.0226  0.0224  0.0227  0.0223  0.0224  0.0223  0.0223
  0.0229  0.0227  0.0227  0.0230  0.0227  0.0233  0.0227  0.0233  0.0226  0.0226  0.0226  0.0225
niter,ni,del,rscale     1    3    5.0000    0.4000
parameters
   -1.5660  -10.9753   10.6062   -7.3798   -9.6556  -12.5641
    3.8777   -3.8127   -3.0846   -2.5075    5.8174   -1.7901
eta,q 0.97786 10.14433
  0.0226  0.0224  0.0225  0.0227  0.0226  0.0230  0.0225  0.0229  0.0224  0.0224  0.0224  0.0224
  0.0224  0.0223  0.0223  0.0224  0.0223  0.0227  0.0223  0.0225  0.0223  0.0222  0.0222  0.0222
  0.0222  0.0222  0.0222  0.0222  0.0222  0.0223  0.0222  0.0222  0.0222  0.0222  0.0222  0.0222
  0.0222  0.0222  0.0222  0.0222  0.0222  0.0222  0.0221  0.0221  0.0221  0.0221  0.0221  0.0221
  0.0222  0.0222  0.0222  0.0222  0.0222  0.0222  0.0222  0.0222  0.0222  0.0222  0.0222  0.0222
  0.0224  0.0223  0.0223  0.0224  0.0223  0.0224  0.0223  0.0225  0.0223  0.0223  0.0223  0.0222
  0.0226  0.0225  0.0225  0.0227  0.0225  0.0229  0.0225  0.0229  0.0224  0.0224  0.0224  0.0224
registration optimization eta report
parameter search radius
    0.8000    0.8000    0.8000    2.4000    2.4000    2.4000
    2.4000    2.4000    2.4000    2.4000    2.4000    2.4000
100000*second partial in parameter space
       75.       50.       53.        9.        7.       14.
        6.       13.        5.        5.        4.        4.
  0.0226  0.0224  0.0225  0.0227  0.0226  0.0230  0.0225  0.0229  0.0224  0.0224  0.0224  0.0224
  0.0224  0.0223  0.0223  0.0224  0.0223  0.0227  0.0223  0.0225  0.0223  0.0222  0.0222  0.0222
  0.0222  0.0222  0.0222  0.0222  0.0222  0.0223  0.0222  0.0222  0.0222  0.0222  0.0222  0.0222
  0.0222  0.0222  0.0222  0.0222  0.0222  0.0222  0.0221  0.0221  0.0221  0.0221  0.0221  0.0221
  0.0222  0.0222  0.0222  0.0222  0.0222  0.0222  0.0222  0.0222  0.0222  0.0222  0.0222  0.0222
  0.0224  0.0223  0.0223  0.0224  0.0223  0.0224  0.0223  0.0225  0.0223  0.0223  0.0223  0.0222
  0.0226  0.0225  0.0225  0.0227  0.0225  0.0229  0.0225  0.0229  0.0224  0.0224  0.0224  0.0224
   -1.5660  -10.9753   10.6062   -7.3798   -9.6556  -12.5641
    3.8777   -3.8127   -3.0846   -2.5075    5.8174   -1.7901
eta,q 0.97786 10.14433

---------------------------------------------------------------------
imgreg_4dfp /opt/freesurfer/average/711-2C_as_mni_average_305 /opt/freesurfer/average/711-2B_as_mni_average_305_mask talsrcimg_g11 none talsrcimg_to_711-2C_as_mni_average_305_t4 2311
---------------------------------------------------------------------

freesurfer imgreg_4dfp.c
/opt/freesurfer/average/711-2C_as_mni_average_305.4dfp.img
       256       256       256         1
  1.000000  1.000000  1.000000
orientation T byte_order littleendian
Reading image: /opt/freesurfer/average/711-2C_as_mni_average_305.4dfp.img
dimensions:      256       256       256
mmppix:       1.0000   -1.0000   -1.0000
center:     128.0000 -129.0000 -129.0000
/opt/freesurfer/average/711-2B_as_mni_average_305_mask.4dfp.img
       256       256       256         1
  1.000000  1.000000  1.000000
orientation T byte_order littleendian
Reading mask: /opt/freesurfer/average/711-2B_as_mni_average_305_mask.4dfp.img (2306576 pixels)
talsrcimg_g11.4dfp.img
       256       256       256         1
  1.000000  1.000000  1.000000
orientation T byte_order littleendian
Reading image: talsrcimg_g11.4dfp.img
dimensions:      256       256       256
mmppix:       1.0000   -1.0000   -1.0000
center:     128.0000 -129.0000 -129.0000
fimgreg.f
image alignment mode   2311 decimal      907 hex
parameters
   -1.5660  -10.9753   10.6062   -7.3798   -9.6556  -12.5641
    3.8777   -3.8127   -3.0846   -2.5075    5.8174   -1.7901
eta,q 0.97786 10.14433
niter,ni,del,rscale     5    3    5.0000    0.8000
parameters
   -1.5501  -11.0063   10.6597   -7.5941   -9.6262  -12.9632
    3.8666   -3.8861   -3.1245   -2.6077    5.8617   -1.5286
eta,q 0.97779 10.13190
  0.0241  0.0234  0.0236  0.0239  0.0235  0.0244  0.0236  0.0249  0.0232  0.0233  0.0232  0.0231
  0.0230  0.0227  0.0228  0.0230  0.0228  0.0234  0.0228  0.0235  0.0226  0.0227  0.0227  0.0226
  0.0224  0.0223  0.0223  0.0224  0.0223  0.0226  0.0224  0.0225  0.0223  0.0223  0.0223  0.0223
  0.0221  0.0221  0.0221  0.0221  0.0221  0.0221  0.0222  0.0222  0.0222  0.0222  0.0222  0.0222
  0.0224  0.0223  0.0223  0.0224  0.0223  0.0225  0.0224  0.0226  0.0223  0.0224  0.0223  0.0223
  0.0230  0.0228  0.0227  0.0231  0.0228  0.0238  0.0228  0.0236  0.0227  0.0227  0.0227  0.0225
  0.0240  0.0235  0.0234  0.0244  0.0235  0.0258  0.0236  0.0251  0.0232  0.0234  0.0232  0.0229
niter,ni,del,rscale     4    3    5.0000    0.7000
parameters
   -1.5560  -11.0137   10.6256   -7.4465   -9.6046  -12.9463
    3.8726   -3.8847   -3.1416   -2.6419    5.8661   -1.5512
eta,q 0.97780 10.13621
  0.0237  0.0232  0.0232  0.0238  0.0233  0.0243  0.0233  0.0244  0.0230  0.0231  0.0230  0.0228
  0.0228  0.0226  0.0226  0.0230  0.0227  0.0234  0.0227  0.0232  0.0225  0.0226  0.0225  0.0225
  0.0224  0.0223  0.0223  0.0225  0.0223  0.0227  0.0223  0.0225  0.0223  0.0223  0.0223  0.0223
  0.0222  0.0222  0.0222  0.0222  0.0222  0.0222  0.0222  0.0222  0.0222  0.0222  0.0222  0.0222
  0.0224  0.0223  0.0223  0.0223  0.0223  0.0222  0.0223  0.0224  0.0223  0.0223  0.0223  0.0223
  0.0229  0.0227  0.0227  0.0228  0.0227  0.0230  0.0227  0.0232  0.0225  0.0226  0.0225  0.0225
  0.0237  0.0232  0.0232  0.0237  0.0233  0.0246  0.0233  0.0244  0.0230  0.0231  0.0230  0.0228
niter,ni,del,rscale     3    3    5.0000    0.6000
parameters
   -1.5639  -11.0303   10.6217   -7.4132   -9.5786  -12.8171
    3.8771   -3.8686   -3.1165   -2.6630    5.8432   -1.6106
eta,q 0.97783 10.14078
  0.0233  0.0229  0.0229  0.0233  0.0230  0.0238  0.0230  0.0238  0.0227  0.0228  0.0227  0.0226
  0.0227  0.0225  0.0225  0.0228  0.0226  0.0231  0.0225  0.0229  0.0224  0.0224  0.0224  0.0224
  0.0223  0.0223  0.0223  0.0224  0.0223  0.0226  0.0223  0.0224  0.0222  0.0222  0.0222  0.0222
  0.0222  0.0222  0.0222  0.0222  0.0222  0.0222  0.0222  0.0222  0.0222  0.0222  0.0222  0.0222
  0.0223  0.0223  0.0223  0.0223  0.0223  0.0222  0.0223  0.0224  0.0222  0.0222  0.0222  0.0222
  0.0227  0.0225  0.0225  0.0227  0.0226  0.0228  0.0225  0.0229  0.0224  0.0225  0.0224  0.0224
  0.0233  0.0229  0.0229  0.0234  0.0230  0.0239  0.0230  0.0238  0.0227  0.0228  0.0227  0.0226
niter,ni,del,rscale     2    3    5.0000    0.5000
parameters
   -1.5656  -11.0522   10.6284   -7.4076   -9.5602  -12.6704
    3.8676   -3.8407   -3.0760   -2.6945    5.8167   -1.6714
eta,q 0.97785 10.14487
  0.0229  0.0227  0.0227  0.0230  0.0228  0.0234  0.0227  0.0233  0.0226  0.0226  0.0225  0.0225
  0.0225  0.0224  0.0224  0.0226  0.0224  0.0229  0.0224  0.0227  0.0223  0.0223  0.0223  0.0223
  0.0223  0.0222  0.0222  0.0223  0.0222  0.0224  0.0222  0.0223  0.0222  0.0222  0.0222  0.0222
  0.0222  0.0222  0.0222  0.0222  0.0222  0.0222  0.0222  0.0221  0.0221  0.0221  0.0221  0.0221
  0.0223  0.0222  0.0222  0.0222  0.0222  0.0222  0.0222  0.0223  0.0222  0.0222  0.0222  0.0222
  0.0225  0.0224  0.0224  0.0225  0.0224  0.0226  0.0224  0.0227  0.0223  0.0224  0.0223  0.0223
  0.0229  0.0227  0.0227  0.0230  0.0227  0.0234  0.0227  0.0233  0.0225  0.0226  0.0226  0.0225
niter,ni,del,rscale     1    3    5.0000    0.4000
parameters
   -1.5657  -11.0767   10.6415   -7.4110   -9.5592  -12.5341
    3.8497   -3.8090   -3.0347   -2.7471    5.7889   -1.7042
eta,q 0.97787 10.14784
  0.0226  0.0225  0.0225  0.0227  0.0225  0.0230  0.0225  0.0229  0.0224  0.0224  0.0224  0.0223
  0.0224  0.0223  0.0223  0.0224  0.0223  0.0226  0.0223  0.0225  0.0223  0.0222  0.0222  0.0222
  0.0222  0.0222  0.0222  0.0222  0.0222  0.0223  0.0222  0.0222  0.0222  0.0222  0.0222  0.0222
  0.0221  0.0221  0.0221  0.0221  0.0221  0.0221  0.0221  0.0221  0.0221  0.0221  0.0221  0.0221
  0.0222  0.0222  0.0222  0.0222  0.0222  0.0222  0.0222  0.0222  0.0222  0.0222  0.0222  0.0222
  0.0224  0.0223  0.0223  0.0224  0.0223  0.0224  0.0223  0.0225  0.0222  0.0223  0.0223  0.0222
  0.0226  0.0225  0.0225  0.0227  0.0225  0.0229  0.0225  0.0229  0.0224  0.0224  0.0224  0.0224
registration optimization eta report
parameter search radius
    0.8000    0.8000    0.8000    2.4000    2.4000    2.4000
    2.4000    2.4000    2.4000    2.4000    2.4000    2.4000
100000*second partial in parameter space
       75.       51.       54.        9.        7.       14.
        6.       13.        4.        5.        4.        4.
  0.0226  0.0225  0.0225  0.0227  0.0225  0.0230  0.0225  0.0229  0.0224  0.0224  0.0224  0.0223
  0.0224  0.0223  0.0223  0.0224  0.0223  0.0226  0.0223  0.0225  0.0223  0.0222  0.0222  0.0222
  0.0222  0.0222  0.0222  0.0222  0.0222  0.0223  0.0222  0.0222  0.0222  0.0222  0.0222  0.0222
  0.0221  0.0221  0.0221  0.0221  0.0221  0.0221  0.0221  0.0221  0.0221  0.0221  0.0221  0.0221
  0.0222  0.0222  0.0222  0.0222  0.0222  0.0222  0.0222  0.0222  0.0222  0.0222  0.0222  0.0222
  0.0224  0.0223  0.0223  0.0224  0.0223  0.0224  0.0223  0.0225  0.0222  0.0223  0.0223  0.0222
  0.0226  0.0225  0.0225  0.0227  0.0225  0.0229  0.0225  0.0229  0.0224  0.0224  0.0224  0.0224
   -1.5657  -11.0767   10.6415   -7.4110   -9.5592  -12.5341
    3.8497   -3.8090   -3.0347   -2.7471    5.7889   -1.7042
eta,q 0.97787 10.14784

---------------------------------------------------------------------
compute_vox2vox talsrcimg talsrcimg_to_711-2C_as_mni_average_305_t4 /opt/freesurfer/average/711-2C_as_mni_average_305
---------------------------------------------------------------------

freesurfer compute_vox2vox.c
Reading: talsrcimg.4dfp.ifh
Reading: talsrcimg_to_711-2C_as_mni_average_305_t4
Reading: /opt/freesurfer/average/711-2C_as_mni_average_305.4dfp.ifh
Writing: talsrcimg_to_711-2C_as_mni_average_305_t4_vox2vox.txt

start time Sat Mar 14 00:03:54 CET 2026
end		time Sat Mar 14 00:04:09 CET 2026

mpr2mni305 success

avi2talxfm orig_nu.mgz /opt/freesurfer/average/mni305.cor.mgz talsrcimg_to_711-2C_as_mni_average_305_t4_vox2vox.txt transforms/talairach.auto.xfm
avi2talxfm done
mv -f /out/sourcedata/freesurfer/sub-v2s8x29187_ses-1/mri/talsrcimg_to_711-2C_as_mni_average_305_t4_vox2vox.txt /out/sourcedata/freesurfer/sub-v2s8x29187_ses-1/mri/transforms/talsrcimg_to_711-2C_as_mni_average_305_t4_vox2vox.txt
lta_convert --src orig_nu.mgz --trg /opt/freesurfer/average/mni305.cor.mgz --inxfm transforms/talairach.auto.xfm --outlta transforms/talairach.auto.xfm.lta --subject fsaverage
7.3.2

--src: orig_nu.mgz src image (geometry).
--trg: /opt/freesurfer/average/mni305.cor.mgz trg image (geometry).
--inmni: transforms/talairach.auto.xfm input MNI/XFM transform.
--outlta: transforms/talairach.auto.xfm.lta output LTA.
--s: fsaverage subject name
 LTA read, type : 1
 1.07573   0.04544  -0.04493   0.03246;
-0.07053   1.14100   0.02450  -12.95856;
 0.03395   0.03618   1.10493   10.77965;
 0.00000   0.00000   0.00000   1.00000;
setting subject to fsaverage
Writing  LTA to file transforms/talairach.auto.xfm.lta...
lta_convert successful.
 
 
Started at Sat Mar 14 00:03:54 CET 2026
Ended   at Sat Mar 14 00:04:09 CET 2026
talairach_avi done
