/out/sourcedata/freesurfer/sub-v2s8x29192_ses-1/mri
/opt/freesurfer/bin/talairach_avi
--i orig_nu.mgz --xfm transforms/talairach.auto.xfm
talairach_avi 7.3.2
Linux dna066 5.14.0-427.37.1.el9_4.x86_64 #1 SMP PREEMPT_DYNAMIC Fri Sep 13 12:41:50 EDT 2024 x86_64 x86_64 x86_64 GNU/Linux
Sat Mar 14 00:26:50 CET 2026
mri_convert orig_nu.mgz talsrcimg.img 
reading from orig_nu.mgz...
TR=0.00, TE=0.00, TI=0.00, flip angle=0.00
i_ras = (-1, 0, 0)
j_ras = (0, 0, -1)
k_ras = (0, 1, 0)
writing to talsrcimg.img...
Analyze Output Matrix
-1.00000   0.00000   0.00000   122.43620;
 0.00000   0.00000   1.00000  -128.00000;
 0.00000  -1.00000   0.00000   132.16867;
 0.00000   0.00000   0.00000   1.00000;
--------------------
INFO: set hdr.hist.orient to -1
mpr2mni305 talsrcimg
Sat Mar 14 00:26:51 CET 2026
/opt/freesurfer/bin/mpr2mni305 talsrcimg
mpr2mni305 7.3.2
target=711-2C_as_mni_average_305

---------------------------------------------------------------------
analyzeto4dfp talsrcimg -O0 -y
---------------------------------------------------------------------

freesurfer ifh2hdr.c
Sat Mar 14 00:26:51 2026
Writing: talsrcimg.4dfp.hdr
freesurfer analyzeto4dfp.c
Reading: talsrcimg.hdr
header size 348 bytes
hdr.dime.datatype	offset=70	value=2
hdr.dime.bitpix		offset=72	value=8
hdr.hist.orient		offset=252	value=-1
dimensionality     4
dimensions       256       256       256         1
Reading: talsrcimg.img
Writing: talsrcimg.4dfp.img
Writing: talsrcimg.4dfp.ifh
ifh2hdr talsrcimg -r0to209
ori=2

---------------------------------------------------------------------
gauss_4dfp talsrcimg 1.1
---------------------------------------------------------------------

freesurfer gauss_4dfp.c
Reading: talsrcimg.4dfp.img
Writing: talsrcimg_g11.4dfp.img
image dimensions 256 256 256 padded to 288 288 288
processing volume 1freesurfer ifh2hdr.c
Sat Mar 14 00:26:52 2026
Writing: talsrcimg_g11.4dfp.hdr

Writing: talsrcimg_g11.4dfp.ifh
including: talsrcimg.4dfp.img.rec in talsrcimg_g11.4dfp.img.rec

---------------------------------------------------------------------
imgreg_4dfp /opt/freesurfer/average/711-2C_as_mni_average_305 none talsrcimg_g11 none talsrcimg_to_711-2C_as_mni_average_305_t4 4355
---------------------------------------------------------------------

freesurfer imgreg_4dfp.c
/opt/freesurfer/average/711-2C_as_mni_average_305.4dfp.img
       256       256       256         1
  1.000000  1.000000  1.000000
orientation T byte_order littleendian
Reading image: /opt/freesurfer/average/711-2C_as_mni_average_305.4dfp.img
dimensions:      256       256       256
mmppix:       1.0000   -1.0000   -1.0000
center:     128.0000 -129.0000 -129.0000
talsrcimg_g11.4dfp.img
       256       256       256         1
  1.000000  1.000000  1.000000
orientation T byte_order littleendian
Reading image: talsrcimg_g11.4dfp.img
dimensions:      256       256       256
mmppix:       1.0000   -1.0000   -1.0000
center:     128.0000 -129.0000 -129.0000
t4_read: open error in t4_sub.f l:  41 t4_file(1:l)talsrcimg_to_711-2C_as_mni_average_305_t4 
t4_read: transform initialized to I4
rotation matrix determinant  1.000000
image alignment mode   4355 decimal     1103 hex
   -7.5000  -45.0000  -45.0000 9513.3291   17.2990
    0.0000  -45.0000  -45.0000 9967.3262   17.2648
    7.5000  -45.0000  -45.0000 9480.9658   17.2635
   -7.5000  -37.5000  -45.0000 9859.4170   17.3038
    0.0000  -37.5000  -45.000010324.7422   17.2646
    7.5000  -37.5000  -45.0000 9827.4336   17.2571
   -7.5000  -30.0000  -45.000010483.7852   17.3002
    0.0000  -30.0000  -45.000011007.6035   17.2682
    7.5000  -30.0000  -45.000010458.6113   17.2625
   -7.5000  -22.5000  -45.000011073.5420   17.2780
    0.0000  -22.5000  -45.000011606.8887   17.2587
    7.5000  -22.5000  -45.000011042.2900   17.2609
   -7.5000  -15.0000  -45.000011578.7842   17.2527
    0.0000  -15.0000  -45.000012125.4277   17.2405
    7.5000  -15.0000  -45.000011558.6270   17.2481
   -7.5000   -7.5000  -45.000012025.1611   17.2525
    0.0000   -7.5000  -45.000012623.2480   17.2322
    7.5000   -7.5000  -45.000012011.6152   17.2383
   -7.5000    0.0000  -45.000012365.0908   17.2762
    0.0000    0.0000  -45.000012985.7168   17.2419
    7.5000    0.0000  -45.000012347.2188   17.2406
   -7.5000    7.5000  -45.000011737.9121   17.2988
    0.0000    7.5000  -45.000012311.1279   17.2595
    7.5000    7.5000  -45.000011697.0674   17.2520
   -7.5000   15.0000  -45.000010975.1123   17.3012
    0.0000   15.0000  -45.000011502.7002   17.2691
    7.5000   15.0000  -45.000010889.8174   17.2635
   -7.5000   22.5000  -45.000010123.4404   17.2874
    0.0000   22.5000  -45.000010626.1758   17.2681
    7.5000   22.5000  -45.000010066.4648   17.2702
   -7.5000   30.0000  -45.0000 9240.2783   17.0644
    0.0000   30.0000  -45.0000 9689.6172   17.0524
    7.5000   30.0000  -45.0000 9178.3125   17.0600
   -7.5000   37.5000  -45.0000 8588.9629   17.1341
    0.0000   37.5000  -45.0000 8964.9814   17.1138
    7.5000   37.5000  -45.0000 8518.7568   17.1196
   -7.5000   45.0000  -45.0000 7570.5938   16.8455
    0.0000   45.0000  -45.0000 7887.5918   16.8130
    7.5000   45.0000  -45.0000 7516.0591   16.8116
   -7.5000  -45.0000  -37.500010032.3721   17.3082
    0.0000  -45.0000  -37.500010538.7461   17.2728
    7.5000  -45.0000  -37.500010019.7314   17.2748
   -7.5000  -37.5000  -37.500010391.4326   17.3149
    0.0000  -37.5000  -37.500010913.5244   17.2763
    7.5000  -37.5000  -37.500010360.8721   17.2720
   -7.5000  -30.0000  -37.500011052.7061   17.3087
    0.0000  -30.0000  -37.500011623.9971   17.2773
    7.5000  -30.0000  -37.500011024.7695   17.2741
   -7.5000  -22.5000  -37.500011683.7773   17.2811
    0.0000  -22.5000  -37.500012260.0293   17.2613
    7.5000  -22.5000  -37.500011627.8955   17.2656
   -7.5000  -15.0000  -37.500012203.3047   17.2529
    0.0000  -15.0000  -37.500012813.8047   17.2391
    7.5000  -15.0000  -37.500012163.2373   17.2490
   -7.5000   -7.5000  -37.500012647.0449   17.2560
    0.0000   -7.5000  -37.500013286.0312   17.2336
    7.5000   -7.5000  -37.500012604.3984   17.2426
   -7.5000    0.0000  -37.500012985.0215   17.2853
    0.0000    0.0000  -37.500013640.8818   17.2497
    7.5000    0.0000  -37.500012937.3857   17.2517
   -7.5000    7.5000  -37.500012275.2910   17.3098
    0.0000    7.5000  -37.500012900.4873   17.2711
    7.5000    7.5000  -37.500012209.5176   17.2667
   -7.5000   15.0000  -37.500011444.9414   17.3096
    0.0000   15.0000  -37.500012011.9619   17.2781
    7.5000   15.0000  -37.500011349.6807   17.2749
   -7.5000   22.5000  -37.500010534.5537   17.2906
    0.0000   22.5000  -37.500011072.6455   17.2709
    7.5000   22.5000  -37.500010481.3486   17.2750
   -7.5000   30.0000  -37.5000 9612.7695   17.0649
    0.0000   30.0000  -37.500010088.1758   17.0513
    7.5000   30.0000  -37.5000 9559.8496   17.0611
   -7.5000   37.5000  -37.5000 8917.2305   17.1384
    0.0000   37.5000  -37.5000 9327.0928   17.1159
    7.5000   37.5000  -37.5000 8869.4014   17.1246
   -7.5000   45.0000  -37.5000 7839.3281   16.8536
    0.0000   45.0000  -37.5000 8187.2783   16.8202
    7.5000   45.0000  -37.5000 7794.7739   16.8223
   -7.5000  -45.0000  -30.000010775.5293   17.9925
    0.0000  -45.0000  -30.000011301.9102   17.9597
    7.5000  -45.0000  -30.000010709.5332   17.9661
   -7.5000  -37.5000  -30.000011118.9482   17.9940
    0.0000  -37.5000  -30.000011670.6465   17.9597
    7.5000  -37.5000  -30.000011049.0674   17.9600
   -7.5000  -30.0000  -30.000011826.0518   17.9846
    0.0000  -30.0000  -30.000012417.7959   17.9555
    7.5000  -30.0000  -30.000011758.9033   17.9563
   -7.5000  -22.5000  -30.000012497.8711   17.9583
    0.0000  -22.5000  -30.000013120.5420   17.9374
    7.5000  -22.5000  -30.000012407.9600   17.9446
   -7.5000  -15.0000  -30.000013044.6924   17.9349
    0.0000  -15.0000  -30.000013703.3184   17.9182
    7.5000  -15.0000  -30.000012950.7930   17.9304
   -7.5000   -7.5000  -30.000013509.5713   17.9412
    0.0000   -7.5000  -30.000014190.7246   17.9178
    7.5000   -7.5000  -30.000013403.7998   17.9296
   -7.5000    0.0000  -30.000013841.8398   17.9686
    0.0000    0.0000  -30.000014539.4268   17.9357
    7.5000    0.0000  -30.000013741.9590   17.9419
   -7.5000    7.5000  -30.000013056.2803   17.9886
    0.0000    7.5000  -30.000013727.7666   17.9542
    7.5000    7.5000  -30.000012963.8477   17.9545
   -7.5000   15.0000  -30.000012156.1338   17.9854
    0.0000   15.0000  -30.000012780.2695   17.9562
    7.5000   15.0000  -30.000012062.8594   17.9570
   -7.5000   22.5000  -30.000011172.9092   17.9664
    0.0000   22.5000  -30.000011728.5957   17.9455
    7.5000   22.5000  -30.000011100.4258   17.9526
   -7.5000   30.0000  -30.000010175.3643   17.7414
    0.0000   30.0000  -30.000010669.2822   17.7250
    7.5000   30.0000  -30.000010098.2988   17.7370
   -7.5000   37.5000  -30.0000 9433.3350   17.8203
    0.0000   37.5000  -30.0000 9882.4043   17.7968
    7.5000   37.5000  -30.0000 9363.9375   17.8084
   -7.5000   45.0000  -30.0000 8289.1494   17.5312
    0.0000   45.0000  -30.0000 8661.3193   17.5005
    7.5000   45.0000  -30.0000 8221.5635   17.5068
   -7.5000  -45.0000  -22.500011477.5791   18.5751
    0.0000  -45.0000  -22.500012009.1230   18.5476
    7.5000  -45.0000  -22.500011374.0684   18.5558
   -7.5000  -37.5000  -22.500011819.9385   18.5694
    0.0000  -37.5000  -22.500012382.8750   18.5401
    7.5000  -37.5000  -22.500011715.2197   18.5432
   -7.5000  -30.0000  -22.500012547.4180   18.5603
    0.0000  -30.0000  -22.500013144.3213   18.5340
    7.5000  -30.0000  -22.500012436.7139   18.5382
   -7.5000  -22.5000  -22.500013244.1123   18.5421
    0.0000  -22.5000  -22.500013874.3643   18.5215
    7.5000  -22.5000  -22.500013106.5625   18.5310
   -7.5000  -15.0000  -22.500013816.9863   18.5271
    0.0000  -15.0000  -22.500014500.9990   18.5099
    7.5000  -15.0000  -22.500013672.0029   18.5227
   -7.5000   -7.5000  -22.500014303.4814   18.5323
    0.0000   -7.5000  -22.500015006.2988   18.5109
    7.5000   -7.5000  -22.500014133.9385   18.5232
   -7.5000    0.0000  -22.500014634.4033   18.5507
    0.0000    0.0000  -22.500015373.2236   18.5230
    7.5000    0.0000  -22.500014477.0332   18.5309
   -7.5000    7.5000  -22.500013809.1162   18.5638
    0.0000    7.5000  -22.500014510.0078   18.5344
    7.5000    7.5000  -22.500013662.2227   18.5376
   -7.5000   15.0000  -22.500012838.6494   18.5612
    0.0000   15.0000  -22.500013492.5703   18.5348
    7.5000   15.0000  -22.500012695.0723   18.5391
   -7.5000   22.5000  -22.500011798.0146   18.5492
    0.0000   22.5000  -22.500012387.2920   18.5287
    7.5000   22.5000  -22.500011696.5342   18.5381
   -7.5000   30.0000  -22.500010722.3164   18.3301
    0.0000   30.0000  -22.500011257.1387   18.3132
    7.5000   30.0000  -22.500010610.1367   18.3258
   -7.5000   37.5000  -22.5000 9932.2861   18.4090
    0.0000   37.5000  -22.500010411.7637   18.3878
    7.5000   37.5000  -22.5000 9823.3398   18.4000
   -7.5000   45.0000  -22.5000 8731.4229   18.1123
    0.0000   45.0000  -22.5000 9118.0137   18.0866
    7.5000   45.0000  -22.5000 8616.0127   18.0943
   -7.5000  -45.0000  -15.000012124.8926   19.0179
    0.0000  -45.0000  -15.000012702.0508   18.9913
    7.5000  -45.0000  -15.000012048.7568   18.9954
   -7.5000  -37.5000  -15.000012508.7109   19.0087
    0.0000  -37.5000  -15.000013078.0215   18.9786
    7.5000  -37.5000  -15.000012396.9766   18.9781
   -7.5000  -30.0000  -15.000013250.4990   19.0021
    0.0000  -30.0000  -15.000013834.4736   18.9747
    7.5000  -30.0000  -15.000013118.2373   18.9763
   -7.5000  -22.5000  -15.000013957.1855   18.9901
    0.0000  -22.5000  -15.000014580.5928   18.9696
    7.5000  -22.5000  -15.000013820.4922   18.9766
   -7.5000  -15.0000  -15.000014566.4180   18.9793
    0.0000  -15.0000  -15.000015246.1748   18.9631
    7.5000  -15.0000  -15.000014406.0977   18.9725
   -7.5000   -7.5000  -15.000015052.3408   18.9812
    0.0000   -7.5000  -15.000015779.0059   18.9615
    7.5000   -7.5000  -15.000014877.0684   18.9698
   -7.5000    0.0000  -15.000015359.8848   18.9930
    0.0000    0.0000  -15.000016105.0781   18.9662
    7.5000    0.0000  -15.000015172.1064   18.9701
   -7.5000    7.5000  -15.000014501.7744   19.0032
    0.0000    7.5000  -15.000015195.3447   18.9730
    7.5000    7.5000  -15.000014305.5596   18.9725
   -7.5000   15.0000  -15.000013504.1992   19.0031
    0.0000   15.0000  -15.000014142.4854   18.9757
    7.5000   15.0000  -15.000013318.9277   18.9773
   -7.5000   22.5000  -15.000012430.2979   18.9965
    0.0000   22.5000  -15.000013033.7559   18.9761
    7.5000   22.5000  -15.000012258.9102   18.9830
   -7.5000   30.0000  -15.000011304.5654   18.7800
    0.0000   30.0000  -15.000011820.3496   18.7641
    7.5000   30.0000  -15.000011115.8789   18.7734
   -7.5000   37.5000  -15.000010433.0859   18.8569
    0.0000   37.5000  -15.000010889.9209   18.8375
    7.5000   37.5000  -15.000010254.9648   18.8457
   -7.5000   45.0000  -15.0000 9152.3418   18.5564
    0.0000   45.0000  -15.0000 9536.2139   18.5312
    7.5000   45.0000  -15.0000 8975.8477   18.5347
   -7.5000  -45.0000   -7.500012780.7949   19.2712
    0.0000  -45.0000   -7.500013380.3926   19.2388
    7.5000  -45.0000   -7.500012725.3271   19.2376
   -7.5000  -37.5000   -7.500013214.8994   19.2680
    0.0000  -37.5000   -7.500013801.6172   19.2304
    7.5000  -37.5000   -7.500013110.7129   19.2233
   -7.5000  -30.0000   -7.500013990.4277   19.2642
    0.0000  -30.0000   -7.500014580.0244   19.2318
    7.5000  -30.0000   -7.500013877.2109   19.2270
   -7.5000  -22.5000   -7.500014739.8867   19.2486
    0.0000  -22.5000   -7.500015335.1523   19.2271
    7.5000  -22.5000   -7.500014603.9932   19.2296
   -7.5000  -15.0000   -7.500015395.9033   19.2305
    0.0000  -15.0000   -7.500016039.3672   19.2158
    7.5000  -15.0000   -7.500015238.0684   19.2223
   -7.5000   -7.5000   -7.500015890.0771   19.2297
    0.0000   -7.5000   -7.500016584.1699   19.2089
    7.5000   -7.5000   -7.500015736.9434   19.2140
   -7.5000    0.0000   -7.500016196.8086   19.2460
    0.0000    0.0000   -7.500016886.3828   19.2134
    7.5000    0.0000   -7.500016008.8838   19.2121
   -7.5000    7.5000   -7.500015300.8779   19.2625
    0.0000    7.5000   -7.500015905.4180   19.2248
    7.5000    7.5000   -7.500015061.4502   19.2177
   -7.5000   15.0000   -7.500014278.9082   19.2653
    0.0000   15.0000   -7.500014839.3906   19.2329
    7.5000   15.0000   -7.500014040.3740   19.2281
   -7.5000   22.5000   -7.500013129.0176   19.2528
    0.0000   22.5000   -7.500013676.8096   19.2315
    7.5000   22.5000   -7.500012909.4033   19.2339
   -7.5000   30.0000   -7.500011886.2637   19.0276
    0.0000   30.0000   -7.500012379.7588   19.0132
    7.5000   30.0000   -7.500011654.2227   19.0197
   -7.5000   37.5000   -7.500010921.9072   19.1035
    0.0000   37.5000   -7.500011374.6055   19.0829
    7.5000   37.5000   -7.500010698.4414   19.0878
   -7.5000   45.0000   -7.5000 9525.9668   18.8084
    0.0000   45.0000   -7.5000 9921.9531   18.7774
    7.5000   45.0000   -7.5000 9337.9521   18.7757
   -7.5000  -45.0000    0.000013245.5107   19.3358
    0.0000  -45.0000    0.000013903.6562   19.2974
    7.5000  -45.0000    0.000013276.3672   19.2958
   -7.5000  -37.5000    0.000013747.4707   19.3415
    0.0000  -37.5000    0.000014423.3223   19.2975
    7.5000  -37.5000    0.000013736.9189   19.2889
   -7.5000  -30.0000    0.000014690.3652   19.3377
    0.0000  -30.0000    0.000015304.6152   19.3016
    7.5000  -30.0000    0.000014610.5723   19.2951
   -7.5000  -22.5000    0.000015441.5146   19.3126
    0.0000  -22.5000    0.000015946.0137   19.2908
    7.5000  -22.5000    0.000015336.3037   19.2931
   -7.5000  -15.0000    0.000015982.6855   19.2840
    0.0000  -15.0000    0.000016497.7480   19.2702
    7.5000  -15.0000    0.000015937.6729   19.2786
   -7.5000   -7.5000    0.000016459.8926   19.2836
    0.0000   -7.5000    0.000016989.2480   19.2608
    7.5000   -7.5000    0.000016405.0508   19.2675
   -7.5000    0.0000    0.000016790.1348   19.3104
    0.0000    0.0000    0.000017353.3770   19.2718
    7.5000    0.0000    0.000016677.8613   19.2702
   -7.5000    7.5000    0.000015832.5098   19.3359
    0.0000    7.5000    0.000016387.0293   19.2919
    7.5000    7.5000    0.000015660.3340   19.2832
   -7.5000   15.0000    0.000014766.0410   19.3388
    0.0000   15.0000    0.000015339.8770   19.3027
    7.5000   15.0000    0.000014581.0068   19.2962
   -7.5000   22.5000    0.000013562.5801   19.3169
    0.0000   22.5000    0.000014131.3760   19.2951
    7.5000   22.5000    0.000013393.9238   19.2973
   -7.5000   30.0000    0.000012255.4463   19.0809
    0.0000   30.0000    0.000012771.4990   19.0673
    7.5000   30.0000    0.000012072.7051   19.0756
   -7.5000   37.5000    0.000011275.6523   19.1586
    0.0000   37.5000    0.000011722.7900   19.1357
    7.5000   37.5000    0.000011084.2529   19.1422
   -7.5000   45.0000    0.0000 9840.4561   18.8730
    0.0000   45.0000    0.000010232.9248   18.8365
    7.5000   45.0000    0.0000 9686.2178   18.8347
   -7.5000  -45.0000    7.500012706.6006   19.3636
    0.0000  -45.0000    7.500013260.4072   19.3240
    7.5000  -45.0000    7.500012784.4717   19.3262
   -7.5000  -37.5000    7.500013179.1045   19.3711
    0.0000  -37.5000    7.500013812.0234   19.3278
    7.5000  -37.5000    7.500013262.3467   19.3229
   -7.5000  -30.0000    7.500014156.5752   19.3643
    0.0000  -30.0000    7.500014789.2520   19.3290
    7.5000  -30.0000    7.500014191.6016   19.3253
   -7.5000  -22.5000    7.500014910.0020   19.3335
    0.0000  -22.5000    7.500015520.5381   19.3113
    7.5000  -22.5000    7.500014978.9062   19.3160
   -7.5000  -15.0000    7.500015440.8047   19.3021
    0.0000  -15.0000    7.500016062.1221   19.2866
    7.5000  -15.0000    7.500015518.6406   19.2977
   -7.5000   -7.5000    7.500015886.0967   19.3054
    0.0000   -7.5000    7.500016489.0020   19.2804
    7.5000   -7.5000    7.500015897.6455   19.2904
   -7.5000    0.0000    7.500016177.9570   19.3380
    0.0000    0.0000    7.500016818.8203   19.2982
    7.5000    0.0000    7.500016129.2070   19.3003
   -7.5000    7.5000    7.500015209.6836   19.3654
    0.0000    7.5000    7.500015799.2227   19.3220
    7.5000    7.5000    7.500015121.2197   19.3170
   -7.5000   15.0000    7.500014148.6406   19.3652
    0.0000   15.0000    7.500014695.4629   19.3299
    7.5000   15.0000    7.500014029.8008   19.3262
   -7.5000   22.5000    7.500012986.3057   19.3379
    0.0000   22.5000    7.500013528.1035   19.3157
    7.5000   22.5000    7.500012871.8506   19.3202
   -7.5000   30.0000    7.500011739.8018   19.0992
    0.0000   30.0000    7.500012240.4824   19.0840
    7.5000   30.0000    7.500011608.1748   19.0948
   -7.5000   37.5000    7.500010785.3770   19.1813
    0.0000   37.5000    7.500011238.3691   19.1561
    7.5000   37.5000    7.500010645.0381   19.1658
   -7.5000   45.0000    7.5000 9396.5605   18.8994
    0.0000   45.0000    7.5000 9770.1924   18.8619
    7.5000   45.0000    7.5000 9277.8203   18.8642
   -7.5000  -45.0000   15.000012042.3086   19.3818
    0.0000  -45.0000   15.000012623.6543   19.3464
    7.5000  -45.0000   15.000012153.7568   19.3530
   -7.5000  -37.5000   15.000012509.7773   19.3836
    0.0000  -37.5000   15.000013146.2119   19.3467
    7.5000  -37.5000   15.000012598.5635   19.3468
   -7.5000  -30.0000   15.000013382.2031   19.3734
    0.0000  -30.0000   15.000014031.2109   19.3421
    7.5000  -30.0000   15.000013437.2051   19.3429
   -7.5000  -22.5000   15.000014110.5273   19.3448
    0.0000  -22.5000   15.000014807.4111   19.3224
    7.5000  -22.5000   15.000014199.7783   19.3300
   -7.5000  -15.0000   15.000014714.4346   19.3194
    0.0000  -15.0000   15.000015479.4580   19.3013
    7.5000  -15.0000   15.000014791.1045   19.3143
   -7.5000   -7.5000   15.000015178.4590   19.3262
    0.0000   -7.5000   15.000015927.0146   19.3008
    7.5000   -7.5000   15.000015223.5400   19.3134
   -7.5000    0.0000   15.000015422.8652   19.3560
    0.0000    0.0000   15.000016180.8809   19.3205
    7.5000    0.0000   15.000015467.5859   19.3269
   -7.5000    7.5000   15.000014469.4902   19.3778
    0.0000    7.5000   15.000015125.5371   19.3407
    7.5000    7.5000   15.000014465.4658   19.3408
   -7.5000   15.0000   15.000013427.4199   19.3743
    0.0000   15.0000   15.000014003.5059   19.3429
    7.5000   15.0000   15.000013380.8125   19.3437
   -7.5000   22.5000   15.000012289.1641   19.3493
    0.0000   22.5000   15.000012808.2607   19.3269
    7.5000   22.5000   15.000012240.1426   19.3344
   -7.5000   30.0000   15.000011065.9678   19.1168
    0.0000   30.0000   15.000011523.9102   19.0990
    7.5000   30.0000   15.000011008.3877   19.1117
   -7.5000   37.5000   15.000010151.6465   19.2019
    0.0000   37.5000   15.000010567.5977   19.1765
    7.5000   37.5000   15.000010097.4980   19.1888
   -7.5000   45.0000   15.0000 8860.6572   18.9163
    0.0000   45.0000   15.0000 9205.7266   18.8831
    7.5000   45.0000   15.0000 8819.1621   18.8897
   -7.5000  -45.0000   22.500011311.6895   19.4202
    0.0000  -45.0000   22.500011905.4854   19.3918
    7.5000  -45.0000   22.500011414.9072   19.4004
   -7.5000  -37.5000   22.500011762.5918   19.4137
    0.0000  -37.5000   22.500012382.7715   19.3837
    7.5000  -37.5000   22.500011843.0713   19.3870
   -7.5000  -30.0000   22.500012546.6807   19.4033
    0.0000  -30.0000   22.500013141.1143   19.3765
    7.5000  -30.0000   22.500012599.8994   19.3811
   -7.5000  -22.5000   22.500013224.6865   19.3837
    0.0000  -22.5000   22.500013828.8496   19.3627
    7.5000  -22.5000   22.500013295.9023   19.3728
   -7.5000  -15.0000   22.500013831.3291   19.3684
    0.0000  -15.0000   22.500014491.3174   19.3507
    7.5000  -15.0000   22.500013894.1172   19.3641
   -7.5000   -7.5000   22.500014276.6221   19.3746
    0.0000   -7.5000   22.500014934.7158   19.3525
    7.5000   -7.5000   22.500014342.8076   19.3654
   -7.5000    0.0000   22.500014512.7041   19.3944
    0.0000    0.0000   22.500015174.9648   19.3659
    7.5000    0.0000   22.500014585.3252   19.3742
   -7.5000    7.5000   22.500013619.2559   19.4079
    0.0000    7.5000   22.500014226.5381   19.3778
    7.5000    7.5000   22.500013636.3975   19.3811
   -7.5000   15.0000   22.500012607.0146   19.4042
    0.0000   15.0000   22.500013167.2812   19.3774
    7.5000   15.0000   22.500012629.4287   19.3819
   -7.5000   22.5000   22.500011513.4131   19.3883
    0.0000   22.5000   22.500012041.3770   19.3674
    7.5000   22.5000   22.500011526.7363   19.3774
   -7.5000   30.0000   22.500010320.8105   19.1655
    0.0000   30.0000   22.500010794.3115   19.1481
    7.5000   30.0000   22.500010322.1875   19.1614
   -7.5000   37.5000   22.5000 9446.5449   19.2494
    0.0000   37.5000   22.5000 9855.1982   19.2275
    7.5000   37.5000   22.5000 9441.3730   19.2402
   -7.5000   45.0000   22.5000 8251.4150   18.9545
    0.0000   45.0000   22.5000 8586.9600   18.9279
    7.5000   45.0000   22.5000 8241.2100   18.9360
   -7.5000  -45.0000   30.000010527.9824   19.6061
    0.0000  -45.0000   30.000011075.7246   19.5790
    7.5000  -45.0000   30.000010550.7354   19.5833
   -7.5000  -37.5000   30.000010924.4629   19.5960
    0.0000  -37.5000   30.000011497.7637   19.5655
    7.5000  -37.5000   30.000010949.2168   19.5653
   -7.5000  -30.0000   30.000011607.2100   19.5890
    0.0000  -30.0000   30.000012173.3730   19.5614
    7.5000  -30.0000   30.000011652.8574   19.5634
   -7.5000  -22.5000   30.000012226.3379   19.5767
    0.0000  -22.5000   30.000012822.0576   19.5562
    7.5000  -22.5000   30.000012294.6250   19.5637
   -7.5000  -15.0000   30.000012798.7676   19.5659
    0.0000  -15.0000   30.000013422.9092   19.5496
    7.5000  -15.0000   30.000012880.4688   19.5594
   -7.5000   -7.5000   30.000013238.3604   19.5679
    0.0000   -7.5000   30.000013877.1104   19.5479
    7.5000   -7.5000   30.000013323.0557   19.5564
   -7.5000    0.0000   30.000013463.5459   19.5800
    0.0000    0.0000   30.000014121.3174   19.5527
    7.5000    0.0000   30.000013550.0498   19.5568
   -7.5000    7.5000   30.000012629.8105   19.5903
    0.0000    7.5000   30.000013241.0967   19.5596
    7.5000    7.5000   30.000012656.6230   19.5594
   -7.5000   15.0000   30.000011713.0010   19.5900
    0.0000   15.0000   30.000012246.5732   19.5624
    7.5000   15.0000   30.000011722.9463   19.5644
   -7.5000   22.5000   30.000010693.3467   19.5815
    0.0000   22.5000   30.000011174.4668   19.5610
    7.5000   22.5000   30.000010688.0088   19.5685
   -7.5000   30.0000   30.0000 9584.7686   19.3613
    0.0000   30.0000   30.000010014.3057   19.3453
    7.5000   30.0000   30.0000 9552.6377   19.3549
   -7.5000   37.5000   30.0000 8757.3662   19.4419
    0.0000   37.5000   30.0000 9121.6641   19.4221
    7.5000   37.5000   30.0000 8727.9883   19.4306
   -7.5000   45.0000   30.0000 7667.1201   19.1390
    0.0000   45.0000   30.0000 7971.0518   19.1133
    7.5000   45.0000   30.0000 7643.8120   19.1169
   -7.5000  -45.0000   37.500010084.5029   19.9678
    0.0000  -45.0000   37.500010610.9561   19.9344
    7.5000  -45.0000   37.500010061.8828   19.9353
   -7.5000  -37.5000   37.500010464.5996   19.9649
    0.0000  -37.5000   37.500010993.5000   19.9261
    7.5000  -37.5000   37.500010443.1904   19.9210
   -7.5000  -30.0000   37.500011122.0605   19.9613
    0.0000  -30.0000   37.500011673.7764   19.9279
    7.5000  -30.0000   37.500011119.6934   19.9251
   -7.5000  -22.5000   37.500011724.4834   19.9445
    0.0000  -22.5000   37.500012308.2383   19.9226
    7.5000  -22.5000   37.500011737.4268   19.9273
   -7.5000  -15.0000   37.500012271.5352   19.9246
    0.0000  -15.0000   37.500012866.5781   19.9097
    7.5000  -15.0000   37.500012301.4189   19.9186
   -7.5000   -7.5000   37.500012701.1953   19.9233
    0.0000   -7.5000   37.500013309.9111   19.9021
    7.5000   -7.5000   37.500012760.1318   19.9095
   -7.5000    0.0000   37.500012941.7451   19.9409
    0.0000    0.0000   37.500013569.2852   19.9072
    7.5000    0.0000   37.500012995.0371   19.9080
   -7.5000    7.5000   37.500012125.8789   19.9590
    0.0000    7.5000   37.500012707.8965   19.9201
    7.5000    7.5000   37.500012155.7451   19.9149
   -7.5000   15.0000   37.500011244.9619   19.9625
    0.0000   15.0000   37.500011757.0430   19.9290
    7.5000   15.0000   37.500011242.8096   19.9263
   -7.5000   22.5000   37.500010258.2275   19.9493
    0.0000   22.5000   37.500010724.2324   19.9274
    7.5000   22.5000   37.500010255.8916   19.9321
   -7.5000   30.0000   37.5000 9205.4492   19.7155
    0.0000   30.0000   37.5000 9617.5586   19.7009
    7.5000   30.0000   37.5000 9192.9092   19.7098
   -7.5000   37.5000   37.5000 8431.8115   19.7942
    0.0000   37.5000   37.5000 8773.7480   19.7731
    7.5000   37.5000   37.5000 8411.9785   19.7805
   -7.5000   45.0000   37.5000 7381.3989   19.4910
    0.0000   45.0000   37.5000 7657.8755   19.4591
    7.5000   45.0000   37.5000 7367.7300   19.4596
   -7.5000  -45.0000   45.0000 9225.8945   20.4049
    0.0000  -45.0000   45.0000 9705.5527   20.3636
    7.5000  -45.0000   45.0000 9201.2783   20.3652
   -7.5000  -37.5000   45.0000 9577.2207   20.4061
    0.0000  -37.5000   45.000010062.4111   20.3602
    7.5000  -37.5000   45.0000 9540.8398   20.3553
   -7.5000  -30.0000   45.000010195.7949   20.3991
    0.0000  -30.0000   45.000010704.6992   20.3633
    7.5000  -30.0000   45.000010167.2207   20.3616
   -7.5000  -22.5000   45.000010753.7559   20.3739
    0.0000  -22.5000   45.000011290.7139   20.3540
    7.5000  -22.5000   45.000010739.7979   20.3611
   -7.5000  -15.0000   45.000011254.2393   20.3470
    0.0000  -15.0000   45.000011814.6416   20.3346
    7.5000  -15.0000   45.000011266.4980   20.3472
   -7.5000   -7.5000   45.000011665.6328   20.3488
    0.0000   -7.5000   45.000012232.2334   20.3251
    7.5000   -7.5000   45.000011694.8467   20.3352
   -7.5000    0.0000   45.000011925.8213   20.3764
    0.0000    0.0000   45.000012493.8486   20.3350
    7.5000    0.0000   45.000011959.7939   20.3365
   -7.5000    7.5000   45.000011182.7441   20.3998
    0.0000    7.5000   45.000011709.9834   20.3538
    7.5000    7.5000   45.000011201.6914   20.3489
   -7.5000   15.0000   45.000010351.1953   20.3993
    0.0000   15.0000   45.000010833.9697   20.3635
    7.5000   15.0000   45.000010362.1992   20.3618
   -7.5000   22.5000   45.0000 9431.5566   20.3757
    0.0000   22.5000   45.0000 9866.3418   20.3558
    7.5000   22.5000   45.0000 9438.4980   20.3629
   -7.5000   30.0000   45.0000 8480.8848   20.1258
    0.0000   30.0000   45.0000 8865.1465   20.1136
    7.5000   30.0000   45.0000 8478.7852   20.1263
   -7.5000   37.5000   45.0000 7776.3970   20.2078
    0.0000   37.5000   45.0000 8088.0811   20.1840
    7.5000   37.5000   45.0000 7751.5859   20.1941
   -7.5000   45.0000   45.0000 6810.2373   19.9160
    0.0000   45.0000   45.0000 7067.6323   19.8767
    7.5000   45.0000   45.0000 6796.1362   19.8783

---------------------------------------------------------------------
imgreg_4dfp /opt/freesurfer/average/711-2C_as_mni_average_305 /opt/freesurfer/average/711-2B_as_mni_average_305_mask talsrcimg_g11 none talsrcimg_to_711-2C_as_mni_average_305_t4 4355
---------------------------------------------------------------------

freesurfer imgreg_4dfp.c
/opt/freesurfer/average/711-2C_as_mni_average_305.4dfp.img
       256       256       256         1
  1.000000  1.000000  1.000000
orientation T byte_order littleendian
Reading image: /opt/freesurfer/average/711-2C_as_mni_average_305.4dfp.img
dimensions:      256       256       256
mmppix:       1.0000   -1.0000   -1.0000
center:     128.0000 -129.0000 -129.0000
/opt/freesurfer/average/711-2B_as_mni_average_305_mask.4dfp.img
       256       256       256         1
  1.000000  1.000000  1.000000
orientation T byte_order littleendian
Reading mask: /opt/freesurfer/average/711-2B_as_mni_average_305_mask.4dfp.img (2306576 pixels)
talsrcimg_g11.4dfp.img
       256       256       256         1
  1.000000  1.000000  1.000000
orientation T byte_order littleendian
Reading image: talsrcimg_g11.4dfp.img
dimensions:      256       256       256
mmppix:       1.0000   -1.0000   -1.0000
center:     128.0000 -129.0000 -129.0000
rotation matrix determinant  1.000000
image alignment mode   4355 decimal     1103 hex
   -7.5000  -45.0000  -45.0000 2304.9890   15.8992
    0.0000  -45.0000  -45.0000 2322.3662   15.8440
    7.5000  -45.0000  -45.0000 2304.4558   15.9255
   -7.5000  -37.5000  -45.0000 2345.9404   15.1927
    0.0000  -37.5000  -45.0000 2365.0583   15.1091
    7.5000  -37.5000  -45.0000 2347.4863   15.1963
   -7.5000  -30.0000  -45.0000 2369.4717   14.7306
    0.0000  -30.0000  -45.0000 2391.6091   14.6354
    7.5000  -30.0000  -45.0000 2371.2805   14.7275
   -7.5000  -22.5000  -45.0000 2377.8066   14.5619
    0.0000  -22.5000  -45.0000 2398.2468   14.4884
    7.5000  -22.5000  -45.0000 2379.6365   14.5822
   -7.5000  -15.0000  -45.0000 2358.1907   14.7007
    0.0000  -15.0000  -45.0000 2377.1819   14.6355
    7.5000  -15.0000  -45.0000 2365.6228   14.7269
   -7.5000   -7.5000  -45.0000 2312.3850   15.1500
    0.0000   -7.5000  -45.0000 2339.1519   15.0804
    7.5000   -7.5000  -45.0000 2320.3779   15.1569
   -7.5000    0.0000  -45.0000 2247.8943   15.8869
    0.0000    0.0000  -45.0000 2271.1924   15.7764
    7.5000    0.0000  -45.0000 2255.4600   15.8571
   -7.5000    7.5000  -45.0000 2171.1243   16.9860
    0.0000    7.5000  -45.0000 2189.9907   16.8358
    7.5000    7.5000  -45.0000 2173.4280   16.9297
   -7.5000   15.0000  -45.0000 2077.7944   18.5666
    0.0000   15.0000  -45.0000 2090.9849   18.3927
    7.5000   15.0000  -45.0000 2072.2942   18.4766
   -7.5000   22.5000  -45.0000 1965.1385   20.7738
    0.0000   22.5000  -45.0000 1984.0826   20.5952
    7.5000   22.5000  -45.0000 1965.1967   20.6339
   -7.5000   30.0000  -45.0000 1840.0934   23.6589
    0.0000   30.0000  -45.0000 1864.3956   23.5077
    7.5000   30.0000  -45.0000 1843.7368   23.5804
   -7.5000   37.5000  -45.0000 1714.9280   27.5394
    0.0000   37.5000  -45.0000 1728.1660   27.3210
    7.5000   37.5000  -45.0000 1715.1243   27.4830
   -7.5000   45.0000  -45.0000 1580.7325   33.0036
    0.0000   45.0000  -45.0000 1592.4229   32.6307
    7.5000   45.0000  -45.0000 1580.6716   32.8685
   -7.5000  -45.0000  -37.5000 2388.7791   14.8032
    0.0000  -45.0000  -37.5000 2408.7390   14.7509
    7.5000  -45.0000  -37.5000 2391.5535   14.8218
   -7.5000  -37.5000  -37.5000 2432.8093   14.1363
    0.0000  -37.5000  -37.5000 2454.9736   14.0781
    7.5000  -37.5000  -37.5000 2434.6638   14.1305
   -7.5000  -30.0000  -37.5000 2458.3428   13.6956
    0.0000  -30.0000  -37.5000 2485.7590   13.6336
    7.5000  -30.0000  -37.5000 2464.4587   13.7133
   -7.5000  -22.5000  -37.5000 2471.1672   13.5535
    0.0000  -22.5000  -37.5000 2493.7896   13.4823
    7.5000  -22.5000  -37.5000 2474.3811   13.5763
   -7.5000  -15.0000  -37.5000 2454.0701   13.6577
    0.0000  -15.0000  -37.5000 2479.4114   13.5922
    7.5000  -15.0000  -37.5000 2463.3955   13.6804
   -7.5000   -7.5000  -37.5000 2409.0989   14.0420
    0.0000   -7.5000  -37.5000 2437.7034   13.9650
    7.5000   -7.5000  -37.5000 2417.7263   14.0605
   -7.5000    0.0000  -37.5000 2340.8501   14.7063
    0.0000    0.0000  -37.5000 2366.4895   14.6063
    7.5000    0.0000  -37.5000 2347.5620   14.6827
   -7.5000    7.5000  -37.5000 2253.7175   15.6684
    0.0000    7.5000  -37.5000 2278.2886   15.5591
    7.5000    7.5000  -37.5000 2256.4663   15.6337
   -7.5000   15.0000  -37.5000 2152.0000   17.0988
    0.0000   15.0000  -37.5000 2167.6694   16.9716
    7.5000   15.0000  -37.5000 2148.7102   17.0462
   -7.5000   22.5000  -37.5000 2031.8953   19.0556
    0.0000   22.5000  -37.5000 2049.9976   18.9150
    7.5000   22.5000  -37.5000 2031.6456   19.0101
   -7.5000   30.0000  -37.5000 1912.5603   21.6833
    0.0000   30.0000  -37.5000 1931.5614   21.5569
    7.5000   30.0000  -37.5000 1912.0411   21.6377
   -7.5000   37.5000  -37.5000 1780.6943   25.2740
    0.0000   37.5000  -37.5000 1793.1761   25.0061
    7.5000   37.5000  -37.5000 1782.0020   25.1905
   -7.5000   45.0000  -37.5000 1640.3417   30.1765
    0.0000   45.0000  -37.5000 1651.2054   29.8030
    7.5000   45.0000  -37.5000 1636.4771   30.0910
   -7.5000  -45.0000  -30.0000 2515.7036   14.2736
    0.0000  -45.0000  -30.0000 2534.4753   14.2288
    7.5000  -45.0000  -30.0000 2514.6638   14.2738
   -7.5000  -37.5000  -30.0000 2567.7092   13.5940
    0.0000  -37.5000  -30.0000 2592.0122   13.5134
    7.5000  -37.5000  -30.0000 2568.8511   13.5712
   -7.5000  -30.0000  -30.0000 2605.1450   13.1670
    0.0000  -30.0000  -30.0000 2627.8992   13.1078
    7.5000  -30.0000  -30.0000 2605.5935   13.1772
   -7.5000  -22.5000  -30.0000 2614.9136   13.0621
    0.0000  -22.5000  -30.0000 2641.8777   12.9866
    7.5000  -22.5000  -30.0000 2617.7368   13.0813
   -7.5000  -15.0000  -30.0000 2603.6797   13.1563
    0.0000  -15.0000  -30.0000 2631.9810   13.0981
    7.5000  -15.0000  -30.0000 2607.4756   13.1856
   -7.5000   -7.5000  -30.0000 2561.0740   13.5113
    0.0000   -7.5000  -30.0000 2588.2788   13.4222
    7.5000   -7.5000  -30.0000 2565.2732   13.5261
   -7.5000    0.0000  -30.0000 2486.2122   14.1110
    0.0000    0.0000  -30.0000 2512.2366   14.0215
    7.5000    0.0000  -30.0000 2492.8162   14.0972
   -7.5000    7.5000  -30.0000 2386.8208   14.9949
    0.0000    7.5000  -30.0000 2415.8354   14.8969
    7.5000    7.5000  -30.0000 2394.9497   14.9979
   -7.5000   15.0000  -30.0000 2274.4688   16.3208
    0.0000   15.0000  -30.0000 2297.4158   16.2192
    7.5000   15.0000  -30.0000 2278.0386   16.3346
   -7.5000   22.5000  -30.0000 2144.6187   18.1311
    0.0000   22.5000  -30.0000 2161.7390   18.0374
    7.5000   22.5000  -30.0000 2146.8601   18.1507
   -7.5000   30.0000  -30.0000 2016.1587   20.5827
    0.0000   30.0000  -30.0000 2032.6750   20.4615
    7.5000   30.0000  -30.0000 2016.7881   20.5977
   -7.5000   37.5000  -30.0000 1883.3813   23.9575
    0.0000   37.5000  -30.0000 1899.5172   23.7739
    7.5000   37.5000  -30.0000 1880.6046   23.9143
   -7.5000   45.0000  -30.0000 1730.4662   28.5423
    0.0000   45.0000  -30.0000 1749.2695   28.2330
    7.5000   45.0000  -30.0000 1727.9680   28.4424
   -7.5000  -45.0000  -22.5000 2613.6926   13.6640
    0.0000  -45.0000  -22.5000 2629.0522   13.5979
    7.5000  -45.0000  -22.5000 2611.4790   13.6721
   -7.5000  -37.5000  -22.5000 2676.8171   12.9890
    0.0000  -37.5000  -22.5000 2700.2126   12.9089
    7.5000  -37.5000  -22.5000 2680.0952   12.9676
   -7.5000  -30.0000  -22.5000 2717.0681   12.5812
    0.0000  -30.0000  -22.5000 2742.3796   12.5173
    7.5000  -30.0000  -22.5000 2719.8438   12.5838
   -7.5000  -22.5000  -22.5000 2732.9043   12.4877
    0.0000  -22.5000  -22.5000 2758.0703   12.4230
    7.5000  -22.5000  -22.5000 2733.0027   12.4738
   -7.5000  -15.0000  -22.5000 2722.3735   12.5748
    0.0000  -15.0000  -22.5000 2751.7949   12.5402
    7.5000  -15.0000  -22.5000 2724.3083   12.5979
   -7.5000   -7.5000  -22.5000 2678.4373   12.9441
    0.0000   -7.5000  -22.5000 2709.8420   12.8898
    7.5000   -7.5000  -22.5000 2681.3184   12.9555
   -7.5000    0.0000  -22.5000 2600.5791   13.5093
    0.0000    0.0000  -22.5000 2632.2695   13.4203
    7.5000    0.0000  -22.5000 2606.5659   13.4941
   -7.5000    7.5000  -22.5000 2499.3176   14.3380
    0.0000    7.5000  -22.5000 2528.8076   14.2459
    7.5000    7.5000  -22.5000 2504.2683   14.3575
   -7.5000   15.0000  -22.5000 2373.8694   15.5918
    0.0000   15.0000  -22.5000 2402.1523   15.4819
    7.5000   15.0000  -22.5000 2378.3789   15.6224
   -7.5000   22.5000  -22.5000 2238.1736   17.3260
    0.0000   22.5000  -22.5000 2256.7944   17.2317
    7.5000   22.5000  -22.5000 2242.1575   17.3233
   -7.5000   30.0000  -22.5000 2097.2356   19.6414
    0.0000   30.0000  -22.5000 2114.1155   19.4978
    7.5000   30.0000  -22.5000 2097.6030   19.6168
   -7.5000   37.5000  -22.5000 1955.3789   22.7885
    0.0000   37.5000  -22.5000 1972.2872   22.5638
    7.5000   37.5000  -22.5000 1952.5588   22.7149
   -7.5000   45.0000  -22.5000 1798.7572   26.9911
    0.0000   45.0000  -22.5000 1813.9490   26.6730
    7.5000   45.0000  -22.5000 1797.1423   26.8678
   -7.5000  -45.0000  -15.0000 2668.6035   13.1323
    0.0000  -45.0000  -15.0000 2693.8823   13.0462
    7.5000  -45.0000  -15.0000 2673.0945   13.2020
   -7.5000  -37.5000  -15.0000 2744.8101   12.4786
    0.0000  -37.5000  -15.0000 2777.1809   12.3833
    7.5000  -37.5000  -15.0000 2753.6958   12.4996
   -7.5000  -30.0000  -15.0000 2796.9578   12.0643
    0.0000  -30.0000  -15.0000 2832.9868   11.9557
    7.5000  -30.0000  -15.0000 2799.6304   12.0752
   -7.5000  -22.5000  -15.0000 2819.9634   11.9620
    0.0000  -22.5000  -15.0000 2851.8306   11.8898
    7.5000  -22.5000  -15.0000 2822.1663   11.9823
   -7.5000  -15.0000  -15.0000 2811.7520   12.0934
    0.0000  -15.0000  -15.0000 2846.8701   12.0293
    7.5000  -15.0000  -15.0000 2810.3899   12.1010
   -7.5000   -7.5000  -15.0000 2760.0259   12.4489
    0.0000   -7.5000  -15.0000 2800.8252   12.3652
    7.5000   -7.5000  -15.0000 2763.3474   12.4575
   -7.5000    0.0000  -15.0000 2678.2351   13.0032
    0.0000    0.0000  -15.0000 2712.5630   12.9037
    7.5000    0.0000  -15.0000 2681.2620   13.0114
   -7.5000    7.5000  -15.0000 2572.9590   13.8026
    0.0000    7.5000  -15.0000 2602.7563   13.7020
    7.5000    7.5000  -15.0000 2575.9402   13.8050
   -7.5000   15.0000  -15.0000 2441.3342   14.9933
    0.0000   15.0000  -15.0000 2470.9856   14.8889
    7.5000   15.0000  -15.0000 2449.9465   15.0156
   -7.5000   22.5000  -15.0000 2299.1812   16.6792
    0.0000   22.5000  -15.0000 2325.1914   16.5824
    7.5000   22.5000  -15.0000 2306.7625   16.7004
   -7.5000   30.0000  -15.0000 2153.4348   18.9179
    0.0000   30.0000  -15.0000 2171.4128   18.7963
    7.5000   30.0000  -15.0000 2155.3237   18.9335
   -7.5000   37.5000  -15.0000 1993.3375   21.8559
    0.0000   37.5000  -15.0000 2010.8853   21.6002
    7.5000   37.5000  -15.0000 1996.0211   21.7893
   -7.5000   45.0000  -15.0000 1838.3834   25.7393
    0.0000   45.0000  -15.0000 1856.5692   25.3730
    7.5000   45.0000  -15.0000 1837.4475   25.6311
   -7.5000  -45.0000   -7.5000 2702.4202   12.7660
    0.0000  -45.0000   -7.5000 2728.5093   12.6187
    7.5000  -45.0000   -7.5000 2705.5520   12.8438
   -7.5000  -37.5000   -7.5000 2793.7883   12.1135
    0.0000  -37.5000   -7.5000 2829.5894   11.9737
    7.5000  -37.5000   -7.5000 2796.8098   12.1461
   -7.5000  -30.0000   -7.5000 2857.5571   11.6902
    0.0000  -30.0000   -7.5000 2903.5081   11.5247
    7.5000  -30.0000   -7.5000 2857.4631   11.7231
   -7.5000  -22.5000   -7.5000 2887.9319   11.5595
    0.0000  -22.5000   -7.5000 2925.9785   11.4107
    7.5000  -22.5000   -7.5000 2883.8943   11.6001
   -7.5000  -15.0000   -7.5000 2874.3772   11.7067
    0.0000  -15.0000   -7.5000 2910.5808   11.5664
    7.5000  -15.0000   -7.5000 2870.6279   11.7183
   -7.5000   -7.5000   -7.5000 2818.8013   12.0730
    0.0000   -7.5000   -7.5000 2859.0942   11.9348
    7.5000   -7.5000   -7.5000 2822.8369   12.0424
   -7.5000    0.0000   -7.5000 2732.7722   12.6353
    0.0000    0.0000   -7.5000 2769.8630   12.4902
    7.5000    0.0000   -7.5000 2735.1951   12.6062
   -7.5000    7.5000   -7.5000 2620.3220   13.4380
    0.0000    7.5000   -7.5000 2648.2327   13.2701
    7.5000    7.5000   -7.5000 2618.4656   13.4135
   -7.5000   15.0000   -7.5000 2488.3818   14.6070
    0.0000   15.0000   -7.5000 2514.2190   14.4432
    7.5000   15.0000   -7.5000 2488.0359   14.6012
   -7.5000   22.5000   -7.5000 2342.0364   16.2233
    0.0000   22.5000   -7.5000 2367.2563   16.1013
    7.5000   22.5000   -7.5000 2345.0850   16.2261
   -7.5000   30.0000   -7.5000 2184.9287   18.3439
    0.0000   30.0000   -7.5000 2205.6875   18.2207
    7.5000   30.0000   -7.5000 2187.6824   18.3550
   -7.5000   37.5000   -7.5000 2018.8295   21.0842
    0.0000   37.5000   -7.5000 2039.7892   20.9226
    7.5000   37.5000   -7.5000 2023.0815   21.0640
   -7.5000   45.0000   -7.5000 1855.4960   24.8134
    0.0000   45.0000   -7.5000 1877.3574   24.4273
    7.5000   45.0000   -7.5000 1860.0907   24.6490
   -7.5000  -45.0000    0.0000 2708.5588   12.5733
    0.0000  -45.0000    0.0000 2737.8662   12.4044
    7.5000  -45.0000    0.0000 2710.9238   12.6972
   -7.5000  -37.5000    0.0000 2816.0415   11.9272
    0.0000  -37.5000    0.0000 2850.5061   11.7663
    7.5000  -37.5000    0.0000 2813.8157   12.0109
   -7.5000  -30.0000    0.0000 2895.7100   11.5338
    0.0000  -30.0000    0.0000 2941.7930   11.3275
    7.5000  -30.0000    0.0000 2889.1562   11.5806
   -7.5000  -22.5000    0.0000 2927.2368   11.3767
    0.0000  -22.5000    0.0000 2972.4280   11.1264
    7.5000  -22.5000    0.0000 2920.0471   11.4410
   -7.5000  -15.0000    0.0000 2907.6711   11.4640
    0.0000  -15.0000    0.0000 2949.6379   11.2183
    7.5000  -15.0000    0.0000 2903.6082   11.5060
   -7.5000   -7.5000    0.0000 2849.4783   11.8089
    0.0000   -7.5000    0.0000 2884.1636   11.5720
    7.5000   -7.5000    0.0000 2847.8496   11.8190
   -7.5000    0.0000    0.0000 2753.8291   12.3753
    0.0000    0.0000    0.0000 2787.4597   12.1763
    7.5000    0.0000    0.0000 2757.3083   12.3742
   -7.5000    7.5000    0.0000 2634.6128   13.1916
    0.0000    7.5000    0.0000 2660.2888   13.0346
    7.5000    7.5000    0.0000 2636.0234   13.1863
   -7.5000   15.0000    0.0000 2499.7253   14.3455
    0.0000   15.0000    0.0000 2521.8521   14.2234
    7.5000   15.0000    0.0000 2499.5281   14.3263
   -7.5000   22.5000    0.0000 2356.8313   15.8981
    0.0000   22.5000    0.0000 2379.5515   15.8185
    7.5000   22.5000    0.0000 2360.3057   15.8893
   -7.5000   30.0000    0.0000 2196.9573   17.9855
    0.0000   30.0000    0.0000 2218.4873   17.9014
    7.5000   30.0000    0.0000 2203.6443   17.9923
   -7.5000   37.5000    0.0000 2033.1294   20.7052
    0.0000   37.5000    0.0000 2051.8384   20.5170
    7.5000   37.5000    0.0000 2033.7703   20.6340
   -7.5000   45.0000    0.0000 1867.0148   24.3361
    0.0000   45.0000    0.0000 1888.7567   23.9996
    7.5000   45.0000    0.0000 1871.5162   24.1631
   -7.5000  -45.0000    7.5000 2694.3330   12.5809
    0.0000  -45.0000    7.5000 2722.1138   12.3558
    7.5000  -45.0000    7.5000 2694.0977   12.7345
   -7.5000  -37.5000    7.5000 2806.1313   11.9205
    0.0000  -37.5000    7.5000 2842.5540   11.6713
    7.5000  -37.5000    7.5000 2806.1382   12.0269
   -7.5000  -30.0000    7.5000 2893.8064   11.5473
    0.0000  -30.0000    7.5000 2938.1604   11.3261
    7.5000  -30.0000    7.5000 2884.9644   11.6185
   -7.5000  -22.5000    7.5000 2932.4192   11.3928
    0.0000  -22.5000    7.5000 2982.7654   11.1682
    7.5000  -22.5000    7.5000 2925.2708   11.4795
   -7.5000  -15.0000    7.5000 2912.9116   11.4179
    0.0000  -15.0000    7.5000 2955.0330   11.2238
    7.5000  -15.0000    7.5000 2910.3467   11.5194
   -7.5000   -7.5000    7.5000 2853.2959   11.7362
    0.0000   -7.5000    7.5000 2882.6421   11.5565
    7.5000   -7.5000    7.5000 2852.2061   11.7876
   -7.5000    0.0000    7.5000 2757.1340   12.3374
    0.0000    0.0000    7.5000 2786.6584   12.1678
    7.5000    0.0000    7.5000 2760.5818   12.3102
   -7.5000    7.5000    7.5000 2630.6829   13.1992
    0.0000    7.5000    7.5000 2653.1194   13.0502
    7.5000    7.5000    7.5000 2637.6560   13.1461
   -7.5000   15.0000    7.5000 2494.8279   14.3240
    0.0000   15.0000    7.5000 2511.6450   14.2038
    7.5000   15.0000    7.5000 2496.2073   14.3087
   -7.5000   22.5000    7.5000 2353.4353   15.8665
    0.0000   22.5000    7.5000 2373.8594   15.7702
    7.5000   22.5000    7.5000 2352.9558   15.8730
   -7.5000   30.0000    7.5000 2196.6772   17.8383
    0.0000   30.0000    7.5000 2214.3540   17.7947
    7.5000   30.0000    7.5000 2196.8413   17.8719
   -7.5000   37.5000    7.5000 2029.8511   20.4674
    0.0000   37.5000    7.5000 2050.9082   20.3566
    7.5000   37.5000    7.5000 2028.4185   20.4274
   -7.5000   45.0000    7.5000 1865.2960   23.9433
    0.0000   45.0000    7.5000 1887.1770   23.7033
    7.5000   45.0000    7.5000 1865.2037   23.8690
   -7.5000  -45.0000   15.0000 2656.7427   12.8409
    0.0000  -45.0000   15.0000 2683.1082   12.6422
    7.5000  -45.0000   15.0000 2654.7319   13.0352
   -7.5000  -37.5000   15.0000 2770.4309   12.1235
    0.0000  -37.5000   15.0000 2803.2461   11.9303
    7.5000  -37.5000   15.0000 2766.5891   12.2775
   -7.5000  -30.0000   15.0000 2857.4299   11.7403
    0.0000  -30.0000   15.0000 2896.8430   11.5654
    7.5000  -30.0000   15.0000 2843.4602   11.8491
   -7.5000  -22.5000   15.0000 2909.1875   11.5357
    0.0000  -22.5000   15.0000 2946.1558   11.3622
    7.5000  -22.5000   15.0000 2898.3611   11.6403
   -7.5000  -15.0000   15.0000 2889.4814   11.5990
    0.0000  -15.0000   15.0000 2924.0396   11.4670
    7.5000  -15.0000   15.0000 2881.4746   11.7068
   -7.5000   -7.5000   15.0000 2825.4973   11.9524
    0.0000   -7.5000   15.0000 2853.8525   11.8450
    7.5000   -7.5000   15.0000 2822.9045   12.0357
   -7.5000    0.0000   15.0000 2731.3081   12.5622
    0.0000    0.0000   15.0000 2759.8323   12.4408
    7.5000    0.0000   15.0000 2734.3186   12.5752
   -7.5000    7.5000   15.0000 2613.5579   13.4186
    0.0000    7.5000   15.0000 2631.8167   13.2816
    7.5000    7.5000   15.0000 2612.4524   13.3829
   -7.5000   15.0000   15.0000 2473.9695   14.5187
    0.0000   15.0000   15.0000 2489.1504   14.4103
    7.5000   15.0000   15.0000 2471.3872   14.5049
   -7.5000   22.5000   15.0000 2333.3066   16.0267
    0.0000   22.5000   15.0000 2346.0410   15.9291
    7.5000   22.5000   15.0000 2329.1260   16.0058
   -7.5000   30.0000   15.0000 2175.7395   17.9976
    0.0000   30.0000   15.0000 2192.2668   17.8839
    7.5000   30.0000   15.0000 2174.0105   17.9393
   -7.5000   37.5000   15.0000 2011.7096   20.5626
    0.0000   37.5000   15.0000 2031.4080   20.3418
    7.5000   37.5000   15.0000 2012.3348   20.4263
   -7.5000   45.0000   15.0000 1850.2806   23.9248
    0.0000   45.0000   15.0000 1871.3445   23.6404
    7.5000   45.0000   15.0000 1854.1052   23.7856
   -7.5000  -45.0000   22.5000 2610.4290   13.3325
    0.0000  -45.0000   22.5000 2634.4204   13.1995
    7.5000  -45.0000   22.5000 2605.3730   13.5459
   -7.5000  -37.5000   22.5000 2720.1807   12.5955
    0.0000  -37.5000   22.5000 2750.6633   12.4492
    7.5000  -37.5000   22.5000 2716.3796   12.7410
   -7.5000  -30.0000   22.5000 2803.3906   12.1538
    0.0000  -30.0000   22.5000 2836.6182   12.0002
    7.5000  -30.0000   22.5000 2790.9592   12.2496
   -7.5000  -22.5000   22.5000 2849.9351   11.9165
    0.0000  -22.5000   22.5000 2877.0337   11.7477
    7.5000  -22.5000   22.5000 2840.6589   12.0197
   -7.5000  -15.0000   22.5000 2836.6497   12.0038
    0.0000  -15.0000   22.5000 2866.0569   11.8754
    7.5000  -15.0000   22.5000 2831.2109   12.0771
   -7.5000   -7.5000   22.5000 2774.5371   12.3755
    0.0000   -7.5000   22.5000 2797.3057   12.2448
    7.5000   -7.5000   22.5000 2768.8706   12.4392
   -7.5000    0.0000   22.5000 2682.5835   12.9682
    0.0000    0.0000   22.5000 2705.2417   12.8403
    7.5000    0.0000   22.5000 2681.2529   13.0021
   -7.5000    7.5000   22.5000 2569.1116   13.8068
    0.0000    7.5000   22.5000 2587.5027   13.7150
    7.5000    7.5000   22.5000 2563.0942   13.8233
   -7.5000   15.0000   22.5000 2433.9360   14.9075
    0.0000   15.0000   22.5000 2451.1943   14.8455
    7.5000   15.0000   22.5000 2431.5312   14.9496
   -7.5000   22.5000   22.5000 2295.1118   16.3666
    0.0000   22.5000   22.5000 2310.3708   16.2951
    7.5000   22.5000   22.5000 2291.9187   16.4110
   -7.5000   30.0000   22.5000 2137.3989   18.3108
    0.0000   30.0000   22.5000 2153.5916   18.2070
    7.5000   30.0000   22.5000 2139.1611   18.2943
   -7.5000   37.5000   22.5000 1979.6643   20.8161
    0.0000   37.5000   22.5000 1992.6014   20.6082
    7.5000   37.5000   22.5000 1977.1575   20.7353
   -7.5000   45.0000   22.5000 1823.9799   24.1734
    0.0000   45.0000   22.5000 1840.7762   23.8531
    7.5000   45.0000   22.5000 1824.1201   24.0913
   -7.5000  -45.0000   30.0000 2554.9131   14.0615
    0.0000  -45.0000   30.0000 2576.0437   13.9548
    7.5000  -45.0000   30.0000 2544.0623   14.2313
   -7.5000  -37.5000   30.0000 2661.4307   13.2809
    0.0000  -37.5000   30.0000 2684.9082   13.1694
    7.5000  -37.5000   30.0000 2650.7390   13.3956
   -7.5000  -30.0000   30.0000 2732.7903   12.7414
    0.0000  -30.0000   30.0000 2762.0769   12.6193
    7.5000  -30.0000   30.0000 2722.1123   12.8786
   -7.5000  -22.5000   30.0000 2766.6526   12.5113
    0.0000  -22.5000   30.0000 2792.4419   12.3999
    7.5000  -22.5000   30.0000 2758.8264   12.6193
   -7.5000  -15.0000   30.0000 2754.7925   12.6102
    0.0000  -15.0000   30.0000 2779.1536   12.5191
    7.5000  -15.0000   30.0000 2753.1621   12.6965
   -7.5000   -7.5000   30.0000 2698.7417   12.9750
    0.0000   -7.5000   30.0000 2719.9346   12.8791
    7.5000   -7.5000   30.0000 2694.7144   13.0538
   -7.5000    0.0000   30.0000 2615.2490   13.5440
    0.0000    0.0000   30.0000 2636.0669   13.4509
    7.5000    0.0000   30.0000 2611.3804   13.6035
   -7.5000    7.5000   30.0000 2506.8645   14.3534
    0.0000    7.5000   30.0000 2530.5825   14.2938
    7.5000    7.5000   30.0000 2498.8391   14.4186
   -7.5000   15.0000   30.0000 2386.0774   15.4611
    0.0000   15.0000   30.0000 2398.8137   15.3983
    7.5000   15.0000   30.0000 2377.9668   15.5199
   -7.5000   22.5000   30.0000 2243.4355   16.9175
    0.0000   22.5000   30.0000 2258.5229   16.8742
    7.5000   22.5000   30.0000 2238.7615   17.0080
   -7.5000   30.0000   30.0000 2089.4548   18.8452
    0.0000   30.0000   30.0000 2108.6531   18.7761
    7.5000   30.0000   30.0000 2087.2107   18.8748
   -7.5000   37.5000   30.0000 1938.1068   21.3823
    0.0000   37.5000   30.0000 1949.8130   21.2381
    7.5000   37.5000   30.0000 1936.9059   21.4219
   -7.5000   45.0000   30.0000 1793.6512   24.7599
    0.0000   45.0000   30.0000 1804.8639   24.5762
    7.5000   45.0000   30.0000 1794.8365   24.8365
   -7.5000  -45.0000   37.5000 2492.7253   14.9900
    0.0000  -45.0000   37.5000 2515.7190   14.9167
    7.5000  -45.0000   37.5000 2476.0901   15.1385
   -7.5000  -37.5000   37.5000 2591.7261   14.1535
    0.0000  -37.5000   37.5000 2616.4290   14.0524
    7.5000  -37.5000   37.5000 2575.0217   14.2462
   -7.5000  -30.0000   37.5000 2654.5688   13.5553
    0.0000  -30.0000   37.5000 2681.4966   13.4579
    7.5000  -30.0000   37.5000 2640.2708   13.6714
   -7.5000  -22.5000   37.5000 2681.6550   13.3345
    0.0000  -22.5000   37.5000 2705.9648   13.2549
    7.5000  -22.5000   37.5000 2669.3965   13.4290
   -7.5000  -15.0000   37.5000 2665.1169   13.4028
    0.0000  -15.0000   37.5000 2689.1226   13.3365
    7.5000  -15.0000   37.5000 2659.1934   13.4837
   -7.5000   -7.5000   37.5000 2614.3879   13.7271
    0.0000   -7.5000   37.5000 2635.2876   13.6550
    7.5000   -7.5000   37.5000 2614.3259   13.8195
   -7.5000    0.0000   37.5000 2539.9363   14.2986
    0.0000    0.0000   37.5000 2557.2339   14.2473
    7.5000    0.0000   37.5000 2534.2051   14.3818
   -7.5000    7.5000   37.5000 2435.8132   15.1219
    0.0000    7.5000   37.5000 2455.3477   15.0783
    7.5000    7.5000   37.5000 2433.1875   15.2040
   -7.5000   15.0000   37.5000 2324.9600   16.2643
    0.0000   15.0000   37.5000 2335.8687   16.1911
    7.5000   15.0000   37.5000 2314.2168   16.3173
   -7.5000   22.5000   37.5000 2185.6416   17.7316
    0.0000   22.5000   37.5000 2198.5078   17.6730
    7.5000   22.5000   37.5000 2182.8042   17.7969
   -7.5000   30.0000   37.5000 2037.8241   19.6692
    0.0000   30.0000   37.5000 2054.9866   19.6311
    7.5000   30.0000   37.5000 2039.8191   19.7479
   -7.5000   37.5000   37.5000 1895.2679   22.2702
    0.0000   37.5000   37.5000 1906.0658   22.1748
    7.5000   37.5000   37.5000 1897.2170   22.3181
   -7.5000   45.0000   37.5000 1752.3080   25.8071
    0.0000   45.0000   37.5000 1762.4677   25.5378
    7.5000   45.0000   37.5000 1757.1257   25.7906
   -7.5000  -45.0000   45.0000 2415.4880   16.1720
    0.0000  -45.0000   45.0000 2438.8257   16.1218
    7.5000  -45.0000   45.0000 2403.1643   16.2832
   -7.5000  -37.5000   45.0000 2508.3870   15.2391
    0.0000  -37.5000   45.0000 2531.8958   15.1570
    7.5000  -37.5000   45.0000 2491.7917   15.3237
   -7.5000  -30.0000   45.0000 2569.2256   14.5780
    0.0000  -30.0000   45.0000 2591.4407   14.5322
    7.5000  -30.0000   45.0000 2550.8813   14.7000
   -7.5000  -22.5000   45.0000 2586.3015   14.3311
    0.0000  -22.5000   45.0000 2610.8665   14.2818
    7.5000  -22.5000   45.0000 2572.7683   14.4494
   -7.5000  -15.0000   45.0000 2569.1182   14.3719
    0.0000  -15.0000   45.0000 2591.5107   14.3397
    7.5000  -15.0000   45.0000 2561.2065   14.4866
   -7.5000   -7.5000   45.0000 2520.7441   14.7088
    0.0000   -7.5000   45.0000 2539.8433   14.6682
    7.5000   -7.5000   45.0000 2518.6741   14.8220
   -7.5000    0.0000   45.0000 2457.3811   15.2804
    0.0000    0.0000   45.0000 2471.5857   15.2373
    7.5000    0.0000   45.0000 2453.6194   15.3644
   -7.5000    7.5000   45.0000 2363.9033   16.1111
    0.0000    7.5000   45.0000 2380.6628   16.0478
    7.5000    7.5000   45.0000 2359.7959   16.1562
   -7.5000   15.0000   45.0000 2253.8359   17.2559
    0.0000   15.0000   45.0000 2269.2339   17.1864
    7.5000   15.0000   45.0000 2247.1868   17.2973
   -7.5000   22.5000   45.0000 2121.2981   18.7273
    0.0000   22.5000   45.0000 2138.8672   18.6686
    7.5000   22.5000   45.0000 2120.7478   18.8013
   -7.5000   30.0000   45.0000 1985.4099   20.7135
    0.0000   30.0000   45.0000 2003.6643   20.6770
    7.5000   30.0000   45.0000 1986.9451   20.8301
   -7.5000   37.5000   45.0000 1845.9674   23.4240
    0.0000   37.5000   45.0000 1859.3127   23.2843
    7.5000   37.5000   45.0000 1845.4248   23.4354
   -7.5000   45.0000   45.0000 1710.1211   27.0703
    0.0000   45.0000   45.0000 1718.0554   26.8458
    7.5000   45.0000   45.0000 1708.1720   27.0424

---------------------------------------------------------------------
imgreg_4dfp /opt/freesurfer/average/711-2C_as_mni_average_305 /opt/freesurfer/average/711-2B_as_mni_average_305_mask talsrcimg_g11 none talsrcimg_to_711-2C_as_mni_average_305_t4 1283
---------------------------------------------------------------------

freesurfer imgreg_4dfp.c
/opt/freesurfer/average/711-2C_as_mni_average_305.4dfp.img
       256       256       256         1
  1.000000  1.000000  1.000000
orientation T byte_order littleendian
Reading image: /opt/freesurfer/average/711-2C_as_mni_average_305.4dfp.img
dimensions:      256       256       256
mmppix:       1.0000   -1.0000   -1.0000
center:     128.0000 -129.0000 -129.0000
/opt/freesurfer/average/711-2B_as_mni_average_305_mask.4dfp.img
       256       256       256         1
  1.000000  1.000000  1.000000
orientation T byte_order littleendian
Reading mask: /opt/freesurfer/average/711-2B_as_mni_average_305_mask.4dfp.img (2306576 pixels)
talsrcimg_g11.4dfp.img
       256       256       256         1
  1.000000  1.000000  1.000000
orientation T byte_order littleendian
Reading image: talsrcimg_g11.4dfp.img
dimensions:      256       256       256
mmppix:       1.0000   -1.0000   -1.0000
center:     128.0000 -129.0000 -129.0000
rotation matrix determinant  1.000000
fimgreg.f
image alignment mode   1283 decimal      503 hex
parameters
    0.0000  -22.5000    7.5000    0.0000    0.0000    0.0000
eta,q 0.93581 11.16270
niter,ni,del,rscale     5    3   12.0000    1.2000
parameter  4  1.336084 ->  0.500000 qaram    1.1500
parameters
   -0.3890  -21.9667    5.1517   -3.4500    0.9137   -2.2200
eta,q 0.93944 10.91371
  0.0761  0.0735  0.0646  0.0597  0.0642  0.0624
  0.0692  0.0699  0.0635  0.0612  0.0628  0.0610
  0.0656  0.0671  0.0636  0.0621  0.0622  0.0605
  0.0646  0.0644  0.0641  0.0637  0.0615  0.0612
  0.0663  0.0637  0.0650  0.0660  0.0607  0.0628
  0.0721  0.0666  0.0666  0.0694  0.0612  0.0650
  0.0792  0.0722  0.0696  0.0725  0.0634  0.0677
niter,ni,del,rscale     5    3   12.0000    1.2000
parameter  4  1.521102 ->  0.500000 qaram    1.3225
parameters
   -0.9744  -21.2993    5.3894   -7.4175    1.0020   -2.5499
eta,q 0.94233 11.00824
  0.0712  0.0695  0.0644  0.0560  0.0621  0.0608
  0.0650  0.0640  0.0613  0.0573  0.0600  0.0591
  0.0613  0.0616  0.0601  0.0590  0.0586  0.0579
  0.0606  0.0606  0.0605  0.0606  0.0577  0.0577
  0.0621  0.0607  0.0613  0.0616  0.0580  0.0584
  0.0683  0.0620  0.0617  0.0639  0.0592  0.0597
  0.0771  0.0661  0.0629  0.0683  0.0624  0.0613
niter,ni,del,rscale     5    3   12.0000    1.2000
parameter  4  3.766228 ->  0.500000 qaram    1.5209
parameters
   -1.1307  -20.1533    4.3225  -11.9801    1.3284   -2.5731
eta,q 0.94746 10.97644
  0.0712  0.0663  0.0607  0.0523  0.0590  0.0578
  0.0641  0.0612  0.0576  0.0525  0.0556  0.0550
  0.0592  0.0589  0.0568  0.0538  0.0536  0.0531
  0.0577  0.0576  0.0574  0.0570  0.0526  0.0525
  0.0592  0.0576  0.0587  0.0600  0.0526  0.0533
  0.0647  0.0585  0.0606  0.0606  0.0544  0.0552
  0.0732  0.0613  0.0633  0.0630  0.0581  0.0578
niter,ni,del,rscale     5    3   12.0000    1.2000
parameter  4  0.963799 ->  0.500000 qaram    1.7490
parameters
   -1.5822  -18.3993    3.9426  -17.2272    1.4893   -2.9583
eta,q 0.95133 11.05092
  0.0663  0.0665  0.0579  0.0487  0.0566  0.0532
  0.0588  0.0602  0.0540  0.0484  0.0519  0.0505
  0.0539  0.0558  0.0513  0.0496  0.0495  0.0490
  0.0525  0.0525  0.0514  0.0511  0.0487  0.0487
  0.0552  0.0514  0.0532  0.0549  0.0495  0.0494
  0.0623  0.0529  0.0557  0.0599  0.0518  0.0513
  0.0710  0.0565  0.0590  0.0620  0.0554  0.0546
niter,ni,del,rscale     5    3   12.0000    1.2000
parameters
   -1.3813  -16.3600    2.8568  -18.6105    1.8704   -3.3246
eta,q 0.95486 11.02496
  0.0682  0.0691  0.0532  0.0565  0.0541  0.0505
  0.0589  0.0607  0.0485  0.0487  0.0489  0.0474
  0.0517  0.0536  0.0465  0.0445  0.0458  0.0455
  0.0487  0.0486  0.0468  0.0463  0.0452  0.0452
  0.0498  0.0468  0.0496  0.0501  0.0460  0.0463
  0.0566  0.0488  0.0538  0.0549  0.0481  0.0484
  0.0665  0.0531  0.0589  0.0609  0.0515  0.0518
niter,ni,del,rscale     4    3   12.0000    1.2000
parameters
   -1.4107  -16.0182    2.7759  -18.9107    2.0244   -3.3454
eta,q 0.95497 11.01548
  0.0644  0.0613  0.0561  0.0592  0.0533  0.0510
  0.0543  0.0534  0.0501  0.0513  0.0482  0.0477
  0.0474  0.0474  0.0463  0.0454  0.0454  0.0456
  0.0451  0.0451  0.0452  0.0452  0.0450  0.0450
  0.0474  0.0471  0.0469  0.0487  0.0460  0.0459
  0.0545  0.0519  0.0512  0.0534  0.0483  0.0478
  0.0649  0.0575  0.0561  0.0592  0.0518  0.0510
niter,ni,del,rscale     3    3   12.0000    1.2000
parameters
   -1.4431  -15.9278    2.7663  -18.9938    2.0698   -3.3534
eta,q 0.95497 11.01337
  0.0642  0.0604  0.0563  0.0598  0.0530  0.0510
  0.0540  0.0523  0.0502  0.0519  0.0480  0.0478
  0.0472  0.0467  0.0463  0.0459  0.0453  0.0456
  0.0450  0.0450  0.0451  0.0451  0.0450  0.0450
  0.0473  0.0476  0.0467  0.0485  0.0461  0.0459
  0.0543  0.0528  0.0509  0.0532  0.0484  0.0478
  0.0646  0.0584  0.0559  0.0588  0.0521  0.0509
niter,ni,del,rscale     2    3   12.0000    1.2000
parameters
   -1.4554  -15.8990    2.7642  -19.0196    2.0852   -3.3569
eta,q 0.95496 11.01274
  0.0643  0.0601  0.0564  0.0599  0.0529  0.0510
  0.0541  0.0521  0.0502  0.0521  0.0479  0.0478
  0.0472  0.0465  0.0463  0.0460  0.0453  0.0456
  0.0450  0.0450  0.0450  0.0450  0.0450  0.0450
  0.0473  0.0478  0.0467  0.0484  0.0461  0.0458
  0.0542  0.0530  0.0508  0.0531  0.0485  0.0478
  0.0645  0.0587  0.0559  0.0587  0.0521  0.0509
registration optimization eta report
parameter search radius
    6.0000    6.0000    6.0000   10.4940    6.0000    6.0000
100000*second partial in parameter space
       54.       39.       30.       13.       21.       16.
  0.0643  0.0601  0.0564  0.0599  0.0529  0.0510
  0.0541  0.0521  0.0502  0.0521  0.0479  0.0478
  0.0472  0.0465  0.0463  0.0460  0.0453  0.0456
  0.0450  0.0450  0.0450  0.0450  0.0450  0.0450
  0.0473  0.0478  0.0467  0.0484  0.0461  0.0458
  0.0542  0.0530  0.0508  0.0531  0.0485  0.0478
  0.0645  0.0587  0.0559  0.0587  0.0521  0.0509
   -1.4554  -15.8990    2.7642  -19.0196    2.0852   -3.3569
eta,q 0.95496 11.01274

---------------------------------------------------------------------
imgreg_4dfp /opt/freesurfer/average/711-2C_as_mni_average_305 /opt/freesurfer/average/711-2B_as_mni_average_305_mask talsrcimg_g11 none talsrcimg_to_711-2C_as_mni_average_305_t4 3335
---------------------------------------------------------------------

freesurfer imgreg_4dfp.c
/opt/freesurfer/average/711-2C_as_mni_average_305.4dfp.img
       256       256       256         1
  1.000000  1.000000  1.000000
orientation T byte_order littleendian
Reading image: /opt/freesurfer/average/711-2C_as_mni_average_305.4dfp.img
dimensions:      256       256       256
mmppix:       1.0000   -1.0000   -1.0000
center:     128.0000 -129.0000 -129.0000
/opt/freesurfer/average/711-2B_as_mni_average_305_mask.4dfp.img
       256       256       256         1
  1.000000  1.000000  1.000000
orientation T byte_order littleendian
Reading mask: /opt/freesurfer/average/711-2B_as_mni_average_305_mask.4dfp.img (2306576 pixels)
talsrcimg_g11.4dfp.img
       256       256       256         1
  1.000000  1.000000  1.000000
orientation T byte_order littleendian
Reading image: talsrcimg_g11.4dfp.img
dimensions:      256       256       256
mmppix:       1.0000   -1.0000   -1.0000
center:     128.0000 -129.0000 -129.0000
fimgreg.f
image alignment mode   3335 decimal      D07 hex
parameters
   -1.4554  -15.8990    2.7642   -0.2377   -5.6909   -5.5219
    6.7196   -1.5258   -5.8516   32.7346    3.6386  -32.5675
eta,q 0.95595 11.11405
niter,ni,del,rscale     5    3    5.0000    1.2000
parameter  4  1.208202 ->  0.500000 qaram    1.1500
parameter  5  2.099587 ->  0.500000 qaram    1.1500
parameter  6  0.611758 ->  0.500000 qaram    1.1500
parameter 10  0.719941 ->  0.500000 qaram    1.1500
parameter 11  0.715685 ->  0.500000 qaram    1.1500
parameters
   -1.4744  -16.0282    2.2220   -4.3777   -9.8309   -9.6619
    5.1305   -1.2613   -5.0580   28.5946   -0.5014  -35.3752
eta,q 0.96834 10.60788
  0.0475  0.0463  0.0451  0.0390  0.0337  0.0348  0.0358  0.0393  0.0368  0.0327  0.0320  0.0322
  0.0456  0.0450  0.0443  0.0395  0.0351  0.0342  0.0346  0.0366  0.0355  0.0325  0.0319  0.0318
  0.0444  0.0442  0.0440  0.0412  0.0372  0.0344  0.0341  0.0347  0.0345  0.0329  0.0321  0.0317
  0.0440  0.0441  0.0440  0.0439  0.0399  0.0356  0.0342  0.0341  0.0341  0.0341  0.0325  0.0319
  0.0445  0.0444  0.0445  0.0477  0.0429  0.0380  0.0350  0.0347  0.0342  0.0359  0.0333  0.0324
  0.0457  0.0453  0.0455  0.0518  0.0463  0.0412  0.0363  0.0362  0.0348  0.0384  0.0343  0.0331
  0.0476  0.0468  0.0468  0.0563  0.0500  0.0453  0.0381  0.0385  0.0358  0.0416  0.0355  0.0339
niter,ni,del,rscale     7    3    5.0000    1.2000
parameter  5  0.937434 ->  0.500000 qaram    1.3225
parameters
   -1.2128  -15.8342    1.8028   -7.1299  -14.5919  -10.7430
    4.9527   -0.1434   -4.5137   27.6673   -1.7372  -38.7253
eta,q 0.97147 10.24365
  0.0366  0.0349  0.0329  0.0332  0.0287  0.0315  0.0314  0.0343  0.0314  0.0318  0.0297  0.0291
  0.0341  0.0331  0.0320  0.0321  0.0289  0.0304  0.0302  0.0318  0.0302  0.0300  0.0292  0.0286
  0.0324  0.0321  0.0316  0.0314  0.0297  0.0296  0.0294  0.0301  0.0293  0.0291  0.0289  0.0286
  0.0317  0.0316  0.0316  0.0315  0.0314  0.0290  0.0292  0.0292  0.0290  0.0290  0.0289  0.0289
  0.0318  0.0318  0.0321  0.0332  0.0338  0.0291  0.0295  0.0291  0.0291  0.0297  0.0291  0.0295
  0.0329  0.0326  0.0330  0.0365  0.0368  0.0310  0.0303  0.0300  0.0297  0.0312  0.0296  0.0302
  0.0349  0.0339  0.0343  0.0408  0.0404  0.0346  0.0316  0.0320  0.0308  0.0334  0.0304  0.0311
niter,ni,del,rscale     7    3    5.0000    1.2000
parameters
   -1.0224  -15.6261    1.6012   -7.4754  -18.1713  -11.0083
    5.1426    0.0782   -4.6190   28.3020   -2.4539  -40.3010
eta,q 0.97199 10.07500
  0.0327  0.0320  0.0300  0.0316  0.0296  0.0312  0.0305  0.0323  0.0300  0.0325  0.0291  0.0289
  0.0305  0.0301  0.0291  0.0302  0.0285  0.0298  0.0293  0.0301  0.0289  0.0302  0.0285  0.0282
  0.0291  0.0290  0.0286  0.0292  0.0281  0.0288  0.0284  0.0287  0.0283  0.0287  0.0282  0.0280
  0.0285  0.0285  0.0285  0.0285  0.0285  0.0281  0.0281  0.0281  0.0281  0.0281  0.0281  0.0281
  0.0287  0.0287  0.0288  0.0285  0.0302  0.0281  0.0283  0.0284  0.0284  0.0284  0.0283  0.0285
  0.0298  0.0295  0.0296  0.0300  0.0327  0.0294  0.0291  0.0297  0.0291  0.0295  0.0288  0.0291
  0.0316  0.0309  0.0306  0.0329  0.0361  0.0325  0.0303  0.0319  0.0301  0.0312  0.0295  0.0299
niter,ni,del,rscale     6    3    5.0000    1.2000
parameters
   -0.9594  -15.3507    1.5232   -7.1302  -19.0101  -11.1521
    5.1192    0.1821   -4.6583   28.8217   -2.6495  -40.7859
eta,q 0.97204 10.05952
  0.0316  0.0313  0.0296  0.0313  0.0309  0.0313  0.0303  0.0322  0.0299  0.0322  0.0292  0.0292
  0.0297  0.0296  0.0287  0.0299  0.0294  0.0299  0.0291  0.0300  0.0288  0.0299  0.0285  0.0284
  0.0285  0.0285  0.0281  0.0288  0.0284  0.0287  0.0283  0.0285  0.0282  0.0285  0.0281  0.0280
  0.0280  0.0280  0.0280  0.0280  0.0279  0.0280  0.0280  0.0280  0.0280  0.0280  0.0280  0.0280
  0.0283  0.0281  0.0282  0.0278  0.0284  0.0279  0.0282  0.0284  0.0282  0.0283  0.0282  0.0283
  0.0294  0.0288  0.0289  0.0289  0.0301  0.0292  0.0291  0.0298  0.0288  0.0294  0.0286  0.0288
  0.0313  0.0300  0.0298  0.0314  0.0326  0.0325  0.0304  0.0320  0.0299  0.0312  0.0293  0.0295
niter,ni,del,rscale     5    3    5.0000    1.2000
parameters
   -0.9402  -15.2484    1.4551   -7.0638  -19.2513  -11.2240
    5.1103    0.2253   -4.6551   29.0216   -2.6960  -40.9917
eta,q 0.97203 10.05511
  0.0314  0.0308  0.0296  0.0311  0.0313  0.0314  0.0303  0.0322  0.0298  0.0318  0.0293  0.0293
  0.0295  0.0292  0.0287  0.0298  0.0297  0.0300  0.0291  0.0300  0.0288  0.0297  0.0286  0.0285
  0.0284  0.0283  0.0281  0.0288  0.0285  0.0288  0.0283  0.0285  0.0282  0.0284  0.0281  0.0280
  0.0280  0.0280  0.0280  0.0280  0.0279  0.0280  0.0280  0.0280  0.0280  0.0280  0.0280  0.0280
  0.0283  0.0282  0.0282  0.0279  0.0282  0.0279  0.0282  0.0284  0.0282  0.0284  0.0281  0.0282
  0.0294  0.0290  0.0288  0.0291  0.0296  0.0292  0.0291  0.0298  0.0288  0.0296  0.0286  0.0287
  0.0313  0.0302  0.0298  0.0318  0.0320  0.0325  0.0303  0.0321  0.0298  0.0314  0.0293  0.0294
niter,ni,del,rscale     4    3    5.0000    1.2000
parameters
   -0.9330  -15.2166    1.4264   -7.0395  -19.3327  -11.2611
    5.1059    0.2410   -4.6544   29.0952   -2.7120  -41.0675
eta,q 0.97203 10.05355
  0.0314  0.0306  0.0297  0.0311  0.0313  0.0315  0.0303  0.0322  0.0298  0.0317  0.0293  0.0294
  0.0295  0.0291  0.0287  0.0298  0.0298  0.0300  0.0291  0.0300  0.0288  0.0296  0.0286  0.0285
  0.0284  0.0282  0.0281  0.0288  0.0286  0.0288  0.0283  0.0285  0.0282  0.0284  0.0281  0.0281
  0.0280  0.0280  0.0280  0.0280  0.0280  0.0280  0.0280  0.0280  0.0280  0.0280  0.0280  0.0280
  0.0283  0.0283  0.0282  0.0279  0.0282  0.0279  0.0282  0.0284  0.0282  0.0284  0.0281  0.0282
  0.0295  0.0291  0.0288  0.0291  0.0295  0.0292  0.0291  0.0299  0.0288  0.0296  0.0286  0.0287
  0.0314  0.0303  0.0297  0.0318  0.0318  0.0324  0.0303  0.0322  0.0298  0.0315  0.0293  0.0293
niter,ni,del,rscale     3    3    5.0000    1.2000
parameters
   -0.9294  -15.2048    1.4149   -7.0313  -19.3616  -11.2745
    5.1010    0.2486   -4.6515   29.1231   -2.7186  -41.0991
eta,q 0.97202 10.05310
  0.0314  0.0305  0.0297  0.0311  0.0314  0.0315  0.0303  0.0322  0.0298  0.0317  0.0293  0.0294
  0.0295  0.0290  0.0287  0.0298  0.0298  0.0300  0.0291  0.0300  0.0288  0.0296  0.0286  0.0286
  0.0284  0.0282  0.0281  0.0288  0.0286  0.0288  0.0283  0.0285  0.0282  0.0283  0.0281  0.0281
  0.0280  0.0280  0.0280  0.0280  0.0280  0.0280  0.0280  0.0280  0.0280  0.0280  0.0280  0.0280
  0.0283  0.0283  0.0282  0.0279  0.0282  0.0279  0.0282  0.0284  0.0282  0.0284  0.0281  0.0282
  0.0295  0.0291  0.0288  0.0291  0.0295  0.0292  0.0291  0.0299  0.0288  0.0297  0.0286  0.0287
  0.0314  0.0304  0.0297  0.0319  0.0318  0.0324  0.0303  0.0322  0.0298  0.0315  0.0293  0.0293
registration optimization eta report
parameter search radius
    2.4000    2.4000    2.4000    8.2800    9.5220    8.2800
    7.2000    7.2000    7.2000    8.2800    8.2800    7.2000
100000*second partial in parameter space
       59.       43.       30.        5.        4.        6.
        5.        8.        4.        5.        2.        3.
  0.0314  0.0305  0.0297  0.0311  0.0314  0.0315  0.0303  0.0322  0.0298  0.0317  0.0293  0.0294
  0.0295  0.0290  0.0287  0.0298  0.0298  0.0300  0.0291  0.0300  0.0288  0.0296  0.0286  0.0286
  0.0284  0.0282  0.0281  0.0288  0.0286  0.0288  0.0283  0.0285  0.0282  0.0283  0.0281  0.0281
  0.0280  0.0280  0.0280  0.0280  0.0280  0.0280  0.0280  0.0280  0.0280  0.0280  0.0280  0.0280
  0.0283  0.0283  0.0282  0.0279  0.0282  0.0279  0.0282  0.0284  0.0282  0.0284  0.0281  0.0282
  0.0295  0.0291  0.0288  0.0291  0.0295  0.0292  0.0291  0.0299  0.0288  0.0297  0.0286  0.0287
  0.0314  0.0304  0.0297  0.0319  0.0318  0.0324  0.0303  0.0322  0.0298  0.0315  0.0293  0.0293
   -0.9294  -15.2048    1.4149   -7.0313  -19.3616  -11.2745
    5.1010    0.2486   -4.6515   29.1231   -2.7186  -41.0991
eta,q 0.97202 10.05310

---------------------------------------------------------------------
imgreg_4dfp /opt/freesurfer/average/711-2C_as_mni_average_305 /opt/freesurfer/average/711-2B_as_mni_average_305_mask talsrcimg_g11 none talsrcimg_to_711-2C_as_mni_average_305_t4 2311
---------------------------------------------------------------------

freesurfer imgreg_4dfp.c
/opt/freesurfer/average/711-2C_as_mni_average_305.4dfp.img
       256       256       256         1
  1.000000  1.000000  1.000000
orientation T byte_order littleendian
Reading image: /opt/freesurfer/average/711-2C_as_mni_average_305.4dfp.img
dimensions:      256       256       256
mmppix:       1.0000   -1.0000   -1.0000
center:     128.0000 -129.0000 -129.0000
/opt/freesurfer/average/711-2B_as_mni_average_305_mask.4dfp.img
       256       256       256         1
  1.000000  1.000000  1.000000
orientation T byte_order littleendian
Reading mask: /opt/freesurfer/average/711-2B_as_mni_average_305_mask.4dfp.img (2306576 pixels)
talsrcimg_g11.4dfp.img
       256       256       256         1
  1.000000  1.000000  1.000000
orientation T byte_order littleendian
Reading image: talsrcimg_g11.4dfp.img
dimensions:      256       256       256
mmppix:       1.0000   -1.0000   -1.0000
center:     128.0000 -129.0000 -129.0000
fimgreg.f
image alignment mode   2311 decimal      907 hex
parameters
   -0.9294  -15.2048    1.4149   -7.0313  -19.3616  -11.2745
    5.1010    0.2486   -4.6515   29.1231   -2.7186  -41.0991
eta,q 0.97202 10.05310
niter,ni,del,rscale     5    3    5.0000    0.8000
parameters
   -0.9206  -15.2476    1.3631   -5.9223  -18.7416  -10.4347
    4.8924    0.2579   -4.7537   29.2105   -2.7389  -40.6859
eta,q 0.97231 10.14622
  0.0295  0.0290  0.0287  0.0295  0.0290  0.0295  0.0288  0.0300  0.0285  0.0290  0.0283  0.0286
  0.0287  0.0284  0.0283  0.0289  0.0285  0.0288  0.0282  0.0288  0.0281  0.0283  0.0280  0.0281
  0.0282  0.0281  0.0280  0.0284  0.0281  0.0282  0.0278  0.0280  0.0278  0.0278  0.0278  0.0278
  0.0280  0.0280  0.0280  0.0280  0.0278  0.0278  0.0277  0.0277  0.0277  0.0277  0.0277  0.0277
  0.0281  0.0281  0.0281  0.0278  0.0278  0.0277  0.0279  0.0280  0.0278  0.0278  0.0278  0.0278
  0.0287  0.0285  0.0284  0.0280  0.0280  0.0280  0.0283  0.0288  0.0281  0.0282  0.0280  0.0280
  0.0295  0.0291  0.0288  0.0287  0.0286  0.0288  0.0290  0.0300  0.0286  0.0289  0.0284  0.0283
niter,ni,del,rscale     4    3    5.0000    0.7000
parameters
   -0.9419  -15.3058    1.4773   -6.0559  -18.6559  -10.1501
    4.9492    0.2279   -4.7566   29.0788   -2.7703  -40.5291
eta,q 0.97233 10.14893
  0.0290  0.0285  0.0285  0.0287  0.0285  0.0289  0.0286  0.0295  0.0284  0.0286  0.0282  0.0283
  0.0283  0.0280  0.0281  0.0283  0.0281  0.0284  0.0281  0.0285  0.0280  0.0280  0.0279  0.0279
  0.0278  0.0278  0.0278  0.0279  0.0278  0.0279  0.0278  0.0279  0.0278  0.0277  0.0277  0.0277
  0.0277  0.0277  0.0277  0.0277  0.0277  0.0277  0.0277  0.0277  0.0277  0.0277  0.0277  0.0277
  0.0279  0.0278  0.0277  0.0278  0.0277  0.0277  0.0278  0.0279  0.0277  0.0278  0.0277  0.0277
  0.0283  0.0281  0.0279  0.0282  0.0280  0.0280  0.0281  0.0285  0.0280  0.0282  0.0279  0.0279
  0.0290  0.0286  0.0282  0.0290  0.0285  0.0288  0.0286  0.0295  0.0284  0.0287  0.0282  0.0282
niter,ni,del,rscale     3    3    5.0000    0.6000
parameters
   -0.9517  -15.3270    1.5302   -6.0094  -18.5883  -10.0036
    4.9310    0.2233   -4.7576   29.0279   -2.8095  -40.4232
eta,q 0.97234 10.15552
  0.0286  0.0283  0.0282  0.0285  0.0283  0.0286  0.0283  0.0290  0.0282  0.0284  0.0280  0.0281
  0.0281  0.0279  0.0279  0.0281  0.0280  0.0281  0.0280  0.0283  0.0279  0.0280  0.0278  0.0278
  0.0278  0.0277  0.0277  0.0278  0.0278  0.0278  0.0277  0.0278  0.0277  0.0277  0.0277  0.0277
  0.0277  0.0277  0.0277  0.0277  0.0277  0.0277  0.0277  0.0277  0.0277  0.0277  0.0277  0.0277
  0.0278  0.0278  0.0277  0.0277  0.0277  0.0277  0.0277  0.0278  0.0277  0.0277  0.0277  0.0277
  0.0281  0.0280  0.0279  0.0280  0.0279  0.0280  0.0280  0.0283  0.0279  0.0280  0.0278  0.0278
  0.0287  0.0283  0.0281  0.0286  0.0283  0.0285  0.0283  0.0290  0.0282  0.0284  0.0280  0.0280
niter,ni,del,rscale     2    3    5.0000    0.5000
parameters
   -0.9556  -15.3394    1.5550   -5.9430  -18.5222   -9.8967
    4.9080    0.2211   -4.7606   28.9933   -2.8427  -40.3652
eta,q 0.97235 10.16220
  0.0283  0.0281  0.0280  0.0283  0.0281  0.0283  0.0281  0.0286  0.0280  0.0281  0.0279  0.0279
  0.0280  0.0278  0.0278  0.0280  0.0279  0.0280  0.0279  0.0281  0.0278  0.0279  0.0278  0.0278
  0.0277  0.0277  0.0277  0.0278  0.0277  0.0278  0.0277  0.0278  0.0277  0.0277  0.0277  0.0277
  0.0277  0.0277  0.0277  0.0277  0.0277  0.0277  0.0276  0.0276  0.0276  0.0276  0.0277  0.0276
  0.0277  0.0277  0.0277  0.0277  0.0277  0.0277  0.0277  0.0278  0.0277  0.0277  0.0277  0.0277
  0.0280  0.0279  0.0278  0.0279  0.0278  0.0279  0.0279  0.0281  0.0278  0.0279  0.0278  0.0278
  0.0283  0.0281  0.0280  0.0283  0.0281  0.0283  0.0281  0.0286  0.0280  0.0281  0.0279  0.0279
niter,ni,del,rscale     1    3    5.0000    0.4000
parameters
   -0.9580  -15.3511    1.5698   -5.8885  -18.4660   -9.8169
    4.8880    0.2286   -4.7563   28.9680   -2.8523  -40.2788
eta,q 0.97235 10.16763
  0.0281  0.0279  0.0279  0.0281  0.0279  0.0281  0.0280  0.0283  0.0279  0.0280  0.0278  0.0278
  0.0278  0.0278  0.0278  0.0279  0.0278  0.0278  0.0278  0.0279  0.0277  0.0278  0.0277  0.0277
  0.0277  0.0277  0.0277  0.0277  0.0277  0.0277  0.0277  0.0277  0.0277  0.0277  0.0277  0.0277
  0.0277  0.0277  0.0276  0.0277  0.0277  0.0276  0.0277  0.0277  0.0277  0.0277  0.0277  0.0277
  0.0277  0.0277  0.0277  0.0277  0.0277  0.0277  0.0277  0.0277  0.0277  0.0277  0.0277  0.0277
  0.0278  0.0278  0.0277  0.0278  0.0278  0.0278  0.0278  0.0279  0.0277  0.0278  0.0277  0.0277
  0.0281  0.0279  0.0279  0.0281  0.0279  0.0280  0.0280  0.0283  0.0279  0.0280  0.0278  0.0278
registration optimization eta report
parameter search radius
    0.8000    0.8000    0.8000    2.4000    2.4000    2.4000
    2.4000    2.4000    2.4000    2.4000    2.4000    2.4000
100000*second partial in parameter space
       68.       45.       34.        7.        5.        7.
        5.       11.        4.        5.        3.        3.
  0.0281  0.0279  0.0279  0.0281  0.0279  0.0281  0.0280  0.0283  0.0279  0.0280  0.0278  0.0278
  0.0278  0.0278  0.0278  0.0279  0.0278  0.0278  0.0278  0.0279  0.0277  0.0278  0.0277  0.0277
  0.0277  0.0277  0.0277  0.0277  0.0277  0.0277  0.0277  0.0277  0.0277  0.0277  0.0277  0.0277
  0.0277  0.0277  0.0276  0.0277  0.0277  0.0276  0.0277  0.0277  0.0277  0.0277  0.0277  0.0277
  0.0277  0.0277  0.0277  0.0277  0.0277  0.0277  0.0277  0.0277  0.0277  0.0277  0.0277  0.0277
  0.0278  0.0278  0.0277  0.0278  0.0278  0.0278  0.0278  0.0279  0.0277  0.0278  0.0277  0.0277
  0.0281  0.0279  0.0279  0.0281  0.0279  0.0280  0.0280  0.0283  0.0279  0.0280  0.0278  0.0278
   -0.9580  -15.3511    1.5698   -5.8885  -18.4660   -9.8169
    4.8880    0.2286   -4.7563   28.9680   -2.8523  -40.2788
eta,q 0.97235 10.16763

---------------------------------------------------------------------
imgreg_4dfp /opt/freesurfer/average/711-2C_as_mni_average_305 /opt/freesurfer/average/711-2B_as_mni_average_305_mask talsrcimg_g11 none talsrcimg_to_711-2C_as_mni_average_305_t4 2311
---------------------------------------------------------------------

freesurfer imgreg_4dfp.c
/opt/freesurfer/average/711-2C_as_mni_average_305.4dfp.img
       256       256       256         1
  1.000000  1.000000  1.000000
orientation T byte_order littleendian
Reading image: /opt/freesurfer/average/711-2C_as_mni_average_305.4dfp.img
dimensions:      256       256       256
mmppix:       1.0000   -1.0000   -1.0000
center:     128.0000 -129.0000 -129.0000
/opt/freesurfer/average/711-2B_as_mni_average_305_mask.4dfp.img
       256       256       256         1
  1.000000  1.000000  1.000000
orientation T byte_order littleendian
Reading mask: /opt/freesurfer/average/711-2B_as_mni_average_305_mask.4dfp.img (2306576 pixels)
talsrcimg_g11.4dfp.img
       256       256       256         1
  1.000000  1.000000  1.000000
orientation T byte_order littleendian
Reading image: talsrcimg_g11.4dfp.img
dimensions:      256       256       256
mmppix:       1.0000   -1.0000   -1.0000
center:     128.0000 -129.0000 -129.0000
fimgreg.f
image alignment mode   2311 decimal      907 hex
parameters
   -0.9580  -15.3511    1.5698   -5.8885  -18.4659   -9.8169
    4.8880    0.2286   -4.7563   28.9680   -2.8523  -40.2788
eta,q 0.97235 10.16763
niter,ni,del,rscale     5    3    5.0000    0.8000
parameters
   -0.9555  -15.3333    1.6112   -6.2972  -18.7015  -10.1038
    4.9916    0.2132   -4.7529   28.9456   -2.8118  -40.4430
eta,q 0.97231 10.13554
  0.0294  0.0288  0.0286  0.0289  0.0286  0.0290  0.0289  0.0299  0.0286  0.0290  0.0283  0.0284
  0.0284  0.0282  0.0281  0.0283  0.0281  0.0284  0.0282  0.0287  0.0281  0.0282  0.0280  0.0279
  0.0278  0.0278  0.0278  0.0279  0.0278  0.0279  0.0278  0.0280  0.0278  0.0278  0.0278  0.0277
  0.0276  0.0277  0.0276  0.0276  0.0277  0.0277  0.0277  0.0277  0.0277  0.0277  0.0277  0.0277
  0.0278  0.0278  0.0277  0.0278  0.0278  0.0278  0.0278  0.0280  0.0278  0.0279  0.0278  0.0278
  0.0284  0.0282  0.0280  0.0285  0.0282  0.0284  0.0282  0.0287  0.0281  0.0283  0.0280  0.0280
  0.0294  0.0288  0.0285  0.0296  0.0289  0.0296  0.0288  0.0300  0.0286  0.0289  0.0283  0.0284
niter,ni,del,rscale     4    3    5.0000    0.7000
parameters
   -0.9512  -15.3170    1.5546   -6.1279  -18.6451  -10.0735
    4.9518    0.2248   -4.7559   29.0079   -2.8262  -40.4583
eta,q 0.97233 10.14658
  0.0290  0.0286  0.0283  0.0288  0.0285  0.0288  0.0286  0.0295  0.0283  0.0287  0.0282  0.0282
  0.0283  0.0281  0.0279  0.0283  0.0281  0.0283  0.0281  0.0285  0.0280  0.0281  0.0279  0.0279
  0.0278  0.0278  0.0277  0.0279  0.0278  0.0279  0.0278  0.0279  0.0277  0.0278  0.0277  0.0277
  0.0277  0.0277  0.0277  0.0277  0.0277  0.0277  0.0277  0.0277  0.0277  0.0277  0.0277  0.0277
  0.0278  0.0278  0.0278  0.0277  0.0277  0.0277  0.0278  0.0279  0.0277  0.0278  0.0277  0.0277
  0.0283  0.0281  0.0280  0.0281  0.0280  0.0281  0.0281  0.0285  0.0280  0.0281  0.0279  0.0279
  0.0290  0.0285  0.0284  0.0288  0.0285  0.0289  0.0286  0.0295  0.0284  0.0286  0.0282  0.0282
niter,ni,del,rscale     3    3    5.0000    0.6000
parameters
   -0.9523  -15.3286    1.5486   -6.0162  -18.5859   -9.9828
    4.9246    0.2299   -4.7575   29.0078   -2.8174  -40.4076
eta,q 0.97234 10.15524
  0.0286  0.0283  0.0282  0.0285  0.0283  0.0285  0.0283  0.0290  0.0282  0.0284  0.0280  0.0281
  0.0281  0.0279  0.0279  0.0281  0.0280  0.0281  0.0280  0.0283  0.0279  0.0280  0.0278  0.0278
  0.0278  0.0277  0.0277  0.0278  0.0278  0.0278  0.0277  0.0278  0.0277  0.0277  0.0277  0.0277
  0.0277  0.0277  0.0277  0.0277  0.0277  0.0277  0.0277  0.0277  0.0277  0.0277  0.0277  0.0277
  0.0278  0.0278  0.0277  0.0277  0.0277  0.0277  0.0277  0.0278  0.0277  0.0277  0.0277  0.0277
  0.0281  0.0280  0.0279  0.0280  0.0279  0.0280  0.0280  0.0283  0.0279  0.0280  0.0278  0.0278
  0.0286  0.0283  0.0282  0.0285  0.0283  0.0285  0.0283  0.0290  0.0282  0.0284  0.0280  0.0280
niter,ni,del,rscale     2    3    5.0000    0.5000
parameters
   -0.9534  -15.3378    1.5579   -5.9398  -18.5281   -9.8914
    4.8980    0.2247   -4.7625   28.9819   -2.8452  -40.3423
eta,q 0.97235 10.16170
  0.0283  0.0281  0.0280  0.0283  0.0281  0.0283  0.0281  0.0286  0.0280  0.0281  0.0279  0.0279
  0.0280  0.0278  0.0278  0.0280  0.0279  0.0280  0.0279  0.0281  0.0278  0.0279  0.0278  0.0278
  0.0277  0.0277  0.0277  0.0278  0.0277  0.0278  0.0277  0.0278  0.0277  0.0277  0.0277  0.0277
  0.0277  0.0277  0.0277  0.0277  0.0277  0.0277  0.0276  0.0277  0.0277  0.0276  0.0277  0.0276
  0.0277  0.0277  0.0277  0.0277  0.0277  0.0277  0.0277  0.0278  0.0277  0.0277  0.0277  0.0277
  0.0280  0.0279  0.0278  0.0279  0.0278  0.0279  0.0279  0.0281  0.0278  0.0279  0.0278  0.0278
  0.0283  0.0281  0.0280  0.0283  0.0281  0.0283  0.0281  0.0286  0.0280  0.0281  0.0279  0.0279
niter,ni,del,rscale     1    3    5.0000    0.4000
parameters
   -0.9573  -15.3496    1.5693   -5.8770  -18.4716   -9.8236
    4.8849    0.2291   -4.7405   28.9584   -2.8443  -40.2927
eta,q 0.97235 10.16720
  0.0281  0.0279  0.0279  0.0281  0.0279  0.0281  0.0280  0.0283  0.0279  0.0280  0.0278  0.0278
  0.0278  0.0278  0.0277  0.0279  0.0278  0.0278  0.0278  0.0279  0.0278  0.0278  0.0277  0.0277
  0.0277  0.0277  0.0277  0.0277  0.0277  0.0277  0.0277  0.0277  0.0277  0.0277  0.0277  0.0277
  0.0276  0.0276  0.0276  0.0276  0.0276  0.0276  0.0276  0.0276  0.0276  0.0276  0.0276  0.0276
  0.0277  0.0277  0.0277  0.0277  0.0277  0.0277  0.0277  0.0277  0.0277  0.0277  0.0277  0.0277
  0.0278  0.0278  0.0277  0.0278  0.0277  0.0278  0.0278  0.0279  0.0277  0.0278  0.0277  0.0277
  0.0281  0.0279  0.0279  0.0281  0.0279  0.0280  0.0280  0.0283  0.0279  0.0280  0.0278  0.0278
registration optimization eta report
parameter search radius
    0.8000    0.8000    0.8000    2.4000    2.4000    2.4000
    2.4000    2.4000    2.4000    2.4000    2.4000    2.4000
100000*second partial in parameter space
       68.       45.       34.        7.        5.        7.
        5.       11.        4.        5.        3.        3.
  0.0281  0.0279  0.0279  0.0281  0.0279  0.0281  0.0280  0.0283  0.0279  0.0280  0.0278  0.0278
  0.0278  0.0278  0.0277  0.0279  0.0278  0.0278  0.0278  0.0279  0.0278  0.0278  0.0277  0.0277
  0.0277  0.0277  0.0277  0.0277  0.0277  0.0277  0.0277  0.0277  0.0277  0.0277  0.0277  0.0277
  0.0276  0.0276  0.0276  0.0276  0.0276  0.0276  0.0276  0.0276  0.0276  0.0276  0.0276  0.0276
  0.0277  0.0277  0.0277  0.0277  0.0277  0.0277  0.0277  0.0277  0.0277  0.0277  0.0277  0.0277
  0.0278  0.0278  0.0277  0.0278  0.0277  0.0278  0.0278  0.0279  0.0277  0.0278  0.0277  0.0277
  0.0281  0.0279  0.0279  0.0281  0.0279  0.0280  0.0280  0.0283  0.0279  0.0280  0.0278  0.0278
   -0.9573  -15.3496    1.5693   -5.8770  -18.4716   -9.8236
    4.8849    0.2291   -4.7405   28.9584   -2.8443  -40.2927
eta,q 0.97235 10.16720

---------------------------------------------------------------------
compute_vox2vox talsrcimg talsrcimg_to_711-2C_as_mni_average_305_t4 /opt/freesurfer/average/711-2C_as_mni_average_305
---------------------------------------------------------------------

freesurfer compute_vox2vox.c
Reading: talsrcimg.4dfp.ifh
Reading: talsrcimg_to_711-2C_as_mni_average_305_t4
Reading: /opt/freesurfer/average/711-2C_as_mni_average_305.4dfp.ifh
Writing: talsrcimg_to_711-2C_as_mni_average_305_t4_vox2vox.txt

start time Sat Mar 14 00:26:51 CET 2026
end		time Sat Mar 14 00:27:05 CET 2026

mpr2mni305 success

avi2talxfm orig_nu.mgz /opt/freesurfer/average/mni305.cor.mgz talsrcimg_to_711-2C_as_mni_average_305_t4_vox2vox.txt transforms/talairach.auto.xfm
avi2talxfm done
mv -f /out/sourcedata/freesurfer/sub-v2s8x29192_ses-1/mri/talsrcimg_to_711-2C_as_mni_average_305_t4_vox2vox.txt /out/sourcedata/freesurfer/sub-v2s8x29192_ses-1/mri/transforms/talsrcimg_to_711-2C_as_mni_average_305_t4_vox2vox.txt
lta_convert --src orig_nu.mgz --trg /opt/freesurfer/average/mni305.cor.mgz --inxfm transforms/talairach.auto.xfm --outlta transforms/talairach.auto.xfm.lta --subject fsaverage
7.3.2

--src: orig_nu.mgz src image (geometry).
--trg: /opt/freesurfer/average/mni305.cor.mgz trg image (geometry).
--inmni: transforms/talairach.auto.xfm input MNI/XFM transform.
--outlta: transforms/talairach.auto.xfm.lta output LTA.
--s: fsaverage subject name
 LTA read, type : 1
 1.06008   0.01528  -0.05596   7.26723;
 0.05263   0.95780   0.47021   3.62031;
 0.04295  -0.33932   1.05630   13.72212;
 0.00000   0.00000   0.00000   1.00000;
setting subject to fsaverage
Writing  LTA to file transforms/talairach.auto.xfm.lta...
lta_convert successful.
 
 
Started at Sat Mar 14 00:26:50 CET 2026
Ended   at Sat Mar 14 00:27:05 CET 2026
talairach_avi done
