/out/sourcedata/freesurfer/sub-v2s8x29246_ses-1/mri
/opt/freesurfer/bin/talairach_avi
--i orig_nu.mgz --xfm transforms/talairach.auto.xfm
talairach_avi 7.3.2
Linux dna080 5.14.0-427.37.1.el9_4.x86_64 #1 SMP PREEMPT_DYNAMIC Fri Sep 13 12:41:50 EDT 2024 x86_64 x86_64 x86_64 GNU/Linux
Sat Mar 14 03:14:47 CET 2026
mri_convert orig_nu.mgz talsrcimg.img 
reading from orig_nu.mgz...
TR=0.00, TE=0.00, TI=0.00, flip angle=0.00
i_ras = (-1, 0, 0)
j_ras = (0, 0, -1)
k_ras = (0, 1, 0)
writing to talsrcimg.img...
Analyze Output Matrix
-1.00000   0.00000   0.00000   129.66513;
 0.00000   0.00000   1.00000  -128.00000;
 0.00000  -1.00000   0.00000   130.00000;
 0.00000   0.00000   0.00000   1.00000;
--------------------
INFO: set hdr.hist.orient to -1
mpr2mni305 talsrcimg
Sat Mar 14 03:14:47 CET 2026
/opt/freesurfer/bin/mpr2mni305 talsrcimg
mpr2mni305 7.3.2
target=711-2C_as_mni_average_305

---------------------------------------------------------------------
analyzeto4dfp talsrcimg -O0 -y
---------------------------------------------------------------------

freesurfer ifh2hdr.c
Sat Mar 14 03:14:48 2026
Writing: talsrcimg.4dfp.hdr
freesurfer analyzeto4dfp.c
Reading: talsrcimg.hdr
header size 348 bytes
hdr.dime.datatype	offset=70	value=2
hdr.dime.bitpix		offset=72	value=8
hdr.hist.orient		offset=252	value=-1
dimensionality     4
dimensions       256       256       256         1
Reading: talsrcimg.img
Writing: talsrcimg.4dfp.img
Writing: talsrcimg.4dfp.ifh
ifh2hdr talsrcimg -r0to208
ori=2

---------------------------------------------------------------------
gauss_4dfp talsrcimg 1.1
---------------------------------------------------------------------

freesurfer gauss_4dfp.c
Reading: talsrcimg.4dfp.img
Writing: talsrcimg_g11.4dfp.img
image dimensions 256 256 256 padded to 288 288 288
processing volume 1freesurfer ifh2hdr.c
Sat Mar 14 03:14:49 2026
Writing: talsrcimg_g11.4dfp.hdr

Writing: talsrcimg_g11.4dfp.ifh
including: talsrcimg.4dfp.img.rec in talsrcimg_g11.4dfp.img.rec

---------------------------------------------------------------------
imgreg_4dfp /opt/freesurfer/average/711-2C_as_mni_average_305 none talsrcimg_g11 none talsrcimg_to_711-2C_as_mni_average_305_t4 4355
---------------------------------------------------------------------

freesurfer imgreg_4dfp.c
/opt/freesurfer/average/711-2C_as_mni_average_305.4dfp.img
       256       256       256         1
  1.000000  1.000000  1.000000
orientation T byte_order littleendian
Reading image: /opt/freesurfer/average/711-2C_as_mni_average_305.4dfp.img
dimensions:      256       256       256
mmppix:       1.0000   -1.0000   -1.0000
center:     128.0000 -129.0000 -129.0000
talsrcimg_g11.4dfp.img
       256       256       256         1
  1.000000  1.000000  1.000000
orientation T byte_order littleendian
Reading image: talsrcimg_g11.4dfp.img
dimensions:      256       256       256
mmppix:       1.0000   -1.0000   -1.0000
center:     128.0000 -129.0000 -129.0000
t4_read: open error in t4_sub.f l:  41 t4_file(1:l)talsrcimg_to_711-2C_as_mni_average_305_t4 
t4_read: transform initialized to I4
rotation matrix determinant  1.000000
image alignment mode   4355 decimal     1103 hex
   -7.5000  -45.0000  -45.0000 8512.1953   19.4306
    0.0000  -45.0000  -45.0000 8955.6719   19.4189
    7.5000  -45.0000  -45.0000 8608.6006   19.3947
   -7.5000  -37.5000  -45.0000 9041.7305   19.3917
    0.0000  -37.5000  -45.0000 9529.4404   19.3807
    7.5000  -37.5000  -45.0000 9151.6035   19.3612
   -7.5000  -30.0000  -45.0000 9846.2881   19.3668
    0.0000  -30.0000  -45.000010389.6250   19.3545
    7.5000  -30.0000  -45.0000 9965.1250   19.3372
   -7.5000  -22.5000  -45.000010557.4414   19.3614
    0.0000  -22.5000  -45.000011160.0488   19.3466
    7.5000  -22.5000  -45.000010701.4170   19.3248
   -7.5000  -15.0000  -45.000011189.0098   19.3652
    0.0000  -15.0000  -45.000011817.8271   19.3500
    7.5000  -15.0000  -45.000011328.9727   19.3231
   -7.5000   -7.5000  -45.000011792.1533   19.3708
    0.0000   -7.5000  -45.000012447.4961   19.3577
    7.5000   -7.5000  -45.000011907.7100   19.3305
   -7.5000    0.0000  -45.000012286.7969   19.3770
    0.0000    0.0000  -45.000012931.7480   19.3653
    7.5000    0.0000  -45.000012375.0908   19.3410
   -7.5000    7.5000  -45.000011846.8359   19.3765
    0.0000    7.5000  -45.000012423.6240   19.3654
    7.5000    7.5000  -45.000011920.1895   19.3459
   -7.5000   15.0000  -45.000011356.2900   19.3666
    0.0000   15.0000  -45.000011880.5273   19.3543
    7.5000   15.0000  -45.000011398.6514   19.3369
   -7.5000   22.5000  -45.000010717.2246   19.3587
    0.0000   22.5000  -45.000011223.4990   19.3439
    7.5000   22.5000  -45.000010728.5498   19.3221
   -7.5000   30.0000  -45.0000 9928.4414   19.1071
    0.0000   30.0000  -45.000010396.7861   19.0922
    7.5000   30.0000  -45.0000 9920.8701   19.0656
   -7.5000   37.5000  -45.0000 9443.5254   19.1127
    0.0000   37.5000  -45.0000 9866.0781   19.0997
    7.5000   37.5000  -45.0000 9402.4258   19.0729
   -7.5000   45.0000  -45.0000 8615.1719   18.6419
    0.0000   45.0000  -45.0000 8997.4180   18.6306
    7.5000   45.0000  -45.0000 8553.9023   18.6072
   -7.5000  -45.0000  -37.5000 8993.1533   19.4168
    0.0000  -45.0000  -37.5000 9479.1875   19.3950
    7.5000  -45.0000  -37.5000 9103.2031   19.3774
   -7.5000  -37.5000  -37.5000 9555.5117   19.3729
    0.0000  -37.5000  -37.500010076.2363   19.3514
    7.5000  -37.5000  -37.5000 9672.4980   19.3351
   -7.5000  -30.0000  -37.500010389.7119   19.3498
    0.0000  -30.0000  -37.500010975.9170   19.3269
    7.5000  -30.0000  -37.500010506.9727   19.3091
   -7.5000  -22.5000  -37.500011148.4258   19.3535
    0.0000  -22.5000  -37.500011772.1025   19.3285
    7.5000  -22.5000  -37.500011265.1699   19.3064
   -7.5000  -15.0000  -37.500011816.5508   19.3624
    0.0000  -15.0000  -37.500012486.6846   19.3372
    7.5000  -15.0000  -37.500011935.3828   19.3134
   -7.5000   -7.5000  -37.500012415.5117   19.3639
    0.0000   -7.5000  -37.500013108.4404   19.3405
    7.5000   -7.5000  -37.500012532.2656   19.3198
   -7.5000    0.0000  -37.500012895.6787   19.3629
    0.0000    0.0000  -37.500013609.9727   19.3411
    7.5000    0.0000  -37.500013020.5371   19.3234
   -7.5000    7.5000  -37.500012414.6992   19.3575
    0.0000    7.5000  -37.500013080.9287   19.3359
    7.5000    7.5000  -37.500012513.4307   19.3194
   -7.5000   15.0000  -37.500011885.8125   19.3496
    0.0000   15.0000  -37.500012505.1602   19.3267
    7.5000   15.0000  -37.500011943.5938   19.3088
   -7.5000   22.5000  -37.500011197.2246   19.3508
    0.0000   22.5000  -37.500011775.7783   19.3259
    7.5000   22.5000  -37.500011224.0840   19.3037
   -7.5000   30.0000  -37.500010354.5615   19.1044
    0.0000   30.0000  -37.500010868.9141   19.0795
    7.5000   30.0000  -37.500010346.6211   19.0560
   -7.5000   37.5000  -37.5000 9817.3887   19.1059
    0.0000   37.5000  -37.500010271.9326   19.0828
    7.5000   37.5000  -37.5000 9777.4062   19.0624
   -7.5000   45.0000  -37.5000 8946.8076   18.6291
    0.0000   45.0000  -37.5000 9354.9023   18.6081
    7.5000   45.0000  -37.5000 8903.1816   18.5910
   -7.5000  -45.0000  -30.0000 9648.9834   20.2467
    0.0000  -45.0000  -30.000010184.4473   20.2239
    7.5000  -45.0000  -30.0000 9763.0000   20.2259
   -7.5000  -37.5000  -30.000010220.9482   20.1944
    0.0000  -37.5000  -30.000010788.2041   20.1713
    7.5000  -37.5000  -30.000010328.7012   20.1690
   -7.5000  -30.0000  -30.000011086.4395   20.1681
    0.0000  -30.0000  -30.000011725.5264   20.1435
    7.5000  -30.0000  -30.000011206.2002   20.1374
   -7.5000  -22.5000  -30.000011878.8291   20.1786
    0.0000  -22.5000  -30.000012570.0732   20.1522
    7.5000  -22.5000  -30.000012007.1572   20.1445
   -7.5000  -15.0000  -30.000012585.1650   20.1941
    0.0000  -15.0000  -30.000013325.1016   20.1678
    7.5000  -15.0000  -30.000012708.2988   20.1636
   -7.5000   -7.5000  -30.000013203.8037   20.1961
    0.0000   -7.5000  -30.000013967.6035   20.1719
    7.5000   -7.5000  -30.000013323.3994   20.1735
   -7.5000    0.0000  -30.000013676.5293   20.1907
    0.0000    0.0000  -30.000014505.7031   20.1678
    7.5000    0.0000  -30.000013828.5479   20.1696
   -7.5000    7.5000  -30.000013148.8359   20.1779
    0.0000    7.5000  -30.000013933.4277   20.1547
    7.5000    7.5000  -30.000013270.8096   20.1523
   -7.5000   15.0000  -30.000012554.3467   20.1679
    0.0000   15.0000  -30.000013295.8252   20.1433
    7.5000   15.0000  -30.000012648.6533   20.1371
   -7.5000   22.5000  -30.000011817.7842   20.1737
    0.0000   22.5000  -30.000012498.3125   20.1474
    7.5000   22.5000  -30.000011882.9551   20.1397
   -7.5000   30.0000  -30.000010937.6875   19.9269
    0.0000   30.0000  -30.000011525.2783   19.9009
    7.5000   30.0000  -30.000010960.2744   19.8968
   -7.5000   37.5000  -30.000010333.3008   19.9289
    0.0000   37.5000  -30.000010862.0029   19.9050
    7.5000   37.5000  -30.000010318.7803   19.9066
   -7.5000   45.0000  -30.0000 9412.5332   19.4400
    0.0000   45.0000  -30.0000 9867.8750   19.4179
    7.5000   45.0000  -30.0000 9381.9912   19.4196
   -7.5000  -45.0000  -22.500010268.9434   20.9596
    0.0000  -45.0000  -22.500010826.8652   20.9474
    7.5000  -45.0000  -22.500010378.4258   20.9644
   -7.5000  -37.5000  -22.500010833.8379   20.9023
    0.0000  -37.5000  -22.500011432.4092   20.8904
    7.5000  -37.5000  -22.500010931.7520   20.9016
   -7.5000  -30.0000  -22.500011745.3369   20.8713
    0.0000  -30.0000  -22.500012426.3525   20.8582
    7.5000  -30.0000  -22.500011864.2510   20.8666
   -7.5000  -22.5000  -22.500012571.7598   20.8815
    0.0000  -22.5000  -22.500013280.1250   20.8654
    7.5000  -22.5000  -22.500012688.3174   20.8738
   -7.5000  -15.0000  -22.500013289.4551   20.9000
    0.0000  -15.0000  -22.500014048.8105   20.8832
    7.5000  -15.0000  -22.500013403.0781   20.8960
   -7.5000   -7.5000  -22.500013913.9561   20.9066
    0.0000   -7.5000  -22.500014722.5596   20.8924
    7.5000   -7.5000  -22.500014058.1465   20.9108
   -7.5000    0.0000  -22.500014450.5166   20.9023
    0.0000    0.0000  -22.500015315.1982   20.8897
    7.5000    0.0000  -22.500014605.2266   20.9064
   -7.5000    7.5000  -22.500013858.8848   20.8853
    0.0000    7.5000  -22.500014687.7305   20.8732
    7.5000    7.5000  -22.500013976.0703   20.8843
   -7.5000   15.0000  -22.500013179.5430   20.8711
    0.0000   15.0000  -22.500013961.9355   20.8580
    7.5000   15.0000  -22.500013281.7354   20.8663
   -7.5000   22.5000  -22.500012390.6943   20.8751
    0.0000   22.5000  -22.500013122.4600   20.8590
    7.5000   22.5000  -22.500012460.7725   20.8674
   -7.5000   30.0000  -22.500011473.6016   20.6266
    0.0000   30.0000  -22.500012096.7207   20.6101
    7.5000   30.0000  -22.500011497.4014   20.6227
   -7.5000   37.5000  -22.500010843.9463   20.6332
    0.0000   37.5000  -22.500011427.6738   20.6191
    7.5000   37.5000  -22.500010846.2754   20.6373
   -7.5000   45.0000  -22.5000 9860.9199   20.1394
    0.0000   45.0000  -22.500010353.1299   20.1273
    7.5000   45.0000  -22.5000 9834.5801   20.1433
   -7.5000  -45.0000  -15.000010852.5391   21.4622
    0.0000  -45.0000  -15.000011424.7461   21.4611
    7.5000  -45.0000  -15.000010967.1875   21.4740
   -7.5000  -37.5000  -15.000011436.0742   21.4073
    0.0000  -37.5000  -15.000012059.8477   21.4074
    7.5000  -37.5000  -15.000011554.3965   21.4178
   -7.5000  -30.0000  -15.000012403.1826   21.3732
    0.0000  -30.0000  -15.000013092.3154   21.3730
    7.5000  -30.0000  -15.000012542.9902   21.3841
   -7.5000  -22.5000  -15.000013267.1357   21.3757
    0.0000  -22.5000  -15.000013956.8496   21.3719
    7.5000  -22.5000  -15.000013364.4600   21.3829
   -7.5000  -15.0000  -15.000013972.3027   21.3909
    0.0000  -15.0000  -15.000014708.6348   21.3857
    7.5000  -15.0000  -15.000014076.2646   21.3980
   -7.5000   -7.5000  -15.000014666.6484   21.4020
    0.0000   -7.5000  -15.000015474.1992   21.3991
    7.5000   -7.5000  -15.000014782.6865   21.4137
   -7.5000    0.0000  -15.000015278.7832   21.4039
    0.0000    0.0000  -15.000016149.3623   21.4026
    7.5000    0.0000  -15.000015403.2148   21.4152
   -7.5000    7.5000  -15.000014640.2979   21.3900
    0.0000    7.5000  -15.000015463.6748   21.3900
    7.5000    7.5000  -15.000014729.0225   21.4003
   -7.5000   15.0000  -15.000013866.6953   21.3729
    0.0000   15.0000  -15.000014634.5049   21.3728
    7.5000   15.0000  -15.000013941.7852   21.3838
   -7.5000   22.5000  -15.000012999.6553   21.3682
    0.0000   22.5000  -15.000013733.2520   21.3644
    7.5000   22.5000  -15.000013062.6016   21.3754
   -7.5000   30.0000  -15.000012023.1514   21.1140
    0.0000   30.0000  -15.000012677.8438   21.1089
    7.5000   30.0000  -15.000012053.8545   21.1211
   -7.5000   37.5000  -15.000011368.6309   21.1250
    0.0000   37.5000  -15.000011957.3691   21.1222
    7.5000   37.5000  -15.000011372.2402   21.1366
   -7.5000   45.0000  -15.000010291.5977   20.6342
    0.0000   45.0000  -15.000010812.6924   20.6329
    7.5000   45.0000  -15.000010296.4863   20.6450
   -7.5000  -45.0000   -7.500011462.0850   21.6973
    0.0000  -45.0000   -7.500012083.4326   21.6959
    7.5000  -45.0000   -7.500011579.6025   21.6860
   -7.5000  -37.5000   -7.500012070.5391   21.6499
    0.0000  -37.5000   -7.500012724.9727   21.6493
    7.5000  -37.5000   -7.500012178.1797   21.6423
   -7.5000  -30.0000   -7.500013108.7178   21.6165
    0.0000  -30.0000   -7.500013764.7568   21.6155
    7.5000  -30.0000   -7.500013191.0156   21.6122
   -7.5000  -22.5000   -7.500014010.6221   21.6096
    0.0000  -22.5000   -7.500014637.3877   21.6055
    7.5000  -22.5000   -7.500014055.7793   21.6004
   -7.5000  -15.0000   -7.500014731.9873   21.6174
    0.0000  -15.0000   -7.500015388.8525   21.6126
    7.5000  -15.0000   -7.500014766.6719   21.6039
   -7.5000   -7.5000   -7.500015472.9043   21.6294
    0.0000   -7.5000   -7.500016133.4150   21.6267
    7.5000   -7.5000   -7.500015502.0547   21.6170
   -7.5000    0.0000   -7.500016068.8154   21.6382
    0.0000    0.0000   -7.500016768.3008   21.6366
    7.5000    0.0000   -7.500016121.7900   21.6266
   -7.5000    7.5000   -7.500015385.5195   21.6328
    0.0000    7.5000   -7.500016074.0068   21.6321
    7.5000    7.5000   -7.500015424.6885   21.6250
   -7.5000   15.0000   -7.500014568.7930   21.6162
    0.0000   15.0000   -7.500015231.0527   21.6153
    7.5000   15.0000   -7.500014603.8242   21.6119
   -7.5000   22.5000   -7.500013621.5840   21.5996
    0.0000   22.5000   -7.500014291.0244   21.5955
    7.5000   22.5000   -7.500013675.7529   21.5904
   -7.5000   30.0000   -7.500012578.8477   21.3371
    0.0000   30.0000   -7.500013196.7148   21.3323
    7.5000   30.0000   -7.500012608.5303   21.3238
   -7.5000   37.5000   -7.500011853.0068   21.3489
    0.0000   37.5000   -7.500012440.1973   21.3462
    7.5000   37.5000   -7.500011882.1914   21.3367
   -7.5000   45.0000   -7.500010728.3193   20.8640
    0.0000   45.0000   -7.500011265.2109   20.8623
    7.5000   45.0000   -7.500010721.9688   20.8526
   -7.5000  -45.0000    0.000011993.1660   21.7257
    0.0000  -45.0000    0.000012572.7969   21.7128
    7.5000  -45.0000    0.000012088.8271   21.6856
   -7.5000  -37.5000    0.000012606.2480   21.6815
    0.0000  -37.5000    0.000013220.1719   21.6693
    7.5000  -37.5000    0.000012684.5615   21.6475
   -7.5000  -30.0000    0.000013662.6582   21.6530
    0.0000  -30.0000    0.000014278.5293   21.6393
    7.5000  -30.0000    0.000013695.3779   21.6201
   -7.5000  -22.5000    0.000014636.3662   21.6473
    0.0000  -22.5000    0.000015238.4863   21.6308
    7.5000  -22.5000    0.000014650.0771   21.6066
   -7.5000  -15.0000    0.000015406.4482   21.6524
    0.0000  -15.0000    0.000015947.0264   21.6355
    7.5000  -15.0000    0.000015371.5352   21.6055
   -7.5000   -7.5000    0.000016109.9639   21.6592
    0.0000   -7.5000    0.000016618.1172   21.6445
    7.5000   -7.5000    0.000016070.9863   21.6142
   -7.5000    0.0000    0.000016701.7852   21.6658
    0.0000    0.0000    0.000017240.0527   21.6528
    7.5000    0.0000    0.000016677.8125   21.6257
   -7.5000    7.5000    0.000015991.2520   21.6645
    0.0000    7.5000    0.000016511.7363   21.6522
    7.5000    7.5000    0.000015982.0420   21.6303
   -7.5000   15.0000    0.000015146.1826   21.6528
    0.0000   15.0000    0.000015689.5244   21.6391
    7.5000   15.0000    0.000015143.2012   21.6198
   -7.5000   22.5000    0.000014163.7119   21.6373
    0.0000   22.5000    0.000014753.0908   21.6209
    7.5000   22.5000    0.000014155.9268   21.5966
   -7.5000   30.0000    0.000013073.8994   21.3721
    0.0000   30.0000    0.000013648.3604   21.3555
    7.5000   30.0000    0.000013034.3213   21.3258
   -7.5000   37.5000    0.000012291.2041   21.3789
    0.0000   37.5000    0.000012864.7129   21.3644
    7.5000   37.5000    0.000012280.6143   21.3344
   -7.5000   45.0000    0.000011125.9629   20.8930
    0.0000   45.0000    0.000011651.9688   20.8804
    7.5000   45.0000    0.000011110.8799   20.8541
   -7.5000  -45.0000    7.500011535.4668   21.7272
    0.0000  -45.0000    7.500012105.0928   21.7029
    7.5000  -45.0000    7.500011605.5977   21.6832
   -7.5000  -37.5000    7.500012129.2295   21.6782
    0.0000  -37.5000    7.500012688.7412   21.6541
    7.5000  -37.5000    7.500012183.4629   21.6358
   -7.5000  -30.0000    7.500013132.4824   21.6524
    0.0000  -30.0000    7.500013642.2178   21.6268
    7.5000  -30.0000    7.500013141.9512   21.6068
   -7.5000  -22.5000    7.500014061.1943   21.6567
    0.0000  -22.5000    7.500014613.1523   21.6288
    7.5000  -22.5000    7.500014063.3174   21.6039
   -7.5000  -15.0000    7.500014847.7197   21.6667
    0.0000  -15.0000    7.500015353.4385   21.6385
    7.5000  -15.0000    7.500014824.7129   21.6119
   -7.5000   -7.5000    7.500015612.2793   21.6683
    0.0000   -7.5000    7.500016108.5527   21.6421
    7.5000   -7.5000    7.500015586.9209   21.6189
   -7.5000    0.0000    7.500016245.4775   21.6670
    0.0000    0.0000    7.500016800.4199   21.6426
    7.5000    0.0000    7.500016232.1719   21.6228
   -7.5000    7.5000    7.500015517.1113   21.6609
    0.0000    7.5000    7.500016050.6338   21.6367
    7.5000    7.5000    7.500015491.2939   21.6183
   -7.5000   15.0000    7.500014646.9355   21.6522
    0.0000   15.0000    7.500015208.6201   21.6266
    7.5000   15.0000    7.500014601.5205   21.6065
   -7.5000   22.5000    7.500013640.1973   21.6467
    0.0000   22.5000    7.500014195.5225   21.6188
    7.5000   22.5000    7.500013577.8857   21.5940
   -7.5000   30.0000    7.500012568.7900   21.3863
    0.0000   30.0000    7.500013054.3203   21.3585
    7.5000   30.0000    7.500012462.0889   21.3322
   -7.5000   37.5000    7.500011808.1289   21.3879
    0.0000   37.5000    7.500012276.6279   21.3621
    7.5000   37.5000    7.500011719.8604   21.3392
   -7.5000   45.0000    7.500010648.9043   20.8950
    0.0000   45.0000    7.500011088.7188   20.8714
    7.5000   45.0000    7.500010593.2500   20.8522
   -7.5000  -45.0000   15.000010933.0469   21.7927
    0.0000  -45.0000   15.000011472.6045   21.7681
    7.5000  -45.0000   15.000011003.6074   21.7701
   -7.5000  -37.5000   15.000011510.1768   21.7358
    0.0000  -37.5000   15.000012031.5430   21.7110
    7.5000  -37.5000   15.000011557.2900   21.7084
   -7.5000  -30.0000   15.000012442.0498   21.7068
    0.0000  -30.0000   15.000012975.1748   21.6802
    7.5000  -30.0000   15.000012468.3564   21.6736
   -7.5000  -22.5000   15.000013316.4746   21.7174
    0.0000  -22.5000   15.000013879.9531   21.6890
    7.5000  -22.5000   15.000013322.0938   21.6807
   -7.5000  -15.0000   15.000014118.8633   21.7343
    0.0000  -15.0000   15.000014642.0928   21.7059
    7.5000  -15.0000   15.000014078.8955   21.7013
   -7.5000   -7.5000   15.000014902.7119   21.7375
    0.0000   -7.5000   15.000015485.7393   21.7114
    7.5000   -7.5000   15.000014875.4521   21.7130
   -7.5000    0.0000   15.000015524.4316   21.7323
    0.0000    0.0000   15.000016238.4160   21.7075
    7.5000    0.0000   15.000015528.0879   21.7093
   -7.5000    7.5000   15.000014822.9883   21.7181
    0.0000    7.5000   15.000015524.8701   21.6930
    7.5000    7.5000   15.000014826.4238   21.6903
   -7.5000   15.0000   15.000013964.3525   21.7065
    0.0000   15.0000   15.000014579.6699   21.6800
    7.5000   15.0000   15.000013919.5488   21.6733
   -7.5000   22.5000   15.000012995.3975   21.7074
    0.0000   22.5000   15.000013535.9023   21.6790
    7.5000   22.5000   15.000012942.4121   21.6707
   -7.5000   30.0000   15.000011951.4531   21.4530
    0.0000   30.0000   15.000012413.0186   21.4250
    7.5000   30.0000   15.000011880.3145   21.4205
   -7.5000   37.5000   15.000011213.2637   21.4562
    0.0000   37.5000   15.000011633.8906   21.4304
    7.5000   37.5000   15.000011131.0508   21.4320
   -7.5000   45.0000   15.000010108.3555   20.9581
    0.0000   45.0000   15.000010492.4971   20.9343
    7.5000   45.0000   15.000010037.5049   20.9359
   -7.5000  -45.0000   22.500010227.1221   21.8755
    0.0000  -45.0000   22.500010755.3418   21.8628
    7.5000  -45.0000   22.500010317.6855   21.8804
   -7.5000  -37.5000   22.500010793.1436   21.8139
    0.0000  -37.5000   22.500011317.6191   21.8016
    7.5000  -37.5000   22.500010851.2930   21.8134
   -7.5000  -30.0000   22.500011717.6416   21.7801
    0.0000  -30.0000   22.500012266.1572   21.7667
    7.5000  -30.0000   22.500011772.0166   21.7756
   -7.5000  -22.5000   22.500012557.8047   21.7911
    0.0000  -22.5000   22.500013133.1250   21.7745
    7.5000  -22.5000   22.500012598.7510   21.7834
   -7.5000  -15.0000   22.500013326.9053   21.8118
    0.0000  -15.0000   22.500013886.3857   21.7944
    7.5000  -15.0000   22.500013332.4658   21.8078
   -7.5000   -7.5000   22.500014055.0518   21.8199
    0.0000   -7.5000   22.500014646.5508   21.8052
    7.5000   -7.5000   22.500014040.6875   21.8243
   -7.5000    0.0000   22.500014650.0859   21.8152
    0.0000    0.0000   22.500015287.8242   21.8023
    7.5000    0.0000   22.500014650.6182   21.8196
   -7.5000    7.5000   22.500014013.2822   21.7960
    0.0000    7.5000   22.500014624.1299   21.7835
    7.5000    7.5000   22.500014034.9023   21.7951
   -7.5000   15.0000   22.500013190.4541   21.7798
    0.0000   15.0000   22.500013738.9795   21.7664
    7.5000   15.0000   22.500013175.0264   21.7753
   -7.5000   22.5000   22.500012280.0771   21.7811
    0.0000   22.5000   22.500012775.5635   21.7644
    7.5000   22.5000   22.500012239.1572   21.7734
   -7.5000   30.0000   22.500011282.7061   21.5295
    0.0000   30.0000   22.500011741.9990   21.5124
    7.5000   30.0000   22.500011233.8701   21.5256
   -7.5000   37.5000   22.500010556.5830   21.5376
    0.0000   37.5000   22.500010989.0303   21.5230
    7.5000   37.5000   22.500010519.8652   21.5418
   -7.5000   45.0000   22.5000 9488.9316   21.0373
    0.0000   45.0000   22.5000 9894.5586   21.0249
    7.5000   45.0000   22.5000 9457.6836   21.0414
   -7.5000  -45.0000   30.0000 9432.4580   21.9731
    0.0000  -45.0000   30.0000 9953.8945   21.9725
    7.5000  -45.0000   30.0000 9558.5586   21.9857
   -7.5000  -37.5000   30.0000 9986.6738   21.9155
    0.0000  -37.5000   30.000010532.3740   21.9162
    7.5000  -37.5000   30.000010096.5166   21.9270
   -7.5000  -30.0000   30.000010854.8359   21.8797
    0.0000  -30.0000   30.000011440.3730   21.8802
    7.5000  -30.0000   30.000010958.8760   21.8918
   -7.5000  -22.5000   30.000011639.2158   21.8826
    0.0000  -22.5000   30.000012238.6826   21.8793
    7.5000  -22.5000   30.000011715.6318   21.8908
   -7.5000  -15.0000   30.000012347.6523   21.8989
    0.0000  -15.0000   30.000012927.7129   21.8941
    7.5000  -15.0000   30.000012381.3662   21.9068
   -7.5000   -7.5000   30.000012999.3174   21.9110
    0.0000   -7.5000   30.000013604.0225   21.9084
    7.5000   -7.5000   30.000013027.5664   21.9234
   -7.5000    0.0000   30.000013552.3643   21.9129
    0.0000    0.0000   30.000014158.4404   21.9120
    7.5000    0.0000   30.000013573.3076   21.9249
   -7.5000    7.5000   30.000013007.8379   21.8977
    0.0000    7.5000   30.000013565.6787   21.8983
    7.5000    7.5000   30.000013023.2861   21.9089
   -7.5000   15.0000   30.000012289.5342   21.8795
    0.0000   15.0000   30.000012803.5049   21.8799
    7.5000   15.0000   30.000012283.8154   21.8915
   -7.5000   22.5000   30.000011422.3965   21.8725
    0.0000   22.5000   30.000011901.1133   21.8692
    7.5000   22.5000   30.000011404.6514   21.8807
   -7.5000   30.0000   30.000010463.8428   21.6155
    0.0000   30.0000   30.000010901.2178   21.6107
    7.5000   30.0000   30.000010428.9893   21.6233
   -7.5000   37.5000   30.0000 9804.2285   21.6274
    0.0000   37.5000   30.000010203.4834   21.6249
    7.5000   37.5000   30.0000 9759.9307   21.6397
   -7.5000   45.0000   30.0000 8813.7373   21.1305
    0.0000   45.0000   30.0000 9188.8379   21.1296
    7.5000   45.0000   30.0000 8774.5957   21.1420
   -7.5000  -45.0000   37.5000 9011.8105   22.2761
    0.0000  -45.0000   37.5000 9515.8916   22.2749
    7.5000  -45.0000   37.5000 9142.5322   22.2643
   -7.5000  -37.5000   37.5000 9532.5254   22.2262
    0.0000  -37.5000   37.500010061.4258   22.2261
    7.5000  -37.5000   37.5000 9653.8799   22.2187
   -7.5000  -30.0000   37.500010369.1514   22.1899
    0.0000  -30.0000   37.500010954.1270   22.1894
    7.5000  -30.0000   37.500010487.2988   22.1860
   -7.5000  -22.5000   37.500011128.0156   22.1815
    0.0000  -22.5000   37.500011744.4609   22.1776
    7.5000  -22.5000   37.500011226.9336   22.1723
   -7.5000  -15.0000   37.500011813.1475   22.1896
    0.0000  -15.0000   37.500012428.2168   22.1846
    7.5000  -15.0000   37.500011880.6973   22.1754
   -7.5000   -7.5000   37.500012418.6016   22.2033
    0.0000   -7.5000   37.500013023.5537   22.2005
    7.5000   -7.5000   37.500012456.4619   22.1901
   -7.5000    0.0000   37.500012929.1787   22.2139
    0.0000    0.0000   37.500013530.6484   22.2125
    7.5000    0.0000   37.500012957.8320   22.2019
   -7.5000    7.5000   37.500012439.0723   22.2082
    0.0000    7.5000   37.500012992.3652   22.2081
    7.5000    7.5000   37.500012463.8682   22.2005
   -7.5000   15.0000   37.500011796.6172   22.1896
    0.0000   15.0000   37.500012320.8730   22.1892
    7.5000   15.0000   37.500011816.9277   22.1857
   -7.5000   22.5000   37.500010959.6357   22.1713
    0.0000   22.5000   37.500011436.2354   22.1674
    7.5000   22.5000   37.500010963.1826   22.1621
   -7.5000   30.0000   37.500010049.0078   21.9024
    0.0000   30.0000   37.500010482.0098   21.8975
    7.5000   30.0000   37.500010022.5820   21.8884
   -7.5000   37.5000   37.5000 9404.4922   21.9160
    0.0000   37.5000   37.5000 9807.9102   21.9132
    7.5000   37.5000   37.5000 9377.7100   21.9030
   -7.5000   45.0000   37.5000 8471.2979   21.4209
    0.0000   45.0000   37.5000 8844.6201   21.4195
    7.5000   45.0000   37.5000 8450.1719   21.4091
   -7.5000  -45.0000   45.0000 8197.7705   22.6754
    0.0000  -45.0000   45.0000 8649.6357   22.6644
    7.5000  -45.0000   45.0000 8320.8545   22.6367
   -7.5000  -37.5000   45.0000 8681.7881   22.6260
    0.0000  -37.5000   45.0000 9176.2764   22.6163
    7.5000  -37.5000   45.0000 8790.7227   22.5939
   -7.5000  -30.0000   45.0000 9435.9121   22.5939
    0.0000  -30.0000   45.000010008.1611   22.5833
    7.5000  -30.0000   45.0000 9583.1865   22.5633
   -7.5000  -22.5000   45.000010148.9521   22.5875
    0.0000  -22.5000   45.000010747.9717   22.5740
    7.5000  -22.5000   45.000010273.1211   22.5493
   -7.5000  -15.0000   45.000010784.2822   22.5936
    0.0000  -15.0000   45.000011383.0225   22.5792
    7.5000  -15.0000   45.000010874.2646   22.5490
   -7.5000   -7.5000   45.000011341.6279   22.6020
    0.0000   -7.5000   45.000011929.6211   22.5893
    7.5000   -7.5000   45.000011400.3867   22.5588
   -7.5000    0.0000   45.000011807.6348   22.6097
    0.0000    0.0000   45.000012373.3965   22.5986
    7.5000    0.0000   45.000011845.3574   22.5710
   -7.5000    7.5000   45.000011394.9873   22.6074
    0.0000    7.5000   45.000011894.3027   22.5976
    7.5000    7.5000   45.000011410.0947   22.5750
   -7.5000   15.0000   45.000010841.4746   22.5937
    0.0000   15.0000   45.000011306.1523   22.5830
    7.5000   15.0000   45.000010847.2549   22.5631
   -7.5000   22.5000   45.000010087.4766   22.5770
    0.0000   22.5000   45.000010519.1465   22.5636
    7.5000   22.5000   45.000010103.3408   22.5389
   -7.5000   30.0000   45.0000 9231.7158   22.2992
    0.0000   30.0000   45.0000 9640.5244   22.2850
    7.5000   30.0000   45.0000 9224.6787   22.2553
   -7.5000   37.5000   45.0000 8650.7002   22.3076
    0.0000   37.5000   45.0000 9030.5381   22.2950
    7.5000   37.5000   45.0000 8633.5195   22.2649
   -7.5000   45.0000   45.0000 7797.1572   21.8135
    0.0000   45.0000   45.0000 8153.2202   21.8027
    7.5000   45.0000   45.0000 7784.5225   21.7760

---------------------------------------------------------------------
imgreg_4dfp /opt/freesurfer/average/711-2C_as_mni_average_305 /opt/freesurfer/average/711-2B_as_mni_average_305_mask talsrcimg_g11 none talsrcimg_to_711-2C_as_mni_average_305_t4 4355
---------------------------------------------------------------------

freesurfer imgreg_4dfp.c
/opt/freesurfer/average/711-2C_as_mni_average_305.4dfp.img
       256       256       256         1
  1.000000  1.000000  1.000000
orientation T byte_order littleendian
Reading image: /opt/freesurfer/average/711-2C_as_mni_average_305.4dfp.img
dimensions:      256       256       256
mmppix:       1.0000   -1.0000   -1.0000
center:     128.0000 -129.0000 -129.0000
/opt/freesurfer/average/711-2B_as_mni_average_305_mask.4dfp.img
       256       256       256         1
  1.000000  1.000000  1.000000
orientation T byte_order littleendian
Reading mask: /opt/freesurfer/average/711-2B_as_mni_average_305_mask.4dfp.img (2306576 pixels)
talsrcimg_g11.4dfp.img
       256       256       256         1
  1.000000  1.000000  1.000000
orientation T byte_order littleendian
Reading image: talsrcimg_g11.4dfp.img
dimensions:      256       256       256
mmppix:       1.0000   -1.0000   -1.0000
center:     128.0000 -129.0000 -129.0000
rotation matrix determinant  1.000000
image alignment mode   4355 decimal     1103 hex
   -7.5000  -45.0000  -45.0000 2118.9338   19.5489
    0.0000  -45.0000  -45.0000 2140.7114   19.3633
    7.5000  -45.0000  -45.0000 2131.9963   19.3710
   -7.5000  -37.5000  -45.0000 2214.6938   18.0626
    0.0000  -37.5000  -45.0000 2238.8069   17.8885
    7.5000  -37.5000  -45.0000 2228.4211   17.9234
   -7.5000  -30.0000  -45.0000 2277.1067   16.9857
    0.0000  -30.0000  -45.0000 2301.2395   16.8307
    7.5000  -30.0000  -45.0000 2290.6943   16.8642
   -7.5000  -22.5000  -45.0000 2315.2776   16.2914
    0.0000  -22.5000  -45.0000 2344.0376   16.1456
    7.5000  -22.5000  -45.0000 2334.3406   16.1611
   -7.5000  -15.0000  -45.0000 2327.5361   15.9865
    0.0000  -15.0000  -45.0000 2357.0974   15.7719
    7.5000  -15.0000  -45.0000 2347.1816   15.7960
   -7.5000   -7.5000  -45.0000 2326.3342   15.9388
    0.0000   -7.5000  -45.0000 2353.8872   15.7076
    7.5000   -7.5000  -45.0000 2341.0347   15.7263
   -7.5000    0.0000  -45.0000 2307.2495   16.1408
    0.0000    0.0000  -45.0000 2338.8777   15.9137
    7.5000    0.0000  -45.0000 2320.8875   15.9358
   -7.5000    7.5000  -45.0000 2263.5447   16.7144
    0.0000    7.5000  -45.0000 2291.6699   16.4870
    7.5000    7.5000  -45.0000 2279.0300   16.5250
   -7.5000   15.0000  -45.0000 2200.2227   17.6555
    0.0000   15.0000  -45.0000 2228.0928   17.3951
    7.5000   15.0000  -45.0000 2214.6155   17.4513
   -7.5000   22.5000  -45.0000 2117.3640   19.0097
    0.0000   22.5000  -45.0000 2144.0925   18.7196
    7.5000   22.5000  -45.0000 2130.2886   18.7766
   -7.5000   30.0000  -45.0000 2014.0327   20.7990
    0.0000   30.0000  -45.0000 2037.3948   20.4810
    7.5000   30.0000  -45.0000 2026.8199   20.5692
   -7.5000   37.5000  -45.0000 1901.0649   23.3469
    0.0000   37.5000  -45.0000 1918.5463   22.9937
    7.5000   37.5000  -45.0000 1905.3459   23.0763
   -7.5000   45.0000  -45.0000 1777.0070   26.8212
    0.0000   45.0000  -45.0000 1800.7118   26.4530
    7.5000   45.0000  -45.0000 1782.2830   26.4893
   -7.5000  -45.0000  -37.5000 2194.1067   18.2566
    0.0000  -45.0000  -37.5000 2217.2681   18.1011
    7.5000  -45.0000  -37.5000 2211.2986   18.1328
   -7.5000  -37.5000  -37.5000 2297.6255   16.7941
    0.0000  -37.5000  -37.5000 2325.3455   16.6508
    7.5000  -37.5000  -37.5000 2316.3806   16.6744
   -7.5000  -30.0000  -37.5000 2366.1477   15.7795
    0.0000  -30.0000  -37.5000 2395.8826   15.6442
    7.5000  -30.0000  -37.5000 2382.5232   15.6364
   -7.5000  -22.5000  -37.5000 2411.4744   15.1583
    0.0000  -22.5000  -37.5000 2439.5383   15.0278
    7.5000  -22.5000  -37.5000 2425.3884   15.0157
   -7.5000  -15.0000  -37.5000 2427.6882   14.8687
    0.0000  -15.0000  -37.5000 2455.9160   14.7104
    7.5000  -15.0000  -37.5000 2443.1963   14.7070
   -7.5000   -7.5000  -37.5000 2419.3167   14.8355
    0.0000   -7.5000  -37.5000 2450.3640   14.6407
    7.5000   -7.5000  -37.5000 2437.6863   14.6705
   -7.5000    0.0000  -37.5000 2401.4329   15.0305
    0.0000    0.0000  -37.5000 2432.7917   14.8204
    7.5000    0.0000  -37.5000 2421.4065   14.8642
   -7.5000    7.5000  -37.5000 2362.5879   15.5243
    0.0000    7.5000  -37.5000 2390.4060   15.3166
    7.5000    7.5000  -37.5000 2378.7002   15.3279
   -7.5000   15.0000  -37.5000 2296.1025   16.3672
    0.0000   15.0000  -37.5000 2326.9922   16.0975
    7.5000   15.0000  -37.5000 2312.6360   16.1319
   -7.5000   22.5000  -37.5000 2207.4773   17.5468
    0.0000   22.5000  -37.5000 2234.4578   17.2971
    7.5000   22.5000  -37.5000 2218.8611   17.3238
   -7.5000   30.0000  -37.5000 2097.0503   19.1627
    0.0000   30.0000  -37.5000 2120.6501   18.8886
    7.5000   30.0000  -37.5000 2106.1519   18.9356
   -7.5000   37.5000  -37.5000 1974.1561   21.3727
    0.0000   37.5000  -37.5000 1989.3923   21.0822
    7.5000   37.5000  -37.5000 1979.7787   21.1490
   -7.5000   45.0000  -37.5000 1844.1171   24.5313
    0.0000   45.0000  -37.5000 1871.2209   24.1663
    7.5000   45.0000  -37.5000 1854.2461   24.2618
   -7.5000  -45.0000  -30.0000 2303.8499   17.7839
    0.0000  -45.0000  -30.0000 2329.7485   17.6381
    7.5000  -45.0000  -30.0000 2320.0815   17.6466
   -7.5000  -37.5000  -30.0000 2416.2224   16.2561
    0.0000  -37.5000  -30.0000 2442.5513   16.1428
    7.5000  -37.5000  -30.0000 2430.1865   16.1582
   -7.5000  -30.0000  -30.0000 2494.9155   15.2185
    0.0000  -30.0000  -30.0000 2525.8674   15.0758
    7.5000  -30.0000  -30.0000 2510.9958   15.0881
   -7.5000  -22.5000  -30.0000 2547.0464   14.6010
    0.0000  -22.5000  -30.0000 2579.7131   14.4506
    7.5000  -22.5000  -30.0000 2563.6294   14.4635
   -7.5000  -15.0000  -30.0000 2574.5239   14.3038
    0.0000  -15.0000  -30.0000 2606.0176   14.1735
    7.5000  -15.0000  -30.0000 2589.1011   14.1615
   -7.5000   -7.5000  -30.0000 2569.3750   14.3358
    0.0000   -7.5000  -30.0000 2599.2024   14.1968
    7.5000   -7.5000  -30.0000 2581.9890   14.2090
   -7.5000    0.0000  -30.0000 2542.3555   14.5441
    0.0000    0.0000  -30.0000 2581.2791   14.3704
    7.5000    0.0000  -30.0000 2562.9897   14.4052
   -7.5000    7.5000  -30.0000 2501.4033   15.0184
    0.0000    7.5000  -30.0000 2538.4734   14.8411
    7.5000    7.5000  -30.0000 2523.0798   14.8676
   -7.5000   15.0000  -30.0000 2433.2090   15.7851
    0.0000   15.0000  -30.0000 2468.0369   15.5809
    7.5000   15.0000  -30.0000 2451.3284   15.6078
   -7.5000   22.5000  -30.0000 2339.0022   16.8823
    0.0000   22.5000  -30.0000 2369.7410   16.6385
    7.5000   22.5000  -30.0000 2351.5488   16.7136
   -7.5000   30.0000  -30.0000 2219.9534   18.4061
    0.0000   30.0000  -30.0000 2242.7915   18.1456
    7.5000   30.0000  -30.0000 2228.2776   18.2189
   -7.5000   37.5000  -30.0000 2083.7061   20.5223
    0.0000   37.5000  -30.0000 2103.5481   20.2391
    7.5000   37.5000  -30.0000 2090.3450   20.2802
   -7.5000   45.0000  -30.0000 1946.6071   23.4331
    0.0000   45.0000  -30.0000 1966.0690   23.1067
    7.5000   45.0000  -30.0000 1951.4659   23.1454
   -7.5000  -45.0000  -22.5000 2378.8965   17.2358
    0.0000  -45.0000  -22.5000 2405.5393   17.0512
    7.5000  -45.0000  -22.5000 2397.1101   17.0926
   -7.5000  -37.5000  -22.5000 2490.4995   15.7115
    0.0000  -37.5000  -22.5000 2518.4685   15.5356
    7.5000  -37.5000  -22.5000 2505.8501   15.5698
   -7.5000  -30.0000  -22.5000 2586.9785   14.6369
    0.0000  -30.0000  -22.5000 2622.0488   14.4781
    7.5000  -30.0000  -22.5000 2606.3350   14.4901
   -7.5000  -22.5000  -22.5000 2653.9983   13.9947
    0.0000  -22.5000  -22.5000 2688.7002   13.8398
    7.5000  -22.5000  -22.5000 2672.5291   13.8564
   -7.5000  -15.0000  -22.5000 2689.9949   13.6826
    0.0000  -15.0000  -22.5000 2723.6472   13.5474
    7.5000  -15.0000  -22.5000 2704.9546   13.5629
   -7.5000   -7.5000  -22.5000 2688.1970   13.7236
    0.0000   -7.5000  -22.5000 2723.3311   13.6337
    7.5000   -7.5000  -22.5000 2704.9966   13.6421
   -7.5000    0.0000  -22.5000 2665.9846   13.9804
    0.0000    0.0000  -22.5000 2705.8538   13.8694
    7.5000    0.0000  -22.5000 2685.7190   13.9005
   -7.5000    7.5000  -22.5000 2620.5132   14.4559
    0.0000    7.5000  -22.5000 2662.1765   14.3170
    7.5000    7.5000  -22.5000 2641.0979   14.3434
   -7.5000   15.0000  -22.5000 2543.5103   15.1865
    0.0000   15.0000  -22.5000 2583.4026   15.0058
    7.5000   15.0000  -22.5000 2563.5959   15.0382
   -7.5000   22.5000  -22.5000 2440.4023   16.2253
    0.0000   22.5000  -22.5000 2476.3503   15.9942
    7.5000   22.5000  -22.5000 2455.2615   16.0605
   -7.5000   30.0000  -22.5000 2313.0842   17.6726
    0.0000   30.0000  -22.5000 2338.1357   17.4093
    7.5000   30.0000  -22.5000 2321.9846   17.5209
   -7.5000   37.5000  -22.5000 2169.8740   19.7002
    0.0000   37.5000  -22.5000 2194.6733   19.4326
    7.5000   37.5000  -22.5000 2177.3706   19.5102
   -7.5000   45.0000  -22.5000 2025.9919   22.4892
    0.0000   45.0000  -22.5000 2043.8744   22.1713
    7.5000   45.0000  -22.5000 2027.4146   22.2407
   -7.5000  -45.0000  -15.0000 2414.5557   16.7495
    0.0000  -45.0000  -15.0000 2440.4048   16.4593
    7.5000  -45.0000  -15.0000 2434.8542   16.5333
   -7.5000  -37.5000  -15.0000 2535.3032   15.2175
    0.0000  -37.5000  -15.0000 2564.1421   14.9875
    7.5000  -37.5000  -15.0000 2557.3806   15.0339
   -7.5000  -30.0000  -15.0000 2643.9807   14.1388
    0.0000  -30.0000  -15.0000 2681.5002   13.9442
    7.5000  -30.0000  -15.0000 2668.7646   13.9889
   -7.5000  -22.5000  -15.0000 2725.2817   13.4938
    0.0000  -22.5000  -15.0000 2761.2104   13.2678
    7.5000  -22.5000  -15.0000 2747.0603   13.3245
   -7.5000  -15.0000  -15.0000 2771.9949   13.1068
    0.0000  -15.0000  -15.0000 2813.7354   12.9324
    7.5000  -15.0000  -15.0000 2791.4507   12.9753
   -7.5000   -7.5000  -15.0000 2776.4846   13.1714
    0.0000   -7.5000  -15.0000 2821.0940   13.0262
    7.5000   -7.5000  -15.0000 2796.8628   13.0755
   -7.5000    0.0000  -15.0000 2759.8469   13.4704
    0.0000    0.0000  -15.0000 2808.6079   13.3442
    7.5000    0.0000  -15.0000 2781.3318   13.3791
   -7.5000    7.5000  -15.0000 2710.9324   13.9581
    0.0000    7.5000  -15.0000 2761.7024   13.8197
    7.5000    7.5000  -15.0000 2732.3774   13.8523
   -7.5000   15.0000  -15.0000 2625.8176   14.6539
    0.0000   15.0000  -15.0000 2670.5002   14.4517
    7.5000   15.0000  -15.0000 2643.9512   14.5163
   -7.5000   22.5000  -15.0000 2513.1509   15.6556
    0.0000   22.5000  -15.0000 2549.6836   15.4173
    7.5000   22.5000  -15.0000 2526.5649   15.5049
   -7.5000   30.0000  -15.0000 2376.7473   17.0601
    0.0000   30.0000  -15.0000 2407.7412   16.8051
    7.5000   30.0000  -15.0000 2388.7393   16.9003
   -7.5000   37.5000  -15.0000 2229.8992   18.9988
    0.0000   37.5000  -15.0000 2255.7634   18.7406
    7.5000   37.5000  -15.0000 2238.6465   18.8338
   -7.5000   45.0000  -15.0000 2073.1362   21.6364
    0.0000   45.0000  -15.0000 2094.5986   21.3172
    7.5000   45.0000  -15.0000 2085.6445   21.4242
   -7.5000  -45.0000   -7.5000 2435.5366   16.3192
    0.0000  -45.0000   -7.5000 2463.9553   15.9918
    7.5000  -45.0000   -7.5000 2457.8613   16.0530
   -7.5000  -37.5000   -7.5000 2561.7983   14.8350
    0.0000  -37.5000   -7.5000 2596.8403   14.5340
    7.5000  -37.5000   -7.5000 2588.4082   14.5773
   -7.5000  -30.0000   -7.5000 2683.2837   13.7616
    0.0000  -30.0000   -7.5000 2717.9507   13.4579
    7.5000  -30.0000   -7.5000 2707.7109   13.5287
   -7.5000  -22.5000   -7.5000 2772.6880   13.0744
    0.0000  -22.5000   -7.5000 2816.9492   12.7633
    7.5000  -22.5000   -7.5000 2797.8762   12.8540
   -7.5000  -15.0000   -7.5000 2826.1277   12.6917
    0.0000  -15.0000   -7.5000 2884.9023   12.3576
    7.5000  -15.0000   -7.5000 2857.2856   12.4888
   -7.5000   -7.5000   -7.5000 2849.4822   12.6727
    0.0000   -7.5000   -7.5000 2906.1719   12.3868
    7.5000   -7.5000   -7.5000 2878.7966   12.4993
   -7.5000    0.0000   -7.5000 2823.8843   12.9941
    0.0000    0.0000   -7.5000 2883.1990   12.7413
    7.5000    0.0000   -7.5000 2851.4812   12.8343
   -7.5000    7.5000   -7.5000 2768.5381   13.4897
    0.0000    7.5000   -7.5000 2823.9595   13.2383
    7.5000    7.5000   -7.5000 2791.7314   13.3318
   -7.5000   15.0000   -7.5000 2675.2751   14.1885
    0.0000   15.0000   -7.5000 2721.4888   13.9472
    7.5000   15.0000   -7.5000 2694.1255   14.0446
   -7.5000   22.5000   -7.5000 2551.0928   15.1624
    0.0000   22.5000   -7.5000 2591.4421   14.9145
    7.5000   22.5000   -7.5000 2566.4651   15.0137
   -7.5000   30.0000   -7.5000 2409.6304   16.5254
    0.0000   30.0000   -7.5000 2437.1738   16.2430
    7.5000   30.0000   -7.5000 2420.0828   16.3360
   -7.5000   37.5000   -7.5000 2263.1265   18.3635
    0.0000   37.5000   -7.5000 2290.2134   18.0720
    7.5000   37.5000   -7.5000 2272.7344   18.1832
   -7.5000   45.0000   -7.5000 2103.6213   20.9138
    0.0000   45.0000   -7.5000 2130.1453   20.5814
    7.5000   45.0000   -7.5000 2112.9209   20.6757
   -7.5000  -45.0000    0.0000 2434.8391   16.1873
    0.0000  -45.0000    0.0000 2460.3918   15.7508
    7.5000  -45.0000    0.0000 2457.5154   15.8508
   -7.5000  -37.5000    0.0000 2565.9160   14.6623
    0.0000  -37.5000    0.0000 2599.7688   14.2478
    7.5000  -37.5000    0.0000 2591.9961   14.3564
   -7.5000  -30.0000    0.0000 2692.5952   13.5685
    0.0000  -30.0000    0.0000 2727.5459   13.1688
    7.5000  -30.0000    0.0000 2717.8137   13.2621
   -7.5000  -22.5000    0.0000 2798.1868   12.8619
    0.0000  -22.5000    0.0000 2839.7747   12.4908
    7.5000  -22.5000    0.0000 2827.3120   12.5837
   -7.5000  -15.0000    0.0000 2859.8562   12.4890
    0.0000  -15.0000    0.0000 2918.9197   12.0957
    7.5000  -15.0000    0.0000 2893.5330   12.2181
   -7.5000   -7.5000    0.0000 2890.0146   12.3984
    0.0000   -7.5000    0.0000 2954.5950   11.9944
    7.5000   -7.5000    0.0000 2923.0696   12.1603
   -7.5000    0.0000    0.0000 2861.8838   12.6695
    0.0000    0.0000    0.0000 2921.7861   12.2892
    7.5000    0.0000    0.0000 2893.6445   12.4536
   -7.5000    7.5000    0.0000 2793.9307   13.1874
    0.0000    7.5000    0.0000 2840.6667   12.8615
    7.5000    7.5000    0.0000 2819.1511   12.9894
   -7.5000   15.0000    0.0000 2693.2864   13.8977
    0.0000   15.0000    0.0000 2733.9766   13.6204
    7.5000   15.0000    0.0000 2714.6262   13.7225
   -7.5000   22.5000    0.0000 2562.9138   14.9010
    0.0000   22.5000    0.0000 2602.0288   14.6521
    7.5000   22.5000    0.0000 2575.9768   14.7340
   -7.5000   30.0000    0.0000 2419.6223   16.2644
    0.0000   30.0000    0.0000 2450.1038   16.0151
    7.5000   30.0000    0.0000 2427.6641   16.0353
   -7.5000   37.5000    0.0000 2269.1553   18.0827
    0.0000   37.5000    0.0000 2294.9453   17.8163
    7.5000   37.5000    0.0000 2281.7700   17.8178
   -7.5000   45.0000    0.0000 2110.5820   20.5249
    0.0000   45.0000    0.0000 2133.2932   20.2419
    7.5000   45.0000    0.0000 2121.4016   20.2440
   -7.5000  -45.0000    7.5000 2414.7134   16.3021
    0.0000  -45.0000    7.5000 2444.0239   15.8094
    7.5000  -45.0000    7.5000 2440.3296   15.9281
   -7.5000  -37.5000    7.5000 2544.6169   14.7310
    0.0000  -37.5000    7.5000 2580.5596   14.2718
    7.5000  -37.5000    7.5000 2574.6860   14.3846
   -7.5000  -30.0000    7.5000 2671.8359   13.6098
    0.0000  -30.0000    7.5000 2708.4399   13.1533
    7.5000  -30.0000    7.5000 2701.7046   13.2677
   -7.5000  -22.5000    7.5000 2783.9153   12.9029
    0.0000  -22.5000    7.5000 2828.4265   12.4367
    7.5000  -22.5000    7.5000 2818.2788   12.5715
   -7.5000  -15.0000    7.5000 2857.4011   12.5312
    0.0000  -15.0000    7.5000 2914.1130   12.0924
    7.5000  -15.0000    7.5000 2895.3687   12.2150
   -7.5000   -7.5000    7.5000 2891.7292   12.4670
    0.0000   -7.5000    7.5000 2954.7227   12.0353
    7.5000   -7.5000    7.5000 2928.1084   12.1815
   -7.5000    0.0000    7.5000 2867.8420   12.7091
    0.0000    0.0000    7.5000 2931.5308   12.3307
    7.5000    0.0000    7.5000 2904.8394   12.4527
   -7.5000    7.5000    7.5000 2793.1345   13.1483
    0.0000    7.5000    7.5000 2843.6746   12.8213
    7.5000    7.5000    7.5000 2822.8396   12.8972
   -7.5000   15.0000    7.5000 2689.6243   13.8444
    0.0000   15.0000    7.5000 2734.6643   13.5580
    7.5000   15.0000    7.5000 2711.5056   13.6008
   -7.5000   22.5000    7.5000 2557.3474   14.8911
    0.0000   22.5000    7.5000 2594.1394   14.6087
    7.5000   22.5000    7.5000 2571.4309   14.6545
   -7.5000   30.0000    7.5000 2408.4998   16.2963
    0.0000   30.0000    7.5000 2433.4006   16.0175
    7.5000   30.0000    7.5000 2416.6157   16.0481
   -7.5000   37.5000    7.5000 2257.3320   18.0765
    0.0000   37.5000    7.5000 2280.3777   17.8085
    7.5000   37.5000    7.5000 2267.9526   17.8122
   -7.5000   45.0000    7.5000 2096.0703   20.4474
    0.0000   45.0000    7.5000 2119.0234   20.1456
    7.5000   45.0000    7.5000 2106.9856   20.1781
   -7.5000  -45.0000   15.0000 2381.5791   16.6807
    0.0000  -45.0000   15.0000 2419.3320   16.1630
    7.5000  -45.0000   15.0000 2410.4893   16.2893
   -7.5000  -37.5000   15.0000 2510.2161   15.0805
    0.0000  -37.5000   15.0000 2548.2107   14.5958
    7.5000  -37.5000   15.0000 2542.2124   14.7042
   -7.5000  -30.0000   15.0000 2631.2793   13.9228
    0.0000  -30.0000   15.0000 2671.2625   13.4512
    7.5000  -30.0000   15.0000 2661.3103   13.5611
   -7.5000  -22.5000   15.0000 2740.3364   13.1926
    0.0000  -22.5000   15.0000 2784.5237   12.7559
    7.5000  -22.5000   15.0000 2770.5803   12.8584
   -7.5000  -15.0000   15.0000 2818.8672   12.7972
    0.0000  -15.0000   15.0000 2868.5996   12.3928
    7.5000  -15.0000   15.0000 2849.1008   12.4917
   -7.5000   -7.5000   15.0000 2855.7461   12.7561
    0.0000   -7.5000   15.0000 2911.2319   12.3615
    7.5000   -7.5000   15.0000 2886.5134   12.4799
   -7.5000    0.0000   15.0000 2835.9885   12.9413
    0.0000    0.0000   15.0000 2895.1975   12.6379
    7.5000    0.0000   15.0000 2869.0723   12.6998
   -7.5000    7.5000   15.0000 2755.0037   13.3577
    0.0000    7.5000   15.0000 2805.8501   13.0762
    7.5000    7.5000   15.0000 2784.3503   13.1142
   -7.5000   15.0000   15.0000 2650.4954   14.0569
    0.0000   15.0000   15.0000 2688.7122   13.7592
    7.5000   15.0000   15.0000 2670.9219   13.7904
   -7.5000   22.5000   15.0000 2530.1721   15.1048
    0.0000   22.5000   15.0000 2563.0742   14.7609
    7.5000   22.5000   15.0000 2545.1094   14.8091
   -7.5000   30.0000   15.0000 2384.0635   16.4997
    0.0000   30.0000   15.0000 2413.2043   16.1627
    7.5000   30.0000   15.0000 2397.5925   16.1979
   -7.5000   37.5000   15.0000 2232.5840   18.2965
    0.0000   37.5000   15.0000 2255.3889   18.0009
    7.5000   37.5000   15.0000 2243.6399   18.0068
   -7.5000   45.0000   15.0000 2070.5159   20.6412
    0.0000   45.0000   15.0000 2091.7515   20.3141
    7.5000   45.0000   15.0000 2085.1006   20.3009
   -7.5000  -45.0000   22.5000 2343.8599   17.2900
    0.0000  -45.0000   22.5000 2380.6106   16.8308
    7.5000  -45.0000   22.5000 2373.4746   16.9431
   -7.5000  -37.5000   22.5000 2468.4548   15.6787
    0.0000  -37.5000   22.5000 2504.9272   15.2268
    7.5000  -37.5000   22.5000 2496.5876   15.3160
   -7.5000  -30.0000   22.5000 2583.6736   14.4892
    0.0000  -30.0000   22.5000 2620.7439   14.1003
    7.5000  -30.0000   22.5000 2608.2969   14.1778
   -7.5000  -22.5000   22.5000 2682.5566   13.7490
    0.0000  -22.5000   22.5000 2723.2859   13.3692
    7.5000  -22.5000   22.5000 2709.6924   13.4436
   -7.5000  -15.0000   22.5000 2761.5464   13.2965
    0.0000  -15.0000   22.5000 2807.5193   12.9109
    7.5000  -15.0000   22.5000 2789.1902   12.9971
   -7.5000   -7.5000   22.5000 2795.8647   13.2101
    0.0000   -7.5000   22.5000 2839.9446   12.8780
    7.5000   -7.5000   22.5000 2818.0378   12.9596
   -7.5000    0.0000   22.5000 2777.6921   13.3994
    0.0000    0.0000   22.5000 2820.2219   13.0994
    7.5000    0.0000   22.5000 2803.8030   13.1414
   -7.5000    7.5000   22.5000 2695.7505   13.8514
    0.0000    7.5000   22.5000 2739.9097   13.5215
    7.5000    7.5000   22.5000 2725.9243   13.5823
   -7.5000   15.0000   22.5000 2592.2410   14.5341
    0.0000   15.0000   22.5000 2631.9866   14.1961
    7.5000   15.0000   22.5000 2614.5708   14.2524
   -7.5000   22.5000   22.5000 2476.9116   15.5569
    0.0000   22.5000   22.5000 2508.1545   15.2200
    7.5000   22.5000   22.5000 2489.7437   15.2764
   -7.5000   30.0000   22.5000 2343.3953   16.9525
    0.0000   30.0000   22.5000 2373.1580   16.6255
    7.5000   30.0000   22.5000 2357.2229   16.6803
   -7.5000   37.5000   22.5000 2195.3545   18.7401
    0.0000   37.5000   22.5000 2215.0327   18.4355
    7.5000   37.5000   22.5000 2204.6003   18.4960
   -7.5000   45.0000   22.5000 2036.2206   21.0106
    0.0000   45.0000   22.5000 2057.3770   20.6888
    7.5000   45.0000   22.5000 2044.2292   20.7563
   -7.5000  -45.0000   30.0000 2299.0847   18.1660
    0.0000  -45.0000   30.0000 2333.3687   17.8220
    7.5000  -45.0000   30.0000 2329.0320   17.8872
   -7.5000  -37.5000   30.0000 2415.8010   16.4946
    0.0000  -37.5000   30.0000 2456.0474   16.1811
    7.5000  -37.5000   30.0000 2445.6882   16.2483
   -7.5000  -30.0000   30.0000 2519.5791   15.3117
    0.0000  -30.0000   30.0000 2564.1482   14.9901
    7.5000  -30.0000   30.0000 2549.3921   15.0574
   -7.5000  -22.5000   30.0000 2610.9448   14.4932
    0.0000  -22.5000   30.0000 2656.1484   14.1650
    7.5000  -22.5000   30.0000 2641.8782   14.2263
   -7.5000  -15.0000   30.0000 2681.4705   14.0077
    0.0000  -15.0000   30.0000 2723.7866   13.6824
    7.5000  -15.0000   30.0000 2706.3179   13.7510
   -7.5000   -7.5000   30.0000 2707.5940   13.9043
    0.0000   -7.5000   30.0000 2744.8872   13.6042
    7.5000   -7.5000   30.0000 2729.3201   13.6657
   -7.5000    0.0000   30.0000 2688.2837   14.0988
    0.0000    0.0000   30.0000 2723.2314   13.8280
    7.5000    0.0000   30.0000 2710.9983   13.8563
   -7.5000    7.5000   30.0000 2623.4382   14.5462
    0.0000    7.5000   30.0000 2652.0083   14.2673
    7.5000    7.5000   30.0000 2643.7954   14.2971
   -7.5000   15.0000   30.0000 2524.9827   15.2280
    0.0000   15.0000   30.0000 2555.4631   14.9449
    7.5000   15.0000   30.0000 2544.5271   14.9832
   -7.5000   22.5000   30.0000 2413.8123   16.2306
    0.0000   22.5000   30.0000 2445.6726   15.9319
    7.5000   22.5000   30.0000 2430.7122   15.9961
   -7.5000   30.0000   30.0000 2284.8057   17.5978
    0.0000   30.0000   30.0000 2315.9805   17.2854
    7.5000   30.0000   30.0000 2301.0630   17.3544
   -7.5000   37.5000   30.0000 2149.8035   19.3857
    0.0000   37.5000   30.0000 2166.9932   19.0737
    7.5000   37.5000   30.0000 2157.3904   19.1524
   -7.5000   45.0000   30.0000 1995.1779   21.6672
    0.0000   45.0000   30.0000 2012.0900   21.3749
    7.5000   45.0000   30.0000 2002.5618   21.4556
   -7.5000  -45.0000   37.5000 2239.2539   19.3543
    0.0000  -45.0000   37.5000 2275.5793   19.0818
    7.5000  -45.0000   37.5000 2274.3157   19.1161
   -7.5000  -37.5000   37.5000 2351.2107   17.6295
    0.0000  -37.5000   37.5000 2388.6577   17.3516
    7.5000  -37.5000   37.5000 2382.3152   17.3888
   -7.5000  -30.0000   37.5000 2448.4595   16.3513
    0.0000  -30.0000   37.5000 2492.0049   16.0820
    7.5000  -30.0000   37.5000 2480.9282   16.1259
   -7.5000  -22.5000   37.5000 2531.8984   15.4926
    0.0000  -22.5000   37.5000 2578.2092   15.2104
    7.5000  -22.5000   37.5000 2563.9578   15.2408
   -7.5000  -15.0000   37.5000 2593.6558   14.9683
    0.0000  -15.0000   37.5000 2635.7021   14.6942
    7.5000  -15.0000   37.5000 2618.4910   14.7160
   -7.5000   -7.5000   37.5000 2610.3142   14.7957
    0.0000   -7.5000   37.5000 2643.7395   14.5426
    7.5000   -7.5000   37.5000 2628.7930   14.5722
   -7.5000    0.0000   37.5000 2585.4724   14.9680
    0.0000    0.0000   37.5000 2615.3452   14.7196
    7.5000    0.0000   37.5000 2601.8328   14.7326
   -7.5000    7.5000   37.5000 2531.5525   15.4067
    0.0000    7.5000   37.5000 2555.5200   15.1728
    7.5000    7.5000   37.5000 2548.5337   15.1785
   -7.5000   15.0000   37.5000 2449.8789   16.1255
    0.0000   15.0000   37.5000 2476.0842   15.8769
    7.5000   15.0000   37.5000 2466.7305   15.8782
   -7.5000   22.5000   37.5000 2346.7380   17.1326
    0.0000   22.5000   37.5000 2372.0645   16.8493
    7.5000   22.5000   37.5000 2361.9412   16.8670
   -7.5000   30.0000   37.5000 2227.7258   18.5140
    0.0000   30.0000   37.5000 2251.4407   18.2166
    7.5000   30.0000   37.5000 2240.5427   18.2263
   -7.5000   37.5000   37.5000 2093.0352   20.3345
    0.0000   37.5000   37.5000 2110.9673   20.0069
    7.5000   37.5000   37.5000 2104.3098   20.0436
   -7.5000   45.0000   37.5000 1948.9642   22.6693
    0.0000   45.0000   37.5000 1966.9058   22.3948
    7.5000   45.0000   37.5000 1958.8571   22.4648
   -7.5000  -45.0000   45.0000 2169.3401   20.8940
    0.0000  -45.0000   45.0000 2200.1892   20.5866
    7.5000  -45.0000   45.0000 2199.8254   20.6147
   -7.5000  -37.5000   45.0000 2274.3274   19.0396
    0.0000  -37.5000   45.0000 2306.7590   18.7757
    7.5000  -37.5000   45.0000 2301.9702   18.7992
   -7.5000  -30.0000   45.0000 2366.3621   17.6824
    0.0000  -30.0000   45.0000 2407.5754   17.4339
    7.5000  -30.0000   45.0000 2402.6467   17.4360
   -7.5000  -22.5000   45.0000 2444.3926   16.7569
    0.0000  -22.5000   45.0000 2486.9717   16.5188
    7.5000  -22.5000   45.0000 2477.6748   16.5055
   -7.5000  -15.0000   45.0000 2495.2581   16.1953
    0.0000  -15.0000   45.0000 2533.4751   15.9695
    7.5000  -15.0000   45.0000 2521.2896   15.9492
   -7.5000   -7.5000   45.0000 2506.3555   15.9574
    0.0000   -7.5000   45.0000 2539.3882   15.7259
    7.5000   -7.5000   45.0000 2525.8120   15.7167
   -7.5000    0.0000   45.0000 2478.8879   16.0975
    0.0000    0.0000   45.0000 2506.5803   15.8595
    7.5000    0.0000   45.0000 2495.9482   15.8473
   -7.5000    7.5000   45.0000 2434.9067   16.5240
    0.0000    7.5000   45.0000 2452.2744   16.2739
    7.5000    7.5000   45.0000 2446.1663   16.2710
   -7.5000   15.0000   45.0000 2364.9185   17.2610
    0.0000   15.0000   45.0000 2383.5295   17.0015
    7.5000   15.0000   45.0000 2377.1462   17.0046
   -7.5000   22.5000   45.0000 2268.7432   18.3002
    0.0000   22.5000   45.0000 2290.8250   17.9864
    7.5000   22.5000   45.0000 2286.5132   18.0018
   -7.5000   30.0000   45.0000 2152.7625   19.6969
    0.0000   30.0000   45.0000 2178.1956   19.4121
    7.5000   30.0000   45.0000 2166.6113   19.4068
   -7.5000   37.5000   45.0000 2027.1221   21.5791
    0.0000   37.5000   45.0000 2047.2104   21.2407
    7.5000   37.5000   45.0000 2035.6556   21.2679
   -7.5000   45.0000   45.0000 1892.6001   23.9473
    0.0000   45.0000   45.0000 1914.0342   23.6564
    7.5000   45.0000   45.0000 1901.8872   23.6945

---------------------------------------------------------------------
imgreg_4dfp /opt/freesurfer/average/711-2C_as_mni_average_305 /opt/freesurfer/average/711-2B_as_mni_average_305_mask talsrcimg_g11 none talsrcimg_to_711-2C_as_mni_average_305_t4 1283
---------------------------------------------------------------------

freesurfer imgreg_4dfp.c
/opt/freesurfer/average/711-2C_as_mni_average_305.4dfp.img
       256       256       256         1
  1.000000  1.000000  1.000000
orientation T byte_order littleendian
Reading image: /opt/freesurfer/average/711-2C_as_mni_average_305.4dfp.img
dimensions:      256       256       256
mmppix:       1.0000   -1.0000   -1.0000
center:     128.0000 -129.0000 -129.0000
/opt/freesurfer/average/711-2B_as_mni_average_305_mask.4dfp.img
       256       256       256         1
  1.000000  1.000000  1.000000
orientation T byte_order littleendian
Reading mask: /opt/freesurfer/average/711-2B_as_mni_average_305_mask.4dfp.img (2306576 pixels)
talsrcimg_g11.4dfp.img
       256       256       256         1
  1.000000  1.000000  1.000000
orientation T byte_order littleendian
Reading image: talsrcimg_g11.4dfp.img
dimensions:      256       256       256
mmppix:       1.0000   -1.0000   -1.0000
center:     128.0000 -129.0000 -129.0000
rotation matrix determinant  1.000000
fimgreg.f
image alignment mode   1283 decimal      503 hex
parameters
    0.0000   -7.5000    7.5000    0.0000    0.0000    0.0000
eta,q 0.92979 11.98477
niter,ni,del,rscale     5    3   12.0000    1.2000
parameter  4  1.020223 ->  0.500000 qaram    1.1500
parameters
    1.7880   -6.0742    6.4759   -3.4500    0.0481    1.0562
eta,q 0.93939 11.86308
  0.0860  0.0790  0.0708  0.0608  0.0686  0.0695
  0.0786  0.0757  0.0685  0.0608  0.0647  0.0665
  0.0735  0.0703  0.0655  0.0619  0.0620  0.0632
  0.0687  0.0655  0.0645  0.0646  0.0609  0.0609
  0.0656  0.0645  0.0673  0.0676  0.0620  0.0609
  0.0684  0.0671  0.0722  0.0710  0.0644  0.0628
  0.0740  0.0724  0.0773  0.0753  0.0684  0.0657
niter,ni,del,rscale     5    3   12.0000    1.2000
parameters
    2.0790   -5.2215    6.1850   -5.7156   -0.0111    1.5787
eta,q 0.94095 11.82257
  0.0769  0.0756  0.0674  0.0625  0.0668  0.0668
  0.0702  0.0701  0.0667  0.0602  0.0628  0.0636
  0.0647  0.0647  0.0630  0.0591  0.0599  0.0605
  0.0606  0.0604  0.0596  0.0599  0.0591  0.0591
  0.0617  0.0600  0.0603  0.0627  0.0600  0.0597
  0.0675  0.0645  0.0653  0.0661  0.0629  0.0619
  0.0753  0.0702  0.0722  0.0706  0.0671  0.0647
niter,ni,del,rscale     4    3   12.0000    1.2000
parameters
    2.1588   -4.4778    5.5444   -7.3001   -0.0246    1.9059
eta,q 0.94064 11.79095
  0.0755  0.0732  0.0642  0.0625  0.0668  0.0653
  0.0682  0.0671  0.0640  0.0604  0.0630  0.0621
  0.0624  0.0621  0.0615  0.0594  0.0601  0.0600
  0.0591  0.0590  0.0588  0.0594  0.0593  0.0593
  0.0607  0.0598  0.0598  0.0610  0.0601  0.0600
  0.0672  0.0631  0.0639  0.0640  0.0629  0.0617
  0.0755  0.0681  0.0699  0.0671  0.0669  0.0638
niter,ni,del,rscale     3    3   12.0000    1.2000
parameters
    2.0457   -3.9813    4.6129   -9.2421    0.1614    2.0789
eta,q 0.94103 11.76366
  0.0746  0.0707  0.0629  0.0623  0.0670  0.0641
  0.0672  0.0648  0.0624  0.0595  0.0631  0.0613
  0.0615  0.0613  0.0608  0.0589  0.0602  0.0596
  0.0594  0.0594  0.0592  0.0598  0.0590  0.0590
  0.0614  0.0600  0.0600  0.0616  0.0598  0.0597
  0.0678  0.0629  0.0635  0.0640  0.0624  0.0612
  0.0760  0.0674  0.0684  0.0667  0.0662  0.0633
niter,ni,del,rscale     2    3   12.0000    1.2000
parameters
    1.8325   -3.2434    3.4543  -11.1911    0.6824    1.9889
eta,q 0.94222 11.78189
  0.0735  0.0700  0.0625  0.0621  0.0662  0.0625
  0.0662  0.0642  0.0610  0.0590  0.0623  0.0599
  0.0606  0.0609  0.0596  0.0579  0.0595  0.0582
  0.0590  0.0589  0.0587  0.0590  0.0580  0.0578
  0.0615  0.0591  0.0602  0.0616  0.0582  0.0587
  0.0677  0.0616  0.0638  0.0642  0.0603  0.0602
  0.0756  0.0656  0.0680  0.0667  0.0641  0.0626
niter,ni,del,rscale     1    3   12.0000    1.2000
parameters
    1.5571   -2.3832    2.6586  -13.2322    1.2570    1.9620
eta,q 0.94339 11.81576
  0.0721  0.0700  0.0634  0.0607  0.0651  0.0622
  0.0643  0.0640  0.0600  0.0584  0.0617  0.0592
  0.0588  0.0597  0.0583  0.0569  0.0590  0.0570
  0.0578  0.0577  0.0576  0.0577  0.0569  0.0566
  0.0604  0.0580  0.0594  0.0603  0.0570  0.0576
  0.0666  0.0603  0.0631  0.0637  0.0593  0.0594
  0.0744  0.0645  0.0669  0.0665  0.0632  0.0621
registration optimization eta report
parameter search radius
    6.0000    6.0000    6.0000    6.9000    6.0000    6.0000
100000*second partial in parameter space
       43.       26.       20.       12.       20.       15.
  0.0721  0.0700  0.0634  0.0607  0.0651  0.0622
  0.0643  0.0640  0.0600  0.0584  0.0617  0.0592
  0.0588  0.0597  0.0583  0.0569  0.0590  0.0570
  0.0578  0.0577  0.0576  0.0577  0.0569  0.0566
  0.0604  0.0580  0.0594  0.0603  0.0570  0.0576
  0.0666  0.0603  0.0631  0.0637  0.0593  0.0594
  0.0744  0.0645  0.0669  0.0665  0.0632  0.0621
    1.5571   -2.3832    2.6586  -13.2322    1.2570    1.9620
eta,q 0.94339 11.81576

---------------------------------------------------------------------
imgreg_4dfp /opt/freesurfer/average/711-2C_as_mni_average_305 /opt/freesurfer/average/711-2B_as_mni_average_305_mask talsrcimg_g11 none talsrcimg_to_711-2C_as_mni_average_305_t4 3335
---------------------------------------------------------------------

freesurfer imgreg_4dfp.c
/opt/freesurfer/average/711-2C_as_mni_average_305.4dfp.img
       256       256       256         1
  1.000000  1.000000  1.000000
orientation T byte_order littleendian
Reading image: /opt/freesurfer/average/711-2C_as_mni_average_305.4dfp.img
dimensions:      256       256       256
mmppix:       1.0000   -1.0000   -1.0000
center:     128.0000 -129.0000 -129.0000
/opt/freesurfer/average/711-2B_as_mni_average_305_mask.4dfp.img
       256       256       256         1
  1.000000  1.000000  1.000000
orientation T byte_order littleendian
Reading mask: /opt/freesurfer/average/711-2B_as_mni_average_305_mask.4dfp.img (2306576 pixels)
talsrcimg_g11.4dfp.img
       256       256       256         1
  1.000000  1.000000  1.000000
orientation T byte_order littleendian
Reading image: talsrcimg_g11.4dfp.img
dimensions:      256       256       256
mmppix:       1.0000   -1.0000   -1.0000
center:     128.0000 -129.0000 -129.0000
fimgreg.f
image alignment mode   3335 decimal      D07 hex
parameters
    1.5571   -2.3832    2.6586   -0.0827   -2.6948   -2.6784
   -2.8310   -2.9179    3.4229   22.8032    2.1937  -22.8842
eta,q 0.94095 11.96761
niter,ni,del,rscale     5    3    5.0000    1.2000
parameter  2 -0.587270 -> -0.500000 qaram    1.1500
parameter  4  1.570929 ->  0.500000 qaram    1.1500
parameter  5  2.994399 ->  0.500000 qaram    1.1500
parameter  6  1.994645 ->  0.500000 qaram    1.1500
parameter 10  0.853788 ->  0.500000 qaram    1.1500
parameter 12  0.649216 ->  0.500000 qaram    1.1500
parameters
    0.9962   -1.0032    2.3871   -4.2227   -6.8348   -6.8184
   -2.5943   -2.1864    0.9785   18.6632    0.2118  -27.0242
eta,q 0.95875 11.26913
  0.0605  0.0617  0.0591  0.0527  0.0461  0.0417  0.0464  0.0486  0.0443  0.0419  0.0424  0.0415
  0.0594  0.0605  0.0587  0.0538  0.0484  0.0432  0.0450  0.0462  0.0438  0.0418  0.0419  0.0413
  0.0589  0.0596  0.0585  0.0557  0.0511  0.0458  0.0441  0.0446  0.0436  0.0423  0.0417  0.0413
  0.0590  0.0589  0.0584  0.0584  0.0543  0.0491  0.0438  0.0438  0.0438  0.0436  0.0419  0.0417
  0.0598  0.0585  0.0586  0.0619  0.0579  0.0525  0.0440  0.0440  0.0443  0.0453  0.0422  0.0424
  0.0610  0.0584  0.0590  0.0658  0.0618  0.0565  0.0448  0.0451  0.0451  0.0475  0.0429  0.0432
  0.0628  0.0587  0.0596  0.0697  0.0658  0.0612  0.0460  0.0470  0.0463  0.0501  0.0438  0.0441
niter,ni,del,rscale     7    3    5.0000    1.2000
parameter  4  0.531957 ->  0.500000 qaram    1.3225
parameter  5  1.618544 ->  0.500000 qaram    1.3225
parameter  6  0.669568 ->  0.500000 qaram    1.3225
parameters
    1.1913   -0.3497    1.5751   -8.9837  -11.5958  -11.5794
   -1.7188   -1.1533    0.9170   21.9040   -0.1992  -28.8931
eta,q 0.96679 10.73089
  0.0451  0.0449  0.0417  0.0406  0.0338  0.0336  0.0368  0.0383  0.0356  0.0384  0.0340  0.0341
  0.0431  0.0432  0.0411  0.0397  0.0350  0.0338  0.0354  0.0361  0.0346  0.0363  0.0336  0.0335
  0.0418  0.0420  0.0409  0.0397  0.0369  0.0343  0.0344  0.0346  0.0340  0.0348  0.0334  0.0332
  0.0412  0.0412  0.0411  0.0409  0.0396  0.0354  0.0339  0.0339  0.0338  0.0338  0.0333  0.0333
  0.0415  0.0411  0.0417  0.0433  0.0430  0.0384  0.0340  0.0339  0.0340  0.0333  0.0334  0.0337
  0.0424  0.0415  0.0428  0.0470  0.0467  0.0431  0.0346  0.0347  0.0347  0.0335  0.0337  0.0344
  0.0440  0.0426  0.0443  0.0515  0.0508  0.0485  0.0357  0.0364  0.0357  0.0344  0.0342  0.0354
niter,ni,del,rscale     7    3    5.0000    1.2000
parameter  2 -0.796482 -> -0.500000 qaram    1.3225
parameter  3  0.772405 ->  0.500000 qaram    1.1500
parameter  5  0.918530 ->  0.500000 qaram    1.5209
parameter 12  0.703858 ->  0.500000 qaram    1.3225
parameters
    1.4988    1.2373    0.1951   -8.5057  -17.0709  -15.3785
   -1.8386   -0.7937    0.7014   24.7658   -0.3858  -33.6541
eta,q 0.97405 10.41751
  0.0369  0.0401  0.0307  0.0356  0.0271  0.0280  0.0296  0.0311  0.0293  0.0327  0.0276  0.0263
  0.0350  0.0374  0.0306  0.0335  0.0274  0.0273  0.0282  0.0290  0.0281  0.0302  0.0271  0.0260
  0.0338  0.0351  0.0309  0.0318  0.0285  0.0272  0.0274  0.0276  0.0274  0.0283  0.0268  0.0261
  0.0332  0.0332  0.0315  0.0307  0.0306  0.0276  0.0271  0.0271  0.0271  0.0271  0.0267  0.0267
  0.0333  0.0319  0.0324  0.0305  0.0337  0.0287  0.0275  0.0274  0.0275  0.0267  0.0268  0.0277
  0.0340  0.0314  0.0336  0.0320  0.0379  0.0323  0.0284  0.0285  0.0283  0.0271  0.0272  0.0288
  0.0354  0.0317  0.0350  0.0356  0.0425  0.0378  0.0297  0.0304  0.0296  0.0282  0.0277  0.0301
niter,ni,del,rscale     7    3    5.0000    1.2000
parameters
    1.6580    2.3991   -0.6056   -7.8050  -20.9498  -16.0070
   -1.6832   -0.6724    0.5248   26.4971   -0.2780  -36.7302
eta,q 0.97611 10.30531
  0.0297  0.0343  0.0262  0.0300  0.0266  0.0276  0.0270  0.0285  0.0266  0.0298  0.0253  0.0250
  0.0278  0.0307  0.0254  0.0278  0.0249  0.0259  0.0255  0.0261  0.0253  0.0272  0.0247  0.0242
  0.0265  0.0278  0.0250  0.0261  0.0242  0.0247  0.0246  0.0247  0.0245  0.0253  0.0243  0.0239
  0.0260  0.0259  0.0252  0.0250  0.0249  0.0242  0.0243  0.0243  0.0243  0.0243  0.0242  0.0242
  0.0262  0.0252  0.0259  0.0247  0.0270  0.0244  0.0245  0.0247  0.0246  0.0243  0.0243  0.0250
  0.0272  0.0257  0.0272  0.0260  0.0306  0.0257  0.0254  0.0260  0.0255  0.0251  0.0246  0.0262
  0.0289  0.0274  0.0288  0.0294  0.0356  0.0297  0.0268  0.0281  0.0268  0.0265  0.0252  0.0277
niter,ni,del,rscale     6    3    5.0000    1.2000
parameters
    1.6932    2.7386   -0.9834   -7.3990  -21.7309  -16.2926
   -1.5113   -0.6312    0.4127   27.4121   -0.4306  -37.4341
eta,q 0.97623 10.30860
  0.0274  0.0299  0.0254  0.0287  0.0283  0.0276  0.0266  0.0281  0.0262  0.0286  0.0249  0.0258
  0.0255  0.0269  0.0245  0.0266  0.0260  0.0257  0.0251  0.0257  0.0249  0.0261  0.0242  0.0245
  0.0243  0.0248  0.0239  0.0249  0.0244  0.0244  0.0242  0.0242  0.0241  0.0245  0.0239  0.0239
  0.0239  0.0239  0.0239  0.0238  0.0237  0.0238  0.0238  0.0238  0.0238  0.0238  0.0238  0.0238
  0.0242  0.0242  0.0243  0.0236  0.0244  0.0237  0.0241  0.0243  0.0241  0.0241  0.0240  0.0242
  0.0254  0.0255  0.0253  0.0251  0.0266  0.0250  0.0249  0.0257  0.0250  0.0252  0.0243  0.0251
  0.0272  0.0278  0.0267  0.0287  0.0305  0.0291  0.0264  0.0279  0.0263  0.0267  0.0249  0.0263
niter,ni,del,rscale     5    3    5.0000    1.2000
parameters
    1.7001    2.8948   -1.1291   -7.2885  -21.9371  -16.4228
   -1.4722   -0.5946    0.3481   27.7325   -0.4604  -37.6720
eta,q 0.97620 10.31091
  0.0273  0.0290  0.0257  0.0285  0.0287  0.0277  0.0265  0.0282  0.0262  0.0280  0.0249  0.0260
  0.0254  0.0263  0.0246  0.0264  0.0263  0.0258  0.0251  0.0257  0.0249  0.0257  0.0243  0.0247
  0.0242  0.0245  0.0240  0.0249  0.0246  0.0244  0.0241  0.0242  0.0241  0.0242  0.0239  0.0240
  0.0238  0.0238  0.0238  0.0238  0.0237  0.0238  0.0238  0.0238  0.0238  0.0238  0.0238  0.0238
  0.0241  0.0242  0.0241  0.0237  0.0241  0.0236  0.0241  0.0243  0.0241  0.0243  0.0239  0.0241
  0.0253  0.0257  0.0249  0.0254  0.0260  0.0248  0.0250  0.0257  0.0250  0.0255  0.0243  0.0249
  0.0272  0.0280  0.0262  0.0292  0.0296  0.0290  0.0265  0.0280  0.0263  0.0272  0.0249  0.0261
niter,ni,del,rscale     4    3    5.0000    1.2000
parameters
    1.7047    2.9477   -1.1845   -7.2569  -22.0103  -16.4789
   -1.4437   -0.5834    0.3189   27.8418   -0.4510  -37.7510
eta,q 0.97619 10.31085
  0.0273  0.0287  0.0258  0.0285  0.0287  0.0277  0.0265  0.0282  0.0262  0.0278  0.0249  0.0261
  0.0254  0.0260  0.0247  0.0264  0.0264  0.0258  0.0251  0.0257  0.0249  0.0255  0.0243  0.0247
  0.0242  0.0243  0.0240  0.0249  0.0247  0.0245  0.0241  0.0242  0.0241  0.0242  0.0239  0.0240
  0.0238  0.0238  0.0238  0.0238  0.0238  0.0238  0.0238  0.0238  0.0238  0.0238  0.0238  0.0238
  0.0242  0.0244  0.0240  0.0238  0.0241  0.0236  0.0241  0.0243  0.0241  0.0244  0.0239  0.0241
  0.0253  0.0259  0.0248  0.0255  0.0259  0.0248  0.0250  0.0258  0.0250  0.0256  0.0243  0.0249
  0.0273  0.0283  0.0260  0.0294  0.0295  0.0289  0.0265  0.0281  0.0263  0.0273  0.0249  0.0260
niter,ni,del,rscale     3    3    5.0000    1.2000
parameters
    1.7054    2.9675   -1.2037   -7.2452  -22.0342  -16.4990
   -1.4281   -0.5806    0.3086   27.8832   -0.4615  -37.7785
eta,q 0.97618 10.31099
  0.0273  0.0286  0.0258  0.0285  0.0288  0.0277  0.0265  0.0282  0.0262  0.0277  0.0249  0.0261
  0.0254  0.0260  0.0248  0.0265  0.0264  0.0259  0.0251  0.0257  0.0250  0.0255  0.0243  0.0247
  0.0242  0.0243  0.0241  0.0249  0.0247  0.0245  0.0241  0.0242  0.0241  0.0241  0.0239  0.0240
  0.0238  0.0238  0.0238  0.0238  0.0238  0.0238  0.0238  0.0238  0.0238  0.0238  0.0238  0.0238
  0.0242  0.0244  0.0240  0.0238  0.0241  0.0236  0.0241  0.0243  0.0241  0.0245  0.0240  0.0241
  0.0254  0.0260  0.0247  0.0255  0.0259  0.0247  0.0250  0.0258  0.0250  0.0256  0.0243  0.0249
  0.0273  0.0284  0.0260  0.0294  0.0294  0.0289  0.0265  0.0281  0.0263  0.0274  0.0249  0.0260
registration optimization eta report
parameter search radius
    2.4000    3.1740    2.7600    9.5220   10.9503    9.5220
    7.2000    7.2000    7.2000    8.2800    7.2000    9.5220
100000*second partial in parameter space
       60.       46.       27.        6.        4.        5.
        5.        8.        5.        5.        2.        2.
  0.0273  0.0286  0.0258  0.0285  0.0288  0.0277  0.0265  0.0282  0.0262  0.0277  0.0249  0.0261
  0.0254  0.0260  0.0248  0.0265  0.0264  0.0259  0.0251  0.0257  0.0250  0.0255  0.0243  0.0247
  0.0242  0.0243  0.0241  0.0249  0.0247  0.0245  0.0241  0.0242  0.0241  0.0241  0.0239  0.0240
  0.0238  0.0238  0.0238  0.0238  0.0238  0.0238  0.0238  0.0238  0.0238  0.0238  0.0238  0.0238
  0.0242  0.0244  0.0240  0.0238  0.0241  0.0236  0.0241  0.0243  0.0241  0.0245  0.0240  0.0241
  0.0254  0.0260  0.0247  0.0255  0.0259  0.0247  0.0250  0.0258  0.0250  0.0256  0.0243  0.0249
  0.0273  0.0284  0.0260  0.0294  0.0294  0.0289  0.0265  0.0281  0.0263  0.0274  0.0249  0.0260
    1.7054    2.9675   -1.2037   -7.2452  -22.0342  -16.4990
   -1.4281   -0.5806    0.3086   27.8832   -0.4615  -37.7785
eta,q 0.97618 10.31099

---------------------------------------------------------------------
imgreg_4dfp /opt/freesurfer/average/711-2C_as_mni_average_305 /opt/freesurfer/average/711-2B_as_mni_average_305_mask talsrcimg_g11 none talsrcimg_to_711-2C_as_mni_average_305_t4 2311
---------------------------------------------------------------------

freesurfer imgreg_4dfp.c
/opt/freesurfer/average/711-2C_as_mni_average_305.4dfp.img
       256       256       256         1
  1.000000  1.000000  1.000000
orientation T byte_order littleendian
Reading image: /opt/freesurfer/average/711-2C_as_mni_average_305.4dfp.img
dimensions:      256       256       256
mmppix:       1.0000   -1.0000   -1.0000
center:     128.0000 -129.0000 -129.0000
/opt/freesurfer/average/711-2B_as_mni_average_305_mask.4dfp.img
       256       256       256         1
  1.000000  1.000000  1.000000
orientation T byte_order littleendian
Reading mask: /opt/freesurfer/average/711-2B_as_mni_average_305_mask.4dfp.img (2306576 pixels)
talsrcimg_g11.4dfp.img
       256       256       256         1
  1.000000  1.000000  1.000000
orientation T byte_order littleendian
Reading image: talsrcimg_g11.4dfp.img
dimensions:      256       256       256
mmppix:       1.0000   -1.0000   -1.0000
center:     128.0000 -129.0000 -129.0000
fimgreg.f
image alignment mode   2311 decimal      907 hex
parameters
    1.7054    2.9675   -1.2037   -7.2452  -22.0342  -16.4989
   -1.4281   -0.5806    0.3086   27.8832   -0.4615  -37.7785
eta,q 0.97618 10.31099
niter,ni,del,rscale     5    3    5.0000    0.8000
parameters
    1.7151    2.9260   -1.1732   -5.9260  -21.3101  -14.8108
   -1.4495   -0.5609    0.2836   28.0073   -0.6236  -37.5117
eta,q 0.97651 10.47340
  0.0254  0.0250  0.0246  0.0256  0.0250  0.0250  0.0248  0.0259  0.0247  0.0249  0.0241  0.0242
  0.0245  0.0243  0.0242  0.0249  0.0244  0.0244  0.0241  0.0246  0.0240  0.0241  0.0238  0.0238
  0.0240  0.0239  0.0239  0.0243  0.0239  0.0239  0.0236  0.0237  0.0236  0.0236  0.0235  0.0236
  0.0238  0.0238  0.0238  0.0238  0.0236  0.0236  0.0235  0.0235  0.0235  0.0235  0.0235  0.0235
  0.0240  0.0240  0.0239  0.0236  0.0236  0.0235  0.0236  0.0238  0.0236  0.0237  0.0236  0.0235
  0.0245  0.0244  0.0241  0.0238  0.0239  0.0235  0.0241  0.0246  0.0241  0.0241  0.0238  0.0237
  0.0254  0.0251  0.0245  0.0245  0.0244  0.0239  0.0248  0.0259  0.0248  0.0247  0.0242  0.0240
niter,ni,del,rscale     4    3    5.0000    0.7000
parameters
    1.6052    2.8205   -1.1186   -6.1101  -21.1822  -14.8704
   -1.3866   -0.6383    0.2968   27.7699   -0.5941  -37.4746
eta,q 0.97654 10.46269
  0.0246  0.0243  0.0241  0.0246  0.0244  0.0242  0.0245  0.0253  0.0244  0.0244  0.0240  0.0239
  0.0239  0.0238  0.0238  0.0241  0.0239  0.0238  0.0240  0.0242  0.0239  0.0238  0.0237  0.0237
  0.0236  0.0235  0.0235  0.0236  0.0236  0.0236  0.0236  0.0236  0.0236  0.0235  0.0235  0.0235
  0.0235  0.0235  0.0235  0.0235  0.0235  0.0235  0.0235  0.0235  0.0235  0.0235  0.0235  0.0235
  0.0237  0.0237  0.0235  0.0236  0.0235  0.0235  0.0236  0.0237  0.0236  0.0237  0.0235  0.0235
  0.0242  0.0240  0.0237  0.0241  0.0238  0.0237  0.0239  0.0244  0.0239  0.0240  0.0237  0.0237
  0.0250  0.0246  0.0240  0.0250  0.0243  0.0244  0.0245  0.0254  0.0244  0.0246  0.0240  0.0239
niter,ni,del,rscale     3    3    5.0000    0.6000
parameters
    1.6023    2.7777   -1.0985   -6.0612  -21.1589  -14.7189
   -1.3945   -0.6571    0.3131   27.7119   -0.6102  -37.4060
eta,q 0.97655 10.46891
  0.0245  0.0242  0.0239  0.0244  0.0241  0.0240  0.0242  0.0248  0.0242  0.0242  0.0238  0.0238
  0.0239  0.0238  0.0237  0.0240  0.0238  0.0237  0.0238  0.0240  0.0238  0.0238  0.0236  0.0236
  0.0236  0.0235  0.0235  0.0236  0.0235  0.0235  0.0235  0.0236  0.0235  0.0235  0.0235  0.0235
  0.0235  0.0235  0.0235  0.0235  0.0235  0.0235  0.0235  0.0235  0.0235  0.0235  0.0235  0.0235
  0.0236  0.0236  0.0235  0.0235  0.0235  0.0234  0.0235  0.0236  0.0235  0.0236  0.0235  0.0235
  0.0239  0.0238  0.0236  0.0239  0.0237  0.0236  0.0238  0.0241  0.0238  0.0238  0.0236  0.0236
  0.0245  0.0243  0.0239  0.0245  0.0241  0.0240  0.0242  0.0248  0.0242  0.0242  0.0238  0.0238
niter,ni,del,rscale     2    3    5.0000    0.5000
parameters
    1.5940    2.7590   -1.0893   -5.9966  -21.1287  -14.5749
   -1.4055   -0.6662    0.3279   27.6814   -0.6095  -37.3300
eta,q 0.97656 10.47682
  0.0241  0.0240  0.0238  0.0242  0.0239  0.0238  0.0240  0.0244  0.0240  0.0240  0.0237  0.0237
  0.0237  0.0237  0.0236  0.0238  0.0237  0.0236  0.0237  0.0239  0.0237  0.0237  0.0236  0.0236
  0.0235  0.0235  0.0235  0.0236  0.0235  0.0235  0.0235  0.0235  0.0235  0.0235  0.0235  0.0235
  0.0235  0.0235  0.0234  0.0235  0.0235  0.0235  0.0234  0.0234  0.0234  0.0234  0.0234  0.0234
  0.0235  0.0235  0.0235  0.0235  0.0235  0.0234  0.0235  0.0236  0.0235  0.0235  0.0235  0.0235
  0.0238  0.0237  0.0236  0.0237  0.0236  0.0235  0.0237  0.0239  0.0237  0.0237  0.0236  0.0235
  0.0242  0.0240  0.0238  0.0241  0.0239  0.0238  0.0240  0.0244  0.0239  0.0240  0.0237  0.0237
niter,ni,del,rscale     1    3    5.0000    0.4000
parameters
    1.5827    2.7441   -1.0718   -5.9722  -21.0918  -14.4439
   -1.4105   -0.6881    0.3451   27.6510   -0.5884  -37.2965
eta,q 0.97656 10.48339
  0.0239  0.0238  0.0236  0.0239  0.0237  0.0237  0.0238  0.0241  0.0238  0.0238  0.0236  0.0236
  0.0236  0.0236  0.0235  0.0237  0.0236  0.0235  0.0236  0.0237  0.0236  0.0236  0.0235  0.0235
  0.0235  0.0235  0.0235  0.0235  0.0235  0.0235  0.0235  0.0235  0.0235  0.0235  0.0235  0.0235
  0.0234  0.0234  0.0234  0.0234  0.0234  0.0234  0.0234  0.0234  0.0234  0.0234  0.0234  0.0234
  0.0235  0.0235  0.0235  0.0235  0.0235  0.0234  0.0235  0.0235  0.0235  0.0235  0.0235  0.0235
  0.0236  0.0236  0.0235  0.0236  0.0236  0.0235  0.0236  0.0237  0.0236  0.0236  0.0235  0.0235
  0.0239  0.0238  0.0236  0.0239  0.0237  0.0236  0.0238  0.0241  0.0238  0.0238  0.0236  0.0236
registration optimization eta report
parameter search radius
    0.8000    0.8000    0.8000    2.4000    2.4000    2.4000
    2.4000    2.4000    2.4000    2.4000    2.4000    2.4000
100000*second partial in parameter space
       70.       55.       30.        8.        5.        4.
        6.       11.        6.        6.        3.        3.
  0.0239  0.0238  0.0236  0.0239  0.0237  0.0237  0.0238  0.0241  0.0238  0.0238  0.0236  0.0236
  0.0236  0.0236  0.0235  0.0237  0.0236  0.0235  0.0236  0.0237  0.0236  0.0236  0.0235  0.0235
  0.0235  0.0235  0.0235  0.0235  0.0235  0.0235  0.0235  0.0235  0.0235  0.0235  0.0235  0.0235
  0.0234  0.0234  0.0234  0.0234  0.0234  0.0234  0.0234  0.0234  0.0234  0.0234  0.0234  0.0234
  0.0235  0.0235  0.0235  0.0235  0.0235  0.0234  0.0235  0.0235  0.0235  0.0235  0.0235  0.0235
  0.0236  0.0236  0.0235  0.0236  0.0236  0.0235  0.0236  0.0237  0.0236  0.0236  0.0235  0.0235
  0.0239  0.0238  0.0236  0.0239  0.0237  0.0236  0.0238  0.0241  0.0238  0.0238  0.0236  0.0236
    1.5827    2.7441   -1.0718   -5.9722  -21.0918  -14.4439
   -1.4105   -0.6881    0.3451   27.6510   -0.5884  -37.2965
eta,q 0.97656 10.48339

---------------------------------------------------------------------
imgreg_4dfp /opt/freesurfer/average/711-2C_as_mni_average_305 /opt/freesurfer/average/711-2B_as_mni_average_305_mask talsrcimg_g11 none talsrcimg_to_711-2C_as_mni_average_305_t4 2311
---------------------------------------------------------------------

freesurfer imgreg_4dfp.c
/opt/freesurfer/average/711-2C_as_mni_average_305.4dfp.img
       256       256       256         1
  1.000000  1.000000  1.000000
orientation T byte_order littleendian
Reading image: /opt/freesurfer/average/711-2C_as_mni_average_305.4dfp.img
dimensions:      256       256       256
mmppix:       1.0000   -1.0000   -1.0000
center:     128.0000 -129.0000 -129.0000
/opt/freesurfer/average/711-2B_as_mni_average_305_mask.4dfp.img
       256       256       256         1
  1.000000  1.000000  1.000000
orientation T byte_order littleendian
Reading mask: /opt/freesurfer/average/711-2B_as_mni_average_305_mask.4dfp.img (2306576 pixels)
talsrcimg_g11.4dfp.img
       256       256       256         1
  1.000000  1.000000  1.000000
orientation T byte_order littleendian
Reading image: talsrcimg_g11.4dfp.img
dimensions:      256       256       256
mmppix:       1.0000   -1.0000   -1.0000
center:     128.0000 -129.0000 -129.0000
fimgreg.f
image alignment mode   2311 decimal      907 hex
parameters
    1.5827    2.7441   -1.0718   -5.9722  -21.0918  -14.4439
   -1.4105   -0.6881    0.3451   27.6510   -0.5884  -37.2965
eta,q 0.97656 10.48339
niter,ni,del,rscale     5    3    5.0000    0.8000
parameters
    1.5793    2.7568   -1.0638   -6.2833  -21.1829  -15.0191
   -1.4052   -0.6759    0.3352   27.6637   -0.6071  -37.4482
eta,q 0.97653 10.44602
  0.0252  0.0248  0.0242  0.0249  0.0245  0.0242  0.0248  0.0258  0.0247  0.0249  0.0241  0.0241
  0.0242  0.0240  0.0238  0.0242  0.0239  0.0238  0.0241  0.0245  0.0240  0.0241  0.0238  0.0237
  0.0236  0.0236  0.0235  0.0237  0.0236  0.0235  0.0236  0.0237  0.0236  0.0236  0.0235  0.0235
  0.0234  0.0234  0.0234  0.0234  0.0235  0.0235  0.0235  0.0235  0.0235  0.0235  0.0235  0.0235
  0.0236  0.0236  0.0235  0.0236  0.0236  0.0235  0.0236  0.0238  0.0236  0.0237  0.0236  0.0236
  0.0242  0.0240  0.0238  0.0243  0.0240  0.0239  0.0241  0.0245  0.0240  0.0241  0.0238  0.0238
  0.0252  0.0247  0.0242  0.0255  0.0246  0.0251  0.0248  0.0258  0.0247  0.0248  0.0241  0.0241
niter,ni,del,rscale     4    3    5.0000    0.7000
parameters
    1.6089    2.7832   -1.0910   -6.1328  -21.1779  -14.8724
   -1.4196   -0.6454    0.3298   27.7187   -0.6391  -37.4481
eta,q 0.97654 10.45976
  0.0248  0.0246  0.0240  0.0248  0.0243  0.0242  0.0245  0.0253  0.0244  0.0246  0.0240  0.0239
  0.0241  0.0240  0.0237  0.0242  0.0239  0.0238  0.0239  0.0243  0.0239  0.0239  0.0237  0.0237
  0.0236  0.0236  0.0235  0.0237  0.0236  0.0236  0.0236  0.0236  0.0236  0.0236  0.0235  0.0235
  0.0235  0.0235  0.0235  0.0235  0.0235  0.0235  0.0235  0.0235  0.0235  0.0235  0.0235  0.0235
  0.0236  0.0236  0.0235  0.0235  0.0235  0.0234  0.0236  0.0237  0.0236  0.0236  0.0235  0.0235
  0.0240  0.0239  0.0237  0.0239  0.0238  0.0236  0.0239  0.0243  0.0239  0.0239  0.0237  0.0237
  0.0247  0.0245  0.0241  0.0247  0.0243  0.0242  0.0245  0.0253  0.0244  0.0245  0.0240  0.0239
niter,ni,del,rscale     3    3    5.0000    0.6000
parameters
    1.6040    2.7747   -1.0921   -6.0640  -21.1508  -14.7233
   -1.4188   -0.6522    0.3251   27.7000   -0.6260  -37.3929
eta,q 0.97655 10.46858
  0.0244  0.0242  0.0239  0.0244  0.0241  0.0240  0.0242  0.0248  0.0242  0.0242  0.0238  0.0238
  0.0239  0.0238  0.0236  0.0240  0.0238  0.0237  0.0238  0.0241  0.0238  0.0238  0.0236  0.0236
  0.0236  0.0235  0.0235  0.0236  0.0235  0.0235  0.0235  0.0236  0.0235  0.0235  0.0235  0.0235
  0.0235  0.0235  0.0235  0.0235  0.0235  0.0235  0.0235  0.0235  0.0235  0.0235  0.0235  0.0235
  0.0236  0.0236  0.0235  0.0235  0.0235  0.0234  0.0235  0.0236  0.0235  0.0236  0.0235  0.0235
  0.0239  0.0238  0.0237  0.0239  0.0237  0.0236  0.0238  0.0241  0.0238  0.0238  0.0236  0.0236
  0.0244  0.0242  0.0239  0.0244  0.0241  0.0240  0.0242  0.0248  0.0242  0.0242  0.0238  0.0238
niter,ni,del,rscale     2    3    5.0000    0.5000
parameters
    1.5939    2.7574   -1.0873   -5.9906  -21.1288  -14.5796
   -1.4180   -0.6655    0.3363   27.6755   -0.6156  -37.3189
eta,q 0.97656 10.47659
  0.0241  0.0240  0.0238  0.0242  0.0239  0.0238  0.0240  0.0244  0.0240  0.0240  0.0237  0.0237
  0.0237  0.0237  0.0236  0.0238  0.0237  0.0236  0.0237  0.0239  0.0237  0.0237  0.0236  0.0236
  0.0235  0.0235  0.0235  0.0236  0.0235  0.0235  0.0235  0.0235  0.0235  0.0235  0.0235  0.0235
  0.0235  0.0234  0.0235  0.0235  0.0235  0.0234  0.0234  0.0234  0.0234  0.0234  0.0234  0.0234
  0.0235  0.0235  0.0235  0.0235  0.0235  0.0234  0.0235  0.0236  0.0235  0.0235  0.0235  0.0235
  0.0238  0.0237  0.0236  0.0237  0.0236  0.0235  0.0237  0.0239  0.0237  0.0237  0.0236  0.0235
  0.0242  0.0240  0.0238  0.0241  0.0239  0.0238  0.0240  0.0244  0.0240  0.0240  0.0237  0.0237
niter,ni,del,rscale     1    3    5.0000    0.4000
parameters
    1.5824    2.7449   -1.0795   -5.9729  -21.0981  -14.4539
   -1.4165   -0.6828    0.3391   27.6481   -0.5891  -37.3114
eta,q 0.97657 10.48280
  0.0239  0.0238  0.0236  0.0239  0.0237  0.0237  0.0238  0.0241  0.0238  0.0238  0.0236  0.0236
  0.0236  0.0236  0.0235  0.0237  0.0236  0.0235  0.0236  0.0237  0.0236  0.0236  0.0235  0.0235
  0.0235  0.0235  0.0235  0.0235  0.0235  0.0235  0.0235  0.0235  0.0235  0.0235  0.0235  0.0235
  0.0234  0.0234  0.0234  0.0234  0.0234  0.0234  0.0234  0.0234  0.0234  0.0234  0.0234  0.0234
  0.0235  0.0235  0.0235  0.0235  0.0235  0.0234  0.0235  0.0235  0.0235  0.0235  0.0235  0.0235
  0.0236  0.0236  0.0235  0.0236  0.0236  0.0235  0.0236  0.0237  0.0236  0.0236  0.0235  0.0235
  0.0239  0.0238  0.0236  0.0239  0.0237  0.0236  0.0238  0.0241  0.0238  0.0238  0.0236  0.0236
registration optimization eta report
parameter search radius
    0.8000    0.8000    0.8000    2.4000    2.4000    2.4000
    2.4000    2.4000    2.4000    2.4000    2.4000    2.4000
100000*second partial in parameter space
       69.       54.       31.        8.        5.        4.
        6.       11.        6.        6.        3.        3.
  0.0239  0.0238  0.0236  0.0239  0.0237  0.0237  0.0238  0.0241  0.0238  0.0238  0.0236  0.0236
  0.0236  0.0236  0.0235  0.0237  0.0236  0.0235  0.0236  0.0237  0.0236  0.0236  0.0235  0.0235
  0.0235  0.0235  0.0235  0.0235  0.0235  0.0235  0.0235  0.0235  0.0235  0.0235  0.0235  0.0235
  0.0234  0.0234  0.0234  0.0234  0.0234  0.0234  0.0234  0.0234  0.0234  0.0234  0.0234  0.0234
  0.0235  0.0235  0.0235  0.0235  0.0235  0.0234  0.0235  0.0235  0.0235  0.0235  0.0235  0.0235
  0.0236  0.0236  0.0235  0.0236  0.0236  0.0235  0.0236  0.0237  0.0236  0.0236  0.0235  0.0235
  0.0239  0.0238  0.0236  0.0239  0.0237  0.0236  0.0238  0.0241  0.0238  0.0238  0.0236  0.0236
    1.5824    2.7449   -1.0795   -5.9729  -21.0981  -14.4539
   -1.4165   -0.6828    0.3391   27.6481   -0.5891  -37.3114
eta,q 0.97657 10.48280

---------------------------------------------------------------------
compute_vox2vox talsrcimg talsrcimg_to_711-2C_as_mni_average_305_t4 /opt/freesurfer/average/711-2C_as_mni_average_305
---------------------------------------------------------------------

freesurfer compute_vox2vox.c
Reading: talsrcimg.4dfp.ifh
Reading: talsrcimg_to_711-2C_as_mni_average_305_t4
Reading: /opt/freesurfer/average/711-2C_as_mni_average_305.4dfp.ifh
Writing: talsrcimg_to_711-2C_as_mni_average_305_t4_vox2vox.txt

start time Sat Mar 14 03:14:47 CET 2026
end		time Sat Mar 14 03:15:01 CET 2026

mpr2mni305 success

avi2talxfm orig_nu.mgz /opt/freesurfer/average/mni305.cor.mgz talsrcimg_to_711-2C_as_mni_average_305_t4_vox2vox.txt transforms/talairach.auto.xfm
avi2talxfm done
mv -f /out/sourcedata/freesurfer/sub-v2s8x29246_ses-1/mri/talsrcimg_to_711-2C_as_mni_average_305_t4_vox2vox.txt /out/sourcedata/freesurfer/sub-v2s8x29246_ses-1/mri/transforms/talsrcimg_to_711-2C_as_mni_average_305_t4_vox2vox.txt
lta_convert --src orig_nu.mgz --trg /opt/freesurfer/average/mni305.cor.mgz --inxfm transforms/talairach.auto.xfm --outlta transforms/talairach.auto.xfm.lta --subject fsaverage
7.3.2

--src: orig_nu.mgz src image (geometry).
--trg: /opt/freesurfer/average/mni305.cor.mgz trg image (geometry).
--inmni: transforms/talairach.auto.xfm input MNI/XFM transform.
--outlta: transforms/talairach.auto.xfm.lta output LTA.
--s: fsaverage subject name
 LTA read, type : 1
 1.06346   0.00201   0.02004  -2.46303;
 0.00462   1.01400   0.47959  -1.71178;
-0.00619  -0.35533   1.09926  -4.48628;
 0.00000   0.00000   0.00000   1.00000;
setting subject to fsaverage
Writing  LTA to file transforms/talairach.auto.xfm.lta...
lta_convert successful.
 
 
Started at Sat Mar 14 03:14:47 CET 2026
Ended   at Sat Mar 14 03:15:02 CET 2026
talairach_avi done
