status file for recon-all
Sat Mar 14 02:56:58 CET 2026
#@# Tessellate lh Sat Mar 14 02:56:58 CET 2026
#@# Smooth1 lh Sat Mar 14 02:57:02 CET 2026
#@# Inflation1 lh Sat Mar 14 02:57:05 CET 2026
#@# QSphere lh Sat Mar 14 02:57:24 CET 2026
#@# Fix Topology lh Sat Mar 14 02:58:36 CET 2026
#@# Smooth2 lh Sat Mar 14 03:08:47 CET 2026
#@# Inflation2 lh Sat Mar 14 03:08:50 CET 2026
#@# Curv .H and .K lh Sat Mar 14 03:09:06 CET 2026
#@# Sphere lh Sat Mar 14 03:09:51 CET 2026
#@# Surf Reg lh Sat Mar 14 03:15:18 CET 2026
#@# Jacobian white lh Sat Mar 14 03:20:17 CET 2026
#@# AvgCurv lh Sat Mar 14 03:20:18 CET 2026
#@# Cortical Parc lh Sat Mar 14 03:20:19 CET 2026
#@# white curv lh Sat Mar 14 03:27:16 CET 2026
#@# white area lh Sat Mar 14 03:27:18 CET 2026
#@# pial curv lh Sat Mar 14 03:27:19 CET 2026
#@# pial area lh Sat Mar 14 03:27:20 CET 2026
#@# thickness lh Sat Mar 14 03:27:21 CET 2026
#@# area and vertex vol lh Sat Mar 14 03:27:51 CET 2026
#@# Curvature Stats lh Sat Mar 14 03:27:52 CET 2026
#@# Cortical Parc 2 lh Sat Mar 14 03:27:55 CET 2026
#@# Cortical Parc 3 lh Sat Mar 14 03:28:08 CET 2026
#@# WM/GM Contrast lh Sat Mar 14 03:28:18 CET 2026
recon-all -s sub-v2s8x29207_ses-1 finished without error at Sat Mar 14 03:28:23 CET 2026



#New# invocation of recon-all 



status file for recon-all
Sat Mar 14 04:06:50 CET 2026
#@# white curv lh Sat Mar 14 04:06:50 CET 2026
#@# white area lh Sat Mar 14 04:06:50 CET 2026
#@# pial curv lh Sat Mar 14 04:06:50 CET 2026
#@# pial area lh Sat Mar 14 04:06:50 CET 2026
#@# thickness lh Sat Mar 14 04:06:50 CET 2026
#@# area and vertex vol lh Sat Mar 14 04:06:50 CET 2026
#@# Parcellation Stats lh Sat Mar 14 04:06:50 CET 2026
#@# Parcellation Stats 2 lh Sat Mar 14 04:07:09 CET 2026
#@# Parcellation Stats 3 lh Sat Mar 14 04:07:19 CET 2026
#@# BA_exvivo Labels lh Sat Mar 14 04:07:29 CET 2026
recon-all -s sub-v2s8x29207_ses-1 finished without error at Sat Mar 14 04:10:23 CET 2026
