status file for recon-all
Sat Mar 14 01:10:14 CET 2026
#@# Tessellate lh Sat Mar 14 01:10:14 CET 2026
#@# Smooth1 lh Sat Mar 14 01:10:17 CET 2026
#@# Inflation1 lh Sat Mar 14 01:10:19 CET 2026
#@# QSphere lh Sat Mar 14 01:10:36 CET 2026
#@# Fix Topology lh Sat Mar 14 01:11:35 CET 2026
#@# Smooth2 lh Sat Mar 14 01:21:20 CET 2026
#@# Inflation2 lh Sat Mar 14 01:21:23 CET 2026
#@# Curv .H and .K lh Sat Mar 14 01:21:36 CET 2026
#@# Sphere lh Sat Mar 14 01:22:15 CET 2026
#@# Surf Reg lh Sat Mar 14 01:26:33 CET 2026
#@# Jacobian white lh Sat Mar 14 01:33:40 CET 2026
#@# AvgCurv lh Sat Mar 14 01:33:40 CET 2026
#@# Cortical Parc lh Sat Mar 14 01:33:41 CET 2026
#@# white curv lh Sat Mar 14 01:40:08 CET 2026
#@# white area lh Sat Mar 14 01:40:10 CET 2026
#@# pial curv lh Sat Mar 14 01:40:10 CET 2026
#@# pial area lh Sat Mar 14 01:40:12 CET 2026
#@# thickness lh Sat Mar 14 01:40:12 CET 2026
#@# area and vertex vol lh Sat Mar 14 01:40:35 CET 2026
#@# Curvature Stats lh Sat Mar 14 01:40:36 CET 2026
#@# Cortical Parc 2 lh Sat Mar 14 01:40:38 CET 2026
#@# Cortical Parc 3 lh Sat Mar 14 01:40:48 CET 2026
#@# WM/GM Contrast lh Sat Mar 14 01:40:56 CET 2026
recon-all -s sub-v2s8x29181_ses-1 finished without error at Sat Mar 14 01:40:59 CET 2026



#New# invocation of recon-all 



status file for recon-all
Sat Mar 14 02:06:37 CET 2026
#@# white curv lh Sat Mar 14 02:06:37 CET 2026
#@# white area lh Sat Mar 14 02:06:37 CET 2026
#@# pial curv lh Sat Mar 14 02:06:37 CET 2026
#@# pial area lh Sat Mar 14 02:06:37 CET 2026
#@# thickness lh Sat Mar 14 02:06:37 CET 2026
#@# area and vertex vol lh Sat Mar 14 02:06:37 CET 2026
#@# Parcellation Stats lh Sat Mar 14 02:06:37 CET 2026
#@# Parcellation Stats 2 lh Sat Mar 14 02:06:53 CET 2026
#@# Parcellation Stats 3 lh Sat Mar 14 02:07:01 CET 2026
#@# BA_exvivo Labels lh Sat Mar 14 02:07:10 CET 2026
recon-all -s sub-v2s8x29181_ses-1 finished without error at Sat Mar 14 02:09:19 CET 2026
