status file for recon-all
Sat Mar 14 01:41:01 CET 2026
#@# Tessellate rh Sat Mar 14 01:41:01 CET 2026
#@# Smooth1 rh Sat Mar 14 01:41:04 CET 2026
#@# Inflation1 rh Sat Mar 14 01:41:07 CET 2026
#@# QSphere rh Sat Mar 14 01:41:21 CET 2026
#@# Fix Topology rh Sat Mar 14 01:42:34 CET 2026
#@# Smooth2 rh Sat Mar 14 01:48:28 CET 2026
#@# Inflation2 rh Sat Mar 14 01:48:30 CET 2026
#@# Curv .H and .K rh Sat Mar 14 01:48:43 CET 2026
#@# Sphere rh Sat Mar 14 01:49:23 CET 2026
#@# Surf Reg rh Sat Mar 14 01:51:47 CET 2026
#@# Jacobian white rh Sat Mar 14 01:55:40 CET 2026
#@# AvgCurv rh Sat Mar 14 01:55:41 CET 2026
#@# Cortical Parc rh Sat Mar 14 01:55:42 CET 2026
#@# white curv rh Sat Mar 14 02:01:59 CET 2026
#@# white area rh Sat Mar 14 02:02:00 CET 2026
#@# pial curv rh Sat Mar 14 02:02:01 CET 2026
#@# pial area rh Sat Mar 14 02:02:02 CET 2026
#@# thickness rh Sat Mar 14 02:02:03 CET 2026
#@# area and vertex vol rh Sat Mar 14 02:02:24 CET 2026
#@# Curvature Stats rh Sat Mar 14 02:02:25 CET 2026
#@# Cortical Parc 2 rh Sat Mar 14 02:02:27 CET 2026
#@# Cortical Parc 3 rh Sat Mar 14 02:02:39 CET 2026
#@# WM/GM Contrast rh Sat Mar 14 02:02:47 CET 2026
recon-all -s sub-v2s8x29181_ses-1 finished without error at Sat Mar 14 02:02:49 CET 2026



#New# invocation of recon-all 



status file for recon-all
Sat Mar 14 02:09:21 CET 2026
#@# white curv rh Sat Mar 14 02:09:21 CET 2026
#@# white area rh Sat Mar 14 02:09:21 CET 2026
#@# pial curv rh Sat Mar 14 02:09:21 CET 2026
#@# pial area rh Sat Mar 14 02:09:21 CET 2026
#@# thickness rh Sat Mar 14 02:09:21 CET 2026
#@# area and vertex vol rh Sat Mar 14 02:09:21 CET 2026
#@# Parcellation Stats rh Sat Mar 14 02:09:21 CET 2026
#@# Parcellation Stats 2 rh Sat Mar 14 02:09:38 CET 2026
#@# Parcellation Stats 3 rh Sat Mar 14 02:09:47 CET 2026
#@# BA_exvivo Labels rh Sat Mar 14 02:09:56 CET 2026
recon-all -s sub-v2s8x29181_ses-1 finished without error at Sat Mar 14 02:12:04 CET 2026
