status file for recon-all
Fri Mar 13 23:46:08 CET 2026
#@# MotionCor Fri Mar 13 23:46:09 CET 2026
#@# Talairach Fri Mar 13 23:46:15 CET 2026
#@# Talairach Failure Detection Fri Mar 13 23:49:05 CET 2026
#@# Nu Intensity Correction Fri Mar 13 23:49:05 CET 2026
#@# Intensity Normalization Fri Mar 13 23:51:52 CET 2026
recon-all -s sub-v2s8x29181_ses-1 finished without error at Fri Mar 13 23:52:45 CET 2026



#New# invocation of recon-all 



status file for recon-all
Fri Mar 13 23:58:57 CET 2026
#@# EM Registration Fri Mar 13 23:58:57 CET 2026
recon-all -s sub-v2s8x29181_ses-1 finished without error at Sat Mar 14 00:01:00 CET 2026



#New# invocation of recon-all 



status file for recon-all
Sat Mar 14 00:01:04 CET 2026
#@# CA Normalize Sat Mar 14 00:01:04 CET 2026
#@# CA Reg Sat Mar 14 00:01:58 CET 2026
#@# SubCort Seg Sat Mar 14 00:43:58 CET 2026
#@# CC Seg Sat Mar 14 01:06:06 CET 2026
#@# Merge ASeg Sat Mar 14 01:06:34 CET 2026
#@# Intensity Normalization2 Sat Mar 14 01:06:34 CET 2026
#@# Mask BFS Sat Mar 14 01:07:57 CET 2026
#@# WM Segmentation Sat Mar 14 01:07:57 CET 2026
#@# Fill Sat Mar 14 01:09:31 CET 2026
recon-all -s sub-v2s8x29181_ses-1 finished without error at Sat Mar 14 01:10:08 CET 2026



#New# invocation of recon-all 



status file for recon-all
Sat Mar 14 02:02:54 CET 2026
#@# white curv lh Sat Mar 14 02:02:55 CET 2026
#@# white area lh Sat Mar 14 02:02:55 CET 2026
#@# pial curv lh Sat Mar 14 02:02:55 CET 2026
#@# pial area lh Sat Mar 14 02:02:55 CET 2026
#@# thickness lh Sat Mar 14 02:02:55 CET 2026
#@# area and vertex vol lh Sat Mar 14 02:02:55 CET 2026
#@# white curv rh Sat Mar 14 02:02:55 CET 2026
#@# white area rh Sat Mar 14 02:02:55 CET 2026
#@# pial curv rh Sat Mar 14 02:02:55 CET 2026
#@# pial area rh Sat Mar 14 02:02:55 CET 2026
#@# thickness rh Sat Mar 14 02:02:55 CET 2026
#@# area and vertex vol rh Sat Mar 14 02:02:55 CET 2026
#@# Cortical ribbon mask Sat Mar 14 02:02:55 CET 2026
recon-all -s sub-v2s8x29181_ses-1 finished without error at Sat Mar 14 02:06:33 CET 2026



#New# invocation of recon-all 



status file for recon-all
Sat Mar 14 02:12:09 CET 2026
#@# white curv lh Sat Mar 14 02:12:09 CET 2026
#@# white area lh Sat Mar 14 02:12:09 CET 2026
#@# pial curv lh Sat Mar 14 02:12:09 CET 2026
#@# pial area lh Sat Mar 14 02:12:09 CET 2026
#@# thickness lh Sat Mar 14 02:12:09 CET 2026
#@# area and vertex vol lh Sat Mar 14 02:12:09 CET 2026
#@# white curv rh Sat Mar 14 02:12:09 CET 2026
#@# white area rh Sat Mar 14 02:12:09 CET 2026
#@# pial curv rh Sat Mar 14 02:12:09 CET 2026
#@# pial area rh Sat Mar 14 02:12:09 CET 2026
#@# thickness rh Sat Mar 14 02:12:09 CET 2026
#@# area and vertex vol rh Sat Mar 14 02:12:09 CET 2026
#@# Curvature Stats lh Sat Mar 14 02:12:10 CET 2026
#@# Curvature Stats rh Sat Mar 14 02:12:11 CET 2026
#@# Relabel Hypointensities Sat Mar 14 02:12:13 CET 2026
#@# APas-to-ASeg Sat Mar 14 02:12:25 CET 2026
#@# AParc-to-ASeg aparc Sat Mar 14 02:12:32 CET 2026
#@# AParc-to-ASeg aparc.a2009s Sat Mar 14 02:13:04 CET 2026
#@# AParc-to-ASeg aparc.DKTatlas Sat Mar 14 02:13:31 CET 2026
#@# WMParc Sat Mar 14 02:14:00 CET 2026
#@# ASeg Stats Sat Mar 14 02:15:54 CET 2026
recon-all -s sub-v2s8x29181_ses-1 finished without error at Sat Mar 14 02:16:12 CET 2026
