status file for recon-all
Sat Mar 14 03:21:45 CET 2026
#@# Tessellate lh Sat Mar 14 03:21:45 CET 2026
#@# Smooth1 lh Sat Mar 14 03:21:48 CET 2026
#@# Inflation1 lh Sat Mar 14 03:21:50 CET 2026
#@# QSphere lh Sat Mar 14 03:22:02 CET 2026
#@# Fix Topology lh Sat Mar 14 03:22:43 CET 2026
#@# Smooth2 lh Sat Mar 14 03:37:09 CET 2026
#@# Inflation2 lh Sat Mar 14 03:37:12 CET 2026
#@# Curv .H and .K lh Sat Mar 14 03:37:25 CET 2026
#@# Sphere lh Sat Mar 14 03:38:03 CET 2026
#@# Surf Reg lh Sat Mar 14 03:44:37 CET 2026
#@# Jacobian white lh Sat Mar 14 03:49:47 CET 2026
#@# AvgCurv lh Sat Mar 14 03:49:48 CET 2026
#@# Cortical Parc lh Sat Mar 14 03:49:49 CET 2026
#@# white curv lh Sat Mar 14 03:54:40 CET 2026
#@# white area lh Sat Mar 14 03:54:41 CET 2026
#@# pial curv lh Sat Mar 14 03:54:42 CET 2026
#@# pial area lh Sat Mar 14 03:54:43 CET 2026
#@# thickness lh Sat Mar 14 03:54:44 CET 2026
#@# area and vertex vol lh Sat Mar 14 03:55:02 CET 2026
#@# Curvature Stats lh Sat Mar 14 03:55:03 CET 2026
#@# Cortical Parc 2 lh Sat Mar 14 03:55:05 CET 2026
#@# Cortical Parc 3 lh Sat Mar 14 03:55:15 CET 2026
#@# WM/GM Contrast lh Sat Mar 14 03:55:22 CET 2026
recon-all -s sub-v2s8x29224_ses-1 finished without error at Sat Mar 14 03:55:25 CET 2026



#New# invocation of recon-all 



status file for recon-all
Sat Mar 14 04:17:14 CET 2026
#@# white curv lh Sat Mar 14 04:17:14 CET 2026
#@# white area lh Sat Mar 14 04:17:14 CET 2026
#@# pial curv lh Sat Mar 14 04:17:14 CET 2026
#@# pial area lh Sat Mar 14 04:17:14 CET 2026
#@# thickness lh Sat Mar 14 04:17:14 CET 2026
#@# area and vertex vol lh Sat Mar 14 04:17:14 CET 2026
#@# Parcellation Stats lh Sat Mar 14 04:17:14 CET 2026
#@# Parcellation Stats 2 lh Sat Mar 14 04:17:29 CET 2026
#@# Parcellation Stats 3 lh Sat Mar 14 04:17:36 CET 2026
#@# BA_exvivo Labels lh Sat Mar 14 04:17:44 CET 2026
recon-all -s sub-v2s8x29224_ses-1 finished without error at Sat Mar 14 04:19:50 CET 2026
