/out/sourcedata/freesurfer/sub-v2s8x29252_ses-1/mri
/opt/freesurfer/bin/talairach_avi
--i orig_nu.mgz --xfm transforms/talairach.auto.xfm
talairach_avi 7.3.2
Linux dna075 5.14.0-427.37.1.el9_4.x86_64 #1 SMP PREEMPT_DYNAMIC Fri Sep 13 12:41:50 EDT 2024 x86_64 x86_64 x86_64 GNU/Linux
Sat Mar 14 03:28:58 CET 2026
mri_convert orig_nu.mgz talsrcimg.img 
reading from orig_nu.mgz...
TR=0.00, TE=0.00, TI=0.00, flip angle=0.00
i_ras = (-1, 0, 0)
j_ras = (0, 0, -1)
k_ras = (0, 1, 0)
writing to talsrcimg.img...
Analyze Output Matrix
-1.00000   0.00000   0.00000   139.06271;
 0.00000   0.00000   1.00000  -128.72290;
 0.00000  -1.00000   0.00000   122.04819;
 0.00000   0.00000   0.00000   1.00000;
--------------------
INFO: set hdr.hist.orient to -1
mpr2mni305 talsrcimg
Sat Mar 14 03:28:58 CET 2026
/opt/freesurfer/bin/mpr2mni305 talsrcimg
mpr2mni305 7.3.2
target=711-2C_as_mni_average_305

---------------------------------------------------------------------
analyzeto4dfp talsrcimg -O0 -y
---------------------------------------------------------------------

freesurfer ifh2hdr.c
Sat Mar 14 03:28:58 2026
Writing: talsrcimg.4dfp.hdr
freesurfer analyzeto4dfp.c
Reading: talsrcimg.hdr
header size 348 bytes
hdr.dime.datatype	offset=70	value=2
hdr.dime.bitpix		offset=72	value=8
hdr.hist.orient		offset=252	value=-1
dimensionality     4
dimensions       256       256       256         1
Reading: talsrcimg.img
Writing: talsrcimg.4dfp.img
Writing: talsrcimg.4dfp.ifh
ifh2hdr talsrcimg -r0to209
ori=2

---------------------------------------------------------------------
gauss_4dfp talsrcimg 1.1
---------------------------------------------------------------------

freesurfer gauss_4dfp.c
Reading: talsrcimg.4dfp.img
Writing: talsrcimg_g11.4dfp.img
image dimensions 256 256 256 padded to 288 288 288
processing volume 1freesurfer ifh2hdr.c
Sat Mar 14 03:29:00 2026
Writing: talsrcimg_g11.4dfp.hdr

Writing: talsrcimg_g11.4dfp.ifh
including: talsrcimg.4dfp.img.rec in talsrcimg_g11.4dfp.img.rec

---------------------------------------------------------------------
imgreg_4dfp /opt/freesurfer/average/711-2C_as_mni_average_305 none talsrcimg_g11 none talsrcimg_to_711-2C_as_mni_average_305_t4 4355
---------------------------------------------------------------------

freesurfer imgreg_4dfp.c
/opt/freesurfer/average/711-2C_as_mni_average_305.4dfp.img
       256       256       256         1
  1.000000  1.000000  1.000000
orientation T byte_order littleendian
Reading image: /opt/freesurfer/average/711-2C_as_mni_average_305.4dfp.img
dimensions:      256       256       256
mmppix:       1.0000   -1.0000   -1.0000
center:     128.0000 -129.0000 -129.0000
talsrcimg_g11.4dfp.img
       256       256       256         1
  1.000000  1.000000  1.000000
orientation T byte_order littleendian
Reading image: talsrcimg_g11.4dfp.img
dimensions:      256       256       256
mmppix:       1.0000   -1.0000   -1.0000
center:     128.0000 -129.0000 -129.0000
t4_read: open error in t4_sub.f l:  41 t4_file(1:l)talsrcimg_to_711-2C_as_mni_average_305_t4 
t4_read: transform initialized to I4
rotation matrix determinant  1.000000
image alignment mode   4355 decimal     1103 hex
   -7.5000  -45.0000  -45.0000 7361.8438   19.1570
    0.0000  -45.0000  -45.0000 7610.7949   19.1385
    7.5000  -45.0000  -45.0000 7235.5415   19.0977
   -7.5000  -37.5000  -45.0000 8015.5425   18.9293
    0.0000  -37.5000  -45.0000 8294.8447   18.9062
    7.5000  -37.5000  -45.0000 7846.5898   18.8675
   -7.5000  -30.0000  -45.0000 9010.0352   18.8625
    0.0000  -30.0000  -45.0000 9339.6709   18.8456
    7.5000  -30.0000  -45.0000 8817.3730   18.8066
   -7.5000  -22.5000  -45.0000 9966.7354   18.8328
    0.0000  -22.5000  -45.000010313.3174   18.8278
    7.5000  -22.5000  -45.0000 9766.2734   18.7861
   -7.5000  -15.0000  -45.000010820.5391   18.8420
    0.0000  -15.0000  -45.000011175.7363   18.8429
    7.5000  -15.0000  -45.000010576.4346   18.7979
   -7.5000   -7.5000  -45.000011586.9209   18.8467
    0.0000   -7.5000  -45.000011957.1660   18.8392
    7.5000   -7.5000  -45.000011331.7412   18.7956
   -7.5000    0.0000  -45.000012319.1436   18.8402
    0.0000    0.0000  -45.000012714.7822   18.8202
    7.5000    0.0000  -45.000012046.9307   18.7803
   -7.5000    7.5000  -45.000012071.6943   18.8321
    0.0000    7.5000  -45.000012485.0039   18.8082
    7.5000    7.5000  -45.000011816.6133   18.7696
   -7.5000   15.0000  -45.000011686.7363   18.8286
    0.0000   15.0000  -45.000012096.0254   18.8113
    7.5000   15.0000  -45.000011464.4414   18.7724
   -7.5000   22.5000  -45.000011257.8320   18.8294
    0.0000   22.5000  -45.000011656.7402   18.8244
    7.5000   22.5000  -45.000011048.0771   18.7827
   -7.5000   30.0000  -45.000010790.6475   18.5909
    0.0000   30.0000  -45.000011151.9785   18.5918
    7.5000   30.0000  -45.000010573.9004   18.5474
   -7.5000   37.5000  -45.000010444.4717   18.5955
    0.0000   37.5000  -45.000010767.2529   18.5882
    7.5000   37.5000  -45.000010220.1875   18.5451
   -7.5000   45.0000  -45.0000 9655.0156   18.1171
    0.0000   45.0000  -45.0000 9923.9736   18.0979
    7.5000   45.0000  -45.0000 9440.5566   18.0595
   -7.5000  -45.0000  -37.5000 7832.4526   19.1309
    0.0000  -45.0000  -37.5000 8104.8657   19.1178
    7.5000  -45.0000  -37.5000 7693.7710   19.0884
   -7.5000  -37.5000  -37.5000 8535.1914   18.9038
    0.0000  -37.5000  -37.5000 8824.7344   18.8865
    7.5000  -37.5000  -37.5000 8363.3301   18.8564
   -7.5000  -30.0000  -37.5000 9571.7803   18.8348
    0.0000  -30.0000  -37.5000 9906.6982   18.8233
    7.5000  -30.0000  -37.5000 9390.6484   18.7932
   -7.5000  -22.5000  -37.500010607.2109   18.8030
    0.0000  -22.5000  -37.500010950.1797   18.8027
    7.5000  -22.5000  -37.500010384.1367   18.7720
   -7.5000  -15.0000  -37.500011503.6445   18.8115
    0.0000  -15.0000  -37.500011865.2832   18.8163
    7.5000  -15.0000  -37.500011224.6143   18.7847
   -7.5000   -7.5000  -37.500012307.1572   18.8182
    0.0000   -7.5000  -37.500012689.0352   18.8150
    7.5000   -7.5000  -37.500012007.3086   18.7850
   -7.5000    0.0000  -37.500013066.7764   18.8147
    0.0000    0.0000  -37.500013478.8105   18.8000
    7.5000    0.0000  -37.500012733.2617   18.7711
   -7.5000    7.5000  -37.500012772.2510   18.8066
    0.0000    7.5000  -37.500013179.5146   18.7883
    7.5000    7.5000  -37.500012445.7236   18.7583
   -7.5000   15.0000  -37.500012354.4600   18.8007
    0.0000   15.0000  -37.500012767.4766   18.7889
    7.5000   15.0000  -37.500012042.5078   18.7588
   -7.5000   22.5000  -37.500011898.8320   18.7996
    0.0000   22.5000  -37.500012293.7266   18.7994
    7.5000   22.5000  -37.500011595.3750   18.7686
   -7.5000   30.0000  -37.500011372.9814   18.5608
    0.0000   30.0000  -37.500011726.8955   18.5656
    7.5000   30.0000  -37.500011082.7705   18.5344
   -7.5000   37.5000  -37.500010993.3555   18.5674
    0.0000   37.5000  -37.500011305.4746   18.5643
    7.5000   37.5000  -37.500010701.3682   18.5347
   -7.5000   45.0000  -37.500010116.4961   18.0926
    0.0000   45.0000  -37.500010402.1191   18.0784
    7.5000   45.0000  -37.5000 9862.3262   18.0507
   -7.5000  -45.0000  -30.0000 8435.0225   19.9398
    0.0000  -45.0000  -30.0000 8729.4707   19.9376
    7.5000  -45.0000  -30.0000 8290.4131   19.9085
   -7.5000  -37.5000  -30.0000 9188.8506   19.6987
    0.0000  -37.5000  -30.0000 9511.5391   19.6911
    7.5000  -37.5000  -30.0000 9026.3330   19.6601
   -7.5000  -30.0000  -30.000010298.1738   19.6294
    0.0000  -30.0000  -30.000010644.8203   19.6237
    7.5000  -30.0000  -30.000010109.4570   19.5930
   -7.5000  -22.5000  -30.000011367.7197   19.6040
    0.0000  -22.5000  -30.000011754.1797   19.6069
    7.5000  -22.5000  -30.000011145.6660   19.5778
   -7.5000  -15.0000  -30.000012338.6631   19.6170
    0.0000  -15.0000  -30.000012728.1133   19.6254
    7.5000  -15.0000  -30.000012049.7783   19.5983
   -7.5000   -7.5000  -30.000013219.6250   19.6202
    0.0000   -7.5000  -30.000013609.5117   19.6242
    7.5000   -7.5000  -30.000012866.6230   19.5978
   -7.5000    0.0000  -30.000014006.9053   19.6098
    0.0000    0.0000  -30.000014426.0342   19.6056
    7.5000    0.0000  -30.000013596.3711   19.5771
   -7.5000    7.5000  -30.000013684.3574   19.5970
    0.0000    7.5000  -30.000014115.8516   19.5884
    7.5000    7.5000  -30.000013289.4268   19.5575
   -7.5000   15.0000  -30.000013233.3906   19.5936
    0.0000   15.0000  -30.000013665.6650   19.5877
    7.5000   15.0000  -30.000012855.1836   19.5570
   -7.5000   22.5000  -30.000012713.8799   19.5985
    0.0000   22.5000  -30.000013133.6309   19.6013
    7.5000   22.5000  -30.000012357.8145   19.5723
   -7.5000   30.0000  -30.000012092.6436   19.3574
    0.0000   30.0000  -30.000012478.7881   19.3657
    7.5000   30.0000  -30.000011755.0264   19.3390
   -7.5000   37.5000  -30.000011669.5605   19.3606
    0.0000   37.5000  -30.000012025.6670   19.3645
    7.5000   37.5000  -30.000011366.4307   19.3385
   -7.5000   45.0000  -30.000010727.9199   18.8711
    0.0000   45.0000  -30.000011086.2129   18.8670
    7.5000   45.0000  -30.000010489.3457   18.8395
   -7.5000  -45.0000  -22.5000 9046.8115   20.6429
    0.0000  -45.0000  -22.5000 9363.1523   20.6457
    7.5000  -45.0000  -22.5000 8890.8906   20.6023
   -7.5000  -37.5000  -22.5000 9829.3281   20.3904
    0.0000  -37.5000  -22.500010186.2178   20.3857
    7.5000  -37.5000  -22.5000 9665.5889   20.3424
   -7.5000  -30.0000  -22.500010963.7773   20.3231
    0.0000  -30.0000  -22.500011382.6416   20.3163
    7.5000  -30.0000  -22.500010805.7568   20.2737
   -7.5000  -22.5000  -22.500012088.4512   20.3045
    0.0000  -22.5000  -22.500012537.6846   20.3046
    7.5000  -22.5000  -22.500011914.1250   20.2641
   -7.5000  -15.0000  -22.500013120.8779   20.3210
    0.0000  -15.0000  -22.500013574.1182   20.3291
    7.5000  -15.0000  -22.500012865.6758   20.2904
   -7.5000   -7.5000  -22.500014055.1709   20.3193
    0.0000   -7.5000  -22.500014505.4424   20.3264
    7.5000   -7.5000  -22.500013725.3340   20.2867
   -7.5000    0.0000  -22.500014865.3936   20.3011
    0.0000    0.0000  -22.500015367.4951   20.3017
    7.5000    0.0000  -22.500014476.9854   20.2594
   -7.5000    7.5000  -22.500014505.8184   20.2852
    0.0000    7.5000  -22.500015051.5850   20.2795
    7.5000    7.5000  -22.500014149.7207   20.2364
   -7.5000   15.0000  -22.500014026.2051   20.2861
    0.0000   15.0000  -22.500014561.4443   20.2790
    7.5000   15.0000  -22.500013667.8506   20.2366
   -7.5000   22.5000  -22.500013441.0420   20.2975
    0.0000   22.5000  -22.500013947.7773   20.2975
    7.5000   22.5000  -22.500013093.5186   20.2570
   -7.5000   30.0000  -22.500012779.2002   20.0552
    0.0000   30.0000  -22.500013232.6816   20.0631
    7.5000   30.0000  -22.500012460.6943   20.0250
   -7.5000   37.5000  -22.500012318.0137   20.0535
    0.0000   37.5000  -22.500012749.8447   20.0605
    7.5000   37.5000  -22.500012052.8701   20.0213
   -7.5000   45.0000  -22.500011315.9600   19.5510
    0.0000   45.0000  -22.500011722.7910   19.5515
    7.5000   45.0000  -22.500011101.8936   19.5108
   -7.5000  -45.0000  -15.0000 9618.9834   21.1514
    0.0000  -45.0000  -15.0000 9989.5830   21.1475
    7.5000  -45.0000  -15.0000 9462.9580   21.0882
   -7.5000  -37.5000  -15.000010429.8506   20.8923
    0.0000  -37.5000  -15.000010831.6025   20.8805
    7.5000  -37.5000  -15.000010254.0850   20.8250
   -7.5000  -30.0000  -15.000011640.5020   20.8248
    0.0000  -30.0000  -15.000012087.8682   20.8108
    7.5000  -30.0000  -15.000011464.6240   20.7566
   -7.5000  -22.5000  -15.000012794.0410   20.8073
    0.0000  -22.5000  -15.000013278.2637   20.8014
    7.5000  -22.5000  -15.000012629.0537   20.7468
   -7.5000  -15.0000  -15.000013878.7959   20.8248
    0.0000  -15.0000  -15.000014375.0684   20.8285
    7.5000  -15.0000  -15.000013653.1260   20.7725
   -7.5000   -7.5000  -15.000014896.1768   20.8219
    0.0000   -7.5000  -15.000015400.9668   20.8240
    7.5000   -7.5000  -15.000014559.9922   20.7663
   -7.5000    0.0000  -15.000015745.1523   20.8013
    0.0000    0.0000  -15.000016303.1875   20.7953
    7.5000    0.0000  -15.000015373.3398   20.7376
   -7.5000    7.5000  -15.000015326.8125   20.7848
    0.0000    7.5000  -15.000015946.5811   20.7721
    7.5000    7.5000  -15.000015038.0342   20.7169
   -7.5000   15.0000  -15.000014807.6865   20.7871
    0.0000   15.0000  -15.000015419.8809   20.7729
    7.5000   15.0000  -15.000014516.7539   20.7189
   -7.5000   22.5000  -15.000014162.6953   20.7991
    0.0000   22.5000  -15.000014710.6846   20.7932
    7.5000   22.5000  -15.000013861.8398   20.7386
   -7.5000   30.0000  -15.000013430.5176   20.5553
    0.0000   30.0000  -15.000013913.4102   20.5590
    7.5000   30.0000  -15.000013145.3770   20.5037
   -7.5000   37.5000  -15.000012944.5127   20.5524
    0.0000   37.5000  -15.000013407.1055   20.5545
    7.5000   37.5000  -15.000012693.9697   20.4975
   -7.5000   45.0000  -15.000011887.1611   20.0447
    0.0000   45.0000  -15.000012323.8213   20.0390
    7.5000   45.0000  -15.000011678.3770   19.9834
   -7.5000  -45.0000   -7.500010194.1201   21.3890
    0.0000  -45.0000   -7.500010561.1738   21.3739
    7.5000  -45.0000   -7.500010016.2305   21.3154
   -7.5000  -37.5000   -7.500011047.4092   21.1308
    0.0000  -37.5000   -7.500011464.1221   21.1094
    7.5000  -37.5000   -7.500010876.1572   21.0555
   -7.5000  -30.0000   -7.500012314.9189   21.0605
    0.0000  -30.0000   -7.500012775.0898   21.0416
    7.5000  -30.0000   -7.500012145.4658   20.9882
   -7.5000  -22.5000   -7.500013520.8330   21.0364
    0.0000  -22.5000   -7.500014024.5361   21.0283
    7.5000  -22.5000   -7.500013362.2227   20.9718
   -7.5000  -15.0000   -7.500014665.8750   21.0508
    0.0000  -15.0000   -7.500015191.3203   21.0510
    7.5000  -15.0000   -7.500014464.6318   20.9905
   -7.5000   -7.5000   -7.500015793.0820   21.0510
    0.0000   -7.5000   -7.500016367.0908   21.0454
    7.5000   -7.5000   -7.500015433.7725   20.9846
   -7.5000    0.0000   -7.500016781.8594   21.0354
    0.0000    0.0000   -7.500017453.9570   21.0186
    7.5000    0.0000   -7.500016401.4766   20.9615
   -7.5000    7.5000   -7.500016305.1260   21.0225
    0.0000    7.5000   -7.500016967.2305   21.0001
    7.5000    7.5000   -7.500016049.5195   20.9464
   -7.5000   15.0000   -7.500015666.3076   21.0226
    0.0000   15.0000   -7.500016282.6562   21.0034
    7.5000   15.0000   -7.500015462.4971   20.9501
   -7.5000   22.5000   -7.500014902.9951   21.0258
    0.0000   22.5000   -7.500015470.0059   21.0177
    7.5000   22.5000   -7.500014674.7295   20.9613
   -7.5000   30.0000   -7.500014119.5400   20.7778
    0.0000   30.0000   -7.500014665.2480   20.7780
    7.5000   30.0000   -7.500013875.9746   20.7183
   -7.5000   37.5000   -7.500013621.7070   20.7780
    0.0000   37.5000   -7.500014148.5576   20.7725
    7.5000   37.5000   -7.500013380.4932   20.7125
   -7.5000   45.0000   -7.500012519.1875   20.2742
    0.0000   45.0000   -7.500013001.1006   20.2579
    7.5000   45.0000   -7.500012308.7822   20.2029
   -7.5000  -45.0000    0.000010674.9053   21.4136
    0.0000  -45.0000    0.000011054.1484   21.3929
    7.5000  -45.0000    0.000010498.9033   21.3474
   -7.5000  -37.5000    0.000011542.9824   21.1599
    0.0000  -37.5000    0.000011977.4463   21.1342
    7.5000  -37.5000    0.000011386.0146   21.0911
   -7.5000  -30.0000    0.000012837.9570   21.0852
    0.0000  -30.0000    0.000013327.5684   21.0662
    7.5000  -30.0000    0.000012683.8760   21.0228
   -7.5000  -22.5000    0.000014083.3613   21.0510
    0.0000  -22.5000    0.000014613.2334   21.0455
    7.5000  -22.5000    0.000013934.5938   20.9989
   -7.5000  -15.0000    0.000015259.0225   21.0605
    0.0000  -15.0000    0.000015814.2627   21.0616
    7.5000  -15.0000    0.000015094.3428   21.0111
   -7.5000   -7.5000    0.000016468.0215   21.0660
    0.0000   -7.5000    0.000017062.8379   21.0577
    7.5000   -7.5000    0.000016185.3398   21.0089
   -7.5000    0.0000    0.000017530.0664   21.0598
    0.0000    0.0000    0.000018182.4414   21.0376
    7.5000    0.0000    0.000017249.5059   20.9930
   -7.5000    7.5000    0.000016962.5332   21.0515
    0.0000    7.5000    0.000017634.4121   21.0248
    7.5000    7.5000    0.000016868.0742   20.9818
   -7.5000   15.0000    0.000016201.6602   21.0473
    0.0000   15.0000    0.000016891.5605   21.0280
    7.5000   15.0000    0.000016198.1445   20.9846
   -7.5000   22.5000    0.000015407.6094   21.0404
    0.0000   22.5000    0.000016072.8467   21.0349
    7.5000   22.5000    0.000015356.0576   20.9883
   -7.5000   30.0000    0.000014632.3340   20.7879
    0.0000   30.0000    0.000015246.1016   20.7890
    7.5000   30.0000    0.000014445.0049   20.7392
   -7.5000   37.5000    0.000014155.0635   20.7934
    0.0000   37.5000    0.000014692.0127   20.7852
    7.5000   37.5000    0.000013913.7812   20.7370
   -7.5000   45.0000    0.000013038.2500   20.2993
    0.0000   45.0000    0.000013492.5430   20.2778
    7.5000   45.0000    0.000012808.4619   20.2349
   -7.5000  -45.0000    7.500010307.1289   21.4070
    0.0000  -45.0000    7.500010689.7549   21.3923
    7.5000  -45.0000    7.500010166.9717   21.3594
   -7.5000  -37.5000    7.500011145.1523   21.1527
    0.0000  -37.5000    7.500011537.1357   21.1333
    7.5000  -37.5000    7.500011010.3223   21.0997
   -7.5000  -30.0000    7.500012381.9082   21.0754
    0.0000  -30.0000    7.500012819.9023   21.0625
    7.5000  -30.0000    7.500012230.6270   21.0288
   -7.5000  -22.5000    7.500013564.6523   21.0398
    0.0000  -22.5000    7.500014026.9346   21.0395
    7.5000  -22.5000    7.500013419.8564   21.0050
   -7.5000  -15.0000    7.500014673.0439   21.0494
    0.0000  -15.0000    7.500015144.7324   21.0547
    7.5000  -15.0000    7.500014530.9463   21.0194
   -7.5000   -7.5000    7.500015714.0869   21.0570
    0.0000   -7.5000    7.500016255.8643   21.0534
    7.5000   -7.5000    7.500015587.6221   21.0199
   -7.5000    0.0000    7.500016684.5801   21.0531
    0.0000    0.0000    7.500017264.6836   21.0366
    7.5000    0.0000    7.500016542.4961   21.0044
   -7.5000    7.5000    7.500016347.2295   21.0439
    0.0000    7.5000    7.500016961.5352   21.0235
    7.5000    7.5000    7.500016163.3271   20.9899
   -7.5000   15.0000    7.500015842.4463   21.0373
    0.0000   15.0000    7.500016436.5410   21.0240
    7.5000   15.0000    7.500015612.4092   20.9903
   -7.5000   22.5000    7.500015062.4326   21.0292
    0.0000   22.5000    7.500015624.1260   21.0289
    7.5000   22.5000    7.500014827.3027   20.9944
   -7.5000   30.0000    7.500014223.6992   20.7770
    0.0000   30.0000    7.500014713.6504   20.7822
    7.5000   30.0000    7.500013910.8203   20.7473
   -7.5000   37.5000    7.500013692.8623   20.7845
    0.0000   37.5000    7.500014101.2227   20.7809
    7.5000   37.5000    7.500013367.8330   20.7478
   -7.5000   45.0000    7.500012595.8877   20.2928
    0.0000   45.0000    7.500012960.6904   20.2769
    7.5000   45.0000    7.500012331.4785   20.2458
   -7.5000  -45.0000   15.0000 9790.3662   21.4434
    0.0000  -45.0000   15.000010134.6592   21.4413
    7.5000  -45.0000   15.0000 9666.9873   21.4102
   -7.5000  -37.5000   15.000010545.0791   21.1837
    0.0000  -37.5000   15.000010951.9580   21.1757
    7.5000  -37.5000   15.000010458.8271   21.1426
   -7.5000  -30.0000   15.000011717.0732   21.1091
    0.0000  -30.0000   15.000012158.5381   21.1032
    7.5000  -30.0000   15.000011629.8281   21.0704
   -7.5000  -22.5000   15.000012823.5342   21.0819
    0.0000  -22.5000   15.000013276.9521   21.0852
    7.5000  -22.5000   15.000012745.9375   21.0543
   -7.5000  -15.0000   15.000013854.0195   21.0960
    0.0000  -15.0000   15.000014336.8613   21.1053
    7.5000  -15.0000   15.000013771.1621   21.0765
   -7.5000   -7.5000   15.000014879.9229   21.0993
    0.0000   -7.5000   15.000015388.3809   21.1039
    7.5000   -7.5000   15.000014757.1504   21.0758
   -7.5000    0.0000   15.000015882.4727   21.0881
    0.0000    0.0000   15.000016312.3096   21.0838
    7.5000    0.0000   15.000015644.9873   21.0533
   -7.5000    7.5000   15.000015702.5225   21.0742
    0.0000    7.5000   15.000016067.2314   21.0652
    7.5000    7.5000   15.000015345.1035   21.0322
   -7.5000   15.0000   15.000015344.0898   21.0706
    0.0000   15.0000   15.000015627.9277   21.0644
    7.5000   15.0000   15.000014878.2061   21.0316
   -7.5000   22.5000   15.000014684.8652   21.0714
    0.0000   22.5000   15.000014928.2188   21.0746
    7.5000   22.5000   15.000014184.8125   21.0437
   -7.5000   30.0000   15.000013790.1533   20.8230
    0.0000   30.0000   15.000014042.3564   20.8321
    7.5000   30.0000   15.000013262.3115   20.8037
   -7.5000   37.5000   15.000013165.8916   20.8263
    0.0000   37.5000   15.000013431.6738   20.8308
    7.5000   37.5000   15.000012700.6484   20.8030
   -7.5000   45.0000   15.000012017.4561   20.3265
    0.0000   45.0000   15.000012320.7373   20.3224
    7.5000   45.0000   15.000011674.3213   20.2930
   -7.5000  -45.0000   22.5000 9166.5635   21.5282
    0.0000  -45.0000   22.5000 9523.8408   21.5324
    7.5000  -45.0000   22.5000 9058.9707   21.4876
   -7.5000  -37.5000   22.5000 9892.2480   21.2636
    0.0000  -37.5000   22.500010270.4326   21.2599
    7.5000  -37.5000   22.5000 9806.3086   21.2153
   -7.5000  -30.0000   22.500011005.7236   21.1934
    0.0000  -30.0000   22.500011401.6807   21.1874
    7.5000  -30.0000   22.500010913.1445   21.1438
   -7.5000  -22.5000   22.500012078.7666   21.1747
    0.0000  -22.5000   22.500012491.9238   21.1759
    7.5000  -22.5000   22.500011958.9697   21.1345
   -7.5000  -15.0000   22.500013089.3711   21.1922
    0.0000  -15.0000   22.500013529.1436   21.2018
    7.5000  -15.0000   22.500012927.6094   21.1623
   -7.5000   -7.5000   22.500014073.1533   21.1899
    0.0000   -7.5000   22.500014514.8330   21.1986
    7.5000   -7.5000   22.500013841.9668   21.1579
   -7.5000    0.0000   22.500014984.9453   21.1704
    0.0000    0.0000   22.500015381.7881   21.1721
    7.5000    0.0000   22.500014674.7900   21.1286
   -7.5000    7.5000   22.500014753.5869   21.1534
    0.0000    7.5000   22.500015156.5820   21.1486
    7.5000    7.5000   22.500014418.2607   21.1043
   -7.5000   15.0000   22.500014315.7627   21.1547
    0.0000   15.0000   22.500014715.9189   21.1484
    7.5000   15.0000   22.500013988.7783   21.1050
   -7.5000   22.5000   22.500013649.0762   21.1641
    0.0000   22.5000   22.500014045.9785   21.1653
    7.5000   22.5000   22.500013328.5684   21.1239
   -7.5000   30.0000   22.500012813.2461   20.9179
    0.0000   30.0000   22.500013190.2295   20.9274
    7.5000   30.0000   22.500012451.9463   20.8884
   -7.5000   37.5000   22.500012281.7354   20.9157
    0.0000   37.5000   22.500012641.0518   20.9243
    7.5000   37.5000   22.500011949.6611   20.8841
   -7.5000   45.0000   22.500011238.7734   20.4058
    0.0000   45.0000   22.500011591.8838   20.4075
    7.5000   45.0000   22.500010985.3438   20.3656
   -7.5000  -45.0000   30.0000 8530.6465   21.7248
    0.0000  -45.0000   30.0000 8843.7041   21.7229
    7.5000  -45.0000   30.0000 8416.7881   21.6627
   -7.5000  -37.5000   30.0000 9223.3848   21.4568
    0.0000  -37.5000   30.0000 9566.3672   21.4467
    7.5000  -37.5000   30.0000 9077.5654   21.3905
   -7.5000  -30.0000   30.000010274.7090   21.3873
    0.0000  -30.0000   30.000010637.3867   21.3749
    7.5000  -30.0000   30.000010083.7227   21.3201
   -7.5000  -22.5000   30.000011300.3857   21.3693
    0.0000  -22.5000   30.000011691.4570   21.3653
    7.5000  -22.5000   30.000011085.2031   21.3100
   -7.5000  -15.0000   30.000012219.3115   21.3871
    0.0000  -15.0000   30.000012659.4600   21.3931
    7.5000  -15.0000   30.000011991.5840   21.3364
   -7.5000   -7.5000   30.000013091.5684   21.3834
    0.0000   -7.5000   30.000013525.0410   21.3877
    7.5000   -7.5000   30.000012809.7227   21.3292
   -7.5000    0.0000   30.000013886.6172   21.3616
    0.0000    0.0000   30.000014299.1152   21.3575
    7.5000    0.0000   30.000013586.6855   21.2989
   -7.5000    7.5000   30.000013635.8662   21.3450
    0.0000    7.5000   30.000014071.8936   21.3338
    7.5000    7.5000   30.000013377.9346   21.2779
   -7.5000   15.0000   30.000013215.3320   21.3481
    0.0000   15.0000   30.000013658.0762   21.3354
    7.5000   15.0000   30.000012993.0049   21.2808
   -7.5000   22.5000   30.000012595.7207   21.3586
    0.0000   22.5000   30.000013023.5176   21.3545
    7.5000   22.5000   30.000012387.7500   21.2993
   -7.5000   30.0000   30.000011813.2979   21.1104
    0.0000   30.0000   30.000012190.2793   21.1162
    7.5000   30.0000   30.000011548.9932   21.0602
   -7.5000   37.5000   30.000011348.4023   21.1067
    0.0000   37.5000   30.000011691.3672   21.1109
    7.5000   37.5000   30.000011087.7002   21.0531
   -7.5000   45.0000   30.000010403.4922   20.5901
    0.0000   45.0000   30.000010720.6318   20.5862
    7.5000   45.0000   30.000010186.9951   20.5297
   -7.5000  -45.0000   37.5000 8179.1313   22.0486
    0.0000  -45.0000   37.5000 8479.7236   22.0361
    7.5000  -45.0000   37.5000 8060.9302   21.9765
   -7.5000  -37.5000   37.5000 8864.5137   21.7794
    0.0000  -37.5000   37.5000 9190.6631   21.7603
    7.5000  -37.5000   37.5000 8703.7314   21.7053
   -7.5000  -30.0000   37.5000 9850.5898   21.7070
    0.0000  -30.0000   37.500010235.7529   21.6904
    7.5000  -30.0000   37.5000 9667.4561   21.6358
   -7.5000  -22.5000   37.500010815.1943   21.6822
    0.0000  -22.5000   37.500011237.9043   21.6769
    7.5000  -22.5000   37.500010631.8447   21.6192
   -7.5000  -15.0000   37.500011705.1328   21.6964
    0.0000  -15.0000   37.500012150.7178   21.6996
    7.5000  -15.0000   37.500011504.2480   21.6379
   -7.5000   -7.5000   37.500012527.1826   21.6943
    0.0000   -7.5000   37.500012958.0342   21.6916
    7.5000   -7.5000   37.500012284.2139   21.6297
   -7.5000    0.0000   37.500013238.8174   21.6769
    0.0000    0.0000   37.500013692.9434   21.6624
    7.5000    0.0000   37.500012993.4678   21.6043
   -7.5000    7.5000   37.500012984.5947   21.6646
    0.0000    7.5000   37.500013443.2412   21.6444
    7.5000    7.5000   37.500012776.6064   21.5896
   -7.5000   15.0000   37.500012618.9668   21.6668
    0.0000   15.0000   37.500013058.1338   21.6499
    7.5000   15.0000   37.500012449.0928   21.5955
   -7.5000   22.5000   37.500012050.8174   21.6712
    0.0000   22.5000   37.500012478.8828   21.6659
    7.5000   22.5000   37.500011904.5703   21.6082
   -7.5000   30.0000   37.500011286.2441   21.4156
    0.0000   30.0000   37.500011687.8320   21.4188
    7.5000   30.0000   37.500011096.8398   21.3578
   -7.5000   37.5000   37.500010851.0547   21.4136
    0.0000   37.5000   37.500011218.7275   21.4109
    7.5000   37.5000   37.500010652.8887   21.3498
   -7.5000   45.0000   37.5000 9967.9219   20.8940
    0.0000   45.0000   37.500010283.3389   20.8801
    7.5000   45.0000   37.5000 9783.5459   20.8241
   -7.5000  -45.0000   45.0000 7467.7114   22.4178
    0.0000  -45.0000   45.0000 7744.3755   22.3986
    7.5000  -45.0000   45.0000 7358.9878   22.3563
   -7.5000  -37.5000   45.0000 8080.3574   22.1475
    0.0000  -37.5000   45.0000 8397.5586   22.1232
    7.5000  -37.5000   45.0000 7967.4409   22.0820
   -7.5000  -30.0000   45.0000 8988.7324   22.0667
    0.0000  -30.0000   45.0000 9342.7500   22.0503
    7.5000  -30.0000   45.0000 8844.0605   22.0086
   -7.5000  -22.5000   45.0000 9861.9609   22.0276
    0.0000  -22.5000   45.000010257.2441   22.0259
    7.5000  -22.5000   45.0000 9717.7422   21.9823
   -7.5000  -15.0000   45.000010684.7656   22.0352
    0.0000  -15.0000   45.000011115.1934   22.0403
    7.5000  -15.0000   45.000010528.2178   21.9939
   -7.5000   -7.5000   45.000011421.7695   22.0401
    0.0000   -7.5000   45.000011864.0840   22.0346
    7.5000   -7.5000   45.000011266.5176   21.9897
   -7.5000    0.0000   45.000012078.1387   22.0347
    0.0000    0.0000   45.000012526.3994   22.0136
    7.5000    0.0000   45.000011906.3730   21.9721
   -7.5000    7.5000   45.000011826.4580   22.0279
    0.0000    7.5000   45.000012249.9590   22.0025
    7.5000    7.5000   45.000011674.8955   21.9614
   -7.5000   15.0000   45.000011504.3320   22.0249
    0.0000   15.0000   45.000011909.3203   22.0081
    7.5000   15.0000   45.000011367.5586   21.9665
   -7.5000   22.5000   45.000011012.0234   22.0164
    0.0000   22.5000   45.000011395.3418   22.0147
    7.5000   22.5000   45.000010890.2510   21.9711
   -7.5000   30.0000   45.000010313.0664   21.7481
    0.0000   30.0000   45.000010666.4951   21.7532
    7.5000   30.0000   45.000010190.9863   21.7074
   -7.5000   37.5000   45.0000 9941.3184   21.7530
    0.0000   37.5000   45.000010283.1709   21.7475
    7.5000   37.5000   45.0000 9812.7002   21.7033
   -7.5000   45.0000   45.0000 9122.8066   21.2485
    0.0000   45.0000   45.0000 9433.9326   21.2282
    7.5000   45.0000   45.0000 8991.6260   21.1882

---------------------------------------------------------------------
imgreg_4dfp /opt/freesurfer/average/711-2C_as_mni_average_305 /opt/freesurfer/average/711-2B_as_mni_average_305_mask talsrcimg_g11 none talsrcimg_to_711-2C_as_mni_average_305_t4 4355
---------------------------------------------------------------------

freesurfer imgreg_4dfp.c
/opt/freesurfer/average/711-2C_as_mni_average_305.4dfp.img
       256       256       256         1
  1.000000  1.000000  1.000000
orientation T byte_order littleendian
Reading image: /opt/freesurfer/average/711-2C_as_mni_average_305.4dfp.img
dimensions:      256       256       256
mmppix:       1.0000   -1.0000   -1.0000
center:     128.0000 -129.0000 -129.0000
/opt/freesurfer/average/711-2B_as_mni_average_305_mask.4dfp.img
       256       256       256         1
  1.000000  1.000000  1.000000
orientation T byte_order littleendian
Reading mask: /opt/freesurfer/average/711-2B_as_mni_average_305_mask.4dfp.img (2306576 pixels)
talsrcimg_g11.4dfp.img
       256       256       256         1
  1.000000  1.000000  1.000000
orientation T byte_order littleendian
Reading image: talsrcimg_g11.4dfp.img
dimensions:      256       256       256
mmppix:       1.0000   -1.0000   -1.0000
center:     128.0000 -129.0000 -129.0000
rotation matrix determinant  1.000000
image alignment mode   4355 decimal     1103 hex
   -7.5000  -45.0000  -45.0000 1961.3590   24.7869
    0.0000  -45.0000  -45.0000 1947.1863   24.8250
    7.5000  -45.0000  -45.0000 1925.2122   25.1151
   -7.5000  -37.5000  -45.0000 2081.6970   22.1477
    0.0000  -37.5000  -45.0000 2067.9492   22.1103
    7.5000  -37.5000  -45.0000 2040.8875   22.3636
   -7.5000  -30.0000  -45.0000 2188.9873   20.2411
    0.0000  -30.0000  -45.0000 2178.4287   20.2303
    7.5000  -30.0000  -45.0000 2147.0630   20.3956
   -7.5000  -22.5000  -45.0000 2269.3660   18.7986
    0.0000  -22.5000  -45.0000 2256.3145   18.7672
    7.5000  -22.5000  -45.0000 2231.0203   18.9758
   -7.5000  -15.0000  -45.0000 2323.3848   17.7311
    0.0000  -15.0000  -45.0000 2311.7693   17.7227
    7.5000  -15.0000  -45.0000 2280.2175   17.9379
   -7.5000   -7.5000  -45.0000 2361.1892   17.0106
    0.0000   -7.5000  -45.0000 2347.5222   17.0194
    7.5000   -7.5000  -45.0000 2313.9509   17.3023
   -7.5000    0.0000  -45.0000 2377.7817   16.5850
    0.0000    0.0000  -45.0000 2365.5466   16.5920
    7.5000    0.0000  -45.0000 2332.0737   16.9222
   -7.5000    7.5000  -45.0000 2384.2732   16.4559
    0.0000    7.5000  -45.0000 2371.3540   16.4372
    7.5000    7.5000  -45.0000 2342.4512   16.7941
   -7.5000   15.0000  -45.0000 2376.8943   16.6013
    0.0000   15.0000  -45.0000 2363.1147   16.5689
    7.5000   15.0000  -45.0000 2330.3484   16.9453
   -7.5000   22.5000  -45.0000 2348.1064   17.1802
    0.0000   22.5000  -45.0000 2339.3792   17.1219
    7.5000   22.5000  -45.0000 2301.6619   17.5106
   -7.5000   30.0000  -45.0000 2301.5249   18.0401
    0.0000   30.0000  -45.0000 2292.4309   18.0104
    7.5000   30.0000  -45.0000 2251.4307   18.4256
   -7.5000   37.5000  -45.0000 2221.9561   19.2463
    0.0000   37.5000  -45.0000 2216.1667   19.1937
    7.5000   37.5000  -45.0000 2179.8123   19.6605
   -7.5000   45.0000  -45.0000 2126.1206   20.8995
    0.0000   45.0000  -45.0000 2121.7461   20.8443
    7.5000   45.0000  -45.0000 2087.8420   21.3668
   -7.5000  -45.0000  -37.5000 2035.0699   23.1884
    0.0000  -45.0000  -37.5000 2024.3684   23.1666
    7.5000  -45.0000  -37.5000 2001.9663   23.4682
   -7.5000  -37.5000  -37.5000 2161.8506   20.7045
    0.0000  -37.5000  -37.5000 2147.9746   20.6806
    7.5000  -37.5000  -37.5000 2125.0435   20.8957
   -7.5000  -30.0000  -37.5000 2271.1321   18.8825
    0.0000  -30.0000  -37.5000 2262.3550   18.8285
    7.5000  -30.0000  -37.5000 2233.2029   19.0184
   -7.5000  -22.5000  -37.5000 2361.2439   17.4986
    0.0000  -22.5000  -37.5000 2349.5957   17.4293
    7.5000  -22.5000  -37.5000 2319.6326   17.6604
   -7.5000  -15.0000  -37.5000 2419.3611   16.4810
    0.0000  -15.0000  -37.5000 2402.7332   16.4076
    7.5000  -15.0000  -37.5000 2369.1211   16.6278
   -7.5000   -7.5000  -37.5000 2456.4255   15.7854
    0.0000   -7.5000  -37.5000 2441.1863   15.7662
    7.5000   -7.5000  -37.5000 2407.1143   15.9952
   -7.5000    0.0000  -37.5000 2481.3667   15.4269
    0.0000    0.0000  -37.5000 2464.4216   15.4225
    7.5000    0.0000  -37.5000 2427.7505   15.6906
   -7.5000    7.5000  -37.5000 2482.2751   15.3153
    0.0000    7.5000  -37.5000 2473.1587   15.2989
    7.5000    7.5000  -37.5000 2436.0068   15.5835
   -7.5000   15.0000  -37.5000 2475.4648   15.4548
    0.0000   15.0000  -37.5000 2465.9824   15.4632
    7.5000   15.0000  -37.5000 2424.2654   15.7602
   -7.5000   22.5000  -37.5000 2449.9617   15.9574
    0.0000   22.5000  -37.5000 2441.1873   15.9305
    7.5000   22.5000  -37.5000 2401.8198   16.2691
   -7.5000   30.0000  -37.5000 2399.0786   16.7288
    0.0000   30.0000  -37.5000 2388.8691   16.7002
    7.5000   30.0000  -37.5000 2347.2148   17.0469
   -7.5000   37.5000  -37.5000 2315.5195   17.8445
    0.0000   37.5000  -37.5000 2308.1934   17.7910
    7.5000   37.5000  -37.5000 2265.0886   18.1870
   -7.5000   45.0000  -37.5000 2211.1807   19.3356
    0.0000   45.0000  -37.5000 2203.4849   19.2798
    7.5000   45.0000  -37.5000 2165.5994   19.7129
   -7.5000  -45.0000  -30.0000 2135.9641   22.5593
    0.0000  -45.0000  -30.0000 2120.0562   22.5255
    7.5000  -45.0000  -30.0000 2097.2676   22.8493
   -7.5000  -37.5000  -30.0000 2271.7446   20.1247
    0.0000  -37.5000  -30.0000 2255.3323   20.0883
    7.5000  -37.5000  -30.0000 2227.8181   20.3326
   -7.5000  -30.0000  -30.0000 2388.9097   18.2365
    0.0000  -30.0000  -30.0000 2370.3035   18.1857
    7.5000  -30.0000  -30.0000 2342.7952   18.4164
   -7.5000  -22.5000  -30.0000 2482.4570   16.8389
    0.0000  -22.5000  -30.0000 2464.0757   16.7754
    7.5000  -22.5000  -30.0000 2433.8044   16.9760
   -7.5000  -15.0000  -30.0000 2546.5388   15.8588
    0.0000  -15.0000  -30.0000 2529.0420   15.8020
    7.5000  -15.0000  -30.0000 2495.0532   15.9836
   -7.5000   -7.5000  -30.0000 2596.7944   15.1915
    0.0000   -7.5000  -30.0000 2581.7119   15.1390
    7.5000   -7.5000  -30.0000 2546.4497   15.3510
   -7.5000    0.0000  -30.0000 2627.9382   14.8578
    0.0000    0.0000  -30.0000 2614.3909   14.7973
    7.5000    0.0000  -30.0000 2574.7651   15.0179
   -7.5000    7.5000  -30.0000 2640.0820   14.7791
    0.0000    7.5000  -30.0000 2625.7617   14.7408
    7.5000    7.5000  -30.0000 2581.1345   14.9607
   -7.5000   15.0000  -30.0000 2630.6274   14.9471
    0.0000   15.0000  -30.0000 2619.6707   14.9581
    7.5000   15.0000  -30.0000 2572.5139   15.1967
   -7.5000   22.5000  -30.0000 2599.1689   15.4374
    0.0000   22.5000  -30.0000 2593.6450   15.4324
    7.5000   22.5000  -30.0000 2545.3669   15.7039
   -7.5000   30.0000  -30.0000 2537.7705   16.1684
    0.0000   30.0000  -30.0000 2530.5186   16.1547
    7.5000   30.0000  -30.0000 2485.3142   16.4682
   -7.5000   37.5000  -30.0000 2450.5796   17.1762
    0.0000   37.5000  -30.0000 2443.4265   17.1408
    7.5000   37.5000  -30.0000 2400.9922   17.5086
   -7.5000   45.0000  -30.0000 2332.3992   18.6152
    0.0000   45.0000  -30.0000 2330.6814   18.5614
    7.5000   45.0000  -30.0000 2292.2947   18.9693
   -7.5000  -45.0000  -22.5000 2204.8706   21.8555
    0.0000  -45.0000  -22.5000 2189.6392   21.7789
    7.5000  -45.0000  -22.5000 2162.0872   22.1198
   -7.5000  -37.5000  -22.5000 2346.9365   19.4252
    0.0000  -37.5000  -22.5000 2330.7249   19.3339
    7.5000  -37.5000  -22.5000 2295.0808   19.6156
   -7.5000  -30.0000  -22.5000 2463.6489   17.5005
    0.0000  -30.0000  -22.5000 2452.2290   17.4392
    7.5000  -30.0000  -22.5000 2413.2173   17.7043
   -7.5000  -22.5000  -22.5000 2567.6216   16.1004
    0.0000  -22.5000  -22.5000 2552.4724   16.0430
    7.5000  -22.5000  -22.5000 2519.4958   16.2916
   -7.5000  -15.0000  -22.5000 2645.0210   15.1329
    0.0000  -15.0000  -22.5000 2630.9771   15.1069
    7.5000  -15.0000  -22.5000 2590.6106   15.3096
   -7.5000   -7.5000  -22.5000 2706.4541   14.4991
    0.0000   -7.5000  -22.5000 2691.1877   14.4552
    7.5000   -7.5000  -22.5000 2654.3137   14.6780
   -7.5000    0.0000  -22.5000 2746.2256   14.1780
    0.0000    0.0000  -22.5000 2735.5427   14.1334
    7.5000    0.0000  -22.5000 2691.3247   14.3173
   -7.5000    7.5000  -22.5000 2762.1509   14.1011
    0.0000    7.5000  -22.5000 2751.9609   14.0898
    7.5000    7.5000  -22.5000 2703.9397   14.2739
   -7.5000   15.0000  -22.5000 2756.5198   14.3431
    0.0000   15.0000  -22.5000 2748.2693   14.3407
    7.5000   15.0000  -22.5000 2691.1726   14.5430
   -7.5000   22.5000  -22.5000 2720.0486   14.8228
    0.0000   22.5000  -22.5000 2712.9290   14.8297
    7.5000   22.5000  -22.5000 2659.1770   15.0580
   -7.5000   30.0000  -22.5000 2650.5466   15.5127
    0.0000   30.0000  -22.5000 2642.9614   15.5132
    7.5000   30.0000  -22.5000 2592.9934   15.8035
   -7.5000   37.5000  -22.5000 2555.2156   16.4668
    0.0000   37.5000  -22.5000 2547.6401   16.4542
    7.5000   37.5000  -22.5000 2506.4480   16.8151
   -7.5000   45.0000  -22.5000 2430.7693   17.8598
    0.0000   45.0000  -22.5000 2426.7017   17.8313
    7.5000   45.0000  -22.5000 2388.0278   18.2226
   -7.5000  -45.0000  -15.0000 2239.8433   21.1784
    0.0000  -45.0000  -15.0000 2229.2319   21.1524
    7.5000  -45.0000  -15.0000 2195.4954   21.4407
   -7.5000  -37.5000  -15.0000 2379.6907   18.7391
    0.0000  -37.5000  -15.0000 2369.8354   18.6938
    7.5000  -37.5000  -15.0000 2329.1677   18.9530
   -7.5000  -30.0000  -15.0000 2505.0588   16.8196
    0.0000  -30.0000  -15.0000 2495.4597   16.7823
    7.5000  -30.0000  -15.0000 2456.2778   17.0631
   -7.5000  -22.5000  -15.0000 2618.1194   15.4612
    0.0000  -22.5000  -15.0000 2606.6348   15.3973
    7.5000  -22.5000  -15.0000 2568.9138   15.6708
   -7.5000  -15.0000  -15.0000 2709.0828   14.5038
    0.0000  -15.0000  -15.0000 2693.6082   14.4601
    7.5000  -15.0000  -15.0000 2657.6870   14.7085
   -7.5000   -7.5000  -15.0000 2785.3669   13.8874
    0.0000   -7.5000  -15.0000 2771.4612   13.8526
    7.5000   -7.5000  -15.0000 2730.2427   14.0572
   -7.5000    0.0000  -15.0000 2837.7588   13.5550
    0.0000    0.0000  -15.0000 2821.8445   13.5436
    7.5000    0.0000  -15.0000 2772.3992   13.7315
   -7.5000    7.5000  -15.0000 2858.0212   13.4746
    0.0000    7.5000  -15.0000 2845.5432   13.4985
    7.5000    7.5000  -15.0000 2786.0393   13.7557
   -7.5000   15.0000  -15.0000 2847.5647   13.7142
    0.0000   15.0000  -15.0000 2845.5696   13.7166
    7.5000   15.0000  -15.0000 2776.3770   14.0003
   -7.5000   22.5000  -15.0000 2804.6541   14.2194
    0.0000   22.5000  -15.0000 2800.6169   14.2110
    7.5000   22.5000  -15.0000 2736.1646   14.5016
   -7.5000   30.0000  -15.0000 2723.8813   14.8893
    0.0000   30.0000  -15.0000 2722.1675   14.8825
    7.5000   30.0000  -15.0000 2667.0698   15.2080
   -7.5000   37.5000  -15.0000 2618.3132   15.8434
    0.0000   37.5000  -15.0000 2616.1731   15.8252
    7.5000   37.5000  -15.0000 2571.9988   16.2002
   -7.5000   45.0000  -15.0000 2488.0305   17.2122
    0.0000   45.0000  -15.0000 2487.8865   17.2009
    7.5000   45.0000  -15.0000 2443.8584   17.6083
   -7.5000  -45.0000   -7.5000 2254.1428   20.6142
    0.0000  -45.0000   -7.5000 2243.2920   20.5504
    7.5000  -45.0000   -7.5000 2213.3352   20.9035
   -7.5000  -37.5000   -7.5000 2393.3088   18.1631
    0.0000  -37.5000   -7.5000 2386.8113   18.1010
    7.5000  -37.5000   -7.5000 2354.1550   18.4956
   -7.5000  -30.0000   -7.5000 2526.8184   16.2906
    0.0000  -30.0000   -7.5000 2517.1577   16.2426
    7.5000  -30.0000   -7.5000 2485.4646   16.6131
   -7.5000  -22.5000   -7.5000 2644.2263   14.9198
    0.0000  -22.5000   -7.5000 2633.7625   14.8631
    7.5000  -22.5000   -7.5000 2603.4426   15.2254
   -7.5000  -15.0000   -7.5000 2748.8914   13.9713
    0.0000  -15.0000   -7.5000 2739.8435   13.9209
    7.5000  -15.0000   -7.5000 2699.7539   14.2544
   -7.5000   -7.5000   -7.5000 2842.2493   13.3514
    0.0000   -7.5000   -7.5000 2831.1506   13.3127
    7.5000   -7.5000   -7.5000 2778.2527   13.5970
   -7.5000    0.0000   -7.5000 2909.6001   13.0532
    0.0000    0.0000   -7.5000 2897.7034   13.0244
    7.5000    0.0000   -7.5000 2834.6494   13.2854
   -7.5000    7.5000   -7.5000 2931.9524   12.9603
    0.0000    7.5000   -7.5000 2923.7378   12.9824
    7.5000    7.5000   -7.5000 2851.6211   13.3232
   -7.5000   15.0000   -7.5000 2916.7932   13.1434
    0.0000   15.0000   -7.5000 2916.8459   13.1553
    7.5000   15.0000   -7.5000 2840.7307   13.5289
   -7.5000   22.5000   -7.5000 2857.5630   13.6424
    0.0000   22.5000   -7.5000 2864.5803   13.5948
    7.5000   22.5000   -7.5000 2788.2822   14.0110
   -7.5000   30.0000   -7.5000 2771.3921   14.3606
    0.0000   30.0000   -7.5000 2774.7925   14.3669
    7.5000   30.0000   -7.5000 2709.4055   14.7692
   -7.5000   37.5000   -7.5000 2658.6953   15.3134
    0.0000   37.5000   -7.5000 2658.9380   15.3736
    7.5000   37.5000   -7.5000 2611.5212   15.7350
   -7.5000   45.0000   -7.5000 2522.7930   16.7062
    0.0000   45.0000   -7.5000 2521.2480   16.7568
    7.5000   45.0000   -7.5000 2479.5259   17.1511
   -7.5000  -45.0000    0.0000 2258.6157   20.3112
    0.0000  -45.0000    0.0000 2245.0020   20.1953
    7.5000  -45.0000    0.0000 2223.8992   20.6752
   -7.5000  -37.5000    0.0000 2389.9377   17.8170
    0.0000  -37.5000    0.0000 2384.1167   17.7366
    7.5000  -37.5000    0.0000 2360.7354   18.2406
   -7.5000  -30.0000    0.0000 2522.3369   15.9487
    0.0000  -30.0000    0.0000 2518.6165   15.8670
    7.5000  -30.0000    0.0000 2490.9336   16.3615
   -7.5000  -22.5000    0.0000 2648.9722   14.5700
    0.0000  -22.5000    0.0000 2645.8408   14.5053
    7.5000  -22.5000    0.0000 2613.8230   14.9780
   -7.5000  -15.0000    0.0000 2763.3708   13.6031
    0.0000  -15.0000    0.0000 2759.7725   13.5555
    7.5000  -15.0000    0.0000 2717.7083   13.9974
   -7.5000   -7.5000    0.0000 2865.5432   12.9695
    0.0000   -7.5000    0.0000 2857.1345   12.9259
    7.5000   -7.5000    0.0000 2805.8215   13.3259
   -7.5000    0.0000    0.0000 2945.6375   12.6755
    0.0000    0.0000    0.0000 2940.4651   12.6535
    7.5000    0.0000    0.0000 2873.3301   13.0157
   -7.5000    7.5000    0.0000 2972.2129   12.5859
    0.0000    7.5000    0.0000 2970.9619   12.5790
    7.5000    7.5000    0.0000 2893.9119   13.0049
   -7.5000   15.0000    0.0000 2943.8218   12.7311
    0.0000   15.0000    0.0000 2947.7092   12.7392
    7.5000   15.0000    0.0000 2870.7402   13.2256
   -7.5000   22.5000    0.0000 2874.6006   13.2290
    0.0000   22.5000    0.0000 2882.6384   13.2947
    7.5000   22.5000    0.0000 2814.9199   13.7046
   -7.5000   30.0000    0.0000 2777.6558   13.9848
    0.0000   30.0000    0.0000 2785.9358   14.0667
    7.5000   30.0000    0.0000 2727.9802   14.4492
   -7.5000   37.5000    0.0000 2664.4045   15.0333
    0.0000   37.5000    0.0000 2668.5869   15.0884
    7.5000   37.5000    0.0000 2622.5276   15.4776
   -7.5000   45.0000    0.0000 2526.4705   16.4315
    0.0000   45.0000    0.0000 2528.1934   16.4597
    7.5000   45.0000    0.0000 2490.2493   16.9055
   -7.5000  -45.0000    7.5000 2250.2039   20.3158
    0.0000  -45.0000    7.5000 2245.2151   20.1834
    7.5000  -45.0000    7.5000 2223.9302   20.7505
   -7.5000  -37.5000    7.5000 2378.4722   17.8313
    0.0000  -37.5000    7.5000 2376.6333   17.6927
    7.5000  -37.5000    7.5000 2355.3333   18.2774
   -7.5000  -30.0000    7.5000 2510.4539   15.9360
    0.0000  -30.0000    7.5000 2510.7603   15.7693
    7.5000  -30.0000    7.5000 2479.3806   16.3444
   -7.5000  -22.5000    7.5000 2641.1555   14.4955
    0.0000  -22.5000    7.5000 2641.1565   14.3852
    7.5000  -22.5000    7.5000 2607.5103   14.9334
   -7.5000  -15.0000    7.5000 2761.8052   13.4860
    0.0000  -15.0000    7.5000 2759.2393   13.3903
    7.5000  -15.0000    7.5000 2719.6467   13.9112
   -7.5000   -7.5000    7.5000 2864.0803   12.8280
    0.0000   -7.5000    7.5000 2862.0620   12.7571
    7.5000   -7.5000    7.5000 2820.7441   13.2459
   -7.5000    0.0000    7.5000 2941.9509   12.5135
    0.0000    0.0000    7.5000 2941.7590   12.4895
    7.5000    0.0000    7.5000 2889.3948   12.9301
   -7.5000    7.5000    7.5000 2973.8438   12.5227
    0.0000    7.5000    7.5000 2972.4380   12.4679
    7.5000    7.5000    7.5000 2905.7131   12.9213
   -7.5000   15.0000    7.5000 2954.8208   12.7990
    0.0000   15.0000    7.5000 2949.0425   12.7625
    7.5000   15.0000    7.5000 2879.6616   13.1460
   -7.5000   22.5000    7.5000 2880.8496   13.2638
    0.0000   22.5000    7.5000 2884.0613   13.2676
    7.5000   22.5000    7.5000 2820.4556   13.6369
   -7.5000   30.0000    7.5000 2775.1450   13.9967
    0.0000   30.0000    7.5000 2782.8027   14.0131
    7.5000   30.0000    7.5000 2726.8311   14.4173
   -7.5000   37.5000    7.5000 2653.0728   15.0479
    0.0000   37.5000    7.5000 2654.3767   15.0362
    7.5000   37.5000    7.5000 2615.6165   15.4723
   -7.5000   45.0000    7.5000 2517.1111   16.4538
    0.0000   45.0000    7.5000 2515.5103   16.4187
    7.5000   45.0000    7.5000 2490.4087   16.8770
   -7.5000  -45.0000   15.0000 2234.7332   20.6570
    0.0000  -45.0000   15.0000 2232.2080   20.4855
    7.5000  -45.0000   15.0000 2207.6362   21.1611
   -7.5000  -37.5000   15.0000 2362.9644   18.0591
    0.0000  -37.5000   15.0000 2362.4951   17.9112
    7.5000  -37.5000   15.0000 2336.1426   18.5602
   -7.5000  -30.0000   15.0000 2491.7324   16.1448
    0.0000  -30.0000   15.0000 2495.8003   16.0334
    7.5000  -30.0000   15.0000 2467.0732   16.6410
   -7.5000  -22.5000   15.0000 2615.7666   14.7158
    0.0000  -22.5000   15.0000 2620.5828   14.6309
    7.5000  -22.5000   15.0000 2590.8125   15.1648
   -7.5000  -15.0000   15.0000 2728.4751   13.6864
    0.0000  -15.0000   15.0000 2733.9448   13.6176
    7.5000  -15.0000   15.0000 2699.4849   14.1164
   -7.5000   -7.5000   15.0000 2832.1370   13.0666
    0.0000   -7.5000   15.0000 2838.3406   13.0035
    7.5000   -7.5000   15.0000 2796.8716   13.4617
   -7.5000    0.0000   15.0000 2911.2529   12.8343
    0.0000    0.0000   15.0000 2909.0222   12.7196
    7.5000    0.0000   15.0000 2864.6802   13.1413
   -7.5000    7.5000   15.0000 2941.7566   12.8837
    0.0000    7.5000   15.0000 2934.8682   12.7547
    7.5000    7.5000   15.0000 2882.9023   13.1148
   -7.5000   15.0000   15.0000 2918.4170   13.2057
    0.0000   15.0000   15.0000 2909.3484   13.0800
    7.5000   15.0000   15.0000 2855.7100   13.3911
   -7.5000   22.5000   15.0000 2848.0378   13.7095
    0.0000   22.5000   15.0000 2847.6433   13.5875
    7.5000   22.5000   15.0000 2793.9177   13.8870
   -7.5000   30.0000   15.0000 2746.2654   14.4408
    0.0000   30.0000   15.0000 2749.3054   14.3438
    7.5000   30.0000   15.0000 2698.6731   14.6688
   -7.5000   37.5000   15.0000 2618.2534   15.4715
    0.0000   37.5000   15.0000 2620.4880   15.3815
    7.5000   37.5000   15.0000 2581.9631   15.7244
   -7.5000   45.0000   15.0000 2485.0549   16.7738
    0.0000   45.0000   15.0000 2489.9966   16.7125
    7.5000   45.0000   15.0000 2455.9407   17.0587
   -7.5000  -45.0000   22.5000 2203.0391   21.1956
    0.0000  -45.0000   22.5000 2211.0706   21.0760
    7.5000  -45.0000   22.5000 2185.0249   21.7332
   -7.5000  -37.5000   22.5000 2331.0647   18.5823
    0.0000  -37.5000   22.5000 2343.3171   18.4567
    7.5000  -37.5000   22.5000 2314.8699   19.0935
   -7.5000  -30.0000   22.5000 2460.5190   16.6841
    0.0000  -30.0000   22.5000 2470.5103   16.5707
    7.5000  -30.0000   22.5000 2442.7415   17.1299
   -7.5000  -22.5000   22.5000 2582.6775   15.2835
    0.0000  -22.5000   22.5000 2590.0774   15.1767
    7.5000  -22.5000   22.5000 2564.7629   15.6555
   -7.5000  -15.0000   22.5000 2687.3140   14.3101
    0.0000  -15.0000   22.5000 2693.9951   14.2072
    7.5000  -15.0000   22.5000 2664.3376   14.6193
   -7.5000   -7.5000   22.5000 2782.4268   13.6770
    0.0000   -7.5000   22.5000 2791.7495   13.5584
    7.5000   -7.5000   22.5000 2753.1562   13.9563
   -7.5000    0.0000   22.5000 2853.9551   13.3593
    0.0000    0.0000   22.5000 2855.6997   13.2442
    7.5000    0.0000   22.5000 2815.0500   13.5925
   -7.5000    7.5000   22.5000 2875.5479   13.3476
    0.0000    7.5000   22.5000 2878.0383   13.2765
    7.5000    7.5000   22.5000 2835.4626   13.5479
   -7.5000   15.0000   22.5000 2839.4814   13.6691
    0.0000   15.0000   22.5000 2842.0281   13.6118
    7.5000   15.0000   22.5000 2798.7083   13.8451
   -7.5000   22.5000   22.5000 2776.7905   14.1672
    0.0000   22.5000   22.5000 2778.6560   14.1379
    7.5000   22.5000   22.5000 2733.4717   14.3756
   -7.5000   30.0000   22.5000 2687.4790   14.9332
    0.0000   30.0000   22.5000 2692.0774   14.9202
    7.5000   30.0000   22.5000 2641.8386   15.1748
   -7.5000   37.5000   22.5000 2568.8301   15.9854
    0.0000   37.5000   22.5000 2577.4563   15.9506
    7.5000   37.5000   22.5000 2535.0713   16.2479
   -7.5000   45.0000   22.5000 2438.8396   17.3076
    0.0000   45.0000   22.5000 2446.0925   17.2759
    7.5000   45.0000   22.5000 2416.6936   17.5918
   -7.5000  -45.0000   30.0000 2163.1213   22.1670
    0.0000  -45.0000   30.0000 2175.7244   21.9084
    7.5000  -45.0000   30.0000 2155.3784   22.5591
   -7.5000  -37.5000   30.0000 2295.7314   19.5030
    0.0000  -37.5000   30.0000 2309.5244   19.3440
    7.5000  -37.5000   30.0000 2281.7908   19.8562
   -7.5000  -30.0000   30.0000 2420.0352   17.5979
    0.0000  -30.0000   30.0000 2429.2266   17.4347
    7.5000  -30.0000   30.0000 2398.6797   17.8278
   -7.5000  -22.5000   30.0000 2538.0518   16.1616
    0.0000  -22.5000   30.0000 2545.1880   16.0517
    7.5000  -22.5000   30.0000 2518.5337   16.3941
   -7.5000  -15.0000   30.0000 2630.0576   15.1025
    0.0000  -15.0000   30.0000 2642.5894   15.0119
    7.5000  -15.0000   30.0000 2609.6467   15.3419
   -7.5000   -7.5000   30.0000 2716.0339   14.4110
    0.0000   -7.5000   30.0000 2731.4136   14.3137
    7.5000   -7.5000   30.0000 2688.3950   14.6496
   -7.5000    0.0000   30.0000 2775.3994   14.0632
    0.0000    0.0000   30.0000 2782.6570   13.9734
    7.5000    0.0000   30.0000 2745.5591   14.2654
   -7.5000    7.5000   30.0000 2794.0229   14.0009
    0.0000    7.5000   30.0000 2802.4424   13.9448
    7.5000    7.5000   30.0000 2765.8672   14.1770
   -7.5000   15.0000   30.0000 2750.6450   14.3285
    0.0000   15.0000   30.0000 2761.1287   14.2774
    7.5000   15.0000   30.0000 2727.3438   14.4918
   -7.5000   22.5000   30.0000 2684.1221   14.8651
    0.0000   22.5000   30.0000 2695.0195   14.8252
    7.5000   22.5000   30.0000 2657.5444   15.0740
   -7.5000   30.0000   30.0000 2604.0862   15.6472
    0.0000   30.0000   30.0000 2611.0806   15.6007
    7.5000   30.0000   30.0000 2569.3188   15.8769
   -7.5000   37.5000   30.0000 2500.7744   16.6852
    0.0000   37.5000   30.0000 2507.2866   16.6262
    7.5000   37.5000   30.0000 2471.6277   16.9504
   -7.5000   45.0000   30.0000 2378.0535   17.9875
    0.0000   45.0000   30.0000 2381.2588   17.9651
    7.5000   45.0000   30.0000 2354.9849   18.2973
   -7.5000  -45.0000   37.5000 2123.3347   23.3453
    0.0000  -45.0000   37.5000 2131.8247   23.0979
    7.5000  -45.0000   37.5000 2116.6191   23.5610
   -7.5000  -37.5000   37.5000 2252.8296   20.6777
    0.0000  -37.5000   37.5000 2264.9475   20.4925
    7.5000  -37.5000   37.5000 2240.6663   20.9024
   -7.5000  -30.0000   37.5000 2366.7139   18.6665
    0.0000  -30.0000   37.5000 2383.1746   18.5227
    7.5000  -30.0000   37.5000 2351.4932   18.8711
   -7.5000  -22.5000   37.5000 2479.9773   17.1617
    0.0000  -22.5000   37.5000 2498.1865   17.0535
    7.5000  -22.5000   37.5000 2464.5725   17.3684
   -7.5000  -15.0000   37.5000 2569.0232   16.0425
    0.0000  -15.0000   37.5000 2587.3513   15.9608
    7.5000  -15.0000   37.5000 2551.8499   16.2383
   -7.5000   -7.5000   37.5000 2644.1887   15.3180
    0.0000   -7.5000   37.5000 2655.9783   15.2140
    7.5000   -7.5000   37.5000 2620.2251   15.5293
   -7.5000    0.0000   37.5000 2686.3250   14.9344
    0.0000    0.0000   37.5000 2695.9790   14.8409
    7.5000    0.0000   37.5000 2661.9695   15.1112
   -7.5000    7.5000   37.5000 2698.8743   14.8263
    0.0000    7.5000   37.5000 2711.4473   14.7332
    7.5000    7.5000   37.5000 2678.3616   14.9773
   -7.5000   15.0000   37.5000 2656.8596   15.1520
    0.0000   15.0000   37.5000 2669.9138   15.0707
    7.5000   15.0000   37.5000 2643.1340   15.2984
   -7.5000   22.5000   37.5000 2593.5593   15.7327
    0.0000   22.5000   37.5000 2608.0466   15.6449
    7.5000   22.5000   37.5000 2583.7998   15.9131
   -7.5000   30.0000   37.5000 2519.5002   16.5004
    0.0000   30.0000   37.5000 2532.8601   16.4178
    7.5000   30.0000   37.5000 2499.9116   16.7138
   -7.5000   37.5000   37.5000 2425.8257   17.5051
    0.0000   37.5000   37.5000 2432.4812   17.4305
    7.5000   37.5000   37.5000 2405.7312   17.7490
   -7.5000   45.0000   37.5000 2310.6162   18.8553
    0.0000   45.0000   37.5000 2307.8098   18.7789
    7.5000   45.0000   37.5000 2291.3022   19.0905
   -7.5000  -45.0000   45.0000 2072.6074   24.7597
    0.0000  -45.0000   45.0000 2077.6499   24.4792
    7.5000  -45.0000   45.0000 2058.9963   24.9654
   -7.5000  -37.5000   45.0000 2198.8318   22.0407
    0.0000  -37.5000   45.0000 2209.1829   21.8570
    7.5000  -37.5000   45.0000 2182.9661   22.2236
   -7.5000  -30.0000   45.0000 2308.6096   19.9691
    0.0000  -30.0000   45.0000 2322.6558   19.8283
    7.5000  -30.0000   45.0000 2290.9907   20.1208
   -7.5000  -22.5000   45.0000 2410.9092   18.3806
    0.0000  -22.5000   45.0000 2430.0093   18.3100
    7.5000  -22.5000   45.0000 2396.8335   18.5637
   -7.5000  -15.0000   45.0000 2494.2312   17.2123
    0.0000  -15.0000   45.0000 2516.6079   17.1290
    7.5000  -15.0000   45.0000 2483.7522   17.4003
   -7.5000   -7.5000   45.0000 2557.4236   16.4387
    0.0000   -7.5000   45.0000 2575.0935   16.3503
    7.5000   -7.5000   45.0000 2546.7075   16.6336
   -7.5000    0.0000   45.0000 2588.0845   15.9995
    0.0000    0.0000   45.0000 2603.3970   15.8955
    7.5000    0.0000   45.0000 2572.9592   16.1707
   -7.5000    7.5000   45.0000 2594.3967   15.8984
    0.0000    7.5000   45.0000 2603.7417   15.7685
    7.5000    7.5000   45.0000 2576.4214   16.0493
   -7.5000   15.0000   45.0000 2556.6606   16.2224
    0.0000   15.0000   45.0000 2564.5293   16.0780
    7.5000   15.0000   45.0000 2541.4146   16.3293
   -7.5000   22.5000   45.0000 2502.6072   16.7736
    0.0000   22.5000   45.0000 2509.9751   16.6563
    7.5000   22.5000   45.0000 2490.3408   16.9324
   -7.5000   30.0000   45.0000 2427.4006   17.5831
    0.0000   30.0000   45.0000 2435.1143   17.4447
    7.5000   30.0000   45.0000 2418.0283   17.7535
   -7.5000   37.5000   45.0000 2342.9976   18.5470
    0.0000   37.5000   45.0000 2351.1265   18.4316
    7.5000   37.5000   45.0000 2333.2412   18.7888
   -7.5000   45.0000   45.0000 2230.8250   19.9496
    0.0000   45.0000   45.0000 2234.5532   19.8175
    7.5000   45.0000   45.0000 2218.0789   20.1909

---------------------------------------------------------------------
imgreg_4dfp /opt/freesurfer/average/711-2C_as_mni_average_305 /opt/freesurfer/average/711-2B_as_mni_average_305_mask talsrcimg_g11 none talsrcimg_to_711-2C_as_mni_average_305_t4 1283
---------------------------------------------------------------------

freesurfer imgreg_4dfp.c
/opt/freesurfer/average/711-2C_as_mni_average_305.4dfp.img
       256       256       256         1
  1.000000  1.000000  1.000000
orientation T byte_order littleendian
Reading image: /opt/freesurfer/average/711-2C_as_mni_average_305.4dfp.img
dimensions:      256       256       256
mmppix:       1.0000   -1.0000   -1.0000
center:     128.0000 -129.0000 -129.0000
/opt/freesurfer/average/711-2B_as_mni_average_305_mask.4dfp.img
       256       256       256         1
  1.000000  1.000000  1.000000
orientation T byte_order littleendian
Reading mask: /opt/freesurfer/average/711-2B_as_mni_average_305_mask.4dfp.img (2306576 pixels)
talsrcimg_g11.4dfp.img
       256       256       256         1
  1.000000  1.000000  1.000000
orientation T byte_order littleendian
Reading image: talsrcimg_g11.4dfp.img
dimensions:      256       256       256
mmppix:       1.0000   -1.0000   -1.0000
center:     128.0000 -129.0000 -129.0000
rotation matrix determinant  1.000000
fimgreg.f
image alignment mode   1283 decimal      503 hex
parameters
   -7.5000    7.5000    7.5000    0.0000    0.0000    0.0000
eta,q 0.93551 12.50431
niter,ni,del,rscale     5    3   12.0000    1.2000
parameter  1 -0.631525 -> -0.500000 qaram    1.1500
parameter  4  1.102090 ->  0.500000 qaram    1.1500
parameters
   -4.0500    8.2367    4.9069   -3.4500   -0.6930   -0.7676
eta,q 0.94187 12.25717
  0.0850  0.0720  0.0623  0.0579  0.0625  0.0618
  0.0780  0.0676  0.0610  0.0584  0.0599  0.0601
  0.0695  0.0635  0.0608  0.0592  0.0584  0.0586
  0.0640  0.0616  0.0618  0.0610  0.0585  0.0582
  0.0618  0.0625  0.0636  0.0630  0.0591  0.0595
  0.0610  0.0650  0.0676  0.0652  0.0614  0.0618
  0.0623  0.0679  0.0724  0.0687  0.0653  0.0640
niter,ni,del,rscale     6    3   12.0000    1.2000
parameter  4  0.851714 ->  0.500000 qaram    1.3225
parameters
   -3.5730    9.1218    2.4198   -7.4175   -1.3625   -0.8569
eta,q 0.94586 12.29046
  0.0741  0.0672  0.0593  0.0554  0.0591  0.0583
  0.0654  0.0635  0.0579  0.0544  0.0562  0.0564
  0.0604  0.0597  0.0564  0.0551  0.0543  0.0548
  0.0581  0.0580  0.0580  0.0566  0.0544  0.0541
  0.0598  0.0583  0.0611  0.0595  0.0556  0.0547
  0.0647  0.0601  0.0634  0.0624  0.0578  0.0563
  0.0691  0.0634  0.0666  0.0641  0.0618  0.0589
niter,ni,del,rscale     6    3   12.0000    1.2000
parameters
   -3.3579   10.2349    1.0948  -10.6709   -2.0088   -0.7260
eta,q 0.94606 12.32286
  0.0722  0.0649  0.0587  0.0563  0.0591  0.0577
  0.0624  0.0596  0.0570  0.0541  0.0559  0.0558
  0.0555  0.0562  0.0555  0.0540  0.0542  0.0545
  0.0541  0.0543  0.0544  0.0549  0.0541  0.0539
  0.0573  0.0550  0.0564  0.0573  0.0552  0.0540
  0.0619  0.0571  0.0613  0.0601  0.0576  0.0551
  0.0688  0.0587  0.0656  0.0634  0.0621  0.0577
niter,ni,del,rscale     5    3   12.0000    1.2000
parameters
   -3.4277   11.9019   -0.0114  -12.9165   -2.1375   -0.8462
eta,q 0.94837 12.37055
  0.0705  0.0667  0.0574  0.0572  0.0581  0.0557
  0.0607  0.0595  0.0531  0.0525  0.0542  0.0542
  0.0540  0.0555  0.0526  0.0515  0.0521  0.0527
  0.0539  0.0539  0.0530  0.0528  0.0516  0.0516
  0.0561  0.0530  0.0539  0.0561  0.0524  0.0519
  0.0618  0.0541  0.0577  0.0604  0.0547  0.0537
  0.0701  0.0569  0.0619  0.0639  0.0586  0.0569
niter,ni,del,rscale     4    3   12.0000    1.2000
parameters
   -3.3662   12.7200    0.1675  -13.5621   -2.3927   -1.2426
eta,q 0.94839 12.40519
  0.0701  0.0649  0.0604  0.0596  0.0575  0.0551
  0.0601  0.0574  0.0539  0.0550  0.0536  0.0537
  0.0528  0.0534  0.0511  0.0517  0.0517  0.0524
  0.0516  0.0516  0.0517  0.0517  0.0516  0.0515
  0.0537  0.0527  0.0517  0.0534  0.0525  0.0520
  0.0602  0.0556  0.0538  0.0574  0.0547  0.0539
  0.0688  0.0582  0.0587  0.0620  0.0583  0.0569
niter,ni,del,rscale     3    3   12.0000    1.2000
parameters
   -3.2443   13.2076    0.2485  -14.0151   -2.6203   -1.5689
eta,q 0.94822 12.43053
  0.0704  0.0632  0.0597  0.0599  0.0577  0.0551
  0.0601  0.0565  0.0537  0.0551  0.0538  0.0537
  0.0525  0.0529  0.0516  0.0519  0.0518  0.0524
  0.0516  0.0517  0.0518  0.0518  0.0518  0.0517
  0.0536  0.0534  0.0515  0.0532  0.0527  0.0521
  0.0601  0.0561  0.0540  0.0568  0.0548  0.0538
  0.0680  0.0587  0.0589  0.0615  0.0582  0.0566
niter,ni,del,rscale     2    3   12.0000    1.2000
parameters
   -3.1759   13.5093    0.2751  -14.3482   -2.7813   -1.8047
eta,q 0.94815 12.44562
  0.0700  0.0625  0.0596  0.0600  0.0579  0.0551
  0.0597  0.0561  0.0539  0.0552  0.0540  0.0538
  0.0523  0.0525  0.0521  0.0519  0.0518  0.0525
  0.0518  0.0518  0.0520  0.0520  0.0519  0.0518
  0.0539  0.0539  0.0516  0.0532  0.0529  0.0521
  0.0604  0.0565  0.0543  0.0565  0.0548  0.0537
  0.0679  0.0591  0.0592  0.0611  0.0580  0.0563
niter,ni,del,rscale     1    3   12.0000    1.2000
parameters
   -3.1368   13.7167    0.2790  -14.5797   -2.8630   -1.9467
eta,q 0.94809 12.45321
  0.0698  0.0622  0.0596  0.0602  0.0582  0.0552
  0.0595  0.0560  0.0542  0.0554  0.0542  0.0538
  0.0523  0.0524  0.0524  0.0519  0.0518  0.0526
  0.0519  0.0519  0.0520  0.0520  0.0520  0.0519
  0.0540  0.0541  0.0518  0.0533  0.0530  0.0521
  0.0605  0.0566  0.0546  0.0564  0.0548  0.0536
  0.0679  0.0593  0.0595  0.0608  0.0579  0.0561
registration optimization eta report
parameter search radius
    6.9000    6.0000    6.0000    7.9350    6.0000    6.0000
100000*second partial in parameter space
       36.       24.       22.       14.       17.       10.
  0.0698  0.0622  0.0596  0.0602  0.0582  0.0552
  0.0595  0.0560  0.0542  0.0554  0.0542  0.0538
  0.0523  0.0524  0.0524  0.0519  0.0518  0.0526
  0.0519  0.0519  0.0520  0.0520  0.0520  0.0519
  0.0540  0.0541  0.0518  0.0533  0.0530  0.0521
  0.0605  0.0566  0.0546  0.0564  0.0548  0.0536
  0.0679  0.0593  0.0595  0.0608  0.0579  0.0561
   -3.1368   13.7167    0.2790  -14.5797   -2.8630   -1.9467
eta,q 0.94809 12.45321

---------------------------------------------------------------------
imgreg_4dfp /opt/freesurfer/average/711-2C_as_mni_average_305 /opt/freesurfer/average/711-2B_as_mni_average_305_mask talsrcimg_g11 none talsrcimg_to_711-2C_as_mni_average_305_t4 3335
---------------------------------------------------------------------

freesurfer imgreg_4dfp.c
/opt/freesurfer/average/711-2C_as_mni_average_305.4dfp.img
       256       256       256         1
  1.000000  1.000000  1.000000
orientation T byte_order littleendian
Reading image: /opt/freesurfer/average/711-2C_as_mni_average_305.4dfp.img
dimensions:      256       256       256
mmppix:       1.0000   -1.0000   -1.0000
center:     128.0000 -129.0000 -129.0000
/opt/freesurfer/average/711-2B_as_mni_average_305_mask.4dfp.img
       256       256       256         1
  1.000000  1.000000  1.000000
orientation T byte_order littleendian
Reading mask: /opt/freesurfer/average/711-2B_as_mni_average_305_mask.4dfp.img (2306576 pixels)
talsrcimg_g11.4dfp.img
       256       256       256         1
  1.000000  1.000000  1.000000
orientation T byte_order littleendian
Reading image: talsrcimg_g11.4dfp.img
dimensions:      256       256       256
mmppix:       1.0000   -1.0000   -1.0000
center:     128.0000 -129.0000 -129.0000
fimgreg.f
image alignment mode   3335 decimal      D07 hex
parameters
   -3.1368   13.7167    0.2790   -0.1825   -3.2333   -3.3410
    2.0310    5.6864   -3.3928   24.9940   -4.9949  -25.1413
eta,q 0.95044 12.52873
niter,ni,del,rscale     5    3    5.0000    1.2000
parameter  4  2.556166 ->  0.500000 qaram    1.1500
parameter  5  2.939208 ->  0.500000 qaram    1.1500
parameter  6  1.689576 ->  0.500000 qaram    1.1500
parameter 10  1.474456 ->  0.500000 qaram    1.1500
parameters
   -3.4274   13.8867   -0.1632   -4.3225   -7.3733   -7.4810
    0.4213    6.4022   -0.2107   20.8540   -1.7909  -27.9818
eta,q 0.96998 12.04261
  0.0515  0.0514  0.0505  0.0415  0.0370  0.0326  0.0358  0.0394  0.0368  0.0295  0.0332  0.0306
  0.0503  0.0505  0.0498  0.0435  0.0390  0.0339  0.0348  0.0366  0.0357  0.0301  0.0320  0.0301
  0.0497  0.0498  0.0495  0.0461  0.0414  0.0364  0.0344  0.0348  0.0349  0.0318  0.0311  0.0300
  0.0496  0.0495  0.0495  0.0494  0.0441  0.0396  0.0344  0.0343  0.0344  0.0341  0.0305  0.0303
  0.0501  0.0496  0.0499  0.0534  0.0472  0.0431  0.0351  0.0348  0.0342  0.0369  0.0303  0.0309
  0.0512  0.0501  0.0505  0.0574  0.0505  0.0472  0.0363  0.0358  0.0342  0.0401  0.0303  0.0318
  0.0527  0.0510  0.0514  0.0615  0.0541  0.0522  0.0380  0.0375  0.0345  0.0436  0.0306  0.0330
niter,ni,del,rscale     7    3    5.0000    1.2000
parameter  4  0.853876 ->  0.500000 qaram    1.3225
parameter  5  1.208839 ->  0.500000 qaram    1.3225
parameters
   -3.4551   14.5373    0.5857   -9.0835  -12.1343  -10.0118
    1.0170    6.5389   -0.2798   19.3929   -2.5272  -26.0498
eta,q 0.97724 11.63498
  0.0335  0.0344  0.0336  0.0261  0.0219  0.0259  0.0264  0.0292  0.0252  0.0255  0.0243  0.0249
  0.0316  0.0324  0.0319  0.0260  0.0227  0.0244  0.0247  0.0262  0.0240  0.0239  0.0235  0.0240
  0.0304  0.0309  0.0306  0.0269  0.0240  0.0231  0.0236  0.0239  0.0233  0.0230  0.0230  0.0234
  0.0300  0.0300  0.0298  0.0296  0.0261  0.0230  0.0231  0.0230  0.0230  0.0230  0.0229  0.0229
  0.0304  0.0298  0.0296  0.0336  0.0289  0.0255  0.0232  0.0237  0.0233  0.0238  0.0233  0.0228
  0.0317  0.0303  0.0299  0.0386  0.0324  0.0300  0.0241  0.0258  0.0241  0.0256  0.0240  0.0230
  0.0337  0.0314  0.0307  0.0437  0.0363  0.0348  0.0255  0.0289  0.0253  0.0286  0.0249  0.0236
niter,ni,del,rscale     7    3    5.0000    1.2000
parameters
   -3.2435   14.3734    0.2859  -11.1156  -16.4269  -10.2573
    0.8761    6.9004   -0.3241   19.6679   -2.2809  -26.4484
eta,q 0.97780 11.27557
  0.0274  0.0252  0.0243  0.0254  0.0233  0.0261  0.0248  0.0277  0.0243  0.0259  0.0233  0.0235
  0.0251  0.0237  0.0233  0.0241  0.0224  0.0245  0.0234  0.0248  0.0232  0.0239  0.0227  0.0228
  0.0235  0.0229  0.0227  0.0232  0.0222  0.0232  0.0225  0.0229  0.0225  0.0226  0.0223  0.0223
  0.0228  0.0227  0.0227  0.0227  0.0230  0.0221  0.0222  0.0222  0.0222  0.0222  0.0222  0.0222
  0.0230  0.0232  0.0232  0.0234  0.0245  0.0218  0.0226  0.0225  0.0225  0.0225  0.0223  0.0224
  0.0241  0.0243  0.0241  0.0265  0.0270  0.0237  0.0236  0.0241  0.0232  0.0235  0.0226  0.0230
  0.0261  0.0260  0.0253  0.0314  0.0304  0.0280  0.0249  0.0268  0.0243  0.0255  0.0231  0.0238
niter,ni,del,rscale     6    3    5.0000    1.2000
parameters
   -3.1718   14.5941    0.3042  -11.3471  -16.8397  -10.2725
    0.8646    6.8989   -0.4683   20.0683   -2.3577  -26.6320
eta,q 0.97777 11.24981
  0.0259  0.0255  0.0239  0.0254  0.0255  0.0262  0.0249  0.0271  0.0242  0.0259  0.0232  0.0235
  0.0239  0.0238  0.0230  0.0239  0.0238  0.0245  0.0234  0.0244  0.0231  0.0239  0.0226  0.0228
  0.0227  0.0227  0.0224  0.0229  0.0226  0.0232  0.0225  0.0228  0.0224  0.0227  0.0223  0.0224
  0.0222  0.0222  0.0222  0.0222  0.0222  0.0222  0.0222  0.0222  0.0222  0.0222  0.0222  0.0222
  0.0225  0.0224  0.0224  0.0220  0.0227  0.0217  0.0226  0.0227  0.0225  0.0224  0.0224  0.0224
  0.0236  0.0231  0.0229  0.0233  0.0241  0.0234  0.0235  0.0244  0.0232  0.0234  0.0227  0.0229
  0.0255  0.0244  0.0239  0.0267  0.0262  0.0275  0.0249  0.0272  0.0244  0.0253  0.0232  0.0237
niter,ni,del,rscale     5    3    5.0000    1.2000
parameters
   -3.1725   14.6901    0.2588  -11.3765  -17.0110  -10.3542
    0.8710    6.9066   -0.4598   20.2806   -2.3446  -26.7331
eta,q 0.97775 11.24095
  0.0257  0.0251  0.0239  0.0255  0.0256  0.0262  0.0249  0.0271  0.0243  0.0256  0.0232  0.0236
  0.0238  0.0236  0.0229  0.0240  0.0239  0.0245  0.0235  0.0244  0.0232  0.0238  0.0226  0.0229
  0.0226  0.0226  0.0224  0.0229  0.0227  0.0232  0.0226  0.0228  0.0225  0.0227  0.0223  0.0224
  0.0222  0.0222  0.0222  0.0222  0.0222  0.0222  0.0223  0.0223  0.0223  0.0223  0.0223  0.0223
  0.0226  0.0225  0.0225  0.0220  0.0226  0.0217  0.0226  0.0227  0.0225  0.0225  0.0224  0.0224
  0.0238  0.0233  0.0230  0.0231  0.0239  0.0235  0.0235  0.0244  0.0232  0.0235  0.0227  0.0229
  0.0257  0.0247  0.0240  0.0265  0.0260  0.0276  0.0249  0.0271  0.0243  0.0254  0.0232  0.0237
niter,ni,del,rscale     4    3    5.0000    1.2000
parameters
   -3.1726   14.7425    0.2140  -11.3924  -17.1009  -10.4180
    0.8697    6.9091   -0.4571   20.4090   -2.3181  -26.7912
eta,q 0.97773 11.23576
  0.0257  0.0250  0.0239  0.0255  0.0256  0.0262  0.0249  0.0271  0.0243  0.0256  0.0232  0.0236
  0.0238  0.0235  0.0229  0.0240  0.0239  0.0245  0.0235  0.0244  0.0232  0.0237  0.0227  0.0229
  0.0226  0.0226  0.0224  0.0230  0.0227  0.0232  0.0226  0.0228  0.0225  0.0227  0.0223  0.0224
  0.0223  0.0223  0.0223  0.0223  0.0223  0.0223  0.0223  0.0223  0.0223  0.0223  0.0223  0.0223
  0.0226  0.0225  0.0225  0.0220  0.0226  0.0218  0.0226  0.0227  0.0225  0.0225  0.0224  0.0224
  0.0238  0.0234  0.0231  0.0231  0.0239  0.0235  0.0235  0.0244  0.0232  0.0235  0.0227  0.0229
  0.0257  0.0248  0.0240  0.0264  0.0259  0.0276  0.0249  0.0272  0.0243  0.0255  0.0232  0.0237
niter,ni,del,rscale     3    3    5.0000    1.2000
parameters
   -3.1747   14.7737    0.1840  -11.4001  -17.1555  -10.4603
    0.8704    6.9049   -0.4600   20.4886   -2.2898  -26.8239
eta,q 0.97772 11.23254
  0.0257  0.0250  0.0239  0.0255  0.0256  0.0262  0.0249  0.0271  0.0243  0.0255  0.0232  0.0236
  0.0238  0.0235  0.0230  0.0240  0.0239  0.0245  0.0235  0.0244  0.0232  0.0237  0.0227  0.0229
  0.0227  0.0226  0.0224  0.0230  0.0228  0.0233  0.0226  0.0228  0.0225  0.0227  0.0224  0.0225
  0.0223  0.0223  0.0223  0.0223  0.0223  0.0223  0.0223  0.0223  0.0223  0.0223  0.0223  0.0223
  0.0226  0.0226  0.0225  0.0220  0.0226  0.0218  0.0226  0.0228  0.0225  0.0225  0.0224  0.0224
  0.0238  0.0234  0.0231  0.0231  0.0239  0.0235  0.0235  0.0244  0.0232  0.0235  0.0227  0.0229
  0.0257  0.0248  0.0239  0.0264  0.0259  0.0276  0.0249  0.0272  0.0243  0.0255  0.0232  0.0237
niter,ni,del,rscale     2    3    5.0000    1.2000
parameters
   -3.1762   14.7951    0.1671  -11.4029  -17.1984  -10.4877
    0.8736    6.9009   -0.4628   20.5436   -2.2754  -26.8407
eta,q 0.97771 11.23010
  0.0257  0.0250  0.0239  0.0255  0.0257  0.0262  0.0249  0.0271  0.0243  0.0255  0.0232  0.0236
  0.0238  0.0235  0.0230  0.0240  0.0239  0.0245  0.0235  0.0244  0.0232  0.0237  0.0227  0.0229
  0.0227  0.0226  0.0224  0.0230  0.0228  0.0233  0.0226  0.0228  0.0225  0.0227  0.0224  0.0225
  0.0223  0.0223  0.0223  0.0223  0.0223  0.0223  0.0223  0.0223  0.0223  0.0223  0.0223  0.0223
  0.0226  0.0226  0.0225  0.0220  0.0226  0.0218  0.0226  0.0228  0.0225  0.0225  0.0224  0.0224
  0.0238  0.0235  0.0230  0.0231  0.0239  0.0235  0.0235  0.0244  0.0232  0.0236  0.0227  0.0229
  0.0257  0.0249  0.0239  0.0264  0.0259  0.0275  0.0249  0.0272  0.0243  0.0255  0.0232  0.0237
registration optimization eta report
parameter search radius
    2.4000    2.4000    2.4000    9.5220    9.5220    8.2800
    7.2000    7.2000    7.2000    8.2800    7.2000    7.2000
100000*second partial in parameter space
       59.       46.       29.        4.        4.        7.
        5.        9.        4.        5.        2.        3.
  0.0257  0.0250  0.0239  0.0255  0.0257  0.0262  0.0249  0.0271  0.0243  0.0255  0.0232  0.0236
  0.0238  0.0235  0.0230  0.0240  0.0239  0.0245  0.0235  0.0244  0.0232  0.0237  0.0227  0.0229
  0.0227  0.0226  0.0224  0.0230  0.0228  0.0233  0.0226  0.0228  0.0225  0.0227  0.0224  0.0225
  0.0223  0.0223  0.0223  0.0223  0.0223  0.0223  0.0223  0.0223  0.0223  0.0223  0.0223  0.0223
  0.0226  0.0226  0.0225  0.0220  0.0226  0.0218  0.0226  0.0228  0.0225  0.0225  0.0224  0.0224
  0.0238  0.0235  0.0230  0.0231  0.0239  0.0235  0.0235  0.0244  0.0232  0.0236  0.0227  0.0229
  0.0257  0.0249  0.0239  0.0264  0.0259  0.0275  0.0249  0.0272  0.0243  0.0255  0.0232  0.0237
   -3.1762   14.7951    0.1671  -11.4029  -17.1984  -10.4877
    0.8736    6.9009   -0.4628   20.5436   -2.2754  -26.8407
eta,q 0.97771 11.23010

---------------------------------------------------------------------
imgreg_4dfp /opt/freesurfer/average/711-2C_as_mni_average_305 /opt/freesurfer/average/711-2B_as_mni_average_305_mask talsrcimg_g11 none talsrcimg_to_711-2C_as_mni_average_305_t4 2311
---------------------------------------------------------------------

freesurfer imgreg_4dfp.c
/opt/freesurfer/average/711-2C_as_mni_average_305.4dfp.img
       256       256       256         1
  1.000000  1.000000  1.000000
orientation T byte_order littleendian
Reading image: /opt/freesurfer/average/711-2C_as_mni_average_305.4dfp.img
dimensions:      256       256       256
mmppix:       1.0000   -1.0000   -1.0000
center:     128.0000 -129.0000 -129.0000
/opt/freesurfer/average/711-2B_as_mni_average_305_mask.4dfp.img
       256       256       256         1
  1.000000  1.000000  1.000000
orientation T byte_order littleendian
Reading mask: /opt/freesurfer/average/711-2B_as_mni_average_305_mask.4dfp.img (2306576 pixels)
talsrcimg_g11.4dfp.img
       256       256       256         1
  1.000000  1.000000  1.000000
orientation T byte_order littleendian
Reading image: talsrcimg_g11.4dfp.img
dimensions:      256       256       256
mmppix:       1.0000   -1.0000   -1.0000
center:     128.0000 -129.0000 -129.0000
fimgreg.f
image alignment mode   2311 decimal      907 hex
parameters
   -3.1762   14.7951    0.1671  -11.4029  -17.1984  -10.4877
    0.8736    6.9009   -0.4628   20.5436   -2.2754  -26.8407
eta,q 0.97771 11.23010
niter,ni,del,rscale     5    3    5.0000    0.8000
parameter  4 -0.516843 -> -0.500000 qaram    1.1500
parameters
   -3.1710   14.8007    0.1304   -8.6429  -16.7438   -9.6320
    0.9992    6.8185   -0.3469   20.3999   -2.4577  -26.8794
eta,q 0.97823 11.41999
  0.0238  0.0235  0.0230  0.0234  0.0231  0.0241  0.0232  0.0247  0.0228  0.0229  0.0226  0.0224
  0.0230  0.0228  0.0226  0.0230  0.0226  0.0233  0.0224  0.0232  0.0223  0.0223  0.0221  0.0221
  0.0225  0.0224  0.0224  0.0226  0.0222  0.0226  0.0220  0.0221  0.0219  0.0219  0.0218  0.0219
  0.0223  0.0223  0.0223  0.0223  0.0220  0.0220  0.0218  0.0218  0.0218  0.0218  0.0218  0.0218
  0.0224  0.0224  0.0224  0.0221  0.0220  0.0217  0.0219  0.0222  0.0219  0.0219  0.0219  0.0218
  0.0230  0.0228  0.0226  0.0220  0.0223  0.0220  0.0223  0.0233  0.0222  0.0224  0.0222  0.0221
  0.0238  0.0235  0.0230  0.0223  0.0228  0.0233  0.0230  0.0249  0.0227  0.0231  0.0226  0.0225
niter,ni,del,rscale     5    3    5.0000    0.8000
parameters
   -3.3077   14.6508    0.2539   -9.9147  -16.7288   -9.2639
    1.0410    6.7940   -0.2772   20.3205   -2.6272  -26.8489
eta,q 0.97829 11.37784
  0.0233  0.0228  0.0229  0.0227  0.0228  0.0238  0.0230  0.0246  0.0227  0.0229  0.0224  0.0224
  0.0224  0.0222  0.0223  0.0222  0.0222  0.0231  0.0223  0.0231  0.0222  0.0223  0.0220  0.0220
  0.0219  0.0218  0.0219  0.0219  0.0219  0.0224  0.0219  0.0221  0.0218  0.0219  0.0218  0.0218
  0.0218  0.0218  0.0218  0.0217  0.0218  0.0218  0.0217  0.0217  0.0217  0.0217  0.0217  0.0217
  0.0221  0.0220  0.0218  0.0221  0.0219  0.0216  0.0218  0.0221  0.0218  0.0218  0.0218  0.0218
  0.0228  0.0225  0.0221  0.0232  0.0222  0.0222  0.0223  0.0231  0.0221  0.0223  0.0221  0.0220
  0.0239  0.0232  0.0226  0.0250  0.0228  0.0237  0.0230  0.0247  0.0227  0.0231  0.0225  0.0224
niter,ni,del,rscale     4    3    5.0000    0.7000
parameters
   -3.2854   14.6282    0.3037  -10.0056  -16.6668   -9.0142
    1.0158    6.8394   -0.2227   20.2531   -2.7485  -26.8115
eta,q 0.97834 11.38406
  0.0231  0.0226  0.0225  0.0228  0.0225  0.0234  0.0226  0.0240  0.0224  0.0226  0.0222  0.0222
  0.0223  0.0221  0.0221  0.0223  0.0221  0.0227  0.0221  0.0228  0.0220  0.0221  0.0219  0.0219
  0.0219  0.0218  0.0218  0.0219  0.0218  0.0222  0.0218  0.0220  0.0217  0.0218  0.0217  0.0217
  0.0217  0.0217  0.0217  0.0217  0.0217  0.0217  0.0217  0.0217  0.0217  0.0217  0.0217  0.0217
  0.0218  0.0218  0.0218  0.0217  0.0218  0.0216  0.0218  0.0219  0.0217  0.0217  0.0218  0.0217
  0.0223  0.0222  0.0220  0.0221  0.0220  0.0221  0.0221  0.0227  0.0220  0.0221  0.0220  0.0219
  0.0230  0.0227  0.0224  0.0231  0.0225  0.0234  0.0227  0.0239  0.0224  0.0227  0.0223  0.0222
niter,ni,del,rscale     3    3    5.0000    0.6000
parameters
   -3.2887   14.5980    0.3449   -9.8888  -16.6663   -8.8159
    1.0136    6.8657   -0.1988   20.1655   -2.8294  -26.7751
eta,q 0.97838 11.39333
  0.0227  0.0224  0.0223  0.0225  0.0222  0.0230  0.0224  0.0234  0.0222  0.0223  0.0221  0.0220
  0.0221  0.0219  0.0219  0.0222  0.0219  0.0225  0.0220  0.0225  0.0219  0.0219  0.0218  0.0218
  0.0218  0.0217  0.0217  0.0219  0.0217  0.0220  0.0217  0.0218  0.0217  0.0217  0.0217  0.0217
  0.0217  0.0217  0.0217  0.0217  0.0217  0.0217  0.0216  0.0216  0.0216  0.0216  0.0216  0.0216
  0.0218  0.0217  0.0217  0.0217  0.0217  0.0216  0.0217  0.0218  0.0217  0.0217  0.0217  0.0217
  0.0221  0.0220  0.0219  0.0219  0.0219  0.0220  0.0220  0.0224  0.0219  0.0220  0.0219  0.0218
  0.0227  0.0224  0.0222  0.0226  0.0222  0.0230  0.0224  0.0234  0.0222  0.0224  0.0221  0.0220
niter,ni,del,rscale     2    3    5.0000    0.5000
parameters
   -3.2997   14.5695    0.3783   -9.7940  -16.6150   -8.6346
    1.0241    6.8891   -0.1706   20.0760   -2.8914  -26.7516
eta,q 0.97842 11.40395
  0.0223  0.0221  0.0221  0.0222  0.0220  0.0226  0.0221  0.0229  0.0220  0.0221  0.0219  0.0219
  0.0219  0.0218  0.0218  0.0220  0.0218  0.0222  0.0218  0.0222  0.0218  0.0218  0.0217  0.0217
  0.0217  0.0216  0.0217  0.0217  0.0217  0.0219  0.0216  0.0217  0.0216  0.0216  0.0216  0.0216
  0.0216  0.0216  0.0216  0.0216  0.0216  0.0216  0.0216  0.0216  0.0216  0.0216  0.0216  0.0216
  0.0217  0.0217  0.0217  0.0216  0.0216  0.0216  0.0216  0.0217  0.0216  0.0216  0.0216  0.0216
  0.0219  0.0219  0.0218  0.0218  0.0218  0.0219  0.0218  0.0221  0.0217  0.0218  0.0218  0.0217
  0.0223  0.0222  0.0220  0.0223  0.0220  0.0226  0.0221  0.0229  0.0220  0.0222  0.0219  0.0219
niter,ni,del,rscale     1    3    5.0000    0.4000
parameters
   -3.3067   14.5383    0.4119   -9.7137  -16.5019   -8.4805
    1.0198    6.9103   -0.1384   19.9695   -2.9442  -26.7055
eta,q 0.97844 11.41610
  0.0220  0.0219  0.0219  0.0220  0.0219  0.0223  0.0219  0.0224  0.0218  0.0219  0.0218  0.0218
  0.0218  0.0217  0.0217  0.0218  0.0217  0.0220  0.0217  0.0220  0.0217  0.0217  0.0217  0.0216
  0.0216  0.0216  0.0216  0.0217  0.0216  0.0217  0.0216  0.0217  0.0216  0.0216  0.0216  0.0216
  0.0216  0.0216  0.0216  0.0216  0.0216  0.0216  0.0216  0.0216  0.0216  0.0216  0.0216  0.0216
  0.0216  0.0216  0.0216  0.0216  0.0216  0.0216  0.0216  0.0216  0.0216  0.0216  0.0216  0.0216
  0.0218  0.0217  0.0217  0.0217  0.0217  0.0218  0.0217  0.0219  0.0217  0.0217  0.0217  0.0216
  0.0220  0.0219  0.0218  0.0220  0.0218  0.0222  0.0219  0.0224  0.0218  0.0220  0.0218  0.0217
registration optimization eta report
parameter search radius
    0.8000    0.8000    0.8000    2.7600    2.4000    2.4000
    2.4000    2.4000    2.4000    2.4000    2.4000    2.4000
100000*second partial in parameter space
       72.       50.       44.        6.        5.       12.
        6.       15.        5.        6.        4.        3.
  0.0220  0.0219  0.0219  0.0220  0.0219  0.0223  0.0219  0.0224  0.0218  0.0219  0.0218  0.0218
  0.0218  0.0217  0.0217  0.0218  0.0217  0.0220  0.0217  0.0220  0.0217  0.0217  0.0217  0.0216
  0.0216  0.0216  0.0216  0.0217  0.0216  0.0217  0.0216  0.0217  0.0216  0.0216  0.0216  0.0216
  0.0216  0.0216  0.0216  0.0216  0.0216  0.0216  0.0216  0.0216  0.0216  0.0216  0.0216  0.0216
  0.0216  0.0216  0.0216  0.0216  0.0216  0.0216  0.0216  0.0216  0.0216  0.0216  0.0216  0.0216
  0.0218  0.0217  0.0217  0.0217  0.0217  0.0218  0.0217  0.0219  0.0217  0.0217  0.0217  0.0216
  0.0220  0.0219  0.0218  0.0220  0.0218  0.0222  0.0219  0.0224  0.0218  0.0220  0.0218  0.0217
   -3.3067   14.5383    0.4119   -9.7137  -16.5019   -8.4805
    1.0198    6.9103   -0.1384   19.9695   -2.9442  -26.7055
eta,q 0.97844 11.41610

---------------------------------------------------------------------
imgreg_4dfp /opt/freesurfer/average/711-2C_as_mni_average_305 /opt/freesurfer/average/711-2B_as_mni_average_305_mask talsrcimg_g11 none talsrcimg_to_711-2C_as_mni_average_305_t4 2311
---------------------------------------------------------------------

freesurfer imgreg_4dfp.c
/opt/freesurfer/average/711-2C_as_mni_average_305.4dfp.img
       256       256       256         1
  1.000000  1.000000  1.000000
orientation T byte_order littleendian
Reading image: /opt/freesurfer/average/711-2C_as_mni_average_305.4dfp.img
dimensions:      256       256       256
mmppix:       1.0000   -1.0000   -1.0000
center:     128.0000 -129.0000 -129.0000
/opt/freesurfer/average/711-2B_as_mni_average_305_mask.4dfp.img
       256       256       256         1
  1.000000  1.000000  1.000000
orientation T byte_order littleendian
Reading mask: /opt/freesurfer/average/711-2B_as_mni_average_305_mask.4dfp.img (2306576 pixels)
talsrcimg_g11.4dfp.img
       256       256       256         1
  1.000000  1.000000  1.000000
orientation T byte_order littleendian
Reading image: talsrcimg_g11.4dfp.img
dimensions:      256       256       256
mmppix:       1.0000   -1.0000   -1.0000
center:     128.0000 -129.0000 -129.0000
fimgreg.f
image alignment mode   2311 decimal      907 hex
parameters
   -3.3067   14.5383    0.4119   -9.7137  -16.5019   -8.4805
    1.0198    6.9103   -0.1384   19.9695   -2.9442  -26.7055
eta,q 0.97844 11.41609
niter,ni,del,rscale     5    3    5.0000    0.8000
parameters
   -3.3027   14.5197    0.4857  -10.2425  -16.6641   -8.9551
    0.9952    6.8700   -0.1824   20.0043   -2.8707  -26.6207
eta,q 0.97832 11.36654
  0.0234  0.0228  0.0228  0.0225  0.0226  0.0234  0.0229  0.0245  0.0227  0.0230  0.0225  0.0224
  0.0224  0.0221  0.0221  0.0221  0.0220  0.0226  0.0222  0.0230  0.0221  0.0223  0.0220  0.0220
  0.0218  0.0217  0.0217  0.0217  0.0217  0.0220  0.0218  0.0220  0.0218  0.0218  0.0217  0.0218
  0.0216  0.0216  0.0216  0.0216  0.0216  0.0216  0.0217  0.0217  0.0217  0.0217  0.0217  0.0217
  0.0218  0.0217  0.0217  0.0217  0.0217  0.0218  0.0218  0.0220  0.0218  0.0218  0.0218  0.0217
  0.0224  0.0222  0.0220  0.0223  0.0221  0.0229  0.0223  0.0230  0.0221  0.0222  0.0220  0.0220
  0.0234  0.0229  0.0225  0.0234  0.0227  0.0249  0.0230  0.0246  0.0227  0.0230  0.0224  0.0224
niter,ni,del,rscale     4    3    5.0000    0.7000
parameters
   -3.2676   14.5445    0.3977   -9.8804  -16.5852   -8.9579
    0.9965    6.8831   -0.1801   20.0179   -2.8413  -26.6630
eta,q 0.97836 11.38896
  0.0231  0.0227  0.0223  0.0226  0.0224  0.0232  0.0226  0.0240  0.0224  0.0226  0.0223  0.0222
  0.0223  0.0221  0.0219  0.0222  0.0220  0.0226  0.0221  0.0227  0.0220  0.0221  0.0219  0.0219
  0.0218  0.0218  0.0217  0.0219  0.0218  0.0220  0.0218  0.0219  0.0217  0.0218  0.0217  0.0217
  0.0217  0.0217  0.0217  0.0217  0.0216  0.0216  0.0216  0.0216  0.0216  0.0216  0.0216  0.0216
  0.0218  0.0218  0.0218  0.0216  0.0217  0.0216  0.0217  0.0219  0.0217  0.0217  0.0217  0.0217
  0.0222  0.0221  0.0221  0.0218  0.0220  0.0222  0.0221  0.0227  0.0220  0.0221  0.0219  0.0219
  0.0229  0.0226  0.0225  0.0225  0.0224  0.0236  0.0226  0.0240  0.0224  0.0227  0.0222  0.0222
niter,ni,del,rscale     3    3    5.0000    0.6000
parameters
   -3.2820   14.5429    0.3812   -9.7316  -16.5901   -8.8070
    1.0054    6.8857   -0.1706   20.0119   -2.8485  -26.6780
eta,q 0.97840 11.40032
  0.0226  0.0224  0.0222  0.0223  0.0222  0.0229  0.0224  0.0234  0.0222  0.0224  0.0221  0.0220
  0.0221  0.0220  0.0219  0.0220  0.0219  0.0224  0.0219  0.0224  0.0219  0.0219  0.0218  0.0218
  0.0217  0.0217  0.0217  0.0218  0.0217  0.0219  0.0217  0.0218  0.0217  0.0217  0.0216  0.0216
  0.0216  0.0216  0.0216  0.0216  0.0216  0.0216  0.0216  0.0216  0.0216  0.0216  0.0216  0.0216
  0.0218  0.0217  0.0217  0.0216  0.0217  0.0216  0.0217  0.0218  0.0217  0.0217  0.0217  0.0216
  0.0221  0.0220  0.0219  0.0218  0.0219  0.0220  0.0219  0.0224  0.0219  0.0219  0.0218  0.0218
  0.0227  0.0224  0.0222  0.0223  0.0222  0.0230  0.0224  0.0234  0.0222  0.0224  0.0221  0.0220
niter,ni,del,rscale     2    3    5.0000    0.5000
parameters
   -3.2985   14.5352    0.3975   -9.6646  -16.5477   -8.6414
    1.0189    6.8927   -0.1621   19.9718   -2.8946  -26.6924
eta,q 0.97842 11.41024
  0.0223  0.0221  0.0220  0.0221  0.0220  0.0226  0.0221  0.0229  0.0220  0.0221  0.0219  0.0219
  0.0219  0.0218  0.0218  0.0219  0.0218  0.0222  0.0218  0.0222  0.0218  0.0218  0.0217  0.0217
  0.0217  0.0216  0.0217  0.0217  0.0217  0.0218  0.0216  0.0217  0.0216  0.0216  0.0216  0.0216
  0.0216  0.0216  0.0216  0.0216  0.0216  0.0216  0.0216  0.0216  0.0216  0.0216  0.0216  0.0216
  0.0217  0.0217  0.0216  0.0216  0.0216  0.0216  0.0216  0.0217  0.0216  0.0216  0.0216  0.0216
  0.0219  0.0218  0.0218  0.0218  0.0218  0.0219  0.0218  0.0222  0.0217  0.0218  0.0217  0.0217
  0.0223  0.0221  0.0220  0.0221  0.0220  0.0226  0.0221  0.0229  0.0220  0.0221  0.0219  0.0219
niter,ni,del,rscale     1    3    5.0000    0.4000
parameters
   -3.3086   14.5195    0.4201   -9.6172  -16.4688   -8.4822
    1.0293    6.9119   -0.1435   19.9178   -2.9326  -26.6891
eta,q 0.97845 11.42063
  0.0220  0.0219  0.0219  0.0219  0.0219  0.0223  0.0219  0.0224  0.0218  0.0219  0.0218  0.0217
  0.0218  0.0217  0.0217  0.0217  0.0217  0.0220  0.0217  0.0220  0.0217  0.0217  0.0216  0.0216
  0.0216  0.0216  0.0216  0.0216  0.0216  0.0217  0.0216  0.0217  0.0216  0.0216  0.0216  0.0216
  0.0216  0.0216  0.0216  0.0216  0.0216  0.0216  0.0216  0.0216  0.0216  0.0216  0.0216  0.0216
  0.0216  0.0216  0.0216  0.0216  0.0216  0.0216  0.0216  0.0216  0.0216  0.0216  0.0216  0.0216
  0.0218  0.0217  0.0217  0.0217  0.0217  0.0218  0.0217  0.0219  0.0217  0.0217  0.0217  0.0216
  0.0220  0.0219  0.0218  0.0219  0.0218  0.0222  0.0219  0.0224  0.0218  0.0219  0.0218  0.0217
registration optimization eta report
parameter search radius
    0.8000    0.8000    0.8000    2.4000    2.4000    2.4000
    2.4000    2.4000    2.4000    2.4000    2.4000    2.4000
100000*second partial in parameter space
       72.       52.       43.        6.        5.       12.
        6.       15.        5.        6.        4.        3.
  0.0220  0.0219  0.0219  0.0219  0.0219  0.0223  0.0219  0.0224  0.0218  0.0219  0.0218  0.0217
  0.0218  0.0217  0.0217  0.0217  0.0217  0.0220  0.0217  0.0220  0.0217  0.0217  0.0216  0.0216
  0.0216  0.0216  0.0216  0.0216  0.0216  0.0217  0.0216  0.0217  0.0216  0.0216  0.0216  0.0216
  0.0216  0.0216  0.0216  0.0216  0.0216  0.0216  0.0216  0.0216  0.0216  0.0216  0.0216  0.0216
  0.0216  0.0216  0.0216  0.0216  0.0216  0.0216  0.0216  0.0216  0.0216  0.0216  0.0216  0.0216
  0.0218  0.0217  0.0217  0.0217  0.0217  0.0218  0.0217  0.0219  0.0217  0.0217  0.0217  0.0216
  0.0220  0.0219  0.0218  0.0219  0.0218  0.0222  0.0219  0.0224  0.0218  0.0219  0.0218  0.0217
   -3.3086   14.5195    0.4201   -9.6172  -16.4688   -8.4822
    1.0293    6.9119   -0.1435   19.9178   -2.9326  -26.6891
eta,q 0.97845 11.42063

---------------------------------------------------------------------
compute_vox2vox talsrcimg talsrcimg_to_711-2C_as_mni_average_305_t4 /opt/freesurfer/average/711-2C_as_mni_average_305
---------------------------------------------------------------------

freesurfer compute_vox2vox.c
Reading: talsrcimg.4dfp.ifh
Reading: talsrcimg_to_711-2C_as_mni_average_305_t4
Reading: /opt/freesurfer/average/711-2C_as_mni_average_305.4dfp.ifh
Writing: talsrcimg_to_711-2C_as_mni_average_305_t4_vox2vox.txt

start time Sat Mar 14 03:28:58 CET 2026
end		time Sat Mar 14 03:29:12 CET 2026

mpr2mni305 success

avi2talxfm orig_nu.mgz /opt/freesurfer/average/mni305.cor.mgz talsrcimg_to_711-2C_as_mni_average_305_t4_vox2vox.txt transforms/talairach.auto.xfm
avi2talxfm done
mv -f /out/sourcedata/freesurfer/sub-v2s8x29252_ses-1/mri/talsrcimg_to_711-2C_as_mni_average_305_t4_vox2vox.txt /out/sourcedata/freesurfer/sub-v2s8x29252_ses-1/mri/transforms/talsrcimg_to_711-2C_as_mni_average_305_t4_vox2vox.txt
lta_convert --src orig_nu.mgz --trg /opt/freesurfer/average/mni305.cor.mgz --inxfm transforms/talairach.auto.xfm --outlta transforms/talairach.auto.xfm.lta --subject fsaverage
7.3.2

--src: orig_nu.mgz src image (geometry).
--trg: /opt/freesurfer/average/mni305.cor.mgz trg image (geometry).
--inmni: transforms/talairach.auto.xfm input MNI/XFM transform.
--outlta: transforms/talairach.auto.xfm.lta output LTA.
--s: fsaverage subject name
 LTA read, type : 1
 1.10391  -0.07518  -0.03762  -7.19398;
 0.03359   1.01935   0.32528  -3.37984;
-0.00611  -0.24319   1.11953  -8.50467;
 0.00000   0.00000   0.00000   1.00000;
setting subject to fsaverage
Writing  LTA to file transforms/talairach.auto.xfm.lta...
lta_convert successful.
 
 
Started at Sat Mar 14 03:28:58 CET 2026
Ended   at Sat Mar 14 03:29:12 CET 2026
talairach_avi done
