/out/sourcedata/freesurfer/sub-v2s8x29199_ses-1/mri
/opt/freesurfer/bin/talairach_avi
--i orig_nu.mgz --xfm transforms/talairach.auto.xfm
talairach_avi 7.3.2
Linux dna075 5.14.0-427.37.1.el9_4.x86_64 #1 SMP PREEMPT_DYNAMIC Fri Sep 13 12:41:50 EDT 2024 x86_64 x86_64 x86_64 GNU/Linux
Sat Mar 14 00:53:40 CET 2026
mri_convert orig_nu.mgz talsrcimg.img 
reading from orig_nu.mgz...
TR=0.00, TE=0.00, TI=0.00, flip angle=0.00
i_ras = (-1, 0, 0)
j_ras = (0, 0, -1)
k_ras = (0, 1, 0)
writing to talsrcimg.img...
Analyze Output Matrix
-1.00000   0.00000   0.00000   129.66513;
 0.00000   0.00000   1.00000  -128.00000;
 0.00000  -1.00000   0.00000   130.00000;
 0.00000   0.00000   0.00000   1.00000;
--------------------
INFO: set hdr.hist.orient to -1
mpr2mni305 talsrcimg
Sat Mar 14 00:53:41 CET 2026
/opt/freesurfer/bin/mpr2mni305 talsrcimg
mpr2mni305 7.3.2
target=711-2C_as_mni_average_305

---------------------------------------------------------------------
analyzeto4dfp talsrcimg -O0 -y
---------------------------------------------------------------------

freesurfer ifh2hdr.c
Sat Mar 14 00:53:41 2026
Writing: talsrcimg.4dfp.hdr
freesurfer analyzeto4dfp.c
Reading: talsrcimg.hdr
header size 348 bytes
hdr.dime.datatype	offset=70	value=2
hdr.dime.bitpix		offset=72	value=8
hdr.hist.orient		offset=252	value=-1
dimensionality     4
dimensions       256       256       256         1
Reading: talsrcimg.img
Writing: talsrcimg.4dfp.img
Writing: talsrcimg.4dfp.ifh
ifh2hdr talsrcimg -r0to205
ori=2

---------------------------------------------------------------------
gauss_4dfp talsrcimg 1.1
---------------------------------------------------------------------

freesurfer gauss_4dfp.c
Reading: talsrcimg.4dfp.img
Writing: talsrcimg_g11.4dfp.img
image dimensions 256 256 256 padded to 288 288 288
processing volume 1freesurfer ifh2hdr.c
Sat Mar 14 00:53:42 2026
Writing: talsrcimg_g11.4dfp.hdr

Writing: talsrcimg_g11.4dfp.ifh
including: talsrcimg.4dfp.img.rec in talsrcimg_g11.4dfp.img.rec

---------------------------------------------------------------------
imgreg_4dfp /opt/freesurfer/average/711-2C_as_mni_average_305 none talsrcimg_g11 none talsrcimg_to_711-2C_as_mni_average_305_t4 4355
---------------------------------------------------------------------

freesurfer imgreg_4dfp.c
/opt/freesurfer/average/711-2C_as_mni_average_305.4dfp.img
       256       256       256         1
  1.000000  1.000000  1.000000
orientation T byte_order littleendian
Reading image: /opt/freesurfer/average/711-2C_as_mni_average_305.4dfp.img
dimensions:      256       256       256
mmppix:       1.0000   -1.0000   -1.0000
center:     128.0000 -129.0000 -129.0000
talsrcimg_g11.4dfp.img
       256       256       256         1
  1.000000  1.000000  1.000000
orientation T byte_order littleendian
Reading image: talsrcimg_g11.4dfp.img
dimensions:      256       256       256
mmppix:       1.0000   -1.0000   -1.0000
center:     128.0000 -129.0000 -129.0000
t4_read: open error in t4_sub.f l:  41 t4_file(1:l)talsrcimg_to_711-2C_as_mni_average_305_t4 
t4_read: transform initialized to I4
rotation matrix determinant  1.000000
image alignment mode   4355 decimal     1103 hex
   -7.5000  -45.0000  -45.0000 8509.2646   21.1639
    0.0000  -45.0000  -45.0000 8838.2939   21.1624
    7.5000  -45.0000  -45.0000 8414.7383   21.1407
   -7.5000  -37.5000  -45.0000 8865.6934   21.1654
    0.0000  -37.5000  -45.0000 9190.7754   21.1663
    7.5000  -37.5000  -45.0000 8759.0420   21.1491
   -7.5000  -30.0000  -45.0000 9471.7842   21.2194
    0.0000  -30.0000  -45.0000 9823.2285   21.2259
    7.5000  -30.0000  -45.0000 9354.4600   21.2132
   -7.5000  -22.5000  -45.000010069.6504   21.2615
    0.0000  -22.5000  -45.000010440.9697   21.2727
    7.5000  -22.5000  -45.0000 9941.2900   21.2621
   -7.5000  -15.0000  -45.000010596.8574   21.2486
    0.0000  -15.0000  -45.000011004.5859   21.2588
    7.5000  -15.0000  -45.000010477.6006   21.2438
   -7.5000   -7.5000  -45.000011125.6562   21.2048
    0.0000   -7.5000  -45.000011549.5596   21.2078
    7.5000   -7.5000  -45.000010997.7100   21.1864
   -7.5000    0.0000  -45.000011504.5605   21.1639
    0.0000    0.0000  -45.000011948.4658   21.1624
    7.5000    0.0000  -45.000011408.4434   21.1407
   -7.5000    7.5000  -45.000010876.6367   21.1654
    0.0000    7.5000  -45.000011302.6357   21.1663
    7.5000    7.5000  -45.000010784.8389   21.1491
   -7.5000   15.0000  -45.000010164.1934   21.2194
    0.0000   15.0000  -45.000010561.1768   21.2259
    7.5000   15.0000  -45.000010073.7783   21.2132
   -7.5000   22.5000  -45.0000 9386.8076   21.2586
    0.0000   22.5000  -45.0000 9735.7148   21.2698
    7.5000   22.5000  -45.0000 9302.4287   21.2592
   -7.5000   30.0000  -45.0000 8610.6006   20.9654
    0.0000   30.0000  -45.0000 8916.0576   20.9755
    7.5000   30.0000  -45.0000 8514.6533   20.9607
   -7.5000   37.5000  -45.0000 8089.4395   20.9222
    0.0000   37.5000  -45.0000 8367.4717   20.9252
    7.5000   37.5000  -45.0000 7981.4023   20.9041
   -7.5000   45.0000  -45.0000 7279.9224   20.3517
    0.0000   45.0000  -45.0000 7535.3784   20.3503
    7.5000   45.0000  -45.0000 7166.2549   20.3293
   -7.5000  -45.0000  -37.5000 9128.4238   21.0054
    0.0000  -45.0000  -37.5000 9501.6484   20.9917
    7.5000  -45.0000  -37.5000 9019.1357   20.9666
   -7.5000  -37.5000  -37.5000 9481.7822   21.0124
    0.0000  -37.5000  -37.5000 9850.8281   21.0008
    7.5000  -37.5000  -37.5000 9363.3906   20.9775
   -7.5000  -30.0000  -37.500010119.1543   21.0738
    0.0000  -30.0000  -37.500010503.2012   21.0649
    7.5000  -30.0000  -37.5000 9993.8857   21.0443
   -7.5000  -22.5000  -37.500010746.5098   21.1175
    0.0000  -22.5000  -37.500011153.7373   21.1105
    7.5000  -22.5000  -37.500010597.3184   21.0933
   -7.5000  -15.0000  -37.500011304.1104   21.1004
    0.0000  -15.0000  -37.500011727.3281   21.0925
    7.5000  -15.0000  -37.500011144.6797   21.0738
   -7.5000   -7.5000  -37.500011826.1162   21.0494
    0.0000   -7.5000  -37.500012275.2129   21.0376
    7.5000   -7.5000  -37.500011679.3574   21.0137
   -7.5000    0.0000  -37.500012216.0586   21.0054
    0.0000    0.0000  -37.500012660.4658   20.9917
    7.5000    0.0000  -37.500012089.4688   20.9666
   -7.5000    7.5000  -37.500011539.9941   21.0124
    0.0000    7.5000  -37.500011985.6357   21.0008
    7.5000    7.5000  -37.500011417.0010   20.9775
   -7.5000   15.0000  -37.500010769.1367   21.0738
    0.0000   15.0000  -37.500011167.0303   21.0649
    7.5000   15.0000  -37.500010634.0293   21.0443
   -7.5000   22.5000  -37.5000 9904.8652   21.1146
    0.0000   22.5000  -37.500010271.0322   21.1076
    7.5000   22.5000  -37.5000 9783.9121   21.0904
   -7.5000   30.0000  -37.5000 9049.6738   20.8192
    0.0000   30.0000  -37.5000 9373.6797   20.8114
    7.5000   30.0000  -37.5000 8932.3408   20.7930
   -7.5000   37.5000  -37.5000 8482.1455   20.7689
    0.0000   37.5000  -37.5000 8784.2256   20.7573
    7.5000   37.5000  -37.5000 8379.8252   20.7337
   -7.5000   45.0000  -37.5000 7599.6611   20.1993
    0.0000   45.0000  -37.5000 7883.1074   20.1861
    7.5000   45.0000  -37.5000 7498.8301   20.1620
   -7.5000  -45.0000  -30.0000 9873.6475   21.7884
    0.0000  -45.0000  -30.000010257.9834   21.7651
    7.5000  -45.0000  -30.0000 9758.4482   21.7402
   -7.5000  -37.5000  -30.000010234.2246   21.7963
    0.0000  -37.5000  -30.000010625.0469   21.7754
    7.5000  -37.5000  -30.000010111.2959   21.7495
   -7.5000  -30.0000  -30.000010907.2217   21.8686
    0.0000  -30.0000  -30.000011340.1523   21.8477
    7.5000  -30.0000  -30.000010774.2900   21.8211
   -7.5000  -22.5000  -30.000011575.1768   21.9212
    0.0000  -22.5000  -30.000012028.7207   21.8996
    7.5000  -22.5000  -30.000011403.4961   21.8760
   -7.5000  -15.0000  -30.000012145.6270   21.9025
    0.0000  -15.0000  -30.000012621.1621   21.8802
    7.5000  -15.0000  -30.000011974.6416   21.8585
   -7.5000   -7.5000  -30.000012701.4453   21.8416
    0.0000   -7.5000  -30.000013206.3516   21.8179
    7.5000   -7.5000  -30.000012536.9492   21.7939
   -7.5000    0.0000  -30.000013095.0693   21.7884
    0.0000    0.0000  -30.000013616.0352   21.7651
    7.5000    0.0000  -30.000012956.6309   21.7402
   -7.5000    7.5000  -30.000012369.8301   21.7963
    0.0000    7.5000  -30.000012848.2725   21.7754
    7.5000    7.5000  -30.000012236.2676   21.7495
   -7.5000   15.0000  -30.000011537.8184   21.8686
    0.0000   15.0000  -30.000011969.0859   21.8477
    7.5000   15.0000  -30.000011397.7207   21.8211
   -7.5000   22.5000  -30.000010604.7109   21.9159
    0.0000   22.5000  -30.000010991.3096   21.8944
    7.5000   22.5000  -30.000010467.8369   21.8708
   -7.5000   30.0000  -30.0000 9646.2539   21.6126
    0.0000   30.0000  -30.0000 9997.0156   21.5907
    7.5000   30.0000  -30.0000 9520.4756   21.5692
   -7.5000   37.5000  -30.0000 9008.4521   21.5526
    0.0000   37.5000  -30.0000 9351.7861   21.5292
    7.5000   37.5000  -30.0000 8926.8652   21.5056
   -7.5000   45.0000  -30.0000 8044.6890   20.9676
    0.0000   45.0000  -30.0000 8352.4805   20.9452
    7.5000   45.0000  -30.0000 7970.5391   20.9212
   -7.5000  -45.0000  -22.500010592.5459   22.5331
    0.0000  -45.0000  -22.500011006.4395   22.5135
    7.5000  -45.0000  -22.500010488.5830   22.4910
   -7.5000  -37.5000  -22.500010975.9561   22.5356
    0.0000  -37.5000  -22.500011390.2646   22.5195
    7.5000  -37.5000  -22.500010856.1924   22.4967
   -7.5000  -30.0000  -22.500011697.0107   22.6126
    0.0000  -30.0000  -22.500012125.7578   22.5974
    7.5000  -30.0000  -22.500011559.2910   22.5724
   -7.5000  -22.5000  -22.500012367.1191   22.6754
    0.0000  -22.5000  -22.500012831.0967   22.6589
    7.5000  -22.5000  -22.500012219.8740   22.6353
   -7.5000  -15.0000  -22.500012973.0791   22.6607
    0.0000  -15.0000  -22.500013466.6250   22.6423
    7.5000  -15.0000  -22.500012798.1650   22.6208
   -7.5000   -7.5000  -22.500013568.5986   22.5952
    0.0000   -7.5000  -22.500014099.0742   22.5745
    7.5000   -7.5000  -22.500013379.3604   22.5519
   -7.5000    0.0000  -22.500013982.6826   22.5331
    0.0000    0.0000  -22.500014536.4102   22.5135
    7.5000    0.0000  -22.500013811.1133   22.4910
   -7.5000    7.5000  -22.500013202.1182   22.5356
    0.0000    7.5000  -22.500013694.9668   22.5195
    7.5000    7.5000  -22.500013053.8281   22.4967
   -7.5000   15.0000  -22.500012276.7285   22.6126
    0.0000   15.0000  -22.500012746.9922   22.5974
    7.5000   15.0000  -22.500012158.7598   22.5724
   -7.5000   22.5000  -22.500011276.2617   22.6684
    0.0000   22.5000  -22.500011707.3350   22.6519
    7.5000   22.5000  -22.500011142.9580   22.6283
   -7.5000   30.0000  -22.500010247.7920   22.3643
    0.0000   30.0000  -22.500010615.3770   22.3461
    7.5000   30.0000  -22.500010121.6846   22.3249
   -7.5000   37.5000  -22.5000 9564.9873   22.2997
    0.0000   37.5000  -22.5000 9922.3486   22.2792
    7.5000   37.5000  -22.5000 9473.5459   22.2569
   -7.5000   45.0000  -22.5000 8511.7441   21.7005
    0.0000   45.0000  -22.5000 8840.1230   21.6817
    7.5000   45.0000  -22.5000 8425.4072   21.6600
   -7.5000  -45.0000  -15.000011322.3203   23.0926
    0.0000  -45.0000  -15.000011779.6787   23.0868
    7.5000  -45.0000  -15.000011225.2334   23.0689
   -7.5000  -37.5000  -15.000011711.8262   23.0913
    0.0000  -37.5000  -15.000012150.9033   23.0891
    7.5000  -37.5000  -15.000011593.9033   23.0732
   -7.5000  -30.0000  -15.000012462.7812   23.1655
    0.0000  -30.0000  -15.000012905.3164   23.1664
    7.5000  -30.0000  -15.000012338.8418   23.1500
   -7.5000  -22.5000  -15.000013154.6484   23.2298
    0.0000  -22.5000  -15.000013632.0742   23.2316
    7.5000  -22.5000  -15.000013030.5889   23.2158
   -7.5000  -15.0000  -15.000013805.6270   23.2178
    0.0000  -15.0000  -15.000014317.6504   23.2178
    7.5000  -15.0000  -15.000013660.2393   23.2017
   -7.5000   -7.5000  -15.000014462.3301   23.1548
    0.0000   -7.5000  -15.000014995.8174   23.1501
    7.5000   -7.5000  -15.000014280.4893   23.1315
   -7.5000    0.0000  -15.000014887.5137   23.0926
    0.0000    0.0000  -15.000015444.7852   23.0868
    7.5000    0.0000  -15.000014684.0000   23.0689
   -7.5000    7.5000  -15.000014040.6875   23.0913
    0.0000    7.5000  -15.000014559.7246   23.0891
    7.5000    7.5000  -15.000013870.5791   23.0732
   -7.5000   15.0000  -15.000013035.4902   23.1655
    0.0000   15.0000  -15.000013522.5244   23.1664
    7.5000   15.0000  -15.000012894.6943   23.1500
   -7.5000   22.5000  -15.000011982.6445   23.2216
    0.0000   22.5000  -15.000012404.2588   23.2234
    7.5000   22.5000  -15.000011827.6660   23.2075
   -7.5000   30.0000  -15.000010867.2939   22.9174
    0.0000   30.0000  -15.000011241.0566   22.9174
    7.5000   30.0000  -15.000010720.4707   22.9014
   -7.5000   37.5000  -15.000010118.7861   22.8551
    0.0000   37.5000  -15.000010483.6143   22.8505
    7.5000   37.5000  -15.000010005.5977   22.8321
   -7.5000   45.0000  -15.0000 8994.9023   22.2528
    0.0000   45.0000  -15.0000 9329.1387   22.2472
    7.5000   45.0000  -15.0000 8892.7891   22.2299
   -7.5000  -45.0000   -7.500012118.7578   23.3832
    0.0000  -45.0000   -7.500012596.5127   23.3863
    7.5000  -45.0000   -7.500012005.5088   23.3694
   -7.5000  -37.5000   -7.500012495.3203   23.3822
    0.0000  -37.5000   -7.500012952.0371   23.3883
    7.5000  -37.5000   -7.500012386.2891   23.3758
   -7.5000  -30.0000   -7.500013268.8936   23.4470
    0.0000  -30.0000   -7.500013721.4980   23.4585
    7.5000  -30.0000   -7.500013174.0996   23.4490
   -7.5000  -22.5000   -7.500013994.9160   23.5017
    0.0000  -22.5000   -7.500014453.7080   23.5172
    7.5000  -22.5000   -7.500013896.2842   23.5086
   -7.5000  -15.0000   -7.500014699.1084   23.4893
    0.0000  -15.0000   -7.500015192.0908   23.5034
    7.5000  -15.0000   -7.500014542.1465   23.4913
   -7.5000   -7.5000   -7.500015380.3398   23.4354
    0.0000   -7.5000   -7.500015915.1094   23.4425
    7.5000   -7.5000   -7.500015198.3662   23.4250
   -7.5000    0.0000   -7.500015808.0088   23.3832
    0.0000    0.0000   -7.500016326.3076   23.3863
    7.5000    0.0000   -7.500015590.8643   23.3694
   -7.5000    7.5000   -7.500014908.7070   23.3822
    0.0000    7.5000   -7.500015409.1494   23.3883
    7.5000    7.5000   -7.500014696.8457   23.3758
   -7.5000   15.0000   -7.500013852.0225   23.4470
    0.0000   15.0000   -7.500014325.2773   23.4585
    7.5000   15.0000   -7.500013686.9990   23.4490
   -7.5000   22.5000   -7.500012713.2490   23.4908
    0.0000   22.5000   -7.500013120.5596   23.5063
    7.5000   22.5000   -7.500012559.1318   23.4978
   -7.5000   30.0000   -7.500011481.6396   23.1847
    0.0000   30.0000   -7.500011853.6885   23.1986
    7.5000   30.0000   -7.500011343.1016   23.1867
   -7.5000   37.5000   -7.500010687.1035   23.1315
    0.0000   37.5000   -7.500011035.3916   23.1385
    7.5000   37.5000   -7.500010544.2266   23.1212
   -7.5000   45.0000   -7.5000 9491.9551   22.5371
    0.0000   45.0000   -7.5000 9804.9756   22.5401
    7.5000   45.0000   -7.5000 9353.3398   22.5237
   -7.5000  -45.0000    0.000012838.6699   23.4357
    0.0000  -45.0000    0.000013315.1904   23.4344
    7.5000  -45.0000    0.000012726.1807   23.4136
   -7.5000  -37.5000    0.000013233.4316   23.4397
    0.0000  -37.5000    0.000013715.6279   23.4411
    7.5000  -37.5000    0.000013150.6514   23.4250
   -7.5000  -30.0000    0.000014012.9756   23.5002
    0.0000  -30.0000    0.000014511.6084   23.5076
    7.5000  -30.0000    0.000013957.4561   23.4967
   -7.5000  -22.5000    0.000014781.7500   23.5452
    0.0000  -22.5000    0.000015258.2412   23.5572
    7.5000  -22.5000    0.000014694.4941   23.5492
   -7.5000  -15.0000    0.000015523.3867   23.5286
    0.0000  -15.0000    0.000016041.7119   23.5393
    7.5000  -15.0000    0.000015396.7109   23.5268
   -7.5000   -7.5000    0.000016225.1914   23.4793
    0.0000   -7.5000    0.000016753.6152   23.4825
    7.5000   -7.5000    0.000016052.5098   23.4627
   -7.5000    0.0000    0.000016627.3203   23.4357
    0.0000    0.0000    0.000017159.8555   23.4344
    7.5000    0.0000    0.000016426.6914   23.4136
   -7.5000    7.5000    0.000015675.2656   23.4397
    0.0000    7.5000    0.000016178.2178   23.4411
    7.5000    7.5000    0.000015495.1689   23.4250
   -7.5000   15.0000    0.000014556.1387   23.5002
    0.0000   15.0000    0.000015041.5938   23.5076
    7.5000   15.0000    0.000014434.2822   23.4967
   -7.5000   22.5000    0.000013355.3311   23.5343
    0.0000   22.5000    0.000013770.7930   23.5464
    7.5000   22.5000    0.000013261.9316   23.5384
   -7.5000   30.0000    0.000012067.6084   23.2241
    0.0000   30.0000    0.000012440.1855   23.2347
    7.5000   30.0000    0.000011958.9189   23.2224
   -7.5000   37.5000    0.000011207.5684   23.1755
    0.0000   37.5000    0.000011549.1836   23.1786
    7.5000   37.5000    0.000011054.8906   23.1591
   -7.5000   45.0000    0.0000 9930.8662   22.5894
    0.0000   45.0000    0.000010235.0146   22.5881
    7.5000   45.0000    0.0000 9779.6719   22.5681
   -7.5000  -45.0000    7.500012508.9629   23.4205
    0.0000  -45.0000    7.500012953.7441   23.4056
    7.5000  -45.0000    7.500012409.0303   23.3800
   -7.5000  -37.5000    7.500012904.1016   23.4302
    0.0000  -37.5000    7.500013365.3555   23.4175
    7.5000  -37.5000    7.500012827.5186   23.3936
   -7.5000  -30.0000    7.500013677.2158   23.4985
    0.0000  -30.0000    7.500014138.5801   23.4887
    7.5000  -30.0000    7.500013622.8896   23.4683
   -7.5000  -22.5000    7.500014341.3369   23.5451
    0.0000  -22.5000    7.500014809.2021   23.5376
    7.5000  -22.5000    7.500014340.5586   23.5214
   -7.5000  -15.0000    7.500015040.7334   23.5240
    0.0000  -15.0000    7.500015517.4062   23.5158
    7.5000  -15.0000    7.500015027.8838   23.4983
   -7.5000   -7.5000    7.500015704.2539   23.4676
    0.0000   -7.5000    7.500016218.7529   23.4550
    7.5000   -7.5000    7.500015684.8896   23.4313
   -7.5000    0.0000    7.500016081.4385   23.4205
    0.0000    0.0000    7.500016600.0078   23.4056
    7.5000    0.0000    7.500016013.8223   23.3800
   -7.5000    7.5000    7.500015164.2822   23.4302
    0.0000    7.5000    7.500015638.9736   23.4175
    7.5000    7.5000    7.500015079.6592   23.3936
   -7.5000   15.0000    7.500014121.6377   23.4985
    0.0000   15.0000    7.500014548.3916   23.4887
    7.5000   15.0000    7.500014031.8438   23.4683
   -7.5000   22.5000    7.500012975.0029   23.5343
    0.0000   22.5000    7.500013360.9492   23.5267
    7.5000   22.5000    7.500012891.0273   23.5106
   -7.5000   30.0000    7.500011720.2812   23.2196
    0.0000   30.0000    7.500012064.0293   23.2114
    7.5000   30.0000    7.500011628.5234   23.1942
   -7.5000   37.5000    7.500010893.7695   23.1638
    0.0000   37.5000    7.500011197.8350   23.1514
    7.5000   37.5000    7.500010766.6006   23.1281
   -7.5000   45.0000    7.5000 9635.4199   22.5747
    0.0000   45.0000    7.5000 9920.2217   22.5604
    7.5000   45.0000    7.5000 9503.8975   22.5357
   -7.5000  -45.0000   15.000012039.1924   23.3969
    0.0000  -45.0000   15.000012502.2852   23.3719
    7.5000  -45.0000   15.000011959.3486   23.3452
   -7.5000  -37.5000   15.000012431.0400   23.4055
    0.0000  -37.5000   15.000012887.7686   23.3830
    7.5000  -37.5000   15.000012355.9746   23.3552
   -7.5000  -30.0000   15.000013178.4795   23.4831
    0.0000  -30.0000   15.000013660.4268   23.4606
    7.5000  -30.0000   15.000013143.0273   23.4321
   -7.5000  -22.5000   15.000013844.9062   23.5395
    0.0000  -22.5000   15.000014305.4785   23.5164
    7.5000  -22.5000   15.000013873.2080   23.4911
   -7.5000  -15.0000   15.000014541.2939   23.5194
    0.0000  -15.0000   15.000015008.2764   23.4955
    7.5000  -15.0000   15.000014556.7109   23.4721
   -7.5000   -7.5000   15.000015204.9854   23.4540
    0.0000   -7.5000   15.000015718.6396   23.4285
    7.5000   -7.5000   15.000015213.4814   23.4028
   -7.5000    0.0000   15.000015563.9189   23.3969
    0.0000    0.0000   15.000016071.9717   23.3719
    7.5000    0.0000   15.000015498.1016   23.3452
   -7.5000    7.5000   15.000014648.7588   23.4055
    0.0000    7.5000   15.000015098.0098   23.3830
    7.5000    7.5000   15.000014541.4619   23.3552
   -7.5000   15.0000   15.000013609.8027   23.4831
    0.0000   15.0000   15.000014027.7422   23.4606
    7.5000   15.0000   15.000013518.1650   23.4321
   -7.5000   22.5000   15.000012503.5420   23.5287
    0.0000   22.5000   15.000012883.2168   23.5056
    7.5000   22.5000   15.000012405.2852   23.4802
   -7.5000   30.0000   15.000011264.2988   23.2150
    0.0000   30.0000   15.000011606.3330   23.1914
    7.5000   30.0000   15.000011181.0059   23.1684
   -7.5000   37.5000   15.000010431.1963   23.1504
    0.0000   37.5000   15.000010739.2090   23.1253
    7.5000   37.5000   15.000010329.8691   23.0999
   -7.5000   45.0000   15.0000 9204.7070   22.5520
    0.0000   45.0000   15.0000 9472.8682   22.5279
    7.5000   45.0000   15.0000 9099.8066   22.5021
   -7.5000  -45.0000   22.500011435.7803   23.4265
    0.0000  -45.0000   22.500011882.2529   23.4067
    7.5000  -45.0000   22.500011362.9844   23.3834
   -7.5000  -37.5000   22.500011796.9775   23.4293
    0.0000  -37.5000   22.500012250.7568   23.4131
    7.5000  -37.5000   22.500011723.5088   23.3894
   -7.5000  -30.0000   22.500012516.1289   23.5097
    0.0000  -30.0000   22.500013000.5420   23.4944
    7.5000  -30.0000   22.500012488.4170   23.4683
   -7.5000  -22.5000   22.500013266.1270   23.5751
    0.0000  -22.5000   22.500013768.1875   23.5585
    7.5000  -22.5000   22.500013226.6777   23.5340
   -7.5000  -15.0000   22.500014039.4541   23.5597
    0.0000  -15.0000   22.500014554.7832   23.5411
    7.5000  -15.0000   22.500013940.6016   23.5189
   -7.5000   -7.5000   22.500014670.0850   23.4913
    0.0000   -7.5000   22.500015214.6953   23.4704
    7.5000   -7.5000   22.500014576.8350   23.4471
   -7.5000    0.0000   22.500014940.7197   23.4265
    0.0000    0.0000   22.500015479.5059   23.4067
    7.5000    0.0000   22.500014811.1084   23.3834
   -7.5000    7.5000   22.500014002.9404   23.4293
    0.0000    7.5000   22.500014473.9805   23.4131
    7.5000    7.5000   22.500013892.0898   23.3894
   -7.5000   15.0000   22.500012965.3096   23.5097
    0.0000   15.0000   22.500013362.0244   23.4944
    7.5000   15.0000   22.500012874.8652   23.4683
   -7.5000   22.5000   22.500011918.5693   23.5643
    0.0000   22.5000   22.500012261.7109   23.5476
    7.5000   22.5000   22.500011800.0762   23.5231
   -7.5000   30.0000   22.500010721.3896   23.2548
    0.0000   30.0000   22.500011022.6816   23.2364
    7.5000   30.0000   22.500010619.3623   23.2146
   -7.5000   37.5000   22.5000 9907.5977   23.1872
    0.0000   37.5000   22.500010198.0605   23.1666
    7.5000   37.5000   22.5000 9819.2100   23.1436
   -7.5000   45.0000   22.5000 8717.9395   22.5805
    0.0000   45.0000   22.5000 8973.1436   22.5615
    7.5000   45.0000   22.5000 8640.0791   22.5390
   -7.5000  -45.0000   30.000010740.2568   23.5778
    0.0000  -45.0000   30.000011165.5273   23.5733
    7.5000  -45.0000   30.000010658.4941   23.5550
   -7.5000  -37.5000   30.000011103.5908   23.5770
    0.0000  -37.5000   30.000011536.9297   23.5761
    7.5000  -37.5000   30.000011012.5107   23.5597
   -7.5000  -30.0000   30.000011846.2549   23.6536
    0.0000  -30.0000   30.000012307.4268   23.6557
    7.5000  -30.0000   30.000011770.2979   23.6388
   -7.5000  -22.5000   30.000012580.5088   23.7192
    0.0000  -22.5000   30.000013041.5186   23.7222
    7.5000  -22.5000   30.000012481.6299   23.7059
   -7.5000  -15.0000   30.000013287.3262   23.7063
    0.0000  -15.0000   30.000013749.6963   23.7076
    7.5000  -15.0000   30.000013154.1357   23.6911
   -7.5000   -7.5000   30.000013885.6182   23.6414
    0.0000   -7.5000   30.000014382.8418   23.6381
    7.5000   -7.5000   30.000013735.9473   23.6191
   -7.5000    0.0000   30.000014093.8184   23.5778
    0.0000    0.0000   30.000014592.5195   23.5733
    7.5000    0.0000   30.000013924.2148   23.5550
   -7.5000    7.5000   30.000013209.5264   23.5770
    0.0000    7.5000   30.000013674.6523   23.5761
    7.5000    7.5000   30.000013053.6338   23.5597
   -7.5000   15.0000   30.000012229.7227   23.6536
    0.0000   15.0000   30.000012641.6904   23.6557
    7.5000   15.0000   30.000012106.6553   23.6388
   -7.5000   22.5000   30.000011232.6230   23.7083
    0.0000   22.5000   30.000011573.9053   23.7112
    7.5000   22.5000   30.000011097.1113   23.6950
   -7.5000   30.0000   30.000010127.3594   23.3995
    0.0000   30.0000   30.000010423.8086   23.4008
    7.5000   30.0000   30.0000 9984.5771   23.3845
   -7.5000   37.5000   30.0000 9344.3379   23.3354
    0.0000   37.5000   30.0000 9623.2441   23.3322
    7.5000   37.5000   30.0000 9207.9121   23.3134
   -7.5000   45.0000   30.0000 8189.6660   22.7263
    0.0000   45.0000   30.0000 8452.5146   22.7220
    7.5000   45.0000   30.0000 8099.0317   22.7044
   -7.5000  -45.0000   37.500010396.2588   23.7622
    0.0000  -45.0000   37.500010825.3828   23.7670
    7.5000  -45.0000   37.500010302.4395   23.7498
   -7.5000  -37.5000   37.500010738.2119   23.7631
    0.0000  -37.5000   37.500011172.1357   23.7708
    7.5000  -37.5000   37.500010646.1787   23.7584
   -7.5000  -30.0000   37.500011483.0322   23.8310
    0.0000  -30.0000   37.500011933.1914   23.8443
    7.5000  -30.0000   37.500011373.9922   23.8348
   -7.5000  -22.5000   37.500012199.9580   23.8860
    0.0000  -22.5000   37.500012652.6094   23.9035
    7.5000  -22.5000   37.500012065.6318   23.8950
   -7.5000  -15.0000   37.500012864.8057   23.8717
    0.0000  -15.0000   37.500013327.9463   23.8877
    7.5000  -15.0000   37.500012710.6416   23.8755
   -7.5000   -7.5000   37.500013441.2178   23.8155
    0.0000   -7.5000   37.500013934.5723   23.8244
    7.5000   -7.5000   37.500013297.8076   23.8066
   -7.5000    0.0000   37.500013633.1816   23.7622
    0.0000    0.0000   37.500014117.8203   23.7670
    7.5000    0.0000   37.500013498.9199   23.7498
   -7.5000    7.5000   37.500012787.4951   23.7631
    0.0000    7.5000   37.500013241.1084   23.7708
    7.5000    7.5000   37.500012664.0420   23.7584
   -7.5000   15.0000   37.500011855.3369   23.8310
    0.0000   15.0000   37.500012270.3623   23.8443
    7.5000   15.0000   37.500011756.3711   23.8348
   -7.5000   22.5000   37.500010875.9512   23.8750
    0.0000   22.5000   37.500011225.2119   23.8925
    7.5000   22.5000   37.500010756.0850   23.8839
   -7.5000   30.0000   37.5000 9814.4160   23.5627
    0.0000   30.0000   37.500010114.1436   23.5786
    7.5000   30.0000   37.5000 9671.0996   23.5665
   -7.5000   37.5000   37.5000 9063.6475   23.5073
    0.0000   37.5000   37.5000 9349.7178   23.5161
    7.5000   37.5000   37.5000 8926.3604   23.4985
   -7.5000   45.0000   37.5000 7962.7285   22.9041
    0.0000   45.0000   37.5000 8215.8008   22.9087
    7.5000   45.0000   37.5000 7854.7378   22.8921
   -7.5000  -45.0000   45.0000 9546.6641   23.9431
    0.0000  -45.0000   45.0000 9963.3564   23.9438
    7.5000  -45.0000   45.0000 9476.8584   23.9216
   -7.5000  -37.5000   45.0000 9904.0000   23.9504
    0.0000  -37.5000   45.000010310.2490   23.9541
    7.5000  -37.5000   45.0000 9812.4033   23.9372
   -7.5000  -30.0000   45.000010604.1455   24.0151
    0.0000  -30.0000   45.000011010.6973   24.0251
    7.5000  -30.0000   45.000010482.3926   24.0142
   -7.5000  -22.5000   45.000011269.7041   24.0599
    0.0000  -22.5000   45.000011681.1113   24.0747
    7.5000  -22.5000   45.000011126.0010   24.0669
   -7.5000  -15.0000   45.000011862.4570   24.0400
    0.0000  -15.0000   45.000012273.6875   24.0533
    7.5000  -15.0000   45.000011710.3906   24.0405
   -7.5000   -7.5000   45.000012407.2021   23.9878
    0.0000   -7.5000   45.000012839.0391   23.9931
    7.5000   -7.5000   45.000012254.9316   23.9721
   -7.5000    0.0000   45.000012579.1309   23.9431
    0.0000    0.0000   45.000013019.6816   23.9438
    7.5000    0.0000   45.000012467.9512   23.9216
   -7.5000    7.5000   45.000011815.8896   23.9504
    0.0000    7.5000   45.000012229.6787   23.9541
    7.5000    7.5000   45.000011716.9697   23.9372
   -7.5000   15.0000   45.000010973.9990   24.0151
    0.0000   15.0000   45.000011348.8213   24.0251
    7.5000   15.0000   45.000010878.9961   24.0142
   -7.5000   22.5000   45.000010052.3408   24.0487
    0.0000   22.5000   45.000010370.2559   24.0635
    7.5000   22.5000   45.0000 9938.3232   24.0557
   -7.5000   30.0000   45.0000 9067.9814   23.7268
    0.0000   30.0000   45.0000 9340.3242   23.7399
    7.5000   30.0000   45.0000 8932.1016   23.7273
   -7.5000   37.5000   45.0000 8385.2637   23.6753
    0.0000   37.5000   45.0000 8641.8428   23.6805
    7.5000   37.5000   45.0000 8260.4590   23.6598
   -7.5000   45.0000   45.0000 7376.1064   23.0889
    0.0000   45.0000   45.0000 7616.7695   23.0896
    7.5000   45.0000   45.0000 7286.3008   23.0682

---------------------------------------------------------------------
imgreg_4dfp /opt/freesurfer/average/711-2C_as_mni_average_305 /opt/freesurfer/average/711-2B_as_mni_average_305_mask talsrcimg_g11 none talsrcimg_to_711-2C_as_mni_average_305_t4 4355
---------------------------------------------------------------------

freesurfer imgreg_4dfp.c
/opt/freesurfer/average/711-2C_as_mni_average_305.4dfp.img
       256       256       256         1
  1.000000  1.000000  1.000000
orientation T byte_order littleendian
Reading image: /opt/freesurfer/average/711-2C_as_mni_average_305.4dfp.img
dimensions:      256       256       256
mmppix:       1.0000   -1.0000   -1.0000
center:     128.0000 -129.0000 -129.0000
/opt/freesurfer/average/711-2B_as_mni_average_305_mask.4dfp.img
       256       256       256         1
  1.000000  1.000000  1.000000
orientation T byte_order littleendian
Reading mask: /opt/freesurfer/average/711-2B_as_mni_average_305_mask.4dfp.img (2306576 pixels)
talsrcimg_g11.4dfp.img
       256       256       256         1
  1.000000  1.000000  1.000000
orientation T byte_order littleendian
Reading image: talsrcimg_g11.4dfp.img
dimensions:      256       256       256
mmppix:       1.0000   -1.0000   -1.0000
center:     128.0000 -129.0000 -129.0000
rotation matrix determinant  1.000000
image alignment mode   4355 decimal     1103 hex
   -7.5000  -45.0000  -45.0000 2140.4871   21.6884
    0.0000  -45.0000  -45.0000 2136.8792   21.6692
    7.5000  -45.0000  -45.0000 2113.5320   21.8812
   -7.5000  -37.5000  -45.0000 2190.3967   20.5239
    0.0000  -37.5000  -45.0000 2187.6755   20.4970
    7.5000  -37.5000  -45.0000 2166.3601   20.6846
   -7.5000  -30.0000  -45.0000 2222.5315   19.7428
    0.0000  -30.0000  -45.0000 2220.6221   19.7169
    7.5000  -30.0000  -45.0000 2195.8455   19.9406
   -7.5000  -22.5000  -45.0000 2237.3887   19.3234
    0.0000  -22.5000  -45.0000 2233.9551   19.2789
    7.5000  -22.5000  -45.0000 2210.7151   19.5465
   -7.5000  -15.0000  -45.0000 2233.9036   19.2355
    0.0000  -15.0000  -45.0000 2230.7661   19.2252
    7.5000  -15.0000  -45.0000 2205.0105   19.5122
   -7.5000   -7.5000  -45.0000 2216.0251   19.5451
    0.0000   -7.5000  -45.0000 2211.4622   19.5445
    7.5000   -7.5000  -45.0000 2182.6331   19.8804
   -7.5000    0.0000  -45.0000 2165.1458   20.3005
    0.0000    0.0000  -45.0000 2161.5703   20.3368
    7.5000    0.0000  -45.0000 2133.5227   20.6931
   -7.5000    7.5000  -45.0000 2101.1501   21.5082
    0.0000    7.5000  -45.0000 2101.4202   21.5332
    7.5000    7.5000  -45.0000 2066.9204   21.9235
   -7.5000   15.0000  -45.0000 2018.7413   23.1699
    0.0000   15.0000  -45.0000 2016.4126   23.2177
    7.5000   15.0000  -45.0000 1980.2137   23.6640
   -7.5000   22.5000  -45.0000 1916.6248   25.4529
    0.0000   22.5000  -45.0000 1912.7748   25.4997
    7.5000   22.5000  -45.0000 1885.9125   26.0622
   -7.5000   30.0000  -45.0000 1810.4791   28.7897
    0.0000   30.0000  -45.0000 1804.1959   28.8543
    7.5000   30.0000  -45.0000 1780.1953   29.4340
   -7.5000   37.5000  -45.0000 1690.8928   33.4880
    0.0000   37.5000  -45.0000 1685.0619   33.5064
    7.5000   37.5000  -45.0000 1662.0743   34.0571
   -7.5000   45.0000  -45.0000 1561.4907   39.8661
    0.0000   45.0000  -45.0000 1557.4698   39.8518
    7.5000   45.0000  -45.0000 1535.2948   40.7846
   -7.5000  -45.0000  -37.5000 2242.0627   19.9625
    0.0000  -45.0000  -37.5000 2244.4019   19.8847
    7.5000  -45.0000  -37.5000 2213.1650   20.1054
   -7.5000  -37.5000  -37.5000 2296.6172   18.9188
    0.0000  -37.5000  -37.5000 2296.7483   18.8266
    7.5000  -37.5000  -37.5000 2269.0115   19.0305
   -7.5000  -30.0000  -37.5000 2327.2637   18.2161
    0.0000  -30.0000  -37.5000 2323.6233   18.1650
    7.5000  -30.0000  -37.5000 2301.4304   18.3642
   -7.5000  -22.5000  -37.5000 2338.3538   17.8749
    0.0000  -22.5000  -37.5000 2338.8140   17.8318
    7.5000  -22.5000  -37.5000 2313.1184   18.0572
   -7.5000  -15.0000  -37.5000 2335.4009   17.7997
    0.0000  -15.0000  -37.5000 2332.6672   17.7576
    7.5000  -15.0000  -37.5000 2304.7197   17.9920
   -7.5000   -7.5000  -37.5000 2313.0168   18.0468
    0.0000   -7.5000  -37.5000 2309.7034   18.0189
    7.5000   -7.5000  -37.5000 2279.2659   18.2783
   -7.5000    0.0000  -37.5000 2264.9336   18.7204
    0.0000    0.0000  -37.5000 2262.8369   18.6900
    7.5000    0.0000  -37.5000 2231.8547   18.9826
   -7.5000    7.5000  -37.5000 2194.5115   19.7955
    0.0000    7.5000  -37.5000 2197.2224   19.7898
    7.5000    7.5000  -37.5000 2155.8838   20.1348
   -7.5000   15.0000  -37.5000 2108.4302   21.3108
    0.0000   15.0000  -37.5000 2104.5613   21.2979
    7.5000   15.0000  -37.5000 2066.0198   21.7251
   -7.5000   22.5000  -37.5000 2004.1354   23.4337
    0.0000   22.5000  -37.5000 1998.2299   23.4196
    7.5000   22.5000  -37.5000 1968.2335   23.8328
   -7.5000   30.0000  -37.5000 1893.7836   26.3987
    0.0000   30.0000  -37.5000 1886.9124   26.3914
    7.5000   30.0000  -37.5000 1855.4236   26.7685
   -7.5000   37.5000  -37.5000 1764.5142   30.4417
    0.0000   37.5000  -37.5000 1758.6531   30.4209
    7.5000   37.5000  -37.5000 1733.1658   30.8628
   -7.5000   45.0000  -37.5000 1627.7831   36.1461
    0.0000   45.0000  -37.5000 1625.0055   36.1683
    7.5000   45.0000  -37.5000 1600.7704   36.8006
   -7.5000  -45.0000  -30.0000 2375.2637   19.0102
    0.0000  -45.0000  -30.0000 2380.6079   18.9312
    7.5000  -45.0000  -30.0000 2349.0317   19.1743
   -7.5000  -37.5000  -30.0000 2433.2146   18.0426
    0.0000  -37.5000  -30.0000 2432.8933   17.9112
    7.5000  -37.5000  -30.0000 2404.6450   18.1263
   -7.5000  -30.0000  -30.0000 2466.8545   17.4001
    0.0000  -30.0000  -30.0000 2471.7444   17.3201
    7.5000  -30.0000  -30.0000 2441.6211   17.5079
   -7.5000  -22.5000  -30.0000 2486.6709   17.1178
    0.0000  -22.5000  -30.0000 2493.9509   17.0349
    7.5000  -22.5000  -30.0000 2455.0254   17.2378
   -7.5000  -15.0000  -30.0000 2480.5305   17.0691
    0.0000  -15.0000  -30.0000 2484.1790   17.0092
    7.5000  -15.0000  -30.0000 2447.1755   17.2308
   -7.5000   -7.5000  -30.0000 2457.5408   17.3277
    0.0000   -7.5000  -30.0000 2459.1733   17.2641
    7.5000   -7.5000  -30.0000 2421.3765   17.5014
   -7.5000    0.0000  -30.0000 2406.6152   17.9319
    0.0000    0.0000  -30.0000 2407.8293   17.8624
    7.5000    0.0000  -30.0000 2371.2888   18.1458
   -7.5000    7.5000  -30.0000 2330.6421   18.9401
    0.0000    7.5000  -30.0000 2330.9734   18.8948
    7.5000    7.5000  -30.0000 2290.5522   19.2326
   -7.5000   15.0000  -30.0000 2235.1475   20.3470
    0.0000   15.0000  -30.0000 2233.6763   20.3339
    7.5000   15.0000  -30.0000 2195.9253   20.7205
   -7.5000   22.5000  -30.0000 2122.7183   22.3204
    0.0000   22.5000  -30.0000 2118.5540   22.2542
    7.5000   22.5000  -30.0000 2089.0415   22.6570
   -7.5000   30.0000  -30.0000 1997.8512   25.0563
    0.0000   30.0000  -30.0000 1995.4352   25.0199
    7.5000   30.0000  -30.0000 1965.6958   25.3989
   -7.5000   37.5000  -30.0000 1864.9751   28.8656
    0.0000   37.5000  -30.0000 1861.8275   28.8332
    7.5000   37.5000  -30.0000 1833.9209   29.2011
   -7.5000   45.0000  -30.0000 1722.9915   34.1921
    0.0000   45.0000  -30.0000 1721.1116   34.1509
    7.5000   45.0000  -30.0000 1693.3657   34.6977
   -7.5000  -45.0000  -22.5000 2476.8765   18.0737
    0.0000  -45.0000  -22.5000 2482.6533   17.9354
    7.5000  -45.0000  -22.5000 2450.0159   18.1971
   -7.5000  -37.5000  -22.5000 2545.4158   17.0647
    0.0000  -37.5000  -22.5000 2547.5142   16.9661
    7.5000  -37.5000  -22.5000 2519.0955   17.1826
   -7.5000  -30.0000  -22.5000 2588.9651   16.4809
    0.0000  -30.0000  -22.5000 2589.0984   16.4121
    7.5000  -30.0000  -22.5000 2559.6689   16.6079
   -7.5000  -22.5000  -22.5000 2614.6370   16.2343
    0.0000  -22.5000  -22.5000 2615.0107   16.1405
    7.5000  -22.5000  -22.5000 2576.4009   16.3679
   -7.5000  -15.0000  -22.5000 2606.2876   16.2245
    0.0000  -15.0000  -22.5000 2610.4619   16.1654
    7.5000  -15.0000  -22.5000 2563.0303   16.3768
   -7.5000   -7.5000  -22.5000 2580.0786   16.5164
    0.0000   -7.5000  -22.5000 2587.1882   16.4334
    7.5000   -7.5000  -22.5000 2537.2168   16.6745
   -7.5000    0.0000  -22.5000 2525.3770   17.1150
    0.0000    0.0000  -22.5000 2526.6018   17.0437
    7.5000    0.0000  -22.5000 2485.0039   17.2869
   -7.5000    7.5000  -22.5000 2446.7122   18.0175
    0.0000    7.5000  -22.5000 2444.3169   17.9766
    7.5000    7.5000  -22.5000 2402.4021   18.2827
   -7.5000   15.0000  -22.5000 2340.2961   19.3267
    0.0000   15.0000  -22.5000 2341.6970   19.2949
    7.5000   15.0000  -22.5000 2301.9639   19.6217
   -7.5000   22.5000  -22.5000 2215.6702   21.1383
    0.0000   22.5000  -22.5000 2218.3145   21.1050
    7.5000   22.5000  -22.5000 2182.5635   21.4371
   -7.5000   30.0000  -22.5000 2079.7178   23.6516
    0.0000   30.0000  -22.5000 2077.5994   23.6618
    7.5000   30.0000  -22.5000 2050.3757   24.0075
   -7.5000   37.5000  -22.5000 1941.3978   27.1589
    0.0000   37.5000  -22.5000 1941.2666   27.1760
    7.5000   37.5000  -22.5000 1915.4221   27.5931
   -7.5000   45.0000  -22.5000 1796.5116   32.1389
    0.0000   45.0000  -22.5000 1792.1117   32.0240
    7.5000   45.0000  -22.5000 1763.3878   32.5726
   -7.5000  -45.0000  -15.0000 2547.6487   17.1506
    0.0000  -45.0000  -15.0000 2551.6079   17.0500
    7.5000  -45.0000  -15.0000 2522.2634   17.3217
   -7.5000  -37.5000  -15.0000 2625.4177   16.1869
    0.0000  -37.5000  -15.0000 2626.3252   16.1143
    7.5000  -37.5000  -15.0000 2596.5486   16.3575
   -7.5000  -30.0000  -15.0000 2680.0759   15.6155
    0.0000  -30.0000  -15.0000 2674.7808   15.5480
    7.5000  -30.0000  -15.0000 2644.6426   15.7978
   -7.5000  -22.5000  -15.0000 2706.2205   15.3513
    0.0000  -22.5000  -15.0000 2705.5447   15.2823
    7.5000  -22.5000  -15.0000 2664.4607   15.5531
   -7.5000  -15.0000  -15.0000 2705.3538   15.4119
    0.0000  -15.0000  -15.0000 2709.3259   15.3420
    7.5000  -15.0000  -15.0000 2657.4146   15.5904
   -7.5000   -7.5000  -15.0000 2683.1096   15.7463
    0.0000   -7.5000  -15.0000 2688.8694   15.6716
    7.5000   -7.5000  -15.0000 2631.9827   15.8972
   -7.5000    0.0000  -15.0000 2622.1855   16.3281
    0.0000    0.0000  -15.0000 2627.8618   16.2547
    7.5000    0.0000  -15.0000 2575.0308   16.4698
   -7.5000    7.5000  -15.0000 2534.2969   17.1657
    0.0000    7.5000  -15.0000 2535.6868   17.1298
    7.5000    7.5000  -15.0000 2488.5869   17.3894
   -7.5000   15.0000  -15.0000 2421.1023   18.3615
    0.0000   15.0000  -15.0000 2424.9907   18.3275
    7.5000   15.0000  -15.0000 2379.9417   18.6318
   -7.5000   22.5000  -15.0000 2291.6125   20.0998
    0.0000   22.5000  -15.0000 2290.4863   20.0439
    7.5000   22.5000  -15.0000 2255.0608   20.3545
   -7.5000   30.0000  -15.0000 2150.9241   22.5130
    0.0000   30.0000  -15.0000 2144.7915   22.4669
    7.5000   30.0000  -15.0000 2115.8882   22.8269
   -7.5000   37.5000  -15.0000 1998.0691   25.7309
    0.0000   37.5000  -15.0000 1995.2300   25.7219
    7.5000   37.5000  -15.0000 1966.9473   26.1763
   -7.5000   45.0000  -15.0000 1845.6179   30.2369
    0.0000   45.0000  -15.0000 1842.8860   30.1606
    7.5000   45.0000  -15.0000 1813.0876   30.7652
   -7.5000  -45.0000   -7.5000 2595.8030   16.3416
    0.0000  -45.0000   -7.5000 2599.5090   16.2412
    7.5000  -45.0000   -7.5000 2571.0205   16.5637
   -7.5000  -37.5000   -7.5000 2684.8652   15.3945
    0.0000  -37.5000   -7.5000 2684.0774   15.3032
    7.5000  -37.5000   -7.5000 2652.6826   15.6283
   -7.5000  -30.0000   -7.5000 2752.4243   14.7987
    0.0000  -30.0000   -7.5000 2750.0056   14.7301
    7.5000  -30.0000   -7.5000 2710.3818   15.0563
   -7.5000  -22.5000   -7.5000 2787.3154   14.5587
    0.0000  -22.5000   -7.5000 2783.0977   14.4914
    7.5000  -22.5000   -7.5000 2739.5457   14.8238
   -7.5000  -15.0000   -7.5000 2791.9492   14.6578
    0.0000  -15.0000   -7.5000 2794.5542   14.5851
    7.5000  -15.0000   -7.5000 2736.8774   14.8396
   -7.5000   -7.5000   -7.5000 2768.8564   15.0118
    0.0000   -7.5000   -7.5000 2774.2256   14.9433
    7.5000   -7.5000   -7.5000 2710.8123   15.1504
   -7.5000    0.0000   -7.5000 2702.9717   15.5736
    0.0000    0.0000   -7.5000 2704.4741   15.5348
    7.5000    0.0000   -7.5000 2645.5491   15.7280
   -7.5000    7.5000   -7.5000 2604.3125   16.3751
    0.0000    7.5000   -7.5000 2604.3381   16.3322
    7.5000    7.5000   -7.5000 2552.0964   16.5636
   -7.5000   15.0000   -7.5000 2479.8413   17.4918
    0.0000   15.0000   -7.5000 2482.5605   17.4665
    7.5000   15.0000   -7.5000 2439.1287   17.7392
   -7.5000   22.5000   -7.5000 2347.0359   19.1648
    0.0000   22.5000   -7.5000 2345.9009   19.1208
    7.5000   22.5000   -7.5000 2306.1226   19.4374
   -7.5000   30.0000   -7.5000 2195.0315   21.4750
    0.0000   30.0000   -7.5000 2190.4841   21.4384
    7.5000   30.0000   -7.5000 2157.6614   21.7622
   -7.5000   37.5000   -7.5000 2038.5895   24.5158
    0.0000   37.5000   -7.5000 2035.8313   24.4983
    7.5000   37.5000   -7.5000 2004.2001   24.9359
   -7.5000   45.0000   -7.5000 1879.1001   28.5746
    0.0000   45.0000   -7.5000 1877.4509   28.5230
    7.5000   45.0000   -7.5000 1846.3558   29.1148
   -7.5000  -45.0000    0.0000 2628.2214   15.7477
    0.0000  -45.0000    0.0000 2631.4690   15.6159
    7.5000  -45.0000    0.0000 2602.8833   15.9817
   -7.5000  -37.5000    0.0000 2728.8596   14.7939
    0.0000  -37.5000    0.0000 2730.4705   14.6873
    7.5000  -37.5000    0.0000 2696.1531   15.0518
   -7.5000  -30.0000    0.0000 2809.9932   14.1891
    0.0000  -30.0000    0.0000 2814.3796   14.1097
    7.5000  -30.0000    0.0000 2763.9407   14.4945
   -7.5000  -22.5000    0.0000 2864.7349   13.9335
    0.0000  -22.5000    0.0000 2860.2576   13.8655
    7.5000  -22.5000    0.0000 2803.0479   14.2391
   -7.5000  -15.0000    0.0000 2871.2773   14.0451
    0.0000  -15.0000    0.0000 2874.0791   13.9763
    7.5000  -15.0000    0.0000 2811.8364   14.2580
   -7.5000   -7.5000    0.0000 2843.2905   14.4015
    0.0000   -7.5000    0.0000 2843.9292   14.3539
    7.5000   -7.5000    0.0000 2780.6484   14.5540
   -7.5000    0.0000    0.0000 2761.5007   14.9786
    0.0000    0.0000    0.0000 2765.0325   14.9350
    7.5000    0.0000    0.0000 2706.0984   15.1036
   -7.5000    7.5000    0.0000 2656.6516   15.7539
    0.0000    7.5000    0.0000 2655.2051   15.7191
    7.5000    7.5000    0.0000 2604.3467   15.9554
   -7.5000   15.0000    0.0000 2520.7029   16.8684
    0.0000   15.0000    0.0000 2521.7432   16.8395
    7.5000   15.0000    0.0000 2480.1558   17.1115
   -7.5000   22.5000    0.0000 2380.1104   18.5067
    0.0000   22.5000    0.0000 2376.9595   18.4651
    7.5000   22.5000    0.0000 2341.6462   18.7781
   -7.5000   30.0000    0.0000 2226.1042   20.7042
    0.0000   30.0000    0.0000 2226.2817   20.7153
    7.5000   30.0000    0.0000 2189.7437   21.0330
   -7.5000   37.5000    0.0000 2065.0938   23.6587
    0.0000   37.5000    0.0000 2065.5198   23.6508
    7.5000   37.5000    0.0000 2028.4440   24.0058
   -7.5000   45.0000    0.0000 1903.2780   27.4880
    0.0000   45.0000    0.0000 1899.6958   27.5150
    7.5000   45.0000    0.0000 1870.1589   27.9527
   -7.5000  -45.0000    7.5000 2639.4011   15.3651
    0.0000  -45.0000    7.5000 2645.1548   15.2214
    7.5000  -45.0000    7.5000 2616.7017   15.6160
   -7.5000  -37.5000    7.5000 2748.1631   14.4046
    0.0000  -37.5000    7.5000 2755.9797   14.2850
    7.5000  -37.5000    7.5000 2719.3950   14.6642
   -7.5000  -30.0000    7.5000 2843.6531   13.8356
    0.0000  -30.0000    7.5000 2850.4060   13.7419
    7.5000  -30.0000    7.5000 2797.6785   14.1162
   -7.5000  -22.5000    7.5000 2915.1902   13.5097
    0.0000  -22.5000    7.5000 2915.8535   13.4340
    7.5000  -22.5000    7.5000 2850.9702   13.8307
   -7.5000  -15.0000    7.5000 2931.3960   13.5690
    0.0000  -15.0000    7.5000 2933.3120   13.5018
    7.5000  -15.0000    7.5000 2867.0061   13.8441
   -7.5000   -7.5000    7.5000 2886.9385   13.9652
    0.0000   -7.5000    7.5000 2891.9236   13.8644
    7.5000   -7.5000    7.5000 2830.8877   14.1910
   -7.5000    0.0000    7.5000 2798.3086   14.5706
    0.0000    0.0000    7.5000 2803.2722   14.4783
    7.5000    0.0000    7.5000 2741.3440   14.7508
   -7.5000    7.5000    7.5000 2681.6721   15.4090
    0.0000    7.5000    7.5000 2683.1174   15.3301
    7.5000    7.5000    7.5000 2635.1367   15.5615
   -7.5000   15.0000    7.5000 2542.3330   16.5599
    0.0000   15.0000    7.5000 2544.9839   16.4769
    7.5000   15.0000    7.5000 2504.1877   16.7256
   -7.5000   22.5000    7.5000 2396.5264   18.1733
    0.0000   22.5000    7.5000 2398.7495   18.0876
    7.5000   22.5000    7.5000 2362.0344   18.3864
   -7.5000   30.0000    7.5000 2236.7063   20.3141
    0.0000   30.0000    7.5000 2238.8655   20.2505
    7.5000   30.0000    7.5000 2203.4692   20.5951
   -7.5000   37.5000    7.5000 2076.6206   23.1706
    0.0000   37.5000    7.5000 2076.7153   23.1386
    7.5000   37.5000    7.5000 2043.0072   23.5183
   -7.5000   45.0000    7.5000 1916.9449   26.8917
    0.0000   45.0000    7.5000 1914.3865   26.8707
    7.5000   45.0000    7.5000 1880.5892   27.3305
   -7.5000  -45.0000   15.0000 2628.3948   15.2881
    0.0000  -45.0000   15.0000 2640.6870   15.1965
    7.5000  -45.0000   15.0000 2610.6584   15.5646
   -7.5000  -37.5000   15.0000 2748.5798   14.2613
    0.0000  -37.5000   15.0000 2758.6409   14.1747
    7.5000  -37.5000   15.0000 2720.1531   14.5307
   -7.5000  -30.0000   15.0000 2846.8606   13.6974
    0.0000  -30.0000   15.0000 2860.2312   13.5935
    7.5000  -30.0000   15.0000 2805.5583   13.9497
   -7.5000  -22.5000   15.0000 2922.1362   13.4169
    0.0000  -22.5000   15.0000 2931.7676   13.3139
    7.5000  -22.5000   15.0000 2871.8940   13.6760
   -7.5000  -15.0000   15.0000 2940.8142   13.4889
    0.0000  -15.0000   15.0000 2952.0605   13.3546
    7.5000  -15.0000   15.0000 2888.0317   13.7267
   -7.5000   -7.5000   15.0000 2891.6055   13.8601
    0.0000   -7.5000   15.0000 2904.3765   13.7429
    7.5000   -7.5000   15.0000 2845.1194   14.0312
   -7.5000    0.0000   15.0000 2801.1411   14.4479
    0.0000    0.0000   15.0000 2813.7588   14.3213
    7.5000    0.0000   15.0000 2754.2954   14.5816
   -7.5000    7.5000   15.0000 2684.3162   15.3055
    0.0000    7.5000   15.0000 2688.7869   15.2007
    7.5000    7.5000   15.0000 2639.0557   15.4210
   -7.5000   15.0000   15.0000 2544.9453   16.5058
    0.0000   15.0000   15.0000 2544.1926   16.4271
    7.5000   15.0000   15.0000 2506.8325   16.6519
   -7.5000   22.5000   15.0000 2396.7205   18.0849
    0.0000   22.5000   15.0000 2395.0352   18.0407
    7.5000   22.5000   15.0000 2364.7820   18.2875
   -7.5000   30.0000   15.0000 2230.8325   20.1687
    0.0000   30.0000   15.0000 2234.1636   20.1429
    7.5000   30.0000   15.0000 2202.6238   20.4219
   -7.5000   37.5000   15.0000 2072.1897   22.8989
    0.0000   37.5000   15.0000 2071.2888   22.8867
    7.5000   37.5000   15.0000 2042.7531   23.2300
   -7.5000   45.0000   15.0000 1912.8585   26.5652
    0.0000   45.0000   15.0000 1908.3997   26.5296
    7.5000   45.0000   15.0000 1879.6907   26.9584
   -7.5000  -45.0000   22.5000 2608.5459   15.5020
    0.0000  -45.0000   22.5000 2624.1802   15.4209
    7.5000  -45.0000   22.5000 2592.8479   15.7750
   -7.5000  -37.5000   22.5000 2728.3938   14.4400
    0.0000  -37.5000   22.5000 2741.4658   14.3705
    7.5000  -37.5000   22.5000 2699.7983   14.7096
   -7.5000  -30.0000   22.5000 2823.2832   13.8668
    0.0000  -30.0000   22.5000 2836.4109   13.8069
    7.5000  -30.0000   22.5000 2787.4385   14.1011
   -7.5000  -22.5000   22.5000 2893.6001   13.6220
    0.0000  -22.5000   22.5000 2905.8391   13.5356
    7.5000  -22.5000   22.5000 2853.2075   13.8426
   -7.5000  -15.0000   22.5000 2909.7625   13.7645
    0.0000  -15.0000   22.5000 2920.1206   13.6661
    7.5000  -15.0000   22.5000 2866.0552   13.9100
   -7.5000   -7.5000   22.5000 2861.4197   14.1074
    0.0000   -7.5000   22.5000 2871.1003   14.0312
    7.5000   -7.5000   22.5000 2821.9895   14.2416
   -7.5000    0.0000   22.5000 2777.6199   14.6301
    0.0000    0.0000   22.5000 2788.4802   14.5351
    7.5000    0.0000   22.5000 2734.8135   14.8097
   -7.5000    7.5000   22.5000 2666.0950   15.4257
    0.0000    7.5000   22.5000 2673.6577   15.3298
    7.5000    7.5000   22.5000 2627.6746   15.5916
   -7.5000   15.0000   22.5000 2524.0237   16.6186
    0.0000   15.0000   22.5000 2525.3359   16.5232
    7.5000   15.0000   22.5000 2492.9521   16.7550
   -7.5000   22.5000   22.5000 2380.8042   18.1770
    0.0000   22.5000   22.5000 2380.0413   18.0733
    7.5000   22.5000   22.5000 2350.3606   18.3659
   -7.5000   30.0000   22.5000 2216.4033   20.2698
    0.0000   30.0000   22.5000 2216.7625   20.1904
    7.5000   30.0000   22.5000 2190.8953   20.5121
   -7.5000   37.5000   22.5000 2055.3027   23.0253
    0.0000   37.5000   22.5000 2055.0007   22.9552
    7.5000   37.5000   22.5000 2029.9114   23.2718
   -7.5000   45.0000   22.5000 1889.4662   26.6116
    0.0000   45.0000   22.5000 1891.8113   26.5352
    7.5000   45.0000   22.5000 1867.8300   26.9271
   -7.5000  -45.0000   30.0000 2573.8806   16.0559
    0.0000  -45.0000   30.0000 2589.6677   15.9640
    7.5000  -45.0000   30.0000 2557.3928   16.2873
   -7.5000  -37.5000   30.0000 2685.4985   14.9835
    0.0000  -37.5000   30.0000 2699.9219   14.9201
    7.5000  -37.5000   30.0000 2658.1189   15.2164
   -7.5000  -30.0000   30.0000 2780.8269   14.3715
    0.0000  -30.0000   30.0000 2794.9534   14.2981
    7.5000  -30.0000   30.0000 2745.6228   14.5936
   -7.5000  -22.5000   30.0000 2840.8506   14.1266
    0.0000  -22.5000   30.0000 2850.6558   14.0492
    7.5000  -22.5000   30.0000 2805.3484   14.3046
   -7.5000  -15.0000   30.0000 2850.7974   14.2167
    0.0000  -15.0000   30.0000 2858.3843   14.1434
    7.5000  -15.0000   30.0000 2814.8569   14.3302
   -7.5000   -7.5000   30.0000 2801.0220   14.5801
    0.0000   -7.5000   30.0000 2811.4858   14.4868
    7.5000   -7.5000   30.0000 2768.5901   14.6745
   -7.5000    0.0000   30.0000 2718.5129   15.1193
    0.0000    0.0000   30.0000 2728.9241   15.0296
    7.5000    0.0000   30.0000 2682.5251   15.2631
   -7.5000    7.5000   30.0000 2613.2063   15.9204
    0.0000    7.5000   30.0000 2623.2034   15.8163
    7.5000    7.5000   30.0000 2580.5667   16.0525
   -7.5000   15.0000   30.0000 2480.8240   17.0188
    0.0000   15.0000   30.0000 2487.9939   16.9189
    7.5000   15.0000   30.0000 2458.1812   17.1765
   -7.5000   22.5000   30.0000 2344.4807   18.5252
    0.0000   22.5000   30.0000 2344.6189   18.4283
    7.5000   22.5000   30.0000 2319.8467   18.7290
   -7.5000   30.0000   30.0000 2188.1877   20.5822
    0.0000   30.0000   30.0000 2189.4807   20.4630
    7.5000   30.0000   30.0000 2163.9634   20.7951
   -7.5000   37.5000   30.0000 2024.2445   23.3103
    0.0000   37.5000   30.0000 2029.2449   23.1726
    7.5000   37.5000   30.0000 2003.3866   23.5416
   -7.5000   45.0000   30.0000 1861.9551   26.7924
    0.0000   45.0000   30.0000 1864.5219   26.6416
    7.5000   45.0000   30.0000 1844.3657   27.0894
   -7.5000  -45.0000   37.5000 2534.7454   16.8791
    0.0000  -45.0000   37.5000 2551.5896   16.8064
    7.5000  -45.0000   37.5000 2514.9177   17.0841
   -7.5000  -37.5000   37.5000 2636.3777   15.7596
    0.0000  -37.5000   37.5000 2653.8496   15.6899
    7.5000  -37.5000   37.5000 2610.4463   15.9664
   -7.5000  -30.0000   37.5000 2726.4456   15.0830
    0.0000  -30.0000   37.5000 2740.7520   15.0215
    7.5000  -30.0000   37.5000 2692.0874   15.2936
   -7.5000  -22.5000   37.5000 2774.2314   14.8339
    0.0000  -22.5000   37.5000 2781.8367   14.7667
    7.5000  -22.5000   37.5000 2738.2971   14.9771
   -7.5000  -15.0000   37.5000 2775.9741   14.8876
    0.0000  -15.0000   37.5000 2779.0747   14.8177
    7.5000  -15.0000   37.5000 2740.2927   15.0007
   -7.5000   -7.5000   37.5000 2725.4717   15.2383
    0.0000   -7.5000   37.5000 2730.7437   15.1583
    7.5000   -7.5000   37.5000 2695.7969   15.3341
   -7.5000    0.0000   37.5000 2640.3210   15.8079
    0.0000    0.0000   37.5000 2645.9116   15.7231
    7.5000    0.0000   37.5000 2615.7205   15.9280
   -7.5000    7.5000   37.5000 2542.8596   16.6124
    0.0000    7.5000   37.5000 2547.8955   16.5178
    7.5000    7.5000   37.5000 2516.4001   16.7594
   -7.5000   15.0000   37.5000 2422.6016   17.7180
    0.0000   15.0000   37.5000 2423.9360   17.6219
    7.5000   15.0000   37.5000 2397.1506   17.8784
   -7.5000   22.5000   37.5000 2291.7395   19.1481
    0.0000   22.5000   37.5000 2289.4993   19.0546
    7.5000   22.5000   37.5000 2270.4851   19.3745
   -7.5000   30.0000   37.5000 2147.2690   21.1639
    0.0000   30.0000   37.5000 2144.2151   21.1034
    7.5000   30.0000   37.5000 2121.8879   21.4081
   -7.5000   37.5000   37.5000 1990.0663   23.8467
    0.0000   37.5000   37.5000 1989.7224   23.8010
    7.5000   37.5000   37.5000 1970.6201   24.1541
   -7.5000   45.0000   37.5000 1828.0963   27.3632
    0.0000   45.0000   37.5000 1826.2816   27.2406
    7.5000   45.0000   37.5000 1813.1960   27.6952
   -7.5000  -45.0000   45.0000 2481.9438   17.8585
    0.0000  -45.0000   45.0000 2503.5857   17.7991
    7.5000  -45.0000   45.0000 2466.9131   18.0642
   -7.5000  -37.5000   45.0000 2580.8982   16.7233
    0.0000  -37.5000   45.0000 2598.0217   16.6660
    7.5000  -37.5000   45.0000 2559.1802   16.9118
   -7.5000  -30.0000   45.0000 2660.3516   16.0406
    0.0000  -30.0000   45.0000 2666.8484   15.9983
    7.5000  -30.0000   45.0000 2626.0393   16.2200
   -7.5000  -22.5000   45.0000 2699.6562   15.7481
    0.0000  -22.5000   45.0000 2702.7100   15.6896
    7.5000  -22.5000   45.0000 2665.6411   15.8697
   -7.5000  -15.0000   45.0000 2692.2927   15.7370
    0.0000  -15.0000   45.0000 2694.1729   15.6674
    7.5000  -15.0000   45.0000 2662.9797   15.8428
   -7.5000   -7.5000   45.0000 2640.5073   16.0941
    0.0000   -7.5000   45.0000 2642.7000   16.0107
    7.5000   -7.5000   45.0000 2613.0715   16.1575
   -7.5000    0.0000   45.0000 2557.0840   16.7108
    0.0000    0.0000   45.0000 2558.2690   16.6066
    7.5000    0.0000   45.0000 2536.2476   16.7747
   -7.5000    7.5000   45.0000 2465.6069   17.5115
    0.0000    7.5000   45.0000 2466.1677   17.4319
    7.5000    7.5000   45.0000 2443.3459   17.6443
   -7.5000   15.0000   45.0000 2352.7180   18.6031
    0.0000   15.0000   45.0000 2352.9275   18.5160
    7.5000   15.0000   45.0000 2333.0122   18.7639
   -7.5000   22.5000   45.0000 2227.8318   20.0773
    0.0000   22.5000   45.0000 2225.4680   19.9902
    7.5000   22.5000   45.0000 2207.8054   20.2823
   -7.5000   30.0000   45.0000 2092.9333   22.1019
    0.0000   30.0000   45.0000 2087.2024   22.0388
    7.5000   30.0000   45.0000 2070.2344   22.3161
   -7.5000   37.5000   45.0000 1946.3600   24.8207
    0.0000   37.5000   45.0000 1943.8860   24.7589
    7.5000   37.5000   45.0000 1926.0819   25.0850
   -7.5000   45.0000   45.0000 1792.2041   28.4357
    0.0000   45.0000   45.0000 1791.4377   28.3569
    7.5000   45.0000   45.0000 1776.8629   28.7656

---------------------------------------------------------------------
imgreg_4dfp /opt/freesurfer/average/711-2C_as_mni_average_305 /opt/freesurfer/average/711-2B_as_mni_average_305_mask talsrcimg_g11 none talsrcimg_to_711-2C_as_mni_average_305_t4 1283
---------------------------------------------------------------------

freesurfer imgreg_4dfp.c
/opt/freesurfer/average/711-2C_as_mni_average_305.4dfp.img
       256       256       256         1
  1.000000  1.000000  1.000000
orientation T byte_order littleendian
Reading image: /opt/freesurfer/average/711-2C_as_mni_average_305.4dfp.img
dimensions:      256       256       256
mmppix:       1.0000   -1.0000   -1.0000
center:     128.0000 -129.0000 -129.0000
/opt/freesurfer/average/711-2B_as_mni_average_305_mask.4dfp.img
       256       256       256         1
  1.000000  1.000000  1.000000
orientation T byte_order littleendian
Reading mask: /opt/freesurfer/average/711-2B_as_mni_average_305_mask.4dfp.img (2306576 pixels)
talsrcimg_g11.4dfp.img
       256       256       256         1
  1.000000  1.000000  1.000000
orientation T byte_order littleendian
Reading image: talsrcimg_g11.4dfp.img
dimensions:      256       256       256
mmppix:       1.0000   -1.0000   -1.0000
center:     128.0000 -129.0000 -129.0000
rotation matrix determinant  1.000000
fimgreg.f
image alignment mode   1283 decimal      503 hex
parameters
    0.0000  -15.0000   15.0000    0.0000    0.0000    0.0000
eta,q 0.92700 13.31477
niter,ni,del,rscale     5    3   12.0000    1.2000
parameter  2  0.532035 ->  0.500000 qaram    1.1500
parameters
   -2.5575  -18.4500   12.9850   -0.2875   -0.2776    2.4789
eta,q 0.93223 13.11786
  0.0746  0.0722  0.0707  0.0735  0.0730  0.0746
  0.0725  0.0689  0.0688  0.0703  0.0701  0.0718
  0.0722  0.0690  0.0683  0.0686  0.0682  0.0696
  0.0736  0.0717  0.0683  0.0683  0.0682  0.0682
  0.0768  0.0760  0.0706  0.0691  0.0693  0.0678
  0.0848  0.0811  0.0748  0.0714  0.0712  0.0679
  0.0949  0.0856  0.0786  0.0742  0.0733  0.0688
niter,ni,del,rscale     5    3   12.0000    1.2000
parameters
   -2.3556  -17.3923   12.7351   -1.0715   -0.2699    2.6892
eta,q 0.93227 13.10284
  0.0797  0.0845  0.0731  0.0709  0.0731  0.0703
  0.0730  0.0765  0.0707  0.0692  0.0704  0.0683
  0.0691  0.0705  0.0688  0.0680  0.0682  0.0676
  0.0678  0.0678  0.0678  0.0678  0.0677  0.0677
  0.0694  0.0683  0.0681  0.0685  0.0686  0.0678
  0.0718  0.0713  0.0705  0.0706  0.0704  0.0683
  0.0781  0.0767  0.0751  0.0734  0.0729  0.0697
niter,ni,del,rscale     4    3   12.0000    1.2000
parameters
   -2.4320  -16.9720   12.5328   -1.6788   -0.1575    2.6220
eta,q 0.93226 13.10363
  0.0777  0.0818  0.0733  0.0709  0.0729  0.0697
  0.0718  0.0739  0.0707  0.0691  0.0703  0.0680
  0.0684  0.0689  0.0685  0.0680  0.0681  0.0675
  0.0677  0.0677  0.0678  0.0678  0.0677  0.0677
  0.0692  0.0687  0.0682  0.0684  0.0685  0.0677
  0.0715  0.0724  0.0703  0.0700  0.0701  0.0681
  0.0784  0.0781  0.0749  0.0727  0.0724  0.0696
niter,ni,del,rscale     3    3   12.0000    1.2000
parameters
   -2.5204  -16.6778   12.3455   -2.2137    0.0013    2.5869
eta,q 0.93231 13.10815
  0.0773  0.0811  0.0733  0.0707  0.0725  0.0695
  0.0715  0.0732  0.0707  0.0690  0.0701  0.0679
  0.0684  0.0687  0.0682  0.0679  0.0679  0.0675
  0.0677  0.0677  0.0678  0.0677  0.0677  0.0677
  0.0690  0.0686  0.0684  0.0683  0.0684  0.0676
  0.0712  0.0725  0.0703  0.0697  0.0697  0.0680
  0.0782  0.0783  0.0748  0.0722  0.0718  0.0694
niter,ni,del,rscale     2    3   12.0000    1.2000
parameters
   -2.6145  -16.4142   12.1583   -2.7740    0.2020    2.6178
eta,q 0.93246 13.11795
  0.0769  0.0807  0.0732  0.0705  0.0719  0.0694
  0.0712  0.0729  0.0706  0.0688  0.0697  0.0679
  0.0682  0.0686  0.0679  0.0678  0.0677  0.0675
  0.0677  0.0677  0.0676  0.0675  0.0675  0.0675
  0.0687  0.0683  0.0685  0.0684  0.0682  0.0675
  0.0709  0.0724  0.0702  0.0695  0.0692  0.0679
  0.0779  0.0783  0.0746  0.0719  0.0713  0.0693
niter,ni,del,rscale     1    3   12.0000    1.2000
parameters
   -2.7198  -16.1289   11.9696   -3.3929    0.3906    2.6116
eta,q 0.93277 13.12830
  0.0765  0.0805  0.0731  0.0703  0.0713  0.0692
  0.0708  0.0728  0.0705  0.0686  0.0692  0.0678
  0.0680  0.0687  0.0677  0.0675  0.0674  0.0674
  0.0675  0.0675  0.0674  0.0673  0.0672  0.0672
  0.0684  0.0678  0.0685  0.0683  0.0677  0.0672
  0.0705  0.0720  0.0701  0.0696  0.0687  0.0677
  0.0777  0.0782  0.0743  0.0717  0.0708  0.0694
registration optimization eta report
parameter search radius
    6.0000    6.9000    6.0000    6.0000    6.0000    6.0000
100000*second partial in parameter space
       27.       26.       18.       10.       11.        6.
  0.0765  0.0805  0.0731  0.0703  0.0713  0.0692
  0.0708  0.0728  0.0705  0.0686  0.0692  0.0678
  0.0680  0.0687  0.0677  0.0675  0.0674  0.0674
  0.0675  0.0675  0.0674  0.0673  0.0672  0.0672
  0.0684  0.0678  0.0685  0.0683  0.0677  0.0672
  0.0705  0.0720  0.0701  0.0696  0.0687  0.0677
  0.0777  0.0782  0.0743  0.0717  0.0708  0.0694
   -2.7198  -16.1289   11.9696   -3.3929    0.3906    2.6116
eta,q 0.93277 13.12830

---------------------------------------------------------------------
imgreg_4dfp /opt/freesurfer/average/711-2C_as_mni_average_305 /opt/freesurfer/average/711-2B_as_mni_average_305_mask talsrcimg_g11 none talsrcimg_to_711-2C_as_mni_average_305_t4 3335
---------------------------------------------------------------------

freesurfer imgreg_4dfp.c
/opt/freesurfer/average/711-2C_as_mni_average_305.4dfp.img
       256       256       256         1
  1.000000  1.000000  1.000000
orientation T byte_order littleendian
Reading image: /opt/freesurfer/average/711-2C_as_mni_average_305.4dfp.img
dimensions:      256       256       256
mmppix:       1.0000   -1.0000   -1.0000
center:     128.0000 -129.0000 -129.0000
/opt/freesurfer/average/711-2B_as_mni_average_305_mask.4dfp.img
       256       256       256         1
  1.000000  1.000000  1.000000
orientation T byte_order littleendian
Reading mask: /opt/freesurfer/average/711-2B_as_mni_average_305_mask.4dfp.img (2306576 pixels)
talsrcimg_g11.4dfp.img
       256       256       256         1
  1.000000  1.000000  1.000000
orientation T byte_order littleendian
Reading image: talsrcimg_g11.4dfp.img
dimensions:      256       256       256
mmppix:       1.0000   -1.0000   -1.0000
center:     128.0000 -129.0000 -129.0000
fimgreg.f
image alignment mode   3335 decimal      D07 hex
parameters
   -2.7198  -16.1289   11.9696   -0.1062   -0.2771   -0.1776
   -4.5083   -0.9496    4.5565    5.8811    0.6818   -5.9182
eta,q 0.93344 13.21515
niter,ni,del,rscale     5    3    5.0000    1.2000
parameter  4  4.097349 ->  0.500000 qaram    1.1500
parameter  5  2.744012 ->  0.500000 qaram    1.1500
parameter  6  1.402717 ->  0.500000 qaram    1.1500
parameter 12  0.673961 ->  0.500000 qaram    1.1500
parameters
   -3.0111  -15.1052   12.3842   -4.2462   -4.4171   -4.3176
   -5.4676   -0.6324    2.1037    7.6247   -0.7755  -10.0582
eta,q 0.95014 12.30504
  0.0678  0.0688  0.0675  0.0553  0.0516  0.0494  0.0522  0.0545  0.0509  0.0538  0.0508  0.0499
  0.0670  0.0679  0.0669  0.0585  0.0538  0.0503  0.0512  0.0525  0.0506  0.0523  0.0504  0.0499
  0.0666  0.0671  0.0664  0.0622  0.0564  0.0518  0.0507  0.0511  0.0504  0.0512  0.0502  0.0499
  0.0666  0.0665  0.0662  0.0662  0.0595  0.0545  0.0506  0.0506  0.0506  0.0504  0.0503  0.0502
  0.0669  0.0662  0.0662  0.0704  0.0629  0.0579  0.0511  0.0510  0.0509  0.0503  0.0505  0.0507
  0.0676  0.0663  0.0664  0.0751  0.0668  0.0616  0.0520  0.0521  0.0515  0.0507  0.0509  0.0514
  0.0686  0.0668  0.0668  0.0800  0.0709  0.0654  0.0533  0.0538  0.0524  0.0517  0.0514  0.0523
niter,ni,del,rscale     7    3    5.0000    1.2000
parameter  2 -0.800682 -> -0.500000 qaram    1.1500
parameter  3  0.977307 ->  0.500000 qaram    1.1500
parameter  4  1.713558 ->  0.500000 qaram    1.3225
parameter  5  1.393178 ->  0.500000 qaram    1.3225
parameter  6  0.551434 ->  0.500000 qaram    1.3225
parameter 10 -0.749079 -> -0.500000 qaram    1.1500
parameters
   -2.6675  -13.7252   11.0042   -9.0072   -9.1781   -9.0786
   -5.2960    0.6847    2.9865   11.7647   -0.9785  -12.8099
eta,q 0.96411 11.56945
  0.0528  0.0538  0.0479  0.0400  0.0366  0.0374  0.0400  0.0417  0.0390  0.0415  0.0369  0.0364
  0.0514  0.0521  0.0478  0.0413  0.0375  0.0373  0.0386  0.0397  0.0380  0.0397  0.0364  0.0360
  0.0504  0.0508  0.0482  0.0442  0.0394  0.0375  0.0377  0.0382  0.0374  0.0383  0.0361  0.0359
  0.0499  0.0498  0.0489  0.0479  0.0420  0.0380  0.0373  0.0373  0.0371  0.0371  0.0360  0.0360
  0.0499  0.0492  0.0499  0.0525  0.0452  0.0402  0.0376  0.0372  0.0372  0.0363  0.0361  0.0364
  0.0505  0.0489  0.0510  0.0574  0.0490  0.0440  0.0384  0.0379  0.0375  0.0360  0.0365  0.0371
  0.0515  0.0489  0.0523  0.0627  0.0534  0.0488  0.0398  0.0395  0.0383  0.0363  0.0370  0.0380
niter,ni,del,rscale     7    3    5.0000    1.2000
parameter  2 -1.314766 -> -0.500000 qaram    1.3225
parameter  4  0.542853 ->  0.500000 qaram    1.5209
parameter  5  0.769629 ->  0.500000 qaram    1.5209
parameter 12  0.766184 ->  0.500000 qaram    1.3225
parameters
   -2.7570  -12.1382    9.9928  -14.4823  -14.6533  -11.1108
   -5.2292    0.3693    3.8325   15.6135    0.1580  -17.5709
eta,q 0.97259 11.04588
  0.0388  0.0440  0.0335  0.0325  0.0291  0.0303  0.0313  0.0319  0.0311  0.0344  0.0289  0.0276
  0.0371  0.0410  0.0331  0.0315  0.0290  0.0294  0.0301  0.0303  0.0300  0.0321  0.0285  0.0274
  0.0361  0.0383  0.0329  0.0314  0.0297  0.0290  0.0293  0.0293  0.0293  0.0303  0.0283  0.0276
  0.0359  0.0359  0.0331  0.0329  0.0314  0.0291  0.0290  0.0290  0.0290  0.0290  0.0282  0.0281
  0.0364  0.0340  0.0337  0.0363  0.0342  0.0291  0.0292  0.0294  0.0290  0.0282  0.0282  0.0289
  0.0375  0.0328  0.0347  0.0409  0.0379  0.0303  0.0300  0.0306  0.0295  0.0283  0.0283  0.0298
  0.0392  0.0323  0.0362  0.0465  0.0423  0.0338  0.0313  0.0325  0.0303  0.0293  0.0286  0.0309
niter,ni,del,rscale     7    3    5.0000    1.2000
parameter  2 -0.833178 -> -0.500000 qaram    1.5209
parameters
   -2.8243  -10.3132    9.9298  -15.5015  -17.7573   -9.9209
   -5.4859    0.2012    3.6295   17.8732   -0.5621  -22.1258
eta,q 0.97613 10.93556
  0.0306  0.0385  0.0264  0.0294  0.0273  0.0280  0.0268  0.0280  0.0265  0.0300  0.0247  0.0244
  0.0288  0.0342  0.0254  0.0272  0.0255  0.0263  0.0255  0.0261  0.0254  0.0275  0.0244  0.0239
  0.0277  0.0305  0.0248  0.0256  0.0245  0.0250  0.0247  0.0249  0.0247  0.0256  0.0243  0.0239
  0.0274  0.0274  0.0246  0.0246  0.0248  0.0245  0.0245  0.0245  0.0245  0.0245  0.0242  0.0242
  0.0279  0.0254  0.0249  0.0251  0.0265  0.0245  0.0248  0.0249  0.0248  0.0242  0.0243  0.0250
  0.0291  0.0245  0.0255  0.0280  0.0297  0.0247  0.0258  0.0263  0.0256  0.0248  0.0246  0.0261
  0.0309  0.0248  0.0265  0.0328  0.0345  0.0269  0.0272  0.0285  0.0267  0.0262  0.0250  0.0273
niter,ni,del,rscale     7    3    5.0000    1.2000
parameters
   -2.8008   -9.3555    9.6200  -15.2764  -19.1549   -9.5789
   -5.6247    0.1258    3.5953   19.7785   -0.9688  -25.1321
eta,q 0.97684 10.94197
  0.0274  0.0332  0.0247  0.0289  0.0272  0.0270  0.0258  0.0271  0.0255  0.0283  0.0238  0.0239
  0.0255  0.0289  0.0240  0.0265  0.0251  0.0252  0.0245  0.0251  0.0244  0.0259  0.0235  0.0234
  0.0243  0.0257  0.0236  0.0247  0.0238  0.0240  0.0237  0.0239  0.0237  0.0243  0.0234  0.0232
  0.0239  0.0239  0.0235  0.0235  0.0234  0.0235  0.0234  0.0234  0.0234  0.0234  0.0233  0.0233
  0.0242  0.0236  0.0238  0.0233  0.0243  0.0231  0.0238  0.0238  0.0237  0.0234  0.0234  0.0238
  0.0254  0.0246  0.0244  0.0253  0.0265  0.0239  0.0246  0.0252  0.0244  0.0239  0.0236  0.0247
  0.0273  0.0268  0.0254  0.0295  0.0304  0.0273  0.0260  0.0274  0.0255  0.0252  0.0239  0.0258
niter,ni,del,rscale     6    3    5.0000    1.2000
parameters
   -2.8072   -9.0285    9.1244  -15.0755  -19.9925   -9.6144
   -5.6882    0.0578    3.4229   20.9376   -1.5093  -26.7949
eta,q 0.97696 10.94534
  0.0265  0.0300  0.0241  0.0286  0.0270  0.0269  0.0255  0.0269  0.0250  0.0271  0.0236  0.0242
  0.0247  0.0264  0.0235  0.0262  0.0250  0.0251  0.0242  0.0249  0.0239  0.0250  0.0233  0.0234
  0.0236  0.0241  0.0232  0.0244  0.0236  0.0238  0.0234  0.0236  0.0233  0.0237  0.0231  0.0230
  0.0232  0.0232  0.0232  0.0231  0.0231  0.0231  0.0231  0.0231  0.0231  0.0231  0.0231  0.0231
  0.0235  0.0237  0.0235  0.0229  0.0236  0.0226  0.0234  0.0235  0.0234  0.0232  0.0232  0.0235
  0.0247  0.0253  0.0242  0.0250  0.0255  0.0241  0.0243  0.0249  0.0241  0.0239  0.0234  0.0242
  0.0266  0.0277  0.0253  0.0292  0.0290  0.0281  0.0256  0.0271  0.0251  0.0253  0.0237  0.0252
niter,ni,del,rscale     5    3    5.0000    1.2000
parameters
   -2.7960   -8.8359    8.8576  -15.0511  -20.5656   -9.7357
   -5.7408    0.0522    3.3562   21.5448   -2.0668  -27.6280
eta,q 0.97694 10.93248
  0.0264  0.0292  0.0243  0.0284  0.0270  0.0270  0.0254  0.0269  0.0249  0.0265  0.0235  0.0245
  0.0246  0.0258  0.0235  0.0260  0.0250  0.0251  0.0242  0.0248  0.0239  0.0246  0.0233  0.0236
  0.0234  0.0237  0.0231  0.0243  0.0236  0.0238  0.0234  0.0235  0.0233  0.0235  0.0231  0.0231
  0.0230  0.0230  0.0231  0.0230  0.0230  0.0231  0.0231  0.0231  0.0231  0.0231  0.0231  0.0231
  0.0234  0.0236  0.0233  0.0229  0.0234  0.0225  0.0234  0.0235  0.0233  0.0233  0.0232  0.0234
  0.0245  0.0253  0.0239  0.0251  0.0252  0.0242  0.0242  0.0248  0.0240  0.0241  0.0234  0.0240
  0.0264  0.0278  0.0249  0.0294  0.0285  0.0284  0.0255  0.0270  0.0250  0.0256  0.0237  0.0249
niter,ni,del,rscale     4    3    5.0000    1.2000
parameters
   -2.7727   -8.6931    8.7435  -15.0911  -20.9235   -9.8284
   -5.7892    0.0671    3.3901   21.8992   -2.3325  -28.0373
eta,q 0.97688 10.91924
  0.0264  0.0288  0.0245  0.0284  0.0271  0.0271  0.0254  0.0269  0.0249  0.0263  0.0236  0.0247
  0.0246  0.0256  0.0236  0.0260  0.0250  0.0252  0.0242  0.0248  0.0240  0.0245  0.0233  0.0237
  0.0235  0.0237  0.0232  0.0243  0.0237  0.0239  0.0234  0.0236  0.0233  0.0235  0.0232  0.0232
  0.0231  0.0231  0.0231  0.0231  0.0231  0.0231  0.0231  0.0231  0.0231  0.0231  0.0231  0.0231
  0.0234  0.0237  0.0233  0.0230  0.0234  0.0225  0.0234  0.0235  0.0233  0.0234  0.0232  0.0234
  0.0245  0.0253  0.0238  0.0252  0.0250  0.0242  0.0242  0.0248  0.0239  0.0242  0.0234  0.0240
  0.0263  0.0278  0.0247  0.0295  0.0282  0.0285  0.0255  0.0269  0.0249  0.0258  0.0237  0.0248
niter,ni,del,rscale     3    3    5.0000    1.2000
parameters
   -2.7581   -8.5950    8.6822  -15.1244  -21.1539   -9.8956
   -5.8316    0.0652    3.4193   22.1136   -2.4332  -28.2637
eta,q 0.97683 10.90930
  0.0264  0.0286  0.0246  0.0284  0.0271  0.0272  0.0254  0.0269  0.0249  0.0262  0.0237  0.0248
  0.0246  0.0255  0.0237  0.0261  0.0251  0.0253  0.0242  0.0248  0.0240  0.0245  0.0234  0.0238
  0.0235  0.0236  0.0233  0.0244  0.0238  0.0239  0.0234  0.0236  0.0234  0.0235  0.0232  0.0232
  0.0231  0.0231  0.0231  0.0231  0.0231  0.0232  0.0232  0.0232  0.0232  0.0232  0.0232  0.0232
  0.0235  0.0238  0.0233  0.0230  0.0234  0.0225  0.0234  0.0236  0.0234  0.0234  0.0232  0.0234
  0.0246  0.0254  0.0238  0.0252  0.0249  0.0243  0.0242  0.0248  0.0240  0.0243  0.0234  0.0240
  0.0264  0.0278  0.0247  0.0295  0.0280  0.0286  0.0255  0.0270  0.0249  0.0259  0.0237  0.0248
niter,ni,del,rscale     2    3    5.0000    1.2000
parameters
   -2.7514   -8.5295    8.6469  -15.1544  -21.3019   -9.9405
   -5.8560    0.0672    3.4304   22.2523   -2.4831  -28.4112
eta,q 0.97680 10.90248
  0.0264  0.0285  0.0247  0.0284  0.0272  0.0272  0.0254  0.0269  0.0249  0.0262  0.0237  0.0249
  0.0247  0.0255  0.0238  0.0261  0.0251  0.0253  0.0242  0.0249  0.0240  0.0245  0.0234  0.0238
  0.0236  0.0237  0.0233  0.0244  0.0238  0.0240  0.0235  0.0236  0.0234  0.0235  0.0232  0.0233
  0.0232  0.0232  0.0232  0.0232  0.0232  0.0232  0.0232  0.0232  0.0232  0.0232  0.0232  0.0232
  0.0235  0.0238  0.0233  0.0231  0.0234  0.0225  0.0235  0.0236  0.0234  0.0235  0.0233  0.0235
  0.0246  0.0254  0.0239  0.0252  0.0249  0.0243  0.0243  0.0248  0.0240  0.0243  0.0234  0.0240
  0.0264  0.0279  0.0247  0.0295  0.0279  0.0286  0.0255  0.0270  0.0250  0.0260  0.0237  0.0248
niter,ni,del,rscale     1    3    5.0000    1.2000
parameters
   -2.7452   -8.4842    8.6259  -15.1726  -21.4057   -9.9721
   -5.8751    0.0705    3.4363   22.3511   -2.5215  -28.5090
eta,q 0.97677 10.89779
  0.0264  0.0284  0.0247  0.0284  0.0272  0.0273  0.0255  0.0270  0.0250  0.0261  0.0237  0.0249
  0.0247  0.0254  0.0238  0.0261  0.0252  0.0254  0.0243  0.0249  0.0240  0.0245  0.0234  0.0239
  0.0236  0.0237  0.0234  0.0244  0.0238  0.0240  0.0235  0.0236  0.0234  0.0235  0.0233  0.0233
  0.0232  0.0232  0.0232  0.0232  0.0232  0.0232  0.0232  0.0232  0.0232  0.0232  0.0232  0.0232
  0.0235  0.0239  0.0234  0.0231  0.0234  0.0226  0.0235  0.0236  0.0234  0.0235  0.0233  0.0235
  0.0246  0.0255  0.0239  0.0252  0.0248  0.0243  0.0243  0.0249  0.0240  0.0244  0.0235  0.0240
  0.0264  0.0279  0.0247  0.0295  0.0278  0.0286  0.0255  0.0270  0.0250  0.0260  0.0237  0.0248
registration optimization eta report
parameter search radius
    2.4000    3.6501    2.7600   10.9503   10.9503    9.5220
    7.2000    7.2000    7.2000    8.2800    7.2000    9.5220
100000*second partial in parameter space
       56.       37.       20.        5.        4.        6.
        4.        7.        3.        4.        1.        2.
  0.0264  0.0284  0.0247  0.0284  0.0272  0.0273  0.0255  0.0270  0.0250  0.0261  0.0237  0.0249
  0.0247  0.0254  0.0238  0.0261  0.0252  0.0254  0.0243  0.0249  0.0240  0.0245  0.0234  0.0239
  0.0236  0.0237  0.0234  0.0244  0.0238  0.0240  0.0235  0.0236  0.0234  0.0235  0.0233  0.0233
  0.0232  0.0232  0.0232  0.0232  0.0232  0.0232  0.0232  0.0232  0.0232  0.0232  0.0232  0.0232
  0.0235  0.0239  0.0234  0.0231  0.0234  0.0226  0.0235  0.0236  0.0234  0.0235  0.0233  0.0235
  0.0246  0.0255  0.0239  0.0252  0.0248  0.0243  0.0243  0.0249  0.0240  0.0244  0.0235  0.0240
  0.0264  0.0279  0.0247  0.0295  0.0278  0.0286  0.0255  0.0270  0.0250  0.0260  0.0237  0.0248
   -2.7452   -8.4842    8.6259  -15.1726  -21.4057   -9.9721
   -5.8751    0.0705    3.4363   22.3511   -2.5215  -28.5090
eta,q 0.97677 10.89779

---------------------------------------------------------------------
imgreg_4dfp /opt/freesurfer/average/711-2C_as_mni_average_305 /opt/freesurfer/average/711-2B_as_mni_average_305_mask talsrcimg_g11 none talsrcimg_to_711-2C_as_mni_average_305_t4 2311
---------------------------------------------------------------------

freesurfer imgreg_4dfp.c
/opt/freesurfer/average/711-2C_as_mni_average_305.4dfp.img
       256       256       256         1
  1.000000  1.000000  1.000000
orientation T byte_order littleendian
Reading image: /opt/freesurfer/average/711-2C_as_mni_average_305.4dfp.img
dimensions:      256       256       256
mmppix:       1.0000   -1.0000   -1.0000
center:     128.0000 -129.0000 -129.0000
/opt/freesurfer/average/711-2B_as_mni_average_305_mask.4dfp.img
       256       256       256         1
  1.000000  1.000000  1.000000
orientation T byte_order littleendian
Reading mask: /opt/freesurfer/average/711-2B_as_mni_average_305_mask.4dfp.img (2306576 pixels)
talsrcimg_g11.4dfp.img
       256       256       256         1
  1.000000  1.000000  1.000000
orientation T byte_order littleendian
Reading image: talsrcimg_g11.4dfp.img
dimensions:      256       256       256
mmppix:       1.0000   -1.0000   -1.0000
center:     128.0000 -129.0000 -129.0000
fimgreg.f
image alignment mode   2311 decimal      907 hex
parameters
   -2.7452   -8.4842    8.6259  -15.1726  -21.4057   -9.9721
   -5.8751    0.0705    3.4363   22.3511   -2.5215  -28.5090
eta,q 0.97677 10.89779
niter,ni,del,rscale     5    3    5.0000    0.8000
parameter  6 -0.579066 -> -0.500000 qaram    1.1500
parameters
   -2.7310   -8.5921    8.5822  -13.1960  -20.0982   -7.2121
   -5.5329    0.1762    3.4113   22.4400   -2.7624  -27.9940
eta,q 0.97785 11.14848
  0.0247  0.0241  0.0237  0.0249  0.0241  0.0245  0.0235  0.0247  0.0230  0.0235  0.0227  0.0230
  0.0239  0.0235  0.0234  0.0243  0.0236  0.0238  0.0228  0.0234  0.0225  0.0228  0.0224  0.0225
  0.0234  0.0233  0.0233  0.0237  0.0232  0.0233  0.0224  0.0225  0.0223  0.0223  0.0222  0.0223
  0.0232  0.0232  0.0232  0.0232  0.0230  0.0229  0.0222  0.0222  0.0222  0.0222  0.0222  0.0222
  0.0234  0.0234  0.0233  0.0230  0.0229  0.0224  0.0222  0.0224  0.0223  0.0223  0.0222  0.0222
  0.0239  0.0238  0.0235  0.0230  0.0230  0.0222  0.0226  0.0232  0.0226  0.0227  0.0224  0.0224
  0.0247  0.0243  0.0237  0.0235  0.0233  0.0228  0.0232  0.0245  0.0231  0.0234  0.0228  0.0227
niter,ni,del,rscale     5    3    5.0000    0.8000
parameters
   -2.8754   -8.9527    8.8232  -13.4667  -19.8118   -8.1091
   -5.5039    0.0927    3.5253   21.8825   -2.7019  -27.7231
eta,q 0.97778 11.11287
  0.0236  0.0228  0.0233  0.0235  0.0231  0.0238  0.0234  0.0244  0.0231  0.0231  0.0227  0.0228
  0.0227  0.0223  0.0227  0.0228  0.0226  0.0232  0.0228  0.0232  0.0227  0.0226  0.0224  0.0225
  0.0222  0.0221  0.0223  0.0223  0.0223  0.0225  0.0224  0.0225  0.0224  0.0223  0.0223  0.0223
  0.0222  0.0221  0.0221  0.0221  0.0221  0.0221  0.0222  0.0222  0.0222  0.0222  0.0222  0.0222
  0.0225  0.0224  0.0221  0.0222  0.0221  0.0224  0.0224  0.0225  0.0223  0.0224  0.0223  0.0223
  0.0231  0.0230  0.0223  0.0229  0.0224  0.0239  0.0227  0.0233  0.0226  0.0229  0.0224  0.0224
  0.0242  0.0237  0.0227  0.0241  0.0230  0.0263  0.0234  0.0245  0.0231  0.0237  0.0226  0.0227
niter,ni,del,rscale     4    3    5.0000    0.7000
parameters
   -2.8593   -9.0140    8.6653  -13.1778  -19.4553   -8.1520
   -5.4658    0.1213    3.5217   21.8285   -2.6359  -27.6610
eta,q 0.97782 11.14109
  0.0235  0.0230  0.0227  0.0235  0.0230  0.0237  0.0231  0.0239  0.0229  0.0230  0.0225  0.0226
  0.0228  0.0225  0.0224  0.0229  0.0226  0.0232  0.0226  0.0230  0.0225  0.0226  0.0223  0.0224
  0.0224  0.0223  0.0222  0.0225  0.0223  0.0227  0.0223  0.0224  0.0223  0.0223  0.0222  0.0222
  0.0222  0.0222  0.0222  0.0222  0.0222  0.0222  0.0222  0.0222  0.0222  0.0222  0.0222  0.0222
  0.0224  0.0224  0.0223  0.0222  0.0222  0.0220  0.0223  0.0224  0.0222  0.0223  0.0222  0.0222
  0.0228  0.0227  0.0226  0.0226  0.0224  0.0227  0.0226  0.0229  0.0225  0.0226  0.0223  0.0224
  0.0235  0.0232  0.0229  0.0233  0.0228  0.0243  0.0231  0.0239  0.0229  0.0231  0.0225  0.0226
niter,ni,del,rscale     3    3    5.0000    0.6000
parameters
   -2.8786   -9.0826    8.6203  -13.0310  -19.2854   -7.8842
   -5.4209    0.1260    3.5324   21.7936   -2.5792  -27.5111
eta,q 0.97790 11.16366
  0.0231  0.0228  0.0226  0.0232  0.0228  0.0235  0.0228  0.0235  0.0226  0.0228  0.0224  0.0225
  0.0226  0.0224  0.0223  0.0227  0.0225  0.0231  0.0224  0.0227  0.0223  0.0224  0.0222  0.0223
  0.0223  0.0222  0.0222  0.0224  0.0223  0.0226  0.0222  0.0223  0.0222  0.0222  0.0221  0.0221
  0.0222  0.0222  0.0222  0.0222  0.0222  0.0222  0.0221  0.0221  0.0221  0.0221  0.0221  0.0221
  0.0223  0.0223  0.0222  0.0222  0.0222  0.0220  0.0222  0.0223  0.0222  0.0222  0.0221  0.0221
  0.0226  0.0225  0.0224  0.0225  0.0224  0.0224  0.0224  0.0227  0.0223  0.0224  0.0222  0.0222
  0.0232  0.0229  0.0226  0.0231  0.0227  0.0235  0.0228  0.0235  0.0226  0.0228  0.0224  0.0224
niter,ni,del,rscale     2    3    5.0000    0.5000
parameters
   -2.8916   -9.1306    8.6632  -12.9539  -19.1700   -7.5682
   -5.3915    0.1258    3.5397   21.7435   -2.5177  -27.3315
eta,q 0.97797 11.18078
  0.0228  0.0225  0.0225  0.0228  0.0225  0.0232  0.0225  0.0230  0.0224  0.0225  0.0222  0.0223
  0.0224  0.0223  0.0223  0.0225  0.0223  0.0228  0.0223  0.0225  0.0222  0.0223  0.0221  0.0222
  0.0222  0.0221  0.0221  0.0222  0.0222  0.0224  0.0221  0.0221  0.0221  0.0221  0.0221  0.0221
  0.0221  0.0221  0.0221  0.0221  0.0221  0.0221  0.0220  0.0220  0.0220  0.0220  0.0220  0.0220
  0.0222  0.0222  0.0221  0.0221  0.0221  0.0220  0.0221  0.0222  0.0221  0.0221  0.0221  0.0220
  0.0224  0.0223  0.0222  0.0223  0.0222  0.0223  0.0222  0.0225  0.0222  0.0223  0.0221  0.0221
  0.0228  0.0226  0.0224  0.0228  0.0225  0.0231  0.0225  0.0230  0.0224  0.0226  0.0222  0.0222
niter,ni,del,rscale     1    3    5.0000    0.4000
parameters
   -2.8983   -9.1639    8.7289  -12.9142  -19.0773   -7.2923
   -5.3551    0.1243    3.5320   21.6764   -2.4559  -27.1521
eta,q 0.97801 11.19305
  0.0225  0.0223  0.0223  0.0225  0.0223  0.0229  0.0223  0.0227  0.0222  0.0223  0.0221  0.0222
  0.0222  0.0222  0.0222  0.0223  0.0222  0.0226  0.0221  0.0223  0.0221  0.0221  0.0221  0.0221
  0.0221  0.0221  0.0221  0.0221  0.0221  0.0223  0.0220  0.0221  0.0220  0.0220  0.0220  0.0220
  0.0220  0.0220  0.0220  0.0220  0.0220  0.0220  0.0220  0.0220  0.0220  0.0220  0.0220  0.0220
  0.0221  0.0221  0.0220  0.0221  0.0220  0.0220  0.0220  0.0221  0.0220  0.0220  0.0220  0.0220
  0.0222  0.0222  0.0221  0.0222  0.0221  0.0222  0.0221  0.0223  0.0221  0.0221  0.0220  0.0220
  0.0225  0.0224  0.0222  0.0225  0.0223  0.0227  0.0223  0.0226  0.0222  0.0223  0.0221  0.0221
registration optimization eta report
parameter search radius
    0.8000    0.8000    0.8000    2.4000    2.4000    2.7600
    2.4000    2.4000    2.4000    2.4000    2.4000    2.4000
100000*second partial in parameter space
       70.       49.       35.        8.        5.       10.
        5.       11.        4.        6.        2.        3.
  0.0225  0.0223  0.0223  0.0225  0.0223  0.0229  0.0223  0.0227  0.0222  0.0223  0.0221  0.0222
  0.0222  0.0222  0.0222  0.0223  0.0222  0.0226  0.0221  0.0223  0.0221  0.0221  0.0221  0.0221
  0.0221  0.0221  0.0221  0.0221  0.0221  0.0223  0.0220  0.0221  0.0220  0.0220  0.0220  0.0220
  0.0220  0.0220  0.0220  0.0220  0.0220  0.0220  0.0220  0.0220  0.0220  0.0220  0.0220  0.0220
  0.0221  0.0221  0.0220  0.0221  0.0220  0.0220  0.0220  0.0221  0.0220  0.0220  0.0220  0.0220
  0.0222  0.0222  0.0221  0.0222  0.0221  0.0222  0.0221  0.0223  0.0221  0.0221  0.0220  0.0220
  0.0225  0.0224  0.0222  0.0225  0.0223  0.0227  0.0223  0.0226  0.0222  0.0223  0.0221  0.0221
   -2.8983   -9.1639    8.7289  -12.9142  -19.0773   -7.2923
   -5.3551    0.1243    3.5320   21.6764   -2.4559  -27.1521
eta,q 0.97801 11.19305

---------------------------------------------------------------------
imgreg_4dfp /opt/freesurfer/average/711-2C_as_mni_average_305 /opt/freesurfer/average/711-2B_as_mni_average_305_mask talsrcimg_g11 none talsrcimg_to_711-2C_as_mni_average_305_t4 2311
---------------------------------------------------------------------

freesurfer imgreg_4dfp.c
/opt/freesurfer/average/711-2C_as_mni_average_305.4dfp.img
       256       256       256         1
  1.000000  1.000000  1.000000
orientation T byte_order littleendian
Reading image: /opt/freesurfer/average/711-2C_as_mni_average_305.4dfp.img
dimensions:      256       256       256
mmppix:       1.0000   -1.0000   -1.0000
center:     128.0000 -129.0000 -129.0000
/opt/freesurfer/average/711-2B_as_mni_average_305_mask.4dfp.img
       256       256       256         1
  1.000000  1.000000  1.000000
orientation T byte_order littleendian
Reading mask: /opt/freesurfer/average/711-2B_as_mni_average_305_mask.4dfp.img (2306576 pixels)
talsrcimg_g11.4dfp.img
       256       256       256         1
  1.000000  1.000000  1.000000
orientation T byte_order littleendian
Reading image: talsrcimg_g11.4dfp.img
dimensions:      256       256       256
mmppix:       1.0000   -1.0000   -1.0000
center:     128.0000 -129.0000 -129.0000
fimgreg.f
image alignment mode   2311 decimal      907 hex
parameters
   -2.8983   -9.1639    8.7289  -12.9142  -19.0773   -7.2923
   -5.3551    0.1243    3.5320   21.6764   -2.4559  -27.1521
eta,q 0.97801 11.19306
niter,ni,del,rscale     5    3    5.0000    0.8000
parameters
   -2.9029   -9.1578    8.8174  -13.3311  -19.3815   -7.8689
   -5.4525    0.0799    3.5163   21.5313   -2.5008  -27.2153
eta,q 0.97788 11.13942
  0.0238  0.0233  0.0230  0.0234  0.0229  0.0235  0.0233  0.0244  0.0230  0.0233  0.0226  0.0227
  0.0228  0.0225  0.0225  0.0227  0.0224  0.0230  0.0226  0.0231  0.0225  0.0226  0.0223  0.0223
  0.0222  0.0221  0.0221  0.0222  0.0221  0.0224  0.0223  0.0224  0.0222  0.0223  0.0222  0.0222
  0.0220  0.0220  0.0220  0.0220  0.0220  0.0220  0.0221  0.0221  0.0221  0.0221  0.0221  0.0221
  0.0222  0.0221  0.0221  0.0222  0.0221  0.0222  0.0223  0.0224  0.0222  0.0223  0.0222  0.0222
  0.0228  0.0226  0.0223  0.0229  0.0225  0.0232  0.0227  0.0232  0.0225  0.0227  0.0223  0.0224
  0.0238  0.0232  0.0228  0.0243  0.0233  0.0250  0.0234  0.0245  0.0230  0.0235  0.0226  0.0227
niter,ni,del,rscale     4    3    5.0000    0.7000
parameters
   -2.8752   -9.1247    8.7269  -13.1658  -19.2741   -7.8104
   -5.4409    0.1154    3.5020   21.6284   -2.5375  -27.3092
eta,q 0.97791 11.15601
  0.0235  0.0231  0.0227  0.0234  0.0229  0.0234  0.0230  0.0239  0.0228  0.0231  0.0224  0.0225
  0.0227  0.0226  0.0223  0.0228  0.0225  0.0230  0.0225  0.0229  0.0224  0.0225  0.0222  0.0223
  0.0223  0.0222  0.0222  0.0224  0.0222  0.0225  0.0222  0.0223  0.0222  0.0222  0.0221  0.0221
  0.0221  0.0221  0.0221  0.0221  0.0221  0.0221  0.0221  0.0221  0.0221  0.0221  0.0221  0.0221
  0.0223  0.0222  0.0222  0.0222  0.0221  0.0220  0.0222  0.0223  0.0222  0.0222  0.0221  0.0221
  0.0227  0.0225  0.0225  0.0225  0.0224  0.0225  0.0225  0.0229  0.0224  0.0225  0.0222  0.0223
  0.0234  0.0230  0.0228  0.0234  0.0229  0.0237  0.0230  0.0239  0.0228  0.0230  0.0225  0.0225
niter,ni,del,rscale     3    3    5.0000    0.6000
parameters
   -2.8852   -9.1407    8.7105  -13.0482  -19.2118   -7.5832
   -5.4029    0.1247    3.5169   21.6515   -2.5084  -27.2473
eta,q 0.97797 11.17157
  0.0231  0.0228  0.0225  0.0231  0.0227  0.0232  0.0227  0.0234  0.0226  0.0227  0.0223  0.0224
  0.0225  0.0224  0.0223  0.0226  0.0224  0.0228  0.0224  0.0227  0.0223  0.0224  0.0222  0.0222
  0.0222  0.0222  0.0221  0.0223  0.0222  0.0224  0.0221  0.0222  0.0221  0.0221  0.0221  0.0221
  0.0221  0.0221  0.0221  0.0221  0.0221  0.0221  0.0220  0.0220  0.0220  0.0220  0.0220  0.0220
  0.0222  0.0222  0.0222  0.0221  0.0221  0.0220  0.0221  0.0222  0.0221  0.0221  0.0221  0.0221
  0.0225  0.0224  0.0223  0.0224  0.0223  0.0224  0.0223  0.0227  0.0223  0.0223  0.0222  0.0222
  0.0231  0.0228  0.0226  0.0231  0.0227  0.0232  0.0227  0.0234  0.0226  0.0228  0.0223  0.0224
niter,ni,del,rscale     2    3    5.0000    0.5000
parameters
   -2.8941   -9.1612    8.7459  -12.9889  -19.1346   -7.3411
   -5.3738    0.1233    3.5329   21.6387   -2.4828  -27.1359
eta,q 0.97800 11.18459
  0.0227  0.0225  0.0224  0.0227  0.0225  0.0230  0.0225  0.0230  0.0224  0.0225  0.0222  0.0223
  0.0223  0.0222  0.0222  0.0224  0.0223  0.0226  0.0222  0.0225  0.0222  0.0222  0.0221  0.0221
  0.0221  0.0221  0.0221  0.0221  0.0221  0.0223  0.0221  0.0221  0.0220  0.0221  0.0220  0.0220
  0.0220  0.0220  0.0220  0.0220  0.0220  0.0220  0.0220  0.0220  0.0220  0.0220  0.0220  0.0220
  0.0221  0.0221  0.0221  0.0221  0.0221  0.0220  0.0220  0.0221  0.0220  0.0220  0.0220  0.0220
  0.0224  0.0223  0.0222  0.0223  0.0222  0.0223  0.0222  0.0225  0.0222  0.0222  0.0221  0.0221
  0.0227  0.0225  0.0224  0.0227  0.0225  0.0229  0.0225  0.0230  0.0224  0.0225  0.0222  0.0222
niter,ni,del,rscale     1    3    5.0000    0.4000
parameters
   -2.8988   -9.1817    8.7991  -12.9364  -19.0655   -7.1295
   -5.3506    0.1194    3.5465   21.5955   -2.4532  -27.0272
eta,q 0.97803 11.19506
  0.0224  0.0223  0.0223  0.0225  0.0223  0.0227  0.0223  0.0226  0.0222  0.0223  0.0221  0.0221
  0.0222  0.0221  0.0221  0.0222  0.0221  0.0224  0.0221  0.0223  0.0221  0.0221  0.0220  0.0221
  0.0220  0.0220  0.0220  0.0221  0.0220  0.0222  0.0220  0.0221  0.0220  0.0220  0.0220  0.0220
  0.0220  0.0220  0.0220  0.0220  0.0220  0.0220  0.0220  0.0220  0.0220  0.0220  0.0220  0.0220
  0.0221  0.0220  0.0220  0.0220  0.0220  0.0220  0.0220  0.0221  0.0220  0.0220  0.0220  0.0220
  0.0222  0.0221  0.0221  0.0222  0.0221  0.0222  0.0221  0.0223  0.0221  0.0221  0.0220  0.0220
  0.0225  0.0223  0.0222  0.0224  0.0223  0.0226  0.0223  0.0226  0.0222  0.0223  0.0221  0.0221
registration optimization eta report
parameter search radius
    0.8000    0.8000    0.8000    2.4000    2.4000    2.4000
    2.4000    2.4000    2.4000    2.4000    2.4000    2.4000
100000*second partial in parameter space
       71.       49.       36.        8.        5.       11.
        5.       12.        4.        6.        2.        3.
  0.0224  0.0223  0.0223  0.0225  0.0223  0.0227  0.0223  0.0226  0.0222  0.0223  0.0221  0.0221
  0.0222  0.0221  0.0221  0.0222  0.0221  0.0224  0.0221  0.0223  0.0221  0.0221  0.0220  0.0221
  0.0220  0.0220  0.0220  0.0221  0.0220  0.0222  0.0220  0.0221  0.0220  0.0220  0.0220  0.0220
  0.0220  0.0220  0.0220  0.0220  0.0220  0.0220  0.0220  0.0220  0.0220  0.0220  0.0220  0.0220
  0.0221  0.0220  0.0220  0.0220  0.0220  0.0220  0.0220  0.0221  0.0220  0.0220  0.0220  0.0220
  0.0222  0.0221  0.0221  0.0222  0.0221  0.0222  0.0221  0.0223  0.0221  0.0221  0.0220  0.0220
  0.0225  0.0223  0.0222  0.0224  0.0223  0.0226  0.0223  0.0226  0.0222  0.0223  0.0221  0.0221
   -2.8988   -9.1817    8.7991  -12.9364  -19.0655   -7.1295
   -5.3506    0.1194    3.5465   21.5955   -2.4532  -27.0272
eta,q 0.97803 11.19506

---------------------------------------------------------------------
compute_vox2vox talsrcimg talsrcimg_to_711-2C_as_mni_average_305_t4 /opt/freesurfer/average/711-2C_as_mni_average_305
---------------------------------------------------------------------

freesurfer compute_vox2vox.c
Reading: talsrcimg.4dfp.ifh
Reading: talsrcimg_to_711-2C_as_mni_average_305_t4
Reading: /opt/freesurfer/average/711-2C_as_mni_average_305.4dfp.ifh
Writing: talsrcimg_to_711-2C_as_mni_average_305_t4_vox2vox.txt

start time Sat Mar 14 00:53:41 CET 2026
end		time Sat Mar 14 00:53:55 CET 2026

mpr2mni305 success

avi2talxfm orig_nu.mgz /opt/freesurfer/average/mni305.cor.mgz talsrcimg_to_711-2C_as_mni_average_305_t4_vox2vox.txt transforms/talairach.auto.xfm
avi2talxfm done
mv -f /out/sourcedata/freesurfer/sub-v2s8x29199_ses-1/mri/talsrcimg_to_711-2C_as_mni_average_305_t4_vox2vox.txt /out/sourcedata/freesurfer/sub-v2s8x29199_ses-1/mri/transforms/talsrcimg_to_711-2C_as_mni_average_305_t4_vox2vox.txt
lta_convert --src orig_nu.mgz --trg /opt/freesurfer/average/mni305.cor.mgz --inxfm transforms/talairach.auto.xfm --outlta transforms/talairach.auto.xfm.lta --subject fsaverage
7.3.2

--src: orig_nu.mgz src image (geometry).
--trg: /opt/freesurfer/average/mni305.cor.mgz trg image (geometry).
--inmni: transforms/talairach.auto.xfm input MNI/XFM transform.
--outlta: transforms/talairach.auto.xfm.lta output LTA.
--s: fsaverage subject name
 LTA read, type : 1
 1.14524  -0.01770   0.06980   3.28497;
 0.01452   0.99896   0.33455  -7.02036;
-0.05406  -0.26577   1.14324   11.57150;
 0.00000   0.00000   0.00000   1.00000;
setting subject to fsaverage
Writing  LTA to file transforms/talairach.auto.xfm.lta...
lta_convert successful.
 
 
Started at Sat Mar 14 00:53:40 CET 2026
Ended   at Sat Mar 14 00:53:55 CET 2026
talairach_avi done
