status file for recon-all
Sat Mar 14 01:21:47 CET 2026
#@# MotionCor Sat Mar 14 01:21:48 CET 2026
#@# Talairach Sat Mar 14 01:21:54 CET 2026
#@# Talairach Failure Detection Sat Mar 14 01:24:43 CET 2026
#@# Nu Intensity Correction Sat Mar 14 01:24:44 CET 2026
#@# Intensity Normalization Sat Mar 14 01:27:28 CET 2026
recon-all -s sub-v2s8x29215_ses-1 finished without error at Sat Mar 14 01:28:22 CET 2026



#New# invocation of recon-all 



status file for recon-all
Sat Mar 14 01:34:01 CET 2026
#@# EM Registration Sat Mar 14 01:34:01 CET 2026
recon-all -s sub-v2s8x29215_ses-1 finished without error at Sat Mar 14 01:35:35 CET 2026



#New# invocation of recon-all 



status file for recon-all
Sat Mar 14 01:35:36 CET 2026
#@# CA Normalize Sat Mar 14 01:35:36 CET 2026
#@# CA Reg Sat Mar 14 01:36:30 CET 2026
#@# SubCort Seg Sat Mar 14 02:08:05 CET 2026
#@# CC Seg Sat Mar 14 02:27:24 CET 2026
#@# Merge ASeg Sat Mar 14 02:27:44 CET 2026
#@# Intensity Normalization2 Sat Mar 14 02:27:44 CET 2026
#@# Mask BFS Sat Mar 14 02:29:06 CET 2026
#@# WM Segmentation Sat Mar 14 02:29:07 CET 2026
#@# Fill Sat Mar 14 02:30:30 CET 2026
recon-all -s sub-v2s8x29215_ses-1 finished without error at Sat Mar 14 02:31:08 CET 2026



#New# invocation of recon-all 



status file for recon-all
Sat Mar 14 03:17:02 CET 2026
#@# white curv lh Sat Mar 14 03:17:02 CET 2026
#@# white area lh Sat Mar 14 03:17:02 CET 2026
#@# pial curv lh Sat Mar 14 03:17:02 CET 2026
#@# pial area lh Sat Mar 14 03:17:02 CET 2026
#@# thickness lh Sat Mar 14 03:17:02 CET 2026
#@# area and vertex vol lh Sat Mar 14 03:17:02 CET 2026
#@# white curv rh Sat Mar 14 03:17:02 CET 2026
#@# white area rh Sat Mar 14 03:17:02 CET 2026
#@# pial curv rh Sat Mar 14 03:17:02 CET 2026
#@# pial area rh Sat Mar 14 03:17:02 CET 2026
#@# thickness rh Sat Mar 14 03:17:02 CET 2026
#@# area and vertex vol rh Sat Mar 14 03:17:02 CET 2026
#@# Cortical ribbon mask Sat Mar 14 03:17:02 CET 2026
recon-all -s sub-v2s8x29215_ses-1 finished without error at Sat Mar 14 03:21:04 CET 2026



#New# invocation of recon-all 



status file for recon-all
Sat Mar 14 03:25:37 CET 2026
#@# white curv lh Sat Mar 14 03:25:37 CET 2026
#@# white area lh Sat Mar 14 03:25:37 CET 2026
#@# pial curv lh Sat Mar 14 03:25:37 CET 2026
#@# pial area lh Sat Mar 14 03:25:37 CET 2026
#@# thickness lh Sat Mar 14 03:25:37 CET 2026
#@# area and vertex vol lh Sat Mar 14 03:25:37 CET 2026
#@# white curv rh Sat Mar 14 03:25:37 CET 2026
#@# white area rh Sat Mar 14 03:25:37 CET 2026
#@# pial curv rh Sat Mar 14 03:25:37 CET 2026
#@# pial area rh Sat Mar 14 03:25:37 CET 2026
#@# thickness rh Sat Mar 14 03:25:37 CET 2026
#@# area and vertex vol rh Sat Mar 14 03:25:37 CET 2026
#@# Curvature Stats lh Sat Mar 14 03:25:37 CET 2026
#@# Curvature Stats rh Sat Mar 14 03:25:38 CET 2026
#@# Relabel Hypointensities Sat Mar 14 03:25:40 CET 2026
#@# APas-to-ASeg Sat Mar 14 03:25:50 CET 2026
#@# AParc-to-ASeg aparc Sat Mar 14 03:25:55 CET 2026
#@# AParc-to-ASeg aparc.a2009s Sat Mar 14 03:26:18 CET 2026
#@# AParc-to-ASeg aparc.DKTatlas Sat Mar 14 03:26:41 CET 2026
#@# WMParc Sat Mar 14 03:27:04 CET 2026
#@# ASeg Stats Sat Mar 14 03:28:52 CET 2026
recon-all -s sub-v2s8x29215_ses-1 finished without error at Sat Mar 14 03:29:08 CET 2026
