status file for recon-all
Sat Mar 14 02:47:54 CET 2026
#@# Tessellate rh Sat Mar 14 02:47:54 CET 2026
#@# Smooth1 rh Sat Mar 14 02:47:56 CET 2026
#@# Inflation1 rh Sat Mar 14 02:47:58 CET 2026
#@# QSphere rh Sat Mar 14 02:48:05 CET 2026
#@# Fix Topology rh Sat Mar 14 02:48:38 CET 2026
#@# Smooth2 rh Sat Mar 14 03:03:07 CET 2026
#@# Inflation2 rh Sat Mar 14 03:03:09 CET 2026
#@# Curv .H and .K rh Sat Mar 14 03:03:17 CET 2026
#@# Sphere rh Sat Mar 14 03:03:51 CET 2026
#@# Surf Reg rh Sat Mar 14 03:07:54 CET 2026
#@# Jacobian white rh Sat Mar 14 03:11:51 CET 2026
#@# AvgCurv rh Sat Mar 14 03:11:51 CET 2026
#@# Cortical Parc rh Sat Mar 14 03:11:52 CET 2026
#@# white curv rh Sat Mar 14 03:16:16 CET 2026
#@# white area rh Sat Mar 14 03:16:17 CET 2026
#@# pial curv rh Sat Mar 14 03:16:17 CET 2026
#@# pial area rh Sat Mar 14 03:16:19 CET 2026
#@# thickness rh Sat Mar 14 03:16:19 CET 2026
#@# area and vertex vol rh Sat Mar 14 03:16:36 CET 2026
#@# Curvature Stats rh Sat Mar 14 03:16:37 CET 2026
#@# Cortical Parc 2 rh Sat Mar 14 03:16:39 CET 2026
#@# Cortical Parc 3 rh Sat Mar 14 03:16:48 CET 2026
#@# WM/GM Contrast rh Sat Mar 14 03:16:55 CET 2026
recon-all -s sub-v2s8x29215_ses-1 finished without error at Sat Mar 14 03:16:57 CET 2026



#New# invocation of recon-all 



status file for recon-all
Sat Mar 14 03:23:22 CET 2026
#@# white curv rh Sat Mar 14 03:23:23 CET 2026
#@# white area rh Sat Mar 14 03:23:23 CET 2026
#@# pial curv rh Sat Mar 14 03:23:23 CET 2026
#@# pial area rh Sat Mar 14 03:23:23 CET 2026
#@# thickness rh Sat Mar 14 03:23:23 CET 2026
#@# area and vertex vol rh Sat Mar 14 03:23:23 CET 2026
#@# Parcellation Stats rh Sat Mar 14 03:23:23 CET 2026
#@# Parcellation Stats 2 rh Sat Mar 14 03:23:35 CET 2026
#@# Parcellation Stats 3 rh Sat Mar 14 03:23:42 CET 2026
#@# BA_exvivo Labels rh Sat Mar 14 03:23:48 CET 2026
recon-all -s sub-v2s8x29215_ses-1 finished without error at Sat Mar 14 03:25:33 CET 2026
