/out/sourcedata/freesurfer/sub-v2s8x29196_ses-1/mri
/opt/freesurfer/bin/talairach_avi
--i orig_nu.mgz --xfm transforms/talairach.auto.xfm
talairach_avi 7.3.2
Linux dna082 5.14.0-427.37.1.el9_4.x86_64 #1 SMP PREEMPT_DYNAMIC Fri Sep 13 12:41:50 EDT 2024 x86_64 x86_64 x86_64 GNU/Linux
Sat Mar 14 00:39:28 CET 2026
mri_convert orig_nu.mgz talsrcimg.img 
reading from orig_nu.mgz...
TR=0.00, TE=0.00, TI=0.00, flip angle=0.00
i_ras = (-1, 0, 0)
j_ras = (0, 0, -1)
k_ras = (0, 1, 0)
writing to talsrcimg.img...
Analyze Output Matrix
-1.00000   0.00000   0.00000   129.66513;
 0.00000   0.00000   1.00000  -128.00000;
 0.00000  -1.00000   0.00000   130.00000;
 0.00000   0.00000   0.00000   1.00000;
--------------------
INFO: set hdr.hist.orient to -1
mpr2mni305 talsrcimg
Sat Mar 14 00:39:28 CET 2026
/opt/freesurfer/bin/mpr2mni305 talsrcimg
mpr2mni305 7.3.2
target=711-2C_as_mni_average_305

---------------------------------------------------------------------
analyzeto4dfp talsrcimg -O0 -y
---------------------------------------------------------------------

freesurfer ifh2hdr.c
Sat Mar 14 00:39:28 2026
Writing: talsrcimg.4dfp.hdr
freesurfer analyzeto4dfp.c
Reading: talsrcimg.hdr
header size 348 bytes
hdr.dime.datatype	offset=70	value=2
hdr.dime.bitpix		offset=72	value=8
hdr.hist.orient		offset=252	value=-1
dimensionality     4
dimensions       256       256       256         1
Reading: talsrcimg.img
Writing: talsrcimg.4dfp.img
Writing: talsrcimg.4dfp.ifh
ifh2hdr talsrcimg -r0to210
ori=2

---------------------------------------------------------------------
gauss_4dfp talsrcimg 1.1
---------------------------------------------------------------------

freesurfer gauss_4dfp.c
Reading: talsrcimg.4dfp.img
Writing: talsrcimg_g11.4dfp.img
image dimensions 256 256 256 padded to 288 288 288
processing volume 1freesurfer ifh2hdr.c
Sat Mar 14 00:39:30 2026
Writing: talsrcimg_g11.4dfp.hdr

Writing: talsrcimg_g11.4dfp.ifh
including: talsrcimg.4dfp.img.rec in talsrcimg_g11.4dfp.img.rec

---------------------------------------------------------------------
imgreg_4dfp /opt/freesurfer/average/711-2C_as_mni_average_305 none talsrcimg_g11 none talsrcimg_to_711-2C_as_mni_average_305_t4 4355
---------------------------------------------------------------------

freesurfer imgreg_4dfp.c
/opt/freesurfer/average/711-2C_as_mni_average_305.4dfp.img
       256       256       256         1
  1.000000  1.000000  1.000000
orientation T byte_order littleendian
Reading image: /opt/freesurfer/average/711-2C_as_mni_average_305.4dfp.img
dimensions:      256       256       256
mmppix:       1.0000   -1.0000   -1.0000
center:     128.0000 -129.0000 -129.0000
talsrcimg_g11.4dfp.img
       256       256       256         1
  1.000000  1.000000  1.000000
orientation T byte_order littleendian
Reading image: talsrcimg_g11.4dfp.img
dimensions:      256       256       256
mmppix:       1.0000   -1.0000   -1.0000
center:     128.0000 -129.0000 -129.0000
t4_read: open error in t4_sub.f l:  41 t4_file(1:l)talsrcimg_to_711-2C_as_mni_average_305_t4 
t4_read: transform initialized to I4
rotation matrix determinant  1.000000
image alignment mode   4355 decimal     1103 hex
   -7.5000  -45.0000  -45.0000 7661.7461   19.0257
    0.0000  -45.0000  -45.0000 7958.0698   19.0535
    7.5000  -45.0000  -45.0000 7591.4614   19.1000
   -7.5000  -37.5000  -45.0000 8305.6562   18.9859
    0.0000  -37.5000  -45.0000 8612.9229   19.0014
    7.5000  -37.5000  -45.0000 8202.3633   19.0351
   -7.5000  -30.0000  -45.0000 9200.2822   18.9665
    0.0000  -30.0000  -45.0000 9550.4580   18.9727
    7.5000  -30.0000  -45.0000 9074.9268   18.9999
   -7.5000  -22.5000  -45.000010067.0312   18.9404
    0.0000  -22.5000  -45.000010448.9775   18.9496
    7.5000  -22.5000  -45.0000 9905.1582   18.9810
   -7.5000  -15.0000  -45.000010806.3623   18.9088
    0.0000  -15.0000  -45.000011198.2031   18.9283
    7.5000  -15.0000  -45.000010630.7021   18.9693
   -7.5000   -7.5000  -45.000011484.5195   18.8774
    0.0000   -7.5000  -45.000011892.8965   18.9047
    7.5000   -7.5000  -45.000011287.5625   18.9532
   -7.5000    0.0000  -45.000012076.7588   18.8731
    0.0000    0.0000  -45.000012495.9346   18.8987
    7.5000    0.0000  -45.000011828.1357   18.9432
   -7.5000    7.5000  -45.000011757.6738   18.9047
    0.0000    7.5000  -45.000012157.1289   18.9193
    7.5000    7.5000  -45.000011508.2969   18.9520
   -7.5000   15.0000  -45.000011339.8096   18.9370
    0.0000   15.0000  -45.000011736.7109   18.9428
    7.5000   15.0000  -45.000011113.2109   18.9697
   -7.5000   22.5000  -45.000010791.0635   18.9340
    0.0000   22.5000  -45.000011164.6572   18.9431
    7.5000   22.5000  -45.000010572.5469   18.9744
   -7.5000   30.0000  -45.000010076.4170   18.6568
    0.0000   30.0000  -45.000010397.5859   18.6760
    7.5000   30.0000  -45.0000 9845.6543   18.7165
   -7.5000   37.5000  -45.0000 9639.3662   18.6259
    0.0000   37.5000  -45.0000 9930.1934   18.6528
    7.5000   37.5000  -45.0000 9411.8271   18.7006
   -7.5000   45.0000  -45.0000 8818.5244   18.1488
    0.0000   45.0000  -45.0000 9062.6924   18.1734
    7.5000   45.0000  -45.0000 8593.2949   18.2162
   -7.5000  -45.0000  -37.5000 8215.3389   19.0037
    0.0000  -45.0000  -37.5000 8527.3125   19.0198
    7.5000  -45.0000  -37.5000 8110.0571   19.0540
   -7.5000  -37.5000  -37.5000 8880.4541   18.9573
    0.0000  -37.5000  -37.5000 9217.0059   18.9647
    7.5000  -37.5000  -37.5000 8753.9766   18.9891
   -7.5000  -30.0000  -37.5000 9831.6729   18.9348
    0.0000  -30.0000  -37.500010196.8301   18.9365
    7.5000  -30.0000  -37.5000 9680.8779   18.9561
   -7.5000  -22.5000  -37.500010737.9580   18.9129
    0.0000  -22.5000  -37.500011123.5088   18.9180
    7.5000  -22.5000  -37.500010530.7881   18.9405
   -7.5000  -15.0000  -37.500011497.1025   18.8883
    0.0000  -15.0000  -37.500011902.9775   18.9004
    7.5000  -15.0000  -37.500011278.6367   18.9297
   -7.5000   -7.5000  -37.500012185.2148   18.8599
    0.0000   -7.5000  -37.500012640.7451   18.8762
    7.5000   -7.5000  -37.500011959.9551   18.9112
   -7.5000    0.0000  -37.500012793.0889   18.8515
    0.0000    0.0000  -37.500013249.3379   18.8657
    7.5000    0.0000  -37.500012514.3027   18.8980
   -7.5000    7.5000  -37.500012421.5840   18.8760
    0.0000    7.5000  -37.500012848.9102   18.8824
    7.5000    7.5000  -37.500012138.3467   18.9060
   -7.5000   15.0000  -37.500011981.0361   18.9052
    0.0000   15.0000  -37.500012399.7090   18.9066
    7.5000   15.0000  -37.500011719.5547   18.9258
   -7.5000   22.5000  -37.500011402.6074   18.9065
    0.0000   22.5000  -37.500011790.4561   18.9116
    7.5000   22.5000  -37.500011137.9326   18.9339
   -7.5000   30.0000  -37.500010646.9355   18.6366
    0.0000   30.0000  -37.500010983.6025   18.6486
    7.5000   30.0000  -37.500010371.8262   18.6774
   -7.5000   37.5000  -37.500010172.4883   18.6086
    0.0000   37.5000  -37.500010460.0625   18.6246
    7.5000   37.5000  -37.5000 9889.0703   18.6591
   -7.5000   45.0000  -37.5000 9277.1689   18.1280
    0.0000   45.0000  -37.5000 9530.0830   18.1416
    7.5000   45.0000  -37.5000 9014.5010   18.1728
   -7.5000  -45.0000  -30.0000 8911.4639   19.7938
    0.0000  -45.0000  -30.0000 9244.5127   19.8036
    7.5000  -45.0000  -30.0000 8784.3604   19.8297
   -7.5000  -37.5000  -30.0000 9591.2314   19.7420
    0.0000  -37.5000  -30.0000 9939.5273   19.7463
    7.5000  -37.5000  -30.0000 9448.5156   19.7660
   -7.5000  -30.0000  -30.000010595.1367   19.7129
    0.0000  -30.0000  -30.000010973.5527   19.7178
    7.5000  -30.0000  -30.000010415.5898   19.7379
   -7.5000  -22.5000  -30.000011532.0557   19.6872
    0.0000  -22.5000  -30.000011942.5996   19.6979
    7.5000  -22.5000  -30.000011300.0244   19.7232
   -7.5000  -15.0000  -30.000012343.7930   19.6642
    0.0000  -15.0000  -30.000012778.6846   19.6791
    7.5000  -15.0000  -30.000012099.2236   19.7088
   -7.5000   -7.5000  -30.000013070.7891   19.6414
    0.0000   -7.5000  -30.000013546.8828   19.6547
    7.5000   -7.5000  -30.000012815.8213   19.6845
   -7.5000    0.0000  -30.000013694.9697   19.6360
    0.0000    0.0000  -30.000014190.0527   19.6438
    7.5000    0.0000  -30.000013396.2041   19.6682
   -7.5000    7.5000  -30.000013279.6162   19.6575
    0.0000    7.5000  -30.000013747.2217   19.6607
    7.5000    7.5000  -30.000012970.2812   19.6796
   -7.5000   15.0000  -30.000012805.3779   19.6819
    0.0000   15.0000  -30.000013251.7412   19.6865
    7.5000   15.0000  -30.000012474.9561   19.7061
   -7.5000   22.5000  -30.000012187.5947   19.6785
    0.0000   22.5000  -30.000012617.3232   19.6892
    7.5000   22.5000  -30.000011853.2842   19.7143
   -7.5000   30.0000  -30.000011370.4980   19.4040
    0.0000   30.0000  -30.000011737.1162   19.4187
    7.5000   30.0000  -30.000011035.7158   19.4480
   -7.5000   37.5000  -30.000010845.3809   19.3815
    0.0000   37.5000  -30.000011158.9619   19.3947
    7.5000   37.5000  -30.000010510.3311   19.4240
   -7.5000   45.0000  -30.0000 9885.7441   18.8962
    0.0000   45.0000  -30.000010144.8652   18.9038
    7.5000   45.0000  -30.0000 9566.0615   18.9273
   -7.5000  -45.0000  -22.5000 9534.7451   20.4637
    0.0000  -45.0000  -22.5000 9902.2686   20.4797
    7.5000  -45.0000  -22.5000 9425.2158   20.5107
   -7.5000  -37.5000  -22.500010257.1504   20.4144
    0.0000  -37.5000  -22.500010639.0195   20.4240
    7.5000  -37.5000  -22.500010125.2871   20.4481
   -7.5000  -30.0000  -22.500011317.0693   20.3824
    0.0000  -30.0000  -22.500011737.8262   20.3950
    7.5000  -30.0000  -22.500011155.7871   20.4235
   -7.5000  -22.5000  -22.500012289.7061   20.3482
    0.0000  -22.5000  -22.500012713.0166   20.3690
    7.5000  -22.5000  -22.500012061.5283   20.4075
   -7.5000  -15.0000  -22.500013151.8984   20.3192
    0.0000  -15.0000  -22.500013606.7812   20.3450
    7.5000  -15.0000  -22.500012903.2666   20.3888
   -7.5000   -7.5000  -22.500013918.7666   20.2989
    0.0000   -7.5000  -22.500014392.8203   20.3216
    7.5000   -7.5000  -22.500013642.0771   20.3610
   -7.5000    0.0000  -22.500014580.5654   20.3011
    0.0000    0.0000  -22.500015079.9873   20.3149
    7.5000    0.0000  -22.500014248.9941   20.3441
   -7.5000    7.5000  -22.500014125.4297   20.3276
    0.0000    7.5000  -22.500014616.6953   20.3361
    7.5000    7.5000  -22.500013760.3555   20.3594
   -7.5000   15.0000  -22.500013616.0068   20.3504
    0.0000   15.0000  -22.500014061.3096   20.3626
    7.5000   15.0000  -22.500013210.5244   20.3907
   -7.5000   22.5000  -22.500012937.7432   20.3379
    0.0000   22.5000  -22.500013342.3984   20.3586
    7.5000   22.5000  -22.500012526.7227   20.3969
   -7.5000   30.0000  -22.500012053.4834   20.0534
    0.0000   30.0000  -22.500012417.6172   20.0789
    7.5000   30.0000  -22.500011653.6592   20.1221
   -7.5000   37.5000  -22.500011447.0439   20.0334
    0.0000   37.5000  -22.500011780.6006   20.0557
    7.5000   37.5000  -22.500011090.7158   20.0947
   -7.5000   45.0000  -22.500010432.5361   19.5510
    0.0000   45.0000  -22.500010702.7344   19.5643
    7.5000   45.0000  -22.500010059.1074   19.5924
   -7.5000  -45.0000  -15.000010176.7178   20.9496
    0.0000  -45.0000  -15.000010572.0537   20.9774
    7.5000  -45.0000  -15.000010055.0205   21.0222
   -7.5000  -37.5000  -15.000010919.7529   20.9051
    0.0000  -37.5000  -15.000011335.5879   20.9222
    7.5000  -37.5000  -15.000010762.4316   20.9571
   -7.5000  -30.0000  -15.000012020.5186   20.8749
    0.0000  -30.0000  -15.000012477.1240   20.8915
    7.5000  -30.0000  -15.000011846.1445   20.9300
   -7.5000  -22.5000  -15.000013043.7236   20.8357
    0.0000  -22.5000  -15.000013506.4678   20.8611
    7.5000  -22.5000  -15.000012815.2236   20.9112
   -7.5000  -15.0000  -15.000013923.5947   20.7995
    0.0000  -15.0000  -15.000014413.3145   20.8338
    7.5000  -15.0000  -15.000013674.1387   20.8920
   -7.5000   -7.5000  -15.000014704.2871   20.7763
    0.0000   -7.5000  -15.000015212.4443   20.8110
    7.5000   -7.5000  -15.000014439.8154   20.8660
   -7.5000    0.0000  -15.000015390.3584   20.7830
    0.0000    0.0000  -15.000015934.6318   20.8084
    7.5000    0.0000  -15.000015071.8379   20.8512
   -7.5000    7.5000  -15.000014928.8936   20.8168
    0.0000    7.5000  -15.000015458.6621   20.8328
    7.5000    7.5000  -15.000014569.0781   20.8669
   -7.5000   15.0000  -15.000014368.3105   20.8422
    0.0000   15.0000  -15.000014840.6191   20.8584
    7.5000   15.0000  -15.000013963.3965   20.8964
   -7.5000   22.5000  -15.000013642.4863   20.8242
    0.0000   22.5000  -15.000014056.6689   20.8494
    7.5000   22.5000  -15.000013220.5537   20.8994
   -7.5000   30.0000  -15.000012712.1807   20.5303
    0.0000   30.0000  -15.000013061.6094   20.5642
    7.5000   30.0000  -15.000012265.3135   20.6217
   -7.5000   37.5000  -15.000012050.6514   20.5075
    0.0000   37.5000  -15.000012394.6182   20.5416
    7.5000   37.5000  -15.000011667.6982   20.5959
   -7.5000   45.0000  -15.000010956.2041   20.0272
    0.0000   45.0000  -15.000011268.5557   20.0517
    7.5000   45.0000  -15.000010593.3555   20.0929
   -7.5000  -45.0000   -7.500010823.7139   21.2014
    0.0000  -45.0000   -7.500011226.1553   21.2361
    7.5000  -45.0000   -7.500010668.4648   21.2909
   -7.5000  -37.5000   -7.500011589.9111   21.1585
    0.0000  -37.5000   -7.500012033.1338   21.1792
    7.5000  -37.5000   -7.500011402.2393   21.2207
   -7.5000  -30.0000   -7.500012731.8076   21.1327
    0.0000  -30.0000   -7.500013226.6406   21.1464
    7.5000  -30.0000   -7.500012537.8662   21.1858
   -7.5000  -22.5000   -7.500013753.8184   21.0966
    0.0000  -22.5000   -7.500014299.6816   21.1169
    7.5000  -22.5000   -7.500013563.1240   21.1648
   -7.5000  -15.0000   -7.500014673.8936   21.0586
    0.0000  -15.0000   -7.500015235.5996   21.0908
    7.5000  -15.0000   -7.500014459.9805   21.1492
   -7.5000   -7.5000   -7.500015564.0225   21.0293
    0.0000   -7.5000   -7.500016164.5889   21.0673
    7.5000   -7.5000   -7.500015315.0752   21.1290
   -7.5000    0.0000   -7.500016317.3848   21.0321
    0.0000    0.0000   -7.500016940.5898   21.0644
    7.5000    0.0000   -7.500016035.5576   21.1170
   -7.5000    7.5000   -7.500015802.0488   21.0690
    0.0000    7.5000   -7.500016406.9805   21.0885
    7.5000    7.5000   -7.500015510.9248   21.1290
   -7.5000   15.0000   -7.500015142.2266   21.0998
    0.0000   15.0000   -7.500015667.6787   21.1131
    7.5000   15.0000   -7.500014821.6699   21.1521
   -7.5000   22.5000   -7.500014370.6104   21.0826
    0.0000   22.5000   -7.500014840.0684   21.1028
    7.5000   22.5000   -7.500014018.1006   21.1505
   -7.5000   30.0000   -7.500013377.9160   20.7855
    0.0000   30.0000   -7.500013788.9746   20.8173
    7.5000   30.0000   -7.500012999.4727   20.8750
   -7.5000   37.5000   -7.500012688.3145   20.7566
    0.0000   37.5000   -7.500013066.2695   20.7941
    7.5000   37.5000   -7.500012327.5332   20.8549
   -7.5000   45.0000   -7.500011522.0459   20.2711
    0.0000   45.0000   -7.500011876.2852   20.3021
    7.5000   45.0000   -7.500011199.6562   20.3528
   -7.5000  -45.0000    0.000011363.4121   21.2523
    0.0000  -45.0000    0.000011799.4932   21.2829
    7.5000  -45.0000    0.000011220.0566   21.3347
   -7.5000  -37.5000    0.000012141.7021   21.2069
    0.0000  -37.5000    0.000012619.8398   21.2240
    7.5000  -37.5000    0.000011993.5693   21.2614
   -7.5000  -30.0000    0.000013281.7168   21.1845
    0.0000  -30.0000    0.000013840.0791   21.1912
    7.5000  -30.0000    0.000013161.8115   21.2218
   -7.5000  -22.5000    0.000014317.6172   21.1558
    0.0000  -22.5000    0.000014918.0430   21.1661
    7.5000  -22.5000    0.000014235.1299   21.2012
   -7.5000  -15.0000    0.000015300.5908   21.1213
    0.0000  -15.0000    0.000015935.2510   21.1432
    7.5000  -15.0000    0.000015196.9219   21.1891
   -7.5000   -7.5000    0.000016254.8311   21.0870
    0.0000   -7.5000    0.000016940.7461   21.1174
    7.5000   -7.5000    0.000016102.2686   21.1715
   -7.5000    0.0000    0.000016947.7578   21.0821
    0.0000    0.0000    0.000017693.8809   21.1103
    7.5000    0.0000    0.000016882.1074   21.1599
   -7.5000    7.5000    0.000016346.6309   21.1165
    0.0000    7.5000    0.000017052.0645   21.1324
    7.5000    7.5000    0.000016307.5479   21.1688
   -7.5000   15.0000    0.000015606.9902   21.1517
    0.0000   15.0000    0.000016223.2549   21.1579
    7.5000   15.0000    0.000015520.9014   21.1880
   -7.5000   22.5000    0.000014790.1943   21.1418
    0.0000   22.5000    0.000015332.2578   21.1520
    7.5000   22.5000    0.000014632.8516   21.1870
   -7.5000   30.0000    0.000013747.1201   20.8480
    0.0000   30.0000    0.000014221.0156   20.8696
    7.5000   30.0000    0.000013571.1621   20.9149
   -7.5000   37.5000    0.000013068.3926   20.8141
    0.0000   37.5000    0.000013490.7334   20.8441
    7.5000   37.5000    0.000012848.7715   20.8975
   -7.5000   45.0000    0.000011924.1855   20.3207
    0.0000   45.0000    0.000012297.3164   20.3480
    7.5000   45.0000    0.000011679.8174   20.3958
   -7.5000  -45.0000    7.500011050.9805   21.2575
    0.0000  -45.0000    7.500011478.5596   21.2754
    7.5000  -45.0000    7.500010933.7305   21.3136
   -7.5000  -37.5000    7.500011786.5361   21.2056
    0.0000  -37.5000    7.500012237.5234   21.2139
    7.5000  -37.5000    7.500011665.4365   21.2412
   -7.5000  -30.0000    7.500012853.6973   21.1804
    0.0000  -30.0000    7.500013362.1914   21.1823
    7.5000  -30.0000    7.500012778.4268   21.2043
   -7.5000  -22.5000    7.500013818.9824   21.1559
    0.0000  -22.5000    7.500014381.2373   21.1616
    7.5000  -22.5000    7.500013797.3350   21.1867
   -7.5000  -15.0000    7.500014773.5166   21.1283
    0.0000  -15.0000    7.500015381.3838   21.1419
    7.5000  -15.0000    7.500014729.6436   21.1746
   -7.5000   -7.5000    7.500015700.4082   21.0966
    0.0000   -7.5000    7.500016355.0869   21.1147
    7.5000   -7.5000    7.500015661.3564   21.1538
   -7.5000    0.0000    7.500016428.1289   21.0873
    0.0000    0.0000    7.500017138.7207   21.1031
    7.5000    0.0000    7.500016510.9980   21.1392
   -7.5000    7.5000    7.500015842.7041   21.1147
    0.0000    7.5000    7.500016503.3633   21.1219
    7.5000    7.5000    7.500015938.3203   21.1482
   -7.5000   15.0000    7.500015076.3574   21.1473
    0.0000   15.0000    7.500015658.3984   21.1489
    7.5000   15.0000    7.500015112.3984   21.1704
   -7.5000   22.5000    7.500014241.1621   21.1419
    0.0000   22.5000    7.500014766.7764   21.1475
    7.5000   22.5000    7.500014201.6504   21.1725
   -7.5000   30.0000    7.500013206.0195   20.8549
    0.0000   30.0000    7.500013678.9707   20.8683
    7.5000   30.0000    7.500013120.0703   20.9005
   -7.5000   37.5000    7.500012503.6572   20.8235
    0.0000   37.5000    7.500012945.3164   20.8414
    7.5000   37.5000    7.500012400.8887   20.8800
   -7.5000   45.0000    7.500011430.6982   20.3258
    0.0000   45.0000    7.500011791.8496   20.3410
    7.5000   45.0000    7.500011257.1523   20.3758
   -7.5000  -45.0000   15.000010633.2656   21.2562
    0.0000  -45.0000   15.000011030.2695   21.2668
    7.5000  -45.0000   15.000010508.1514   21.2948
   -7.5000  -37.5000   15.000011313.7178   21.2006
    0.0000  -37.5000   15.000011744.9746   21.2051
    7.5000  -37.5000   15.000011184.3086   21.2264
   -7.5000  -30.0000   15.000012300.9453   21.1693
    0.0000  -30.0000   15.000012789.3486   21.1746
    7.5000  -30.0000   15.000012233.1514   21.1961
   -7.5000  -22.5000   15.000013251.6631   21.1417
    0.0000  -22.5000   15.000013759.2256   21.1532
    7.5000  -22.5000   15.000013217.0098   21.1804
   -7.5000  -15.0000   15.000014138.2861   21.1170
    0.0000  -15.0000   15.000014677.8984   21.1330
    7.5000  -15.0000   15.000014114.1787   21.1649
   -7.5000   -7.5000   15.000014999.2510   21.0925
    0.0000   -7.5000   15.000015587.4023   21.1068
    7.5000   -7.5000   15.000015048.7803   21.1388
   -7.5000    0.0000   15.000015825.0049   21.0867
    0.0000    0.0000   15.000016452.6484   21.0951
    7.5000    0.0000   15.000015899.6816   21.1213
   -7.5000    7.5000   15.000015386.0381   21.1098
    0.0000    7.5000   15.000015984.4434   21.1133
    7.5000    7.5000   15.000015424.0742   21.1336
   -7.5000   15.0000   15.000014641.0078   21.1360
    0.0000   15.0000   15.000015178.8271   21.1409
    7.5000   15.0000   15.000014625.7480   21.1621
   -7.5000   22.5000   15.000013733.0303   21.1277
    0.0000   22.5000   15.000014208.1572   21.1392
    7.5000   22.5000   15.000013676.2959   21.1662
   -7.5000   30.0000   15.000012648.6035   20.8437
    0.0000   30.0000   15.000013087.7266   20.8595
    7.5000   30.0000   15.000012581.4834   20.8910
   -7.5000   37.5000   15.000011935.6279   20.8195
    0.0000   37.5000   15.000012346.9346   20.8337
    7.5000   37.5000   15.000011869.5479   20.8652
   -7.5000   45.0000   15.000010869.8281   20.3251
    0.0000   45.0000   15.000011222.5469   20.3333
    7.5000   45.0000   15.000010760.0879   20.3586
   -7.5000  -45.0000   22.500010077.2295   21.2902
    0.0000  -45.0000   22.500010430.2041   21.3076
    7.5000  -45.0000   22.5000 9930.7686   21.3401
   -7.5000  -37.5000   22.500010718.7930   21.2393
    0.0000  -37.5000   22.500011098.0068   21.2499
    7.5000  -37.5000   22.500010578.2158   21.2753
   -7.5000  -30.0000   22.500011697.2061   21.2062
    0.0000  -30.0000   22.500012108.7520   21.2199
    7.5000  -30.0000   22.500011570.3682   21.2499
   -7.5000  -22.5000   22.500012625.6201   21.1703
    0.0000  -22.5000   22.500013077.9229   21.1926
    7.5000  -22.5000   22.500012519.3203   21.2329
   -7.5000  -15.0000   22.500013468.5684   21.1396
    0.0000  -15.0000   22.500013973.1533   21.1671
    7.5000  -15.0000   22.500013366.5303   21.2130
   -7.5000   -7.5000   22.500014281.1875   21.1182
    0.0000   -7.5000   22.500014835.9590   21.1424
    7.5000   -7.5000   22.500014233.6709   21.1838
   -7.5000    0.0000   22.500015049.3115   21.1206
    0.0000    0.0000   22.500015652.9180   21.1357
    7.5000    0.0000   22.500014996.8164   21.1664
   -7.5000    7.5000   22.500014617.6240   21.1488
    0.0000    7.5000   22.500015204.3604   21.1582
    7.5000    7.5000   22.500014549.9473   21.1828
   -7.5000   15.0000   22.500013888.5430   21.1728
    0.0000   15.0000   22.500014435.0488   21.1861
    7.5000   15.0000   22.500013788.2842   21.2157
   -7.5000   22.5000   22.500013024.2197   21.1563
    0.0000   22.5000   22.500013517.7002   21.1785
    7.5000   22.5000   22.500012908.7578   21.2187
   -7.5000   30.0000   22.500012006.6934   20.8660
    0.0000   30.0000   22.500012459.6191   20.8932
    7.5000   30.0000   22.500011902.0254   20.9385
   -7.5000   37.5000   22.500011331.8604   20.8449
    0.0000   37.5000   22.500011758.7295   20.8688
    7.5000   37.5000   22.500011219.5137   20.9097
   -7.5000   45.0000   22.500010285.4082   20.3579
    0.0000   45.0000   22.500010647.1396   20.3724
    7.5000   45.0000   22.500010158.7422   20.4020
   -7.5000  -45.0000   30.0000 9382.9834   21.3484
    0.0000  -45.0000   30.0000 9730.9756   21.3782
    7.5000  -45.0000   30.0000 9269.7686   21.4247
   -7.5000  -37.5000   30.000010005.8271   21.3037
    0.0000  -37.5000   30.000010368.8760   21.3225
    7.5000  -37.5000   30.0000 9865.7939   21.3590
   -7.5000  -30.0000   30.000010961.9766   21.2730
    0.0000  -30.0000   30.000011377.8340   21.2914
    7.5000  -30.0000   30.000010808.8516   21.3313
   -7.5000  -22.5000   30.000011869.1846   21.2322
    0.0000  -22.5000   30.000012316.0059   21.2594
    7.5000  -22.5000   30.000011692.5723   21.3112
   -7.5000  -15.0000   30.000012666.2607   21.1943
    0.0000  -15.0000   30.000013137.2402   21.2305
    7.5000  -15.0000   30.000012489.1016   21.2907
   -7.5000   -7.5000   30.000013408.2910   21.1703
    0.0000   -7.5000   30.000013893.3516   21.2070
    7.5000   -7.5000   30.000013258.6377   21.2640
   -7.5000    0.0000   30.000014104.4766   21.1777
    0.0000    0.0000   30.000014618.2783   21.2051
    7.5000    0.0000   30.000013957.5205   21.2495
   -7.5000    7.5000   30.000013681.0791   21.2133
    0.0000    7.5000   30.000014187.8682   21.2309
    7.5000    7.5000   30.000013545.1729   21.2665
   -7.5000   15.0000   30.000012976.6670   21.2396
    0.0000   15.0000   30.000013468.8896   21.2575
    7.5000   15.0000   30.000012862.7041   21.2969
   -7.5000   22.5000   30.000012135.4756   21.2181
    0.0000   22.5000   30.000012598.5771   21.2452
    7.5000   22.5000   30.000012046.6758   21.2968
   -7.5000   30.0000   30.000011200.7334   20.9200
    0.0000   30.0000   30.000011632.6738   20.9557
    7.5000   30.0000   30.000011117.5410   21.0151
   -7.5000   37.5000   30.000010602.7686   20.8964
    0.0000   37.5000   30.000010999.7910   20.9325
    7.5000   37.5000   30.000010500.3799   20.9888
   -7.5000   45.0000   30.0000 9604.8555   20.4130
    0.0000   45.0000   30.0000 9955.0957   20.4393
    7.5000   45.0000   30.0000 9492.2393   20.4821
   -7.5000  -45.0000   37.5000 9002.9980   21.5195
    0.0000  -45.0000   37.5000 9336.4424   21.5572
    7.5000  -45.0000   37.5000 8901.2461   21.6145
   -7.5000  -37.5000   37.5000 9619.9619   21.4762
    0.0000  -37.5000   37.5000 9968.7725   21.4997
    7.5000  -37.5000   37.5000 9490.6543   21.5433
   -7.5000  -30.0000   37.500010571.3799   21.4496
    0.0000  -30.0000   37.500010969.4023   21.4660
    7.5000  -30.0000   37.500010421.5127   21.5073
   -7.5000  -22.5000   37.500011457.4951   21.4115
    0.0000  -22.5000   37.500011892.5703   21.4344
    7.5000  -22.5000   37.500011269.9951   21.4844
   -7.5000  -15.0000   37.500012214.4541   21.3716
    0.0000  -15.0000   37.500012677.7090   21.4066
    7.5000  -15.0000   37.500012040.4199   21.4675
   -7.5000   -7.5000   37.500012910.7695   21.3417
    0.0000   -7.5000   37.500013407.6963   21.3827
    7.5000   -7.5000   37.500012773.2568   21.4469
   -7.5000    0.0000   37.500013581.6611   21.3455
    0.0000    0.0000   37.500014111.5557   21.3806
    7.5000    0.0000   37.500013458.1016   21.4356
   -7.5000    7.5000   37.500013189.0156   21.3842
    0.0000    7.5000   37.500013696.8135   21.4065
    7.5000    7.5000   37.500013068.3965   21.4490
   -7.5000   15.0000   37.500012529.8291   21.4158
    0.0000   15.0000   37.500013024.6768   21.4318
    7.5000   15.0000   37.500012455.5439   21.4726
   -7.5000   22.5000   37.500011730.6943   21.3974
    0.0000   22.5000   37.500012194.6807   21.4201
    7.5000   22.5000   37.500011669.7334   21.4699
   -7.5000   30.0000   37.500010841.2305   21.0950
    0.0000   30.0000   37.500011266.9619   21.1295
    7.5000   30.0000   37.500010765.2793   21.1897
   -7.5000   37.5000   37.500010263.9619   21.0655
    0.0000   37.5000   37.500010650.5029   21.1060
    7.5000   37.5000   37.500010174.5732   21.1694
   -7.5000   45.0000   37.5000 9279.9258   20.5747
    0.0000   45.0000   37.5000 9633.6191   20.6085
    7.5000   45.0000   37.5000 9192.1699   20.6616
   -7.5000  -45.0000   45.0000 8212.4023   21.7077
    0.0000  -45.0000   45.0000 8527.2881   21.7434
    7.5000  -45.0000   45.0000 8123.1943   21.7988
   -7.5000  -37.5000   45.0000 8797.8643   21.6596
    0.0000  -37.5000   45.0000 9121.8545   21.6810
    7.5000  -37.5000   45.0000 8683.5547   21.7212
   -7.5000  -30.0000   45.0000 9695.2783   21.6353
    0.0000  -30.0000   45.000010063.8574   21.6460
    7.5000  -30.0000   45.0000 9542.9111   21.6787
   -7.5000  -22.5000   45.000010522.0752   21.6048
    0.0000  -22.5000   45.000010934.4990   21.6193
    7.5000  -22.5000   45.000010335.1631   21.6569
   -7.5000  -15.0000   45.000011223.7666   21.5691
    0.0000  -15.0000   45.000011661.1709   21.5958
    7.5000  -15.0000   45.000011038.4111   21.6449
   -7.5000   -7.5000   45.000011866.4043   21.5340
    0.0000   -7.5000   45.000012316.0332   21.5695
    7.5000   -7.5000   45.000011683.3809   21.6273
   -7.5000    0.0000   45.000012460.6611   21.5290
    0.0000    0.0000   45.000012946.0742   21.5622
    7.5000    0.0000   45.000012317.2891   21.6152
   -7.5000    7.5000   45.000012074.7100   21.5646
    0.0000    7.5000   45.000012551.7568   21.5848
    7.5000    7.5000   45.000011976.4814   21.6239
   -7.5000   15.0000   45.000011501.9746   21.6008
    0.0000   15.0000   45.000011958.6602   21.6110
    7.5000   15.0000   45.000011450.8643   21.6433
   -7.5000   22.5000   45.000010802.6465   21.5903
    0.0000   22.5000   45.000011240.7891   21.6047
    7.5000   22.5000   45.000010755.4248   21.6422
   -7.5000   30.0000   45.000010014.0137   21.2881
    0.0000   30.0000   45.000010407.2119   21.3145
    7.5000   30.0000   45.0000 9943.3916   21.3629
   -7.5000   37.5000   45.0000 9488.9688   21.2534
    0.0000   37.5000   45.0000 9850.1396   21.2885
    7.5000   37.5000   45.0000 9384.3232   21.3456
   -7.5000   45.0000   45.0000 8576.9258   20.7609
    0.0000   45.0000   45.0000 8894.3799   20.7929
    7.5000   45.0000   45.0000 8466.7344   20.8441

---------------------------------------------------------------------
imgreg_4dfp /opt/freesurfer/average/711-2C_as_mni_average_305 /opt/freesurfer/average/711-2B_as_mni_average_305_mask talsrcimg_g11 none talsrcimg_to_711-2C_as_mni_average_305_t4 4355
---------------------------------------------------------------------

freesurfer imgreg_4dfp.c
/opt/freesurfer/average/711-2C_as_mni_average_305.4dfp.img
       256       256       256         1
  1.000000  1.000000  1.000000
orientation T byte_order littleendian
Reading image: /opt/freesurfer/average/711-2C_as_mni_average_305.4dfp.img
dimensions:      256       256       256
mmppix:       1.0000   -1.0000   -1.0000
center:     128.0000 -129.0000 -129.0000
/opt/freesurfer/average/711-2B_as_mni_average_305_mask.4dfp.img
       256       256       256         1
  1.000000  1.000000  1.000000
orientation T byte_order littleendian
Reading mask: /opt/freesurfer/average/711-2B_as_mni_average_305_mask.4dfp.img (2306576 pixels)
talsrcimg_g11.4dfp.img
       256       256       256         1
  1.000000  1.000000  1.000000
orientation T byte_order littleendian
Reading image: talsrcimg_g11.4dfp.img
dimensions:      256       256       256
mmppix:       1.0000   -1.0000   -1.0000
center:     128.0000 -129.0000 -129.0000
rotation matrix determinant  1.000000
image alignment mode   4355 decimal     1103 hex
   -7.5000  -45.0000  -45.0000 1998.7833   22.3940
    0.0000  -45.0000  -45.0000 2004.2080   22.2740
    7.5000  -45.0000  -45.0000 1981.3114   22.6791
   -7.5000  -37.5000  -45.0000 2098.5996   20.5248
    0.0000  -37.5000  -45.0000 2101.0200   20.4116
    7.5000  -37.5000  -45.0000 2076.9646   20.7677
   -7.5000  -30.0000  -45.0000 2165.7087   19.2057
    0.0000  -30.0000  -45.0000 2173.2498   19.1085
    7.5000  -30.0000  -45.0000 2147.0881   19.4403
   -7.5000  -22.5000  -45.0000 2214.8704   18.2113
    0.0000  -22.5000  -45.0000 2228.6545   18.1258
    7.5000  -22.5000  -45.0000 2196.8416   18.4076
   -7.5000  -15.0000  -45.0000 2242.3694   17.4953
    0.0000  -15.0000  -45.0000 2247.8862   17.4216
    7.5000  -15.0000  -45.0000 2225.1750   17.6930
   -7.5000   -7.5000  -45.0000 2253.7827   17.0118
    0.0000   -7.5000  -45.0000 2257.6921   17.0030
    7.5000   -7.5000  -45.0000 2237.1365   17.3094
   -7.5000    0.0000  -45.0000 2258.6084   16.8824
    0.0000    0.0000  -45.0000 2262.7356   16.8217
    7.5000    0.0000  -45.0000 2236.4329   17.1509
   -7.5000    7.5000  -45.0000 2251.9998   17.0602
    0.0000    7.5000  -45.0000 2254.7214   17.0040
    7.5000    7.5000  -45.0000 2227.8975   17.3255
   -7.5000   15.0000  -45.0000 2222.0359   17.6431
    0.0000   15.0000  -45.0000 2228.1067   17.5613
    7.5000   15.0000  -45.0000 2197.0493   17.9208
   -7.5000   22.5000  -45.0000 2176.8154   18.5314
    0.0000   22.5000  -45.0000 2184.9844   18.4771
    7.5000   22.5000  -45.0000 2152.8689   18.8307
   -7.5000   30.0000  -45.0000 2111.3518   19.7494
    0.0000   30.0000  -45.0000 2116.5369   19.7204
    7.5000   30.0000  -45.0000 2080.4478   20.1515
   -7.5000   37.5000  -45.0000 2027.2833   21.4540
    0.0000   37.5000  -45.0000 2031.6122   21.4504
    7.5000   37.5000  -45.0000 2000.3617   21.9387
   -7.5000   45.0000  -45.0000 1925.0507   23.8393
    0.0000   45.0000  -45.0000 1925.3368   23.8279
    7.5000   45.0000  -45.0000 1896.2850   24.3122
   -7.5000  -45.0000  -37.5000 2082.7214   20.8009
    0.0000  -45.0000  -37.5000 2088.2637   20.7028
    7.5000  -45.0000  -37.5000 2060.5437   21.0385
   -7.5000  -37.5000  -37.5000 2190.5056   18.9974
    0.0000  -37.5000  -37.5000 2194.8943   18.8915
    7.5000  -37.5000  -37.5000 2164.6353   19.2105
   -7.5000  -30.0000  -37.5000 2267.3962   17.6200
    0.0000  -30.0000  -37.5000 2275.7263   17.5605
    7.5000  -30.0000  -37.5000 2241.9028   17.8611
   -7.5000  -22.5000  -37.5000 2321.3123   16.7520
    0.0000  -22.5000  -37.5000 2328.5891   16.6583
    7.5000  -22.5000  -37.5000 2291.5874   16.9168
   -7.5000  -15.0000  -37.5000 2347.4983   16.1045
    0.0000  -15.0000  -37.5000 2353.4224   16.0223
    7.5000  -15.0000  -37.5000 2320.6597   16.2717
   -7.5000   -7.5000  -37.5000 2358.8882   15.7227
    0.0000   -7.5000  -37.5000 2366.2065   15.6665
    7.5000   -7.5000  -37.5000 2335.5830   15.9167
   -7.5000    0.0000  -37.5000 2362.9275   15.6275
    0.0000    0.0000  -37.5000 2370.0571   15.5665
    7.5000    0.0000  -37.5000 2334.7722   15.8080
   -7.5000    7.5000  -37.5000 2351.9377   15.8132
    0.0000    7.5000  -37.5000 2359.5422   15.7634
    7.5000    7.5000  -37.5000 2323.8616   15.9988
   -7.5000   15.0000  -37.5000 2320.8745   16.3179
    0.0000   15.0000  -37.5000 2331.5881   16.2457
    7.5000   15.0000  -37.5000 2295.6833   16.5252
   -7.5000   22.5000  -37.5000 2280.0596   17.0866
    0.0000   22.5000  -37.5000 2286.9731   17.0473
    7.5000   22.5000  -37.5000 2249.7239   17.3496
   -7.5000   30.0000  -37.5000 2206.1458   18.2310
    0.0000   30.0000  -37.5000 2212.0388   18.1738
    7.5000   30.0000  -37.5000 2173.4834   18.5196
   -7.5000   37.5000  -37.5000 2113.7595   19.7603
    0.0000   37.5000  -37.5000 2114.8145   19.7292
    7.5000   37.5000  -37.5000 2082.0078   20.1197
   -7.5000   45.0000  -37.5000 2005.3330   21.9237
    0.0000   45.0000  -37.5000 2004.8271   21.8762
    7.5000   45.0000  -37.5000 1973.5511   22.2986
   -7.5000  -45.0000  -30.0000 2201.9988   20.0365
    0.0000  -45.0000  -30.0000 2207.5205   19.9321
    7.5000  -45.0000  -30.0000 2178.2432   20.1850
   -7.5000  -37.5000  -30.0000 2312.3665   18.1770
    0.0000  -37.5000  -30.0000 2318.8467   18.0865
    7.5000  -37.5000  -30.0000 2288.3057   18.3819
   -7.5000  -30.0000  -30.0000 2393.8101   16.8438
    0.0000  -30.0000  -30.0000 2397.8530   16.7614
    7.5000  -30.0000  -30.0000 2367.0098   17.0466
   -7.5000  -22.5000  -30.0000 2454.0251   15.9299
    0.0000  -22.5000  -30.0000 2461.6406   15.8734
    7.5000  -22.5000  -30.0000 2422.6472   16.1252
   -7.5000  -15.0000  -30.0000 2496.3389   15.2885
    0.0000  -15.0000  -30.0000 2504.4246   15.2312
    7.5000  -15.0000  -30.0000 2463.1233   15.4933
   -7.5000   -7.5000  -30.0000 2514.4878   14.9882
    0.0000   -7.5000  -30.0000 2523.5144   14.9437
    7.5000   -7.5000  -30.0000 2483.7771   15.1640
   -7.5000    0.0000  -30.0000 2518.1216   14.9490
    0.0000    0.0000  -30.0000 2525.7554   14.8903
    7.5000    0.0000  -30.0000 2481.4844   15.0915
   -7.5000    7.5000  -30.0000 2505.7065   15.1830
    0.0000    7.5000  -30.0000 2514.5105   15.1416
    7.5000    7.5000  -30.0000 2470.3159   15.3322
   -7.5000   15.0000  -30.0000 2472.4133   15.6896
    0.0000   15.0000  -30.0000 2486.0986   15.6271
    7.5000   15.0000  -30.0000 2440.8210   15.8665
   -7.5000   22.5000  -30.0000 2423.8152   16.4258
    0.0000   22.5000  -30.0000 2435.0752   16.3909
    7.5000   22.5000  -30.0000 2390.9580   16.6291
   -7.5000   30.0000  -30.0000 2345.8845   17.4669
    0.0000   30.0000  -30.0000 2352.7410   17.4492
    7.5000   30.0000  -30.0000 2310.5918   17.7594
   -7.5000   37.5000  -30.0000 2244.2273   18.9194
    0.0000   37.5000  -30.0000 2244.5994   18.8905
    7.5000   37.5000  -30.0000 2208.5630   19.2450
   -7.5000   45.0000  -30.0000 2124.0530   20.9648
    0.0000   45.0000  -30.0000 2124.6472   20.8897
    7.5000   45.0000  -30.0000 2092.2070   21.2413
   -7.5000  -45.0000  -22.5000 2289.8152   19.0706
    0.0000  -45.0000  -22.5000 2293.2385   19.0136
    7.5000  -45.0000  -22.5000 2263.1001   19.3489
   -7.5000  -37.5000  -22.5000 2407.0496   17.2567
    0.0000  -37.5000  -22.5000 2411.4858   17.1858
    7.5000  -37.5000  -22.5000 2376.0759   17.5296
   -7.5000  -30.0000  -22.5000 2494.1089   15.9645
    0.0000  -30.0000  -22.5000 2500.1902   15.9096
    7.5000  -30.0000  -22.5000 2465.2957   16.2132
   -7.5000  -22.5000  -22.5000 2559.1450   15.0736
    0.0000  -22.5000  -22.5000 2564.5005   15.0246
    7.5000  -22.5000  -22.5000 2526.0366   15.3217
   -7.5000  -15.0000  -22.5000 2611.2412   14.4706
    0.0000  -15.0000  -22.5000 2619.0256   14.4401
    7.5000  -15.0000  -22.5000 2576.4880   14.7095
   -7.5000   -7.5000  -22.5000 2642.3708   14.1740
    0.0000   -7.5000  -22.5000 2647.9067   14.1376
    7.5000   -7.5000  -22.5000 2602.4429   14.3877
   -7.5000    0.0000  -22.5000 2649.7212   14.1768
    0.0000    0.0000  -22.5000 2653.9871   14.1312
    7.5000    0.0000  -22.5000 2603.2656   14.3546
   -7.5000    7.5000  -22.5000 2638.7378   14.4511
    0.0000    7.5000  -22.5000 2647.5037   14.4186
    7.5000    7.5000  -22.5000 2591.8887   14.6065
   -7.5000   15.0000  -22.5000 2607.6838   15.0092
    0.0000   15.0000  -22.5000 2617.4321   14.9720
    7.5000   15.0000  -22.5000 2562.4495   15.1376
   -7.5000   22.5000  -22.5000 2549.7295   15.7033
    0.0000   22.5000  -22.5000 2557.8645   15.6753
    7.5000   22.5000  -22.5000 2506.0186   15.8782
   -7.5000   30.0000  -22.5000 2462.6138   16.6440
    0.0000   30.0000  -22.5000 2467.9919   16.6412
    7.5000   30.0000  -22.5000 2419.2388   16.9402
   -7.5000   37.5000  -22.5000 2346.4727   18.0254
    0.0000   37.5000  -22.5000 2348.3435   18.0301
    7.5000   37.5000  -22.5000 2309.6672   18.3314
   -7.5000   45.0000  -22.5000 2218.6431   19.9620
    0.0000   45.0000  -22.5000 2218.0156   19.9273
    7.5000   45.0000  -22.5000 2182.7754   20.2614
   -7.5000  -45.0000  -15.0000 2344.0691   18.2247
    0.0000  -45.0000  -15.0000 2347.9167   18.2158
    7.5000  -45.0000  -15.0000 2319.7156   18.5885
   -7.5000  -37.5000  -15.0000 2463.8501   16.4746
    0.0000  -37.5000  -15.0000 2468.1008   16.4523
    7.5000  -37.5000  -15.0000 2433.7700   16.8154
   -7.5000  -30.0000  -15.0000 2560.7219   15.2153
    0.0000  -30.0000  -15.0000 2568.0762   15.1871
    7.5000  -30.0000  -15.0000 2531.1738   15.5001
   -7.5000  -22.5000  -15.0000 2638.5508   14.3187
    0.0000  -22.5000  -15.0000 2643.1453   14.2948
    7.5000  -22.5000  -15.0000 2603.8374   14.6246
   -7.5000  -15.0000  -15.0000 2700.0791   13.7241
    0.0000  -15.0000  -15.0000 2704.8679   13.7069
    7.5000  -15.0000  -15.0000 2662.8142   14.0204
   -7.5000   -7.5000  -15.0000 2739.4380   13.4472
    0.0000   -7.5000  -15.0000 2742.6587   13.4306
    7.5000   -7.5000  -15.0000 2692.6614   13.7325
   -7.5000    0.0000  -15.0000 2749.0061   13.4810
    0.0000    0.0000  -15.0000 2752.9919   13.4623
    7.5000    0.0000  -15.0000 2696.4392   13.7318
   -7.5000    7.5000  -15.0000 2743.9600   13.7866
    0.0000    7.5000  -15.0000 2753.1023   13.7581
    7.5000    7.5000  -15.0000 2688.3276   13.9825
   -7.5000   15.0000  -15.0000 2711.4482   14.3346
    0.0000   15.0000  -15.0000 2720.3235   14.3060
    7.5000   15.0000  -15.0000 2655.5586   14.5126
   -7.5000   22.5000  -15.0000 2640.2856   15.0177
    0.0000   22.5000  -15.0000 2648.0503   15.0247
    7.5000   22.5000  -15.0000 2590.1912   15.2473
   -7.5000   30.0000  -15.0000 2541.8987   15.9130
    0.0000   30.0000  -15.0000 2546.4097   15.9227
    7.5000   30.0000  -15.0000 2497.0779   16.2183
   -7.5000   37.5000  -15.0000 2418.8835   17.1994
    0.0000   37.5000  -15.0000 2426.4170   17.2261
    7.5000   37.5000  -15.0000 2382.7253   17.5617
   -7.5000   45.0000  -15.0000 2281.1697   19.0717
    0.0000   45.0000  -15.0000 2287.9729   19.0808
    7.5000   45.0000  -15.0000 2247.2957   19.4194
   -7.5000  -45.0000   -7.5000 2376.1121   17.5609
    0.0000  -45.0000   -7.5000 2380.7322   17.5698
    7.5000  -45.0000   -7.5000 2354.0730   18.0144
   -7.5000  -37.5000   -7.5000 2504.0767   15.8119
    0.0000  -37.5000   -7.5000 2507.9890   15.8187
    7.5000  -37.5000   -7.5000 2470.8787   16.2442
   -7.5000  -30.0000   -7.5000 2608.6968   14.5506
    0.0000  -30.0000   -7.5000 2617.6304   14.5465
    7.5000  -30.0000   -7.5000 2576.5894   14.9374
   -7.5000  -22.5000   -7.5000 2696.9814   13.6387
    0.0000  -22.5000   -7.5000 2705.5837   13.6451
    7.5000  -22.5000   -7.5000 2660.6777   14.0311
   -7.5000  -15.0000   -7.5000 2768.1848   13.0743
    0.0000  -15.0000   -7.5000 2775.8513   13.0792
    7.5000  -15.0000   -7.5000 2724.3008   13.4413
   -7.5000   -7.5000   -7.5000 2824.5913   12.8138
    0.0000   -7.5000   -7.5000 2832.9148   12.8310
    7.5000   -7.5000   -7.5000 2768.0669   13.1823
   -7.5000    0.0000   -7.5000 2849.0735   12.8072
    0.0000    0.0000   -7.5000 2854.9299   12.8423
    7.5000    0.0000   -7.5000 2781.6816   13.1902
   -7.5000    7.5000   -7.5000 2838.7000   13.1624
    0.0000    7.5000   -7.5000 2847.4377   13.1639
    7.5000    7.5000   -7.5000 2771.1130   13.4453
   -7.5000   15.0000   -7.5000 2792.8809   13.7043
    0.0000   15.0000   -7.5000 2796.5466   13.6885
    7.5000   15.0000   -7.5000 2728.3049   13.9451
   -7.5000   22.5000   -7.5000 2709.1865   14.3746
    0.0000   22.5000   -7.5000 2714.2063   14.3848
    7.5000   22.5000   -7.5000 2653.9890   14.6690
   -7.5000   30.0000   -7.5000 2595.9331   15.2708
    0.0000   30.0000   -7.5000 2601.7222   15.2917
    7.5000   30.0000   -7.5000 2549.8828   15.5987
   -7.5000   37.5000   -7.5000 2467.0474   16.5368
    0.0000   37.5000   -7.5000 2474.0774   16.5736
    7.5000   37.5000   -7.5000 2426.4995   16.9354
   -7.5000   45.0000   -7.5000 2330.6921   18.3247
    0.0000   45.0000   -7.5000 2336.8213   18.3428
    7.5000   45.0000   -7.5000 2289.5215   18.7023
   -7.5000  -45.0000    0.0000 2394.2847   17.1416
    0.0000  -45.0000    0.0000 2395.9573   17.1827
    7.5000  -45.0000    0.0000 2368.4604   17.6776
   -7.5000  -37.5000    0.0000 2521.2473   15.3798
    0.0000  -37.5000    0.0000 2524.9048   15.4515
    7.5000  -37.5000    0.0000 2489.1780   15.9151
   -7.5000  -30.0000    0.0000 2632.6138   14.0851
    0.0000  -30.0000    0.0000 2640.5229   14.1439
    7.5000  -30.0000    0.0000 2598.8606   14.5959
   -7.5000  -22.5000    0.0000 2728.3628   13.1719
    0.0000  -22.5000    0.0000 2739.2644   13.2240
    7.5000  -22.5000    0.0000 2694.4233   13.6574
   -7.5000  -15.0000    0.0000 2813.6155   12.6143
    0.0000  -15.0000    0.0000 2823.6357   12.6397
    7.5000  -15.0000    0.0000 2770.7690   13.0621
   -7.5000   -7.5000    0.0000 2882.1484   12.3656
    0.0000   -7.5000    0.0000 2896.2671   12.4028
    7.5000   -7.5000    0.0000 2820.2764   12.7992
   -7.5000    0.0000    0.0000 2921.0112   12.3207
    0.0000    0.0000    0.0000 2932.9949   12.3764
    7.5000    0.0000    0.0000 2839.3821   12.8058
   -7.5000    7.5000    0.0000 2905.9233   12.5906
    0.0000    7.5000    0.0000 2915.6096   12.6216
    7.5000    7.5000    0.0000 2831.0188   13.0396
   -7.5000   15.0000    0.0000 2837.4993   13.1353
    0.0000   15.0000    0.0000 2843.8184   13.1401
    7.5000   15.0000    0.0000 2775.7756   13.5116
   -7.5000   22.5000    0.0000 2741.7295   13.8578
    0.0000   22.5000    0.0000 2747.9321   13.8612
    7.5000   22.5000    0.0000 2688.0710   14.2095
   -7.5000   30.0000    0.0000 2621.8811   14.8008
    0.0000   30.0000    0.0000 2628.9875   14.8114
    7.5000   30.0000    0.0000 2581.4092   15.1692
   -7.5000   37.5000    0.0000 2486.2734   16.0473
    0.0000   37.5000    0.0000 2495.3445   16.0695
    7.5000   37.5000    0.0000 2449.8889   16.4454
   -7.5000   45.0000    0.0000 2350.6133   17.7315
    0.0000   45.0000    0.0000 2353.1021   17.7843
    7.5000   45.0000    0.0000 2308.6160   18.1648
   -7.5000  -45.0000    7.5000 2400.5588   17.0341
    0.0000  -45.0000    7.5000 2407.9211   17.0372
    7.5000  -45.0000    7.5000 2377.3875   17.5981
   -7.5000  -37.5000    7.5000 2520.7712   15.2739
    0.0000  -37.5000    7.5000 2527.4299   15.2776
    7.5000  -37.5000    7.5000 2492.5942   15.7947
   -7.5000  -30.0000    7.5000 2634.0562   13.9407
    0.0000  -30.0000    7.5000 2641.6296   13.9735
    7.5000  -30.0000    7.5000 2602.6560   14.4649
   -7.5000  -22.5000    7.5000 2736.6919   13.0039
    0.0000  -22.5000    7.5000 2746.3647   13.0092
    7.5000  -22.5000    7.5000 2703.3174   13.4871
   -7.5000  -15.0000    7.5000 2834.1714   12.3965
    0.0000  -15.0000    7.5000 2844.8430   12.4136
    7.5000  -15.0000    7.5000 2786.3684   12.8888
   -7.5000   -7.5000    7.5000 2914.4229   12.1371
    0.0000   -7.5000    7.5000 2929.0347   12.1575
    7.5000   -7.5000    7.5000 2847.6045   12.5987
   -7.5000    0.0000    7.5000 2958.2683   12.1264
    0.0000    0.0000    7.5000 2969.9543   12.1493
    7.5000    0.0000    7.5000 2871.6077   12.6433
   -7.5000    7.5000    7.5000 2935.0479   12.4073
    0.0000    7.5000    7.5000 2946.1917   12.3929
    7.5000    7.5000    7.5000 2856.8313   12.9314
   -7.5000   15.0000    7.5000 2860.6958   12.9160
    0.0000   15.0000    7.5000 2865.9609   12.8949
    7.5000   15.0000    7.5000 2796.4536   13.3548
   -7.5000   22.5000    7.5000 2761.6665   13.6407
    0.0000   22.5000    7.5000 2763.5466   13.6108
    7.5000   22.5000    7.5000 2704.3938   13.9964
   -7.5000   30.0000    7.5000 2629.4675   14.6149
    0.0000   30.0000    7.5000 2634.4280   14.5855
    7.5000   30.0000    7.5000 2587.6936   14.9311
   -7.5000   37.5000    7.5000 2487.4441   15.8861
    0.0000   37.5000    7.5000 2494.6855   15.8488
    7.5000   37.5000    7.5000 2455.2441   16.2049
   -7.5000   45.0000    7.5000 2349.3447   17.5196
    0.0000   45.0000    7.5000 2351.4868   17.4737
    7.5000   45.0000    7.5000 2307.8936   17.8547
   -7.5000  -45.0000   15.0000 2393.0322   17.2249
    0.0000  -45.0000   15.0000 2399.4685   17.2106
    7.5000  -45.0000   15.0000 2368.0085   17.7752
   -7.5000  -37.5000   15.0000 2510.0071   15.4258
    0.0000  -37.5000   15.0000 2514.5090   15.4250
    7.5000  -37.5000   15.0000 2477.2317   15.9539
   -7.5000  -30.0000   15.0000 2618.6611   14.0540
    0.0000  -30.0000   15.0000 2626.2085   14.0637
    7.5000  -30.0000   15.0000 2583.0869   14.5653
   -7.5000  -22.5000   15.0000 2727.0188   13.0664
    0.0000  -22.5000   15.0000 2730.9485   13.0770
    7.5000  -22.5000   15.0000 2687.1521   13.5750
   -7.5000  -15.0000   15.0000 2824.1489   12.4410
    0.0000  -15.0000   15.0000 2828.7124   12.4408
    7.5000  -15.0000   15.0000 2773.1399   12.9360
   -7.5000   -7.5000   15.0000 2899.6865   12.1864
    0.0000   -7.5000   15.0000 2911.7661   12.1657
    7.5000   -7.5000   15.0000 2839.4343   12.6597
   -7.5000    0.0000   15.0000 2940.6880   12.2289
    0.0000    0.0000   15.0000 2951.5430   12.2099
    7.5000    0.0000   15.0000 2861.1753   12.7399
   -7.5000    7.5000   15.0000 2912.3103   12.5884
    0.0000    7.5000   15.0000 2926.3154   12.5403
    7.5000    7.5000   15.0000 2842.2451   13.0133
   -7.5000   15.0000   15.0000 2840.5332   13.0590
    0.0000   15.0000   15.0000 2849.8303   13.0135
    7.5000   15.0000   15.0000 2778.9355   13.4405
   -7.5000   22.5000   15.0000 2739.4648   13.7159
    0.0000   22.5000   15.0000 2745.5962   13.6668
    7.5000   22.5000   15.0000 2689.1875   14.0828
   -7.5000   30.0000   15.0000 2613.6848   14.6470
    0.0000   30.0000   15.0000 2617.7593   14.5933
    7.5000   30.0000   15.0000 2569.3623   14.9973
   -7.5000   37.5000   15.0000 2473.2173   15.9180
    0.0000   37.5000   15.0000 2476.2903   15.8661
    7.5000   37.5000   15.0000 2438.7302   16.2560
   -7.5000   45.0000   15.0000 2328.8638   17.5602
    0.0000   45.0000   15.0000 2331.4573   17.5291
    7.5000   45.0000   15.0000 2298.1375   17.9221
   -7.5000  -45.0000   22.5000 2373.6538   17.6391
    0.0000  -45.0000   22.5000 2377.5979   17.5766
    7.5000  -45.0000   22.5000 2342.7083   18.1408
   -7.5000  -37.5000   22.5000 2486.7715   15.8337
    0.0000  -37.5000   22.5000 2490.1082   15.7650
    7.5000  -37.5000   22.5000 2450.4009   16.2873
   -7.5000  -30.0000   22.5000 2593.6211   14.4511
    0.0000  -30.0000   22.5000 2597.2668   14.4169
    7.5000  -30.0000   22.5000 2555.7395   14.9340
   -7.5000  -22.5000   22.5000 2695.8416   13.4690
    0.0000  -22.5000   22.5000 2700.6733   13.4493
    7.5000  -22.5000   22.5000 2654.4502   13.9183
   -7.5000  -15.0000   22.5000 2781.8198   12.8367
    0.0000  -15.0000   22.5000 2788.3303   12.8293
    7.5000  -15.0000   22.5000 2729.5867   13.2911
   -7.5000   -7.5000   22.5000 2851.5874   12.5076
    0.0000   -7.5000   22.5000 2858.5278   12.5112
    7.5000   -7.5000   22.5000 2794.7561   12.9867
   -7.5000    0.0000   22.5000 2877.0007   12.5550
    0.0000    0.0000   22.5000 2882.0852   12.5689
    7.5000    0.0000   22.5000 2811.3403   13.0250
   -7.5000    7.5000   22.5000 2848.0288   12.9110
    0.0000    7.5000   22.5000 2858.0286   12.8985
    7.5000    7.5000   22.5000 2793.6936   13.2967
   -7.5000   15.0000   22.5000 2774.2437   13.4242
    0.0000   15.0000   22.5000 2781.6013   13.4213
    7.5000   15.0000   22.5000 2723.7986   13.8029
   -7.5000   22.5000   22.5000 2681.7480   14.0997
    0.0000   22.5000   22.5000 2686.6228   14.1148
    7.5000   22.5000   22.5000 2634.9539   14.4896
   -7.5000   30.0000   22.5000 2566.9758   15.0239
    0.0000   30.0000   22.5000 2570.8494   15.0377
    7.5000   30.0000   22.5000 2522.7695   15.4249
   -7.5000   37.5000   22.5000 2433.7195   16.2463
    0.0000   37.5000   22.5000 2440.9165   16.2407
    7.5000   37.5000   22.5000 2397.5710   16.6548
   -7.5000   45.0000   22.5000 2291.8232   17.8423
    0.0000   45.0000   22.5000 2296.1411   17.8360
    7.5000   45.0000   22.5000 2261.0452   18.2928
   -7.5000  -45.0000   30.0000 2334.1270   18.3947
    0.0000  -45.0000   30.0000 2332.9221   18.3006
    7.5000  -45.0000   30.0000 2303.5825   18.8180
   -7.5000  -37.5000   30.0000 2442.0098   16.5301
    0.0000  -37.5000   30.0000 2441.8113   16.4732
    7.5000  -37.5000   30.0000 2405.0356   16.9571
   -7.5000  -30.0000   30.0000 2546.3364   15.1324
    0.0000  -30.0000   30.0000 2546.6064   15.0910
    7.5000  -30.0000   30.0000 2504.7107   15.5567
   -7.5000  -22.5000   30.0000 2640.8960   14.1322
    0.0000  -22.5000   30.0000 2642.6035   14.1156
    7.5000  -22.5000   30.0000 2593.1453   14.5296
   -7.5000  -15.0000   30.0000 2721.8403   13.4252
    0.0000  -15.0000   30.0000 2726.0386   13.4078
    7.5000  -15.0000   30.0000 2668.3547   13.8414
   -7.5000   -7.5000   30.0000 2786.0437   13.0725
    0.0000   -7.5000   30.0000 2791.2744   13.0423
    7.5000   -7.5000   30.0000 2728.3723   13.4846
   -7.5000    0.0000   30.0000 2796.5537   13.0930
    0.0000    0.0000   30.0000 2798.8799   13.0721
    7.5000    0.0000   30.0000 2738.0422   13.4703
   -7.5000    7.5000   30.0000 2765.7876   13.4202
    0.0000    7.5000   30.0000 2770.6436   13.3861
    7.5000    7.5000   30.0000 2714.0635   13.7659
   -7.5000   15.0000   30.0000 2692.9121   13.9496
    0.0000   15.0000   30.0000 2699.5989   13.9380
    7.5000   15.0000   30.0000 2648.3538   14.3195
   -7.5000   22.5000   30.0000 2601.6692   14.6516
    0.0000   22.5000   30.0000 2607.0334   14.6557
    7.5000   22.5000   30.0000 2563.5874   15.0466
   -7.5000   30.0000   30.0000 2494.8252   15.6108
    0.0000   30.0000   30.0000 2499.9321   15.6102
    7.5000   30.0000   30.0000 2459.2522   16.0010
   -7.5000   37.5000   30.0000 2376.4673   16.8355
    0.0000   37.5000   30.0000 2380.9861   16.8308
    7.5000   37.5000   30.0000 2341.9214   17.2296
   -7.5000   45.0000   30.0000 2237.3547   18.4061
    0.0000   45.0000   30.0000 2245.1187   18.3960
    7.5000   45.0000   30.0000 2214.8103   18.8308
   -7.5000  -45.0000   37.5000 2277.4463   19.4258
    0.0000  -45.0000   37.5000 2275.5154   19.3600
    7.5000  -45.0000   37.5000 2251.4885   19.8541
   -7.5000  -37.5000   37.5000 2380.4194   17.5239
    0.0000  -37.5000   37.5000 2380.1709   17.4772
    7.5000  -37.5000   37.5000 2348.4324   17.9257
   -7.5000  -30.0000   37.5000 2482.7686   16.0713
    0.0000  -30.0000   37.5000 2486.2683   16.0367
    7.5000  -30.0000   37.5000 2447.6848   16.4244
   -7.5000  -22.5000   37.5000 2575.0525   14.9921
    0.0000  -22.5000   37.5000 2580.6138   14.9755
    7.5000  -22.5000   37.5000 2528.8083   15.3270
   -7.5000  -15.0000   37.5000 2644.6909   14.2310
    0.0000  -15.0000   37.5000 2653.2849   14.2140
    7.5000  -15.0000   37.5000 2595.8613   14.5996
   -7.5000   -7.5000   37.5000 2695.9304   13.8438
    0.0000   -7.5000   37.5000 2702.1780   13.8369
    7.5000   -7.5000   37.5000 2644.1047   14.2144
   -7.5000    0.0000   37.5000 2706.1355   13.8043
    0.0000    0.0000   37.5000 2711.6545   13.7955
    7.5000    0.0000   37.5000 2659.2363   14.1689
   -7.5000    7.5000   37.5000 2679.4639   14.1069
    0.0000    7.5000   37.5000 2682.1702   14.0874
    7.5000    7.5000   37.5000 2630.6780   14.4377
   -7.5000   15.0000   37.5000 2609.2278   14.6482
    0.0000   15.0000   37.5000 2614.8491   14.6347
    7.5000   15.0000   37.5000 2569.6936   14.9859
   -7.5000   22.5000   37.5000 2520.3242   15.3933
    0.0000   22.5000   37.5000 2527.6455   15.3874
    7.5000   22.5000   37.5000 2487.5134   15.7579
   -7.5000   30.0000   37.5000 2426.4531   16.3491
    0.0000   30.0000   37.5000 2432.0161   16.3500
    7.5000   30.0000   37.5000 2391.9973   16.7255
   -7.5000   37.5000   37.5000 2318.0718   17.5739
    0.0000   37.5000   37.5000 2319.7449   17.5646
    7.5000   37.5000   37.5000 2284.1875   17.9675
   -7.5000   45.0000   37.5000 2183.7212   19.1285
    0.0000   45.0000   37.5000 2189.3130   19.1360
    7.5000   45.0000   37.5000 2160.9717   19.5594
   -7.5000  -45.0000   45.0000 2209.7605   20.7452
    0.0000  -45.0000   45.0000 2210.2280   20.6526
    7.5000  -45.0000   45.0000 2189.7498   21.0851
   -7.5000  -37.5000   45.0000 2316.0269   18.7660
    0.0000  -37.5000   45.0000 2315.2568   18.7030
    7.5000  -37.5000   45.0000 2292.0569   19.0522
   -7.5000  -30.0000   45.0000 2418.1726   17.2437
    0.0000  -30.0000   45.0000 2422.2517   17.2090
    7.5000  -30.0000   45.0000 2383.6353   17.4947
   -7.5000  -22.5000   45.0000 2505.2551   16.1124
    0.0000  -22.5000   45.0000 2511.0088   16.0760
    7.5000  -22.5000   45.0000 2460.2329   16.3505
   -7.5000  -15.0000   45.0000 2566.9231   15.2973
    0.0000  -15.0000   45.0000 2574.2588   15.2667
    7.5000  -15.0000   45.0000 2520.4250   15.5987
   -7.5000   -7.5000   45.0000 2603.0459   14.8599
    0.0000   -7.5000   45.0000 2605.7288   14.8416
    7.5000   -7.5000   45.0000 2554.7217   15.1724
   -7.5000    0.0000   45.0000 2604.4753   14.7603
    0.0000    0.0000   45.0000 2608.5305   14.7523
    7.5000    0.0000   45.0000 2561.6917   15.0871
   -7.5000    7.5000   45.0000 2569.1987   15.0480
    0.0000    7.5000   45.0000 2574.3672   15.0209
    7.5000    7.5000   45.0000 2531.3569   15.3924
   -7.5000   15.0000   45.0000 2508.2444   15.5978
    0.0000   15.0000   45.0000 2511.2014   15.5731
    7.5000   15.0000   45.0000 2477.3679   15.9374
   -7.5000   22.5000   45.0000 2436.1418   16.3626
    0.0000   22.5000   45.0000 2443.1472   16.3684
    7.5000   22.5000   45.0000 2409.9814   16.7225
   -7.5000   30.0000   45.0000 2349.2925   17.3181
    0.0000   30.0000   45.0000 2354.2107   17.3291
    7.5000   30.0000   45.0000 2321.6169   17.6854
   -7.5000   37.5000   45.0000 2247.4939   18.5735
    0.0000   37.5000   45.0000 2250.5571   18.5722
    7.5000   37.5000   45.0000 2213.6064   18.9641
   -7.5000   45.0000   45.0000 2120.5476   20.1027
    0.0000   45.0000   45.0000 2122.0732   20.1181
    7.5000   45.0000   45.0000 2091.0178   20.5232

---------------------------------------------------------------------
imgreg_4dfp /opt/freesurfer/average/711-2C_as_mni_average_305 /opt/freesurfer/average/711-2B_as_mni_average_305_mask talsrcimg_g11 none talsrcimg_to_711-2C_as_mni_average_305_t4 1283
---------------------------------------------------------------------

freesurfer imgreg_4dfp.c
/opt/freesurfer/average/711-2C_as_mni_average_305.4dfp.img
       256       256       256         1
  1.000000  1.000000  1.000000
orientation T byte_order littleendian
Reading image: /opt/freesurfer/average/711-2C_as_mni_average_305.4dfp.img
dimensions:      256       256       256
mmppix:       1.0000   -1.0000   -1.0000
center:     128.0000 -129.0000 -129.0000
/opt/freesurfer/average/711-2B_as_mni_average_305_mask.4dfp.img
       256       256       256         1
  1.000000  1.000000  1.000000
orientation T byte_order littleendian
Reading mask: /opt/freesurfer/average/711-2B_as_mni_average_305_mask.4dfp.img (2306576 pixels)
talsrcimg_g11.4dfp.img
       256       256       256         1
  1.000000  1.000000  1.000000
orientation T byte_order littleendian
Reading image: talsrcimg_g11.4dfp.img
dimensions:      256       256       256
mmppix:       1.0000   -1.0000   -1.0000
center:     128.0000 -129.0000 -129.0000
rotation matrix determinant  1.000000
fimgreg.f
image alignment mode   1283 decimal      503 hex
parameters
    0.0000    0.0000    7.5000    0.0000    0.0000    0.0000
eta,q 0.93087 12.15946
niter,ni,del,rscale     5    3   12.0000    1.2000
parameter  1  0.515635 ->  0.500000 qaram    1.1500
parameters
   -3.4500    0.5933    8.2237   -0.1081    1.3049    0.0637
eta,q 0.93596 12.10682
  0.0677  0.0765  0.0698  0.0694  0.0739  0.0684
  0.0651  0.0719  0.0685  0.0675  0.0697  0.0663
  0.0659  0.0674  0.0667  0.0654  0.0661  0.0649
  0.0685  0.0646  0.0643  0.0640  0.0640  0.0641
  0.0724  0.0655  0.0639  0.0648  0.0643  0.0645
  0.0785  0.0686  0.0657  0.0674  0.0657  0.0660
  0.0886  0.0733  0.0690  0.0704  0.0681  0.0684
niter,ni,del,rscale     5    3   12.0000    1.2000
parameters
   -3.1480    0.6925    8.0057   -0.3073    1.4271    0.2599
eta,q 0.93566 12.12277
  0.0803  0.0753  0.0685  0.0695  0.0710  0.0685
  0.0721  0.0704  0.0676  0.0677  0.0673  0.0666
  0.0658  0.0660  0.0657  0.0655  0.0648  0.0651
  0.0640  0.0642  0.0642  0.0643  0.0643  0.0643
  0.0656  0.0661  0.0644  0.0651  0.0652  0.0647
  0.0698  0.0698  0.0667  0.0675  0.0670  0.0660
  0.0778  0.0746  0.0707  0.0709  0.0702  0.0682
niter,ni,del,rscale     4    3   12.0000    1.2000
parameters
   -3.1994    0.7575    7.9147   -0.4584    1.4712    0.2697
eta,q 0.93559 12.12741
  0.0791  0.0752  0.0686  0.0695  0.0709  0.0683
  0.0711  0.0703  0.0676  0.0677  0.0673  0.0665
  0.0652  0.0660  0.0660  0.0656  0.0649  0.0651
  0.0643  0.0643  0.0643  0.0644  0.0644  0.0644
  0.0660  0.0664  0.0644  0.0651  0.0653  0.0648
  0.0710  0.0699  0.0665  0.0673  0.0672  0.0662
  0.0797  0.0747  0.0703  0.0708  0.0704  0.0685
niter,ni,del,rscale     3    3   12.0000    1.2000
parameters
   -3.2260    0.8165    7.8696   -0.5427    1.4957    0.2645
eta,q 0.93554 12.13101
  0.0794  0.0750  0.0686  0.0695  0.0708  0.0683
  0.0713  0.0703  0.0677  0.0678  0.0673  0.0665
  0.0653  0.0660  0.0661  0.0658  0.0649  0.0651
  0.0644  0.0644  0.0644  0.0644  0.0645  0.0645
  0.0660  0.0665  0.0645  0.0650  0.0654  0.0649
  0.0710  0.0698  0.0665  0.0672  0.0673  0.0663
  0.0797  0.0746  0.0702  0.0706  0.0705  0.0685
niter,ni,del,rscale     2    3   12.0000    1.2000
parameters
   -3.2439    0.8533    7.8434   -0.5904    1.5109    0.2588
eta,q 0.93551 12.13347
  0.0795  0.0749  0.0687  0.0695  0.0708  0.0683
  0.0713  0.0701  0.0677  0.0679  0.0673  0.0665
  0.0654  0.0659  0.0661  0.0658  0.0650  0.0652
  0.0645  0.0645  0.0645  0.0645  0.0645  0.0645
  0.0661  0.0665  0.0646  0.0650  0.0654  0.0649
  0.0711  0.0698  0.0665  0.0671  0.0673  0.0663
  0.0797  0.0746  0.0701  0.0705  0.0705  0.0685
registration optimization eta report
parameter search radius
    6.9000    6.0000    6.0000    6.0000    6.0000    6.0000
100000*second partial in parameter space
       32.       27.       13.       15.       17.       11.
  0.0795  0.0749  0.0687  0.0695  0.0708  0.0683
  0.0713  0.0701  0.0677  0.0679  0.0673  0.0665
  0.0654  0.0659  0.0661  0.0658  0.0650  0.0652
  0.0645  0.0645  0.0645  0.0645  0.0645  0.0645
  0.0661  0.0665  0.0646  0.0650  0.0654  0.0649
  0.0711  0.0698  0.0665  0.0671  0.0673  0.0663
  0.0797  0.0746  0.0701  0.0705  0.0705  0.0685
   -3.2439    0.8533    7.8434   -0.5904    1.5109    0.2588
eta,q 0.93551 12.13347

---------------------------------------------------------------------
imgreg_4dfp /opt/freesurfer/average/711-2C_as_mni_average_305 /opt/freesurfer/average/711-2B_as_mni_average_305_mask talsrcimg_g11 none talsrcimg_to_711-2C_as_mni_average_305_t4 3335
---------------------------------------------------------------------

freesurfer imgreg_4dfp.c
/opt/freesurfer/average/711-2C_as_mni_average_305.4dfp.img
       256       256       256         1
  1.000000  1.000000  1.000000
orientation T byte_order littleendian
Reading image: /opt/freesurfer/average/711-2C_as_mni_average_305.4dfp.img
dimensions:      256       256       256
mmppix:       1.0000   -1.0000   -1.0000
center:     128.0000 -129.0000 -129.0000
/opt/freesurfer/average/711-2B_as_mni_average_305_mask.4dfp.img
       256       256       256         1
  1.000000  1.000000  1.000000
orientation T byte_order littleendian
Reading mask: /opt/freesurfer/average/711-2B_as_mni_average_305_mask.4dfp.img (2306576 pixels)
talsrcimg_g11.4dfp.img
       256       256       256         1
  1.000000  1.000000  1.000000
orientation T byte_order littleendian
Reading image: talsrcimg_g11.4dfp.img
dimensions:      256       256       256
mmppix:       1.0000   -1.0000   -1.0000
center:     128.0000 -129.0000 -129.0000
fimgreg.f
image alignment mode   3335 decimal      D07 hex
parameters
   -3.2439    0.8533    7.8434   -0.0358   -0.0062   -0.0401
   -0.4245   -2.6412    0.4515    1.0185    2.6367   -1.0301
eta,q 0.93632 12.08099
niter,ni,del,rscale     5    3    5.0000    1.2000
parameter  4  2.835158 ->  0.500000 qaram    1.1500
parameter  5  1.009284 ->  0.500000 qaram    1.1500
parameter  6  2.633466 ->  0.500000 qaram    1.1500
parameter 11  0.517114 ->  0.500000 qaram    1.1500
parameter 12  1.293627 ->  0.500000 qaram    1.1500
parameters
   -3.5718    1.3732    7.8075   -4.1758   -4.1462   -4.1801
   -0.0455   -2.7013   -0.9217   -0.7224   -1.5033   -5.1701
eta,q 0.94927 11.33305
  0.0655  0.0656  0.0647  0.0553  0.0563  0.0489  0.0545  0.0548  0.0526  0.0529  0.0518  0.0504
  0.0644  0.0647  0.0640  0.0577  0.0566  0.0512  0.0532  0.0531  0.0522  0.0521  0.0517  0.0506
  0.0638  0.0641  0.0636  0.0604  0.0572  0.0541  0.0523  0.0522  0.0520  0.0518  0.0517  0.0510
  0.0637  0.0636  0.0635  0.0635  0.0584  0.0567  0.0520  0.0520  0.0520  0.0520  0.0518  0.0517
  0.0642  0.0635  0.0638  0.0675  0.0601  0.0598  0.0522  0.0522  0.0522  0.0524  0.0520  0.0525
  0.0653  0.0638  0.0642  0.0717  0.0622  0.0635  0.0529  0.0532  0.0527  0.0533  0.0523  0.0534
  0.0670  0.0645  0.0647  0.0757  0.0647  0.0681  0.0541  0.0549  0.0534  0.0546  0.0527  0.0544
niter,ni,del,rscale     7    3    5.0000    1.2000
parameter  2 -0.817962 -> -0.500000 qaram    1.1500
parameter  4  1.278851 ->  0.500000 qaram    1.3225
parameter  5  0.610165 ->  0.500000 qaram    1.3225
parameter  6  0.976921 ->  0.500000 qaram    1.3225
parameter 10 -0.663044 -> -0.500000 qaram    1.1500
parameters
   -3.4303    2.7532    7.3019   -8.9368   -8.9072   -8.9411
    1.5546   -2.1551   -0.1477    3.4176    0.0933   -8.4233
eta,q 0.95945 10.77406
  0.0533  0.0541  0.0507  0.0442  0.0447  0.0411  0.0448  0.0464  0.0425  0.0449  0.0429  0.0409
  0.0519  0.0527  0.0501  0.0449  0.0445  0.0415  0.0434  0.0441  0.0420  0.0435  0.0419  0.0406
  0.0510  0.0516  0.0499  0.0467  0.0447  0.0423  0.0423  0.0424  0.0416  0.0423  0.0412  0.0406
  0.0507  0.0507  0.0499  0.0499  0.0453  0.0445  0.0417  0.0415  0.0415  0.0415  0.0408  0.0407
  0.0509  0.0502  0.0503  0.0533  0.0464  0.0482  0.0415  0.0417  0.0415  0.0409  0.0407  0.0411
  0.0516  0.0499  0.0509  0.0576  0.0481  0.0519  0.0420  0.0431  0.0417  0.0408  0.0411  0.0419
  0.0527  0.0500  0.0517  0.0625  0.0505  0.0561  0.0430  0.0453  0.0422  0.0410  0.0418  0.0429
niter,ni,del,rscale     7    3    5.0000    1.2000
parameter  2 -1.752462 -> -0.500000 qaram    1.3225
parameter  3  1.157012 ->  0.500000 qaram    1.1500
parameter 10 -0.552149 -> -0.500000 qaram    1.3225
parameters
   -3.6341    4.3402    5.9219  -12.6783  -10.8936  -12.5053
    1.5921   -2.3552    0.1691    8.1786    1.5669  -11.4588
eta,q 0.96486 10.43432
  0.0431  0.0467  0.0365  0.0380  0.0379  0.0374  0.0383  0.0394  0.0373  0.0410  0.0366  0.0357
  0.0416  0.0445  0.0366  0.0369  0.0368  0.0365  0.0372  0.0374  0.0367  0.0389  0.0360  0.0352
  0.0407  0.0424  0.0372  0.0362  0.0362  0.0361  0.0364  0.0363  0.0363  0.0372  0.0356  0.0351
  0.0406  0.0405  0.0381  0.0367  0.0362  0.0361  0.0361  0.0361  0.0361  0.0361  0.0354  0.0353
  0.0411  0.0390  0.0392  0.0390  0.0370  0.0379  0.0363  0.0365  0.0361  0.0354  0.0353  0.0358
  0.0423  0.0378  0.0405  0.0427  0.0384  0.0421  0.0371  0.0377  0.0365  0.0354  0.0355  0.0364
  0.0442  0.0371  0.0421  0.0470  0.0404  0.0471  0.0383  0.0397  0.0372  0.0359  0.0359  0.0373
niter,ni,del,rscale     7    3    5.0000    1.2000
parameter  2 -1.509405 -> -0.500000 qaram    1.5209
parameter  3  0.785342 ->  0.500000 qaram    1.3225
parameter 10 -0.639357 -> -0.500000 qaram    1.5209
parameter 12  0.503358 ->  0.500000 qaram    1.3225
parameters
   -3.7019    6.1652    4.3349  -13.0324  -13.2668  -14.8377
    1.5871   -2.3033    0.2032   13.6537    2.7709  -16.2198
eta,q 0.97090 10.29237
  0.0378  0.0443  0.0307  0.0345  0.0325  0.0323  0.0333  0.0345  0.0323  0.0377  0.0307  0.0296
  0.0363  0.0411  0.0307  0.0328  0.0312  0.0314  0.0320  0.0325  0.0315  0.0350  0.0302  0.0292
  0.0354  0.0379  0.0310  0.0316  0.0307  0.0309  0.0312  0.0313  0.0311  0.0327  0.0298  0.0291
  0.0351  0.0351  0.0317  0.0308  0.0308  0.0306  0.0309  0.0309  0.0309  0.0309  0.0296  0.0295
  0.0355  0.0329  0.0328  0.0309  0.0317  0.0308  0.0312  0.0312  0.0310  0.0298  0.0295  0.0302
  0.0365  0.0314  0.0343  0.0325  0.0334  0.0337  0.0320  0.0324  0.0315  0.0296  0.0297  0.0311
  0.0381  0.0306  0.0361  0.0360  0.0357  0.0383  0.0334  0.0345  0.0323  0.0301  0.0303  0.0322
niter,ni,del,rscale     7    3    5.0000    1.2000
parameter  2 -1.016583 -> -0.500000 qaram    1.7490
parameter  3  0.618983 ->  0.500000 qaram    1.5209
parameters
   -3.6934    8.2640    2.5098  -13.3163  -15.0770  -16.5044
    1.6587   -2.2363    0.2175   17.0735    2.4400  -19.5054
eta,q 0.97700 10.19920
  0.0324  0.0419  0.0246  0.0281  0.0266  0.0267  0.0270  0.0286  0.0263  0.0342  0.0245  0.0243
  0.0306  0.0371  0.0241  0.0262  0.0250  0.0251  0.0255  0.0263  0.0252  0.0300  0.0240  0.0233
  0.0295  0.0328  0.0243  0.0249  0.0242  0.0243  0.0245  0.0247  0.0244  0.0265  0.0236  0.0230
  0.0291  0.0291  0.0251  0.0241  0.0242  0.0241  0.0241  0.0241  0.0241  0.0241  0.0234  0.0234
  0.0295  0.0263  0.0266  0.0242  0.0252  0.0243  0.0244  0.0245  0.0243  0.0234  0.0235  0.0244
  0.0306  0.0249  0.0285  0.0258  0.0270  0.0267  0.0254  0.0260  0.0251  0.0244  0.0240  0.0258
  0.0324  0.0249  0.0308  0.0294  0.0296  0.0314  0.0269  0.0286  0.0263  0.0268  0.0248  0.0274
niter,ni,del,rscale     7    3    5.0000    1.2000
parameters
   -3.6129    9.5774    2.0633  -13.3212  -15.5024  -16.3948
    1.7353   -2.2095    0.0353   19.0054    2.4067  -21.0923
eta,q 0.97821 10.24254
  0.0271  0.0361  0.0251  0.0261  0.0256  0.0265  0.0251  0.0269  0.0242  0.0312  0.0232  0.0237
  0.0250  0.0306  0.0233  0.0241  0.0237  0.0242  0.0235  0.0243  0.0230  0.0269  0.0225  0.0225
  0.0236  0.0260  0.0223  0.0229  0.0225  0.0227  0.0224  0.0227  0.0223  0.0237  0.0221  0.0219
  0.0230  0.0230  0.0221  0.0221  0.0221  0.0221  0.0220  0.0221  0.0220  0.0221  0.0219  0.0219
  0.0234  0.0221  0.0229  0.0221  0.0226  0.0218  0.0224  0.0225  0.0223  0.0221  0.0220  0.0226
  0.0246  0.0233  0.0246  0.0235  0.0241  0.0231  0.0234  0.0242  0.0232  0.0238  0.0225  0.0238
  0.0266  0.0263  0.0270  0.0268  0.0265  0.0272  0.0249  0.0269  0.0245  0.0264  0.0233  0.0253
niter,ni,del,rscale     6    3    5.0000    1.2000
parameters
   -3.5842    9.8069    1.8753  -13.2329  -15.6819  -16.3204
    1.8328   -2.2213    0.0578   19.6625    2.3186  -21.5951
eta,q 0.97826 10.26061
  0.0258  0.0311  0.0254  0.0259  0.0254  0.0264  0.0248  0.0266  0.0240  0.0293  0.0231  0.0241
  0.0237  0.0263  0.0233  0.0239  0.0235  0.0241  0.0232  0.0241  0.0228  0.0253  0.0224  0.0229
  0.0223  0.0231  0.0220  0.0226  0.0222  0.0226  0.0221  0.0224  0.0220  0.0227  0.0219  0.0220
  0.0218  0.0218  0.0218  0.0218  0.0217  0.0217  0.0217  0.0217  0.0217  0.0217  0.0218  0.0217
  0.0222  0.0226  0.0224  0.0218  0.0222  0.0214  0.0220  0.0222  0.0220  0.0225  0.0219  0.0222
  0.0235  0.0252  0.0239  0.0231  0.0236  0.0231  0.0230  0.0239  0.0227  0.0245  0.0223  0.0232
  0.0257  0.0292  0.0261  0.0265  0.0259  0.0272  0.0246  0.0268  0.0240  0.0275  0.0232  0.0246
niter,ni,del,rscale     5    3    5.0000    1.2000
parameters
   -3.5796    9.8864    1.8195  -13.1980  -15.7538  -16.3035
    1.8572   -2.2282    0.0732   19.8684    2.2718  -21.7627
eta,q 0.97824 10.26592
  0.0257  0.0303  0.0257  0.0259  0.0254  0.0264  0.0247  0.0267  0.0239  0.0287  0.0231  0.0243
  0.0236  0.0258  0.0234  0.0239  0.0235  0.0241  0.0231  0.0241  0.0228  0.0249  0.0224  0.0230
  0.0222  0.0227  0.0221  0.0226  0.0222  0.0226  0.0221  0.0224  0.0220  0.0225  0.0219  0.0221
  0.0217  0.0217  0.0218  0.0217  0.0217  0.0217  0.0217  0.0217  0.0217  0.0217  0.0218  0.0218
  0.0222  0.0228  0.0223  0.0218  0.0221  0.0214  0.0221  0.0222  0.0220  0.0227  0.0219  0.0221
  0.0236  0.0255  0.0237  0.0232  0.0235  0.0232  0.0231  0.0240  0.0227  0.0248  0.0223  0.0231
  0.0257  0.0295  0.0258  0.0266  0.0257  0.0273  0.0247  0.0268  0.0239  0.0279  0.0232  0.0244
niter,ni,del,rscale     4    3    5.0000    1.2000
parameters
   -3.5778    9.9142    1.8006  -13.1851  -15.7825  -16.2990
    1.8621   -2.2283    0.0806   19.9334    2.2593  -21.8087
eta,q 0.97824 10.26729
  0.0257  0.0301  0.0258  0.0259  0.0255  0.0264  0.0247  0.0267  0.0239  0.0285  0.0231  0.0243
  0.0236  0.0256  0.0235  0.0239  0.0236  0.0241  0.0231  0.0241  0.0228  0.0247  0.0224  0.0230
  0.0222  0.0226  0.0221  0.0226  0.0222  0.0226  0.0221  0.0224  0.0220  0.0224  0.0219  0.0221
  0.0218  0.0218  0.0218  0.0218  0.0218  0.0218  0.0218  0.0218  0.0218  0.0218  0.0218  0.0218
  0.0222  0.0228  0.0223  0.0218  0.0221  0.0214  0.0221  0.0222  0.0220  0.0227  0.0219  0.0221
  0.0236  0.0256  0.0236  0.0232  0.0234  0.0232  0.0231  0.0240  0.0227  0.0249  0.0223  0.0231
  0.0257  0.0297  0.0257  0.0266  0.0256  0.0274  0.0247  0.0269  0.0240  0.0280  0.0232  0.0244
registration optimization eta report
parameter search radius
    2.4000    4.1976    3.6501    9.5220    9.5220    9.5220
    7.2000    7.2000    7.2000   10.9503    8.2800    9.5220
100000*second partial in parameter space
       69.       46.       30.        5.        4.        6.
        6.       10.        4.        5.        2.        3.
  0.0257  0.0301  0.0258  0.0259  0.0255  0.0264  0.0247  0.0267  0.0239  0.0285  0.0231  0.0243
  0.0236  0.0256  0.0235  0.0239  0.0236  0.0241  0.0231  0.0241  0.0228  0.0247  0.0224  0.0230
  0.0222  0.0226  0.0221  0.0226  0.0222  0.0226  0.0221  0.0224  0.0220  0.0224  0.0219  0.0221
  0.0218  0.0218  0.0218  0.0218  0.0218  0.0218  0.0218  0.0218  0.0218  0.0218  0.0218  0.0218
  0.0222  0.0228  0.0223  0.0218  0.0221  0.0214  0.0221  0.0222  0.0220  0.0227  0.0219  0.0221
  0.0236  0.0256  0.0236  0.0232  0.0234  0.0232  0.0231  0.0240  0.0227  0.0249  0.0223  0.0231
  0.0257  0.0297  0.0257  0.0266  0.0256  0.0274  0.0247  0.0269  0.0240  0.0280  0.0232  0.0244
   -3.5778    9.9142    1.8006  -13.1851  -15.7825  -16.2990
    1.8621   -2.2283    0.0806   19.9334    2.2593  -21.8087
eta,q 0.97824 10.26729

---------------------------------------------------------------------
imgreg_4dfp /opt/freesurfer/average/711-2C_as_mni_average_305 /opt/freesurfer/average/711-2B_as_mni_average_305_mask talsrcimg_g11 none talsrcimg_to_711-2C_as_mni_average_305_t4 2311
---------------------------------------------------------------------

freesurfer imgreg_4dfp.c
/opt/freesurfer/average/711-2C_as_mni_average_305.4dfp.img
       256       256       256         1
  1.000000  1.000000  1.000000
orientation T byte_order littleendian
Reading image: /opt/freesurfer/average/711-2C_as_mni_average_305.4dfp.img
dimensions:      256       256       256
mmppix:       1.0000   -1.0000   -1.0000
center:     128.0000 -129.0000 -129.0000
/opt/freesurfer/average/711-2B_as_mni_average_305_mask.4dfp.img
       256       256       256         1
  1.000000  1.000000  1.000000
orientation T byte_order littleendian
Reading mask: /opt/freesurfer/average/711-2B_as_mni_average_305_mask.4dfp.img (2306576 pixels)
talsrcimg_g11.4dfp.img
       256       256       256         1
  1.000000  1.000000  1.000000
orientation T byte_order littleendian
Reading image: talsrcimg_g11.4dfp.img
dimensions:      256       256       256
mmppix:       1.0000   -1.0000   -1.0000
center:     128.0000 -129.0000 -129.0000
fimgreg.f
image alignment mode   2311 decimal      907 hex
parameters
   -3.5778    9.9142    1.8006  -13.1851  -15.7825  -16.2990
    1.8621   -2.2283    0.0806   19.9334    2.2593  -21.8087
eta,q 0.97824 10.26729
niter,ni,del,rscale     5    3    5.0000    0.8000
parameters
   -3.5691    9.8250    1.7086  -11.8354  -15.4763  -14.6352
    1.9941   -2.2863    0.2706   19.7996    1.8850  -21.8691
eta,q 0.97875 10.41857
  0.0236  0.0229  0.0225  0.0232  0.0228  0.0232  0.0227  0.0240  0.0224  0.0227  0.0218  0.0220
  0.0226  0.0222  0.0220  0.0227  0.0222  0.0225  0.0220  0.0225  0.0218  0.0219  0.0215  0.0216
  0.0220  0.0218  0.0218  0.0221  0.0218  0.0220  0.0215  0.0216  0.0214  0.0214  0.0213  0.0213
  0.0218  0.0218  0.0217  0.0218  0.0216  0.0216  0.0213  0.0213  0.0213  0.0213  0.0213  0.0212
  0.0220  0.0219  0.0219  0.0216  0.0217  0.0213  0.0214  0.0216  0.0213  0.0215  0.0214  0.0213
  0.0226  0.0224  0.0222  0.0218  0.0220  0.0213  0.0218  0.0226  0.0217  0.0220  0.0216  0.0216
  0.0236  0.0232  0.0226  0.0223  0.0225  0.0220  0.0226  0.0241  0.0222  0.0229  0.0220  0.0220
niter,ni,del,rscale     4    3    5.0000    0.7000
parameters
   -3.5672    9.7276    2.0044  -11.8688  -15.4933  -14.4174
    1.9625   -2.2483    0.3489   19.7057    1.7542  -21.5584
eta,q 0.97883 10.41938
  0.0228  0.0221  0.0223  0.0223  0.0220  0.0224  0.0222  0.0233  0.0220  0.0223  0.0216  0.0219
  0.0219  0.0216  0.0218  0.0218  0.0216  0.0219  0.0217  0.0222  0.0216  0.0217  0.0214  0.0215
  0.0214  0.0213  0.0214  0.0214  0.0213  0.0216  0.0213  0.0215  0.0213  0.0213  0.0212  0.0213
  0.0212  0.0212  0.0212  0.0212  0.0212  0.0212  0.0212  0.0212  0.0212  0.0212  0.0212  0.0212
  0.0214  0.0214  0.0212  0.0213  0.0213  0.0211  0.0213  0.0214  0.0212  0.0213  0.0212  0.0212
  0.0219  0.0218  0.0214  0.0217  0.0216  0.0215  0.0217  0.0221  0.0215  0.0218  0.0214  0.0214
  0.0228  0.0224  0.0217  0.0224  0.0221  0.0225  0.0223  0.0233  0.0220  0.0224  0.0217  0.0217
niter,ni,del,rscale     3    3    5.0000    0.6000
parameters
   -3.5755    9.7215    2.0909  -11.7929  -15.4800  -14.1167
    1.9516   -2.2478    0.3673   19.6620    1.6675  -21.4673
eta,q 0.97889 10.43391
  0.0223  0.0219  0.0218  0.0220  0.0218  0.0221  0.0219  0.0227  0.0217  0.0220  0.0215  0.0216
  0.0217  0.0215  0.0215  0.0216  0.0214  0.0218  0.0215  0.0219  0.0214  0.0215  0.0213  0.0213
  0.0213  0.0212  0.0212  0.0213  0.0212  0.0214  0.0212  0.0213  0.0212  0.0212  0.0212  0.0212
  0.0212  0.0212  0.0212  0.0212  0.0212  0.0212  0.0211  0.0211  0.0211  0.0211  0.0211  0.0211
  0.0213  0.0213  0.0212  0.0212  0.0212  0.0211  0.0212  0.0213  0.0212  0.0212  0.0212  0.0212
  0.0217  0.0215  0.0214  0.0215  0.0214  0.0214  0.0215  0.0218  0.0214  0.0216  0.0213  0.0213
  0.0223  0.0219  0.0216  0.0220  0.0218  0.0220  0.0219  0.0228  0.0217  0.0221  0.0215  0.0216
niter,ni,del,rscale     2    3    5.0000    0.5000
parameters
   -3.5811    9.7217    2.1842  -11.7490  -15.5042  -13.8118
    1.9596   -2.2618    0.3793   19.6417    1.5824  -21.3772
eta,q 0.97893 10.44549
  0.0219  0.0217  0.0216  0.0217  0.0215  0.0219  0.0216  0.0222  0.0215  0.0217  0.0213  0.0214
  0.0215  0.0214  0.0213  0.0214  0.0213  0.0216  0.0213  0.0216  0.0213  0.0214  0.0212  0.0212
  0.0212  0.0212  0.0212  0.0212  0.0212  0.0213  0.0211  0.0212  0.0211  0.0211  0.0211  0.0211
  0.0211  0.0211  0.0211  0.0211  0.0211  0.0211  0.0211  0.0211  0.0211  0.0211  0.0211  0.0211
  0.0212  0.0212  0.0211  0.0212  0.0212  0.0211  0.0211  0.0212  0.0211  0.0212  0.0211  0.0211
  0.0215  0.0214  0.0212  0.0214  0.0213  0.0213  0.0213  0.0216  0.0213  0.0214  0.0212  0.0212
  0.0219  0.0216  0.0214  0.0217  0.0216  0.0218  0.0216  0.0223  0.0215  0.0217  0.0214  0.0214
niter,ni,del,rscale     1    3    5.0000    0.4000
parameters
   -3.5880    9.7236    2.2778  -11.7400  -15.5124  -13.5311
    1.9619   -2.2732    0.3883   19.6263    1.5097  -21.3137
eta,q 0.97896 10.45553
  0.0216  0.0214  0.0214  0.0215  0.0213  0.0217  0.0214  0.0218  0.0213  0.0215  0.0212  0.0213
  0.0213  0.0212  0.0212  0.0213  0.0212  0.0214  0.0212  0.0214  0.0212  0.0212  0.0211  0.0212
  0.0211  0.0211  0.0211  0.0211  0.0211  0.0212  0.0211  0.0211  0.0211  0.0211  0.0211  0.0211
  0.0211  0.0211  0.0211  0.0211  0.0211  0.0211  0.0210  0.0210  0.0210  0.0210  0.0210  0.0210
  0.0211  0.0211  0.0211  0.0211  0.0211  0.0210  0.0211  0.0211  0.0211  0.0211  0.0211  0.0211
  0.0213  0.0212  0.0211  0.0212  0.0212  0.0212  0.0212  0.0214  0.0212  0.0212  0.0211  0.0211
  0.0216  0.0214  0.0213  0.0215  0.0213  0.0215  0.0214  0.0218  0.0213  0.0215  0.0212  0.0212
registration optimization eta report
parameter search radius
    0.8000    0.8000    0.8000    2.4000    2.4000    2.4000
    2.4000    2.4000    2.4000    2.4000    2.4000    2.4000
100000*second partial in parameter space
       80.       54.       41.        7.        5.        9.
        6.       13.        5.        8.        3.        4.
  0.0216  0.0214  0.0214  0.0215  0.0213  0.0217  0.0214  0.0218  0.0213  0.0215  0.0212  0.0213
  0.0213  0.0212  0.0212  0.0213  0.0212  0.0214  0.0212  0.0214  0.0212  0.0212  0.0211  0.0212
  0.0211  0.0211  0.0211  0.0211  0.0211  0.0212  0.0211  0.0211  0.0211  0.0211  0.0211  0.0211
  0.0211  0.0211  0.0211  0.0211  0.0211  0.0211  0.0210  0.0210  0.0210  0.0210  0.0210  0.0210
  0.0211  0.0211  0.0211  0.0211  0.0211  0.0210  0.0211  0.0211  0.0211  0.0211  0.0211  0.0211
  0.0213  0.0212  0.0211  0.0212  0.0212  0.0212  0.0212  0.0214  0.0212  0.0212  0.0211  0.0211
  0.0216  0.0214  0.0213  0.0215  0.0213  0.0215  0.0214  0.0218  0.0213  0.0215  0.0212  0.0212
   -3.5880    9.7236    2.2778  -11.7400  -15.5124  -13.5311
    1.9619   -2.2732    0.3883   19.6263    1.5097  -21.3137
eta,q 0.97896 10.45553

---------------------------------------------------------------------
imgreg_4dfp /opt/freesurfer/average/711-2C_as_mni_average_305 /opt/freesurfer/average/711-2B_as_mni_average_305_mask talsrcimg_g11 none talsrcimg_to_711-2C_as_mni_average_305_t4 2311
---------------------------------------------------------------------

freesurfer imgreg_4dfp.c
/opt/freesurfer/average/711-2C_as_mni_average_305.4dfp.img
       256       256       256         1
  1.000000  1.000000  1.000000
orientation T byte_order littleendian
Reading image: /opt/freesurfer/average/711-2C_as_mni_average_305.4dfp.img
dimensions:      256       256       256
mmppix:       1.0000   -1.0000   -1.0000
center:     128.0000 -129.0000 -129.0000
/opt/freesurfer/average/711-2B_as_mni_average_305_mask.4dfp.img
       256       256       256         1
  1.000000  1.000000  1.000000
orientation T byte_order littleendian
Reading mask: /opt/freesurfer/average/711-2B_as_mni_average_305_mask.4dfp.img (2306576 pixels)
talsrcimg_g11.4dfp.img
       256       256       256         1
  1.000000  1.000000  1.000000
orientation T byte_order littleendian
Reading image: talsrcimg_g11.4dfp.img
dimensions:      256       256       256
mmppix:       1.0000   -1.0000   -1.0000
center:     128.0000 -129.0000 -129.0000
fimgreg.f
image alignment mode   2311 decimal      907 hex
parameters
   -3.5880    9.7236    2.2778  -11.7400  -15.5124  -13.5311
    1.9619   -2.2732    0.3883   19.6263    1.5097  -21.3137
eta,q 0.97896 10.45552
niter,ni,del,rscale     5    3    5.0000    0.8000
parameters
   -3.5923    9.7437    2.3832  -12.0355  -15.6310  -14.1482
    1.9009   -2.2558    0.3411   19.6442    1.6968  -21.2373
eta,q 0.97885 10.41277
  0.0230  0.0225  0.0223  0.0223  0.0221  0.0224  0.0225  0.0239  0.0222  0.0227  0.0218  0.0220
  0.0219  0.0217  0.0216  0.0217  0.0215  0.0219  0.0218  0.0224  0.0216  0.0219  0.0215  0.0215
  0.0213  0.0212  0.0212  0.0212  0.0212  0.0214  0.0213  0.0215  0.0213  0.0213  0.0212  0.0213
  0.0210  0.0210  0.0210  0.0210  0.0210  0.0210  0.0212  0.0211  0.0211  0.0211  0.0211  0.0211
  0.0213  0.0212  0.0211  0.0212  0.0212  0.0212  0.0213  0.0214  0.0213  0.0213  0.0212  0.0212
  0.0220  0.0216  0.0214  0.0218  0.0216  0.0221  0.0218  0.0224  0.0216  0.0219  0.0214  0.0215
  0.0231  0.0224  0.0220  0.0229  0.0222  0.0239  0.0226  0.0239  0.0223  0.0227  0.0217  0.0219
niter,ni,del,rscale     4    3    5.0000    0.7000
parameters
   -3.5841    9.7407    2.2106  -11.8822  -15.5176  -14.2166
    1.9237   -2.2463    0.3526   19.6272    1.7355  -21.3471
eta,q 0.97887 10.42289
  0.0227  0.0222  0.0217  0.0223  0.0220  0.0223  0.0222  0.0233  0.0220  0.0223  0.0216  0.0217
  0.0218  0.0216  0.0213  0.0217  0.0215  0.0219  0.0216  0.0221  0.0215  0.0217  0.0214  0.0214
  0.0213  0.0213  0.0212  0.0213  0.0212  0.0215  0.0213  0.0214  0.0212  0.0213  0.0212  0.0212
  0.0211  0.0211  0.0211  0.0211  0.0211  0.0211  0.0211  0.0211  0.0211  0.0211  0.0211  0.0211
  0.0213  0.0213  0.0213  0.0212  0.0212  0.0211  0.0212  0.0214  0.0212  0.0213  0.0212  0.0212
  0.0218  0.0216  0.0216  0.0215  0.0215  0.0216  0.0216  0.0221  0.0215  0.0217  0.0214  0.0214
  0.0226  0.0222  0.0221  0.0222  0.0219  0.0227  0.0222  0.0233  0.0220  0.0224  0.0216  0.0218
niter,ni,del,rscale     3    3    5.0000    0.6000
parameters
   -3.5799    9.7244    2.1703  -11.8018  -15.4955  -14.0428
    1.9476   -2.2553    0.3622   19.6355    1.6666  -21.3818
eta,q 0.97890 10.43464
  0.0223  0.0219  0.0217  0.0220  0.0217  0.0221  0.0219  0.0227  0.0217  0.0220  0.0215  0.0215
  0.0216  0.0215  0.0214  0.0216  0.0214  0.0217  0.0215  0.0218  0.0214  0.0215  0.0213  0.0213
  0.0213  0.0212  0.0212  0.0213  0.0212  0.0214  0.0212  0.0213  0.0212  0.0212  0.0211  0.0212
  0.0211  0.0211  0.0211  0.0211  0.0211  0.0211  0.0211  0.0211  0.0211  0.0211  0.0211  0.0211
  0.0212  0.0212  0.0212  0.0212  0.0212  0.0211  0.0212  0.0213  0.0212  0.0212  0.0211  0.0212
  0.0216  0.0215  0.0214  0.0215  0.0214  0.0214  0.0215  0.0218  0.0214  0.0215  0.0213  0.0213
  0.0222  0.0219  0.0217  0.0220  0.0217  0.0221  0.0219  0.0228  0.0217  0.0220  0.0215  0.0216
niter,ni,del,rscale     2    3    5.0000    0.5000
parameters
   -3.5854    9.7229    2.2146  -11.7537  -15.5094  -13.7827
    1.9628   -2.2671    0.3803   19.6277    1.5840  -21.3456
eta,q 0.97894 10.44573
  0.0219  0.0216  0.0215  0.0217  0.0215  0.0219  0.0216  0.0222  0.0215  0.0217  0.0213  0.0214
  0.0214  0.0213  0.0213  0.0214  0.0213  0.0216  0.0213  0.0216  0.0213  0.0214  0.0212  0.0212
  0.0212  0.0212  0.0212  0.0212  0.0211  0.0213  0.0211  0.0212  0.0211  0.0211  0.0211  0.0211
  0.0211  0.0211  0.0211  0.0211  0.0211  0.0211  0.0211  0.0211  0.0211  0.0211  0.0211  0.0211
  0.0212  0.0212  0.0211  0.0212  0.0211  0.0211  0.0211  0.0212  0.0211  0.0211  0.0211  0.0211
  0.0215  0.0213  0.0213  0.0214  0.0213  0.0213  0.0213  0.0216  0.0212  0.0214  0.0212  0.0212
  0.0219  0.0216  0.0215  0.0217  0.0215  0.0218  0.0216  0.0223  0.0215  0.0217  0.0214  0.0214
niter,ni,del,rscale     1    3    5.0000    0.4000
parameters
   -3.5903    9.7235    2.2930  -11.7452  -15.5079  -13.5177
    1.9567   -2.2748    0.3954   19.6165    1.4959  -21.2985
eta,q 0.97896 10.45582
  0.0216  0.0214  0.0214  0.0215  0.0213  0.0217  0.0214  0.0218  0.0213  0.0215  0.0212  0.0213
  0.0213  0.0212  0.0212  0.0213  0.0212  0.0214  0.0212  0.0214  0.0212  0.0212  0.0211  0.0211
  0.0211  0.0211  0.0211  0.0211  0.0211  0.0212  0.0211  0.0211  0.0211  0.0211  0.0211  0.0211
  0.0211  0.0211  0.0211  0.0211  0.0211  0.0211  0.0210  0.0210  0.0210  0.0210  0.0210  0.0210
  0.0211  0.0211  0.0211  0.0211  0.0211  0.0210  0.0211  0.0211  0.0211  0.0211  0.0211  0.0211
  0.0213  0.0212  0.0212  0.0212  0.0212  0.0212  0.0212  0.0214  0.0212  0.0212  0.0211  0.0211
  0.0216  0.0214  0.0213  0.0215  0.0213  0.0215  0.0214  0.0218  0.0213  0.0215  0.0212  0.0213
registration optimization eta report
parameter search radius
    0.8000    0.8000    0.8000    2.4000    2.4000    2.4000
    2.4000    2.4000    2.4000    2.4000    2.4000    2.4000
100000*second partial in parameter space
       79.       54.       41.        7.        5.        9.
        6.       13.        5.        7.        3.        4.
  0.0216  0.0214  0.0214  0.0215  0.0213  0.0217  0.0214  0.0218  0.0213  0.0215  0.0212  0.0213
  0.0213  0.0212  0.0212  0.0213  0.0212  0.0214  0.0212  0.0214  0.0212  0.0212  0.0211  0.0211
  0.0211  0.0211  0.0211  0.0211  0.0211  0.0212  0.0211  0.0211  0.0211  0.0211  0.0211  0.0211
  0.0211  0.0211  0.0211  0.0211  0.0211  0.0211  0.0210  0.0210  0.0210  0.0210  0.0210  0.0210
  0.0211  0.0211  0.0211  0.0211  0.0211  0.0210  0.0211  0.0211  0.0211  0.0211  0.0211  0.0211
  0.0213  0.0212  0.0212  0.0212  0.0212  0.0212  0.0212  0.0214  0.0212  0.0212  0.0211  0.0211
  0.0216  0.0214  0.0213  0.0215  0.0213  0.0215  0.0214  0.0218  0.0213  0.0215  0.0212  0.0213
   -3.5903    9.7235    2.2930  -11.7452  -15.5079  -13.5177
    1.9567   -2.2748    0.3954   19.6165    1.4959  -21.2985
eta,q 0.97896 10.45582

---------------------------------------------------------------------
compute_vox2vox talsrcimg talsrcimg_to_711-2C_as_mni_average_305_t4 /opt/freesurfer/average/711-2C_as_mni_average_305
---------------------------------------------------------------------

freesurfer compute_vox2vox.c
Reading: talsrcimg.4dfp.ifh
Reading: talsrcimg_to_711-2C_as_mni_average_305_t4
Reading: /opt/freesurfer/average/711-2C_as_mni_average_305.4dfp.ifh
Writing: talsrcimg_to_711-2C_as_mni_average_305_t4_vox2vox.txt

start time Sat Mar 14 00:39:28 CET 2026
end		time Sat Mar 14 00:39:42 CET 2026

mpr2mni305 success

avi2talxfm orig_nu.mgz /opt/freesurfer/average/mni305.cor.mgz talsrcimg_to_711-2C_as_mni_average_305_t4_vox2vox.txt transforms/talairach.auto.xfm
avi2talxfm done
mv -f /out/sourcedata/freesurfer/sub-v2s8x29196_ses-1/mri/talsrcimg_to_711-2C_as_mni_average_305_t4_vox2vox.txt /out/sourcedata/freesurfer/sub-v2s8x29196_ses-1/mri/transforms/talsrcimg_to_711-2C_as_mni_average_305_t4_vox2vox.txt
lta_convert --src orig_nu.mgz --trg /opt/freesurfer/average/mni305.cor.mgz --inxfm transforms/talairach.auto.xfm --outlta transforms/talairach.auto.xfm.lta --subject fsaverage
7.3.2

--src: orig_nu.mgz src image (geometry).
--trg: /opt/freesurfer/average/mni305.cor.mgz trg image (geometry).
--inmni: transforms/talairach.auto.xfm input MNI/XFM transform.
--outlta: transforms/talairach.auto.xfm.lta output LTA.
--s: fsaverage subject name
 LTA read, type : 1
 1.13259   0.03381  -0.01771   3.42537;
-0.01977   1.09318   0.27602  -6.52439;
-0.00071  -0.25396   1.11954  -11.42511;
 0.00000   0.00000   0.00000   1.00000;
setting subject to fsaverage
Writing  LTA to file transforms/talairach.auto.xfm.lta...
lta_convert successful.
 
 
Started at Sat Mar 14 00:39:28 CET 2026
Ended   at Sat Mar 14 00:39:42 CET 2026
talairach_avi done
