status file for recon-all
Sat Mar 14 01:00:58 CET 2026
#@# MotionCor Sat Mar 14 01:01:00 CET 2026
#@# Talairach Sat Mar 14 01:01:09 CET 2026
#@# Talairach Failure Detection Sat Mar 14 01:05:35 CET 2026
#@# Nu Intensity Correction Sat Mar 14 01:05:35 CET 2026
#@# Intensity Normalization Sat Mar 14 01:08:51 CET 2026
recon-all -s sub-v2s8x29205_ses-1 finished without error at Sat Mar 14 01:10:29 CET 2026



#New# invocation of recon-all 



status file for recon-all
Sat Mar 14 01:17:22 CET 2026
#@# EM Registration Sat Mar 14 01:17:22 CET 2026
recon-all -s sub-v2s8x29205_ses-1 finished without error at Sat Mar 14 01:19:33 CET 2026



#New# invocation of recon-all 



status file for recon-all
Sat Mar 14 01:19:34 CET 2026
#@# CA Normalize Sat Mar 14 01:19:34 CET 2026
#@# CA Reg Sat Mar 14 01:20:54 CET 2026
#@# SubCort Seg Sat Mar 14 02:11:49 CET 2026
#@# CC Seg Sat Mar 14 02:39:43 CET 2026
#@# Merge ASeg Sat Mar 14 02:40:30 CET 2026
#@# Intensity Normalization2 Sat Mar 14 02:40:30 CET 2026
#@# Mask BFS Sat Mar 14 02:42:42 CET 2026
#@# WM Segmentation Sat Mar 14 02:42:42 CET 2026
#@# Fill Sat Mar 14 02:44:38 CET 2026
recon-all -s sub-v2s8x29205_ses-1 finished without error at Sat Mar 14 02:45:51 CET 2026



#New# invocation of recon-all 



status file for recon-all
Sat Mar 14 03:34:57 CET 2026
#@# white curv lh Sat Mar 14 03:34:57 CET 2026
#@# white area lh Sat Mar 14 03:34:57 CET 2026
#@# pial curv lh Sat Mar 14 03:34:57 CET 2026
#@# pial area lh Sat Mar 14 03:34:57 CET 2026
#@# thickness lh Sat Mar 14 03:34:57 CET 2026
#@# area and vertex vol lh Sat Mar 14 03:34:57 CET 2026
#@# white curv rh Sat Mar 14 03:34:57 CET 2026
#@# white area rh Sat Mar 14 03:34:57 CET 2026
#@# pial curv rh Sat Mar 14 03:34:57 CET 2026
#@# pial area rh Sat Mar 14 03:34:57 CET 2026
#@# thickness rh Sat Mar 14 03:34:57 CET 2026
#@# area and vertex vol rh Sat Mar 14 03:34:57 CET 2026
#@# Cortical ribbon mask Sat Mar 14 03:34:57 CET 2026
recon-all -s sub-v2s8x29205_ses-1 finished without error at Sat Mar 14 03:39:20 CET 2026



#New# invocation of recon-all 



status file for recon-all
Sat Mar 14 03:46:35 CET 2026
#@# white curv lh Sat Mar 14 03:46:35 CET 2026
#@# white area lh Sat Mar 14 03:46:35 CET 2026
#@# pial curv lh Sat Mar 14 03:46:35 CET 2026
#@# pial area lh Sat Mar 14 03:46:35 CET 2026
#@# thickness lh Sat Mar 14 03:46:35 CET 2026
#@# area and vertex vol lh Sat Mar 14 03:46:35 CET 2026
#@# white curv rh Sat Mar 14 03:46:35 CET 2026
#@# white area rh Sat Mar 14 03:46:35 CET 2026
#@# pial curv rh Sat Mar 14 03:46:35 CET 2026
#@# pial area rh Sat Mar 14 03:46:35 CET 2026
#@# thickness rh Sat Mar 14 03:46:35 CET 2026
#@# area and vertex vol rh Sat Mar 14 03:46:35 CET 2026
#@# Curvature Stats lh Sat Mar 14 03:46:35 CET 2026
#@# Curvature Stats rh Sat Mar 14 03:46:38 CET 2026
#@# Relabel Hypointensities Sat Mar 14 03:46:40 CET 2026
#@# APas-to-ASeg Sat Mar 14 03:46:56 CET 2026
#@# AParc-to-ASeg aparc Sat Mar 14 03:47:05 CET 2026
#@# AParc-to-ASeg aparc.a2009s Sat Mar 14 03:47:36 CET 2026
#@# AParc-to-ASeg aparc.DKTatlas Sat Mar 14 03:48:04 CET 2026
#@# WMParc Sat Mar 14 03:48:35 CET 2026
#@# ASeg Stats Sat Mar 14 03:52:39 CET 2026
recon-all -s sub-v2s8x29205_ses-1 finished without error at Sat Mar 14 03:53:19 CET 2026
