status file for recon-all
Sat Mar 14 02:45:57 CET 2026
#@# Tessellate lh Sat Mar 14 02:45:57 CET 2026
#@# Smooth1 lh Sat Mar 14 02:46:01 CET 2026
#@# Inflation1 lh Sat Mar 14 02:46:04 CET 2026
#@# QSphere lh Sat Mar 14 02:46:17 CET 2026
#@# Fix Topology lh Sat Mar 14 02:47:37 CET 2026
#@# Smooth2 lh Sat Mar 14 02:53:43 CET 2026
#@# Inflation2 lh Sat Mar 14 02:53:46 CET 2026
#@# Curv .H and .K lh Sat Mar 14 02:54:01 CET 2026
#@# Sphere lh Sat Mar 14 02:54:49 CET 2026
#@# Surf Reg lh Sat Mar 14 02:57:25 CET 2026
#@# Jacobian white lh Sat Mar 14 03:02:20 CET 2026
#@# AvgCurv lh Sat Mar 14 03:02:21 CET 2026
#@# Cortical Parc lh Sat Mar 14 03:02:22 CET 2026
#@# white curv lh Sat Mar 14 03:09:09 CET 2026
#@# white area lh Sat Mar 14 03:09:11 CET 2026
#@# pial curv lh Sat Mar 14 03:09:12 CET 2026
#@# pial area lh Sat Mar 14 03:09:14 CET 2026
#@# thickness lh Sat Mar 14 03:09:15 CET 2026
#@# area and vertex vol lh Sat Mar 14 03:09:47 CET 2026
#@# Curvature Stats lh Sat Mar 14 03:09:49 CET 2026
#@# Cortical Parc 2 lh Sat Mar 14 03:09:51 CET 2026
#@# Cortical Parc 3 lh Sat Mar 14 03:10:06 CET 2026
#@# WM/GM Contrast lh Sat Mar 14 03:10:18 CET 2026
recon-all -s sub-v2s8x29205_ses-1 finished without error at Sat Mar 14 03:10:22 CET 2026



#New# invocation of recon-all 



status file for recon-all
Sat Mar 14 03:39:25 CET 2026
#@# white curv lh Sat Mar 14 03:39:25 CET 2026
#@# white area lh Sat Mar 14 03:39:25 CET 2026
#@# pial curv lh Sat Mar 14 03:39:25 CET 2026
#@# pial area lh Sat Mar 14 03:39:25 CET 2026
#@# thickness lh Sat Mar 14 03:39:25 CET 2026
#@# area and vertex vol lh Sat Mar 14 03:39:25 CET 2026
#@# Parcellation Stats lh Sat Mar 14 03:39:25 CET 2026
#@# Parcellation Stats 2 lh Sat Mar 14 03:39:44 CET 2026
#@# Parcellation Stats 3 lh Sat Mar 14 03:39:54 CET 2026
#@# BA_exvivo Labels lh Sat Mar 14 03:40:04 CET 2026
recon-all -s sub-v2s8x29205_ses-1 finished without error at Sat Mar 14 03:42:57 CET 2026
