status file for recon-all
Sat Mar 14 03:10:25 CET 2026
#@# Tessellate rh Sat Mar 14 03:10:25 CET 2026
#@# Smooth1 rh Sat Mar 14 03:10:29 CET 2026
#@# Inflation1 rh Sat Mar 14 03:10:32 CET 2026
#@# QSphere rh Sat Mar 14 03:10:47 CET 2026
#@# Fix Topology rh Sat Mar 14 03:12:07 CET 2026
#@# Smooth2 rh Sat Mar 14 03:19:05 CET 2026
#@# Inflation2 rh Sat Mar 14 03:19:08 CET 2026
#@# Curv .H and .K rh Sat Mar 14 03:19:25 CET 2026
#@# Sphere rh Sat Mar 14 03:20:11 CET 2026
#@# Surf Reg rh Sat Mar 14 03:22:55 CET 2026
#@# Jacobian white rh Sat Mar 14 03:27:33 CET 2026
#@# AvgCurv rh Sat Mar 14 03:27:34 CET 2026
#@# Cortical Parc rh Sat Mar 14 03:27:35 CET 2026
#@# white curv rh Sat Mar 14 03:33:44 CET 2026
#@# white area rh Sat Mar 14 03:33:46 CET 2026
#@# pial curv rh Sat Mar 14 03:33:47 CET 2026
#@# pial area rh Sat Mar 14 03:33:49 CET 2026
#@# thickness rh Sat Mar 14 03:33:50 CET 2026
#@# area and vertex vol rh Sat Mar 14 03:34:20 CET 2026
#@# Curvature Stats rh Sat Mar 14 03:34:22 CET 2026
#@# Cortical Parc 2 rh Sat Mar 14 03:34:25 CET 2026
#@# Cortical Parc 3 rh Sat Mar 14 03:34:38 CET 2026
#@# WM/GM Contrast rh Sat Mar 14 03:34:48 CET 2026
recon-all -s sub-v2s8x29205_ses-1 finished without error at Sat Mar 14 03:34:53 CET 2026



#New# invocation of recon-all 



status file for recon-all
Sat Mar 14 03:43:01 CET 2026
#@# white curv rh Sat Mar 14 03:43:01 CET 2026
#@# white area rh Sat Mar 14 03:43:01 CET 2026
#@# pial curv rh Sat Mar 14 03:43:01 CET 2026
#@# pial area rh Sat Mar 14 03:43:01 CET 2026
#@# thickness rh Sat Mar 14 03:43:01 CET 2026
#@# area and vertex vol rh Sat Mar 14 03:43:01 CET 2026
#@# Parcellation Stats rh Sat Mar 14 03:43:01 CET 2026
#@# Parcellation Stats 2 rh Sat Mar 14 03:43:20 CET 2026
#@# Parcellation Stats 3 rh Sat Mar 14 03:43:30 CET 2026
#@# BA_exvivo Labels rh Sat Mar 14 03:43:39 CET 2026
recon-all -s sub-v2s8x29205_ses-1 finished without error at Sat Mar 14 03:46:30 CET 2026
