status file for recon-all
Sat Mar 14 03:41:53 CET 2026
#@# Tessellate rh Sat Mar 14 03:41:53 CET 2026
#@# Smooth1 rh Sat Mar 14 03:41:56 CET 2026
#@# Inflation1 rh Sat Mar 14 03:41:59 CET 2026
#@# QSphere rh Sat Mar 14 03:42:10 CET 2026
#@# Fix Topology rh Sat Mar 14 03:43:12 CET 2026
#@# Smooth2 rh Sat Mar 14 03:49:25 CET 2026
#@# Inflation2 rh Sat Mar 14 03:49:28 CET 2026
#@# Curv .H and .K rh Sat Mar 14 03:49:41 CET 2026
#@# Sphere rh Sat Mar 14 03:50:27 CET 2026
#@# Surf Reg rh Sat Mar 14 03:53:45 CET 2026
#@# Jacobian white rh Sat Mar 14 03:57:06 CET 2026
#@# AvgCurv rh Sat Mar 14 03:57:07 CET 2026
#@# Cortical Parc rh Sat Mar 14 03:57:08 CET 2026
#@# white curv rh Sat Mar 14 04:02:59 CET 2026
#@# white area rh Sat Mar 14 04:03:01 CET 2026
#@# pial curv rh Sat Mar 14 04:03:02 CET 2026
#@# pial area rh Sat Mar 14 04:03:03 CET 2026
#@# thickness rh Sat Mar 14 04:03:04 CET 2026
#@# area and vertex vol rh Sat Mar 14 04:03:33 CET 2026
#@# Curvature Stats rh Sat Mar 14 04:03:35 CET 2026
#@# Cortical Parc 2 rh Sat Mar 14 04:03:37 CET 2026
#@# Cortical Parc 3 rh Sat Mar 14 04:03:50 CET 2026
#@# WM/GM Contrast rh Sat Mar 14 04:04:01 CET 2026
recon-all -s sub-v2s8x29219_ses-1 finished without error at Sat Mar 14 04:04:04 CET 2026



#New# invocation of recon-all 



status file for recon-all
Sat Mar 14 04:12:19 CET 2026
#@# white curv rh Sat Mar 14 04:12:19 CET 2026
#@# white area rh Sat Mar 14 04:12:19 CET 2026
#@# pial curv rh Sat Mar 14 04:12:19 CET 2026
#@# pial area rh Sat Mar 14 04:12:19 CET 2026
#@# thickness rh Sat Mar 14 04:12:19 CET 2026
#@# area and vertex vol rh Sat Mar 14 04:12:19 CET 2026
#@# Parcellation Stats rh Sat Mar 14 04:12:19 CET 2026
#@# Parcellation Stats 2 rh Sat Mar 14 04:12:38 CET 2026
#@# Parcellation Stats 3 rh Sat Mar 14 04:12:47 CET 2026
#@# BA_exvivo Labels rh Sat Mar 14 04:12:57 CET 2026
recon-all -s sub-v2s8x29219_ses-1 finished without error at Sat Mar 14 04:15:27 CET 2026
