/out/sourcedata/freesurfer/sub-v2s8x29209_ses-1/mri
/opt/freesurfer/bin/talairach_avi
--i orig_nu.mgz --xfm transforms/talairach.auto.xfm
talairach_avi 7.3.2
Linux dna082 5.14.0-427.37.1.el9_4.x86_64 #1 SMP PREEMPT_DYNAMIC Fri Sep 13 12:41:50 EDT 2024 x86_64 x86_64 x86_64 GNU/Linux
Sat Mar 14 01:05:35 CET 2026
mri_convert orig_nu.mgz talsrcimg.img 
reading from orig_nu.mgz...
TR=0.00, TE=0.00, TI=0.00, flip angle=0.00
i_ras = (-1, 0, 0)
j_ras = (0, 0, -1)
k_ras = (0, 1, 0)
writing to talsrcimg.img...
Analyze Output Matrix
-1.00000   0.00000   0.00000   130.38754;
 0.00000   0.00000   1.00000  -128.00000;
 0.00000  -1.00000   0.00000   124.93976;
 0.00000   0.00000   0.00000   1.00000;
--------------------
INFO: set hdr.hist.orient to -1
mpr2mni305 talsrcimg
Sat Mar 14 01:05:35 CET 2026
/opt/freesurfer/bin/mpr2mni305 talsrcimg
mpr2mni305 7.3.2
target=711-2C_as_mni_average_305

---------------------------------------------------------------------
analyzeto4dfp talsrcimg -O0 -y
---------------------------------------------------------------------

freesurfer ifh2hdr.c
Sat Mar 14 01:05:35 2026
Writing: talsrcimg.4dfp.hdr
freesurfer analyzeto4dfp.c
Reading: talsrcimg.hdr
header size 348 bytes
hdr.dime.datatype	offset=70	value=2
hdr.dime.bitpix		offset=72	value=8
hdr.hist.orient		offset=252	value=-1
dimensionality     4
dimensions       256       256       256         1
Reading: talsrcimg.img
Writing: talsrcimg.4dfp.img
Writing: talsrcimg.4dfp.ifh
ifh2hdr talsrcimg -r0to211
ori=2

---------------------------------------------------------------------
gauss_4dfp talsrcimg 1.1
---------------------------------------------------------------------

freesurfer gauss_4dfp.c
Reading: talsrcimg.4dfp.img
Writing: talsrcimg_g11.4dfp.img
image dimensions 256 256 256 padded to 288 288 288
processing volume 1freesurfer ifh2hdr.c
Sat Mar 14 01:05:37 2026
Writing: talsrcimg_g11.4dfp.hdr

Writing: talsrcimg_g11.4dfp.ifh
including: talsrcimg.4dfp.img.rec in talsrcimg_g11.4dfp.img.rec

---------------------------------------------------------------------
imgreg_4dfp /opt/freesurfer/average/711-2C_as_mni_average_305 none talsrcimg_g11 none talsrcimg_to_711-2C_as_mni_average_305_t4 4355
---------------------------------------------------------------------

freesurfer imgreg_4dfp.c
/opt/freesurfer/average/711-2C_as_mni_average_305.4dfp.img
       256       256       256         1
  1.000000  1.000000  1.000000
orientation T byte_order littleendian
Reading image: /opt/freesurfer/average/711-2C_as_mni_average_305.4dfp.img
dimensions:      256       256       256
mmppix:       1.0000   -1.0000   -1.0000
center:     128.0000 -129.0000 -129.0000
talsrcimg_g11.4dfp.img
       256       256       256         1
  1.000000  1.000000  1.000000
orientation T byte_order littleendian
Reading image: talsrcimg_g11.4dfp.img
dimensions:      256       256       256
mmppix:       1.0000   -1.0000   -1.0000
center:     128.0000 -129.0000 -129.0000
t4_read: open error in t4_sub.f l:  41 t4_file(1:l)talsrcimg_to_711-2C_as_mni_average_305_t4 
t4_read: transform initialized to I4
rotation matrix determinant  1.000000
image alignment mode   4355 decimal     1103 hex
   -7.5000  -45.0000  -45.0000 7809.6582   20.5177
    0.0000  -45.0000  -45.0000 8223.6982   20.5394
    7.5000  -45.0000  -45.0000 7924.8223   20.5861
   -7.5000  -37.5000  -45.0000 8111.9189   20.5185
    0.0000  -37.5000  -45.0000 8538.6826   20.5453
    7.5000  -37.5000  -45.0000 8215.1465   20.5907
   -7.5000  -30.0000  -45.0000 8688.1270   20.5306
    0.0000  -30.0000  -45.0000 9127.4248   20.5621
    7.5000  -30.0000  -45.0000 8757.7998   20.6050
   -7.5000  -22.5000  -45.0000 9208.6260   20.5402
    0.0000  -22.5000  -45.0000 9663.1113   20.5706
    7.5000  -22.5000  -45.0000 9264.2500   20.6128
   -7.5000  -15.0000  -45.0000 9672.5986   20.5380
    0.0000  -15.0000  -45.000010126.0342   20.5641
    7.5000  -15.0000  -45.0000 9694.6836   20.6063
   -7.5000   -7.5000  -45.000010055.1152   20.5275
    0.0000   -7.5000  -45.000010528.2549   20.5498
    7.5000   -7.5000  -45.000010058.4619   20.5938
   -7.5000    0.0000  -45.000010311.7881   20.5176
    0.0000    0.0000  -45.000010789.7451   20.5393
    7.5000    0.0000  -45.000010290.9072   20.5860
   -7.5000    7.5000  -45.0000 9734.7979   20.5185
    0.0000    7.5000  -45.000010187.1689   20.5453
    7.5000    7.5000  -45.0000 9737.2764   20.5907
   -7.5000   15.0000  -45.0000 9068.8164   20.5315
    0.0000   15.0000  -45.0000 9498.6504   20.5631
    7.5000   15.0000  -45.0000 9061.6348   20.6059
   -7.5000   22.5000  -45.0000 8392.9238   20.5479
    0.0000   22.5000  -45.0000 8784.0557   20.5782
    7.5000   22.5000  -45.0000 8373.4062   20.6204
   -7.5000   30.0000  -45.0000 7642.7305   20.3087
    0.0000   30.0000  -45.0000 8012.4351   20.3348
    7.5000   30.0000  -45.0000 7634.5298   20.3765
   -7.5000   37.5000  -45.0000 7087.6855   20.3958
    0.0000   37.5000  -45.0000 7414.6250   20.4174
    7.5000   37.5000  -45.0000 7045.2002   20.4610
   -7.5000   45.0000  -45.0000 6221.1890   20.0589
    0.0000   45.0000  -45.0000 6506.3623   20.0811
    7.5000   45.0000  -45.0000 6198.9956   20.1273
   -7.5000  -45.0000  -37.5000 8422.0293   20.3258
    0.0000  -45.0000  -37.5000 8858.3037   20.3465
    7.5000  -45.0000  -37.5000 8538.0830   20.3787
   -7.5000  -37.5000  -37.5000 8722.9277   20.3297
    0.0000  -37.5000  -37.5000 9171.5684   20.3534
    7.5000  -37.5000  -37.5000 8808.6484   20.3834
   -7.5000  -30.0000  -37.5000 9333.3594   20.3355
    0.0000  -30.0000  -37.5000 9802.0449   20.3625
    7.5000  -30.0000  -37.5000 9406.9580   20.3910
   -7.5000  -22.5000  -37.5000 9872.9648   20.3351
    0.0000  -22.5000  -37.500010380.5723   20.3632
    7.5000  -22.5000  -37.5000 9933.4980   20.3931
   -7.5000  -15.0000  -37.500010373.9131   20.3300
    0.0000  -15.0000  -37.500010885.3643   20.3561
    7.5000  -15.0000  -37.500010399.5547   20.3872
   -7.5000   -7.5000  -37.500010783.6992   20.3264
    0.0000   -7.5000  -37.500011308.8223   20.3485
    7.5000   -7.5000  -37.500010787.2725   20.3802
   -7.5000    0.0000  -37.500011074.1514   20.3257
    0.0000    0.0000  -37.500011599.9707   20.3464
    7.5000    0.0000  -37.500011058.6895   20.3786
   -7.5000    7.5000  -37.500010446.2041   20.3297
    0.0000    7.5000  -37.500010945.3955   20.3534
    7.5000    7.5000  -37.500010437.2920   20.3834
   -7.5000   15.0000  -37.5000 9712.6514   20.3364
    0.0000   15.0000  -37.500010163.4004   20.3634
    7.5000   15.0000  -37.5000 9686.7070   20.3919
   -7.5000   22.5000  -37.5000 8968.6914   20.3425
    0.0000   22.5000  -37.5000 9379.3027   20.3706
    7.5000   22.5000  -37.5000 8919.5547   20.4005
   -7.5000   30.0000  -37.5000 8156.3838   20.1027
    0.0000   30.0000  -37.5000 8546.8936   20.1288
    7.5000   30.0000  -37.5000 8118.0879   20.1595
   -7.5000   37.5000  -37.5000 7571.5342   20.1946
    0.0000   37.5000  -37.5000 7909.4849   20.2160
    7.5000   37.5000  -37.5000 7508.6240   20.2472
   -7.5000   45.0000  -37.5000 6654.9961   19.8693
    0.0000   45.0000  -37.5000 6959.0918   19.8899
    7.5000   45.0000  -37.5000 6610.7349   19.9222
   -7.5000  -45.0000  -30.0000 9238.7422   21.1428
    0.0000  -45.0000  -30.0000 9698.6406   21.1703
    7.5000  -45.0000  -30.0000 9329.4375   21.1866
   -7.5000  -37.5000  -30.0000 9536.5371   21.1427
    0.0000  -37.5000  -30.000010027.2012   21.1716
    7.5000  -37.5000  -30.0000 9622.1484   21.1862
   -7.5000  -30.0000  -30.000010185.1582   21.1470
    0.0000  -30.0000  -30.000010693.0010   21.1773
    7.5000  -30.0000  -30.000010265.0615   21.1928
   -7.5000  -22.5000  -30.000010747.4512   21.1483
    0.0000  -22.5000  -30.000011306.9189   21.1809
    7.5000  -22.5000  -30.000010811.1426   21.2003
   -7.5000  -15.0000  -30.000011267.9561   21.1470
    0.0000  -15.0000  -30.000011830.6270   21.1782
    7.5000  -15.0000  -30.000011313.4629   21.1986
   -7.5000   -7.5000  -30.000011715.6328   21.1457
    0.0000   -7.5000  -30.000012283.5693   21.1734
    7.5000   -7.5000  -30.000011714.6025   21.1912
   -7.5000    0.0000  -30.000012022.8066   21.1426
    0.0000    0.0000  -30.000012613.9795   21.1702
    7.5000    0.0000  -30.000012009.8281   21.1864
   -7.5000    7.5000  -30.000011344.4619   21.1427
    0.0000    7.5000  -30.000011904.1260   21.1716
    7.5000    7.5000  -30.000011328.7920   21.1862
   -7.5000   15.0000  -30.000010541.1885   21.1480
    0.0000   15.0000  -30.000011041.5244   21.1783
    7.5000   15.0000  -30.000010503.9238   21.1937
   -7.5000   22.5000  -30.0000 9697.8955   21.1539
    0.0000   22.5000  -30.000010152.2930   21.1864
    7.5000   22.5000  -30.0000 9659.9277   21.2059
   -7.5000   30.0000  -30.0000 8802.5342   20.9128
    0.0000   30.0000  -30.0000 9214.4590   20.9439
    7.5000   30.0000  -30.0000 8747.2480   20.9639
   -7.5000   37.5000  -30.0000 8171.6348   21.0105
    0.0000   37.5000  -30.0000 8527.5928   21.0374
    7.5000   37.5000  -30.0000 8111.9150   21.0549
   -7.5000   45.0000  -30.0000 7191.1699   20.6824
    0.0000   45.0000  -30.0000 7514.4419   20.7102
    7.5000   45.0000  -30.0000 7137.0293   20.7274
   -7.5000  -45.0000  -22.500010065.5615   21.8602
    0.0000  -45.0000  -22.500010576.3047   21.8955
    7.5000  -45.0000  -22.500010160.0898   21.9097
   -7.5000  -37.5000  -22.500010374.4326   21.8536
    0.0000  -37.5000  -22.500010912.5908   21.8911
    7.5000  -37.5000  -22.500010482.6016   21.9058
   -7.5000  -30.0000  -22.500011043.8750   21.8583
    0.0000  -30.0000  -22.500011607.6436   21.8972
    7.5000  -30.0000  -22.500011148.8174   21.9148
   -7.5000  -22.5000  -22.500011647.0107   21.8654
    0.0000  -22.5000  -22.500012249.6221   21.9055
    7.5000  -22.5000  -22.500011725.2471   21.9281
   -7.5000  -15.0000  -22.500012171.2061   21.8698
    0.0000  -15.0000  -22.500012777.4033   21.9063
    7.5000  -15.0000  -22.500012216.3857   21.9274
   -7.5000   -7.5000  -22.500012644.4014   21.8691
    0.0000   -7.5000  -22.500013241.4287   21.9023
    7.5000   -7.5000  -22.500012659.6025   21.9179
   -7.5000    0.0000  -22.500012956.0967   21.8600
    0.0000    0.0000  -22.500013572.3262   21.8953
    7.5000    0.0000  -22.500012942.3926   21.9096
   -7.5000    7.5000  -22.500012231.8848   21.8536
    0.0000    7.5000  -22.500012791.0361   21.8911
    7.5000    7.5000  -22.500012194.8135   21.9058
   -7.5000   15.0000  -22.500011330.3008   21.8593
    0.0000   15.0000  -22.500011850.8994   21.8982
    7.5000   15.0000  -22.500011295.9238   21.9158
   -7.5000   22.5000  -22.500010421.9150   21.8698
    0.0000   22.5000  -22.500010897.0352   21.9098
    7.5000   22.5000  -22.500010355.4141   21.9324
   -7.5000   30.0000  -22.5000 9443.2627   21.6309
    0.0000   30.0000  -22.5000 9879.4346   21.6672
    7.5000   30.0000  -22.5000 9361.8555   21.6880
   -7.5000   37.5000  -22.5000 8736.6289   21.7327
    0.0000   37.5000  -22.5000 9124.9600   21.7653
    7.5000   37.5000  -22.5000 8664.5449   21.7807
   -7.5000   45.0000  -22.5000 7699.8477   21.3987
    0.0000   45.0000  -22.5000 8031.3647   21.4350
    7.5000   45.0000  -22.5000 7647.8633   21.4505
   -7.5000  -45.0000  -15.000010897.6318   22.3780
    0.0000  -45.0000  -15.000011453.5703   22.4147
    7.5000  -45.0000  -15.000010999.2227   22.4417
   -7.5000  -37.5000  -15.000011262.5020   22.3688
    0.0000  -37.5000  -15.000011831.1113   22.4095
    7.5000  -37.5000  -15.000011355.3535   22.4380
   -7.5000  -30.0000  -15.000011966.5439   22.3768
    0.0000  -30.0000  -15.000012592.7705   22.4203
    7.5000  -30.0000  -15.000012059.1973   22.4515
   -7.5000  -22.5000  -15.000012603.3193   22.3902
    0.0000  -22.5000  -15.000013242.8682   22.4330
    7.5000  -22.5000  -15.000012662.5176   22.4678
   -7.5000  -15.0000  -15.000013131.0322   22.3970
    0.0000  -15.0000  -15.000013757.9463   22.4335
    7.5000  -15.0000  -15.000013131.8389   22.4655
   -7.5000   -7.5000  -15.000013570.0059   22.3927
    0.0000   -7.5000  -15.000014204.8076   22.4259
    7.5000   -7.5000  -15.000013546.6152   22.4526
   -7.5000    0.0000  -15.000013887.0518   22.3779
    0.0000    0.0000  -15.000014517.0068   22.4146
    7.5000    0.0000  -15.000013857.8242   22.4415
   -7.5000    7.5000  -15.000013063.0127   22.3688
    0.0000    7.5000  -15.000013685.0820   22.4095
    7.5000    7.5000  -15.000013041.2021   22.4380
   -7.5000   15.0000  -15.000012118.2842   22.3778
    0.0000   15.0000  -15.000012654.3994   22.4214
    7.5000   15.0000  -15.000012058.6006   22.4525
   -7.5000   22.5000  -15.000011115.8701   22.3937
    0.0000   22.5000  -15.000011630.7871   22.4365
    7.5000   22.5000  -15.000011024.5029   22.4712
   -7.5000   30.0000  -15.000010075.2598   22.1553
    0.0000   30.0000  -15.000010541.5322   22.1916
    7.5000   30.0000  -15.0000 9960.8994   22.2232
   -7.5000   37.5000  -15.0000 9303.2344   22.2561
    0.0000   37.5000  -15.0000 9727.8096   22.2889
    7.5000   37.5000  -15.0000 9207.1572   22.3155
   -7.5000   45.0000  -15.0000 8223.2070   21.9175
    0.0000   45.0000  -15.0000 8561.3271   21.9559
    7.5000   45.0000  -15.0000 8116.4868   21.9835
   -7.5000  -45.0000   -7.500011794.2422   22.6254
    0.0000  -45.0000   -7.500012393.8516   22.6548
    7.5000  -45.0000   -7.500011876.1748   22.6988
   -7.5000  -37.5000   -7.500012159.7607   22.6221
    0.0000  -37.5000   -7.500012782.9795   22.6569
    7.5000  -37.5000   -7.500012228.4629   22.7012
   -7.5000  -30.0000   -7.500012908.5176   22.6350
    0.0000  -30.0000   -7.500013608.0537   22.6745
    7.5000  -30.0000   -7.500012957.6035   22.7185
   -7.5000  -22.5000   -7.500013578.6846   22.6485
    0.0000  -22.5000   -7.500014282.8750   22.6863
    7.5000  -22.5000   -7.500013579.4912   22.7315
   -7.5000  -15.0000   -7.500014107.9082   22.6495
    0.0000  -15.0000   -7.500014778.0664   22.6809
    7.5000  -15.0000   -7.500014077.9668   22.7246
   -7.5000   -7.5000   -7.500014535.3848   22.6392
    0.0000   -7.5000   -7.500015216.5537   22.6670
    7.5000   -7.5000   -7.500014493.9053   22.7091
   -7.5000    0.0000   -7.500014836.2939   22.6253
    0.0000    0.0000   -7.500015533.0586   22.6547
    7.5000    0.0000   -7.500014776.8916   22.6987
   -7.5000    7.5000   -7.500013961.7002   22.6221
    0.0000    7.5000   -7.500014625.7539   22.6569
    7.5000    7.5000   -7.500013896.6475   22.7012
   -7.5000   15.0000   -7.500012950.3604   22.6360
    0.0000   15.0000   -7.500013523.5117   22.6755
    7.5000   15.0000   -7.500012841.5000   22.7194
   -7.5000   22.5000   -7.500011869.4844   22.6495
    0.0000   22.5000   -7.500012398.6650   22.6874
    7.5000   22.5000   -7.500011711.5479   22.7324
   -7.5000   30.0000   -7.500010732.0537   22.4042
    0.0000   30.0000   -7.500011198.5996   22.4356
    7.5000   30.0000   -7.500010577.1045   22.4786
   -7.5000   37.5000   -7.5000 9916.3506   22.5002
    0.0000   37.5000   -7.500010296.5967   22.5275
    7.5000   37.5000   -7.5000 9752.6006   22.5693
   -7.5000   45.0000   -7.5000 8747.8477   22.1640
    0.0000   45.0000   -7.5000 9063.5107   22.1948
    7.5000   45.0000   -7.5000 8585.8975   22.2387
   -7.5000  -45.0000    0.000012641.5586   22.6601
    0.0000  -45.0000    0.000013295.0850   22.6817
    7.5000  -45.0000    0.000012667.6074   22.7305
   -7.5000  -37.5000    0.000013005.6787   22.6624
    0.0000  -37.5000    0.000013658.3262   22.6894
    7.5000  -37.5000    0.000013016.1982   22.7369
   -7.5000  -30.0000    0.000013792.8936   22.6740
    0.0000  -30.0000    0.000014517.3076   22.7068
    7.5000  -30.0000    0.000013766.1045   22.7519
   -7.5000  -22.5000    0.000014512.9609   22.6812
    0.0000  -22.5000    0.000015232.4883   22.7132
    7.5000  -22.5000    0.000014446.3965   22.7582
   -7.5000  -15.0000    0.000015008.2695   22.6771
    0.0000  -15.0000    0.000015721.1240   22.7046
    7.5000  -15.0000    0.000014945.8076   22.7497
   -7.5000   -7.5000    0.000015443.1084   22.6675
    0.0000   -7.5000    0.000016159.1240   22.6903
    7.5000   -7.5000    0.000015330.5752   22.7368
   -7.5000    0.0000    0.000015732.8135   22.6599
    0.0000    0.0000    0.000016481.5605   22.6816
    7.5000    0.0000    0.000015598.2402   22.7304
   -7.5000    7.5000    0.000014784.3105   22.6624
    0.0000    7.5000    0.000015494.5771   22.6894
    7.5000    7.5000    0.000014667.4014   22.7369
   -7.5000   15.0000    0.000013686.3340   22.6750
    0.0000   15.0000    0.000014305.1221   22.7077
    7.5000   15.0000    0.000013529.9639   22.7528
   -7.5000   22.5000    0.000012534.6484   22.6821
    0.0000   22.5000    0.000013053.5107   22.7142
    7.5000   22.5000    0.000012352.8975   22.7591
   -7.5000   30.0000    0.000011338.0312   22.4320
    0.0000   30.0000    0.000011771.1592   22.4595
    7.5000   30.0000    0.000011142.6582   22.5041
   -7.5000   37.5000    0.000010435.0469   22.5287
    0.0000   37.5000    0.000010827.7139   22.5508
    7.5000   37.5000    0.000010262.7881   22.5968
   -7.5000   45.0000    0.0000 9143.4541   22.2007
    0.0000   45.0000    0.0000 9473.4561   22.2229
    7.5000   45.0000    0.0000 9006.6475   22.2713
   -7.5000  -45.0000    7.500012562.1504   22.6626
    0.0000  -45.0000    7.500013168.7979   22.6840
    7.5000  -45.0000    7.500012535.5410   22.7182
   -7.5000  -37.5000    7.500012916.7246   22.6665
    0.0000  -37.5000    7.500013499.3721   22.6913
    7.5000  -37.5000    7.500012824.4473   22.7232
   -7.5000  -30.0000    7.500013713.3965   22.6731
    0.0000  -30.0000    7.500014303.9941   22.7018
    7.5000  -30.0000    7.500013556.6270   22.7323
   -7.5000  -22.5000    7.500014364.3350   22.6733
    0.0000  -22.5000    7.500014985.6523   22.7035
    7.5000  -22.5000    7.500014258.1895   22.7357
   -7.5000  -15.0000    7.500014868.0596   22.6682
    0.0000  -15.0000    7.500015514.3164   22.6961
    7.5000  -15.0000    7.500014770.7422   22.7296
   -7.5000   -7.5000    7.500015269.8945   22.6640
    0.0000   -7.5000    7.500015925.3848   22.6871
    7.5000   -7.5000    7.500015124.6582   22.7210
   -7.5000    0.0000    7.500015518.2891   22.6625
    0.0000    0.0000    7.500016202.0039   22.6838
    7.5000    0.0000    7.500015352.8525   22.7180
   -7.5000    7.5000    7.500014540.3027   22.6665
    0.0000    7.5000    7.500015200.0879   22.6913
    7.5000    7.5000    7.500014390.8418   22.7232
   -7.5000   15.0000    7.500013428.7754   22.6741
    0.0000   15.0000    7.500014026.5674   22.7028
    7.5000   15.0000    7.500013272.0664   22.7333
   -7.5000   22.5000    7.500012252.7598   22.6742
    0.0000   22.5000    7.500012764.9043   22.7044
    7.5000   22.5000    7.500012096.5703   22.7366
   -7.5000   30.0000    7.500011043.4287   22.4233
    0.0000   30.0000    7.500011485.5537   22.4512
    7.5000   30.0000    7.500010876.0791   22.4844
   -7.5000   37.5000    7.500010155.0107   22.5253
    0.0000   37.5000    7.500010556.6855   22.5476
    7.5000   37.5000    7.500010004.5664   22.5809
   -7.5000   45.0000    7.5000 8866.2979   22.2044
    0.0000   45.0000    7.5000 9203.1807   22.2258
    7.5000   45.0000    7.5000 8736.1973   22.2602
   -7.5000  -45.0000   15.000012359.0391   22.6737
    0.0000  -45.0000   15.000012880.8584   22.7023
    7.5000  -45.0000   15.000012305.8037   22.7191
   -7.5000  -37.5000   15.000012645.2559   22.6741
    0.0000  -37.5000   15.000013103.3672   22.7042
    7.5000  -37.5000   15.000012538.7480   22.7193
   -7.5000  -30.0000   15.000013282.7373   22.6787
    0.0000  -30.0000   15.000013748.9043   22.7105
    7.5000  -30.0000   15.000013212.3027   22.7265
   -7.5000  -22.5000   15.000013860.5293   22.6794
    0.0000  -22.5000   15.000014377.6240   22.7137
    7.5000  -22.5000   15.000013868.0957   22.7343
   -7.5000  -15.0000   15.000014395.8389   22.6775
    0.0000  -15.0000   15.000014980.6055   22.7102
    7.5000  -15.0000   15.000014398.3457   22.7319
   -7.5000   -7.5000   15.000014795.5801   22.6763
    0.0000   -7.5000   15.000015384.2188   22.7050
    7.5000   -7.5000   15.000014741.8945   22.7238
   -7.5000    0.0000   15.000015012.9141   22.6736
    0.0000    0.0000   15.000015613.5283   22.7022
    7.5000    0.0000   15.000014922.9668   22.7190
   -7.5000    7.5000   15.000014052.3672   22.6741
    0.0000    7.5000   15.000014630.3408   22.7042
    7.5000    7.5000   15.000013963.0645   22.7193
   -7.5000   15.0000   15.000012973.7207   22.6798
    0.0000   15.0000   15.000013537.9512   22.7115
    7.5000   15.0000   15.000012871.2021   22.7275
   -7.5000   22.5000   15.000011856.2480   22.6804
    0.0000   22.5000   15.000012344.3848   22.7146
    7.5000   22.5000   15.000011709.0010   22.7352
   -7.5000   30.0000   15.000010653.7568   22.4329
    0.0000   30.0000   15.000011091.8311   22.4654
    7.5000   30.0000   15.000010502.7109   22.4867
   -7.5000   37.5000   15.0000 9767.3516   22.5377
    0.0000   37.5000   15.000010157.3135   22.5657
    7.5000   37.5000   15.0000 9618.6270   22.5840
   -7.5000   45.0000   15.0000 8521.2773   22.2155
    0.0000   45.0000   15.0000 8839.2559   22.2444
    7.5000   45.0000   15.0000 8375.3125   22.2622
   -7.5000  -45.0000   22.500011960.1875   22.6926
    0.0000  -45.0000   22.500012487.8096   22.7291
    7.5000  -45.0000   22.500011974.4893   22.7439
   -7.5000  -37.5000   22.500012180.3145   22.6857
    0.0000  -37.5000   22.500012646.7041   22.7245
    7.5000  -37.5000   22.500012202.4053   22.7397
   -7.5000  -30.0000   22.500012764.2705   22.6907
    0.0000  -30.0000   22.500013204.3750   22.7310
    7.5000  -30.0000   22.500012808.6904   22.7492
   -7.5000  -22.5000   22.500013354.7949   22.6983
    0.0000  -22.5000   22.500013834.8848   22.7398
    7.5000  -22.5000   22.500013425.8164   22.7632
   -7.5000  -15.0000   22.500013869.8076   22.7029
    0.0000  -15.0000   22.500014409.7158   22.7408
    7.5000  -15.0000   22.500013897.5938   22.7627
   -7.5000   -7.5000   22.500014234.3623   22.7021
    0.0000   -7.5000   22.500014806.9775   22.7364
    7.5000   -7.5000   22.500014227.2812   22.7527
   -7.5000    0.0000   22.500014408.6357   22.6924
    0.0000    0.0000   22.500014997.5879   22.7290
    7.5000    0.0000   22.500014386.4668   22.7437
   -7.5000    7.5000   22.500013470.3535   22.6857
    0.0000    7.5000   22.500014037.9727   22.7245
    7.5000    7.5000   22.500013423.6982   22.7397
   -7.5000   15.0000   22.500012452.5498   22.6918
    0.0000   15.0000   22.500012989.4756   22.7320
    7.5000   15.0000   22.500012376.2949   22.7502
   -7.5000   22.5000   22.500011378.9521   22.6994
    0.0000   22.5000   22.500011855.8242   22.7409
    7.5000   22.5000   22.500011276.4795   22.7642
   -7.5000   30.0000   22.500010224.4082   22.4581
    0.0000   30.0000   22.500010628.6621   22.4958
    7.5000   30.0000   22.500010094.3154   22.5173
   -7.5000   37.5000   22.5000 9358.3633   22.5636
    0.0000   37.5000   22.5000 9699.0820   22.5974
    7.5000   37.5000   22.5000 9212.8027   22.6135
   -7.5000   45.0000   22.5000 8126.0366   22.2328
    0.0000   45.0000   22.5000 8402.2295   22.2705
    7.5000   45.0000   22.5000 8007.5156   22.2865
   -7.5000  -45.0000   30.000011388.2393   22.7170
    0.0000  -45.0000   30.000011909.6377   22.7542
    7.5000  -45.0000   30.000011458.1865   22.7818
   -7.5000  -37.5000   30.000011637.7842   22.7077
    0.0000  -37.5000   30.000012159.4023   22.7489
    7.5000  -37.5000   30.000011729.0137   22.7781
   -7.5000  -30.0000   30.000012268.4473   22.7158
    0.0000  -30.0000   30.000012767.6836   22.7598
    7.5000  -30.0000   30.000012363.6318   22.7916
   -7.5000  -22.5000   30.000012844.0254   22.7292
    0.0000  -22.5000   30.000013359.7822   22.7724
    7.5000  -22.5000   30.000012912.6455   22.8080
   -7.5000  -15.0000   30.000013308.0674   22.7360
    0.0000  -15.0000   30.000013825.6221   22.7729
    7.5000  -15.0000   30.000013317.4141   22.8057
   -7.5000   -7.5000   30.000013627.9219   22.7317
    0.0000   -7.5000   30.000014174.1562   22.7654
    7.5000   -7.5000   30.000013625.7197   22.7928
   -7.5000    0.0000   30.000013741.0068   22.7168
    0.0000    0.0000   30.000014313.6123   22.7540
    7.5000    0.0000   30.000013737.5449   22.7817
   -7.5000    7.5000   30.000012837.3916   22.7077
    0.0000    7.5000   30.000013374.7979   22.7489
    7.5000    7.5000   30.000012805.0771   22.7781
   -7.5000   15.0000   30.000011863.5381   22.7168
    0.0000   15.0000   30.000012352.7686   22.7608
    7.5000   15.0000   30.000011787.8340   22.7926
   -7.5000   22.5000   30.000010809.5820   22.7304
    0.0000   22.5000   30.000011233.2129   22.7735
    7.5000   22.5000   30.000010729.8525   22.8090
   -7.5000   30.0000   30.0000 9676.9141   22.4907
    0.0000   30.0000   30.000010045.9785   22.5275
    7.5000   30.0000   30.0000 9600.0928   22.5597
   -7.5000   37.5000   30.0000 8837.5859   22.5932
    0.0000   37.5000   30.0000 9162.2119   22.6266
    7.5000   37.5000   30.0000 8762.0977   22.6538
   -7.5000   45.0000   30.0000 7648.2051   22.2559
    0.0000   45.0000   30.0000 7926.4629   22.2948
    7.5000   45.0000   30.0000 7600.9512   22.3232
   -7.5000  -45.0000   37.500011209.6592   22.7505
    0.0000  -45.0000   37.500011763.0029   22.7801
    7.5000  -45.0000   37.500011302.7402   22.8249
   -7.5000  -37.5000   37.500011464.2607   22.7473
    0.0000  -37.5000   37.500012020.5352   22.7822
    7.5000  -37.5000   37.500011581.4180   22.8273
   -7.5000  -30.0000   37.500012123.4424   22.7604
    0.0000  -30.0000   37.500012730.0508   22.8001
    7.5000  -30.0000   37.500012238.2969   22.8450
   -7.5000  -22.5000   37.500012769.1260   22.7740
    0.0000  -22.5000   37.500013388.7051   22.8121
    7.5000  -22.5000   37.500012822.5840   22.8582
   -7.5000  -15.0000   37.500013214.7656   22.7749
    0.0000  -15.0000   37.500013830.0264   22.8067
    7.5000  -15.0000   37.500013226.5391   22.8512
   -7.5000   -7.5000   37.500013513.3711   22.7644
    0.0000   -7.5000   37.500014117.3389   22.7925
    7.5000   -7.5000   37.500013495.6348   22.8354
   -7.5000    0.0000   37.500013619.4346   22.7504
    0.0000    0.0000   37.500014199.2344   22.7799
    7.5000    0.0000   37.500013571.1201   22.8247
   -7.5000    7.5000   37.500012677.4482   22.7473
    0.0000    7.5000   37.500013227.7295   22.7822
    7.5000    7.5000   37.500012633.9326   22.8273
   -7.5000   15.0000   37.500011681.2812   22.7614
    0.0000   15.0000   37.500012180.5928   22.8011
    7.5000   15.0000   37.500011628.3506   22.8459
   -7.5000   22.5000   37.500010613.6602   22.7751
    0.0000   22.5000   37.500011042.2646   22.8133
    7.5000   22.5000   37.500010577.7627   22.8593
   -7.5000   30.0000   37.5000 9487.5830   22.5291
    0.0000   30.0000   37.5000 9856.7324   22.5608
    7.5000   30.0000   37.5000 9433.1582   22.6047
   -7.5000   37.5000   37.5000 8643.5117   22.6258
    0.0000   37.5000   37.5000 8960.0146   22.6534
    7.5000   37.5000   37.5000 8591.3623   22.6960
   -7.5000   45.0000   37.5000 7474.8477   22.2895
    0.0000   45.0000   37.5000 7745.8599   22.3206
    7.5000   45.0000   37.5000 7440.0498   22.3652
   -7.5000  -45.0000   45.000010529.4844   22.6684
    0.0000  -45.0000   45.000011034.0010   22.6902
    7.5000  -45.0000   45.000010615.2021   22.7397
   -7.5000  -37.5000   45.000010785.0205   22.6714
    0.0000  -37.5000   45.000011273.8936   22.6985
    7.5000  -37.5000   45.000010891.2695   22.7467
   -7.5000  -30.0000   45.000011402.0576   22.6836
    0.0000  -30.0000   45.000011912.9268   22.7165
    7.5000  -30.0000   45.000011509.1973   22.7626
   -7.5000  -22.5000   45.000011998.8564   22.6906
    0.0000  -22.5000   45.000012504.2139   22.7230
    7.5000  -22.5000   45.000012052.0020   22.7691
   -7.5000  -15.0000   45.000012434.7344   22.6859
    0.0000  -15.0000   45.000012971.9121   22.7137
    7.5000  -15.0000   45.000012474.6182   22.7599
   -7.5000   -7.5000   45.000012732.0039   22.6758
    0.0000   -7.5000   45.000013280.8027   22.6989
    7.5000   -7.5000   45.000012748.2471   22.7462
   -7.5000    0.0000   45.000012837.1631   22.6683
    0.0000    0.0000   45.000013377.0400   22.6901
    7.5000    0.0000   45.000012822.4297   22.7396
   -7.5000    7.5000   45.000011955.8584   22.6714
    0.0000    7.5000   45.000012473.2041   22.6985
    7.5000    7.5000   45.000011926.3672   22.7467
   -7.5000   15.0000   45.000010990.1328   22.6845
    0.0000   15.0000   45.000011456.3613   22.7175
    7.5000   15.0000   45.000010957.8750   22.7636
   -7.5000   22.5000   45.0000 9966.0557   22.6916
    0.0000   22.5000   45.000010368.6914   22.7240
    7.5000   22.5000   45.0000 9924.5371   22.7700
   -7.5000   30.0000   45.0000 8892.1416   22.4390
    0.0000   30.0000   45.0000 9230.2051   22.4669
    7.5000   30.0000   45.0000 8824.4365   22.5125
   -7.5000   37.5000   45.0000 8078.9580   22.5360
    0.0000   37.5000   45.0000 8384.5566   22.5584
    7.5000   37.5000   45.0000 8024.0474   22.6053
   -7.5000   45.0000   45.0000 6984.3999   22.2213
    0.0000   45.0000   45.0000 7247.1235   22.2437
    7.5000   45.0000   45.0000 6947.3428   22.2927

---------------------------------------------------------------------
imgreg_4dfp /opt/freesurfer/average/711-2C_as_mni_average_305 /opt/freesurfer/average/711-2B_as_mni_average_305_mask talsrcimg_g11 none talsrcimg_to_711-2C_as_mni_average_305_t4 4355
---------------------------------------------------------------------

freesurfer imgreg_4dfp.c
/opt/freesurfer/average/711-2C_as_mni_average_305.4dfp.img
       256       256       256         1
  1.000000  1.000000  1.000000
orientation T byte_order littleendian
Reading image: /opt/freesurfer/average/711-2C_as_mni_average_305.4dfp.img
dimensions:      256       256       256
mmppix:       1.0000   -1.0000   -1.0000
center:     128.0000 -129.0000 -129.0000
/opt/freesurfer/average/711-2B_as_mni_average_305_mask.4dfp.img
       256       256       256         1
  1.000000  1.000000  1.000000
orientation T byte_order littleendian
Reading mask: /opt/freesurfer/average/711-2B_as_mni_average_305_mask.4dfp.img (2306576 pixels)
talsrcimg_g11.4dfp.img
       256       256       256         1
  1.000000  1.000000  1.000000
orientation T byte_order littleendian
Reading image: talsrcimg_g11.4dfp.img
dimensions:      256       256       256
mmppix:       1.0000   -1.0000   -1.0000
center:     128.0000 -129.0000 -129.0000
rotation matrix determinant  1.000000
image alignment mode   4355 decimal     1103 hex
   -7.5000  -45.0000  -45.0000 1968.6593   23.4357
    0.0000  -45.0000  -45.0000 1995.7085   23.0260
    7.5000  -45.0000  -45.0000 1994.9360   23.0470
   -7.5000  -37.5000  -45.0000 2001.0826   22.4210
    0.0000  -37.5000  -45.0000 2026.2635   22.0497
    7.5000  -37.5000  -45.0000 2026.5564   22.0759
   -7.5000  -30.0000  -45.0000 2017.3284   21.9064
    0.0000  -30.0000  -45.0000 2041.4778   21.5476
    7.5000  -30.0000  -45.0000 2037.1305   21.6148
   -7.5000  -22.5000  -45.0000 2013.6196   21.9469
    0.0000  -22.5000  -45.0000 2036.1606   21.5481
    7.5000  -22.5000  -45.0000 2029.3309   21.6480
   -7.5000  -15.0000  -45.0000 1988.5298   22.3750
    0.0000  -15.0000  -45.0000 2009.4048   21.9770
    7.5000  -15.0000  -45.0000 2004.8870   22.0558
   -7.5000   -7.5000  -45.0000 1953.8601   23.2869
    0.0000   -7.5000  -45.0000 1976.5797   22.8732
    7.5000   -7.5000  -45.0000 1966.0930   22.9336
   -7.5000    0.0000  -45.0000 1895.5007   24.7203
    0.0000    0.0000  -45.0000 1913.4377   24.2936
    7.5000    0.0000  -45.0000 1902.7666   24.4440
   -7.5000    7.5000  -45.0000 1821.2921   26.7875
    0.0000    7.5000  -45.0000 1834.6809   26.3557
    7.5000    7.5000  -45.0000 1828.2435   26.5968
   -7.5000   15.0000  -45.0000 1733.0247   29.7680
    0.0000   15.0000  -45.0000 1747.0789   29.3295
    7.5000   15.0000  -45.0000 1733.9375   29.6626
   -7.5000   22.5000  -45.0000 1639.4712   33.9934
    0.0000   22.5000  -45.0000 1651.9952   33.4822
    7.5000   22.5000  -45.0000 1639.5438   33.7584
   -7.5000   30.0000  -45.0000 1537.1370   39.7952
    0.0000   30.0000  -45.0000 1547.4875   39.2272
    7.5000   30.0000  -45.0000 1535.3875   39.6233
   -7.5000   37.5000  -45.0000 1422.9127   48.2608
    0.0000   37.5000  -45.0000 1430.8806   47.5116
    7.5000   37.5000  -45.0000 1415.6820   47.9540
   -7.5000   45.0000  -45.0000 1296.4786   60.9021
    0.0000   45.0000  -45.0000 1306.1880   59.8528
    7.5000   45.0000  -45.0000 1290.1096   60.5682
   -7.5000  -45.0000  -37.5000 2078.3564   21.0471
    0.0000  -45.0000  -37.5000 2099.7058   20.7696
    7.5000  -45.0000  -37.5000 2098.8701   20.7104
   -7.5000  -37.5000  -37.5000 2110.1846   20.1942
    0.0000  -37.5000  -37.5000 2133.7498   19.8708
    7.5000  -37.5000  -37.5000 2133.2764   19.8387
   -7.5000  -30.0000  -37.5000 2131.8679   19.7590
    0.0000  -30.0000  -37.5000 2151.4824   19.4531
    7.5000  -30.0000  -37.5000 2149.3545   19.4327
   -7.5000  -22.5000  -37.5000 2125.6421   19.7675
    0.0000  -22.5000  -37.5000 2150.5972   19.4627
    7.5000  -22.5000  -37.5000 2144.0903   19.4705
   -7.5000  -15.0000  -37.5000 2101.6477   20.1772
    0.0000  -15.0000  -37.5000 2125.9585   19.8643
    7.5000  -15.0000  -37.5000 2116.4526   19.8731
   -7.5000   -7.5000  -37.5000 2059.5645   20.9856
    0.0000   -7.5000  -37.5000 2083.0588   20.6797
    7.5000   -7.5000  -37.5000 2071.3728   20.7427
   -7.5000    0.0000  -37.5000 1997.3021   22.2650
    0.0000    0.0000  -37.5000 2015.2567   21.9528
    7.5000    0.0000  -37.5000 2004.3427   22.0475
   -7.5000    7.5000  -37.5000 1918.6552   24.1198
    0.0000    7.5000  -37.5000 1929.9783   23.7445
    7.5000    7.5000  -37.5000 1923.7648   23.9056
   -7.5000   15.0000  -37.5000 1826.3481   26.7414
    0.0000   15.0000  -37.5000 1832.7743   26.3922
    7.5000   15.0000  -37.5000 1821.6490   26.5697
   -7.5000   22.5000  -37.5000 1722.6267   30.3571
    0.0000   22.5000  -37.5000 1729.7491   29.9653
    7.5000   22.5000  -37.5000 1717.1914   30.2148
   -7.5000   30.0000  -37.5000 1616.7936   35.4957
    0.0000   30.0000  -37.5000 1623.1312   34.9167
    7.5000   30.0000  -37.5000 1606.2795   35.1307
   -7.5000   37.5000  -37.5000 1494.8759   42.6180
    0.0000   37.5000  -37.5000 1496.6444   42.0545
    7.5000   37.5000  -37.5000 1478.6466   42.3869
   -7.5000   45.0000  -37.5000 1358.5341   53.2576
    0.0000   45.0000  -37.5000 1366.9850   52.5419
    7.5000   45.0000  -37.5000 1352.1823   53.0035
   -7.5000  -45.0000  -30.0000 2229.7732   19.7454
    0.0000  -45.0000  -30.0000 2247.9155   19.4939
    7.5000  -45.0000  -30.0000 2245.6638   19.4425
   -7.5000  -37.5000  -30.0000 2263.2861   18.9702
    0.0000  -37.5000  -30.0000 2284.0876   18.6855
    7.5000  -37.5000  -30.0000 2281.1831   18.6127
   -7.5000  -30.0000  -30.0000 2282.8862   18.5486
    0.0000  -30.0000  -30.0000 2301.5984   18.2873
    7.5000  -30.0000  -30.0000 2303.2913   18.2205
   -7.5000  -22.5000  -30.0000 2277.0381   18.5004
    0.0000  -22.5000  -30.0000 2301.6482   18.2616
    7.5000  -22.5000  -30.0000 2296.7566   18.2222
   -7.5000  -15.0000  -30.0000 2252.8655   18.8637
    0.0000  -15.0000  -30.0000 2275.6880   18.6410
    7.5000  -15.0000  -30.0000 2266.4382   18.6211
   -7.5000   -7.5000  -30.0000 2203.6917   19.6168
    0.0000   -7.5000  -30.0000 2223.3535   19.3896
    7.5000   -7.5000  -30.0000 2212.7659   19.4277
   -7.5000    0.0000  -30.0000 2137.3752   20.8245
    0.0000    0.0000  -30.0000 2154.4937   20.5713
    7.5000    0.0000  -30.0000 2142.3892   20.6213
   -7.5000    7.5000  -30.0000 2053.4387   22.5521
    0.0000    7.5000  -30.0000 2065.2871   22.2837
    7.5000    7.5000  -30.0000 2052.3730   22.3718
   -7.5000   15.0000  -30.0000 1955.1704   24.9391
    0.0000   15.0000  -30.0000 1961.8500   24.6674
    7.5000   15.0000  -30.0000 1945.1323   24.8007
   -7.5000   22.5000  -30.0000 1843.3844   28.2591
    0.0000   22.5000  -30.0000 1849.8960   27.9310
    7.5000   22.5000  -30.0000 1834.8098   28.0935
   -7.5000   30.0000  -30.0000 1719.5094   32.7955
    0.0000   30.0000  -30.0000 1724.2632   32.4296
    7.5000   30.0000  -30.0000 1710.3617   32.6067
   -7.5000   37.5000  -30.0000 1584.2957   39.2372
    0.0000   37.5000  -30.0000 1591.6113   38.7943
    7.5000   37.5000  -30.0000 1577.3470   39.0368
   -7.5000   45.0000  -30.0000 1451.8851   48.4609
    0.0000   45.0000  -30.0000 1460.2988   47.8224
    7.5000   45.0000  -30.0000 1441.9314   48.1829
   -7.5000  -45.0000  -22.5000 2354.3125   18.4388
    0.0000  -45.0000  -22.5000 2372.2898   18.2012
    7.5000  -45.0000  -22.5000 2369.7998   18.1851
   -7.5000  -37.5000  -22.5000 2390.1333   17.6885
    0.0000  -37.5000  -22.5000 2410.5432   17.4696
    7.5000  -37.5000  -22.5000 2408.2163   17.4466
   -7.5000  -30.0000  -22.5000 2407.2190   17.3134
    0.0000  -30.0000  -22.5000 2427.6448   17.0613
    7.5000  -30.0000  -22.5000 2427.0801   17.0649
   -7.5000  -22.5000  -22.5000 2407.8293   17.2458
    0.0000  -22.5000  -22.5000 2428.5095   17.0089
    7.5000  -22.5000  -22.5000 2422.4756   17.0008
   -7.5000  -15.0000  -22.5000 2381.4768   17.5790
    0.0000  -15.0000  -22.5000 2400.0359   17.3329
    7.5000  -15.0000  -22.5000 2393.7461   17.3718
   -7.5000   -7.5000  -22.5000 2330.4211   18.2521
    0.0000   -7.5000  -22.5000 2341.9617   18.0218
    7.5000   -7.5000  -22.5000 2337.0645   18.1066
   -7.5000    0.0000  -22.5000 2259.7856   19.3751
    0.0000    0.0000  -22.5000 2267.3491   19.1468
    7.5000    0.0000  -22.5000 2257.2439   19.2063
   -7.5000    7.5000  -22.5000 2167.1636   20.9903
    0.0000    7.5000  -22.5000 2174.6436   20.7336
    7.5000    7.5000  -22.5000 2162.6775   20.8217
   -7.5000   15.0000  -22.5000 2058.0027   23.1898
    0.0000   15.0000  -22.5000 2065.8652   22.9409
    7.5000   15.0000  -22.5000 2051.0588   23.0824
   -7.5000   22.5000  -22.5000 1941.9635   26.1981
    0.0000   22.5000  -22.5000 1952.0961   25.9463
    7.5000   22.5000  -22.5000 1934.9553   26.1236
   -7.5000   30.0000  -22.5000 1812.4690   30.3450
    0.0000   30.0000  -22.5000 1812.9194   29.9861
    7.5000   30.0000  -22.5000 1797.2913   30.1752
   -7.5000   37.5000  -22.5000 1667.8536   36.0544
    0.0000   37.5000  -22.5000 1673.4484   35.6610
    7.5000   37.5000  -22.5000 1657.6537   35.8360
   -7.5000   45.0000  -22.5000 1528.5441   44.1322
    0.0000   45.0000  -22.5000 1528.2571   43.5272
    7.5000   45.0000  -22.5000 1514.5647   43.9190
   -7.5000  -45.0000  -15.0000 2451.3926   17.1810
    0.0000  -45.0000  -15.0000 2468.1560   16.9707
    7.5000  -45.0000  -15.0000 2465.7620   17.0063
   -7.5000  -37.5000  -15.0000 2498.5554   16.4720
    0.0000  -37.5000  -15.0000 2515.7798   16.2794
    7.5000  -37.5000  -15.0000 2512.2729   16.3413
   -7.5000  -30.0000  -15.0000 2516.7986   16.1757
    0.0000  -30.0000  -15.0000 2536.2825   15.9573
    7.5000  -30.0000  -15.0000 2529.2886   16.0049
   -7.5000  -22.5000  -15.0000 2519.2310   16.1239
    0.0000  -22.5000  -15.0000 2537.5183   15.8973
    7.5000  -22.5000  -15.0000 2531.7708   15.9559
   -7.5000  -15.0000  -15.0000 2492.3574   16.4054
    0.0000  -15.0000  -15.0000 2508.0518   16.1731
    7.5000  -15.0000  -15.0000 2498.6289   16.2776
   -7.5000   -7.5000  -15.0000 2439.5339   17.0040
    0.0000   -7.5000  -15.0000 2449.5176   16.8163
    7.5000   -7.5000  -15.0000 2441.0750   16.9026
   -7.5000    0.0000  -15.0000 2361.4536   18.0504
    0.0000    0.0000  -15.0000 2365.1707   17.8372
    7.5000    0.0000  -15.0000 2352.0039   17.9631
   -7.5000    7.5000  -15.0000 2255.7217   19.5419
    0.0000    7.5000  -15.0000 2266.2351   19.3207
    7.5000    7.5000  -15.0000 2251.5872   19.4388
   -7.5000   15.0000  -15.0000 2139.6970   21.6145
    0.0000   15.0000  -15.0000 2144.3328   21.3737
    7.5000   15.0000  -15.0000 2131.4707   21.4986
   -7.5000   22.5000  -15.0000 2016.5945   24.3639
    0.0000   22.5000  -15.0000 2026.3282   24.1365
    7.5000   22.5000  -15.0000 2009.1064   24.3593
   -7.5000   30.0000  -15.0000 1879.0385   28.1546
    0.0000   30.0000  -15.0000 1885.7435   27.8952
    7.5000   30.0000  -15.0000 1869.7128   28.1301
   -7.5000   37.5000  -15.0000 1732.7706   33.3848
    0.0000   37.5000  -15.0000 1737.8969   32.9894
    7.5000   37.5000  -15.0000 1724.8032   33.2400
   -7.5000   45.0000  -15.0000 1587.7430   40.6153
    0.0000   45.0000  -15.0000 1589.6630   40.0090
    7.5000   45.0000  -15.0000 1570.7407   40.3741
   -7.5000  -45.0000   -7.5000 2540.1631   16.0318
    0.0000  -45.0000   -7.5000 2556.5071   15.8067
    7.5000  -45.0000   -7.5000 2555.0176   15.8810
   -7.5000  -37.5000   -7.5000 2595.4758   15.3710
    0.0000  -37.5000   -7.5000 2611.5420   15.1630
    7.5000  -37.5000   -7.5000 2606.6648   15.2572
   -7.5000  -30.0000   -7.5000 2618.1233   15.0782
    0.0000  -30.0000   -7.5000 2642.7944   14.9103
    7.5000  -30.0000   -7.5000 2627.6514   15.0035
   -7.5000  -22.5000   -7.5000 2622.4258   15.1059
    0.0000  -22.5000   -7.5000 2643.7378   14.9168
    7.5000  -22.5000   -7.5000 2630.5120   15.0299
   -7.5000  -15.0000   -7.5000 2591.8474   15.3968
    0.0000  -15.0000   -7.5000 2610.6433   15.1794
    7.5000  -15.0000   -7.5000 2600.6663   15.3035
   -7.5000   -7.5000   -7.5000 2536.3806   15.9528
    0.0000   -7.5000   -7.5000 2548.6365   15.7421
    7.5000   -7.5000   -7.5000 2535.4465   15.8789
   -7.5000    0.0000   -7.5000 2447.4695   16.8627
    0.0000    0.0000   -7.5000 2459.7371   16.6939
    7.5000    0.0000   -7.5000 2439.8027   16.8476
   -7.5000    7.5000   -7.5000 2337.1614   18.2743
    0.0000    7.5000   -7.5000 2347.8594   18.1064
    7.5000    7.5000   -7.5000 2328.7007   18.2378
   -7.5000   15.0000   -7.5000 2214.9905   20.2139
    0.0000   15.0000   -7.5000 2216.8979   20.0223
    7.5000   15.0000   -7.5000 2198.9951   20.1657
   -7.5000   22.5000   -7.5000 2080.3455   22.8282
    0.0000   22.5000   -7.5000 2084.6489   22.5897
    7.5000   22.5000   -7.5000 2062.0149   22.7928
   -7.5000   30.0000   -7.5000 1933.7479   26.2783
    0.0000   30.0000   -7.5000 1942.5382   26.0700
    7.5000   30.0000   -7.5000 1923.4116   26.2005
   -7.5000   37.5000   -7.5000 1786.5238   30.9893
    0.0000   37.5000   -7.5000 1790.5562   30.6941
    7.5000   37.5000   -7.5000 1775.9706   30.8678
   -7.5000   45.0000   -7.5000 1634.4591   37.5423
    0.0000   45.0000   -7.5000 1637.3658   36.9793
    7.5000   45.0000   -7.5000 1623.0544   37.3572
   -7.5000  -45.0000    0.0000 2616.1931   15.1049
    0.0000  -45.0000    0.0000 2635.4365   14.8833
    7.5000  -45.0000    0.0000 2629.5122   14.9355
   -7.5000  -37.5000    0.0000 2679.3701   14.4626
    0.0000  -37.5000    0.0000 2704.0161   14.2574
    7.5000  -37.5000    0.0000 2690.6677   14.3370
   -7.5000  -30.0000    0.0000 2715.0156   14.2176
    0.0000  -30.0000    0.0000 2739.4971   14.0367
    7.5000  -30.0000    0.0000 2721.9060   14.1368
   -7.5000  -22.5000    0.0000 2723.9385   14.2679
    0.0000  -22.5000    0.0000 2742.8096   14.0938
    7.5000  -22.5000    0.0000 2724.1265   14.2083
   -7.5000  -15.0000    0.0000 2689.3984   14.5570
    0.0000  -15.0000    0.0000 2704.8608   14.3675
    7.5000  -15.0000    0.0000 2689.3701   14.5285
   -7.5000   -7.5000    0.0000 2626.8762   15.0889
    0.0000   -7.5000    0.0000 2640.3030   14.9022
    7.5000   -7.5000    0.0000 2620.8850   15.0757
   -7.5000    0.0000    0.0000 2526.7468   15.9795
    0.0000    0.0000    0.0000 2545.8486   15.7856
    7.5000    0.0000    0.0000 2522.6990   15.9691
   -7.5000    7.5000    0.0000 2405.9744   17.3063
    0.0000    7.5000    0.0000 2420.5061   17.1162
    7.5000    7.5000    0.0000 2403.7473   17.3088
   -7.5000   15.0000    0.0000 2270.5044   19.1486
    0.0000   15.0000    0.0000 2278.8892   18.9745
    7.5000   15.0000    0.0000 2264.1509   19.1182
   -7.5000   22.5000    0.0000 2131.6755   21.5545
    0.0000   22.5000    0.0000 2132.9851   21.3064
    7.5000   22.5000    0.0000 2118.9431   21.5158
   -7.5000   30.0000    0.0000 1980.6332   24.7527
    0.0000   30.0000    0.0000 1981.7871   24.4812
    7.5000   30.0000    0.0000 1968.2607   24.6697
   -7.5000   37.5000    0.0000 1826.3650   29.0212
    0.0000   37.5000    0.0000 1835.8828   28.7148
    7.5000   37.5000    0.0000 1817.0400   28.9275
   -7.5000   45.0000    0.0000 1667.3507   34.9845
    0.0000   45.0000    0.0000 1674.4919   34.5339
    7.5000   45.0000    0.0000 1662.2444   34.8816
   -7.5000  -45.0000    7.5000 2675.0928   14.4298
    0.0000  -45.0000    7.5000 2701.2529   14.1578
    7.5000  -45.0000    7.5000 2690.1987   14.2488
   -7.5000  -37.5000    7.5000 2753.4905   13.8023
    0.0000  -37.5000    7.5000 2783.0095   13.5303
    7.5000  -37.5000    7.5000 2766.8911   13.6530
   -7.5000  -30.0000    7.5000 2803.5349   13.5791
    0.0000  -30.0000    7.5000 2825.3613   13.3381
    7.5000  -30.0000    7.5000 2802.3049   13.4602
   -7.5000  -22.5000    7.5000 2812.0691   13.6412
    0.0000  -22.5000    7.5000 2829.3999   13.4325
    7.5000  -22.5000    7.5000 2809.4976   13.5500
   -7.5000  -15.0000    7.5000 2780.6487   13.9054
    0.0000  -15.0000    7.5000 2794.3970   13.7340
    7.5000  -15.0000    7.5000 2770.5508   13.8906
   -7.5000   -7.5000    7.5000 2706.9561   14.4688
    0.0000   -7.5000    7.5000 2718.1360   14.2854
    7.5000   -7.5000    7.5000 2692.4583   14.4737
   -7.5000    0.0000    7.5000 2594.7927   15.3259
    0.0000    0.0000    7.5000 2611.0295   15.1390
    7.5000    0.0000    7.5000 2588.4170   15.3020
   -7.5000    7.5000    7.5000 2466.8079   16.5810
    0.0000    7.5000    7.5000 2481.9524   16.3868
    7.5000    7.5000    7.5000 2463.4065   16.5602
   -7.5000   15.0000    7.5000 2321.2065   18.3154
    0.0000   15.0000    7.5000 2336.6018   18.1075
    7.5000   15.0000    7.5000 2319.4155   18.2553
   -7.5000   22.5000    7.5000 2174.4602   20.5838
    0.0000   22.5000    7.5000 2180.4280   20.3426
    7.5000   22.5000    7.5000 2167.4727   20.5155
   -7.5000   30.0000    7.5000 2012.8312   23.5727
    0.0000   30.0000    7.5000 2015.5486   23.3008
    7.5000   30.0000    7.5000 2000.7426   23.4951
   -7.5000   37.5000    7.5000 1853.3242   27.5407
    0.0000   37.5000    7.5000 1859.7418   27.2188
    7.5000   37.5000    7.5000 1850.4728   27.4752
   -7.5000   45.0000    7.5000 1692.5719   33.0918
    0.0000   45.0000    7.5000 1698.3744   32.6827
    7.5000   45.0000    7.5000 1687.5177   32.9653
   -7.5000  -45.0000   15.0000 2716.0857   13.9919
    0.0000  -45.0000   15.0000 2742.3381   13.6939
    7.5000  -45.0000   15.0000 2737.4604   13.8225
   -7.5000  -37.5000   15.0000 2809.9541   13.3583
    0.0000  -37.5000   15.0000 2838.8276   13.0512
    7.5000  -37.5000   15.0000 2826.1448   13.2341
   -7.5000  -30.0000   15.0000 2864.9861   13.0786
    0.0000  -30.0000   15.0000 2893.9065   12.7847
    7.5000  -30.0000   15.0000 2870.0732   12.9779
   -7.5000  -22.5000   15.0000 2867.4170   13.1088
    0.0000  -22.5000   15.0000 2888.5530   12.8947
    7.5000  -22.5000   15.0000 2871.2446   13.0829
   -7.5000  -15.0000   15.0000 2832.6548   13.4614
    0.0000  -15.0000   15.0000 2853.9924   13.2560
    7.5000  -15.0000   15.0000 2830.0767   13.4604
   -7.5000   -7.5000   15.0000 2754.7944   14.0679
    0.0000   -7.5000   15.0000 2768.5593   13.8665
    7.5000   -7.5000   15.0000 2747.5806   14.0357
   -7.5000    0.0000   15.0000 2632.8013   14.9143
    0.0000    0.0000   15.0000 2647.7246   14.6832
    7.5000    0.0000   15.0000 2628.3074   14.8337
   -7.5000    7.5000   15.0000 2500.5342   16.0941
    0.0000    7.5000   15.0000 2514.7708   15.8586
    7.5000    7.5000   15.0000 2495.5535   16.0030
   -7.5000   15.0000   15.0000 2350.6616   17.7093
    0.0000   15.0000   15.0000 2368.3489   17.4770
    7.5000   15.0000   15.0000 2345.2686   17.6166
   -7.5000   22.5000   15.0000 2201.0920   19.8366
    0.0000   22.5000   15.0000 2208.8125   19.6521
    7.5000   22.5000   15.0000 2189.3853   19.7997
   -7.5000   30.0000   15.0000 2029.5765   22.7154
    0.0000   30.0000   15.0000 2038.6843   22.5259
    7.5000   30.0000   15.0000 2021.7649   22.6888
   -7.5000   37.5000   15.0000 1865.9088   26.4669
    0.0000   37.5000   15.0000 1872.8633   26.2123
    7.5000   37.5000   15.0000 1858.2927   26.4375
   -7.5000   45.0000   15.0000 1701.5945   31.6299
    0.0000   45.0000   15.0000 1705.5573   31.1677
    7.5000   45.0000   15.0000 1699.2000   31.5648
   -7.5000  -45.0000   22.5000 2731.4265   13.8226
    0.0000  -45.0000   22.5000 2757.2004   13.5211
    7.5000  -45.0000   22.5000 2760.0762   13.6744
   -7.5000  -37.5000   22.5000 2834.5117   13.1789
    0.0000  -37.5000   22.5000 2868.9619   12.9186
    7.5000  -37.5000   22.5000 2859.4314   13.0777
   -7.5000  -30.0000   22.5000 2893.8142   12.8060
    0.0000  -30.0000   22.5000 2935.4280   12.5283
    7.5000  -30.0000   22.5000 2906.1616   12.7814
   -7.5000  -22.5000   22.5000 2896.5195   12.9119
    0.0000  -22.5000   22.5000 2931.6653   12.6384
    7.5000  -22.5000   22.5000 2905.9653   12.9046
   -7.5000  -15.0000   22.5000 2856.4304   13.2657
    0.0000  -15.0000   22.5000 2883.1206   13.0463
    7.5000  -15.0000   22.5000 2854.7126   13.2275
   -7.5000   -7.5000   22.5000 2772.1257   13.8620
    0.0000   -7.5000   22.5000 2793.7495   13.6598
    7.5000   -7.5000   22.5000 2766.2327   13.8030
   -7.5000    0.0000   22.5000 2648.0369   14.7029
    0.0000    0.0000   22.5000 2667.1624   14.5009
    7.5000    0.0000   22.5000 2645.4014   14.6021
   -7.5000    7.5000   22.5000 2507.8750   15.8473
    0.0000    7.5000   22.5000 2526.2998   15.6403
    7.5000    7.5000   22.5000 2502.7249   15.7395
   -7.5000   15.0000   22.5000 2360.4753   17.4074
    0.0000   15.0000   22.5000 2375.2173   17.1957
    7.5000   15.0000   22.5000 2351.9604   17.2734
   -7.5000   22.5000   22.5000 2205.6978   19.4918
    0.0000   22.5000   22.5000 2212.6348   19.3076
    7.5000   22.5000   22.5000 2193.4746   19.4042
   -7.5000   30.0000   22.5000 2034.7778   22.2907
    0.0000   30.0000   22.5000 2043.8925   22.0398
    7.5000   30.0000   22.5000 2026.7094   22.2094
   -7.5000   37.5000   22.5000 1869.0406   25.8923
    0.0000   37.5000   22.5000 1875.6045   25.6052
    7.5000   37.5000   22.5000 1862.0989   25.8615
   -7.5000   45.0000   22.5000 1699.9861   30.6646
    0.0000   45.0000   22.5000 1705.8794   30.2370
    7.5000   45.0000   22.5000 1698.7848   30.6483
   -7.5000  -45.0000   30.0000 2715.2285   13.9260
    0.0000  -45.0000   30.0000 2745.0925   13.5667
    7.5000  -45.0000   30.0000 2741.5933   13.8240
   -7.5000  -37.5000   30.0000 2819.8792   13.2450
    0.0000  -37.5000   30.0000 2858.9265   12.9798
    7.5000  -37.5000   30.0000 2845.5381   13.1853
   -7.5000  -30.0000   30.0000 2881.2678   12.9386
    0.0000  -30.0000   30.0000 2925.9294   12.6559
    7.5000  -30.0000   30.0000 2898.1814   12.9174
   -7.5000  -22.5000   30.0000 2890.6685   12.9837
    0.0000  -22.5000   30.0000 2931.5903   12.7177
    7.5000  -22.5000   30.0000 2898.8516   12.9304
   -7.5000  -15.0000   30.0000 2846.9421   13.2878
    0.0000  -15.0000   30.0000 2873.1770   13.0615
    7.5000  -15.0000   30.0000 2842.5876   13.2127
   -7.5000   -7.5000   30.0000 2759.0220   13.8552
    0.0000   -7.5000   30.0000 2779.9817   13.6213
    7.5000   -7.5000   30.0000 2754.5261   13.7503
   -7.5000    0.0000   30.0000 2630.6106   14.7038
    0.0000    0.0000   30.0000 2650.1067   14.4752
    7.5000    0.0000   30.0000 2629.6335   14.5684
   -7.5000    7.5000   30.0000 2490.9827   15.8318
    0.0000    7.5000   30.0000 2508.3647   15.6056
    7.5000    7.5000   30.0000 2490.1167   15.7156
   -7.5000   15.0000   30.0000 2342.6650   17.3953
    0.0000   15.0000   30.0000 2359.1055   17.1501
    7.5000   15.0000   30.0000 2337.6387   17.2603
   -7.5000   22.5000   30.0000 2185.8369   19.4334
    0.0000   22.5000   30.0000 2193.8816   19.1978
    7.5000   22.5000   30.0000 2179.7551   19.3242
   -7.5000   30.0000   30.0000 2018.3190   22.0980
    0.0000   30.0000   30.0000 2026.1211   21.8532
    7.5000   30.0000   30.0000 2014.6339   21.9649
   -7.5000   37.5000   30.0000 1859.1056   25.5359
    0.0000   37.5000   30.0000 1863.9092   25.3266
    7.5000   37.5000   30.0000 1854.9357   25.5213
   -7.5000   45.0000   30.0000 1686.5010   30.2810
    0.0000   45.0000   30.0000 1697.5774   29.8720
    7.5000   45.0000   30.0000 1690.0402   30.2493
   -7.5000  -45.0000   37.5000 2685.2615   14.2434
    0.0000  -45.0000   37.5000 2711.3389   13.9238
    7.5000  -45.0000   37.5000 2709.2458   14.1649
   -7.5000  -37.5000   37.5000 2784.4661   13.5475
    0.0000  -37.5000   37.5000 2816.6997   13.2677
    7.5000  -37.5000   37.5000 2807.8462   13.5138
   -7.5000  -30.0000   37.5000 2836.8096   13.2663
    0.0000  -30.0000   37.5000 2874.9507   13.0040
    7.5000  -30.0000   37.5000 2854.0149   13.2495
   -7.5000  -22.5000   37.5000 2848.7634   13.3024
    0.0000  -22.5000   37.5000 2880.9539   13.0538
    7.5000  -22.5000   37.5000 2857.9836   13.2354
   -7.5000  -15.0000   37.5000 2800.3088   13.5808
    0.0000  -15.0000   37.5000 2824.4939   13.3455
    7.5000  -15.0000   37.5000 2803.6377   13.4680
   -7.5000   -7.5000   37.5000 2718.2781   14.0672
    0.0000   -7.5000   37.5000 2738.3271   13.8320
    7.5000   -7.5000   37.5000 2716.7720   13.9378
   -7.5000    0.0000   37.5000 2602.0986   14.8699
    0.0000    0.0000   37.5000 2616.3042   14.6312
    7.5000    0.0000   37.5000 2595.8950   14.7130
   -7.5000    7.5000   37.5000 2458.0991   16.0125
    0.0000    7.5000   37.5000 2479.2417   15.7826
    7.5000    7.5000   37.5000 2460.8523   15.8512
   -7.5000   15.0000   37.5000 2310.7661   17.5527
    0.0000   15.0000   37.5000 2327.5674   17.3176
    7.5000   15.0000   37.5000 2312.2683   17.4094
   -7.5000   22.5000   37.5000 2157.4363   19.5698
    0.0000   22.5000   37.5000 2166.9053   19.3257
    7.5000   22.5000   37.5000 2158.0742   19.4492
   -7.5000   30.0000   37.5000 1992.9966   22.1853
    0.0000   30.0000   37.5000 2002.3925   21.9000
    7.5000   30.0000   37.5000 1988.8029   22.1133
   -7.5000   37.5000   37.5000 1831.5884   25.6032
    0.0000   37.5000   37.5000 1841.8024   25.3262
    7.5000   37.5000   37.5000 1829.4539   25.5885
   -7.5000   45.0000   37.5000 1671.1180   30.4383
    0.0000   45.0000   37.5000 1682.9434   30.0558
    7.5000   45.0000   37.5000 1674.5679   30.3952
   -7.5000  -45.0000   45.0000 2637.2461   14.8496
    0.0000  -45.0000   45.0000 2661.3955   14.5408
    7.5000  -45.0000   45.0000 2648.4504   14.7622
   -7.5000  -37.5000   45.0000 2725.6162   14.1542
    0.0000  -37.5000   45.0000 2753.8069   13.8520
    7.5000  -37.5000   45.0000 2737.3765   14.0857
   -7.5000  -30.0000   45.0000 2768.6689   13.8455
    0.0000  -30.0000   45.0000 2796.9141   13.5785
    7.5000  -30.0000   45.0000 2783.2644   13.7744
   -7.5000  -22.5000   45.0000 2776.3330   13.8311
    0.0000  -22.5000   45.0000 2801.6589   13.5735
    7.5000  -22.5000   45.0000 2781.9058   13.7380
   -7.5000  -15.0000   45.0000 2729.6316   14.0573
    0.0000  -15.0000   45.0000 2754.2292   13.8077
    7.5000  -15.0000   45.0000 2733.5710   13.9323
   -7.5000   -7.5000   45.0000 2648.6790   14.5540
    0.0000   -7.5000   45.0000 2669.8774   14.3010
    7.5000   -7.5000   45.0000 2649.2043   14.4225
   -7.5000    0.0000   45.0000 2538.3477   15.3484
    0.0000    0.0000   45.0000 2552.9966   15.0815
    7.5000    0.0000   45.0000 2535.7576   15.1880
   -7.5000    7.5000   45.0000 2411.8164   16.4689
    0.0000    7.5000   45.0000 2429.6687   16.2020
    7.5000    7.5000   45.0000 2410.9126   16.3153
   -7.5000   15.0000   45.0000 2265.6992   18.0290
    0.0000   15.0000   45.0000 2284.4871   17.7490
    7.5000   15.0000   45.0000 2269.5120   17.8425
   -7.5000   22.5000   45.0000 2117.5745   19.9981
    0.0000   22.5000   45.0000 2128.7729   19.7013
    7.5000   22.5000   45.0000 2117.4661   19.8129
   -7.5000   30.0000   45.0000 1962.5437   22.5726
    0.0000   30.0000   45.0000 1968.9391   22.2657
    7.5000   30.0000   45.0000 1957.6923   22.4484
   -7.5000   37.5000   45.0000 1805.0873   26.0566
    0.0000   37.5000   45.0000 1813.8588   25.7077
    7.5000   37.5000   45.0000 1803.0970   25.9475
   -7.5000   45.0000   45.0000 1647.0015   31.0438
    0.0000   45.0000   45.0000 1655.1758   30.5960
    7.5000   45.0000   45.0000 1647.7704   30.8848

---------------------------------------------------------------------
imgreg_4dfp /opt/freesurfer/average/711-2C_as_mni_average_305 /opt/freesurfer/average/711-2B_as_mni_average_305_mask talsrcimg_g11 none talsrcimg_to_711-2C_as_mni_average_305_t4 1283
---------------------------------------------------------------------

freesurfer imgreg_4dfp.c
/opt/freesurfer/average/711-2C_as_mni_average_305.4dfp.img
       256       256       256         1
  1.000000  1.000000  1.000000
orientation T byte_order littleendian
Reading image: /opt/freesurfer/average/711-2C_as_mni_average_305.4dfp.img
dimensions:      256       256       256
mmppix:       1.0000   -1.0000   -1.0000
center:     128.0000 -129.0000 -129.0000
/opt/freesurfer/average/711-2B_as_mni_average_305_mask.4dfp.img
       256       256       256         1
  1.000000  1.000000  1.000000
orientation T byte_order littleendian
Reading mask: /opt/freesurfer/average/711-2B_as_mni_average_305_mask.4dfp.img (2306576 pixels)
talsrcimg_g11.4dfp.img
       256       256       256         1
  1.000000  1.000000  1.000000
orientation T byte_order littleendian
Reading image: talsrcimg_g11.4dfp.img
dimensions:      256       256       256
mmppix:       1.0000   -1.0000   -1.0000
center:     128.0000 -129.0000 -129.0000
rotation matrix determinant  1.000000
fimgreg.f
image alignment mode   1283 decimal      503 hex
parameters
    0.0000  -30.0000   22.5000    0.0000    0.0000    0.0000
eta,q 0.92143 12.49599
niter,ni,del,rscale     5    3   12.0000    1.2000
parameter  2 -0.588107 -> -0.500000 qaram    1.1500
parameter  6 -2.193490 -> -0.500000 qaram    1.1500
parameters
    0.4142  -26.5500   25.4865   -2.2421    2.5146    3.4500
eta,q 0.92709 12.25649
  0.0899  0.0934  0.0865  0.0744  0.0817  0.0775
  0.0851  0.0874  0.0815  0.0744  0.0781  0.0765
  0.0804  0.0824  0.0775  0.0739  0.0752  0.0754
  0.0788  0.0783  0.0750  0.0736  0.0740  0.0739
  0.0785  0.0757  0.0737  0.0747  0.0738  0.0731
  0.0821  0.0754  0.0740  0.0766  0.0742  0.0727
  0.0880  0.0774  0.0749  0.0780  0.0744  0.0719
niter,ni,del,rscale     6    3   12.0000    1.2000
parameter  4  2.165369 ->  0.500000 qaram    1.1500
parameter  5 -0.634583 -> -0.500000 qaram    1.1500
parameter  6 -0.749118 -> -0.500000 qaram    1.3225
parameters
    0.0254  -26.0179   26.6907   -5.6921    5.9646    7.4175
eta,q 0.93096 12.41655
  0.0813  0.0830  0.0763  0.0704  0.0798  0.0764
  0.0760  0.0762  0.0737  0.0715  0.0764  0.0751
  0.0734  0.0731  0.0731  0.0721  0.0733  0.0723
  0.0729  0.0729  0.0729  0.0729  0.0717  0.0703
  0.0738  0.0736  0.0728  0.0738  0.0707  0.0693
  0.0777  0.0756  0.0721  0.0749  0.0702  0.0690
  0.0841  0.0792  0.0743  0.0767  0.0706  0.0695
niter,ni,del,rscale     7    3   12.0000    1.2000
parameter  4  0.957668 ->  0.500000 qaram    1.3225
parameters
   -1.3577  -25.2386   25.2964   -9.6596    9.1468    5.9205
eta,q 0.93562 12.37804
  0.0746  0.0798  0.0709  0.0668  0.0751  0.0690
  0.0700  0.0735  0.0689  0.0663  0.0709  0.0663
  0.0683  0.0695  0.0684  0.0672  0.0683  0.0645
  0.0690  0.0684  0.0683  0.0684  0.0664  0.0647
  0.0715  0.0687  0.0691  0.0698  0.0650  0.0666
  0.0768  0.0712  0.0721  0.0715  0.0648  0.0700
  0.0839  0.0751  0.0765  0.0736  0.0668  0.0733
niter,ni,del,rscale     7    3   12.0000    1.2000
parameter  4  0.600899 ->  0.500000 qaram    1.5209
parameters
   -2.7059  -24.1904   24.6031  -14.2222   10.0493    5.7649
eta,q 0.94010 12.37588
  0.0724  0.0766  0.0678  0.0624  0.0717  0.0695
  0.0656  0.0695  0.0643  0.0606  0.0674  0.0645
  0.0633  0.0650  0.0631  0.0609  0.0635  0.0608
  0.0644  0.0633  0.0634  0.0631  0.0605  0.0599
  0.0685  0.0641  0.0651  0.0655  0.0602  0.0618
  0.0754  0.0662  0.0666  0.0681  0.0635  0.0653
  0.0820  0.0698  0.0690  0.0720  0.0680  0.0697
niter,ni,del,rscale     7    3   12.0000    1.2000
parameters
   -3.0779  -22.2466   24.1586  -15.6484   10.1420    5.6898
eta,q 0.94169 12.42234
  0.0749  0.0780  0.0665  0.0654  0.0677  0.0682
  0.0671  0.0706  0.0611  0.0601  0.0635  0.0630
  0.0612  0.0644  0.0589  0.0579  0.0601  0.0592
  0.0599  0.0597  0.0594  0.0590  0.0583  0.0583
  0.0637  0.0596  0.0619  0.0618  0.0594  0.0598
  0.0704  0.0619  0.0638  0.0650  0.0634  0.0635
  0.0781  0.0655  0.0671  0.0686  0.0673  0.0683
niter,ni,del,rscale     6    3   12.0000    1.2000
parameters
   -3.2157  -21.6087   23.9904  -16.2847   10.2447    5.8061
eta,q 0.94197 12.44525
  0.0734  0.0733  0.0666  0.0667  0.0670  0.0680
  0.0664  0.0663  0.0606  0.0610  0.0631  0.0630
  0.0608  0.0602  0.0580  0.0575  0.0597  0.0591
  0.0583  0.0583  0.0586  0.0584  0.0580  0.0580
  0.0606  0.0598  0.0608  0.0608  0.0590  0.0592
  0.0669  0.0629  0.0624  0.0642  0.0629  0.0626
  0.0754  0.0685  0.0658  0.0672  0.0666  0.0673
niter,ni,del,rscale     5    3   12.0000    1.2000
parameters
   -3.2860  -21.3887   23.9059  -16.5659   10.3408    5.8936
eta,q 0.94211 12.45272
  0.0729  0.0719  0.0665  0.0675  0.0668  0.0676
  0.0660  0.0650  0.0604  0.0616  0.0629  0.0628
  0.0606  0.0592  0.0576  0.0576  0.0596  0.0590
  0.0580  0.0580  0.0581  0.0581  0.0579  0.0579
  0.0599  0.0599  0.0604  0.0605  0.0589  0.0590
  0.0659  0.0635  0.0619  0.0637  0.0628  0.0625
  0.0743  0.0702  0.0653  0.0668  0.0664  0.0672
niter,ni,del,rscale     4    3   12.0000    1.2000
parameters
   -3.3268  -21.3044   23.8580  -16.7019   10.4034    5.9424
eta,q 0.94221 12.45512
  0.0728  0.0715  0.0665  0.0678  0.0666  0.0674
  0.0659  0.0646  0.0604  0.0619  0.0628  0.0627
  0.0606  0.0589  0.0574  0.0576  0.0595  0.0588
  0.0579  0.0579  0.0579  0.0579  0.0578  0.0578
  0.0596  0.0599  0.0603  0.0603  0.0589  0.0589
  0.0656  0.0637  0.0617  0.0635  0.0628  0.0624
  0.0740  0.0708  0.0650  0.0667  0.0663  0.0672
niter,ni,del,rscale     3    3   12.0000    1.2000
parameters
   -3.3505  -21.2677   23.8250  -16.7717   10.4430    5.9686
eta,q 0.94226 12.45629
  0.0728  0.0713  0.0665  0.0679  0.0665  0.0673
  0.0659  0.0645  0.0603  0.0620  0.0628  0.0626
  0.0605  0.0588  0.0573  0.0576  0.0594  0.0587
  0.0578  0.0578  0.0578  0.0578  0.0577  0.0577
  0.0594  0.0598  0.0603  0.0602  0.0589  0.0589
  0.0654  0.0638  0.0616  0.0634  0.0629  0.0624
  0.0738  0.0710  0.0649  0.0666  0.0663  0.0671
registration optimization eta report
parameter search radius
    6.0000    6.9000    6.0000    9.1253    6.9000    7.9350
100000*second partial in parameter space
       42.       28.       22.       11.       18.       15.
  0.0728  0.0713  0.0665  0.0679  0.0665  0.0673
  0.0659  0.0645  0.0603  0.0620  0.0628  0.0626
  0.0605  0.0588  0.0573  0.0576  0.0594  0.0587
  0.0578  0.0578  0.0578  0.0578  0.0577  0.0577
  0.0594  0.0598  0.0603  0.0602  0.0589  0.0589
  0.0654  0.0638  0.0616  0.0634  0.0629  0.0624
  0.0738  0.0710  0.0649  0.0666  0.0663  0.0671
   -3.3505  -21.2677   23.8250  -16.7717   10.4430    5.9686
eta,q 0.94226 12.45629

---------------------------------------------------------------------
imgreg_4dfp /opt/freesurfer/average/711-2C_as_mni_average_305 /opt/freesurfer/average/711-2B_as_mni_average_305_mask talsrcimg_g11 none talsrcimg_to_711-2C_as_mni_average_305_t4 3335
---------------------------------------------------------------------

freesurfer imgreg_4dfp.c
/opt/freesurfer/average/711-2C_as_mni_average_305.4dfp.img
       256       256       256         1
  1.000000  1.000000  1.000000
orientation T byte_order littleendian
Reading image: /opt/freesurfer/average/711-2C_as_mni_average_305.4dfp.img
dimensions:      256       256       256
mmppix:       1.0000   -1.0000   -1.0000
center:     128.0000 -129.0000 -129.0000
/opt/freesurfer/average/711-2B_as_mni_average_305_mask.4dfp.img
       256       256       256         1
  1.000000  1.000000  1.000000
orientation T byte_order littleendian
Reading mask: /opt/freesurfer/average/711-2B_as_mni_average_305_mask.4dfp.img (2306576 pixels)
talsrcimg_g11.4dfp.img
       256       256       256         1
  1.000000  1.000000  1.000000
orientation T byte_order littleendian
Reading image: talsrcimg_g11.4dfp.img
dimensions:      256       256       256
mmppix:       1.0000   -1.0000   -1.0000
center:     128.0000 -129.0000 -129.0000
fimgreg.f
image alignment mode   3335 decimal      D07 hex
parameters
   -3.3505  -21.2677   23.8250   -2.1895   -4.2289   -5.8397
   -4.7541  -20.2611   10.2261   26.8948   18.1257  -28.3779
eta,q 0.94028 12.53867
niter,ni,del,rscale     5    3    5.0000    1.2000
parameter  4  0.987421 ->  0.500000 qaram    1.1500
parameter  5  3.085223 ->  0.500000 qaram    1.1500
parameter  6  1.573042 ->  0.500000 qaram    1.1500
parameter 10  1.202702 ->  0.500000 qaram    1.1500
parameters
   -3.4803  -21.3147   23.2406   -6.3295   -8.3689   -9.9797
   -4.7475  -18.8899    8.7280   22.7548   15.9977  -28.6924
eta,q 0.95549 11.65329
  0.0621  0.0611  0.0605  0.0562  0.0488  0.0449  0.0495  0.0517  0.0483  0.0436  0.0450  0.0457
  0.0608  0.0604  0.0599  0.0566  0.0509  0.0465  0.0482  0.0496  0.0474  0.0443  0.0447  0.0450
  0.0600  0.0599  0.0596  0.0577  0.0536  0.0487  0.0474  0.0480  0.0469  0.0454  0.0445  0.0446
  0.0597  0.0597  0.0597  0.0596  0.0568  0.0516  0.0471  0.0471  0.0469  0.0468  0.0446  0.0445
  0.0601  0.0599  0.0602  0.0624  0.0604  0.0554  0.0473  0.0470  0.0475  0.0489  0.0449  0.0447
  0.0611  0.0604  0.0610  0.0662  0.0641  0.0598  0.0482  0.0478  0.0486  0.0516  0.0456  0.0452
  0.0627  0.0613  0.0619  0.0702  0.0680  0.0647  0.0495  0.0492  0.0502  0.0547  0.0465  0.0459
niter,ni,del,rscale     7    3    5.0000    1.2000
parameter  3  0.660757 ->  0.500000 qaram    1.1500
parameter  5  1.504893 ->  0.500000 qaram    1.3225
parameter  6  1.123893 ->  0.500000 qaram    1.3225
parameter 10  0.516628 ->  0.500000 qaram    1.3225
parameters
   -2.8994  -21.3687   21.8606   -9.2723  -13.1299  -14.7407
   -3.7978  -18.6406    8.4916   17.9938   16.8071  -29.5634
eta,q 0.96537 10.94857
  0.0483  0.0461  0.0440  0.0446  0.0382  0.0348  0.0384  0.0395  0.0374  0.0356  0.0357  0.0358
  0.0466  0.0451  0.0438  0.0439  0.0393  0.0354  0.0371  0.0374  0.0365  0.0348  0.0352  0.0351
  0.0453  0.0445  0.0439  0.0436  0.0412  0.0369  0.0362  0.0360  0.0358  0.0347  0.0348  0.0347
  0.0445  0.0444  0.0444  0.0438  0.0437  0.0398  0.0357  0.0356  0.0356  0.0356  0.0347  0.0347
  0.0444  0.0446  0.0450  0.0448  0.0467  0.0436  0.0357  0.0360  0.0358  0.0373  0.0347  0.0350
  0.0449  0.0452  0.0459  0.0468  0.0504  0.0480  0.0363  0.0371  0.0366  0.0397  0.0349  0.0356
  0.0459  0.0462  0.0471  0.0502  0.0545  0.0529  0.0374  0.0389  0.0377  0.0427  0.0353  0.0364
niter,ni,del,rscale     7    3    5.0000    1.2000
parameter  5  0.522547 ->  0.500000 qaram    1.5209
parameters
   -2.3744  -21.3365   21.1861   -7.8382  -18.6051  -18.2904
   -3.8873  -18.5984    8.4237   19.7934   16.1966  -32.4175
eta,q 0.96750 10.65820
  0.0380  0.0367  0.0356  0.0371  0.0339  0.0344  0.0347  0.0359  0.0342  0.0374  0.0333  0.0329
  0.0364  0.0355  0.0347  0.0360  0.0332  0.0333  0.0337  0.0341  0.0335  0.0353  0.0329  0.0326
  0.0353  0.0348  0.0344  0.0351  0.0331  0.0328  0.0331  0.0331  0.0330  0.0337  0.0327  0.0325
  0.0346  0.0345  0.0345  0.0344  0.0341  0.0331  0.0328  0.0328  0.0328  0.0328  0.0327  0.0326
  0.0345  0.0348  0.0351  0.0341  0.0363  0.0349  0.0330  0.0332  0.0330  0.0327  0.0328  0.0330
  0.0350  0.0355  0.0362  0.0346  0.0396  0.0388  0.0338  0.0342  0.0335  0.0334  0.0331  0.0336
  0.0360  0.0366  0.0376  0.0360  0.0437  0.0442  0.0349  0.0357  0.0343  0.0350  0.0335  0.0344
niter,ni,del,rscale     7    3    5.0000    1.2000
parameters
   -2.2165  -20.7568   20.6467   -6.2761  -19.7754  -19.4877
   -3.6462  -18.2909    8.5116   21.2862   15.6734  -33.2784
eta,q 0.96780 10.63981
  0.0351  0.0352  0.0334  0.0351  0.0352  0.0354  0.0345  0.0358  0.0337  0.0365  0.0329  0.0329
  0.0338  0.0338  0.0327  0.0341  0.0338  0.0338  0.0334  0.0339  0.0330  0.0345  0.0325  0.0325
  0.0329  0.0329  0.0324  0.0332  0.0327  0.0327  0.0327  0.0327  0.0325  0.0331  0.0323  0.0322
  0.0325  0.0325  0.0324  0.0323  0.0321  0.0322  0.0323  0.0323  0.0323  0.0323  0.0322  0.0322
  0.0326  0.0324  0.0328  0.0320  0.0325  0.0324  0.0325  0.0327  0.0324  0.0323  0.0324  0.0324
  0.0333  0.0327  0.0336  0.0324  0.0345  0.0346  0.0331  0.0336  0.0329  0.0330  0.0327  0.0328
  0.0346  0.0334  0.0347  0.0340  0.0378  0.0389  0.0343  0.0351  0.0337  0.0346  0.0331  0.0333
niter,ni,del,rscale     6    3    5.0000    1.2000
parameters
   -2.1839  -20.5015   20.1929   -5.9744  -20.2864  -20.0079
   -3.5483  -18.1404    8.7963   22.0962   15.6490  -33.6366
eta,q 0.96777 10.62716
  0.0347  0.0342  0.0332  0.0347  0.0353  0.0357  0.0343  0.0356  0.0336  0.0358  0.0329  0.0330
  0.0333  0.0331  0.0326  0.0337  0.0339  0.0340  0.0333  0.0337  0.0329  0.0340  0.0326  0.0325
  0.0325  0.0324  0.0322  0.0329  0.0329  0.0328  0.0326  0.0326  0.0325  0.0328  0.0323  0.0323
  0.0322  0.0322  0.0322  0.0322  0.0321  0.0322  0.0323  0.0323  0.0323  0.0323  0.0322  0.0322
  0.0325  0.0323  0.0325  0.0321  0.0322  0.0321  0.0324  0.0326  0.0324  0.0324  0.0323  0.0323
  0.0332  0.0327  0.0332  0.0328  0.0339  0.0337  0.0331  0.0337  0.0327  0.0332  0.0326  0.0327
  0.0346  0.0334  0.0342  0.0349  0.0367  0.0376  0.0342  0.0352  0.0335  0.0348  0.0330  0.0332
niter,ni,del,rscale     5    3    5.0000    1.2000
parameters
   -2.1235  -20.3370   19.9103   -5.7948  -20.6983  -20.3919
   -3.5771  -18.0849    8.9917   22.5969   15.5641  -33.6804
eta,q 0.96773 10.60760
  0.0347  0.0339  0.0333  0.0347  0.0353  0.0356  0.0342  0.0355  0.0335  0.0355  0.0330  0.0331
  0.0334  0.0329  0.0327  0.0338  0.0340  0.0340  0.0332  0.0337  0.0329  0.0338  0.0326  0.0326
  0.0325  0.0324  0.0323  0.0329  0.0329  0.0328  0.0326  0.0326  0.0325  0.0327  0.0324  0.0324
  0.0322  0.0322  0.0322  0.0322  0.0322  0.0323  0.0323  0.0323  0.0323  0.0323  0.0323  0.0323
  0.0325  0.0324  0.0325  0.0322  0.0322  0.0321  0.0325  0.0327  0.0324  0.0324  0.0324  0.0324
  0.0332  0.0328  0.0330  0.0330  0.0338  0.0335  0.0332  0.0337  0.0328  0.0333  0.0326  0.0326
  0.0345  0.0334  0.0339  0.0351  0.0365  0.0373  0.0343  0.0353  0.0335  0.0349  0.0330  0.0331
niter,ni,del,rscale     4    3    5.0000    1.2000
parameters
   -2.0825  -20.1857   19.7100   -5.6644  -21.0600  -20.7221
   -3.6477  -18.0306    9.1192   22.9812   15.4986  -33.6294
eta,q 0.96768 10.58628
  0.0347  0.0339  0.0334  0.0347  0.0353  0.0356  0.0342  0.0355  0.0335  0.0353  0.0330  0.0331
  0.0334  0.0329  0.0328  0.0338  0.0340  0.0340  0.0332  0.0337  0.0329  0.0337  0.0326  0.0327
  0.0326  0.0324  0.0324  0.0329  0.0329  0.0328  0.0326  0.0326  0.0325  0.0327  0.0324  0.0324
  0.0323  0.0323  0.0323  0.0323  0.0323  0.0323  0.0323  0.0323  0.0323  0.0323  0.0323  0.0323
  0.0325  0.0324  0.0325  0.0322  0.0323  0.0322  0.0325  0.0327  0.0324  0.0325  0.0324  0.0324
  0.0333  0.0328  0.0330  0.0331  0.0337  0.0334  0.0332  0.0337  0.0328  0.0333  0.0326  0.0327
  0.0346  0.0334  0.0338  0.0352  0.0364  0.0371  0.0343  0.0353  0.0335  0.0349  0.0330  0.0331
niter,ni,del,rscale     3    3    5.0000    1.2000
parameters
   -2.0455  -20.0376   19.5295   -5.5633  -21.3980  -21.0545
   -3.7182  -17.9770    9.2058   23.3545   15.4954  -33.4774
eta,q 0.96764 10.56315
  0.0347  0.0338  0.0335  0.0347  0.0352  0.0355  0.0342  0.0355  0.0336  0.0352  0.0330  0.0332
  0.0334  0.0330  0.0328  0.0338  0.0339  0.0340  0.0332  0.0337  0.0330  0.0336  0.0327  0.0327
  0.0326  0.0325  0.0324  0.0330  0.0330  0.0328  0.0326  0.0327  0.0326  0.0327  0.0324  0.0325
  0.0323  0.0323  0.0323  0.0323  0.0323  0.0324  0.0324  0.0324  0.0324  0.0324  0.0324  0.0324
  0.0326  0.0325  0.0325  0.0323  0.0323  0.0323  0.0326  0.0327  0.0325  0.0325  0.0324  0.0324
  0.0333  0.0328  0.0330  0.0331  0.0337  0.0334  0.0332  0.0337  0.0328  0.0333  0.0327  0.0327
  0.0346  0.0334  0.0338  0.0353  0.0363  0.0370  0.0343  0.0353  0.0336  0.0349  0.0330  0.0331
niter,ni,del,rscale     2    3    5.0000    1.2000
parameters
   -2.0119  -19.8847   19.3396   -5.4863  -21.7675  -21.4184
   -3.7842  -17.9255    9.2397   23.7406   15.5603  -33.2624
eta,q 0.96761 10.53494
  0.0347  0.0338  0.0335  0.0347  0.0351  0.0354  0.0342  0.0354  0.0336  0.0351  0.0330  0.0332
  0.0334  0.0330  0.0328  0.0338  0.0339  0.0339  0.0333  0.0337  0.0330  0.0336  0.0327  0.0328
  0.0326  0.0325  0.0324  0.0330  0.0330  0.0328  0.0326  0.0327  0.0326  0.0328  0.0325  0.0325
  0.0324  0.0324  0.0324  0.0324  0.0323  0.0324  0.0324  0.0324  0.0324  0.0324  0.0324  0.0324
  0.0326  0.0325  0.0326  0.0323  0.0323  0.0324  0.0326  0.0328  0.0325  0.0325  0.0325  0.0325
  0.0333  0.0329  0.0331  0.0331  0.0336  0.0334  0.0332  0.0337  0.0329  0.0333  0.0327  0.0327
  0.0346  0.0334  0.0338  0.0353  0.0362  0.0368  0.0343  0.0352  0.0336  0.0348  0.0330  0.0331
niter,ni,del,rscale     1    3    5.0000    1.2000
parameters
   -1.9791  -19.7127   19.1362   -5.4332  -22.1931  -21.8373
   -3.8410  -17.8649    9.2101   24.1941   15.7752  -32.9768
eta,q 0.96760 10.50043
  0.0347  0.0338  0.0335  0.0347  0.0350  0.0353  0.0341  0.0353  0.0336  0.0351  0.0330  0.0332
  0.0334  0.0330  0.0328  0.0338  0.0338  0.0338  0.0332  0.0337  0.0330  0.0336  0.0327  0.0328
  0.0327  0.0325  0.0325  0.0330  0.0329  0.0327  0.0326  0.0327  0.0326  0.0328  0.0325  0.0325
  0.0324  0.0324  0.0324  0.0324  0.0324  0.0324  0.0324  0.0324  0.0324  0.0324  0.0324  0.0324
  0.0326  0.0325  0.0326  0.0323  0.0324  0.0325  0.0326  0.0328  0.0325  0.0325  0.0325  0.0325
  0.0333  0.0329  0.0331  0.0332  0.0336  0.0334  0.0332  0.0337  0.0329  0.0332  0.0326  0.0327
  0.0346  0.0334  0.0339  0.0353  0.0362  0.0367  0.0343  0.0351  0.0337  0.0347  0.0330  0.0331
registration optimization eta report
parameter search radius
    2.4000    2.4000    2.7600    8.2800   10.9503    9.5220
    7.2000    7.2000    7.2000    9.5220    7.2000    7.2000
100000*second partial in parameter space
       39.       21.       17.        4.        3.        4.
        3.        5.        2.        3.        1.        1.
  0.0347  0.0338  0.0335  0.0347  0.0350  0.0353  0.0341  0.0353  0.0336  0.0351  0.0330  0.0332
  0.0334  0.0330  0.0328  0.0338  0.0338  0.0338  0.0332  0.0337  0.0330  0.0336  0.0327  0.0328
  0.0327  0.0325  0.0325  0.0330  0.0329  0.0327  0.0326  0.0327  0.0326  0.0328  0.0325  0.0325
  0.0324  0.0324  0.0324  0.0324  0.0324  0.0324  0.0324  0.0324  0.0324  0.0324  0.0324  0.0324
  0.0326  0.0325  0.0326  0.0323  0.0324  0.0325  0.0326  0.0328  0.0325  0.0325  0.0325  0.0325
  0.0333  0.0329  0.0331  0.0332  0.0336  0.0334  0.0332  0.0337  0.0329  0.0332  0.0326  0.0327
  0.0346  0.0334  0.0339  0.0353  0.0362  0.0367  0.0343  0.0351  0.0337  0.0347  0.0330  0.0331
   -1.9791  -19.7127   19.1362   -5.4332  -22.1931  -21.8373
   -3.8410  -17.8649    9.2101   24.1941   15.7752  -32.9768
eta,q 0.96760 10.50043

---------------------------------------------------------------------
imgreg_4dfp /opt/freesurfer/average/711-2C_as_mni_average_305 /opt/freesurfer/average/711-2B_as_mni_average_305_mask talsrcimg_g11 none talsrcimg_to_711-2C_as_mni_average_305_t4 2311
---------------------------------------------------------------------

freesurfer imgreg_4dfp.c
/opt/freesurfer/average/711-2C_as_mni_average_305.4dfp.img
       256       256       256         1
  1.000000  1.000000  1.000000
orientation T byte_order littleendian
Reading image: /opt/freesurfer/average/711-2C_as_mni_average_305.4dfp.img
dimensions:      256       256       256
mmppix:       1.0000   -1.0000   -1.0000
center:     128.0000 -129.0000 -129.0000
/opt/freesurfer/average/711-2B_as_mni_average_305_mask.4dfp.img
       256       256       256         1
  1.000000  1.000000  1.000000
orientation T byte_order littleendian
Reading mask: /opt/freesurfer/average/711-2B_as_mni_average_305_mask.4dfp.img (2306576 pixels)
talsrcimg_g11.4dfp.img
       256       256       256         1
  1.000000  1.000000  1.000000
orientation T byte_order littleendian
Reading image: talsrcimg_g11.4dfp.img
dimensions:      256       256       256
mmppix:       1.0000   -1.0000   -1.0000
center:     128.0000 -129.0000 -129.0000
fimgreg.f
image alignment mode   2311 decimal      907 hex
parameters
   -1.9791  -19.7127   19.1362   -5.4332  -22.1931  -21.8373
   -3.8410  -17.8649    9.2101   24.1941   15.7752  -32.9768
eta,q 0.96760 10.50043
niter,ni,del,rscale     5    3    5.0000    0.8000
parameters
   -1.9390  -19.5684   18.8939   -4.0753  -21.0542  -21.1444
   -3.8133  -17.7502    9.1396   24.5436   15.5638  -33.4613
eta,q 0.96778 10.66107
  0.0334  0.0331  0.0327  0.0335  0.0331  0.0331  0.0332  0.0337  0.0328  0.0329  0.0325  0.0325
  0.0329  0.0327  0.0325  0.0331  0.0327  0.0326  0.0327  0.0329  0.0325  0.0326  0.0324  0.0324
  0.0325  0.0325  0.0324  0.0327  0.0325  0.0323  0.0324  0.0324  0.0323  0.0324  0.0322  0.0322
  0.0324  0.0324  0.0324  0.0324  0.0323  0.0322  0.0322  0.0322  0.0322  0.0322  0.0322  0.0322
  0.0325  0.0324  0.0325  0.0323  0.0322  0.0323  0.0323  0.0324  0.0323  0.0322  0.0323  0.0323
  0.0328  0.0326  0.0327  0.0323  0.0323  0.0324  0.0326  0.0328  0.0325  0.0324  0.0324  0.0325
  0.0333  0.0328  0.0330  0.0328  0.0326  0.0326  0.0332  0.0335  0.0329  0.0328  0.0326  0.0327
niter,ni,del,rscale     4    3    5.0000    0.7000
parameters
   -2.0759  -19.7254   19.1154   -4.1419  -20.5781  -20.4046
   -3.5934  -17.9561    9.1273   24.2309   15.6006  -33.7805
eta,q 0.96783 10.71779
  0.0329  0.0326  0.0327  0.0330  0.0328  0.0328  0.0330  0.0332  0.0327  0.0326  0.0325  0.0324
  0.0325  0.0323  0.0324  0.0326  0.0325  0.0324  0.0326  0.0326  0.0324  0.0324  0.0323  0.0323
  0.0323  0.0322  0.0323  0.0323  0.0323  0.0322  0.0323  0.0322  0.0322  0.0322  0.0322  0.0322
  0.0322  0.0322  0.0322  0.0322  0.0322  0.0322  0.0322  0.0322  0.0322  0.0322  0.0322  0.0322
  0.0324  0.0323  0.0322  0.0322  0.0322  0.0322  0.0322  0.0323  0.0322  0.0322  0.0322  0.0322
  0.0327  0.0325  0.0323  0.0325  0.0323  0.0322  0.0324  0.0327  0.0324  0.0324  0.0323  0.0323
  0.0332  0.0328  0.0325  0.0331  0.0326  0.0324  0.0329  0.0334  0.0327  0.0328  0.0324  0.0325
niter,ni,del,rscale     3    3    5.0000    0.6000
parameters
   -2.1583  -19.9718   19.4078   -4.2120  -19.8600  -19.4189
   -3.5517  -18.0900    9.0121   23.6615   15.7472  -33.9683
eta,q 0.96794 10.78666
  0.0327  0.0324  0.0325  0.0327  0.0327  0.0326  0.0327  0.0329  0.0324  0.0324  0.0323  0.0323
  0.0324  0.0322  0.0324  0.0324  0.0324  0.0323  0.0323  0.0324  0.0322  0.0322  0.0322  0.0322
  0.0322  0.0322  0.0322  0.0322  0.0323  0.0322  0.0321  0.0321  0.0321  0.0321  0.0321  0.0321
  0.0322  0.0322  0.0321  0.0321  0.0321  0.0321  0.0321  0.0321  0.0321  0.0321  0.0321  0.0321
  0.0323  0.0323  0.0321  0.0322  0.0321  0.0321  0.0321  0.0322  0.0321  0.0321  0.0321  0.0321
  0.0325  0.0324  0.0322  0.0324  0.0322  0.0321  0.0323  0.0325  0.0323  0.0323  0.0322  0.0322
  0.0329  0.0327  0.0323  0.0328  0.0324  0.0322  0.0326  0.0330  0.0325  0.0327  0.0323  0.0324
niter,ni,del,rscale     2    3    5.0000    0.5000
parameters
   -2.2555  -20.3312   19.7105   -4.4188  -19.0877  -18.5564
   -3.4595  -18.1759    8.8301   22.9853   16.0483  -34.0012
eta,q 0.96811 10.84224
  0.0324  0.0321  0.0323  0.0324  0.0325  0.0324  0.0324  0.0325  0.0322  0.0321  0.0321  0.0321
  0.0322  0.0320  0.0322  0.0322  0.0323  0.0322  0.0321  0.0322  0.0320  0.0320  0.0320  0.0320
  0.0321  0.0320  0.0321  0.0320  0.0321  0.0320  0.0320  0.0320  0.0319  0.0319  0.0319  0.0319
  0.0321  0.0321  0.0320  0.0320  0.0320  0.0320  0.0319  0.0319  0.0319  0.0319  0.0319  0.0319
  0.0321  0.0321  0.0320  0.0321  0.0320  0.0319  0.0319  0.0320  0.0320  0.0320  0.0319  0.0319
  0.0323  0.0323  0.0320  0.0322  0.0320  0.0319  0.0321  0.0322  0.0321  0.0322  0.0320  0.0320
  0.0326  0.0325  0.0321  0.0325  0.0322  0.0321  0.0323  0.0326  0.0323  0.0325  0.0320  0.0321
niter,ni,del,rscale     1    3    5.0000    0.4000
parameters
   -2.3388  -20.6420   19.8828   -4.7260  -18.5952  -17.9848
   -3.3610  -18.2706    8.6590   22.5315   16.3358  -33.9363
eta,q 0.96821 10.87206
  0.0321  0.0319  0.0321  0.0321  0.0322  0.0321  0.0321  0.0322  0.0320  0.0320  0.0319  0.0320
  0.0320  0.0319  0.0320  0.0319  0.0320  0.0320  0.0319  0.0320  0.0319  0.0318  0.0319  0.0319
  0.0319  0.0319  0.0319  0.0319  0.0319  0.0319  0.0318  0.0318  0.0318  0.0318  0.0318  0.0318
  0.0319  0.0319  0.0319  0.0319  0.0318  0.0318  0.0318  0.0318  0.0318  0.0318  0.0318  0.0318
  0.0319  0.0320  0.0319  0.0319  0.0318  0.0318  0.0318  0.0319  0.0318  0.0319  0.0318  0.0318
  0.0321  0.0321  0.0319  0.0320  0.0319  0.0318  0.0319  0.0320  0.0319  0.0320  0.0318  0.0319
  0.0322  0.0322  0.0319  0.0322  0.0320  0.0320  0.0321  0.0323  0.0320  0.0322  0.0319  0.0319
registration optimization eta report
parameter search radius
    0.8000    0.8000    0.8000    2.4000    2.4000    2.4000
    2.4000    2.4000    2.4000    2.4000    2.4000    2.4000
100000*second partial in parameter space
       46.       30.       23.        5.        4.        4.
        5.        8.        4.        5.        2.        3.
  0.0321  0.0319  0.0321  0.0321  0.0322  0.0321  0.0321  0.0322  0.0320  0.0320  0.0319  0.0320
  0.0320  0.0319  0.0320  0.0319  0.0320  0.0320  0.0319  0.0320  0.0319  0.0318  0.0319  0.0319
  0.0319  0.0319  0.0319  0.0319  0.0319  0.0319  0.0318  0.0318  0.0318  0.0318  0.0318  0.0318
  0.0319  0.0319  0.0319  0.0319  0.0318  0.0318  0.0318  0.0318  0.0318  0.0318  0.0318  0.0318
  0.0319  0.0320  0.0319  0.0319  0.0318  0.0318  0.0318  0.0319  0.0318  0.0319  0.0318  0.0318
  0.0321  0.0321  0.0319  0.0320  0.0319  0.0318  0.0319  0.0320  0.0319  0.0320  0.0318  0.0319
  0.0322  0.0322  0.0319  0.0322  0.0320  0.0320  0.0321  0.0323  0.0320  0.0322  0.0319  0.0319
   -2.3388  -20.6420   19.8828   -4.7260  -18.5952  -17.9848
   -3.3610  -18.2706    8.6590   22.5315   16.3358  -33.9363
eta,q 0.96821 10.87206

---------------------------------------------------------------------
imgreg_4dfp /opt/freesurfer/average/711-2C_as_mni_average_305 /opt/freesurfer/average/711-2B_as_mni_average_305_mask talsrcimg_g11 none talsrcimg_to_711-2C_as_mni_average_305_t4 2311
---------------------------------------------------------------------

freesurfer imgreg_4dfp.c
/opt/freesurfer/average/711-2C_as_mni_average_305.4dfp.img
       256       256       256         1
  1.000000  1.000000  1.000000
orientation T byte_order littleendian
Reading image: /opt/freesurfer/average/711-2C_as_mni_average_305.4dfp.img
dimensions:      256       256       256
mmppix:       1.0000   -1.0000   -1.0000
center:     128.0000 -129.0000 -129.0000
/opt/freesurfer/average/711-2B_as_mni_average_305_mask.4dfp.img
       256       256       256         1
  1.000000  1.000000  1.000000
orientation T byte_order littleendian
Reading mask: /opt/freesurfer/average/711-2B_as_mni_average_305_mask.4dfp.img (2306576 pixels)
talsrcimg_g11.4dfp.img
       256       256       256         1
  1.000000  1.000000  1.000000
orientation T byte_order littleendian
Reading image: talsrcimg_g11.4dfp.img
dimensions:      256       256       256
mmppix:       1.0000   -1.0000   -1.0000
center:     128.0000 -129.0000 -129.0000
fimgreg.f
image alignment mode   2311 decimal      907 hex
parameters
   -2.3388  -20.6420   19.8828   -4.7260  -18.5952  -17.9848
   -3.3610  -18.2706    8.6590   22.5315   16.3358  -33.9363
eta,q 0.96821 10.87205
niter,ni,del,rscale     5    3    5.0000    0.8000
parameters
   -2.3563  -20.7364   20.0129   -5.2244  -18.8497  -18.6163
   -3.2451  -18.3938    8.6040   22.2085   16.1993  -33.8482
eta,q 0.96817 10.80569
  0.0330  0.0326  0.0326  0.0327  0.0327  0.0326  0.0329  0.0334  0.0326  0.0327  0.0322  0.0324
  0.0323  0.0321  0.0321  0.0322  0.0323  0.0322  0.0323  0.0325  0.0322  0.0322  0.0320  0.0321
  0.0319  0.0318  0.0319  0.0319  0.0319  0.0319  0.0320  0.0320  0.0319  0.0319  0.0319  0.0319
  0.0318  0.0318  0.0318  0.0318  0.0318  0.0318  0.0318  0.0318  0.0318  0.0318  0.0318  0.0318
  0.0320  0.0319  0.0318  0.0319  0.0319  0.0318  0.0319  0.0321  0.0319  0.0320  0.0319  0.0319
  0.0324  0.0323  0.0320  0.0324  0.0323  0.0324  0.0323  0.0326  0.0322  0.0324  0.0320  0.0321
  0.0330  0.0327  0.0323  0.0333  0.0331  0.0337  0.0328  0.0335  0.0326  0.0329  0.0323  0.0323
niter,ni,del,rscale     4    3    5.0000    0.7000
parameters
   -2.3115  -20.7019   20.0722   -5.0610  -18.7684  -18.4559
   -3.3599  -18.3300    8.5666   22.1857   16.0563  -33.7535
eta,q 0.96819 10.81764
  0.0328  0.0325  0.0323  0.0327  0.0326  0.0326  0.0326  0.0331  0.0324  0.0326  0.0321  0.0323
  0.0323  0.0321  0.0321  0.0323  0.0322  0.0322  0.0322  0.0324  0.0321  0.0321  0.0319  0.0320
  0.0319  0.0319  0.0319  0.0320  0.0320  0.0320  0.0319  0.0320  0.0319  0.0319  0.0318  0.0319
  0.0318  0.0318  0.0318  0.0318  0.0318  0.0318  0.0318  0.0318  0.0318  0.0318  0.0318  0.0318
  0.0319  0.0319  0.0319  0.0319  0.0318  0.0318  0.0319  0.0320  0.0319  0.0319  0.0319  0.0319
  0.0322  0.0321  0.0320  0.0321  0.0321  0.0320  0.0322  0.0324  0.0321  0.0321  0.0320  0.0320
  0.0327  0.0324  0.0322  0.0326  0.0326  0.0327  0.0327  0.0330  0.0324  0.0326  0.0322  0.0322
niter,ni,del,rscale     3    3    5.0000    0.6000
parameters
   -2.3249  -20.7294   20.0833   -4.9743  -18.6253  -18.2614
   -3.3706  -18.3094    8.5658   22.1635   16.1012  -33.7513
eta,q 0.96822 10.83609
  0.0325  0.0323  0.0322  0.0325  0.0324  0.0324  0.0324  0.0328  0.0322  0.0323  0.0321  0.0321
  0.0321  0.0320  0.0320  0.0321  0.0321  0.0321  0.0321  0.0322  0.0320  0.0320  0.0319  0.0319
  0.0319  0.0318  0.0318  0.0319  0.0319  0.0319  0.0319  0.0319  0.0318  0.0319  0.0318  0.0318
  0.0318  0.0318  0.0318  0.0318  0.0318  0.0318  0.0318  0.0318  0.0318  0.0318  0.0318  0.0318
  0.0319  0.0319  0.0318  0.0319  0.0318  0.0318  0.0319  0.0319  0.0318  0.0318  0.0318  0.0318
  0.0321  0.0320  0.0320  0.0321  0.0320  0.0319  0.0320  0.0322  0.0320  0.0320  0.0319  0.0319
  0.0325  0.0323  0.0321  0.0324  0.0324  0.0324  0.0324  0.0327  0.0322  0.0324  0.0320  0.0321
niter,ni,del,rscale     2    3    5.0000    0.5000
parameters
   -2.3476  -20.7751   20.0797   -4.9621  -18.4942  -18.0560
   -3.3451  -18.3211    8.5659   22.1491   16.1892  -33.7661
eta,q 0.96823 10.85291
  0.0322  0.0321  0.0320  0.0322  0.0322  0.0322  0.0322  0.0324  0.0321  0.0322  0.0320  0.0320
  0.0320  0.0319  0.0319  0.0320  0.0320  0.0320  0.0320  0.0321  0.0319  0.0320  0.0319  0.0319
  0.0318  0.0318  0.0318  0.0318  0.0319  0.0319  0.0318  0.0318  0.0318  0.0318  0.0318  0.0318
  0.0318  0.0318  0.0318  0.0318  0.0318  0.0318  0.0318  0.0318  0.0318  0.0318  0.0318  0.0318
  0.0319  0.0318  0.0318  0.0318  0.0318  0.0318  0.0318  0.0319  0.0318  0.0318  0.0318  0.0318
  0.0320  0.0320  0.0319  0.0320  0.0319  0.0319  0.0320  0.0321  0.0319  0.0320  0.0318  0.0319
  0.0323  0.0321  0.0320  0.0322  0.0322  0.0322  0.0322  0.0325  0.0321  0.0322  0.0319  0.0320
niter,ni,del,rscale     1    3    5.0000    0.4000
parameters
   -2.3701  -20.8114   20.0777   -5.0033  -18.3888  -17.8532
   -3.3203  -18.3494    8.5507   22.1614   16.3158  -33.7844
eta,q 0.96825 10.86737
  0.0321  0.0320  0.0319  0.0321  0.0321  0.0321  0.0320  0.0322  0.0320  0.0320  0.0319  0.0319
  0.0319  0.0319  0.0318  0.0319  0.0319  0.0319  0.0319  0.0319  0.0319  0.0319  0.0318  0.0318
  0.0318  0.0318  0.0318  0.0318  0.0318  0.0318  0.0318  0.0318  0.0318  0.0318  0.0318  0.0318
  0.0318  0.0318  0.0318  0.0318  0.0318  0.0318  0.0318  0.0318  0.0318  0.0318  0.0318  0.0318
  0.0318  0.0318  0.0318  0.0318  0.0318  0.0318  0.0318  0.0318  0.0318  0.0318  0.0318  0.0318
  0.0319  0.0319  0.0318  0.0319  0.0319  0.0318  0.0319  0.0320  0.0319  0.0319  0.0318  0.0318
  0.0321  0.0320  0.0319  0.0321  0.0320  0.0320  0.0320  0.0322  0.0320  0.0320  0.0319  0.0319
registration optimization eta report
parameter search radius
    0.8000    0.8000    0.8000    2.4000    2.4000    2.4000
    2.4000    2.4000    2.4000    2.4000    2.4000    2.4000
100000*second partial in parameter space
       48.       35.       25.        5.        5.        5.
        5.        8.        4.        5.        2.        3.
  0.0321  0.0320  0.0319  0.0321  0.0321  0.0321  0.0320  0.0322  0.0320  0.0320  0.0319  0.0319
  0.0319  0.0319  0.0318  0.0319  0.0319  0.0319  0.0319  0.0319  0.0319  0.0319  0.0318  0.0318
  0.0318  0.0318  0.0318  0.0318  0.0318  0.0318  0.0318  0.0318  0.0318  0.0318  0.0318  0.0318
  0.0318  0.0318  0.0318  0.0318  0.0318  0.0318  0.0318  0.0318  0.0318  0.0318  0.0318  0.0318
  0.0318  0.0318  0.0318  0.0318  0.0318  0.0318  0.0318  0.0318  0.0318  0.0318  0.0318  0.0318
  0.0319  0.0319  0.0318  0.0319  0.0319  0.0318  0.0319  0.0320  0.0319  0.0319  0.0318  0.0318
  0.0321  0.0320  0.0319  0.0321  0.0320  0.0320  0.0320  0.0322  0.0320  0.0320  0.0319  0.0319
   -2.3701  -20.8114   20.0777   -5.0033  -18.3888  -17.8532
   -3.3203  -18.3494    8.5507   22.1614   16.3158  -33.7844
eta,q 0.96825 10.86737

---------------------------------------------------------------------
compute_vox2vox talsrcimg talsrcimg_to_711-2C_as_mni_average_305_t4 /opt/freesurfer/average/711-2C_as_mni_average_305
---------------------------------------------------------------------

freesurfer compute_vox2vox.c
Reading: talsrcimg.4dfp.ifh
Reading: talsrcimg_to_711-2C_as_mni_average_305_t4
Reading: /opt/freesurfer/average/711-2C_as_mni_average_305.4dfp.ifh
Writing: talsrcimg_to_711-2C_as_mni_average_305_t4_vox2vox.txt

start time Sat Mar 14 01:05:35 CET 2026
end		time Sat Mar 14 01:05:49 CET 2026

mpr2mni305 success

avi2talxfm orig_nu.mgz /opt/freesurfer/average/mni305.cor.mgz talsrcimg_to_711-2C_as_mni_average_305_t4_vox2vox.txt transforms/talairach.auto.xfm
avi2talxfm done
mv -f /out/sourcedata/freesurfer/sub-v2s8x29209_ses-1/mri/talsrcimg_to_711-2C_as_mni_average_305_t4_vox2vox.txt /out/sourcedata/freesurfer/sub-v2s8x29209_ses-1/mri/transforms/talsrcimg_to_711-2C_as_mni_average_305_t4_vox2vox.txt
lta_convert --src orig_nu.mgz --trg /opt/freesurfer/average/mni305.cor.mgz --inxfm transforms/talairach.auto.xfm --outlta transforms/talairach.auto.xfm.lta --subject fsaverage
7.3.2

--src: orig_nu.mgz src image (geometry).
--trg: /opt/freesurfer/average/mni305.cor.mgz trg image (geometry).
--inmni: transforms/talairach.auto.xfm input MNI/XFM transform.
--outlta: transforms/talairach.auto.xfm.lta output LTA.
--s: fsaverage subject name
 LTA read, type : 1
 1.00869   0.19272   0.12082   0.12671;
-0.21932   1.05314   0.42704  -11.73875;
-0.04613  -0.30617   1.09670   33.37865;
 0.00000   0.00000   0.00000   1.00000;
setting subject to fsaverage
Writing  LTA to file transforms/talairach.auto.xfm.lta...
lta_convert successful.
 
 
Started at Sat Mar 14 01:05:35 CET 2026
Ended   at Sat Mar 14 01:05:49 CET 2026
talairach_avi done
