/out/sourcedata/freesurfer/sub-v2s8x29186_ses-1/mri
/opt/freesurfer/bin/talairach_avi
--i orig_nu.mgz --xfm transforms/talairach.auto.xfm
talairach_avi 7.3.2
Linux dna078 5.14.0-427.37.1.el9_4.x86_64 #1 SMP PREEMPT_DYNAMIC Fri Sep 13 12:41:50 EDT 2024 x86_64 x86_64 x86_64 GNU/Linux
Sat Mar 14 00:00:48 CET 2026
mri_convert orig_nu.mgz talsrcimg.img 
reading from orig_nu.mgz...
TR=0.00, TE=0.00, TI=0.00, flip angle=0.00
i_ras = (-1, 0, 0)
j_ras = (0, 0, -1)
k_ras = (0, 1, 0)
writing to talsrcimg.img...
Analyze Output Matrix
-1.00000   0.00000   0.00000   129.66513;
 0.00000   0.00000   1.00000  -128.00000;
 0.00000  -1.00000   0.00000   130.00000;
 0.00000   0.00000   0.00000   1.00000;
--------------------
INFO: set hdr.hist.orient to -1
mpr2mni305 talsrcimg
Sat Mar 14 00:00:48 CET 2026
/opt/freesurfer/bin/mpr2mni305 talsrcimg
mpr2mni305 7.3.2
target=711-2C_as_mni_average_305

---------------------------------------------------------------------
analyzeto4dfp talsrcimg -O0 -y
---------------------------------------------------------------------

freesurfer ifh2hdr.c
Sat Mar 14 00:00:48 2026
Writing: talsrcimg.4dfp.hdr
freesurfer analyzeto4dfp.c
Reading: talsrcimg.hdr
header size 348 bytes
hdr.dime.datatype	offset=70	value=2
hdr.dime.bitpix		offset=72	value=8
hdr.hist.orient		offset=252	value=-1
dimensionality     4
dimensions       256       256       256         1
Reading: talsrcimg.img
Writing: talsrcimg.4dfp.img
Writing: talsrcimg.4dfp.ifh
ifh2hdr talsrcimg -r0to215
ori=2

---------------------------------------------------------------------
gauss_4dfp talsrcimg 1.1
---------------------------------------------------------------------

freesurfer gauss_4dfp.c
Reading: talsrcimg.4dfp.img
Writing: talsrcimg_g11.4dfp.img
image dimensions 256 256 256 padded to 288 288 288
processing volume 1freesurfer ifh2hdr.c
Sat Mar 14 00:00:50 2026
Writing: talsrcimg_g11.4dfp.hdr

Writing: talsrcimg_g11.4dfp.ifh
including: talsrcimg.4dfp.img.rec in talsrcimg_g11.4dfp.img.rec

---------------------------------------------------------------------
imgreg_4dfp /opt/freesurfer/average/711-2C_as_mni_average_305 none talsrcimg_g11 none talsrcimg_to_711-2C_as_mni_average_305_t4 4355
---------------------------------------------------------------------

freesurfer imgreg_4dfp.c
/opt/freesurfer/average/711-2C_as_mni_average_305.4dfp.img
       256       256       256         1
  1.000000  1.000000  1.000000
orientation T byte_order littleendian
Reading image: /opt/freesurfer/average/711-2C_as_mni_average_305.4dfp.img
dimensions:      256       256       256
mmppix:       1.0000   -1.0000   -1.0000
center:     128.0000 -129.0000 -129.0000
talsrcimg_g11.4dfp.img
       256       256       256         1
  1.000000  1.000000  1.000000
orientation T byte_order littleendian
Reading image: talsrcimg_g11.4dfp.img
dimensions:      256       256       256
mmppix:       1.0000   -1.0000   -1.0000
center:     128.0000 -129.0000 -129.0000
t4_read: open error in t4_sub.f l:  41 t4_file(1:l)talsrcimg_to_711-2C_as_mni_average_305_t4 
t4_read: transform initialized to I4
rotation matrix determinant  1.000000
image alignment mode   4355 decimal     1103 hex
   -7.5000  -45.0000  -45.0000 8957.9795   20.1813
    0.0000  -45.0000  -45.0000 9443.3193   20.1806
    7.5000  -45.0000  -45.0000 9061.1650   20.1839
   -7.5000  -37.5000  -45.0000 9304.0576   20.2335
    0.0000  -37.5000  -45.0000 9800.5439   20.2378
    7.5000  -37.5000  -45.0000 9414.6104   20.2432
   -7.5000  -30.0000  -45.0000 9968.5527   20.1936
    0.0000  -30.0000  -45.000010518.7354   20.2036
    7.5000  -30.0000  -45.000010106.9531   20.2082
   -7.5000  -22.5000  -45.000010605.1172   20.0955
    0.0000  -22.5000  -45.000011164.9336   20.1053
    7.5000  -22.5000  -45.000010744.4131   20.1057
   -7.5000  -15.0000  -45.000011182.5938   20.0294
    0.0000  -15.0000  -45.000011757.7168   20.0349
    7.5000  -15.0000  -45.000011320.6543   20.0338
   -7.5000   -7.5000  -45.000011685.9111   20.0751
    0.0000   -7.5000  -45.000012287.9648   20.0759
    7.5000   -7.5000  -45.000011825.4814   20.0768
   -7.5000    0.0000  -45.000012014.4092   20.1813
    0.0000    0.0000  -45.000012637.1191   20.1806
    7.5000    0.0000  -45.000012167.0928   20.1839
   -7.5000    7.5000  -45.000011337.4336   20.2335
    0.0000    7.5000  -45.000011924.2510   20.2378
    7.5000    7.5000  -45.000011461.6279   20.2432
   -7.5000   15.0000  -45.000010578.6465   20.1936
    0.0000   15.0000  -45.000011114.3174   20.2036
    7.5000   15.0000  -45.000010640.6904   20.2082
   -7.5000   22.5000  -45.0000 9777.9688   20.0928
    0.0000   22.5000  -45.000010253.3555   20.1025
    7.5000   22.5000  -45.0000 9802.8428   20.1030
   -7.5000   30.0000  -45.0000 9030.2891   19.7625
    0.0000   30.0000  -45.0000 9456.0049   19.7679
    7.5000   30.0000  -45.0000 9034.0361   19.7668
   -7.5000   37.5000  -45.0000 8460.8936   19.8076
    0.0000   37.5000  -45.0000 8880.1475   19.8084
    7.5000   37.5000  -45.0000 8477.4639   19.8092
   -7.5000   45.0000  -45.0000 7525.2764   19.5233
    0.0000   45.0000  -45.0000 7911.5669   19.5228
    7.5000   45.0000  -45.0000 7552.2158   19.5258
   -7.5000  -45.0000  -37.5000 9520.1406   20.1250
    0.0000  -45.0000  -37.500010058.4404   20.1149
    7.5000  -45.0000  -37.5000 9660.8740   20.1109
   -7.5000  -37.5000  -37.5000 9885.1982   20.1791
    0.0000  -37.5000  -37.500010440.0742   20.1716
    7.5000  -37.5000  -37.500010025.3262   20.1701
   -7.5000  -30.0000  -37.500010580.0566   20.1454
    0.0000  -30.0000  -37.500011167.5518   20.1425
    7.5000  -30.0000  -37.500010724.8438   20.1396
   -7.5000  -22.5000  -37.500011209.7217   20.0506
    0.0000  -22.5000  -37.500011831.5771   20.0480
    7.5000  -22.5000  -37.500011363.9570   20.0399
   -7.5000  -15.0000  -37.500011811.0068   19.9838
    0.0000  -15.0000  -37.500012467.8750   19.9787
    7.5000  -15.0000  -37.500011981.1787   19.9681
   -7.5000   -7.5000  -37.500012306.9873   20.0244
    0.0000   -7.5000  -37.500012980.7363   20.0164
    7.5000   -7.5000  -37.500012486.4258   20.0085
   -7.5000    0.0000  -37.500012652.3467   20.1250
    0.0000    0.0000  -37.500013335.1973   20.1149
    7.5000    0.0000  -37.500012818.5156   20.1109
   -7.5000    7.5000  -37.500011907.3896   20.1791
    0.0000    7.5000  -37.500012550.7832   20.1716
    7.5000    7.5000  -37.500012044.8848   20.1701
   -7.5000   15.0000  -37.500011065.6416   20.1454
    0.0000   15.0000  -37.500011669.8271   20.1425
    7.5000   15.0000  -37.500011161.0566   20.1396
   -7.5000   22.5000  -37.500010206.0391   20.0479
    0.0000   22.5000  -37.500010746.7891   20.0453
    7.5000   22.5000  -37.500010269.1523   20.0371
   -7.5000   30.0000  -37.5000 9387.6172   19.7175
    0.0000   30.0000  -37.5000 9864.5967   19.7125
    7.5000   30.0000  -37.5000 9422.7861   19.7020
   -7.5000   37.5000  -37.5000 8781.7090   19.7576
    0.0000   37.5000  -37.5000 9208.3164   19.7497
    7.5000   37.5000  -37.5000 8813.5449   19.7418
   -7.5000   45.0000  -37.5000 7826.0972   19.4695
    0.0000   45.0000  -37.5000 8204.5166   19.4597
    7.5000   45.0000  -37.5000 7854.2568   19.4554
   -7.5000  -45.0000  -30.000010259.7090   20.9296
    0.0000  -45.0000  -30.000010822.6309   20.9140
    7.5000  -45.0000  -30.000010412.0430   20.9112
   -7.5000  -37.5000  -30.000010595.3115   20.9952
    0.0000  -37.5000  -30.000011212.0469   20.9834
    7.5000  -37.5000  -30.000010780.9092   20.9823
   -7.5000  -30.0000  -30.000011321.9385   20.9618
    0.0000  -30.0000  -30.000011977.8242   20.9585
    7.5000  -30.0000  -30.000011496.9053   20.9577
   -7.5000  -22.5000  -30.000011994.3066   20.8521
    0.0000  -22.5000  -30.000012696.3906   20.8514
    7.5000  -22.5000  -30.000012166.4248   20.8483
   -7.5000  -15.0000  -30.000012619.2637   20.7712
    0.0000  -15.0000  -30.000013378.8477   20.7672
    7.5000  -15.0000  -30.000012819.0957   20.7629
   -7.5000   -7.5000  -30.000013130.4092   20.8151
    0.0000   -7.5000  -30.000013903.8408   20.8047
    7.5000   -7.5000  -30.000013337.4590   20.8010
   -7.5000    0.0000  -30.000013439.7676   20.9296
    0.0000    0.0000  -30.000014228.3018   20.9140
    7.5000    0.0000  -30.000013649.1904   20.9112
   -7.5000    7.5000  -30.000012630.1631   20.9952
    0.0000    7.5000  -30.000013369.6436   20.9834
    7.5000    7.5000  -30.000012802.7295   20.9823
   -7.5000   15.0000  -30.000011747.5117   20.9618
    0.0000   15.0000  -30.000012431.7910   20.9585
    7.5000   15.0000  -30.000011869.3164   20.9577
   -7.5000   22.5000  -30.000010819.0781   20.8471
    0.0000   22.5000  -30.000011434.6543   20.8464
    7.5000   22.5000  -30.000010913.8096   20.8433
   -7.5000   30.0000  -30.0000 9920.7754   20.4964
    0.0000   30.0000  -30.000010431.8125   20.4924
    7.5000   30.0000  -30.0000 9956.2588   20.4882
   -7.5000   37.5000  -30.0000 9239.4863   20.5397
    0.0000   37.5000  -30.0000 9704.4668   20.5294
    7.5000   37.5000  -30.0000 9286.1621   20.5257
   -7.5000   45.0000  -30.0000 8199.2568   20.2649
    0.0000   45.0000  -30.0000 8629.8203   20.2494
    7.5000   45.0000  -30.0000 8255.8262   20.2461
   -7.5000  -45.0000  -22.500010987.3252   21.6176
    0.0000  -45.0000  -22.500011595.2861   21.6094
    7.5000  -45.0000  -22.500011142.5938   21.6192
   -7.5000  -37.5000  -22.500011323.2363   21.6940
    0.0000  -37.5000  -22.500011972.1113   21.6926
    7.5000  -37.5000  -22.500011496.0977   21.7005
   -7.5000  -30.0000  -22.500012078.3828   21.6567
    0.0000  -30.0000  -22.500012788.7080   21.6681
    7.5000  -30.0000  -22.500012254.9980   21.6771
   -7.5000  -22.5000  -22.500012773.7539   21.5295
    0.0000  -22.5000  -22.500013547.9443   21.5457
    7.5000  -22.5000  -22.500012962.0586   21.5571
   -7.5000  -15.0000  -22.500013421.2559   21.4349
    0.0000  -15.0000  -22.500014265.3281   21.4456
    7.5000  -15.0000  -22.500013643.2988   21.4605
   -7.5000   -7.5000  -22.500013951.0908   21.4854
    0.0000   -7.5000  -22.500014808.5400   21.4845
    7.5000   -7.5000  -22.500014170.1729   21.4989
   -7.5000    0.0000  -22.500014252.2471   21.6176
    0.0000    0.0000  -22.500015106.7588   21.6094
    7.5000    0.0000  -22.500014465.4805   21.6192
   -7.5000    7.5000  -22.500013379.1758   21.6940
    0.0000    7.5000  -22.500014175.1045   21.6926
    7.5000    7.5000  -22.500013559.4404   21.7005
   -7.5000   15.0000  -22.500012416.7471   21.6567
    0.0000   15.0000  -22.500013152.8457   21.6681
    7.5000   15.0000  -22.500012563.2246   21.6771
   -7.5000   22.5000  -22.500011440.6221   21.5228
    0.0000   22.5000  -22.500012087.5117   21.5390
    7.5000   22.5000  -22.500011533.4023   21.5505
   -7.5000   30.0000  -22.500010456.2617   21.1545
    0.0000   30.0000  -22.500011015.3584   21.1650
    7.5000   30.0000  -22.500010502.3125   21.1798
   -7.5000   37.5000  -22.5000 9707.1533   21.2043
    0.0000   37.5000  -22.500010225.9365   21.2035
    7.5000   37.5000  -22.5000 9764.4688   21.2176
   -7.5000   45.0000  -22.5000 8595.9941   20.9477
    0.0000   45.0000  -22.5000 9068.3984   20.9394
    7.5000   45.0000  -22.5000 8655.0908   20.9484
   -7.5000  -45.0000  -15.000011727.5107   22.1441
    0.0000  -45.0000  -15.000012383.4717   22.1470
    7.5000  -45.0000  -15.000011890.1279   22.1671
   -7.5000  -37.5000  -15.000012071.1270   22.2197
    0.0000  -37.5000  -15.000012759.7598   22.2321
    7.5000  -37.5000  -15.000012255.8154   22.2496
   -7.5000  -30.0000  -15.000012848.9600   22.1761
    0.0000  -30.0000  -15.000013581.5244   22.2026
    7.5000  -30.0000  -15.000013030.9238   22.2208
   -7.5000  -22.5000  -15.000013580.9082   22.0438
    0.0000  -22.5000  -15.000014337.5654   22.0749
    7.5000  -22.5000  -15.000013746.0830   22.0961
   -7.5000  -15.0000  -15.000014273.1475   21.9487
    0.0000  -15.0000  -15.000015070.5381   21.9719
    7.5000  -15.0000  -15.000014448.9844   21.9982
   -7.5000   -7.5000  -15.000014765.1934   22.0050
    0.0000   -7.5000  -15.000015599.9834   22.0143
    7.5000   -7.5000  -15.000014955.1084   22.0401
   -7.5000    0.0000  -15.000015078.8398   22.1441
    0.0000    0.0000  -15.000015921.1162   22.1470
    7.5000    0.0000  -15.000015239.9551   22.1671
   -7.5000    7.5000  -15.000014157.6816   22.2197
    0.0000    7.5000  -15.000014960.5312   22.2321
    7.5000    7.5000  -15.000014306.3906   22.2496
   -7.5000   15.0000  -15.000013109.2080   22.1761
    0.0000   15.0000  -15.000013873.2549   22.2026
    7.5000   15.0000  -15.000013236.3818   22.2208
   -7.5000   22.5000  -15.000012037.4121   22.0360
    0.0000   22.5000  -15.000012727.9023   22.0671
    7.5000   22.5000  -15.000012123.4316   22.0883
   -7.5000   30.0000  -15.000010971.1738   21.6646
    0.0000   30.0000  -15.000011551.3516   21.6875
    7.5000   30.0000  -15.000011000.2910   21.7135
   -7.5000   37.5000  -15.000010192.0459   21.7202
    0.0000   37.5000  -15.000010715.9111   21.7294
    7.5000   37.5000  -15.000010201.6709   21.7548
   -7.5000   45.0000  -15.0000 9006.6387   21.4698
    0.0000   45.0000  -15.0000 9490.1338   21.4726
    7.5000   45.0000  -15.0000 9031.9160   21.4918
   -7.5000  -45.0000   -7.500012456.3828   22.4558
    0.0000  -45.0000   -7.500013126.4346   22.4613
    7.5000  -45.0000   -7.500012654.3223   22.4764
   -7.5000  -37.5000   -7.500012859.4502   22.5199
    0.0000  -37.5000   -7.500013531.3154   22.5341
    7.5000  -37.5000   -7.500013052.5342   22.5497
   -7.5000  -30.0000   -7.500013670.9062   22.4712
    0.0000  -30.0000   -7.500014357.4424   22.4966
    7.5000  -30.0000   -7.500013849.8955   22.5125
   -7.5000  -22.5000   -7.500014453.2080   22.3491
    0.0000  -22.5000   -7.500015105.5352   22.3764
    7.5000  -22.5000   -7.500014571.9629   22.3917
   -7.5000  -15.0000   -7.500015153.8232   22.2667
    0.0000  -15.0000   -7.500015836.2217   22.2864
    7.5000  -15.0000   -7.500015265.9609   22.3033
   -7.5000   -7.5000   -7.500015635.4961   22.3245
    0.0000   -7.5000   -7.500016371.1162   22.3335
    7.5000   -7.5000   -7.500015762.5146   22.3507
   -7.5000    0.0000   -7.500015937.1953   22.4558
    0.0000    0.0000   -7.500016729.0254   22.4613
    7.5000    0.0000   -7.500016062.4863   22.4764
   -7.5000    7.5000   -7.500014981.7510   22.5199
    0.0000    7.5000   -7.500015711.1865   22.5341
    7.5000    7.5000   -7.500015047.0195   22.5497
   -7.5000   15.0000   -7.500013872.7178   22.4712
    0.0000   15.0000   -7.500014576.4971   22.4966
    7.5000   15.0000   -7.500013942.8828   22.5125
   -7.5000   22.5000   -7.500012713.1396   22.3388
    0.0000   22.5000   -7.500013374.9453   22.3661
    7.5000   22.5000   -7.500012758.0918   22.3814
   -7.5000   30.0000   -7.500011538.9043   21.9779
    0.0000   30.0000   -7.500012108.0957   21.9974
    7.5000   30.0000   -7.500011543.2207   22.0141
   -7.5000   37.5000   -7.500010696.3818   22.0350
    0.0000   37.5000   -7.500011222.8330   22.0438
    7.5000   37.5000   -7.500010691.0430   22.0608
   -7.5000   45.0000   -7.5000 9432.3125   21.7741
    0.0000   45.0000   -7.5000 9888.4707   21.7796
    7.5000   45.0000   -7.5000 9415.9229   21.7941
   -7.5000  -45.0000    0.000013053.6855   22.5395
    0.0000  -45.0000    0.000013688.5938   22.5389
    7.5000  -45.0000    0.000013254.8896   22.5425
   -7.5000  -37.5000    0.000013507.2168   22.5962
    0.0000  -37.5000    0.000014187.3760   22.6008
    7.5000  -37.5000    0.000013697.1416   22.6064
   -7.5000  -30.0000    0.000014405.1768   22.5511
    0.0000  -30.0000    0.000015030.7666   22.5618
    7.5000  -30.0000    0.000014543.2861   22.5662
   -7.5000  -22.5000    0.000015174.1768   22.4427
    0.0000  -22.5000    0.000015689.5439   22.4533
    7.5000  -22.5000    0.000015233.1143   22.4531
   -7.5000  -15.0000    0.000015894.9502   22.3705
    0.0000  -15.0000    0.000016418.1895   22.3766
    7.5000  -15.0000    0.000015928.9971   22.3749
   -7.5000   -7.5000    0.000016360.1982   22.4220
    0.0000   -7.5000    0.000016955.8203   22.4231
    7.5000   -7.5000    0.000016418.1855   22.4239
   -7.5000    0.0000    0.000016663.0469   22.5395
    0.0000    0.0000    0.000017286.0879   22.5389
    7.5000    0.0000    0.000016702.9766   22.5425
   -7.5000    7.5000    0.000015645.7539   22.5962
    0.0000    7.5000    0.000016226.9053   22.6008
    7.5000    7.5000    0.000015655.3037   22.6064
   -7.5000   15.0000    0.000014518.2607   22.5511
    0.0000   15.0000    0.000015100.5059   22.5618
    7.5000   15.0000    0.000014503.2773   22.5662
   -7.5000   22.5000    0.000013285.0244   22.4323
    0.0000   22.5000    0.000013890.6611   22.4429
    7.5000   22.5000    0.000013294.6748   22.4427
   -7.5000   30.0000    0.000012009.5498   22.0810
    0.0000   30.0000    0.000012579.7461   22.0870
    7.5000   30.0000    0.000012005.5693   22.0854
   -7.5000   37.5000    0.000011098.0537   22.1318
    0.0000   37.5000    0.000011628.7080   22.1329
    7.5000   37.5000    0.000011068.6602   22.1337
   -7.5000   45.0000    0.0000 9769.2959   21.8557
    0.0000   45.0000    0.000010191.0420   21.8553
    7.5000   45.0000    0.0000 9729.6162   21.8585
   -7.5000  -45.0000    7.500012583.5801   22.5204
    0.0000  -45.0000    7.500013223.2197   22.5091
    7.5000  -45.0000    7.500012800.8477   22.5046
   -7.5000  -37.5000    7.500013063.7080   22.5809
    0.0000  -37.5000    7.500013746.5879   22.5725
    7.5000  -37.5000    7.500013243.5244   22.5708
   -7.5000  -30.0000    7.500013986.7900   22.5432
    0.0000  -30.0000    7.500014555.7217   22.5400
    7.5000  -30.0000    7.500014056.5283   22.5367
   -7.5000  -22.5000    7.500014736.3945   22.4371
    0.0000  -22.5000    7.500015191.6387   22.4342
    7.5000  -22.5000    7.500014743.4111   22.4251
   -7.5000  -15.0000    7.500015394.9824   22.3624
    0.0000  -15.0000    7.500015827.5898   22.3567
    7.5000  -15.0000    7.500015388.7627   22.3448
   -7.5000   -7.5000    7.500015840.7002   22.4079
    0.0000   -7.5000    7.500016304.2744   22.3989
    7.5000   -7.5000    7.500015846.7197   22.3900
   -7.5000    0.0000    7.500016091.1318   22.5204
    0.0000    0.0000    7.500016556.6270   22.5091
    7.5000    0.0000    7.500016063.4502   22.5046
   -7.5000    7.5000    7.500015077.9355   22.5809
    0.0000    7.5000    7.500015531.8027   22.5725
    7.5000    7.5000    7.500015039.6240   22.5708
   -7.5000   15.0000    7.500013991.1719   22.5432
    0.0000   15.0000    7.500014490.9375   22.5400
    7.5000   15.0000    7.500013928.8721   22.5367
   -7.5000   22.5000    7.500012822.8643   22.4268
    0.0000   22.5000    7.500013361.7764   22.4239
    7.5000   22.5000    7.500012808.8838   22.4148
   -7.5000   30.0000    7.500011561.0303   22.0730
    0.0000   30.0000    7.500012079.8857   22.0674
    7.5000   30.0000    7.500011554.0713   22.0556
   -7.5000   37.5000    7.500010663.9512   22.1179
    0.0000   37.5000    7.500011153.0615   22.1090
    7.5000   37.5000    7.500010626.6406   22.1002
   -7.5000   45.0000    7.5000 9363.4307   21.8382
    0.0000   45.0000    7.5000 9774.9375   21.8272
    7.5000   45.0000    7.5000 9341.8232   21.8224
   -7.5000  -45.0000   15.000012012.8398   22.4750
    0.0000  -45.0000   15.000012603.8750   22.4582
    7.5000  -45.0000   15.000012194.3848   22.4552
   -7.5000  -37.5000   15.000012465.5342   22.5454
    0.0000  -37.5000   15.000013032.2910   22.5327
    7.5000  -37.5000   15.000012622.2178   22.5315
   -7.5000  -30.0000   15.000013386.1133   22.5095
    0.0000  -30.0000   15.000013916.5195   22.5060
    7.5000  -30.0000   15.000013473.5801   22.5051
   -7.5000  -22.5000   15.000014163.0322   22.3917
    0.0000  -22.5000   15.000014731.9932   22.3910
    7.5000  -22.5000   15.000014271.9072   22.3876
   -7.5000  -15.0000   15.000014814.3535   22.3049
    0.0000  -15.0000   15.000015425.6572   22.3005
    7.5000  -15.0000   15.000014922.5771   22.2960
   -7.5000   -7.5000   15.000015206.1699   22.3520
    0.0000   -7.5000   15.000015819.5781   22.3408
    7.5000   -7.5000   15.000015299.1250   22.3368
   -7.5000    0.0000   15.000015374.2861   22.4750
    0.0000    0.0000   15.000015963.6182   22.4582
    7.5000    0.0000   15.000015426.1641   22.4552
   -7.5000    7.5000   15.000014358.5039   22.5454
    0.0000    7.5000   15.000014902.2041   22.5327
    7.5000    7.5000   15.000014365.5957   22.5315
   -7.5000   15.0000   15.000013318.6377   22.5095
    0.0000   15.0000   15.000013855.0068   22.5060
    7.5000   15.0000   15.000013309.3867   22.5051
   -7.5000   22.5000   15.000012220.2197   22.3814
    0.0000   22.5000   15.000012728.7070   22.3807
    7.5000   22.5000   15.000012213.7100   22.3773
   -7.5000   30.0000   15.000011003.4229   22.0162
    0.0000   30.0000   15.000011479.8184   22.0119
    7.5000   30.0000   15.000011009.8193   22.0074
   -7.5000   37.5000   15.000010140.5859   22.0628
    0.0000   37.5000   15.000010562.8574   22.0517
    7.5000   37.5000   15.000010115.5605   22.0477
   -7.5000   45.0000   15.0000 8919.6885   21.7964
    0.0000   45.0000   15.0000 9280.2354   21.7798
    7.5000   45.0000   15.0000 8892.3789   21.7762
   -7.5000  -45.0000   22.500011384.3672   22.4607
    0.0000  -45.0000   22.500011970.7266   22.4521
    7.5000  -45.0000   22.500011562.8691   22.4621
   -7.5000  -37.5000   22.500011808.7861   22.5402
    0.0000  -37.5000   22.500012383.8125   22.5387
    7.5000  -37.5000   22.500011957.1387   22.5467
   -7.5000  -30.0000   22.500012638.3135   22.5013
    0.0000  -30.0000   22.500013207.5547   22.5130
    7.5000  -30.0000   22.500012752.9668   22.5221
   -7.5000  -22.5000   22.500013375.8799   22.3689
    0.0000  -22.5000   22.500013998.8652   22.3857
    7.5000  -22.5000   22.500013518.1025   22.3974
   -7.5000  -15.0000   22.500014025.9775   22.2705
    0.0000  -15.0000   22.500014692.6094   22.2815
    7.5000  -15.0000   22.500014174.0947   22.2969
   -7.5000   -7.5000   22.500014428.1602   22.3231
    0.0000   -7.5000   22.500015094.1445   22.3221
    7.5000   -7.5000   22.500014546.2852   22.3368
   -7.5000    0.0000   22.500014600.6611   22.4607
    0.0000    0.0000   22.500015233.3301   22.4521
    7.5000    0.0000   22.500014683.0830   22.4621
   -7.5000    7.5000   22.500013638.6191   22.5402
    0.0000    7.5000   22.500014215.0684   22.5387
    7.5000    7.5000   22.500013687.4092   22.5467
   -7.5000   15.0000   22.500012639.8740   22.5013
    0.0000   15.0000   22.500013188.5254   22.5130
    7.5000   15.0000   22.500012676.7129   22.5221
   -7.5000   22.5000   22.500011573.2412   22.3586
    0.0000   22.5000   22.500012090.6455   22.3754
    7.5000   22.5000   22.500011602.6406   22.3871
   -7.5000   30.0000   22.500010399.4189   21.9823
    0.0000   30.0000   22.500010861.5723   21.9932
    7.5000   30.0000   22.500010424.6191   22.0083
   -7.5000   37.5000   22.5000 9556.9502   22.0342
    0.0000   37.5000   22.5000 9963.7188   22.0332
    7.5000   37.5000   22.5000 9560.5713   22.0478
   -7.5000   45.0000   22.5000 8393.8857   21.7837
    0.0000   45.0000   22.5000 8747.8516   21.7749
    7.5000   45.0000   22.5000 8380.8721   21.7842
   -7.5000  -45.0000   30.000010594.5225   22.5844
    0.0000  -45.0000   30.000011220.2354   22.5878
    7.5000  -45.0000   30.000010798.1650   22.6084
   -7.5000  -37.5000   30.000010974.3604   22.6614
    0.0000  -37.5000   30.000011594.2598   22.6745
    7.5000  -37.5000   30.000011146.9531   22.6923
   -7.5000  -30.0000   30.000011743.0059   22.6168
    0.0000  -30.0000   30.000012355.6289   22.6445
    7.5000  -30.0000   30.000011888.1338   22.6631
   -7.5000  -22.5000   30.000012466.7959   22.4821
    0.0000  -22.5000   30.000013081.7480   22.5146
    7.5000  -22.5000   30.000012604.5713   22.5364
   -7.5000  -15.0000   30.000013080.5088   22.3852
    0.0000  -15.0000   30.000013707.7412   22.4097
    7.5000  -15.0000   30.000013217.4551   22.4368
   -7.5000   -7.5000   30.000013451.1387   22.4426
    0.0000   -7.5000   30.000014054.6484   22.4527
    7.5000   -7.5000   30.000013563.3477   22.4793
   -7.5000    0.0000   30.000013631.5449   22.5844
    0.0000    0.0000   30.000014229.1953   22.5878
    7.5000    0.0000   30.000013721.2295   22.6084
   -7.5000    7.5000   30.000012760.7246   22.6614
    0.0000    7.5000   30.000013310.7725   22.6745
    7.5000    7.5000   30.000012821.0088   22.6923
   -7.5000   15.0000   30.000011831.2002   22.6168
    0.0000   15.0000   30.000012367.2520   22.6445
    7.5000   15.0000   30.000011875.3672   22.6631
   -7.5000   22.5000   30.000010823.9727   22.4718
    0.0000   22.5000   30.000011326.1689   22.5043
    7.5000   22.5000   30.000010856.9902   22.5261
   -7.5000   30.0000   30.0000 9704.6748   22.0955
    0.0000   30.0000   30.000010164.2900   22.1197
    7.5000   30.0000   30.0000 9740.6387   22.1465
   -7.5000   37.5000   30.0000 8911.9775   22.1521
    0.0000   37.5000   30.0000 9314.8438   22.1622
    7.5000   37.5000   30.0000 8929.0791   22.1884
   -7.5000   45.0000   30.0000 7810.0396   21.8999
    0.0000   45.0000   30.0000 8151.1045   21.9032
    7.5000   45.0000   30.0000 7813.0801   21.9229
   -7.5000  -45.0000   37.500010164.2588   22.8631
    0.0000  -45.0000   37.500010777.0898   22.8690
    7.5000  -45.0000   37.500010355.5020   22.8841
   -7.5000  -37.5000   37.500010532.4062   22.9282
    0.0000  -37.5000   37.500011156.5732   22.9432
    7.5000  -37.5000   37.500010712.6846   22.9587
   -7.5000  -30.0000   37.500011257.5859   22.8778
    0.0000  -30.0000   37.500011887.5791   22.9045
    7.5000  -30.0000   37.500011430.7275   22.9206
   -7.5000  -22.5000   37.500011945.1133   22.7529
    0.0000  -22.5000   37.500012573.9941   22.7817
    7.5000  -22.5000   37.500012120.8945   22.7973
   -7.5000  -15.0000   37.500012564.7383   22.6689
    0.0000  -15.0000   37.500013189.9512   22.6898
    7.5000  -15.0000   37.500012711.8271   22.7072
   -7.5000   -7.5000   37.500012939.5049   22.7284
    0.0000   -7.5000   37.500013532.6631   22.7381
    7.5000   -7.5000   37.500013066.0703   22.7556
   -7.5000    0.0000   37.500013118.7793   22.8631
    0.0000    0.0000   37.500013746.7441   22.8690
    7.5000    0.0000   37.500013256.1758   22.8841
   -7.5000    7.5000   37.500012295.2764   22.9282
    0.0000    7.5000   37.500012878.8066   22.9432
    7.5000    7.5000   37.500012407.9746   22.9587
   -7.5000   15.0000   37.500011405.3818   22.8778
    0.0000   15.0000   37.500011939.6006   22.9045
    7.5000   15.0000   37.500011473.9229   22.9206
   -7.5000   22.5000   37.500010439.1113   22.7424
    0.0000   22.5000   37.500010921.1504   22.7712
    7.5000   22.5000   37.500010485.6455   22.7868
   -7.5000   30.0000   37.5000 9366.9600   22.3755
    0.0000   30.0000   37.5000 9791.1543   22.3962
    7.5000   30.0000   37.5000 9408.9199   22.4133
   -7.5000   37.5000   37.5000 8613.8926   22.4343
    0.0000   37.5000   37.5000 8982.8154   22.4439
    7.5000   37.5000   37.5000 8632.4336   22.4611
   -7.5000   45.0000   37.5000 7554.6953   22.1663
    0.0000   45.0000   37.5000 7862.0210   22.1722
    7.5000   45.0000   37.5000 7546.3647   22.1868
   -7.5000  -45.0000   45.0000 9290.9912   23.1269
    0.0000  -45.0000   45.0000 9856.0234   23.1275
    7.5000  -45.0000   45.0000 9478.3750   23.1293
   -7.5000  -37.5000   45.0000 9632.4629   23.1837
    0.0000  -37.5000   45.000010196.9746   23.1901
    7.5000  -37.5000   45.0000 9802.1934   23.1946
   -7.5000  -30.0000   45.000010289.5586   23.1335
    0.0000  -30.0000   45.000010869.0088   23.1467
    7.5000  -30.0000   45.000010456.4746   23.1509
   -7.5000  -22.5000   45.000010909.7461   23.0202
    0.0000  -22.5000   45.000011501.5000   23.0332
    7.5000  -22.5000   45.000011080.2422   23.0327
   -7.5000  -15.0000   45.000011484.7080   22.9473
    0.0000  -15.0000   45.000012066.3447   22.9551
    7.5000  -15.0000   45.000011636.8232   22.9526
   -7.5000   -7.5000   45.000011857.1426   23.0037
    0.0000   -7.5000   45.000012421.6357   23.0060
    7.5000   -7.5000   45.000011979.3281   23.0052
   -7.5000    0.0000   45.000012057.7910   23.1269
    0.0000    0.0000   45.000012634.3594   23.1275
    7.5000    0.0000   45.000012187.7578   23.1293
   -7.5000    7.5000   45.000011321.1846   23.1837
    0.0000    7.5000   45.000011855.5410   23.1901
    7.5000    7.5000   45.000011422.0674   23.1946
   -7.5000   15.0000   45.000010480.3516   23.1335
    0.0000   15.0000   45.000010976.5674   23.1467
    7.5000   15.0000   45.000010554.4570   23.1509
   -7.5000   22.5000   45.0000 9596.2705   23.0096
    0.0000   22.5000   45.000010044.1387   23.0225
    7.5000   22.5000   45.0000 9641.9678   23.0220
   -7.5000   30.0000   45.0000 8612.4854   22.6484
    0.0000   30.0000   45.0000 9003.7529   22.6561
    7.5000   30.0000   45.0000 8649.5723   22.6536
   -7.5000   37.5000   45.0000 7929.4155   22.7040
    0.0000   37.5000   45.0000 8272.9062   22.7063
    7.5000   37.5000   45.0000 7960.6621   22.7055
   -7.5000   45.0000   45.0000 6973.0137   22.4304
    0.0000   45.0000   45.0000 7273.2554   22.4313
    7.5000   45.0000   45.0000 6990.8159   22.4328

---------------------------------------------------------------------
imgreg_4dfp /opt/freesurfer/average/711-2C_as_mni_average_305 /opt/freesurfer/average/711-2B_as_mni_average_305_mask talsrcimg_g11 none talsrcimg_to_711-2C_as_mni_average_305_t4 4355
---------------------------------------------------------------------

freesurfer imgreg_4dfp.c
/opt/freesurfer/average/711-2C_as_mni_average_305.4dfp.img
       256       256       256         1
  1.000000  1.000000  1.000000
orientation T byte_order littleendian
Reading image: /opt/freesurfer/average/711-2C_as_mni_average_305.4dfp.img
dimensions:      256       256       256
mmppix:       1.0000   -1.0000   -1.0000
center:     128.0000 -129.0000 -129.0000
/opt/freesurfer/average/711-2B_as_mni_average_305_mask.4dfp.img
       256       256       256         1
  1.000000  1.000000  1.000000
orientation T byte_order littleendian
Reading mask: /opt/freesurfer/average/711-2B_as_mni_average_305_mask.4dfp.img (2306576 pixels)
talsrcimg_g11.4dfp.img
       256       256       256         1
  1.000000  1.000000  1.000000
orientation T byte_order littleendian
Reading image: talsrcimg_g11.4dfp.img
dimensions:      256       256       256
mmppix:       1.0000   -1.0000   -1.0000
center:     128.0000 -129.0000 -129.0000
rotation matrix determinant  1.000000
image alignment mode   4355 decimal     1103 hex
   -7.5000  -45.0000  -45.0000 2183.5186   19.8117
    0.0000  -45.0000  -45.0000 2199.4441   19.6132
    7.5000  -45.0000  -45.0000 2195.3674   19.6005
   -7.5000  -37.5000  -45.0000 2228.2036   18.7307
    0.0000  -37.5000  -45.0000 2246.6309   18.5296
    7.5000  -37.5000  -45.0000 2240.7000   18.5610
   -7.5000  -30.0000  -45.0000 2252.5583   18.0298
    0.0000  -30.0000  -45.0000 2274.7017   17.8252
    7.5000  -30.0000  -45.0000 2276.5183   17.8709
   -7.5000  -22.5000  -45.0000 2267.3040   17.6882
    0.0000  -22.5000  -45.0000 2288.4185   17.4257
    7.5000  -22.5000  -45.0000 2286.8899   17.4859
   -7.5000  -15.0000  -45.0000 2257.3484   17.7315
    0.0000  -15.0000  -45.0000 2279.1997   17.4508
    7.5000  -15.0000  -45.0000 2279.5608   17.4928
   -7.5000   -7.5000  -45.0000 2231.0044   18.2236
    0.0000   -7.5000  -45.0000 2262.0264   17.8981
    7.5000   -7.5000  -45.0000 2258.1682   17.9154
   -7.5000    0.0000  -45.0000 2178.2822   19.0810
    0.0000    0.0000  -45.0000 2213.0149   18.7709
    7.5000    0.0000  -45.0000 2211.9800   18.7602
   -7.5000    7.5000  -45.0000 2106.8625   20.3621
    0.0000    7.5000  -45.0000 2141.0632   19.9737
    7.5000    7.5000  -45.0000 2138.0527   19.9590
   -7.5000   15.0000  -45.0000 2019.7203   22.0475
    0.0000   15.0000  -45.0000 2048.7932   21.6102
    7.5000   15.0000  -45.0000 2047.0135   21.6339
   -7.5000   22.5000  -45.0000 1913.2159   24.3725
    0.0000   22.5000  -45.0000 1938.7904   23.9155
    7.5000   22.5000  -45.0000 1941.1725   23.9509
   -7.5000   30.0000  -45.0000 1804.0886   27.6928
    0.0000   30.0000  -45.0000 1828.4496   27.1756
    7.5000   30.0000  -45.0000 1829.3087   27.2484
   -7.5000   37.5000  -45.0000 1684.7827   32.4388
    0.0000   37.5000  -45.0000 1709.0789   31.7381
    7.5000   37.5000  -45.0000 1706.8807   31.7697
   -7.5000   45.0000  -45.0000 1549.7003   39.0574
    0.0000   45.0000  -45.0000 1572.7142   38.1867
    7.5000   45.0000  -45.0000 1571.0463   38.2446
   -7.5000  -45.0000  -37.5000 2273.4036   18.2316
    0.0000  -45.0000  -37.5000 2297.2458   18.0511
    7.5000  -45.0000  -37.5000 2292.3369   18.0017
   -7.5000  -37.5000  -37.5000 2324.1887   17.3103
    0.0000  -37.5000  -37.5000 2348.5962   17.0948
    7.5000  -37.5000  -37.5000 2346.5349   17.1156
   -7.5000  -30.0000  -37.5000 2351.5645   16.6910
    0.0000  -30.0000  -37.5000 2378.7070   16.4969
    7.5000  -30.0000  -37.5000 2377.7014   16.4935
   -7.5000  -22.5000  -37.5000 2363.6082   16.3810
    0.0000  -22.5000  -37.5000 2390.0229   16.1374
    7.5000  -22.5000  -37.5000 2391.6238   16.1592
   -7.5000  -15.0000  -37.5000 2355.8298   16.3823
    0.0000  -15.0000  -37.5000 2387.3625   16.1107
    7.5000  -15.0000  -37.5000 2386.2332   16.1471
   -7.5000   -7.5000  -37.5000 2326.5471   16.8050
    0.0000   -7.5000  -37.5000 2364.2461   16.5173
    7.5000   -7.5000  -37.5000 2364.6177   16.5288
   -7.5000    0.0000  -37.5000 2273.7461   17.6350
    0.0000    0.0000  -37.5000 2312.8696   17.3113
    7.5000    0.0000  -37.5000 2312.4224   17.3162
   -7.5000    7.5000  -37.5000 2197.1033   18.8115
    0.0000    7.5000  -37.5000 2232.7063   18.4491
    7.5000    7.5000  -37.5000 2233.5066   18.4363
   -7.5000   15.0000  -37.5000 2103.6829   20.3743
    0.0000   15.0000  -37.5000 2134.6980   19.9825
    7.5000   15.0000  -37.5000 2131.5784   19.9788
   -7.5000   22.5000  -37.5000 1994.3810   22.5072
    0.0000   22.5000  -37.5000 2021.6595   22.0632
    7.5000   22.5000  -37.5000 2021.2910   22.0405
   -7.5000   30.0000  -37.5000 1878.0818   25.4795
    0.0000   30.0000  -37.5000 1908.0791   24.9493
    7.5000   30.0000  -37.5000 1906.8868   24.9550
   -7.5000   37.5000  -37.5000 1749.6327   29.6421
    0.0000   37.5000  -37.5000 1772.0656   29.0763
    7.5000   37.5000  -37.5000 1771.0106   29.1200
   -7.5000   45.0000  -37.5000 1612.9904   35.5271
    0.0000   45.0000  -37.5000 1631.4961   34.7957
    7.5000   45.0000  -37.5000 1629.7578   34.7467
   -7.5000  -45.0000  -30.0000 2408.8884   17.4203
    0.0000  -45.0000  -30.0000 2431.5688   17.1725
    7.5000  -45.0000  -30.0000 2430.1184   17.1176
   -7.5000  -37.5000  -30.0000 2459.0835   16.5300
    0.0000  -37.5000  -30.0000 2490.8135   16.3292
    7.5000  -37.5000  -30.0000 2488.6584   16.3022
   -7.5000  -30.0000  -30.0000 2495.5798   15.9343
    0.0000  -30.0000  -30.0000 2529.2451   15.7521
    7.5000  -30.0000  -30.0000 2527.2715   15.7459
   -7.5000  -22.5000  -30.0000 2514.7974   15.6682
    0.0000  -22.5000  -30.0000 2546.8704   15.4626
    7.5000  -22.5000  -30.0000 2547.0845   15.4612
   -7.5000  -15.0000  -30.0000 2506.7490   15.7093
    0.0000  -15.0000  -30.0000 2547.5342   15.4697
    7.5000  -15.0000  -30.0000 2545.0793   15.4644
   -7.5000   -7.5000  -30.0000 2476.5598   16.1239
    0.0000   -7.5000  -30.0000 2518.7327   15.8534
    7.5000   -7.5000  -30.0000 2519.8242   15.8344
   -7.5000    0.0000  -30.0000 2414.4119   16.9051
    0.0000    0.0000  -30.0000 2459.2244   16.6027
    7.5000    0.0000  -30.0000 2459.3528   16.5726
   -7.5000    7.5000  -30.0000 2330.2417   18.0116
    0.0000    7.5000  -30.0000 2371.6113   17.6640
    7.5000    7.5000  -30.0000 2370.0906   17.6653
   -7.5000   15.0000  -30.0000 2227.3457   19.5201
    0.0000   15.0000  -30.0000 2260.6223   19.1348
    7.5000   15.0000  -30.0000 2260.4197   19.1315
   -7.5000   22.5000  -30.0000 2108.9954   21.5351
    0.0000   22.5000  -30.0000 2139.5063   21.0989
    7.5000   22.5000  -30.0000 2140.2170   21.1123
   -7.5000   30.0000  -30.0000 1981.0880   24.2811
    0.0000   30.0000  -30.0000 2010.0365   23.8099
    7.5000   30.0000  -30.0000 2011.4153   23.8470
   -7.5000   37.5000  -30.0000 1841.9541   28.2397
    0.0000   37.5000  -30.0000 1867.6854   27.7443
    7.5000   37.5000  -30.0000 1867.2820   27.6799
   -7.5000   45.0000  -30.0000 1694.3794   33.6758
    0.0000   45.0000  -30.0000 1719.0693   32.9641
    7.5000   45.0000  -30.0000 1719.9249   32.9193
   -7.5000  -45.0000  -22.5000 2511.7849   16.5290
    0.0000  -45.0000  -22.5000 2535.9824   16.3173
    7.5000  -45.0000  -22.5000 2534.3911   16.2620
   -7.5000  -37.5000  -22.5000 2571.6443   15.6816
    0.0000  -37.5000  -22.5000 2601.2764   15.4803
    7.5000  -37.5000  -22.5000 2600.8574   15.4631
   -7.5000  -30.0000  -22.5000 2618.7112   15.1102
    0.0000  -30.0000  -22.5000 2651.8428   14.9310
    7.5000  -30.0000  -22.5000 2648.1035   14.9140
   -7.5000  -22.5000  -22.5000 2640.7258   14.8489
    0.0000  -22.5000  -22.5000 2681.4868   14.6653
    7.5000  -22.5000  -22.5000 2675.4412   14.6597
   -7.5000  -15.0000  -22.5000 2635.3760   14.9258
    0.0000  -15.0000  -22.5000 2685.7751   14.7241
    7.5000  -15.0000  -22.5000 2680.9810   14.7146
   -7.5000   -7.5000  -22.5000 2605.7300   15.3311
    0.0000   -7.5000  -22.5000 2656.0593   15.0902
    7.5000   -7.5000  -22.5000 2651.4312   15.0916
   -7.5000    0.0000  -22.5000 2536.7302   16.0740
    0.0000    0.0000  -22.5000 2586.3440   15.7893
    7.5000    0.0000  -22.5000 2583.9998   15.7919
   -7.5000    7.5000  -22.5000 2442.3662   17.1422
    0.0000    7.5000  -22.5000 2483.7717   16.8356
    7.5000    7.5000  -22.5000 2482.5737   16.8466
   -7.5000   15.0000  -22.5000 2327.7471   18.6041
    0.0000   15.0000  -22.5000 2364.5793   18.2417
    7.5000   15.0000  -22.5000 2364.0911   18.2514
   -7.5000   22.5000  -22.5000 2201.7957   20.5198
    0.0000   22.5000  -22.5000 2231.5874   20.1140
    7.5000   22.5000  -22.5000 2229.3335   20.1067
   -7.5000   30.0000  -22.5000 2062.1296   23.0754
    0.0000   30.0000  -22.5000 2088.7300   22.6354
    7.5000   30.0000  -22.5000 2086.6438   22.6119
   -7.5000   37.5000  -22.5000 1912.3844   26.7380
    0.0000   37.5000  -22.5000 1937.8951   26.2302
    7.5000   37.5000  -22.5000 1937.6735   26.1581
   -7.5000   45.0000  -22.5000 1759.2278   31.8432
    0.0000   45.0000  -22.5000 1787.0182   31.1049
    7.5000   45.0000  -22.5000 1785.6460   31.1127
   -7.5000  -45.0000  -15.0000 2579.5938   15.7615
    0.0000  -45.0000  -15.0000 2608.1536   15.5061
    7.5000  -45.0000  -15.0000 2607.2656   15.5335
   -7.5000  -37.5000  -15.0000 2654.1704   14.9291
    0.0000  -37.5000  -15.0000 2687.1428   14.7149
    7.5000  -37.5000  -15.0000 2687.7468   14.7339
   -7.5000  -30.0000  -15.0000 2709.0657   14.3658
    0.0000  -30.0000  -15.0000 2749.8669   14.1768
    7.5000  -30.0000  -15.0000 2743.3264   14.1915
   -7.5000  -22.5000  -15.0000 2738.5317   14.1369
    0.0000  -22.5000  -15.0000 2788.9792   13.9169
    7.5000  -22.5000  -15.0000 2779.7822   13.9488
   -7.5000  -15.0000  -15.0000 2738.7673   14.2317
    0.0000  -15.0000  -15.0000 2792.4109   14.0001
    7.5000  -15.0000  -15.0000 2787.8867   14.0193
   -7.5000   -7.5000  -15.0000 2698.5344   14.6350
    0.0000   -7.5000  -15.0000 2755.6279   14.4035
    7.5000   -7.5000  -15.0000 2750.3594   14.4133
   -7.5000    0.0000  -15.0000 2626.0181   15.3430
    0.0000    0.0000  -15.0000 2677.5020   15.0767
    7.5000    0.0000  -15.0000 2671.7451   15.0953
   -7.5000    7.5000  -15.0000 2525.7930   16.3578
    0.0000    7.5000  -15.0000 2570.5601   16.0611
    7.5000    7.5000  -15.0000 2566.6367   16.0944
   -7.5000   15.0000  -15.0000 2399.6150   17.7434
    0.0000   15.0000  -15.0000 2439.6460   17.4347
    7.5000   15.0000  -15.0000 2435.5339   17.4808
   -7.5000   22.5000  -15.0000 2259.9983   19.5966
    0.0000   22.5000  -15.0000 2297.6133   19.2553
    7.5000   22.5000  -15.0000 2294.1099   19.2543
   -7.5000   30.0000  -15.0000 2117.5044   22.0657
    0.0000   30.0000  -15.0000 2142.0940   21.6617
    7.5000   30.0000  -15.0000 2140.6282   21.6415
   -7.5000   37.5000  -15.0000 1956.4387   25.4870
    0.0000   37.5000  -15.0000 1982.6989   24.9582
    7.5000   37.5000  -15.0000 1982.9849   24.9770
   -7.5000   45.0000  -15.0000 1802.8143   30.2228
    0.0000   45.0000  -15.0000 1829.7009   29.5987
    7.5000   45.0000  -15.0000 1828.0367   29.5859
   -7.5000  -45.0000   -7.5000 2622.9319   15.1387
    0.0000  -45.0000   -7.5000 2657.6128   14.8138
    7.5000  -45.0000   -7.5000 2657.4817   14.9151
   -7.5000  -37.5000   -7.5000 2714.1069   14.3384
    0.0000  -37.5000   -7.5000 2753.1047   14.0477
    7.5000  -37.5000   -7.5000 2756.9890   14.1190
   -7.5000  -30.0000   -7.5000 2781.6863   13.7924
    0.0000  -30.0000   -7.5000 2833.4265   13.5051
    7.5000  -30.0000   -7.5000 2826.7905   13.5978
   -7.5000  -22.5000   -7.5000 2819.3826   13.5863
    0.0000  -22.5000   -7.5000 2881.3860   13.2667
    7.5000  -22.5000   -7.5000 2867.7041   13.3744
   -7.5000  -15.0000   -7.5000 2815.9609   13.6857
    0.0000  -15.0000   -7.5000 2876.7151   13.4057
    7.5000  -15.0000   -7.5000 2869.1897   13.4814
   -7.5000   -7.5000   -7.5000 2767.7258   14.0755
    0.0000   -7.5000   -7.5000 2827.6963   13.8026
    7.5000   -7.5000   -7.5000 2823.1802   13.8619
   -7.5000    0.0000   -7.5000 2686.1360   14.7592
    0.0000    0.0000   -7.5000 2741.6746   14.4711
    7.5000    0.0000   -7.5000 2738.7158   14.5095
   -7.5000    7.5000   -7.5000 2580.2126   15.7418
    0.0000    7.5000   -7.5000 2624.6465   15.4424
    7.5000    7.5000   -7.5000 2622.0620   15.4825
   -7.5000   15.0000   -7.5000 2447.3452   17.0897
    0.0000   15.0000   -7.5000 2485.9746   16.7925
    7.5000   15.0000   -7.5000 2485.5166   16.8268
   -7.5000   22.5000   -7.5000 2305.8215   18.8700
    0.0000   22.5000   -7.5000 2340.7039   18.5281
    7.5000   22.5000   -7.5000 2338.6716   18.5558
   -7.5000   30.0000   -7.5000 2150.0349   21.2479
    0.0000   30.0000   -7.5000 2178.2686   20.8263
    7.5000   30.0000   -7.5000 2177.6836   20.8548
   -7.5000   37.5000   -7.5000 1984.3827   24.4698
    0.0000   37.5000   -7.5000 2012.8624   24.0010
    7.5000   37.5000   -7.5000 2013.4034   23.9762
   -7.5000   45.0000   -7.5000 1827.9509   28.8493
    0.0000   45.0000   -7.5000 1845.9298   28.1967
    7.5000   45.0000   -7.5000 1847.2006   28.2045
   -7.5000  -45.0000    0.0000 2647.9573   14.7833
    0.0000  -45.0000    0.0000 2687.3621   14.3638
    7.5000  -45.0000    0.0000 2687.6616   14.4990
   -7.5000  -37.5000    0.0000 2752.9839   14.0088
    0.0000  -37.5000    0.0000 2801.8245   13.5948
    7.5000  -37.5000    0.0000 2798.0920   13.7220
   -7.5000  -30.0000    0.0000 2833.7678   13.4871
    0.0000  -30.0000    0.0000 2899.8589   13.0888
    7.5000  -30.0000    0.0000 2888.7932   13.1982
   -7.5000  -22.5000    0.0000 2878.4480   13.2350
    0.0000  -22.5000    0.0000 2956.6492   12.7872
    7.5000  -22.5000    0.0000 2938.4280   12.9572
   -7.5000  -15.0000    0.0000 2870.3921   13.3409
    0.0000  -15.0000    0.0000 2937.8699   12.9385
    7.5000  -15.0000    0.0000 2931.1885   13.0594
   -7.5000   -7.5000    0.0000 2807.7158   13.7631
    0.0000   -7.5000    0.0000 2871.1860   13.4028
    7.5000   -7.5000    0.0000 2872.4241   13.4685
   -7.5000    0.0000    0.0000 2720.0864   14.4283
    0.0000    0.0000    0.0000 2774.7163   14.1025
    7.5000    0.0000    0.0000 2779.0664   14.1367
   -7.5000    7.5000    0.0000 2608.8540   15.4176
    0.0000    7.5000    0.0000 2650.6470   15.0536
    7.5000    7.5000    0.0000 2654.6870   15.0811
   -7.5000   15.0000    0.0000 2474.8931   16.7195
    0.0000   15.0000    0.0000 2512.7070   16.3405
    7.5000   15.0000    0.0000 2509.4883   16.3934
   -7.5000   22.5000    0.0000 2323.8555   18.4312
    0.0000   22.5000    0.0000 2362.5366   18.0325
    7.5000   22.5000    0.0000 2356.3938   18.0892
   -7.5000   30.0000    0.0000 2165.7131   20.7405
    0.0000   30.0000    0.0000 2199.5374   20.2947
    7.5000   30.0000    0.0000 2195.7004   20.3312
   -7.5000   37.5000    0.0000 1999.4980   23.7866
    0.0000   37.5000    0.0000 2030.1477   23.2716
    7.5000   37.5000    0.0000 2025.1907   23.2373
   -7.5000   45.0000    0.0000 1837.6669   27.8832
    0.0000   45.0000    0.0000 1857.1323   27.2459
    7.5000   45.0000    0.0000 1856.5642   27.2850
   -7.5000  -45.0000    7.5000 2654.2197   14.6490
    0.0000  -45.0000    7.5000 2703.3572   14.1750
    7.5000  -45.0000    7.5000 2702.4243   14.2837
   -7.5000  -37.5000    7.5000 2766.3733   13.8732
    0.0000  -37.5000    7.5000 2824.4338   13.4029
    7.5000  -37.5000    7.5000 2817.9902   13.5051
   -7.5000  -30.0000    7.5000 2859.0808   13.3712
    0.0000  -30.0000    7.5000 2930.4656   12.9248
    7.5000  -30.0000    7.5000 2917.4680   13.0063
   -7.5000  -22.5000    7.5000 2906.8281   13.1421
    0.0000  -22.5000    7.5000 2986.3079   12.6094
    7.5000  -22.5000    7.5000 2971.8760   12.7449
   -7.5000  -15.0000    7.5000 2889.3411   13.1930
    0.0000  -15.0000    7.5000 2957.0869   12.7228
    7.5000  -15.0000    7.5000 2953.6301   12.8231
   -7.5000   -7.5000    7.5000 2824.8374   13.5845
    0.0000   -7.5000    7.5000 2883.6157   13.1998
    7.5000   -7.5000    7.5000 2885.3503   13.2618
   -7.5000    0.0000    7.5000 2726.7205   14.2715
    0.0000    0.0000    7.5000 2774.0117   13.9280
    7.5000    0.0000    7.5000 2776.4070   13.9637
   -7.5000    7.5000    7.5000 2611.8286   15.2621
    0.0000    7.5000    7.5000 2647.6702   14.9114
    7.5000    7.5000    7.5000 2652.0825   14.9038
   -7.5000   15.0000    7.5000 2475.7224   16.5308
    0.0000   15.0000    7.5000 2511.5757   16.2045
    7.5000   15.0000    7.5000 2505.6619   16.1821
   -7.5000   22.5000    7.5000 2325.0559   18.2185
    0.0000   22.5000    7.5000 2364.1401   17.8505
    7.5000   22.5000    7.5000 2360.8657   17.8329
   -7.5000   30.0000    7.5000 2167.6313   20.4254
    0.0000   30.0000    7.5000 2199.6306   20.0592
    7.5000   30.0000    7.5000 2198.9375   20.0072
   -7.5000   37.5000    7.5000 2001.4553   23.4670
    0.0000   37.5000    7.5000 2029.3450   22.9954
    7.5000   37.5000    7.5000 2024.9471   22.9240
   -7.5000   45.0000    7.5000 1837.6433   27.4398
    0.0000   45.0000    7.5000 1858.0266   26.8291
    7.5000   45.0000    7.5000 1858.1022   26.8460
   -7.5000  -45.0000   15.0000 2639.6016   14.7191
    0.0000  -45.0000   15.0000 2688.1055   14.2264
    7.5000  -45.0000   15.0000 2688.2368   14.3289
   -7.5000  -37.5000   15.0000 2755.1694   13.9474
    0.0000  -37.5000   15.0000 2809.1643   13.4683
    7.5000  -37.5000   15.0000 2806.7375   13.5674
   -7.5000  -30.0000   15.0000 2846.3015   13.4921
    0.0000  -30.0000   15.0000 2913.7437   12.9861
    7.5000  -30.0000   15.0000 2902.1943   13.1156
   -7.5000  -22.5000   15.0000 2887.9419   13.2814
    0.0000  -22.5000   15.0000 2956.2915   12.8032
    7.5000  -22.5000   15.0000 2949.3003   12.9051
   -7.5000  -15.0000   15.0000 2866.6672   13.3088
    0.0000  -15.0000   15.0000 2934.1846   12.9345
    7.5000  -15.0000   15.0000 2929.2368   12.9798
   -7.5000   -7.5000   15.0000 2808.1270   13.6500
    0.0000   -7.5000   15.0000 2868.0540   13.3141
    7.5000   -7.5000   15.0000 2866.5833   13.3417
   -7.5000    0.0000   15.0000 2708.3042   14.3084
    0.0000    0.0000   15.0000 2756.5781   13.9697
    7.5000    0.0000   15.0000 2756.8726   13.9829
   -7.5000    7.5000   15.0000 2587.5437   15.2819
    0.0000    7.5000   15.0000 2624.3435   14.9304
    7.5000    7.5000   15.0000 2627.7844   14.9203
   -7.5000   15.0000   15.0000 2454.4551   16.5556
    0.0000   15.0000   15.0000 2487.0576   16.1825
    7.5000   15.0000   15.0000 2485.5742   16.1942
   -7.5000   22.5000   15.0000 2306.7683   18.1956
    0.0000   22.5000   15.0000 2337.1357   17.8169
    7.5000   22.5000   15.0000 2337.5518   17.8221
   -7.5000   30.0000   15.0000 2147.9995   20.3852
    0.0000   30.0000   15.0000 2178.5366   19.9820
    7.5000   30.0000   15.0000 2176.6570   20.0119
   -7.5000   37.5000   15.0000 1984.2047   23.4173
    0.0000   37.5000   15.0000 2008.5338   22.9326
    7.5000   37.5000   15.0000 2008.2880   22.9502
   -7.5000   45.0000   15.0000 1824.8762   27.3641
    0.0000   45.0000   15.0000 1847.1052   26.8626
    7.5000   45.0000   15.0000 1847.1635   26.8729
   -7.5000  -45.0000   22.5000 2614.9065   15.1494
    0.0000  -45.0000   22.5000 2660.8838   14.7063
    7.5000  -45.0000   22.5000 2658.1125   14.8072
   -7.5000  -37.5000   22.5000 2723.0293   14.3392
    0.0000  -37.5000   22.5000 2773.8560   13.9180
    7.5000  -37.5000   22.5000 2769.6519   14.0086
   -7.5000  -30.0000   22.5000 2804.2498   13.8338
    0.0000  -30.0000   22.5000 2863.0459   13.3867
    7.5000  -30.0000   22.5000 2853.4990   13.4939
   -7.5000  -22.5000   22.5000 2837.9575   13.5925
    0.0000  -22.5000   22.5000 2893.7000   13.2345
    7.5000  -22.5000   22.5000 2891.2944   13.3065
   -7.5000  -15.0000   22.5000 2815.9868   13.6700
    0.0000  -15.0000   22.5000 2871.4629   13.3392
    7.5000  -15.0000   22.5000 2870.8096   13.3980
   -7.5000   -7.5000   22.5000 2761.1294   14.0402
    0.0000   -7.5000   22.5000 2806.6299   13.7104
    7.5000   -7.5000   22.5000 2805.8760   13.7876
   -7.5000    0.0000   22.5000 2667.9036   14.6859
    0.0000    0.0000   22.5000 2704.3838   14.3774
    7.5000    0.0000   22.5000 2706.4373   14.4230
   -7.5000    7.5000   22.5000 2553.9102   15.6175
    0.0000    7.5000   22.5000 2585.3110   15.2960
    7.5000    7.5000   22.5000 2586.3806   15.3056
   -7.5000   15.0000   22.5000 2425.2749   16.8251
    0.0000   15.0000   22.5000 2457.9814   16.4888
    7.5000   15.0000   22.5000 2455.9844   16.5051
   -7.5000   22.5000   22.5000 2280.0461   18.4370
    0.0000   22.5000   22.5000 2308.2568   18.0631
    7.5000   22.5000   22.5000 2307.7769   18.0701
   -7.5000   30.0000   22.5000 2125.5266   20.5573
    0.0000   30.0000   22.5000 2148.5769   20.1651
    7.5000   30.0000   22.5000 2150.7378   20.1744
   -7.5000   37.5000   22.5000 1964.2883   23.5033
    0.0000   37.5000   22.5000 1982.2587   23.0655
    7.5000   37.5000   22.5000 1979.5850   23.0553
   -7.5000   45.0000   22.5000 1803.9244   27.5160
    0.0000   45.0000   22.5000 1822.9573   26.9715
    7.5000   45.0000   22.5000 1819.4426   27.0283
   -7.5000  -45.0000   30.0000 2571.8801   15.8342
    0.0000  -45.0000   30.0000 2615.4031   15.4971
    7.5000  -45.0000   30.0000 2610.8552   15.5387
   -7.5000  -37.5000   30.0000 2669.9634   14.9860
    0.0000  -37.5000   30.0000 2722.7393   14.6116
    7.5000  -37.5000   30.0000 2715.7791   14.6663
   -7.5000  -30.0000   30.0000 2740.7561   14.4140
    0.0000  -30.0000   30.0000 2795.2781   14.0585
    7.5000  -30.0000   30.0000 2786.9277   14.1272
   -7.5000  -22.5000   30.0000 2771.9348   14.1822
    0.0000  -22.5000   30.0000 2816.7185   13.8546
    7.5000  -22.5000   30.0000 2812.3772   13.9189
   -7.5000  -15.0000   30.0000 2742.7461   14.2707
    0.0000  -15.0000   30.0000 2785.4587   13.9488
    7.5000  -15.0000   30.0000 2783.6108   14.0066
   -7.5000   -7.5000   30.0000 2686.0994   14.6288
    0.0000   -7.5000   30.0000 2723.2092   14.3159
    7.5000   -7.5000   30.0000 2721.0669   14.3794
   -7.5000    0.0000   30.0000 2598.6917   15.2984
    0.0000    0.0000   30.0000 2632.7263   14.9680
    7.5000    0.0000   30.0000 2629.3215   15.0304
   -7.5000    7.5000   30.0000 2493.1899   16.2121
    0.0000    7.5000   30.0000 2520.8232   15.9168
    7.5000    7.5000   30.0000 2519.1248   15.9548
   -7.5000   15.0000   30.0000 2375.6477   17.3842
    0.0000   15.0000   30.0000 2402.2493   17.0889
    7.5000   15.0000   30.0000 2397.1934   17.1159
   -7.5000   22.5000   30.0000 2235.5515   18.9280
    0.0000   22.5000   30.0000 2260.4106   18.6147
    7.5000   22.5000   30.0000 2256.3276   18.6876
   -7.5000   30.0000   30.0000 2086.2236   21.0187
    0.0000   30.0000   30.0000 2107.2078   20.6693
    7.5000   30.0000   30.0000 2103.4695   20.7218
   -7.5000   37.5000   30.0000 1928.8551   23.9260
    0.0000   37.5000   30.0000 1944.6768   23.5004
    7.5000   37.5000   30.0000 1942.2744   23.5640
   -7.5000   45.0000   30.0000 1769.6824   27.9661
    0.0000   45.0000   30.0000 1783.6852   27.4114
    7.5000   45.0000   30.0000 1782.9004   27.4720
   -7.5000  -45.0000   37.5000 2515.3591   16.7737
    0.0000  -45.0000   37.5000 2560.3528   16.4721
    7.5000  -45.0000   37.5000 2555.2837   16.4782
   -7.5000  -37.5000   37.5000 2605.6003   15.8622
    0.0000  -37.5000   37.5000 2655.8279   15.5649
    7.5000  -37.5000   37.5000 2649.6516   15.5857
   -7.5000  -30.0000   37.5000 2664.6997   15.2592
    0.0000  -30.0000   37.5000 2710.3245   14.9879
    7.5000  -30.0000   37.5000 2706.3271   15.0198
   -7.5000  -22.5000   37.5000 2683.1570   15.0027
    0.0000  -22.5000   37.5000 2723.8733   14.7363
    7.5000  -22.5000   37.5000 2724.3931   14.7537
   -7.5000  -15.0000   37.5000 2657.5012   15.0976
    0.0000  -15.0000   37.5000 2695.3313   14.7947
    7.5000  -15.0000   37.5000 2692.7646   14.8298
   -7.5000   -7.5000   37.5000 2602.9268   15.4574
    0.0000   -7.5000   37.5000 2628.8015   15.1628
    7.5000   -7.5000   37.5000 2629.9521   15.1984
   -7.5000    0.0000   37.5000 2521.0632   16.1005
    0.0000    0.0000   37.5000 2551.1377   15.8001
    7.5000    0.0000   37.5000 2549.4963   15.8374
   -7.5000    7.5000   37.5000 2422.6826   16.9988
    0.0000    7.5000   37.5000 2450.8379   16.7450
    7.5000    7.5000   37.5000 2447.9958   16.7343
   -7.5000   15.0000   37.5000 2312.1423   18.1635
    0.0000   15.0000   37.5000 2333.0942   17.8949
    7.5000   15.0000   37.5000 2329.2810   17.9118
   -7.5000   22.5000   37.5000 2174.7644   19.7425
    0.0000   22.5000   37.5000 2198.2981   19.4583
    7.5000   22.5000   37.5000 2196.0430   19.5117
   -7.5000   30.0000   37.5000 2033.9622   21.8392
    0.0000   30.0000   37.5000 2052.5908   21.5112
    7.5000   30.0000   37.5000 2051.3977   21.5457
   -7.5000   37.5000   37.5000 1885.5834   24.7638
    0.0000   37.5000   37.5000 1897.6969   24.3580
    7.5000   37.5000   37.5000 1897.6615   24.4140
   -7.5000   45.0000   37.5000 1730.9673   28.9043
    0.0000   45.0000   37.5000 1740.4407   28.3660
    7.5000   45.0000   37.5000 1738.1536   28.4099
   -7.5000  -45.0000   45.0000 2448.6125   17.9642
    0.0000  -45.0000   45.0000 2493.3391   17.6873
    7.5000  -45.0000   45.0000 2494.1125   17.6636
   -7.5000  -37.5000   45.0000 2526.8970   17.0005
    0.0000  -37.5000   45.0000 2571.6135   16.7360
    7.5000  -37.5000   45.0000 2571.4207   16.7296
   -7.5000  -30.0000   45.0000 2572.8267   16.3631
    0.0000  -30.0000   45.0000 2613.0388   16.1146
    7.5000  -30.0000   45.0000 2612.3303   16.1148
   -7.5000  -22.5000   45.0000 2582.9255   16.0833
    0.0000  -22.5000   45.0000 2623.0105   15.8104
    7.5000  -22.5000   45.0000 2622.3188   15.8103
   -7.5000  -15.0000   45.0000 2559.2939   16.1426
    0.0000  -15.0000   45.0000 2590.6418   15.8591
    7.5000  -15.0000   45.0000 2592.9036   15.8668
   -7.5000   -7.5000   45.0000 2510.3044   16.4982
    0.0000   -7.5000   45.0000 2534.1394   16.2322
    7.5000   -7.5000   45.0000 2534.4001   16.2486
   -7.5000    0.0000   45.0000 2434.0273   17.1320
    0.0000    0.0000   45.0000 2459.4312   16.8678
    7.5000    0.0000   45.0000 2459.9958   16.8859
   -7.5000    7.5000   45.0000 2345.8237   18.0534
    0.0000    7.5000   45.0000 2367.9233   17.7774
    7.5000    7.5000   45.0000 2363.5457   17.7750
   -7.5000   15.0000   45.0000 2232.7432   19.2074
    0.0000   15.0000   45.0000 2255.1240   18.9222
    7.5000   15.0000   45.0000 2252.1167   18.9482
   -7.5000   22.5000   45.0000 2106.4644   20.8220
    0.0000   22.5000   45.0000 2126.7573   20.5286
    7.5000   22.5000   45.0000 2125.8301   20.5263
   -7.5000   30.0000   45.0000 1966.2202   23.0345
    0.0000   30.0000   45.0000 1985.9060   22.6843
    7.5000   30.0000   45.0000 1987.1836   22.6587
   -7.5000   37.5000   45.0000 1829.6449   26.0096
    0.0000   37.5000   45.0000 1842.9830   25.6033
    7.5000   37.5000   45.0000 1845.8358   25.6527
   -7.5000   45.0000   45.0000 1681.8494   30.3017
    0.0000   45.0000   45.0000 1698.7947   29.8033
    7.5000   45.0000   45.0000 1697.5947   29.8646

---------------------------------------------------------------------
imgreg_4dfp /opt/freesurfer/average/711-2C_as_mni_average_305 /opt/freesurfer/average/711-2B_as_mni_average_305_mask talsrcimg_g11 none talsrcimg_to_711-2C_as_mni_average_305_t4 1283
---------------------------------------------------------------------

freesurfer imgreg_4dfp.c
/opt/freesurfer/average/711-2C_as_mni_average_305.4dfp.img
       256       256       256         1
  1.000000  1.000000  1.000000
orientation T byte_order littleendian
Reading image: /opt/freesurfer/average/711-2C_as_mni_average_305.4dfp.img
dimensions:      256       256       256
mmppix:       1.0000   -1.0000   -1.0000
center:     128.0000 -129.0000 -129.0000
/opt/freesurfer/average/711-2B_as_mni_average_305_mask.4dfp.img
       256       256       256         1
  1.000000  1.000000  1.000000
orientation T byte_order littleendian
Reading mask: /opt/freesurfer/average/711-2B_as_mni_average_305_mask.4dfp.img (2306576 pixels)
talsrcimg_g11.4dfp.img
       256       256       256         1
  1.000000  1.000000  1.000000
orientation T byte_order littleendian
Reading image: talsrcimg_g11.4dfp.img
dimensions:      256       256       256
mmppix:       1.0000   -1.0000   -1.0000
center:     128.0000 -129.0000 -129.0000
rotation matrix determinant  1.000000
fimgreg.f
image alignment mode   1283 decimal      503 hex
parameters
    0.0000  -22.5000    7.5000    0.0000    0.0000    0.0000
eta,q 0.93720 12.57156
niter,ni,del,rscale     5    3   12.0000    1.2000
parameter  4  1.002970 ->  0.500000 qaram    1.1500
parameter  6  0.639934 ->  0.500000 qaram    1.1500
parameters
    2.7880  -21.7801    6.8453   -3.4500   -0.8652   -3.4500
eta,q 0.94014 12.43218
  0.0836  0.0723  0.0651  0.0623  0.0660  0.0611
  0.0765  0.0676  0.0621  0.0620  0.0632  0.0599
  0.0699  0.0643  0.0624  0.0622  0.0619  0.0601
  0.0650  0.0628  0.0627  0.0631  0.0621  0.0618
  0.0632  0.0628  0.0622  0.0650  0.0633  0.0646
  0.0635  0.0648  0.0636  0.0665  0.0655  0.0677
  0.0664  0.0689  0.0665  0.0671  0.0688  0.0710
niter,ni,del,rscale     6    3   12.0000    1.2000
parameters
    2.4546  -19.6885    6.1567   -6.7595   -0.4212   -3.5620
eta,q 0.94308 12.44057
  0.0726  0.0746  0.0624  0.0586  0.0652  0.0647
  0.0660  0.0676  0.0590  0.0574  0.0616  0.0606
  0.0611  0.0628  0.0578  0.0572  0.0586  0.0578
  0.0599  0.0598  0.0583  0.0582  0.0570  0.0569
  0.0622  0.0584  0.0584  0.0603  0.0577  0.0583
  0.0685  0.0591  0.0610  0.0640  0.0604  0.0612
  0.0754  0.0625  0.0651  0.0676  0.0632  0.0650
niter,ni,del,rscale     5    3   12.0000    1.2000
parameters
    2.4895  -18.2217    5.7397   -8.7447   -0.4872   -3.5905
eta,q 0.94456 12.48584
  0.0721  0.0713  0.0620  0.0577  0.0619  0.0634
  0.0658  0.0649  0.0582  0.0567  0.0586  0.0596
  0.0596  0.0601  0.0557  0.0556  0.0562  0.0566
  0.0569  0.0569  0.0559  0.0556  0.0554  0.0554
  0.0583  0.0558  0.0568  0.0573  0.0565  0.0564
  0.0646  0.0579  0.0594  0.0601  0.0590  0.0596
  0.0728  0.0623  0.0641  0.0643  0.0619  0.0637
niter,ni,del,rscale     4    3   12.0000    1.2000
parameters
    2.6454  -17.5271    5.3127   -9.3493   -0.4704   -3.7021
eta,q 0.94520 12.49849
  0.0702  0.0683  0.0608  0.0593  0.0610  0.0627
  0.0639  0.0626  0.0571  0.0569  0.0579  0.0589
  0.0580  0.0586  0.0551  0.0558  0.0556  0.0560
  0.0554  0.0554  0.0548  0.0546  0.0548  0.0548
  0.0562  0.0551  0.0564  0.0556  0.0557  0.0557
  0.0618  0.0587  0.0586  0.0580  0.0580  0.0591
  0.0699  0.0643  0.0624  0.0618  0.0608  0.0634
niter,ni,del,rscale     3    3   12.0000    1.2000
parameters
    2.6731  -17.3627    5.2350   -9.4161   -0.4386   -3.7377
eta,q 0.94531 12.50005
  0.0688  0.0666  0.0614  0.0602  0.0608  0.0627
  0.0622  0.0615  0.0574  0.0572  0.0578  0.0590
  0.0569  0.0577  0.0555  0.0561  0.0555  0.0559
  0.0548  0.0548  0.0547  0.0547  0.0547  0.0547
  0.0557  0.0554  0.0560  0.0550  0.0556  0.0556
  0.0612  0.0599  0.0580  0.0574  0.0579  0.0589
  0.0694  0.0665  0.0614  0.0608  0.0606  0.0632
niter,ni,del,rscale     2    3   12.0000    1.2000
parameters
    2.6746  -17.3395    5.2243   -9.4178   -0.4263   -3.7458
eta,q 0.94532 12.50025
  0.0685  0.0662  0.0616  0.0604  0.0608  0.0628
  0.0619  0.0612  0.0574  0.0573  0.0578  0.0591
  0.0568  0.0575  0.0556  0.0561  0.0555  0.0559
  0.0547  0.0547  0.0547  0.0547  0.0547  0.0547
  0.0556  0.0556  0.0560  0.0550  0.0556  0.0555
  0.0612  0.0603  0.0579  0.0573  0.0579  0.0588
  0.0693  0.0672  0.0612  0.0607  0.0606  0.0632
registration optimization eta report
parameter search radius
    6.0000    6.0000    6.0000    6.9000    6.0000    6.9000
100000*second partial in parameter space
       40.       32.       18.       12.       16.       17.
  0.0685  0.0662  0.0616  0.0604  0.0608  0.0628
  0.0619  0.0612  0.0574  0.0573  0.0578  0.0591
  0.0568  0.0575  0.0556  0.0561  0.0555  0.0559
  0.0547  0.0547  0.0547  0.0547  0.0547  0.0547
  0.0556  0.0556  0.0560  0.0550  0.0556  0.0555
  0.0612  0.0603  0.0579  0.0573  0.0579  0.0588
  0.0693  0.0672  0.0612  0.0607  0.0606  0.0632
    2.6746  -17.3395    5.2243   -9.4178   -0.4263   -3.7458
eta,q 0.94532 12.50025

---------------------------------------------------------------------
imgreg_4dfp /opt/freesurfer/average/711-2C_as_mni_average_305 /opt/freesurfer/average/711-2B_as_mni_average_305_mask talsrcimg_g11 none talsrcimg_to_711-2C_as_mni_average_305_t4 3335
---------------------------------------------------------------------

freesurfer imgreg_4dfp.c
/opt/freesurfer/average/711-2C_as_mni_average_305.4dfp.img
       256       256       256         1
  1.000000  1.000000  1.000000
orientation T byte_order littleendian
Reading image: /opt/freesurfer/average/711-2C_as_mni_average_305.4dfp.img
dimensions:      256       256       256
mmppix:       1.0000   -1.0000   -1.0000
center:     128.0000 -129.0000 -129.0000
/opt/freesurfer/average/711-2B_as_mni_average_305_mask.4dfp.img
       256       256       256         1
  1.000000  1.000000  1.000000
orientation T byte_order littleendian
Reading mask: /opt/freesurfer/average/711-2B_as_mni_average_305_mask.4dfp.img (2306576 pixels)
talsrcimg_g11.4dfp.img
       256       256       256         1
  1.000000  1.000000  1.000000
orientation T byte_order littleendian
Reading image: talsrcimg_g11.4dfp.img
dimensions:      256       256       256
mmppix:       1.0000   -1.0000   -1.0000
center:     128.0000 -129.0000 -129.0000
fimgreg.f
image alignment mode   3335 decimal      D07 hex
parameters
    2.6746  -17.3395    5.2243   -0.2164   -1.5507   -1.3506
    6.3235    1.8015   -6.5329   16.2803   -0.7441  -16.3628
eta,q 0.94615 12.56485
niter,ni,del,rscale     5    3    5.0000    1.2000
parameter  4  2.232509 ->  0.500000 qaram    1.1500
parameter  5  2.341315 ->  0.500000 qaram    1.1500
parameter  6  2.049771 ->  0.500000 qaram    1.1500
parameter 10  0.648769 ->  0.500000 qaram    1.1500
parameters
    2.1235  -17.4467    5.1953   -4.3564   -5.6907   -5.4906
    4.9737    1.5513   -5.1322   12.1403   -2.5804  -16.6467
eta,q 0.96411 11.77177
  0.0551  0.0555  0.0551  0.0460  0.0408  0.0347  0.0390  0.0411  0.0402  0.0364  0.0367  0.0372
  0.0541  0.0545  0.0543  0.0477  0.0428  0.0366  0.0380  0.0390  0.0388  0.0360  0.0361  0.0364
  0.0537  0.0539  0.0539  0.0504  0.0454  0.0399  0.0374  0.0377  0.0379  0.0362  0.0359  0.0360
  0.0539  0.0537  0.0537  0.0537  0.0484  0.0435  0.0374  0.0373  0.0373  0.0372  0.0360  0.0359
  0.0545  0.0540  0.0539  0.0575  0.0518  0.0478  0.0380  0.0378  0.0373  0.0390  0.0364  0.0361
  0.0555  0.0547  0.0544  0.0616  0.0558  0.0527  0.0392  0.0393  0.0377  0.0415  0.0371  0.0366
  0.0571  0.0559  0.0552  0.0660  0.0601  0.0580  0.0410  0.0418  0.0386  0.0444  0.0381  0.0374
niter,ni,del,rscale     7    3    5.0000    1.2000
parameter  4  0.776408 ->  0.500000 qaram    1.3225
parameter  5  1.004452 ->  0.500000 qaram    1.3225
parameter  6  0.610224 ->  0.500000 qaram    1.3225
parameters
    2.3950  -17.0744    5.0546   -9.1174  -10.4517  -10.2516
    5.0896    2.0691   -5.0852   13.0385   -2.7249  -17.0386
eta,q 0.97125 11.22981
  0.0398  0.0390  0.0376  0.0334  0.0298  0.0293  0.0313  0.0336  0.0308  0.0329  0.0299  0.0296
  0.0378  0.0374  0.0365  0.0331  0.0302  0.0290  0.0300  0.0313  0.0297  0.0310  0.0293  0.0291
  0.0365  0.0364  0.0359  0.0338  0.0313  0.0289  0.0292  0.0297  0.0291  0.0296  0.0289  0.0288
  0.0359  0.0358  0.0358  0.0358  0.0332  0.0304  0.0289  0.0289  0.0288  0.0288  0.0288  0.0288
  0.0360  0.0358  0.0361  0.0388  0.0358  0.0340  0.0291  0.0291  0.0290  0.0289  0.0289  0.0289
  0.0368  0.0364  0.0369  0.0429  0.0392  0.0384  0.0299  0.0304  0.0297  0.0298  0.0293  0.0293
  0.0384  0.0375  0.0381  0.0473  0.0432  0.0438  0.0311  0.0326  0.0307  0.0316  0.0300  0.0299
niter,ni,del,rscale     7    3    5.0000    1.2000
parameters
    2.5430  -16.5919    4.4426   -9.6557  -14.7483  -12.2205
    4.7606    2.3501   -5.3337   13.5262   -2.2041  -18.4568
eta,q 0.97167 10.88368
  0.0326  0.0323  0.0294  0.0327  0.0289  0.0308  0.0304  0.0324  0.0298  0.0319  0.0293  0.0289
  0.0306  0.0305  0.0288  0.0309  0.0283  0.0293  0.0293  0.0304  0.0290  0.0300  0.0288  0.0285
  0.0293  0.0293  0.0286  0.0294  0.0282  0.0286  0.0286  0.0290  0.0285  0.0288  0.0285  0.0283
  0.0288  0.0287  0.0287  0.0286  0.0287  0.0281  0.0284  0.0284  0.0284  0.0284  0.0284  0.0284
  0.0290  0.0288  0.0291  0.0289  0.0300  0.0286  0.0288  0.0286  0.0286  0.0286  0.0284  0.0286
  0.0300  0.0293  0.0299  0.0310  0.0323  0.0317  0.0296  0.0299  0.0292  0.0295  0.0286  0.0289
  0.0318  0.0302  0.0309  0.0345  0.0355  0.0362  0.0307  0.0320  0.0300  0.0311  0.0291  0.0294
niter,ni,del,rscale     6    3    5.0000    1.2000
parameters
    2.6240  -16.1194    4.2546   -9.2316  -15.9999  -12.5904
    4.7891    2.3149   -5.6208   14.3422   -2.3881  -19.0420
eta,q 0.97182 10.82607
  0.0317  0.0312  0.0292  0.0323  0.0300  0.0317  0.0303  0.0319  0.0295  0.0317  0.0289  0.0289
  0.0299  0.0297  0.0286  0.0306  0.0290  0.0299  0.0292  0.0300  0.0288  0.0299  0.0285  0.0284
  0.0287  0.0288  0.0283  0.0292  0.0283  0.0286  0.0285  0.0287  0.0283  0.0287  0.0283  0.0282
  0.0283  0.0283  0.0283  0.0283  0.0282  0.0282  0.0282  0.0282  0.0282  0.0282  0.0282  0.0282
  0.0286  0.0283  0.0284  0.0282  0.0286  0.0279  0.0285  0.0286  0.0284  0.0284  0.0283  0.0284
  0.0296  0.0287  0.0288  0.0295  0.0297  0.0295  0.0292  0.0299  0.0289  0.0291  0.0286  0.0286
  0.0312  0.0295  0.0296  0.0322  0.0316  0.0333  0.0303  0.0321  0.0297  0.0305  0.0290  0.0290
niter,ni,del,rscale     5    3    5.0000    1.2000
parameters
    2.6385  -15.8175    4.0879   -9.1465  -16.6168  -12.7811
    4.8223    2.3614   -5.7606   14.9175   -2.3754  -19.3292
eta,q 0.97186 10.79572
  0.0313  0.0306  0.0291  0.0319  0.0302  0.0317  0.0302  0.0319  0.0294  0.0313  0.0289  0.0289
  0.0296  0.0293  0.0285  0.0303  0.0291  0.0299  0.0291  0.0300  0.0287  0.0296  0.0285  0.0284
  0.0285  0.0285  0.0282  0.0290  0.0284  0.0286  0.0284  0.0287  0.0283  0.0286  0.0283  0.0282
  0.0282  0.0282  0.0282  0.0282  0.0281  0.0281  0.0282  0.0282  0.0282  0.0282  0.0281  0.0281
  0.0285  0.0283  0.0283  0.0282  0.0284  0.0279  0.0284  0.0285  0.0283  0.0284  0.0282  0.0283
  0.0296  0.0287  0.0287  0.0296  0.0293  0.0292  0.0291  0.0298  0.0288  0.0291  0.0285  0.0286
  0.0312  0.0296  0.0294  0.0325  0.0310  0.0329  0.0302  0.0320  0.0295  0.0305  0.0289  0.0289
niter,ni,del,rscale     4    3    5.0000    1.2000
parameters
    2.6518  -15.6136    3.9805   -9.1322  -17.0920  -12.9687
    4.8175    2.3880   -5.8646   15.3327   -2.3165  -19.4293
eta,q 0.97185 10.76663
  0.0312  0.0304  0.0291  0.0318  0.0302  0.0316  0.0302  0.0318  0.0294  0.0311  0.0289  0.0289
  0.0295  0.0292  0.0285  0.0303  0.0291  0.0298  0.0291  0.0299  0.0287  0.0295  0.0285  0.0284
  0.0285  0.0284  0.0282  0.0290  0.0284  0.0286  0.0284  0.0287  0.0283  0.0285  0.0283  0.0282
  0.0281  0.0281  0.0281  0.0281  0.0281  0.0281  0.0282  0.0282  0.0282  0.0282  0.0281  0.0281
  0.0285  0.0283  0.0283  0.0282  0.0284  0.0279  0.0284  0.0285  0.0283  0.0284  0.0282  0.0283
  0.0295  0.0288  0.0287  0.0296  0.0292  0.0292  0.0291  0.0298  0.0288  0.0292  0.0285  0.0285
  0.0312  0.0297  0.0293  0.0325  0.0308  0.0328  0.0301  0.0319  0.0295  0.0305  0.0289  0.0289
niter,ni,del,rscale     3    3    5.0000    1.2000
parameters
    2.6602  -15.4426    3.8836   -9.1282  -17.5113  -13.1671
    4.8043    2.4064   -5.9626   15.6873   -2.2302  -19.4841
eta,q 0.97185 10.73838
  0.0312  0.0303  0.0291  0.0318  0.0302  0.0316  0.0301  0.0318  0.0294  0.0310  0.0289  0.0289
  0.0295  0.0291  0.0286  0.0302  0.0290  0.0298  0.0291  0.0299  0.0287  0.0295  0.0285  0.0285
  0.0285  0.0284  0.0282  0.0290  0.0284  0.0286  0.0284  0.0287  0.0283  0.0285  0.0283  0.0282
  0.0281  0.0281  0.0281  0.0281  0.0281  0.0281  0.0282  0.0282  0.0282  0.0282  0.0282  0.0282
  0.0285  0.0283  0.0283  0.0282  0.0284  0.0279  0.0284  0.0285  0.0283  0.0284  0.0282  0.0283
  0.0295  0.0288  0.0287  0.0296  0.0292  0.0292  0.0291  0.0298  0.0288  0.0292  0.0285  0.0285
  0.0311  0.0297  0.0293  0.0325  0.0307  0.0327  0.0301  0.0319  0.0295  0.0305  0.0289  0.0288
niter,ni,del,rscale     2    3    5.0000    1.2000
parameters
    2.6684  -15.2802    3.7890   -9.1357  -17.9337  -13.3797
    4.7848    2.4251   -6.0503   16.0347   -2.1369  -19.4665
eta,q 0.97184 10.70782
  0.0312  0.0302  0.0292  0.0317  0.0302  0.0315  0.0301  0.0318  0.0294  0.0309  0.0289  0.0289
  0.0295  0.0291  0.0286  0.0302  0.0290  0.0298  0.0291  0.0299  0.0287  0.0295  0.0285  0.0285
  0.0285  0.0284  0.0282  0.0290  0.0284  0.0286  0.0284  0.0287  0.0283  0.0285  0.0283  0.0282
  0.0282  0.0282  0.0282  0.0282  0.0282  0.0282  0.0282  0.0282  0.0282  0.0282  0.0282  0.0282
  0.0285  0.0283  0.0283  0.0282  0.0284  0.0280  0.0284  0.0285  0.0283  0.0284  0.0282  0.0283
  0.0295  0.0288  0.0287  0.0296  0.0292  0.0292  0.0291  0.0297  0.0288  0.0291  0.0285  0.0285
  0.0311  0.0297  0.0293  0.0324  0.0307  0.0327  0.0301  0.0319  0.0294  0.0305  0.0289  0.0288
niter,ni,del,rscale     1    3    5.0000    1.2000
parameters
    2.6770  -15.1142    3.6882   -9.1472  -18.3808  -13.6197
    4.7535    2.4412   -6.1173   16.3907   -2.0529  -19.4302
eta,q 0.97184 10.67395
  0.0311  0.0302  0.0291  0.0317  0.0301  0.0314  0.0301  0.0317  0.0294  0.0309  0.0289  0.0289
  0.0295  0.0291  0.0286  0.0302  0.0290  0.0297  0.0291  0.0299  0.0287  0.0295  0.0285  0.0285
  0.0285  0.0284  0.0282  0.0290  0.0283  0.0285  0.0284  0.0286  0.0283  0.0286  0.0283  0.0282
  0.0282  0.0282  0.0282  0.0282  0.0282  0.0282  0.0282  0.0282  0.0282  0.0282  0.0282  0.0282
  0.0285  0.0283  0.0283  0.0282  0.0284  0.0280  0.0284  0.0285  0.0284  0.0283  0.0282  0.0283
  0.0295  0.0288  0.0287  0.0296  0.0292  0.0292  0.0291  0.0297  0.0288  0.0291  0.0285  0.0285
  0.0311  0.0297  0.0293  0.0324  0.0306  0.0326  0.0301  0.0318  0.0294  0.0305  0.0289  0.0288
registration optimization eta report
parameter search radius
    2.4000    2.4000    2.4000    9.5220    9.5220    9.5220
    7.2000    7.2000    7.2000    8.2800    7.2000    7.2000
100000*second partial in parameter space
       51.       30.       19.        4.        2.        4.
        4.        7.        2.        4.        1.        1.
  0.0311  0.0302  0.0291  0.0317  0.0301  0.0314  0.0301  0.0317  0.0294  0.0309  0.0289  0.0289
  0.0295  0.0291  0.0286  0.0302  0.0290  0.0297  0.0291  0.0299  0.0287  0.0295  0.0285  0.0285
  0.0285  0.0284  0.0282  0.0290  0.0283  0.0285  0.0284  0.0286  0.0283  0.0286  0.0283  0.0282
  0.0282  0.0282  0.0282  0.0282  0.0282  0.0282  0.0282  0.0282  0.0282  0.0282  0.0282  0.0282
  0.0285  0.0283  0.0283  0.0282  0.0284  0.0280  0.0284  0.0285  0.0284  0.0283  0.0282  0.0283
  0.0295  0.0288  0.0287  0.0296  0.0292  0.0292  0.0291  0.0297  0.0288  0.0291  0.0285  0.0285
  0.0311  0.0297  0.0293  0.0324  0.0306  0.0326  0.0301  0.0318  0.0294  0.0305  0.0289  0.0288
    2.6770  -15.1142    3.6882   -9.1472  -18.3808  -13.6197
    4.7535    2.4412   -6.1173   16.3907   -2.0529  -19.4302
eta,q 0.97184 10.67395

---------------------------------------------------------------------
imgreg_4dfp /opt/freesurfer/average/711-2C_as_mni_average_305 /opt/freesurfer/average/711-2B_as_mni_average_305_mask talsrcimg_g11 none talsrcimg_to_711-2C_as_mni_average_305_t4 2311
---------------------------------------------------------------------

freesurfer imgreg_4dfp.c
/opt/freesurfer/average/711-2C_as_mni_average_305.4dfp.img
       256       256       256         1
  1.000000  1.000000  1.000000
orientation T byte_order littleendian
Reading image: /opt/freesurfer/average/711-2C_as_mni_average_305.4dfp.img
dimensions:      256       256       256
mmppix:       1.0000   -1.0000   -1.0000
center:     128.0000 -129.0000 -129.0000
/opt/freesurfer/average/711-2B_as_mni_average_305_mask.4dfp.img
       256       256       256         1
  1.000000  1.000000  1.000000
orientation T byte_order littleendian
Reading mask: /opt/freesurfer/average/711-2B_as_mni_average_305_mask.4dfp.img (2306576 pixels)
talsrcimg_g11.4dfp.img
       256       256       256         1
  1.000000  1.000000  1.000000
orientation T byte_order littleendian
Reading image: talsrcimg_g11.4dfp.img
dimensions:      256       256       256
mmppix:       1.0000   -1.0000   -1.0000
center:     128.0000 -129.0000 -129.0000
fimgreg.f
image alignment mode   2311 decimal      907 hex
parameters
    2.6770  -15.1142    3.6882   -9.1472  -18.3808  -13.6197
    4.7535    2.4412   -6.1173   16.3907   -2.0529  -19.4302
eta,q 0.97184 10.67396
niter,ni,del,rscale     5    3    5.0000    0.8000
parameters
    2.6771  -14.9735    3.5705   -7.8896  -18.6944  -12.5383
    4.9564    2.4305   -6.0289   17.0167   -2.3442  -20.0570
eta,q 0.97207 10.77626
  0.0295  0.0291  0.0286  0.0295  0.0284  0.0289  0.0290  0.0298  0.0286  0.0289  0.0283  0.0282
  0.0287  0.0286  0.0283  0.0290  0.0282  0.0284  0.0284  0.0288  0.0282  0.0285  0.0281  0.0280
  0.0283  0.0283  0.0282  0.0285  0.0280  0.0281  0.0281  0.0282  0.0280  0.0281  0.0280  0.0279
  0.0282  0.0282  0.0282  0.0282  0.0280  0.0280  0.0280  0.0280  0.0280  0.0280  0.0279  0.0279
  0.0283  0.0282  0.0282  0.0280  0.0281  0.0279  0.0281  0.0282  0.0280  0.0280  0.0280  0.0280
  0.0287  0.0284  0.0284  0.0282  0.0282  0.0280  0.0283  0.0288  0.0282  0.0282  0.0282  0.0282
  0.0295  0.0288  0.0287  0.0287  0.0286  0.0283  0.0288  0.0299  0.0285  0.0285  0.0284  0.0283
niter,ni,del,rscale     4    3    5.0000    0.7000
parameters
    2.6327  -14.8020    3.6142   -7.9138  -18.9035  -12.6484
    4.9880    2.4679   -6.0203   17.4212   -2.3525  -20.1301
eta,q 0.97207 10.76538
  0.0290  0.0287  0.0283  0.0289  0.0283  0.0283  0.0287  0.0294  0.0284  0.0286  0.0283  0.0282
  0.0284  0.0283  0.0281  0.0285  0.0281  0.0281  0.0283  0.0286  0.0281  0.0283  0.0281  0.0280
  0.0280  0.0280  0.0280  0.0281  0.0280  0.0280  0.0280  0.0281  0.0280  0.0280  0.0280  0.0279
  0.0279  0.0279  0.0279  0.0279  0.0279  0.0279  0.0279  0.0279  0.0279  0.0279  0.0279  0.0279
  0.0281  0.0280  0.0280  0.0280  0.0280  0.0279  0.0280  0.0281  0.0280  0.0280  0.0280  0.0280
  0.0285  0.0281  0.0281  0.0284  0.0281  0.0280  0.0283  0.0286  0.0281  0.0281  0.0281  0.0281
  0.0291  0.0284  0.0283  0.0290  0.0283  0.0285  0.0286  0.0294  0.0284  0.0284  0.0283  0.0282
niter,ni,del,rscale     3    3    5.0000    0.6000
parameters
    2.6359  -14.6795    3.5385   -7.8076  -19.3218  -12.8406
    4.9557    2.5051   -6.0730   17.7441   -2.3255  -20.1697
eta,q 0.97208 10.74050
  0.0287  0.0285  0.0282  0.0287  0.0281  0.0282  0.0284  0.0290  0.0282  0.0284  0.0282  0.0281
  0.0283  0.0282  0.0280  0.0284  0.0280  0.0280  0.0282  0.0284  0.0281  0.0282  0.0280  0.0280
  0.0280  0.0280  0.0279  0.0281  0.0279  0.0279  0.0280  0.0281  0.0279  0.0280  0.0279  0.0279
  0.0279  0.0279  0.0279  0.0279  0.0279  0.0279  0.0279  0.0279  0.0279  0.0279  0.0279  0.0279
  0.0280  0.0279  0.0280  0.0280  0.0280  0.0279  0.0280  0.0280  0.0280  0.0279  0.0279  0.0279
  0.0283  0.0281  0.0281  0.0282  0.0281  0.0280  0.0282  0.0284  0.0281  0.0281  0.0280  0.0280
  0.0287  0.0283  0.0282  0.0287  0.0283  0.0283  0.0285  0.0290  0.0283  0.0283  0.0282  0.0281
niter,ni,del,rscale     2    3    5.0000    0.5000
parameters
    2.6353  -14.5136    3.4457   -7.6861  -19.8596  -13.2373
    4.9079    2.5286   -6.0835   18.1163   -2.3432  -20.1596
eta,q 0.97211 10.69883
  0.0285  0.0283  0.0281  0.0285  0.0280  0.0280  0.0282  0.0286  0.0281  0.0283  0.0281  0.0280
  0.0282  0.0281  0.0280  0.0282  0.0279  0.0279  0.0280  0.0282  0.0280  0.0281  0.0280  0.0279
  0.0280  0.0280  0.0279  0.0280  0.0279  0.0279  0.0279  0.0280  0.0279  0.0280  0.0279  0.0279
  0.0279  0.0279  0.0279  0.0279  0.0279  0.0279  0.0279  0.0279  0.0279  0.0279  0.0279  0.0279
  0.0280  0.0279  0.0279  0.0279  0.0279  0.0279  0.0279  0.0280  0.0279  0.0279  0.0279  0.0279
  0.0282  0.0280  0.0280  0.0281  0.0280  0.0279  0.0281  0.0282  0.0280  0.0280  0.0280  0.0279
  0.0285  0.0281  0.0281  0.0284  0.0282  0.0281  0.0283  0.0286  0.0281  0.0281  0.0281  0.0280
niter,ni,del,rscale     1    3    5.0000    0.4000
parameters
    2.6398  -14.3107    3.3117   -7.5373  -20.5303  -14.0628
    4.7991    2.5864   -6.0370   18.3585   -2.4543  -20.0668
eta,q 0.97217 10.62567
  0.0282  0.0282  0.0280  0.0283  0.0279  0.0279  0.0280  0.0283  0.0280  0.0281  0.0279  0.0279
  0.0281  0.0280  0.0279  0.0281  0.0279  0.0278  0.0279  0.0280  0.0279  0.0280  0.0279  0.0279
  0.0279  0.0279  0.0279  0.0279  0.0279  0.0278  0.0279  0.0279  0.0279  0.0279  0.0278  0.0278
  0.0279  0.0279  0.0279  0.0279  0.0279  0.0279  0.0278  0.0278  0.0278  0.0278  0.0278  0.0278
  0.0279  0.0279  0.0279  0.0279  0.0279  0.0279  0.0279  0.0279  0.0279  0.0278  0.0278  0.0278
  0.0281  0.0279  0.0280  0.0280  0.0280  0.0279  0.0280  0.0280  0.0279  0.0279  0.0279  0.0279
  0.0282  0.0280  0.0280  0.0282  0.0281  0.0280  0.0281  0.0283  0.0280  0.0280  0.0280  0.0279
registration optimization eta report
parameter search radius
    0.8000    0.8000    0.8000    2.4000    2.4000    2.4000
    2.4000    2.4000    2.4000    2.4000    2.4000    2.4000
100000*second partial in parameter space
       56.       31.       20.        6.        2.        1.
        4.        8.        3.        4.        2.        2.
  0.0282  0.0282  0.0280  0.0283  0.0279  0.0279  0.0280  0.0283  0.0280  0.0281  0.0279  0.0279
  0.0281  0.0280  0.0279  0.0281  0.0279  0.0278  0.0279  0.0280  0.0279  0.0280  0.0279  0.0279
  0.0279  0.0279  0.0279  0.0279  0.0279  0.0278  0.0279  0.0279  0.0279  0.0279  0.0278  0.0278
  0.0279  0.0279  0.0279  0.0279  0.0279  0.0279  0.0278  0.0278  0.0278  0.0278  0.0278  0.0278
  0.0279  0.0279  0.0279  0.0279  0.0279  0.0279  0.0279  0.0279  0.0279  0.0278  0.0278  0.0278
  0.0281  0.0279  0.0280  0.0280  0.0280  0.0279  0.0280  0.0280  0.0279  0.0279  0.0279  0.0279
  0.0282  0.0280  0.0280  0.0282  0.0281  0.0280  0.0281  0.0283  0.0280  0.0280  0.0280  0.0279
    2.6398  -14.3107    3.3117   -7.5373  -20.5303  -14.0628
    4.7991    2.5864   -6.0370   18.3585   -2.4543  -20.0668
eta,q 0.97217 10.62567

---------------------------------------------------------------------
imgreg_4dfp /opt/freesurfer/average/711-2C_as_mni_average_305 /opt/freesurfer/average/711-2B_as_mni_average_305_mask talsrcimg_g11 none talsrcimg_to_711-2C_as_mni_average_305_t4 2311
---------------------------------------------------------------------

freesurfer imgreg_4dfp.c
/opt/freesurfer/average/711-2C_as_mni_average_305.4dfp.img
       256       256       256         1
  1.000000  1.000000  1.000000
orientation T byte_order littleendian
Reading image: /opt/freesurfer/average/711-2C_as_mni_average_305.4dfp.img
dimensions:      256       256       256
mmppix:       1.0000   -1.0000   -1.0000
center:     128.0000 -129.0000 -129.0000
/opt/freesurfer/average/711-2B_as_mni_average_305_mask.4dfp.img
       256       256       256         1
  1.000000  1.000000  1.000000
orientation T byte_order littleendian
Reading mask: /opt/freesurfer/average/711-2B_as_mni_average_305_mask.4dfp.img (2306576 pixels)
talsrcimg_g11.4dfp.img
       256       256       256         1
  1.000000  1.000000  1.000000
orientation T byte_order littleendian
Reading image: talsrcimg_g11.4dfp.img
dimensions:      256       256       256
mmppix:       1.0000   -1.0000   -1.0000
center:     128.0000 -129.0000 -129.0000
fimgreg.f
image alignment mode   2311 decimal      907 hex
parameters
    2.6398  -14.3107    3.3117   -7.5373  -20.5303  -14.0628
    4.7991    2.5864   -6.0370   18.3585   -2.4543  -20.0668
eta,q 0.97217 10.62567
niter,ni,del,rscale     5    3    5.0000    0.8000
parameters
    2.6746  -14.0923    3.1008   -7.8398  -21.0363  -14.1603
    4.7452    2.5431   -6.0167   18.6379   -2.4584  -19.9565
eta,q 0.97218 10.58168
  0.0293  0.0289  0.0282  0.0288  0.0283  0.0285  0.0287  0.0295  0.0285  0.0289  0.0282  0.0281
  0.0285  0.0283  0.0280  0.0284  0.0280  0.0280  0.0282  0.0286  0.0281  0.0283  0.0280  0.0280
  0.0280  0.0280  0.0278  0.0280  0.0278  0.0278  0.0279  0.0280  0.0279  0.0280  0.0279  0.0278
  0.0278  0.0278  0.0278  0.0278  0.0278  0.0278  0.0278  0.0278  0.0278  0.0278  0.0278  0.0278
  0.0280  0.0279  0.0279  0.0279  0.0279  0.0279  0.0279  0.0280  0.0279  0.0279  0.0279  0.0279
  0.0284  0.0280  0.0281  0.0285  0.0282  0.0280  0.0282  0.0286  0.0281  0.0282  0.0280  0.0280
  0.0291  0.0284  0.0285  0.0293  0.0285  0.0285  0.0287  0.0296  0.0285  0.0287  0.0282  0.0281
niter,ni,del,rscale     4    3    5.0000    0.7000
parameters
    2.6980  -13.9648    3.0735   -7.7162  -21.3245  -14.2432
    4.6976    2.5926   -5.9863   18.7921   -2.5195  -20.0664
eta,q 0.97222 10.56850
  0.0289  0.0285  0.0282  0.0287  0.0282  0.0283  0.0284  0.0291  0.0283  0.0286  0.0281  0.0280
  0.0283  0.0282  0.0280  0.0283  0.0279  0.0279  0.0281  0.0284  0.0280  0.0282  0.0279  0.0279
  0.0279  0.0279  0.0279  0.0280  0.0278  0.0278  0.0279  0.0280  0.0278  0.0279  0.0278  0.0278
  0.0278  0.0278  0.0278  0.0278  0.0278  0.0278  0.0278  0.0278  0.0278  0.0278  0.0278  0.0278
  0.0279  0.0278  0.0279  0.0278  0.0279  0.0279  0.0279  0.0279  0.0278  0.0278  0.0278  0.0278
  0.0282  0.0280  0.0280  0.0282  0.0280  0.0280  0.0281  0.0283  0.0280  0.0281  0.0279  0.0279
  0.0288  0.0283  0.0282  0.0288  0.0283  0.0283  0.0285  0.0291  0.0283  0.0285  0.0281  0.0280
niter,ni,del,rscale     3    3    5.0000    0.6000
parameters
    2.7070  -13.8933    3.0518   -7.5852  -21.4774  -14.3675
    4.6629    2.6314   -5.9528   18.8769   -2.5942  -20.1319
eta,q 0.97223 10.56034
  0.0285  0.0283  0.0281  0.0285  0.0281  0.0281  0.0283  0.0288  0.0282  0.0284  0.0280  0.0279
  0.0281  0.0280  0.0279  0.0282  0.0279  0.0279  0.0280  0.0282  0.0280  0.0280  0.0279  0.0278
  0.0279  0.0279  0.0278  0.0279  0.0278  0.0278  0.0278  0.0279  0.0278  0.0278  0.0278  0.0278
  0.0278  0.0278  0.0278  0.0278  0.0278  0.0278  0.0278  0.0278  0.0278  0.0278  0.0278  0.0278
  0.0279  0.0278  0.0278  0.0278  0.0278  0.0278  0.0278  0.0279  0.0278  0.0278  0.0278  0.0278
  0.0281  0.0280  0.0279  0.0281  0.0279  0.0279  0.0280  0.0282  0.0279  0.0280  0.0279  0.0279
  0.0285  0.0282  0.0281  0.0285  0.0281  0.0281  0.0283  0.0287  0.0282  0.0283  0.0280  0.0280
niter,ni,del,rscale     2    3    5.0000    0.5000
parameters
    2.7150  -13.8480    3.0254   -7.4626  -21.5902  -14.5560
    4.6180    2.6668   -5.8968   18.9118   -2.6500  -20.1506
eta,q 0.97224 10.54976
  0.0283  0.0281  0.0280  0.0283  0.0280  0.0280  0.0281  0.0284  0.0280  0.0282  0.0279  0.0279
  0.0280  0.0279  0.0279  0.0281  0.0279  0.0278  0.0279  0.0281  0.0279  0.0279  0.0278  0.0278
  0.0278  0.0278  0.0278  0.0279  0.0278  0.0277  0.0278  0.0278  0.0278  0.0278  0.0278  0.0278
  0.0278  0.0278  0.0278  0.0278  0.0278  0.0278  0.0278  0.0278  0.0278  0.0278  0.0278  0.0278
  0.0278  0.0278  0.0278  0.0278  0.0278  0.0278  0.0278  0.0278  0.0278  0.0278  0.0278  0.0278
  0.0280  0.0279  0.0279  0.0280  0.0279  0.0279  0.0279  0.0280  0.0279  0.0279  0.0278  0.0278
  0.0283  0.0281  0.0280  0.0283  0.0280  0.0280  0.0281  0.0284  0.0280  0.0281  0.0279  0.0279
niter,ni,del,rscale     1    3    5.0000    0.4000
parameters
    2.7202  -13.8143    2.9885   -7.3516  -21.6715  -14.8523
    4.5725    2.6975   -5.8619   18.9265   -2.7082  -20.1111
eta,q 0.97225 10.53494
  0.0281  0.0280  0.0279  0.0281  0.0279  0.0279  0.0280  0.0282  0.0279  0.0280  0.0278  0.0278
  0.0279  0.0279  0.0278  0.0280  0.0278  0.0278  0.0278  0.0279  0.0278  0.0279  0.0278  0.0278
  0.0278  0.0278  0.0278  0.0278  0.0278  0.0277  0.0278  0.0278  0.0278  0.0278  0.0278  0.0278
  0.0278  0.0278  0.0278  0.0278  0.0278  0.0278  0.0278  0.0277  0.0278  0.0277  0.0278  0.0277
  0.0278  0.0278  0.0278  0.0278  0.0278  0.0278  0.0278  0.0278  0.0278  0.0278  0.0278  0.0278
  0.0279  0.0278  0.0278  0.0279  0.0278  0.0278  0.0279  0.0279  0.0278  0.0279  0.0278  0.0278
  0.0281  0.0279  0.0279  0.0281  0.0279  0.0279  0.0280  0.0282  0.0279  0.0280  0.0279  0.0278
registration optimization eta report
parameter search radius
    0.8000    0.8000    0.8000    2.4000    2.4000    2.4000
    2.4000    2.4000    2.4000    2.4000    2.4000    2.4000
100000*second partial in parameter space
       51.       32.       20.        6.        3.        2.
        4.        7.        3.        4.        2.        1.
  0.0281  0.0280  0.0279  0.0281  0.0279  0.0279  0.0280  0.0282  0.0279  0.0280  0.0278  0.0278
  0.0279  0.0279  0.0278  0.0280  0.0278  0.0278  0.0278  0.0279  0.0278  0.0279  0.0278  0.0278
  0.0278  0.0278  0.0278  0.0278  0.0278  0.0277  0.0278  0.0278  0.0278  0.0278  0.0278  0.0278
  0.0278  0.0278  0.0278  0.0278  0.0278  0.0278  0.0278  0.0277  0.0278  0.0277  0.0278  0.0277
  0.0278  0.0278  0.0278  0.0278  0.0278  0.0278  0.0278  0.0278  0.0278  0.0278  0.0278  0.0278
  0.0279  0.0278  0.0278  0.0279  0.0278  0.0278  0.0279  0.0279  0.0278  0.0279  0.0278  0.0278
  0.0281  0.0279  0.0279  0.0281  0.0279  0.0279  0.0280  0.0282  0.0279  0.0280  0.0279  0.0278
    2.7202  -13.8143    2.9885   -7.3516  -21.6715  -14.8523
    4.5725    2.6975   -5.8619   18.9265   -2.7082  -20.1111
eta,q 0.97225 10.53494

---------------------------------------------------------------------
compute_vox2vox talsrcimg talsrcimg_to_711-2C_as_mni_average_305_t4 /opt/freesurfer/average/711-2C_as_mni_average_305
---------------------------------------------------------------------

freesurfer compute_vox2vox.c
Reading: talsrcimg.4dfp.ifh
Reading: talsrcimg_to_711-2C_as_mni_average_305_t4
Reading: /opt/freesurfer/average/711-2C_as_mni_average_305.4dfp.ifh
Writing: talsrcimg_to_711-2C_as_mni_average_305_t4_vox2vox.txt

start time Sat Mar 14 00:00:48 CET 2026
end		time Sat Mar 14 00:01:02 CET 2026

mpr2mni305 success

avi2talxfm orig_nu.mgz /opt/freesurfer/average/mni305.cor.mgz talsrcimg_to_711-2C_as_mni_average_305_t4_vox2vox.txt transforms/talairach.auto.xfm
avi2talxfm done
mv -f /out/sourcedata/freesurfer/sub-v2s8x29186_ses-1/mri/talsrcimg_to_711-2C_as_mni_average_305_t4_vox2vox.txt /out/sourcedata/freesurfer/sub-v2s8x29186_ses-1/mri/transforms/talsrcimg_to_711-2C_as_mni_average_305_t4_vox2vox.txt
lta_convert --src orig_nu.mgz --trg /opt/freesurfer/average/mni305.cor.mgz --inxfm transforms/talairach.auto.xfm --outlta transforms/talairach.auto.xfm.lta --subject fsaverage
7.3.2

--src: orig_nu.mgz src image (geometry).
--trg: /opt/freesurfer/average/mni305.cor.mgz trg image (geometry).
--inmni: transforms/talairach.auto.xfm input MNI/XFM transform.
--outlta: transforms/talairach.auto.xfm.lta output LTA.
--s: fsaverage subject name
 LTA read, type : 1
 1.07452  -0.01901  -0.06761  -4.44709;
 0.05030   1.11013   0.28209  -0.87305;
 0.06826  -0.26966   1.20345   15.99622;
 0.00000   0.00000   0.00000   1.00000;
setting subject to fsaverage
Writing  LTA to file transforms/talairach.auto.xfm.lta...
lta_convert successful.
 
 
Started at Sat Mar 14 00:00:48 CET 2026
Ended   at Sat Mar 14 00:01:02 CET 2026
talairach_avi done
