status file for recon-all
Sat Mar 14 02:55:02 CET 2026
#@# MotionCor Sat Mar 14 02:55:03 CET 2026
#@# Talairach Sat Mar 14 02:55:13 CET 2026
#@# Talairach Failure Detection Sat Mar 14 02:59:41 CET 2026
#@# Nu Intensity Correction Sat Mar 14 02:59:42 CET 2026
#@# Intensity Normalization Sat Mar 14 03:02:59 CET 2026
recon-all -s sub-v2s8x29242_ses-1 finished without error at Sat Mar 14 03:04:27 CET 2026



#New# invocation of recon-all 



status file for recon-all
Sat Mar 14 03:11:34 CET 2026
#@# EM Registration Sat Mar 14 03:11:34 CET 2026
recon-all -s sub-v2s8x29242_ses-1 finished without error at Sat Mar 14 03:14:13 CET 2026



#New# invocation of recon-all 



status file for recon-all
Sat Mar 14 03:14:16 CET 2026
#@# CA Normalize Sat Mar 14 03:14:16 CET 2026
#@# CA Reg Sat Mar 14 03:15:37 CET 2026
#@# SubCort Seg Sat Mar 14 04:06:01 CET 2026
#@# CC Seg Sat Mar 14 04:33:38 CET 2026
#@# Merge ASeg Sat Mar 14 04:34:10 CET 2026
#@# Intensity Normalization2 Sat Mar 14 04:34:10 CET 2026
#@# Mask BFS Sat Mar 14 04:36:22 CET 2026
#@# WM Segmentation Sat Mar 14 04:36:23 CET 2026
#@# Fill Sat Mar 14 04:38:14 CET 2026
recon-all -s sub-v2s8x29242_ses-1 finished without error at Sat Mar 14 04:39:18 CET 2026



#New# invocation of recon-all 



status file for recon-all
Sat Mar 14 05:25:56 CET 2026
#@# white curv lh Sat Mar 14 05:25:56 CET 2026
#@# white area lh Sat Mar 14 05:25:56 CET 2026
#@# pial curv lh Sat Mar 14 05:25:56 CET 2026
#@# pial area lh Sat Mar 14 05:25:56 CET 2026
#@# thickness lh Sat Mar 14 05:25:56 CET 2026
#@# area and vertex vol lh Sat Mar 14 05:25:56 CET 2026
#@# white curv rh Sat Mar 14 05:25:56 CET 2026
#@# white area rh Sat Mar 14 05:25:57 CET 2026
#@# pial curv rh Sat Mar 14 05:25:57 CET 2026
#@# pial area rh Sat Mar 14 05:25:57 CET 2026
#@# thickness rh Sat Mar 14 05:25:57 CET 2026
#@# area and vertex vol rh Sat Mar 14 05:25:57 CET 2026
#@# Cortical ribbon mask Sat Mar 14 05:25:57 CET 2026
recon-all -s sub-v2s8x29242_ses-1 finished without error at Sat Mar 14 05:30:08 CET 2026



#New# invocation of recon-all 



status file for recon-all
Sat Mar 14 05:37:27 CET 2026
#@# white curv lh Sat Mar 14 05:37:27 CET 2026
#@# white area lh Sat Mar 14 05:37:27 CET 2026
#@# pial curv lh Sat Mar 14 05:37:27 CET 2026
#@# pial area lh Sat Mar 14 05:37:27 CET 2026
#@# thickness lh Sat Mar 14 05:37:27 CET 2026
#@# area and vertex vol lh Sat Mar 14 05:37:27 CET 2026
#@# white curv rh Sat Mar 14 05:37:27 CET 2026
#@# white area rh Sat Mar 14 05:37:27 CET 2026
#@# pial curv rh Sat Mar 14 05:37:27 CET 2026
#@# pial area rh Sat Mar 14 05:37:27 CET 2026
#@# thickness rh Sat Mar 14 05:37:27 CET 2026
#@# area and vertex vol rh Sat Mar 14 05:37:27 CET 2026
#@# Curvature Stats lh Sat Mar 14 05:37:27 CET 2026
#@# Curvature Stats rh Sat Mar 14 05:37:29 CET 2026
#@# Relabel Hypointensities Sat Mar 14 05:37:32 CET 2026
#@# APas-to-ASeg Sat Mar 14 05:37:48 CET 2026
#@# AParc-to-ASeg aparc Sat Mar 14 05:37:58 CET 2026
#@# AParc-to-ASeg aparc.a2009s Sat Mar 14 05:38:26 CET 2026
#@# AParc-to-ASeg aparc.DKTatlas Sat Mar 14 05:38:51 CET 2026
#@# WMParc Sat Mar 14 05:39:20 CET 2026
#@# ASeg Stats Sat Mar 14 05:43:18 CET 2026
recon-all -s sub-v2s8x29242_ses-1 finished without error at Sat Mar 14 05:43:58 CET 2026
