status file for recon-all
Sat Mar 14 05:01:14 CET 2026
#@# Tessellate rh Sat Mar 14 05:01:14 CET 2026
#@# Smooth1 rh Sat Mar 14 05:01:18 CET 2026
#@# Inflation1 rh Sat Mar 14 05:01:21 CET 2026
#@# QSphere rh Sat Mar 14 05:01:35 CET 2026
#@# Fix Topology rh Sat Mar 14 05:02:47 CET 2026
#@# Smooth2 rh Sat Mar 14 05:09:34 CET 2026
#@# Inflation2 rh Sat Mar 14 05:09:36 CET 2026
#@# Curv .H and .K rh Sat Mar 14 05:09:50 CET 2026
#@# Sphere rh Sat Mar 14 05:10:35 CET 2026
#@# Surf Reg rh Sat Mar 14 05:14:15 CET 2026
#@# Jacobian white rh Sat Mar 14 05:17:44 CET 2026
#@# AvgCurv rh Sat Mar 14 05:17:45 CET 2026
#@# Cortical Parc rh Sat Mar 14 05:17:46 CET 2026
#@# white curv rh Sat Mar 14 05:24:43 CET 2026
#@# white area rh Sat Mar 14 05:24:45 CET 2026
#@# pial curv rh Sat Mar 14 05:24:46 CET 2026
#@# pial area rh Sat Mar 14 05:24:48 CET 2026
#@# thickness rh Sat Mar 14 05:24:48 CET 2026
#@# area and vertex vol rh Sat Mar 14 05:25:18 CET 2026
#@# Curvature Stats rh Sat Mar 14 05:25:19 CET 2026
#@# Cortical Parc 2 rh Sat Mar 14 05:25:22 CET 2026
#@# Cortical Parc 3 rh Sat Mar 14 05:25:37 CET 2026
#@# WM/GM Contrast rh Sat Mar 14 05:25:49 CET 2026
recon-all -s sub-v2s8x29242_ses-1 finished without error at Sat Mar 14 05:25:53 CET 2026



#New# invocation of recon-all 



status file for recon-all
Sat Mar 14 05:33:49 CET 2026
#@# white curv rh Sat Mar 14 05:33:49 CET 2026
#@# white area rh Sat Mar 14 05:33:49 CET 2026
#@# pial curv rh Sat Mar 14 05:33:49 CET 2026
#@# pial area rh Sat Mar 14 05:33:49 CET 2026
#@# thickness rh Sat Mar 14 05:33:49 CET 2026
#@# area and vertex vol rh Sat Mar 14 05:33:49 CET 2026
#@# Parcellation Stats rh Sat Mar 14 05:33:49 CET 2026
#@# Parcellation Stats 2 rh Sat Mar 14 05:34:08 CET 2026
#@# Parcellation Stats 3 rh Sat Mar 14 05:34:18 CET 2026
#@# BA_exvivo Labels rh Sat Mar 14 05:34:27 CET 2026
recon-all -s sub-v2s8x29242_ses-1 finished without error at Sat Mar 14 05:37:22 CET 2026
