status file for recon-all
Sat Mar 14 04:39:22 CET 2026
#@# Tessellate lh Sat Mar 14 04:39:22 CET 2026
#@# Smooth1 lh Sat Mar 14 04:39:26 CET 2026
#@# Inflation1 lh Sat Mar 14 04:39:29 CET 2026
#@# QSphere lh Sat Mar 14 04:39:42 CET 2026
#@# Fix Topology lh Sat Mar 14 04:40:48 CET 2026
#@# Smooth2 lh Sat Mar 14 04:46:41 CET 2026
#@# Inflation2 lh Sat Mar 14 04:46:43 CET 2026
#@# Curv .H and .K lh Sat Mar 14 04:46:58 CET 2026
#@# Sphere lh Sat Mar 14 04:47:43 CET 2026
#@# Surf Reg lh Sat Mar 14 04:50:20 CET 2026
#@# Jacobian white lh Sat Mar 14 04:53:54 CET 2026
#@# AvgCurv lh Sat Mar 14 04:53:55 CET 2026
#@# Cortical Parc lh Sat Mar 14 04:53:55 CET 2026
#@# white curv lh Sat Mar 14 05:00:01 CET 2026
#@# white area lh Sat Mar 14 05:00:02 CET 2026
#@# pial curv lh Sat Mar 14 05:00:03 CET 2026
#@# pial area lh Sat Mar 14 05:00:05 CET 2026
#@# thickness lh Sat Mar 14 05:00:06 CET 2026
#@# area and vertex vol lh Sat Mar 14 05:00:38 CET 2026
#@# Curvature Stats lh Sat Mar 14 05:00:40 CET 2026
#@# Cortical Parc 2 lh Sat Mar 14 05:00:42 CET 2026
#@# Cortical Parc 3 lh Sat Mar 14 05:00:56 CET 2026
#@# WM/GM Contrast lh Sat Mar 14 05:01:06 CET 2026
recon-all -s sub-v2s8x29242_ses-1 finished without error at Sat Mar 14 05:01:10 CET 2026



#New# invocation of recon-all 



status file for recon-all
Sat Mar 14 05:30:13 CET 2026
#@# white curv lh Sat Mar 14 05:30:13 CET 2026
#@# white area lh Sat Mar 14 05:30:13 CET 2026
#@# pial curv lh Sat Mar 14 05:30:13 CET 2026
#@# pial area lh Sat Mar 14 05:30:13 CET 2026
#@# thickness lh Sat Mar 14 05:30:13 CET 2026
#@# area and vertex vol lh Sat Mar 14 05:30:13 CET 2026
#@# Parcellation Stats lh Sat Mar 14 05:30:13 CET 2026
#@# Parcellation Stats 2 lh Sat Mar 14 05:30:33 CET 2026
#@# Parcellation Stats 3 lh Sat Mar 14 05:30:42 CET 2026
#@# BA_exvivo Labels lh Sat Mar 14 05:30:52 CET 2026
recon-all -s sub-v2s8x29242_ses-1 finished without error at Sat Mar 14 05:33:47 CET 2026
