/out/sourcedata/freesurfer/sub-v2s8x29191_ses-1/mri
/opt/freesurfer/bin/talairach_avi
--i orig_nu.mgz --xfm transforms/talairach.auto.xfm
talairach_avi 7.3.2
Linux dna055 5.14.0-427.37.1.el9_4.x86_64 #1 SMP PREEMPT_DYNAMIC Fri Sep 13 12:41:50 EDT 2024 x86_64 x86_64 x86_64 GNU/Linux
Sat Mar 14 00:24:46 CET 2026
mri_convert orig_nu.mgz talsrcimg.img 
reading from orig_nu.mgz...
TR=0.00, TE=0.00, TI=0.00, flip angle=0.00
i_ras = (-1, 0, 0)
j_ras = (0, 0, -1)
k_ras = (0, 1, 0)
writing to talsrcimg.img...
Analyze Output Matrix
-1.00000   0.00000   0.00000   165.12790;
 0.00000   0.00000   1.00000  -125.33248;
 0.00000  -1.00000   0.00000   130.00000;
 0.00000   0.00000   0.00000   1.00000;
--------------------
INFO: set hdr.hist.orient to -1
mpr2mni305 talsrcimg
Sat Mar 14 00:24:47 CET 2026
/opt/freesurfer/bin/mpr2mni305 talsrcimg
mpr2mni305 7.3.2
target=711-2C_as_mni_average_305

---------------------------------------------------------------------
analyzeto4dfp talsrcimg -O0 -y
---------------------------------------------------------------------

freesurfer ifh2hdr.c
Sat Mar 14 00:24:47 2026
Writing: talsrcimg.4dfp.hdr
freesurfer analyzeto4dfp.c
Reading: talsrcimg.hdr
header size 348 bytes
hdr.dime.datatype	offset=70	value=2
hdr.dime.bitpix		offset=72	value=8
hdr.hist.orient		offset=252	value=-1
dimensionality     4
dimensions       256       256       256         1
Reading: talsrcimg.img
Writing: talsrcimg.4dfp.img
Writing: talsrcimg.4dfp.ifh
ifh2hdr talsrcimg -r0to206
ori=2

---------------------------------------------------------------------
gauss_4dfp talsrcimg 1.1
---------------------------------------------------------------------

freesurfer gauss_4dfp.c
Reading: talsrcimg.4dfp.img
Writing: talsrcimg_g11.4dfp.img
image dimensions 256 256 256 padded to 288 288 288
processing volume 1freesurfer ifh2hdr.c
Sat Mar 14 00:24:49 2026
Writing: talsrcimg_g11.4dfp.hdr

Writing: talsrcimg_g11.4dfp.ifh
including: talsrcimg.4dfp.img.rec in talsrcimg_g11.4dfp.img.rec

---------------------------------------------------------------------
imgreg_4dfp /opt/freesurfer/average/711-2C_as_mni_average_305 none talsrcimg_g11 none talsrcimg_to_711-2C_as_mni_average_305_t4 4355
---------------------------------------------------------------------

freesurfer imgreg_4dfp.c
/opt/freesurfer/average/711-2C_as_mni_average_305.4dfp.img
       256       256       256         1
  1.000000  1.000000  1.000000
orientation T byte_order littleendian
Reading image: /opt/freesurfer/average/711-2C_as_mni_average_305.4dfp.img
dimensions:      256       256       256
mmppix:       1.0000   -1.0000   -1.0000
center:     128.0000 -129.0000 -129.0000
talsrcimg_g11.4dfp.img
       256       256       256         1
  1.000000  1.000000  1.000000
orientation T byte_order littleendian
Reading image: talsrcimg_g11.4dfp.img
dimensions:      256       256       256
mmppix:       1.0000   -1.0000   -1.0000
center:     128.0000 -129.0000 -129.0000
t4_read: open error in t4_sub.f l:  41 t4_file(1:l)talsrcimg_to_711-2C_as_mni_average_305_t4 
t4_read: transform initialized to I4
rotation matrix determinant  1.000000
image alignment mode   4355 decimal     1103 hex
   -7.5000  -45.0000  -45.0000 8008.2588   19.6003
    0.0000  -45.0000  -45.0000 8450.9062   19.5931
    7.5000  -45.0000  -45.0000 8097.1152   19.5970
   -7.5000  -37.5000  -45.0000 8650.9619   19.5086
    0.0000  -37.5000  -45.0000 9127.6963   19.5106
    7.5000  -37.5000  -45.0000 8748.7305   19.5145
   -7.5000  -30.0000  -45.0000 9593.3867   19.4391
    0.0000  -30.0000  -45.000010107.6318   19.4478
    7.5000  -30.0000  -45.0000 9698.1914   19.4551
   -7.5000  -22.5000  -45.000010475.3535   19.3892
    0.0000  -22.5000  -45.000011020.6357   19.3942
    7.5000  -22.5000  -45.000010565.9229   19.4046
   -7.5000  -15.0000  -45.000011267.0410   19.3677
    0.0000  -15.0000  -45.000011866.1768   19.3642
    7.5000  -15.0000  -45.000011369.1836   19.3735
   -7.5000   -7.5000  -45.000011993.3174   19.3658
    0.0000   -7.5000  -45.000012649.4473   19.3560
    7.5000   -7.5000  -45.000012096.8174   19.3616
   -7.5000    0.0000  -45.000012645.0693   19.3856
    0.0000    0.0000  -45.000013334.8916   19.3772
    7.5000    0.0000  -45.000012739.4346   19.3798
   -7.5000    7.5000  -45.000012398.9121   19.4052
    0.0000    7.5000  -45.000013049.6719   19.4063
    7.5000    7.5000  -45.000012464.8809   19.4090
   -7.5000   15.0000  -45.000012007.4502   19.4062
    0.0000   15.0000  -45.000012592.6699   19.4144
    7.5000   15.0000  -45.000012034.3057   19.4210
   -7.5000   22.5000  -45.000011372.2539   19.3858
    0.0000   22.5000  -45.000011935.2158   19.3908
    7.5000   22.5000  -45.000011406.1201   19.4010
   -7.5000   30.0000  -45.000010641.4180   19.1096
    0.0000   30.0000  -45.000011176.2119   19.1062
    7.5000   30.0000  -45.000010637.8525   19.1154
   -7.5000   37.5000  -45.000010198.4277   19.1078
    0.0000   37.5000  -45.000010727.4336   19.0981
    7.5000   37.5000  -45.000010193.9541   19.1036
   -7.5000   45.0000  -45.0000 9309.0938   18.6416
    0.0000   45.0000  -45.0000 9784.7490   18.6335
    7.5000   45.0000  -45.0000 9328.2139   18.6360
   -7.5000  -45.0000  -37.5000 8506.3398   19.6011
    0.0000  -45.0000  -37.5000 8983.1455   19.5908
    7.5000  -45.0000  -37.5000 8614.1953   19.5739
   -7.5000  -37.5000  -37.5000 9180.6260   19.5028
    0.0000  -37.5000  -37.5000 9685.4688   19.5040
    7.5000  -37.5000  -37.5000 9297.1094   19.4894
   -7.5000  -30.0000  -37.500010169.4238   19.4287
    0.0000  -30.0000  -37.500010717.2266   19.4378
    7.5000  -30.0000  -37.500010266.8486   19.4276
   -7.5000  -22.5000  -37.500011083.7393   19.3785
    0.0000  -22.5000  -37.500011683.5000   19.3829
    7.5000  -22.5000  -37.500011179.1738   19.3753
   -7.5000  -15.0000  -37.500011915.4941   19.3624
    0.0000  -15.0000  -37.500012566.1436   19.3554
    7.5000  -15.0000  -37.500012025.2969   19.3461
   -7.5000   -7.5000  -37.500012675.5459   19.3676
    0.0000   -7.5000  -37.500013364.6211   19.3532
    7.5000   -7.5000  -37.500012799.4785   19.3388
   -7.5000    0.0000  -37.500013363.9980   19.3867
    0.0000    0.0000  -37.500014099.4238   19.3753
    7.5000    0.0000  -37.500013472.8203   19.3575
   -7.5000    7.5000  -37.500013076.4922   19.3996
    0.0000    7.5000  -37.500013790.0635   19.3998
    7.5000    7.5000  -37.500013158.6182   19.3841
   -7.5000   15.0000  -37.500012607.1484   19.3959
    0.0000   15.0000  -37.500013285.3340   19.4045
    7.5000   15.0000  -37.500012662.8828   19.3936
   -7.5000   22.5000  -37.500011943.5674   19.3752
    0.0000   22.5000  -37.500012572.3955   19.3795
    7.5000   22.5000  -37.500011964.8623   19.3717
   -7.5000   30.0000  -37.500011154.1025   19.1044
    0.0000   30.0000  -37.500011739.7158   19.0974
    7.5000   30.0000  -37.500011139.7178   19.0883
   -7.5000   37.5000  -37.500010680.0889   19.1095
    0.0000   37.5000  -37.500011241.6182   19.0953
    7.5000   37.5000  -37.500010660.6348   19.0810
   -7.5000   45.0000  -37.5000 9743.6729   18.6427
    0.0000   45.0000  -37.500010251.1289   18.6317
    7.5000   45.0000  -37.5000 9742.3789   18.6146
   -7.5000  -45.0000  -30.0000 9140.1953   20.4649
    0.0000  -45.0000  -30.0000 9639.6738   20.4564
    7.5000  -45.0000  -30.0000 9263.3770   20.4219
   -7.5000  -37.5000  -30.0000 9858.7939   20.3630
    0.0000  -37.5000  -30.000010417.2803   20.3678
    7.5000  -37.5000  -30.0000 9981.6816   20.3368
   -7.5000  -30.0000  -30.000010909.2969   20.2894
    0.0000  -30.0000  -30.000011519.2705   20.3017
    7.5000  -30.0000  -30.000010998.3125   20.2753
   -7.5000  -22.5000  -30.000011884.7119   20.2375
    0.0000  -22.5000  -30.000012533.1250   20.2433
    7.5000  -22.5000  -30.000011972.3828   20.2189
   -7.5000  -15.0000  -30.000012756.2666   20.2184
    0.0000  -15.0000  -30.000013453.8750   20.2104
    7.5000  -15.0000  -30.000012880.6768   20.1839
   -7.5000   -7.5000  -30.000013566.7412   20.2223
    0.0000   -7.5000  -30.000014309.9033   20.2069
    7.5000   -7.5000  -30.000013682.4092   20.1747
   -7.5000    0.0000  -30.000014265.9551   20.2408
    0.0000    0.0000  -30.000015089.8242   20.2311
    7.5000    0.0000  -30.000014371.1025   20.1960
   -7.5000    7.5000  -30.000013927.8105   20.2554
    0.0000    7.5000  -30.000014762.5576   20.2590
    7.5000    7.5000  -30.000014015.9785   20.2271
   -7.5000   15.0000  -30.000013415.7402   20.2552
    0.0000   15.0000  -30.000014197.8525   20.2670
    7.5000   15.0000  -30.000013470.3838   20.2400
   -7.5000   22.5000  -30.000012685.3828   20.2319
    0.0000   22.5000  -30.000013415.3203   20.2377
    7.5000   22.5000  -30.000012716.9541   20.2131
   -7.5000   30.0000  -30.000011824.3691   19.9508
    0.0000   30.0000  -30.000012491.3193   19.9430
    7.5000   30.0000  -30.000011818.0303   19.9169
   -7.5000   37.5000  -30.000011317.6143   19.9547
    0.0000   37.5000  -30.000011924.6553   19.9396
    7.5000   37.5000  -30.000011297.8145   19.9078
   -7.5000   45.0000  -30.000010322.2812   19.4783
    0.0000   45.0000  -30.000010846.5410   19.4689
    7.5000   45.0000  -30.000010307.9443   19.4351
   -7.5000  -45.0000  -22.5000 9797.6533   21.1822
    0.0000  -45.0000  -22.500010341.6943   21.1801
    7.5000  -45.0000  -22.5000 9921.8809   21.1510
   -7.5000  -37.5000  -22.500010551.4766   21.0845
    0.0000  -37.5000  -22.500011147.3516   21.0944
    7.5000  -37.5000  -22.500010684.1953   21.0683
   -7.5000  -30.0000  -22.500011644.7139   21.0186
    0.0000  -30.0000  -22.500012273.9570   21.0339
    7.5000  -30.0000  -22.500011754.2559   21.0107
   -7.5000  -22.5000  -22.500012672.2168   20.9674
    0.0000  -22.5000  -22.500013338.3223   20.9761
    7.5000  -22.5000  -22.500012755.6123   20.9539
   -7.5000  -15.0000  -22.500013576.3682   20.9400
    0.0000  -15.0000  -22.500014316.3311   20.9362
    7.5000  -15.0000  -22.500013692.4189   20.9118
   -7.5000   -7.5000  -22.500014404.0898   20.9330
    0.0000   -7.5000  -22.500015214.4668   20.9232
    7.5000   -7.5000  -22.500014521.9863   20.8946
   -7.5000    0.0000  -22.500015130.1377   20.9498
    0.0000    0.0000  -22.500016029.4463   20.9462
    7.5000    0.0000  -22.500015229.7705   20.9165
   -7.5000    7.5000  -22.500014755.1709   20.9733
    0.0000    7.5000  -22.500015662.7061   20.9819
    7.5000    7.5000  -22.500014809.5791   20.9547
   -7.5000   15.0000  -22.500014194.7002   20.9833
    0.0000   15.0000  -22.500015073.4854   20.9979
    7.5000   15.0000  -22.500014219.5342   20.9740
   -7.5000   22.5000  -22.500013409.5791   20.9602
    0.0000   22.5000  -22.500014240.0352   20.9688
    7.5000   22.5000  -22.500013407.5430   20.9465
   -7.5000   30.0000  -22.500012472.2969   20.6661
    0.0000   30.0000  -22.500013216.2617   20.6624
    7.5000   30.0000  -22.500012465.7998   20.6383
   -7.5000   37.5000  -22.500011903.8486   20.6592
    0.0000   37.5000  -22.500012565.8037   20.6495
    7.5000   37.5000  -22.500011900.0840   20.6213
   -7.5000   45.0000  -22.500010828.0498   20.1757
    0.0000   45.0000  -22.500011404.5039   20.1723
    7.5000   45.0000  -22.500010834.0771   20.1436
   -7.5000  -45.0000  -15.000010449.7939   21.6670
    0.0000  -45.0000  -15.000011023.6279   21.6677
    7.5000  -45.0000  -15.000010553.1484   21.6598
   -7.5000  -37.5000  -15.000011214.7734   21.5748
    0.0000  -37.5000  -15.000011801.7900   21.5846
    7.5000  -37.5000  -15.000011319.1670   21.5774
   -7.5000  -30.0000  -15.000012356.4268   21.5137
    0.0000  -30.0000  -15.000012961.8516   21.5281
    7.5000  -30.0000  -15.000012442.1709   21.5223
   -7.5000  -22.5000  -15.000013409.8018   21.4630
    0.0000  -22.5000  -15.000014054.9521   21.4725
    7.5000  -22.5000  -15.000013468.2197   21.4678
   -7.5000  -15.0000  -15.000014361.7920   21.4297
    0.0000  -15.0000  -15.000015085.6484   21.4295
    7.5000  -15.0000  -15.000014443.2578   21.4232
   -7.5000   -7.5000  -15.000015261.2002   21.4130
    0.0000   -7.5000  -15.000016067.3564   21.4077
    7.5000   -7.5000  -15.000015339.9268   21.3993
   -7.5000    0.0000  -15.000016008.6357   21.4292
    0.0000    0.0000  -15.000016918.6953   21.4283
    7.5000    0.0000  -15.000016058.9277   21.4193
   -7.5000    7.5000  -15.000015597.7910   21.4609
    0.0000    7.5000  -15.000016550.5352   21.4696
    7.5000    7.5000  -15.000015606.1992   21.4610
   -7.5000   15.0000  -15.000014950.3818   21.4775
    0.0000   15.0000  -15.000015894.9795   21.4912
    7.5000   15.0000  -15.000014944.4385   21.4848
   -7.5000   22.5000  -15.000014071.4033   21.4547
    0.0000   22.5000  -15.000014956.3604   21.4640
    7.5000   22.5000  -15.000014037.8750   21.4592
   -7.5000   30.0000  -15.000013042.4219   21.1524
    0.0000   30.0000  -15.000013842.4648   21.1521
    7.5000   30.0000  -15.000013019.0303   21.1460
   -7.5000   37.5000  -15.000012458.9521   21.1359
    0.0000   37.5000  -15.000013183.0020   21.1307
    7.5000   37.5000  -15.000012433.6953   21.1223
   -7.5000   45.0000  -15.000011309.0420   20.6498
    0.0000   45.0000  -15.000011959.4209   20.6490
    7.5000   45.0000  -15.000011319.9336   20.6403
   -7.5000  -45.0000   -7.500011064.7930   21.8807
    0.0000  -45.0000   -7.500011637.2744   21.8778
    7.5000  -45.0000   -7.500011154.5273   21.8865
   -7.5000  -37.5000   -7.500011859.1279   21.7868
    0.0000  -37.5000   -7.500012411.9414   21.7925
    7.5000  -37.5000   -7.500011938.8770   21.8002
   -7.5000  -30.0000   -7.500013049.5293   21.7193
    0.0000  -30.0000   -7.500013622.3818   21.7305
    7.5000  -30.0000   -7.500013121.3291   21.7403
   -7.5000  -22.5000   -7.500014131.4805   21.6655
    0.0000  -22.5000   -7.500014743.9004   21.6729
    7.5000  -22.5000   -7.500014177.1963   21.6852
   -7.5000  -15.0000   -7.500015143.2764   21.6338
    0.0000  -15.0000   -7.500015816.4717   21.6327
    7.5000  -15.0000   -7.500015194.1211   21.6443
   -7.5000   -7.5000   -7.500016155.7637   21.6208
    0.0000   -7.5000   -7.500016984.6055   21.6142
    7.5000   -7.5000   -7.500016218.1016   21.6235
   -7.5000    0.0000   -7.500016946.8828   21.6408
    0.0000    0.0000   -7.500017870.8301   21.6365
    7.5000    0.0000   -7.500016963.6191   21.6437
   -7.5000    7.5000   -7.500016535.1055   21.6716
    0.0000    7.5000   -7.500017434.8281   21.6762
    7.5000    7.5000   -7.500016506.6465   21.6825
   -7.5000   15.0000   -7.500015801.2549   21.6826
    0.0000   15.0000   -7.500016670.7148   21.6932
    7.5000   15.0000   -7.500015761.1641   21.7022
   -7.5000   22.5000   -7.500014766.6104   21.6547
    0.0000   22.5000   -7.500015577.8711   21.6620
    7.5000   22.5000   -7.500014717.0869   21.6742
   -7.5000   30.0000   -7.500013646.6270   21.3532
    0.0000   30.0000   -7.500014404.9727   21.3521
    7.5000   30.0000   -7.500013627.4932   21.3636
   -7.5000   37.5000   -7.500012997.0869   21.3404
    0.0000   37.5000   -7.500013727.2998   21.3339
    7.5000   37.5000   -7.500012977.5645   21.3431
   -7.5000   45.0000   -7.500011802.8535   20.8577
    0.0000   45.0000   -7.500012480.1152   20.8535
    7.5000   45.0000   -7.500011775.6533   20.8604
   -7.5000  -45.0000    0.000011618.3350   21.9070
    0.0000  -45.0000    0.000012199.6611   21.8988
    7.5000  -45.0000    0.000011718.0898   21.9036
   -7.5000  -37.5000    0.000012435.8145   21.8046
    0.0000  -37.5000    0.000012974.3467   21.8067
    7.5000  -37.5000    0.000012481.5693   21.8114
   -7.5000  -30.0000    0.000013621.9854   21.7266
    0.0000  -30.0000    0.000014165.2715   21.7361
    7.5000  -30.0000    0.000013648.7959   21.7445
   -7.5000  -22.5000    0.000014713.2451   21.6705
    0.0000  -22.5000    0.000015260.8252   21.6760
    7.5000  -22.5000    0.000014721.4004   21.6877
   -7.5000  -15.0000    0.000015761.8057   21.6466
    0.0000  -15.0000    0.000016317.1182   21.6424
    7.5000  -15.0000    0.000015767.8545   21.6531
   -7.5000   -7.5000    0.000016792.4160   21.6449
    0.0000   -7.5000    0.000017469.1055   21.6337
    7.5000   -7.5000    0.000016805.2695   21.6403
   -7.5000    0.0000    0.000017670.5156   21.6673
    0.0000    0.0000    0.000018378.2188   21.6579
    7.5000    0.0000    0.000017681.8477   21.6611
   -7.5000    7.5000    0.000017256.9219   21.6892
    0.0000    7.5000    0.000017943.5000   21.6902
    7.5000    7.5000    0.000017228.5332   21.6935
   -7.5000   15.0000    0.000016482.2246   21.6899
    0.0000   15.0000    0.000017096.3809   21.6988
    7.5000   15.0000    0.000016391.0332   21.7065
   -7.5000   22.5000    0.000015327.9619   21.6598
    0.0000   22.5000    0.000015945.7422   21.6651
    7.5000   22.5000    0.000015205.4971   21.6767
   -7.5000   30.0000    0.000014160.7734   21.3665
    0.0000   30.0000    0.000014784.0010   21.3623
    7.5000   30.0000    0.000014046.1895   21.3728
   -7.5000   37.5000    0.000013497.7627   21.3648
    0.0000   37.5000    0.000014118.8662   21.3538
    7.5000   37.5000    0.000013388.0381   21.3603
   -7.5000   45.0000    0.000012306.2725   20.8848
    0.0000   45.0000    0.000012874.7891   20.8757
    7.5000   45.0000    0.000012180.6934   20.8788
   -7.5000  -45.0000    7.500011149.6582   21.9337
    0.0000  -45.0000    7.500011766.1240   21.9221
    7.5000  -45.0000    7.500011294.5674   21.9033
   -7.5000  -37.5000    7.500011924.4092   21.8237
    0.0000  -37.5000    7.500012495.0625   21.8251
    7.5000  -37.5000    7.500012028.6533   21.8087
   -7.5000  -30.0000    7.500013067.1787   21.7408
    0.0000  -30.0000    7.500013620.1260   21.7511
    7.5000  -30.0000    7.500013121.5791   21.7396
   -7.5000  -22.5000    7.500014123.5029   21.6847
    0.0000  -22.5000    7.500014674.0781   21.6896
    7.5000  -22.5000    7.500014149.2314   21.6811
   -7.5000  -15.0000    7.500015126.9717   21.6666
    0.0000  -15.0000    7.500015656.9297   21.6587
    7.5000  -15.0000    7.500015141.3721   21.6484
   -7.5000   -7.5000    7.500016137.1582   21.6724
    0.0000   -7.5000    7.500016690.1797   21.6563
    7.5000   -7.5000    7.500016122.0791   21.6402
   -7.5000    0.0000    7.500017043.5312   21.6938
    0.0000    0.0000    7.500017634.9492   21.6811
    7.5000    0.0000    7.500017012.0254   21.6612
   -7.5000    7.5000    7.500016731.6797   21.7082
    0.0000    7.5000    7.500017356.2988   21.7085
    7.5000    7.5000    7.500016649.3828   21.6909
   -7.5000   15.0000    7.500016002.0752   21.7041
    0.0000   15.0000    7.500016591.5703   21.7137
    7.5000   15.0000    7.500015819.1514   21.7016
   -7.5000   22.5000    7.500014843.3379   21.6739
    0.0000   22.5000    7.500015415.0771   21.6788
    7.5000   22.5000    7.500014620.2529   21.6701
   -7.5000   30.0000    7.500013670.7139   21.3862
    0.0000   30.0000    7.500014204.2510   21.3784
    7.5000   30.0000    7.500013457.7744   21.3683
   -7.5000   37.5000    7.500012972.4971   21.3920
    0.0000   37.5000    7.500013490.5010   21.3760
    7.5000   37.5000    7.500012803.3066   21.3601
   -7.5000   45.0000    7.500011816.3691   20.9104
    0.0000   45.0000    7.500012301.4980   20.8981
    7.5000   45.0000    7.500011684.7930   20.8789
   -7.5000  -45.0000   15.000010544.2949   21.9873
    0.0000  -45.0000   15.000011112.8877   21.9786
    7.5000  -45.0000   15.000010734.5703   21.9418
   -7.5000  -37.5000   15.000011289.5732   21.8777
    0.0000  -37.5000   15.000011844.8975   21.8832
    7.5000  -37.5000   15.000011432.9121   21.8503
   -7.5000  -30.0000   15.000012396.2129   21.7986
    0.0000  -30.0000   15.000012934.2559   21.8122
    7.5000  -30.0000   15.000012484.7090   21.7841
   -7.5000  -22.5000   15.000013416.0391   21.7430
    0.0000  -22.5000   15.000013958.6748   21.7495
    7.5000  -22.5000   15.000013467.3223   21.7235
   -7.5000  -15.0000   15.000014385.0723   21.7225
    0.0000  -15.0000   15.000014940.0488   21.7142
    7.5000  -15.0000   15.000014406.9307   21.6860
   -7.5000   -7.5000   15.000015389.1035   21.7267
    0.0000   -7.5000   15.000015949.7236   21.7104
    7.5000   -7.5000   15.000015313.3135   21.6761
   -7.5000    0.0000   15.000016302.7559   21.7465
    0.0000    0.0000   15.000016915.9336   21.7363
    7.5000    0.0000   15.000016144.2119   21.6989
   -7.5000    7.5000   15.000015997.4258   21.7621
    0.0000    7.5000   15.000016645.4980   21.7663
    7.5000    7.5000   15.000015791.9473   21.7323
   -7.5000   15.0000   15.000015276.7988   21.7619
    0.0000   15.0000   15.000015897.1055   21.7748
    7.5000   15.0000   15.000015009.1494   21.7461
   -7.5000   22.5000   15.000014159.8535   21.7321
    0.0000   22.5000   15.000014747.0283   21.7386
    7.5000   22.5000   15.000013928.0752   21.7125
   -7.5000   30.0000   15.000013029.1602   21.4414
    0.0000   30.0000   15.000013551.8281   21.4332
    7.5000   30.0000   15.000012845.0215   21.4053
   -7.5000   37.5000   15.000012348.9746   21.4455
    0.0000   37.5000   15.000012844.9072   21.4295
    7.5000   37.5000   15.000012202.9346   21.3955
   -7.5000   45.0000   15.000011225.8809   20.9612
    0.0000   45.0000   15.000011668.9922   20.9513
    7.5000   45.0000   15.000011078.7217   20.9152
   -7.5000  -45.0000   22.5000 9854.7549   22.0720
    0.0000  -45.0000   22.500010415.6895   22.0701
    7.5000  -45.0000   22.500010026.5928   22.0402
   -7.5000  -37.5000   22.500010584.0801   21.9711
    0.0000  -37.5000   22.500011157.9492   21.9817
    7.5000  -37.5000   22.500010715.9268   21.9548
   -7.5000  -30.0000   22.500011653.6670   21.9034
    0.0000  -30.0000   22.500012229.6582   21.9195
    7.5000  -30.0000   22.500011742.1221   21.8954
   -7.5000  -22.5000   22.500012662.2197   21.8506
    0.0000  -22.5000   22.500013241.8896   21.8598
    7.5000  -22.5000   22.500012713.6152   21.8367
   -7.5000  -15.0000   22.500013611.5547   21.8218
    0.0000  -15.0000   22.500014187.7939   21.8181
    7.5000  -15.0000   22.500013620.2129   21.7929
   -7.5000   -7.5000   22.500014525.8828   21.8142
    0.0000   -7.5000   22.500015090.8584   21.8043
    7.5000   -7.5000   22.500014475.5977   21.7748
   -7.5000    0.0000   22.500015304.4824   21.8313
    0.0000    0.0000   22.500015916.9746   21.8280
    7.5000    0.0000   22.500015235.3066   21.7975
   -7.5000    7.5000   22.500014931.3506   21.8560
    0.0000    7.5000   22.500015527.3008   21.8652
    7.5000    7.5000   22.500014834.0635   21.8372
   -7.5000   15.0000   22.500014219.1055   21.8669
    0.0000   15.0000   22.500014785.1895   21.8823
    7.5000   15.0000   22.500014084.3789   21.8575
   -7.5000   22.5000   22.500013249.3438   21.8397
    0.0000   22.5000   22.500013792.1162   21.8488
    7.5000   22.5000   22.500013112.1885   21.8257
   -7.5000   30.0000   22.500012244.2041   21.5394
    0.0000   30.0000   22.500012728.6436   21.5358
    7.5000   30.0000   22.500012132.0176   21.5108
   -7.5000   37.5000   22.500011649.7012   21.5319
    0.0000   37.5000   22.500012120.1074   21.5221
    7.5000   37.5000   22.500011525.3271   21.4930
   -7.5000   45.0000   22.500010570.9287   21.0428
    0.0000   45.0000   22.500011009.0596   21.0397
    7.5000   45.0000   22.500010429.1670   21.0102
   -7.5000  -45.0000   30.0000 9111.8447   22.1695
    0.0000  -45.0000   30.0000 9657.2363   22.1710
    7.5000  -45.0000   30.0000 9267.2520   22.1632
   -7.5000  -37.5000   30.0000 9809.4014   22.0795
    0.0000  -37.5000   30.000010371.6660   22.0905
    7.5000  -37.5000   30.0000 9930.2197   22.0832
   -7.5000  -30.0000   30.000010825.4316   22.0208
    0.0000  -30.0000   30.000011388.9697   22.0361
    7.5000  -30.0000   30.000010907.8994   22.0303
   -7.5000  -22.5000   30.000011729.3721   21.9700
    0.0000  -22.5000   30.000012304.8867   21.9800
    7.5000  -22.5000   30.000011801.0654   21.9754
   -7.5000  -15.0000   30.000012558.8311   21.9347
    0.0000  -15.0000   30.000013151.5859   21.9347
    7.5000  -15.0000   30.000012632.7676   21.9286
   -7.5000   -7.5000   30.000013400.4209   21.9166
    0.0000   -7.5000   30.000013974.3721   21.9117
    7.5000   -7.5000   30.000013437.2998   21.9036
   -7.5000    0.0000   30.000014110.2305   21.9332
    0.0000    0.0000   30.000014718.3398   21.9332
    7.5000    0.0000   30.000014145.3936   21.9244
   -7.5000    7.5000   30.000013744.6846   21.9669
    0.0000    7.5000   30.000014311.6738   21.9767
    7.5000    7.5000   30.000013762.0039   21.9682
   -7.5000   15.0000   30.000013089.7695   21.9851
    0.0000   15.0000   30.000013620.2656   21.9998
    7.5000   15.0000   30.000013051.9141   21.9933
   -7.5000   22.5000   30.000012234.2979   21.9591
    0.0000   22.5000   30.000012720.6064   21.9690
    7.5000   22.5000   30.000012162.2178   21.9642
   -7.5000   30.0000   30.000011306.2021   21.6508
    0.0000   30.0000   30.000011762.0859   21.6508
    7.5000   30.0000   30.000011245.2070   21.6448
   -7.5000   37.5000   30.000010744.8408   21.6330
    0.0000   37.5000   30.000011196.8818   21.6282
    7.5000   37.5000   30.000010689.6670   21.6201
   -7.5000   45.0000   30.0000 9760.7559   21.1411
    0.0000   45.0000   30.000010176.8467   21.1411
    7.5000   45.0000   30.0000 9691.0742   21.1326
   -7.5000  -45.0000   37.5000 8691.2520   22.4169
    0.0000  -45.0000   37.5000 9238.4619   22.4160
    7.5000  -45.0000   37.5000 8847.0850   22.4268
   -7.5000  -37.5000   37.5000 9329.6045   22.3283
    0.0000  -37.5000   37.5000 9919.4082   22.3368
    7.5000  -37.5000   37.5000 9470.3945   22.3463
   -7.5000  -30.0000   37.500010288.6670   22.2657
    0.0000  -30.0000   37.500010917.1279   22.2799
    7.5000  -30.0000   37.500010413.1953   22.2914
   -7.5000  -22.5000   37.500011171.3760   22.2127
    0.0000  -22.5000   37.500011808.5107   22.2228
    7.5000  -22.5000   37.500011275.1143   22.2372
   -7.5000  -15.0000   37.500011968.4160   22.1787
    0.0000  -15.0000   37.500012620.8975   22.1796
    7.5000  -15.0000   37.500012063.2617   22.1936
   -7.5000   -7.5000   37.500012760.3291   22.1640
    0.0000   -7.5000   37.500013392.4346   22.1592
    7.5000   -7.5000   37.500012831.0088   22.1710
   -7.5000    0.0000   37.500013439.3525   22.1844
    0.0000    0.0000   37.500014069.5752   22.1824
    7.5000    0.0000   37.500013515.7109   22.1918
   -7.5000    7.5000   37.500013100.7285   22.2175
    0.0000    7.5000   37.500013677.7852   22.2250
    7.5000    7.5000   37.500013164.5059   22.2332
   -7.5000   15.0000   37.500012496.8916   22.2305
    0.0000   15.0000   37.500013001.9482   22.2441
    7.5000   15.0000   37.500012513.8496   22.2550
   -7.5000   22.5000   37.500011686.3936   22.2017
    0.0000   22.5000   37.500012158.5986   22.2116
    7.5000   22.5000   37.500011679.4014   22.2260
   -7.5000   30.0000   37.500010825.6133   21.8916
    0.0000   30.0000   37.500011255.1602   21.8925
    7.5000   30.0000   37.500010796.8984   21.9064
   -7.5000   37.5000   37.500010290.5137   21.8771
    0.0000   37.5000   37.500010706.9590   21.8724
    7.5000   37.5000   37.500010245.5635   21.8840
   -7.5000   45.0000   37.5000 9343.8896   21.3832
    0.0000   45.0000   37.5000 9755.7490   21.3812
    7.5000   45.0000   37.5000 9295.0723   21.3904
   -7.5000  -45.0000   45.0000 7909.1582   22.7701
    0.0000  -45.0000   45.0000 8403.6514   22.7625
    7.5000  -45.0000   45.0000 8064.8486   22.7678
   -7.5000  -37.5000   45.0000 8481.4668   22.6744
    0.0000  -37.5000   45.0000 9030.8359   22.6791
    7.5000  -37.5000   45.0000 8622.7480   22.6848
   -7.5000  -30.0000   45.0000 9358.9609   22.6019
    0.0000  -30.0000   45.0000 9950.5166   22.6155
    7.5000  -30.0000   45.0000 9478.4570   22.6251
   -7.5000  -22.5000   45.000010176.1914   22.5456
    0.0000  -22.5000   45.000010775.1855   22.5545
    7.5000  -22.5000   45.000010284.4658   22.5675
   -7.5000  -15.0000   45.000010906.4883   22.5180
    0.0000  -15.0000   45.000011512.2461   22.5154
    7.5000  -15.0000   45.000011018.4893   22.5271
   -7.5000   -7.5000   45.000011606.6768   22.5147
    0.0000   -7.5000   45.000012206.0947   22.5040
    7.5000   -7.5000   45.000011713.2061   22.5114
   -7.5000    0.0000   45.000012236.4863   22.5387
    0.0000    0.0000   45.000012834.2432   22.5302
    7.5000    0.0000   45.000012335.9111   22.5342
   -7.5000    7.5000   45.000011936.2910   22.5640
    0.0000    7.5000   45.000012499.2871   22.5679
    7.5000    7.5000   45.000012019.2549   22.5722
   -7.5000   15.0000   45.000011384.4902   22.5668
    0.0000   15.0000   45.000011883.5117   22.5799
    7.5000   15.0000   45.000011422.7930   22.5888
   -7.5000   22.5000   45.000010658.3447   22.5343
    0.0000   22.5000   45.000011115.9707   22.5431
    7.5000   22.5000   45.000010669.4229   22.5560
   -7.5000   30.0000   45.0000 9891.7822   22.2246
    0.0000   30.0000   45.000010316.4219   22.2221
    7.5000   30.0000   45.0000 9881.9160   22.2336
   -7.5000   37.5000   45.0000 9423.1875   22.2214
    0.0000   37.5000   45.0000 9824.5342   22.2108
    7.5000   37.5000   45.0000 9380.0361   22.2181
   -7.5000   45.0000   45.0000 8561.4932   21.7346
    0.0000   45.0000   45.0000 8933.9629   21.7264
    7.5000   45.0000   45.0000 8504.7695   21.7303

---------------------------------------------------------------------
imgreg_4dfp /opt/freesurfer/average/711-2C_as_mni_average_305 /opt/freesurfer/average/711-2B_as_mni_average_305_mask talsrcimg_g11 none talsrcimg_to_711-2C_as_mni_average_305_t4 4355
---------------------------------------------------------------------

freesurfer imgreg_4dfp.c
/opt/freesurfer/average/711-2C_as_mni_average_305.4dfp.img
       256       256       256         1
  1.000000  1.000000  1.000000
orientation T byte_order littleendian
Reading image: /opt/freesurfer/average/711-2C_as_mni_average_305.4dfp.img
dimensions:      256       256       256
mmppix:       1.0000   -1.0000   -1.0000
center:     128.0000 -129.0000 -129.0000
/opt/freesurfer/average/711-2B_as_mni_average_305_mask.4dfp.img
       256       256       256         1
  1.000000  1.000000  1.000000
orientation T byte_order littleendian
Reading mask: /opt/freesurfer/average/711-2B_as_mni_average_305_mask.4dfp.img (2306576 pixels)
talsrcimg_g11.4dfp.img
       256       256       256         1
  1.000000  1.000000  1.000000
orientation T byte_order littleendian
Reading image: talsrcimg_g11.4dfp.img
dimensions:      256       256       256
mmppix:       1.0000   -1.0000   -1.0000
center:     128.0000 -129.0000 -129.0000
rotation matrix determinant  1.000000
image alignment mode   4355 decimal     1103 hex
   -7.5000  -45.0000  -45.0000 2074.4885   23.3612
    0.0000  -45.0000  -45.0000 2093.2476   23.1957
    7.5000  -45.0000  -45.0000 2082.5952   23.1017
   -7.5000  -37.5000  -45.0000 2177.8345   21.3266
    0.0000  -37.5000  -45.0000 2196.1973   21.1591
    7.5000  -37.5000  -45.0000 2186.2178   21.1153
   -7.5000  -30.0000  -45.0000 2257.5200   19.7466
    0.0000  -30.0000  -45.0000 2271.3887   19.6410
    7.5000  -30.0000  -45.0000 2262.9412   19.6873
   -7.5000  -22.5000  -45.0000 2314.0022   18.5829
    0.0000  -22.5000  -45.0000 2328.8174   18.4789
    7.5000  -22.5000  -45.0000 2317.2529   18.5543
   -7.5000  -15.0000  -45.0000 2347.7126   17.8915
    0.0000  -15.0000  -45.0000 2365.0720   17.7701
    7.5000  -15.0000  -45.0000 2350.6379   17.8427
   -7.5000   -7.5000  -45.0000 2359.6663   17.5306
    0.0000   -7.5000  -45.0000 2377.8330   17.3765
    7.5000   -7.5000  -45.0000 2358.0481   17.4434
   -7.5000    0.0000  -45.0000 2352.4258   17.4552
    0.0000    0.0000  -45.0000 2372.3047   17.3122
    7.5000    0.0000  -45.0000 2353.3896   17.3494
   -7.5000    7.5000  -45.0000 2342.0339   17.6265
    0.0000    7.5000  -45.0000 2355.1487   17.4361
    7.5000    7.5000  -45.0000 2341.6531   17.4739
   -7.5000   15.0000  -45.0000 2316.4429   18.1074
    0.0000   15.0000  -45.0000 2328.2405   17.9109
    7.5000   15.0000  -45.0000 2315.3928   17.9646
   -7.5000   22.5000  -45.0000 2273.4470   18.9470
    0.0000   22.5000  -45.0000 2288.4492   18.7737
    7.5000   22.5000  -45.0000 2275.9683   18.8513
   -7.5000   30.0000  -45.0000 2214.7542   20.1829
    0.0000   30.0000  -45.0000 2230.8318   20.0236
    7.5000   30.0000  -45.0000 2213.9385   20.1570
   -7.5000   37.5000  -45.0000 2129.1750   21.9149
    0.0000   37.5000  -45.0000 2148.7292   21.7810
    7.5000   37.5000  -45.0000 2129.1853   21.9646
   -7.5000   45.0000  -45.0000 2031.4666   24.3311
    0.0000   45.0000  -45.0000 2047.3616   24.1236
    7.5000   45.0000  -45.0000 2028.5475   24.3177
   -7.5000  -45.0000  -37.5000 2149.4797   21.7876
    0.0000  -45.0000  -37.5000 2166.7666   21.6005
    7.5000  -45.0000  -37.5000 2159.8948   21.4836
   -7.5000  -37.5000  -37.5000 2260.7507   19.8421
    0.0000  -37.5000  -37.5000 2273.9419   19.6845
    7.5000  -37.5000  -37.5000 2267.5181   19.6383
   -7.5000  -30.0000  -37.5000 2342.5986   18.3242
    0.0000  -30.0000  -37.5000 2355.3440   18.2049
    7.5000  -30.0000  -37.5000 2342.6311   18.2356
   -7.5000  -22.5000  -37.5000 2404.8838   17.2250
    0.0000  -22.5000  -37.5000 2419.8796   17.0982
    7.5000  -22.5000  -37.5000 2405.0845   17.0928
   -7.5000  -15.0000  -37.5000 2446.0837   16.5486
    0.0000  -15.0000  -37.5000 2465.5413   16.3844
    7.5000  -15.0000  -37.5000 2445.5828   16.3831
   -7.5000   -7.5000  -37.5000 2462.4761   16.2047
    0.0000   -7.5000  -37.5000 2477.2195   16.0264
    7.5000   -7.5000  -37.5000 2459.4709   16.0621
   -7.5000    0.0000  -37.5000 2465.1572   16.1114
    0.0000    0.0000  -37.5000 2483.9800   15.9289
    7.5000    0.0000  -37.5000 2465.0310   15.9665
   -7.5000    7.5000  -37.5000 2456.0217   16.3079
    0.0000    7.5000  -37.5000 2467.2700   16.1172
    7.5000    7.5000  -37.5000 2450.6299   16.1599
   -7.5000   15.0000  -37.5000 2422.6218   16.7534
    0.0000   15.0000  -37.5000 2441.6899   16.5322
    7.5000   15.0000  -37.5000 2423.3325   16.6414
   -7.5000   22.5000  -37.5000 2376.1609   17.5581
    0.0000   22.5000  -37.5000 2399.0718   17.3467
    7.5000   22.5000  -37.5000 2377.4182   17.4135
   -7.5000   30.0000  -37.5000 2309.8423   18.7510
    0.0000   30.0000  -37.5000 2329.9541   18.5757
    7.5000   30.0000  -37.5000 2305.7424   18.6319
   -7.5000   37.5000  -37.5000 2218.6584   20.3854
    0.0000   37.5000  -37.5000 2234.9785   20.2159
    7.5000   37.5000  -37.5000 2215.8918   20.2922
   -7.5000   45.0000  -37.5000 2112.5205   22.5340
    0.0000   45.0000  -37.5000 2126.2371   22.3413
    7.5000   45.0000  -37.5000 2105.9429   22.4858
   -7.5000  -45.0000  -30.0000 2252.1338   21.1195
    0.0000  -45.0000  -30.0000 2270.3430   20.8757
    7.5000  -45.0000  -30.0000 2267.2280   20.7916
   -7.5000  -37.5000  -30.0000 2369.9397   19.1978
    0.0000  -37.5000  -30.0000 2389.8000   19.0166
    7.5000  -37.5000  -30.0000 2380.2751   18.9304
   -7.5000  -30.0000  -30.0000 2458.7480   17.7045
    0.0000  -30.0000  -30.0000 2476.7502   17.5672
    7.5000  -30.0000  -30.0000 2460.3210   17.5237
   -7.5000  -22.5000  -30.0000 2529.4136   16.6197
    0.0000  -22.5000  -30.0000 2550.1316   16.4681
    7.5000  -22.5000  -30.0000 2533.4233   16.4387
   -7.5000  -15.0000  -30.0000 2576.9944   15.9041
    0.0000  -15.0000  -30.0000 2597.6616   15.7118
    7.5000  -15.0000  -30.0000 2582.2917   15.7230
   -7.5000   -7.5000  -30.0000 2606.0684   15.5470
    0.0000   -7.5000  -30.0000 2621.8555   15.3458
    7.5000   -7.5000  -30.0000 2606.4600   15.3514
   -7.5000    0.0000  -30.0000 2615.1785   15.4496
    0.0000    0.0000  -30.0000 2637.9490   15.2248
    7.5000    0.0000  -30.0000 2612.4546   15.2659
   -7.5000    7.5000  -30.0000 2607.2002   15.6656
    0.0000    7.5000  -30.0000 2628.2363   15.4717
    7.5000    7.5000  -30.0000 2607.3198   15.5124
   -7.5000   15.0000  -30.0000 2573.9639   16.1570
    0.0000   15.0000  -30.0000 2597.6216   15.9426
    7.5000   15.0000  -30.0000 2577.1577   16.0167
   -7.5000   22.5000  -30.0000 2524.5061   16.9438
    0.0000   22.5000  -30.0000 2552.8296   16.7302
    7.5000   22.5000  -30.0000 2525.5200   16.8028
   -7.5000   30.0000  -30.0000 2445.6140   18.0867
    0.0000   30.0000  -30.0000 2472.5952   17.8788
    7.5000   30.0000  -30.0000 2444.0862   17.9332
   -7.5000   37.5000  -30.0000 2346.7651   19.6420
    0.0000   37.5000  -30.0000 2367.7554   19.4437
    7.5000   37.5000  -30.0000 2343.9319   19.4985
   -7.5000   45.0000  -30.0000 2227.1951   21.7663
    0.0000   45.0000  -30.0000 2238.8806   21.5664
    7.5000   45.0000  -30.0000 2224.1118   21.6749
   -7.5000  -45.0000  -22.5000 2331.7905   20.3821
    0.0000  -45.0000  -22.5000 2354.5608   20.0570
    7.5000  -45.0000  -22.5000 2347.5090   20.0306
   -7.5000  -37.5000  -22.5000 2448.8772   18.4681
    0.0000  -37.5000  -22.5000 2473.2275   18.2324
    7.5000  -37.5000  -22.5000 2463.7769   18.2071
   -7.5000  -30.0000  -22.5000 2542.5642   17.0000
    0.0000  -30.0000  -22.5000 2566.8657   16.8103
    7.5000  -30.0000  -22.5000 2551.8884   16.7976
   -7.5000  -22.5000  -22.5000 2626.7161   15.9267
    0.0000  -22.5000  -22.5000 2645.2168   15.7292
    7.5000  -22.5000  -22.5000 2630.6140   15.7413
   -7.5000  -15.0000  -22.5000 2684.8193   15.2106
    0.0000  -15.0000  -22.5000 2700.8093   15.0243
    7.5000  -15.0000  -22.5000 2685.9717   15.0268
   -7.5000   -7.5000  -22.5000 2719.8052   14.8564
    0.0000   -7.5000  -22.5000 2740.0415   14.6400
    7.5000   -7.5000  -22.5000 2723.6990   14.6457
   -7.5000    0.0000  -22.5000 2735.9810   14.7572
    0.0000    0.0000  -22.5000 2762.6968   14.5479
    7.5000    0.0000  -22.5000 2737.8745   14.5735
   -7.5000    7.5000  -22.5000 2732.1653   14.9740
    0.0000    7.5000  -22.5000 2760.2974   14.7894
    7.5000    7.5000  -22.5000 2732.0452   14.8145
   -7.5000   15.0000  -22.5000 2698.9575   15.4875
    0.0000   15.0000  -22.5000 2729.7087   15.2873
    7.5000   15.0000  -22.5000 2704.9302   15.3278
   -7.5000   22.5000  -22.5000 2640.4321   16.2428
    0.0000   22.5000  -22.5000 2670.7649   16.0374
    7.5000   22.5000  -22.5000 2644.0649   16.1320
   -7.5000   30.0000  -22.5000 2550.4084   17.3222
    0.0000   30.0000  -22.5000 2581.8262   17.0924
    7.5000   30.0000  -22.5000 2552.2725   17.2160
   -7.5000   37.5000  -22.5000 2439.8975   18.8546
    0.0000   37.5000  -22.5000 2461.9255   18.6111
    7.5000   37.5000  -22.5000 2439.6274   18.7359
   -7.5000   45.0000  -22.5000 2311.4651   20.9119
    0.0000   45.0000  -22.5000 2326.5669   20.7165
    7.5000   45.0000  -22.5000 2308.4841   20.8259
   -7.5000  -45.0000  -15.0000 2381.1360   19.7022
    0.0000  -45.0000  -15.0000 2404.5911   19.2869
    7.5000  -45.0000  -15.0000 2396.8308   19.3338
   -7.5000  -37.5000  -15.0000 2497.9917   17.7858
    0.0000  -37.5000  -15.0000 2522.8977   17.4669
    7.5000  -37.5000  -15.0000 2513.8120   17.5046
   -7.5000  -30.0000  -15.0000 2598.3018   16.3276
    0.0000  -30.0000  -15.0000 2624.4668   16.0435
    7.5000  -30.0000  -15.0000 2615.9443   16.0881
   -7.5000  -22.5000  -15.0000 2689.1250   15.2599
    0.0000  -22.5000  -15.0000 2709.6631   15.0077
    7.5000  -22.5000  -15.0000 2697.7361   15.0497
   -7.5000  -15.0000  -15.0000 2756.8118   14.5569
    0.0000  -15.0000  -15.0000 2780.0979   14.3591
    7.5000  -15.0000  -15.0000 2763.3044   14.3880
   -7.5000   -7.5000  -15.0000 2803.9316   14.2424
    0.0000   -7.5000  -15.0000 2831.7966   14.0385
    7.5000   -7.5000  -15.0000 2811.8115   14.0475
   -7.5000    0.0000  -15.0000 2830.4858   14.1520
    0.0000    0.0000  -15.0000 2865.9404   13.9668
    7.5000    0.0000  -15.0000 2836.1426   13.9734
   -7.5000    7.5000  -15.0000 2827.9580   14.4013
    0.0000    7.5000  -15.0000 2870.2275   14.2139
    7.5000    7.5000  -15.0000 2832.4194   14.2372
   -7.5000   15.0000  -15.0000 2789.1970   14.8852
    0.0000   15.0000  -15.0000 2825.8191   14.6887
    7.5000   15.0000  -15.0000 2795.8037   14.7311
   -7.5000   22.5000  -15.0000 2719.6997   15.5919
    0.0000   22.5000  -15.0000 2748.6792   15.3798
    7.5000   22.5000  -15.0000 2726.9731   15.4661
   -7.5000   30.0000  -15.0000 2618.3516   16.6218
    0.0000   30.0000  -15.0000 2644.2417   16.3991
    7.5000   30.0000  -15.0000 2623.3538   16.5283
   -7.5000   37.5000  -15.0000 2500.5789   18.1242
    0.0000   37.5000  -15.0000 2522.5850   17.8924
    7.5000   37.5000  -15.0000 2500.7029   18.0633
   -7.5000   45.0000  -15.0000 2361.5010   20.1540
    0.0000   45.0000  -15.0000 2382.3860   19.9320
    7.5000   45.0000  -15.0000 2362.3579   20.1265
   -7.5000  -45.0000   -7.5000 2403.0552   19.1392
    0.0000  -45.0000   -7.5000 2429.9299   18.6356
    7.5000  -45.0000   -7.5000 2421.1440   18.7587
   -7.5000  -37.5000   -7.5000 2520.3821   17.2128
    0.0000  -37.5000   -7.5000 2546.3745   16.7839
    7.5000  -37.5000   -7.5000 2543.7021   16.9144
   -7.5000  -30.0000   -7.5000 2630.5369   15.7575
    0.0000  -30.0000   -7.5000 2650.5383   15.3555
    7.5000  -30.0000   -7.5000 2650.1858   15.5028
   -7.5000  -22.5000   -7.5000 2729.5911   14.6787
    0.0000  -22.5000   -7.5000 2749.7893   14.3571
    7.5000  -22.5000   -7.5000 2738.2803   14.4805
   -7.5000  -15.0000   -7.5000 2806.0916   13.9975
    0.0000  -15.0000   -7.5000 2831.8374   13.7199
    7.5000  -15.0000   -7.5000 2814.9045   13.8250
   -7.5000   -7.5000   -7.5000 2867.5564   13.7037
    0.0000   -7.5000   -7.5000 2906.2551   13.4603
    7.5000   -7.5000   -7.5000 2879.6194   13.5338
   -7.5000    0.0000   -7.5000 2906.2197   13.6474
    0.0000    0.0000   -7.5000 2955.6992   13.4349
    7.5000    0.0000   -7.5000 2914.6663   13.4918
   -7.5000    7.5000   -7.5000 2910.8010   13.8601
    0.0000    7.5000   -7.5000 2966.6704   13.6703
    7.5000    7.5000   -7.5000 2914.1841   13.7493
   -7.5000   15.0000   -7.5000 2851.7732   14.3856
    0.0000   15.0000   -7.5000 2896.8081   14.1698
    7.5000   15.0000   -7.5000 2859.0630   14.2631
   -7.5000   22.5000   -7.5000 2762.6062   15.0863
    0.0000   22.5000   -7.5000 2796.5776   14.8385
    7.5000   22.5000   -7.5000 2770.6384   14.9659
   -7.5000   30.0000   -7.5000 2654.0515   16.0993
    0.0000   30.0000   -7.5000 2680.4587   15.8412
    7.5000   30.0000   -7.5000 2659.5220   16.0254
   -7.5000   37.5000   -7.5000 2528.3545   17.5442
    0.0000   37.5000   -7.5000 2553.9302   17.3020
    7.5000   37.5000   -7.5000 2530.8213   17.5225
   -7.5000   45.0000   -7.5000 2388.4114   19.4695
    0.0000   45.0000   -7.5000 2411.0994   19.2818
    7.5000   45.0000   -7.5000 2388.5203   19.5124
   -7.5000  -45.0000    0.0000 2408.4724   18.9319
    0.0000  -45.0000    0.0000 2438.6299   18.3626
    7.5000  -45.0000    0.0000 2436.7600   18.5665
   -7.5000  -37.5000    0.0000 2525.0010   16.9914
    0.0000  -37.5000    0.0000 2548.7642   16.4320
    7.5000  -37.5000    0.0000 2553.3386   16.6584
   -7.5000  -30.0000    0.0000 2635.0427   15.4768
    0.0000  -30.0000    0.0000 2656.1826   14.9821
    7.5000  -30.0000    0.0000 2658.0967   15.1858
   -7.5000  -22.5000    0.0000 2736.1633   14.3802
    0.0000  -22.5000    0.0000 2762.4563   13.9624
    7.5000  -22.5000    0.0000 2754.2434   14.1461
   -7.5000  -15.0000    0.0000 2827.5454   13.6816
    0.0000  -15.0000    0.0000 2855.8354   13.2820
    7.5000  -15.0000    0.0000 2839.2856   13.4667
   -7.5000   -7.5000    0.0000 2900.2124   13.3875
    0.0000   -7.5000    0.0000 2942.8833   13.0073
    7.5000   -7.5000    0.0000 2911.2214   13.1813
   -7.5000    0.0000    0.0000 2943.2356   13.3216
    0.0000    0.0000    0.0000 3000.7761   13.0290
    7.5000    0.0000    0.0000 2956.0864   13.1757
   -7.5000    7.5000    0.0000 2943.9729   13.5627
    0.0000    7.5000    0.0000 3014.7778   13.2337
    7.5000    7.5000    0.0000 2952.5076   13.4428
   -7.5000   15.0000    0.0000 2880.8757   14.0839
    0.0000   15.0000    0.0000 2930.0771   13.7760
    7.5000   15.0000    0.0000 2885.5571   13.9793
   -7.5000   22.5000    0.0000 2779.7739   14.8172
    0.0000   22.5000    0.0000 2811.3230   14.5382
    7.5000   22.5000    0.0000 2783.3782   14.7071
   -7.5000   30.0000    0.0000 2664.6165   15.8304
    0.0000   30.0000    0.0000 2688.2964   15.5603
    7.5000   30.0000    0.0000 2663.2957   15.7077
   -7.5000   37.5000    0.0000 2531.8574   17.2667
    0.0000   37.5000    0.0000 2557.3115   16.9767
    7.5000   37.5000    0.0000 2533.0986   17.1620
   -7.5000   45.0000    0.0000 2392.8271   19.1857
    0.0000   45.0000    0.0000 2414.2656   18.9115
    7.5000   45.0000    0.0000 2389.8616   19.1335
   -7.5000  -45.0000    7.5000 2398.1230   18.9884
    0.0000  -45.0000    7.5000 2436.3965   18.4304
    7.5000  -45.0000    7.5000 2441.7935   18.5329
   -7.5000  -37.5000    7.5000 2512.1157   17.0165
    0.0000  -37.5000    7.5000 2543.3169   16.4749
    7.5000  -37.5000    7.5000 2551.1687   16.6358
   -7.5000  -30.0000    7.5000 2619.3506   15.4896
    0.0000  -30.0000    7.5000 2646.3469   14.9883
    7.5000  -30.0000    7.5000 2651.3435   15.1868
   -7.5000  -22.5000    7.5000 2725.7351   14.3752
    0.0000  -22.5000    7.5000 2757.0198   13.9174
    7.5000  -22.5000    7.5000 2753.4739   14.1028
   -7.5000  -15.0000    7.5000 2822.4592   13.6746
    0.0000  -15.0000    7.5000 2852.1841   13.2200
    7.5000  -15.0000    7.5000 2845.0872   13.4315
   -7.5000   -7.5000    7.5000 2900.0820   13.3766
    0.0000   -7.5000    7.5000 2933.5354   12.9689
    7.5000   -7.5000    7.5000 2915.7808   13.1717
   -7.5000    0.0000    7.5000 2935.9209   13.3755
    0.0000    0.0000    7.5000 2988.2024   13.0028
    7.5000    0.0000    7.5000 2954.2087   13.1975
   -7.5000    7.5000    7.5000 2935.9541   13.6702
    0.0000    7.5000    7.5000 3007.4963   13.3629
    7.5000    7.5000    7.5000 2951.1663   13.4952
   -7.5000   15.0000    7.5000 2879.3882   14.1268
    0.0000   15.0000    7.5000 2938.5708   13.8997
    7.5000   15.0000    7.5000 2884.0659   13.9905
   -7.5000   22.5000    7.5000 2769.8672   14.8356
    0.0000   22.5000    7.5000 2813.0413   14.6233
    7.5000   22.5000    7.5000 2777.7051   14.6933
   -7.5000   30.0000    7.5000 2648.5356   15.8285
    0.0000   30.0000    7.5000 2676.9873   15.5851
    7.5000   30.0000    7.5000 2655.7878   15.6722
   -7.5000   37.5000    7.5000 2516.4758   17.2295
    0.0000   37.5000    7.5000 2534.6367   16.9582
    7.5000   37.5000    7.5000 2518.0305   17.0886
   -7.5000   45.0000    7.5000 2381.3884   19.0466
    0.0000   45.0000    7.5000 2397.4771   18.7869
    7.5000   45.0000    7.5000 2381.7913   18.9631
   -7.5000  -45.0000   15.0000 2370.8191   19.3226
    0.0000  -45.0000   15.0000 2411.5601   18.7266
    7.5000  -45.0000   15.0000 2421.4980   18.9034
   -7.5000  -37.5000   15.0000 2489.3408   17.3308
    0.0000  -37.5000   15.0000 2527.7515   16.7462
    7.5000  -37.5000   15.0000 2535.0942   16.9662
   -7.5000  -30.0000   15.0000 2599.1833   15.7913
    0.0000  -30.0000   15.0000 2632.7183   15.2349
    7.5000  -30.0000   15.0000 2639.1687   15.4837
   -7.5000  -22.5000   15.0000 2702.6538   14.7127
    0.0000  -22.5000   15.0000 2736.0271   14.1709
    7.5000  -22.5000   15.0000 2739.3918   14.3761
   -7.5000  -15.0000   15.0000 2792.2349   14.0320
    0.0000  -15.0000   15.0000 2823.5862   13.5367
    7.5000  -15.0000   15.0000 2821.9329   13.7206
   -7.5000   -7.5000   15.0000 2863.9575   13.7455
    0.0000   -7.5000   15.0000 2897.5176   13.3178
    7.5000   -7.5000   15.0000 2883.7549   13.4463
   -7.5000    0.0000   15.0000 2890.4961   13.7486
    0.0000    0.0000   15.0000 2937.2949   13.3605
    7.5000    0.0000   15.0000 2911.5400   13.4595
   -7.5000    7.5000   15.0000 2881.0640   14.0273
    0.0000    7.5000   15.0000 2933.7366   13.7383
    7.5000    7.5000   15.0000 2901.3486   13.7949
   -7.5000   15.0000   15.0000 2825.3801   14.5150
    0.0000   15.0000   15.0000 2869.7761   14.2834
    7.5000   15.0000   15.0000 2834.8105   14.2990
   -7.5000   22.5000   15.0000 2727.4377   15.2353
    0.0000   22.5000   15.0000 2764.4084   15.0163
    7.5000   22.5000   15.0000 2737.5547   15.0353
   -7.5000   30.0000   15.0000 2612.6394   16.1931
    0.0000   30.0000   15.0000 2638.9202   15.9346
    7.5000   30.0000   15.0000 2622.8093   16.0009
   -7.5000   37.5000   15.0000 2485.6860   17.4835
    0.0000   37.5000   15.0000 2507.7432   17.2315
    7.5000   37.5000   15.0000 2495.2708   17.3311
   -7.5000   45.0000   15.0000 2351.9001   19.2347
    0.0000   45.0000   15.0000 2370.5708   18.9430
    7.5000   45.0000   15.0000 2355.6882   19.1029
   -7.5000  -45.0000   22.5000 2339.0134   19.8793
    0.0000  -45.0000   22.5000 2378.8748   19.2974
    7.5000  -45.0000   22.5000 2386.2217   19.4756
   -7.5000  -37.5000   22.5000 2459.3125   17.9353
    0.0000  -37.5000   22.5000 2502.4885   17.3794
    7.5000  -37.5000   22.5000 2502.2219   17.5278
   -7.5000  -30.0000   22.5000 2567.5645   16.4791
    0.0000  -30.0000   22.5000 2605.4370   15.9336
    7.5000  -30.0000   22.5000 2604.6169   16.0740
   -7.5000  -22.5000   22.5000 2663.5071   15.3878
    0.0000  -22.5000   22.5000 2702.2314   14.8607
    7.5000  -22.5000   22.5000 2701.2085   15.0124
   -7.5000  -15.0000   22.5000 2742.9246   14.6863
    0.0000  -15.0000   22.5000 2779.9319   14.1687
    7.5000  -15.0000   22.5000 2776.4094   14.3305
   -7.5000   -7.5000   22.5000 2801.0808   14.3647
    0.0000   -7.5000   22.5000 2834.8979   13.8772
    7.5000   -7.5000   22.5000 2829.5051   14.0085
   -7.5000    0.0000   22.5000 2821.8027   14.2957
    0.0000    0.0000   22.5000 2864.1250   13.8713
    7.5000    0.0000   22.5000 2848.8367   14.0007
   -7.5000    7.5000   22.5000 2806.3398   14.5551
    0.0000    7.5000   22.5000 2846.1106   14.2001
    7.5000    7.5000   22.5000 2828.9485   14.3078
   -7.5000   15.0000   22.5000 2747.2209   15.0936
    0.0000   15.0000   22.5000 2785.3716   14.7600
    7.5000   15.0000   22.5000 2763.5781   14.8737
   -7.5000   22.5000   22.5000 2655.0720   15.8642
    0.0000   22.5000   22.5000 2687.6746   15.5552
    7.5000   22.5000   22.5000 2668.9043   15.6347
   -7.5000   30.0000   22.5000 2548.2549   16.8716
    0.0000   30.0000   22.5000 2570.5139   16.5751
    7.5000   30.0000   22.5000 2565.8689   16.6490
   -7.5000   37.5000   22.5000 2435.2402   18.1465
    0.0000   37.5000   22.5000 2454.3589   17.9149
    7.5000   37.5000   22.5000 2448.1113   17.9685
   -7.5000   45.0000   22.5000 2304.6873   19.8621
    0.0000   45.0000   22.5000 2324.1387   19.6287
    7.5000   45.0000   22.5000 2310.5125   19.6728
   -7.5000  -45.0000   30.0000 2292.2588   20.8601
    0.0000  -45.0000   30.0000 2330.1299   20.3598
    7.5000  -45.0000   30.0000 2337.2952   20.3924
   -7.5000  -37.5000   30.0000 2411.0420   18.8766
    0.0000  -37.5000   30.0000 2455.4597   18.4090
    7.5000  -37.5000   30.0000 2453.0994   18.4710
   -7.5000  -30.0000   30.0000 2518.1738   17.3715
    0.0000  -30.0000   30.0000 2559.1880   16.8953
    7.5000  -30.0000   30.0000 2554.7141   16.9839
   -7.5000  -22.5000   30.0000 2606.6938   16.2334
    0.0000  -22.5000   30.0000 2646.6641   15.7478
    7.5000  -22.5000   30.0000 2644.2927   15.8559
   -7.5000  -15.0000   30.0000 2672.7947   15.4752
    0.0000  -15.0000   30.0000 2716.8423   14.9834
    7.5000  -15.0000   30.0000 2713.0786   15.1100
   -7.5000   -7.5000   30.0000 2725.4507   15.1200
    0.0000   -7.5000   30.0000 2763.7405   14.6313
    7.5000   -7.5000   30.0000 2759.9336   14.7614
   -7.5000    0.0000   30.0000 2739.7114   15.0269
    0.0000    0.0000   30.0000 2777.9387   14.6068
    7.5000    0.0000   30.0000 2768.6252   14.7197
   -7.5000    7.5000   30.0000 2718.3647   15.2875
    0.0000    7.5000   30.0000 2749.9290   14.9168
    7.5000    7.5000   30.0000 2740.1997   15.0309
   -7.5000   15.0000   30.0000 2663.7842   15.8334
    0.0000   15.0000   30.0000 2692.5171   15.4728
    7.5000   15.0000   30.0000 2677.1348   15.5921
   -7.5000   22.5000   30.0000 2578.6091   16.6414
    0.0000   22.5000   30.0000 2606.2029   16.2939
    7.5000   22.5000   30.0000 2589.1624   16.3845
   -7.5000   30.0000   30.0000 2475.2839   17.6758
    0.0000   30.0000   30.0000 2500.8115   17.3437
    7.5000   30.0000   30.0000 2491.8127   17.4085
   -7.5000   37.5000   30.0000 2372.9111   18.9361
    0.0000   37.5000   30.0000 2392.4841   18.6818
    7.5000   37.5000   30.0000 2387.6899   18.7107
   -7.5000   45.0000   30.0000 2250.1982   20.6943
    0.0000   45.0000   30.0000 2268.5776   20.4439
    7.5000   45.0000   30.0000 2262.3889   20.5112
   -7.5000  -45.0000   37.5000 2233.3875   22.1000
    0.0000  -45.0000   37.5000 2277.7974   21.6552
    7.5000  -45.0000   37.5000 2282.6699   21.5962
   -7.5000  -37.5000   37.5000 2351.6667   20.0137
    0.0000  -37.5000   37.5000 2404.4277   19.6179
    7.5000  -37.5000   37.5000 2399.3760   19.6162
   -7.5000  -30.0000   37.5000 2457.6597   18.4201
    0.0000  -30.0000   37.5000 2510.1025   18.0075
    7.5000  -30.0000   37.5000 2497.6909   18.0328
   -7.5000  -22.5000   37.5000 2542.9475   17.2266
    0.0000  -22.5000   37.5000 2588.5327   16.8119
    7.5000  -22.5000   37.5000 2578.3750   16.8899
   -7.5000  -15.0000   37.5000 2602.0198   16.4431
    0.0000  -15.0000   37.5000 2646.8220   16.0183
    7.5000  -15.0000   37.5000 2640.7185   16.0959
   -7.5000   -7.5000   37.5000 2644.0725   16.0676
    0.0000   -7.5000   37.5000 2683.9282   15.6622
    7.5000   -7.5000   37.5000 2676.6799   15.7261
   -7.5000    0.0000   37.5000 2650.0830   15.9714
    0.0000    0.0000   37.5000 2684.5325   15.6085
    7.5000    0.0000   37.5000 2677.3479   15.6873
   -7.5000    7.5000   37.5000 2621.2891   16.2373
    0.0000    7.5000   37.5000 2651.1028   15.9046
    7.5000    7.5000   37.5000 2644.8115   16.0091
   -7.5000   15.0000   37.5000 2571.8123   16.7912
    0.0000   15.0000   37.5000 2593.8574   16.4386
    7.5000   15.0000   37.5000 2588.7524   16.5693
   -7.5000   22.5000   37.5000 2499.0293   17.6223
    0.0000   22.5000   37.5000 2522.3279   17.2660
    7.5000   22.5000   37.5000 2511.3872   17.3767
   -7.5000   30.0000   37.5000 2408.1294   18.6728
    0.0000   30.0000   37.5000 2427.0881   18.3324
    7.5000   30.0000   37.5000 2420.7759   18.4179
   -7.5000   37.5000   37.5000 2310.0200   19.9315
    0.0000   37.5000   37.5000 2328.2285   19.6538
    7.5000   37.5000   37.5000 2319.0559   19.7255
   -7.5000   45.0000   37.5000 2191.0852   21.6702
    0.0000   45.0000   37.5000 2209.8494   21.4709
    7.5000   45.0000   37.5000 2198.4893   21.5136
   -7.5000  -45.0000   45.0000 2171.0996   23.6768
    0.0000  -45.0000   45.0000 2214.3411   23.2466
    7.5000  -45.0000   45.0000 2223.2551   23.1585
   -7.5000  -37.5000   45.0000 2282.7566   21.4461
    0.0000  -37.5000   45.0000 2334.4939   21.1103
    7.5000  -37.5000   45.0000 2330.9675   21.0919
   -7.5000  -30.0000   45.0000 2386.9473   19.7310
    0.0000  -30.0000   45.0000 2436.5349   19.4245
    7.5000  -30.0000   45.0000 2423.8057   19.4080
   -7.5000  -22.5000   45.0000 2468.4016   18.5085
    0.0000  -22.5000   45.0000 2509.4924   18.1232
    7.5000  -22.5000   45.0000 2500.7043   18.1693
   -7.5000  -15.0000   45.0000 2523.3696   17.6983
    0.0000  -15.0000   45.0000 2559.3655   17.2875
    7.5000  -15.0000   45.0000 2555.6589   17.3688
   -7.5000   -7.5000   45.0000 2551.9343   17.2700
    0.0000   -7.5000   45.0000 2585.1899   16.8827
    7.5000   -7.5000   45.0000 2583.8516   16.9737
   -7.5000    0.0000   45.0000 2549.5090   17.1811
    0.0000    0.0000   45.0000 2577.0713   16.8336
    7.5000    0.0000   45.0000 2574.9546   16.9432
   -7.5000    7.5000   45.0000 2520.7280   17.4339
    0.0000    7.5000   45.0000 2546.4917   17.1321
    7.5000    7.5000   45.0000 2542.2571   17.2317
   -7.5000   15.0000   45.0000 2477.1333   17.9833
    0.0000   15.0000   45.0000 2496.2473   17.6753
    7.5000   15.0000   45.0000 2492.1816   17.7801
   -7.5000   22.5000   45.0000 2410.8440   18.8176
    0.0000   22.5000   45.0000 2431.8894   18.5466
    7.5000   22.5000   45.0000 2424.4004   18.6370
   -7.5000   30.0000   45.0000 2326.1533   19.8710
    0.0000   30.0000   45.0000 2345.8367   19.5933
    7.5000   30.0000   45.0000 2339.2798   19.6501
   -7.5000   37.5000   45.0000 2235.5278   21.1845
    0.0000   37.5000   45.0000 2250.0598   20.9338
    7.5000   37.5000   45.0000 2240.1333   20.9746
   -7.5000   45.0000   45.0000 2117.7251   22.9399
    0.0000   45.0000   45.0000 2131.5781   22.7326
    7.5000   45.0000   45.0000 2120.3860   22.7825

---------------------------------------------------------------------
imgreg_4dfp /opt/freesurfer/average/711-2C_as_mni_average_305 /opt/freesurfer/average/711-2B_as_mni_average_305_mask talsrcimg_g11 none talsrcimg_to_711-2C_as_mni_average_305_t4 1283
---------------------------------------------------------------------

freesurfer imgreg_4dfp.c
/opt/freesurfer/average/711-2C_as_mni_average_305.4dfp.img
       256       256       256         1
  1.000000  1.000000  1.000000
orientation T byte_order littleendian
Reading image: /opt/freesurfer/average/711-2C_as_mni_average_305.4dfp.img
dimensions:      256       256       256
mmppix:       1.0000   -1.0000   -1.0000
center:     128.0000 -129.0000 -129.0000
/opt/freesurfer/average/711-2B_as_mni_average_305_mask.4dfp.img
       256       256       256         1
  1.000000  1.000000  1.000000
orientation T byte_order littleendian
Reading mask: /opt/freesurfer/average/711-2B_as_mni_average_305_mask.4dfp.img (2306576 pixels)
talsrcimg_g11.4dfp.img
       256       256       256         1
  1.000000  1.000000  1.000000
orientation T byte_order littleendian
Reading image: talsrcimg_g11.4dfp.img
dimensions:      256       256       256
mmppix:       1.0000   -1.0000   -1.0000
center:     128.0000 -129.0000 -129.0000
rotation matrix determinant  1.000000
fimgreg.f
image alignment mode   1283 decimal      503 hex
parameters
    0.0000    7.5000    0.0000    0.0000    0.0000    0.0000
eta,q 0.94545 13.22392
niter,ni,del,rscale     5    3   12.0000    1.2000
parameter  4  0.649067 ->  0.500000 qaram    1.1500
parameters
    0.5148    5.4525    1.4742   -3.4500    0.9682    0.7532
eta,q 0.94828 12.94363
  0.0698  0.0577  0.0660  0.0518  0.0599  0.0569
  0.0631  0.0547  0.0601  0.0519  0.0566  0.0553
  0.0574  0.0530  0.0554  0.0519  0.0534  0.0533
  0.0548  0.0547  0.0530  0.0527  0.0518  0.0519
  0.0566  0.0579  0.0534  0.0549  0.0522  0.0519
  0.0604  0.0637  0.0553  0.0577  0.0539  0.0533
  0.0653  0.0717  0.0572  0.0609  0.0561  0.0554
niter,ni,del,rscale     5    3   12.0000    1.2000
parameters
    0.3271    7.2210    1.5778   -5.0647    1.5683    0.6158
eta,q 0.95052 13.05247
  0.0650  0.0631  0.0570  0.0541  0.0576  0.0545
  0.0583  0.0597  0.0523  0.0500  0.0537  0.0524
  0.0532  0.0559  0.0502  0.0493  0.0506  0.0504
  0.0517  0.0517  0.0501  0.0501  0.0495  0.0495
  0.0544  0.0501  0.0510  0.0522  0.0500  0.0502
  0.0595  0.0518  0.0527  0.0553  0.0518  0.0523
  0.0664  0.0562  0.0558  0.0588  0.0549  0.0554
niter,ni,del,rscale     4    3   12.0000    1.2000
parameters
    0.0657    7.5694    0.9975   -5.2901    1.7806    0.4200
eta,q 0.95105 13.07291
  0.0633  0.0607  0.0544  0.0565  0.0561  0.0541
  0.0560  0.0567  0.0502  0.0520  0.0524  0.0520
  0.0509  0.0522  0.0489  0.0487  0.0498  0.0500
  0.0495  0.0494  0.0493  0.0490  0.0489  0.0489
  0.0524  0.0498  0.0507  0.0505  0.0497  0.0497
  0.0578  0.0531  0.0525  0.0533  0.0518  0.0521
  0.0656  0.0600  0.0559  0.0566  0.0551  0.0553
niter,ni,del,rscale     3    3   12.0000    1.2000
parameters
    0.0072    7.6323    0.9751   -5.3464    1.8136    0.3866
eta,q 0.95111 13.07497
  0.0643  0.0603  0.0560  0.0568  0.0557  0.0543
  0.0564  0.0560  0.0508  0.0524  0.0520  0.0522
  0.0507  0.0515  0.0488  0.0488  0.0496  0.0501
  0.0490  0.0489  0.0489  0.0489  0.0489  0.0489
  0.0516  0.0499  0.0502  0.0503  0.0499  0.0494
  0.0571  0.0539  0.0520  0.0530  0.0520  0.0517
  0.0645  0.0614  0.0548  0.0563  0.0554  0.0550
niter,ni,del,rscale     2    3   12.0000    1.2000
parameters
   -0.0037    7.6498    0.9547   -5.3641    1.8191    0.3791
eta,q 0.95112 13.07574
  0.0645  0.0602  0.0560  0.0569  0.0556  0.0543
  0.0566  0.0559  0.0508  0.0525  0.0520  0.0522
  0.0508  0.0514  0.0488  0.0488  0.0496  0.0501
  0.0489  0.0489  0.0489  0.0489  0.0489  0.0489
  0.0514  0.0499  0.0502  0.0503  0.0499  0.0494
  0.0569  0.0541  0.0521  0.0529  0.0520  0.0517
  0.0643  0.0617  0.0548  0.0563  0.0554  0.0549
registration optimization eta report
parameter search radius
    6.0000    6.0000    6.0000    6.9000    6.0000    6.0000
100000*second partial in parameter space
       42.       33.       18.       16.       18.       15.
  0.0645  0.0602  0.0560  0.0569  0.0556  0.0543
  0.0566  0.0559  0.0508  0.0525  0.0520  0.0522
  0.0508  0.0514  0.0488  0.0488  0.0496  0.0501
  0.0489  0.0489  0.0489  0.0489  0.0489  0.0489
  0.0514  0.0499  0.0502  0.0503  0.0499  0.0494
  0.0569  0.0541  0.0521  0.0529  0.0520  0.0517
  0.0643  0.0617  0.0548  0.0563  0.0554  0.0549
   -0.0037    7.6498    0.9547   -5.3641    1.8191    0.3791
eta,q 0.95112 13.07574

---------------------------------------------------------------------
imgreg_4dfp /opt/freesurfer/average/711-2C_as_mni_average_305 /opt/freesurfer/average/711-2B_as_mni_average_305_mask talsrcimg_g11 none talsrcimg_to_711-2C_as_mni_average_305_t4 3335
---------------------------------------------------------------------

freesurfer imgreg_4dfp.c
/opt/freesurfer/average/711-2C_as_mni_average_305.4dfp.img
       256       256       256         1
  1.000000  1.000000  1.000000
orientation T byte_order littleendian
Reading image: /opt/freesurfer/average/711-2C_as_mni_average_305.4dfp.img
dimensions:      256       256       256
mmppix:       1.0000   -1.0000   -1.0000
center:     128.0000 -129.0000 -129.0000
/opt/freesurfer/average/711-2B_as_mni_average_305_mask.4dfp.img
       256       256       256         1
  1.000000  1.000000  1.000000
orientation T byte_order littleendian
Reading mask: /opt/freesurfer/average/711-2B_as_mni_average_305_mask.4dfp.img (2306576 pixels)
talsrcimg_g11.4dfp.img
       256       256       256         1
  1.000000  1.000000  1.000000
orientation T byte_order littleendian
Reading image: talsrcimg_g11.4dfp.img
dimensions:      256       256       256
mmppix:       1.0000   -1.0000   -1.0000
center:     128.0000 -129.0000 -129.0000
fimgreg.f
image alignment mode   3335 decimal      D07 hex
parameters
   -0.0037    7.6498    0.9547   -0.0526   -0.4381   -0.4881
   -0.3620   -3.2223    0.6613    9.3273    3.1744   -9.3437
eta,q 0.95084 13.15251
niter,ni,del,rscale     5    3    5.0000    1.2000
parameter  4  0.853644 ->  0.500000 qaram    1.1500
parameter  5  2.505093 ->  0.500000 qaram    1.1500
parameter  6  3.139770 ->  0.500000 qaram    1.1500
parameters
    0.0045    7.8095   -0.0001   -4.1926   -4.5781   -4.6281
   -0.2092   -0.8315    0.7455    6.0145    4.3398  -10.2387
eta,q 0.96593 12.50168
  0.0518  0.0510  0.0494  0.0465  0.0396  0.0314  0.0376  0.0413  0.0365  0.0352  0.0364  0.0354
  0.0504  0.0500  0.0489  0.0467  0.0415  0.0343  0.0364  0.0387  0.0356  0.0343  0.0353  0.0346
  0.0495  0.0494  0.0489  0.0475  0.0440  0.0379  0.0356  0.0366  0.0351  0.0342  0.0346  0.0341
  0.0492  0.0492  0.0491  0.0489  0.0469  0.0421  0.0353  0.0353  0.0348  0.0348  0.0342  0.0341
  0.0494  0.0492  0.0496  0.0509  0.0501  0.0472  0.0355  0.0348  0.0350  0.0360  0.0342  0.0345
  0.0503  0.0497  0.0502  0.0539  0.0538  0.0521  0.0362  0.0353  0.0355  0.0377  0.0346  0.0352
  0.0518  0.0506  0.0509  0.0577  0.0578  0.0572  0.0374  0.0366  0.0365  0.0397  0.0353  0.0362
niter,ni,del,rscale     7    3    5.0000    1.2000
parameter  5  1.253458 ->  0.500000 qaram    1.3225
parameter  6  0.716667 ->  0.500000 qaram    1.3225
parameters
    0.1187    8.2074    0.3504   -6.3502   -9.3391   -9.3891
   -0.5058   -1.2828    0.3706    8.2489    5.0508   -6.8796
eta,q 0.97374 12.00076
  0.0375  0.0374  0.0366  0.0356  0.0291  0.0279  0.0292  0.0305  0.0288  0.0319  0.0283  0.0294
  0.0357  0.0358  0.0353  0.0346  0.0300  0.0272  0.0280  0.0284  0.0278  0.0298  0.0274  0.0283
  0.0346  0.0347  0.0344  0.0339  0.0316  0.0276  0.0272  0.0273  0.0272  0.0281  0.0269  0.0273
  0.0341  0.0340  0.0340  0.0339  0.0338  0.0304  0.0271  0.0271  0.0270  0.0270  0.0267  0.0267
  0.0343  0.0340  0.0339  0.0349  0.0368  0.0346  0.0274  0.0277  0.0274  0.0267  0.0268  0.0263
  0.0353  0.0346  0.0344  0.0369  0.0405  0.0401  0.0283  0.0291  0.0281  0.0271  0.0271  0.0263
  0.0370  0.0358  0.0354  0.0401  0.0447  0.0458  0.0295  0.0314  0.0292  0.0283  0.0277  0.0268
niter,ni,del,rscale     7    3    5.0000    1.2000
parameter  5  0.523511 ->  0.500000 qaram    1.5209
parameters
    0.1982    8.1533   -0.3278   -4.7141  -14.8142  -12.4567
   -0.8342   -1.0535   -0.0766    8.1616    6.1166   -7.3094
eta,q 0.97474 11.60576
  0.0295  0.0289  0.0274  0.0299  0.0256  0.0274  0.0275  0.0291  0.0267  0.0276  0.0265  0.0264
  0.0278  0.0274  0.0264  0.0283  0.0248  0.0262  0.0262  0.0270  0.0259  0.0261  0.0259  0.0258
  0.0267  0.0265  0.0260  0.0269  0.0249  0.0253  0.0255  0.0257  0.0254  0.0254  0.0255  0.0254
  0.0263  0.0263  0.0262  0.0260  0.0258  0.0247  0.0253  0.0253  0.0253  0.0253  0.0253  0.0253
  0.0265  0.0266  0.0271  0.0258  0.0277  0.0272  0.0257  0.0256  0.0255  0.0256  0.0253  0.0255
  0.0275  0.0276  0.0284  0.0264  0.0305  0.0320  0.0266  0.0267  0.0262  0.0263  0.0255  0.0260
  0.0291  0.0291  0.0301  0.0280  0.0343  0.0378  0.0278  0.0286  0.0271  0.0276  0.0259  0.0267
niter,ni,del,rscale     7    3    5.0000    1.2000
parameters
    0.5034    8.5852   -1.4014   -3.6943  -14.8044  -14.4675
   -0.9320   -0.7198   -0.4014    9.3962    6.2741   -8.3089
eta,q 0.97507 11.54985
  0.0287  0.0282  0.0254  0.0281  0.0289  0.0276  0.0272  0.0289  0.0265  0.0279  0.0261  0.0260
  0.0270  0.0267  0.0248  0.0267  0.0267  0.0260  0.0260  0.0268  0.0256  0.0264  0.0255  0.0253
  0.0258  0.0257  0.0248  0.0256  0.0251  0.0252  0.0252  0.0254  0.0251  0.0254  0.0251  0.0250
  0.0253  0.0252  0.0251  0.0248  0.0246  0.0246  0.0250  0.0250  0.0250  0.0250  0.0250  0.0250
  0.0253  0.0252  0.0258  0.0246  0.0250  0.0253  0.0253  0.0252  0.0252  0.0250  0.0251  0.0253
  0.0260  0.0257  0.0267  0.0253  0.0264  0.0288  0.0261  0.0263  0.0258  0.0255  0.0254  0.0259
  0.0273  0.0266  0.0277  0.0272  0.0291  0.0339  0.0273  0.0283  0.0267  0.0263  0.0260  0.0267
niter,ni,del,rscale     6    3    5.0000    1.2000
parameters
    0.6313    9.1046   -1.9788   -3.4785  -15.6199  -15.4746
   -1.1824   -0.4921   -0.4077   10.8252    6.0135   -9.1742
eta,q 0.97529 11.47053
  0.0280  0.0280  0.0256  0.0276  0.0282  0.0281  0.0269  0.0285  0.0264  0.0278  0.0257  0.0258
  0.0264  0.0265  0.0250  0.0264  0.0262  0.0263  0.0257  0.0264  0.0255  0.0262  0.0251  0.0251
  0.0254  0.0255  0.0247  0.0254  0.0250  0.0251  0.0250  0.0252  0.0250  0.0252  0.0248  0.0248
  0.0249  0.0249  0.0248  0.0247  0.0247  0.0247  0.0248  0.0248  0.0248  0.0248  0.0247  0.0247
  0.0251  0.0249  0.0252  0.0247  0.0253  0.0245  0.0251  0.0251  0.0250  0.0248  0.0249  0.0250
  0.0260  0.0253  0.0260  0.0256  0.0269  0.0269  0.0259  0.0261  0.0255  0.0252  0.0252  0.0256
  0.0275  0.0262  0.0270  0.0279  0.0296  0.0315  0.0271  0.0280  0.0264  0.0260  0.0259  0.0264
niter,ni,del,rscale     5    3    5.0000    1.2000
parameters
    0.7632    9.6402   -2.3726   -3.3709  -16.5360  -16.1227
   -1.5646   -0.2135   -0.2509   12.1524    5.8177   -9.8981
eta,q 0.97554 11.40218
  0.0278  0.0279  0.0256  0.0273  0.0279  0.0281  0.0265  0.0282  0.0264  0.0275  0.0255  0.0256
  0.0261  0.0264  0.0249  0.0261  0.0259  0.0263  0.0254  0.0261  0.0254  0.0260  0.0249  0.0249
  0.0251  0.0253  0.0246  0.0251  0.0248  0.0250  0.0247  0.0249  0.0248  0.0250  0.0246  0.0245
  0.0247  0.0247  0.0246  0.0245  0.0245  0.0245  0.0246  0.0245  0.0245  0.0245  0.0245  0.0245
  0.0249  0.0246  0.0249  0.0245  0.0251  0.0242  0.0249  0.0248  0.0247  0.0246  0.0246  0.0248
  0.0257  0.0250  0.0256  0.0254  0.0267  0.0262  0.0257  0.0258  0.0253  0.0250  0.0250  0.0253
  0.0272  0.0259  0.0266  0.0277  0.0293  0.0305  0.0269  0.0276  0.0262  0.0259  0.0256  0.0260
niter,ni,del,rscale     4    3    5.0000    1.2000
parameters
    0.8920   10.0955   -2.6932   -3.3296  -17.3223  -16.6001
   -1.9285    0.0147   -0.1223   13.1649    5.7374  -10.3790
eta,q 0.97564 11.34538
  0.0275  0.0276  0.0255  0.0270  0.0277  0.0280  0.0263  0.0279  0.0262  0.0273  0.0254  0.0255
  0.0259  0.0261  0.0248  0.0258  0.0258  0.0262  0.0252  0.0259  0.0252  0.0257  0.0248  0.0248
  0.0249  0.0250  0.0244  0.0249  0.0246  0.0249  0.0246  0.0248  0.0246  0.0248  0.0245  0.0244
  0.0245  0.0245  0.0244  0.0244  0.0243  0.0243  0.0244  0.0244  0.0244  0.0244  0.0244  0.0244
  0.0247  0.0244  0.0247  0.0243  0.0249  0.0241  0.0247  0.0247  0.0245  0.0245  0.0245  0.0246
  0.0255  0.0249  0.0254  0.0252  0.0265  0.0258  0.0255  0.0256  0.0251  0.0250  0.0248  0.0251
  0.0269  0.0259  0.0263  0.0276  0.0290  0.0300  0.0267  0.0275  0.0261  0.0259  0.0254  0.0257
niter,ni,del,rscale     3    3    5.0000    1.2000
parameters
    0.9972   10.4554   -2.9423   -3.3240  -17.9410  -16.9571
   -2.2217    0.1945   -0.0514   13.8757    5.7270  -10.6830
eta,q 0.97568 11.30009
  0.0272  0.0272  0.0255  0.0269  0.0277  0.0279  0.0262  0.0277  0.0261  0.0271  0.0253  0.0254
  0.0257  0.0258  0.0248  0.0258  0.0257  0.0261  0.0252  0.0258  0.0251  0.0256  0.0248  0.0248
  0.0247  0.0248  0.0244  0.0249  0.0246  0.0248  0.0245  0.0247  0.0245  0.0246  0.0244  0.0244
  0.0244  0.0243  0.0243  0.0243  0.0243  0.0243  0.0243  0.0243  0.0243  0.0243  0.0243  0.0243
  0.0246  0.0244  0.0246  0.0243  0.0248  0.0240  0.0246  0.0246  0.0245  0.0245  0.0244  0.0245
  0.0254  0.0249  0.0252  0.0252  0.0262  0.0256  0.0254  0.0256  0.0251  0.0251  0.0248  0.0250
  0.0268  0.0259  0.0261  0.0275  0.0287  0.0297  0.0265  0.0274  0.0260  0.0260  0.0253  0.0256
niter,ni,del,rscale     2    3    5.0000    1.2000
parameters
    1.0867   10.7212   -3.1263   -3.3401  -18.3902  -17.2134
   -2.4507    0.3378   -0.0163   14.3826    5.7102  -10.8616
eta,q 0.97568 11.26694
  0.0271  0.0270  0.0255  0.0269  0.0278  0.0279  0.0262  0.0276  0.0261  0.0269  0.0253  0.0254
  0.0256  0.0256  0.0248  0.0257  0.0258  0.0261  0.0252  0.0258  0.0251  0.0254  0.0247  0.0248
  0.0247  0.0247  0.0244  0.0249  0.0246  0.0249  0.0245  0.0247  0.0245  0.0246  0.0244  0.0244
  0.0243  0.0243  0.0243  0.0243  0.0243  0.0243  0.0243  0.0243  0.0243  0.0243  0.0243  0.0243
  0.0245  0.0244  0.0245  0.0243  0.0248  0.0240  0.0246  0.0246  0.0245  0.0245  0.0244  0.0245
  0.0254  0.0250  0.0251  0.0252  0.0261  0.0254  0.0253  0.0256  0.0251  0.0252  0.0247  0.0249
  0.0267  0.0260  0.0260  0.0275  0.0286  0.0295  0.0265  0.0274  0.0260  0.0261  0.0253  0.0255
niter,ni,del,rscale     1    3    5.0000    1.2000
parameters
    1.1562   10.9125   -3.2553   -3.3556  -18.7094  -17.3908
   -2.6210    0.4564    0.0105   14.7416    5.6774  -10.9893
eta,q 0.97568 11.24395
  0.0270  0.0268  0.0256  0.0268  0.0279  0.0279  0.0262  0.0276  0.0261  0.0268  0.0252  0.0254
  0.0256  0.0255  0.0249  0.0257  0.0259  0.0261  0.0252  0.0258  0.0251  0.0254  0.0247  0.0248
  0.0247  0.0247  0.0244  0.0249  0.0246  0.0249  0.0245  0.0247  0.0245  0.0245  0.0244  0.0244
  0.0243  0.0243  0.0243  0.0243  0.0243  0.0243  0.0243  0.0243  0.0243  0.0243  0.0243  0.0243
  0.0245  0.0244  0.0245  0.0243  0.0248  0.0240  0.0246  0.0246  0.0245  0.0246  0.0244  0.0245
  0.0254  0.0250  0.0251  0.0252  0.0261  0.0253  0.0253  0.0256  0.0251  0.0252  0.0247  0.0249
  0.0267  0.0261  0.0259  0.0274  0.0285  0.0293  0.0264  0.0274  0.0260  0.0262  0.0253  0.0254
registration optimization eta report
parameter search radius
    2.4000    2.4000    2.4000    8.2800   10.9503    9.5220
    7.2000    7.2000    7.2000    7.2000    7.2000    7.2000
100000*second partial in parameter space
       45.       37.       25.        4.        3.        5.
        4.        6.        3.        4.        2.        2.
  0.0270  0.0268  0.0256  0.0268  0.0279  0.0279  0.0262  0.0276  0.0261  0.0268  0.0252  0.0254
  0.0256  0.0255  0.0249  0.0257  0.0259  0.0261  0.0252  0.0258  0.0251  0.0254  0.0247  0.0248
  0.0247  0.0247  0.0244  0.0249  0.0246  0.0249  0.0245  0.0247  0.0245  0.0245  0.0244  0.0244
  0.0243  0.0243  0.0243  0.0243  0.0243  0.0243  0.0243  0.0243  0.0243  0.0243  0.0243  0.0243
  0.0245  0.0244  0.0245  0.0243  0.0248  0.0240  0.0246  0.0246  0.0245  0.0246  0.0244  0.0245
  0.0254  0.0250  0.0251  0.0252  0.0261  0.0253  0.0253  0.0256  0.0251  0.0252  0.0247  0.0249
  0.0267  0.0261  0.0259  0.0274  0.0285  0.0293  0.0264  0.0274  0.0260  0.0262  0.0253  0.0254
    1.1562   10.9125   -3.2553   -3.3556  -18.7094  -17.3908
   -2.6210    0.4564    0.0105   14.7416    5.6774  -10.9893
eta,q 0.97568 11.24395

---------------------------------------------------------------------
imgreg_4dfp /opt/freesurfer/average/711-2C_as_mni_average_305 /opt/freesurfer/average/711-2B_as_mni_average_305_mask talsrcimg_g11 none talsrcimg_to_711-2C_as_mni_average_305_t4 2311
---------------------------------------------------------------------

freesurfer imgreg_4dfp.c
/opt/freesurfer/average/711-2C_as_mni_average_305.4dfp.img
       256       256       256         1
  1.000000  1.000000  1.000000
orientation T byte_order littleendian
Reading image: /opt/freesurfer/average/711-2C_as_mni_average_305.4dfp.img
dimensions:      256       256       256
mmppix:       1.0000   -1.0000   -1.0000
center:     128.0000 -129.0000 -129.0000
/opt/freesurfer/average/711-2B_as_mni_average_305_mask.4dfp.img
       256       256       256         1
  1.000000  1.000000  1.000000
orientation T byte_order littleendian
Reading mask: /opt/freesurfer/average/711-2B_as_mni_average_305_mask.4dfp.img (2306576 pixels)
talsrcimg_g11.4dfp.img
       256       256       256         1
  1.000000  1.000000  1.000000
orientation T byte_order littleendian
Reading image: talsrcimg_g11.4dfp.img
dimensions:      256       256       256
mmppix:       1.0000   -1.0000   -1.0000
center:     128.0000 -129.0000 -129.0000
fimgreg.f
image alignment mode   2311 decimal      907 hex
parameters
    1.1562   10.9125   -3.2553   -3.3556  -18.7094  -17.3908
   -2.6210    0.4564    0.0105   14.7416    5.6774  -10.9893
eta,q 0.97568 11.24394
niter,ni,del,rscale     5    3    5.0000    0.8000
parameters
    1.2140   11.0528   -3.3135   -2.2197  -19.1108  -15.5185
   -2.3792    0.8703    0.2611   15.4546    6.0811  -11.1559
eta,q 0.97605 11.36552
  0.0255  0.0254  0.0249  0.0255  0.0248  0.0254  0.0251  0.0262  0.0249  0.0253  0.0247  0.0245
  0.0249  0.0249  0.0246  0.0250  0.0244  0.0248  0.0245  0.0251  0.0244  0.0246  0.0243  0.0242
  0.0245  0.0245  0.0244  0.0246  0.0242  0.0244  0.0242  0.0243  0.0241  0.0242  0.0241  0.0240
  0.0243  0.0243  0.0243  0.0243  0.0242  0.0242  0.0240  0.0240  0.0240  0.0240  0.0240  0.0240
  0.0244  0.0244  0.0244  0.0242  0.0243  0.0240  0.0241  0.0241  0.0241  0.0240  0.0240  0.0240
  0.0248  0.0246  0.0246  0.0243  0.0246  0.0239  0.0244  0.0247  0.0243  0.0242  0.0242  0.0242
  0.0254  0.0251  0.0250  0.0248  0.0250  0.0244  0.0249  0.0256  0.0247  0.0247  0.0245  0.0245
niter,ni,del,rscale     4    3    5.0000    0.7000
parameters
    1.1859   11.0322   -3.2440   -2.4127  -19.0134  -15.5535
   -2.4276    0.7609    0.1554   15.4581    6.1713  -11.1942
eta,q 0.97604 11.36341
  0.0249  0.0247  0.0246  0.0248  0.0245  0.0247  0.0247  0.0254  0.0246  0.0247  0.0245  0.0244
  0.0244  0.0243  0.0242  0.0244  0.0242  0.0244  0.0243  0.0246  0.0242  0.0243  0.0242  0.0241
  0.0241  0.0240  0.0240  0.0241  0.0240  0.0242  0.0240  0.0241  0.0240  0.0240  0.0240  0.0240
  0.0240  0.0239  0.0240  0.0240  0.0240  0.0240  0.0240  0.0240  0.0240  0.0240  0.0240  0.0240
  0.0241  0.0240  0.0240  0.0240  0.0240  0.0239  0.0241  0.0242  0.0240  0.0240  0.0240  0.0240
  0.0244  0.0243  0.0242  0.0244  0.0242  0.0242  0.0243  0.0247  0.0243  0.0243  0.0242  0.0242
  0.0250  0.0247  0.0244  0.0250  0.0244  0.0250  0.0248  0.0255  0.0246  0.0247  0.0244  0.0244
niter,ni,del,rscale     3    3    5.0000    0.6000
parameters
    1.1747   11.0156   -3.2636   -2.3421  -19.0475  -15.3020
   -2.3475    0.7437    0.1313   15.4866    6.2365  -11.2450
eta,q 0.97608 11.37560
  0.0247  0.0245  0.0244  0.0246  0.0243  0.0246  0.0245  0.0251  0.0244  0.0245  0.0243  0.0242
  0.0243  0.0242  0.0241  0.0243  0.0241  0.0243  0.0242  0.0244  0.0241  0.0242  0.0241  0.0241
  0.0240  0.0240  0.0240  0.0241  0.0240  0.0242  0.0240  0.0240  0.0240  0.0240  0.0240  0.0240
  0.0240  0.0240  0.0240  0.0240  0.0240  0.0240  0.0239  0.0239  0.0239  0.0239  0.0239  0.0239
  0.0241  0.0240  0.0240  0.0240  0.0240  0.0239  0.0240  0.0241  0.0240  0.0240  0.0240  0.0240
  0.0243  0.0242  0.0242  0.0242  0.0241  0.0240  0.0242  0.0245  0.0241  0.0242  0.0241  0.0241
  0.0247  0.0245  0.0244  0.0246  0.0243  0.0246  0.0245  0.0251  0.0244  0.0245  0.0243  0.0242
niter,ni,del,rscale     2    3    5.0000    0.5000
parameters
    1.1635   11.0135   -3.2175   -2.3299  -19.0820  -14.9667
   -2.3176    0.7166    0.1123   15.5237    6.2786  -11.2852
eta,q 0.97612 11.39019
  0.0244  0.0243  0.0242  0.0244  0.0242  0.0244  0.0243  0.0247  0.0242  0.0243  0.0242  0.0241
  0.0241  0.0241  0.0241  0.0242  0.0240  0.0242  0.0241  0.0243  0.0240  0.0241  0.0240  0.0240
  0.0240  0.0240  0.0240  0.0240  0.0239  0.0241  0.0239  0.0240  0.0239  0.0239  0.0239  0.0239
  0.0239  0.0239  0.0239  0.0239  0.0239  0.0239  0.0239  0.0239  0.0239  0.0239  0.0239  0.0239
  0.0240  0.0240  0.0239  0.0240  0.0240  0.0238  0.0239  0.0240  0.0239  0.0239  0.0239  0.0239
  0.0242  0.0241  0.0240  0.0241  0.0240  0.0240  0.0241  0.0243  0.0240  0.0241  0.0240  0.0240
  0.0244  0.0243  0.0242  0.0244  0.0242  0.0244  0.0243  0.0247  0.0242  0.0243  0.0241  0.0241
niter,ni,del,rscale     1    3    5.0000    0.4000
parameters
    1.1538   11.0161   -3.1429   -2.3784  -19.1405  -14.5791
   -2.3037    0.6929    0.1194   15.5331    6.3087  -11.3768
eta,q 0.97616 11.40360
  0.0242  0.0241  0.0241  0.0242  0.0240  0.0243  0.0241  0.0244  0.0241  0.0241  0.0240  0.0240
  0.0240  0.0240  0.0240  0.0240  0.0239  0.0241  0.0240  0.0241  0.0239  0.0240  0.0239  0.0239
  0.0239  0.0239  0.0239  0.0239  0.0239  0.0240  0.0239  0.0239  0.0239  0.0239  0.0239  0.0238
  0.0239  0.0239  0.0239  0.0239  0.0239  0.0239  0.0238  0.0238  0.0238  0.0238  0.0238  0.0238
  0.0239  0.0239  0.0239  0.0239  0.0239  0.0238  0.0239  0.0239  0.0239  0.0239  0.0239  0.0239
  0.0240  0.0240  0.0239  0.0240  0.0240  0.0239  0.0240  0.0241  0.0239  0.0240  0.0239  0.0239
  0.0242  0.0241  0.0240  0.0242  0.0240  0.0242  0.0241  0.0244  0.0240  0.0241  0.0240  0.0240
registration optimization eta report
parameter search radius
    0.8000    0.8000    0.8000    2.4000    2.4000    2.4000
    2.4000    2.4000    2.4000    2.4000    2.4000    2.4000
100000*second partial in parameter space
       52.       37.       31.        6.        3.        6.
        5.       10.        4.        5.        3.        3.
  0.0242  0.0241  0.0241  0.0242  0.0240  0.0243  0.0241  0.0244  0.0241  0.0241  0.0240  0.0240
  0.0240  0.0240  0.0240  0.0240  0.0239  0.0241  0.0240  0.0241  0.0239  0.0240  0.0239  0.0239
  0.0239  0.0239  0.0239  0.0239  0.0239  0.0240  0.0239  0.0239  0.0239  0.0239  0.0239  0.0238
  0.0239  0.0239  0.0239  0.0239  0.0239  0.0239  0.0238  0.0238  0.0238  0.0238  0.0238  0.0238
  0.0239  0.0239  0.0239  0.0239  0.0239  0.0238  0.0239  0.0239  0.0239  0.0239  0.0239  0.0239
  0.0240  0.0240  0.0239  0.0240  0.0240  0.0239  0.0240  0.0241  0.0239  0.0240  0.0239  0.0239
  0.0242  0.0241  0.0240  0.0242  0.0240  0.0242  0.0241  0.0244  0.0240  0.0241  0.0240  0.0240
    1.1538   11.0161   -3.1429   -2.3784  -19.1405  -14.5791
   -2.3037    0.6929    0.1194   15.5331    6.3087  -11.3768
eta,q 0.97616 11.40360

---------------------------------------------------------------------
imgreg_4dfp /opt/freesurfer/average/711-2C_as_mni_average_305 /opt/freesurfer/average/711-2B_as_mni_average_305_mask talsrcimg_g11 none talsrcimg_to_711-2C_as_mni_average_305_t4 2311
---------------------------------------------------------------------

freesurfer imgreg_4dfp.c
/opt/freesurfer/average/711-2C_as_mni_average_305.4dfp.img
       256       256       256         1
  1.000000  1.000000  1.000000
orientation T byte_order littleendian
Reading image: /opt/freesurfer/average/711-2C_as_mni_average_305.4dfp.img
dimensions:      256       256       256
mmppix:       1.0000   -1.0000   -1.0000
center:     128.0000 -129.0000 -129.0000
/opt/freesurfer/average/711-2B_as_mni_average_305_mask.4dfp.img
       256       256       256         1
  1.000000  1.000000  1.000000
orientation T byte_order littleendian
Reading mask: /opt/freesurfer/average/711-2B_as_mni_average_305_mask.4dfp.img (2306576 pixels)
talsrcimg_g11.4dfp.img
       256       256       256         1
  1.000000  1.000000  1.000000
orientation T byte_order littleendian
Reading image: talsrcimg_g11.4dfp.img
dimensions:      256       256       256
mmppix:       1.0000   -1.0000   -1.0000
center:     128.0000 -129.0000 -129.0000
fimgreg.f
image alignment mode   2311 decimal      907 hex
parameters
    1.1538   11.0161   -3.1429   -2.3784  -19.1405  -14.5791
   -2.3037    0.6929    0.1194   15.5331    6.3087  -11.3768
eta,q 0.97616 11.40359
niter,ni,del,rscale     5    3    5.0000    0.8000
parameters
    1.1381   11.0070   -2.9962   -2.7751  -18.8921  -15.2881
   -2.3385    0.6143    0.1094   15.4155    6.2337  -11.1429
eta,q 0.97604 11.37125
  0.0251  0.0248  0.0248  0.0249  0.0246  0.0248  0.0249  0.0258  0.0248  0.0249  0.0245  0.0246
  0.0244  0.0243  0.0243  0.0243  0.0242  0.0244  0.0244  0.0248  0.0243  0.0244  0.0242  0.0242
  0.0240  0.0239  0.0240  0.0240  0.0239  0.0241  0.0241  0.0241  0.0240  0.0241  0.0240  0.0240
  0.0238  0.0238  0.0238  0.0238  0.0238  0.0238  0.0240  0.0240  0.0240  0.0240  0.0240  0.0240
  0.0240  0.0239  0.0239  0.0240  0.0239  0.0239  0.0241  0.0242  0.0241  0.0241  0.0240  0.0240
  0.0245  0.0243  0.0241  0.0245  0.0241  0.0247  0.0244  0.0248  0.0243  0.0244  0.0242  0.0242
  0.0252  0.0248  0.0245  0.0254  0.0244  0.0261  0.0250  0.0259  0.0248  0.0250  0.0246  0.0244
niter,ni,del,rscale     4    3    5.0000    0.7000
parameters
    1.1467   10.9568   -3.1934   -2.5019  -18.8413  -15.4660
   -2.3023    0.6639    0.1072   15.3525    6.2450  -11.1599
eta,q 0.97605 11.37314
  0.0249  0.0246  0.0244  0.0249  0.0244  0.0247  0.0247  0.0255  0.0246  0.0247  0.0244  0.0244
  0.0244  0.0242  0.0241  0.0245  0.0241  0.0244  0.0243  0.0247  0.0242  0.0243  0.0242  0.0241
  0.0241  0.0240  0.0240  0.0241  0.0240  0.0242  0.0241  0.0241  0.0240  0.0240  0.0240  0.0240
  0.0240  0.0240  0.0240  0.0239  0.0239  0.0239  0.0240  0.0240  0.0240  0.0240  0.0240  0.0240
  0.0241  0.0241  0.0241  0.0240  0.0240  0.0239  0.0240  0.0241  0.0240  0.0240  0.0240  0.0240
  0.0244  0.0243  0.0243  0.0242  0.0241  0.0242  0.0243  0.0246  0.0242  0.0243  0.0242  0.0241
  0.0249  0.0247  0.0246  0.0248  0.0244  0.0252  0.0247  0.0254  0.0246  0.0247  0.0244  0.0244
niter,ni,del,rscale     3    3    5.0000    0.6000
parameters
    1.1428   10.9572   -3.2282   -2.3465  -18.9015  -15.2674
   -2.2926    0.6751    0.1102   15.3956    6.2810  -11.2089
eta,q 0.97608 11.38488
  0.0247  0.0245  0.0243  0.0247  0.0243  0.0246  0.0245  0.0251  0.0244  0.0245  0.0243  0.0242
  0.0243  0.0242  0.0241  0.0243  0.0241  0.0243  0.0242  0.0245  0.0241  0.0242  0.0241  0.0241
  0.0240  0.0240  0.0240  0.0241  0.0240  0.0241  0.0240  0.0240  0.0240  0.0240  0.0240  0.0240
  0.0240  0.0240  0.0240  0.0240  0.0239  0.0239  0.0239  0.0239  0.0239  0.0239  0.0239  0.0239
  0.0240  0.0240  0.0240  0.0240  0.0240  0.0238  0.0240  0.0241  0.0240  0.0240  0.0240  0.0240
  0.0243  0.0242  0.0242  0.0242  0.0241  0.0240  0.0242  0.0244  0.0241  0.0242  0.0241  0.0241
  0.0247  0.0245  0.0244  0.0246  0.0243  0.0246  0.0245  0.0251  0.0244  0.0245  0.0243  0.0242
niter,ni,del,rscale     2    3    5.0000    0.5000
parameters
    1.1387   10.9699   -3.1952   -2.3397  -18.9916  -14.9332
   -2.2700    0.6681    0.1104   15.4501    6.3048  -11.2745
eta,q 0.97612 11.39609
  0.0244  0.0243  0.0242  0.0244  0.0242  0.0244  0.0243  0.0247  0.0242  0.0243  0.0242  0.0241
  0.0241  0.0241  0.0241  0.0242  0.0240  0.0242  0.0241  0.0243  0.0240  0.0241  0.0240  0.0240
  0.0240  0.0240  0.0240  0.0240  0.0239  0.0241  0.0239  0.0240  0.0239  0.0239  0.0239  0.0239
  0.0239  0.0239  0.0239  0.0239  0.0239  0.0239  0.0239  0.0239  0.0239  0.0239  0.0239  0.0239
  0.0240  0.0240  0.0239  0.0240  0.0240  0.0238  0.0239  0.0240  0.0239  0.0239  0.0239  0.0239
  0.0242  0.0241  0.0240  0.0241  0.0240  0.0239  0.0241  0.0243  0.0240  0.0240  0.0240  0.0240
  0.0244  0.0243  0.0242  0.0244  0.0242  0.0244  0.0243  0.0247  0.0242  0.0243  0.0241  0.0241
niter,ni,del,rscale     1    3    5.0000    0.4000
parameters
    1.1374   10.9816   -3.1220   -2.3785  -19.0510  -14.5614
   -2.2702    0.6576    0.1270   15.4874    6.3445  -11.3455
eta,q 0.97616 11.40935
  0.0242  0.0241  0.0241  0.0242  0.0240  0.0243  0.0241  0.0244  0.0241  0.0241  0.0240  0.0240
  0.0240  0.0240  0.0240  0.0240  0.0239  0.0241  0.0240  0.0241  0.0239  0.0240  0.0239  0.0239
  0.0239  0.0239  0.0239  0.0239  0.0239  0.0240  0.0239  0.0239  0.0239  0.0239  0.0239  0.0238
  0.0239  0.0239  0.0239  0.0239  0.0239  0.0239  0.0238  0.0238  0.0238  0.0238  0.0238  0.0238
  0.0239  0.0239  0.0239  0.0239  0.0239  0.0238  0.0239  0.0239  0.0239  0.0239  0.0239  0.0239
  0.0240  0.0240  0.0239  0.0240  0.0240  0.0239  0.0240  0.0241  0.0239  0.0240  0.0239  0.0239
  0.0242  0.0241  0.0240  0.0242  0.0240  0.0242  0.0241  0.0244  0.0240  0.0241  0.0240  0.0240
registration optimization eta report
parameter search radius
    0.8000    0.8000    0.8000    2.4000    2.4000    2.4000
    2.4000    2.4000    2.4000    2.4000    2.4000    2.4000
100000*second partial in parameter space
       52.       37.       31.        6.        3.        6.
        5.       10.        4.        5.        3.        3.
  0.0242  0.0241  0.0241  0.0242  0.0240  0.0243  0.0241  0.0244  0.0241  0.0241  0.0240  0.0240
  0.0240  0.0240  0.0240  0.0240  0.0239  0.0241  0.0240  0.0241  0.0239  0.0240  0.0239  0.0239
  0.0239  0.0239  0.0239  0.0239  0.0239  0.0240  0.0239  0.0239  0.0239  0.0239  0.0239  0.0238
  0.0239  0.0239  0.0239  0.0239  0.0239  0.0239  0.0238  0.0238  0.0238  0.0238  0.0238  0.0238
  0.0239  0.0239  0.0239  0.0239  0.0239  0.0238  0.0239  0.0239  0.0239  0.0239  0.0239  0.0239
  0.0240  0.0240  0.0239  0.0240  0.0240  0.0239  0.0240  0.0241  0.0239  0.0240  0.0239  0.0239
  0.0242  0.0241  0.0240  0.0242  0.0240  0.0242  0.0241  0.0244  0.0240  0.0241  0.0240  0.0240
    1.1374   10.9816   -3.1220   -2.3785  -19.0510  -14.5614
   -2.2702    0.6576    0.1270   15.4874    6.3445  -11.3455
eta,q 0.97616 11.40935

---------------------------------------------------------------------
compute_vox2vox talsrcimg talsrcimg_to_711-2C_as_mni_average_305_t4 /opt/freesurfer/average/711-2C_as_mni_average_305
---------------------------------------------------------------------

freesurfer compute_vox2vox.c
Reading: talsrcimg.4dfp.ifh
Reading: talsrcimg_to_711-2C_as_mni_average_305_t4
Reading: /opt/freesurfer/average/711-2C_as_mni_average_305.4dfp.ifh
Writing: talsrcimg_to_711-2C_as_mni_average_305_t4_vox2vox.txt

start time Sat Mar 14 00:24:47 CET 2026
end		time Sat Mar 14 00:26:18 CET 2026

mpr2mni305 success

avi2talxfm orig_nu.mgz /opt/freesurfer/average/mni305.cor.mgz talsrcimg_to_711-2C_as_mni_average_305_t4_vox2vox.txt transforms/talairach.auto.xfm
avi2talxfm done
mv -f /out/sourcedata/freesurfer/sub-v2s8x29191_ses-1/mri/talsrcimg_to_711-2C_as_mni_average_305_t4_vox2vox.txt /out/sourcedata/freesurfer/sub-v2s8x29191_ses-1/mri/transforms/talsrcimg_to_711-2C_as_mni_average_305_t4_vox2vox.txt
lta_convert --src orig_nu.mgz --trg /opt/freesurfer/average/mni305.cor.mgz --inxfm transforms/talairach.auto.xfm --outlta transforms/talairach.auto.xfm.lta --subject fsaverage
7.3.2

--src: orig_nu.mgz src image (geometry).
--trg: /opt/freesurfer/average/mni305.cor.mgz trg image (geometry).
--inmni: transforms/talairach.auto.xfm input MNI/XFM transform.
--outlta: transforms/talairach.auto.xfm.lta output LTA.
--s: fsaverage subject name
 LTA read, type : 1
 1.02516  -0.01278   0.02696  -38.53168;
-0.07445   1.14236   0.15802   0.40019;
 0.01264  -0.21854   1.20507  -15.00887;
 0.00000   0.00000   0.00000   1.00000;
setting subject to fsaverage
Writing  LTA to file transforms/talairach.auto.xfm.lta...
lta_convert successful.
 
 
Started at Sat Mar 14 00:24:46 CET 2026
Ended   at Sat Mar 14 00:26:19 CET 2026
talairach_avi done
