status file for recon-all
Sat Mar 14 02:10:58 CET 2026
#@# Tessellate rh Sat Mar 14 02:10:58 CET 2026
#@# Smooth1 rh Sat Mar 14 02:11:02 CET 2026
#@# Inflation1 rh Sat Mar 14 02:11:05 CET 2026
#@# QSphere rh Sat Mar 14 02:11:19 CET 2026
#@# Fix Topology rh Sat Mar 14 02:12:18 CET 2026
#@# Smooth2 rh Sat Mar 14 02:28:09 CET 2026
#@# Inflation2 rh Sat Mar 14 02:28:12 CET 2026
#@# Curv .H and .K rh Sat Mar 14 02:28:26 CET 2026
#@# Sphere rh Sat Mar 14 02:29:14 CET 2026
#@# Surf Reg rh Sat Mar 14 02:36:16 CET 2026
#@# Jacobian white rh Sat Mar 14 02:42:57 CET 2026
#@# AvgCurv rh Sat Mar 14 02:42:58 CET 2026
#@# Cortical Parc rh Sat Mar 14 02:42:59 CET 2026
#@# white curv rh Sat Mar 14 02:49:25 CET 2026
#@# white area rh Sat Mar 14 02:49:27 CET 2026
#@# pial curv rh Sat Mar 14 02:49:28 CET 2026
#@# pial area rh Sat Mar 14 02:49:30 CET 2026
#@# thickness rh Sat Mar 14 02:49:30 CET 2026
#@# area and vertex vol rh Sat Mar 14 02:50:01 CET 2026
#@# Curvature Stats rh Sat Mar 14 02:50:02 CET 2026
#@# Cortical Parc 2 rh Sat Mar 14 02:50:05 CET 2026
#@# Cortical Parc 3 rh Sat Mar 14 02:50:18 CET 2026
#@# WM/GM Contrast rh Sat Mar 14 02:50:28 CET 2026
recon-all -s sub-v2s8x29179_ses-1 finished without error at Sat Mar 14 02:50:32 CET 2026



#New# invocation of recon-all 



status file for recon-all
Sat Mar 14 03:00:36 CET 2026
#@# white curv rh Sat Mar 14 03:00:36 CET 2026
#@# white area rh Sat Mar 14 03:00:36 CET 2026
#@# pial curv rh Sat Mar 14 03:00:36 CET 2026
#@# pial area rh Sat Mar 14 03:00:36 CET 2026
#@# thickness rh Sat Mar 14 03:00:36 CET 2026
#@# area and vertex vol rh Sat Mar 14 03:00:36 CET 2026
#@# Parcellation Stats rh Sat Mar 14 03:00:36 CET 2026
#@# Parcellation Stats 2 rh Sat Mar 14 03:00:54 CET 2026
#@# Parcellation Stats 3 rh Sat Mar 14 03:01:04 CET 2026
#@# BA_exvivo Labels rh Sat Mar 14 03:01:13 CET 2026
recon-all -s sub-v2s8x29179_ses-1 finished without error at Sat Mar 14 03:03:49 CET 2026
