status file for recon-all
Sat Mar 14 01:01:25 CET 2026
#@# MotionCor Sat Mar 14 01:01:27 CET 2026
#@# Talairach Sat Mar 14 01:01:36 CET 2026
#@# Talairach Failure Detection Sat Mar 14 01:06:01 CET 2026
#@# Nu Intensity Correction Sat Mar 14 01:06:01 CET 2026
#@# Intensity Normalization Sat Mar 14 01:09:19 CET 2026
recon-all -s sub-v2s8x29206_ses-1 finished without error at Sat Mar 14 01:10:39 CET 2026



#New# invocation of recon-all 



status file for recon-all
Sat Mar 14 01:17:59 CET 2026
#@# EM Registration Sat Mar 14 01:17:59 CET 2026
recon-all -s sub-v2s8x29206_ses-1 finished without error at Sat Mar 14 01:21:25 CET 2026



#New# invocation of recon-all 



status file for recon-all
Sat Mar 14 01:21:27 CET 2026
#@# CA Normalize Sat Mar 14 01:21:27 CET 2026
#@# CA Reg Sat Mar 14 01:22:48 CET 2026
#@# SubCort Seg Sat Mar 14 02:18:17 CET 2026
#@# CC Seg Sat Mar 14 02:47:41 CET 2026
#@# Merge ASeg Sat Mar 14 02:48:36 CET 2026
#@# Intensity Normalization2 Sat Mar 14 02:48:36 CET 2026
#@# Mask BFS Sat Mar 14 02:50:52 CET 2026
#@# WM Segmentation Sat Mar 14 02:50:52 CET 2026
#@# Fill Sat Mar 14 02:52:43 CET 2026
recon-all -s sub-v2s8x29206_ses-1 finished without error at Sat Mar 14 02:53:43 CET 2026



#New# invocation of recon-all 



status file for recon-all
Sat Mar 14 03:42:21 CET 2026
#@# white curv lh Sat Mar 14 03:42:21 CET 2026
#@# white area lh Sat Mar 14 03:42:21 CET 2026
#@# pial curv lh Sat Mar 14 03:42:21 CET 2026
#@# pial area lh Sat Mar 14 03:42:21 CET 2026
#@# thickness lh Sat Mar 14 03:42:21 CET 2026
#@# area and vertex vol lh Sat Mar 14 03:42:21 CET 2026
#@# white curv rh Sat Mar 14 03:42:21 CET 2026
#@# white area rh Sat Mar 14 03:42:21 CET 2026
#@# pial curv rh Sat Mar 14 03:42:21 CET 2026
#@# pial area rh Sat Mar 14 03:42:21 CET 2026
#@# thickness rh Sat Mar 14 03:42:22 CET 2026
#@# area and vertex vol rh Sat Mar 14 03:42:22 CET 2026
#@# Cortical ribbon mask Sat Mar 14 03:42:22 CET 2026
recon-all -s sub-v2s8x29206_ses-1 finished without error at Sat Mar 14 03:46:57 CET 2026



#New# invocation of recon-all 



status file for recon-all
Sat Mar 14 03:53:55 CET 2026
#@# white curv lh Sat Mar 14 03:53:55 CET 2026
#@# white area lh Sat Mar 14 03:53:55 CET 2026
#@# pial curv lh Sat Mar 14 03:53:55 CET 2026
#@# pial area lh Sat Mar 14 03:53:55 CET 2026
#@# thickness lh Sat Mar 14 03:53:55 CET 2026
#@# area and vertex vol lh Sat Mar 14 03:53:55 CET 2026
#@# white curv rh Sat Mar 14 03:53:55 CET 2026
#@# white area rh Sat Mar 14 03:53:55 CET 2026
#@# pial curv rh Sat Mar 14 03:53:55 CET 2026
#@# pial area rh Sat Mar 14 03:53:55 CET 2026
#@# thickness rh Sat Mar 14 03:53:55 CET 2026
#@# area and vertex vol rh Sat Mar 14 03:53:55 CET 2026
#@# Curvature Stats lh Sat Mar 14 03:53:55 CET 2026
#@# Curvature Stats rh Sat Mar 14 03:53:58 CET 2026
#@# Relabel Hypointensities Sat Mar 14 03:54:01 CET 2026
#@# APas-to-ASeg Sat Mar 14 03:54:17 CET 2026
#@# AParc-to-ASeg aparc Sat Mar 14 03:54:26 CET 2026
#@# AParc-to-ASeg aparc.a2009s Sat Mar 14 03:55:05 CET 2026
#@# AParc-to-ASeg aparc.DKTatlas Sat Mar 14 03:55:45 CET 2026
#@# WMParc Sat Mar 14 03:56:26 CET 2026
#@# ASeg Stats Sat Mar 14 04:01:12 CET 2026
recon-all -s sub-v2s8x29206_ses-1 finished without error at Sat Mar 14 04:01:53 CET 2026
