status file for recon-all
Sat Mar 14 02:53:49 CET 2026
#@# Tessellate lh Sat Mar 14 02:53:49 CET 2026
#@# Smooth1 lh Sat Mar 14 02:53:53 CET 2026
#@# Inflation1 lh Sat Mar 14 02:53:55 CET 2026
#@# QSphere lh Sat Mar 14 02:54:12 CET 2026
#@# Fix Topology lh Sat Mar 14 02:55:32 CET 2026
#@# Smooth2 lh Sat Mar 14 03:01:33 CET 2026
#@# Inflation2 lh Sat Mar 14 03:01:36 CET 2026
#@# Curv .H and .K lh Sat Mar 14 03:01:50 CET 2026
#@# Sphere lh Sat Mar 14 03:02:34 CET 2026
#@# Surf Reg lh Sat Mar 14 03:05:59 CET 2026
#@# Jacobian white lh Sat Mar 14 03:10:24 CET 2026
#@# AvgCurv lh Sat Mar 14 03:10:25 CET 2026
#@# Cortical Parc lh Sat Mar 14 03:10:26 CET 2026
#@# white curv lh Sat Mar 14 03:17:03 CET 2026
#@# white area lh Sat Mar 14 03:17:05 CET 2026
#@# pial curv lh Sat Mar 14 03:17:06 CET 2026
#@# pial area lh Sat Mar 14 03:17:07 CET 2026
#@# thickness lh Sat Mar 14 03:17:08 CET 2026
#@# area and vertex vol lh Sat Mar 14 03:17:39 CET 2026
#@# Curvature Stats lh Sat Mar 14 03:17:40 CET 2026
#@# Cortical Parc 2 lh Sat Mar 14 03:17:43 CET 2026
#@# Cortical Parc 3 lh Sat Mar 14 03:17:57 CET 2026
#@# WM/GM Contrast lh Sat Mar 14 03:18:07 CET 2026
recon-all -s sub-v2s8x29206_ses-1 finished without error at Sat Mar 14 03:18:12 CET 2026



#New# invocation of recon-all 



status file for recon-all
Sat Mar 14 03:47:01 CET 2026
#@# white curv lh Sat Mar 14 03:47:02 CET 2026
#@# white area lh Sat Mar 14 03:47:02 CET 2026
#@# pial curv lh Sat Mar 14 03:47:02 CET 2026
#@# pial area lh Sat Mar 14 03:47:02 CET 2026
#@# thickness lh Sat Mar 14 03:47:02 CET 2026
#@# area and vertex vol lh Sat Mar 14 03:47:02 CET 2026
#@# Parcellation Stats lh Sat Mar 14 03:47:02 CET 2026
#@# Parcellation Stats 2 lh Sat Mar 14 03:47:20 CET 2026
#@# Parcellation Stats 3 lh Sat Mar 14 03:47:30 CET 2026
#@# BA_exvivo Labels lh Sat Mar 14 03:47:39 CET 2026
recon-all -s sub-v2s8x29206_ses-1 finished without error at Sat Mar 14 03:50:30 CET 2026
