status file for recon-all
Sat Mar 14 04:03:15 CET 2026
#@# Tessellate rh Sat Mar 14 04:03:15 CET 2026
#@# Smooth1 rh Sat Mar 14 04:03:18 CET 2026
#@# Inflation1 rh Sat Mar 14 04:03:21 CET 2026
#@# QSphere rh Sat Mar 14 04:03:35 CET 2026
#@# Fix Topology rh Sat Mar 14 04:04:53 CET 2026
#@# Smooth2 rh Sat Mar 14 04:12:54 CET 2026
#@# Inflation2 rh Sat Mar 14 04:12:57 CET 2026
#@# Curv .H and .K rh Sat Mar 14 04:13:12 CET 2026
#@# Sphere rh Sat Mar 14 04:13:57 CET 2026
#@# Surf Reg rh Sat Mar 14 04:16:47 CET 2026
#@# Jacobian white rh Sat Mar 14 04:20:50 CET 2026
#@# AvgCurv rh Sat Mar 14 04:20:51 CET 2026
#@# Cortical Parc rh Sat Mar 14 04:20:52 CET 2026
#@# white curv rh Sat Mar 14 04:27:22 CET 2026
#@# white area rh Sat Mar 14 04:27:24 CET 2026
#@# pial curv rh Sat Mar 14 04:27:25 CET 2026
#@# pial area rh Sat Mar 14 04:27:27 CET 2026
#@# thickness rh Sat Mar 14 04:27:27 CET 2026
#@# area and vertex vol rh Sat Mar 14 04:27:56 CET 2026
#@# Curvature Stats rh Sat Mar 14 04:27:58 CET 2026
#@# Cortical Parc 2 rh Sat Mar 14 04:28:00 CET 2026
#@# Cortical Parc 3 rh Sat Mar 14 04:28:14 CET 2026
#@# WM/GM Contrast rh Sat Mar 14 04:28:24 CET 2026
recon-all -s sub-v2s8x29222_ses-1 finished without error at Sat Mar 14 04:28:28 CET 2026



#New# invocation of recon-all 



status file for recon-all
Sat Mar 14 04:39:07 CET 2026
#@# white curv rh Sat Mar 14 04:39:07 CET 2026
#@# white area rh Sat Mar 14 04:39:07 CET 2026
#@# pial curv rh Sat Mar 14 04:39:07 CET 2026
#@# pial area rh Sat Mar 14 04:39:07 CET 2026
#@# thickness rh Sat Mar 14 04:39:07 CET 2026
#@# area and vertex vol rh Sat Mar 14 04:39:07 CET 2026
#@# Parcellation Stats rh Sat Mar 14 04:39:07 CET 2026
#@# Parcellation Stats 2 rh Sat Mar 14 04:39:26 CET 2026
#@# Parcellation Stats 3 rh Sat Mar 14 04:39:36 CET 2026
#@# BA_exvivo Labels rh Sat Mar 14 04:39:46 CET 2026
recon-all -s sub-v2s8x29222_ses-1 finished without error at Sat Mar 14 04:42:32 CET 2026
