status file for recon-all
Sat Mar 14 04:09:23 CET 2026
#@# Tessellate lh Sat Mar 14 04:09:23 CET 2026
#@# Smooth1 lh Sat Mar 14 04:09:26 CET 2026
#@# Inflation1 lh Sat Mar 14 04:09:28 CET 2026
#@# QSphere lh Sat Mar 14 04:09:44 CET 2026
#@# Fix Topology lh Sat Mar 14 04:11:15 CET 2026
#@# Smooth2 lh Sat Mar 14 04:19:08 CET 2026
#@# Inflation2 lh Sat Mar 14 04:19:11 CET 2026
#@# Curv .H and .K lh Sat Mar 14 04:19:25 CET 2026
#@# Sphere lh Sat Mar 14 04:20:05 CET 2026
#@# Surf Reg lh Sat Mar 14 04:22:19 CET 2026
#@# Jacobian white lh Sat Mar 14 04:26:21 CET 2026
#@# AvgCurv lh Sat Mar 14 04:26:22 CET 2026
#@# Cortical Parc lh Sat Mar 14 04:26:23 CET 2026
#@# white curv lh Sat Mar 14 04:32:09 CET 2026
#@# white area lh Sat Mar 14 04:32:11 CET 2026
#@# pial curv lh Sat Mar 14 04:32:12 CET 2026
#@# pial area lh Sat Mar 14 04:32:13 CET 2026
#@# thickness lh Sat Mar 14 04:32:14 CET 2026
#@# area and vertex vol lh Sat Mar 14 04:32:35 CET 2026
#@# Curvature Stats lh Sat Mar 14 04:32:37 CET 2026
#@# Cortical Parc 2 lh Sat Mar 14 04:32:39 CET 2026
#@# Cortical Parc 3 lh Sat Mar 14 04:32:50 CET 2026
#@# WM/GM Contrast lh Sat Mar 14 04:32:59 CET 2026
recon-all -s sub-v2s8x29239_ses-1 finished without error at Sat Mar 14 04:33:03 CET 2026



#New# invocation of recon-all 



status file for recon-all
Sat Mar 14 05:08:47 CET 2026
#@# white curv lh Sat Mar 14 05:08:47 CET 2026
#@# white area lh Sat Mar 14 05:08:47 CET 2026
#@# pial curv lh Sat Mar 14 05:08:47 CET 2026
#@# pial area lh Sat Mar 14 05:08:47 CET 2026
#@# thickness lh Sat Mar 14 05:08:47 CET 2026
#@# area and vertex vol lh Sat Mar 14 05:08:47 CET 2026
#@# Parcellation Stats lh Sat Mar 14 05:08:47 CET 2026
#@# Parcellation Stats 2 lh Sat Mar 14 05:09:06 CET 2026
#@# Parcellation Stats 3 lh Sat Mar 14 05:09:16 CET 2026
#@# BA_exvivo Labels lh Sat Mar 14 05:09:25 CET 2026
recon-all -s sub-v2s8x29239_ses-1 finished without error at Sat Mar 14 05:11:44 CET 2026
