/out/sourcedata/freesurfer/sub-v2s8x29188_ses-1/mri
/opt/freesurfer/bin/talairach_avi
--i orig_nu.mgz --xfm transforms/talairach.auto.xfm
talairach_avi 7.3.2
Linux dna071 5.14.0-427.37.1.el9_4.x86_64 #1 SMP PREEMPT_DYNAMIC Fri Sep 13 12:41:50 EDT 2024 x86_64 x86_64 x86_64 GNU/Linux
Sat Mar 14 00:06:32 CET 2026
mri_convert orig_nu.mgz talsrcimg.img 
reading from orig_nu.mgz...
TR=0.00, TE=0.00, TI=0.00, flip angle=0.00
i_ras = (-1, 0, 0)
j_ras = (0, 0, -1)
k_ras = (0, 1, 0)
writing to talsrcimg.img...
Analyze Output Matrix
-1.00000   0.00000   0.00000   129.66513;
 0.00000   0.00000   1.00000  -128.00000;
 0.00000  -1.00000   0.00000   130.00000;
 0.00000   0.00000   0.00000   1.00000;
--------------------
INFO: set hdr.hist.orient to -1
mpr2mni305 talsrcimg
Sat Mar 14 00:06:32 CET 2026
/opt/freesurfer/bin/mpr2mni305 talsrcimg
mpr2mni305 7.3.2
target=711-2C_as_mni_average_305

---------------------------------------------------------------------
analyzeto4dfp talsrcimg -O0 -y
---------------------------------------------------------------------

freesurfer ifh2hdr.c
Sat Mar 14 00:06:32 2026
Writing: talsrcimg.4dfp.hdr
freesurfer analyzeto4dfp.c
Reading: talsrcimg.hdr
header size 348 bytes
hdr.dime.datatype	offset=70	value=2
hdr.dime.bitpix		offset=72	value=8
hdr.hist.orient		offset=252	value=-1
dimensionality     4
dimensions       256       256       256         1
Reading: talsrcimg.img
Writing: talsrcimg.4dfp.img
Writing: talsrcimg.4dfp.ifh
ifh2hdr talsrcimg -r0to223
ori=2

---------------------------------------------------------------------
gauss_4dfp talsrcimg 1.1
---------------------------------------------------------------------

freesurfer gauss_4dfp.c
Reading: talsrcimg.4dfp.img
Writing: talsrcimg_g11.4dfp.img
image dimensions 256 256 256 padded to 288 288 288
processing volume 1freesurfer ifh2hdr.c
Sat Mar 14 00:06:34 2026
Writing: talsrcimg_g11.4dfp.hdr

Writing: talsrcimg_g11.4dfp.ifh
including: talsrcimg.4dfp.img.rec in talsrcimg_g11.4dfp.img.rec

---------------------------------------------------------------------
imgreg_4dfp /opt/freesurfer/average/711-2C_as_mni_average_305 none talsrcimg_g11 none talsrcimg_to_711-2C_as_mni_average_305_t4 4355
---------------------------------------------------------------------

freesurfer imgreg_4dfp.c
/opt/freesurfer/average/711-2C_as_mni_average_305.4dfp.img
       256       256       256         1
  1.000000  1.000000  1.000000
orientation T byte_order littleendian
Reading image: /opt/freesurfer/average/711-2C_as_mni_average_305.4dfp.img
dimensions:      256       256       256
mmppix:       1.0000   -1.0000   -1.0000
center:     128.0000 -129.0000 -129.0000
talsrcimg_g11.4dfp.img
       256       256       256         1
  1.000000  1.000000  1.000000
orientation T byte_order littleendian
Reading image: talsrcimg_g11.4dfp.img
dimensions:      256       256       256
mmppix:       1.0000   -1.0000   -1.0000
center:     128.0000 -129.0000 -129.0000
t4_read: open error in t4_sub.f l:  41 t4_file(1:l)talsrcimg_to_711-2C_as_mni_average_305_t4 
t4_read: transform initialized to I4
rotation matrix determinant  1.000000
image alignment mode   4355 decimal     1103 hex
   -7.5000  -45.0000  -45.0000 6948.8540   18.2944
    0.0000  -45.0000  -45.0000 7270.5771   18.3018
    7.5000  -45.0000  -45.0000 7022.8623   18.2936
   -7.5000  -37.5000  -45.0000 7424.1318   18.2366
    0.0000  -37.5000  -45.0000 7779.6074   18.2371
    7.5000  -37.5000  -45.0000 7492.1396   18.2257
   -7.5000  -30.0000  -45.0000 8167.7686   18.1903
    0.0000  -30.0000  -45.0000 8556.7920   18.1869
    7.5000  -30.0000  -45.0000 8240.7930   18.1728
   -7.5000  -22.5000  -45.0000 8913.1338   18.1448
    0.0000  -22.5000  -45.0000 9346.8408   18.1469
    7.5000  -22.5000  -45.0000 8998.1621   18.1336
   -7.5000  -15.0000  -45.0000 9612.7383   18.1147
    0.0000  -15.0000  -45.000010092.4658   18.1237
    7.5000  -15.0000  -45.0000 9713.0342   18.1128
   -7.5000   -7.5000  -45.000010249.1152   18.1093
    0.0000   -7.5000  -45.000010766.5938   18.1189
    7.5000   -7.5000  -45.000010341.1055   18.1102
   -7.5000    0.0000  -45.000010794.2891   18.1128
    0.0000    0.0000  -45.000011328.5303   18.1188
    7.5000    0.0000  -45.000010907.1709   18.1105
   -7.5000    7.5000  -45.000010518.1162   18.1233
    0.0000    7.5000  -45.000010990.4072   18.1230
    7.5000    7.5000  -45.000010610.6436   18.1114
   -7.5000   15.0000  -45.000010101.1982   18.1305
    0.0000   15.0000  -45.000010535.5332   18.1267
    7.5000   15.0000  -45.000010152.9385   18.1124
   -7.5000   22.5000  -45.0000 9553.1309   18.1208
    0.0000   22.5000  -45.0000 9965.5811   18.1225
    7.5000   22.5000  -45.0000 9568.5156   18.1090
   -7.5000   30.0000  -45.0000 8906.0947   17.8709
    0.0000   30.0000  -45.0000 9323.7373   17.8797
    7.5000   30.0000  -45.0000 8951.9473   17.8688
   -7.5000   37.5000  -45.0000 8568.4404   17.8680
    0.0000   37.5000  -45.0000 8969.4609   17.8775
    7.5000   37.5000  -45.0000 8598.3105   17.8690
   -7.5000   45.0000  -45.0000 7923.6763   17.4303
    0.0000   45.0000  -45.0000 8280.1904   17.4360
    7.5000   45.0000  -45.0000 7929.1377   17.4279
   -7.5000  -45.0000  -37.5000 7451.7808   18.0494
    0.0000  -45.0000  -37.5000 7819.4990   18.0599
    7.5000  -45.0000  -37.5000 7502.5752   18.0524
   -7.5000  -37.5000  -37.5000 7967.0088   17.9873
    0.0000  -37.5000  -37.5000 8363.2334   17.9961
    7.5000  -37.5000  -37.5000 8025.3750   17.9869
   -7.5000  -30.0000  -37.5000 8802.2793   17.9441
    0.0000  -30.0000  -37.5000 9223.3105   17.9525
    7.5000  -30.0000  -37.5000 8843.1875   17.9388
   -7.5000  -22.5000  -37.5000 9586.9131   17.9081
    0.0000  -22.5000  -37.500010061.5195   17.9199
    7.5000  -22.5000  -37.5000 9648.5654   17.9024
   -7.5000  -15.0000  -37.500010320.4141   17.8853
    0.0000  -15.0000  -37.500010847.6338   17.8985
    7.5000  -15.0000  -37.500010395.1953   17.8811
   -7.5000   -7.5000  -37.500010987.2295   17.8775
    0.0000   -7.5000  -37.500011522.3730   17.8885
    7.5000   -7.5000  -37.500011051.6211   17.8764
   -7.5000    0.0000  -37.500011557.3291   17.8727
    0.0000    0.0000  -37.500012102.8994   17.8819
    7.5000    0.0000  -37.500011606.9961   17.8741
   -7.5000    7.5000  -37.500011236.0996   17.8770
    0.0000    7.5000  -37.500011762.1270   17.8848
    7.5000    7.5000  -37.500011294.4609   17.8753
   -7.5000   15.0000  -37.500010788.6504   17.8860
    0.0000   15.0000  -37.500011303.6016   17.8941
    7.5000   15.0000  -37.500010858.7012   17.8801
   -7.5000   22.5000  -37.500010198.8164   17.8848
    0.0000   22.5000  -37.500010695.3887   17.8964
    7.5000   22.5000  -37.500010253.4766   17.8785
   -7.5000   30.0000  -37.5000 9533.1348   17.6446
    0.0000   30.0000  -37.5000 9989.8291   17.6576
    7.5000   30.0000  -37.5000 9574.4980   17.6403
   -7.5000   37.5000  -37.5000 9160.6279   17.6393
    0.0000   37.5000  -37.5000 9605.6270   17.6502
    7.5000   37.5000  -37.5000 9170.9570   17.6382
   -7.5000   45.0000  -37.5000 8441.3828   17.1987
    0.0000   45.0000  -37.5000 8840.8086   17.2074
    7.5000   45.0000  -37.5000 8426.7734   17.1999
   -7.5000  -45.0000  -30.0000 8109.6162   18.6257
    0.0000  -45.0000  -30.0000 8528.2285   18.6385
    7.5000  -45.0000  -30.0000 8163.7715   18.6366
   -7.5000  -37.5000  -30.0000 8706.1973   18.5542
    0.0000  -37.5000  -30.0000 9150.8213   18.5666
    7.5000  -37.5000  -30.0000 8771.0098   18.5645
   -7.5000  -30.0000  -30.0000 9613.3867   18.5092
    0.0000  -30.0000  -30.000010084.8662   18.5247
    7.5000  -30.0000  -30.0000 9661.9092   18.5193
   -7.5000  -22.5000  -30.000010473.4111   18.4813
    0.0000  -22.5000  -30.000011017.2471   18.5014
    7.5000  -22.5000  -30.000010535.7832   18.4913
   -7.5000  -15.0000  -30.000011240.4668   18.4667
    0.0000  -15.0000  -30.000011838.1572   18.4869
    7.5000  -15.0000  -30.000011306.3770   18.4758
   -7.5000   -7.5000  -30.000011934.7402   18.4578
    0.0000   -7.5000  -30.000012542.4775   18.4732
    7.5000   -7.5000  -30.000011982.3467   18.4669
   -7.5000    0.0000  -30.000012525.2607   18.4454
    0.0000    0.0000  -30.000013162.5957   18.4569
    7.5000    0.0000  -30.000012576.4834   18.4547
   -7.5000    7.5000  -30.000012159.8555   18.4415
    0.0000    7.5000  -30.000012758.2637   18.4530
    7.5000    7.5000  -30.000012207.2236   18.4505
   -7.5000   15.0000  -30.000011700.3145   18.4498
    0.0000   15.0000  -30.000012296.3867   18.4649
    7.5000   15.0000  -30.000011753.8945   18.4592
   -7.5000   22.5000  -30.000011058.7471   18.4558
    0.0000   22.5000  -30.000011624.0928   18.4756
    7.5000   22.5000  -30.000011098.4883   18.4653
   -7.5000   30.0000  -30.000010310.4023   18.2199
    0.0000   30.0000  -30.000010821.7461   18.2399
    7.5000   30.0000  -30.000010341.3906   18.2287
   -7.5000   37.5000  -30.0000 9872.3184   18.2137
    0.0000   37.5000  -30.000010358.6943   18.2289
    7.5000   37.5000  -30.0000 9882.8477   18.2226
   -7.5000   45.0000  -30.0000 9082.3496   17.7634
    0.0000   45.0000  -30.0000 9534.2119   17.7743
    7.5000   45.0000  -30.0000 9066.4951   17.7721
   -7.5000  -45.0000  -22.5000 8844.4580   19.1831
    0.0000  -45.0000  -22.5000 9315.2041   19.1959
    7.5000  -45.0000  -22.5000 8899.1182   19.2002
   -7.5000  -37.5000  -22.5000 9526.4414   19.1094
    0.0000  -37.5000  -22.5000 9998.6777   19.1173
    7.5000  -37.5000  -22.5000 9562.3438   19.1210
   -7.5000  -30.0000  -22.500010485.8779   19.0613
    0.0000  -30.0000  -22.500011007.3877   19.0710
    7.5000  -30.0000  -22.500010527.5752   19.0760
   -7.5000  -22.5000  -22.500011409.9531   19.0311
    0.0000  -22.5000  -22.500011995.9941   19.0494
    7.5000  -22.5000  -22.500011465.9355   19.0552
   -7.5000  -15.0000  -22.500012223.3086   19.0165
    0.0000  -15.0000  -22.500012859.8281   19.0403
    7.5000  -15.0000  -22.500012284.8662   19.0464
   -7.5000   -7.5000  -22.500012956.9678   19.0090
    0.0000   -7.5000  -22.500013626.2197   19.0285
    7.5000   -7.5000  -22.500013019.8604   19.0343
   -7.5000    0.0000  -22.500013577.2588   18.9984
    0.0000    0.0000  -22.500014246.2451   19.0100
    7.5000    0.0000  -22.500013625.6377   19.0138
   -7.5000    7.5000  -22.500013166.8105   18.9938
    0.0000    7.5000  -22.500013814.5352   19.0009
    7.5000    7.5000  -22.500013193.6221   19.0041
   -7.5000   15.0000  -22.500012676.2168   19.0001
    0.0000   15.0000  -22.500013316.4297   19.0094
    7.5000   15.0000  -22.500012704.7783   19.0140
   -7.5000   22.5000  -22.500011985.5205   19.0037
    0.0000   22.5000  -22.500012593.2207   19.0219
    7.5000   22.5000  -22.500012015.3359   19.0274
   -7.5000   30.0000  -22.500011131.3779   18.7653
    0.0000   30.0000  -22.500011708.4141   18.7888
    7.5000   30.0000  -22.500011171.9619   18.7948
   -7.5000   37.5000  -22.500010636.8750   18.7605
    0.0000   37.5000  -22.500011165.8594   18.7797
    7.5000   37.5000  -22.500010642.1035   18.7854
   -7.5000   45.0000  -22.5000 9780.0459   18.3108
    0.0000   45.0000  -22.500010240.4756   18.3219
    7.5000   45.0000  -22.5000 9761.5244   18.3255
   -7.5000  -45.0000  -15.0000 9635.0166   19.5881
    0.0000  -45.0000  -15.000010136.9980   19.5982
    7.5000  -45.0000  -15.0000 9673.3516   19.6035
   -7.5000  -37.5000  -15.000010360.3555   19.5211
    0.0000  -37.5000  -15.000010882.6758   19.5208
    7.5000  -37.5000  -15.000010365.7627   19.5239
   -7.5000  -30.0000  -15.000011392.7627   19.4706
    0.0000  -30.0000  -15.000011964.8408   19.4679
    7.5000  -30.0000  -15.000011398.7705   19.4759
   -7.5000  -22.5000  -15.000012345.8076   19.4292
    0.0000  -22.5000  -15.000013008.1523   19.4373
    7.5000  -22.5000  -15.000012412.5977   19.4523
   -7.5000  -15.0000  -15.000013233.3262   19.4057
    0.0000  -15.0000  -15.000013915.8135   19.4253
    7.5000  -15.0000  -15.000013284.8789   19.4427
   -7.5000   -7.5000  -15.000014060.6777   19.4005
    0.0000   -7.5000  -15.000014759.0244   19.4190
    7.5000   -7.5000  -15.000014072.2656   19.4314
   -7.5000    0.0000  -15.000014711.7021   19.4000
    0.0000    0.0000  -15.000015416.2295   19.4089
    7.5000    0.0000  -15.000014694.6934   19.4137
   -7.5000    7.5000  -15.000014218.4609   19.4035
    0.0000    7.5000  -15.000014921.6377   19.4024
    7.5000    7.5000  -15.000014209.2012   19.4052
   -7.5000   15.0000  -15.000013677.7168   19.4080
    0.0000   15.0000  -15.000014341.8750   19.4050
    7.5000   15.0000  -15.000013665.5088   19.4126
   -7.5000   22.5000  -15.000012942.2031   19.4003
    0.0000   22.5000  -15.000013577.0068   19.4083
    7.5000   22.5000  -15.000012935.2588   19.4229
   -7.5000   30.0000  -15.000012007.5898   19.1521
    0.0000   30.0000  -15.000012606.5010   19.1714
    7.5000   30.0000  -15.000012000.5742   19.1885
   -7.5000   37.5000  -15.000011454.2178   19.1496
    0.0000   37.5000  -15.000012000.2891   19.1678
    7.5000   37.5000  -15.000011456.6953   19.1801
   -7.5000   45.0000  -15.000010511.8906   18.7097
    0.0000   45.0000  -15.000010964.5107   18.7182
    7.5000   45.0000  -15.000010466.7881   18.7228
   -7.5000  -45.0000   -7.500010472.2480   19.8015
    0.0000  -45.0000   -7.500011012.3965   19.8084
    7.5000  -45.0000   -7.500010510.8008   19.8079
   -7.5000  -37.5000   -7.500011228.4766   19.7414
    0.0000  -37.5000   -7.500011787.5898   19.7370
    7.5000  -37.5000   -7.500011235.3174   19.7330
   -7.5000  -30.0000   -7.500012345.3027   19.6890
    0.0000  -30.0000   -7.500012971.7168   19.6798
    7.5000  -30.0000   -7.500012341.5088   19.6781
   -7.5000  -22.5000   -7.500013375.8867   19.6370
    0.0000  -22.5000   -7.500014093.0898   19.6374
    7.5000  -22.5000   -7.500013424.9688   19.6423
   -7.5000  -15.0000   -7.500014352.1104   19.6048
    0.0000  -15.0000   -7.500015090.9014   19.6173
    7.5000  -15.0000   -7.500014395.5420   19.6256
   -7.5000   -7.5000   -7.500015241.9805   19.6026
    0.0000   -7.5000   -7.500016002.8037   19.6159
    7.5000   -7.5000   -7.500015226.0293   19.6211
   -7.5000    0.0000   -7.500015915.4600   19.6112
    0.0000    0.0000   -7.500016693.8008   19.6168
    7.5000    0.0000   -7.500015835.6758   19.6159
   -7.5000    7.5000   -7.500015385.4717   19.6225
    0.0000    7.5000   -7.500016154.1582   19.6174
    7.5000    7.5000   -7.500015312.1104   19.6131
   -7.5000   15.0000   -7.500014758.9658   19.6260
    0.0000   15.0000   -7.500015475.1191   19.6164
    7.5000   15.0000   -7.500014677.8623   19.6144
   -7.5000   22.5000   -7.500013951.8438   19.6055
    0.0000   22.5000   -7.500014647.5859   19.6056
    7.5000   22.5000   -7.500013887.5205   19.6101
   -7.5000   30.0000   -7.500012943.0273   19.3481
    0.0000   30.0000   -7.500013604.6377   19.3604
    7.5000   30.0000   -7.500012912.1650   19.3684
   -7.5000   37.5000   -7.500012312.7480   19.3484
    0.0000   37.5000   -7.500012881.7744   19.3616
    7.5000   37.5000   -7.500012271.0049   19.3667
   -7.5000   45.0000   -7.500011292.7461   18.9161
    0.0000   45.0000   -7.500011759.9043   18.9215
    7.5000   45.0000   -7.500011208.7979   18.9206
   -7.5000  -45.0000    0.000011244.0908   19.8609
    0.0000  -45.0000    0.000011829.3223   19.8681
    7.5000  -45.0000    0.000011312.7051   19.8613
   -7.5000  -37.5000    0.000012052.8350   19.8013
    0.0000  -37.5000    0.000012636.4785   19.8011
    7.5000  -37.5000    0.000012075.4238   19.7906
   -7.5000  -30.0000    0.000013263.1465   19.7500
    0.0000  -30.0000    0.000013900.8916   19.7457
    7.5000  -30.0000    0.000013275.4346   19.7323
   -7.5000  -22.5000    0.000014389.1777   19.6977
    0.0000  -22.5000    0.000015117.8213   19.6993
    7.5000  -22.5000    0.000014430.3164   19.6871
   -7.5000  -15.0000    0.000015425.6543   19.6644
    0.0000  -15.0000    0.000016227.4775   19.6734
    7.5000  -15.0000    0.000015472.5605   19.6639
   -7.5000   -7.5000    0.000016339.6172   19.6617
    0.0000   -7.5000    0.000017174.7500   19.6714
    7.5000   -7.5000    0.000016333.2686   19.6643
   -7.5000    0.0000    0.000017065.3848   19.6696
    0.0000    0.0000    0.000017917.2012   19.6754
    7.5000    0.0000    0.000016964.1855   19.6684
   -7.5000    7.5000    0.000016512.8066   19.6819
    0.0000    7.5000    0.000017358.1289   19.6808
    7.5000    7.5000    0.000016383.0332   19.6701
   -7.5000   15.0000    0.000015815.3564   19.6870
    0.0000   15.0000    0.000016625.8379   19.6822
    7.5000   15.0000    0.000015680.3584   19.6686
   -7.5000   22.5000    0.000014953.3770   19.6660
    0.0000   22.5000    0.000015700.9678   19.6672
    7.5000   22.5000    0.000014825.7451   19.6547
   -7.5000   30.0000    0.000013884.5410   19.4074
    0.0000   30.0000    0.000014589.2734   19.4161
    7.5000   30.0000    0.000013790.3721   19.4067
   -7.5000   37.5000    0.000013178.4395   19.4074
    0.0000   37.5000    0.000013827.1074   19.4169
    7.5000   37.5000    0.000013088.3740   19.4099
   -7.5000   45.0000    0.000012066.2305   18.9726
    0.0000   45.0000    0.000012593.7803   18.9781
    7.5000   45.0000    0.000011961.3711   18.9713
   -7.5000  -45.0000    7.500011207.7598   19.8886
    0.0000  -45.0000    7.500011763.8760   19.8990
    7.5000  -45.0000    7.500011249.9629   19.8918
   -7.5000  -37.5000    7.500011999.6035   19.8213
    0.0000  -37.5000    7.500012559.8457   19.8297
    7.5000  -37.5000    7.500012006.3574   19.8204
   -7.5000  -30.0000    7.500013213.9902   19.7729
    0.0000  -30.0000    7.500013815.3535   19.7809
    7.5000  -30.0000    7.500013200.6943   19.7662
   -7.5000  -22.5000    7.500014332.9639   19.7321
    0.0000  -22.5000    7.500015012.9639   19.7435
    7.5000  -22.5000    7.500014325.1562   19.7246
   -7.5000  -15.0000    7.500015372.4746   19.7071
    0.0000  -15.0000    7.500016153.4980   19.7199
    7.5000  -15.0000    7.500015387.8936   19.7015
   -7.5000   -7.5000    7.500016298.9023   19.7003
    0.0000   -7.5000    7.500017115.4023   19.7110
    7.5000   -7.5000    7.500016291.9307   19.6988
   -7.5000    0.0000    7.500017023.6934   19.6968
    0.0000    0.0000    7.500017832.4375   19.7058
    7.5000    0.0000    7.500016891.8457   19.6984
   -7.5000    7.5000    7.500016414.2324   19.7015
    0.0000    7.5000    7.500017249.6465   19.7090
    7.5000    7.5000    7.500016249.1836   19.6993
   -7.5000   15.0000    7.500015697.7207   19.7099
    0.0000   15.0000    7.500016473.2637   19.7175
    7.5000   15.0000    7.500015509.7910   19.7025
   -7.5000   22.5000    7.500014852.6953   19.7004
    0.0000   22.5000    7.500015548.3379   19.7115
    7.5000   22.5000    7.500014647.7637   19.6923
   -7.5000   30.0000    7.500013797.7695   19.4495
    0.0000   30.0000    7.500014428.1084   19.4620
    7.5000   30.0000    7.500013606.1338   19.4438
   -7.5000   37.5000    7.500013107.0664   19.4455
    0.0000   37.5000    7.500013723.2334   19.4560
    7.5000   37.5000    7.500012950.0264   19.4439
   -7.5000   45.0000    7.500011961.2803   18.9985
    0.0000   45.0000    7.500012510.7451   19.0070
    7.5000   45.0000    7.500011822.1992   18.9998
   -7.5000  -45.0000   15.000011026.1445   19.9013
    0.0000  -45.0000   15.000011533.1582   19.9144
    7.5000  -45.0000   15.000011032.5381   19.9127
   -7.5000  -37.5000   15.000011774.9336   19.8250
    0.0000  -37.5000   15.000012297.2979   19.8376
    7.5000  -37.5000   15.000011784.5332   19.8355
   -7.5000  -30.0000   15.000012937.5205   19.7766
    0.0000  -30.0000   15.000013508.3809   19.7925
    7.5000  -30.0000   15.000012948.6279   19.7867
   -7.5000  -22.5000   15.000014033.3086   19.7467
    0.0000  -22.5000   15.000014668.5391   19.7674
    7.5000  -22.5000   15.000014058.4170   19.7566
   -7.5000  -15.0000   15.000015075.6006   19.7315
    0.0000  -15.0000   15.000015788.2598   19.7524
    7.5000  -15.0000   15.000015136.6357   19.7405
   -7.5000   -7.5000   15.000016055.8262   19.7226
    0.0000   -7.5000   15.000016910.3789   19.7384
    7.5000   -7.5000   15.000016123.4736   19.7319
   -7.5000    0.0000   15.000016859.7305   19.7096
    0.0000    0.0000   15.000017683.7656   19.7213
    7.5000    0.0000   15.000016765.8789   19.7193
   -7.5000    7.5000   15.000016233.3066   19.7051
    0.0000    7.5000   15.000016962.0039   19.7168
    7.5000    7.5000   15.000016035.6748   19.7143
   -7.5000   15.0000   15.000015492.1533   19.7135
    0.0000   15.0000   15.000016106.3643   19.7288
    7.5000   15.0000   15.000015236.9922   19.7228
   -7.5000   22.5000   15.000014609.3047   19.7153
    0.0000   22.5000   15.000015170.6250   19.7357
    7.5000   22.5000   15.000014366.0312   19.7246
   -7.5000   30.0000   15.000013579.3799   19.4736
    0.0000   30.0000   15.000014110.0859   19.4941
    7.5000   30.0000   15.000013332.9355   19.4823
   -7.5000   37.5000   15.000012901.6641   19.4675
    0.0000   37.5000   15.000013439.7256   19.4831
    7.5000   37.5000   15.000012677.5908   19.4766
   -7.5000   45.0000   15.000011728.6436   19.0115
    0.0000   45.0000   15.000012236.5928   19.0227
    7.5000   45.0000   15.000011539.4863   19.0206
   -7.5000  -45.0000   22.500010676.9883   19.9042
    0.0000  -45.0000   22.500011171.4561   19.9173
    7.5000  -45.0000   22.500010723.1865   19.9221
   -7.5000  -37.5000   22.500011393.4434   19.8273
    0.0000  -37.5000   22.500011910.8408   19.8354
    7.5000  -37.5000   22.500011444.7910   19.8396
   -7.5000  -30.0000   22.500012485.1328   19.7774
    0.0000  -30.0000   22.500013057.8115   19.7873
    7.5000  -30.0000   22.500012570.6621   19.7929
   -7.5000  -22.5000   22.500013564.8301   19.7463
    0.0000  -22.5000   22.500014161.0068   19.7652
    7.5000  -22.5000   22.500013675.1836   19.7716
   -7.5000  -15.0000   22.500014603.3926   19.7317
    0.0000  -15.0000   22.500015304.5449   19.7562
    7.5000  -15.0000   22.500014739.0381   19.7628
   -7.5000   -7.5000   22.500015623.3604   19.7240
    0.0000   -7.5000   22.500016425.2578   19.7441
    7.5000   -7.5000   22.500015750.5723   19.7504
   -7.5000    0.0000   22.500016480.2168   19.7127
    0.0000    0.0000   22.500017245.4316   19.7246
    7.5000    0.0000   22.500016509.5430   19.7288
   -7.5000    7.5000   22.500015951.3594   19.7074
    0.0000    7.5000   22.500016580.4238   19.7146
    7.5000    7.5000   22.500015768.8369   19.7184
   -7.5000   15.0000   22.500015149.7168   19.7138
    0.0000   15.0000   22.500015701.3213   19.7234
    7.5000   15.0000   22.500014873.0576   19.7286
   -7.5000   22.5000   22.500014207.6523   19.7150
    0.0000   22.5000   22.500014725.4873   19.7337
    7.5000   22.5000   22.500013916.6045   19.7397
   -7.5000   30.0000   22.500013139.9717   19.4738
    0.0000   30.0000   22.500013645.5322   19.4980
    7.5000   30.0000   22.500012873.2422   19.5044
   -7.5000   37.5000   22.500012470.7803   19.4689
    0.0000   37.5000   22.500012978.9707   19.4887
    7.5000   37.5000   22.500012253.0312   19.4949
   -7.5000   45.0000   22.500011336.1904   19.0157
    0.0000   45.0000   22.500011815.1377   19.0271
    7.5000   45.0000   22.500011149.8848   19.0311
   -7.5000  -45.0000   30.000010203.4121   19.9159
    0.0000  -45.0000   30.000010687.1123   19.9266
    7.5000  -45.0000   30.000010287.7383   19.9324
   -7.5000  -37.5000   30.000010874.9912   19.8474
    0.0000  -37.5000   30.000011382.2676   19.8475
    7.5000  -37.5000   30.000010992.9219   19.8511
   -7.5000  -30.0000   30.000011871.7490   19.7962
    0.0000  -30.0000   30.000012420.7852   19.7940
    7.5000  -30.0000   30.000012062.9932   19.8025
   -7.5000  -22.5000   30.000012912.5518   19.7544
    0.0000  -22.5000   30.000013501.9980   19.7633
    7.5000  -22.5000   30.000013110.2061   19.7790
   -7.5000  -15.0000   30.000013910.9395   19.7307
    0.0000  -15.0000   30.000014592.9912   19.7511
    7.5000  -15.0000   30.000014121.2578   19.7693
   -7.5000   -7.5000   30.000014868.8301   19.7251
    0.0000   -7.5000   30.000015620.1953   19.7444
    7.5000   -7.5000   30.000015039.9053   19.7574
   -7.5000    0.0000   30.000015681.8945   19.7241
    0.0000    0.0000   30.000016434.3262   19.7336
    7.5000    0.0000   30.000015694.9287   19.7388
   -7.5000    7.5000   30.000015145.5742   19.7274
    0.0000    7.5000   30.000015842.1885   19.7269
    7.5000    7.5000   30.000015039.0391   19.7300
   -7.5000   15.0000   30.000014343.3564   19.7324
    0.0000   15.0000   30.000015042.4229   19.7298
    7.5000   15.0000   30.000014214.3867   19.7379
   -7.5000   22.5000   30.000013409.6846   19.7229
    0.0000   22.5000   30.000014062.8516   19.7316
    7.5000   22.5000   30.000013294.9395   19.7469
   -7.5000   30.0000   30.000012427.4736   19.4729
    0.0000   30.0000   30.000013002.1113   19.4930
    7.5000   30.0000   30.000012318.6445   19.5108
   -7.5000   37.5000   30.000011820.2139   19.4699
    0.0000   37.5000   30.000012331.1318   19.4890
    7.5000   37.5000   30.000011702.3428   19.5018
   -7.5000   45.0000   30.000010758.7607   19.0273
    0.0000   45.0000   30.000011219.7314   19.0364
    7.5000   45.0000   30.000010660.5732   19.0414
   -7.5000  -45.0000   37.500010037.0654   19.9715
    0.0000  -45.0000   37.500010524.3477   19.9793
    7.5000  -45.0000   37.500010112.4824   19.9792
   -7.5000  -37.5000   37.500010671.0879   19.9107
    0.0000  -37.5000   37.500011203.5645   19.9072
    7.5000  -37.5000   37.500010793.6699   19.9035
   -7.5000  -30.0000   37.500011675.8711   19.8582
    0.0000  -30.0000   37.500012248.6426   19.8499
    7.5000  -30.0000   37.500011854.4668   19.8486
   -7.5000  -22.5000   37.500012714.2617   19.8057
    0.0000  -22.5000   37.500013338.6367   19.8072
    7.5000  -22.5000   37.500012910.1260   19.8125
   -7.5000  -15.0000   37.500013650.6836   19.7726
    0.0000  -15.0000   37.500014347.1738   19.7864
    7.5000  -15.0000   37.500013874.9111   19.7951
   -7.5000   -7.5000   37.500014545.0576   19.7698
    0.0000   -7.5000   37.500015246.3721   19.7842
    7.5000   -7.5000   37.500014722.0371   19.7898
   -7.5000    0.0000   37.500015284.8535   19.7782
    0.0000    0.0000   37.500015980.8398   19.7848
    7.5000    0.0000   37.500015382.6768   19.7842
   -7.5000    7.5000   37.500014749.5576   19.7901
    0.0000    7.5000   37.500015432.8145   19.7858
    7.5000    7.5000   37.500014810.8164   19.7818
   -7.5000   15.0000   37.500014006.1914   19.7942
    0.0000   15.0000   37.500014630.6885   19.7855
    7.5000   15.0000   37.500014001.3457   19.7839
   -7.5000   22.5000   37.500013101.5957   19.7738
    0.0000   22.5000   37.500013680.7207   19.7750
    7.5000   22.5000   37.500013105.1738   19.7800
   -7.5000   30.0000   37.500012147.1885   19.5142
    0.0000   30.0000   37.500012681.2695   19.5278
    7.5000   30.0000   37.500012148.1484   19.5363
   -7.5000   37.5000   37.500011545.9111   19.5140
    0.0000   37.5000   37.500012043.0674   19.5283
    7.5000   37.5000   37.500011490.9248   19.5338
   -7.5000   45.0000   37.500010494.4922   19.0788
    0.0000   45.0000   37.500010952.4199   19.0851
    7.5000   45.0000   37.500010451.1582   19.0845
   -7.5000  -45.0000   45.0000 9367.1426   19.9891
    0.0000  -45.0000   45.0000 9851.5439   19.9988
    7.5000  -45.0000   45.0000 9424.4609   19.9931
   -7.5000  -37.5000   45.0000 9999.7607   19.9287
    0.0000  -37.5000   45.000010500.8418   19.9308
    7.5000  -37.5000   45.000010086.8418   19.9213
   -7.5000  -30.0000   45.000010962.5176   19.8765
    0.0000  -30.0000   45.000011500.6035   19.8745
    7.5000  -30.0000   45.000011074.5342   19.8621
   -7.5000  -22.5000   45.000011873.7402   19.8231
    0.0000  -22.5000   45.000012457.7441   19.8272
    7.5000  -22.5000   45.000012039.4346   19.8161
   -7.5000  -15.0000   45.000012700.4873   19.7887
    0.0000  -15.0000   45.000013314.7529   19.8004
    7.5000  -15.0000   45.000012886.5762   19.7922
   -7.5000   -7.5000   45.000013496.5137   19.7858
    0.0000   -7.5000   45.000014116.6943   19.7982
    7.5000   -7.5000   45.000013664.7354   19.7922
   -7.5000    0.0000   45.000014165.1924   19.7940
    0.0000    0.0000   45.000014777.5225   19.8023
    7.5000    0.0000   45.000014289.5234   19.7963
   -7.5000    7.5000   45.000013700.5225   19.8069
    0.0000    7.5000   45.000014301.3857   19.8082
    7.5000    7.5000   45.000013783.1035   19.7984
   -7.5000   15.0000   45.000013056.1240   19.8123
    0.0000   15.0000   45.000013608.2158   19.8098
    7.5000   15.0000   45.000013074.9033   19.7972
   -7.5000   22.5000   45.000012236.6094   19.7907
    0.0000   22.5000   45.000012750.9023   19.7945
    7.5000   22.5000   45.000012247.7549   19.7831
   -7.5000   30.0000   45.000011348.9570   19.5284
    0.0000   30.0000   45.000011801.1025   19.5398
    7.5000   30.0000   45.000011335.7314   19.5316
   -7.5000   37.5000   45.000010780.4561   19.5281
    0.0000   37.5000   45.000011212.2490   19.5403
    7.5000   37.5000   45.000010714.5381   19.5344
   -7.5000   45.0000   45.0000 9775.6006   19.1014
    0.0000   45.0000   45.000010175.4609   19.1094
    7.5000   45.0000   45.0000 9706.8066   19.1035

---------------------------------------------------------------------
imgreg_4dfp /opt/freesurfer/average/711-2C_as_mni_average_305 /opt/freesurfer/average/711-2B_as_mni_average_305_mask talsrcimg_g11 none talsrcimg_to_711-2C_as_mni_average_305_t4 4355
---------------------------------------------------------------------

freesurfer imgreg_4dfp.c
/opt/freesurfer/average/711-2C_as_mni_average_305.4dfp.img
       256       256       256         1
  1.000000  1.000000  1.000000
orientation T byte_order littleendian
Reading image: /opt/freesurfer/average/711-2C_as_mni_average_305.4dfp.img
dimensions:      256       256       256
mmppix:       1.0000   -1.0000   -1.0000
center:     128.0000 -129.0000 -129.0000
/opt/freesurfer/average/711-2B_as_mni_average_305_mask.4dfp.img
       256       256       256         1
  1.000000  1.000000  1.000000
orientation T byte_order littleendian
Reading mask: /opt/freesurfer/average/711-2B_as_mni_average_305_mask.4dfp.img (2306576 pixels)
talsrcimg_g11.4dfp.img
       256       256       256         1
  1.000000  1.000000  1.000000
orientation T byte_order littleendian
Reading image: talsrcimg_g11.4dfp.img
dimensions:      256       256       256
mmppix:       1.0000   -1.0000   -1.0000
center:     128.0000 -129.0000 -129.0000
rotation matrix determinant  1.000000
image alignment mode   4355 decimal     1103 hex
   -7.5000  -45.0000  -45.0000 1969.5895   26.4658
    0.0000  -45.0000  -45.0000 1981.0593   26.0491
    7.5000  -45.0000  -45.0000 1980.1222   26.0762
   -7.5000  -37.5000  -45.0000 2034.9868   24.3876
    0.0000  -37.5000  -45.0000 2044.8837   24.0002
    7.5000  -37.5000  -45.0000 2039.8241   24.0441
   -7.5000  -30.0000  -45.0000 2085.2898   22.8952
    0.0000  -30.0000  -45.0000 2097.8154   22.5834
    7.5000  -30.0000  -45.0000 2093.0337   22.5959
   -7.5000  -22.5000  -45.0000 2124.2800   21.8357
    0.0000  -22.5000  -45.0000 2142.4263   21.5078
    7.5000  -22.5000  -45.0000 2138.0994   21.5686
   -7.5000  -15.0000  -45.0000 2149.0828   21.0877
    0.0000  -15.0000  -45.0000 2172.2571   20.7853
    7.5000  -15.0000  -45.0000 2167.8955   20.8745
   -7.5000   -7.5000  -45.0000 2169.6841   20.8198
    0.0000   -7.5000  -45.0000 2191.7375   20.4787
    7.5000   -7.5000  -45.0000 2185.9258   20.5545
   -7.5000    0.0000  -45.0000 2164.1287   20.8921
    0.0000    0.0000  -45.0000 2186.6926   20.5215
    7.5000    0.0000  -45.0000 2189.1448   20.5687
   -7.5000    7.5000  -45.0000 2148.4929   21.3176
    0.0000    7.5000  -45.0000 2163.9390   20.9206
    7.5000    7.5000  -45.0000 2172.5718   20.9602
   -7.5000   15.0000  -45.0000 2115.8860   22.1803
    0.0000   15.0000  -45.0000 2133.8171   21.7119
    7.5000   15.0000  -45.0000 2141.6038   21.7308
   -7.5000   22.5000  -45.0000 2072.0781   23.3300
    0.0000   22.5000  -45.0000 2094.4385   22.8781
    7.5000   22.5000  -45.0000 2095.3577   22.8495
   -7.5000   30.0000  -45.0000 2010.1057   24.9282
    0.0000   30.0000  -45.0000 2038.9659   24.4263
    7.5000   30.0000  -45.0000 2038.5051   24.4084
   -7.5000   37.5000  -45.0000 1936.8419   27.1370
    0.0000   37.5000  -45.0000 1964.4231   26.5332
    7.5000   37.5000  -45.0000 1961.3906   26.5453
   -7.5000   45.0000  -45.0000 1843.7784   30.1349
    0.0000   45.0000  -45.0000 1864.9559   29.4096
    7.5000   45.0000  -45.0000 1865.2286   29.4906
   -7.5000  -45.0000  -37.5000 2060.2295   24.1576
    0.0000  -45.0000  -37.5000 2075.9448   23.8533
    7.5000  -45.0000  -37.5000 2063.1077   23.8322
   -7.5000  -37.5000  -37.5000 2132.8306   22.2307
    0.0000  -37.5000  -37.5000 2147.6187   21.9474
    7.5000  -37.5000  -37.5000 2136.2158   21.9438
   -7.5000  -30.0000  -37.5000 2194.4136   20.8813
    0.0000  -30.0000  -37.5000 2206.6809   20.6071
    7.5000  -30.0000  -37.5000 2196.6580   20.6558
   -7.5000  -22.5000  -37.5000 2227.8462   19.9418
    0.0000  -22.5000  -37.5000 2248.1294   19.6722
    7.5000  -22.5000  -37.5000 2242.6628   19.7272
   -7.5000  -15.0000  -37.5000 2248.2244   19.3156
    0.0000  -15.0000  -37.5000 2268.2563   19.0367
    7.5000  -15.0000  -37.5000 2269.0515   19.0646
   -7.5000   -7.5000  -37.5000 2269.8171   18.9816
    0.0000   -7.5000  -37.5000 2286.0396   18.6822
    7.5000   -7.5000  -37.5000 2286.0190   18.7031
   -7.5000    0.0000  -37.5000 2271.2214   18.9976
    0.0000    0.0000  -37.5000 2287.9319   18.6617
    7.5000    0.0000  -37.5000 2289.5864   18.7278
   -7.5000    7.5000  -37.5000 2255.5649   19.3504
    0.0000    7.5000  -37.5000 2274.5771   19.0165
    7.5000    7.5000  -37.5000 2279.5442   19.0737
   -7.5000   15.0000  -37.5000 2220.3323   20.0752
    0.0000   15.0000  -37.5000 2247.9248   19.7330
    7.5000   15.0000  -37.5000 2250.1567   19.7383
   -7.5000   22.5000  -37.5000 2172.7507   21.1241
    0.0000   22.5000  -37.5000 2207.4385   20.7678
    7.5000   22.5000  -37.5000 2202.1819   20.7652
   -7.5000   30.0000  -37.5000 2112.4724   22.6061
    0.0000   30.0000  -37.5000 2138.7212   22.1853
    7.5000   30.0000  -37.5000 2136.8506   22.2121
   -7.5000   37.5000  -37.5000 2036.6307   24.6411
    0.0000   37.5000  -37.5000 2061.5459   24.1261
    7.5000   37.5000  -37.5000 2056.9846   24.1769
   -7.5000   45.0000  -37.5000 1937.4337   27.3382
    0.0000   45.0000  -37.5000 1960.4165   26.7145
    7.5000   45.0000  -37.5000 1955.7289   26.8156
   -7.5000  -45.0000  -30.0000 2186.0652   22.9427
    0.0000  -45.0000  -30.0000 2205.6318   22.6644
    7.5000  -45.0000  -30.0000 2190.8777   22.7048
   -7.5000  -37.5000  -30.0000 2273.9341   21.0852
    0.0000  -37.5000  -30.0000 2293.6255   20.8814
    7.5000  -37.5000  -30.0000 2282.2017   20.8697
   -7.5000  -30.0000  -30.0000 2342.9253   19.7881
    0.0000  -30.0000  -30.0000 2356.7793   19.5860
    7.5000  -30.0000  -30.0000 2349.0276   19.6045
   -7.5000  -22.5000  -30.0000 2383.9302   18.8615
    0.0000  -22.5000  -30.0000 2403.5281   18.6564
    7.5000  -22.5000  -30.0000 2394.2612   18.7227
   -7.5000  -15.0000  -30.0000 2396.0859   18.2647
    0.0000  -15.0000  -30.0000 2425.1250   18.0888
    7.5000  -15.0000  -30.0000 2416.1943   18.1213
   -7.5000   -7.5000  -30.0000 2412.1262   17.9261
    0.0000   -7.5000  -30.0000 2437.1580   17.6824
    7.5000   -7.5000  -30.0000 2432.6992   17.7155
   -7.5000    0.0000  -30.0000 2413.3960   17.8700
    0.0000    0.0000  -30.0000 2439.8386   17.6042
    7.5000    0.0000  -30.0000 2437.1001   17.6485
   -7.5000    7.5000  -30.0000 2399.4150   18.1765
    0.0000    7.5000  -30.0000 2428.7617   17.8990
    7.5000    7.5000  -30.0000 2429.7756   17.9354
   -7.5000   15.0000  -30.0000 2364.8064   18.8585
    0.0000   15.0000  -30.0000 2400.8469   18.5589
    7.5000   15.0000  -30.0000 2401.6794   18.5963
   -7.5000   22.5000  -30.0000 2314.3049   19.8783
    0.0000   22.5000  -30.0000 2350.0820   19.5861
    7.5000   22.5000  -30.0000 2351.7222   19.6168
   -7.5000   30.0000  -30.0000 2246.4502   21.3076
    0.0000   30.0000  -30.0000 2275.7085   20.9799
    7.5000   30.0000  -30.0000 2277.2051   20.9802
   -7.5000   37.5000  -30.0000 2160.1223   23.2101
    0.0000   37.5000  -30.0000 2189.7598   22.7513
    7.5000   37.5000  -30.0000 2186.5142   22.8087
   -7.5000   45.0000  -30.0000 2059.0757   25.7777
    0.0000   45.0000  -30.0000 2088.4517   25.2772
    7.5000   45.0000  -30.0000 2077.8599   25.2822
   -7.5000  -45.0000  -22.5000 2294.6667   21.6238
    0.0000  -45.0000  -22.5000 2314.1145   21.4462
    7.5000  -45.0000  -22.5000 2296.1226   21.4086
   -7.5000  -37.5000  -22.5000 2400.4397   19.8563
    0.0000  -37.5000  -22.5000 2413.2878   19.6883
    7.5000  -37.5000  -22.5000 2403.2930   19.6834
   -7.5000  -30.0000  -22.5000 2460.2744   18.6104
    0.0000  -30.0000  -22.5000 2477.9602   18.4691
    7.5000  -30.0000  -22.5000 2469.1714   18.4868
   -7.5000  -22.5000  -22.5000 2507.1909   17.6997
    0.0000  -22.5000  -22.5000 2528.7952   17.5470
    7.5000  -22.5000  -22.5000 2514.7202   17.6155
   -7.5000  -15.0000  -22.5000 2526.9387   17.1202
    0.0000  -15.0000  -22.5000 2556.4404   16.9061
    7.5000  -15.0000  -22.5000 2545.8997   16.9672
   -7.5000   -7.5000  -22.5000 2536.7837   16.8009
    0.0000   -7.5000  -22.5000 2565.7610   16.5730
    7.5000   -7.5000  -22.5000 2561.5312   16.6325
   -7.5000    0.0000  -22.5000 2536.8123   16.7450
    0.0000    0.0000  -22.5000 2564.6299   16.5118
    7.5000    0.0000  -22.5000 2564.2168   16.5326
   -7.5000    7.5000  -22.5000 2522.6819   17.0057
    0.0000    7.5000  -22.5000 2556.1035   16.7294
    7.5000    7.5000  -22.5000 2555.2742   16.7774
   -7.5000   15.0000  -22.5000 2488.9675   17.5988
    0.0000   15.0000  -22.5000 2527.3635   17.3465
    7.5000   15.0000  -22.5000 2529.0940   17.3836
   -7.5000   22.5000  -22.5000 2432.8843   18.5856
    0.0000   22.5000  -22.5000 2472.7959   18.2863
    7.5000   22.5000  -22.5000 2476.6995   18.3574
   -7.5000   30.0000  -22.5000 2358.5220   19.9034
    0.0000   30.0000  -22.5000 2391.9805   19.6168
    7.5000   30.0000  -22.5000 2396.3044   19.6607
   -7.5000   37.5000  -22.5000 2267.6416   21.6769
    0.0000   37.5000  -22.5000 2297.9160   21.3449
    7.5000   37.5000  -22.5000 2292.9998   21.4126
   -7.5000   45.0000  -22.5000 2157.6509   24.0642
    0.0000   45.0000  -22.5000 2184.9917   23.6522
    7.5000   45.0000  -22.5000 2178.4309   23.6953
   -7.5000  -45.0000  -15.0000 2371.4646   20.5163
    0.0000  -45.0000  -15.0000 2387.6768   20.3314
    7.5000  -45.0000  -15.0000 2373.8123   20.2393
   -7.5000  -37.5000  -15.0000 2480.3740   18.7467
    0.0000  -37.5000  -15.0000 2496.9058   18.5515
    7.5000  -37.5000  -15.0000 2478.4590   18.5648
   -7.5000  -30.0000  -15.0000 2547.5339   17.4480
    0.0000  -30.0000  -15.0000 2566.8892   17.2860
    7.5000  -30.0000  -15.0000 2550.9316   17.3031
   -7.5000  -22.5000  -15.0000 2594.7351   16.5253
    0.0000  -22.5000  -15.0000 2620.7998   16.3922
    7.5000  -22.5000  -15.0000 2608.2080   16.4251
   -7.5000  -15.0000  -15.0000 2626.4805   15.9935
    0.0000  -15.0000  -15.0000 2649.9988   15.7945
    7.5000  -15.0000  -15.0000 2645.0659   15.8394
   -7.5000   -7.5000  -15.0000 2648.1746   15.7235
    0.0000   -7.5000  -15.0000 2668.6072   15.5133
    7.5000   -7.5000  -15.0000 2667.5935   15.5623
   -7.5000    0.0000  -15.0000 2649.9519   15.6962
    0.0000    0.0000  -15.0000 2672.7964   15.4544
    7.5000    0.0000  -15.0000 2672.5793   15.4976
   -7.5000    7.5000  -15.0000 2626.1892   15.9377
    0.0000    7.5000  -15.0000 2660.4836   15.6877
    7.5000    7.5000  -15.0000 2661.3647   15.7392
   -7.5000   15.0000  -15.0000 2591.8149   16.4852
    0.0000   15.0000  -15.0000 2627.2104   16.2205
    7.5000   15.0000  -15.0000 2628.8975   16.2848
   -7.5000   22.5000  -15.0000 2533.5334   17.3815
    0.0000   22.5000  -15.0000 2572.6069   17.0963
    7.5000   22.5000  -15.0000 2575.1499   17.1836
   -7.5000   30.0000  -15.0000 2448.4233   18.6220
    0.0000   30.0000  -15.0000 2486.6216   18.3276
    7.5000   30.0000  -15.0000 2486.4678   18.4083
   -7.5000   37.5000  -15.0000 2347.7815   20.2964
    0.0000   37.5000  -15.0000 2379.0068   19.9580
    7.5000   37.5000  -15.0000 2379.8723   20.0705
   -7.5000   45.0000  -15.0000 2231.4844   22.4973
    0.0000   45.0000  -15.0000 2259.9458   22.1210
    7.5000   45.0000  -15.0000 2258.9346   22.2309
   -7.5000  -45.0000   -7.5000 2426.2410   19.4196
    0.0000  -45.0000   -7.5000 2444.4443   19.2595
    7.5000  -45.0000   -7.5000 2431.7620   19.1965
   -7.5000  -37.5000   -7.5000 2533.8569   17.7086
    0.0000  -37.5000   -7.5000 2550.8245   17.5215
    7.5000  -37.5000   -7.5000 2535.5200   17.5034
   -7.5000  -30.0000   -7.5000 2610.7605   16.4260
    0.0000  -30.0000   -7.5000 2631.5039   16.2223
    7.5000  -30.0000   -7.5000 2615.0217   16.2082
   -7.5000  -22.5000   -7.5000 2662.3240   15.5024
    0.0000  -22.5000   -7.5000 2688.6731   15.3186
    7.5000  -22.5000   -7.5000 2679.3218   15.3482
   -7.5000  -15.0000   -7.5000 2705.3052   14.9369
    0.0000  -15.0000   -7.5000 2728.8577   14.7766
    7.5000  -15.0000   -7.5000 2732.4648   14.8028
   -7.5000   -7.5000   -7.5000 2734.0300   14.7142
    0.0000   -7.5000   -7.5000 2755.6694   14.4987
    7.5000   -7.5000   -7.5000 2760.4868   14.5308
   -7.5000    0.0000   -7.5000 2741.6030   14.6978
    0.0000    0.0000   -7.5000 2766.9043   14.4707
    7.5000    0.0000   -7.5000 2763.4319   14.5154
   -7.5000    7.5000   -7.5000 2723.2947   14.9584
    0.0000    7.5000   -7.5000 2757.8589   14.7266
    7.5000    7.5000   -7.5000 2756.1614   14.7672
   -7.5000   15.0000   -7.5000 2683.2034   15.4662
    0.0000   15.0000   -7.5000 2723.7878   15.2251
    7.5000   15.0000   -7.5000 2720.4392   15.2719
   -7.5000   22.5000   -7.5000 2621.4026   16.2899
    0.0000   22.5000   -7.5000 2662.2656   16.0211
    7.5000   22.5000   -7.5000 2658.2854   16.0906
   -7.5000   30.0000   -7.5000 2528.2410   17.4807
    0.0000   30.0000   -7.5000 2570.5078   17.2050
    7.5000   30.0000   -7.5000 2565.7334   17.2721
   -7.5000   37.5000   -7.5000 2420.2219   19.0904
    0.0000   37.5000   -7.5000 2449.4800   18.7350
    7.5000   37.5000   -7.5000 2450.0315   18.8232
   -7.5000   45.0000   -7.5000 2292.7544   21.1362
    0.0000   45.0000   -7.5000 2319.5869   20.7852
    7.5000   45.0000   -7.5000 2320.7920   20.8700
   -7.5000  -45.0000    0.0000 2462.5188   18.5581
    0.0000  -45.0000    0.0000 2483.1545   18.3956
    7.5000  -45.0000    0.0000 2469.7244   18.4059
   -7.5000  -37.5000    0.0000 2571.7017   16.8864
    0.0000  -37.5000    0.0000 2588.6226   16.6700
    7.5000  -37.5000    0.0000 2574.2388   16.6706
   -7.5000  -30.0000    0.0000 2658.8545   15.5917
    0.0000  -30.0000    0.0000 2677.9067   15.3736
    7.5000  -30.0000    0.0000 2669.9773   15.3998
   -7.5000  -22.5000    0.0000 2722.1565   14.6659
    0.0000  -22.5000    0.0000 2747.2026   14.4866
    7.5000  -22.5000    0.0000 2743.4504   14.5159
   -7.5000  -15.0000    0.0000 2771.0344   14.1075
    0.0000  -15.0000    0.0000 2796.5994   13.9580
    7.5000  -15.0000    0.0000 2797.5547   13.9733
   -7.5000   -7.5000    0.0000 2801.2312   13.8717
    0.0000   -7.5000    0.0000 2834.4360   13.6848
    7.5000   -7.5000    0.0000 2835.2866   13.6908
   -7.5000    0.0000    0.0000 2816.5452   13.8514
    0.0000    0.0000    0.0000 2852.6091   13.6361
    7.5000    0.0000    0.0000 2843.7761   13.6679
   -7.5000    7.5000    0.0000 2807.5020   14.1150
    0.0000    7.5000    0.0000 2849.5129   13.8933
    7.5000    7.5000    0.0000 2840.2292   13.9456
   -7.5000   15.0000    0.0000 2762.0386   14.6442
    0.0000   15.0000    0.0000 2809.5935   14.3898
    7.5000   15.0000    0.0000 2802.8486   14.4515
   -7.5000   22.5000    0.0000 2695.5288   15.4078
    0.0000   22.5000    0.0000 2737.7349   15.1434
    7.5000   22.5000    0.0000 2732.5471   15.2111
   -7.5000   30.0000    0.0000 2596.3909   16.5921
    0.0000   30.0000    0.0000 2636.6511   16.2986
    7.5000   30.0000    0.0000 2630.9797   16.3661
   -7.5000   37.5000    0.0000 2477.7397   18.1455
    0.0000   37.5000    0.0000 2514.5940   17.8394
    7.5000   37.5000    0.0000 2508.1042   17.8863
   -7.5000   45.0000    0.0000 2346.7134   20.1518
    0.0000   45.0000    0.0000 2376.4094   19.7869
    7.5000   45.0000    0.0000 2372.2551   19.8140
   -7.5000  -45.0000    7.5000 2490.2585   17.9150
    0.0000  -45.0000    7.5000 2509.1392   17.6928
    7.5000  -45.0000    7.5000 2491.9194   17.8268
   -7.5000  -37.5000    7.5000 2601.3210   16.2318
    0.0000  -37.5000    7.5000 2617.9910   15.9858
    7.5000  -37.5000    7.5000 2605.7915   16.1038
   -7.5000  -30.0000    7.5000 2698.4360   14.9630
    0.0000  -30.0000    7.5000 2718.2935   14.7206
    7.5000  -30.0000    7.5000 2709.4741   14.7962
   -7.5000  -22.5000    7.5000 2773.2883   14.0498
    0.0000  -22.5000    7.5000 2801.7573   13.8364
    7.5000  -22.5000    7.5000 2794.0364   13.8757
   -7.5000  -15.0000    7.5000 2832.0579   13.4747
    0.0000  -15.0000    7.5000 2866.8025   13.3017
    7.5000  -15.0000    7.5000 2860.1238   13.3196
   -7.5000   -7.5000    7.5000 2870.2378   13.2443
    0.0000   -7.5000    7.5000 2912.3123   13.0881
    7.5000   -7.5000    7.5000 2905.5950   13.1083
   -7.5000    0.0000    7.5000 2887.3926   13.2340
    0.0000    0.0000    7.5000 2934.5015   12.9704
    7.5000    0.0000    7.5000 2922.7207   13.0377
   -7.5000    7.5000    7.5000 2875.9775   13.4730
    0.0000    7.5000    7.5000 2928.5491   13.2004
    7.5000    7.5000    7.5000 2916.5544   13.2789
   -7.5000   15.0000    7.5000 2827.0852   13.9748
    0.0000   15.0000    7.5000 2874.9448   13.6775
    7.5000   15.0000    7.5000 2869.7183   13.7513
   -7.5000   22.5000    7.5000 2749.4841   14.7484
    0.0000   22.5000    7.5000 2794.7173   14.4601
    7.5000   22.5000    7.5000 2788.2759   14.5505
   -7.5000   30.0000    7.5000 2648.4028   15.9295
    0.0000   30.0000    7.5000 2685.8413   15.5958
    7.5000   30.0000    7.5000 2677.9412   15.7046
   -7.5000   37.5000    7.5000 2524.8579   17.4705
    0.0000   37.5000    7.5000 2559.5950   17.1064
    7.5000   37.5000    7.5000 2550.7856   17.2260
   -7.5000   45.0000    7.5000 2389.0149   19.4441
    0.0000   45.0000    7.5000 2423.7844   18.9782
    7.5000   45.0000    7.5000 2415.1724   19.1033
   -7.5000  -45.0000   15.0000 2498.0933   17.5422
    0.0000  -45.0000   15.0000 2514.1731   17.2277
    7.5000  -45.0000   15.0000 2499.0078   17.4863
   -7.5000  -37.5000   15.0000 2611.6943   15.7897
    0.0000  -37.5000   15.0000 2626.3901   15.5031
    7.5000  -37.5000   15.0000 2616.4111   15.7576
   -7.5000  -30.0000   15.0000 2716.0967   14.5205
    0.0000  -30.0000   15.0000 2734.0474   14.2363
    7.5000  -30.0000   15.0000 2725.8616   14.4338
   -7.5000  -22.5000   15.0000 2802.3008   13.6041
    0.0000  -22.5000   15.0000 2835.3447   13.3541
    7.5000  -22.5000   15.0000 2825.3223   13.5055
   -7.5000  -15.0000   15.0000 2871.7231   13.0519
    0.0000  -15.0000   15.0000 2915.0442   12.8299
    7.5000  -15.0000   15.0000 2904.8384   12.9269
   -7.5000   -7.5000   15.0000 2923.0852   12.8274
    0.0000   -7.5000   15.0000 2974.9438   12.6387
    7.5000   -7.5000   15.0000 2961.5259   12.7183
   -7.5000    0.0000   15.0000 2941.2380   12.8475
    0.0000    0.0000   15.0000 3004.1272   12.5977
    7.5000    0.0000   15.0000 2985.0212   12.6867
   -7.5000    7.5000   15.0000 2924.0100   13.0617
    0.0000    7.5000   15.0000 2985.0310   12.7503
    7.5000    7.5000   15.0000 2966.6631   12.8624
   -7.5000   15.0000   15.0000 2871.1492   13.5337
    0.0000   15.0000   15.0000 2917.3689   13.1960
    7.5000   15.0000   15.0000 2908.5154   13.3383
   -7.5000   22.5000   15.0000 2783.1985   14.3146
    0.0000   22.5000   15.0000 2828.6184   13.9422
    7.5000   22.5000   15.0000 2821.6499   14.1137
   -7.5000   30.0000   15.0000 2672.4749   15.4589
    0.0000   30.0000   15.0000 2712.4819   15.0915
    7.5000   30.0000   15.0000 2701.0332   15.2565
   -7.5000   37.5000   15.0000 2547.1619   16.9675
    0.0000   37.5000   15.0000 2581.4966   16.6007
    7.5000   37.5000   15.0000 2572.3706   16.7419
   -7.5000   45.0000   15.0000 2407.3787   18.8786
    0.0000   45.0000   15.0000 2437.8945   18.4655
    7.5000   45.0000   15.0000 2432.3093   18.5536
   -7.5000  -45.0000   22.5000 2489.8435   17.3645
    0.0000  -45.0000   22.5000 2503.3594   17.0887
    7.5000  -45.0000   22.5000 2495.6030   17.4278
   -7.5000  -37.5000   22.5000 2607.9880   15.6251
    0.0000  -37.5000   22.5000 2619.5278   15.3177
    7.5000  -37.5000   22.5000 2613.6992   15.6513
   -7.5000  -30.0000   22.5000 2714.2671   14.2979
    0.0000  -30.0000   22.5000 2729.7466   14.0029
    7.5000  -30.0000   22.5000 2725.4497   14.3160
   -7.5000  -22.5000   22.5000 2813.6902   13.3590
    0.0000  -22.5000   22.5000 2838.9775   13.0962
    7.5000  -22.5000   22.5000 2834.3257   13.3490
   -7.5000  -15.0000   22.5000 2893.1660   12.7969
    0.0000  -15.0000   22.5000 2933.9949   12.5481
    7.5000  -15.0000   22.5000 2922.5378   12.7592
   -7.5000   -7.5000   22.5000 2958.7625   12.6177
    0.0000   -7.5000   22.5000 3010.2930   12.3764
    7.5000   -7.5000   22.5000 2988.2991   12.5616
   -7.5000    0.0000   22.5000 2981.7307   12.6650
    0.0000    0.0000   22.5000 3056.9790   12.4387
    7.5000    0.0000   22.5000 3017.4617   12.5458
   -7.5000    7.5000   22.5000 2954.6096   12.9129
    0.0000    7.5000   22.5000 3025.9114   12.6328
    7.5000    7.5000   22.5000 2988.9895   12.7400
   -7.5000   15.0000   22.5000 2883.9048   13.3634
    0.0000   15.0000   22.5000 2938.1370   13.0416
    7.5000   15.0000   22.5000 2923.2361   13.1705
   -7.5000   22.5000   22.5000 2791.8462   14.1043
    0.0000   22.5000   22.5000 2837.7083   13.7809
    7.5000   22.5000   22.5000 2828.7588   13.8916
   -7.5000   30.0000   22.5000 2679.3040   15.2341
    0.0000   30.0000   22.5000 2715.9751   14.9212
    7.5000   30.0000   22.5000 2709.5269   15.0167
   -7.5000   37.5000   22.5000 2550.6057   16.7206
    0.0000   37.5000   22.5000 2583.2366   16.3940
    7.5000   37.5000   22.5000 2576.8479   16.4739
   -7.5000   45.0000   22.5000 2406.0691   18.6247
    0.0000   45.0000   22.5000 2436.7703   18.2634
    7.5000   45.0000   22.5000 2428.9727   18.3214
   -7.5000  -45.0000   30.0000 2475.2637   17.4117
    0.0000  -45.0000   30.0000 2490.5803   17.1331
    7.5000  -45.0000   30.0000 2480.4146   17.5813
   -7.5000  -37.5000   30.0000 2589.8713   15.6799
    0.0000  -37.5000   30.0000 2604.1421   15.3578
    7.5000  -37.5000   30.0000 2598.7791   15.7681
   -7.5000  -30.0000   30.0000 2688.9587   14.3490
    0.0000  -30.0000   30.0000 2708.9053   14.0119
    7.5000  -30.0000   30.0000 2709.4175   14.3993
   -7.5000  -22.5000   30.0000 2790.9436   13.4273
    0.0000  -22.5000   30.0000 2818.5396   13.0888
    7.5000  -22.5000   30.0000 2814.3767   13.4445
   -7.5000  -15.0000   30.0000 2881.7368   12.8940
    0.0000  -15.0000   30.0000 2917.7742   12.5984
    7.5000  -15.0000   30.0000 2906.2068   12.8728
   -7.5000   -7.5000   30.0000 2950.7966   12.6685
    0.0000   -7.5000   30.0000 2998.9209   12.4653
    7.5000   -7.5000   30.0000 2975.0959   12.6179
   -7.5000    0.0000   30.0000 2973.9893   12.6591
    0.0000    0.0000   30.0000 3037.7427   12.4253
    7.5000    0.0000   30.0000 2994.8938   12.5516
   -7.5000    7.5000   30.0000 2948.7671   12.9046
    0.0000    7.5000   30.0000 3001.8210   12.6821
    7.5000    7.5000   30.0000 2970.6443   12.7581
   -7.5000   15.0000   30.0000 2868.7654   13.4196
    0.0000   15.0000   30.0000 2916.4314   13.2237
    7.5000   15.0000   30.0000 2899.2131   13.2631
   -7.5000   22.5000   30.0000 2771.5073   14.2108
    0.0000   22.5000   30.0000 2811.0981   13.9835
    7.5000   22.5000   30.0000 2802.7202   14.0316
   -7.5000   30.0000   30.0000 2658.6658   15.3530
    0.0000   30.0000   30.0000 2693.0808   15.0777
    7.5000   30.0000   30.0000 2687.0771   15.1300
   -7.5000   37.5000   30.0000 2535.1328   16.8128
    0.0000   37.5000   30.0000 2562.0154   16.4889
    7.5000   37.5000   30.0000 2558.4319   16.5328
   -7.5000   45.0000   30.0000 2396.5481   18.6602
    0.0000   45.0000   30.0000 2415.5847   18.2858
    7.5000   45.0000   30.0000 2413.8269   18.3118
   -7.5000  -45.0000   37.5000 2451.7888   17.7111
    0.0000  -45.0000   37.5000 2468.6138   17.4405
    7.5000  -45.0000   37.5000 2456.9812   17.9051
   -7.5000  -37.5000   37.5000 2558.1853   15.9713
    0.0000  -37.5000   37.5000 2576.7930   15.6704
    7.5000  -37.5000   37.5000 2569.6499   16.1043
   -7.5000  -30.0000   37.5000 2658.1738   14.6536
    0.0000  -30.0000   37.5000 2678.4197   14.3547
    7.5000  -30.0000   37.5000 2677.9810   14.7582
   -7.5000  -22.5000   37.5000 2761.9707   13.7418
    0.0000  -22.5000   37.5000 2788.6047   13.4350
    7.5000  -22.5000   37.5000 2787.4194   13.7761
   -7.5000  -15.0000   37.5000 2850.4231   13.1891
    0.0000  -15.0000   37.5000 2885.5369   12.9004
    7.5000  -15.0000   37.5000 2878.3008   13.1778
   -7.5000   -7.5000   37.5000 2915.1309   12.9223
    0.0000   -7.5000   37.5000 2958.6333   12.6550
    7.5000   -7.5000   37.5000 2941.5605   12.8764
   -7.5000    0.0000   37.5000 2932.4905   12.9458
    0.0000    0.0000   37.5000 2982.8245   12.6351
    7.5000    0.0000   37.5000 2957.9553   12.8602
   -7.5000    7.5000   37.5000 2906.5059   13.2049
    0.0000    7.5000   37.5000 2954.5459   12.9513
    7.5000    7.5000   37.5000 2935.7917   13.0796
   -7.5000   15.0000   37.5000 2837.6763   13.7246
    0.0000   15.0000   37.5000 2877.6846   13.5029
    7.5000   15.0000   37.5000 2857.7139   13.5896
   -7.5000   22.5000   37.5000 2738.0479   14.5097
    0.0000   22.5000   37.5000 2772.3171   14.2747
    7.5000   22.5000   37.5000 2763.9358   14.3683
   -7.5000   30.0000   37.5000 2626.7161   15.5936
    0.0000   30.0000   37.5000 2657.0623   15.3572
    7.5000   30.0000   37.5000 2654.4624   15.4623
   -7.5000   37.5000   37.5000 2502.7356   17.0604
    0.0000   37.5000   37.5000 2527.4646   16.7759
    7.5000   37.5000   37.5000 2520.4421   16.8572
   -7.5000   45.0000   37.5000 2363.5566   18.8824
    0.0000   45.0000   37.5000 2384.4626   18.5547
    7.5000   45.0000   37.5000 2381.0005   18.5791
   -7.5000  -45.0000   45.0000 2412.9907   18.3115
    0.0000  -45.0000   45.0000 2429.5908   18.0814
    7.5000  -45.0000   45.0000 2415.1404   18.5120
   -7.5000  -37.5000   45.0000 2522.6082   16.5736
    0.0000  -37.5000   45.0000 2542.2097   16.3231
    7.5000  -37.5000   45.0000 2530.3857   16.7464
   -7.5000  -30.0000   45.0000 2623.6655   15.2207
    0.0000  -30.0000   45.0000 2647.3923   14.9549
    7.5000  -30.0000   45.0000 2637.9451   15.3856
   -7.5000  -22.5000   45.0000 2721.7266   14.2611
    0.0000  -22.5000   45.0000 2755.5471   13.9702
    7.5000  -22.5000   45.0000 2745.1675   14.3415
   -7.5000  -15.0000   45.0000 2802.9778   13.6389
    0.0000  -15.0000   45.0000 2838.4629   13.3688
    7.5000  -15.0000   45.0000 2828.2310   13.6775
   -7.5000   -7.5000   45.0000 2862.7681   13.3462
    0.0000   -7.5000   45.0000 2902.1423   13.0458
    7.5000   -7.5000   45.0000 2889.6282   13.3348
   -7.5000    0.0000   45.0000 2874.8831   13.4009
    0.0000    0.0000   45.0000 2912.1304   13.0890
    7.5000    0.0000   45.0000 2897.5066   13.3552
   -7.5000    7.5000   45.0000 2847.3965   13.7059
    0.0000    7.5000   45.0000 2885.5830   13.4321
    7.5000    7.5000   45.0000 2868.0239   13.6221
   -7.5000   15.0000   45.0000 2781.1777   14.2507
    0.0000   15.0000   45.0000 2812.5784   14.0233
    7.5000   15.0000   45.0000 2795.4988   14.1644
   -7.5000   22.5000   45.0000 2685.6326   15.0555
    0.0000   22.5000   45.0000 2718.4526   14.8313
    7.5000   22.5000   45.0000 2708.0522   14.9260
   -7.5000   30.0000   45.0000 2580.0435   16.1125
    0.0000   30.0000   45.0000 2607.7078   15.8713
    7.5000   30.0000   45.0000 2606.5249   15.9582
   -7.5000   37.5000   45.0000 2460.5422   17.5379
    0.0000   37.5000   45.0000 2485.9590   17.2607
    7.5000   37.5000   45.0000 2479.3081   17.3336
   -7.5000   45.0000   45.0000 2318.5803   19.3423
    0.0000   45.0000   45.0000 2343.5117   19.0054
    7.5000   45.0000   45.0000 2342.2285   19.0439

---------------------------------------------------------------------
imgreg_4dfp /opt/freesurfer/average/711-2C_as_mni_average_305 /opt/freesurfer/average/711-2B_as_mni_average_305_mask talsrcimg_g11 none talsrcimg_to_711-2C_as_mni_average_305_t4 1283
---------------------------------------------------------------------

freesurfer imgreg_4dfp.c
/opt/freesurfer/average/711-2C_as_mni_average_305.4dfp.img
       256       256       256         1
  1.000000  1.000000  1.000000
orientation T byte_order littleendian
Reading image: /opt/freesurfer/average/711-2C_as_mni_average_305.4dfp.img
dimensions:      256       256       256
mmppix:       1.0000   -1.0000   -1.0000
center:     128.0000 -129.0000 -129.0000
/opt/freesurfer/average/711-2B_as_mni_average_305_mask.4dfp.img
       256       256       256         1
  1.000000  1.000000  1.000000
orientation T byte_order littleendian
Reading mask: /opt/freesurfer/average/711-2B_as_mni_average_305_mask.4dfp.img (2306576 pixels)
talsrcimg_g11.4dfp.img
       256       256       256         1
  1.000000  1.000000  1.000000
orientation T byte_order littleendian
Reading image: talsrcimg_g11.4dfp.img
dimensions:      256       256       256
mmppix:       1.0000   -1.0000   -1.0000
center:     128.0000 -129.0000 -129.0000
rotation matrix determinant  1.000000
fimgreg.f
image alignment mode   1283 decimal      503 hex
parameters
    0.0000    0.0000   22.5000    0.0000    0.0000    0.0000
eta,q 0.95935 12.43872
niter,ni,del,rscale     5    3   12.0000    1.2000
parameter  4  0.986452 ->  0.500000 qaram    1.1500
parameter  6  0.714820 ->  0.500000 qaram    1.1500
parameters
    1.7005    0.3825   24.0766   -3.4500    0.9270   -3.4500
eta,q 0.96611 12.39480
  0.0646  0.0489  0.0505  0.0361  0.0456  0.0345
  0.0544  0.0443  0.0467  0.0359  0.0405  0.0339
  0.0460  0.0410  0.0422  0.0367  0.0373  0.0344
  0.0414  0.0392  0.0388  0.0387  0.0359  0.0359
  0.0394  0.0391  0.0387  0.0413  0.0360  0.0382
  0.0417  0.0421  0.0400  0.0440  0.0377  0.0414
  0.0483  0.0474  0.0435  0.0472  0.0408  0.0447
niter,ni,del,rscale     6    3   12.0000    1.2000
parameters
    0.4726    1.8855   24.1117   -5.9573    2.5976   -4.6286
eta,q 0.97082 12.40685
  0.0448  0.0524  0.0432  0.0343  0.0413  0.0351
  0.0367  0.0451  0.0368  0.0311  0.0361  0.0317
  0.0332  0.0380  0.0321  0.0304  0.0325  0.0295
  0.0339  0.0331  0.0321  0.0321  0.0304  0.0295
  0.0388  0.0323  0.0340  0.0347  0.0294  0.0315
  0.0477  0.0352  0.0369  0.0389  0.0304  0.0358
  0.0571  0.0406  0.0420  0.0440  0.0336  0.0405
niter,ni,del,rscale     5    3   12.0000    1.2000
parameters
   -0.0138    2.6261   23.6548   -6.2530    2.9373   -4.9225
eta,q 0.97175 12.42774
  0.0468  0.0497  0.0387  0.0370  0.0376  0.0362
  0.0356  0.0410  0.0323  0.0324  0.0330  0.0322
  0.0299  0.0330  0.0286  0.0292  0.0299  0.0293
  0.0292  0.0290  0.0289  0.0284  0.0283  0.0282
  0.0334  0.0301  0.0320  0.0303  0.0285  0.0294
  0.0418  0.0353  0.0356  0.0335  0.0314  0.0329
  0.0515  0.0419  0.0403  0.0383  0.0361  0.0381
niter,ni,del,rscale     4    3   12.0000    1.2000
parameters
   -0.0965    2.7649   23.5773   -6.3062    3.0120   -4.9853
eta,q 0.97181 12.43061
  0.0492  0.0463  0.0402  0.0373  0.0370  0.0367
  0.0373  0.0374  0.0332  0.0328  0.0324  0.0326
  0.0300  0.0304  0.0290  0.0294  0.0295  0.0295
  0.0282  0.0282  0.0283  0.0282  0.0282  0.0282
  0.0316  0.0309  0.0312  0.0299  0.0288  0.0291
  0.0396  0.0373  0.0347  0.0328  0.0319  0.0324
  0.0489  0.0438  0.0393  0.0375  0.0369  0.0374
niter,ni,del,rscale     3    3   12.0000    1.2000
parameters
   -0.1123    2.7922   23.5589   -6.3167    3.0276   -4.9966
eta,q 0.97182 12.43121
  0.0497  0.0457  0.0404  0.0373  0.0368  0.0368
  0.0377  0.0367  0.0334  0.0328  0.0323  0.0327
  0.0301  0.0300  0.0291  0.0294  0.0295  0.0296
  0.0282  0.0282  0.0282  0.0282  0.0282  0.0282
  0.0313  0.0312  0.0311  0.0298  0.0289  0.0290
  0.0393  0.0377  0.0346  0.0327  0.0321  0.0323
  0.0485  0.0442  0.0391  0.0373  0.0371  0.0373
registration optimization eta report
parameter search radius
    6.0000    6.0000    6.0000    6.9000    6.0000    6.9000
100000*second partial in parameter space
       58.       46.       31.       19.       24.       18.
  0.0497  0.0457  0.0404  0.0373  0.0368  0.0368
  0.0377  0.0367  0.0334  0.0328  0.0323  0.0327
  0.0301  0.0300  0.0291  0.0294  0.0295  0.0296
  0.0282  0.0282  0.0282  0.0282  0.0282  0.0282
  0.0313  0.0312  0.0311  0.0298  0.0289  0.0290
  0.0393  0.0377  0.0346  0.0327  0.0321  0.0323
  0.0485  0.0442  0.0391  0.0373  0.0371  0.0373
   -0.1123    2.7922   23.5589   -6.3167    3.0276   -4.9966
eta,q 0.97182 12.43121

---------------------------------------------------------------------
imgreg_4dfp /opt/freesurfer/average/711-2C_as_mni_average_305 /opt/freesurfer/average/711-2B_as_mni_average_305_mask talsrcimg_g11 none talsrcimg_to_711-2C_as_mni_average_305_t4 3335
---------------------------------------------------------------------

freesurfer imgreg_4dfp.c
/opt/freesurfer/average/711-2C_as_mni_average_305.4dfp.img
       256       256       256         1
  1.000000  1.000000  1.000000
orientation T byte_order littleendian
Reading image: /opt/freesurfer/average/711-2C_as_mni_average_305.4dfp.img
dimensions:      256       256       256
mmppix:       1.0000   -1.0000   -1.0000
center:     128.0000 -129.0000 -129.0000
/opt/freesurfer/average/711-2B_as_mni_average_305_mask.4dfp.img
       256       256       256         1
  1.000000  1.000000  1.000000
orientation T byte_order littleendian
Reading mask: /opt/freesurfer/average/711-2B_as_mni_average_305_mask.4dfp.img (2306576 pixels)
talsrcimg_g11.4dfp.img
       256       256       256         1
  1.000000  1.000000  1.000000
orientation T byte_order littleendian
Reading image: talsrcimg_g11.4dfp.img
dimensions:      256       256       256
mmppix:       1.0000   -1.0000   -1.0000
center:     128.0000 -129.0000 -129.0000
fimgreg.f
image alignment mode   3335 decimal      D07 hex
parameters
   -0.1123    2.7922   23.5589   -0.5191   -1.0354   -0.7458
    9.2357   -4.2714   -8.6975   11.4178    5.2817  -10.9870
eta,q 0.97252 12.42207
niter,ni,del,rscale     5    3    5.0000    1.2000
parameter  4  0.639040 ->  0.500000 qaram    1.1500
parameter  5  0.829251 ->  0.500000 qaram    1.1500
parameters
   -0.0036    2.8174   23.3506   -4.6591   -5.1754   -4.0744
   10.1690   -3.2464   -6.1938   10.0899    5.3168  -13.0376
eta,q 0.97706 12.05142
  0.0319  0.0303  0.0296  0.0263  0.0242  0.0250  0.0268  0.0300  0.0267  0.0251  0.0246  0.0237
  0.0296  0.0288  0.0283  0.0258  0.0241  0.0241  0.0252  0.0273  0.0252  0.0238  0.0238  0.0232
  0.0281  0.0278  0.0276  0.0261  0.0246  0.0235  0.0242  0.0250  0.0241  0.0231  0.0233  0.0229
  0.0275  0.0275  0.0275  0.0274  0.0258  0.0242  0.0237  0.0236  0.0234  0.0232  0.0231  0.0231
  0.0278  0.0278  0.0280  0.0299  0.0276  0.0270  0.0237  0.0236  0.0232  0.0239  0.0232  0.0235
  0.0291  0.0287  0.0290  0.0336  0.0298  0.0307  0.0244  0.0250  0.0233  0.0253  0.0237  0.0243
  0.0312  0.0302  0.0304  0.0378  0.0324  0.0345  0.0255  0.0275  0.0240  0.0273  0.0246  0.0253
niter,ni,del,rscale     6    3    5.0000    1.2000
parameters
    0.1742    2.8153   22.8142   -4.4430   -6.5283   -4.9048
    9.7689   -3.0628   -5.9161   10.4042    5.5481  -14.2037
eta,q 0.97709 11.95687
  0.0270  0.0257  0.0239  0.0267  0.0247  0.0254  0.0251  0.0280  0.0250  0.0259  0.0243  0.0238
  0.0249  0.0242  0.0232  0.0252  0.0236  0.0243  0.0239  0.0255  0.0239  0.0243  0.0236  0.0233
  0.0235  0.0232  0.0228  0.0239  0.0229  0.0234  0.0232  0.0237  0.0232  0.0233  0.0232  0.0230
  0.0229  0.0229  0.0229  0.0228  0.0228  0.0228  0.0230  0.0230  0.0229  0.0229  0.0229  0.0229
  0.0232  0.0233  0.0234  0.0227  0.0234  0.0228  0.0234  0.0234  0.0231  0.0233  0.0230  0.0232
  0.0242  0.0242  0.0243  0.0241  0.0248  0.0247  0.0243  0.0250  0.0237  0.0241  0.0235  0.0239
  0.0260  0.0257  0.0256  0.0272  0.0269  0.0284  0.0257  0.0276  0.0247  0.0254  0.0242  0.0247
niter,ni,del,rscale     5    3    5.0000    1.2000
parameters
    0.2788    2.9134   22.5969   -4.1435   -6.5941   -5.0886
    9.7354   -2.9723   -5.8645   10.6732    5.5007  -14.6877
eta,q 0.97714 11.96223
  0.0266  0.0257  0.0243  0.0266  0.0255  0.0257  0.0253  0.0278  0.0247  0.0258  0.0242  0.0240
  0.0246  0.0242  0.0234  0.0252  0.0241  0.0245  0.0240  0.0253  0.0237  0.0242  0.0235  0.0234
  0.0234  0.0232  0.0230  0.0239  0.0233  0.0235  0.0232  0.0236  0.0231  0.0232  0.0230  0.0230
  0.0229  0.0229  0.0229  0.0229  0.0228  0.0228  0.0229  0.0229  0.0229  0.0229  0.0229  0.0229
  0.0232  0.0232  0.0232  0.0227  0.0230  0.0226  0.0232  0.0233  0.0231  0.0232  0.0230  0.0231
  0.0242  0.0240  0.0238  0.0239  0.0241  0.0239  0.0240  0.0251  0.0237  0.0240  0.0234  0.0236
  0.0260  0.0253  0.0248  0.0269  0.0258  0.0271  0.0254  0.0277  0.0247  0.0253  0.0243  0.0244
niter,ni,del,rscale     4    3    5.0000    1.2000
parameters
    0.3135    2.9582   22.5123   -4.1223   -6.6031   -5.1010
    9.7478   -2.9131   -5.8311   10.8099    5.4714  -14.8901
eta,q 0.97713 11.96469
  0.0264  0.0255  0.0244  0.0264  0.0255  0.0259  0.0253  0.0278  0.0247  0.0257  0.0242  0.0241
  0.0245  0.0241  0.0235  0.0251  0.0242  0.0246  0.0240  0.0253  0.0237  0.0241  0.0235  0.0234
  0.0233  0.0232  0.0230  0.0238  0.0233  0.0236  0.0232  0.0235  0.0231  0.0231  0.0230  0.0230
  0.0229  0.0229  0.0229  0.0229  0.0229  0.0229  0.0229  0.0229  0.0229  0.0229  0.0229  0.0229
  0.0232  0.0232  0.0231  0.0228  0.0230  0.0225  0.0231  0.0233  0.0231  0.0232  0.0230  0.0230
  0.0244  0.0240  0.0237  0.0241  0.0241  0.0237  0.0240  0.0251  0.0237  0.0240  0.0234  0.0235
  0.0262  0.0253  0.0246  0.0273  0.0258  0.0268  0.0253  0.0277  0.0247  0.0253  0.0243  0.0243
niter,ni,del,rscale     3    3    5.0000    1.2000
parameters
    0.3303    2.9748   22.4776   -4.1236   -6.6066   -5.1058
    9.7496   -2.8807   -5.8140   10.8632    5.4547  -14.9647
eta,q 0.97713 11.96519
  0.0263  0.0255  0.0245  0.0264  0.0255  0.0259  0.0253  0.0277  0.0247  0.0256  0.0242  0.0242
  0.0245  0.0240  0.0235  0.0251  0.0242  0.0246  0.0240  0.0253  0.0237  0.0240  0.0235  0.0235
  0.0233  0.0231  0.0230  0.0238  0.0233  0.0236  0.0232  0.0235  0.0231  0.0231  0.0230  0.0230
  0.0229  0.0229  0.0229  0.0229  0.0229  0.0229  0.0229  0.0229  0.0229  0.0229  0.0229  0.0229
  0.0232  0.0232  0.0231  0.0228  0.0231  0.0225  0.0232  0.0234  0.0231  0.0233  0.0230  0.0230
  0.0244  0.0240  0.0236  0.0242  0.0241  0.0237  0.0240  0.0251  0.0237  0.0241  0.0234  0.0235
  0.0262  0.0253  0.0245  0.0274  0.0257  0.0268  0.0253  0.0278  0.0247  0.0254  0.0243  0.0242
niter,ni,del,rscale     2    3    5.0000    1.2000
parameters
    0.3385    2.9818   22.4640   -4.1227   -6.6098   -5.1107
    9.7551   -2.8653   -5.8051   10.8885    5.4414  -15.0040
eta,q 0.97713 11.96527
  0.0263  0.0254  0.0245  0.0264  0.0255  0.0259  0.0253  0.0277  0.0247  0.0256  0.0242  0.0242
  0.0244  0.0240  0.0236  0.0251  0.0242  0.0246  0.0240  0.0253  0.0237  0.0240  0.0235  0.0235
  0.0233  0.0231  0.0230  0.0238  0.0233  0.0236  0.0232  0.0235  0.0231  0.0231  0.0230  0.0230
  0.0229  0.0229  0.0229  0.0229  0.0229  0.0229  0.0229  0.0229  0.0229  0.0229  0.0229  0.0229
  0.0233  0.0232  0.0231  0.0228  0.0231  0.0226  0.0232  0.0234  0.0231  0.0233  0.0230  0.0230
  0.0244  0.0240  0.0236  0.0242  0.0240  0.0237  0.0240  0.0252  0.0237  0.0241  0.0234  0.0235
  0.0263  0.0253  0.0245  0.0274  0.0257  0.0268  0.0253  0.0278  0.0247  0.0254  0.0243  0.0242
registration optimization eta report
parameter search radius
    2.4000    2.4000    2.4000    8.2800    8.2800    7.2000
    7.2000    7.2000    7.2000    7.2000    7.2000    7.2000
100000*second partial in parameter space
       59.       44.       29.        6.        4.        7.
        5.        9.        3.        5.        3.        3.
  0.0263  0.0254  0.0245  0.0264  0.0255  0.0259  0.0253  0.0277  0.0247  0.0256  0.0242  0.0242
  0.0244  0.0240  0.0236  0.0251  0.0242  0.0246  0.0240  0.0253  0.0237  0.0240  0.0235  0.0235
  0.0233  0.0231  0.0230  0.0238  0.0233  0.0236  0.0232  0.0235  0.0231  0.0231  0.0230  0.0230
  0.0229  0.0229  0.0229  0.0229  0.0229  0.0229  0.0229  0.0229  0.0229  0.0229  0.0229  0.0229
  0.0233  0.0232  0.0231  0.0228  0.0231  0.0226  0.0232  0.0234  0.0231  0.0233  0.0230  0.0230
  0.0244  0.0240  0.0236  0.0242  0.0240  0.0237  0.0240  0.0252  0.0237  0.0241  0.0234  0.0235
  0.0263  0.0253  0.0245  0.0274  0.0257  0.0268  0.0253  0.0278  0.0247  0.0254  0.0243  0.0242
    0.3385    2.9818   22.4640   -4.1227   -6.6098   -5.1107
    9.7551   -2.8653   -5.8051   10.8885    5.4414  -15.0040
eta,q 0.97713 11.96527

---------------------------------------------------------------------
imgreg_4dfp /opt/freesurfer/average/711-2C_as_mni_average_305 /opt/freesurfer/average/711-2B_as_mni_average_305_mask talsrcimg_g11 none talsrcimg_to_711-2C_as_mni_average_305_t4 2311
---------------------------------------------------------------------

freesurfer imgreg_4dfp.c
/opt/freesurfer/average/711-2C_as_mni_average_305.4dfp.img
       256       256       256         1
  1.000000  1.000000  1.000000
orientation T byte_order littleendian
Reading image: /opt/freesurfer/average/711-2C_as_mni_average_305.4dfp.img
dimensions:      256       256       256
mmppix:       1.0000   -1.0000   -1.0000
center:     128.0000 -129.0000 -129.0000
/opt/freesurfer/average/711-2B_as_mni_average_305_mask.4dfp.img
       256       256       256         1
  1.000000  1.000000  1.000000
orientation T byte_order littleendian
Reading mask: /opt/freesurfer/average/711-2B_as_mni_average_305_mask.4dfp.img (2306576 pixels)
talsrcimg_g11.4dfp.img
       256       256       256         1
  1.000000  1.000000  1.000000
orientation T byte_order littleendian
Reading image: talsrcimg_g11.4dfp.img
dimensions:      256       256       256
mmppix:       1.0000   -1.0000   -1.0000
center:     128.0000 -129.0000 -129.0000
fimgreg.f
image alignment mode   2311 decimal      907 hex
parameters
    0.3385    2.9818   22.4640   -4.1227   -6.6098   -5.1107
    9.7551   -2.8653   -5.8051   10.8885    5.4414  -15.0040
eta,q 0.97713 11.96526
niter,ni,del,rscale     5    3    5.0000    0.8000
parameters
    0.3403    2.9522   22.4307   -2.9438   -6.3718   -4.5418
    9.6644   -2.8418   -5.7215   10.7447    5.1418  -14.9660
eta,q 0.97742 12.04378
  0.0244  0.0240  0.0236  0.0247  0.0237  0.0244  0.0238  0.0253  0.0235  0.0238  0.0232  0.0232
  0.0236  0.0233  0.0232  0.0240  0.0232  0.0237  0.0231  0.0239  0.0230  0.0231  0.0229  0.0229
  0.0230  0.0230  0.0229  0.0234  0.0229  0.0231  0.0227  0.0229  0.0227  0.0227  0.0226  0.0227
  0.0229  0.0229  0.0229  0.0229  0.0227  0.0227  0.0226  0.0226  0.0226  0.0226  0.0226  0.0226
  0.0230  0.0230  0.0230  0.0227  0.0227  0.0225  0.0227  0.0229  0.0227  0.0228  0.0227  0.0226
  0.0236  0.0234  0.0232  0.0229  0.0230  0.0228  0.0232  0.0238  0.0230  0.0232  0.0230  0.0229
  0.0244  0.0240  0.0236  0.0237  0.0236  0.0240  0.0239  0.0253  0.0234  0.0239  0.0234  0.0232
niter,ni,del,rscale     4    3    5.0000    0.7000
parameters
    0.2739    2.9579   22.6224   -3.0291   -6.4240   -4.1323
    9.6222   -2.9008   -5.6995   10.7439    5.0386  -14.7633
eta,q 0.97750 12.05444
  0.0238  0.0235  0.0234  0.0238  0.0233  0.0239  0.0234  0.0246  0.0232  0.0235  0.0231  0.0231
  0.0231  0.0230  0.0230  0.0232  0.0229  0.0234  0.0229  0.0235  0.0228  0.0230  0.0228  0.0228
  0.0227  0.0227  0.0227  0.0228  0.0227  0.0229  0.0226  0.0227  0.0226  0.0226  0.0226  0.0226
  0.0226  0.0226  0.0226  0.0226  0.0226  0.0226  0.0225  0.0225  0.0225  0.0225  0.0225  0.0225
  0.0228  0.0227  0.0226  0.0227  0.0226  0.0224  0.0226  0.0228  0.0226  0.0226  0.0226  0.0225
  0.0233  0.0230  0.0227  0.0231  0.0229  0.0227  0.0229  0.0235  0.0228  0.0230  0.0228  0.0227
  0.0240  0.0235  0.0230  0.0241  0.0234  0.0237  0.0235  0.0248  0.0232  0.0235  0.0231  0.0230
niter,ni,del,rscale     3    3    5.0000    0.6000
parameters
    0.2372    2.9510   22.7284   -3.0083   -6.4135   -3.8703
    9.5909   -2.9326   -5.6790   10.6916    4.9677  -14.6201
eta,q 0.97755 12.06465
  0.0234  0.0232  0.0231  0.0235  0.0231  0.0236  0.0232  0.0241  0.0230  0.0232  0.0229  0.0229
  0.0229  0.0228  0.0228  0.0230  0.0228  0.0231  0.0228  0.0232  0.0227  0.0228  0.0227  0.0227
  0.0226  0.0226  0.0226  0.0227  0.0226  0.0227  0.0225  0.0226  0.0225  0.0225  0.0225  0.0225
  0.0225  0.0225  0.0225  0.0225  0.0225  0.0225  0.0225  0.0225  0.0225  0.0225  0.0225  0.0225
  0.0226  0.0226  0.0225  0.0226  0.0225  0.0224  0.0225  0.0226  0.0225  0.0226  0.0225  0.0225
  0.0230  0.0228  0.0227  0.0229  0.0227  0.0227  0.0228  0.0232  0.0227  0.0228  0.0227  0.0226
  0.0235  0.0232  0.0229  0.0236  0.0231  0.0235  0.0232  0.0242  0.0230  0.0232  0.0230  0.0228
niter,ni,del,rscale     2    3    5.0000    0.5000
parameters
    0.2124    2.9446   22.8000   -2.9946   -6.3959   -3.6249
    9.5784   -2.9629   -5.6583   10.6588    4.9242  -14.5336
eta,q 0.97758 12.07437
  0.0231  0.0229  0.0229  0.0232  0.0229  0.0233  0.0229  0.0236  0.0228  0.0230  0.0228  0.0227
  0.0227  0.0227  0.0226  0.0228  0.0227  0.0229  0.0227  0.0229  0.0226  0.0227  0.0226  0.0226
  0.0225  0.0225  0.0225  0.0226  0.0225  0.0226  0.0225  0.0226  0.0225  0.0225  0.0225  0.0225
  0.0224  0.0225  0.0225  0.0224  0.0224  0.0224  0.0224  0.0224  0.0224  0.0224  0.0224  0.0224
  0.0225  0.0225  0.0225  0.0225  0.0225  0.0224  0.0225  0.0226  0.0225  0.0225  0.0225  0.0224
  0.0228  0.0227  0.0226  0.0228  0.0226  0.0226  0.0226  0.0230  0.0226  0.0227  0.0226  0.0225
  0.0232  0.0229  0.0228  0.0232  0.0229  0.0232  0.0229  0.0237  0.0228  0.0230  0.0228  0.0227
niter,ni,del,rscale     1    3    5.0000    0.4000
parameters
    0.1906    2.9358   22.8512   -3.0084   -6.3605   -3.4155
    9.5534   -2.9831   -5.6276   10.6431    4.8861  -14.4885
eta,q 0.97760 12.08296
  0.0229  0.0227  0.0227  0.0229  0.0227  0.0230  0.0227  0.0232  0.0226  0.0228  0.0226  0.0226
  0.0226  0.0226  0.0225  0.0226  0.0226  0.0227  0.0225  0.0227  0.0225  0.0226  0.0225  0.0225
  0.0225  0.0225  0.0225  0.0225  0.0225  0.0225  0.0224  0.0225  0.0224  0.0224  0.0224  0.0224
  0.0224  0.0224  0.0224  0.0224  0.0224  0.0224  0.0224  0.0224  0.0224  0.0224  0.0224  0.0224
  0.0225  0.0225  0.0224  0.0225  0.0224  0.0224  0.0224  0.0225  0.0224  0.0225  0.0224  0.0224
  0.0226  0.0226  0.0225  0.0226  0.0225  0.0225  0.0226  0.0228  0.0225  0.0226  0.0225  0.0225
  0.0229  0.0227  0.0226  0.0229  0.0227  0.0229  0.0227  0.0232  0.0226  0.0228  0.0226  0.0226
registration optimization eta report
parameter search radius
    0.8000    0.8000    0.8000    2.4000    2.4000    2.4000
    2.4000    2.4000    2.4000    2.4000    2.4000    2.4000
100000*second partial in parameter space
       71.       48.       36.        8.        5.        9.
        6.       14.        4.        6.        4.        3.
  0.0229  0.0227  0.0227  0.0229  0.0227  0.0230  0.0227  0.0232  0.0226  0.0228  0.0226  0.0226
  0.0226  0.0226  0.0225  0.0226  0.0226  0.0227  0.0225  0.0227  0.0225  0.0226  0.0225  0.0225
  0.0225  0.0225  0.0225  0.0225  0.0225  0.0225  0.0224  0.0225  0.0224  0.0224  0.0224  0.0224
  0.0224  0.0224  0.0224  0.0224  0.0224  0.0224  0.0224  0.0224  0.0224  0.0224  0.0224  0.0224
  0.0225  0.0225  0.0224  0.0225  0.0224  0.0224  0.0224  0.0225  0.0224  0.0225  0.0224  0.0224
  0.0226  0.0226  0.0225  0.0226  0.0225  0.0225  0.0226  0.0228  0.0225  0.0226  0.0225  0.0225
  0.0229  0.0227  0.0226  0.0229  0.0227  0.0229  0.0227  0.0232  0.0226  0.0228  0.0226  0.0226
    0.1906    2.9358   22.8512   -3.0084   -6.3605   -3.4155
    9.5534   -2.9831   -5.6276   10.6431    4.8861  -14.4885
eta,q 0.97760 12.08296

---------------------------------------------------------------------
imgreg_4dfp /opt/freesurfer/average/711-2C_as_mni_average_305 /opt/freesurfer/average/711-2B_as_mni_average_305_mask talsrcimg_g11 none talsrcimg_to_711-2C_as_mni_average_305_t4 2311
---------------------------------------------------------------------

freesurfer imgreg_4dfp.c
/opt/freesurfer/average/711-2C_as_mni_average_305.4dfp.img
       256       256       256         1
  1.000000  1.000000  1.000000
orientation T byte_order littleendian
Reading image: /opt/freesurfer/average/711-2C_as_mni_average_305.4dfp.img
dimensions:      256       256       256
mmppix:       1.0000   -1.0000   -1.0000
center:     128.0000 -129.0000 -129.0000
/opt/freesurfer/average/711-2B_as_mni_average_305_mask.4dfp.img
       256       256       256         1
  1.000000  1.000000  1.000000
orientation T byte_order littleendian
Reading mask: /opt/freesurfer/average/711-2B_as_mni_average_305_mask.4dfp.img (2306576 pixels)
talsrcimg_g11.4dfp.img
       256       256       256         1
  1.000000  1.000000  1.000000
orientation T byte_order littleendian
Reading image: talsrcimg_g11.4dfp.img
dimensions:      256       256       256
mmppix:       1.0000   -1.0000   -1.0000
center:     128.0000 -129.0000 -129.0000
fimgreg.f
image alignment mode   2311 decimal      907 hex
parameters
    0.1906    2.9358   22.8512   -3.0084   -6.3605   -3.4155
    9.5534   -2.9831   -5.6276   10.6431    4.8861  -14.4885
eta,q 0.97760 12.08296
niter,ni,del,rscale     5    3    5.0000    0.8000
parameters
    0.1880    2.9553   22.8935   -3.4227   -6.6429   -3.9972
    9.5929   -2.9897   -5.7148   10.7087    5.0360  -14.4234
eta,q 0.97749 12.03322
  0.0242  0.0237  0.0234  0.0239  0.0233  0.0239  0.0237  0.0252  0.0234  0.0239  0.0233  0.0232
  0.0232  0.0230  0.0229  0.0232  0.0228  0.0233  0.0231  0.0238  0.0229  0.0231  0.0229  0.0228
  0.0226  0.0225  0.0225  0.0226  0.0225  0.0227  0.0227  0.0228  0.0226  0.0227  0.0226  0.0226
  0.0224  0.0224  0.0224  0.0224  0.0224  0.0224  0.0225  0.0225  0.0225  0.0225  0.0225  0.0225
  0.0226  0.0225  0.0225  0.0226  0.0225  0.0225  0.0226  0.0228  0.0226  0.0227  0.0226  0.0226
  0.0232  0.0229  0.0228  0.0234  0.0229  0.0236  0.0231  0.0238  0.0229  0.0231  0.0228  0.0228
  0.0242  0.0236  0.0233  0.0247  0.0236  0.0255  0.0237  0.0253  0.0234  0.0238  0.0233  0.0232
niter,ni,del,rscale     4    3    5.0000    0.7000
parameters
    0.2195    2.9406   22.7970   -3.1210   -6.4716   -4.0290
    9.5929   -2.9572   -5.7028   10.6476    5.0205  -14.4777
eta,q 0.97752 12.05066
  0.0239  0.0234  0.0231  0.0239  0.0233  0.0238  0.0234  0.0247  0.0232  0.0235  0.0231  0.0230
  0.0231  0.0229  0.0227  0.0233  0.0229  0.0232  0.0229  0.0235  0.0228  0.0229  0.0228  0.0227
  0.0227  0.0226  0.0226  0.0228  0.0226  0.0228  0.0226  0.0228  0.0226  0.0226  0.0225  0.0225
  0.0225  0.0225  0.0225  0.0225  0.0225  0.0225  0.0225  0.0225  0.0225  0.0225  0.0225  0.0225
  0.0227  0.0226  0.0226  0.0225  0.0225  0.0224  0.0226  0.0227  0.0226  0.0226  0.0225  0.0225
  0.0231  0.0229  0.0229  0.0229  0.0228  0.0229  0.0229  0.0235  0.0228  0.0230  0.0228  0.0227
  0.0238  0.0234  0.0233  0.0237  0.0232  0.0242  0.0234  0.0247  0.0232  0.0235  0.0231  0.0230
niter,ni,del,rscale     3    3    5.0000    0.6000
parameters
    0.2160    2.9357   22.7884   -3.0256   -6.4160   -3.8411
    9.5760   -2.9634   -5.6887   10.6300    4.9736  -14.5120
eta,q 0.97755 12.06384
  0.0235  0.0232  0.0230  0.0235  0.0230  0.0235  0.0232  0.0241  0.0230  0.0232  0.0229  0.0228
  0.0229  0.0228  0.0227  0.0230  0.0228  0.0231  0.0228  0.0232  0.0227  0.0228  0.0227  0.0226
  0.0226  0.0225  0.0225  0.0227  0.0226  0.0227  0.0225  0.0226  0.0225  0.0225  0.0225  0.0225
  0.0225  0.0225  0.0225  0.0225  0.0225  0.0225  0.0224  0.0224  0.0224  0.0224  0.0224  0.0224
  0.0226  0.0226  0.0225  0.0225  0.0225  0.0224  0.0225  0.0226  0.0225  0.0225  0.0225  0.0225
  0.0229  0.0228  0.0227  0.0229  0.0227  0.0227  0.0228  0.0232  0.0227  0.0228  0.0227  0.0226
  0.0235  0.0232  0.0230  0.0235  0.0231  0.0235  0.0232  0.0241  0.0230  0.0232  0.0229  0.0228
niter,ni,del,rscale     2    3    5.0000    0.5000
parameters
    0.2032    2.9347   22.8177   -3.0040   -6.3900   -3.6222
    9.5613   -2.9753   -5.6587   10.6330    4.9341  -14.5085
eta,q 0.97758 12.07410
  0.0231  0.0229  0.0228  0.0232  0.0229  0.0232  0.0229  0.0236  0.0228  0.0230  0.0228  0.0227
  0.0227  0.0227  0.0226  0.0228  0.0226  0.0229  0.0226  0.0230  0.0226  0.0227  0.0226  0.0225
  0.0225  0.0225  0.0225  0.0226  0.0225  0.0226  0.0225  0.0226  0.0225  0.0225  0.0225  0.0225
  0.0224  0.0224  0.0224  0.0224  0.0224  0.0224  0.0224  0.0224  0.0224  0.0224  0.0224  0.0224
  0.0225  0.0225  0.0225  0.0225  0.0225  0.0224  0.0225  0.0226  0.0225  0.0225  0.0225  0.0224
  0.0228  0.0227  0.0226  0.0228  0.0226  0.0226  0.0227  0.0230  0.0226  0.0227  0.0226  0.0225
  0.0232  0.0229  0.0228  0.0232  0.0229  0.0232  0.0229  0.0236  0.0228  0.0230  0.0228  0.0227
niter,ni,del,rscale     1    3    5.0000    0.4000
parameters
    0.1878    2.9289   22.8562   -3.0095   -6.3666   -3.4128
    9.5489   -2.9903   -5.6203   10.6372    4.9031  -14.4692
eta,q 0.97760 12.08246
  0.0229  0.0227  0.0227  0.0229  0.0227  0.0230  0.0227  0.0232  0.0226  0.0228  0.0226  0.0226
  0.0226  0.0226  0.0225  0.0227  0.0226  0.0227  0.0226  0.0228  0.0225  0.0226  0.0225  0.0225
  0.0225  0.0225  0.0225  0.0225  0.0225  0.0225  0.0224  0.0225  0.0224  0.0224  0.0224  0.0224
  0.0224  0.0224  0.0224  0.0224  0.0224  0.0224  0.0224  0.0224  0.0224  0.0224  0.0224  0.0224
  0.0225  0.0225  0.0224  0.0225  0.0224  0.0224  0.0224  0.0225  0.0224  0.0224  0.0224  0.0224
  0.0226  0.0226  0.0225  0.0226  0.0225  0.0225  0.0226  0.0228  0.0225  0.0226  0.0225  0.0225
  0.0229  0.0227  0.0226  0.0229  0.0227  0.0229  0.0227  0.0232  0.0226  0.0228  0.0226  0.0226
registration optimization eta report
parameter search radius
    0.8000    0.8000    0.8000    2.4000    2.4000    2.4000
    2.4000    2.4000    2.4000    2.4000    2.4000    2.4000
100000*second partial in parameter space
       71.       49.       36.        8.        5.        9.
        6.       14.        4.        6.        4.        3.
  0.0229  0.0227  0.0227  0.0229  0.0227  0.0230  0.0227  0.0232  0.0226  0.0228  0.0226  0.0226
  0.0226  0.0226  0.0225  0.0227  0.0226  0.0227  0.0226  0.0228  0.0225  0.0226  0.0225  0.0225
  0.0225  0.0225  0.0225  0.0225  0.0225  0.0225  0.0224  0.0225  0.0224  0.0224  0.0224  0.0224
  0.0224  0.0224  0.0224  0.0224  0.0224  0.0224  0.0224  0.0224  0.0224  0.0224  0.0224  0.0224
  0.0225  0.0225  0.0224  0.0225  0.0224  0.0224  0.0224  0.0225  0.0224  0.0224  0.0224  0.0224
  0.0226  0.0226  0.0225  0.0226  0.0225  0.0225  0.0226  0.0228  0.0225  0.0226  0.0225  0.0225
  0.0229  0.0227  0.0226  0.0229  0.0227  0.0229  0.0227  0.0232  0.0226  0.0228  0.0226  0.0226
    0.1878    2.9289   22.8562   -3.0095   -6.3666   -3.4128
    9.5489   -2.9903   -5.6203   10.6372    4.9031  -14.4692
eta,q 0.97760 12.08246

---------------------------------------------------------------------
compute_vox2vox talsrcimg talsrcimg_to_711-2C_as_mni_average_305_t4 /opt/freesurfer/average/711-2C_as_mni_average_305
---------------------------------------------------------------------

freesurfer compute_vox2vox.c
Reading: talsrcimg.4dfp.ifh
Reading: talsrcimg_to_711-2C_as_mni_average_305_t4
Reading: /opt/freesurfer/average/711-2C_as_mni_average_305.4dfp.ifh
Writing: talsrcimg_to_711-2C_as_mni_average_305_t4_vox2vox.txt

start time Sat Mar 14 00:06:32 CET 2026
end		time Sat Mar 14 00:06:46 CET 2026

mpr2mni305 success

avi2talxfm orig_nu.mgz /opt/freesurfer/average/mni305.cor.mgz talsrcimg_to_711-2C_as_mni_average_305_t4_vox2vox.txt transforms/talairach.auto.xfm
avi2talxfm done
mv -f /out/sourcedata/freesurfer/sub-v2s8x29188_ses-1/mri/talsrcimg_to_711-2C_as_mni_average_305_t4_vox2vox.txt /out/sourcedata/freesurfer/sub-v2s8x29188_ses-1/mri/transforms/talsrcimg_to_711-2C_as_mni_average_305_t4_vox2vox.txt
lta_convert --src orig_nu.mgz --trg /opt/freesurfer/average/mni305.cor.mgz --inxfm transforms/talairach.auto.xfm --outlta transforms/talairach.auto.xfm.lta --subject fsaverage
7.3.2

--src: orig_nu.mgz src image (geometry).
--trg: /opt/freesurfer/average/mni305.cor.mgz trg image (geometry).
--inmni: transforms/talairach.auto.xfm input MNI/XFM transform.
--outlta: transforms/talairach.auto.xfm.lta output LTA.
--s: fsaverage subject name
 LTA read, type : 1
 1.02322   0.04245  -0.09779  -1.45870;
-0.04203   1.01627   0.16133  -24.82603;
 0.06619  -0.11291   1.04380  -1.57684;
 0.00000   0.00000   0.00000   1.00000;
setting subject to fsaverage
Writing  LTA to file transforms/talairach.auto.xfm.lta...
lta_convert successful.
 
 
Started at Sat Mar 14 00:06:32 CET 2026
Ended   at Sat Mar 14 00:06:46 CET 2026
talairach_avi done
