/out/sourcedata/freesurfer/sub-v2s8x29229_ses-1/mri
/opt/freesurfer/bin/talairach_avi
--i orig_nu.mgz --xfm transforms/talairach.auto.xfm
talairach_avi 7.3.2
Linux dna061 5.14.0-427.37.1.el9_4.x86_64 #1 SMP PREEMPT_DYNAMIC Fri Sep 13 12:41:50 EDT 2024 x86_64 x86_64 x86_64 GNU/Linux
Sat Mar 14 02:02:27 CET 2026
mri_convert orig_nu.mgz talsrcimg.img 
reading from orig_nu.mgz...
TR=0.00, TE=0.00, TI=0.00, flip angle=0.00
i_ras = (-1, 0, 0)
j_ras = (0, 0, -1)
k_ras = (0, 1, 0)
writing to talsrcimg.img...
Analyze Output Matrix
-1.00000   0.00000   0.00000   126.05019;
 0.00000   0.00000   1.00000  -128.00000;
 0.00000  -1.00000   0.00000   130.00000;
 0.00000   0.00000   0.00000   1.00000;
--------------------
INFO: set hdr.hist.orient to -1
mpr2mni305 talsrcimg
Sat Mar 14 02:02:28 CET 2026
/opt/freesurfer/bin/mpr2mni305 talsrcimg
mpr2mni305 7.3.2
target=711-2C_as_mni_average_305

---------------------------------------------------------------------
analyzeto4dfp talsrcimg -O0 -y
---------------------------------------------------------------------

freesurfer ifh2hdr.c
Sat Mar 14 02:02:28 2026
Writing: talsrcimg.4dfp.hdr
freesurfer analyzeto4dfp.c
Reading: talsrcimg.hdr
header size 348 bytes
hdr.dime.datatype	offset=70	value=2
hdr.dime.bitpix		offset=72	value=8
hdr.hist.orient		offset=252	value=-1
dimensionality     4
dimensions       256       256       256         1
Reading: talsrcimg.img
Writing: talsrcimg.4dfp.img
Writing: talsrcimg.4dfp.ifh
ifh2hdr talsrcimg -r0to207
ori=2

---------------------------------------------------------------------
gauss_4dfp talsrcimg 1.1
---------------------------------------------------------------------

freesurfer gauss_4dfp.c
Reading: talsrcimg.4dfp.img
Writing: talsrcimg_g11.4dfp.img
image dimensions 256 256 256 padded to 288 288 288
processing volume 1freesurfer ifh2hdr.c
Sat Mar 14 02:02:30 2026
Writing: talsrcimg_g11.4dfp.hdr

Writing: talsrcimg_g11.4dfp.ifh
including: talsrcimg.4dfp.img.rec in talsrcimg_g11.4dfp.img.rec

---------------------------------------------------------------------
imgreg_4dfp /opt/freesurfer/average/711-2C_as_mni_average_305 none talsrcimg_g11 none talsrcimg_to_711-2C_as_mni_average_305_t4 4355
---------------------------------------------------------------------

freesurfer imgreg_4dfp.c
/opt/freesurfer/average/711-2C_as_mni_average_305.4dfp.img
       256       256       256         1
  1.000000  1.000000  1.000000
orientation T byte_order littleendian
Reading image: /opt/freesurfer/average/711-2C_as_mni_average_305.4dfp.img
dimensions:      256       256       256
mmppix:       1.0000   -1.0000   -1.0000
center:     128.0000 -129.0000 -129.0000
talsrcimg_g11.4dfp.img
       256       256       256         1
  1.000000  1.000000  1.000000
orientation T byte_order littleendian
Reading image: talsrcimg_g11.4dfp.img
dimensions:      256       256       256
mmppix:       1.0000   -1.0000   -1.0000
center:     128.0000 -129.0000 -129.0000
t4_read: open error in t4_sub.f l:  41 t4_file(1:l)talsrcimg_to_711-2C_as_mni_average_305_t4 
t4_read: transform initialized to I4
rotation matrix determinant  1.000000
image alignment mode   4355 decimal     1103 hex
   -7.5000  -45.0000  -45.0000 9030.1553   18.9242
    0.0000  -45.0000  -45.0000 9450.8613   18.9137
    7.5000  -45.0000  -45.0000 9091.9082   18.9185
   -7.5000  -37.5000  -45.0000 9334.9639   18.9274
    0.0000  -37.5000  -45.0000 9788.0273   18.9175
    7.5000  -37.5000  -45.0000 9411.4639   18.9240
   -7.5000  -30.0000  -45.0000 9985.7168   18.9092
    0.0000  -30.0000  -45.000010451.4014   18.8972
    7.5000  -30.0000  -45.000010041.6592   18.9007
   -7.5000  -22.5000  -45.000010559.5195   18.8855
    0.0000  -22.5000  -45.000011052.4355   18.8704
    7.5000  -22.5000  -45.000010605.8652   18.8694
   -7.5000  -15.0000  -45.000011058.7227   18.8783
    0.0000  -15.0000  -45.000011560.8604   18.8631
    7.5000  -15.0000  -45.000011111.1855   18.8612
   -7.5000   -7.5000  -45.000011496.2754   18.8986
    0.0000   -7.5000  -45.000012032.1592   18.8858
    7.5000   -7.5000  -45.000011563.8535   18.8870
   -7.5000    0.0000  -45.000011851.9580   18.9240
    0.0000    0.0000  -45.000012372.7246   18.9135
    7.5000    0.0000  -45.000011891.5049   18.9183
   -7.5000    7.5000  -45.000011181.5859   18.9274
    0.0000    7.5000  -45.000011665.6172   18.9175
    7.5000    7.5000  -45.000011188.8936   18.9240
   -7.5000   15.0000  -45.000010425.7451   18.9092
    0.0000   15.0000  -45.000010840.9209   18.8972
    7.5000   15.0000  -45.000010390.5742   18.9007
   -7.5000   22.5000  -45.0000 9632.0576   18.8829
    0.0000   22.5000  -45.000010005.2090   18.8679
    7.5000   22.5000  -45.0000 9593.7217   18.8668
   -7.5000   30.0000  -45.0000 8826.7568   18.6271
    0.0000   30.0000  -45.0000 9175.8740   18.6121
    7.5000   30.0000  -45.0000 8782.1064   18.6102
   -7.5000   37.5000  -45.0000 8224.1543   18.6692
    0.0000   37.5000  -45.0000 8558.8057   18.6565
    7.5000   37.5000  -45.0000 8173.9917   18.6576
   -7.5000   45.0000  -45.0000 7277.2656   18.3332
    0.0000   45.0000  -45.0000 7582.6187   18.3219
    7.5000   45.0000  -45.0000 7240.7710   18.3263
   -7.5000  -45.0000  -37.5000 9554.7002   18.8912
    0.0000  -45.0000  -37.500010021.9678   18.8747
    7.5000  -45.0000  -37.5000 9635.3291   18.8770
   -7.5000  -37.5000  -37.5000 9883.0811   18.8897
    0.0000  -37.5000  -37.500010368.1377   18.8768
    7.5000  -37.5000  -37.5000 9967.5156   18.8831
   -7.5000  -30.0000  -37.500010534.5078   18.8700
    0.0000  -30.0000  -37.500011049.3213   18.8592
    7.5000  -30.0000  -37.500010592.8467   18.8677
   -7.5000  -22.5000  -37.500011122.2061   18.8504
    0.0000  -22.5000  -37.500011665.4717   18.8373
    7.5000  -22.5000  -37.500011178.1279   18.8433
   -7.5000  -15.0000  -37.500011644.0449   18.8491
    0.0000  -15.0000  -37.500012187.5166   18.8325
    7.5000  -15.0000  -37.500011692.4814   18.8353
   -7.5000   -7.5000  -37.500012104.7041   18.8700
    0.0000   -7.5000  -37.500012659.5498   18.8522
    7.5000   -7.5000  -37.500012151.6855   18.8534
   -7.5000    0.0000  -37.500012452.7520   18.8910
    0.0000    0.0000  -37.500013012.0264   18.8745
    7.5000    0.0000  -37.500012473.4961   18.8768
   -7.5000    7.5000  -37.500011727.7129   18.8897
    0.0000    7.5000  -37.500012230.9756   18.8768
    7.5000    7.5000  -37.500011718.1885   18.8831
   -7.5000   15.0000  -37.500010889.0186   18.8700
    0.0000   15.0000  -37.500011332.4756   18.8592
    7.5000   15.0000  -37.500010853.2588   18.8677
   -7.5000   22.5000  -37.500010034.8457   18.8478
    0.0000   22.5000  -37.500010433.3486   18.8347
    7.5000   22.5000  -37.5000 9991.3799   18.8407
   -7.5000   30.0000  -37.5000 9169.6514   18.5983
    0.0000   30.0000  -37.5000 9539.5352   18.5819
    7.5000   30.0000  -37.5000 9140.9580   18.5847
   -7.5000   37.5000  -37.5000 8549.0586   18.6411
    0.0000   37.5000  -37.5000 8877.5742   18.6234
    7.5000   37.5000  -37.5000 8492.2266   18.6245
   -7.5000   45.0000  -37.5000 7567.6572   18.3022
    0.0000   45.0000  -37.5000 7867.9800   18.2850
    7.5000   45.0000  -37.5000 7528.8364   18.2866
   -7.5000  -45.0000  -30.000010250.1475   19.6682
    0.0000  -45.0000  -30.000010779.9248   19.6370
    7.5000  -45.0000  -30.000010337.7812   19.6292
   -7.5000  -37.5000  -30.000010584.3057   19.6644
    0.0000  -37.5000  -30.000011121.8545   19.6408
    7.5000  -37.5000  -30.000010672.4180   19.6423
   -7.5000  -30.0000  -30.000011271.7148   19.6397
    0.0000  -30.0000  -30.000011842.5625   19.6220
    7.5000  -30.0000  -30.000011342.7051   19.6312
   -7.5000  -22.5000  -30.000011906.4248   19.6183
    0.0000  -22.5000  -30.000012498.7383   19.5970
    7.5000  -22.5000  -30.000011956.2588   19.6038
   -7.5000  -15.0000  -30.000012449.4277   19.6191
    0.0000  -15.0000  -30.000013048.6123   19.5898
    7.5000  -15.0000  -30.000012467.0732   19.5885
   -7.5000   -7.5000  -30.000012910.5596   19.6443
    0.0000   -7.5000  -30.000013508.3330   19.6110
    7.5000   -7.5000  -30.000012914.7236   19.6027
   -7.5000    0.0000  -30.000013232.5459   19.6681
    0.0000    0.0000  -30.000013843.0566   19.6368
    7.5000    0.0000  -30.000013239.1318   19.6290
   -7.5000    7.5000  -30.000012467.0449   19.6644
    0.0000    7.5000  -30.000013006.0391   19.6408
    7.5000    7.5000  -30.000012437.0859   19.6423
   -7.5000   15.0000  -30.000011552.5859   19.6397
    0.0000   15.0000  -30.000012046.3662   19.6220
    7.5000   15.0000  -30.000011510.4473   19.6312
   -7.5000   22.5000  -30.000010639.3311   19.6136
    0.0000   22.5000  -30.000011069.6025   19.5923
    7.5000   22.5000  -30.000010553.2617   19.5991
   -7.5000   30.0000  -30.0000 9694.6602   19.3598
    0.0000   30.0000  -30.000010069.3262   19.3309
    7.5000   30.0000  -30.0000 9623.6758   19.3296
   -7.5000   37.5000  -30.0000 9019.0566   19.4079
    0.0000   37.5000  -30.0000 9353.6123   19.3750
    7.5000   37.5000  -30.0000 8941.5381   19.3666
   -7.5000   45.0000  -30.0000 7986.4883   19.0706
    0.0000   45.0000  -30.0000 8279.9131   19.0389
    7.5000   45.0000  -30.0000 7929.8408   19.0303
   -7.5000  -45.0000  -22.500010932.7559   20.3608
    0.0000  -45.0000  -22.500011462.9053   20.3220
    7.5000  -45.0000  -22.500010993.6250   20.3048
   -7.5000  -37.5000  -22.500011263.4258   20.3597
    0.0000  -37.5000  -22.500011816.4756   20.3285
    7.5000  -37.5000  -22.500011345.8828   20.3233
   -7.5000  -30.0000  -22.500012020.7227   20.3321
    0.0000  -30.0000  -22.500012586.9395   20.3049
    7.5000  -30.0000  -22.500012053.4131   20.3076
   -7.5000  -22.5000  -22.500012692.2363   20.3048
    0.0000  -22.5000  -22.500013293.3252   20.2715
    7.5000  -22.5000  -22.500012697.6406   20.2698
   -7.5000  -15.0000  -22.500013244.1387   20.3013
    0.0000  -15.0000  -22.500013873.1797   20.2599
    7.5000  -15.0000  -22.500013235.4414   20.2476
   -7.5000   -7.5000  -22.500013685.3145   20.3297
    0.0000   -7.5000  -22.500014312.4561   20.2866
    7.5000   -7.5000  -22.500013651.1230   20.2669
   -7.5000    0.0000  -22.500014012.9102   20.3606
    0.0000    0.0000  -22.500014634.9863   20.3218
    7.5000    0.0000  -22.500013968.2725   20.3046
   -7.5000    7.5000  -22.500013197.9932   20.3597
    0.0000    7.5000  -22.500013751.5303   20.3285
    7.5000    7.5000  -22.500013114.8555   20.3233
   -7.5000   15.0000  -22.500012202.1582   20.3321
    0.0000   15.0000  -22.500012710.4658   20.3049
    7.5000   15.0000  -22.500012102.9648   20.3076
   -7.5000   22.5000  -22.500011239.2715   20.2985
    0.0000   22.5000  -22.500011672.5654   20.2652
    7.5000   22.5000  -22.500011104.0117   20.2635
   -7.5000   30.0000  -22.500010224.0352   20.0361
    0.0000   30.0000  -22.500010602.9512   19.9952
    7.5000   30.0000  -22.500010083.6641   19.9831
   -7.5000   37.5000  -22.5000 9476.0879   20.0881
    0.0000   37.5000  -22.5000 9830.2363   20.0455
    7.5000   37.5000  -22.5000 9369.6182   20.0259
   -7.5000   45.0000  -22.5000 8369.5654   19.7579
    0.0000   45.0000  -22.5000 8700.0039   19.7185
    7.5000   45.0000  -22.5000 8301.7939   19.7006
   -7.5000  -45.0000  -15.000011619.1162   20.8674
    0.0000  -45.0000  -15.000012172.2324   20.8332
    7.5000  -45.0000  -15.000011687.3818   20.8160
   -7.5000  -37.5000  -15.000011953.4170   20.8713
    0.0000  -37.5000  -15.000012515.4023   20.8420
    7.5000  -37.5000  -15.000012027.8623   20.8346
   -7.5000  -30.0000  -15.000012724.6758   20.8444
    0.0000  -30.0000  -15.000013289.1582   20.8139
    7.5000  -30.0000  -15.000012767.5762   20.8099
   -7.5000  -22.5000  -15.000013441.6992   20.8115
    0.0000  -22.5000  -15.000014034.2100   20.7733
    7.5000  -22.5000  -15.000013450.1895   20.7625
   -7.5000  -15.0000  -15.000014014.3105   20.8016
    0.0000  -15.0000  -15.000014668.5752   20.7583
    7.5000  -15.0000  -15.000014002.2715   20.7389
   -7.5000   -7.5000  -15.000014440.0361   20.8305
    0.0000   -7.5000  -15.000015092.6230   20.7901
    7.5000   -7.5000  -15.000014407.5850   20.7676
   -7.5000    0.0000  -15.000014757.3828   20.8672
    0.0000    0.0000  -15.000015388.5615   20.8330
    7.5000    0.0000  -15.000014696.2393   20.8158
   -7.5000    7.5000  -15.000013880.9014   20.8713
    0.0000    7.5000  -15.000014427.5508   20.8420
    7.5000    7.5000  -15.000013780.5215   20.8346
   -7.5000   15.0000  -15.000012836.0811   20.8444
    0.0000   15.0000  -15.000013346.3457   20.8139
    7.5000   15.0000  -15.000012726.7070   20.8099
   -7.5000   22.5000  -15.000011800.7275   20.8042
    0.0000   22.5000  -15.000012240.0312   20.7659
    7.5000   22.5000  -15.000011654.4902   20.7551
   -7.5000   30.0000  -15.000010708.8193   20.5328
    0.0000   30.0000  -15.000011099.5391   20.4900
    7.5000   30.0000  -15.000010567.5000   20.4708
   -7.5000   37.5000  -15.0000 9921.3320   20.5856
    0.0000   37.5000  -15.000010276.5801   20.5457
    7.5000   37.5000  -15.0000 9795.8076   20.5232
   -7.5000   45.0000  -15.0000 8735.3594   20.2610
    0.0000   45.0000  -15.0000 9064.5508   20.2260
    7.5000   45.0000  -15.0000 8656.9160   20.2082
   -7.5000  -45.0000   -7.500012301.6221   21.1071
    0.0000  -45.0000   -7.500012873.3232   21.0858
    7.5000  -45.0000   -7.500012388.9209   21.0801
   -7.5000  -37.5000   -7.500012657.5322   21.1131
    0.0000  -37.5000   -7.500013225.0000   21.0939
    7.5000  -37.5000   -7.500012740.0645   21.0930
   -7.5000  -30.0000   -7.500013413.9238   21.0901
    0.0000  -30.0000   -7.500013967.8184   21.0670
    7.5000  -30.0000   -7.500013474.1084   21.0638
   -7.5000  -22.5000   -7.500014147.9824   21.0579
    0.0000  -22.5000   -7.500014763.3154   21.0283
    7.5000  -22.5000   -7.500014210.3096   21.0181
   -7.5000  -15.0000   -7.500014762.4717   21.0457
    0.0000  -15.0000   -7.500015406.4688   21.0148
    7.5000  -15.0000   -7.500014775.4902   21.0008
   -7.5000   -7.5000   -7.500015199.6699   21.0717
    0.0000   -7.5000   -7.500015830.5059   21.0452
    7.5000   -7.5000   -7.500015172.7959   21.0335
   -7.5000    0.0000   -7.500015477.1416   21.1069
    0.0000    0.0000   -7.500016111.1074   21.0856
    7.5000    0.0000   -7.500015432.2998   21.0799
   -7.5000    7.5000   -7.500014520.4102   21.1131
    0.0000    7.5000   -7.500015082.7529   21.0939
    7.5000    7.5000   -7.500014426.5918   21.0930
   -7.5000   15.0000   -7.500013434.0000   21.0901
    0.0000   15.0000   -7.500013920.3682   21.0670
    7.5000   15.0000   -7.500013311.9883   21.0638
   -7.5000   22.5000   -7.500012339.1133   21.0482
    0.0000   22.5000   -7.500012776.1035   21.0186
    7.5000   22.5000   -7.500012201.2119   21.0084
   -7.5000   30.0000   -7.500011179.4980   20.7732
    0.0000   30.0000   -7.500011586.0098   20.7427
    7.5000   30.0000   -7.500011060.0400   20.7288
   -7.5000   37.5000   -7.500010357.1475   20.8233
    0.0000   37.5000   -7.500010716.5234   20.7970
    7.5000   37.5000   -7.500010257.7422   20.7853
   -7.5000   45.0000   -7.5000 9093.2725   20.4955
    0.0000   45.0000   -7.5000 9405.1416   20.4732
    7.5000   45.0000   -7.5000 9007.5557   20.4670
   -7.5000  -45.0000    0.000012853.8926   21.1265
    0.0000  -45.0000    0.000013426.8311   21.1144
    7.5000  -45.0000    0.000012963.3506   21.1191
   -7.5000  -37.5000    0.000013258.9814   21.1301
    0.0000  -37.5000    0.000013841.8750   21.1188
    7.5000  -37.5000    0.000013352.9297   21.1253
   -7.5000  -30.0000    0.000014050.5957   21.1099
    0.0000  -30.0000    0.000014604.0684   21.0960
    7.5000  -30.0000    0.000014136.9316   21.0993
   -7.5000  -22.5000    0.000014749.1045   21.0835
    0.0000  -22.5000    0.000015367.8555   21.0661
    7.5000  -22.5000    0.000014865.8770   21.0643
   -7.5000  -15.0000    0.000015330.5889   21.0753
    0.0000  -15.0000    0.000015976.5371   21.0577
    7.5000  -15.0000    0.000015398.0371   21.0550
   -7.5000   -7.5000    0.000015758.4160   21.0979
    0.0000   -7.5000    0.000016396.3320   21.0831
    7.5000   -7.5000    0.000015788.5518   21.0838
   -7.5000    0.0000    0.000016037.5889   21.1263
    0.0000    0.0000    0.000016651.9258   21.1142
    7.5000    0.0000    0.000016044.4629   21.1189
   -7.5000    7.5000    0.000015025.8252   21.1301
    0.0000    7.5000    0.000015584.5312   21.1188
    7.5000    7.5000    0.000014988.2793   21.1253
   -7.5000   15.0000    0.000013931.7627   21.1099
    0.0000   15.0000    0.000014406.8975   21.0960
    7.5000   15.0000    0.000013864.8574   21.0993
   -7.5000   22.5000    0.000012820.7646   21.0738
    0.0000   22.5000    0.000013235.2695   21.0563
    7.5000   22.5000    0.000012716.7705   21.0546
   -7.5000   30.0000    0.000011629.7461   20.8030
    0.0000   30.0000    0.000012019.9678   20.7856
    7.5000   30.0000    0.000011508.9072   20.7829
   -7.5000   37.5000    0.000010760.9199   20.8498
    0.0000   37.5000    0.000011110.6543   20.8351
    7.5000   37.5000    0.000010659.7178   20.8357
   -7.5000   45.0000    0.0000 9437.7412   20.5146
    0.0000   45.0000    0.0000 9718.1445   20.5016
    7.5000   45.0000    0.0000 9345.0547   20.5057
   -7.5000  -45.0000    7.500012411.2881   21.1244
    0.0000  -45.0000    7.500012998.9463   21.1058
    7.5000  -45.0000    7.500012542.5400   21.1080
   -7.5000  -37.5000    7.500012756.3760   21.1230
    0.0000  -37.5000    7.500013348.3574   21.1085
    7.5000  -37.5000    7.500012886.1592   21.1152
   -7.5000  -30.0000    7.500013532.9980   21.1011
    0.0000  -30.0000    7.500014124.7373   21.0888
    7.5000  -30.0000    7.500013653.3447   21.0980
   -7.5000  -22.5000    7.500014245.7520   21.0788
    0.0000  -22.5000    7.500014814.9697   21.0639
    7.5000  -22.5000    7.500014362.3330   21.0705
   -7.5000  -15.0000    7.500014791.8506   21.0770
    0.0000  -15.0000    7.500015312.1113   21.0581
    7.5000  -15.0000    7.500014851.3330   21.0612
   -7.5000   -7.5000    7.500015162.9746   21.1003
    0.0000   -7.5000    7.500015688.6328   21.0803
    7.5000   -7.5000    7.500015219.0879   21.0813
   -7.5000    0.0000    7.500015401.5176   21.1242
    0.0000    0.0000    7.500015926.8271   21.1056
    7.5000    0.0000    7.500015431.3916   21.1078
   -7.5000    7.5000    7.500014441.9609   21.1230
    0.0000    7.5000    7.500014945.2832   21.1085
    7.5000    7.5000    7.500014440.9941   21.1152
   -7.5000   15.0000    7.500013414.4902   21.1011
    0.0000   15.0000    7.500013868.1807   21.0888
    7.5000   15.0000    7.500013366.6758   21.0980
   -7.5000   22.5000    7.500012357.6260   21.0691
    0.0000   22.5000    7.500012770.3066   21.0542
    7.5000   22.5000    7.500012291.8027   21.0608
   -7.5000   30.0000    7.500011180.4043   20.8046
    0.0000   30.0000    7.500011574.1455   20.7860
    7.5000   30.0000    7.500011108.5977   20.7891
   -7.5000   37.5000    7.500010321.1016   20.8524
    0.0000   37.5000    7.500010679.9316   20.8325
    7.5000   37.5000    7.500010258.6924   20.8335
   -7.5000   45.0000    7.5000 9034.2793   20.5138
    0.0000   45.0000    7.5000 9351.1377   20.4945
    7.5000   45.0000    7.5000 8964.9600   20.4959
   -7.5000  -45.0000   15.000011845.2178   21.1708
    0.0000  -45.0000   15.000012408.1562   21.1375
    7.5000  -45.0000   15.000011950.3145   21.1295
   -7.5000  -37.5000   15.000012163.1934   21.1669
    0.0000  -37.5000   15.000012705.2148   21.1419
    7.5000  -37.5000   15.000012274.3545   21.1439
   -7.5000  -30.0000   15.000012937.7314   21.1403
    0.0000  -30.0000   15.000013479.1504   21.1218
    7.5000  -30.0000   15.000013027.2754   21.1321
   -7.5000  -22.5000   15.000013685.3545   21.1170
    0.0000  -22.5000   15.000014254.8682   21.0945
    7.5000  -22.5000   15.000013776.4160   21.1023
   -7.5000  -15.0000   15.000014268.0195   21.1174
    0.0000  -15.0000   15.000014843.9424   21.0863
    7.5000  -15.0000   15.000014343.2041   21.0854
   -7.5000   -7.5000   15.000014607.1162   21.1446
    0.0000   -7.5000   15.000015174.4990   21.1092
    7.5000   -7.5000   15.000014671.1211   21.1007
   -7.5000    0.0000   15.000014760.5752   21.1706
    0.0000    0.0000   15.000015340.5049   21.1373
    7.5000    0.0000   15.000014815.1582   21.1293
   -7.5000    7.5000   15.000013815.3926   21.1669
    0.0000    7.5000   15.000014359.2109   21.1419
    7.5000    7.5000   15.000013832.2314   21.1439
   -7.5000   15.0000   15.000012805.9385   21.1403
    0.0000   15.0000   15.000013280.6895   21.1218
    7.5000   15.0000   15.000012788.6494   21.1321
   -7.5000   22.5000   15.000011761.1768   21.1072
    0.0000   22.5000   15.000012211.1006   21.0848
    7.5000   22.5000   15.000011735.6533   21.0926
   -7.5000   30.0000   15.000010617.0557   20.8445
    0.0000   30.0000   15.000011028.3037   20.8138
    7.5000   30.0000   15.000010604.8574   20.8129
   -7.5000   37.5000   15.0000 9803.0293   20.8964
    0.0000   37.5000   15.000010175.1436   20.8614
    7.5000   37.5000   15.0000 9789.4600   20.8528
   -7.5000   45.0000   15.0000 8565.7666   20.5611
    0.0000   45.0000   15.0000 8915.3779   20.5273
    7.5000   45.0000   15.0000 8570.6904   20.5183
   -7.5000  -45.0000   22.500011174.3887   21.2709
    0.0000  -45.0000   22.500011718.7559   21.2312
    7.5000  -45.0000   22.500011264.4678   21.2141
   -7.5000  -37.5000   22.500011508.6143   21.2698
    0.0000  -37.5000   22.500012052.1904   21.2381
    7.5000  -37.5000   22.500011608.3945   21.2334
   -7.5000  -30.0000   22.500012266.5664   21.2406
    0.0000  -30.0000   22.500012834.7568   21.2130
    7.5000  -30.0000   22.500012348.2002   21.2166
   -7.5000  -22.5000   22.500012968.3848   21.2114
    0.0000  -22.5000   22.500013577.7715   21.1773
    7.5000  -22.5000   22.500013048.0459   21.1764
   -7.5000  -15.0000   22.500013523.9951   21.2077
    0.0000  -15.0000   22.500014135.4072   21.1650
    7.5000  -15.0000   22.500013621.5693   21.1531
   -7.5000   -7.5000   22.500013887.5088   21.2378
    0.0000   -7.5000   22.500014493.4160   21.1936
    7.5000   -7.5000   22.500013975.1133   21.1738
   -7.5000    0.0000   22.500014028.6055   21.2707
    0.0000    0.0000   22.500014643.9707   21.2310
    7.5000    0.0000   22.500014122.1885   21.2139
   -7.5000    7.5000   22.500013143.5938   21.2698
    0.0000    7.5000   22.500013678.2734   21.2381
    7.5000    7.5000   22.500013180.9170   21.2334
   -7.5000   15.0000   22.500012160.3906   21.2406
    0.0000   15.0000   22.500012655.7686   21.2130
    7.5000   15.0000   22.500012163.0762   21.2166
   -7.5000   22.5000   22.500011120.4834   21.2016
    0.0000   22.5000   22.500011583.9580   21.1676
    7.5000   22.5000   22.500011122.1318   21.1667
   -7.5000   30.0000   22.500010025.3994   20.9335
    0.0000   30.0000   22.500010431.8047   20.8915
    7.5000   30.0000   22.500010002.3711   20.8797
   -7.5000   37.5000   22.5000 9230.8545   20.9886
    0.0000   37.5000   22.5000 9599.3779   20.9448
    7.5000   37.5000   22.5000 9205.3467   20.9251
   -7.5000   45.0000   22.5000 8058.4854   20.6599
    0.0000   45.0000   22.5000 8385.0352   20.6195
    7.5000   45.0000   22.5000 8047.4194   20.6016
   -7.5000  -45.0000   30.000010417.5879   21.3932
    0.0000  -45.0000   30.000010939.3906   21.3590
    7.5000  -45.0000   30.000010477.0469   21.3426
   -7.5000  -37.5000   30.000010744.0596   21.3967
    0.0000  -37.5000   30.000011268.0713   21.3677
    7.5000  -37.5000   30.000010811.1006   21.3612
   -7.5000  -30.0000   30.000011435.9023   21.3683
    0.0000  -30.0000   30.000011990.8916   21.3380
    7.5000  -30.0000   30.000011508.5449   21.3350
   -7.5000  -22.5000   30.000012086.7393   21.3341
    0.0000  -22.5000   30.000012680.4150   21.2956
    7.5000  -22.5000   30.000012172.4326   21.2857
   -7.5000  -15.0000   30.000012602.6387   21.3242
    0.0000  -15.0000   30.000013201.3936   21.2806
    7.5000  -15.0000   30.000012710.8838   21.2618
   -7.5000   -7.5000   30.000012962.0361   21.3547
    0.0000   -7.5000   30.000013563.4189   21.3141
    7.5000   -7.5000   30.000013055.9434   21.2922
   -7.5000    0.0000   30.000013130.1494   21.3930
    0.0000    0.0000   30.000013741.8848   21.3588
    7.5000    0.0000   30.000013224.9561   21.3424
   -7.5000    7.5000   30.000012295.9180   21.3967
    0.0000    7.5000   30.000012839.7588   21.3677
    7.5000    7.5000   30.000012347.4834   21.3612
   -7.5000   15.0000   30.000011377.2676   21.3683
    0.0000   15.0000   30.000011853.4150   21.3380
    7.5000   15.0000   30.000011388.2402   21.3350
   -7.5000   22.5000   30.000010391.1719   21.3243
    0.0000   22.5000   30.000010829.7725   21.2858
    7.5000   22.5000   30.000010400.9082   21.2759
   -7.5000   30.0000   30.0000 9353.3984   21.0486
    0.0000   30.0000   30.0000 9750.9873   21.0055
    7.5000   30.0000   30.0000 9359.4551   20.9869
   -7.5000   37.5000   30.0000 8602.8896   21.1026
    0.0000   37.5000   30.0000 8955.9424   21.0624
    7.5000   37.5000   30.0000 8589.0303   21.0404
   -7.5000   45.0000   30.0000 7506.9189   20.7753
    0.0000   45.0000   30.0000 7809.0869   20.7402
    7.5000   45.0000   30.0000 7482.3281   20.7230
   -7.5000  -45.0000   37.5000 9988.9902   21.6377
    0.0000  -45.0000   37.500010501.8838   21.6167
    7.5000  -45.0000   37.500010046.4570   21.6120
   -7.5000  -37.5000   37.500010319.1738   21.6430
    0.0000  -37.5000   37.500010840.8965   21.6240
    7.5000  -37.5000   37.500010376.4307   21.6247
   -7.5000  -30.0000   37.500010982.5195   21.6178
    0.0000  -30.0000   37.500011532.2109   21.5947
    7.5000  -30.0000   37.500011043.0430   21.5933
   -7.5000  -22.5000   37.500011584.0811   21.5842
    0.0000  -22.5000   37.500012153.2295   21.5544
    7.5000  -22.5000   37.500011651.4854   21.5454
   -7.5000  -15.0000   37.500012098.0117   21.5724
    0.0000  -15.0000   37.500012662.4580   21.5413
    7.5000  -15.0000   37.500012183.7158   21.5280
   -7.5000   -7.5000   37.500012455.0352   21.6006
    0.0000   -7.5000   37.500013039.6221   21.5741
    7.5000   -7.5000   37.500012561.8213   21.5631
   -7.5000    0.0000   37.500012626.6084   21.6375
    0.0000    0.0000   37.500013230.7227   21.6165
    7.5000    0.0000   37.500012751.3721   21.6118
   -7.5000    7.5000   37.500011836.8877   21.6430
    0.0000    7.5000   37.500012387.8047   21.6240
    7.5000    7.5000   37.500011938.9648   21.6247
   -7.5000   15.0000   37.500010954.3877   21.6178
    0.0000   15.0000   37.500011441.9424   21.5947
    7.5000   15.0000   37.500011013.8086   21.5933
   -7.5000   22.5000   37.500010008.5068   21.5743
    0.0000   22.5000   37.500010444.3027   21.5445
    7.5000   22.5000   37.500010049.8545   21.5355
   -7.5000   30.0000   37.5000 9005.0654   21.2936
    0.0000   30.0000   37.5000 9379.1855   21.2628
    7.5000   30.0000   37.5000 9033.5566   21.2497
   -7.5000   37.5000   37.5000 8283.3457   21.3417
    0.0000   37.5000   37.5000 8613.9648   21.3154
    7.5000   37.5000   37.5000 8303.3799   21.3044
   -7.5000   45.0000   37.5000 7238.7197   21.0039
    0.0000   45.0000   37.5000 7524.4424   20.9817
    7.5000   45.0000   37.5000 7244.3013   20.9765
   -7.5000  -45.0000   45.0000 9150.6689   21.9414
    0.0000  -45.0000   45.0000 9606.7793   21.9247
    7.5000  -45.0000   45.0000 9211.6133   21.9281
   -7.5000  -37.5000   45.0000 9447.0186   21.9435
    0.0000  -37.5000   45.0000 9920.1494   21.9281
    7.5000  -37.5000   45.0000 9504.8135   21.9350
   -7.5000  -30.0000   45.000010050.3604   21.9175
    0.0000  -30.0000   45.000010551.6904   21.9006
    7.5000  -30.0000   45.000010117.4551   21.9063
   -7.5000  -22.5000   45.000010603.1094   21.8867
    0.0000  -22.5000   45.000011136.5156   21.8670
    7.5000  -22.5000   45.000010682.4678   21.8678
   -7.5000  -15.0000   45.000011082.5625   21.8796
    0.0000  -15.0000   45.000011633.7412   21.8593
    7.5000  -15.0000   45.000011186.4170   21.8577
   -7.5000   -7.5000   45.000011456.4189   21.9080
    0.0000   -7.5000   45.000012007.7617   21.8894
    7.5000   -7.5000   45.000011564.3555   21.8893
   -7.5000    0.0000   45.000011642.2891   21.9412
    0.0000    0.0000   45.000012186.3281   21.9245
    7.5000    0.0000   45.000011750.1367   21.9279
   -7.5000    7.5000   45.000010906.6895   21.9435
    0.0000    7.5000   45.000011418.2373   21.9281
    7.5000    7.5000   45.000010992.9404   21.9350
   -7.5000   15.0000   45.000010078.4688   21.9175
    0.0000   15.0000   45.000010547.6582   21.9006
    7.5000   15.0000   45.000010154.3281   21.9063
   -7.5000   22.5000   45.0000 9221.7188   21.8766
    0.0000   22.5000   45.0000 9637.6211   21.8569
    7.5000   22.5000   45.0000 9270.8828   21.8577
   -7.5000   30.0000   45.0000 8292.5820   21.5947
    0.0000   30.0000   45.0000 8650.9639   21.5746
    7.5000   30.0000   45.0000 8326.5713   21.5731
   -7.5000   37.5000   45.0000 7641.3042   21.6391
    0.0000   37.5000   45.0000 7953.2329   21.6206
    7.5000   37.5000   45.0000 7666.5669   21.6203
   -7.5000   45.0000   45.0000 6689.5059   21.3004
    0.0000   45.0000   45.0000 6959.3110   21.2825
    7.5000   45.0000   45.0000 6692.2788   21.2854

---------------------------------------------------------------------
imgreg_4dfp /opt/freesurfer/average/711-2C_as_mni_average_305 /opt/freesurfer/average/711-2B_as_mni_average_305_mask talsrcimg_g11 none talsrcimg_to_711-2C_as_mni_average_305_t4 4355
---------------------------------------------------------------------

freesurfer imgreg_4dfp.c
/opt/freesurfer/average/711-2C_as_mni_average_305.4dfp.img
       256       256       256         1
  1.000000  1.000000  1.000000
orientation T byte_order littleendian
Reading image: /opt/freesurfer/average/711-2C_as_mni_average_305.4dfp.img
dimensions:      256       256       256
mmppix:       1.0000   -1.0000   -1.0000
center:     128.0000 -129.0000 -129.0000
/opt/freesurfer/average/711-2B_as_mni_average_305_mask.4dfp.img
       256       256       256         1
  1.000000  1.000000  1.000000
orientation T byte_order littleendian
Reading mask: /opt/freesurfer/average/711-2B_as_mni_average_305_mask.4dfp.img (2306576 pixels)
talsrcimg_g11.4dfp.img
       256       256       256         1
  1.000000  1.000000  1.000000
orientation T byte_order littleendian
Reading image: talsrcimg_g11.4dfp.img
dimensions:      256       256       256
mmppix:       1.0000   -1.0000   -1.0000
center:     128.0000 -129.0000 -129.0000
rotation matrix determinant  1.000000
image alignment mode   4355 decimal     1103 hex
   -7.5000  -45.0000  -45.0000 2188.8962   17.2471
    0.0000  -45.0000  -45.0000 2206.7197   17.0187
    7.5000  -45.0000  -45.0000 2204.2305   17.1484
   -7.5000  -37.5000  -45.0000 2230.6028   16.3706
    0.0000  -37.5000  -45.0000 2254.1848   16.1490
    7.5000  -37.5000  -45.0000 2252.6052   16.2738
   -7.5000  -30.0000  -45.0000 2260.4451   15.8376
    0.0000  -30.0000  -45.0000 2287.7778   15.5858
    7.5000  -30.0000  -45.0000 2286.2124   15.6923
   -7.5000  -22.5000  -45.0000 2272.5640   15.6164
    0.0000  -22.5000  -45.0000 2304.0249   15.3573
    7.5000  -22.5000  -45.0000 2299.2075   15.4517
   -7.5000  -15.0000  -45.0000 2261.7039   15.7560
    0.0000  -15.0000  -45.0000 2293.3250   15.4927
    7.5000  -15.0000  -45.0000 2287.2375   15.5943
   -7.5000   -7.5000  -45.0000 2224.2698   16.2312
    0.0000   -7.5000  -45.0000 2261.7449   15.9581
    7.5000   -7.5000  -45.0000 2251.7832   16.0758
   -7.5000    0.0000  -45.0000 2166.6096   17.0145
    0.0000    0.0000  -45.0000 2201.2034   16.7493
    7.5000    0.0000  -45.0000 2192.9004   16.8983
   -7.5000    7.5000  -45.0000 2090.3728   18.1391
    0.0000    7.5000  -45.0000 2124.0664   17.8724
    7.5000    7.5000  -45.0000 2114.3782   18.0499
   -7.5000   15.0000  -45.0000 1996.3525   19.7675
    0.0000   15.0000  -45.0000 2023.6670   19.4651
    7.5000   15.0000  -45.0000 2015.6519   19.6610
   -7.5000   22.5000  -45.0000 1884.0005   22.0200
    0.0000   22.5000  -45.0000 1910.4440   21.6925
    7.5000   22.5000  -45.0000 1900.7561   21.8824
   -7.5000   30.0000  -45.0000 1763.9437   25.1765
    0.0000   30.0000  -45.0000 1785.9517   24.8541
    7.5000   30.0000  -45.0000 1773.8921   25.1152
   -7.5000   37.5000  -45.0000 1638.6029   29.7048
    0.0000   37.5000  -45.0000 1655.7307   29.3748
    7.5000   37.5000  -45.0000 1639.6918   29.5596
   -7.5000   45.0000  -45.0000 1506.7069   36.0861
    0.0000   45.0000  -45.0000 1516.9357   35.4949
    7.5000   45.0000  -45.0000 1508.3131   35.8123
   -7.5000  -45.0000  -37.5000 2272.2502   15.9425
    0.0000  -45.0000  -37.5000 2291.3254   15.7346
    7.5000  -45.0000  -37.5000 2292.5337   15.8524
   -7.5000  -37.5000  -37.5000 2319.2466   15.1661
    0.0000  -37.5000  -37.5000 2347.4436   14.9676
    7.5000  -37.5000  -37.5000 2347.6660   15.0886
   -7.5000  -30.0000  -37.5000 2352.3638   14.7071
    0.0000  -30.0000  -37.5000 2383.0295   14.4856
    7.5000  -30.0000  -37.5000 2381.5535   14.5798
   -7.5000  -22.5000  -37.5000 2360.5693   14.5110
    0.0000  -22.5000  -37.5000 2398.1733   14.2711
    7.5000  -22.5000  -37.5000 2397.1970   14.3510
   -7.5000  -15.0000  -37.5000 2351.9363   14.6039
    0.0000  -15.0000  -37.5000 2389.7205   14.3611
    7.5000  -15.0000  -37.5000 2388.6145   14.4563
   -7.5000   -7.5000  -37.5000 2318.8530   15.0418
    0.0000   -7.5000  -37.5000 2359.0825   14.8248
    7.5000   -7.5000  -37.5000 2351.6030   14.9138
   -7.5000    0.0000  -37.5000 2257.4114   15.7850
    0.0000    0.0000  -37.5000 2294.0774   15.5479
    7.5000    0.0000  -37.5000 2283.4473   15.6776
   -7.5000    7.5000  -37.5000 2173.0068   16.8460
    0.0000    7.5000  -37.5000 2205.9924   16.5815
    7.5000    7.5000  -37.5000 2194.5571   16.7313
   -7.5000   15.0000  -37.5000 2071.0547   18.3370
    0.0000   15.0000  -37.5000 2096.9282   18.0479
    7.5000   15.0000  -37.5000 2087.8696   18.1976
   -7.5000   22.5000  -37.5000 1953.8136   20.3941
    0.0000   22.5000  -37.5000 1975.9178   20.0732
    7.5000   22.5000  -37.5000 1964.1326   20.2114
   -7.5000   30.0000  -37.5000 1825.8750   23.2293
    0.0000   30.0000  -37.5000 1848.8480   22.9597
    7.5000   30.0000  -37.5000 1839.0201   23.1314
   -7.5000   37.5000  -37.5000 1695.9207   27.3500
    0.0000   37.5000  -37.5000 1709.9718   26.9731
    7.5000   37.5000  -37.5000 1694.2648   27.2100
   -7.5000   45.0000  -37.5000 1554.1248   32.9587
    0.0000   45.0000  -37.5000 1573.5323   32.4880
    7.5000   45.0000  -37.5000 1562.0657   32.7731
   -7.5000  -45.0000  -30.0000 2393.9595   15.2763
    0.0000  -45.0000  -30.0000 2419.6204   15.1158
    7.5000  -45.0000  -30.0000 2420.1072   15.2117
   -7.5000  -37.5000  -30.0000 2457.4922   14.5507
    0.0000  -37.5000  -30.0000 2486.2173   14.3648
    7.5000  -37.5000  -30.0000 2484.0112   14.4618
   -7.5000  -30.0000  -30.0000 2495.9260   14.1163
    0.0000  -30.0000  -30.0000 2530.0205   13.9255
    7.5000  -30.0000  -30.0000 2526.6309   14.0105
   -7.5000  -22.5000  -30.0000 2509.5068   13.9565
    0.0000  -22.5000  -30.0000 2548.6868   13.7627
    7.5000  -22.5000  -30.0000 2544.2053   13.8417
   -7.5000  -15.0000  -30.0000 2496.8064   14.0662
    0.0000  -15.0000  -30.0000 2538.1404   13.8630
    7.5000  -15.0000  -30.0000 2530.4822   13.9439
   -7.5000   -7.5000  -30.0000 2460.8093   14.4903
    0.0000   -7.5000  -30.0000 2500.8989   14.2853
    7.5000   -7.5000  -30.0000 2489.7830   14.3630
   -7.5000    0.0000  -30.0000 2389.8003   15.2226
    0.0000    0.0000  -30.0000 2429.3047   14.9979
    7.5000    0.0000  -30.0000 2416.5603   15.0990
   -7.5000    7.5000  -30.0000 2298.6155   16.2335
    0.0000    7.5000  -30.0000 2327.7778   16.0035
    7.5000    7.5000  -30.0000 2317.6008   16.1404
   -7.5000   15.0000  -30.0000 2183.0635   17.6685
    0.0000   15.0000  -30.0000 2212.0618   17.3986
    7.5000   15.0000  -30.0000 2203.4216   17.5348
   -7.5000   22.5000  -30.0000 2058.9431   19.5862
    0.0000   22.5000  -30.0000 2081.4529   19.3188
    7.5000   22.5000  -30.0000 2068.1343   19.4683
   -7.5000   30.0000  -30.0000 1921.8475   22.2960
    0.0000   30.0000  -30.0000 1940.7780   21.9852
    7.5000   30.0000  -30.0000 1931.4917   22.1365
   -7.5000   37.5000  -30.0000 1784.1417   26.0618
    0.0000   37.5000  -30.0000 1802.4672   25.7079
    7.5000   37.5000  -30.0000 1785.7446   25.9612
   -7.5000   45.0000  -30.0000 1635.8514   31.2831
    0.0000   45.0000  -30.0000 1655.1509   30.8532
    7.5000   45.0000  -30.0000 1642.5938   31.1375
   -7.5000  -45.0000  -22.5000 2491.4685   14.5797
    0.0000  -45.0000  -22.5000 2516.5281   14.4028
    7.5000  -45.0000  -22.5000 2513.0688   14.4897
   -7.5000  -37.5000  -22.5000 2564.6846   13.8458
    0.0000  -37.5000  -22.5000 2595.3713   13.6661
    7.5000  -37.5000  -22.5000 2591.8284   13.7751
   -7.5000  -30.0000  -22.5000 2619.7866   13.4222
    0.0000  -30.0000  -22.5000 2655.7124   13.2386
    7.5000  -30.0000  -22.5000 2646.5737   13.3399
   -7.5000  -22.5000  -22.5000 2637.0708   13.3212
    0.0000  -22.5000  -22.5000 2679.9553   13.1446
    7.5000  -22.5000  -22.5000 2665.0605   13.2305
   -7.5000  -15.0000  -22.5000 2619.3572   13.4862
    0.0000  -15.0000  -22.5000 2668.2227   13.2959
    7.5000  -15.0000  -22.5000 2650.6592   13.3595
   -7.5000   -7.5000  -22.5000 2577.4983   13.8833
    0.0000   -7.5000  -22.5000 2619.5718   13.7025
    7.5000   -7.5000  -22.5000 2598.9844   13.7895
   -7.5000    0.0000  -22.5000 2501.8230   14.5875
    0.0000    0.0000  -22.5000 2537.8774   14.4061
    7.5000    0.0000  -22.5000 2522.8772   14.4901
   -7.5000    7.5000  -22.5000 2398.9563   15.5867
    0.0000    7.5000  -22.5000 2429.1389   15.3784
    7.5000    7.5000  -22.5000 2415.2131   15.4865
   -7.5000   15.0000  -22.5000 2271.8657   16.9641
    0.0000   15.0000  -22.5000 2299.9146   16.7248
    7.5000   15.0000  -22.5000 2288.6335   16.8440
   -7.5000   22.5000  -22.5000 2142.0413   18.8487
    0.0000   22.5000  -22.5000 2161.0457   18.5763
    7.5000   22.5000  -22.5000 2147.4683   18.7076
   -7.5000   30.0000  -22.5000 2001.5922   21.4004
    0.0000   30.0000  -22.5000 2018.0336   21.0395
    7.5000   30.0000  -22.5000 2001.2899   21.1651
   -7.5000   37.5000  -22.5000 1846.6486   24.8726
    0.0000   37.5000  -22.5000 1867.8173   24.5051
    7.5000   37.5000  -22.5000 1849.1075   24.6792
   -7.5000   45.0000  -22.5000 1692.0306   29.6863
    0.0000   45.0000  -22.5000 1716.9304   29.2244
    7.5000   45.0000  -22.5000 1701.6503   29.4569
   -7.5000  -45.0000  -15.0000 2559.8171   13.9247
    0.0000  -45.0000  -15.0000 2587.7874   13.7259
    7.5000  -45.0000  -15.0000 2581.6838   13.8782
   -7.5000  -37.5000  -15.0000 2647.6365   13.2297
    0.0000  -37.5000  -15.0000 2682.9360   13.0416
    7.5000  -37.5000  -15.0000 2671.1902   13.1941
   -7.5000  -30.0000  -15.0000 2712.9443   12.8099
    0.0000  -30.0000  -15.0000 2756.7908   12.6301
    7.5000  -30.0000  -15.0000 2740.1152   12.7564
   -7.5000  -22.5000  -15.0000 2740.2124   12.7292
    0.0000  -22.5000  -15.0000 2784.7766   12.5618
    7.5000  -22.5000  -15.0000 2760.7356   12.6665
   -7.5000  -15.0000  -15.0000 2722.9622   12.9054
    0.0000  -15.0000  -15.0000 2772.6802   12.7439
    7.5000  -15.0000  -15.0000 2742.8704   12.8220
   -7.5000   -7.5000  -15.0000 2668.2202   13.3256
    0.0000   -7.5000  -15.0000 2713.7534   13.1707
    7.5000   -7.5000  -15.0000 2686.0835   13.2486
   -7.5000    0.0000  -15.0000 2581.3110   13.9871
    0.0000    0.0000  -15.0000 2618.9634   13.8226
    7.5000    0.0000  -15.0000 2599.1216   13.9186
   -7.5000    7.5000  -15.0000 2470.6714   14.9625
    0.0000    7.5000  -15.0000 2498.8994   14.7832
    7.5000    7.5000  -15.0000 2482.4397   14.8861
   -7.5000   15.0000  -15.0000 2337.5959   16.3210
    0.0000   15.0000  -15.0000 2364.8474   16.0988
    7.5000   15.0000  -15.0000 2351.0374   16.2069
   -7.5000   22.5000  -15.0000 2194.1951   18.1412
    0.0000   22.5000  -15.0000 2215.8362   17.8928
    7.5000   22.5000  -15.0000 2203.7771   17.9695
   -7.5000   30.0000  -15.0000 2042.9873   20.5348
    0.0000   30.0000  -15.0000 2065.5000   20.2106
    7.5000   30.0000  -15.0000 2050.2441   20.3255
   -7.5000   37.5000  -15.0000 1884.9956   23.7947
    0.0000   37.5000  -15.0000 1905.3853   23.4349
    7.5000   37.5000  -15.0000 1890.0762   23.5642
   -7.5000   45.0000  -15.0000 1729.3687   28.2822
    0.0000   45.0000  -15.0000 1748.1295   27.8136
    7.5000   45.0000  -15.0000 1736.5836   28.0286
   -7.5000  -45.0000   -7.5000 2612.7649   13.3820
    0.0000  -45.0000   -7.5000 2644.0652   13.1794
    7.5000  -45.0000   -7.5000 2633.2490   13.3839
   -7.5000  -37.5000   -7.5000 2713.6479   12.7187
    0.0000  -37.5000   -7.5000 2754.5637   12.5210
    7.5000  -37.5000   -7.5000 2739.6243   12.7108
   -7.5000  -30.0000   -7.5000 2787.9924   12.3050
    0.0000  -30.0000   -7.5000 2839.9656   12.0967
    7.5000  -30.0000   -7.5000 2813.9009   12.2911
   -7.5000  -22.5000   -7.5000 2823.2329   12.2275
    0.0000  -22.5000   -7.5000 2870.4487   12.0524
    7.5000  -22.5000   -7.5000 2843.3064   12.1974
   -7.5000  -15.0000   -7.5000 2803.2688   12.4102
    0.0000  -15.0000   -7.5000 2848.5371   12.2682
    7.5000  -15.0000   -7.5000 2815.7786   12.3606
   -7.5000   -7.5000   -7.5000 2738.6650   12.8200
    0.0000   -7.5000   -7.5000 2780.4839   12.6745
    7.5000   -7.5000   -7.5000 2753.5925   12.7681
   -7.5000    0.0000   -7.5000 2639.4727   13.4515
    0.0000    0.0000   -7.5000 2678.1594   13.3131
    7.5000    0.0000   -7.5000 2655.7107   13.3987
   -7.5000    7.5000   -7.5000 2518.6829   14.3967
    0.0000    7.5000   -7.5000 2550.5959   14.2441
    7.5000    7.5000   -7.5000 2529.4133   14.3287
   -7.5000   15.0000   -7.5000 2380.7427   15.7122
    0.0000   15.0000   -7.5000 2407.8184   15.5228
    7.5000   15.0000   -7.5000 2391.5723   15.6209
   -7.5000   22.5000   -7.5000 2225.4043   17.4515
    0.0000   22.5000   -7.5000 2250.6055   17.2109
    7.5000   22.5000   -7.5000 2238.2615   17.3285
   -7.5000   30.0000   -7.5000 2064.8044   19.7594
    0.0000   30.0000   -7.5000 2092.0854   19.4768
    7.5000   30.0000   -7.5000 2074.4561   19.6372
   -7.5000   37.5000   -7.5000 1902.7599   22.8480
    0.0000   37.5000   -7.5000 1925.1304   22.5392
    7.5000   37.5000   -7.5000 1913.7645   22.7120
   -7.5000   45.0000   -7.5000 1745.4635   27.0630
    0.0000   45.0000   -7.5000 1764.8253   26.6541
    7.5000   45.0000   -7.5000 1753.9828   26.9358
   -7.5000  -45.0000    0.0000 2640.1072   13.0924
    0.0000  -45.0000    0.0000 2673.6404   12.8522
    7.5000  -45.0000    0.0000 2658.0005   13.1208
   -7.5000  -37.5000    0.0000 2755.2808   12.3930
    0.0000  -37.5000    0.0000 2799.5242   12.1810
    7.5000  -37.5000    0.0000 2780.1230   12.4235
   -7.5000  -30.0000    0.0000 2842.0322   12.0014
    0.0000  -30.0000    0.0000 2900.9614   11.7790
    7.5000  -30.0000    0.0000 2870.3508   12.0065
   -7.5000  -22.5000    0.0000 2883.9333   11.8912
    0.0000  -22.5000    0.0000 2943.0435   11.6933
    7.5000  -22.5000    0.0000 2905.8245   11.8917
   -7.5000  -15.0000    0.0000 2853.7458   12.0720
    0.0000  -15.0000    0.0000 2901.0334   11.9121
    7.5000  -15.0000    0.0000 2866.3706   12.0500
   -7.5000   -7.5000    0.0000 2776.2522   12.4846
    0.0000   -7.5000    0.0000 2819.3682   12.3280
    7.5000   -7.5000    0.0000 2792.8047   12.4378
   -7.5000    0.0000    0.0000 2671.0823   13.1316
    0.0000    0.0000    0.0000 2710.2734   12.9526
    7.5000    0.0000    0.0000 2687.1548   13.0531
   -7.5000    7.5000    0.0000 2541.1587   14.0613
    0.0000    7.5000    0.0000 2579.3918   13.8577
    7.5000    7.5000    0.0000 2553.6550   13.9688
   -7.5000   15.0000    0.0000 2396.4302   15.3249
    0.0000   15.0000    0.0000 2427.5579   15.0936
    7.5000   15.0000    0.0000 2408.2339   15.2184
   -7.5000   22.5000    0.0000 2237.8420   17.0156
    0.0000   22.5000    0.0000 2263.7512   16.7444
    7.5000   22.5000    0.0000 2249.2585   16.9057
   -7.5000   30.0000    0.0000 2074.9521   19.2889
    0.0000   30.0000    0.0000 2102.3018   18.9934
    7.5000   30.0000    0.0000 2084.7490   19.2054
   -7.5000   37.5000    0.0000 1910.4562   22.3053
    0.0000   37.5000    0.0000 1936.3661   21.9645
    7.5000   37.5000    0.0000 1922.1957   22.2144
   -7.5000   45.0000    0.0000 1749.3678   26.2802
    0.0000   45.0000    0.0000 1767.1158   25.8862
    7.5000   45.0000    0.0000 1759.3350   26.2390
   -7.5000  -45.0000    7.5000 2644.3840   13.0300
    0.0000  -45.0000    7.5000 2685.4988   12.7996
    7.5000  -45.0000    7.5000 2664.6777   13.0390
   -7.5000  -37.5000    7.5000 2767.7002   12.2942
    0.0000  -37.5000    7.5000 2819.7588   12.0709
    7.5000  -37.5000    7.5000 2791.4019   12.3112
   -7.5000  -30.0000    7.5000 2865.5513   11.8792
    0.0000  -30.0000    7.5000 2928.3533   11.6439
    7.5000  -30.0000    7.5000 2886.0288   11.8732
   -7.5000  -22.5000    7.5000 2898.7090   11.7864
    0.0000  -22.5000    7.5000 2958.7505   11.5588
    7.5000  -22.5000    7.5000 2925.1921   11.7670
   -7.5000  -15.0000    7.5000 2865.2827   11.9507
    0.0000  -15.0000    7.5000 2913.8208   11.7268
    7.5000  -15.0000    7.5000 2884.8699   11.9003
   -7.5000   -7.5000    7.5000 2782.0295   12.3759
    0.0000   -7.5000    7.5000 2826.5188   12.1360
    7.5000   -7.5000    7.5000 2806.4741   12.2760
   -7.5000    0.0000    7.5000 2672.6099   13.0013
    0.0000    0.0000    7.5000 2710.7251   12.7597
    7.5000    0.0000    7.5000 2693.1094   12.8779
   -7.5000    7.5000    7.5000 2540.2603   13.9229
    0.0000    7.5000    7.5000 2576.3877   13.6757
    7.5000    7.5000    7.5000 2555.7261   13.7854
   -7.5000   15.0000    7.5000 2395.7590   15.1553
    0.0000   15.0000    7.5000 2423.1526   14.9290
    7.5000   15.0000    7.5000 2403.4934   15.0521
   -7.5000   22.5000    7.5000 2238.3167   16.8452
    0.0000   22.5000    7.5000 2259.7126   16.5855
    7.5000   22.5000    7.5000 2247.8503   16.7112
   -7.5000   30.0000    7.5000 2070.0547   19.0489
    0.0000   30.0000    7.5000 2095.0481   18.7958
    7.5000   30.0000    7.5000 2080.6318   18.9258
   -7.5000   37.5000    7.5000 1904.9324   21.9690
    0.0000   37.5000    7.5000 1929.9467   21.6866
    7.5000   37.5000    7.5000 1918.3145   21.8856
   -7.5000   45.0000    7.5000 1743.7175   25.9086
    0.0000   45.0000    7.5000 1764.4027   25.5441
    7.5000   45.0000    7.5000 1755.9313   25.8237
   -7.5000  -45.0000   15.0000 2634.7617   13.1939
    0.0000  -45.0000   15.0000 2676.4895   12.9401
    7.5000  -45.0000   15.0000 2649.2683   13.1715
   -7.5000  -37.5000   15.0000 2756.8870   12.4526
    0.0000  -37.5000   15.0000 2807.3481   12.2149
    7.5000  -37.5000   15.0000 2772.3596   12.4161
   -7.5000  -30.0000   15.0000 2850.0068   12.0261
    0.0000  -30.0000   15.0000 2899.5024   11.7782
    7.5000  -30.0000   15.0000 2861.4780   12.0094
   -7.5000  -22.5000   15.0000 2876.7351   11.9648
    0.0000  -22.5000   15.0000 2925.3301   11.7420
    7.5000  -22.5000   15.0000 2894.5583   11.9058
   -7.5000  -15.0000   15.0000 2842.2786   12.1327
    0.0000  -15.0000   15.0000 2885.4333   11.9190
    7.5000  -15.0000   15.0000 2859.5042   12.0340
   -7.5000   -7.5000   15.0000 2761.5889   12.5100
    0.0000   -7.5000   15.0000 2801.2722   12.2917
    7.5000   -7.5000   15.0000 2780.6826   12.3718
   -7.5000    0.0000   15.0000 2648.6477   13.1241
    0.0000    0.0000   15.0000 2684.7229   12.8755
    7.5000    0.0000   15.0000 2666.6357   12.9568
   -7.5000    7.5000   15.0000 2518.2129   13.9946
    0.0000    7.5000   15.0000 2554.9712   13.7286
    7.5000    7.5000   15.0000 2535.2998   13.8374
   -7.5000   15.0000   15.0000 2376.4475   15.2101
    0.0000   15.0000   15.0000 2399.3789   14.9401
    7.5000   15.0000   15.0000 2386.0200   15.0435
   -7.5000   22.5000   15.0000 2219.9951   16.8447
    0.0000   22.5000   15.0000 2240.2046   16.5533
    7.5000   22.5000   15.0000 2224.9246   16.6745
   -7.5000   30.0000   15.0000 2053.4280   19.0389
    0.0000   30.0000   15.0000 2076.4973   18.7409
    7.5000   30.0000   15.0000 2062.9890   18.8706
   -7.5000   37.5000   15.0000 1893.2657   21.9878
    0.0000   37.5000   15.0000 1911.0178   21.6463
    7.5000   37.5000   15.0000 1899.6686   21.8014
   -7.5000   45.0000   15.0000 1724.7522   25.9036
    0.0000   45.0000   15.0000 1748.1151   25.5481
    7.5000   45.0000   15.0000 1737.9502   25.7145
   -7.5000  -45.0000   22.5000 2610.2612   13.6420
    0.0000  -45.0000   22.5000 2647.1616   13.4031
    7.5000  -45.0000   22.5000 2617.8369   13.5685
   -7.5000  -37.5000   22.5000 2725.8352   12.8823
    0.0000  -37.5000   22.5000 2766.6504   12.6702
    7.5000  -37.5000   22.5000 2732.8154   12.8413
   -7.5000  -30.0000   22.5000 2801.6602   12.4584
    0.0000  -30.0000   22.5000 2840.8022   12.2652
    7.5000  -30.0000   22.5000 2809.1396   12.4206
   -7.5000  -22.5000   22.5000 2820.1768   12.3762
    0.0000  -22.5000   22.5000 2861.5515   12.1687
    7.5000  -22.5000   22.5000 2833.6431   12.2823
   -7.5000  -15.0000   22.5000 2783.1721   12.5195
    0.0000  -15.0000   22.5000 2821.1396   12.3059
    7.5000  -15.0000   22.5000 2802.0859   12.4050
   -7.5000   -7.5000   22.5000 2708.4087   12.8814
    0.0000   -7.5000   22.5000 2741.4150   12.6701
    7.5000   -7.5000   22.5000 2725.0249   12.7450
   -7.5000    0.0000   22.5000 2597.9568   13.4902
    0.0000    0.0000   22.5000 2631.6885   13.2655
    7.5000    0.0000   22.5000 2615.9072   13.3375
   -7.5000    7.5000   22.5000 2477.2388   14.3547
    0.0000    7.5000   22.5000 2503.9045   14.1224
    7.5000    7.5000   22.5000 2489.5339   14.1847
   -7.5000   15.0000   22.5000 2340.7542   15.5243
    0.0000   15.0000   22.5000 2362.5769   15.2650
    7.5000   15.0000   22.5000 2347.8142   15.3651
   -7.5000   22.5000   22.5000 2186.0317   17.1373
    0.0000   22.5000   22.5000 2208.4446   16.8330
    7.5000   22.5000   22.5000 2196.3892   16.9372
   -7.5000   30.0000   22.5000 2026.1246   19.3095
    0.0000   30.0000   22.5000 2046.1625   18.9805
    7.5000   30.0000   22.5000 2033.2837   19.0811
   -7.5000   37.5000   22.5000 1869.2410   22.2474
    0.0000   37.5000   22.5000 1888.3555   21.8461
    7.5000   37.5000   22.5000 1874.3936   21.9999
   -7.5000   45.0000   22.5000 1705.8898   26.1107
    0.0000   45.0000   22.5000 1721.8370   25.7040
    7.5000   45.0000   22.5000 1710.3021   25.9403
   -7.5000  -45.0000   30.0000 2569.2793   14.3291
    0.0000  -45.0000   30.0000 2599.9192   14.1054
    7.5000  -45.0000   30.0000 2571.3372   14.2227
   -7.5000  -37.5000   30.0000 2670.6379   13.5814
    0.0000  -37.5000   30.0000 2704.3860   13.3676
    7.5000  -37.5000   30.0000 2672.2593   13.5031
   -7.5000  -30.0000   30.0000 2730.6333   13.1406
    0.0000  -30.0000   30.0000 2762.2510   12.9467
    7.5000  -30.0000   30.0000 2735.8743   13.0426
   -7.5000  -22.5000   30.0000 2743.2505   13.0027
    0.0000  -22.5000   30.0000 2778.3835   12.8154
    7.5000  -22.5000   30.0000 2754.7351   12.8915
   -7.5000  -15.0000   30.0000 2703.0894   13.1124
    0.0000  -15.0000   30.0000 2735.0640   12.9259
    7.5000  -15.0000   30.0000 2718.3752   13.0109
   -7.5000   -7.5000   30.0000 2632.4443   13.4607
    0.0000   -7.5000   30.0000 2661.1875   13.2705
    7.5000   -7.5000   30.0000 2644.2737   13.3450
   -7.5000    0.0000   30.0000 2528.7075   14.0979
    0.0000    0.0000   30.0000 2559.2480   13.8886
    7.5000    0.0000   30.0000 2544.6829   13.9503
   -7.5000    7.5000   30.0000 2415.4912   14.9375
    0.0000    7.5000   30.0000 2440.7307   14.7273
    7.5000    7.5000   30.0000 2426.2180   14.7861
   -7.5000   15.0000   30.0000 2285.4734   16.0888
    0.0000   15.0000   30.0000 2308.2612   15.8276
    7.5000   15.0000   30.0000 2293.3984   15.9254
   -7.5000   22.5000   30.0000 2138.6265   17.6778
    0.0000   22.5000   30.0000 2159.0898   17.3840
    7.5000   22.5000   30.0000 2146.6013   17.4890
   -7.5000   30.0000   30.0000 1987.4355   19.8125
    0.0000   30.0000   30.0000 2005.9081   19.5098
    7.5000   30.0000   30.0000 1993.0150   19.6614
   -7.5000   37.5000   30.0000 1833.6426   22.7472
    0.0000   37.5000   30.0000 1848.2053   22.3456
    7.5000   37.5000   30.0000 1836.8306   22.5784
   -7.5000   45.0000   30.0000 1674.5967   26.6661
    0.0000   45.0000   30.0000 1685.7013   26.2975
    7.5000   45.0000   30.0000 1676.0657   26.4789
   -7.5000  -45.0000   37.5000 2513.3716   15.2253
    0.0000  -45.0000   37.5000 2542.5623   15.0190
    7.5000  -45.0000   37.5000 2512.5894   15.1201
   -7.5000  -37.5000   37.5000 2600.6677   14.4720
    0.0000  -37.5000   37.5000 2631.7964   14.2865
    7.5000  -37.5000   37.5000 2600.9968   14.3673
   -7.5000  -30.0000   37.5000 2648.3967   14.0064
    0.0000  -30.0000   37.5000 2677.8611   13.8203
    7.5000  -30.0000   37.5000 2652.3262   13.8981
   -7.5000  -22.5000   37.5000 2652.8228   13.8157
    0.0000  -22.5000   37.5000 2683.6089   13.6163
    7.5000  -22.5000   37.5000 2661.7354   13.6743
   -7.5000  -15.0000   37.5000 2613.3066   13.9196
    0.0000  -15.0000   37.5000 2637.2390   13.7182
    7.5000  -15.0000   37.5000 2624.5105   13.7933
   -7.5000   -7.5000   37.5000 2544.3799   14.2544
    0.0000   -7.5000   37.5000 2568.7791   14.0646
    7.5000   -7.5000   37.5000 2558.1750   14.1308
   -7.5000    0.0000   37.5000 2452.2227   14.8529
    0.0000    0.0000   37.5000 2477.4744   14.6562
    7.5000    0.0000   37.5000 2467.5125   14.7340
   -7.5000    7.5000   37.5000 2347.9111   15.7061
    0.0000    7.5000   37.5000 2370.9595   15.4976
    7.5000    7.5000   37.5000 2362.4055   15.5843
   -7.5000   15.0000   37.5000 2222.7585   16.8656
    0.0000   15.0000   37.5000 2243.7271   16.6198
    7.5000   15.0000   37.5000 2233.6902   16.7100
   -7.5000   22.5000   37.5000 2085.9946   18.4571
    0.0000   22.5000   37.5000 2102.6458   18.1777
    7.5000   22.5000   37.5000 2094.6672   18.2893
   -7.5000   30.0000   37.5000 1937.8541   20.6154
    0.0000   30.0000   37.5000 1952.3314   20.2897
    7.5000   30.0000   37.5000 1945.0974   20.4475
   -7.5000   37.5000   37.5000 1789.9949   23.6236
    0.0000   37.5000   37.5000 1801.7987   23.2340
    7.5000   37.5000   37.5000 1794.4928   23.4435
   -7.5000   45.0000   37.5000 1637.1158   27.7628
    0.0000   45.0000   37.5000 1650.2108   27.3263
    7.5000   45.0000   37.5000 1642.7133   27.5440
   -7.5000  -45.0000   45.0000 2444.0767   16.3093
    0.0000  -45.0000   45.0000 2466.0164   16.1071
    7.5000  -45.0000   45.0000 2440.0930   16.2321
   -7.5000  -37.5000   45.0000 2515.6833   15.5142
    0.0000  -37.5000   45.0000 2541.4302   15.3448
    7.5000  -37.5000   45.0000 2514.3496   15.4183
   -7.5000  -30.0000   45.0000 2553.1868   15.0231
    0.0000  -30.0000   45.0000 2581.0156   14.8315
    7.5000  -30.0000   45.0000 2555.6858   14.9170
   -7.5000  -22.5000   45.0000 2556.4148   14.8121
    0.0000  -22.5000   45.0000 2583.3840   14.6301
    7.5000  -22.5000   45.0000 2562.4219   14.6749
   -7.5000  -15.0000   45.0000 2514.8174   14.8834
    0.0000  -15.0000   45.0000 2538.7205   14.7292
    7.5000  -15.0000   45.0000 2525.5400   14.7746
   -7.5000   -7.5000   45.0000 2455.9192   15.2184
    0.0000   -7.5000   45.0000 2476.0837   15.0559
    7.5000   -7.5000   45.0000 2466.3545   15.1082
   -7.5000    0.0000   45.0000 2373.0371   15.8064
    0.0000    0.0000   45.0000 2392.3345   15.6050
    7.5000    0.0000   45.0000 2384.5657   15.6805
   -7.5000    7.5000   45.0000 2273.4128   16.6299
    0.0000    7.5000   45.0000 2295.1682   16.4028
    7.5000    7.5000   45.0000 2283.9534   16.4940
   -7.5000   15.0000   45.0000 2151.4375   17.8116
    0.0000   15.0000   45.0000 2173.8062   17.5740
    7.5000   15.0000   45.0000 2160.8147   17.6867
   -7.5000   22.5000   45.0000 2023.7756   19.4493
    0.0000   22.5000   45.0000 2042.3744   19.1867
    7.5000   22.5000   45.0000 2029.8929   19.2854
   -7.5000   30.0000   45.0000 1881.4647   21.7443
    0.0000   30.0000   45.0000 1896.7261   21.4414
    7.5000   30.0000   45.0000 1885.4274   21.5788
   -7.5000   37.5000   45.0000 1738.5206   24.8860
    0.0000   37.5000   45.0000 1750.1870   24.4846
    7.5000   37.5000   45.0000 1743.4084   24.6792
   -7.5000   45.0000   45.0000 1592.1067   29.2050
    0.0000   45.0000   45.0000 1606.9574   28.7416
    7.5000   45.0000   45.0000 1599.3329   28.9809

---------------------------------------------------------------------
imgreg_4dfp /opt/freesurfer/average/711-2C_as_mni_average_305 /opt/freesurfer/average/711-2B_as_mni_average_305_mask talsrcimg_g11 none talsrcimg_to_711-2C_as_mni_average_305_t4 1283
---------------------------------------------------------------------

freesurfer imgreg_4dfp.c
/opt/freesurfer/average/711-2C_as_mni_average_305.4dfp.img
       256       256       256         1
  1.000000  1.000000  1.000000
orientation T byte_order littleendian
Reading image: /opt/freesurfer/average/711-2C_as_mni_average_305.4dfp.img
dimensions:      256       256       256
mmppix:       1.0000   -1.0000   -1.0000
center:     128.0000 -129.0000 -129.0000
/opt/freesurfer/average/711-2B_as_mni_average_305_mask.4dfp.img
       256       256       256         1
  1.000000  1.000000  1.000000
orientation T byte_order littleendian
Reading mask: /opt/freesurfer/average/711-2B_as_mni_average_305_mask.4dfp.img (2306576 pixels)
talsrcimg_g11.4dfp.img
       256       256       256         1
  1.000000  1.000000  1.000000
orientation T byte_order littleendian
Reading image: talsrcimg_g11.4dfp.img
dimensions:      256       256       256
mmppix:       1.0000   -1.0000   -1.0000
center:     128.0000 -129.0000 -129.0000
rotation matrix determinant  1.000000
fimgreg.f
image alignment mode   1283 decimal      503 hex
parameters
    0.0000  -22.5000    7.5000    0.0000    0.0000    0.0000
eta,q 0.93027 11.54115
niter,ni,del,rscale     5    3   12.0000    1.2000
parameter  4  0.535988 ->  0.500000 qaram    1.1500
parameter  5 -0.982775 -> -0.500000 qaram    1.1500
parameter  6  0.697251 ->  0.500000 qaram    1.1500
parameters
    1.0033  -23.4808    5.1958   -3.4500    3.4500   -3.4500
eta,q 0.93339 11.55911
  0.0845  0.0777  0.0734  0.0708  0.0772  0.0670
  0.0777  0.0741  0.0717  0.0701  0.0736  0.0667
  0.0734  0.0723  0.0709  0.0701  0.0711  0.0667
  0.0721  0.0724  0.0721  0.0710  0.0700  0.0678
  0.0729  0.0742  0.0742  0.0725  0.0689  0.0698
  0.0744  0.0777  0.0770  0.0748  0.0675  0.0719
  0.0776  0.0822  0.0806  0.0774  0.0672  0.0742
niter,ni,del,rscale     7    3   12.0000    1.2000
parameters
   -0.7914  -22.3593    5.5888   -6.5589    6.7482   -3.9362
eta,q 0.93830 11.57041
  0.0719  0.0795  0.0723  0.0651  0.0733  0.0679
  0.0663  0.0715  0.0692  0.0636  0.0698  0.0647
  0.0647  0.0666  0.0668  0.0636  0.0668  0.0625
  0.0666  0.0648  0.0648  0.0647  0.0635  0.0617
  0.0707  0.0652  0.0652  0.0664  0.0616  0.0629
  0.0771  0.0671  0.0674  0.0693  0.0624  0.0660
  0.0858  0.0708  0.0713  0.0731  0.0643  0.0700
niter,ni,del,rscale     6    3   12.0000    1.2000
parameters
   -1.5588  -21.2448    4.9064   -7.2565    6.8761   -4.0156
eta,q 0.93908 11.59056
  0.0723  0.0773  0.0677  0.0668  0.0688  0.0673
  0.0666  0.0694  0.0635  0.0631  0.0648  0.0644
  0.0626  0.0644  0.0613  0.0610  0.0614  0.0621
  0.0617  0.0617  0.0613  0.0611  0.0609  0.0609
  0.0642  0.0616  0.0632  0.0630  0.0625  0.0618
  0.0708  0.0642  0.0664  0.0655  0.0647  0.0642
  0.0807  0.0686  0.0706  0.0687  0.0677  0.0680
niter,ni,del,rscale     5    3   12.0000    1.2000
parameters
   -1.4764  -20.9767    4.7166   -7.5863    6.7780   -3.9136
eta,q 0.93928 11.58534
  0.0751  0.0739  0.0687  0.0676  0.0683  0.0675
  0.0681  0.0671  0.0641  0.0636  0.0642  0.0644
  0.0631  0.0628  0.0613  0.0612  0.0610  0.0620
  0.0609  0.0609  0.0609  0.0608  0.0608  0.0607
  0.0621  0.0623  0.0624  0.0625  0.0625  0.0615
  0.0668  0.0662  0.0654  0.0652  0.0649  0.0638
  0.0751  0.0715  0.0691  0.0682  0.0680  0.0675
niter,ni,del,rscale     4    3   12.0000    1.2000
parameters
   -1.3880  -20.8459    4.6579   -7.7932    6.6847   -3.8572
eta,q 0.93938 11.58105
  0.0752  0.0734  0.0691  0.0678  0.0681  0.0674
  0.0681  0.0667  0.0643  0.0637  0.0642  0.0643
  0.0628  0.0624  0.0612  0.0612  0.0610  0.0618
  0.0607  0.0607  0.0607  0.0607  0.0607  0.0606
  0.0620  0.0624  0.0621  0.0623  0.0623  0.0614
  0.0667  0.0665  0.0652  0.0650  0.0648  0.0638
  0.0751  0.0720  0.0687  0.0680  0.0679  0.0675
niter,ni,del,rscale     3    3   12.0000    1.2000
parameters
   -1.3313  -20.7573    4.6271   -7.9381    6.6132   -3.8240
eta,q 0.93944 11.57799
  0.0751  0.0733  0.0692  0.0679  0.0681  0.0674
  0.0679  0.0665  0.0643  0.0638  0.0642  0.0642
  0.0627  0.0622  0.0611  0.0612  0.0609  0.0617
  0.0606  0.0606  0.0606  0.0606  0.0606  0.0606
  0.0619  0.0624  0.0620  0.0621  0.0622  0.0614
  0.0668  0.0665  0.0651  0.0648  0.0647  0.0637
  0.0753  0.0721  0.0686  0.0678  0.0678  0.0676
niter,ni,del,rscale     2    3   12.0000    1.2000
parameters
   -1.2951  -20.6936    4.6077   -8.0385    6.5583   -3.8000
eta,q 0.93948 11.57609
  0.0751  0.0732  0.0692  0.0680  0.0681  0.0674
  0.0679  0.0664  0.0643  0.0638  0.0642  0.0641
  0.0626  0.0621  0.0611  0.0612  0.0609  0.0617
  0.0606  0.0606  0.0606  0.0606  0.0605  0.0605
  0.0619  0.0624  0.0619  0.0620  0.0621  0.0614
  0.0668  0.0665  0.0651  0.0648  0.0647  0.0637
  0.0754  0.0722  0.0686  0.0678  0.0678  0.0676
niter,ni,del,rscale     1    3   12.0000    1.2000
parameters
   -1.2705  -20.6503    4.5944   -8.1058    6.5207   -3.7831
eta,q 0.93950 11.57480
  0.0750  0.0731  0.0693  0.0680  0.0681  0.0673
  0.0678  0.0663  0.0643  0.0639  0.0642  0.0641
  0.0625  0.0620  0.0610  0.0612  0.0610  0.0616
  0.0605  0.0605  0.0605  0.0605  0.0605  0.0605
  0.0619  0.0624  0.0619  0.0619  0.0620  0.0614
  0.0668  0.0666  0.0651  0.0647  0.0646  0.0637
  0.0755  0.0723  0.0685  0.0677  0.0677  0.0676
registration optimization eta report
parameter search radius
    6.0000    6.0000    6.0000    6.9000    6.9000    6.9000
100000*second partial in parameter space
       41.       33.       23.       15.       15.       14.
  0.0750  0.0731  0.0693  0.0680  0.0681  0.0673
  0.0678  0.0663  0.0643  0.0639  0.0642  0.0641
  0.0625  0.0620  0.0610  0.0612  0.0610  0.0616
  0.0605  0.0605  0.0605  0.0605  0.0605  0.0605
  0.0619  0.0624  0.0619  0.0619  0.0620  0.0614
  0.0668  0.0666  0.0651  0.0647  0.0646  0.0637
  0.0755  0.0723  0.0685  0.0677  0.0677  0.0676
   -1.2705  -20.6503    4.5944   -8.1058    6.5207   -3.7831
eta,q 0.93950 11.57480

---------------------------------------------------------------------
imgreg_4dfp /opt/freesurfer/average/711-2C_as_mni_average_305 /opt/freesurfer/average/711-2B_as_mni_average_305_mask talsrcimg_g11 none talsrcimg_to_711-2C_as_mni_average_305_t4 3335
---------------------------------------------------------------------

freesurfer imgreg_4dfp.c
/opt/freesurfer/average/711-2C_as_mni_average_305.4dfp.img
       256       256       256         1
  1.000000  1.000000  1.000000
orientation T byte_order littleendian
Reading image: /opt/freesurfer/average/711-2C_as_mni_average_305.4dfp.img
dimensions:      256       256       256
mmppix:       1.0000   -1.0000   -1.0000
center:     128.0000 -129.0000 -129.0000
/opt/freesurfer/average/711-2B_as_mni_average_305_mask.4dfp.img
       256       256       256         1
  1.000000  1.000000  1.000000
orientation T byte_order littleendian
Reading mask: /opt/freesurfer/average/711-2B_as_mni_average_305_mask.4dfp.img (2306576 pixels)
talsrcimg_g11.4dfp.img
       256       256       256         1
  1.000000  1.000000  1.000000
orientation T byte_order littleendian
Reading image: talsrcimg_g11.4dfp.img
dimensions:      256       256       256
mmppix:       1.0000   -1.0000   -1.0000
center:     128.0000 -129.0000 -129.0000
fimgreg.f
image alignment mode   3335 decimal      D07 hex
parameters
   -1.2705  -20.6503    4.5944   -0.8634   -1.3204   -1.6395
    8.1299  -10.2879   -6.5553   14.8112   11.3562  -14.0089
eta,q 0.94087 11.57353
niter,ni,del,rscale     5    3    5.0000    1.2000
parameter  4  2.872579 ->  0.500000 qaram    1.1500
parameter  5  2.212559 ->  0.500000 qaram    1.1500
parameter  6  1.109653 ->  0.500000 qaram    1.1500
parameter 10  0.873535 ->  0.500000 qaram    1.1500
parameter 11  0.630590 ->  0.500000 qaram    1.1500
parameter 12  1.782237 ->  0.500000 qaram    1.1500
parameters
   -1.3389  -20.7598    4.6774   -5.0034   -5.4604   -5.7795
    6.3736   -8.7282   -5.9827   10.6712    7.2162  -18.1489
eta,q 0.96086 10.57932
  0.0617  0.0613  0.0608  0.0483  0.0447  0.0425  0.0449  0.0504  0.0455  0.0407  0.0406  0.0386
  0.0603  0.0600  0.0598  0.0510  0.0465  0.0431  0.0438  0.0471  0.0442  0.0407  0.0404  0.0390
  0.0594  0.0593  0.0593  0.0548  0.0490  0.0447  0.0433  0.0446  0.0434  0.0415  0.0405  0.0396
  0.0591  0.0591  0.0591  0.0591  0.0520  0.0472  0.0434  0.0433  0.0430  0.0430  0.0408  0.0404
  0.0595  0.0595  0.0593  0.0639  0.0555  0.0503  0.0443  0.0431  0.0432  0.0453  0.0414  0.0413
  0.0605  0.0604  0.0597  0.0691  0.0594  0.0544  0.0457  0.0441  0.0438  0.0484  0.0421  0.0423
  0.0621  0.0617  0.0605  0.0745  0.0636  0.0592  0.0475  0.0462  0.0448  0.0519  0.0431  0.0435
niter,ni,del,rscale     7    3    5.0000    1.2000
parameter  4  0.834417 ->  0.500000 qaram    1.3225
parameter  5  0.924832 ->  0.500000 qaram    1.3225
parameter 12  0.635327 ->  0.500000 qaram    1.3225
parameters
   -0.9643  -20.3279    4.7228   -9.7644  -10.2214   -8.3182
    6.9816   -8.3726   -5.9138    9.5977    8.8239  -22.9099
eta,q 0.96767  9.98034
  0.0444  0.0429  0.0410  0.0355  0.0324  0.0346  0.0361  0.0380  0.0347  0.0356  0.0342  0.0326
  0.0418  0.0410  0.0399  0.0354  0.0326  0.0336  0.0345  0.0353  0.0337  0.0340  0.0336  0.0323
  0.0400  0.0397  0.0392  0.0364  0.0336  0.0329  0.0334  0.0336  0.0331  0.0331  0.0331  0.0324
  0.0391  0.0391  0.0390  0.0390  0.0355  0.0328  0.0329  0.0329  0.0328  0.0328  0.0328  0.0328
  0.0392  0.0391  0.0391  0.0432  0.0383  0.0342  0.0330  0.0332  0.0331  0.0336  0.0328  0.0334
  0.0401  0.0397  0.0398  0.0483  0.0419  0.0371  0.0338  0.0347  0.0337  0.0352  0.0330  0.0342
  0.0419  0.0408  0.0409  0.0539  0.0461  0.0410  0.0352  0.0371  0.0346  0.0376  0.0335  0.0351
niter,ni,del,rscale     7    3    5.0000    1.2000
parameters
   -0.7729  -19.8443    3.8544  -12.2665  -14.3289   -9.2059
    7.3615   -8.4220   -5.5215   10.9118   11.2505  -24.5775
eta,q 0.96833  9.65514
  0.0366  0.0360  0.0327  0.0343  0.0326  0.0342  0.0343  0.0356  0.0332  0.0360  0.0329  0.0327
  0.0344  0.0341  0.0322  0.0332  0.0319  0.0329  0.0331  0.0335  0.0325  0.0339  0.0324  0.0321
  0.0330  0.0329  0.0320  0.0324  0.0317  0.0322  0.0322  0.0323  0.0320  0.0325  0.0320  0.0317
  0.0323  0.0323  0.0323  0.0320  0.0322  0.0317  0.0319  0.0319  0.0318  0.0318  0.0318  0.0317
  0.0325  0.0323  0.0328  0.0331  0.0337  0.0318  0.0320  0.0323  0.0320  0.0319  0.0317  0.0321
  0.0336  0.0329  0.0336  0.0363  0.0364  0.0334  0.0327  0.0336  0.0323  0.0326  0.0318  0.0328
  0.0354  0.0338  0.0346  0.0412  0.0401  0.0364  0.0339  0.0357  0.0329  0.0340  0.0321  0.0337
niter,ni,del,rscale     6    3    5.0000    1.2000
parameters
   -0.6461  -19.3910    3.6634  -12.7007  -15.6450   -9.6060
    7.1600   -8.4593   -5.6761   11.8811   11.4159  -24.9803
eta,q 0.96826  9.56262
  0.0351  0.0345  0.0327  0.0345  0.0337  0.0344  0.0338  0.0353  0.0327  0.0352  0.0324  0.0330
  0.0333  0.0330  0.0320  0.0332  0.0326  0.0331  0.0327  0.0335  0.0321  0.0334  0.0321  0.0324
  0.0322  0.0321  0.0317  0.0323  0.0319  0.0322  0.0320  0.0322  0.0318  0.0323  0.0319  0.0319
  0.0317  0.0317  0.0316  0.0316  0.0317  0.0317  0.0318  0.0318  0.0318  0.0318  0.0317  0.0317
  0.0319  0.0317  0.0319  0.0315  0.0321  0.0316  0.0321  0.0321  0.0319  0.0319  0.0318  0.0320
  0.0329  0.0321  0.0323  0.0328  0.0333  0.0330  0.0329  0.0334  0.0322  0.0326  0.0320  0.0325
  0.0345  0.0329  0.0330  0.0360  0.0357  0.0357  0.0340  0.0355  0.0327  0.0339  0.0324  0.0333
niter,ni,del,rscale     5    3    5.0000    1.2000
parameters
   -0.6113  -19.0365    3.5075  -12.7968  -16.4121  -10.0246
    7.1076   -8.3497   -5.6838   12.5970   11.5081  -25.0984
eta,q 0.96822  9.50754
  0.0348  0.0341  0.0328  0.0345  0.0337  0.0343  0.0338  0.0354  0.0327  0.0348  0.0324  0.0331
  0.0332  0.0328  0.0321  0.0332  0.0327  0.0330  0.0327  0.0335  0.0322  0.0332  0.0321  0.0325
  0.0321  0.0321  0.0318  0.0323  0.0320  0.0322  0.0320  0.0323  0.0319  0.0322  0.0319  0.0320
  0.0317  0.0317  0.0317  0.0317  0.0317  0.0318  0.0318  0.0318  0.0318  0.0318  0.0318  0.0318
  0.0320  0.0318  0.0319  0.0315  0.0320  0.0316  0.0321  0.0321  0.0319  0.0319  0.0318  0.0320
  0.0330  0.0322  0.0324  0.0325  0.0329  0.0330  0.0328  0.0333  0.0322  0.0326  0.0320  0.0325
  0.0346  0.0329  0.0330  0.0354  0.0348  0.0355  0.0339  0.0353  0.0326  0.0339  0.0325  0.0332
niter,ni,del,rscale     4    3    5.0000    1.2000
parameters
   -0.5747  -18.7148    3.3258  -12.9144  -17.2343  -10.5116
    7.0083   -8.2345   -5.6766   13.3343   11.5244  -25.1081
eta,q 0.96819  9.44439
  0.0347  0.0339  0.0327  0.0344  0.0336  0.0342  0.0337  0.0353  0.0326  0.0347  0.0324  0.0331
  0.0331  0.0328  0.0321  0.0331  0.0326  0.0329  0.0327  0.0335  0.0322  0.0332  0.0321  0.0325
  0.0322  0.0321  0.0318  0.0323  0.0320  0.0322  0.0321  0.0323  0.0319  0.0323  0.0319  0.0320
  0.0318  0.0318  0.0318  0.0318  0.0318  0.0318  0.0318  0.0318  0.0318  0.0318  0.0318  0.0318
  0.0321  0.0319  0.0320  0.0316  0.0320  0.0317  0.0321  0.0321  0.0319  0.0319  0.0318  0.0320
  0.0330  0.0323  0.0324  0.0325  0.0329  0.0330  0.0328  0.0333  0.0322  0.0326  0.0320  0.0325
  0.0346  0.0329  0.0330  0.0353  0.0347  0.0355  0.0338  0.0352  0.0326  0.0339  0.0325  0.0331
niter,ni,del,rscale     3    3    5.0000    1.2000
parameters
   -0.5340  -18.3229    3.1019  -13.0541  -18.3591  -11.1151
    6.8407   -8.0955   -5.6946   14.2125   11.5553  -25.0953
eta,q 0.96823  9.35956
  0.0346  0.0339  0.0327  0.0342  0.0334  0.0340  0.0336  0.0351  0.0326  0.0347  0.0323  0.0330
  0.0331  0.0328  0.0321  0.0331  0.0324  0.0328  0.0326  0.0334  0.0322  0.0333  0.0321  0.0324
  0.0322  0.0321  0.0318  0.0323  0.0319  0.0321  0.0320  0.0323  0.0319  0.0323  0.0319  0.0319
  0.0318  0.0318  0.0318  0.0318  0.0318  0.0318  0.0318  0.0318  0.0318  0.0318  0.0318  0.0318
  0.0321  0.0319  0.0320  0.0316  0.0321  0.0318  0.0321  0.0321  0.0319  0.0319  0.0318  0.0320
  0.0330  0.0322  0.0324  0.0325  0.0329  0.0330  0.0328  0.0332  0.0322  0.0325  0.0320  0.0324
  0.0345  0.0328  0.0330  0.0351  0.0346  0.0354  0.0337  0.0350  0.0326  0.0338  0.0324  0.0330
niter,ni,del,rscale     2    3    5.0000    1.2000
parameters
   -0.4718  -17.7950    2.8279  -13.2751  -19.9064  -11.8106
    6.6159   -7.9075   -5.7429   15.1932   11.6132  -25.2225
eta,q 0.96839  9.24618
  0.0345  0.0340  0.0325  0.0340  0.0331  0.0338  0.0334  0.0349  0.0325  0.0348  0.0322  0.0328
  0.0331  0.0329  0.0320  0.0328  0.0322  0.0326  0.0324  0.0332  0.0320  0.0333  0.0319  0.0321
  0.0321  0.0321  0.0317  0.0321  0.0317  0.0319  0.0319  0.0322  0.0318  0.0323  0.0317  0.0317
  0.0318  0.0318  0.0317  0.0317  0.0317  0.0317  0.0317  0.0317  0.0317  0.0317  0.0316  0.0316
  0.0320  0.0318  0.0319  0.0315  0.0322  0.0317  0.0320  0.0319  0.0318  0.0317  0.0316  0.0318
  0.0329  0.0320  0.0324  0.0323  0.0330  0.0329  0.0326  0.0329  0.0321  0.0324  0.0318  0.0322
  0.0343  0.0326  0.0330  0.0349  0.0345  0.0353  0.0335  0.0347  0.0325  0.0337  0.0322  0.0328
niter,ni,del,rscale     1    3    5.0000    1.2000
parameters
   -0.3842  -17.1821    2.5543  -13.5358  -21.4094  -12.3883
    6.4541   -7.7546   -5.7765   16.1235   11.6127  -25.5431
eta,q 0.96860  9.14181
  0.0343  0.0340  0.0323  0.0336  0.0330  0.0336  0.0331  0.0346  0.0324  0.0347  0.0319  0.0324
  0.0329  0.0328  0.0318  0.0325  0.0320  0.0324  0.0322  0.0329  0.0319  0.0332  0.0316  0.0318
  0.0320  0.0320  0.0315  0.0319  0.0315  0.0317  0.0316  0.0319  0.0316  0.0320  0.0315  0.0315
  0.0316  0.0316  0.0315  0.0315  0.0315  0.0314  0.0315  0.0315  0.0315  0.0315  0.0314  0.0314
  0.0318  0.0315  0.0317  0.0314  0.0320  0.0315  0.0317  0.0317  0.0316  0.0315  0.0314  0.0316
  0.0326  0.0318  0.0321  0.0321  0.0329  0.0325  0.0323  0.0327  0.0319  0.0322  0.0316  0.0320
  0.0339  0.0324  0.0327  0.0345  0.0344  0.0348  0.0332  0.0344  0.0324  0.0336  0.0319  0.0325
registration optimization eta report
parameter search radius
    2.4000    2.4000    2.4000    9.5220    9.5220    8.2800
    7.2000    7.2000    7.2000    8.2800    8.2800    9.5220
100000*second partial in parameter space
       43.       27.       17.        3.        2.        4.
        3.        6.        2.        4.        1.        1.
  0.0343  0.0340  0.0323  0.0336  0.0330  0.0336  0.0331  0.0346  0.0324  0.0347  0.0319  0.0324
  0.0329  0.0328  0.0318  0.0325  0.0320  0.0324  0.0322  0.0329  0.0319  0.0332  0.0316  0.0318
  0.0320  0.0320  0.0315  0.0319  0.0315  0.0317  0.0316  0.0319  0.0316  0.0320  0.0315  0.0315
  0.0316  0.0316  0.0315  0.0315  0.0315  0.0314  0.0315  0.0315  0.0315  0.0315  0.0314  0.0314
  0.0318  0.0315  0.0317  0.0314  0.0320  0.0315  0.0317  0.0317  0.0316  0.0315  0.0314  0.0316
  0.0326  0.0318  0.0321  0.0321  0.0329  0.0325  0.0323  0.0327  0.0319  0.0322  0.0316  0.0320
  0.0339  0.0324  0.0327  0.0345  0.0344  0.0348  0.0332  0.0344  0.0324  0.0336  0.0319  0.0325
   -0.3842  -17.1821    2.5543  -13.5358  -21.4094  -12.3883
    6.4541   -7.7546   -5.7765   16.1235   11.6127  -25.5431
eta,q 0.96860  9.14181

---------------------------------------------------------------------
imgreg_4dfp /opt/freesurfer/average/711-2C_as_mni_average_305 /opt/freesurfer/average/711-2B_as_mni_average_305_mask talsrcimg_g11 none talsrcimg_to_711-2C_as_mni_average_305_t4 2311
---------------------------------------------------------------------

freesurfer imgreg_4dfp.c
/opt/freesurfer/average/711-2C_as_mni_average_305.4dfp.img
       256       256       256         1
  1.000000  1.000000  1.000000
orientation T byte_order littleendian
Reading image: /opt/freesurfer/average/711-2C_as_mni_average_305.4dfp.img
dimensions:      256       256       256
mmppix:       1.0000   -1.0000   -1.0000
center:     128.0000 -129.0000 -129.0000
/opt/freesurfer/average/711-2B_as_mni_average_305_mask.4dfp.img
       256       256       256         1
  1.000000  1.000000  1.000000
orientation T byte_order littleendian
Reading mask: /opt/freesurfer/average/711-2B_as_mni_average_305_mask.4dfp.img (2306576 pixels)
talsrcimg_g11.4dfp.img
       256       256       256         1
  1.000000  1.000000  1.000000
orientation T byte_order littleendian
Reading image: talsrcimg_g11.4dfp.img
dimensions:      256       256       256
mmppix:       1.0000   -1.0000   -1.0000
center:     128.0000 -129.0000 -129.0000
fimgreg.f
image alignment mode   2311 decimal      907 hex
parameters
   -0.3842  -17.1821    2.5543  -13.5358  -21.4094  -12.3883
    6.4541   -7.7546   -5.7765   16.1235   11.6127  -25.5431
eta,q 0.96860  9.14181
niter,ni,del,rscale     5    3    5.0000    0.8000
parameters
   -0.3121  -16.6959    2.3123  -11.6618  -22.3961  -11.9836
    6.5186   -7.6442   -5.6346   17.0475   11.5991  -26.2978
eta,q 0.96887  9.20196
  0.0326  0.0326  0.0316  0.0319  0.0316  0.0320  0.0320  0.0327  0.0316  0.0325  0.0314  0.0313
  0.0319  0.0320  0.0314  0.0316  0.0313  0.0316  0.0316  0.0319  0.0314  0.0319  0.0313  0.0312
  0.0316  0.0316  0.0313  0.0314  0.0312  0.0313  0.0313  0.0314  0.0312  0.0314  0.0312  0.0311
  0.0314  0.0314  0.0313  0.0313  0.0312  0.0312  0.0312  0.0312  0.0312  0.0312  0.0311  0.0311
  0.0315  0.0313  0.0314  0.0312  0.0314  0.0312  0.0313  0.0313  0.0312  0.0312  0.0312  0.0312
  0.0318  0.0314  0.0316  0.0312  0.0317  0.0313  0.0315  0.0318  0.0314  0.0313  0.0313  0.0313
  0.0324  0.0317  0.0319  0.0314  0.0321  0.0319  0.0320  0.0326  0.0316  0.0318  0.0314  0.0315
niter,ni,del,rscale     4    3    5.0000    0.7000
parameters
   -0.2755  -16.4398    2.2127  -12.2168  -22.9701  -12.0703
    6.4963   -7.5679   -5.7591   17.6069   11.7236  -26.5195
eta,q 0.96891  9.15648
  0.0320  0.0319  0.0314  0.0314  0.0315  0.0316  0.0317  0.0323  0.0314  0.0320  0.0313  0.0313
  0.0315  0.0315  0.0312  0.0312  0.0313  0.0313  0.0314  0.0317  0.0313  0.0316  0.0312  0.0312
  0.0312  0.0313  0.0311  0.0312  0.0311  0.0312  0.0312  0.0313  0.0311  0.0313  0.0311  0.0311
  0.0311  0.0311  0.0311  0.0311  0.0311  0.0311  0.0311  0.0311  0.0311  0.0311  0.0311  0.0311
  0.0312  0.0311  0.0312  0.0311  0.0312  0.0311  0.0312  0.0312  0.0312  0.0311  0.0311  0.0311
  0.0315  0.0313  0.0313  0.0313  0.0315  0.0313  0.0314  0.0316  0.0313  0.0313  0.0312  0.0312
  0.0319  0.0315  0.0315  0.0317  0.0318  0.0318  0.0317  0.0322  0.0315  0.0317  0.0313  0.0313
niter,ni,del,rscale     3    3    5.0000    0.6000
parameters
   -0.2467  -16.2506    2.0963  -12.1653  -23.3597  -12.1248
    6.5238   -7.4980   -5.8616   17.9452   11.6933  -26.5971
eta,q 0.96893  9.14245
  0.0317  0.0317  0.0313  0.0313  0.0314  0.0314  0.0315  0.0319  0.0313  0.0317  0.0312  0.0312
  0.0314  0.0314  0.0312  0.0312  0.0312  0.0312  0.0313  0.0315  0.0312  0.0314  0.0311  0.0311
  0.0312  0.0312  0.0311  0.0311  0.0311  0.0311  0.0311  0.0312  0.0311  0.0312  0.0311  0.0311
  0.0311  0.0311  0.0311  0.0311  0.0311  0.0311  0.0311  0.0311  0.0311  0.0311  0.0311  0.0311
  0.0312  0.0311  0.0311  0.0311  0.0312  0.0311  0.0311  0.0311  0.0311  0.0311  0.0311  0.0311
  0.0313  0.0312  0.0312  0.0311  0.0313  0.0312  0.0313  0.0314  0.0312  0.0312  0.0311  0.0311
  0.0317  0.0314  0.0314  0.0313  0.0316  0.0315  0.0315  0.0319  0.0314  0.0315  0.0312  0.0312
niter,ni,del,rscale     2    3    5.0000    0.5000
parameters
   -0.2322  -16.1300    2.0158  -12.0908  -23.5864  -12.1170
    6.5506   -7.4376   -5.9232   18.1700   11.6490  -26.6524
eta,q 0.96895  9.13834
  0.0315  0.0314  0.0312  0.0312  0.0313  0.0313  0.0314  0.0317  0.0312  0.0315  0.0312  0.0312
  0.0313  0.0312  0.0311  0.0312  0.0312  0.0312  0.0312  0.0313  0.0311  0.0313  0.0311  0.0311
  0.0311  0.0311  0.0311  0.0311  0.0311  0.0311  0.0311  0.0311  0.0311  0.0311  0.0311  0.0311
  0.0311  0.0311  0.0311  0.0311  0.0311  0.0311  0.0311  0.0311  0.0311  0.0311  0.0311  0.0311
  0.0311  0.0311  0.0311  0.0311  0.0311  0.0311  0.0311  0.0311  0.0311  0.0311  0.0311  0.0311
  0.0312  0.0312  0.0312  0.0311  0.0312  0.0311  0.0312  0.0313  0.0312  0.0312  0.0311  0.0311
  0.0315  0.0313  0.0313  0.0312  0.0314  0.0313  0.0314  0.0316  0.0313  0.0314  0.0312  0.0312
niter,ni,del,rscale     1    3    5.0000    0.4000
parameters
   -0.2178  -16.0671    1.9678  -12.0188  -23.6901  -12.0526
    6.5519   -7.3946   -5.9920   18.3212   11.6510  -26.7540
eta,q 0.96895  9.14218
  0.0313  0.0313  0.0311  0.0312  0.0312  0.0312  0.0313  0.0314  0.0312  0.0313  0.0311  0.0311
  0.0312  0.0312  0.0311  0.0311  0.0311  0.0311  0.0311  0.0312  0.0311  0.0312  0.0311  0.0311
  0.0311  0.0311  0.0311  0.0311  0.0311  0.0311  0.0311  0.0311  0.0311  0.0311  0.0311  0.0311
  0.0311  0.0311  0.0311  0.0311  0.0310  0.0310  0.0310  0.0310  0.0311  0.0310  0.0310  0.0310
  0.0311  0.0311  0.0311  0.0311  0.0311  0.0310  0.0311  0.0311  0.0311  0.0311  0.0311  0.0311
  0.0312  0.0311  0.0311  0.0311  0.0312  0.0311  0.0311  0.0312  0.0311  0.0311  0.0311  0.0311
  0.0313  0.0312  0.0312  0.0312  0.0313  0.0312  0.0313  0.0314  0.0312  0.0313  0.0311  0.0311
registration optimization eta report
parameter search radius
    0.8000    0.8000    0.8000    2.4000    2.4000    2.4000
    2.4000    2.4000    2.4000    2.4000    2.4000    2.4000
100000*second partial in parameter space
       42.       29.       16.        2.        3.        3.
        4.        7.        2.        4.        1.        1.
  0.0313  0.0313  0.0311  0.0312  0.0312  0.0312  0.0313  0.0314  0.0312  0.0313  0.0311  0.0311
  0.0312  0.0312  0.0311  0.0311  0.0311  0.0311  0.0311  0.0312  0.0311  0.0312  0.0311  0.0311
  0.0311  0.0311  0.0311  0.0311  0.0311  0.0311  0.0311  0.0311  0.0311  0.0311  0.0311  0.0311
  0.0311  0.0311  0.0311  0.0311  0.0310  0.0310  0.0310  0.0310  0.0311  0.0310  0.0310  0.0310
  0.0311  0.0311  0.0311  0.0311  0.0311  0.0310  0.0311  0.0311  0.0311  0.0311  0.0311  0.0311
  0.0312  0.0311  0.0311  0.0311  0.0312  0.0311  0.0311  0.0312  0.0311  0.0311  0.0311  0.0311
  0.0313  0.0312  0.0312  0.0312  0.0313  0.0312  0.0313  0.0314  0.0312  0.0313  0.0311  0.0311
   -0.2178  -16.0671    1.9678  -12.0188  -23.6901  -12.0526
    6.5519   -7.3946   -5.9920   18.3212   11.6510  -26.7540
eta,q 0.96895  9.14218

---------------------------------------------------------------------
imgreg_4dfp /opt/freesurfer/average/711-2C_as_mni_average_305 /opt/freesurfer/average/711-2B_as_mni_average_305_mask talsrcimg_g11 none talsrcimg_to_711-2C_as_mni_average_305_t4 2311
---------------------------------------------------------------------

freesurfer imgreg_4dfp.c
/opt/freesurfer/average/711-2C_as_mni_average_305.4dfp.img
       256       256       256         1
  1.000000  1.000000  1.000000
orientation T byte_order littleendian
Reading image: /opt/freesurfer/average/711-2C_as_mni_average_305.4dfp.img
dimensions:      256       256       256
mmppix:       1.0000   -1.0000   -1.0000
center:     128.0000 -129.0000 -129.0000
/opt/freesurfer/average/711-2B_as_mni_average_305_mask.4dfp.img
       256       256       256         1
  1.000000  1.000000  1.000000
orientation T byte_order littleendian
Reading mask: /opt/freesurfer/average/711-2B_as_mni_average_305_mask.4dfp.img (2306576 pixels)
talsrcimg_g11.4dfp.img
       256       256       256         1
  1.000000  1.000000  1.000000
orientation T byte_order littleendian
Reading image: talsrcimg_g11.4dfp.img
dimensions:      256       256       256
mmppix:       1.0000   -1.0000   -1.0000
center:     128.0000 -129.0000 -129.0000
fimgreg.f
image alignment mode   2311 decimal      907 hex
parameters
   -0.2178  -16.0671    1.9678  -12.0188  -23.6901  -12.0526
    6.5519   -7.3946   -5.9920   18.3212   11.6510  -26.7540
eta,q 0.96895  9.14218
niter,ni,del,rscale     5    3    5.0000    0.8000
parameters
   -0.2067  -16.0106    2.0022  -12.7425  -23.7830  -12.6499
    6.5115   -7.4168   -6.0214   18.1946   11.7800  -26.5666
eta,q 0.96892  9.08017
  0.0321  0.0319  0.0315  0.0314  0.0318  0.0316  0.0319  0.0325  0.0316  0.0320  0.0313  0.0314
  0.0315  0.0314  0.0312  0.0312  0.0314  0.0313  0.0314  0.0317  0.0313  0.0315  0.0312  0.0312
  0.0312  0.0311  0.0311  0.0311  0.0311  0.0311  0.0312  0.0313  0.0311  0.0312  0.0311  0.0311
  0.0310  0.0310  0.0310  0.0311  0.0311  0.0311  0.0311  0.0311  0.0311  0.0311  0.0311  0.0311
  0.0312  0.0311  0.0311  0.0311  0.0312  0.0311  0.0312  0.0312  0.0311  0.0312  0.0311  0.0311
  0.0315  0.0314  0.0312  0.0313  0.0314  0.0314  0.0315  0.0317  0.0313  0.0315  0.0312  0.0312
  0.0321  0.0317  0.0315  0.0318  0.0318  0.0322  0.0319  0.0326  0.0316  0.0321  0.0313  0.0313
niter,ni,del,rscale     4    3    5.0000    0.7000
parameters
   -0.2166  -15.9608    1.8722  -12.5288  -23.8692  -12.6926
    6.5537   -7.4176   -6.0098   18.3008   11.8212  -26.5145
eta,q 0.96892  9.08483
  0.0319  0.0317  0.0313  0.0314  0.0316  0.0316  0.0317  0.0322  0.0315  0.0318  0.0313  0.0313
  0.0314  0.0314  0.0312  0.0312  0.0313  0.0313  0.0314  0.0316  0.0312  0.0314  0.0312  0.0312
  0.0312  0.0312  0.0311  0.0311  0.0311  0.0311  0.0312  0.0312  0.0311  0.0312  0.0311  0.0311
  0.0311  0.0311  0.0311  0.0311  0.0311  0.0311  0.0311  0.0311  0.0311  0.0311  0.0311  0.0311
  0.0312  0.0311  0.0311  0.0311  0.0312  0.0311  0.0311  0.0312  0.0311  0.0311  0.0311  0.0311
  0.0314  0.0313  0.0313  0.0311  0.0314  0.0312  0.0313  0.0315  0.0312  0.0314  0.0312  0.0312
  0.0319  0.0316  0.0314  0.0314  0.0317  0.0317  0.0317  0.0322  0.0314  0.0318  0.0312  0.0313
niter,ni,del,rscale     3    3    5.0000    0.6000
parameters
   -0.2127  -15.9359    1.8336  -12.3971  -23.9093  -12.5871
    6.5636   -7.3954   -6.0520   18.3726   11.8097  -26.5303
eta,q 0.96893  9.09375
  0.0317  0.0315  0.0313  0.0313  0.0315  0.0314  0.0315  0.0319  0.0313  0.0316  0.0312  0.0312
  0.0313  0.0313  0.0312  0.0312  0.0313  0.0312  0.0313  0.0315  0.0312  0.0313  0.0311  0.0311
  0.0311  0.0311  0.0311  0.0311  0.0311  0.0311  0.0311  0.0312  0.0311  0.0311  0.0311  0.0311
  0.0311  0.0311  0.0311  0.0311  0.0311  0.0311  0.0311  0.0311  0.0311  0.0311  0.0311  0.0311
  0.0311  0.0311  0.0311  0.0311  0.0311  0.0311  0.0311  0.0311  0.0311  0.0311  0.0311  0.0311
  0.0313  0.0313  0.0312  0.0311  0.0313  0.0312  0.0313  0.0314  0.0312  0.0313  0.0311  0.0311
  0.0317  0.0315  0.0313  0.0313  0.0315  0.0315  0.0315  0.0319  0.0313  0.0316  0.0312  0.0312
niter,ni,del,rscale     2    3    5.0000    0.5000
parameters
   -0.2078  -15.9352    1.8434  -12.2303  -23.8977  -12.4163
    6.5732   -7.3680   -6.0619   18.4381   11.7455  -26.6252
eta,q 0.96894  9.10970
  0.0315  0.0314  0.0312  0.0312  0.0314  0.0313  0.0314  0.0316  0.0313  0.0315  0.0312  0.0312
  0.0312  0.0312  0.0311  0.0311  0.0312  0.0312  0.0312  0.0313  0.0311  0.0313  0.0311  0.0311
  0.0311  0.0311  0.0311  0.0311  0.0311  0.0311  0.0311  0.0311  0.0311  0.0311  0.0311  0.0311
  0.0311  0.0311  0.0311  0.0311  0.0311  0.0311  0.0311  0.0311  0.0311  0.0311  0.0311  0.0311
  0.0311  0.0311  0.0311  0.0311  0.0311  0.0311  0.0311  0.0311  0.0311  0.0311  0.0311  0.0311
  0.0312  0.0312  0.0311  0.0311  0.0312  0.0311  0.0312  0.0313  0.0311  0.0312  0.0311  0.0311
  0.0315  0.0314  0.0312  0.0312  0.0314  0.0313  0.0314  0.0316  0.0313  0.0314  0.0312  0.0312
niter,ni,del,rscale     1    3    5.0000    0.4000
parameters
   -0.2005  -15.9482    1.8721  -12.1005  -23.8714  -12.2268
    6.5621   -7.3492   -6.0838   18.4770   11.6773  -26.7247
eta,q 0.96895  9.12523
  0.0313  0.0312  0.0312  0.0312  0.0313  0.0312  0.0313  0.0314  0.0312  0.0313  0.0311  0.0311
  0.0312  0.0311  0.0311  0.0311  0.0311  0.0311  0.0311  0.0312  0.0311  0.0312  0.0311  0.0311
  0.0311  0.0311  0.0311  0.0311  0.0311  0.0311  0.0311  0.0311  0.0311  0.0311  0.0311  0.0311
  0.0311  0.0311  0.0311  0.0311  0.0311  0.0311  0.0311  0.0311  0.0311  0.0311  0.0311  0.0311
  0.0311  0.0311  0.0311  0.0311  0.0311  0.0310  0.0311  0.0311  0.0311  0.0311  0.0311  0.0311
  0.0312  0.0312  0.0311  0.0311  0.0311  0.0311  0.0311  0.0312  0.0311  0.0312  0.0311  0.0311
  0.0313  0.0313  0.0312  0.0312  0.0312  0.0312  0.0313  0.0314  0.0312  0.0313  0.0311  0.0311
registration optimization eta report
parameter search radius
    0.8000    0.8000    0.8000    2.4000    2.4000    2.4000
    2.4000    2.4000    2.4000    2.4000    2.4000    2.4000
100000*second partial in parameter space
       41.       29.       17.        2.        3.        3.
        4.        7.        2.        4.        1.        1.
  0.0313  0.0312  0.0312  0.0312  0.0313  0.0312  0.0313  0.0314  0.0312  0.0313  0.0311  0.0311
  0.0312  0.0311  0.0311  0.0311  0.0311  0.0311  0.0311  0.0312  0.0311  0.0312  0.0311  0.0311
  0.0311  0.0311  0.0311  0.0311  0.0311  0.0311  0.0311  0.0311  0.0311  0.0311  0.0311  0.0311
  0.0311  0.0311  0.0311  0.0311  0.0311  0.0311  0.0311  0.0311  0.0311  0.0311  0.0311  0.0311
  0.0311  0.0311  0.0311  0.0311  0.0311  0.0310  0.0311  0.0311  0.0311  0.0311  0.0311  0.0311
  0.0312  0.0312  0.0311  0.0311  0.0311  0.0311  0.0311  0.0312  0.0311  0.0312  0.0311  0.0311
  0.0313  0.0313  0.0312  0.0312  0.0312  0.0312  0.0313  0.0314  0.0312  0.0313  0.0311  0.0311
   -0.2005  -15.9482    1.8721  -12.1005  -23.8714  -12.2268
    6.5621   -7.3492   -6.0838   18.4770   11.6773  -26.7247
eta,q 0.96895  9.12523

---------------------------------------------------------------------
compute_vox2vox talsrcimg talsrcimg_to_711-2C_as_mni_average_305_t4 /opt/freesurfer/average/711-2C_as_mni_average_305
---------------------------------------------------------------------

freesurfer compute_vox2vox.c
Reading: talsrcimg.4dfp.ifh
Reading: talsrcimg_to_711-2C_as_mni_average_305_t4
Reading: /opt/freesurfer/average/711-2C_as_mni_average_305.4dfp.ifh
Writing: talsrcimg_to_711-2C_as_mni_average_305_t4_vox2vox.txt

start time Sat Mar 14 02:02:28 CET 2026
end		time Sat Mar 14 02:03:58 CET 2026

mpr2mni305 success

avi2talxfm orig_nu.mgz /opt/freesurfer/average/mni305.cor.mgz talsrcimg_to_711-2C_as_mni_average_305_t4_vox2vox.txt transforms/talairach.auto.xfm
avi2talxfm done
mv -f /out/sourcedata/freesurfer/sub-v2s8x29229_ses-1/mri/talsrcimg_to_711-2C_as_mni_average_305_t4_vox2vox.txt /out/sourcedata/freesurfer/sub-v2s8x29229_ses-1/mri/transforms/talsrcimg_to_711-2C_as_mni_average_305_t4_vox2vox.txt
lta_convert --src orig_nu.mgz --trg /opt/freesurfer/average/mni305.cor.mgz --inxfm transforms/talairach.auto.xfm --outlta transforms/talairach.auto.xfm.lta --subject fsaverage
7.3.2

--src: orig_nu.mgz src image (geometry).
--trg: /opt/freesurfer/average/mni305.cor.mgz trg image (geometry).
--inmni: transforms/talairach.auto.xfm input MNI/XFM transform.
--outlta: transforms/talairach.auto.xfm.lta output LTA.
--s: fsaverage subject name
 LTA read, type : 1
 1.11946   0.10620  -0.05921   2.44273;
-0.11332   1.05015   0.37842   2.33366;
 0.11697  -0.24639   1.21699   19.02148;
 0.00000   0.00000   0.00000   1.00000;
setting subject to fsaverage
Writing  LTA to file transforms/talairach.auto.xfm.lta...
lta_convert successful.
 
 
Started at Sat Mar 14 02:02:27 CET 2026
Ended   at Sat Mar 14 02:03:58 CET 2026
talairach_avi done
